step,T,sn_vel[0],sn_vel[1],sn_vel[2],sn_crd[0],sn_crd[1],sn_crd[2],sn_f[0],sn_f[1],sn_f[2],target_crd[0],target_crd[1],target_crd[2],boundary[0],boundary[1],boundary[2]
0,0.00171963,0,0,0,-4.74128e-008,8.12791e-009,0.981818,0,0,0,0.000426531,0.055372,-0.045261,0.637036,0.49987,1
10,0.25172,0,0,0,-4.74128e-008,8.12791e-009,0.981818,0,0,0,0.000425307,0.0553651,-0.0452475,0.637068,0.499882,1
20,0.444547,0,0,0,-4.74128e-008,8.12791e-009,0.981818,0,0,0,0.000407462,0.0553424,-0.0452046,0.637108,0.49989,1
30,0.632123,0,0,0,-4.74128e-008,8.12791e-009,0.981818,0,0,0,0.000385125,0.0553215,-0.0451742,0.637137,0.499892,1
40,0.785764,0,0,0,-4.74128e-008,8.12791e-009,0.981818,0,0,0,0.000378593,0.0552976,-0.0451721,0.637178,0.49989,1
50,0.882458,0,0,0,-4.74128e-008,8.12791e-009,0.981818,0,0,0,0.000381382,0.0552814,-0.0451923,0.63722,0.499884,1
60,0.967076,0,0,0,-4.74128e-008,8.12791e-009,0.981818,0,0,0,0.000373142,0.0552767,-0.045198,0.637262,0.499875,1
70,1.03497,0,0,0,-4.74128e-008,8.12791e-009,0.981818,0,0,0,0.000362404,0.0552894,-0.0451978,0.637311,0.499861,1
80,1.04084,0,0,0,-4.74128e-008,8.12791e-009,0.981818,0,0,0,0.000356753,0.0552984,-0.045198,0.637358,0.499842,1
90,1.03996,0,0,0,-4.74128e-008,8.12791e-009,0.981818,0,0,0,0.0003559,0.0552986,-0.0452015,0.6374,0.499822,1
100,1.02177,0,0,0,-4.74128e-008,8.12791e-009,0.981818,0,0,0,0.000356708,0.0552946,-0.045193,0.637441,0.499799,1
110,9.97222,0,0,0,-4.74128e-008,8.12791e-009,0.981818,0,0,0,0.000368971,0.0552927,-0.0451501,0.637533,0.499744,1
120,16.8399,0,0,0,-4.74128e-008,8.12791e-009,0.981818,0,0,0,0.000398074,0.0552882,-0.045068,0.637654,0.49967,1
130,21.1975,0,0,0,-4.74128e-008,8.12791e-009,0.981818,0,0,0,0.000432335,0.0552941,-0.0449727,0.637784,0.49959,1
140,23.7367,0,0,0,-4.74128e-008,8.12791e-009,0.981818,0,0,0,0.000456964,0.0553094,-0.0448739,0.63792,0.499506,1
150,25.0397,0,0,0,-4.74128e-008,8.12791e-009,0.981818,0,0,0,0.000496614,0.0553136,-0.0447921,0.63806,0.499418,1
160,25.4512,0,0,0,-4.74128e-008,8.12791e-009,0.981818,0,0,0,0.000566921,0.0552895,-0.0447177,0.638201,0.499329,1
170,25.2031,0,0,0,-4.74128e-008,8.12791e-009,0.981818,0,0,0,0.000624905,0.0552622,-0.0446096,0.638323,0.499249,1
180,24.6766,0,0,0,-4.74128e-008,8.12791e-009,0.981818,0,0,0,0.000631039,0.0552542,-0.04443,0.638428,0.499178,1
190,23.838,0,0,0,-4.74128e-008,8.12791e-009,0.981818,0,0,0,0.000608615,0.0552571,-0.0442017,0.638526,0.499109,1
200,23.0034,0,0,0,-4.74128e-008,8.12791e-009,0.981818,0,0,0,0.000583674,0.0552473,-0.0439489,0.638613,0.499045,1
210,31.1377,0,0,0,-4.74128e-008,8.12791e-009,0.981818,0,0,0,0.000566329,0.0552256,-0.0436228,0.63869,0.498985,1
220,36.0174,0,0,0,-4.74128e-008,8.12791e-009,0.981818,0,0,0,0.000589458,0.0552177,-0.0431952,0.638768,0.498922,1
230,38.961,0,0,0,-4.74128e-008,8.12791e-009,0.981818,0,0,0,0.000658601,0.0552163,-0.0426799,0.638854,0.498849,1
240,40.6945,0,0,0,-4.74128e-008,8.12791e-009,0.981818,0,0,0,0.000724849,0.0552092,-0.0420803,0.638942,0.498772,1
250,41.7046,0,0,0,-4.74128e-008,8.12791e-009,0.981818,0,0,0,0.000781495,0.0552167,-0.0413893,0.639016,0.498705,1
260,42.408,0,0,0,-4.74128e-008,8.12791e-009,0.981818,0,0,0,0.000880047,0.0552605,-0.0406429,0.639077,0.498649,1
270,42.9741,0,0,0,-4.74128e-008,8.12791e-009,0.981818,0,0,0,0.00102071,0.0552939,-0.0398261,0.639144,0.498591,1
280,43.517,0,0,0,-4.74128e-008,8.12791e-009,0.981818,0,0,0,0.00112648,0.0553243,-0.0388964,0.639207,0.498539,1
290,44.2685,0,0,0,-4.74128e-008,8.12791e-009,0.981818,0,0,0,0.0011483,0.0553702,-0.0378074,0.639244,0.49851,1
300,45.0083,0,0,0,-4.74128e-008,8.12791e-009,0.981818,0,0,0,0.00113139,0.0553978,-0.0366137,0.639272,0.498489,1
310,55.2622,0,0,0,-4.74128e-008,8.12791e-009,0.981818,0,0,0,0.00113168,0.0553421,-0.0352836,0.639315,0.498458,1
320,62.5445,0,0,0,-4.74128e-008,8.12791e-009,0.981818,0,0,0,0.00113103,0.0552883,-0.0338437,0.639347,0.498436,1
330,67.6888,0,0,0,-4.74128e-008,8.12791e-009,0.981818,0,0,0,0.00110916,0.0552898,-0.0323079,0.639366,0.498423,1
340,71.2325,0,0,0,-4.74128e-008,8.12791e-009,0.981818,0,0,0,0.00108197,0.055321,-0.0307548,0.639394,0.498406,1
350,73.5508,0,0,0,-4.74128e-008,8.12791e-009,0.981818,0,0,0,0.00101148,0.0553162,-0.0291981,0.639394,0.498406,1
360,74.7532,0,0,0,-4.74128e-008,8.12791e-009,0.981818,0,0,0,0.000858227,0.0553335,-0.0276616,0.639394,0.498406,1
370,75.4621,0,0,0,-4.74128e-008,8.12791e-009,0.981818,0,0,0,0.000695372,0.0553581,-0.0261198,0.639394,0.498406,1
380,75.5409,0,0,0,-4.74128e-008,8.12791e-009,0.981818,0,0,0,0.000587464,0.0553513,-0.0246765,0.639394,0.498406,1
390,75.4593,0,0,0,-4.74128e-008,8.12791e-009,0.981818,0,0,0,0.000472089,0.0552597,-0.0233297,0.639394,0.498406,1
400,75.7555,0,0,0,-4.74128e-008,8.12791e-009,0.981818,0,0,0,0.000299755,0.0551932,-0.0220808,0.639417,0.498393,1
410,85.0925,0,0,0,-4.74128e-008,8.12791e-009,0.981818,0,0,0,9.72304e-005,0.0551657,-0.0208438,0.639504,0.498346,1
420,91.5614,0,0,0,-4.74128e-008,8.12791e-009,0.981818,0,0,0,-8.85641e-005,0.0551251,-0.0197011,0.639547,0.498324,1
430,95.0593,0,0,0,-4.74128e-008,8.12791e-009,0.981818,0,0,0,-0.000255787,0.0550439,-0.018684,0.639652,0.49827,1
440,96.9977,0,0,0,-4.74128e-008,8.12791e-009,0.981818,0,0,0,-0.000413985,0.0550844,-0.0178569,0.639771,0.498211,1
450,98.4903,0,0,0,-4.74128e-008,8.12791e-009,0.981818,0,0,0,-0.000562718,0.0551769,-0.0171496,0.639841,0.498176,1
460,100.726,0,0,0,-4.74128e-008,8.12791e-009,0.981818,0,0,0,-0.000671101,0.0551925,-0.0165623,0.639908,0.498143,1
470,104.424,0,0,0,-4.74128e-008,8.12791e-009,0.981818,0,0,0,-0.000757484,0.0551679,-0.0160584,0.640012,0.498093,1
480,110.57,0,0,0,-4.74128e-008,8.12791e-009,0.981818,0,0,0,-0.000799722,0.0552438,-0.0157388,0.64011,0.498047,1
490,117.767,0,0,0,-4.74128e-008,8.12791e-009,0.981818,0,0,0,-0.000762842,0.0552789,-0.0156096,0.640227,0.497993,1
500,125.026,0,0,0,-4.74128e-008,8.12791e-009,0.981818,0,0,0,-0.000721385,0.0552421,-0.0157307,0.6404,0.497913,1
510,139.423,0,0,0,-4.74128e-008,8.12791e-009,0.981818,0,0,0,-0.00086206,0.0552708,-0.0160316,0.640589,0.497828,1
520,145.829,0,0,0,-4.74128e-008,8.12791e-009,0.981818,0,0,0,-0.00115226,0.0553919,-0.0164844,0.640797,0.497736,1
530,145.738,0,0,0,-4.74128e-008,8.12791e-009,0.981818,0,0,0,-0.00145109,0.0554264,-0.0170478,0.641077,0.497613,1
540,141.283,0,0,0,-4.74128e-008,8.12791e-009,0.981818,0,0,0,-0.00175227,0.0554004,-0.0178203,0.641447,0.497453,1
550,134.961,0,0,0,-4.74128e-008,8.12791e-009,0.981818,0,0,0,-0.00214636,0.0554307,-0.0187841,0.641905,0.497257,1
560,128.384,0,0,0,-4.74128e-008,8.12791e-009,0.981818,0,0,0,-0.00251582,0.0554648,-0.0199422,0.642425,0.497035,1
570,123.458,0,0,0,-4.74128e-008,8.12791e-009,0.981818,0,0,0,-0.00268821,0.0553526,-0.0212317,0.642967,0.496807,1
580,120.373,0,0,0,-4.74128e-008,8.12791e-009,0.981818,0,0,0,-0.00266016,0.0551335,-0.0226296,0.643549,0.496564,1
590,121.44,0,0,0,-4.74128e-008,8.12791e-009,0.981818,0,0,0,-0.00259347,0.0549007,-0.0241157,0.644172,0.496306,1
600,123.955,0,0,0,-4.74128e-008,8.12791e-009,0.981818,0,0,0,-0.00250944,0.0546257,-0.0257883,0.644722,0.49608,1
610,135.716,0,0,0,-4.74128e-008,8.12791e-009,0.981818,0,0,0,-0.0022989,0.0543018,-0.027651,0.645138,0.495911,1
620,142.179,0,0,0,-4.74128e-008,8.12791e-009,0.981818,0,0,0,-0.0020424,0.0540486,-0.0295677,0.645445,0.495787,1
630,143.058,0,0,0,-4.74128e-008,8.12791e-009,0.981818,0,0,0,-0.00191113,0.0538661,-0.0313286,0.645633,0.495713,1
640,141.165,0,0,0,-4.74128e-008,8.12791e-009,0.981818,0,0,0,-0.00185303,0.0536239,-0.032875,0.645661,0.495703,1
650,138.356,0,0,0,-4.74128e-008,8.12791e-009,0.981818,0,0,0,-0.00182175,0.0534076,-0.0342922,0.645661,0.495703,1
660,134.593,0,0,0,-4.74128e-008,8.12791e-009,0.981818,0,0,0,-0.00205153,0.0533918,-0.0356997,0.645661,0.495703,1
670,132.976,0,0,0,-4.74128e-008,8.12791e-009,0.981818,0,0,0,-0.00255152,0.0535049,-0.0371108,0.645661,0.495703,1
680,134.306,0,0,0,-4.74128e-008,8.12791e-009,0.981818,0,0,0,-0.0029903,0.0536396,-0.0384014,0.645661,0.495703,1
690,137.585,0,0,0,-4.74128e-008,8.12791e-009,0.981818,0,0,0,-0.00322843,0.0539294,-0.0395266,0.645661,0.495703,1
700,145.71,0,0,0,-4.74128e-008,8.12791e-009,0.981818,0,0,0,-0.00342164,0.0543399,-0.0404478,0.645661,0.495703,1
710,164.144,0,0,0,-4.74128e-008,8.12791e-009,0.981818,0,0,0,-0.00347015,0.0546675,-0.0412398,0.645661,0.495703,1
720,181.686,0,0,0,-4.74128e-008,8.12791e-009,0.981818,0,0,0,-0.00316406,0.0549775,-0.0418755,0.645661,0.495703,1
730,200.349,0,0,0,-4.74128e-008,8.12791e-009,0.981818,0,0,0,-0.00263924,0.0554266,-0.0423751,0.645661,0.495703,1
740,220.479,0,0,0,-4.74128e-008,8.12791e-009,0.981818,0,0,0,-0.00218234,0.0558233,-0.042578,0.645661,0.495703,1
750,238.337,0,0,0,-4.74128e-008,8.12791e-009,0.981818,0,0,0,-0.00177995,0.0560303,-0.042576,0.645738,0.495672,1
760,251.641,0,0,0,-4.74128e-008,8.12791e-009,0.981818,0,0,0,-0.00136701,0.0561285,-0.0424517,0.645876,0.495616,1
770,253.969,0,0,0,-4.74128e-008,8.12791e-009,0.981818,0,0,0,-0.00107852,0.0561428,-0.0423543,0.646006,0.495563,1
780,248.735,0,0,0,-4.74128e-008,8.12791e-009,0.981818,0,0,0,-0.000935045,0.0560498,-0.0421283,0.646077,0.495533,1
790,241.269,0,0,0,-4.74128e-008,8.12791e-009,0.981818,0,0,0,-0.000678783,0.0559258,-0.0418028,0.646123,0.495513,1
800,232.402,0,0,0,-4.74128e-008,8.12791e-009,0.981818,0,0,0,-0.000269046,0.0557961,-0.0412711,0.646123,0.495513,1
810,237.815,0,0,0,-4.74128e-008,8.12791e-009,0.981818,0,0,0,-1.42004e-005,0.0557536,-0.0406077,0.646123,0.495513,1
820,240.65,0,0,0,-4.74128e-008,8.12791e-009,0.981818,0,0,0,-0.000101228,0.055856,-0.0398168,0.646123,0.495513,1
830,240.271,0,0,0,-4.74128e-008,8.12791e-009,0.981818,0,0,0,-0.000346004,0.0559695,-0.0391421,0.646123,0.495513,1
840,236.84,0,0,0,-4.74128e-008,8.12791e-009,0.981818,0,0,0,-0.000599975,0.0559893,-0.0386077,0.646123,0.495513,1
850,231.883,0,0,0,-4.74128e-008,8.12791e-009,0.981818,0,0,0,-0.000820952,0.0560944,-0.0383704,0.646123,0.495513,1
860,228.62,0,0,0,-4.74128e-008,8.12791e-009,0.981818,0,0,0,-0.000921066,0.0563012,-0.0382722,0.646123,0.495513,1
870,231.143,0,0,0,-4.74128e-008,8.12791e-009,0.981818,0,0,0,-0.000808312,0.0565495,-0.0382731,0.646123,0.495513,1
880,236.494,0,0,0,-4.74128e-008,8.12791e-009,0.981818,0,0,0,-0.000635136,0.0569212,-0.0382992,0.646123,0.495513,1
890,242.178,0,0,0,-4.74128e-008,8.12791e-009,0.981818,0,0,0,-0.000456446,0.0574279,-0.0385353,0.646123,0.495513,1
900,245.011,0,0,0,-4.74128e-008,8.12791e-009,0.981818,0,0,0,-0.00026858,0.0577371,-0.038785,0.646123,0.495513,1
910,252.715,0,0,0,-4.74128e-008,8.12791e-009,0.981818,0,0,0,-8.64923e-005,0.0577502,-0.0389925,0.646123,0.495513,1
920,254.413,0,0,0,-4.74128e-008,8.12791e-009,0.981818,0,0,0,-1.57738e-005,0.0576859,-0.0390856,0.646123,0.495513,1
930,251.402,0,0,0,-4.74128e-008,8.12791e-009,0.981818,0,0,0,1.68878e-005,0.0577498,-0.0392104,0.646123,0.495513,1
940,249.338,0,0,0,-4.74128e-008,8.12791e-009,0.981818,0,0,0,3.12763e-005,0.0578094,-0.0392391,0.646123,0.495513,1
950,251.111,0,0,0,-4.74128e-008,8.12791e-009,0.981818,0,0,0,3.03117e-005,0.0577728,-0.0391794,0.646123,0.495513,1
960,247.747,0,0,0,-4.74128e-008,8.12791e-009,0.981818,0,0,0,-6.42519e-005,0.0577282,-0.0389866,0.646123,0.495513,1
970,238.516,0,0,0,-4.74128e-008,8.12791e-009,0.981818,0,0,0,-0.000174103,0.0577689,-0.0388239,0.646123,0.495513,1
980,233.377,0,0,0,-4.74128e-008,8.12791e-009,0.981818,0,0,0,-0.000317496,0.0577181,-0.0385703,0.646123,0.495513,1
990,236.398,0,0,0,-4.74128e-008,8.12791e-009,0.981818,0,0,0,-0.000537386,0.0575424,-0.0381937,0.646123,0.495513,1
1000,245.444,0,0,0,-4.74128e-008,8.12791e-009,0.981818,0,0,0,-0.000873767,0.057408,-0.0378053,0.645086,0.496111,1
1010,248.253,0,0,0,-4.74128e-008,8.12791e-009,0.981818,0,0,0,-0.00110646,0.0572594,-0.037716,0.644583,0.496246,1
1020,246.272,0,0,0,-4.74128e-008,8.12791e-009,0.981818,0,0,0,-0.00122328,0.0569241,-0.0378223,0.643822,0.496536,1
1030,242.376,0,0,0,-4.74128e-008,8.12791e-009,0.981818,0,0,0,-0.00128504,0.0566865,-0.0379627,0.643567,0.496768,1
1040,238.592,0,0,0,-4.74128e-008,8.12791e-009,0.981818,0,0,0,-0.00123895,0.0567671,-0.0381953,0.643235,0.49712,1
1050,244.994,0,0,0,-4.74128e-008,8.12791e-009,0.981818,0,0,0,-0.000983265,0.0567879,-0.0387631,0.642976,0.49736,1
1060,270.534,0,0,0,-4.74128e-008,8.12791e-009,0.981818,0,0,0,-0.000782445,0.0564872,-0.0396501,0.64292,0.497478,1
1070,299.963,0,0,0,-4.74128e-008,8.12791e-009,0.981818,0,0,0,-0.000708022,0.0561524,-0.0407479,0.642799,0.497764,1
1080,322.292,0,0,0,-4.74128e-008,8.12791e-009,0.981818,0,0,0,-0.000496112,0.0559841,-0.0419861,0.642675,0.49799,1
1090,328.758,0,0,0,-4.74128e-008,8.12791e-009,0.981818,0,0,0,-5.15252e-005,0.0559112,-0.0432407,0.642649,0.498017,1
1100,322.013,0,0,0,-4.74128e-008,8.12791e-009,0.981818,0,0,0,0.000360347,0.056037,-0.0443272,0.642556,0.498092,1
1110,310.175,0,0,0,-4.74128e-008,8.12791e-009,0.981818,0,0,0,0.000592508,0.0564813,-0.0450915,0.64231,0.498263,1
1120,294.036,0,0,0,-4.74128e-008,8.12791e-009,0.981818,0,0,0,0.000638483,0.0571677,-0.045613,0.64219,0.498338,1
1130,274.959,0,0,0,-4.74128e-008,8.12791e-009,0.981818,0,0,0,0.000392082,0.05792,-0.0459575,0.642158,0.498356,1
1140,253.464,0,0,0,-4.74128e-008,8.12791e-009,0.981818,0,0,0,-7.47046e-005,0.0586719,-0.0460467,0.642005,0.49843,1
1150,236.396,0,0,0,-4.74128e-008,8.12791e-009,0.981818,0,0,0,-0.000471577,0.059328,-0.0457399,0.641695,0.498557,1
1160,227.36,0,0,0,-4.74128e-008,8.12791e-009,0.981818,0,0,0,-0.000633523,0.0597376,-0.0453429,0.641426,0.498648,1
1170,227.216,0,0,0,-4.74128e-008,8.12791e-009,0.981818,0,0,0,-0.00077745,0.0598173,-0.0450357,0.641299,0.49868,1
1180,232.253,0,0,0,-4.74128e-008,8.12791e-009,0.981818,0,0,0,-0.000875781,0.0598151,-0.0446932,0.641084,0.498721,1
1190,240.011,0,0,0,-4.74128e-008,8.12791e-009,0.981818,0,0,0,-0.000754546,0.0598271,-0.0440139,0.640777,0.498761,1
1200,247.607,0,0,0,-4.74128e-008,8.12791e-009,0.981818,0,0,0,-0.000472446,0.059617,-0.0431615,0.640657,0.498765,1
1210,256.086,0,0,0,-4.74128e-008,8.12791e-009,0.981818,0,0,0,-0.000422164,0.0590818,-0.0422143,0.640657,0.498765,1
1220,262.027,0,0,0,-4.74128e-008,8.12791e-009,0.981818,0,0,0,-0.000551276,0.0584574,-0.0411827,0.640657,0.498765,1
1230,264.375,0,0,0,-4.74128e-008,8.12791e-009,0.981818,0,0,0,-0.000750635,0.0577469,-0.0399221,0.640657,0.498765,1
1240,267.787,0,0,0,-4.74128e-008,8.12791e-009,0.981818,0,0,0,-0.000975816,0.056969,-0.038603,0.640657,0.498765,1
1250,270.542,0,0,0,-4.74128e-008,8.12791e-009,0.981818,0,0,0,-0.00126225,0.0565062,-0.0372156,0.640633,0.498759,1
1260,270.092,0,0,0,-4.74128e-008,8.12791e-009,0.981818,0,0,0,-0.00139645,0.0564851,-0.035783,0.640442,0.498694,1
1270,265.656,0,0,0,-4.74128e-008,8.12791e-009,0.981818,0,0,0,-0.00150472,0.0564808,-0.0342812,0.640259,0.498618,1
1280,258.701,0,0,0,-4.74128e-008,8.12791e-009,0.981818,0,0,0,-0.00167206,0.0564229,-0.0330163,0.639929,0.498461,1
1290,249.051,0,0,0,-4.74128e-008,8.12791e-009,0.981818,0,0,0,-0.00188831,0.0566512,-0.0318857,0.639677,0.49832,1
1300,243.061,0,0,0,-4.74128e-008,8.12791e-009,0.981818,0,0,0,-0.00182856,0.0570681,-0.0306059,0.639402,0.498146,1
1310,247.198,0,0,0,-4.74128e-008,8.12791e-009,0.981818,0,0,0,-0.00152121,0.0573168,-0.0289168,0.639089,0.497929,1
1320,261.517,0,0,0,-4.74128e-008,8.12791e-009,0.981818,0,0,0,-0.00118228,0.0574469,-0.0273395,0.638904,0.497786,1
1330,286.8,0,0,0,-4.74128e-008,8.12791e-009,0.981818,0,0,0,-0.00113895,0.0576267,-0.0261424,0.638904,0.497786,1
1340,315.829,0,0,0,-4.74128e-008,8.12791e-009,0.981818,0,0,0,-0.00128559,0.0577435,-0.0251247,0.638904,0.497786,1
1350,341.079,0,0,0,-4.74128e-008,8.12791e-009,0.981818,0,0,0,-0.00163285,0.0578099,-0.0237554,0.638904,0.497786,1
1360,341.192,0,0,0,-4.74128e-008,8.12791e-009,0.981818,0,0,0,-0.00206428,0.0580944,-0.0222,0.638904,0.497786,1
1370,315.768,0,0,0,-4.74128e-008,8.12791e-009,0.981818,0,0,0,-0.00237284,0.0585662,-0.0205914,0.638904,0.497786,1
1380,272.026,0,0,0,-4.74128e-008,8.12791e-009,0.981818,0,0,0,-0.00225877,0.0587551,-0.0189675,0.638904,0.497786,1
1390,227.277,0,0,0,-4.74128e-008,8.12791e-009,0.981818,0,0,0,-0.0020496,0.058578,-0.0171689,0.638904,0.497786,1
1400,193.879,0,0,0,-4.74128e-008,8.12791e-009,0.981818,0,0,0,-0.00205886,0.0584615,-0.0153732,0.638904,0.497786,1
1410,179.811,0,0,0,-4.74128e-008,8.12791e-009,0.981818,0,0,0,-0.00222204,0.0583025,-0.0135437,0.638904,0.497786,1
1420,183.111,0,0,0,-4.74128e-008,8.12791e-009,0.981818,0,0,0,-0.00221257,0.0576859,-0.0116917,0.638904,0.497786,1
1430,193.44,0,0,0,-4.74128e-008,8.12791e-009,0.981818,0,0,0,-0.00212732,0.0570311,-0.00993362,0.638904,0.497786,1
1440,212.767,0,0,0,-4.74128e-008,8.12791e-009,0.981818,0,0,0,-0.00200048,0.056952,-0.00864263,0.638904,0.497786,1
1450,232.413,0,0,0,-4.74128e-008,8.12791e-009,0.981818,0,0,0,-0.001817,0.057123,-0.00781279,0.638904,0.497786,1
1460,249.605,0,0,0,-4.74128e-008,8.12791e-009,0.981818,0,0,0,-0.00155298,0.0570633,-0.00714908,0.638904,0.497786,1
1470,261.875,0,0,0,-4.74128e-008,8.12791e-009,0.981818,0,0,0,-0.00132275,0.0570095,-0.00641904,0.638904,0.497786,1
1480,262.669,0,0,0,-4.74128e-008,8.12791e-009,0.981818,0,0,0,-0.00105288,0.0570947,-0.00580839,0.638904,0.497786,1
1490,252.329,0,0,0,-4.74128e-008,8.12791e-009,0.981818,0,0,0,-0.00061519,0.0569325,-0.00555667,0.638904,0.497786,1
1500,246.652,0,0,0,-4.74128e-008,8.12791e-009,0.981818,0,0,0,-8.3733e-005,0.0564668,-0.00563731,0.638902,0.497761,1
1510,253.593,0,0,0,-4.74128e-008,8.12791e-009,0.981818,0,0,0,0.000187998,0.0560837,-0.00587955,0.638961,0.497487,1
1520,264.432,0,0,0,-4.74128e-008,8.12791e-009,0.981818,0,0,0,-8.23455e-005,0.0556824,-0.00618911,0.639111,0.497229,1
1530,268.107,0,0,0,-4.74128e-008,8.12791e-009,0.981818,0,0,0,-0.00076422,0.0549633,-0.00661918,0.639344,0.496943,1
1540,255.744,0,0,0,-4.74128e-008,8.12791e-009,0.981818,0,0,0,-0.00156081,0.0541549,-0.00714763,0.639495,0.496821,1
1550,237.688,0,0,0,-4.74128e-008,8.12791e-009,0.981818,0,0,0,-0.00221634,0.0537569,-0.00780523,0.639495,0.496821,1
1560,230.046,0,0,0,-4.74128e-008,8.12791e-009,0.981818,0,0,0,-0.00273369,0.0537572,-0.00850134,0.63953,0.496724,1
1570,248.156,0,0,0,-4.74128e-008,8.12791e-009,0.981818,0,0,0,-0.0029427,0.0540433,-0.00923907,0.63953,0.496724,1
1580,280.118,0,0,0,-4.74128e-008,8.12791e-009,0.981818,0,0,0,-0.0026588,0.0546826,-0.0100714,0.63953,0.496724,1
1590,307.658,0,0,0,-4.74128e-008,8.12791e-009,0.981818,0,0,0,-0.00176027,0.0556765,-0.0112919,0.639572,0.496653,1
1600,312.78,0,0,0,-4.74128e-008,8.12791e-009,0.981818,0,0,0,-0.00067763,0.0565506,-0.0130143,0.639572,0.496653,1
1610,298.98,0,0,0,-4.74128e-008,8.12791e-009,0.981818,0,0,0,0.000170474,0.0570529,-0.0152203,0.639572,0.496653,1
1620,285.807,0,0,0,-4.74128e-008,8.12791e-009,0.981818,0,0,0,0.000484214,0.0572896,-0.01749,0.639642,0.496447,1
1630,288.178,0,0,0,-4.74128e-008,8.12791e-009,0.981818,0,0,0,0.000473563,0.0573513,-0.0195782,0.6397,0.496238,1
1640,301.85,0,0,0,-4.74128e-008,8.12791e-009,0.981818,0,0,0,0.00022812,0.0571113,-0.0213887,0.63972,0.496129,1
1650,314.589,0,0,0,-4.74128e-008,8.12791e-009,0.981818,0,0,0,1.14735e-005,0.0566685,-0.023179,0.639751,0.495902,1
1660,311.357,0,0,0,-4.74128e-008,8.12791e-009,0.981818,0,0,0,-0.000259033,0.0561448,-0.0249592,0.639777,0.495632,1
1670,296.04,0,0,0,-4.74128e-008,8.12791e-009,0.981818,0,0,0,-0.00044103,0.0555366,-0.0266527,0.639795,0.495372,1
1680,282.58,0,0,0,-4.74128e-008,8.12791e-009,0.981818,0,0,0,-0.000502772,0.0549373,-0.027896,0.639806,0.495099,1
1690,280.777,0,0,0,-4.74128e-008,8.12791e-009,0.981818,0,0,0,-0.000281591,0.054634,-0.0285935,0.639807,0.494999,1
1700,284.358,0,0,0,-4.74128e-008,8.12791e-009,0.981818,0,0,0,1.68814e-005,0.0546774,-0.0287431,0.639807,0.494999,1
1710,285.932,0,0,0,-4.74128e-008,8.12791e-009,0.981818,0,0,0,0.000431046,0.0549284,-0.0286531,0.639803,0.494974,1
1720,290.886,0,0,0,-4.74128e-008,8.12791e-009,0.981818,0,0,0,0.000776766,0.0554008,-0.0285376,0.639803,0.494949,1
1730,291.567,0,0,0,-4.74128e-008,8.12791e-009,0.981818,0,0,0,0.000813034,0.0559196,-0.0285688,0.639803,0.494949,1
1740,285.66,0,0,0,-4.74128e-008,8.12791e-009,0.981818,0,0,0,0.000284438,0.0561459,-0.0284512,0.639803,0.494949,1
1750,273.611,0,0,0,-4.74128e-008,8.12791e-009,0.981818,0,0,0,-0.000465416,0.0560502,-0.0279886,0.639803,0.494949,1
1760,263.163,0,0,0,-4.74128e-008,8.12791e-009,0.981818,0,0,0,-0.00103119,0.0559339,-0.0272325,0.639803,0.494949,1
1770,263.427,0,0,0,-4.74128e-008,8.12791e-009,0.981818,0,0,0,-0.00113665,0.0557252,-0.026483,0.639803,0.494949,1
1780,264.402,0,0,0,-4.74128e-008,8.12791e-009,0.981818,0,0,0,-0.000684952,0.0552598,-0.0257529,0.639774,0.49479,1
1790,255.052,0,0,0,-4.74128e-008,8.12791e-009,0.981818,0,0,0,0.000281382,0.054635,-0.0251222,0.639772,0.494765,1
1800,244.443,0,0,0,-4.74128e-008,8.12791e-009,0.981818,0,0,0,0.00130451,0.0541189,-0.0246195,0.639737,0.494423,1
1810,241.144,0,0,0,-4.74128e-008,8.12791e-009,0.981818,0,0,0,0.00172756,0.0537511,-0.0241791,0.639713,0.494183,1
1820,252.975,0,0,0,-4.74128e-008,8.12791e-009,0.981818,0,0,0,0.00145769,0.0536673,-0.0236511,0.639713,0.494183,1
1830,275.9,0,0,0,-4.74128e-008,8.12791e-009,0.981818,0,0,0,0.000966185,0.0539862,-0.0232002,0.639713,0.494183,1
1840,291.927,0,0,0,-4.74128e-008,8.12791e-009,0.981818,0,0,0,0.00062337,0.0546641,-0.0229486,0.639713,0.494183,1
1850,295.469,0,0,0,-4.74128e-008,8.12791e-009,0.981818,0,0,0,0.000347833,0.0554185,-0.0228392,0.639713,0.494183,1
1860,289.111,0,0,0,-4.74128e-008,8.12791e-009,0.981818,0,0,0,0.00026826,0.056176,-0.022693,0.639713,0.494183,1
1870,270.718,0,0,0,-4.74128e-008,8.12791e-009,0.981818,0,0,0,0.00039254,0.0568737,-0.0225942,0.639713,0.494183,1
1880,237.794,0,0,0,-4.74128e-008,8.12791e-009,0.981818,0,0,0,0.000601929,0.0572724,-0.0226454,0.639713,0.494183,1
1890,201.109,0,0,0,-4.74128e-008,8.12791e-009,0.981818,0,0,0,0.000605096,0.0571387,-0.0227854,0.639713,0.494183,1
1900,179.517,0,0,0,-4.74128e-008,8.12791e-009,0.981818,0,0,0,0.000458128,0.0568701,-0.0227632,0.639713,0.494183,1
1910,180.675,0,0,0,-4.74128e-008,8.12791e-009,0.981818,0,0,0,8.3715e-005,0.0569299,-0.0225909,0.639713,0.494183,1
1920,195.878,0,0,0,-4.74128e-008,8.12791e-009,0.981818,0,0,0,-0.000255507,0.057275,-0.0224627,0.639713,0.494183,1
1930,229.172,0,0,0,-4.74128e-008,8.12791e-009,0.981818,0,0,0,-0.000271379,0.0574933,-0.0225262,0.639713,0.494183,1
1940,281.154,0,0,0,-4.74128e-008,8.12791e-009,0.981818,0,0,0,0.000255486,0.0573928,-0.0226557,0.639713,0.494183,1
1950,322.961,0,0,0,-4.74128e-008,8.12791e-009,0.981818,0,0,0,0.000977202,0.0568432,-0.022751,0.639713,0.494183,1
1960,328.721,0,0,0,-4.74128e-008,8.12791e-009,0.981818,0,0,0,0.00164114,0.0559206,-0.022726,0.639713,0.494183,1
1970,302.79,0,0,0,-4.74128e-008,8.12791e-009,0.981818,0,0,0,0.00198926,0.0549081,-0.0225003,0.639713,0.494183,1
1980,260.984,0,0,0,-4.74128e-008,8.12791e-009,0.981818,0,0,0,0.00208656,0.0541055,-0.0220121,0.639713,0.494183,1
1990,243.128,0,0,0,-4.74128e-008,8.12791e-009,0.981818,0,0,0,0.0018317,0.0537553,-0.0214759,0.639713,0.494183,1
2000,888.122,0,0,-6.48921,0.00128635,0.0540128,0.978568,0,0,0,0.00120493,0.054072,-0.0211998,0.640655,0.494062,1
2010,898.851,0,0,-6.38192,0.00128635,0.0540128,0.946364,0,0,0,0.000344963,0.0548962,-0.0212847,0.641007,0.494173,1
2020,903.154,0,0,-6.276,0.00128635,0.0540128,0.914693,0,0,0,-0.000350915,0.0558212,-0.02156,0.641431,0.494369,1
2030,903.67,0,0,-6.17169,0.00128635,0.0540128,0.883549,0,0,0,-0.00068267,0.05666,-0.0219427,0.641641,0.494566,1
2040,887.079,0,0,-6.06957,0.00128635,0.0540128,0.852921,0,0,0,-0.000590499,0.0573728,-0.0225303,0.64194,0.494862,1
2050,866.678,0,0,-5.9703,0.00128635,0.0540128,0.822798,0,0,0,-0.000239945,0.057907,-0.0233155,0.642292,0.495155,1
2060,844.736,0,0,-5.8739,0.00128635,0.0540128,0.793164,0,0,0,7.34045e-005,0.0584152,-0.0240999,0.642618,0.495388,1
2070,815.655,0,0,-5.78059,0.00128635,0.0540128,0.764006,0,0,0,0.000329841,0.0590451,-0.0248063,0.642985,0.495641,1
2080,785.046,0,0,-5.69082,0.00128635,0.0540128,0.735307,0,0,0,0.000593733,0.0594733,-0.02558,0.64341,0.495915,1
2090,760.14,0,0,-5.60428,0.00128635,0.0540128,0.707049,0,0,0,0.000777463,0.0592621,-0.0264902,0.64374,0.496094,1
2100,734.792,0,0,-5.52086,0.00128635,0.0540128,0.679216,0,0,0,0.000740065,0.0584333,-0.0274333,0.643959,0.496195,1
2110,711.549,0,0,-5.44055,0.00128635,0.0540128,0.651794,0,0,0,0.000587348,0.0574256,-0.028281,0.644111,0.496256,1
2120,679.303,0,0,-5.36358,0.00128635,0.0540128,0.624766,0,0,0,0.000376093,0.0565714,-0.0290109,0.644143,0.496267,1
2130,640.331,0,0,-5.29092,0.00128635,0.0540128,0.598113,0,0,0,0.000278588,0.0559806,-0.0295763,0.644143,0.496267,1
2140,598.842,-1.89457e-007,3.00384e-007,-5.22319,0.00128635,0.0540128,0.571813,0.0153121,-0.0242773,0.0384323,0.000427659,0.0556133,-0.0299325,0.644143,0.496267,1
2150,561.037,-4.75886e-006,7.53996e-006,-5.1607,0.00128634,0.0540128,0.54584,0.0222178,-0.0352627,0.0531872,0.000752596,0.0554681,-0.0301439,0.644143,0.496267,1
2160,549.901,-1.19135e-005,1.93463e-005,-5.10206,0.0012863,0.0540129,0.520169,0.0712053,-0.14731,0.513698,0.000801126,0.0554137,-0.0303018,0.644143,0.496267,1
2170,570.385,-3.25578e-005,6.214e-005,-5.04327,0.00128619,0.0540131,0.49479,0.0993901,-0.20568,0.672463,0.000480418,0.0552516,-0.0301805,0.644143,0.496267,1
2180,598.371,-6.43477e-005,0.000126617,-4.98206,0.00128596,0.0540135,0.469711,0.351426,-0.64577,1.45633,-1.84504e-005,0.0549773,-0.0295757,0.644143,0.496267,1
2190,600.925,-0.00016664,0.000313701,-4.92018,0.00128539,0.0540146,0.44494,0.493669,-0.900011,1.89769,-0.000389498,0.0548601,-0.0287761,0.644143,0.496267,1
2200,578.277,-0.000308425,0.000571162,-4.8605,0.00128423,0.0540168,0.420475,0.665238,-1.23483,2.47112,-0.00064851,0.0550156,-0.0282725,0.644143,0.496267,1
2210,558.423,-0.000491729,0.0009186,-4.80427,0.00128224,0.0540205,0.3963,0.735265,-1.90171,3.61423,-0.000811588,0.0553877,-0.0280696,0.644143,0.496267,1
2220,553.974,-0.000687619,0.00143752,-4.75027,0.0012793,0.0540263,0.3724,0.786802,-2.49818,5.19408,-0.0010445,0.0558791,-0.0278782,0.644161,0.496263,1
2230,555.579,-0.000881982,0.00208992,-4.69728,0.00127539,0.0540351,0.348768,1.12369,-3.14919,6.16605,-0.00137109,0.0564036,-0.0275291,0.644161,0.496263,1
2240,559.496,-0.00112123,0.00285102,-4.64474,0.00127034,0.0540475,0.3254,0.659531,-2.77973,8.06883,-0.00187391,0.0567237,-0.0270711,0.644173,0.496286,1
2250,556.879,-0.00111494,0.00333118,-4.59291,0.00126457,0.0540631,0.302292,-1.47493,-0.371922,6.98045,-0.00226518,0.0566812,-0.0265553,0.644272,0.496481,1
2260,539.415,-0.000201284,0.00265147,-4.54167,0.00126072,0.0540789,0.279443,-7.144,6.52075,-3.09643,-0.0023991,0.0563524,-0.0261774,0.644332,0.496579,1
2270,515.396,0.00325806,-0.00157293,-4.4886,0.00126665,0.0540842,0.256853,-23.4568,33.2064,-39.301,-0.00235406,0.0561588,-0.0261872,0.644477,0.49675,1
2280,499.854,0.0144188,-0.0184596,-4.42191,0.00130534,0.0540431,0.234555,-77.4434,120.667,-151.957,-0.00241369,0.0564269,-0.0266774,0.644548,0.496794,1
2290,495.178,0.0503057,-0.0759928,-4.30854,0.00145014,0.0538352,0.212686,-243.708,396.055,-459.091,-0.00241031,0.0571251,-0.0273121,0.644636,0.496894,1
2300,483.677,0.1555,-0.24925,-4.08013,0.00192084,0.0530956,0.191636,-666.869,1105.99,-1116.67,-0.00221376,0.0578341,-0.0277002,0.64464,0.496899,1
2310,453.013,0.397485,-0.653287,-3.6691,0.00323642,0.0509526,0.172177,-1302.39,2183.29,-1863.5,-0.00189569,0.0583961,-0.0277605,0.644647,0.49691,1
2320,433.967,0.753746,-1.25288,-3.16762,0.00609816,0.0462166,0.15509,-1473.79,2489.69,-1784.19,-0.00180745,0.0589818,-0.0277771,0.644652,0.49692,1
2330,441.832,1.05708,-1.76869,-2.79234,0.0106819,0.0385698,0.140266,-976.977,1677.3,-1039.36,-0.0020923,0.0598879,-0.0278573,0.644749,0.497131,1
2340,452.6,1.22023,-2.05512,-2.58594,0.0164345,0.0289139,0.12687,-445.879,816.936,-517.104,-0.00278136,0.0610236,-0.0278912,0.64494,0.497573,1
2350,448.999,1.27235,-2.16646,-2.46016,0.0227066,0.0182978,0.114264,-83.5423,267.208,-382.728,-0.00359666,0.0621867,-0.0278667,0.64518,0.498156,1
2360,428.734,1.24381,-2.16076,-2.32643,0.0290335,0.00742971,0.10227,246.02,-175.06,-608.397,-0.00418819,0.0631167,-0.0281104,0.645416,0.498758,1
2370,396.199,1.12863,-2.05131,-2.10531,0.0350038,-0.00314439,0.0911412,606.393,-571.538,-1054.33,-0.00436491,0.0635977,-0.0287547,0.645615,0.499292,1
2380,363.45,0.939535,-1.86909,-1.78801,0.0402005,-0.0129673,0.0813723,850.696,-769.664,-1380.16,-0.00432668,0.0634464,-0.0296572,0.645779,0.499753,1
2390,336.735,0.713802,-1.66792,-1.43048,0.0443423,-0.0218148,0.0733185,940.646,-823.998,-1469.5,-0.00433566,0.0629555,-0.0306952,0.645905,0.500112,1
2400,320.864,0.457385,-1.43856,-1.02521,0.0472916,-0.0296001,0.0671427,1136.04,-996.571,-1801.27,-0.00431941,0.0624413,-0.0318808,0.645978,0.500309,1
2410,311.138,0.16909,-1.18971,-0.56934,0.0488558,-0.0361656,0.0631602,1120.72,-950.732,-1773.18,-0.00393545,0.0619359,-0.0332649,0.645997,0.50034,1
2420,315.031,-0.079262,-0.983834,-0.176884,0.0490536,-0.0415713,0.061339,869.616,-686.588,-1358.73,-0.00306261,0.0613586,-0.0350649,0.646011,0.500361,1
2430,328.478,-0.257989,-0.839737,0.106604,0.0481794,-0.0461098,0.0612056,580.113,-483.036,-959.284,-0.00216178,0.0610295,-0.0373912,0.646011,0.500361,1
2440,338.095,-0.372033,-0.738839,0.306477,0.0465806,-0.0500392,0.0622701,358.078,-316.263,-660.015,-0.0017676,0.0611754,-0.0399891,0.646011,0.500361,1
2450,331.529,-0.43762,-0.673992,0.436993,0.0445386,-0.0535597,0.0641541,192.084,-202.894,-423.654,-0.00206196,0.0615631,-0.042454,0.646011,0.50037,1
2460,313.02,-0.471962,-0.632162,0.524799,0.0422552,-0.0568173,0.0665709,99.9548,-130.731,-305.854,-0.00249329,0.0616966,-0.0446899,0.646012,0.50047,1
2470,307.901,-0.487283,-0.604444,0.592166,0.0398493,-0.0599052,0.0693693,27.2547,-94.9627,-248.57,-0.00255341,0.061607,-0.0468281,0.646012,0.50047,1
2480,315.28,-0.486159,-0.582709,0.650357,0.0374095,-0.0628716,0.0724778,-30.1674,-78.8276,-230.095,-0.00220575,0.0616122,-0.0489351,0.646012,0.50047,1
2490,324.443,-0.470738,-0.561655,0.705639,0.0350108,-0.0657337,0.0758687,-88.2195,-85.9378,-226.974,-0.00184364,0.0617751,-0.0509074,0.646012,0.50047,1
2500,323.438,-0.441906,-0.538294,0.761099,0.0327241,-0.0684846,0.0795353,-135.058,-93.6962,-232.654,-0.00148415,0.0619737,-0.0527212,0.646012,0.50047,1
2510,309.895,-0.402999,-0.513538,0.818948,0.0306079,-0.0711148,0.0834841,-172.972,-99.6398,-244.29,-0.00116929,0.0621132,-0.0545267,0.646012,0.50047,1
2520,290.228,-0.357234,-0.488748,0.880927,0.0287055,-0.0736202,0.0877323,-192.609,-99.833,-252.594,-0.00100415,0.0619534,-0.056381,0.646012,0.50047,1
2530,277.163,-0.309657,-0.46479,0.944406,0.0270385,-0.0760036,0.0922955,-192.851,-99.1892,-245.736,-0.00124395,0.0613811,-0.0582307,0.646012,0.50047,1
2540,275.998,-0.264744,-0.441887,1.00463,0.0256049,-0.0782693,0.0971703,-171.209,-92.5094,-219.191,-0.00168381,0.0608884,-0.0600985,0.646012,0.50047,1
2550,290.188,-0.226606,-0.421149,1.05573,0.0243798,-0.0804256,0.102326,-139.149,-79.2187,-179.813,-0.00205283,0.0609093,-0.0619869,0.646012,0.50047,1
2560,303.881,-0.196364,-0.403621,1.0952,0.0233258,-0.082486,0.107708,-105.636,-62.3458,-138.631,-0.00199376,0.0611912,-0.063635,0.646012,0.50047,1
2570,304.67,-0.173175,-0.389559,1.12501,0.0224044,-0.0844677,0.113261,-82.3209,-50.4722,-108.968,-0.00147428,0.0611706,-0.0648651,0.646012,0.50047,1
2580,296.684,-0.154677,-0.378024,1.1496,0.0215863,-0.0863858,0.11895,-68.0063,-43.3893,-90.7713,-0.000584708,0.0609544,-0.0659228,0.64601,0.500489,1
2590,308.2,-0.138996,-0.367795,1.17053,0.020853,-0.0882501,0.124752,-58.7607,-39.239,-79.3996,0.000177605,0.0609133,-0.0672634,0.64601,0.500489,1
2600,337.661,-0.125476,-0.357836,1.18656,0.0201928,-0.0900643,0.130647,-48.0661,-35.7977,-67.0416,0.000476627,0.0611469,-0.0687583,0.64601,0.500489,1
2610,362.861,-0.114454,-0.348078,1.19716,0.0195939,-0.0918293,0.13661,-38.3226,-32.0956,-55.0447,0.000398845,0.0614581,-0.0698462,0.64601,0.500489,1
2620,370.094,-0.105342,-0.338827,1.20404,0.0190449,-0.0935467,0.142615,-32.0508,-29.9035,-46.6927,0.000511378,0.0620154,-0.0702318,0.64601,0.500489,1
2630,354.784,-0.097169,-0.330093,1.20998,0.0185387,-0.0952191,0.148651,-30.6938,-28.7253,-45.01,0.000846679,0.0628096,-0.07027,0.64601,0.500489,1
2640,332.628,-0.0891637,-0.322018,1.21757,0.0180728,-0.0968494,0.15472,-31.5378,-28.1723,-46.1108,0.00100637,0.0636063,-0.0702562,0.64601,0.500489,1
2650,333.982,-0.0811564,-0.314333,1.22602,0.017647,-0.0984405,0.16083,-30.9883,-27.5077,-45.1227,0.00056599,0.0642683,-0.0702033,0.64601,0.500489,1
2660,341.094,-0.073628,-0.306874,1.23317,0.0172603,-0.0999935,0.16698,-27.6926,-25.3489,-40.1661,-0.000377949,0.0649018,-0.0699358,0.64601,0.500489,1
2670,349.041,-0.0670504,-0.30003,1.2383,0.016909,-0.101511,0.17316,-23.6959,-22.2525,-33.7451,-0.00150801,0.0650823,-0.0694035,0.64601,0.500489,1
2680,364.582,-0.0613435,-0.293809,1.24093,0.0165882,-0.102995,0.179361,-20.3877,-18.2415,-28.4624,-0.00231372,0.0645329,-0.0683618,0.64601,0.500489,1
2690,372.196,-0.0562628,-0.288361,1.24168,0.0162943,-0.104451,0.185569,-18.5495,-14.7846,-25.0608,-0.002566,0.0637379,-0.0668922,0.64601,0.500489,1
2700,370.877,-0.0516063,-0.283679,1.24152,0.0160248,-0.105881,0.191779,-16.8519,-11.8898,-22.0771,-0.00231015,0.0633951,-0.0654971,0.64601,0.500489,1
2710,361.993,-0.0474936,-0.27977,1.24083,0.0157773,-0.107289,0.197987,-14.374,-9.37209,-17.7586,-0.00177652,0.0632814,-0.0647474,0.64601,0.500489,1
2720,347.381,-0.0441323,-0.276667,1.23988,0.0155485,-0.10868,0.20419,-11.3995,-7.2136,-12.5966,-0.00107158,0.0629931,-0.0643,0.64601,0.500489,1
2730,343.909,-0.0414631,-0.27423,1.23849,0.0153347,-0.110058,0.210387,-9.21742,-5.38554,-8.55071,-0.000285752,0.0624431,-0.0634717,0.645986,0.500569,1
2740,346.411,-0.0392077,-0.272175,1.23614,0.0151331,-0.111424,0.216575,-8.07672,-3.92764,-5.94492,0.000414978,0.0617548,-0.062033,0.645953,0.500674,1
2750,333.169,-0.0371568,-0.270545,1.23378,0.0149423,-0.112781,0.22275,-7.5933,-2.85603,-4.38276,0.000737858,0.0609997,-0.0606671,0.645946,0.500695,1
2760,322.747,-0.03529,-0.26939,1.23216,0.0147612,-0.11413,0.228916,-6.56665,-2.34929,-2.95944,0.000496225,0.0605806,-0.0598402,0.645946,0.500695,1
2770,324.214,-0.0337407,-0.268443,1.23046,0.0145888,-0.115475,0.235073,-5.37528,-1.46613,-0.611463,-0.000133811,0.0607238,-0.0594982,0.645946,0.500695,1
2780,326.069,-0.0325107,-0.267665,1.22783,0.0144232,-0.116815,0.24122,-4.34656,-0.850206,2.00203,-0.000807846,0.0612822,-0.059249,0.645946,0.500695,1
2790,319.476,-0.0314976,-0.267086,1.2248,0.0142633,-0.118152,0.247352,-3.58027,0.491589,4.08155,-0.00136776,0.0618214,-0.0590718,0.645946,0.500695,1
2800,290.964,-0.0306766,-0.267173,1.22303,0.014108,-0.119488,0.25347,-2.67877,0.970204,5.42225,-0.00198116,0.0621906,-0.0588527,0.645946,0.500695,1
2810,254.903,-0.0301473,-0.268244,1.22501,0.013956,-0.120825,0.259588,-2.02013,1.68244,6.32069,-0.00269257,0.0624559,-0.0585364,0.645946,0.500695,1
2820,257.086,-0.0298389,-0.269982,1.22907,0.0138061,-0.122171,0.265722,-1.61359,2.09247,7.66502,-0.00340145,0.0627084,-0.0581971,0.645946,0.500695,1
2830,285.213,-0.0295488,-0.271241,1.23025,0.0136577,-0.123524,0.271871,-1.73495,2.1665,8.40088,-0.00382872,0.0628833,-0.0580916,0.645946,0.500695,1
2840,311.061,-0.0291267,-0.271803,1.22812,0.0135109,-0.124882,0.278018,-2.0858,2.38558,8.49421,-0.00380939,0.0630479,-0.0579676,0.645946,0.500695,1
2850,326.982,-0.0285576,-0.271957,1.22399,0.0133667,-0.126241,0.284149,-2.05604,2.68969,7.79824,-0.00312721,0.0631649,-0.0575514,0.645891,0.500792,1
2860,316.143,-0.0280237,-0.272142,1.21984,0.0132253,-0.127602,0.290259,-1.78531,2.71362,8.1989,-0.00207336,0.0630589,-0.0571101,0.645554,0.501379,1
2870,297.718,-0.0276412,-0.272683,1.2171,0.0130862,-0.128964,0.296351,-1.13353,2.75592,9.10479,-0.00129524,0.0627897,-0.0572852,0.645184,0.502007,1
2880,278.753,-0.0274879,-0.273662,1.216,0.0129485,-0.130329,0.302433,-0.351135,2.82175,10.1374,-0.00126197,0.0626664,-0.0579566,0.644869,0.502525,1
2890,253.281,-0.0275791,-0.275298,1.2175,0.0128109,-0.131701,0.308514,0.312918,2.86873,10.9675,-0.00140806,0.0626953,-0.0583658,0.644698,0.502791,1
2900,248.053,-0.027864,-0.27744,1.22102,0.0126724,-0.133082,0.314609,0.799586,3.08718,10.8648,-0.00137449,0.0627643,-0.058229,0.644655,0.502852,1
2910,256.33,-0.0282372,-0.279516,1.22415,0.0125322,-0.134475,0.320721,1.22772,2.6282,10.6069,-0.00144958,0.0629391,-0.0581924,0.644655,0.502852,1
2920,274.123,-0.0286527,-0.281069,1.22558,0.01239,-0.135876,0.326845,1.34407,2.42703,10.3752,-0.00202911,0.0631578,-0.058833,0.644655,0.502852,1
2930,300.609,-0.0290144,-0.281909,1.22424,0.0122458,-0.137284,0.33297,1.33845,2.1856,9.84171,-0.00263301,0.0630248,-0.0599879,0.644655,0.502852,1
2940,309.054,-0.0293194,-0.282259,1.22121,0.0121,-0.138694,0.339084,1.10647,1.63721,8.72809,-0.00305031,0.0623555,-0.0612686,0.644655,0.502852,1
2950,313.309,-0.0295517,-0.282398,1.21811,0.0119528,-0.140106,0.345183,0.688979,1.37605,7.61712,-0.00339341,0.061371,-0.0624526,0.644655,0.502852,1
2960,327.918,-0.0296636,-0.28225,1.21428,0.0118047,-0.141518,0.351265,0.610613,1.21672,6.98677,-0.00383462,0.0606169,-0.063575,0.644655,0.502852,1
2970,334.06,-0.0297371,-0.281852,1.2097,0.0116562,-0.142928,0.357326,0.816098,1.06802,5.95486,-0.00409423,0.0603535,-0.0647686,0.644655,0.502852,1
2980,331.141,-0.0298541,-0.281397,1.20526,0.0115072,-0.144337,0.363364,0.734018,0.95185,5.44921,-0.00421161,0.0604136,-0.0664237,0.644655,0.502852,1
2990,319.508,-0.0299686,-0.281067,1.2016,0.0113576,-0.145743,0.369381,0.654745,0.867925,4.98333,-0.00411425,0.0605579,-0.0684699,0.644632,0.502895,1
3000,298.273,-0.0301066,-0.281093,1.19965,0.0112074,-0.147148,0.375383,0.617048,0.78404,4.6272,-0.00377963,0.0607811,-0.0702969,0.644632,0.502895,1
3010,284.393,-0.0302833,-0.281524,1.19959,0.0110565,-0.148555,0.381381,0.598518,0.710864,4.32158,-0.00320815,0.0608841,-0.0712068,0.644401,0.502754,1
3020,275.256,-0.0304877,-0.282202,1.20074,0.0109046,-0.149964,0.38738,0.731232,0.591186,3.54714,-0.00285489,0.0607196,-0.0716865,0.644057,0.502517,1
3030,265.439,-0.030754,-0.283149,1.20332,0.0107515,-0.151377,0.393389,0.711672,0.522942,3.34788,-0.00291723,0.0606327,-0.0725862,0.643515,0.502116,1
3040,271.07,-0.0310199,-0.28411,1.20609,0.0105971,-0.152795,0.399412,0.695568,0.452904,3.16022,-0.00327898,0.0609988,-0.0742341,0.643015,0.501718,1
3050,274.446,-0.0312654,-0.284906,1.20826,0.0104414,-0.154217,0.405447,0.672845,0.390283,2.97429,-0.00350702,0.0615961,-0.0759673,0.642583,0.501349,1
3060,282.282,-0.0314909,-0.285557,1.20994,0.0102845,-0.155643,0.411493,0.69651,0.193852,2.28348,-0.00348496,0.0621157,-0.0774054,0.642349,0.501131,1
3070,294.151,-0.0316874,-0.285874,1.21054,0.0101265,-0.157072,0.417544,0.64722,0.175742,2.14193,-0.00316386,0.0625957,-0.0786263,0.642253,0.501027,1
3080,303.497,-0.0318407,-0.285922,1.21007,0.00996768,-0.158501,0.423596,0.45591,0.0600288,1.1924,-0.00264122,0.0629542,-0.0800642,0.642083,0.500811,1
3090,303.927,-0.0319371,-0.285828,1.20933,0.00980823,-0.159931,0.429645,0.4191,0.0513184,1.11313,-0.00217044,0.0630621,-0.0817137,0.641906,0.50056,1
3100,296.242,-0.0320345,-0.285824,1.209,0.0096483,-0.16136,0.43569,0.38042,0.0444753,1.03314,-0.00207722,0.0629686,-0.0835507,0.641895,0.500538,1
3110,279.217,-0.0321603,-0.286159,1.21012,0.00948784,-0.16279,0.441737,0.34155,0.0407007,0.951227,-0.00242254,0.0627488,-0.0854509,0.641895,0.500538,1
3120,269.603,-0.0323216,-0.286889,1.21294,0.00932667,-0.164222,0.447793,0.307138,0.0375076,0.87247,-0.00303032,0.0622864,-0.087316,0.641895,0.500538,1
3130,277.542,-0.0324742,-0.28761,1.21574,0.00916468,-0.165658,0.453864,0.27668,0.0326284,0.796869,-0.00359176,0.0616408,-0.088901,0.641895,0.500538,1
3140,291.142,-0.0325834,-0.288008,1.21721,0.00900203,-0.167097,0.459947,0.248821,0.0267093,0.727294,-0.00385568,0.0610133,-0.0904891,0.641882,0.500516,1
3150,311.942,-0.0326343,-0.287966,1.21684,0.00883895,-0.168537,0.466033,0.0658327,0.00259261,0.169688,-0.00387748,0.0606543,-0.0924138,0.641871,0.500494,1
3160,328.876,-0.0325934,-0.287472,1.21471,0.00867585,-0.169976,0.472113,0.0565003,0.00260781,0.151626,-0.00375254,0.0605973,-0.0945451,0.641677,0.500113,1
3170,341.398,-0.0325205,-0.286717,1.21148,0.00851304,-0.171412,0.47818,0.0475466,0.00313707,0.132062,-0.00347015,0.0606648,-0.0963111,0.641408,0.49958,1
3180,354.661,-0.0324154,-0.285695,1.20713,0.00835066,-0.172843,0.484228,0.0401056,0.0031835,0.113682,-0.00283826,0.0605254,-0.0976987,0.641142,0.499056,1
3190,339.872,-0.0323108,-0.284694,1.20287,0.00818883,-0.174269,0.490253,0.0335177,0.00267955,0.0987416,-0.00197892,0.0600119,-0.0990046,0.640979,0.498733,1
3200,311.512,-0.0322595,-0.284176,1.20066,0.00802741,-0.175692,0.496262,0.0280858,0.00229985,0.088542,-0.00124859,0.0593859,-0.100364,0.640877,0.498544,1
3210,295.823,-0.0322628,-0.284149,1.20052,0.00786612,-0.177112,0.502264,0.0237255,0.00215576,0.0796019,-0.000994195,0.0591633,-0.101571,0.640865,0.498522,1
3220,306.457,-0.0322707,-0.284171,1.20059,0.00770477,-0.178533,0.508267,0.0211478,0.00165601,0.0725309,-0.00107728,0.0595233,-0.102517,0.640852,0.498501,1
3230,330.551,-0.0322266,-0.283738,1.19874,0.00754349,-0.179953,0.514267,0.019612,0.000452178,0.0672176,-0.00129555,0.0602024,-0.103241,0.640838,0.49848,1
3240,353.029,-0.0321303,-0.282848,1.19497,0.00738256,-0.18137,0.520253,0.0186203,-0.000899189,0.0641038,-0.00139027,0.0609868,-0.103966,0.640838,0.49848,1
3250,361.868,-0.032002,-0.281679,1.19002,0.00722219,-0.182782,0.526217,0.0176496,-0.00172491,0.0616006,-0.00120156,0.0618437,-0.104947,0.640838,0.49848,1
3260,349.935,-0.0318794,-0.280562,1.18528,0.00706246,-0.184188,0.532156,0.0165664,-0.00208975,0.0589716,-0.000676313,0.0626911,-0.106404,0.640838,0.49848,1
3270,329.375,-0.0317926,-0.279763,1.1819,0.00690328,-0.185588,0.538074,0.0149047,-0.00233323,0.0544157,-0.000167931,0.0634016,-0.10836,0.640658,0.498259,1
3280,309.541,-0.0317512,-0.279368,1.18022,0.00674443,-0.186986,0.543979,0.0131184,-0.00248923,0.0487882,0.000182561,0.0638615,-0.110578,0.640447,0.497991,1
3290,296.353,-0.0317485,-0.279317,1.17999,0.00658569,-0.188383,0.549879,0.011484,-0.00237345,0.0431624,0.000399913,0.0638975,-0.112647,0.640265,0.497758,1
3300,278.379,-0.0317883,-0.279643,1.18136,0.00642688,-0.18978,0.555781,0.010086,-0.00212678,0.0387722,0.000613521,0.0635966,-0.114356,0.64025,0.497738,1
3310,268.694,-0.0318738,-0.280375,1.18445,0.00626775,-0.19118,0.561695,0,0,0,0.000741309,0.0634216,-0.115966,0.64025,0.497738,1
3320,277.029,-0.0319558,-0.281096,1.18749,0.00610819,-0.192583,0.567624,0,0,0,0.000745533,0.0636284,-0.117841,0.64025,0.497738,1
3330,286.405,-0.0320029,-0.281511,1.18925,0.00594829,-0.19399,0.573566,0,0,0,0.000570047,0.0638704,-0.119993,0.64025,0.497738,1
3340,277.506,-0.0320505,-0.28193,1.19102,0.00578818,-0.195398,0.579516,0,0,0,0.000485585,0.0638092,-0.12218,0.64025,0.497738,1
3350,257.125,-0.0321527,-0.282828,1.19481,0.00562773,-0.19681,0.585478,0,0,0,0.000788805,0.0634712,-0.124247,0.64025,0.497738,1
3360,248.914,-0.0323081,-0.284196,1.20059,0.00546663,-0.198227,0.591465,0,0,0,0.00160054,0.0631485,-0.126094,0.639838,0.497294,1
3370,254.335,-0.0324653,-0.285578,1.20643,0.00530472,-0.199651,0.597481,0,0,0,0.00259208,0.0629508,-0.127641,0.639252,0.496667,1
3380,273.866,-0.0325735,-0.28653,1.21045,0.00514212,-0.201081,0.603524,0,0,0,0.00335118,0.0628884,-0.128779,0.63848,0.495845,1
3390,298.679,-0.0326059,-0.286815,1.21165,0.00497915,-0.202515,0.60958,0,0,0,0.00353976,0.0628396,-0.129579,0.637621,0.494934,1
3400,309.936,-0.0325878,-0.286656,1.21098,0.00481615,-0.203949,0.615637,0,0,0,0.0033722,0.0627469,-0.130061,0.636932,0.494211,1
3410,324.587,-0.032544,-0.286271,1.20935,0.0046533,-0.205381,0.621689,0,0,0,0.00303491,0.0627705,-0.13018,0.636583,0.493849,1
3420,330.768,-0.0324688,-0.285609,1.20656,0.00449074,-0.206811,0.627729,0,0,0,0.0025132,0.0631094,-0.130018,0.63644,0.493703,1
3430,315.441,-0.0324108,-0.285099,1.20441,0.00432855,-0.208238,0.633757,0,0,0,0.00170944,0.0634672,-0.130041,0.636422,0.493686,1
3440,309.537,-0.0323837,-0.284861,1.2034,0.00416656,-0.209663,0.639776,0,0,0,0.000848977,0.0634453,-0.130497,0.636404,0.493669,1
3450,314.27,-0.0323507,-0.284571,1.20217,0.00400471,-0.211086,0.645791,0,0,0,0.000114965,0.0631041,-0.131222,0.636404,0.493669,1
3460,320.293,-0.0323082,-0.284196,1.20059,0.00384304,-0.212508,0.651798,0,0,0,-0.000272636,0.0627995,-0.131922,0.636404,0.493669,1
3470,333.655,-0.0322396,-0.283593,1.19804,0.00368165,-0.213928,0.657796,0,0,0,-0.000259449,0.0627333,-0.132678,0.636404,0.493669,1
3480,338.7,-0.03215,-0.282805,1.19471,0.00352065,-0.215344,0.663779,0,0,0,9.40187e-005,0.0628798,-0.133613,0.636404,0.493669,1
3490,336.285,-0.0320607,-0.282019,1.19139,0.0033601,-0.216757,0.669745,0,0,0,0.000522351,0.0631064,-0.134759,0.636404,0.493669,1
3500,333.002,-0.0319775,-0.281287,1.1883,0.00319999,-0.218165,0.675695,0,0,0,0.000970961,0.0630992,-0.135946,0.636404,0.493669,1
3510,321.247,-0.0319106,-0.280699,1.18582,0.00304026,-0.21957,0.68163,0,0,0,0.00147208,0.0627436,-0.137133,0.636404,0.493669,1
3520,316.842,-0.0318685,-0.280329,1.18425,0.00288081,-0.220973,0.687556,0,0,0,0.00190941,0.0624498,-0.138277,0.636404,0.493669,1
3530,332.151,-0.0318077,-0.279794,1.18199,0.00272159,-0.222373,0.693472,0,0,0,0.00195903,0.0627578,-0.139486,0.636404,0.493669,1
3540,338.389,-0.0317207,-0.279028,1.17876,0.00256274,-0.22377,0.699375,0,0,0,0.00154628,0.0634444,-0.140844,0.636404,0.493669,1
3550,336.255,-0.0316334,-0.278261,1.17552,0.00240433,-0.225164,0.705262,0,0,0,0.000792802,0.0638684,-0.142542,0.636299,0.49357,1
3560,328.843,-0.0315541,-0.277563,1.17257,0.00224635,-0.226554,0.711132,0,0,0,-0.000124719,0.0638766,-0.144441,0.636299,0.49357,1
3570,309.497,-0.03151,-0.277175,1.17093,0.0020887,-0.22794,0.716991,0,0,0,-0.000996239,0.0638409,-0.146181,0.636299,0.49357,1
3580,309.969,-0.0314914,-0.277011,1.17024,0.00193119,-0.229326,0.722844,0,0,0,-0.00149454,0.064009,-0.147438,0.636299,0.49357,1
3590,325.923,-0.0314448,-0.276602,1.16851,0.00177382,-0.23071,0.728692,0,0,0,-0.00149608,0.0642926,-0.148394,0.636299,0.49357,1
3600,328.659,-0.031377,-0.276005,1.16599,0.00161675,-0.232092,0.734529,0,0,0,-0.00124796,0.0645277,-0.149322,0.636299,0.49357,1
3610,330.006,-0.0313078,-0.275396,1.16342,0.00146002,-0.23347,0.740353,0,0,0,-0.000943271,0.0646118,-0.150348,0.636299,0.49357,1
3620,327.096,-0.0312392,-0.274793,1.16087,0.00130364,-0.234846,0.746164,0,0,0,-0.00054437,0.0645383,-0.15138,0.636299,0.49357,1
3630,323.73,-0.0311791,-0.274264,1.15863,0.00114758,-0.236219,0.751963,0,0,0,-8.71131e-005,0.0644005,-0.152479,0.636299,0.49357,1
3640,312.652,-0.031134,-0.273868,1.15696,0.000991798,-0.237589,0.757752,0,0,0,0.000162667,0.0643895,-0.153818,0.636299,0.49357,1
3650,298.932,-0.0311222,-0.273764,1.15652,0.000836168,-0.238958,0.763536,0,0,0,0.000125857,0.0644999,-0.155462,0.636299,0.49357,1
3660,292.484,-0.0311382,-0.273905,1.15711,0.000680528,-0.240327,0.769319,0,0,0,-9.33168e-005,0.0644516,-0.157275,0.636299,0.49357,1
3670,302.647,-0.0311448,-0.273963,1.15736,0.00052481,-0.241697,0.775106,0,0,0,-0.000366595,0.0640896,-0.159162,0.636299,0.49357,1
3680,299.226,-0.0311382,-0.273905,1.15711,0.000369105,-0.243067,0.780892,0,0,0,-0.000643909,0.0637308,-0.161117,0.636299,0.49357,1
3690,281.495,-0.0311662,-0.274151,1.15815,0.000213372,-0.244437,0.786679,0,0,0,-0.000625738,0.0636088,-0.163174,0.636108,0.493348,1
3700,270.606,-0.0312392,-0.274793,1.16087,5.73899e-005,-0.245809,0.792475,0,0,0,-0.000204629,0.0635102,-0.165301,0.635937,0.49314,1
3710,270.988,-0.0313264,-0.27556,1.16411,-9.90034e-005,-0.247184,0.798287,0,0,0,0.000346278,0.0632622,-0.167324,0.635713,0.492858,1
3720,283.772,-0.0313902,-0.276121,1.16648,-0.000255796,-0.248564,0.804114,0,0,0,0.000579117,0.063044,-0.169099,0.635599,0.492713,1
3730,275.247,-0.0314375,-0.276537,1.16823,-0.000412841,-0.249945,0.809949,0,0,0,0.000576987,0.0628795,-0.170735,0.635457,0.492542,1
3740,236.892,-0.0315825,-0.277813,1.17363,-0.000570295,-0.25133,0.815801,0,0,0,0.000533775,0.0627171,-0.17236,0.635263,0.492317,1
3750,232.614,-0.0318204,-0.279906,1.18247,-0.00072874,-0.252724,0.821688,0,0,0,0.00060903,0.0627915,-0.173722,0.635115,0.492152,1
3760,257.353,-0.0319974,-0.281462,1.18904,-0.000888282,-0.254127,0.827617,0,0,0,0.000806662,0.0633333,-0.174586,0.634986,0.492016,1
3770,276.609,-0.0320907,-0.282283,1.19251,-0.0010485,-0.255537,0.833571,0,0,0,0.00114815,0.0640196,-0.175157,0.634986,0.492016,1
3780,288.339,-0.0321361,-0.282682,1.1942,-0.00120907,-0.256949,0.839538,0,0,0,0.00109464,0.0644835,-0.175807,0.634986,0.492016,1
3790,288.946,-0.0321661,-0.282946,1.19531,-0.00136982,-0.258363,0.845511,0,0,0,0.000335243,0.064862,-0.176472,0.634986,0.492016,1
3800,296.824,-0.0321877,-0.283137,1.19611,-0.00153071,-0.259778,0.85149,0,0,0,-0.000780757,0.0655067,-0.17702,0.634986,0.492016,1
3810,306.402,-0.0321782,-0.283053,1.19576,-0.00169164,-0.261194,0.85747,0,0,0,-0.00148763,0.0662075,-0.17741,0.634986,0.492016,1
3820,292.18,-0.0321779,-0.28305,1.19575,-0.00185251,-0.262609,0.863448,0,0,0,-0.00170278,0.0665982,-0.177499,0.634986,0.492016,1
3830,282.923,-0.0322194,-0.283415,1.19729,-0.00201348,-0.264025,0.86943,0,0,0,-0.0014461,0.0666929,-0.177135,0.634986,0.492016,1
3840,296.446,-0.0322496,-0.283681,1.19841,-0.00217467,-0.265443,0.87542,0,0,0,-0.000789674,0.0665902,-0.1767,0.634986,0.492016,1
3850,312.886,-0.0322338,-0.283542,1.19783,-0.0023359,-0.266861,0.881411,0,0,0,2.88625e-005,0.0659829,-0.176705,0.634986,0.492016,1
3860,327.082,-0.0321814,-0.283081,1.19588,-0.00249696,-0.268278,0.887397,0,0,0,0.000398313,0.0649206,-0.177162,0.634986,0.492016,1
3870,332.129,-0.0321054,-0.282412,1.19305,-0.0026577,-0.269692,0.89337,0,0,0,0.00020308,0.0640498,-0.177487,0.634986,0.492016,1
3880,332.22,-0.0320297,-0.281746,1.19024,-0.00281806,-0.271102,0.899329,0,0,0,-0.00046992,0.0638024,-0.17736,0.634986,0.492016,1
3890,343.591,-0.0319376,-0.280936,1.18682,-0.00297801,-0.272509,0.905273,0,0,0,-0.00149061,0.0639232,-0.177187,0.634986,0.492016,1
3900,332.031,-0.031845,-0.280122,1.18338,-0.00313748,-0.273912,0.911198,0,0,0,-0.00266175,0.0642882,-0.177438,0.634986,0.492016,1
3910,311.79,-0.0317944,-0.279677,1.1815,-0.00329657,-0.275311,0.91711,0,0,0,-0.00328063,0.0650025,-0.177818,0.634986,0.492016,1
3920,300.255,-0.0317813,-0.279561,1.18101,-0.0034555,-0.276709,0.923016,0,0,0,-0.00286183,0.0658427,-0.17795,0.634986,0.492016,1
3930,287.831,-0.0317987,-0.279714,1.18166,-0.00361443,-0.278107,0.928922,0,0,0,-0.00166311,0.0664009,-0.178017,0.634986,0.492016,1
3940,284.265,-0.0318418,-0.280094,1.18326,-0.00377352,-0.279507,0.934834,0,0,0,-0.000444938,0.0668239,-0.178277,0.634986,0.492016,1
3950,280.165,-0.0318876,-0.280497,1.18496,-0.00393282,-0.280908,0.940754,0,0,0,0.000339754,0.0673376,-0.178512,0.634986,0.492016,1
3960,253.883,-0.0319868,-0.281369,1.18865,-0.00409244,-0.282312,0.946686,0,0,0,0.000534479,0.0677067,-0.178578,0.634986,0.492016,1
3970,224.494,-0.0322018,-0.283261,1.19664,-0.00425281,-0.283723,0.952645,0,0,0,0.000277556,0.0675948,-0.178558,0.634986,0.492016,1
3980,210.106,-0.0325198,-0.286058,1.20845,-0.0044145,-0.285145,0.958654,0,0,0,1.10486e-005,0.067114,-0.178492,0.634986,0.492016,1
3990,205.921,-0.0328865,-0.289284,1.22208,-0.00457791,-0.286583,0.964726,0,0,0,3.07502e-005,0.0664818,-0.178376,0.634769,0.491881,1
4000,222.808,-0.0332268,-0.292277,1.23473,-0.00474315,-0.288036,0.970866,0,0,0,-3.04069e-005,0.0658097,-0.178405,0.634378,0.492359,1
4010,267.326,-0.0334135,-0.29392,1.24167,-0.00490978,-0.289502,0.977058,0,0,0,-0.00043834,0.065333,-0.178816,0.634197,0.492816,1
4020,322.876,-0.0334219,-0.293993,1.24198,-0.00507694,-0.290972,0.98327,0,0,0,-0.000825231,0.0652916,-0.17967,0.633953,0.493664,1
4030,362.338,-0.0333085,-0.292996,1.23776,-0.00524382,-0.29244,0.989472,0,0,0,-0.0007651,0.0654829,-0.180785,0.633816,0.494448,1
4040,364.893,-0.0331572,-0.291665,1.23214,-0.00541003,-0.293902,0.995648,0,0,0,-0.000310094,0.0655767,-0.181794,0.633719,0.495325,1
4050,354.901,-0.0330211,-0.290468,1.22708,-0.0055755,-0.295358,-0.998203,0,0,0,0.000153031,0.0656286,-0.182627,0.633653,0.496335,1
4060,355.545,-0.0328935,-0.289345,1.22234,-0.00574032,-0.296808,-0.992078,0,0,0,0.000410361,0.0657482,-0.183579,0.633617,0.49738,1
4070,360.832,-0.0327587,-0.288159,1.21733,-0.00590448,-0.298252,-0.985978,0,0,0,0.000477347,0.0658779,-0.184834,0.633583,0.498427,1
4080,363.794,-0.0326167,-0.28691,1.21206,-0.00606796,-0.29969,-0.979903,0,0,0,0.000604384,0.0659816,-0.186092,0.633537,0.499411,1
4090,361.912,-0.0324741,-0.285656,1.20676,-0.00623072,-0.301121,-0.973855,0,0,0,0.000787916,0.0661958,-0.187164,0.63347,0.50026,1
4100,347.072,-0.0323479,-0.284546,1.20207,-0.0063928,-0.302547,-0.967832,0,0,0,0.000776008,0.0664699,-0.188102,0.633377,0.500923,1
4110,317.163,-0.0322718,-0.283877,1.19924,-0.00655434,-0.303968,-0.961829,0,0,0,0.000161158,0.0668536,-0.189119,0.633297,0.501206,1
4120,290.531,-0.0322685,-0.283847,1.19912,-0.00671566,-0.305387,-0.955834,0,0,0,-0.00076562,0.0675705,-0.190023,0.633297,0.501206,1
4130,262.166,-0.0323398,-0.284475,1.20177,-0.00687712,-0.306807,-0.949834,0,0,0,-0.00124365,0.0685183,-0.190507,0.633297,0.501206,1
4140,246.956,-0.032499,-0.285874,1.20768,-0.00703916,-0.308233,-0.943813,0,0,0,-0.000556024,0.0689165,-0.190388,0.633297,0.501206,1
4150,259.689,-0.0326512,-0.287214,1.21334,-0.00720202,-0.309665,-0.937761,0,0,0,0.000775316,0.0684676,-0.190105,0.633297,0.501206,1
4160,270.359,-0.032753,-0.288109,1.21712,-0.00736552,-0.311104,-0.931685,0,0,0,0.0017318,0.067642,-0.189809,0.633297,0.501206,1
4170,284.02,-0.0328236,-0.28873,1.21974,-0.00752946,-0.312546,-0.925593,0,0,0,0.0017259,0.0670327,-0.189582,0.633297,0.501206,1
4180,305.451,-0.032833,-0.288813,1.2201,-0.00769363,-0.31399,-0.919492,0,0,0,0.00111544,0.0666532,-0.189471,0.633297,0.501206,1
4190,308.929,-0.0328083,-0.288595,1.21917,-0.00785774,-0.315433,-0.913394,0,0,0,0.000262897,0.066348,-0.189606,0.633297,0.501206,1
4200,294.405,-0.0328021,-0.288541,1.21895,-0.00802175,-0.316876,-0.907299,0,0,0,-0.000331329,0.0657851,-0.189565,0.633297,0.501206,1
4210,269.624,-0.0328589,-0.289041,1.22106,-0.00818586,-0.31832,-0.901201,0,0,0,-0.000420949,0.0649865,-0.189183,0.633308,0.501228,1
4220,263.326,-0.0329706,-0.290023,1.22521,-0.00835039,-0.319767,-0.895086,0,0,0,-6.64133e-005,0.0642684,-0.18851,0.633466,0.501288,1
4230,276.586,-0.0330624,-0.290831,1.22862,-0.00851547,-0.321219,-0.888952,0,0,0,4.17687e-005,0.0641808,-0.187833,0.63383,0.50119,1
4240,280.109,-0.0331197,-0.291335,1.23075,-0.00868092,-0.322674,-0.882804,0,0,0,-6.57806e-005,0.0645237,-0.187067,0.634384,0.501116,1
4250,280.284,-0.03318,-0.291865,1.23299,-0.00884665,-0.324132,-0.876645,0,0,0,0.000117354,0.0648581,-0.186517,0.635005,0.501121,1
4260,279.87,-0.033234,-0.29234,1.235,-0.00901267,-0.325593,-0.870476,0,0,0,0.000584185,0.0650196,-0.186593,0.635588,0.50115,1
4270,253.406,-0.0333354,-0.293232,1.23876,-0.00917903,-0.327056,-0.864294,0,0,0,0.000421173,0.065328,-0.187505,0.636329,0.501179,1
4280,236.065,-0.0335395,-0.295027,1.24635,-0.00934614,-0.328526,-0.858084,0,0,0,-0.000251582,0.0657155,-0.188509,0.637037,0.501217,1
4290,244.516,-0.0337488,-0.296869,1.25413,-0.00951432,-0.330005,-0.851834,0,0,0,-0.00042108,0.0660798,-0.188956,0.637806,0.501265,1
4300,256.692,-0.0339113,-0.298298,1.26016,-0.00968345,-0.331493,-0.845549,0,0,0,0.000259175,0.0664715,-0.188966,0.638658,0.501298,1
4310,272.898,-0.0340225,-0.299276,1.2643,-0.00985328,-0.332987,-0.839238,0,0,0,0.00095922,0.0669661,-0.18927,0.639465,0.50129,1
4320,288.973,-0.034076,-0.299747,1.26628,-0.0100235,-0.334485,-0.832912,0,0,0,0.00115864,0.0673414,-0.189883,0.640125,0.501248,1
4330,304.075,-0.0340826,-0.299804,1.26653,-0.0101939,-0.335984,-0.826579,0,0,0,0.000879777,0.0675526,-0.190533,0.640576,0.501217,1
4340,309.177,-0.0340628,-0.299618,1.26575,-0.0103643,-0.337482,-0.820248,0.102267,-0.099012,-0.32605,0.000292199,0.067727,-0.191247,0.640935,0.501222,1
4350,306.085,-0.0340657,-0.29939,1.26498,-0.0105346,-0.33898,-0.813921,0.107447,-0.107624,-0.352112,-0.000211269,0.0678773,-0.192308,0.641216,0.501209,1
4360,297.766,-0.0340887,-0.299324,1.26491,-0.010705,-0.340477,-0.807597,0.112957,-0.116818,-0.379333,-0.000178222,0.06778,-0.193539,0.641537,0.501172,1
4370,290.718,-0.0341371,-0.299467,1.26574,-0.0108756,-0.341973,-0.801271,0.118384,-0.125758,-0.404994,0.000336976,0.0673477,-0.194818,0.641789,0.501121,1
4380,289.448,-0.0341969,-0.299699,1.26695,-0.0110464,-0.343471,-0.794939,0.121539,-0.131647,-0.42074,0.00064032,0.0668452,-0.196284,0.641919,0.501122,1
4390,300.885,-0.0342453,-0.299825,1.26773,-0.0112175,-0.34497,-0.788602,0.121134,-0.1328,-0.421156,0.000334416,0.0666405,-0.197875,0.641934,0.501123,1
4400,318.117,-0.0342446,-0.299527,1.26671,-0.0113888,-0.346469,-0.782265,0.118926,-0.131129,-0.411161,-0.000295582,0.066609,-0.199095,0.641941,0.501124,1
4410,318.547,-0.03422,-0.299023,1.26482,-0.0115599,-0.347965,-0.775936,0.117796,-0.129778,-0.399792,-0.000624087,0.0664379,-0.199759,0.642044,0.501167,1
4420,305.041,-0.0342193,-0.298729,1.26381,-0.011731,-0.34946,-0.769614,0.119165,-0.130309,-0.391813,-0.000581788,0.0662759,-0.200383,0.642044,0.501167,1
4430,283.853,-0.0342641,-0.298826,1.26445,-0.0119022,-0.350953,-0.763295,0.122694,-0.132807,-0.387346,-0.000305599,0.0663962,-0.201517,0.642044,0.501167,1
4440,248.917,-0.0344104,-0.299804,1.26884,-0.0120738,-0.352449,-0.756965,0.0474091,-0.289111,-0.695443,0.000155884,0.0666467,-0.203134,0.642044,0.501167,1
4450,229.398,-0.0346566,-0.301797,1.27777,-0.0122464,-0.353952,-0.750602,-0.0804575,-0.083997,-1.00493,0.00086949,0.0667724,-0.204885,0.642044,0.501167,1
4460,241.718,-0.0348784,-0.303906,1.28705,-0.0124202,-0.355466,-0.744191,-0.105755,-0.103899,-1.07735,0.00154873,0.0669891,-0.20679,0.642044,0.501167,1
4470,268.093,-0.0349998,-0.305194,1.2929,-0.0125949,-0.356989,-0.737741,-0.13386,-0.1308,-1.16804,0.00214647,0.0675374,-0.209041,0.642044,0.501167,1
4480,285.173,-0.0350314,-0.305755,1.29574,-0.01277,-0.358516,-0.731269,-0.164374,-0.163545,-1.28074,0.00259548,0.0685018,-0.211402,0.642044,0.501167,1
4490,293.493,-0.0350145,-0.305947,1.29707,-0.0129451,-0.360046,-0.724787,-0.102927,0.048406,-1.67171,0.0027155,0.0696891,-0.213478,0.642165,0.501169,1
4500,276.795,-0.0350287,-0.306333,1.2991,-0.0131202,-0.361576,-0.718298,-0.129593,0.035195,-1.85552,0.00217812,0.0709142,-0.215344,0.642165,0.501169,1
4510,249.415,-0.035121,-0.307461,1.30434,-0.0132955,-0.36311,-0.711792,-0.160318,0.0193636,-2.062,0.00135136,0.0718573,-0.217278,0.642165,0.501169,1
4520,230.485,-0.0353125,-0.309525,1.31363,-0.0134715,-0.364652,-0.705251,-0.19354,-0.00487432,-2.29328,0.000656302,0.0723226,-0.219149,0.642165,0.501169,1
4530,259.735,-0.0354739,-0.311392,1.32217,-0.0136484,-0.366204,-0.698661,-0.227321,-0.0398386,-2.54747,0.000355624,0.0721392,-0.220724,0.642165,0.501169,1
4540,308.44,-0.0354532,-0.311726,1.32432,-0.0138258,-0.367762,-0.692043,-0.259672,-0.0785018,-2.81057,0.000273953,0.0715904,-0.222213,0.642165,0.501169,1
4550,336.922,-0.035315,-0.311097,1.32247,-0.0140028,-0.36932,-0.685424,-0.379442,0.0809665,-3.56477,0.000408168,0.0710251,-0.224011,0.642165,0.501169,1
4560,354.673,-0.0350954,-0.310058,1.31891,-0.0141789,-0.370873,-0.678819,-0.509517,-0.01883,-4.41316,0.000643034,0.0706278,-0.2259,0.642165,0.501169,1
4570,358.371,-0.034819,-0.308779,1.31466,-0.0143537,-0.37242,-0.672234,-0.634791,-0.148846,-6.30097,0.000872754,0.0701019,-0.227343,0.641533,0.501064,1
4580,343.365,-0.0345291,-0.307606,1.31148,-0.0145271,-0.373961,-0.665668,-0.552004,-0.402301,-7.25468,0.000853307,0.0693729,-0.228321,0.640452,0.500661,1
4590,328.035,-0.0342961,-0.306684,1.30988,-0.0146992,-0.375497,-0.659114,-0.636613,-0.346039,-8.83213,0.000777472,0.0684921,-0.229525,0.639146,0.500236,1
4600,311.614,-0.0340803,-0.306115,1.3101,-0.0148701,-0.377029,-0.652564,-0.67622,-0.386411,-9.40265,0.000777319,0.067733,-0.231227,0.638292,0.500099,1
4610,299.87,-0.0338939,-0.305911,1.31202,-0.01504,-0.378559,-0.646009,-0.742136,-0.391413,-9.90066,0.000796415,0.0672188,-0.233127,0.637773,0.500143,1
4620,292.052,-0.0337099,-0.30593,1.31496,-0.0152091,-0.380089,-0.639442,-0.996166,0.0487741,-10.6406,0.000520217,0.0670831,-0.234949,0.637462,0.50027,1
4630,290.204,-0.0334793,-0.306241,1.31878,-0.015377,-0.381619,-0.632858,-1.11063,0.323501,-10.8902,7.374e-005,0.0671896,-0.236798,0.637343,0.500389,1
4640,300.83,-0.0331957,-0.306476,1.32194,-0.0155437,-0.383151,-0.626256,-1.28059,0.769274,-11.028,-0.000238034,0.0674845,-0.238443,0.637421,0.500437,1
4650,308.471,-0.032839,-0.306601,1.32406,-0.0157089,-0.384684,-0.619641,-1.32805,1.70432,-11.5238,-3.2905e-005,0.067698,-0.239777,0.637525,0.500186,1
4660,305.573,-0.0324692,-0.306924,1.32609,-0.0158722,-0.386217,-0.613015,-1.46931,2.48012,-11.6586,0.000653003,0.0677304,-0.241133,0.637278,0.499821,1
4670,305.808,-0.0320894,-0.307506,1.32847,-0.0160336,-0.387753,-0.606379,-1.46102,3.22345,-11.9477,0.00153123,0.0677218,-0.24301,0.636805,0.499504,1
4680,308.521,-0.0317262,-0.308187,1.33058,-0.0161931,-0.389293,-0.599731,-0.994815,4.00899,-12.7805,0.00211341,0.0680503,-0.244977,0.636071,0.499171,1
4690,300.436,-0.0314935,-0.309156,1.33321,-0.0163511,-0.390836,-0.593072,-1.05589,4.94197,-13.4362,0.00232087,0.0686896,-0.246438,0.635478,0.498928,1
4700,289.298,-0.0312814,-0.310662,1.33719,-0.016508,-0.392385,-0.586397,-0.765334,6.01325,-13.3557,0.00238811,0.069351,-0.247403,0.63506,0.498666,1
4710,275.149,-0.0311956,-0.312772,1.34255,-0.0166641,-0.393943,-0.579698,-0.00151941,6.87584,-13.3225,0.00245603,0.069797,-0.248637,0.634943,0.498509,1
4720,253.456,-0.0314049,-0.315712,1.35051,-0.0168204,-0.395514,-0.572968,0.882292,7.90354,-12.4079,0.00229106,0.0701373,-0.250349,0.634943,0.498509,1
4730,248.621,-0.0319447,-0.319431,1.36029,-0.0169786,-0.397101,-0.566193,2.24289,9.07156,-10.3519,0.00176833,0.0703927,-0.252179,0.634943,0.498509,1
4740,254.857,-0.0328601,-0.323407,1.3689,-0.0171404,-0.398708,-0.559371,3.93053,10.8244,-6.45699,0.00102047,0.0704298,-0.253721,0.634372,0.498281,1
4750,251.729,-0.0341913,-0.327833,1.37589,-0.0173078,-0.400335,-0.55251,5.90691,13.2383,-0.552214,0.000362144,0.0700086,-0.255094,0.633685,0.498046,1
4760,240.656,-0.0360028,-0.33333,1.38258,-0.0174831,-0.401987,-0.545616,7.0664,16.5191,8.61171,0.000180653,0.0692122,-0.256184,0.633007,0.497816,1
4770,244.946,-0.0380605,-0.339981,1.38751,-0.0176682,-0.403669,-0.538691,7.3144,20.3938,20.6546,0.000523861,0.0682839,-0.256808,0.632647,0.497697,1
4780,271.499,-0.0400443,-0.347031,1.38608,-0.0178634,-0.405386,-0.531755,7.35667,25.6157,36.4943,0.000799846,0.0676386,-0.257219,0.632171,0.497559,1
4790,295.646,-0.0418579,-0.354605,1.37626,-0.0180683,-0.40714,-0.524846,7.04475,32.744,57.2336,0.000529192,0.0676613,-0.257861,0.631443,0.497347,1
4800,293.584,-0.0434364,-0.363904,1.35881,-0.0182816,-0.408935,-0.518006,5.78861,42.5276,87.8109,0.000112784,0.0683553,-0.258533,0.630669,0.497109,1
4810,276.161,-0.0445181,-0.376634,1.33357,-0.0185019,-0.410785,-0.511271,1.98388,57.0872,134.652,0.000137772,0.0690663,-0.258964,0.630002,0.496893,1
4820,276.899,-0.0441301,-0.394151,1.29516,-0.0187244,-0.412709,-0.504693,-7.11784,78.6532,203.886,0.000562237,0.069324,-0.259455,0.629662,0.496768,1
4830,287.842,-0.0402331,-0.417784,1.23494,-0.0189374,-0.414736,-0.498357,-27.068,108.944,303.14,0.000902376,0.0692608,-0.260343,0.629662,0.496768,1
4840,286.657,-0.0295157,-0.450039,1.14509,-0.0191155,-0.416901,-0.492393,-63.0221,149.615,436.706,0.000946276,0.0691562,-0.261291,0.629662,0.496768,1
4850,275.892,-0.00812745,-0.493448,1.01941,-0.0192147,-0.419254,-0.486966,-111.37,192.928,594.329,0.000604833,0.0690296,-0.261845,0.629662,0.496768,1
4860,276.764,0.0257503,-0.545733,0.856047,-0.0191759,-0.42185,-0.482263,-160.71,212.434,734.183,6.3515e-006,0.0692354,-0.262228,0.629662,0.496768,1
4870,301.32,0.0697031,-0.595907,0.664436,-0.0189402,-0.424708,-0.478453,-188.807,178.376,804.263,-0.00055073,0.070139,-0.263077,0.629662,0.496768,1
4880,313.93,0.116816,-0.62991,0.464172,-0.0184738,-0.427782,-0.475632,-188.328,94.4404,799.949,-0.00067649,0.0713497,-0.264267,0.629466,0.496733,1
4890,305.056,0.161654,-0.640353,0.269418,-0.017776,-0.430968,-0.473802,-172.97,-5.12001,767.385,-0.000478736,0.0720677,-0.265022,0.628844,0.49666,1
4900,283.903,0.202106,-0.628279,0.0840238,-0.0168645,-0.434148,-0.472923,-151.956,-90.03,726.422,-0.000146861,0.0722851,-0.265204,0.628217,0.496623,1
4910,257.521,0.237909,-0.599985,-0.0897139,-0.0157629,-0.437223,-0.472942,-132.897,-147.6,672.478,0.000236944,0.0723763,-0.265512,0.627805,0.496625,1
4920,249.419,0.270929,-0.562275,-0.249168,-0.0144905,-0.440131,-0.473796,-125.744,-175.289,606.024,0.00088976,0.0723683,-0.266127,0.627805,0.496625,1
4930,272.875,0.303476,-0.519744,-0.391909,-0.0130548,-0.442837,-0.475406,-129.178,-182.772,536.897,0.00144916,0.0721229,-0.266606,0.627805,0.496625,1
4940,300.095,0.336597,-0.474752,-0.51751,-0.0114551,-0.445324,-0.477686,-135.411,-184.07,475.139,0.00138636,0.0719481,-0.266923,0.627805,0.496625,1
4950,307.805,0.370775,-0.428833,-0.628067,-0.00968722,-0.447583,-0.480556,-141.85,-184.305,421.269,0.000585862,0.0720366,-0.267393,0.627805,0.496625,1
4960,286.336,0.406452,-0.38344,-0.726748,-0.00774476,-0.449613,-0.483947,-144.201,-181.915,375.549,-0.000325344,0.0720409,-0.267709,0.627805,0.496625,1
4970,257.692,0.442983,-0.340016,-0.816843,-0.00562156,-0.451421,-0.487809,-139.822,-175.753,334.314,-0.000978888,0.0717126,-0.267373,0.627805,0.496625,1
4980,241.584,0.478908,-0.299446,-0.899073,-0.00331679,-0.453018,-0.492101,-129.688,-164.573,292.08,-0.000971585,0.0713447,-0.266693,0.627805,0.496625,1
4990,243.195,0.512501,-0.261942,-0.971732,-0.000837709,-0.454419,-0.496782,-117.357,-151.727,249.413,-0.000214545,0.07097,-0.26647,0.627805,0.496625,1
