step,T,sn_vel[0],sn_vel[1],sn_vel[2],sn_crd[0],sn_crd[1],sn_crd[2],sn_f[0],sn_f[1],sn_f[2],target_crd[0],target_crd[1],target_crd[2],boundary[0],boundary[1],boundary[2]
0,0.00164217,0,0,0,-1.67977e-008,2.16744e-009,0.981818,0,0,0,0.000355569,0.0551816,-0.0489989,0.637118,0.498473,1
10,0.261437,0,0,0,-1.67977e-008,2.16744e-009,0.981818,0,0,0,0.000364533,0.0551727,-0.0489912,0.637136,0.498487,1
20,0.337124,0,0,0,-1.67977e-008,2.16744e-009,0.981818,0,0,0,0.000383214,0.0551567,-0.048934,0.637162,0.498514,1
30,0.505186,0,0,0,-1.67977e-008,2.16744e-009,0.981818,0,0,0,0.000406226,0.0551428,-0.0488455,0.637169,0.498526,1
40,0.657671,0,0,0,-1.67977e-008,2.16744e-009,0.981818,0,0,0,0.000420153,0.0551531,-0.0488154,0.637177,0.49855,1
50,0.743599,0,0,0,-1.67977e-008,2.16744e-009,0.981818,0,0,0,0.000423639,0.0551693,-0.0488326,0.63718,0.498569,1
60,0.810551,0,0,0,-1.67977e-008,2.16744e-009,0.981818,0,0,0,0.000423275,0.0551725,-0.0487862,0.637176,0.498603,1
70,0.893991,0,0,0,-1.67977e-008,2.16744e-009,0.981818,0,0,0,0.000425357,0.055162,-0.0486603,0.637167,0.498638,1
80,0.89635,0,0,0,-1.67977e-008,2.16744e-009,0.981818,0,0,0,0.000419299,0.0551619,-0.0485522,0.63715,0.498681,1
90,0.933035,0,0,0,-1.67977e-008,2.16744e-009,0.981818,0,0,0,0.000402292,0.0551737,-0.0485042,0.637134,0.498711,1
100,0.926975,0,0,0,-1.67977e-008,2.16744e-009,0.981818,0,0,0,0.000386959,0.0551842,-0.0484546,0.637118,0.498736,1
110,9.90976,0,0,0,-1.67977e-008,2.16744e-009,0.981818,0,0,0,0.000370767,0.0551823,-0.0482451,0.637075,0.498806,1
120,17.0503,0,0,0,-1.67977e-008,2.16744e-009,0.981818,0,0,0,0.000337496,0.0551713,-0.0478906,0.637044,0.498863,1
130,21.8823,0,0,0,-1.67977e-008,2.16744e-009,0.981818,0,0,0,0.0002789,0.0551526,-0.047467,0.637021,0.498911,1
140,25.0011,0,0,0,-1.67977e-008,2.16744e-009,0.981818,0,0,0,0.000220152,0.0551236,-0.0469762,0.636989,0.49898,1
150,26.9903,0,0,0,-1.67977e-008,2.16744e-009,0.981818,0,0,0,0.000189022,0.0550927,-0.0464751,0.636967,0.499036,1
160,28.1472,0,0,0,-1.67977e-008,2.16744e-009,0.981818,0,0,0,0.000180726,0.0550903,-0.0460356,0.636962,0.49905,1
170,28.7034,0,0,0,-1.67977e-008,2.16744e-009,0.981818,0,0,0,0.000187285,0.0551091,-0.0455872,0.636957,0.499064,1
180,28.9945,0,0,0,-1.67977e-008,2.16744e-009,0.981818,0,0,0,0.000201025,0.0551131,-0.0450101,0.636957,0.499064,1
190,28.8924,0,0,0,-1.67977e-008,2.16744e-009,0.981818,0,0,0,0.000200862,0.055089,-0.0443692,0.636957,0.499064,1
200,28.8512,0,0,0,-1.67977e-008,2.16744e-009,0.981818,0,0,0,0.000169916,0.0550553,-0.0438116,0.636957,0.499064,1
210,38.0163,0,0,0,-1.67977e-008,2.16744e-009,0.981818,0,0,0,0.000123971,0.0550153,-0.043267,0.636957,0.499064,1
220,44.2101,0,0,0,-1.67977e-008,2.16744e-009,0.981818,0,0,0,9.34113e-005,0.0549614,-0.0425759,0.636957,0.499064,1
230,48.151,0,0,0,-1.67977e-008,2.16744e-009,0.981818,0,0,0,6.4215e-005,0.0549182,-0.0417489,0.636957,0.499064,1
240,50.6312,0,0,0,-1.67977e-008,2.16744e-009,0.981818,0,0,0,-5.87002e-006,0.0549174,-0.0408965,0.636957,0.499064,1
250,51.8224,0,0,0,-1.67977e-008,2.16744e-009,0.981818,0,0,0,-0.000104439,0.054943,-0.040039,0.636957,0.499069,1
260,52.3962,0,0,0,-1.67977e-008,2.16744e-009,0.981818,0,0,0,-0.000167974,0.0549358,-0.0391421,0.636956,0.499085,1
270,52.1995,0,0,0,-1.67977e-008,2.16744e-009,0.981818,0,0,0,-0.000196891,0.0548901,-0.0382378,0.636956,0.499098,1
280,51.7347,0,0,0,-1.67977e-008,2.16744e-009,0.981818,0,0,0,-0.000237984,0.0548396,-0.0373424,0.636956,0.499112,1
290,50.8216,0,0,0,-1.67977e-008,2.16744e-009,0.981818,0,0,0,-0.000297927,0.0548053,-0.0363805,0.636956,0.499112,1
300,49.8635,0,0,0,-1.67977e-008,2.16744e-009,0.981818,0,0,0,-0.000345352,0.0547811,-0.0353306,0.636956,0.499129,1
310,57.8379,0,0,0,-1.67977e-008,2.16744e-009,0.981818,0,0,0,-0.000387962,0.0547931,-0.0342613,0.636957,0.499179,1
320,62.7299,0,0,0,-1.67977e-008,2.16744e-009,0.981818,0,0,0,-0.00040627,0.0548284,-0.0332346,0.63696,0.499243,1
330,65.3813,0,0,0,-1.67977e-008,2.16744e-009,0.981818,0,0,0,-0.000364398,0.0548343,-0.0321565,0.636966,0.499345,1
340,66.8302,0,0,0,-1.67977e-008,2.16744e-009,0.981818,0,0,0,-0.000283968,0.0547805,-0.0309328,0.636977,0.499507,1
350,67.4552,0,0,0,-1.67977e-008,2.16744e-009,0.981818,0,0,0,-0.000259999,0.0547354,-0.0296573,0.636993,0.4997,1
360,67.7878,0,0,0,-1.67977e-008,2.16744e-009,0.981818,0,0,0,-0.000303281,0.0547301,-0.0284405,0.637013,0.49992,1
370,67.9833,0,0,0,-1.67977e-008,2.16744e-009,0.981818,0,0,0,-0.000349216,0.054738,-0.0272446,0.637042,0.500198,1
380,68.2276,0,0,0,-1.67977e-008,2.16744e-009,0.981818,0,0,0,-0.000336391,0.054715,-0.0260294,0.637077,0.50051,1
390,68.6325,0,0,0,-1.67977e-008,2.16744e-009,0.981818,0,0,0,-0.000301075,0.0546981,-0.0248123,0.637114,0.500822,1
400,69.2377,0,0,0,-1.67977e-008,2.16744e-009,0.981818,0,0,0,-0.000274183,0.05469,-0.0235711,0.637157,0.501161,1
410,78.9915,0,0,0,-1.67977e-008,2.16744e-009,0.981818,0,0,0,-0.000251018,0.0546646,-0.0221912,0.637209,0.501553,1
420,85.4351,0,0,0,-1.67977e-008,2.16744e-009,0.981818,0,0,0,-0.000192282,0.054608,-0.0207253,0.637264,0.501945,1
430,89.8024,0,0,0,-1.67977e-008,2.16744e-009,0.981818,0,0,0,-0.000117787,0.0545853,-0.0193262,0.637316,0.502297,1
440,92.0619,0,0,0,-1.67977e-008,2.16744e-009,0.981818,0,0,0,-2.07479e-005,0.0545729,-0.0180062,0.637367,0.502623,1
450,93.0575,0,0,0,-1.67977e-008,2.16744e-009,0.981818,0,0,0,0.000103023,0.0545259,-0.0166094,0.637419,0.50295,1
460,92.7908,0,0,0,-1.67977e-008,2.16744e-009,0.981818,0,0,0,0.00023669,0.0544686,-0.0151084,0.637476,0.503282,1
470,91.8157,0,0,0,-1.67977e-008,2.16744e-009,0.981818,0,0,0,0.000330112,0.0544757,-0.0136224,0.637532,0.503601,1
480,90.5276,0,0,0,-1.67977e-008,2.16744e-009,0.981818,0,0,0,0.0004199,0.0544806,-0.0122474,0.637582,0.503871,1
490,89.691,0,0,0,-1.67977e-008,2.16744e-009,0.981818,0,0,0,0.000547195,0.0544195,-0.010928,0.637621,0.504074,1
500,89.0515,0,0,0,-1.67977e-008,2.16744e-009,0.981818,0,0,0,0.000691634,0.0543194,-0.00965037,0.637652,0.504227,1
510,98.8566,0,0,0,-1.67977e-008,2.16744e-009,0.981818,0,0,0,0.00077969,0.0542372,-0.0083867,0.637679,0.504354,1
520,106.417,0,0,0,-1.67977e-008,2.16744e-009,0.981818,0,0,0,0.000830013,0.0541446,-0.00712484,0.637701,0.50445,1
530,113.541,0,0,0,-1.67977e-008,2.16744e-009,0.981818,0,0,0,0.000931094,0.0540451,-0.00589688,0.637716,0.504514,1
540,120.035,0,0,0,-1.67977e-008,2.16744e-009,0.981818,0,0,0,0.00108903,0.0539675,-0.00486863,0.637725,0.504554,1
550,126.448,0,0,0,-1.67977e-008,2.16744e-009,0.981818,0,0,0,0.00120682,0.0539184,-0.00413342,0.637726,0.504557,1
560,131.16,0,0,0,-1.67977e-008,2.16744e-009,0.981818,0,0,0,0.00130656,0.053863,-0.00361644,0.637735,0.504593,1
570,134.99,0,0,0,-1.67977e-008,2.16744e-009,0.981818,0,0,0,0.00149807,0.0538162,-0.00317886,0.637735,0.504593,1
580,137.67,0,0,0,-1.67977e-008,2.16744e-009,0.981818,0,0,0,0.00174796,0.0538017,-0.00283211,0.637735,0.504593,1
590,139.299,0,0,0,-1.67977e-008,2.16744e-009,0.981818,0,0,0,0.00199019,0.053773,-0.00271827,0.637735,0.504593,1
600,140.392,0,0,0,-1.67977e-008,2.16744e-009,0.981818,0,0,0,0.00227716,0.053676,-0.00292965,0.637735,0.504593,1
610,149.578,0,0,0,-1.67977e-008,2.16744e-009,0.981818,0,0,0,0.00262311,0.0535888,-0.00336751,0.637735,0.504593,1
620,154.335,0,0,0,-1.67977e-008,2.16744e-009,0.981818,0,0,0,0.00291403,0.0536197,-0.00384995,0.637735,0.504593,1
630,156.571,0,0,0,-1.67977e-008,2.16744e-009,0.981818,0,0,0,0.00320737,0.0536866,-0.00435822,0.637735,0.504593,1
640,156.981,0,0,0,-1.67977e-008,2.16744e-009,0.981818,0,0,0,0.00361208,0.0536664,-0.00494589,0.637735,0.504593,1
650,156.012,0,0,0,-1.67977e-008,2.16744e-009,0.981818,0,0,0,0.00400901,0.0535928,-0.00561434,0.637735,0.504593,1
660,156.026,0,0,0,-1.67977e-008,2.16744e-009,0.981818,0,0,0,0.00419669,0.05355,-0.00634604,0.637735,0.504593,1
670,155.38,0,0,0,-1.67977e-008,2.16744e-009,0.981818,0,0,0,0.00431737,0.0534904,-0.0072467,0.637735,0.504593,1
680,155.502,0,0,0,-1.67977e-008,2.16744e-009,0.981818,0,0,0,0.00450579,0.053391,-0.00823085,0.637735,0.504593,1
690,156.393,0,0,0,-1.67977e-008,2.16744e-009,0.981818,0,0,0,0.00465863,0.0532992,-0.00908155,0.637735,0.504593,1
700,156.767,0,0,0,-1.67977e-008,2.16744e-009,0.981818,0,0,0,0.00469101,0.0532519,-0.00979271,0.637735,0.504593,1
710,166.635,0,0,0,-1.67977e-008,2.16744e-009,0.981818,0,0,0,0.00476699,0.0531998,-0.0107144,0.637735,0.504593,1
720,173.452,0,0,0,-1.67977e-008,2.16744e-009,0.981818,0,0,0,0.00482545,0.0531472,-0.0118393,0.637735,0.504593,1
730,177.607,0,0,0,-1.67977e-008,2.16744e-009,0.981818,0,0,0,0.00474403,0.0531566,-0.0128727,0.637735,0.504593,1
740,180.632,0,0,0,-1.67977e-008,2.16744e-009,0.981818,0,0,0,0.0046159,0.0532822,-0.013702,0.637735,0.504593,1
750,184.296,0,0,0,-1.67977e-008,2.16744e-009,0.981818,0,0,0,0.00456411,0.0534387,-0.0145631,0.637735,0.504593,1
760,187.19,0,0,0,-1.67977e-008,2.16744e-009,0.981818,0,0,0,0.00435295,0.0535327,-0.0154124,0.637735,0.504593,1
770,193.35,0,0,0,-1.67977e-008,2.16744e-009,0.981818,0,0,0,0.00399398,0.0535971,-0.0161145,0.637735,0.504593,1
780,198.871,0,0,0,-1.67977e-008,2.16744e-009,0.981818,0,0,0,0.00381971,0.0537288,-0.0166131,0.637735,0.504593,1
790,203.124,0,0,0,-1.67977e-008,2.16744e-009,0.981818,0,0,0,0.0039334,0.0538759,-0.0169833,0.637735,0.504593,1
800,203.285,0,0,0,-1.67977e-008,2.16744e-009,0.981818,0,0,0,0.00403268,0.053972,-0.0170437,0.637735,0.504593,1
810,206.723,0,0,0,-1.67977e-008,2.16744e-009,0.981818,0,0,0,0.00406403,0.0540083,-0.0167554,0.637735,0.504593,1
820,200.193,0,0,0,-1.67977e-008,2.16744e-009,0.981818,0,0,0,0.00413415,0.0539252,-0.0162828,0.637735,0.504593,1
830,189.646,0,0,0,-1.67977e-008,2.16744e-009,0.981818,0,0,0,0.00416096,0.0537038,-0.0158584,0.637735,0.504593,1
840,189.822,0,0,0,-1.67977e-008,2.16744e-009,0.981818,0,0,0,0.00397071,0.0535221,-0.0153168,0.637735,0.504593,1
850,208.59,0,0,0,-1.67977e-008,2.16744e-009,0.981818,0,0,0,0.00371172,0.053412,-0.0145357,0.637735,0.504593,1
860,229.528,0,0,0,-1.67977e-008,2.16744e-009,0.981818,0,0,0,0.00354433,0.0530954,-0.0136192,0.637735,0.504593,1
870,237.235,0,0,0,-1.67977e-008,2.16744e-009,0.981818,0,0,0,0.00325424,0.0525161,-0.0127977,0.637735,0.504593,1
880,236.087,0,0,0,-1.67977e-008,2.16744e-009,0.981818,0,0,0,0.00267175,0.0519352,-0.012026,0.637735,0.504593,1
890,233.309,0,0,0,-1.67977e-008,2.16744e-009,0.981818,0,0,0,0.00214734,0.0515341,-0.0112952,0.637735,0.504593,1
900,235.256,0,0,0,-1.67977e-008,2.16744e-009,0.981818,0,0,0,0.0019588,0.0513372,-0.010637,0.637735,0.504593,1
910,250.371,0,0,0,-1.67977e-008,2.16744e-009,0.981818,0,0,0,0.00178953,0.0514343,-0.0101512,0.637735,0.504593,1
920,259.626,0,0,0,-1.67977e-008,2.16744e-009,0.981818,0,0,0,0.00157612,0.0517704,-0.00985306,0.637735,0.504593,1
930,258.699,0,0,0,-1.67977e-008,2.16744e-009,0.981818,0,0,0,0.00177809,0.052145,-0.00971554,0.637735,0.504593,1
940,249.638,0,0,0,-1.67977e-008,2.16744e-009,0.981818,0,0,0,0.00234452,0.052474,-0.0096978,0.637735,0.504593,1
950,238.221,0,0,0,-1.67977e-008,2.16744e-009,0.981818,0,0,0,0.0026303,0.052884,-0.00986111,0.637735,0.504593,1
960,233.708,0,0,0,-1.67977e-008,2.16744e-009,0.981818,0,0,0,0.00267167,0.0533198,-0.0101077,0.637735,0.504593,1
970,241.686,0,0,0,-1.67977e-008,2.16744e-009,0.981818,0,0,0,0.00284585,0.0535571,-0.0101901,0.637735,0.504593,1
980,258.501,0,0,0,-1.67977e-008,2.16744e-009,0.981818,0,0,0,0.00287111,0.0535619,-0.0100286,0.637735,0.504593,1
990,274.089,0,0,0,-1.67977e-008,2.16744e-009,0.981818,0,0,0,0.00239488,0.0536317,-0.00978605,0.637735,0.504593,1
1000,282.693,0,0,0,-1.67977e-008,2.16744e-009,0.981818,0,0,0,0.00191856,0.0538146,-0.00955481,0.637331,0.50348,1
1010,300.606,0,0,0,-1.67977e-008,2.16744e-009,0.981818,0,0,0,0.00176285,0.0538327,-0.00928417,0.637123,0.502982,1
1020,312.59,0,0,0,-1.67977e-008,2.16744e-009,0.981818,0,0,0,0.00157505,0.0535328,-0.00902998,0.636717,0.501899,1
1030,319.774,0,0,0,-1.67977e-008,2.16744e-009,0.981818,0,0,0,0.00116593,0.0530497,-0.00888901,0.636441,0.500879,1
1040,319.832,0,0,0,-1.67977e-008,2.16744e-009,0.981818,0,0,0,0.000996133,0.0523886,-0.0087929,0.636278,0.499991,1
1050,316.742,0,0,0,-1.67977e-008,2.16744e-009,0.981818,0,0,0,0.00123954,0.0516472,-0.00861047,0.63621,0.499288,1
1060,312.962,0,0,0,-1.67977e-008,2.16744e-009,0.981818,0,0,0,0.00147994,0.0511491,-0.00846694,0.636219,0.498604,1
1070,311.224,0,0,0,-1.67977e-008,2.16744e-009,0.981818,0,0,0,0.00147851,0.0509715,-0.00857507,0.636291,0.498011,1
1080,310.293,0,0,0,-1.67977e-008,2.16744e-009,0.981818,0,0,0,0.00165695,0.0506858,-0.00898528,0.636385,0.497719,1
1090,310.741,0,0,0,-1.67977e-008,2.16744e-009,0.981818,0,0,0,0.00213213,0.0501823,-0.0095455,0.636476,0.49756,1
1100,311.869,0,0,0,-1.67977e-008,2.16744e-009,0.981818,0,0,0,0.00254406,0.0498776,-0.0101556,0.636476,0.49756,1
1110,313.643,0,0,0,-1.67977e-008,2.16744e-009,0.981818,0,0,0,0.00293514,0.0500335,-0.0108905,0.636476,0.49756,1
1120,318.321,0,0,0,-1.67977e-008,2.16744e-009,0.981818,0,0,0,0.00362685,0.0504173,-0.0118354,0.636476,0.49756,1
1130,323.154,0,0,0,-1.67977e-008,2.16744e-009,0.981818,0,0,0,0.00418662,0.0509465,-0.0128973,0.636714,0.497512,1
1140,330.53,0,0,0,-1.67977e-008,2.16744e-009,0.981818,0,0,0,0.00413621,0.0516783,-0.0140745,0.636855,0.497524,1
1150,333.198,0,0,0,-1.67977e-008,2.16744e-009,0.981818,0,0,0,0.00394726,0.0523805,-0.0155047,0.637298,0.497584,1
1160,338.586,0,0,0,-1.67977e-008,2.16744e-009,0.981818,0,0,0,0.0041019,0.0527157,-0.0170433,0.637823,0.497626,1
1170,346.285,0,0,0,-1.67977e-008,2.16744e-009,0.981818,0,0,0,0.00416236,0.0528822,-0.0183101,0.63845,0.497644,1
1180,355.406,0,0,0,-1.67977e-008,2.16744e-009,0.981818,0,0,0,0.00382851,0.0532008,-0.0193967,0.639406,0.497643,1
1190,363.74,0,0,0,-1.67977e-008,2.16744e-009,0.981818,0,0,0,0.00355044,0.053569,-0.020702,0.640443,0.497617,1
1200,370.116,0,0,0,-1.67977e-008,2.16744e-009,0.981818,0,0,0,0.00336763,0.0537979,-0.0222005,0.641399,0.497571,1
1210,372.075,0,0,0,-1.67977e-008,2.16744e-009,0.981818,0,0,0,0.00280576,0.0540282,-0.0235164,0.642346,0.497512,1
1220,370.945,0,0,0,-1.67977e-008,2.16744e-009,0.981818,0,0,0,0.00205364,0.0542193,-0.0246913,0.643252,0.497442,1
1230,363.203,0,0,0,-1.67977e-008,2.16744e-009,0.981818,0,0,0,0.00183164,0.0539332,-0.0259384,0.644038,0.497367,1
1240,350.606,0,0,0,-1.67977e-008,2.16744e-009,0.981818,0,0,0,0.0019284,0.0530917,-0.0271204,0.644609,0.497297,1
1250,335.365,0,0,0,-1.67977e-008,2.16744e-009,0.981818,0,0,0,0.00166209,0.0522385,-0.0278736,0.644811,0.49725,1
1260,315.839,0,0,0,-1.67977e-008,2.16744e-009,0.981818,0,0,0,0.00113824,0.0517642,-0.0282901,0.644811,0.49725,1
1270,300.673,0,0,0,-1.67977e-008,2.16744e-009,0.981818,0,0,0,0.000976926,0.0515206,-0.0286646,0.644811,0.49725,1
1280,286.582,0,0,0,-1.67977e-008,2.16744e-009,0.981818,0,0,0,0.00099579,0.0514369,-0.0291526,0.644811,0.49725,1
1290,276.887,0,0,0,-1.67977e-008,2.16744e-009,0.981818,0,0,0,0.0008727,0.0517334,-0.0296775,0.644811,0.49725,1
1300,269.231,0,0,0,-1.67977e-008,2.16744e-009,0.981818,0,0,0,0.00087351,0.0524256,-0.0304033,0.644811,0.49725,1
1310,267.374,0,0,0,-1.67977e-008,2.16744e-009,0.981818,0,0,0,0.00128775,0.0531998,-0.0314363,0.644811,0.49725,1
1320,271.848,0,0,0,-1.67977e-008,2.16744e-009,0.981818,0,0,0,0.00182478,0.0538842,-0.0327519,0.644811,0.49725,1
1330,285.389,0,0,0,-1.67977e-008,2.16744e-009,0.981818,0,0,0,0.00225336,0.0546156,-0.0341299,0.644811,0.49725,1
1340,298.587,0,0,0,-1.67977e-008,2.16744e-009,0.981818,0,0,0,0.00255631,0.0553347,-0.0355446,0.644811,0.49725,1
1350,308.732,0,0,0,-1.67977e-008,2.16744e-009,0.981818,0,0,0,0.00263634,0.0558326,-0.0370015,0.644811,0.49725,1
1360,309.467,0,0,0,-1.67977e-008,2.16744e-009,0.981818,0,0,0,0.00230258,0.0561021,-0.0384269,0.644811,0.49725,1
1370,303.561,0,0,0,-1.67977e-008,2.16744e-009,0.981818,0,0,0,0.00173281,0.0563564,-0.0395185,0.644819,0.497226,1
1380,307.687,0,0,0,-1.67977e-008,2.16744e-009,0.981818,0,0,0,0.00142193,0.0564305,-0.0402731,0.644882,0.497119,1
1390,327.303,0,0,0,-1.67977e-008,2.16744e-009,0.981818,0,0,0,0.00149715,0.0561542,-0.0408806,0.644948,0.497037,1
1400,357.858,0,0,0,-1.67977e-008,2.16744e-009,0.981818,0,0,0,0.00168308,0.0557301,-0.0413578,0.645016,0.496971,1
1410,386.168,0,0,0,-1.67977e-008,2.16744e-009,0.981818,0,0,0,0.00190722,0.0554512,-0.0414705,0.645044,0.496959,1
1420,403.539,0,0,0,-1.67977e-008,2.16744e-009,0.981818,0,0,0,0.00238204,0.0552054,-0.041294,0.645044,0.496959,1
1430,413.32,0,0,0,-1.67977e-008,2.16744e-009,0.981818,0,0,0,0.00286961,0.0549069,-0.0411008,0.645044,0.496959,1
1440,415.779,0,0,0,-1.67977e-008,2.16744e-009,0.981818,0,0,0,0.00283909,0.0546476,-0.0409469,0.645044,0.496959,1
1450,403.27,0,0,0,-1.67977e-008,2.16744e-009,0.981818,0,0,0,0.0021294,0.0544469,-0.040691,0.645044,0.496959,1
1460,381.818,0,0,0,-1.67977e-008,2.16744e-009,0.981818,0,0,0,0.00106185,0.054235,-0.0404529,0.645044,0.496959,1
1470,356.338,0,0,0,-1.67977e-008,2.16744e-009,0.981818,0,0,0,-8.71133e-005,0.0541153,-0.0405803,0.645044,0.496959,1
1480,340.659,0,0,0,-1.67977e-008,2.16744e-009,0.981818,0,0,0,-0.00105846,0.0542441,-0.0411271,0.645044,0.496959,1
1490,338.189,0,0,0,-1.67977e-008,2.16744e-009,0.981818,0,0,0,-0.00158646,0.054526,-0.0417618,0.645044,0.496959,1
1500,341.819,0,0,0,-1.67977e-008,2.16744e-009,0.981818,0,0,0,-0.0016053,0.0547911,-0.0422763,0.645044,0.496959,1
1510,336.727,0,0,0,-1.67977e-008,2.16744e-009,0.981818,0,0,0,-0.00141495,0.0550335,-0.0427742,0.645044,0.496959,1
1520,328.795,0,0,0,-1.67977e-008,2.16744e-009,0.981818,0,0,0,-0.00122074,0.0553425,-0.043277,0.645044,0.496959,1
1530,330.157,0,0,0,-1.67977e-008,2.16744e-009,0.981818,0,0,0,-0.00101497,0.055587,-0.04368,0.645044,0.496959,1
1540,338.911,0,0,0,-1.67977e-008,2.16744e-009,0.981818,0,0,0,-0.000847913,0.0557323,-0.0440737,0.645044,0.496959,1
1550,343.084,0,0,0,-1.67977e-008,2.16744e-009,0.981818,0,0,0,-0.000947468,0.055921,-0.0446604,0.645102,0.496997,1
1560,334.917,0,0,0,-1.67977e-008,2.16744e-009,0.981818,0,0,0,-0.00124429,0.056269,-0.0453256,0.645224,0.497039,1
1570,321.279,0,0,0,-1.67977e-008,2.16744e-009,0.981818,0,0,0,-0.00142658,0.0565732,-0.0456942,0.645405,0.497073,1
1580,307.86,0,0,0,-1.67977e-008,2.16744e-009,0.981818,0,0,0,-0.00130336,0.0568573,-0.0456307,0.645531,0.497074,1
1590,297.762,0,0,0,-1.67977e-008,2.16744e-009,0.981818,0,0,0,-0.000937018,0.0571895,-0.0453708,0.645531,0.497074,1
1600,286.435,0,0,0,-1.67977e-008,2.16744e-009,0.981818,0,0,0,-0.000456612,0.0574244,-0.0450646,0.645531,0.497074,1
1610,274.018,0,0,0,-1.67977e-008,2.16744e-009,0.981818,0,0,0,-0.000176616,0.0572015,-0.0445734,0.645531,0.497074,1
1620,259.999,0,0,0,-1.67977e-008,2.16744e-009,0.981818,0,0,0,-0.000281894,0.0567162,-0.0439213,0.645531,0.497074,1
1630,248.296,0,0,0,-1.67977e-008,2.16744e-009,0.981818,0,0,0,-0.00057105,0.0563013,-0.0434276,0.645531,0.497074,1
1640,239.032,0,0,0,-1.67977e-008,2.16744e-009,0.981818,0,0,0,-0.000703622,0.0560698,-0.0432473,0.645531,0.497074,1
1650,234.496,0,0,0,-1.67977e-008,2.16744e-009,0.981818,0,0,0,-0.000746832,0.0558417,-0.0432194,0.645603,0.49694,1
1660,233.908,0,0,0,-1.67977e-008,2.16744e-009,0.981818,0,0,0,-0.000820571,0.0557482,-0.0432849,0.645698,0.496634,1
1670,246.807,0,0,0,-1.67977e-008,2.16744e-009,0.981818,0,0,0,-0.000818937,0.055791,-0.0435998,0.645801,0.496315,1
1680,268.96,0,0,0,-1.67977e-008,2.16744e-009,0.981818,0,0,0,-0.000620706,0.0557842,-0.0441906,0.64597,0.495887,1
1690,296.65,0,0,0,-1.67977e-008,2.16744e-009,0.981818,0,0,0,-0.000407102,0.055578,-0.0448876,0.646183,0.495438,1
1700,324.396,0,0,0,-1.67977e-008,2.16744e-009,0.981818,0,0,0,-0.00026173,0.0554968,-0.0456496,0.646418,0.495016,1
1710,346.017,0,0,0,-1.67977e-008,2.16744e-009,0.981818,0,0,0,-0.000139934,0.0555738,-0.0466318,0.646653,0.494654,1
1720,356.267,0,0,0,-1.67977e-008,2.16744e-009,0.981818,0,0,0,-0.000156999,0.0555338,-0.0477421,0.646857,0.494383,1
1730,348.69,0,0,0,-1.67977e-008,2.16744e-009,0.981818,0,0,0,-0.00058864,0.0552613,-0.0486167,0.647011,0.494195,1
1740,319.189,0,0,0,-1.67977e-008,2.16744e-009,0.981818,0,0,0,-0.00127622,0.055139,-0.0490448,0.647115,0.494043,1
1750,275.678,0,0,0,-1.67977e-008,2.16744e-009,0.981818,0,0,0,-0.00175444,0.0551837,-0.0491453,0.647237,0.493848,1
1760,235.849,0,0,0,-1.67977e-008,2.16744e-009,0.981818,0,0,0,-0.0018917,0.0551729,-0.0489689,0.647386,0.493593,1
1770,218.705,0,0,0,-1.67977e-008,2.16744e-009,0.981818,0,0,0,-0.00178817,0.0551489,-0.0484623,0.647522,0.493343,1
1780,230.673,0,0,0,-1.67977e-008,2.16744e-009,0.981818,0,0,0,-0.00140568,0.0553037,-0.0476878,0.647625,0.493138,1
1790,255.43,0,0,0,-1.67977e-008,2.16744e-009,0.981818,0,0,0,-0.000867717,0.0553297,-0.0467998,0.647712,0.492944,1
1800,280.34,0,0,0,-1.67977e-008,2.16744e-009,0.981818,0,0,0,-0.000510802,0.0551223,-0.045625,0.647781,0.492754,1
1810,299.152,0,0,0,-1.67977e-008,2.16744e-009,0.981818,0,0,0,-0.000346554,0.0550333,-0.043976,0.647785,0.492729,1
1820,306.761,0,0,0,-1.67977e-008,2.16744e-009,0.981818,0,0,0,-0.000196728,0.0551648,-0.0420423,0.647785,0.492729,1
1830,306.55,0,0,0,-1.67977e-008,2.16744e-009,0.981818,0,0,0,-0.000132647,0.0552058,-0.040192,0.647785,0.492729,1
1840,298.407,0,0,0,-1.67977e-008,2.16744e-009,0.981818,0,0,0,-0.000301553,0.055223,-0.0383819,0.647785,0.492729,1
1850,293.354,0,0,0,-1.67977e-008,2.16744e-009,0.981818,0,0,0,-0.000611641,0.0553672,-0.0364998,0.647785,0.492729,1
1860,285.919,0,0,0,-1.67977e-008,2.16744e-009,0.981818,0,0,0,-0.000880338,0.055246,-0.0346946,0.647785,0.492729,1
1870,274.313,0,0,0,-1.67977e-008,2.16744e-009,0.981818,0,0,0,-0.000984759,0.0545825,-0.0331968,0.647785,0.492729,1
1880,265.295,0,0,0,-1.67977e-008,2.16744e-009,0.981818,0,0,0,-0.000953452,0.0537996,-0.03198,0.647785,0.492729,1
1890,263.259,0,0,0,-1.67977e-008,2.16744e-009,0.981818,0,0,0,-0.000877803,0.0532577,-0.031065,0.647785,0.492729,1
1900,263.215,0,0,0,-1.67977e-008,2.16744e-009,0.981818,0,0,0,-0.000736931,0.0528549,-0.0305865,0.647785,0.492729,1
1910,263.167,0,0,0,-1.67977e-008,2.16744e-009,0.981818,0,0,0,-0.000497456,0.0527591,-0.0304894,0.647786,0.492704,1
1920,266.804,0,0,0,-1.67977e-008,2.16744e-009,0.981818,0,0,0,-0.000274306,0.0531428,-0.0303534,0.647786,0.492704,1
1930,277.083,0,0,0,-1.67977e-008,2.16744e-009,0.981818,0,0,0,-6.53891e-005,0.0536404,-0.0298938,0.647786,0.492704,1
1940,288.905,0,0,0,-1.67977e-008,2.16744e-009,0.981818,0,0,0,0.000205802,0.0539145,-0.0293375,0.647786,0.492704,1
1950,284.648,0,0,0,-1.67977e-008,2.16744e-009,0.981818,0,0,0,0.000480905,0.0542239,-0.0289804,0.647786,0.492704,1
1960,266.716,0,0,0,-1.67977e-008,2.16744e-009,0.981818,0,0,0,0.000660144,0.0545485,-0.0286581,0.647786,0.492704,1
1970,255.304,0,0,0,-1.67977e-008,2.16744e-009,0.981818,0,0,0,0.000815235,0.0545641,-0.0280935,0.647786,0.492704,1
1980,267.653,0,0,0,-1.67977e-008,2.16744e-009,0.981818,0,0,0,0.000834262,0.0543356,-0.0274104,0.647786,0.492704,1
1990,292.535,0,0,0,-1.67977e-008,2.16744e-009,0.981818,0,0,0,0.000515758,0.0542301,-0.026715,0.647786,0.492704,1
2000,892.408,0,0,-6.28952,7.33402e-005,0.0541132,0.978668,0,0,0,3.03482e-005,0.0540895,-0.0258556,0.647814,0.493227,1
2010,883.992,0,0,-6.18593,7.33402e-005,0.0541132,0.947455,0,0,0,-0.000231695,0.0537622,-0.0248267,0.647805,0.493794,1
2020,871.374,0,0,-6.08462,7.33402e-005,0.0541132,0.916754,0,0,0,-0.000268122,0.0534768,-0.0239218,0.647822,0.494594,1
2030,844.91,0,0,-5.98612,7.33402e-005,0.0541132,0.886554,0,0,0,-0.000275863,0.0533529,-0.0232193,0.647882,0.495351,1
2040,801.121,0,0,-5.89157,7.33402e-005,0.0541132,0.856838,0,0,0,-0.0001535,0.0530916,-0.0225904,0.64793,0.495957,1
2050,759.831,0,0,-5.80153,7.33402e-005,0.0541132,0.827584,0,0,0,0.000215727,0.0527851,-0.0219513,0.64794,0.496448,1
2060,734.74,0,0,-5.71532,7.33402e-005,0.0541132,0.798772,0,0,0,0.000520363,0.0526603,-0.0214127,0.647929,0.496925,1
2070,722.266,0,0,-5.63174,7.33402e-005,0.0541132,0.770384,0,0,0,0.000482356,0.0524176,-0.0210738,0.647884,0.497441,1
2080,714.394,0,0,-5.55011,7.33402e-005,0.0541132,0.74241,0,0,0,0.000286572,0.0517038,-0.0209542,0.647806,0.497906,1
2090,698.587,0,0,-5.47062,7.33402e-005,0.0541132,0.714839,0,0,0,0.000263594,0.0510759,-0.0210411,0.647704,0.498301,1
2100,676.172,0,0,-5.39391,7.33402e-005,0.0541132,0.68766,0,0,0,0.000489757,0.0511213,-0.0214371,0.647571,0.498688,1
2110,650.191,0,0,-5.32051,7.33402e-005,0.0541132,0.660857,0,0,0,0.000899504,0.0515952,-0.0221226,0.647473,0.498903,1
2120,627.549,0,0,-5.25037,7.33402e-005,0.0541132,0.634414,0,0,0,0.00141868,0.0521164,-0.0228782,0.647473,0.498903,1
2130,607.436,0,0,-5.18327,7.33402e-005,0.0541132,0.608314,0,0,0,0.00203903,0.0527477,-0.0234534,0.647473,0.498903,1
2140,588.107,1.72977e-007,-2.70729e-007,-5.11906,7.33402e-005,0.0541132,0.582543,-0.0139799,0.0218801,0.0337223,0.00270044,0.0532379,-0.0238315,0.647473,0.498903,1
2150,567.043,4.31469e-006,-6.67046e-006,-5.0579,7.33508e-005,0.0541132,0.557087,-0.020063,0.0305794,0.0435072,0.00330506,0.0532094,-0.0240992,0.647473,0.498903,1
2160,547.785,1.12203e-005,-1.69887e-005,-4.99991,7.33863e-005,0.0541131,0.531929,-0.106851,0.157238,0.476923,0.00371951,0.0529411,-0.0243052,0.647473,0.498903,1
2170,540.014,4.37645e-005,-6.42753e-005,-4.94441,7.35183e-005,0.0541129,0.507055,-0.161789,0.232852,0.669398,0.0037724,0.0529095,-0.0243963,0.647473,0.498903,1
2180,544.38,9.47278e-005,-0.000137308,-4.88962,7.38505e-005,0.0541124,0.482456,-0.440378,0.653792,1.55439,0.0033999,0.0530002,-0.0243671,0.647473,0.498903,1
2190,549.183,0.000221691,-0.000325402,-4.83496,7.46253e-005,0.0541113,0.458131,-0.605055,0.895671,2.03034,0.00280065,0.053039,-0.024222,0.647473,0.498903,1
2200,540.291,0.00039166,-0.000577576,-4.78134,7.61399e-005,0.0541091,0.434078,-0.797724,1.18686,2.54105,0.00235279,0.0532484,-0.0239832,0.647272,0.499045,1
2210,525.963,0.000605977,-0.000898252,-4.72999,7.86186e-005,0.0541054,0.410287,-0.969955,1.43325,2.91376,0.0022224,0.0535689,-0.0236595,0.646918,0.499259,1
2220,518.444,0.000832819,-0.0012443,-4.68071,8.22374e-005,0.0541,0.386749,-0.539703,1.37748,3.39178,0.00230015,0.0534593,-0.0233376,0.646462,0.499496,1
2230,517.899,0.000851786,-0.0014394,-4.63215,8.65577e-005,0.0540932,0.363454,0.201,0.29128,1.30564,0.00242135,0.052704,-0.023075,0.645766,0.499819,1
2240,515.755,0.00039911,-0.000921962,-4.58294,9.00934e-005,0.0540867,0.340404,4.20136,-5.12699,-8.073,0.00252674,0.0517813,-0.022833,0.645057,0.500113,1
2250,500.679,-0.00182441,0.00220367,-4.5314,8.77008e-005,0.054088,0.317605,15.2233,-23.6521,-32.8586,0.00260683,0.0510724,-0.0225944,0.644553,0.500289,1
2260,481.267,-0.00865807,0.0130847,-4.47315,6.45159e-005,0.0541213,0.295078,44.6852,-72.3421,-89.6353,0.00274945,0.0505605,-0.0225036,0.644335,0.500347,1
2270,467.476,-0.0267738,0.042886,-4.39742,-1.72314e-005,0.0542497,0.27288,111.321,-184.375,-203.945,0.00297216,0.0501434,-0.0226172,0.644335,0.500347,1
2280,462.471,-0.0682575,0.112632,-4.28669,-0.000241675,0.0546156,0.251141,238.771,-405.68,-390.577,0.00311625,0.049823,-0.0227296,0.64431,0.500349,1
2290,462.908,-0.149622,0.252689,-4.12422,-0.000766119,0.0554927,0.23008,435.638,-757.339,-623.73,0.00303897,0.0493734,-0.0227113,0.644174,0.500338,1
2300,464.783,-0.283087,0.487658,-3.90919,-0.00182586,0.0573025,0.209969,652.274,-1160.26,-805.607,0.00288429,0.0487409,-0.0226068,0.643923,0.50029,1
2310,465.099,-0.459685,0.805924,-3.67056,-0.00367116,0.0605121,0.191011,775.596,-1414.1,-815.526,0.00294145,0.0482483,-0.0224177,0.643511,0.500197,1
2320,464.297,-0.645505,1.14928,-3.45443,-0.00643987,0.065407,0.173209,740.756,-1383.31,-654.158,0.00334431,0.0480523,-0.022053,0.643014,0.500085,1
2330,456.802,-0.806751,1.45408,-3.28944,-0.0100872,0.0719441,0.156365,603.634,-1150.04,-442.359,0.00388376,0.0477572,-0.0215857,0.642512,0.499987,1
2340,444.978,-0.929183,1.68949,-3.1752,-0.0144459,0.0798379,0.140216,444.437,-855.562,-272.696,0.00412314,0.0472817,-0.0211414,0.642213,0.499948,1
2350,435.101,-1.01294,1.85151,-3.09619,-0.0193188,0.0887243,0.124542,297.675,-570.731,-178.256,0.00378161,0.0469511,-0.0209144,0.642188,0.499947,1
2360,424.695,-1.0626,1.94558,-3.03091,-0.024523,0.0982482,0.109219,169.891,-309.091,-179.811,0.00309728,0.046866,-0.0210715,0.642188,0.499947,1
2370,410.019,-1.08391,1.97684,-2.95271,-0.0299015,0.108084,0.0942427,70.2789,-53.3966,-304.131,0.0025528,0.0468253,-0.0216406,0.642188,0.499947,1
2380,384.596,-1.08597,1.94356,-2.82803,-0.0353344,0.117917,0.0797583,2.44813,232.286,-588.698,0.00239747,0.0469365,-0.022407,0.642188,0.499947,1
2390,355.664,-1.07299,1.83614,-2.61653,-0.0407402,0.127403,0.0660978,-75.3762,577.015,-1046.59,0.00259749,0.0472948,-0.0231749,0.642188,0.499947,1
2400,327.507,-1.02799,1.6395,-2.27544,-0.0460158,0.136133,0.0538039,-292.051,955.237,-1649.17,0.00307101,0.0477203,-0.0238648,0.642188,0.499947,1
2410,306.952,-0.921909,1.37612,-1.81398,-0.0509164,0.143687,0.0435458,-541.212,1106.45,-1987.23,0.00365841,0.0480172,-0.0245709,0.642087,0.499848,1
2420,290.857,-0.762959,1.10827,-1.31243,-0.0551485,0.14989,0.0357257,-732.813,1041.9,-2040.62,0.00411934,0.0481738,-0.0254125,0.641935,0.49973,1
2430,282.985,-0.569611,0.856308,-0.801028,-0.0584878,0.154798,0.0304344,-810.669,1012.25,-2111.73,0.00426364,0.0480062,-0.0264396,0.641611,0.499495,1
2440,287.964,-0.375888,0.618581,-0.28694,-0.0608425,0.158471,0.0277303,-722.844,879.501,-1957.51,0.00411509,0.0473753,-0.0275547,0.641313,0.499284,1
2450,298.859,-0.227914,0.427798,0.142294,-0.062324,0.161065,0.0274167,-460.192,666.447,-1506.54,0.00391502,0.0465444,-0.0288948,0.641127,0.499155,1
2460,303.263,-0.14551,0.288107,0.464947,-0.0632319,0.162833,0.0289769,-216.284,462.501,-1107.51,0.00379334,0.0460552,-0.0307695,0.640993,0.49908,1
2470,296.75,-0.113769,0.195695,0.695833,-0.0638634,0.164024,0.0319143,-59.3623,289.356,-770.797,0.00370239,0.0460254,-0.0332299,0.640846,0.499012,1
2480,291.131,-0.107313,0.140545,0.857792,-0.0644102,0.164852,0.0358207,-0.978268,169.515,-555.07,0.00358562,0.0460894,-0.0359072,0.640572,0.498901,1
2490,289.831,-0.111682,0.105924,0.980254,-0.0649545,0.165463,0.0404279,27.608,114.839,-436.469,0.0033593,0.0460002,-0.0384742,0.640129,0.498734,1
2500,290.227,-0.116047,0.0838877,1.07812,-0.0655267,0.165932,0.0455828,1.1012,64.5664,-349.021,0.0029226,0.0457006,-0.0406796,0.639626,0.498554,1
2510,284.125,-0.11202,0.0730184,1.15682,-0.0661005,0.16632,0.0511767,-33.295,24.9695,-280.971,0.00234542,0.045131,-0.0423249,0.639118,0.49838,1
2520,274.877,-0.101087,0.0707243,1.22309,-0.0666351,0.166677,0.0571299,-51.4845,-1.44174,-238.806,0.00186856,0.0445081,-0.0434718,0.638504,0.498173,1
2530,268,-0.0888806,0.0722505,1.28102,-0.0671096,0.167033,0.0633929,-48.8805,-7.77376,-200.973,0.00165343,0.0443099,-0.044634,0.637713,0.497904,1
2540,273.756,-0.076883,0.0750311,1.32941,-0.0675241,0.167401,0.0699226,-49.597,-12.1045,-160.541,0.00174526,0.0445465,-0.0462345,0.636678,0.497547,1
2550,288.009,-0.0650622,0.0780956,1.36643,-0.0678786,0.167784,0.0766665,-45.8133,-11.0858,-122.411,0.00213438,0.0448741,-0.048098,0.635314,0.497068,1
2560,294.43,-0.0551393,0.0801518,1.3931,-0.0681777,0.16818,0.0835691,-32.5834,-3.70778,-86.7286,0.00266334,0.0452882,-0.049739,0.633766,0.496516,1
2570,288.189,-0.0492086,0.0799207,1.41113,-0.0684369,0.168581,0.0905827,-16.9776,4.75083,-53.3674,0.00299764,0.0460121,-0.0510449,0.632389,0.496018,1
2580,270.551,-0.0463523,0.0784513,1.42375,-0.0686748,0.168978,0.0976707,-7.74494,7.53633,-29.1847,0.00304188,0.0467435,-0.052239,0.631346,0.495636,1
2590,250.471,-0.0452141,0.0769252,1.43442,-0.0689032,0.169366,0.104815,-3.55169,6.88552,-13.0959,0.00300408,0.0471933,-0.0533492,0.630549,0.49534,1
2600,237.571,-0.0448134,0.0758649,1.44476,-0.069128,0.169747,0.112011,-2.47389,5.08282,-2.61364,0.00307399,0.0476284,-0.0542407,0.629915,0.495099,1
2610,237.387,-0.0445677,0.0753047,1.4542,-0.0693513,0.170125,0.119257,-2.03884,3.54633,4.50142,0.00325698,0.0484168,-0.0549865,0.629383,0.494888,1
2620,255.465,-0.0443435,0.0750218,1.4605,-0.0695735,0.170501,0.126543,-1.3249,1.88999,9.28745,0.00354107,0.0492729,-0.0557445,0.628892,0.494684,1
2630,284.371,-0.0441799,0.0749023,1.46163,-0.0697948,0.170875,0.13385,-0.93193,0.719036,12.6229,0.00382497,0.0498343,-0.0564613,0.628473,0.494499,1
2640,310.913,-0.0440028,0.0748568,1.4583,-0.0700153,0.17125,0.141151,-0.529385,-0.284703,14.8238,0.00392572,0.050003,-0.0571109,0.62819,0.494369,1
2650,324.892,-0.0438408,0.0749261,1.45219,-0.0702349,0.171624,0.148429,-0.265402,-1.18065,16.3242,0.00383977,0.0497215,-0.0578939,0.62802,0.494285,1
2660,336.1,-0.0436849,0.0751394,1.44463,-0.0704537,0.171999,0.155672,-0.186795,-1.94906,17.4295,0.00376778,0.0488281,-0.0589202,0.627998,0.494273,1
2670,342.109,-0.0435008,0.0754669,1.43596,-0.0706718,0.172376,0.162875,-0.0225318,-2.27658,17.6472,0.0038571,0.0476651,-0.0598756,0.627998,0.494273,1
2680,336.851,-0.0433448,0.0758522,1.42732,-0.0708889,0.172754,0.170034,-0.2048,-2.60924,17.9427,0.00407302,0.0467252,-0.060386,0.627998,0.494273,1
2690,327.782,-0.0431692,0.0763496,1.41948,-0.0711052,0.173135,0.177152,-0.421343,-2.96603,17.4341,0.00431675,0.0460618,-0.0605187,0.627998,0.494273,1
2700,322.67,-0.0429668,0.076958,1.41244,-0.0713206,0.173518,0.184232,-0.537733,-3.12388,17.4794,0.00453062,0.0454741,-0.0605989,0.627998,0.494273,1
2710,312.892,-0.0427579,0.0776414,1.40615,-0.0715349,0.173904,0.191278,-0.862715,-3.60408,17.2002,0.00474666,0.0452243,-0.0606667,0.627998,0.494273,1
2720,303.291,-0.0424991,0.0784844,1.40105,-0.0717481,0.174295,0.198296,-1.03457,-3.56859,17.1509,0.00501764,0.0454215,-0.060598,0.627998,0.494273,1
2730,296.999,-0.0422149,0.0793661,1.39688,-0.0719599,0.174689,0.205291,-1.30484,-3.48762,17.0797,0.00536266,0.0456146,-0.0604211,0.627998,0.494273,1
2740,292.099,-0.0418817,0.0802648,1.39328,-0.0721701,0.175088,0.212266,-1.13271,-3.49128,16.7579,0.00577271,0.0454611,-0.0602132,0.627998,0.494273,1
2750,283.201,-0.0416092,0.081224,1.39069,-0.0723789,0.175492,0.219225,-1.438,-3.52279,16.7085,0.0061477,0.0453449,-0.0598953,0.627998,0.494273,1
2760,279.016,-0.0412859,0.0822389,1.38903,-0.0725861,0.175901,0.226173,-2.32574,-3.16209,16.0449,0.00631962,0.0455377,-0.059477,0.627998,0.494273,1
2770,283.616,-0.0407565,0.0831597,1.38737,-0.0727912,0.176314,0.233114,-2.74176,-3.38263,15.7027,0.00628553,0.0459237,-0.0591398,0.627998,0.494273,1
2780,290.31,-0.0401172,0.0840809,1.38508,-0.0729934,0.176732,0.240045,-2.83676,-3.61794,15.3459,0.00621566,0.0465172,-0.0590473,0.627998,0.494273,1
2790,303.893,-0.0394266,0.0849605,1.38157,-0.0731923,0.177155,0.246962,-2.78988,-3.3333,15.2274,0.006092,0.0474442,-0.0590953,0.627998,0.494273,1
2800,312.273,-0.038722,0.0856834,1.37678,-0.0733877,0.177582,0.253859,-2.47152,-3.10392,14.6534,0.00576924,0.0483616,-0.0591205,0.627998,0.494273,1
2810,306.188,-0.0380976,0.086346,1.37208,-0.0735797,0.178012,0.260731,-2.18447,-2.75369,13.9865,0.00534749,0.0489382,-0.0590966,0.627998,0.494273,1
2820,292.682,-0.0375816,0.0870052,1.36881,-0.0737689,0.178445,0.267582,-1.81136,-2.17022,13.3155,0.00503762,0.0493505,-0.0592662,0.627998,0.494273,1
2830,281.168,-0.0371956,0.0876328,1.36723,-0.0739558,0.178882,0.274421,-1.67204,-2.04289,12.8067,0.00480325,0.0496469,-0.0597943,0.627998,0.494273,1
2840,274.455,-0.0368743,0.0883091,1.36697,-0.0741409,0.179321,0.281256,-1.54306,-1.94616,12.2052,0.00456429,0.0494278,-0.0606236,0.627998,0.494273,1
2850,271.772,-0.0365993,0.0889994,1.36746,-0.0743245,0.179765,0.288091,-1.48001,-1.47944,11.1928,0.00438897,0.0486561,-0.0615084,0.627998,0.494273,1
2860,272.591,-0.036338,0.0895868,1.36825,-0.0745069,0.180211,0.294929,-1.80905,-1.3488,9.78063,0.00425826,0.0479349,-0.0624032,0.627998,0.494273,1
2870,271.527,-0.0360172,0.0901599,1.36947,-0.0746877,0.18066,0.301772,-1.01245,-1.86504,8.64093,0.00393665,0.047541,-0.0633631,0.627998,0.494273,1
2880,278.41,-0.0358701,0.0908181,1.37052,-0.0748674,0.181113,0.308622,-0.507723,-1.65628,7.82902,0.00334568,0.0472586,-0.064359,0.627998,0.494273,1
2890,284.559,-0.0358071,0.091359,1.37077,-0.0750466,0.181568,0.315475,-0.713082,-1.57302,6.90421,0.00273237,0.0468725,-0.0652473,0.627998,0.494273,1
2900,272.069,-0.0357095,0.0919031,1.37162,-0.0752253,0.182026,0.322329,-0.604864,-1.46476,6.46883,0.00233685,0.0464683,-0.066167,0.627998,0.494273,1
2910,248.017,-0.0357135,0.0926201,1.37556,-0.0754038,0.182487,0.329194,-0.515043,-1.34966,6.02596,0.00203255,0.0460356,-0.0672888,0.627998,0.494273,1
2920,228.625,-0.0358359,0.0935654,1.38338,-0.0755825,0.182953,0.336088,-0.438228,-1.23197,5.59417,0.00171907,0.0456192,-0.06855,0.627998,0.494273,1
2930,219.161,-0.0360456,0.0946687,1.39403,-0.0757621,0.183423,0.343027,-0.375666,-1.1387,5.12538,0.00152585,0.0452126,-0.069817,0.627998,0.494273,1
2940,216.117,-0.0363068,0.0958532,1.40629,-0.0759429,0.183899,0.350024,-0.329304,-1.02223,4.69164,0.00149756,0.0449622,-0.0711747,0.627998,0.494273,1
2950,224.709,-0.0365576,0.0969593,1.41792,-0.076125,0.184381,0.357083,-0.260679,-0.692946,3.34002,0.00143973,0.0449536,-0.0725702,0.627998,0.494273,1
2960,233.79,-0.036774,0.0978629,1.42797,-0.0763083,0.184868,0.364195,-0.253049,-0.62577,2.96773,0.00133949,0.0453715,-0.0737608,0.627998,0.494273,1
2970,236.861,-0.0369631,0.0986729,1.43696,-0.0764926,0.185359,0.371355,-0.230938,-0.5478,2.64069,0.00121557,0.0461654,-0.0747231,0.627998,0.494273,1
2980,239.395,-0.037153,0.0994416,1.44571,-0.0766778,0.185854,0.37856,0.0351805,-0.414763,1.64914,0.00104409,0.0472594,-0.0759492,0.627998,0.494273,1
2990,242.837,-0.0373889,0.100144,1.45419,-0.0768641,0.186353,0.385807,0.0426584,-0.13034,1.0027,0.000898337,0.0483603,-0.077732,0.627998,0.494273,1
3000,254.538,-0.0375926,0.100693,1.4615,-0.0770515,0.186855,0.393096,0.0506172,-0.138916,0.847488,0.00106168,0.0492824,-0.0797888,0.628537,0.494846,1
3010,271.805,-0.0377324,0.101068,1.46632,-0.0772398,0.187359,0.400415,0.00439743,-0.0270367,0.215441,0.00153684,0.0499737,-0.0816821,0.628814,0.495375,1
3020,286.19,-0.037799,0.101251,1.46882,-0.0774287,0.187865,0.407753,0.00261306,-0.0246603,0.187281,0.0019975,0.0507247,-0.0834733,0.629257,0.496221,1
3030,295.919,-0.0378231,0.10132,1.4697,-0.0776177,0.188372,0.4151,0.0129867,-0.0200783,0.127938,0.00211296,0.0514984,-0.0853782,0.6296,0.496906,1
3040,291.482,-0.0378423,0.101368,1.4703,-0.0778069,0.188878,0.422449,0.00982032,-0.0183203,0.111067,0.00190308,0.0519781,-0.0874872,0.629986,0.497596,1
3050,276.134,-0.0378975,0.101515,1.47234,-0.0779962,0.189386,0.429804,0.00729622,-0.0154488,0.0951201,0.00160918,0.0519222,-0.0897273,0.630398,0.498179,1
3060,256.256,-0.0380255,0.101857,1.47723,-0.0781859,0.189894,0.437176,0.00556494,-0.0126042,0.0834039,0.00158969,0.0516301,-0.0920305,0.630763,0.498557,1
3070,250.115,-0.0382096,0.10235,1.48431,-0.0783765,0.190404,0.444577,0.00432406,-0.0103414,0.0738315,0.0019279,0.0512651,-0.0941439,0.631108,0.498824,1
3080,256.485,-0.0383889,0.10283,1.49123,-0.0785679,0.190917,0.452015,0.00373533,-0.00886619,0.0676827,0.00237789,0.0507321,-0.0958888,0.631728,0.499238,1
3090,271.333,-0.038519,0.103178,1.49623,-0.0787602,0.191432,0.459483,0.00362867,-0.00732512,0.0619501,0.00272474,0.0500093,-0.09738,0.632354,0.499597,1
3100,292.537,-0.03858,0.103341,1.49855,-0.078953,0.191948,0.466971,0.00336909,-0.00550247,0.0558062,0.00298971,0.049217,-0.099107,0.632913,0.499863,1
3110,316.966,-0.0385621,0.103292,1.49781,-0.0791459,0.192465,0.474463,0.00257069,-0.00380167,0.0482368,0.00321537,0.0481673,-0.101219,0.633322,0.500009,1
3120,339.979,-0.0384755,0.103059,1.49442,-0.0793385,0.192981,0.481946,0.00175353,-0.00269058,0.0415787,0.00336524,0.0468739,-0.103351,0.633502,0.500043,1
3130,349.835,-0.0383453,0.10271,1.48933,-0.0795306,0.193496,0.489407,0,0,0,0.00348391,0.0458718,-0.105143,0.633502,0.500043,1
3140,335.482,-0.0382236,0.102384,1.48461,-0.079722,0.194008,0.496842,0,0,0,0.00358621,0.045452,-0.10685,0.633502,0.500043,1
3150,307.911,-0.0381626,0.102221,1.48224,-0.079913,0.19452,0.504259,0,0,0,0.00369286,0.0452367,-0.10873,0.633502,0.500043,1
3160,287.386,-0.038179,0.102265,1.48288,-0.0801038,0.195031,0.51167,0,0,0,0.00373061,0.0450019,-0.110629,0.633502,0.500043,1
3170,289.278,-0.0382239,0.102385,1.48462,-0.0802948,0.195543,0.519089,0,0,0,0.00363045,0.0451352,-0.112263,0.633534,0.500072,1
3180,306.319,-0.0382293,0.102399,1.48483,-0.080486,0.196055,0.526513,0,0,0,0.00328073,0.0457867,-0.113593,0.633573,0.499982,1
3190,319.139,-0.0381881,0.102289,1.48323,-0.080677,0.196566,0.533934,0,0,0,0.00283651,0.0466151,-0.11449,0.633761,0.499695,1
3200,336.578,-0.0381057,0.102068,1.48003,-0.0808678,0.197077,0.541344,0,0,0,0.00257461,0.0472079,-0.114885,0.633961,0.499495,1
3210,350.083,-0.0379814,0.101735,1.4752,-0.0810581,0.197587,0.548734,0,0,0,0.00278298,0.0475529,-0.11503,0.634326,0.4992,1
3220,340.371,-0.0378518,0.101388,1.47017,-0.0812477,0.198095,0.556098,0,0,0,0.00339755,0.0476763,-0.115348,0.634959,0.498746,1
3230,307.828,-0.0377823,0.101202,1.46747,-0.0814367,0.198601,0.563441,0,0,0,0.00422067,0.0477399,-0.11595,0.635575,0.498351,1
3240,264.591,-0.0378359,0.101345,1.46955,-0.0816257,0.199107,0.570781,0,0,0,0.00506053,0.0478579,-0.116711,0.636095,0.498042,1
3250,228.904,-0.0380566,0.101937,1.47812,-0.0818153,0.199615,0.578145,0,0,0,0.00585773,0.0480483,-0.117569,0.636622,0.497751,1
3260,219.807,-0.0383959,0.102845,1.4913,-0.0820063,0.200127,0.585565,0,0,0,0.00635311,0.0479238,-0.118591,0.637032,0.497551,1
3270,239.029,-0.0386971,0.103652,1.503,-0.082199,0.200643,0.593049,0,0,0,0.00640558,0.0474261,-0.119661,0.637295,0.497442,1
3280,270.658,-0.0388638,0.104099,1.50947,-0.082393,0.201163,0.600581,0,0,0,0.00611231,0.0468553,-0.120509,0.637544,0.497329,1
3290,299.453,-0.0389082,0.104218,1.5112,-0.0825874,0.201683,0.608134,0,0,0,0.00564059,0.046575,-0.121136,0.637717,0.497228,1
3300,316.924,-0.0388768,0.104133,1.50998,-0.0827819,0.202204,0.615688,0,0,0,0.00495009,0.0464009,-0.121903,0.637749,0.497204,1
3310,326.521,-0.0388089,0.103952,1.50734,-0.0829761,0.202725,0.623232,0,0,0,0.00424389,0.0462358,-0.122981,0.637749,0.497204,1
3320,333.523,-0.038719,0.103711,1.50385,-0.08317,0.203244,0.630762,0,0,0,0.0039003,0.0460751,-0.124168,0.637749,0.497204,1
3330,330.735,-0.0386231,0.103454,1.50013,-0.0833634,0.203762,0.638272,0,0,0,0.00403559,0.0459944,-0.125386,0.637749,0.497204,1
3340,322.096,-0.038546,0.103248,1.49713,-0.0835563,0.204279,0.645766,0,0,0,0.00445278,0.0458261,-0.126762,0.637749,0.497204,1
3350,317.677,-0.0384895,0.103096,1.49494,-0.0837489,0.204795,0.653246,0,0,0,0.00507952,0.0456269,-0.128233,0.637749,0.497204,1
3360,319.071,-0.0384323,0.102943,1.49271,-0.0839412,0.20531,0.660716,0,0,0,0.0058322,0.0454678,-0.129499,0.637749,0.497204,1
3370,309.013,-0.0383889,0.102827,1.49103,-0.0841333,0.205824,0.668175,0,0,0,0.00637055,0.0454215,-0.130496,0.637749,0.497204,1
3380,298.804,-0.0383793,0.102801,1.49065,-0.0843252,0.206338,0.675629,0,0,0,0.00653928,0.045479,-0.131433,0.637749,0.497204,1
3390,289.59,-0.0383998,0.102856,1.49145,-0.0845171,0.206852,0.683084,0,0,0,0.00646568,0.0457321,-0.132494,0.637749,0.497204,1
3400,285.39,-0.038445,0.102977,1.49321,-0.0847092,0.207367,0.690545,0,0,0,0.00604355,0.0459561,-0.133623,0.637749,0.497204,1
3410,290.037,-0.0384874,0.103091,1.49485,-0.0849015,0.207882,0.698015,0,0,0,0.00499452,0.0459168,-0.134777,0.637749,0.497204,1
3420,294.6,-0.03851,0.103151,1.49573,-0.085094,0.208398,0.705491,0,0,0,0.00372998,0.0457931,-0.135942,0.637596,0.49714,1
3430,298.919,-0.0385213,0.103181,1.49617,-0.0852866,0.208913,0.712971,0,0,0,0.00295587,0.0460673,-0.137061,0.637272,0.496945,1
3440,306.467,-0.0385119,0.103156,1.49581,-0.0854792,0.209429,0.720451,0,0,0,0.00292455,0.0468473,-0.138053,0.63706,0.496766,1
3450,317.471,-0.0384737,0.103054,1.49432,-0.0856717,0.209945,0.727928,0,0,0,0.00340797,0.0479201,-0.139029,0.636883,0.496598,1
3460,327.264,-0.0384052,0.10287,1.49166,-0.0858639,0.21046,0.735394,0,0,0,0.0042554,0.048964,-0.139978,0.63674,0.496486,1
3470,330.071,-0.0383183,0.102638,1.48829,-0.0860558,0.210974,0.742845,0,0,0,0.00511876,0.0496012,-0.140789,0.636596,0.496389,1
3480,322.754,-0.0382408,0.10243,1.48527,-0.0862472,0.211486,0.750279,0,0,0,0.00559724,0.049656,-0.141417,0.636437,0.49627,1
3490,320.496,-0.0381798,0.102267,1.48291,-0.0864382,0.211998,0.7577,0,0,0,0.00541295,0.0493588,-0.142004,0.636208,0.496107,1
3500,327.523,-0.0381087,0.102076,1.48014,-0.086629,0.212509,0.765108,0,0,0,0.00477838,0.0489653,-0.142511,0.635886,0.495896,1
3510,330.217,-0.0380216,0.101843,1.47676,-0.0868193,0.213019,0.772502,0,0,0,0.0039756,0.0482717,-0.142801,0.635617,0.495731,1
3520,315.337,-0.0379534,0.10166,1.47412,-0.0870093,0.213528,0.779879,0,0,0,0.00318845,0.047168,-0.142736,0.635617,0.495731,1
3530,296.377,-0.0379396,0.101623,1.47358,-0.087199,0.214036,0.787247,0,0,0,0.00243929,0.0460935,-0.142505,0.635617,0.495731,1
3540,285.62,-0.0379736,0.101714,1.4749,-0.0873887,0.214544,0.794618,0,0,0,0.00195957,0.0453876,-0.142351,0.635617,0.495731,1
3550,282.371,-0.0380295,0.101864,1.47707,-0.0875787,0.215053,0.801997,0,0,0,0.00192716,0.0448325,-0.142486,0.635617,0.495731,1
3560,279.108,-0.0380928,0.102034,1.47953,-0.087769,0.215563,0.809387,0,0,0,0.0022241,0.0444132,-0.142851,0.635617,0.495731,1
3570,269.642,-0.0381839,0.102278,1.48306,-0.0879597,0.216073,0.816792,0,0,0,0.00245607,0.0444089,-0.14326,0.635617,0.495731,1
3580,264.06,-0.0383063,0.102606,1.48782,-0.0881508,0.216585,0.824218,0,0,0,0.00245565,0.0447771,-0.14339,0.635382,0.495605,1
3590,271.412,-0.0384254,0.102924,1.49245,-0.0883427,0.217099,0.831668,0,0,0,0.00238577,0.0451397,-0.143174,0.635228,0.495514,1
3600,292.479,-0.0384877,0.103091,1.49487,-0.088535,0.217614,0.839137,0,0,0,0.00245707,0.0454631,-0.142855,0.635228,0.495514,1
3610,325.213,-0.0384577,0.103011,1.4937,-0.0887274,0.21813,0.84661,0,0,0,0.00262366,0.0457131,-0.142894,0.635228,0.495514,1
3620,348.007,-0.038345,0.102709,1.48932,-0.0889194,0.218644,0.85407,0,0,0,0.00277564,0.0457088,-0.143351,0.635228,0.495514,1
3630,341.835,-0.0382167,0.102365,1.48434,-0.0891109,0.219157,0.861505,0,0,0,0.00287815,0.0456089,-0.143809,0.635228,0.495514,1
3640,325.768,-0.0381223,0.102113,1.48067,-0.0893017,0.219668,0.868918,0,0,0,0.00287198,0.0460156,-0.143924,0.635228,0.495514,1
3650,315.077,-0.0380651,0.101959,1.47845,-0.0894922,0.220178,0.876316,0,0,0,0.00281877,0.0469682,-0.143886,0.635228,0.495514,1
3660,317.877,-0.0380198,0.101838,1.47669,-0.0896824,0.220688,0.883704,0,0,0,0.00302495,0.0479869,-0.143994,0.635228,0.495514,1
3670,334.136,-0.037942,0.10163,1.47367,-0.0898724,0.221197,0.891082,0,0,0,0.00359688,0.04875,-0.14431,0.635228,0.495514,1
3680,333.94,-0.0378398,0.101356,1.4697,-0.0900618,0.221704,0.898441,0,0,0,0.00416219,0.0492421,-0.144848,0.635228,0.495514,1
3690,313.728,-0.037771,0.101172,1.46703,-0.0902509,0.22221,0.905782,0,0,0,0.00446192,0.049281,-0.14565,0.635228,0.495514,1
3700,288.92,-0.0377713,0.101172,1.46704,-0.0904397,0.222716,0.913116,0,0,0,0.00452292,0.0488386,-0.146508,0.635228,0.495514,1
3710,278.491,-0.0378362,0.101346,1.46956,-0.0906287,0.223222,0.920457,0,0,0,0.00432747,0.0481551,-0.14705,0.635228,0.495514,1
3720,297.703,-0.0378787,0.10146,1.47121,-0.090818,0.223729,0.927809,0,0,0,0.00396463,0.0474766,-0.147297,0.635228,0.495514,1
3730,324.493,-0.0378397,0.101356,1.4697,-0.0910073,0.224237,0.935163,0,0,0,0.00388909,0.0467776,-0.147486,0.635228,0.495514,1
3740,326.28,-0.0377569,0.101134,1.46648,-0.0911963,0.224743,0.942504,0,0,0,0.00422714,0.0460733,-0.147673,0.635228,0.495514,1
3750,296.714,-0.0377236,0.101045,1.46519,-0.091385,0.225248,0.949833,0,0,0,0.00454517,0.0453933,-0.147778,0.635228,0.495514,1
3760,266.812,-0.0377939,0.101233,1.46792,-0.0915737,0.225754,0.957163,0,0,0,0.00453252,0.0448377,-0.148132,0.635228,0.495514,1
3770,255.68,-0.0379455,0.101639,1.47381,-0.091763,0.226261,0.964515,0,0,0,0.00451366,0.0445487,-0.149124,0.635228,0.495514,1
3780,266.039,-0.0380911,0.102029,1.47946,-0.0919531,0.22677,0.971898,0,0,0,0.00479307,0.0447253,-0.150643,0.635228,0.495514,1
3790,283.613,-0.0381756,0.102255,1.48274,-0.0921438,0.227281,0.979303,0,0,0,0.00517255,0.045405,-0.152063,0.635228,0.495514,1
3800,299.365,-0.0382001,0.102321,1.48369,-0.0923347,0.227792,0.98672,0,0,0,0.00513883,0.0463739,-0.153233,0.635228,0.495514,1
3810,313.521,-0.0381787,0.102264,1.48286,-0.0925257,0.228304,0.994137,0,0,0,0.00471154,0.0471995,-0.154452,0.635228,0.495514,1
3820,333.442,-0.038108,0.102074,1.48012,-0.0927164,0.228815,-0.998454,0,0,0,0.00431264,0.0477196,-0.155858,0.635228,0.495514,1
3830,344.519,-0.037992,0.101764,1.47561,-0.0929067,0.229324,-0.991063,0,0,0,0.00421172,0.0480217,-0.157125,0.635228,0.495514,1
3840,319.73,-0.0378963,0.101507,1.47189,-0.0930964,0.229832,-0.983694,0,0,0,0.00434727,0.0482577,-0.158248,0.635283,0.495458,1
3850,273.704,-0.037914,0.101555,1.47258,-0.0932859,0.23034,-0.976336,0,0,0,0.00477757,0.0486396,-0.159422,0.635394,0.495361,1
3860,234.2,-0.0381056,0.102068,1.48003,-0.0934758,0.230849,-0.968959,0,0,0,0.00541195,0.0493338,-0.160621,0.635511,0.495273,1
3870,220.36,-0.0384268,0.102928,1.4925,-0.0936671,0.231361,-0.961532,0,0,0,0.00588431,0.0500731,-0.161623,0.635643,0.495187,1
3880,229.257,-0.0387572,0.103813,1.50533,-0.09386,0.231878,-0.95404,0,0,0,0.00594423,0.0505783,-0.162614,0.635835,0.495087,1
3890,257.608,-0.0389824,0.104416,1.51408,-0.0940543,0.232398,-0.946491,0,0,0,0.00583861,0.051026,-0.163831,0.635997,0.495021,1
3900,287.662,-0.0390742,0.104662,1.51765,-0.0942495,0.232921,-0.938911,0,0,0,0.00591506,0.0513988,-0.165178,0.636154,0.494977,1
3910,316.953,-0.0390619,0.104629,1.51717,-0.0944449,0.233444,-0.931322,0,0,0,0.00622257,0.0513805,-0.166333,0.636386,0.494937,1
3920,328.652,-0.0389855,0.104425,1.5142,-0.09464,0.233967,-0.923742,0,0,0,0.00646426,0.0509301,-0.167406,0.6366,0.494924,1
3930,328.188,-0.0389015,0.1042,1.51094,-0.0948347,0.234489,-0.916179,0,0,0,0.00634211,0.0503789,-0.168689,0.636692,0.494928,1
3940,325.864,-0.0388199,0.103981,1.50777,-0.0950291,0.235009,-0.908631,0,0,0,0.00601945,0.0498247,-0.170089,0.636716,0.494932,1
3950,315.334,-0.0387564,0.103811,1.5053,-0.095223,0.235529,-0.901099,0,0,0,0.00599654,0.0493094,-0.171177,0.636716,0.494932,1
3960,289.204,-0.0387506,0.103795,1.50508,-0.0954167,0.236047,-0.893574,0,0,0,0.00641277,0.0489451,-0.172093,0.636716,0.494932,1
3970,266.606,-0.0388384,0.104031,1.50849,-0.0956107,0.236567,-0.886042,0,0,0,0.00684616,0.048707,-0.173421,0.636716,0.494932,1
3980,268.012,-0.038964,0.104367,1.51337,-0.0958051,0.237088,-0.878489,0,0,0,0.00701106,0.0483325,-0.175297,0.636716,0.494932,1
3990,272.276,-0.0390674,0.104644,1.51737,-0.0960002,0.23761,-0.870913,0.0357248,-0.0730383,-0.366037,0.00708714,0.0479004,-0.17729,0.636716,0.494932,1
4000,264.696,-0.0391898,0.104966,1.52186,-0.0961958,0.238134,-0.863316,0.0399694,-0.0847242,-0.41971,0.00733174,0.0477438,-0.179142,0.636269,0.495071,1
4010,255.687,-0.0393553,0.105404,1.52799,-0.0963921,0.23866,-0.855694,0.0435922,-0.0975445,-0.480052,0.00764393,0.0478304,-0.180806,0.635932,0.495133,1
4020,260.013,-0.039531,0.105871,1.53451,-0.0965893,0.239188,-0.848039,0.0463446,-0.111704,-0.548796,0.00769401,0.0478263,-0.182173,0.63515,0.4953,1
4030,271.095,-0.0396659,0.10623,1.53943,-0.0967873,0.239718,-0.840354,0.0479431,-0.127183,-0.627113,0.00732947,0.04793,-0.183224,0.63434,0.495527,1
4040,283.117,-0.0397596,0.106483,1.54277,-0.0969858,0.24025,-0.832649,0.0481887,-0.143789,-0.71582,0.00685229,0.0486218,-0.184002,0.633355,0.495857,1
4050,303.692,-0.0397878,0.106564,1.54359,-0.0971847,0.240783,-0.824932,0.046916,-0.160993,-0.814662,0.00659094,0.0496738,-0.18436,0.632397,0.496236,1
4060,310.736,-0.0397707,0.106525,1.54266,-0.0973836,0.241316,-0.817216,0.157274,-0.0255819,-1.22968,0.00657042,0.0504106,-0.184112,0.63166,0.496586,1
4070,311.759,-0.0397749,0.106432,1.54157,-0.0975825,0.241848,-0.809505,0.171247,-0.0175429,-1.37628,0.00664618,0.0506091,-0.183532,0.631127,0.496894,1
4080,302.827,-0.0397919,0.106362,1.54087,-0.0977814,0.24238,-0.801799,0.186611,-0.00318808,-1.52464,0.00661842,0.0503621,-0.183026,0.630697,0.497163,1
4090,287.449,-0.0398601,0.106414,1.54204,-0.0979805,0.242912,-0.794093,0.202785,0.0171917,-1.67021,0.00630981,0.0499094,-0.182679,0.630359,0.497331,1
4100,276.867,-0.0399811,0.106589,1.54512,-0.0981801,0.243444,-0.786376,0.220372,0.0449387,-1.81082,0.00588989,0.0496735,-0.182276,0.630156,0.497396,1
4110,284.017,-0.0401116,0.10677,1.54843,-0.0983803,0.243978,-0.778642,0.240854,0.0822272,-1.94643,0.00579289,0.0498192,-0.181816,0.629886,0.497448,1
4120,296.632,-0.0402045,0.106824,1.55009,-0.0985811,0.244512,-0.770896,0.264893,0.129601,-2.08045,0.00609987,0.0498712,-0.181522,0.629382,0.497519,1
4130,305.935,-0.0402674,0.106769,1.55039,-0.0987823,0.245046,-0.763144,0.291654,0.185834,-2.21912,0.00651429,0.0495245,-0.18148,0.628916,0.49756,1
4140,316.891,-0.0403029,0.106609,1.54942,-0.0989837,0.245579,-0.755394,0.31961,0.24979,-2.36706,0.0068,0.0489682,-0.181465,0.628586,0.4976,1
4150,314.616,-0.0403329,0.106399,1.548,-0.0991853,0.246112,-0.74765,0.347706,0.321882,-2.52165,0.00687847,0.0485731,-0.181459,0.628248,0.497662,1
4160,317.145,-0.0403756,0.106186,1.54684,-0.0993871,0.246643,-0.739912,0.376465,0.404505,-2.67281,0.00659792,0.04841,-0.18174,0.628076,0.497704,1
4170,330.481,-0.0403965,0.105874,1.5446,-0.0995891,0.247173,-0.732182,0.434021,0.449716,-3.36261,0.00614784,0.0484301,-0.182491,0.628076,0.497704,1
4180,330.287,-0.0404116,0.105496,1.54174,-0.0997911,0.247702,-0.724465,0.472124,0.549435,-3.51245,0.00586889,0.0483332,-0.183621,0.628076,0.497704,1
4190,315.449,-0.0404614,0.10516,1.53988,-0.0999933,0.248229,-0.716761,0.51037,0.647463,-3.60211,0.00591831,0.0478801,-0.185176,0.628076,0.497704,1
4200,293.579,-0.0405828,0.104955,1.54032,-0.100196,0.248754,-0.709062,0.743926,0.95378,-4.05712,0.00623218,0.0472213,-0.18701,0.628076,0.497704,1
4210,265.624,-0.040854,0.104909,1.5443,-0.100399,0.249278,-0.701353,0.809831,1.05205,-3.92947,0.00685938,0.046768,-0.188402,0.628076,0.497704,1
4220,245.853,-0.0412586,0.105132,1.55251,-0.100605,0.249803,-0.693614,1.0902,1.06848,-4.13162,0.00766408,0.0466661,-0.188734,0.628076,0.497704,1
4230,255.432,-0.0417538,0.105402,1.56143,-0.100812,0.25033,-0.68583,1.20163,1.1009,-3.67243,0.00827612,0.0469763,-0.188428,0.628076,0.497704,1
4240,285.46,-0.0421825,0.105424,1.56659,-0.101022,0.250857,-0.678009,1.3265,1.07684,-2.97099,0.00829614,0.0477935,-0.188277,0.628002,0.497737,1
4250,320.755,-0.0425148,0.105114,1.56647,-0.101234,0.251383,-0.670174,1.75953,0.930569,-2.98079,0.00776504,0.048996,-0.1884,0.627513,0.497924,1
4260,332.524,-0.0428934,0.104661,1.56355,-0.101447,0.251908,-0.662348,2.08408,0.825508,-1.38938,0.00692394,0.0501401,-0.188427,0.627046,0.498075,1
4270,330.017,-0.0433639,0.104232,1.55985,-0.101663,0.25243,-0.654538,2.82147,0.422818,0.809581,0.00600344,0.0508377,-0.188336,0.626268,0.498333,1
4280,315.612,-0.0440603,0.10398,1.55623,-0.101881,0.25295,-0.646748,3.49721,-0.0256961,4.87661,0.00516954,0.0510987,-0.188402,0.625337,0.49866,1
4290,276.358,-0.0450523,0.104121,1.55499,-0.102104,0.25347,-0.638972,4.42917,-1.13847,10.3428,0.00465707,0.0511607,-0.188725,0.624412,0.499002,1
4300,248.12,-0.0464892,0.104963,1.55761,-0.102333,0.253993,-0.631193,5.96542,-2.69911,18.5838,0.004508,0.0511072,-0.189213,0.623579,0.499326,1
4310,240.744,-0.0485109,0.106465,1.5606,-0.10257,0.254521,-0.623399,8.33956,-4.55682,31.8073,0.00466035,0.0509425,-0.189812,0.623046,0.49955,1
4320,247.272,-0.0513492,0.108551,1.55945,-0.102819,0.255058,-0.615598,12.626,-7.43132,52.745,0.00516096,0.050842,-0.190352,0.622783,0.499681,1
4330,269.107,-0.0555418,0.111375,1.5489,-0.103085,0.255607,-0.607824,19.9487,-12.0421,85.248,0.00597117,0.0508596,-0.190503,0.622458,0.499851,1
4340,295.455,-0.0619861,0.115406,1.52438,-0.103378,0.256174,-0.600134,32.3411,-19.7557,133.107,0.00684656,0.0507365,-0.190434,0.621944,0.500104,1
4350,318.874,-0.0721316,0.121553,1.48275,-0.103711,0.256765,-0.592608,50.9395,-31.3655,197.093,0.00765078,0.0501899,-0.19098,0.621412,0.50035,1
4360,331.723,-0.0877165,0.130928,1.4209,-0.104108,0.257394,-0.585339,77.7655,-47.1001,280.488,0.00843394,0.0492561,-0.192629,0.62092,0.500562,1
4370,311.761,-0.111224,0.145028,1.336,-0.104601,0.258082,-0.578436,115.46,-70.0963,389.589,0.00898086,0.0482236,-0.194791,0.620466,0.500749,1
4380,279.326,-0.145913,0.166293,1.22352,-0.105239,0.258857,-0.572024,166.23,-102.283,528.533,0.0089287,0.0474131,-0.196558,0.620192,0.500865,1
4390,263.746,-0.194727,0.196977,1.07631,-0.106084,0.25976,-0.566259,223.944,-141.733,687.481,0.00831881,0.0469052,-0.197667,0.620093,0.500915,1
4400,256.796,-0.2576,0.23772,0.890899,-0.107209,0.260843,-0.561326,273.535,-178.916,833.83,0.00788723,0.046674,-0.198348,0.620049,0.500943,1
4410,257.9,-0.330335,0.286437,0.674718,-0.108676,0.26215,-0.557403,298.416,-202.265,925.991,0.00812224,0.0467957,-0.198587,0.620049,0.500943,1
4420,266.51,-0.405574,0.338603,0.443919,-0.110516,0.263712,-0.554605,293.988,-206.422,939.352,0.00879057,0.0472802,-0.198246,0.620049,0.500943,1
4430,272.523,-0.476655,0.389636,0.218169,-0.112724,0.265534,-0.552956,267.462,-195.421,879.109,0.00951739,0.0478529,-0.197349,0.620049,0.500943,1
4440,280.886,-0.539245,0.436444,0.0138343,-0.115268,0.267601,-0.552388,227.038,-174.227,765.011,0.0103157,0.0483831,-0.196087,0.620049,0.500943,1
4450,293.043,-0.590206,0.476675,-0.157652,-0.118097,0.269887,-0.552763,178.554,-145.373,613.88,0.0109315,0.0489652,-0.194643,0.620049,0.500943,1
4460,305.564,-0.627945,0.508841,-0.289306,-0.121148,0.272354,-0.553898,125.873,-114.219,448.982,0.0109371,0.0494427,-0.193446,0.620049,0.500943,1
4470,324.516,-0.652212,0.533036,-0.381163,-0.124354,0.274962,-0.55559,77.9031,-87.6303,301.287,0.0103606,0.0495875,-0.192866,0.620049,0.500943,1
4480,338.26,-0.665088,0.551111,-0.4405,-0.127652,0.277675,-0.557656,41.5236,-71.1167,193.374,0.00974115,0.0497267,-0.192548,0.620049,0.500943,1
4490,331.844,-0.670267,0.566249,-0.478043,-0.130993,0.280469,-0.55996,16.3269,-64.6868,125.418,0.00938253,0.0502083,-0.191565,0.620049,0.500943,1
4500,313.04,-0.670813,0.581248,-0.502861,-0.134348,0.283338,-0.562416,-1.68617,-65.1717,85.2545,0.00952608,0.0505331,-0.189711,0.620049,0.500943,1
4510,284.656,-0.668799,0.597887,-0.520889,-0.137697,0.286285,-0.564978,-14.7738,-68.2707,61.4554,0.0103325,0.0500043,-0.18799,0.620049,0.500943,1
4520,262.607,-0.665862,0.616673,-0.535584,-0.141034,0.28932,-0.56762,-22.4008,-69.2664,46.9771,0.0115459,0.0488968,-0.187406,0.620049,0.500943,1
4530,259.756,-0.66243,0.635912,-0.547911,-0.144354,0.292451,-0.570329,-24.7073,-66.9128,36.9541,0.0125346,0.048015,-0.187917,0.620049,0.500943,1
4540,248.841,-0.65938,0.654579,-0.558423,-0.147657,0.295677,-0.573095,-23.1598,-60.1555,28.2326,0.0130412,0.0475892,-0.18882,0.620049,0.500943,1
4550,240.95,-0.657867,0.672347,-0.56773,-0.150949,0.298994,-0.57591,-19.6056,-52.0202,20.5292,0.0131742,0.0474363,-0.189571,0.620049,0.500943,1
4560,240.344,-0.65754,0.688389,-0.575488,-0.154236,0.302396,-0.578768,-15.6054,-43.6572,13.8361,0.0129765,0.0473587,-0.18998,0.620049,0.500943,1
4570,234.945,-0.658507,0.702726,-0.581957,-0.157524,0.305873,-0.581661,-11.3981,-35.169,7.8187,0.0122915,0.0469969,-0.190353,0.620049,0.500943,1
4580,228.201,-0.661044,0.715592,-0.587497,-0.160821,0.309418,-0.584584,-7.25859,-26.6649,2.3282,0.0112499,0.0460765,-0.191083,0.620049,0.500943,1
4590,208.297,-0.665965,0.728033,-0.593037,-0.164136,0.313025,-0.587533,-3.70279,-18.921,-2.44408,0.0105629,0.0451327,-0.19218,0.619777,0.500758,1
4600,207.052,-0.673195,0.740481,-0.59889,-0.167482,0.316695,-0.590512,-1.08859,-12.7349,-6.16974,0.01059,0.0448576,-0.19299,0.6195,0.500525,1
4610,244.795,-0.678833,0.749292,-0.602042,-0.170862,0.32042,-0.593515,0.654858,-8.10232,-8.95363,0.0108609,0.0450473,-0.193017,0.619246,0.500272,1
4620,294.773,-0.680844,0.752713,-0.601054,-0.174262,0.324177,-0.596523,1.79958,-4.5237,-11.0469,0.0109087,0.045027,-0.192451,0.619127,0.500121,1
4630,317.528,-0.680863,0.752891,-0.59764,-0.177667,0.327941,-0.599521,2.6815,-2.06068,-13.0254,0.0110559,0.0448316,-0.192013,0.619114,0.5001,1
4640,317.943,-0.680551,0.751995,-0.59336,-0.18107,0.331704,-0.602499,3.04105,-0.00838709,-14.187,0.0115168,0.045027,-0.191885,0.619023,0.499898,1
4650,304.812,-0.680696,0.751138,-0.58921,-0.184473,0.335462,-0.605455,3.12959,1.24762,-14.8482,0.0119301,0.0457254,-0.191795,0.618846,0.499529,1
4660,287.558,-0.681731,0.751032,-0.585721,-0.187879,0.339217,-0.608392,3.05071,1.90777,-15.1004,0.0120511,0.0463913,-0.19151,0.618532,0.498895,1
4670,274.496,-0.683657,0.751825,-0.582987,-0.191292,0.342973,-0.611313,2.88535,2.21387,-15.1244,0.0122502,0.0466944,-0.191433,0.618178,0.498207,1
4680,262.956,-0.686423,0.753539,-0.581006,-0.194716,0.346736,-0.614222,2.69146,2.33149,-15.0528,0.0127057,0.0468567,-0.192174,0.617928,0.497741,1
4690,269.076,-0.68934,0.755451,-0.579205,-0.198155,0.350508,-0.617123,2.50029,2.36112,-14.9421,0.0132407,0.0473273,-0.194044,0.617916,0.497719,1
4700,273.526,-0.691642,0.756731,-0.576947,-0.201607,0.354288,-0.620013,2.32252,2.36895,-14.8008,0.0135903,0.0481899,-0.19664,0.617916,0.497719,1
4710,252.299,-0.694552,0.758718,-0.575253,-0.205071,0.358075,-0.622892,2.1615,2.35444,-14.635,0.0137497,0.0491155,-0.199222,0.617916,0.497719,1
4720,212.246,-0.700384,0.763933,-0.576027,-0.208556,0.361879,-0.625768,2.00957,2.37438,-14.5073,0.0137077,0.0496153,-0.201187,0.617916,0.497719,1
4730,194.619,-0.709792,0.773072,-0.579761,-0.212078,0.365718,-0.628655,1.87143,2.4013,-14.3854,0.0134694,0.0493459,-0.202521,0.617916,0.497719,1
4740,209.51,-0.718963,0.781965,-0.583311,-0.215649,0.369604,-0.631561,1.75272,2.43866,-14.2591,0.0131795,0.0481883,-0.203587,0.617916,0.497719,1
4750,229.123,-0.725921,0.78846,-0.585082,-0.21926,0.373529,-0.634482,1.64539,2.48565,-14.1062,0.0132597,0.0465131,-0.204572,0.617916,0.497719,1
4760,249.111,-0.730877,0.792788,-0.585274,-0.222902,0.377482,-0.637407,1.54771,2.53493,-13.9088,0.0137462,0.0449008,-0.205276,0.617916,0.497719,1
4770,272.06,-0.733965,0.795098,-0.584023,-0.226564,0.381452,-0.640331,1.46125,2.58004,-13.6797,0.0142516,0.0434701,-0.205497,0.617916,0.497719,1
4780,297.496,-0.735211,0.795423,-0.581375,-0.230237,0.385429,-0.643244,1.3735,2.61542,-13.423,0.0147337,0.0419092,-0.205576,0.617916,0.497719,1
4790,310.244,-0.735175,0.794378,-0.577796,-0.233914,0.389403,-0.646143,1.26686,2.64142,-13.1559,0.0156061,0.0405218,-0.206178,0.617916,0.497719,1
4800,311.16,-0.734799,0.792992,-0.57404,-0.237589,0.393372,-0.649022,1.14745,2.66279,-12.9035,0.0167035,0.0399612,-0.207634,0.617916,0.497719,1
4810,296.167,-0.734797,0.792035,-0.57065,-0.241263,0.397334,-0.651884,1.38781,2.4871,-13.1173,0.0172709,0.0401565,-0.209385,0.617916,0.497719,1
4820,275.823,-0.736185,0.792556,-0.56823,-0.244939,0.401295,-0.65473,1.30369,2.48089,-13.0161,0.0171958,0.0403347,-0.210586,0.617921,0.497694,1
4830,289.315,-0.737855,0.793398,-0.566057,-0.248624,0.40526,-0.657566,1.42989,2.48404,-12.4955,0.0170109,0.040369,-0.210856,0.61795,0.497444,1
4840,330.119,-0.737533,0.792069,-0.562442,-0.252314,0.409225,-0.660388,1.56216,2.21097,-12.9429,0.0167993,0.0407349,-0.210782,0.61795,0.497322,1
4850,349.921,-0.735538,0.788981,-0.557429,-0.255998,0.413178,-0.663189,1.43617,2.20827,-12.9875,0.0161291,0.0416835,-0.211145,0.61795,0.497322,1
4860,327.313,-0.733695,0.786096,-0.552564,-0.259671,0.417116,-0.665964,1.28524,2.21027,-12.9801,0.0152614,0.0427075,-0.21231,0.61795,0.497322,1
4870,285.955,-0.733716,0.785254,-0.549149,-0.263338,0.421043,-0.668717,1.13401,1.81854,-12.5587,0.0150327,0.0433716,-0.213944,0.61795,0.497322,1
4880,249.269,-0.736509,0.787506,-0.547937,-0.267012,0.424973,-0.671459,0.98933,1.84368,-12.4388,0.0156545,0.0435465,-0.215646,0.61795,0.497322,1
4890,249.411,-0.740806,0.791396,-0.547893,-0.270705,0.42892,-0.674197,0.855878,1.85075,-12.2664,0.0166617,0.0434967,-0.217245,0.617976,0.497211,1
4900,277.984,-0.743543,0.793651,-0.54675,-0.274416,0.432883,-0.676934,0.736054,1.83654,-12.0746,0.0178009,0.0436001,-0.219175,0.617976,0.497211,1
4910,311.198,-0.743958,0.793469,-0.543971,-0.278135,0.436851,-0.679662,0.417348,1.51424,-11.4799,0.0188345,0.0441038,-0.221733,0.617976,0.497211,1
4920,336.87,-0.742545,0.791494,-0.540053,-0.281853,0.440815,-0.682372,0.327757,1.4829,-11.3033,0.0191868,0.0444719,-0.224637,0.617976,0.497211,1
4930,338.013,-0.740428,0.788797,-0.535687,-0.28556,0.444766,-0.685062,0.243514,1.46973,-11.1272,0.0186146,0.0440461,-0.227136,0.618035,0.497116,1
4940,321.6,-0.738873,0.786723,-0.531794,-0.289259,0.448705,-0.687731,0.155994,1.48352,-10.9425,0.0176401,0.042881,-0.229129,0.618212,0.496819,1
4950,314.687,-0.737863,0.785248,-0.52836,-0.292951,0.452635,-0.690381,0.0537057,1.51232,-10.7621,0.0166882,0.0415454,-0.231103,0.618302,0.496669,1
4960,302.558,-0.737405,0.784383,-0.525387,-0.296639,0.456559,-0.693015,-0.0711953,1.54466,-10.6056,0.015874,0.0403812,-0.233448,0.618424,0.496492,1
4970,309.328,-0.737127,0.783738,-0.522601,-0.300325,0.460479,-0.695636,-0.215205,1.58375,-10.5012,0.0155129,0.0394869,-0.235764,0.618565,0.496304,1
4980,331.749,-0.735799,0.782005,-0.519118,-0.304009,0.464395,-0.69824,-0.371617,1.63143,-10.4455,0.0159113,0.0388273,-0.237576,0.618701,0.496135,1
4990,331.174,-0.733852,0.779644,-0.515243,-0.307683,0.468299,-0.700827,-0.530295,1.6797,-10.4068,0.0166843,0.0382,-0.23889,0.618771,0.496053,1
