step,T,sn_vel[0],sn_vel[1],sn_vel[2],sn_crd[0],sn_crd[1],sn_crd[2],sn_f[0],sn_f[1],sn_f[2],target_crd[0],target_crd[1],target_crd[2],boundary[0],boundary[1],boundary[2]
0,0.000989693,0,0,0,-3.54919e-008,1.62558e-009,0.981818,0,0,0,0.000459986,0.0552366,-0.0488293,0.635817,0.499489,1
10,0.144877,0,0,0,-3.54919e-008,1.62558e-009,0.981818,0,0,0,0.000454122,0.0552339,-0.048846,0.635817,0.499489,1
20,0.246903,0,0,0,-3.54919e-008,1.62558e-009,0.981818,0,0,0,0.000429243,0.0552223,-0.048878,0.635817,0.499489,1
30,0.363396,0,0,0,-3.54919e-008,1.62558e-009,0.981818,0,0,0,0.000396477,0.0551969,-0.0488995,0.635825,0.499508,1
40,0.503426,0,0,0,-3.54919e-008,1.62558e-009,0.981818,0,0,0,0.000382125,0.0551785,-0.0489,0.635932,0.499561,1
50,0.615593,0,0,0,-3.54919e-008,1.62558e-009,0.981818,0,0,0,0.000384709,0.0551669,-0.0488905,0.636116,0.499579,1
60,0.759987,0,0,0,-3.54919e-008,1.62558e-009,0.981818,0,0,0,0.000379292,0.0551592,-0.0488952,0.636158,0.499572,1
70,0.815376,0,0,0,-3.54919e-008,1.62558e-009,0.981818,0,0,0,0.000368895,0.0551558,-0.0489178,0.636321,0.499548,1
80,0.892372,0,0,0,-3.54919e-008,1.62558e-009,0.981818,0,0,0,0.000371757,0.0551592,-0.048935,0.63634,0.499544,1
90,0.878859,0,0,0,-3.54919e-008,1.62558e-009,0.981818,0,0,0,0.000383951,0.0551526,-0.0489273,0.636457,0.499517,1
100,0.890883,0,0,0,-3.54919e-008,1.62558e-009,0.981818,0,0,0,0.000388302,0.0551312,-0.0489042,0.636484,0.499506,1
110,9.82175,0,0,0,-3.54919e-008,1.62558e-009,0.981818,0,0,0,0.000387453,0.055073,-0.0488528,0.636629,0.499453,1
120,16.7873,0,0,0,-3.54919e-008,1.62558e-009,0.981818,0,0,0,0.000396432,0.0550245,-0.0487969,0.636791,0.499394,1
130,21.4802,0,0,0,-3.54919e-008,1.62558e-009,0.981818,0,0,0,0.000396303,0.0550126,-0.048753,0.63701,0.499314,1
140,24.4501,0,0,0,-3.54919e-008,1.62558e-009,0.981818,0,0,0,0.000366497,0.0550115,-0.0487022,0.637291,0.499209,1
150,26.4085,0,0,0,-3.54919e-008,1.62558e-009,0.981818,0,0,0,0.000347759,0.0549931,-0.0486174,0.637559,0.49911,1
160,27.4666,0,0,0,-3.54919e-008,1.62558e-009,0.981818,0,0,0,0.000363046,0.0549539,-0.0484961,0.637798,0.499021,1
170,27.9765,0,0,0,-3.54919e-008,1.62558e-009,0.981818,0,0,0,0.000364363,0.0548933,-0.0483636,0.637983,0.498953,1
180,28.1708,0,0,0,-3.54919e-008,1.62558e-009,0.981818,0,0,0,0.000327301,0.0548231,-0.0482366,0.638091,0.49891,1
190,27.9872,0,0,0,-3.54919e-008,1.62558e-009,0.981818,0,0,0,0.00029567,0.0547712,-0.0480919,0.638166,0.498877,1
200,27.713,0,0,0,-3.54919e-008,1.62558e-009,0.981818,0,0,0,0.000284016,0.0547558,-0.0478837,0.638231,0.498847,1
210,36.5749,0,0,0,-3.54919e-008,1.62558e-009,0.981818,0,0,0,0.00025925,0.0547642,-0.0475686,0.638278,0.498823,1
220,42.3379,0,0,0,-3.54919e-008,1.62558e-009,0.981818,0,0,0,0.000224647,0.054774,-0.0471583,0.638343,0.498787,1
230,46.0359,0,0,0,-3.54919e-008,1.62558e-009,0.981818,0,0,0,0.000209688,0.0547821,-0.0466913,0.638409,0.498748,1
240,48.2342,0,0,0,-3.54919e-008,1.62558e-009,0.981818,0,0,0,0.000203981,0.0547849,-0.0461619,0.638484,0.498701,1
250,49.5354,0,0,0,-3.54919e-008,1.62558e-009,0.981818,0,0,0,0.000195437,0.0547747,-0.0455344,0.638542,0.498663,1
260,50.1997,0,0,0,-3.54919e-008,1.62558e-009,0.981818,0,0,0,0.000207616,0.054752,-0.0447884,0.638599,0.498622,1
270,50.6344,0,0,0,-3.54919e-008,1.62558e-009,0.981818,0,0,0,0.000234768,0.0547458,-0.0439284,0.638621,0.498606,1
280,51.0051,0,0,0,-3.54919e-008,1.62558e-009,0.981818,0,0,0,0.000243294,0.0547662,-0.0429755,0.638631,0.498597,1
290,51.57,0,0,0,-3.54919e-008,1.62558e-009,0.981818,0,0,0,0.000248687,0.0547919,-0.0419568,0.638663,0.498573,1
300,52.4206,0,0,0,-3.54919e-008,1.62558e-009,0.981818,0,0,0,0.000303666,0.0547713,-0.0408857,0.638687,0.498554,1
310,62.6299,0,0,0,-3.54919e-008,1.62558e-009,0.981818,0,0,0,0.000385855,0.0546981,-0.0396738,0.638709,0.498539,1
320,70.0138,0,0,0,-3.54919e-008,1.62558e-009,0.981818,0,0,0,0.000407278,0.0546181,-0.0382695,0.638766,0.498499,1
330,75.0159,0,0,0,-3.54919e-008,1.62558e-009,0.981818,0,0,0,0.000357856,0.0545828,-0.0367438,0.638839,0.498449,1
340,78.3279,0,0,0,-3.54919e-008,1.62558e-009,0.981818,0,0,0,0.00031854,0.0545535,-0.0352095,0.638907,0.498405,1
350,80.259,0,0,0,-3.54919e-008,1.62558e-009,0.981818,0,0,0,0.000295454,0.0545011,-0.0336992,0.638975,0.49836,1
360,80.9602,0,0,0,-3.54919e-008,1.62558e-009,0.981818,0,0,0,0.000241588,0.0544579,-0.0321611,0.639033,0.498323,1
370,81.1285,0,0,0,-3.54919e-008,1.62558e-009,0.981818,0,0,0,0.000176409,0.0544539,-0.0305752,0.639095,0.498284,1
380,80.3704,0,0,0,-3.54919e-008,1.62558e-009,0.981818,0,0,0,0.000135848,0.0544165,-0.0290048,0.639192,0.498224,1
390,79.0614,0,0,0,-3.54919e-008,1.62558e-009,0.981818,0,0,0,9.61186e-005,0.054324,-0.0275189,0.639304,0.498156,1
400,77.1993,0,0,0,-3.54919e-008,1.62558e-009,0.981818,0,0,0,6.04298e-005,0.0542583,-0.0261266,0.639412,0.498091,1
410,83.935,0,0,0,-3.54919e-008,1.62558e-009,0.981818,0,0,0,4.09233e-005,0.0542905,-0.0247435,0.639541,0.498014,1
420,86.8232,0,0,0,-3.54919e-008,1.62558e-009,0.981818,0,0,0,5.00321e-006,0.0543523,-0.023305,0.639687,0.497928,1
430,86.8078,0,0,0,-3.54919e-008,1.62558e-009,0.981818,0,0,0,-4.05603e-005,0.0543782,-0.0218158,0.639831,0.497844,1
440,85.1209,0,0,0,-3.54919e-008,1.62558e-009,0.981818,0,0,0,-2.25889e-005,0.054374,-0.0203082,0.639987,0.497755,1
450,82.4511,0,0,0,-3.54919e-008,1.62558e-009,0.981818,0,0,0,2.72742e-005,0.0543798,-0.0188306,0.640142,0.497667,1
460,79.4893,0,0,0,-3.54919e-008,1.62558e-009,0.981818,0,0,0,1.70051e-005,0.0543931,-0.0173979,0.640295,0.497581,1
470,77.3652,0,0,0,-3.54919e-008,1.62558e-009,0.981818,0,0,0,-4.34469e-005,0.05442,-0.0159724,0.640473,0.497482,1
480,76.5881,0,0,0,-3.54919e-008,1.62558e-009,0.981818,0,0,0,-9.65298e-005,0.05442,-0.0144748,0.640681,0.497367,1
490,78.6762,0,0,0,-3.54919e-008,1.62558e-009,0.981818,0,0,0,-0.000173514,0.0543322,-0.0128639,0.640849,0.497276,1
500,83.4591,0,0,0,-3.54919e-008,1.62558e-009,0.981818,0,0,0,-0.000286536,0.0541555,-0.0111887,0.641045,0.49717,1
510,99.337,0,0,0,-3.54919e-008,1.62558e-009,0.981818,0,0,0,-0.000392153,0.05401,-0.00950868,0.641298,0.497034,1
520,112.65,0,0,0,-3.54919e-008,1.62558e-009,0.981818,0,0,0,-0.000452964,0.0539654,-0.00790949,0.641615,0.496866,1
530,121.679,0,0,0,-3.54919e-008,1.62558e-009,0.981818,0,0,0,-0.000468761,0.0539701,-0.00647859,0.641973,0.496678,1
540,126.699,0,0,0,-3.54919e-008,1.62558e-009,0.981818,0,0,0,-0.000438437,0.0539362,-0.00526989,0.642338,0.496487,1
550,127.248,0,0,0,-3.54919e-008,1.62558e-009,0.981818,0,0,0,-0.000404249,0.0538594,-0.00432631,0.642699,0.4963,1
560,125.837,0,0,0,-3.54919e-008,1.62558e-009,0.981818,0,0,0,-0.000393418,0.0537726,-0.00371127,0.643097,0.496094,1
570,124.887,0,0,0,-3.54919e-008,1.62558e-009,0.981818,0,0,0,-0.000385848,0.0537295,-0.00343502,0.643533,0.49587,1
580,125.228,0,0,0,-3.54919e-008,1.62558e-009,0.981818,0,0,0,-0.000365803,0.0537128,-0.00345109,0.643966,0.495649,1
590,127.22,0,0,0,-3.54919e-008,1.62558e-009,0.981818,0,0,0,-0.000358293,0.0536228,-0.00368795,0.644425,0.495416,1
600,129.794,0,0,0,-3.54919e-008,1.62558e-009,0.981818,0,0,0,-0.000349457,0.0534552,-0.00410663,0.644892,0.49518,1
610,142.012,0,0,0,-3.54919e-008,1.62558e-009,0.981818,0,0,0,-0.000296682,0.0533493,-0.00462613,0.645221,0.495015,1
620,151.115,0,0,0,-3.54919e-008,1.62558e-009,0.981818,0,0,0,-0.000278949,0.0533195,-0.00521383,0.645341,0.494955,1
630,156.763,0,0,0,-3.54919e-008,1.62558e-009,0.981818,0,0,0,-0.000401766,0.0531966,-0.00587203,0.645353,0.494949,1
640,161.541,0,0,0,-3.54919e-008,1.62558e-009,0.981818,0,0,0,-0.000591474,0.0529596,-0.00661727,0.645353,0.494949,1
650,165.068,0,0,0,-3.54919e-008,1.62558e-009,0.981818,0,0,0,-0.000711215,0.0527382,-0.00732823,0.645353,0.494949,1
660,168.207,0,0,0,-3.54919e-008,1.62558e-009,0.981818,0,0,0,-0.000880644,0.0526083,-0.00792032,0.645353,0.494949,1
670,169.926,0,0,0,-3.54919e-008,1.62558e-009,0.981818,0,0,0,-0.0012148,0.0525308,-0.00838099,0.645353,0.494949,1
680,169.168,0,0,0,-3.54919e-008,1.62558e-009,0.981818,0,0,0,-0.00152169,0.0524558,-0.00878153,0.645353,0.494949,1
690,166.219,0,0,0,-3.54919e-008,1.62558e-009,0.981818,0,0,0,-0.00161995,0.0523421,-0.00910477,0.645353,0.494949,1
700,161.981,0,0,0,-3.54919e-008,1.62558e-009,0.981818,0,0,0,-0.00165153,0.0522344,-0.00931064,0.645353,0.494949,1
710,166.753,0,0,0,-3.54919e-008,1.62558e-009,0.981818,0,0,0,-0.00174955,0.0522056,-0.00939654,0.645353,0.494949,1
720,167.818,0,0,0,-3.54919e-008,1.62558e-009,0.981818,0,0,0,-0.00176103,0.0522509,-0.00941508,0.645353,0.494949,1
730,165.289,0,0,0,-3.54919e-008,1.62558e-009,0.981818,0,0,0,-0.00153916,0.0523302,-0.00945718,0.645353,0.494949,1
740,162.786,0,0,0,-3.54919e-008,1.62558e-009,0.981818,0,0,0,-0.00114187,0.05242,-0.00955382,0.645353,0.494949,1
750,161.084,0,0,0,-3.54919e-008,1.62558e-009,0.981818,0,0,0,-0.000690707,0.0525515,-0.00970397,0.645353,0.494949,1
760,162.356,0,0,0,-3.54919e-008,1.62558e-009,0.981818,0,0,0,-0.000241598,0.0527384,-0.0098227,0.645353,0.494949,1
770,166.049,0,0,0,-3.54919e-008,1.62558e-009,0.981818,0,0,0,8.86562e-005,0.0530063,-0.00990595,0.645353,0.494949,1
780,174.057,0,0,0,-3.54919e-008,1.62558e-009,0.981818,0,0,0,0.000194272,0.0533141,-0.00987299,0.645353,0.494949,1
790,186.566,0,0,0,-3.54919e-008,1.62558e-009,0.981818,0,0,0,7.13464e-005,0.0535866,-0.00975021,0.645353,0.494949,1
800,204.778,0,0,0,-3.54919e-008,1.62558e-009,0.981818,0,0,0,-0.000204769,0.0536865,-0.00946368,0.645353,0.494949,1
810,239.2,0,0,0,-3.54919e-008,1.62558e-009,0.981818,0,0,0,-0.000649711,0.0535785,-0.00901247,0.645353,0.494949,1
820,269.651,0,0,0,-3.54919e-008,1.62558e-009,0.981818,0,0,0,-0.00121312,0.0533276,-0.00829865,0.645353,0.494949,1
830,292.466,0,0,0,-3.54919e-008,1.62558e-009,0.981818,0,0,0,-0.00176062,0.0530461,-0.00751864,0.645353,0.494949,1
840,304.512,0,0,0,-3.54919e-008,1.62558e-009,0.981818,0,0,0,-0.00220013,0.0527342,-0.00681173,0.645353,0.494949,1
850,307.473,0,0,0,-3.54919e-008,1.62558e-009,0.981818,0,0,0,-0.00257997,0.0524276,-0.00634039,0.645353,0.494949,1
860,305.17,0,0,0,-3.54919e-008,1.62558e-009,0.981818,0,0,0,-0.00293887,0.0522235,-0.00599843,0.645353,0.494949,1
870,295.66,0,0,0,-3.54919e-008,1.62558e-009,0.981818,0,0,0,-0.00323512,0.0522182,-0.00577928,0.645353,0.494949,1
880,283.213,0,0,0,-3.54919e-008,1.62558e-009,0.981818,0,0,0,-0.00342507,0.0523272,-0.00556837,0.645353,0.494949,1
890,266.884,0,0,0,-3.54919e-008,1.62558e-009,0.981818,0,0,0,-0.00347825,0.0524708,-0.00534576,0.645353,0.494949,1
900,249.332,0,0,0,-3.54919e-008,1.62558e-009,0.981818,0,0,0,-0.00352906,0.0526755,-0.00504184,0.645353,0.494949,1
910,244.407,0,0,0,-3.54919e-008,1.62558e-009,0.981818,0,0,0,-0.00371914,0.0530243,-0.0048249,0.645353,0.494949,1
920,239.923,0,0,0,-3.54919e-008,1.62558e-009,0.981818,0,0,0,-0.00406476,0.0534089,-0.00480951,0.645353,0.494949,1
930,238.472,0,0,0,-3.54919e-008,1.62558e-009,0.981818,0,0,0,-0.00440029,0.0537562,-0.00501306,0.645353,0.494949,1
940,238.673,0,0,0,-3.54919e-008,1.62558e-009,0.981818,0,0,0,-0.00479665,0.054159,-0.00526419,0.645353,0.494949,1
950,240.227,0,0,0,-3.54919e-008,1.62558e-009,0.981818,0,0,0,-0.00532723,0.05471,-0.00559274,0.645353,0.494949,1
960,241.785,0,0,0,-3.54919e-008,1.62558e-009,0.981818,0,0,0,-0.00598573,0.0552597,-0.00607539,0.645353,0.494949,1
970,241.72,0,0,0,-3.54919e-008,1.62558e-009,0.981818,0,0,0,-0.00660972,0.0556377,-0.00669772,0.645353,0.494949,1
980,241.539,0,0,0,-3.54919e-008,1.62558e-009,0.981818,0,0,0,-0.00713167,0.0557804,-0.0073694,0.645353,0.494949,1
990,245.068,0,0,0,-3.54919e-008,1.62558e-009,0.981818,0,0,0,-0.00735585,0.0557108,-0.00817731,0.645353,0.494949,1
1000,255.878,0,0,0,-3.54919e-008,1.62558e-009,0.981818,0,0,0,-0.00724678,0.0554049,-0.00919013,0.644582,0.49542,1
1010,271.47,0,0,0,-3.54919e-008,1.62558e-009,0.981818,0,0,0,-0.00690234,0.054918,-0.0102259,0.644095,0.495671,1
1020,282.326,0,0,0,-3.54919e-008,1.62558e-009,0.981818,0,0,0,-0.00644088,0.0544525,-0.0111053,0.643196,0.496131,1
1030,288.851,0,0,0,-3.54919e-008,1.62558e-009,0.981818,0,0,0,-0.00574208,0.0541886,-0.0119317,0.642635,0.496515,1
1040,286.717,0,0,0,-3.54919e-008,1.62558e-009,0.981818,0,0,0,-0.00489426,0.0539735,-0.0129851,0.641815,0.497154,1
1050,284.346,0,0,0,-3.54919e-008,1.62558e-009,0.981818,0,0,0,-0.00414876,0.0535907,-0.0142995,0.640949,0.497867,1
1060,283.074,0,0,0,-3.54919e-008,1.62558e-009,0.981818,0,0,0,-0.0036747,0.0531475,-0.0157776,0.640284,0.49841,1
1070,281.895,0,0,0,-3.54919e-008,1.62558e-009,0.981818,0,0,0,-0.00333072,0.0528718,-0.0173883,0.639635,0.498906,1
1080,279.492,0,0,0,-3.54919e-008,1.62558e-009,0.981818,0,0,0,-0.00303841,0.0527345,-0.0192323,0.63887,0.499438,1
1090,274.188,0,0,0,-3.54919e-008,1.62558e-009,0.981818,0,0,0,-0.0027929,0.0526683,-0.0211348,0.638053,0.499946,1
1100,265.142,0,0,0,-3.54919e-008,1.62558e-009,0.981818,0,0,0,-0.00258174,0.0527425,-0.0229407,0.637165,0.500443,1
1110,253.47,0,0,0,-3.54919e-008,1.62558e-009,0.981818,0,0,0,-0.00231576,0.0529454,-0.0246593,0.636173,0.500946,1
1120,240.158,0,0,0,-3.54919e-008,1.62558e-009,0.981818,0,0,0,-0.00204645,0.0531751,-0.0264244,0.635164,0.501409,1
1130,225.172,0,0,0,-3.54919e-008,1.62558e-009,0.981818,0,0,0,-0.00182513,0.0534653,-0.0280846,0.634239,0.50179,1
1140,207.085,0,0,0,-3.54919e-008,1.62558e-009,0.981818,0,0,0,-0.00153657,0.053988,-0.0295796,0.633375,0.502102,1
1150,189.388,0,0,0,-3.54919e-008,1.62558e-009,0.981818,0,0,0,-0.0010893,0.054739,-0.0309076,0.632512,0.502373,1
1160,174.844,0,0,0,-3.54919e-008,1.62558e-009,0.981818,0,0,0,-0.00061316,0.0554638,-0.0321393,0.631685,0.502593,1
1170,170.464,0,0,0,-3.54919e-008,1.62558e-009,0.981818,0,0,0,-0.000235534,0.0558625,-0.0330927,0.630932,0.502756,1
1180,178.111,0,0,0,-3.54919e-008,1.62558e-009,0.981818,0,0,0,0.00017205,0.0559791,-0.0336538,0.630223,0.502874,1
1190,198.304,0,0,0,-3.54919e-008,1.62558e-009,0.981818,0,0,0,0.000597247,0.0560223,-0.0336933,0.629628,0.502943,1
1200,226.289,0,0,0,-3.54919e-008,1.62558e-009,0.981818,0,0,0,0.000819161,0.0560582,-0.0332706,0.629206,0.502971,1
1210,252.794,0,0,0,-3.54919e-008,1.62558e-009,0.981818,0,0,0,0.00069968,0.0560599,-0.0323145,0.628793,0.502978,1
1220,271.792,0,0,0,-3.54919e-008,1.62558e-009,0.981818,0,0,0,0.000472532,0.0561314,-0.0309721,0.628294,0.502961,1
1230,281.37,0,0,0,-3.54919e-008,1.62558e-009,0.981818,0,0,0,0.000252529,0.0562148,-0.0294467,0.627793,0.502916,1
1240,283.776,0,0,0,-3.54919e-008,1.62558e-009,0.981818,0,0,0,0.00010948,0.0562224,-0.0279689,0.627225,0.502835,1
1250,286.149,0,0,0,-3.54919e-008,1.62558e-009,0.981818,0,0,0,7.73827e-005,0.0562664,-0.0264188,0.626509,0.5027,1
1260,288.613,0,0,0,-3.54919e-008,1.62558e-009,0.981818,0,0,0,0.000143329,0.0564022,-0.0247166,0.625824,0.502541,1
1270,288.804,0,0,0,-3.54919e-008,1.62558e-009,0.981818,0,0,0,-6.5412e-005,0.0564474,-0.0228529,0.625399,0.502417,1
1280,282.395,0,0,0,-3.54919e-008,1.62558e-009,0.981818,0,0,0,-0.000614772,0.0564021,-0.0209083,0.625374,0.502417,1
1290,274.32,0,0,0,-3.54919e-008,1.62558e-009,0.981818,0,0,0,-0.00128008,0.0564036,-0.0188566,0.625374,0.502417,1
1300,269.289,0,0,0,-3.54919e-008,1.62558e-009,0.981818,0,0,0,-0.0017718,0.0564001,-0.0168164,0.625374,0.502417,1
1310,265.893,0,0,0,-3.54919e-008,1.62558e-009,0.981818,0,0,0,-0.00213542,0.0562775,-0.0148703,0.625374,0.502417,1
1320,263.837,0,0,0,-3.54919e-008,1.62558e-009,0.981818,0,0,0,-0.00239672,0.0560733,-0.0130157,0.625374,0.502417,1
1330,255.832,0,0,0,-3.54919e-008,1.62558e-009,0.981818,0,0,0,-0.00257202,0.055792,-0.0112115,0.625374,0.502417,1
1340,247.172,0,0,0,-3.54919e-008,1.62558e-009,0.981818,0,0,0,-0.00250758,0.0555095,-0.00957207,0.625374,0.502417,1
1350,241.458,0,0,0,-3.54919e-008,1.62558e-009,0.981818,0,0,0,-0.00227087,0.0554082,-0.00826759,0.625374,0.502417,1
1360,239.797,0,0,0,-3.54919e-008,1.62558e-009,0.981818,0,0,0,-0.00205136,0.0555384,-0.00736157,0.625374,0.502417,1
1370,241.93,0,0,0,-3.54919e-008,1.62558e-009,0.981818,0,0,0,-0.0020484,0.0557419,-0.00674438,0.625374,0.502417,1
1380,243.71,0,0,0,-3.54919e-008,1.62558e-009,0.981818,0,0,0,-0.00220122,0.0560192,-0.006297,0.625374,0.502417,1
1390,245.554,0,0,0,-3.54919e-008,1.62558e-009,0.981818,0,0,0,-0.00241159,0.0564361,-0.00609066,0.625374,0.502417,1
1400,251.986,0,0,0,-3.54919e-008,1.62558e-009,0.981818,0,0,0,-0.00257137,0.0568968,-0.00619665,0.625374,0.502417,1
1410,264.061,0,0,0,-3.54919e-008,1.62558e-009,0.981818,0,0,0,-0.00272712,0.0572347,-0.00652675,0.625126,0.502303,1
1420,284.552,0,0,0,-3.54919e-008,1.62558e-009,0.981818,0,0,0,-0.00298817,0.0574849,-0.00695271,0.625006,0.502221,1
1430,305.572,0,0,0,-3.54919e-008,1.62558e-009,0.981818,0,0,0,-0.00334408,0.0576851,-0.00757373,0.624987,0.502204,1
1440,317.756,0,0,0,-3.54919e-008,1.62558e-009,0.981818,0,0,0,-0.00357553,0.0578616,-0.00852963,0.624987,0.502204,1
1450,318.859,0,0,0,-3.54919e-008,1.62558e-009,0.981818,0,0,0,-0.00351191,0.0580085,-0.00982629,0.624987,0.502204,1
1460,315.902,0,0,0,-3.54919e-008,1.62558e-009,0.981818,0,0,0,-0.00332479,0.0580691,-0.0113092,0.624987,0.502204,1
1470,312.064,0,0,0,-3.54919e-008,1.62558e-009,0.981818,0,0,0,-0.00321934,0.0579698,-0.0129206,0.624987,0.502204,1
1480,310.194,0,0,0,-3.54919e-008,1.62558e-009,0.981818,0,0,0,-0.00320303,0.0577772,-0.0145227,0.624987,0.502204,1
1490,306.372,0,0,0,-3.54919e-008,1.62558e-009,0.981818,0,0,0,-0.00303309,0.0576161,-0.0158581,0.624987,0.502204,1
1500,295.929,0,0,0,-3.54919e-008,1.62558e-009,0.981818,0,0,0,-0.00272549,0.0575055,-0.0167784,0.624987,0.502204,1
1510,274.699,0,0,0,-3.54919e-008,1.62558e-009,0.981818,0,0,0,-0.00240738,0.0574285,-0.0175403,0.624987,0.502204,1
1520,247.702,0,0,0,-3.54919e-008,1.62558e-009,0.981818,0,0,0,-0.00226534,0.0573243,-0.0183408,0.624987,0.502204,1
1530,219.89,0,0,0,-3.54919e-008,1.62558e-009,0.981818,0,0,0,-0.00224346,0.0571038,-0.0190435,0.625,0.502189,1
1540,198.929,0,0,0,-3.54919e-008,1.62558e-009,0.981818,0,0,0,-0.00229976,0.0567271,-0.0195143,0.625,0.502189,1
1550,188.218,0,0,0,-3.54919e-008,1.62558e-009,0.981818,0,0,0,-0.00242815,0.0563577,-0.0199385,0.625068,0.502093,1
1560,192.466,0,0,0,-3.54919e-008,1.62558e-009,0.981818,0,0,0,-0.00285773,0.0559879,-0.020368,0.625242,0.501835,1
1570,204.497,0,0,0,-3.54919e-008,1.62558e-009,0.981818,0,0,0,-0.00355767,0.0556579,-0.020595,0.625419,0.501559,1
1580,215.028,0,0,0,-3.54919e-008,1.62558e-009,0.981818,0,0,0,-0.00429723,0.055363,-0.0204958,0.625545,0.501348,1
1590,221.84,0,0,0,-3.54919e-008,1.62558e-009,0.981818,0,0,0,-0.00482565,0.0551213,-0.020205,0.625686,0.501097,1
1600,230.559,0,0,0,-3.54919e-008,1.62558e-009,0.981818,0,0,0,-0.00511231,0.0547979,-0.0198427,0.625854,0.500783,1
1610,242.529,0,0,0,-3.54919e-008,1.62558e-009,0.981818,0,0,0,-0.00500938,0.0544836,-0.0195165,0.626058,0.500384,1
1620,258.106,0,0,0,-3.54919e-008,1.62558e-009,0.981818,0,0,0,-0.00454513,0.0542637,-0.0194058,0.626302,0.499895,1
1630,272.928,0,0,0,-3.54919e-008,1.62558e-009,0.981818,0,0,0,-0.00397631,0.0542383,-0.0195522,0.626511,0.499462,1
1640,289.083,0,0,0,-3.54919e-008,1.62558e-009,0.981818,0,0,0,-0.00365386,0.054329,-0.0196064,0.626671,0.49912,1
1650,308.394,0,0,0,-3.54919e-008,1.62558e-009,0.981818,0,0,0,-0.00356293,0.0545746,-0.0192616,0.626853,0.498717,1
1660,318.506,0,0,0,-3.54919e-008,1.62558e-009,0.981818,0,0,0,-0.00357699,0.054834,-0.0187014,0.627053,0.498261,1
1670,317.233,0,0,0,-3.54919e-008,1.62558e-009,0.981818,0,0,0,-0.00365218,0.0549289,-0.0182767,0.627211,0.497881,1
1680,311.135,0,0,0,-3.54919e-008,1.62558e-009,0.981818,0,0,0,-0.00380834,0.05484,-0.0178194,0.627321,0.497604,1
1690,309.224,0,0,0,-3.54919e-008,1.62558e-009,0.981818,0,0,0,-0.0037983,0.0549746,-0.016938,0.627406,0.497408,1
1700,315.833,0,0,0,-3.54919e-008,1.62558e-009,0.981818,0,0,0,-0.00333859,0.055383,-0.0156003,0.627463,0.497281,1
1710,326.412,0,0,0,-3.54919e-008,1.62558e-009,0.981818,0,0,0,-0.00253195,0.0556643,-0.0141956,0.627473,0.497258,1
1720,328.322,0,0,0,-3.54919e-008,1.62558e-009,0.981818,0,0,0,-0.00176303,0.0555828,-0.013067,0.627473,0.497258,1
1730,323.52,0,0,0,-3.54919e-008,1.62558e-009,0.981818,0,0,0,-0.00132378,0.0554499,-0.0124129,0.627473,0.497258,1
1740,318.162,0,0,0,-3.54919e-008,1.62558e-009,0.981818,0,0,0,-0.00134017,0.0554653,-0.0122862,0.627473,0.497258,1
1750,316.637,0,0,0,-3.54919e-008,1.62558e-009,0.981818,0,0,0,-0.0018442,0.0555233,-0.0126869,0.627473,0.497258,1
1760,317.087,0,0,0,-3.54919e-008,1.62558e-009,0.981818,0,0,0,-0.00257212,0.0555552,-0.0133806,0.627473,0.497258,1
1770,316.857,0,0,0,-3.54919e-008,1.62558e-009,0.981818,0,0,0,-0.00329877,0.0555665,-0.0141219,0.627473,0.497258,1
1780,316.899,0,0,0,-3.54919e-008,1.62558e-009,0.981818,0,0,0,-0.00383031,0.0555895,-0.0149402,0.627473,0.497258,1
1790,319.405,0,0,0,-3.54919e-008,1.62558e-009,0.981818,0,0,0,-0.00397364,0.0555705,-0.0160722,0.627473,0.497258,1
1800,326.231,0,0,0,-3.54919e-008,1.62558e-009,0.981818,0,0,0,-0.00349888,0.0554518,-0.0174175,0.627473,0.497258,1
1810,333.621,0,0,0,-3.54919e-008,1.62558e-009,0.981818,0,0,0,-0.0025772,0.055101,-0.0187557,0.627515,0.497192,1
1820,329.114,0,0,0,-3.54919e-008,1.62558e-009,0.981818,0,0,0,-0.00152864,0.0546823,-0.0201009,0.627537,0.497168,1
1830,312.881,0,0,0,-3.54919e-008,1.62558e-009,0.981818,0,0,0,-0.000696386,0.0542734,-0.0217618,0.627607,0.497084,1
1840,298.161,0,0,0,-3.54919e-008,1.62558e-009,0.981818,0,0,0,-0.000162943,0.0539221,-0.0237224,0.627762,0.496893,1
1850,287.041,0,0,0,-3.54919e-008,1.62558e-009,0.981818,0,0,0,5.1144e-005,0.0536071,-0.0257141,0.627821,0.496813,1
1860,280.863,0,0,0,-3.54919e-008,1.62558e-009,0.981818,0,0,0,5.49365e-005,0.0533678,-0.0275018,0.627821,0.496813,1
1870,280.021,0,0,0,-3.54919e-008,1.62558e-009,0.981818,0,0,0,-0.000192848,0.0529542,-0.0291579,0.627821,0.496813,1
1880,283.283,0,0,0,-3.54919e-008,1.62558e-009,0.981818,0,0,0,-0.000657733,0.0523745,-0.0305969,0.627821,0.496813,1
1890,297.406,0,0,0,-3.54919e-008,1.62558e-009,0.981818,0,0,0,-0.00112182,0.0519425,-0.0317397,0.627821,0.496813,1
1900,318.995,0,0,0,-3.54919e-008,1.62558e-009,0.981818,0,0,0,-0.00129852,0.0520015,-0.0325576,0.627821,0.496813,1
1910,335.036,0,0,0,-3.54919e-008,1.62558e-009,0.981818,0,0,0,-0.0012919,0.0523757,-0.0330656,0.627821,0.496813,1
1920,333.361,0,0,0,-3.54919e-008,1.62558e-009,0.981818,0,0,0,-0.0012513,0.0528088,-0.0330412,0.627821,0.496813,1
1930,315.887,0,0,0,-3.54919e-008,1.62558e-009,0.981818,0,0,0,-0.00114913,0.0532301,-0.0325678,0.627821,0.496813,1
1940,289.513,0,0,0,-3.54919e-008,1.62558e-009,0.981818,0,0,0,-0.00094195,0.0535952,-0.032086,0.627821,0.496813,1
1950,256.923,0,0,0,-3.54919e-008,1.62558e-009,0.981818,0,0,0,-0.000725437,0.0537316,-0.0319316,0.627821,0.496813,1
1960,229.848,0,0,0,-3.54919e-008,1.62558e-009,0.981818,0,0,0,-0.000351598,0.0537456,-0.0318667,0.627821,0.496813,1
1970,213.796,0,0,0,-3.54919e-008,1.62558e-009,0.981818,0,0,0,0.000274104,0.0539562,-0.0316029,0.627821,0.496813,1
1980,209.137,0,0,0,-3.54919e-008,1.62558e-009,0.981818,0,0,0,0.000712219,0.0543396,-0.0311831,0.627821,0.496813,1
1990,210.636,0,0,0,-3.54919e-008,1.62558e-009,0.981818,0,0,0,0.000471858,0.0546814,-0.0307144,0.627821,0.496813,1
2000,873.253,0,0,-6.68898,-0.000109087,0.0549159,0.978468,0,0,0,-0.000174186,0.0549373,-0.030155,0.627798,0.496833,1
2010,852.323,0,0,-6.58054,-0.000109087,0.0549159,0.945269,0,0,0,-0.000649339,0.0550563,-0.0295777,0.627798,0.496833,1
2020,842.348,0,0,-6.4749,-0.000109087,0.0549159,0.912605,0,0,0,-0.000923181,0.0547733,-0.0291266,0.627798,0.496833,1
2030,849.224,0,0,-6.37104,-0.000109087,0.0549159,0.880464,0,0,0,-0.00120497,0.0542437,-0.0285837,0.627798,0.496833,1
2040,868.042,0,0,-6.26786,-0.000109087,0.0549159,0.848841,0,0,0,-0.00150653,0.0538323,-0.0277572,0.627798,0.496833,1
2050,875.238,0,0,-6.16547,-0.000109087,0.0549159,0.817733,0,0,0,-0.00179474,0.053619,-0.0268332,0.627798,0.496833,1
2060,856.784,0,0,-6.06516,-0.000109087,0.0549159,0.787132,0,0,0,-0.0022425,0.053363,-0.026092,0.627798,0.496833,1
2070,819.347,0,0,-5.96832,-0.000109087,0.0549159,0.757026,0,0,0,-0.00287414,0.0530841,-0.0253699,0.627798,0.496833,1
2080,774.705,0,0,-5.87589,-0.000109087,0.0549159,0.727395,0,0,0,-0.00357851,0.0527376,-0.024511,0.627798,0.496833,1
2090,734.587,0,0,-5.788,-0.000109087,0.0549159,0.698215,0,0,0,-0.00418971,0.0523115,-0.0236048,0.627671,0.496973,1
2100,702.511,0,0,-5.70424,-0.000109087,0.0549159,0.669465,0,0,0,-0.00461587,0.0519218,-0.0228804,0.627302,0.497356,1
2110,671.235,0,0,-5.62439,-0.000109087,0.0549159,0.641125,0,0,0,-0.00457246,0.0518871,-0.0222583,0.62684,0.497812,1
2120,638.729,-1.45529e-007,-2.79797e-007,-5.54865,-0.000109087,0.0549159,0.613175,0.0117627,0.0226152,0.0326505,-0.00392737,0.0521398,-0.0216607,0.626401,0.498221,1
2130,616.735,-3.75483e-006,-6.67503e-006,-5.47677,-0.000109096,0.0549159,0.585595,0.027641,0.0123444,0.0911163,-0.00298867,0.0524867,-0.0210309,0.625947,0.498621,1
2140,611.555,-1.19631e-005,-9.97489e-006,-5.40718,-0.000109134,0.0549158,0.558368,0.0401755,0.0149783,0.125083,-0.00237388,0.0527522,-0.020471,0.625579,0.498925,1
2150,612.236,-2.44387e-005,-1.49962e-005,-5.33853,-0.000109221,0.0549158,0.531487,0.114027,0.133045,0.551468,-0.00216042,0.0530413,-0.0199252,0.625369,0.499093,1
2160,603.48,-5.81628e-005,-5.28446e-005,-5.27128,-0.000109422,0.0549156,0.504946,0.183173,0.179015,0.780986,-0.00208463,0.0533442,-0.0193797,0.625277,0.499178,1
2170,586.169,-0.000116259,-0.000104972,-5.20652,-0.00010984,0.0549152,0.478737,0.611883,0.347471,2.05361,-0.00208143,0.0536157,-0.0187312,0.625277,0.499178,1
2180,567.912,-0.000294383,-0.000202308,-5.14492,-0.000110841,0.0549145,0.452844,0.903882,0.381204,3.02331,-0.00229855,0.0539043,-0.0179712,0.625277,0.499178,1
2190,553.237,-0.000554975,-0.000307243,-5.08641,-0.00011293,0.0549132,0.427252,1.25596,0.492245,3.89068,-0.0028244,0.0542431,-0.0169997,0.625277,0.499178,1
2200,550.607,-0.00091491,-0.00043798,-5.02977,-0.000116552,0.0549113,0.401948,2.00334,0.583982,5.35196,-0.00368722,0.054368,-0.0159355,0.625277,0.499178,1
2210,557.085,-0.0014692,-0.000574937,-4.9738,-0.000122457,0.0549088,0.376924,2.57,0.526067,6.34952,-0.00462179,0.0542602,-0.0149645,0.625277,0.499178,1
2220,562.986,-0.0021512,-0.000646864,-4.91781,-0.000131453,0.0549057,0.352181,3.63957,0.324321,8.3646,-0.00511767,0.0543322,-0.014331,0.625277,0.499178,1
2230,561.931,-0.00299904,-0.000490198,-4.86235,-0.000144376,0.0549026,0.327716,3.79324,-1.69809,5.98854,-0.00509754,0.0547143,-0.0139949,0.625277,0.499178,1
2240,558.559,-0.00342702,0.000825393,-4.806,-0.000160994,0.0549025,0.30353,-1.89055,-11.1658,-9.91887,-0.00486301,0.0550444,-0.0138392,0.625277,0.499178,1
2250,558.14,-0.000634547,0.00684295,-4.74189,-0.000173607,0.0549183,0.27964,-26.4249,-44.7283,-73.1065,-0.00455869,0.0550614,-0.0137678,0.625277,0.499178,1
2260,557.493,0.0152088,0.0296158,-4.64644,-0.000147004,0.0549972,0.256132,-123.847,-165.421,-303.724,-0.00404921,0.0549238,-0.0138658,0.625277,0.499178,1
2270,537.23,0.0808206,0.109365,-4.44244,5.6609e-005,0.0553052,0.233321,-481.514,-548.967,-1062.28,-0.0034877,0.0546915,-0.0141743,0.625277,0.499178,1
2280,466.297,0.30813,0.32937,-3.9261,0.000921938,0.0563282,0.212191,-1512.21,-1233.23,-2994.16,-0.00304628,0.0542813,-0.0146336,0.625262,0.499206,1
2290,354.875,0.878889,0.57971,-2.8231,0.00371751,0.0587014,0.195035,-3128.02,-246.351,-5668.53,-0.00285275,0.0536737,-0.0150955,0.625207,0.499333,1
2300,317.06,1.76255,0.279375,-1.30279,0.0102643,0.0611326,0.184705,-3631.67,2292.58,-5802.08,-0.00297551,0.0531553,-0.0154647,0.625207,0.499333,1
2310,378.089,2.47491,-0.215345,-0.238171,0.0210388,0.0611809,0.181188,-2040.68,1348.97,-2720.24,-0.00356497,0.0530572,-0.0157544,0.625207,0.499333,1
2320,379.491,2.79344,-0.405258,0.176331,0.034343,0.0595253,0.181222,-810.874,364.523,-921.242,-0.00433757,0.0535732,-0.0159988,0.625207,0.499333,1
2330,328.891,2.91316,-0.451256,0.315126,0.0486595,0.0573554,0.182513,-320.829,83.6085,-316.787,-0.00492733,0.0544291,-0.0163827,0.625135,0.499639,1
2340,291.884,2.96519,-0.461683,0.364132,0.0633712,0.0550668,0.184232,-137.625,17.3863,-113.724,-0.00536725,0.0552461,-0.0171079,0.625018,0.500205,1
2350,307.536,2.98987,-0.463817,0.381884,0.0782682,0.0527512,0.186105,-65.0022,2.39314,-40.3084,-0.0059984,0.0557136,-0.0181622,0.624887,0.500927,1
2360,356.592,2.99429,-0.462831,0.386824,0.0932378,0.0504334,0.18803,-34.7143,0.10257,-11.1563,-0.00666651,0.0558317,-0.0191936,0.624787,0.501572,1
2370,412.897,2.98413,-0.460245,0.385672,0.108193,0.0481245,0.189964,-21.4115,0.188556,0.927839,-0.00699254,0.0558235,-0.0200251,0.624738,0.501977,1
2380,452.883,2.965,-0.456752,0.381628,0.123074,0.0458309,0.191883,-15.1006,0.747904,6.61424,-0.00691889,0.0559703,-0.0207776,0.624717,0.502257,1
2390,451.885,2.94288,-0.453104,0.376376,0.137851,0.0435554,0.19378,-10.3065,1.12315,9.31765,-0.00675007,0.0562597,-0.0217302,0.62471,0.502557,1
2400,432.517,2.92141,-0.449764,0.370892,0.152517,0.0412975,0.195648,-6.54004,1.09516,10.5574,-0.00663836,0.0564979,-0.0229608,0.624717,0.502914,1
2410,409.608,2.90174,-0.446774,0.365578,0.167079,0.0390555,0.19749,-3.0529,0.626978,10.9584,-0.00660981,0.0564231,-0.0244041,0.624735,0.503222,1
2420,379.707,2.88488,-0.444204,0.360706,0.181548,0.0368276,0.199306,-1.38382,0.685331,10.5622,-0.00679584,0.056045,-0.0257889,0.624739,0.503267,1
2430,344.947,2.87287,-0.442449,0.356606,0.195943,0.0346108,0.201099,1.02162,0.15704,10.4104,-0.00740047,0.0557762,-0.0268792,0.624739,0.503267,1
2440,316.686,2.86629,-0.441501,0.353283,0.210291,0.032401,0.202874,2.17987,-0.447842,10.5808,-0.00840744,0.0559553,-0.0274678,0.624739,0.503267,1
2450,315.669,2.86267,-0.440904,0.350278,0.224614,0.0301949,0.204633,2.44566,-0.955874,10.5307,-0.00962018,0.05638,-0.0276548,0.624739,0.503267,1
2460,348.714,2.85535,-0.439644,0.346825,0.238913,0.0279928,0.206376,1.08944,-0.0820432,10.4839,-0.0109519,0.0566547,-0.0277334,0.624739,0.503267,1
2470,394.323,2.84107,-0.437465,0.342516,0.253161,0.0257991,0.208101,0.33301,0.223569,10.3826,-0.0123288,0.0568271,-0.0279925,0.624739,0.503267,1
2480,425.292,2.82165,-0.434536,0.337658,0.267324,0.0236181,0.209802,0.110214,0.21142,9.98494,-0.01344,0.0571028,-0.0282397,0.624739,0.503267,1
2490,433.249,2.80014,-0.431275,0.332706,0.281384,0.0214527,0.211478,-0.255675,-0.0447359,9.15573,-0.0139928,0.057432,-0.0282018,0.624796,0.503415,1
2500,420.069,2.77937,-0.42806,0.328061,0.295337,0.0193037,0.213131,0.0621665,-0.0579416,8.49507,-0.0141903,0.0575118,-0.0278883,0.624915,0.503692,1
2510,395.739,2.76105,-0.425228,0.323862,0.309192,0.01717,0.214761,0.0321627,0.114053,8.37246,-0.0144346,0.0574264,-0.0275918,0.625037,0.503978,1
2520,370.65,2.74626,-0.422972,0.320102,0.322962,0.0150491,0.216371,0.133303,-0.288521,7.55056,-0.0149139,0.0574601,-0.0275086,0.625091,0.504071,1
2530,347.392,2.73514,-0.421192,0.316964,0.336667,0.0129385,0.217964,0.0516572,-0.259542,7.68726,-0.015482,0.0578377,-0.0277244,0.625091,0.504071,1
2540,333.008,2.72737,-0.419932,0.314168,0.350324,0.0108355,0.219542,-0.0203415,-0.495078,7.95201,-0.0159829,0.0583568,-0.0281843,0.625091,0.504071,1
2550,332.045,2.7208,-0.418799,0.31143,0.363946,0.00873846,0.221106,-0.00192023,-0.382964,8.03328,-0.0162542,0.0587152,-0.0287794,0.625091,0.504071,1
2560,335.846,2.71391,-0.417656,0.308626,0.377535,0.00664703,0.222656,-0.0650976,-0.0311454,8.03222,-0.016356,0.0586337,-0.029368,0.625091,0.504071,1
2570,349.532,2.70552,-0.416358,0.305607,0.391087,0.00456152,0.224192,-0.165968,-0.12028,8.80206,-0.016499,0.0582039,-0.0299206,0.625091,0.504071,1
2580,365.152,2.69447,-0.414613,0.302067,0.40459,0.0024835,0.225712,-0.982095,-0.380267,9.29566,-0.016976,0.0575851,-0.030519,0.625091,0.504071,1
2590,358.104,2.68304,-0.412725,0.298315,0.418036,0.000414801,0.227213,-1.25248,-0.336493,10.4486,-0.0177102,0.0571655,-0.0311874,0.625091,0.504071,1
2600,340.999,2.67397,-0.411206,0.294526,0.43143,-0.00164519,0.228696,-1.47517,-0.235567,11.7403,-0.0185761,0.0571853,-0.0318667,0.625091,0.504071,1
2610,317.715,2.66859,-0.410274,0.290828,0.444786,-0.00369882,0.230159,-1.63445,-0.115028,12.9599,-0.0196146,0.0575674,-0.0325515,0.625091,0.504071,1
2620,301.817,2.66739,-0.410009,0.287315,0.458125,-0.00574937,0.231604,-2.50597,0.390804,14.4459,-0.0209113,0.0577819,-0.0333139,0.625091,0.504071,1
2630,309.175,2.66715,-0.409982,0.283582,0.471462,-0.00779949,0.233032,-2.72519,0.750101,14.5462,-0.0220811,0.057679,-0.034165,0.625091,0.504071,1
2640,325.84,2.66396,-0.409568,0.279573,0.484792,-0.00984872,0.23444,-2.63472,0.685489,14.4453,-0.0227362,0.0575286,-0.0350611,0.625091,0.504071,1
2650,346.899,2.6574,-0.408623,0.27531,0.498099,-0.0118947,0.235827,-2.4584,0.606729,13.8491,-0.0230038,0.0576355,-0.0358118,0.625091,0.504071,1
2660,379.523,2.64631,-0.406967,0.270795,0.511363,-0.0139345,0.237193,-2.60037,0.308781,13.0904,-0.0233162,0.0578641,-0.0362417,0.625091,0.504071,1
2670,402.332,2.63113,-0.404609,0.266118,0.524562,-0.0159642,0.238536,-2.19897,0.252464,11.6334,-0.0237183,0.058158,-0.0364863,0.625091,0.504071,1
2680,394.785,2.61516,-0.402138,0.261813,0.537682,-0.0179816,0.239856,-1.68011,0.239564,9.6584,-0.0239644,0.0585382,-0.0371453,0.625091,0.504071,1
2690,370.854,2.60144,-0.400043,0.258302,0.550725,-0.0199874,0.241156,-1.9135,0.425368,7.82647,-0.0238843,0.0588924,-0.0385667,0.625091,0.504071,1
2700,335.144,2.59225,-0.398701,0.255729,0.563709,-0.0219842,0.242441,-1.3432,0.369864,5.01649,-0.0235021,0.0589557,-0.0404894,0.625091,0.504071,1
2710,297.831,2.5897,-0.398428,0.25451,0.576662,-0.0239766,0.243716,-0.945392,1.28238,2.61098,-0.0230263,0.0588995,-0.0423641,0.625134,0.504164,1
2720,282.754,2.59274,-0.399269,0.254417,0.589616,-0.0259705,0.244988,-4.04666e-005,1.66806,0.162743,-0.0227512,0.0590245,-0.0439217,0.625179,0.504246,1
2730,291.139,2.5957,-0.400212,0.254932,0.602588,-0.0279692,0.246261,1.09611,2.201,-2.19741,-0.0228039,0.0591586,-0.0451094,0.625209,0.504269,1
2740,312.091,2.59503,-0.400716,0.255685,0.615567,-0.0299718,0.247537,2.30078,2.10488,-4.07165,-0.0230589,0.0589435,-0.0460792,0.62527,0.504299,1
2750,345.369,2.58848,-0.400285,0.256309,-0.622011,-0.031975,0.248818,3.0587,1.71218,-5.61896,-0.0235452,0.0585691,-0.0469558,0.625408,0.504357,1
2760,366.077,2.57711,-0.39901,0.256786,-0.609093,-0.0339739,0.250101,3.29381,1.19098,-6.58431,-0.0244401,0.0584077,-0.0476823,0.625478,0.504383,1
2770,367.134,2.56451,-0.397408,0.257287,-0.596236,-0.0359654,0.251386,3.19404,0.638046,-6.87859,-0.0255335,0.058478,-0.0480502,0.625478,0.504383,1
2780,367.641,2.55201,-0.39568,0.257794,-0.583442,-0.0379487,0.252674,2.58404,0.0723215,-7.01569,-0.0262146,0.0587263,-0.04816,0.625478,0.504383,1
2790,359.305,2.54018,-0.393898,0.258345,-0.570709,-0.039923,0.253965,1.78214,0.0929774,-6.7165,-0.0264612,0.0590726,-0.0482176,0.625478,0.504383,1
2800,345.041,2.53051,-0.392418,0.259041,-0.558031,-0.0418891,0.255258,1.46541,-0.805912,-6.33663,-0.0268101,0.0593178,-0.0481979,0.625478,0.504383,1
2810,339.683,2.52253,-0.390985,0.259863,-0.545397,-0.0438479,0.256556,1.20628,-1.45005,-6.96877,-0.0275089,0.0591998,-0.0478225,0.625478,0.504383,1
2820,343.608,2.51463,-0.389432,0.260809,-0.532802,-0.0457993,0.257858,0.784232,-1.50237,-6.76066,-0.0282471,0.0588695,-0.0471074,0.625478,0.504383,1
2830,353.017,2.5057,-0.387718,0.261472,-0.520248,-0.0477425,0.259164,0.390367,-1.14872,-6.11803,-0.0289251,0.0586291,-0.0464314,0.625478,0.504383,1
2840,359.207,2.49558,-0.385908,0.261756,-0.507742,-0.049677,0.260472,0.73424,-0.978226,-4.65789,-0.0295786,0.0586295,-0.0461283,0.625478,0.504383,1
2850,357.417,2.48506,-0.384106,0.261729,-0.495288,-0.0516024,0.261781,1.56821,-0.789572,-4.0148,-0.0301274,0.0586217,-0.0462494,0.625478,0.504383,1
2860,342.16,2.47562,-0.382545,0.261808,-0.482885,-0.0535192,0.26309,2.42979,-0.681548,-4.3258,-0.0304487,0.0585923,-0.0466796,0.625809,0.504439,1
2870,310.514,2.4701,-0.381624,0.26241,-0.470522,-0.0554295,0.264401,2.76985,-0.615965,-4.66535,-0.0306709,0.0586313,-0.0472852,0.626492,0.504542,1
2880,280.79,2.47082,-0.381656,0.263656,-0.458173,-0.0573372,0.265716,2.12175,-0.68419,-3.60853,-0.0306797,0.0586597,-0.0478932,0.627698,0.504709,1
2890,269.58,2.47621,-0.382348,0.265051,-0.445808,-0.0592469,0.267037,1.70685,-1.05564,-2.53337,-0.0303057,0.0582878,-0.0484777,0.629033,0.504882,1
2900,270.449,2.48272,-0.383104,0.266309,-0.433412,-0.0611603,0.268365,1.3606,-1.39503,-1.72649,-0.0298189,0.0575929,-0.0492489,0.63012,0.505011,1
2910,282.635,2.48771,-0.383541,0.267284,-0.420986,-0.0630769,0.269699,0.872702,-1.67647,-1.94407,-0.0298563,0.0570519,-0.0504976,0.630877,0.505095,1
2920,298.246,2.48924,-0.38336,0.268009,-0.408543,-0.0649944,0.271038,0.615728,-1.72301,-2.21441,-0.030459,0.0571623,-0.0522207,0.631313,0.505154,1
2930,301.325,2.48883,-0.382847,0.268658,-0.396097,-0.06691,0.272379,0.350998,-1.99561,-3.60909,-0.0311278,0.0579124,-0.054194,0.631424,0.505179,1
2940,299.694,2.4888,-0.382302,0.269683,-0.383653,-0.0688229,0.273725,0.0632336,-2.59293,-4.88488,-0.0316616,0.0589303,-0.0562389,0.631424,0.505179,1
2950,305.984,2.48811,-0.3815,0.270899,-0.37121,-0.0707325,0.275077,0.10099,-3.0347,-5.44203,-0.0322232,0.0596068,-0.0582446,0.631424,0.505179,1
2960,299.936,2.4873,-0.380592,0.272169,-0.358772,-0.0726377,0.276434,0.136429,-3.28201,-5.357,-0.0327813,0.0597575,-0.0600414,0.631424,0.505179,1
2970,291.163,2.48838,-0.379945,0.2735,-0.346334,-0.0745389,0.277798,0.144774,-3.68317,-3.96286,-0.0331757,0.0597063,-0.0614586,0.631424,0.505179,1
2980,284.71,2.49095,-0.379446,0.274551,-0.333887,-0.0764372,0.279169,0.911541,-3.69361,-2.10174,-0.0335947,0.059895,-0.0624727,0.631424,0.505179,1
2990,283.327,2.49429,-0.379044,0.275305,-0.321425,-0.0783333,0.280543,2.61897,-4.30348,-0.874306,-0.0340363,0.0602663,-0.0631261,0.631424,0.505179,1
3000,300.399,2.49525,-0.378093,0.275784,-0.308949,-0.0802265,0.281921,5.3167,-5.93481,-1.70377,-0.0342153,0.0605645,-0.0635911,0.631102,0.503756,1
3010,323.459,2.49084,-0.3759,0.276298,-0.296481,-0.0821122,0.283301,8.33356,-8.14654,-5.05091,-0.034224,0.0606817,-0.0640828,0.630916,0.503501,1
3020,332.646,2.48269,-0.372539,0.277701,-0.284045,-0.083984,0.284686,12.1909,-12.0806,-12.161,-0.0347108,0.060672,-0.0647753,0.630553,0.502966,1
3030,334.614,2.47282,-0.367847,0.281255,-0.271654,-0.0858359,0.286082,16.2879,-18.6554,-23.6162,-0.0356511,0.0604895,-0.0655346,0.630443,0.502784,1
3040,327.301,2.46211,-0.360921,0.288622,-0.259315,-0.0876593,0.287505,21.9369,-31.3442,-43.2338,-0.0364552,0.0601872,-0.0660748,0.630443,0.502784,1
3050,302.299,2.45324,-0.350802,0.302107,-0.247028,-0.0894401,0.288979,26.3981,-47.7167,-69.445,-0.036859,0.0600459,-0.0661432,0.630443,0.502784,1
3060,275.962,2.44918,-0.337305,0.322833,-0.234775,-0.0911616,0.290538,26.8761,-62.1553,-92,-0.0372019,0.0600514,-0.0660113,0.630443,0.502784,1
3070,252.579,2.45175,-0.322674,0.347637,-0.222528,-0.0928111,0.292213,21.7015,-64.2673,-96.7234,-0.0375463,0.0598891,-0.0661867,0.630443,0.502784,1
3080,235.373,2.46192,-0.308927,0.373426,-0.21025,-0.0943889,0.294015,14.8655,-60.2536,-91.9442,-0.0378517,0.0595285,-0.0670149,0.630425,0.502767,1
3090,236.78,2.47629,-0.297197,0.397662,-0.197909,-0.0959029,0.295943,8.80539,-52.2296,-82.7529,-0.0381692,0.0593544,-0.0682057,0.630286,0.502543,1
3100,257.566,2.48806,-0.286598,0.419494,-0.185499,-0.0973616,0.297987,4.32877,-45.0005,-74.9991,-0.0385445,0.0593135,-0.0692952,0.630198,0.502211,1
3110,290.988,2.49299,-0.277452,0.437259,-0.173045,-0.0987708,0.300131,0.720183,-33.5884,-61.1959,-0.0387278,0.0591189,-0.0699281,0.630204,0.501968,1
3120,313.911,2.49189,-0.270504,0.450012,-0.160581,-0.10014,0.302351,-0.273479,-21.1417,-42.8265,-0.0386444,0.0587893,-0.0703092,0.630232,0.501912,1
3130,315.419,2.48871,-0.266279,0.458125,-0.148128,-0.101481,0.304623,0.452621,-11.2315,-28.9282,-0.0383984,0.0587109,-0.0709711,0.630232,0.501912,1
3140,312.582,2.48588,-0.263939,0.463924,-0.135691,-0.102806,0.306929,1.13811,-5.86765,-22.7096,-0.0381989,0.0589149,-0.0725051,0.630232,0.501912,1
3150,317.542,2.48259,-0.262585,0.468683,-0.123269,-0.104122,0.309261,1.36653,-2.80404,-20.6597,-0.0382778,0.0593225,-0.0747112,0.630276,0.5019,1
3160,313.498,2.47896,-0.261825,0.473034,-0.110865,-0.105433,0.311616,1.06215,-0.454419,-18.9892,-0.0388812,0.0598478,-0.0768427,0.630435,0.501951,1
3170,296.06,2.4779,-0.261854,0.477351,-0.0984739,-0.106741,0.313992,0.797849,1.24837,-16.9703,-0.0399116,0.060381,-0.0783025,0.630435,0.50197,1
3180,284.485,2.48027,-0.262558,0.481685,-0.0860802,-0.108052,0.316389,0.0428888,1.98356,-14.2289,-0.0410847,0.0606902,-0.0791599,0.630439,0.502035,1
3190,297.352,2.48258,-0.263334,0.485169,-0.0736723,-0.109367,0.318807,-0.351079,2.23061,-10.2145,-0.042166,0.0608251,-0.0796458,0.630469,0.502079,1
3200,319.577,2.48068,-0.263656,0.486769,-0.0612619,-0.110685,0.321238,-1.04158,2.2894,-6.60038,-0.0430813,0.060933,-0.0799066,0.630469,0.502079,1
3210,322.21,2.47648,-0.263709,0.486986,-0.0488678,-0.112003,0.323673,-0.664944,1.625,-2.55555,-0.043843,0.0610636,-0.0799865,0.630469,0.502079,1
3220,312.131,2.47327,-0.263743,0.486493,-0.0364933,-0.113322,0.326107,0.429441,1.41764,0.776039,-0.0443619,0.0610379,-0.0800872,0.630469,0.502079,1
3230,309.981,2.47106,-0.263883,0.485541,-0.0241319,-0.114641,0.328537,1.49316,1.40944,3.59026,-0.0444856,0.0608169,-0.0804215,0.630469,0.502079,1
3240,309.922,2.46843,-0.264,0.483999,-0.0117826,-0.115961,0.330961,2.34394,1.38315,5.28519,-0.0442708,0.0605969,-0.081084,0.630469,0.502079,1
3250,294.43,2.46726,-0.26428,0.48247,0.000555416,-0.117281,0.333377,2.88209,1.3197,6.11142,-0.0441701,0.0604039,-0.0821043,0.630498,0.50206,1
3260,276.182,2.47006,-0.264976,0.481613,0.0128961,-0.118604,0.335787,3.12873,1.22044,6.32794,-0.0444196,0.0600309,-0.0835044,0.630503,0.502073,1
3270,268.258,2.47601,-0.265984,0.481375,0.0252588,-0.119931,0.338194,2.79588,1.0016,5.78617,-0.0448388,0.059519,-0.0851408,0.630503,0.502073,1
3280,285.175,2.48089,-0.266816,0.481066,0.0376516,-0.121264,0.3406,2.64099,1.08068,5.18731,-0.0450243,0.0591138,-0.0865818,0.630503,0.502073,1
3290,310.386,2.48027,-0.267066,0.479837,0.0500566,-0.122598,0.343003,2.48836,0.937169,4.72239,-0.0449358,0.0589169,-0.0876651,0.630503,0.502073,1
3300,314.602,2.47682,-0.266972,0.478174,0.0624502,-0.123934,0.345398,2.29737,0.791923,4.209,-0.0447735,0.0590252,-0.0887397,0.630503,0.502073,1
3310,309.204,2.47398,-0.266902,0.476753,0.0748273,-0.125268,0.347785,2.01485,0.474281,3.26351,-0.0449754,0.059463,-0.0902332,0.630503,0.502073,1
3320,308.991,2.47177,-0.26682,0.475661,0.0871921,-0.126603,0.350166,1.78012,0.383474,2.84898,-0.0455931,0.0599498,-0.0919512,0.630503,0.502073,1
3330,305.737,2.46976,-0.26673,0.474701,0.099546,-0.127937,0.352542,1.33779,0.0987519,2.01224,-0.0462106,0.0602291,-0.093535,0.630503,0.502073,1
3340,294.047,2.46952,-0.266758,0.474252,0.111893,-0.12927,0.354914,1.16143,0.0684092,1.7233,-0.0462865,0.0604184,-0.0949812,0.630503,0.502073,1
3350,282.291,2.4719,-0.267059,0.474367,0.124245,-0.130605,0.357285,1.01313,0.0463252,1.46842,-0.0459412,0.0607047,-0.0965488,0.630503,0.502073,1
3360,262.155,2.47814,-0.267767,0.475273,0.136616,-0.131941,0.359659,0.887187,0.0306032,1.24486,-0.0457427,0.0610787,-0.0980431,0.630503,0.502073,1
3370,257.128,2.48836,-0.268899,0.476993,0.149029,-0.133283,0.362039,0.441216,-0.0384067,0.625122,-0.0461807,0.0613711,-0.099103,0.630503,0.502073,1
3380,273.88,2.49633,-0.269762,0.4784,0.161491,-0.134629,0.364427,0.379302,-0.0366069,0.51227,-0.0471817,0.0615243,-0.0997062,0.630503,0.502073,1
3390,291.5,2.4999,-0.270148,0.478986,0.173982,-0.135979,0.366821,0.323993,-0.0340549,0.415041,-0.0482194,0.0616604,-0.100173,0.630503,0.502073,1
3400,312.064,2.49926,-0.270079,0.478785,0.186482,-0.13733,0.369216,0.276181,-0.0306418,0.335154,-0.0488404,0.0618734,-0.100528,0.630503,0.502073,1
3410,328.666,2.49501,-0.269619,0.477909,0.19897,-0.138679,0.371608,0.0507789,0.0103184,0.0371079,-0.0491064,0.0620401,-0.100818,0.630503,0.502073,1
3420,332.323,2.48897,-0.26897,0.476746,0.211432,-0.140026,0.373995,0.0448262,0.00818027,0.031542,-0.0493956,0.0621981,-0.101303,0.630503,0.502073,1
3430,325.369,2.48345,-0.268376,0.475684,0.223864,-0.141369,0.376376,0.0381919,0.00608843,0.0256826,-0.0498131,0.0623767,-0.102169,0.630503,0.502073,1
3440,303.292,2.48055,-0.268065,0.475125,0.236273,-0.14271,0.378753,0,0,0,-0.050305,0.0624504,-0.103037,0.630503,0.502073,1
3450,270.566,2.48386,-0.268424,0.47576,0.24868,-0.144051,0.381129,0,0,0,-0.0507511,0.0624964,-0.103525,0.630503,0.502073,1
3460,262.83,2.4926,-0.269368,0.477434,0.261118,-0.145395,0.383512,0,0,0,-0.051214,0.062941,-0.103687,0.630503,0.502073,1
3470,278.58,2.49929,-0.27009,0.478714,0.273598,-0.146744,0.385902,0,0,0,-0.0517814,0.0635805,-0.103807,0.630503,0.502073,1
3480,301.164,2.50148,-0.270328,0.479134,0.286101,-0.148095,0.388297,0,0,0,-0.052659,0.0636864,-0.103849,0.630551,0.502157,1
3490,332.751,2.49784,-0.269934,0.478436,0.298603,-0.149446,0.390692,0,0,0,-0.0537138,0.0631258,-0.10378,0.630622,0.50226,1
3500,344.859,2.49022,-0.269111,0.476978,0.311076,-0.150794,0.393081,0,0,0,-0.054653,0.0624081,-0.103691,0.630622,0.50226,1
3510,333.575,2.48289,-0.268318,0.475573,0.323509,-0.152138,0.395462,0,0,0,-0.0552499,0.0616947,-0.10358,0.630622,0.50226,1
3520,316.91,2.47833,-0.267826,0.474701,0.335912,-0.153478,0.397838,0,0,0,-0.0555519,0.0610445,-0.103317,0.630622,0.50226,1
3530,304.043,2.47633,-0.26761,0.474317,0.348298,-0.154817,0.40021,0,0,0,-0.0555493,0.0608827,-0.103062,0.630622,0.50226,1
3540,286.053,2.47749,-0.267735,0.474539,0.360681,-0.156155,0.402582,0,0,0,-0.0556179,0.0612805,-0.103105,0.630622,0.50226,1
3550,276.308,2.48222,-0.268247,0.475446,0.373078,-0.157495,0.404957,0,0,0,-0.0561623,0.0617623,-0.103528,0.630622,0.50226,1
3560,282.172,2.48679,-0.26874,0.47632,0.3855,-0.158837,0.407336,0,0,0,-0.0570632,0.0619724,-0.104127,0.630622,0.50226,1
3570,294.755,2.48949,-0.269032,0.476838,0.397942,-0.160182,0.409719,0,0,0,-0.0577566,0.0620728,-0.104735,0.630622,0.50226,1
3580,320.285,2.48779,-0.268847,0.476511,0.410387,-0.161527,0.412103,0,0,0,-0.0581566,0.0621001,-0.105236,0.630622,0.50226,1
3590,343.009,2.48161,-0.26818,0.475328,0.422814,-0.162869,0.414483,0,0,0,-0.058428,0.0619788,-0.105555,0.630622,0.50226,1
3600,354.686,2.47264,-0.267211,0.47361,0.435202,-0.164208,0.416856,0,0,0,-0.0586551,0.0618457,-0.105755,0.630622,0.50226,1
3610,346.475,2.46353,-0.266226,0.471865,0.447545,-0.165542,0.41922,0,0,0,-0.0589829,0.0620011,-0.106158,0.630635,0.502284,1
3620,319.02,2.45753,-0.265578,0.470716,0.459847,-0.166871,0.421576,0,0,0,-0.059657,0.0621733,-0.106927,0.630834,0.502609,1
3630,283.296,2.45767,-0.265593,0.470742,0.472132,-0.168199,0.423929,0,0,0,-0.0605228,0.062187,-0.107756,0.631187,0.503154,1
3640,251.338,2.46582,-0.266474,0.472305,0.484435,-0.169529,0.426286,0,0,0,-0.0612518,0.0624376,-0.108269,0.631464,0.503553,1
3650,227.465,2.48216,-0.268239,0.475433,0.496798,-0.170865,0.428654,0,0,0,-0.0619674,0.0631494,-0.108539,0.631509,0.503638,1
3660,220.179,2.50423,-0.270625,0.479661,0.509257,-0.172211,0.43104,0,0,0,-0.0629469,0.0636438,-0.108849,0.631509,0.503638,1
3670,232.081,2.52496,-0.272864,0.48363,0.521827,-0.173569,0.433448,0,0,0,-0.0640158,0.0635978,-0.1093,0.631509,0.503638,1
3680,259.554,2.53901,-0.274384,0.486323,0.534487,-0.174938,0.435873,0,0,0,-0.0646729,0.0634856,-0.109875,0.631509,0.503638,1
3690,293.573,2.54389,-0.274911,0.487258,0.547196,-0.176311,0.438307,0,0,0,-0.0648564,0.0636419,-0.110612,0.631509,0.503638,1
3700,309.085,2.54306,-0.274821,0.487098,0.559915,-0.177686,0.440743,0,0,0,-0.064689,0.0637994,-0.111539,0.631509,0.503638,1
3710,305.495,2.54141,-0.274642,0.486781,0.572626,-0.179059,0.443178,0,0,0,-0.0642708,0.0639395,-0.112561,0.631509,0.503638,1
3720,306.5,2.54045,-0.274539,0.486599,0.585331,-0.180432,0.445612,0,0,0,-0.0637407,0.0641682,-0.113484,0.631509,0.503638,1
3730,317.99,2.53783,-0.274256,0.486097,0.598029,-0.181804,0.448044,0,0,0,-0.0635292,0.0642282,-0.114112,0.631509,0.503638,1
3740,321.856,2.53371,-0.27381,0.485307,0.610709,-0.183175,0.450472,0,0,0,-0.0635531,0.0639416,-0.114412,0.631509,0.503638,1
3750,327.613,2.52904,-0.273305,0.484412,0.623367,-0.184543,0.452897,0,0,0,-0.0635379,0.0637584,-0.114464,0.631509,0.503638,1
3760,339.364,2.52246,-0.272595,0.483153,-0.627019,-0.185908,0.455316,0,0,0,-0.0636009,0.0640324,-0.114383,0.631509,0.503638,1
3770,336.528,2.51525,-0.271816,0.481772,-0.614423,-0.187269,0.457729,0,0,0,-0.0643322,0.0643334,-0.114217,0.631509,0.503638,1
3780,322.879,2.50949,-0.271193,0.480668,-0.601861,-0.188626,0.460135,0,0,0,-0.065535,0.0641262,-0.114057,0.631509,0.503638,1
3790,295.751,2.50786,-0.271017,0.480357,-0.589319,-0.189982,0.462537,0,0,0,-0.0665913,0.0636754,-0.113906,0.631509,0.503638,1
3800,285.006,2.51059,-0.271311,0.480878,-0.576775,-0.191337,0.46494,0,0,0,-0.0672321,0.0635053,-0.11368,0.631509,0.503638,1
3810,291.78,2.51312,-0.271585,0.481364,-0.564215,-0.192695,0.467346,0,0,0,-0.0677259,0.0635709,-0.113314,0.631509,0.503638,1
3820,296.596,2.51422,-0.271704,0.481574,-0.551647,-0.194053,0.469753,0,0,0,-0.0681039,0.0637725,-0.113071,0.631509,0.503638,1
3830,296.665,2.5148,-0.271766,0.481684,-0.539075,-0.195412,0.472161,0,0,0,-0.0684923,0.064235,-0.11314,0.631509,0.503638,1
3840,282.077,2.51695,-0.271999,0.482097,-0.526497,-0.196771,0.47457,0,0,0,-0.0689471,0.0648392,-0.113483,0.631509,0.503638,1
3850,260.689,2.52406,-0.272768,0.483459,-0.513899,-0.198132,0.476984,0,0,0,-0.0692422,0.0651224,-0.11382,0.631509,0.503638,1
3860,261.869,2.53416,-0.27386,0.485394,-0.501255,-0.199499,0.479405,0,0,0,-0.0690791,0.0650888,-0.114122,0.631509,0.503638,1
3870,287.124,2.54004,-0.274494,0.486519,-0.488569,-0.20087,0.481835,-0.0228478,-0.000355984,0.0337316,-0.0688378,0.0648902,-0.114429,0.631509,0.503638,1
3880,314.172,2.53955,-0.274441,0.486416,-0.475867,-0.202242,0.484268,-0.0232729,-0.000344427,0.0362622,-0.0690158,0.0645029,-0.114785,0.631509,0.503638,1
3890,330.504,2.5348,-0.273927,0.485495,-0.463179,-0.203613,0.486698,-0.0235463,-0.000352177,0.0389137,-0.0695439,0.0639728,-0.115106,0.631509,0.503638,1
3900,330.865,2.52873,-0.27327,0.484322,-0.450519,-0.204981,0.489123,-0.024367,-0.000510835,0.0427131,-0.0700385,0.0637872,-0.115507,0.631509,0.503638,1
3910,320.645,2.52368,-0.272723,0.483342,-0.437887,-0.206347,0.491542,-0.0249862,-0.00070098,0.0466021,-0.0704247,0.0640354,-0.115977,0.631508,0.503657,1
3920,300.407,2.52166,-0.272504,0.482942,-0.425275,-0.207709,0.493958,-0.0255739,-0.000703412,0.0507808,-0.0706631,0.0643465,-0.11653,0.632064,0.503989,1
3930,276.602,2.52443,-0.272803,0.483459,-0.412663,-0.209072,0.496373,-0.0252225,-0.00042227,0.0538947,-0.0707502,0.0642751,-0.117186,0.632507,0.504244,1
3940,264.23,2.53208,-0.273629,0.484909,-0.400025,-0.210438,0.498794,-0.0244132,2.27037e-005,0.0568352,-0.0709897,0.0639283,-0.118096,0.632891,0.504586,1
3950,278.207,2.53905,-0.274381,0.486227,-0.387347,-0.211808,0.501221,-0.0231379,0.00026504,0.0591384,-0.0716044,0.0636557,-0.118993,0.63296,0.504752,1
3960,295.371,2.54155,-0.274651,0.48669,-0.374644,-0.213181,0.503654,-0.0225157,4.15783e-005,0.0629539,-0.0724708,0.0637716,-0.11944,0.63296,0.504752,1
3970,296.847,2.54221,-0.274722,0.4868,-0.361935,-0.214554,0.506088,-0.0221849,-0.000390234,0.0684468,-0.0735103,0.064216,-0.119252,0.63296,0.504752,1
3980,300.518,2.54258,-0.274761,0.486851,-0.349223,-0.215928,0.508522,-0.0217431,-0.000325679,0.075841,-0.0748471,0.0649062,-0.118701,0.63296,0.504752,1
3990,301.73,2.54213,-0.274712,0.486745,-0.336511,-0.217302,0.510956,-0.0203745,0.000239332,0.081799,-0.0761914,0.0655625,-0.118009,0.63296,0.504752,1
4000,291.148,2.54285,-0.274789,0.486861,-0.3238,-0.218675,0.51339,-0.0185457,0.000226186,0.0853032,-0.077096,0.0659125,-0.117445,0.632854,0.504284,1
4010,272.463,2.54704,-0.275241,0.48764,-0.311078,-0.22005,0.515825,-0.0163475,-0.00082207,0.0869739,-0.0774762,0.0659327,-0.117261,0.632818,0.503816,1
4020,258.659,2.55594,-0.276203,0.489322,-0.298324,-0.221428,0.518267,-0.0135104,-0.00188894,0.0878696,-0.0777523,0.0659253,-0.11752,0.632806,0.503295,1
4030,272.176,2.56477,-0.277156,0.490991,-0.285523,-0.222812,0.520718,-0.0101973,-0.00201065,0.0885259,-0.0780733,0.0657802,-0.117942,0.632795,0.502871,1
4040,303.515,2.56705,-0.277402,0.491405,-0.272691,-0.224198,0.523174,-0.00682755,-0.00148349,0.0882747,-0.0784066,0.0652402,-0.118387,0.632761,0.502205,1
4050,310.308,2.56499,-0.277178,0.490988,-0.25986,-0.225585,0.52563,-0.00377299,-0.00127314,0.0876636,-0.0787317,0.0645763,-0.119009,0.632703,0.501362,1
4060,302.713,2.56358,-0.277026,0.490697,-0.247039,-0.22697,0.528084,-0.001111,-0.00187198,0.0861104,-0.0791786,0.0641621,-0.120002,0.63263,0.500542,1
4070,300.846,2.56341,-0.277007,0.490643,-0.234221,-0.228355,0.530538,0.00124523,-0.00275703,0.083868,-0.0796485,0.0637824,-0.121291,0.632543,0.499764,1
4080,312.091,2.56212,-0.276866,0.490375,-0.221406,-0.22974,0.532991,0.00352942,-0.00288794,0.0792431,-0.0801603,0.0632852,-0.122665,0.632451,0.499136,1
4090,329.69,2.55764,-0.276382,0.489501,-0.208604,-0.231124,0.535441,0.00574986,-0.0020359,0.0736803,-0.0807206,0.0630508,-0.12406,0.632369,0.498679,1
4100,319.095,2.55238,-0.275813,0.488476,-0.195829,-0.232504,0.537886,0.00724632,-0.00111031,0.0673957,-0.0811552,0.0631966,-0.125455,0.632265,0.49814,1
4110,290.869,2.5517,-0.27574,0.48833,-0.183071,-0.233883,0.540327,0.00810491,-0.000740402,0.063206,-0.0812203,0.0634572,-0.12689,0.632131,0.497529,1
4120,278.406,2.55567,-0.276169,0.489075,-0.170305,-0.235262,0.54277,0.00853455,-0.000637423,0.0583523,-0.081215,0.063714,-0.128434,0.632007,0.497077,1
4130,273.596,2.56111,-0.276756,0.490102,-0.157515,-0.236644,0.545218,0.00906672,-0.000310505,0.0520268,-0.0815348,0.0640372,-0.130184,0.63188,0.496695,1
4140,255.406,2.56979,-0.277696,0.491753,-0.144692,-0.23803,0.547672,0.00933273,-6.19851e-007,0.0440869,-0.082117,0.0641239,-0.131888,0.631734,0.496322,1
4150,251.343,2.58237,-0.279055,0.494151,-0.131815,-0.239422,0.550136,0,0,0,-0.0826169,0.0638781,-0.133205,0.631625,0.49609,1
4160,263.011,2.5931,-0.280214,0.496204,-0.118877,-0.24082,0.552612,0,0,0,-0.0830512,0.0636394,-0.133924,0.631625,0.49609,1
4170,280.892,2.59974,-0.280932,0.497474,-0.105895,-0.242223,0.555096,0,0,0,-0.083541,0.0636742,-0.134348,0.631625,0.49609,1
4180,303.1,2.60125,-0.281095,0.497763,-0.0928907,-0.243628,0.557584,0,0,0,-0.0839777,0.0635811,-0.134808,0.631625,0.49609,1
4190,305.814,2.59974,-0.280932,0.497475,-0.0798878,-0.245033,0.560072,0,0,0,-0.084281,0.0632923,-0.135477,0.631625,0.49609,1
4200,303.027,2.5992,-0.280874,0.497372,-0.0668905,-0.246437,0.56256,0,0,0,-0.0845528,0.0632855,-0.13612,0.631625,0.49609,1
4210,315.873,2.59708,-0.280644,0.496965,-0.0538981,-0.247841,0.565046,0,0,0,-0.0847516,0.0637873,-0.136678,0.631625,0.49609,1
4220,317.771,2.59337,-0.280244,0.496255,-0.040921,-0.249244,0.567529,0,0,0,-0.084903,0.0642921,-0.137219,0.631625,0.49609,1
4230,306.36,2.59077,-0.279963,0.495758,-0.027961,-0.250644,0.570009,0,0,0,-0.0852356,0.0646478,-0.138099,0.631625,0.49609,1
4240,283.252,2.59201,-0.280096,0.495994,-0.0150065,-0.252044,0.572488,0,0,0,-0.0856874,0.0648939,-0.139309,0.631653,0.496035,1
4250,259.064,2.59954,-0.280911,0.497437,-0.00203223,-0.253446,0.57497,0,0,0,-0.085927,0.0648391,-0.140634,0.631653,0.496035,1
4260,259.607,2.61046,-0.28209,0.499526,0.0109903,-0.254853,0.577462,0,0,0,-0.0860941,0.0643842,-0.141614,0.631653,0.496035,1
4270,278.344,2.61785,-0.282889,0.50094,0.0240614,-0.256266,0.579964,0,0,0,-0.0865823,0.0641306,-0.142148,0.631653,0.496035,1
4280,287.261,2.62134,-0.283266,0.501608,0.0371593,-0.257681,0.58247,0,0,0,-0.0871704,0.0643089,-0.142348,0.631653,0.496035,1
4290,290.172,2.62402,-0.283556,0.50212,0.0502723,-0.259098,0.584979,0,0,0,-0.0874609,0.0645017,-0.14269,0.631653,0.496035,1
4300,294.835,2.62554,-0.28372,0.502412,0.0633962,-0.260516,0.587491,0,0,0,-0.0876204,0.0644609,-0.143351,0.631653,0.496035,1
4310,301.801,2.62602,-0.283772,0.502504,0.0765257,-0.261935,0.590003,0,0,0,-0.0879063,0.0644778,-0.144156,0.631441,0.49586,1
4320,314.85,2.62415,-0.283569,0.502145,0.0896527,-0.263354,0.592515,0,0,0,-0.0880838,0.0645098,-0.144634,0.631297,0.495907,1
4330,318.212,2.62033,-0.283157,0.501414,0.102765,-0.264771,0.595024,0,0,0,-0.0881473,0.0643625,-0.144735,0.631272,0.496032,1
4340,305.488,2.618,-0.282905,0.500968,0.11586,-0.266186,0.59753,0,0,0,-0.088458,0.0642473,-0.144733,0.631383,0.496248,1
4350,307.578,2.61688,-0.282784,0.500753,0.128948,-0.2676,0.600034,0,0,0,-0.0890018,0.0644677,-0.145003,0.63159,0.496451,1
4360,310.044,2.61473,-0.282551,0.500342,0.142028,-0.269013,0.602537,0,0,0,-0.0891593,0.0648073,-0.145454,0.631979,0.496735,1
4370,301.565,2.61349,-0.282418,0.500106,0.155098,-0.270426,0.605038,0,0,0,-0.0889008,0.0649352,-0.145705,0.632382,0.496958,1
4380,294.369,2.61405,-0.282479,0.500213,0.168166,-0.271838,0.607539,0,0,0,-0.0888633,0.0648301,-0.145518,0.632544,0.497102,1
4390,278.285,2.61706,-0.282803,0.500788,0.181241,-0.273251,0.610041,0,0,0,-0.0893315,0.0645088,-0.145183,0.632744,0.49732,1
4400,261.623,2.62498,-0.283659,0.502304,0.194343,-0.274667,0.612548,0,0,0,-0.0899515,0.0639384,-0.145188,0.632931,0.49757,1
4410,259.889,2.63508,-0.28475,0.504236,0.20749,-0.276087,0.615064,0,0,0,-0.0907809,0.0634233,-0.145748,0.633033,0.49776,1
4420,260.256,2.64513,-0.285837,0.50616,0.220688,-0.277514,0.617589,0,0,0,-0.0921519,0.0634795,-0.146696,0.633089,0.497914,1
4430,260.621,2.65541,-0.286948,0.508127,0.233937,-0.278945,0.620124,0,0,0,-0.0938859,0.0640166,-0.147716,0.633189,0.498275,1
4440,271.142,2.66371,-0.287845,0.509715,0.247234,-0.280382,0.622669,0,0,0,-0.0954198,0.0644925,-0.148789,0.633281,0.498722,1
4450,262.419,2.67172,-0.28871,0.511247,0.260569,-0.281823,0.625221,0,0,0,-0.0964252,0.0647235,-0.150168,0.633306,0.498968,1
4460,266.753,2.68151,-0.289768,0.513121,0.273951,-0.283269,0.627781,0,0,0,-0.0967272,0.0650103,-0.152081,0.633306,0.498968,1
4470,298.554,2.68556,-0.290206,0.513896,0.287371,-0.284719,0.630349,0,0,0,-0.0963964,0.0652669,-0.154186,0.633306,0.498968,1
4480,328.925,2.68217,-0.289839,0.513247,0.300793,-0.28617,0.632918,0,0,0,-0.0959697,0.0652782,-0.15595,0.633306,0.498968,1
4490,348.211,2.67423,-0.288981,0.511728,0.314188,-0.287617,0.635481,0,0,0,-0.0959008,0.0651814,-0.157184,0.633306,0.498968,1
4500,349.777,2.66455,-0.287935,0.509875,0.327537,-0.28906,0.638035,0,0,0,-0.0958787,0.0654244,-0.158454,0.633306,0.498968,1
4510,340.593,2.6559,-0.287,0.50822,0.34084,-0.290497,0.640581,0,0,0,-0.0955314,0.0660079,-0.160282,0.633306,0.498968,1
4520,327.398,2.64914,-0.28627,0.506927,0.354103,-0.291931,0.643119,0,0,0,-0.0954071,0.0668222,-0.162618,0.633172,0.499209,1
4530,305.771,2.64582,-0.285911,0.506291,0.367339,-0.293361,0.645652,0,0,0,-0.0962897,0.0676709,-0.164747,0.632856,0.499674,1
4540,293.021,2.6464,-0.285974,0.506403,0.380569,-0.294791,0.648183,0,0,0,-0.0977942,0.0682018,-0.16628,0.632611,0.500063,1
4550,297.168,2.6477,-0.286114,0.506651,0.393804,-0.296221,0.650716,0,0,0,-0.0987783,0.0678868,-0.167264,0.632391,0.500471,1
4560,301.365,2.64751,-0.286094,0.506615,0.407042,-0.297651,0.653249,0,0,0,-0.0990192,0.0669437,-0.168121,0.632255,0.500763,1
4570,293.898,2.64803,-0.28615,0.506715,0.42028,-0.299082,0.655782,0,0,0,-0.0992214,0.065968,-0.169039,0.632072,0.501105,1
4580,282.397,2.6508,-0.28645,0.507245,0.433526,-0.300513,0.658317,0,0,0,-0.0998716,0.0654387,-0.170087,0.631885,0.501411,1
4590,275.352,2.65614,-0.287026,0.508266,0.446791,-0.301947,0.660855,0,0,0,-0.100945,0.0654366,-0.17093,0.631832,0.501504,1
4600,279.412,2.66168,-0.287625,0.509327,0.460085,-0.303383,0.663399,0,0,0,-0.102331,0.0658691,-0.171368,0.631802,0.501589,1
4610,283.551,2.66586,-0.288077,0.510127,0.473403,-0.304822,0.665948,0,0,0,-0.103509,0.0661228,-0.171608,0.63178,0.501695,1
4620,279.284,2.67007,-0.288532,0.510932,0.486741,-0.306264,0.6685,0,0,0,-0.103934,0.0657575,-0.172366,0.631777,0.501715,1
4630,268.493,2.67667,-0.289245,0.512196,0.500105,-0.307708,0.671057,0,0,0,-0.103714,0.0650841,-0.17375,0.631777,0.501715,1
4640,268.902,2.68477,-0.290121,0.513746,0.513507,-0.309156,0.673622,0,0,0,-0.103534,0.0647965,-0.175144,0.631777,0.501715,1
4650,283.49,2.69072,-0.290763,0.514883,0.526946,-0.310608,0.676193,0,0,0,-0.10357,0.0650056,-0.175782,0.631777,0.501715,1
4660,311.44,2.69121,-0.290816,0.514977,0.540403,-0.312062,0.678768,0,0,0,-0.103582,0.0656313,-0.175836,0.631777,0.501715,1
4670,334.88,2.68585,-0.290236,0.513951,0.553849,-0.313515,0.681341,0,0,0,-0.103532,0.0666341,-0.175932,0.631772,0.501737,1
4680,336.144,2.67857,-0.28945,0.512559,0.567262,-0.314965,0.683908,0,0,0,-0.103921,0.0676897,-0.176514,0.63176,0.501843,1
4690,341.32,2.67104,-0.288636,0.511117,0.580638,-0.31641,0.686468,0,0,0,-0.105057,0.0682277,-0.177401,0.63176,0.501843,1
4700,343.868,2.66247,-0.287711,0.509478,0.593974,-0.317851,0.689019,0,0,0,-0.106682,0.0682207,-0.178148,0.63176,0.501843,1
4710,323.041,2.65572,-0.286981,0.508186,0.607269,-0.319288,0.691564,0,0,0,-0.108064,0.0682473,-0.17837,0.63176,0.501843,1
4720,295.764,2.65411,-0.286807,0.507879,0.620542,-0.320722,0.694103,0,0,0,-0.108594,0.0685786,-0.178168,0.63176,0.501843,1
4730,276.799,2.65784,-0.28721,0.508592,-0.6297,-0.322157,0.696644,0,0,0,-0.108188,0.0688756,-0.178168,0.631766,0.501919,1
4740,277.946,2.66371,-0.287845,0.509716,-0.616397,-0.323595,0.69919,0,0,0,-0.107583,0.0688851,-0.17888,0.631804,0.50223,1
4750,288.185,2.66748,-0.288252,0.510437,-0.603069,-0.325035,0.70174,0,0,0,-0.10756,0.0687679,-0.179946,0.631807,0.502296,1
4760,286.276,2.67019,-0.288545,0.510956,-0.589726,-0.326477,0.704293,0,0,0,-0.108028,0.0684628,-0.180542,0.631807,0.502296,1
4770,281.993,2.6742,-0.288978,0.511723,-0.576366,-0.32792,0.70685,0,0,0,-0.108321,0.0677267,-0.180527,0.631807,0.502296,1
4780,286.592,2.67782,-0.28937,0.512416,-0.562987,-0.329366,0.70941,0,0,0,-0.108249,0.0666347,-0.180509,0.631807,0.502296,1
4790,287.568,2.68088,-0.2897,0.513002,-0.549591,-0.330814,0.711973,0,0,0,-0.108339,0.0658725,-0.181051,0.631807,0.502296,1
4800,297.746,2.68258,-0.289884,0.513327,-0.536181,-0.332263,0.714539,0,0,0,-0.109015,0.0658151,-0.182251,0.631807,0.502296,1
4810,309.083,2.68169,-0.289788,0.513156,-0.522769,-0.333712,0.717106,0,0,0,-0.110095,0.0662223,-0.184006,0.631807,0.502296,1
4820,320.602,2.67844,-0.289436,0.512533,-0.509367,-0.33516,0.71967,0,0,0,-0.110929,0.0666527,-0.186009,0.631807,0.502296,1
4830,331.305,2.67291,-0.288839,0.511476,-0.495987,-0.336606,0.722231,0,0,0,-0.111361,0.0669985,-0.187875,0.631807,0.502296,1
4840,328.656,2.66657,-0.288153,0.510262,-0.482637,-0.338049,0.724785,0,0,0,-0.111553,0.0671184,-0.189581,0.631807,0.502296,1
4850,312.177,2.66249,-0.287713,0.509482,-0.469314,-0.339489,0.727335,0,0,0,-0.111613,0.0670542,-0.19158,0.631807,0.502296,1
4860,316.438,2.65994,-0.287437,0.508993,-0.456007,-0.340927,0.729881,0,0,0,-0.111431,0.0672811,-0.193951,0.631807,0.502296,1
4870,333.596,2.65457,-0.286857,0.507966,-0.442718,-0.342363,0.732424,0,0,0,-0.111284,0.0682293,-0.196006,0.631807,0.502296,1
4880,333.067,2.64758,-0.286101,0.506628,-0.429461,-0.343795,0.734961,0,0,0,-0.111366,0.069404,-0.197113,0.631807,0.502296,1
4890,310.417,2.64308,-0.285616,0.505768,-0.416235,-0.345224,0.737492,0,0,0,-0.111695,0.0701083,-0.197519,0.631807,0.502296,1
4900,280.339,2.6446,-0.28578,0.506059,-0.40302,-0.346653,0.740021,0,0,0,-0.112195,0.0703284,-0.197927,0.631844,0.502542,1
4910,261.997,2.65235,-0.286617,0.507542,-0.389781,-0.348083,0.742554,0,0,0,-0.112756,0.0705645,-0.198856,0.631849,0.502722,1
4920,269.566,2.66138,-0.287592,0.509269,-0.376498,-0.349519,0.745096,0,0,0,-0.112933,0.0709613,-0.20048,0.631826,0.502843,1
4930,280.83,2.66699,-0.288199,0.510343,-0.363177,-0.350958,0.747645,0,0,0,-0.112619,0.0711182,-0.202554,0.631782,0.502995,1
4940,279.401,2.67152,-0.288689,0.511211,-0.349832,-0.3524,0.750198,0,0,0,-0.112323,0.0707205,-0.204439,0.63173,0.503146,1
4950,280.824,2.67666,-0.289244,0.512194,-0.336463,-0.353845,0.752757,0,0,0,-0.112472,0.0700043,-0.205554,0.63173,0.503146,1
4960,297.275,2.67917,-0.289516,0.512675,-0.323072,-0.355292,0.755319,0,0,0,-0.112923,0.0693543,-0.206014,0.63173,0.503146,1
4970,320.712,2.67713,-0.289295,0.512283,-0.309679,-0.356739,0.757882,0,0,0,-0.11357,0.0687165,-0.206302,0.63173,0.503146,1
4980,331.982,2.67115,-0.288648,0.511139,-0.296306,-0.358184,0.760441,0,0,0,-0.114697,0.0680555,-0.206711,0.63173,0.503146,1
4990,314.237,2.66631,-0.288125,0.510212,-0.282963,-0.359626,0.762994,0,0,0,-0.116291,0.067518,-0.20722,0.631673,0.503209,1
