step,T,sn_vel[0],sn_vel[1],sn_vel[2],sn_crd[0],sn_crd[1],sn_crd[2],sn_f[0],sn_f[1],sn_f[2],target_crd[0],target_crd[1],target_crd[2],boundary[0],boundary[1],boundary[2]
0,0.00932205,0,0,0,-3.46791e-008,8.9407e-009,0.981818,0,0,0,0.00016811,0.0555784,-0.046678,0.636899,0.502197,1
10,1.31288,0,0,0,-3.46791e-008,8.9407e-009,0.981818,0,0,0,0.00013813,0.0555619,-0.0466322,0.636899,0.502197,1
20,1.27339,0,0,0,-3.46791e-008,8.9407e-009,0.981818,0,0,0,6.18058e-005,0.0555133,-0.0464823,0.636899,0.502197,1
30,1.6113,0,0,0,-3.46791e-008,8.9407e-009,0.981818,0,0,0,-4.69855e-005,0.0554277,-0.0462992,0.636899,0.502197,1
40,2.16775,0,0,0,-3.46791e-008,8.9407e-009,0.981818,0,0,0,-8.76192e-005,0.0553753,-0.0461912,0.636899,0.502197,1
50,2.28752,0,0,0,-3.46791e-008,8.9407e-009,0.981818,0,0,0,-7.08536e-005,0.0553921,-0.0461331,0.636899,0.502197,1
60,2.47123,0,0,0,-3.46791e-008,8.9407e-009,0.981818,0,0,0,-6.94442e-005,0.055442,-0.0459778,0.636899,0.502197,1
70,2.62072,0,0,0,-3.46791e-008,8.9407e-009,0.981818,0,0,0,-0.000117343,0.0554536,-0.0457252,0.636899,0.502197,1
80,2.55146,0,0,0,-3.46791e-008,8.9407e-009,0.981818,0,0,0,-0.000141557,0.0554315,-0.04551,0.636899,0.502197,1
90,2.5261,0,0,0,-3.46791e-008,8.9407e-009,0.981818,0,0,0,-0.00013319,0.0554046,-0.0453967,0.636899,0.502197,1
100,2.4043,0,0,0,-3.46791e-008,8.9407e-009,0.981818,0,0,0,-0.000131615,0.0553921,-0.0452899,0.636899,0.502197,1
110,11.5748,0,0,0,-3.46791e-008,8.9407e-009,0.981818,0,0,0,-0.00016474,0.055395,-0.0449923,0.636899,0.502197,1
120,18.5142,0,0,0,-3.46791e-008,8.9407e-009,0.981818,0,0,0,-0.000185274,0.055417,-0.0445074,0.636899,0.502197,1
130,23.1518,0,0,0,-3.46791e-008,8.9407e-009,0.981818,0,0,0,-0.000197166,0.0554192,-0.0439853,0.636899,0.502197,1
140,25.7326,0,0,0,-3.46791e-008,8.9407e-009,0.981818,0,0,0,-0.000240934,0.055391,-0.0434662,0.636899,0.502197,1
150,27.1957,0,0,0,-3.46791e-008,8.9407e-009,0.981818,0,0,0,-0.000305477,0.0553647,-0.0429524,0.636918,0.5022,1
160,27.6601,0,0,0,-3.46791e-008,8.9407e-009,0.981818,0,0,0,-0.000344999,0.0553501,-0.0424579,0.636924,0.5022,1
170,27.6213,0,0,0,-3.46791e-008,8.9407e-009,0.981818,0,0,0,-0.000392325,0.0553215,-0.0419506,0.636948,0.502201,1
180,27.2672,0,0,0,-3.46791e-008,8.9407e-009,0.981818,0,0,0,-0.000480988,0.0552916,-0.0413753,0.637114,0.502191,1
190,26.699,0,0,0,-3.46791e-008,8.9407e-009,0.981818,0,0,0,-0.000569467,0.0552747,-0.040798,0.637189,0.502179,1
200,26.191,0,0,0,-3.46791e-008,8.9407e-009,0.981818,0,0,0,-0.000609843,0.0552476,-0.0403327,0.637336,0.502149,1
210,34.7142,0,0,0,-3.46791e-008,8.9407e-009,0.981818,0,0,0,-0.00061981,0.0551931,-0.0399162,0.637452,0.502119,1
220,40.1764,0,0,0,-3.46791e-008,8.9407e-009,0.981818,0,0,0,-0.000622611,0.0551156,-0.0393957,0.637619,0.502066,1
230,43.6711,0,0,0,-3.46791e-008,8.9407e-009,0.981818,0,0,0,-0.000603564,0.0550208,-0.0387539,0.637802,0.501999,1
240,45.5118,0,0,0,-3.46791e-008,8.9407e-009,0.981818,0,0,0,-0.00060759,0.0549208,-0.0381357,0.638027,0.501909,1
250,46.4015,0,0,0,-3.46791e-008,8.9407e-009,0.981818,0,0,0,-0.0006939,0.0548491,-0.037649,0.638305,0.501791,1
260,46.7098,0,0,0,-3.46791e-008,8.9407e-009,0.981818,0,0,0,-0.000832959,0.0548066,-0.037252,0.638602,0.501657,1
270,46.478,0,0,0,-3.46791e-008,8.9407e-009,0.981818,0,0,0,-0.000888702,0.0547811,-0.0368523,0.638894,0.501517,1
280,46.1315,0,0,0,-3.46791e-008,8.9407e-009,0.981818,0,0,0,-0.000842707,0.0547414,-0.0364441,0.639239,0.501346,1
290,45.7245,0,0,0,-3.46791e-008,8.9407e-009,0.981818,0,0,0,-0.000793507,0.0546809,-0.0360531,0.639644,0.501145,1
300,45.7305,0,0,0,-3.46791e-008,8.9407e-009,0.981818,0,0,0,-0.000848296,0.0546122,-0.0356886,0.639974,0.500978,1
310,55.0079,0,0,0,-3.46791e-008,8.9407e-009,0.981818,0,0,0,-0.000939325,0.0545372,-0.0353355,0.640227,0.500844,1
320,61.5537,0,0,0,-3.46791e-008,8.9407e-009,0.981818,0,0,0,-0.00100283,0.0544011,-0.0350454,0.640553,0.500669,1
330,65.6154,0,0,0,-3.46791e-008,8.9407e-009,0.981818,0,0,0,-0.00104114,0.05425,-0.0348038,0.640948,0.500455,1
340,68.6117,0,0,0,-3.46791e-008,8.9407e-009,0.981818,0,0,0,-0.00112445,0.0541737,-0.0345408,0.641275,0.500281,1
350,71.4189,0,0,0,-3.46791e-008,8.9407e-009,0.981818,0,0,0,-0.00118437,0.0541671,-0.0342241,0.6415,0.500164,1
360,73.4724,0,0,0,-3.46791e-008,8.9407e-009,0.981818,0,0,0,-0.00122132,0.0541331,-0.0339228,0.641681,0.500069,1
370,75.1471,0,0,0,-3.46791e-008,8.9407e-009,0.981818,0,0,0,-0.00124482,0.0540572,-0.0336193,0.641842,0.499991,1
380,77.0568,0,0,0,-3.46791e-008,8.9407e-009,0.981818,0,0,0,-0.00128184,0.0539206,-0.0332818,0.641978,0.49993,1
390,78.6783,0,0,0,-3.46791e-008,8.9407e-009,0.981818,0,0,0,-0.00123913,0.0537719,-0.0328856,0.642068,0.499895,1
400,79.9619,0,0,0,-3.46791e-008,8.9407e-009,0.981818,0,0,0,-0.00115674,0.0537197,-0.0324825,0.642092,0.49989,1
410,90.6532,0,0,0,-3.46791e-008,8.9407e-009,0.981818,0,0,0,-0.00109734,0.053811,-0.032032,0.642092,0.49989,1
420,97.4308,0,0,0,-3.46791e-008,8.9407e-009,0.981818,0,0,0,-0.00107648,0.0539349,-0.0314853,0.642092,0.49989,1
430,101.951,0,0,0,-3.46791e-008,8.9407e-009,0.981818,0,0,0,-0.000928136,0.0540493,-0.0308245,0.642092,0.49989,1
440,103.83,0,0,0,-3.46791e-008,8.9407e-009,0.981818,0,0,0,-0.000708042,0.0541603,-0.0301785,0.642103,0.499892,1
450,104.441,0,0,0,-3.46791e-008,8.9407e-009,0.981818,0,0,0,-0.000546881,0.0543394,-0.0295477,0.642111,0.499892,1
460,103.661,0,0,0,-3.46791e-008,8.9407e-009,0.981818,0,0,0,-0.000435964,0.054636,-0.0288421,0.642111,0.499892,1
470,102.401,0,0,0,-3.46791e-008,8.9407e-009,0.981818,0,0,0,-0.00028802,0.0549493,-0.0280257,0.642111,0.499892,1
480,101.117,0,0,0,-3.46791e-008,8.9407e-009,0.981818,0,0,0,-0.000234252,0.0550575,-0.0272407,0.642139,0.499888,1
490,99.1419,0,0,0,-3.46791e-008,8.9407e-009,0.981818,0,0,0,-0.00021046,0.055047,-0.0264829,0.642189,0.499878,1
500,99.6467,0,0,0,-3.46791e-008,8.9407e-009,0.981818,0,0,0,8.45576e-006,0.0551428,-0.0256833,0.642214,0.499872,1
510,108.838,0,0,0,-3.46791e-008,8.9407e-009,0.981818,0,0,0,0.000388639,0.0552882,-0.0248034,0.642319,0.499842,1
520,116.603,0,0,0,-3.46791e-008,8.9407e-009,0.981818,0,0,0,0.000694866,0.0552815,-0.0239641,0.64248,0.499794,1
530,122.818,0,0,0,-3.46791e-008,8.9407e-009,0.981818,0,0,0,0.000974904,0.0552105,-0.0231772,0.642612,0.499755,1
540,127.391,0,0,0,-3.46791e-008,8.9407e-009,0.981818,0,0,0,0.0013292,0.0552257,-0.0224015,0.642715,0.499727,1
550,131.532,0,0,0,-3.46791e-008,8.9407e-009,0.981818,0,0,0,0.00161055,0.0552064,-0.0216262,0.642823,0.4997,1
560,133.978,0,0,0,-3.46791e-008,8.9407e-009,0.981818,0,0,0,0.00177873,0.0550394,-0.0209638,0.642947,0.499671,1
570,136.277,0,0,0,-3.46791e-008,8.9407e-009,0.981818,0,0,0,0.00197494,0.0548522,-0.0204064,0.643153,0.499628,1
580,136.207,0,0,0,-3.46791e-008,8.9407e-009,0.981818,0,0,0,0.00222451,0.0548097,-0.0199541,0.643449,0.49957,1
590,137.353,0,0,0,-3.46791e-008,8.9407e-009,0.981818,0,0,0,0.00236497,0.0548088,-0.0196562,0.643728,0.499518,1
600,138.59,0,0,0,-3.46791e-008,8.9407e-009,0.981818,0,0,0,0.00241312,0.0547563,-0.0196039,0.64394,0.499482,1
610,150.716,0,0,0,-3.46791e-008,8.9407e-009,0.981818,0,0,0,0.00244736,0.0546795,-0.0197183,0.644076,0.499461,1
620,162.043,0,0,0,-3.46791e-008,8.9407e-009,0.981818,0,0,0,0.00254891,0.0546795,-0.0199532,0.644118,0.499455,1
630,170.294,0,0,0,-3.46791e-008,8.9407e-009,0.981818,0,0,0,0.00267433,0.0547821,-0.0203476,0.64418,0.499448,1
640,178.113,0,0,0,-3.46791e-008,8.9407e-009,0.981818,0,0,0,0.0028219,0.0551101,-0.021008,0.644333,0.499434,1
650,183.371,0,0,0,-3.46791e-008,8.9407e-009,0.981818,0,0,0,0.00286369,0.0554981,-0.0218981,0.644499,0.49942,1
660,184.234,0,0,0,-3.46791e-008,8.9407e-009,0.981818,0,0,0,0.00279535,0.0555875,-0.0229589,0.644499,0.49942,1
670,186.27,0,0,0,-3.46791e-008,8.9407e-009,0.981818,0,0,0,0.00270718,0.0552846,-0.02411,0.644499,0.49942,1
680,185.081,0,0,0,-3.46791e-008,8.9407e-009,0.981818,0,0,0,0.00272145,0.0550105,-0.0253126,0.644499,0.49942,1
690,186.838,0,0,0,-3.46791e-008,8.9407e-009,0.981818,0,0,0,0.00255657,0.0549601,-0.0265599,0.644499,0.49942,1
700,188.242,0,0,0,-3.46791e-008,8.9407e-009,0.981818,0,0,0,0.00208906,0.0549481,-0.027929,0.644499,0.49942,1
710,198.396,0,0,0,-3.46791e-008,8.9407e-009,0.981818,0,0,0,0.00157724,0.0546908,-0.0294758,0.644499,0.49942,1
720,204.404,0,0,0,-3.46791e-008,8.9407e-009,0.981818,0,0,0,0.00133034,0.0541827,-0.0311519,0.644499,0.49942,1
730,206.756,0,0,0,-3.46791e-008,8.9407e-009,0.981818,0,0,0,0.00114689,0.0535481,-0.032804,0.644499,0.49942,1
740,206.956,0,0,0,-3.46791e-008,8.9407e-009,0.981818,0,0,0,0.000970799,0.0530381,-0.0343758,0.644499,0.49942,1
750,204.959,0,0,0,-3.46791e-008,8.9407e-009,0.981818,0,0,0,0.000876051,0.05281,-0.0360254,0.644499,0.49942,1
760,201.2,0,0,0,-3.46791e-008,8.9407e-009,0.981818,0,0,0,0.000755336,0.0528511,-0.0378834,0.644499,0.49942,1
770,196.51,0,0,0,-3.46791e-008,8.9407e-009,0.981818,0,0,0,0.000362483,0.0529501,-0.0397644,0.644499,0.49942,1
780,194.09,0,0,0,-3.46791e-008,8.9407e-009,0.981818,0,0,0,-7.48669e-005,0.053031,-0.0413863,0.644499,0.49942,1
790,193.544,0,0,0,-3.46791e-008,8.9407e-009,0.981818,0,0,0,-0.000361457,0.0532139,-0.0428447,0.644499,0.49942,1
800,194.78,0,0,0,-3.46791e-008,8.9407e-009,0.981818,0,0,0,-0.000559156,0.0536132,-0.0443633,0.644499,0.49942,1
810,206.227,0,0,0,-3.46791e-008,8.9407e-009,0.981818,0,0,0,-0.00085955,0.054079,-0.0459531,0.644499,0.49942,1
820,211.733,0,0,0,-3.46791e-008,8.9407e-009,0.981818,0,0,0,-0.00119393,0.05443,-0.0474017,0.644499,0.49942,1
830,214.548,0,0,0,-3.46791e-008,8.9407e-009,0.981818,0,0,0,-0.00144071,0.0546519,-0.0486571,0.644499,0.49942,1
840,213.375,0,0,0,-3.46791e-008,8.9407e-009,0.981818,0,0,0,-0.00147618,0.0548845,-0.0496944,0.644499,0.49942,1
850,213.575,0,0,0,-3.46791e-008,8.9407e-009,0.981818,0,0,0,-0.00132383,0.0552354,-0.0505316,0.644499,0.49942,1
860,213.497,0,0,0,-3.46791e-008,8.9407e-009,0.981818,0,0,0,-0.000998993,0.055638,-0.0511887,0.644499,0.49942,1
870,214.775,0,0,0,-3.46791e-008,8.9407e-009,0.981818,0,0,0,-0.000624907,0.0557802,-0.0517886,0.644499,0.49942,1
880,218.925,0,0,0,-3.46791e-008,8.9407e-009,0.981818,0,0,0,-0.000398737,0.0554922,-0.0522646,0.644499,0.49942,1
890,225.398,0,0,0,-3.46791e-008,8.9407e-009,0.981818,0,0,0,-0.000290123,0.0551024,-0.052507,0.644499,0.49942,1
900,232.711,0,0,0,-3.46791e-008,8.9407e-009,0.981818,0,0,0,-2.28181e-005,0.0549738,-0.0524625,0.644499,0.49942,1
910,247.56,0,0,0,-3.46791e-008,8.9407e-009,0.981818,0,0,0,0.000298519,0.054916,-0.0523955,0.644499,0.49942,1
920,256.064,0,0,0,-3.46791e-008,8.9407e-009,0.981818,0,0,0,0.000314875,0.0545299,-0.0524532,0.644499,0.49942,1
930,256.303,0,0,0,-3.46791e-008,8.9407e-009,0.981818,0,0,0,0.000130502,0.0538976,-0.0524716,0.644499,0.49942,1
940,253.182,0,0,0,-3.46791e-008,8.9407e-009,0.981818,0,0,0,1.74423e-005,0.0533682,-0.0522014,0.644499,0.49942,1
950,246.199,0,0,0,-3.46791e-008,8.9407e-009,0.981818,0,0,0,2.14983e-006,0.0531563,-0.0517742,0.644499,0.49942,1
960,240.654,0,0,0,-3.46791e-008,8.9407e-009,0.981818,0,0,0,9.42381e-005,0.0531982,-0.0513293,0.644499,0.49942,1
970,237.86,0,0,0,-3.46791e-008,8.9407e-009,0.981818,0,0,0,0.000327961,0.0534327,-0.050887,0.644499,0.49942,1
980,239.406,0,0,0,-3.46791e-008,8.9407e-009,0.981818,0,0,0,0.000387138,0.0536804,-0.0504853,0.644499,0.49942,1
990,249.797,0,0,0,-3.46791e-008,8.9407e-009,0.981818,0,0,0,0.000196592,0.0538384,-0.0501712,0.644499,0.49942,1
1000,266.409,0,0,0,-3.46791e-008,8.9407e-009,0.981818,0,0,0,-2.59147e-005,0.0539085,-0.0498362,0.643771,0.499309,1
1010,291.525,0,0,0,-3.46791e-008,8.9407e-009,0.981818,0,0,0,-0.00017071,0.0541846,-0.0494311,0.643199,0.499345,1
1020,320.667,0,0,0,-3.46791e-008,8.9407e-009,0.981818,0,0,0,-0.000370937,0.05467,-0.0491011,0.642469,0.499493,1
1030,347.877,0,0,0,-3.46791e-008,8.9407e-009,0.981818,0,0,0,-0.000499982,0.0550966,-0.048991,0.642045,0.499665,1
1040,369.315,0,0,0,-3.46791e-008,8.9407e-009,0.981818,0,0,0,-0.000598276,0.0552143,-0.0491231,0.641487,0.49987,1
1050,383.769,0,0,0,-3.46791e-008,8.9407e-009,0.981818,0,0,0,-0.000720981,0.0552937,-0.04929,0.640984,0.500008,1
1060,392.325,0,0,0,-3.46791e-008,8.9407e-009,0.981818,0,0,0,-0.000866225,0.0555246,-0.0493194,0.640596,0.500066,1
1070,396.961,0,0,0,-3.46791e-008,8.9407e-009,0.981818,0,0,0,-0.000849869,0.055868,-0.0492683,0.640013,0.500119,1
1080,394.46,0,0,0,-3.46791e-008,8.9407e-009,0.981818,0,0,0,-0.000800178,0.0560154,-0.0493408,0.639272,0.500155,1
1090,387.966,0,0,0,-3.46791e-008,8.9407e-009,0.981818,0,0,0,-0.000815241,0.0558075,-0.0494459,0.63835,0.500175,1
1100,375.374,0,0,0,-3.46791e-008,8.9407e-009,0.981818,0,0,0,-0.000847832,0.0552281,-0.0494002,0.637199,0.500185,1
1110,356.625,0,0,0,-3.46791e-008,8.9407e-009,0.981818,0,0,0,-0.000552242,0.0546113,-0.0491571,0.636099,0.500192,1
1120,333.433,0,0,0,-3.46791e-008,8.9407e-009,0.981818,0,0,0,-2.90095e-005,0.0541725,-0.0488299,0.635142,0.500202,1
1130,308.448,0,0,0,-3.46791e-008,8.9407e-009,0.981818,0,0,0,0.000381236,0.053937,-0.0483668,0.634143,0.50022,1
1140,284.336,0,0,0,-3.46791e-008,8.9407e-009,0.981818,0,0,0,0.000567331,0.0537334,-0.0477442,0.633179,0.500244,1
1150,264.367,0,0,0,-3.46791e-008,8.9407e-009,0.981818,0,0,0,0.000910889,0.0534782,-0.0469392,0.632457,0.500271,1
1160,248.953,0,0,0,-3.46791e-008,8.9407e-009,0.981818,0,0,0,0.00136855,0.0531153,-0.0460485,0.631949,0.500306,1
1170,234.629,0,0,0,-3.46791e-008,8.9407e-009,0.981818,0,0,0,0.00169221,0.0528788,-0.045137,0.631618,0.500325,1
1180,222.799,0,0,0,-3.46791e-008,8.9407e-009,0.981818,0,0,0,0.0017894,0.0530103,-0.0442855,0.631401,0.500321,1
1190,216.308,0,0,0,-3.46791e-008,8.9407e-009,0.981818,0,0,0,0.00177763,0.0534025,-0.0434169,0.631211,0.500306,1
1200,211.447,0,0,0,-3.46791e-008,8.9407e-009,0.981818,0,0,0,0.00154289,0.0536689,-0.042564,0.631187,0.500302,1
1210,205.905,0,0,0,-3.46791e-008,8.9407e-009,0.981818,0,0,0,0.00117849,0.0537701,-0.041736,0.631187,0.500302,1
1220,198.149,0,0,0,-3.46791e-008,8.9407e-009,0.981818,0,0,0,0.0008551,0.0539682,-0.0409968,0.631187,0.500302,1
1230,189.747,0,0,0,-3.46791e-008,8.9407e-009,0.981818,0,0,0,0.000581953,0.0543589,-0.0402943,0.631187,0.500302,1
1240,180.342,0,0,0,-3.46791e-008,8.9407e-009,0.981818,0,0,0,0.000153942,0.0547726,-0.0396291,0.631187,0.500302,1
1250,173.529,0,0,0,-3.46791e-008,8.9407e-009,0.981818,0,0,0,-0.000278289,0.0551546,-0.0388906,0.631187,0.500302,1
1260,171.405,0,0,0,-3.46791e-008,8.9407e-009,0.981818,0,0,0,-0.000337953,0.0555271,-0.0381001,0.631187,0.500302,1
1270,178.49,0,0,0,-3.46791e-008,8.9407e-009,0.981818,0,0,0,4.68576e-005,0.0557165,-0.0372276,0.631187,0.500302,1
1280,188.971,0,0,0,-3.46791e-008,8.9407e-009,0.981818,0,0,0,0.000475089,0.055542,-0.0363523,0.631187,0.500302,1
1290,196.908,0,0,0,-3.46791e-008,8.9407e-009,0.981818,0,0,0,0.000742815,0.0551283,-0.0355015,0.631187,0.500302,1
1300,199.868,0,0,0,-3.46791e-008,8.9407e-009,0.981818,0,0,0,0.00101881,0.0546932,-0.0347574,0.631039,0.50019,1
1310,200.124,0,0,0,-3.46791e-008,8.9407e-009,0.981818,0,0,0,0.00130666,0.0541767,-0.033948,0.631039,0.50019,1
1320,205.248,0,0,0,-3.46791e-008,8.9407e-009,0.981818,0,0,0,0.00137431,0.053579,-0.0330531,0.630923,0.500084,1
1330,216.038,0,0,0,-3.46791e-008,8.9407e-009,0.981818,0,0,0,0.00120118,0.0531076,-0.032227,0.630923,0.500084,1
1340,230.674,0,0,0,-3.46791e-008,8.9407e-009,0.981818,0,0,0,0.0010112,0.0529,-0.0317588,0.630923,0.500084,1
1350,246.645,0,0,0,-3.46791e-008,8.9407e-009,0.981818,0,0,0,0.000842129,0.0527474,-0.031596,0.630923,0.500084,1
1360,263.827,0,0,0,-3.46791e-008,8.9407e-009,0.981818,0,0,0,0.000720111,0.0526358,-0.0316264,0.630923,0.500084,1
1370,279.241,0,0,0,-3.46791e-008,8.9407e-009,0.981818,0,0,0,0.000674632,0.0527115,-0.0317393,0.630923,0.500084,1
1380,292.894,0,0,0,-3.46791e-008,8.9407e-009,0.981818,0,0,0,0.000719361,0.0530093,-0.0321182,0.630923,0.500084,1
1390,301.44,0,0,0,-3.46791e-008,8.9407e-009,0.981818,0,0,0,0.000689001,0.053328,-0.0328241,0.630923,0.500084,1
1400,306.769,0,0,0,-3.46791e-008,8.9407e-009,0.981818,0,0,0,0.000500181,0.053704,-0.0337449,0.630923,0.500084,1
1410,309.866,0,0,0,-3.46791e-008,8.9407e-009,0.981818,0,0,0,0.000158606,0.05418,-0.0346643,0.630923,0.500084,1
1420,305.664,0,0,0,-3.46791e-008,8.9407e-009,0.981818,0,0,0,-1.81563e-005,0.0546789,-0.0356543,0.630923,0.500084,1
1430,298.021,0,0,0,-3.46791e-008,8.9407e-009,0.981818,0,0,0,0.000163416,0.0551001,-0.0366878,0.630923,0.500084,1
1440,287.907,0,0,0,-3.46791e-008,8.9407e-009,0.981818,0,0,0,0.000576119,0.0554931,-0.037731,0.630923,0.500084,1
1450,280.038,0,0,0,-3.46791e-008,8.9407e-009,0.981818,0,0,0,0.000848729,0.0556675,-0.0388358,0.630923,0.500084,1
1460,283.619,0,0,0,-3.46791e-008,8.9407e-009,0.981818,0,0,0,0.00101151,0.0554692,-0.0401858,0.630923,0.500084,1
1470,293.814,0,0,0,-3.46791e-008,8.9407e-009,0.981818,0,0,0,0.00114951,0.0550123,-0.0416246,0.630927,0.499817,1
1480,310.319,0,0,0,-3.46791e-008,8.9407e-009,0.981818,0,0,0,0.00118851,0.0545222,-0.0429044,0.630948,0.499521,1
1490,328.079,0,0,0,-3.46791e-008,8.9407e-009,0.981818,0,0,0,0.000871362,0.0539858,-0.0439938,0.630989,0.499198,1
1500,334.556,0,0,0,-3.46791e-008,8.9407e-009,0.981818,0,0,0,0.000247167,0.0533874,-0.0450182,0.63103,0.498984,1
1510,327.521,0,0,0,-3.46791e-008,8.9407e-009,0.981818,0,0,0,-0.000588715,0.0527388,-0.0459482,0.63103,0.498984,1
1520,309.48,0,0,0,-3.46791e-008,8.9407e-009,0.981818,0,0,0,-0.00139724,0.0521502,-0.0466937,0.631054,0.498982,1
1530,280.507,0,0,0,-3.46791e-008,8.9407e-009,0.981818,0,0,0,-0.00199843,0.0518128,-0.047339,0.631054,0.498982,1
1540,250.256,0,0,0,-3.46791e-008,8.9407e-009,0.981818,0,0,0,-0.00221725,0.0517633,-0.0481112,0.631054,0.498982,1
1550,227.164,0,0,0,-3.46791e-008,8.9407e-009,0.981818,0,0,0,-0.00224068,0.0517054,-0.0491008,0.631054,0.498982,1
1560,209.395,0,0,0,-3.46791e-008,8.9407e-009,0.981818,0,0,0,-0.00212833,0.0514822,-0.050035,0.631054,0.498982,1
1570,205.388,0,0,0,-3.46791e-008,8.9407e-009,0.981818,0,0,0,-0.00189118,0.0512511,-0.0507959,0.631054,0.498982,1
1580,217.264,0,0,0,-3.46791e-008,8.9407e-009,0.981818,0,0,0,-0.00155305,0.0511579,-0.051484,0.631036,0.499191,1
1590,228.831,0,0,0,-3.46791e-008,8.9407e-009,0.981818,0,0,0,-0.00130658,0.051209,-0.0520835,0.630993,0.49931,1
1600,240.494,0,0,0,-3.46791e-008,8.9407e-009,0.981818,0,0,0,-0.00107651,0.051497,-0.0524365,0.630939,0.499509,1
1610,247.696,0,0,0,-3.46791e-008,8.9407e-009,0.981818,0,0,0,-0.000832459,0.052041,-0.0528265,0.630935,0.499557,1
1620,251.275,0,0,0,-3.46791e-008,8.9407e-009,0.981818,0,0,0,-0.00065198,0.052603,-0.0534222,0.630935,0.499557,1
1630,257.89,0,0,0,-3.46791e-008,8.9407e-009,0.981818,0,0,0,-0.000642947,0.0530054,-0.0539797,0.630935,0.499557,1
1640,261.801,0,0,0,-3.46791e-008,8.9407e-009,0.981818,0,0,0,-0.000795169,0.0532734,-0.0541132,0.630934,0.499562,1
1650,269.541,0,0,0,-3.46791e-008,8.9407e-009,0.981818,0,0,0,-0.00122284,0.0534999,-0.0539738,0.630922,0.499602,1
1660,276.088,0,0,0,-3.46791e-008,8.9407e-009,0.981818,0,0,0,-0.00188354,0.0537114,-0.05377,0.63088,0.499696,1
1670,282.535,0,0,0,-3.46791e-008,8.9407e-009,0.981818,0,0,0,-0.00245806,0.0538888,-0.0535536,0.630744,0.499953,1
1680,287.908,0,0,0,-3.46791e-008,8.9407e-009,0.981818,0,0,0,-0.00277698,0.0539892,-0.0531441,0.630715,0.499997,1
1690,286.955,0,0,0,-3.46791e-008,8.9407e-009,0.981818,0,0,0,-0.00294995,0.0540543,-0.0526125,0.630665,0.500054,1
1700,286.697,0,0,0,-3.46791e-008,8.9407e-009,0.981818,0,0,0,-0.00305337,0.0540546,-0.0520888,0.630613,0.500099,1
1710,291.786,0,0,0,-3.46791e-008,8.9407e-009,0.981818,0,0,0,-0.00284316,0.0540118,-0.0515945,0.630613,0.500099,1
1720,306.033,0,0,0,-3.46791e-008,8.9407e-009,0.981818,0,0,0,-0.00220337,0.0540278,-0.0509829,0.630613,0.500099,1
1730,326.134,0,0,0,-3.46791e-008,8.9407e-009,0.981818,0,0,0,-0.0013133,0.0541456,-0.0504804,0.630613,0.500099,1
1740,348.588,0,0,0,-3.46791e-008,8.9407e-009,0.981818,0,0,0,-0.00063373,0.0541835,-0.0502815,0.630613,0.500099,1
1750,369.082,0,0,0,-3.46791e-008,8.9407e-009,0.981818,0,0,0,-0.000301082,0.054171,-0.0502389,0.630613,0.500099,1
1760,377.893,0,0,0,-3.46791e-008,8.9407e-009,0.981818,0,0,0,-0.000300247,0.0543243,-0.0501741,0.630613,0.500099,1
1770,374.951,0,0,0,-3.46791e-008,8.9407e-009,0.981818,0,0,0,-0.000409592,0.0547612,-0.0503208,0.630613,0.500099,1
1780,364.079,0,0,0,-3.46791e-008,8.9407e-009,0.981818,0,0,0,-0.000444256,0.0551983,-0.0507852,0.630613,0.500099,1
1790,353.599,0,0,0,-3.46791e-008,8.9407e-009,0.981818,0,0,0,-0.000272934,0.0554684,-0.0513848,0.630613,0.500099,1
1800,352.293,0,0,0,-3.46791e-008,8.9407e-009,0.981818,0,0,0,-0.000258205,0.0554906,-0.0518961,0.630613,0.500099,1
1810,356.932,0,0,0,-3.46791e-008,8.9407e-009,0.981818,0,0,0,-0.000414915,0.0553965,-0.0522565,0.630613,0.500099,1
1820,358.942,0,0,0,-3.46791e-008,8.9407e-009,0.981818,0,0,0,-0.000438469,0.0553048,-0.0525169,0.630556,0.500167,1
1830,367.947,0,0,0,-3.46791e-008,8.9407e-009,0.981818,0,0,0,-0.000113319,0.0554124,-0.0527788,0.630556,0.500167,1
1840,378.129,0,0,0,-3.46791e-008,8.9407e-009,0.981818,0,0,0,0.000141659,0.0556109,-0.0530547,0.630556,0.500167,1
1850,381.517,0,0,0,-3.46791e-008,8.9407e-009,0.981818,0,0,0,0.00016396,0.0557546,-0.0532708,0.630556,0.500167,1
1860,373.654,0,0,0,-3.46791e-008,8.9407e-009,0.981818,0,0,0,-9.72354e-005,0.0556295,-0.0533941,0.630556,0.500167,1
1870,358.114,0,0,0,-3.46791e-008,8.9407e-009,0.981818,0,0,0,-0.000522273,0.0553416,-0.0534942,0.630556,0.500167,1
1880,337.137,0,0,0,-3.46791e-008,8.9407e-009,0.981818,0,0,0,-0.000995624,0.0550861,-0.0537658,0.630556,0.500167,1
1890,321.995,0,0,0,-3.46791e-008,8.9407e-009,0.981818,0,0,0,-0.00108907,0.0550761,-0.0543197,0.630556,0.500167,1
1900,311.12,0,0,0,-3.46791e-008,8.9407e-009,0.981818,0,0,0,-0.000825926,0.0552096,-0.0550153,0.630556,0.500167,1
1910,298.259,0,0,0,-3.46791e-008,8.9407e-009,0.981818,0,0,0,-0.000504146,0.0554943,-0.0555199,0.630556,0.500167,1
1920,290.307,0,0,0,-3.46791e-008,8.9407e-009,0.981818,0,0,0,-0.000415608,0.0557307,-0.0557192,0.630556,0.500167,1
1930,280.135,0,0,0,-3.46791e-008,8.9407e-009,0.981818,0,0,0,-0.000277297,0.0556066,-0.0557072,0.630556,0.500167,1
1940,273.088,0,0,0,-3.46791e-008,8.9407e-009,0.981818,0,0,0,2.58545e-006,0.0549405,-0.0557503,0.630686,0.500113,1
1950,266.253,0,0,0,-3.46791e-008,8.9407e-009,0.981818,0,0,0,0.000205379,0.0541661,-0.0560005,0.630835,0.49991,1
1960,259.934,0,0,0,-3.46791e-008,8.9407e-009,0.981818,0,0,0,3.66589e-005,0.0535511,-0.0563827,0.631032,0.499626,1
1970,263.186,0,0,0,-3.46791e-008,8.9407e-009,0.981818,0,0,0,-0.000299447,0.0530596,-0.0565722,0.631289,0.499243,1
1980,273.024,0,0,0,-3.46791e-008,8.9407e-009,0.981818,0,0,0,-0.000721894,0.0525387,-0.0564686,0.631602,0.498827,1
1990,283.94,0,0,0,-3.46791e-008,8.9407e-009,0.981818,0,0,0,-0.00115265,0.0520754,-0.0561205,0.631798,0.498629,1
2000,648.279,0,0,-4.99327,-0.00140932,0.0517338,0.979318,0,0,0,-0.00141733,0.0517079,-0.0557257,0.632004,0.498697,1
2010,626.363,0,0,-4.92756,-0.00140932,0.0517338,0.954501,0,0,0,-0.00135796,0.0516025,-0.0553815,0.632125,0.498643,1
2020,603.274,0,0,-4.86481,-0.00140932,0.0517338,0.930006,0,0,0,-0.00130337,0.0517838,-0.0550538,0.632148,0.498538,1
2030,586.397,0,0,-4.80499,-0.00140932,0.0517338,0.905817,0,0,0,-0.00138583,0.0521988,-0.0544198,0.632148,0.498538,1
2040,578.983,0,0,-4.74699,-0.00140932,0.0517338,0.881923,0,0,0,-0.00138493,0.0527654,-0.0534431,0.632148,0.498538,1
2050,572.953,0,0,-4.69033,-0.00140932,0.0517338,0.858316,0,0,0,-0.00112704,0.0535217,-0.0524305,0.632148,0.498538,1
2060,562.457,0,0,-4.63529,-0.00140932,0.0517338,0.834989,0,0,0,-0.00082628,0.0544726,-0.0517312,0.632148,0.498538,1
2070,546.431,0,0,-4.5823,-0.00140932,0.0517338,0.811933,0,0,0,-0.0006732,0.055519,-0.0512958,0.632148,0.498538,1
2080,532.775,0,0,-4.53179,-0.00140932,0.0517338,0.789136,0,0,0,-0.000646196,0.0563225,-0.0510338,0.632148,0.498538,1
2090,523.196,0,0,-4.4831,-0.00140932,0.0517338,0.766587,0,0,0,-0.000726136,0.0567764,-0.050812,0.632148,0.498538,1
2100,517.46,0,0,-4.43587,-0.00140932,0.0517338,0.744279,0,0,0,-0.00101432,0.0572445,-0.0506319,0.632148,0.498538,1
2110,512.927,0,0,-4.38974,-0.00140932,0.0517338,0.722204,0,0,0,-0.00142022,0.057886,-0.0505864,0.632148,0.498538,1
2120,511.083,0,0,-4.34449,-0.00140932,0.0517338,0.700357,0,0,0,-0.00148758,0.0583138,-0.0508316,0.632148,0.498538,1
2130,515.683,0,0,-4.29953,-0.00140932,0.0517338,0.678736,0,0,0,-0.00106302,0.0583002,-0.0511804,0.632159,0.498417,1
2140,525.261,0,0,-4.25415,-0.00140932,0.0517338,0.65734,0,0,0,-0.000481089,0.0580683,-0.0513578,0.632357,0.497981,1
2150,538.283,0,0,-4.20783,-0.00140932,0.0517338,0.636173,0,0,0,-0.000111591,0.05769,-0.0512544,0.632721,0.497626,1
2160,539.877,0,0,-4.16118,-0.00140932,0.0517338,0.615239,0,0,0,0.000185194,0.0571458,-0.0511786,0.633207,0.497428,1
2170,524.212,0,0,-4.11591,-0.00140932,0.0517338,0.594536,0,0,0,0.00052423,0.0565772,-0.0514182,0.633524,0.497422,1
2180,503.757,0,0,-4.07329,-0.00140932,0.0517338,0.574053,0,0,0,0.000873752,0.0562449,-0.0519158,0.63354,0.497484,1
2190,475.686,-1.04755e-007,2.2703e-007,-4.03413,-0.00140932,0.0517338,0.553777,0.00846368,-0.0183428,0.0337414,0.00101583,0.0561137,-0.0522788,0.633529,0.497556,1
2200,448.485,-2.50937e-006,5.51799e-006,-3.99905,-0.00140933,0.0517338,0.533687,0.0111975,-0.0248815,0.0432807,0.000876677,0.05606,-0.0523456,0.633489,0.497648,1
2210,427.464,-5.71876e-006,1.2643e-005,-3.96797,-0.00140935,0.0517339,0.513763,0.0152768,-0.0337106,0.0557293,0.000335992,0.0560063,-0.0521994,0.633468,0.497679,1
2220,416.963,-1.01667e-005,2.23179e-005,-3.93963,-0.00140939,0.051734,0.493987,0.0214209,-0.045971,0.0722923,-0.00038644,0.0560607,-0.0520967,0.633468,0.497679,1
2230,419.871,-1.63239e-005,3.53877e-005,-3.91189,-0.00140945,0.0517341,0.474351,0.0293243,-0.0619399,0.0916517,-0.000984327,0.0561766,-0.0521852,0.633468,0.497679,1
2240,431.534,-2.47145e-005,5.26931e-005,-3.88317,-0.00140955,0.0517343,0.454856,0.048477,-0.0670548,0.154961,-0.00113481,0.0561571,-0.0523641,0.633468,0.497679,1
2250,446.731,-4.10802e-005,7.61721e-005,-3.85243,-0.00140971,0.0517346,0.435508,0.275696,-0.491589,1.07102,-0.000993523,0.0559084,-0.0523061,0.633468,0.497679,1
2260,459.456,-0.000118678,0.000213438,-3.82006,-0.0014101,0.0517354,0.416318,0.37599,-0.630423,1.36681,-0.000745648,0.0558134,-0.0518715,0.633468,0.497679,1
2270,463.002,-0.000223109,0.000386893,-3.78707,-0.00141094,0.0517368,0.397292,0.476403,-0.783877,1.7158,-0.000589706,0.0561244,-0.0513296,0.633468,0.497679,1
2280,458.55,-0.000354567,0.000600644,-3.75452,-0.00141238,0.0517393,0.37843,0.594013,-0.984492,2.13714,-0.00045446,0.056587,-0.0510794,0.633468,0.497679,1
2290,450.905,-0.000520458,0.000863412,-3.72326,-0.00141454,0.0517429,0.359729,0.959863,-0.903572,3.14285,-0.000448408,0.0568318,-0.0511509,0.633468,0.497679,1
2300,434.018,-0.000788256,0.00110673,-3.69427,-0.00141778,0.0517478,0.341179,1.3929,-1.59889,4.60302,-0.000679147,0.0568485,-0.0512489,0.633465,0.497692,1
2310,413.144,-0.00117467,0.00152183,-3.66881,-0.00142264,0.0517544,0.322766,2.20007,-1.61651,7.03179,-0.0012597,0.0567751,-0.0511149,0.633466,0.497717,1
2320,390.716,-0.00176732,0.00192659,-3.64766,-0.00142995,0.051763,0.304471,2.5925,-1.35788,10.2249,-0.00195605,0.0567925,-0.0507084,0.633466,0.497717,1
2330,362.408,-0.00245812,0.00224382,-3.63213,-0.00144047,0.0517735,0.286269,2.97566,-0.851847,13.1823,-0.00248033,0.0569495,-0.05016,0.633466,0.497717,1
2340,338.098,-0.0032198,0.00242156,-3.6231,-0.00145466,0.0517851,0.26813,2.54318,-0.999703,15.1285,-0.00254147,0.0570308,-0.0495673,0.633466,0.497717,1
2350,329.759,-0.00380706,0.00261639,-3.61815,-0.00147227,0.0517978,0.250026,2.10777,-0.598317,15.2459,-0.00207944,0.0567298,-0.0489391,0.633466,0.497717,1
2360,333.921,-0.00412853,0.00268837,-3.61317,-0.00149231,0.0518111,0.231945,0.151027,-0.107923,13.1696,-0.00134652,0.0560659,-0.0481042,0.633466,0.497717,1
2370,345.722,-0.00363742,0.00258071,-3.60508,-0.00151223,0.0518244,0.213894,-4.70265,1.06343,6.06418,-0.000857445,0.05536,-0.0469618,0.633466,0.497717,1
2380,359.127,-0.00135993,0.00192475,-3.59143,-0.00152577,0.0518361,0.195897,-14.6235,4.92038,-8.79971,-0.000881634,0.0548625,-0.0455651,0.633671,0.497698,1
2390,368.197,0.00431888,-0.000396047,-3.57015,-0.00152029,0.051841,0.177985,-33.2429,15.4289,-36.7654,-0.0012127,0.0544836,-0.0441712,0.633874,0.497576,1
2400,369.901,0.0161368,-0.00710651,-3.53857,-0.0014725,0.051825,0.160204,-65.4546,42.6856,-88.7263,-0.00158373,0.0540066,-0.0428091,0.63401,0.497531,1
2410,373.209,0.0389164,-0.0240762,-3.48892,-0.00134107,0.0517533,0.142621,-125.38,102.57,-184.589,-0.00180866,0.0535529,-0.0413911,0.634283,0.497483,1
2420,378.757,0.0814834,-0.0633372,-3.40717,-0.00105085,0.051548,0.125359,-229.772,230.635,-346.031,-0.00182832,0.0535232,-0.0397357,0.634594,0.497459,1
2430,379.08,0.156877,-0.14529,-3.27611,-0.000471919,0.0510493,0.108622,-393.854,449.812,-580.552,-0.00155836,0.0540912,-0.0379562,0.635089,0.497429,1
2440,369.049,0.278975,-0.28822,-3.08404,0.000595892,0.0499924,0.0926914,-603.992,707.5,-837.452,-0.00126983,0.0549461,-0.0362007,0.635731,0.497387,1
2450,360.477,0.450977,-0.481259,-2.83994,0.0024024,0.0480805,0.0778615,-783.266,822.695,-1003.85,-0.00117997,0.0556746,-0.0347074,0.636312,0.497339,1
2460,353.065,0.654132,-0.664673,-2.57524,0.00515838,0.0451935,0.0643195,-855.214,621.043,-1027.21,-0.00133313,0.0560263,-0.033407,0.636824,0.497292,1
2470,343.05,0.861101,-0.764121,-2.31614,0.00895057,0.0415744,0.0520933,-825.211,182.644,-996.422,-0.00133021,0.0562242,-0.0321236,0.637394,0.497256,1
2480,332.945,1.05333,-0.751599,-2.0666,0.0137467,0.0377394,0.0411389,-733.346,-243.234,-966.534,-0.00117111,0.056575,-0.0306299,0.637999,0.497237,1
2490,315.397,1.20377,-0.657569,-1.82945,0.0194181,0.0341933,0.0314049,-462.662,-465.342,-911.174,-0.00110608,0.0570252,-0.0292088,0.638518,0.49724,1
2500,298.37,1.26729,-0.535903,-1.61566,0.0256402,0.0312074,0.0228046,-36.0492,-491.168,-800.868,-0.00138123,0.0571671,-0.0283049,0.638978,0.497261,1
2510,282.219,1.21878,-0.419499,-1.43314,0.0319026,0.0288231,0.0151958,416.428,-457.143,-687.549,-0.00166128,0.0569044,-0.0281888,0.639397,0.497295,1
2520,262.398,1.07734,-0.302678,-1.27369,0.0376756,0.0270122,0.00843477,747.525,-513.277,-648.942,-0.00181608,0.0563553,-0.0285359,0.639828,0.497345,1
2530,249.243,0.854342,-0.154302,-1.10893,0.0425381,0.0258478,0.00246999,1069.98,-723.616,-741.935,-0.00183458,0.0558059,-0.0290726,0.640393,0.497427,1
2540,237.868,0.566969,0.0655145,-0.911923,0.0461113,0.0255901,-0.002597,1268.35,-1052.85,-895.822,-0.00180494,0.0553042,-0.0297479,0.641083,0.497542,1
2550,235.886,0.240564,0.353748,-0.682942,0.0481408,0.0266206,-0.00659138,1368.15,-1207.37,-970.398,-0.00164135,0.0546769,-0.0306674,0.641796,0.497663,1
2560,238.627,-0.106446,0.643719,-0.451232,0.0484852,0.0291272,-0.00942063,1446.45,-1072.55,-914.987,-0.00148738,0.0537982,-0.0317136,0.642435,0.497768,1
2570,245.284,-0.473782,0.883737,-0.239567,0.0470385,0.0329707,-0.0111362,1467.73,-825.739,-806.485,-0.00139859,0.0530845,-0.0327829,0.642813,0.497835,1
2580,257.982,-0.822493,1.06427,-0.054338,0.0437818,0.0378646,-0.0118595,1309.15,-588.401,-695.026,-0.0012912,0.0528114,-0.0337938,0.642834,0.497841,1
2590,263.496,-1.12786,1.18118,0.104925,0.0388879,0.0435048,-0.0117223,1127.92,-330.271,-589.527,-0.0011041,0.0529553,-0.0347954,0.642834,0.497841,1
2600,264.886,-1.39055,1.24253,0.237473,0.0325754,0.0495831,-0.0108543,956.772,-137.851,-473.347,-0.00109569,0.0532309,-0.0360167,0.642834,0.497841,1
2610,272.639,-1.60467,1.26123,0.34072,0.025063,0.0558569,-0.00939645,718.285,3.74688,-353.305,-0.00127444,0.0534105,-0.0376764,0.642834,0.497841,1
2620,281.576,-1.74962,1.2492,0.414564,0.0166466,0.0621449,-0.0074963,424.148,119.46,-239.06,-0.00124431,0.0533683,-0.039519,0.642834,0.497841,1
2630,287.667,-1.81966,1.20183,0.461523,0.00769125,0.0682898,-0.00529525,117.243,284.878,-135.352,-0.000915534,0.0533934,-0.0410916,0.642834,0.497841,1
2640,291.117,-1.80882,1.1024,0.482868,-0.00141557,0.0740781,-0.00292378,-223.031,550.51,-35.0369,-0.000728618,0.0536949,-0.0424236,0.642834,0.497841,1
2650,295.773,-1.7092,0.920329,0.480188,-0.0102491,0.0791749,-0.000506561,-583.749,922.489,54.2251,-0.000897109,0.0542643,-0.043959,0.642834,0.497841,1
2660,297.582,-1.52939,0.657589,0.461482,-0.018374,0.0831464,0.00185115,-856.313,1180.15,89.243,-0.00103139,0.0549838,-0.0458366,0.642834,0.497841,1
2670,296.269,-1.28763,0.340318,0.438423,-0.0254416,0.0856611,0.00410117,-1093.34,1366.8,90.853,-0.000853971,0.0557187,-0.0477547,0.642834,0.497841,1
2680,296.533,-0.992966,-0.0120479,0.422025,-0.0311623,0.0864927,0.00624605,-1274.49,1469.54,32.0366,-0.000461268,0.0562579,-0.0495317,0.642834,0.497841,1
2690,300.809,-0.667191,-0.367246,0.426966,-0.0353189,0.0855294,0.0083573,-1335.11,1328.57,-73.1772,-3.75112e-005,0.0566719,-0.0512675,0.642834,0.497841,1
2700,303.979,-0.335223,-0.660114,0.456322,-0.0378259,0.0829322,0.0105563,-1344.58,1056.03,-161.332,0.000533422,0.0570817,-0.053064,0.643011,0.498004,1
2710,309.281,0.000500998,-0.88721,0.503185,-0.0386651,0.0790322,0.0129503,-1366.86,761.177,-208.362,0.00126866,0.0572735,-0.0549634,0.643297,0.498291,1
2720,328.129,0.338925,-1.03825,0.556754,-0.0378146,0.0741884,0.0155982,-1351.66,482.069,-231.26,0.00196887,0.0571174,-0.0571045,0.643619,0.498641,1
2730,350.247,0.661906,-1.123,0.611894,-0.0353014,0.0687579,0.018522,-1252.52,242.052,-220.697,0.00225105,0.0568284,-0.0594648,0.643968,0.499055,1
2740,376.054,0.935948,-1.16107,0.662419,-0.0312727,0.0630332,0.0217099,-953.206,119.282,-210.175,0.0019172,0.0565475,-0.0618143,0.644128,0.499269,1
2750,395.227,1.12154,-1.17285,0.705933,-0.0260895,0.0571874,0.0251366,-600.243,36.2723,-168.977,0.000952501,0.0560559,-0.0640025,0.644187,0.49936,1
2760,401.664,1.22492,-1.1679,0.738783,-0.0201907,0.0513283,0.0287533,-313.111,-14.1506,-134.227,-0.000196446,0.0551984,-0.0662747,0.644187,0.49936,1
2770,392.29,1.27226,-1.15308,0.763273,-0.0139286,0.0455211,0.0325129,-146.881,-44.3009,-102.595,-0.00107084,0.0540242,-0.0687682,0.644187,0.49936,1
2780,367.522,1.28737,-1.13388,0.782518,-0.00751675,0.0398012,0.0363795,-35.077,-60.367,-88.031,-0.00150706,0.052993,-0.0711336,0.644187,0.49936,1
2790,341.839,1.28006,-1.11379,0.800709,-0.00108841,0.034181,0.0403382,54.3212,-67.1485,-84.849,-0.00178678,0.0525941,-0.0729091,0.644187,0.49936,1
2800,322.215,1.25201,-1.09407,0.821034,0.00525175,0.0286609,0.0443914,148.41,-71.4385,-96.536,-0.00192345,0.0529276,-0.0741713,0.644187,0.49936,1
2810,313.436,1.20213,-1.07361,0.847036,0.011397,0.0232403,0.0485585,242.072,-83.9655,-126.03,-0.00180901,0.0535988,-0.0752876,0.644187,0.49936,1
2820,316.463,1.12764,-1.04948,0.883078,0.0172331,0.0179304,0.052879,346.404,-100.44,-174.425,-0.00139834,0.0542716,-0.0764033,0.644187,0.49936,1
2830,324.064,1.0309,-1.02171,0.930975,0.0226371,0.0127511,0.0574097,414.192,-106.911,-221.707,-0.000985685,0.0546753,-0.0774142,0.644187,0.49936,1
2840,328.524,0.922518,-0.994626,0.987004,0.0275231,0.00771103,0.0622033,432.136,-94.3097,-241.983,-0.000814398,0.0548807,-0.0783327,0.644187,0.49936,1
2850,320.96,0.815413,-0.969859,1.04644,0.0318671,0.00279988,0.0672857,424.638,-91.0172,-256.413,-0.00110307,0.0552911,-0.079187,0.644187,0.49936,1
2860,304.352,0.706278,-0.947391,1.11216,0.0356741,-0.00199184,0.072679,451.68,-79.7646,-282.789,-0.00163989,0.0562484,-0.0798718,0.644187,0.49936,1
2870,281.456,0.591427,-0.931371,1.1852,0.0389206,-0.00668464,0.0784198,478.601,-49.7322,-295.49,-0.00204592,0.0574899,-0.0803606,0.644187,0.49936,1
2880,250.421,0.47451,-0.927048,1.26004,0.041583,-0.0113248,0.0845329,465.012,-14.5044,-269.283,-0.00201105,0.0586715,-0.0808916,0.644187,0.49936,1
2890,215.12,0.369577,-0.932795,1.33121,0.0436859,-0.0159687,0.0910102,408.92,5.43306,-226.183,-0.00178378,0.0596123,-0.0815934,0.644187,0.49936,1
2900,201.682,0.278274,-0.947642,1.39843,0.0452991,-0.0206641,0.0978327,355.213,25.1433,-190.346,-0.00175496,0.060289,-0.0822193,0.644187,0.49936,1
2910,213.772,0.199284,-0.966753,1.45855,0.0464879,-0.0254464,0.104975,306.497,43.0168,-167.501,-0.00215204,0.060573,-0.0825877,0.644187,0.49936,1
2920,240.388,0.131296,-0.98618,1.50938,0.0473084,-0.0303279,0.112396,249.417,47.3685,-145.906,-0.00274912,0.0603018,-0.0828934,0.644187,0.49936,1
2930,267.382,0.0766427,-1.0021,1.54923,0.0478231,-0.0352986,0.120045,199.335,48.3256,-123.259,-0.00319164,0.0594435,-0.0833549,0.644187,0.49936,1
2940,274.587,0.0330593,-1.01628,1.58045,0.0480924,-0.0403446,0.127871,151.882,44.4392,-96.9756,-0.00323471,0.0583947,-0.0838468,0.644187,0.49936,1
2950,263.433,0.00113191,-1.02926,1.60565,0.0481732,-0.045458,0.135838,107.343,36.6512,-70.0946,-0.00300838,0.0574677,-0.0841331,0.644187,0.49936,1
2960,250.379,-0.0205654,-1.04131,1.62675,0.0481206,-0.050634,0.143919,68.5617,24.6492,-45.0147,-0.00289165,0.0566737,-0.084175,0.644187,0.49936,1
2970,242.369,-0.0343719,-1.05211,1.64468,0.0479808,-0.0558665,0.152096,43.7867,16.3761,-27.4363,-0.00317757,0.0560337,-0.0841129,0.644187,0.49936,1
2980,246.021,-0.0432802,-1.06159,1.65945,0.0477849,-0.06115,0.160356,27.2191,10.8255,-14.6141,-0.0036947,0.055744,-0.0840035,0.644187,0.49936,1
2990,263.331,-0.0487306,-1.06859,1.66928,0.0475537,-0.0664755,0.168678,15.6126,7.11036,-4.85299,-0.00400446,0.0557727,-0.0837548,0.644187,0.49936,1
3000,295.467,-0.0515571,-1.07194,1.67246,0.047302,-0.071828,0.177035,6.76888,4.4433,3.21086,-0.00400908,0.0560828,-0.0833691,0.643321,0.499019,1
3010,335.915,-0.0524175,-1.0714,1.66866,0.0470414,-0.0771882,0.185391,1.20224,3.04864,8.94247,-0.00381641,0.0567803,-0.0830772,0.64303,0.499085,1
3020,361.074,-0.0520756,-1.06813,1.65981,0.0467798,-0.0825387,0.193715,-2.07589,2.45835,12.6331,-0.0033439,0.0577326,-0.0829384,0.642479,0.499218,1
3030,363.474,-0.0511114,-1.06403,1.64911,0.0465216,-0.0878703,0.201989,-3.4669,2.79346,14.4915,-0.00247498,0.0585942,-0.0827579,0.642202,0.499339,1
3040,349.41,-0.0499554,-1.06054,1.63889,0.0462688,-0.0931824,0.21021,-3.74396,2.89782,15.3941,-0.00145054,0.0593465,-0.0824634,0.641802,0.49954,1
3050,343.748,-0.048817,-1.05781,1.62964,0.0460218,-0.0984789,0.218383,-4.37791,3.44647,15.4692,-0.000558839,0.0601748,-0.0822494,0.641352,0.499791,1
3060,347.4,-0.0475658,-1.05518,1.6204,0.0457808,-0.103762,0.226509,-4.39649,3.44594,15.8348,-1.38823e-005,0.0611002,-0.0821476,0.64098,0.500021,1
3070,342.716,-0.0463467,-1.05252,1.61109,0.0455461,-0.109032,0.234589,-3.85941,3.72013,15.6002,-2.67083e-005,0.0619735,-0.0820451,0.640694,0.500208,1
3080,335.099,-0.0453015,-1.05049,1.60275,0.045317,-0.11429,0.242625,-3.44286,3.59189,15.0979,-0.000711068,0.0626114,-0.0819971,0.640377,0.500407,1
3090,334.164,-0.0443761,-1.04867,1.59493,0.0450928,-0.119539,0.25062,-3.35289,3.69699,14.4931,-0.00160905,0.0629855,-0.0823005,0.64,0.500616,1
3100,330.756,-0.0434945,-1.047,1.58746,0.0448731,-0.124779,0.258576,-2.89069,3.62303,14.1599,-0.00221077,0.0631422,-0.0829348,0.639638,0.500796,1
3110,331.644,-0.042737,-1.04549,1.58038,0.0446576,-0.130011,0.266497,-2.33903,3.65087,13.4718,-0.00245062,0.0630293,-0.0835726,0.639252,0.500969,1
3120,343.526,-0.0420879,-1.04347,1.5727,0.0444455,-0.135234,0.274381,-1.96379,3.56692,13.0585,-0.00261369,0.0625049,-0.0838822,0.638897,0.501105,1
3130,352.873,-0.0414954,-1.04063,1.56393,0.0442365,-0.140445,0.282224,-1.62592,3.44298,12.6819,-0.0025982,0.0616941,-0.083959,0.638873,0.501111,1
3140,349.367,-0.040978,-1.03763,1.55508,0.0440303,-0.145642,0.290023,-1.33149,3.2903,12.2872,-0.00226421,0.0608244,-0.084062,0.638873,0.501111,1
3150,329.184,-0.0405612,-1.03541,1.54758,0.0438265,-0.150825,0.29778,-1.08064,3.10148,11.8144,-0.00163745,0.0602226,-0.0844446,0.638873,0.501111,1
3160,298.465,-0.040279,-1.03508,1.54312,0.0436245,-0.156,0.305506,-0.879965,2.90895,11.2131,-0.00099439,0.0600645,-0.085063,0.638873,0.501111,1
3170,263.163,-0.0401715,-1.03783,1.54348,0.0434234,-0.161181,0.313219,-0.205978,2.6483,9.86575,-0.000428856,0.0602529,-0.0857889,0.638873,0.501111,1
3180,243.614,-0.0403418,-1.04356,1.5487,0.0432223,-0.166382,0.320946,0.55654,2.35931,8.62851,-0.000151812,0.0603249,-0.0863792,0.638873,0.501111,1
3190,246.581,-0.0407194,-1.05019,1.55561,0.0430197,-0.171615,0.328705,0.592978,2.13774,8.26553,-0.000359738,0.0601316,-0.0866945,0.638873,0.501111,1
3200,265.658,-0.0410395,-1.05517,1.56023,0.0428153,-0.176878,0.336494,0.294186,1.90558,7.54426,-0.00117166,0.0598041,-0.0867267,0.638873,0.501111,1
3210,282.326,-0.0412104,-1.05801,1.56195,0.0426097,-0.182161,0.3443,0.330092,1.70556,7.1839,-0.00212557,0.0597072,-0.0868542,0.638873,0.501111,1
3220,303.256,-0.0413173,-1.05898,1.56105,0.0424033,-0.187454,0.352108,0.351145,1.50947,6.77716,-0.00272106,0.0600407,-0.087272,0.638873,0.501111,1
3230,321.047,-0.0413627,-1.05824,1.55782,0.0421966,-0.192748,0.359907,0.356967,1.31489,6.33613,-0.00271026,0.0608674,-0.087832,0.638873,0.501111,1
3240,340.797,-0.0413513,-1.056,1.55257,0.0419898,-0.198035,0.367684,0.353201,1.12383,5.87633,-0.00231369,0.0618603,-0.0882492,0.638873,0.501111,1
3250,354.018,-0.0412947,-1.05252,1.54569,0.0417831,-0.203308,0.375432,0.590124,0.961247,4.98123,-0.00169157,0.0629465,-0.0885955,0.638477,0.500859,1
3260,347.376,-0.0412833,-1.04886,1.53883,0.0415766,-0.208562,0.383144,0.476018,0.359238,3.68906,-0.00111215,0.0641717,-0.0889902,0.638252,0.500654,1
3270,326.961,-0.0412828,-1.04607,1.53376,0.0413702,-0.213799,0.390826,0.431217,0.259176,3.32066,-0.000744949,0.0654519,-0.0895423,0.638128,0.500476,1
3280,303.321,-0.0413391,-1.04495,1.53127,0.0411637,-0.219027,0.398488,0.487549,0.211072,2.50195,-0.000791268,0.0662723,-0.0902753,0.638044,0.500288,1
3290,284.384,-0.0414841,-1.04577,1.53182,0.0409566,-0.224252,0.406144,0.440462,0.163153,2.22097,-0.00118757,0.0664391,-0.0912246,0.638038,0.500263,1
3300,282.72,-0.0416514,-1.04741,1.53364,0.0407488,-0.229485,0.413807,0.398502,0.118153,2.01546,-0.00183918,0.0660739,-0.0923146,0.638038,0.500263,1
3310,285.073,-0.041804,-1.04889,1.5353,0.0405402,-0.234725,0.421479,0.363708,0.082935,1.83768,-0.00254849,0.065584,-0.0935191,0.63804,0.500238,1
3320,289.444,-0.041937,-1.05013,1.53667,0.0403308,-0.239973,0.429159,0.17676,0.0524826,0.727845,-0.00316499,0.065054,-0.0948946,0.638078,0.500052,1
3330,303.988,-0.0419896,-1.05043,1.53691,0.040121,-0.245225,0.436843,0.157258,0.0391445,0.660505,-0.00328263,0.0645316,-0.096533,0.638123,0.499914,1
3340,324.758,-0.0419746,-1.04917,1.53491,0.039911,-0.250475,0.444524,0.0403475,-0.0317114,0.101883,-0.00273573,0.0639618,-0.0983926,0.638247,0.499643,1
3350,343.892,-0.0418742,-1.04641,1.53086,0.0397013,-0.255715,0.45219,0.0388233,-0.0303747,0.0995943,-0.00187364,0.0633517,-0.100338,0.638377,0.49939,1
3360,357.6,-0.0417274,-1.0425,1.52512,0.0394923,-0.260939,0.459832,0.0369044,-0.0286173,0.0973208,-0.00119924,0.0626588,-0.102337,0.638442,0.49925,1
3370,354.963,-0.0415694,-1.03832,1.519,0.039284,-0.266142,0.467444,0.0347158,-0.0264047,0.0937871,-0.000805863,0.0623022,-0.104415,0.638442,0.49925,1
3380,344.328,-0.0414309,-1.03465,1.51362,0.0390765,-0.271325,0.475026,0.0318592,-0.0236946,0.0877074,-0.000735904,0.0625877,-0.106561,0.638442,0.49925,1
3390,323.286,-0.0413325,-1.032,1.50973,0.0388696,-0.276491,0.482585,0.0282352,-0.0209622,0.0796176,-0.00107204,0.0632001,-0.108691,0.638442,0.49925,1
3400,289.283,-0.0413247,-1.03164,1.50918,0.038663,-0.281649,0.490131,0.0250179,-0.0184356,0.0714013,-0.00155963,0.063351,-0.110827,0.638442,0.49925,1
3410,268.161,-0.0414214,-1.0339,1.51248,0.0384562,-0.286812,0.497683,0.022819,-0.0159953,0.0638274,-0.00182953,0.0629138,-0.112903,0.638438,0.499004,1
3420,264.333,-0.0415642,-1.03733,1.51749,0.0382487,-0.291989,0.505256,0.0206939,-0.0137102,0.0564816,-0.00190991,0.0624054,-0.11471,0.638428,0.498866,1
3430,271.577,-0.0416937,-1.04044,1.52202,0.0380406,-0.297183,0.512854,0.018059,-0.0119256,0.0494229,-0.00203437,0.062341,-0.116069,0.638398,0.498652,1
3440,273.825,-0.0417984,-1.04294,1.52568,0.0378319,-0.302391,0.520473,0.0155901,-0.0106609,0.043311,-0.00206842,0.0626097,-0.117196,0.638392,0.498628,1
3450,269.542,-0.0419104,-1.04564,1.52963,0.0376227,-0.307611,0.52811,0.0136149,-0.00949658,0.0381311,-0.00187868,0.0629575,-0.118342,0.638392,0.498628,1
3460,259.575,-0.0420547,-1.04917,1.53478,0.0374128,-0.312847,0.535769,0,0,0,-0.00157322,0.0634476,-0.119514,0.638392,0.498628,1
3470,243.905,-0.0422575,-1.05422,1.54218,0.0372021,-0.318103,0.543458,0,0,0,-0.0013597,0.0641763,-0.12047,0.638392,0.498628,1
3480,223.205,-0.0425662,-1.06193,1.55344,0.0369902,-0.32339,0.551192,0,0,0,-0.00107507,0.0649178,-0.121221,0.638392,0.498628,1
3490,204.958,-0.0430044,-1.07286,1.56944,0.0367764,-0.328723,0.558994,0,0,0,-0.000663553,0.0655116,-0.121861,0.638392,0.498628,1
3500,201.886,-0.043535,-1.0861,1.5888,0.0365602,-0.334117,0.566884,0,0,0,-0.000245209,0.0660395,-0.122464,0.638125,0.498349,1
3510,221.608,-0.043991,-1.09747,1.60544,0.0363415,-0.339575,0.574868,0,0,0,-4.30459e-005,0.0664234,-0.122933,0.637801,0.49803,1
3520,241.19,-0.0443073,-1.10536,1.61698,0.0361207,-0.345081,0.582923,0,0,0,4.50362e-005,0.0666647,-0.123248,0.637266,0.497517,1
3530,254.882,-0.0445325,-1.11098,1.6252,0.0358987,-0.350621,0.591027,0,0,0,-0.000150768,0.0669425,-0.123293,0.636709,0.497001,1
3540,268.365,-0.0446936,-1.115,1.63108,0.0356756,-0.356186,0.599167,0,0,0,-0.000682292,0.0672963,-0.123028,0.636097,0.496455,1
3550,283.651,-0.0447841,-1.11726,1.63438,0.0354519,-0.361767,0.607331,0,0,0,-0.00128945,0.0673204,-0.122519,0.635321,0.495782,1
3560,287.92,-0.0448313,-1.11844,1.63611,0.0352279,-0.367356,0.615507,0,0,0,-0.00153337,0.0667921,-0.122013,0.634633,0.495207,1
3570,277.751,-0.0448968,-1.12007,1.6385,0.0350036,-0.372951,0.623692,0,0,0,-0.00170166,0.0658782,-0.121669,0.634182,0.494849,1
3580,259.353,-0.0450328,-1.12346,1.64346,0.0347788,-0.378558,0.631895,0,0,0,-0.00196256,0.0650578,-0.121659,0.633775,0.494545,1
3590,254.814,-0.04523,-1.12838,1.65066,0.0345532,-0.384186,0.640128,0,0,0,-0.00221301,0.0645291,-0.122006,0.63333,0.494232,1
3600,264.189,-0.0454059,-1.13277,1.65708,0.0343267,-0.389839,0.648396,0,0,0,-0.00226061,0.0642336,-0.122556,0.632937,0.493973,1
3610,272.681,-0.0455367,-1.13603,1.66185,0.0340993,-0.39551,0.656693,0,0,0,-0.0023785,0.0638913,-0.12305,0.632625,0.493781,1
3620,282.647,-0.0456264,-1.13827,1.66512,0.0338714,-0.401196,0.66501,0,0,0,-0.00245423,0.0636401,-0.123492,0.632502,0.493714,1
3630,292.773,-0.0456721,-1.13941,1.66679,0.0336432,-0.40689,0.67334,0,0,0,-0.00235843,0.063785,-0.123873,0.632502,0.493714,1
3640,295.589,-0.0456928,-1.13993,1.66755,0.0334148,-0.412589,0.681676,0,0,0,-0.00229476,0.0645383,-0.124092,0.632502,0.493714,1
3650,299.695,-0.0457009,-1.14013,1.66784,0.0331863,-0.418289,0.690015,0,0,0,-0.00274058,0.0655772,-0.124077,0.632502,0.493714,1
3660,303.413,-0.0456946,-1.13997,1.66761,0.0329578,-0.423989,0.698354,0,0,0,-0.00336763,0.066656,-0.123953,0.632502,0.493714,1
3670,302.552,-0.0456816,-1.13965,1.66714,0.0327293,-0.429688,0.706691,0,0,0,-0.00357896,0.0675581,-0.123727,0.632502,0.493714,1
3680,294.773,-0.0456839,-1.13971,1.66722,0.0325009,-0.435387,0.715026,0,0,0,-0.00329798,0.0682699,-0.123473,0.632502,0.493714,1
3690,277.009,-0.0457441,-1.14121,1.66942,0.0322724,-0.441088,0.723366,0,0,0,-0.00298089,0.0687326,-0.1233,0.632502,0.493714,1
3700,257.847,-0.0458896,-1.14484,1.67473,0.0320434,-0.446801,0.731723,0,0,0,-0.00276635,0.0691209,-0.123254,0.632502,0.493714,1
3710,249.062,-0.0461065,-1.15025,1.68265,0.0318135,-0.452537,0.740114,0,0,0,-0.00270775,0.0694652,-0.123245,0.632502,0.493714,1
3720,246.073,-0.0463579,-1.15652,1.69182,0.0315824,-0.458302,0.748548,0,0,0,-0.002942,0.069801,-0.123533,0.632502,0.493714,1
3730,256.423,-0.046585,-1.16219,1.70011,0.0313501,-0.464098,0.757027,0,0,0,-0.00331883,0.0699547,-0.124441,0.632502,0.493714,1
3740,277.219,-0.0467286,-1.16577,1.70535,0.0311168,-0.469918,0.76554,0,0,0,-0.00353921,0.0698147,-0.126005,0.632502,0.493714,1
3750,296.833,-0.0467749,-1.16692,1.70704,0.030883,-0.47575,0.774072,0,0,0,-0.00367476,0.0693969,-0.127791,0.632502,0.493714,1
3760,299.316,-0.0467737,-1.16689,1.70699,0.0306491,-0.481585,0.782607,0,0,0,-0.0038983,0.068967,-0.129383,0.632502,0.493714,1
3770,281.402,-0.0468127,-1.16787,1.70842,0.0304152,-0.487421,0.791144,0,0,0,-0.00389918,0.0685122,-0.130754,0.632502,0.493714,1
3780,268.87,-0.0469298,-1.17079,1.71269,0.0301809,-0.493266,0.799695,0,0,0,-0.00342826,0.0680264,-0.132224,0.632377,0.493694,1
3790,274.113,-0.0470554,-1.17392,1.71727,0.029946,0.488261,0.808269,0,0,0,-0.00270919,0.0678169,-0.133788,0.632377,0.493694,1
3800,278.38,-0.0471513,-1.17631,1.72077,0.0297105,0.482386,0.816864,0,0,0,-0.00226091,0.0680768,-0.135142,0.632058,0.493838,1
3810,269.043,-0.0472633,-1.17911,1.72486,0.0294745,0.476499,0.825476,0,0,0,-0.00217542,0.0682688,-0.136177,0.631745,0.493987,1
3820,261.117,-0.0474224,-1.18308,1.73067,0.0292378,0.470595,0.834113,0,0,0,-0.00224992,0.0680258,-0.136913,0.631262,0.494223,1
3830,254.366,-0.0476194,-1.18799,1.73786,0.0290003,0.464668,0.842782,0,0,0,-0.00236965,0.0677799,-0.137313,0.630899,0.494408,1
3840,253.678,-0.0478384,-1.19346,1.74585,0.0287617,0.458716,0.851489,0,0,0,-0.00275097,0.0680996,-0.137479,0.630899,0.494408,1
3850,260.635,-0.0480408,-1.1985,1.75324,0.028522,0.452737,0.860236,0,0,0,-0.00326365,0.0689255,-0.137665,0.630899,0.494408,1
3860,273.004,-0.0481856,-1.20212,1.75852,0.0282815,0.446736,0.869015,0,0,0,-0.00355658,0.0700131,-0.137769,0.630899,0.494408,1
3870,269.419,-0.0483064,-1.20513,1.76293,0.0280403,0.440719,0.877817,0,0,0,-0.00363911,0.0713699,-0.137524,0.630899,0.494408,1
3880,260.067,-0.0484735,-1.2093,1.76903,0.0277984,0.434684,0.886644,0,0,0,-0.00389245,0.0727309,-0.136925,0.630899,0.494408,1
3890,259.65,-0.0486661,-1.21411,1.77606,0.0275556,0.428627,0.895505,0,0,0,-0.00414838,0.0734795,-0.136544,0.630899,0.494408,1
3900,269.966,-0.0488264,-1.2181,1.78191,0.0273119,0.422547,0.9044,0,0,0,-0.00398367,0.0734028,-0.13671,0.630899,0.494408,1
3910,271.856,-0.0489539,-1.22129,1.78656,0.0270675,0.416449,0.91332,0,0,0,-0.00350313,0.0730841,-0.137258,0.630899,0.494408,1
3920,272.963,-0.0490783,-1.22439,1.7911,0.0268224,0.410336,0.922263,0,0,0,-0.00322111,0.0728723,-0.13778,0.630899,0.494408,1
3930,279.111,-0.0491883,-1.22713,1.79511,0.0265767,0.404207,0.931228,0,0,0,-0.00324741,0.0726968,-0.138372,0.630848,0.494446,1
3940,294.842,-0.0492416,-1.22846,1.79706,0.0263307,0.398068,0.940209,0,0,0,-0.0035009,0.0725613,-0.139123,0.630779,0.494499,1
3950,303.322,-0.0492405,-1.22843,1.79702,0.0260844,0.391925,0.949195,0,0,0,-0.0040567,0.0726313,-0.140078,0.630549,0.494683,1
3960,312.603,-0.0492087,-1.22764,1.79586,0.0258383,0.385784,0.958178,0,0,0,-0.00492277,0.0725423,-0.141301,0.630191,0.494977,1
3970,324.351,-0.0491353,-1.22581,1.79318,0.0255924,0.37965,0.967152,0,0,0,-0.00559108,0.0720876,-0.143119,0.629731,0.495363,1
3980,334.537,-0.0490193,-1.22292,1.78895,0.025347,0.373527,0.976108,0,0,0,-0.00560347,0.0714887,-0.145347,0.629163,0.495847,1
3990,319.097,-0.0489134,-1.22028,1.78508,0.0251021,0.367419,0.985044,0,0,0,-0.00520541,0.0711058,-0.147591,0.628686,0.496263,1
4000,292.85,-0.0488953,-1.21982,1.78442,0.0248576,0.36132,0.993966,0,0,0,-0.00485419,0.0709162,-0.149497,0.628717,0.496924,1
4010,272.4,-0.0489802,-1.22194,1.78752,0.024613,0.355217,-0.997106,0,0,0,-0.00448215,0.0709967,-0.1511,0.6287,0.497233,1
4020,263.468,-0.0491314,-1.22571,1.79304,0.0243678,0.349099,-0.988157,0,0,0,-0.00406786,0.0712357,-0.152257,0.628729,0.497638,1
4030,261.704,-0.0493123,-1.23023,1.79964,0.0241217,0.34296,-0.979177,0,0,0,-0.00394072,0.0714812,-0.152853,0.628752,0.497979,1
4040,272.107,-0.0494651,-1.23404,1.80521,0.0238748,0.3368,-0.970165,0,0,0,-0.00401062,0.071515,-0.15289,0.62874,0.4983,1
4050,286.52,-0.0495555,-1.23629,1.80851,0.0236272,0.330624,-0.961131,0,0,0,-0.00382758,0.0714416,-0.152761,0.628692,0.498534,1
4060,311.371,-0.0495602,-1.23641,1.80869,0.0233794,0.324441,-0.952086,0,0,0,-0.00355067,0.0713245,-0.152598,0.628609,0.498769,1
4070,347.167,-0.0494456,-1.23355,1.8045,0.0231318,0.318264,-0.94305,0,0,0,-0.00360888,0.0713931,-0.152318,0.628564,0.498951,1
4080,364.792,-0.0492402,-1.22843,1.79701,0.022885,0.312108,-0.934044,0,0,0,-0.00376899,0.0717849,-0.151893,0.628535,0.499125,1
4090,348.837,-0.0490408,-1.22345,1.78973,0.0226393,0.305977,-0.925076,0,0,0,-0.00365397,0.0726055,-0.151641,0.628509,0.499364,1
4100,314.476,-0.0489276,-1.22063,1.7856,0.0223944,0.299868,-0.916139,0,0,0,-0.00349197,0.0735403,-0.151676,0.628493,0.499639,1
4110,278.187,-0.0489529,-1.22126,1.78652,0.0221498,0.293765,-0.907211,0,0,0,-0.00355326,0.0742878,-0.151961,0.628493,0.499789,1
4120,249.539,-0.0491357,-1.22582,1.79319,0.0219047,0.28765,-0.898266,0,0,0,-0.00365142,0.0748434,-0.152623,0.628495,0.499844,1
4130,238.933,-0.0494322,-1.23322,1.80401,0.0216583,0.281505,-0.889276,0,0,0,-0.00358374,0.0755069,-0.153907,0.6285,0.499888,1
4140,249.825,-0.049718,-1.24035,1.81445,0.0214105,0.275322,-0.880232,0,0,0,-0.00338126,0.0761759,-0.155798,0.628508,0.499922,1
4150,265.113,-0.0499174,-1.24535,1.82177,0.0211614,0.269108,-0.871142,-0.0967892,-0.0435897,-0.335215,-0.00307979,0.0766204,-0.158061,0.628512,0.499933,1
4160,273.969,-0.0500281,-1.24875,1.82684,0.0209116,0.262873,-0.862021,-0.112098,-0.0540326,-0.376583,-0.0027591,0.0769142,-0.160541,0.628512,0.499933,1
4170,281.565,-0.0500957,-1.25117,1.83051,0.0206613,0.256623,-0.852878,-0.13122,-0.0682478,-0.428364,-0.00263923,0.077201,-0.163251,0.628512,0.499933,1
4180,281.58,-0.0501392,-1.25312,1.83351,0.0204107,0.250363,-0.843718,-0.155229,-0.0878023,-0.493894,-0.00282549,0.0772755,-0.166267,0.62861,0.50002,1
4190,281.698,-0.0501823,-1.25522,1.83675,0.0201599,0.244093,-0.834544,-0.183543,-0.113904,-0.572351,-0.00305763,0.0771028,-0.16944,0.628621,0.500026,1
4200,293.872,-0.0501889,-1.25659,1.83895,0.019909,0.237813,-0.825354,-0.215085,-0.147713,-0.661682,-0.00304286,0.076897,-0.17265,0.628621,0.500026,1
4210,315.31,-0.0501099,-1.25601,1.83834,0.0196582,0.231531,-0.816159,-0.24989,-0.191176,-0.762103,-0.002937,0.0766389,-0.175785,0.628645,0.500034,1
4220,330.324,-0.0499495,-1.25356,1.83504,0.019408,0.225255,-0.806974,-0.164979,-0.296525,-1.18977,-0.00297354,0.0761244,-0.178657,0.628694,0.500041,1
4230,330.751,-0.0497873,-1.25052,1.83101,0.0191586,0.218995,-0.797808,-0.190674,-0.371044,-1.31284,-0.00300081,0.0755114,-0.180785,0.628694,0.500041,1
4240,322.876,-0.0496345,-1.24783,1.82756,0.0189101,0.212748,-0.788661,-0.209989,-0.449953,-1.41203,-0.0026648,0.0751658,-0.182177,0.628915,0.50028,1
4250,307.248,-0.0495219,-1.24626,1.8258,0.0186622,0.206513,-0.779528,-0.344889,-0.442219,-1.81556,-0.00198649,0.0751163,-0.183123,0.628947,0.500335,1
4260,291.214,-0.0494418,-1.24635,1.82657,0.0184148,0.200283,-0.770398,-0.369396,-0.504246,-1.90164,-0.00121718,0.075289,-0.183795,0.628947,0.500335,1
4270,281.655,-0.0494111,-1.24782,1.8294,0.0181677,0.194048,-0.761259,-0.388646,-0.559818,-1.9666,-0.000648292,0.0758106,-0.183947,0.628947,0.500335,1
4280,275.01,-0.0494104,-1.25014,1.83351,0.0179207,0.187804,-0.752104,-0.405582,-0.612702,-2.02389,-0.000506615,0.076786,-0.183782,0.628947,0.500335,1
4290,270.719,-0.049434,-1.25319,1.83872,0.0176736,0.181547,-0.742924,-0.429761,-0.671201,-2.12586,-0.000887663,0.0778573,-0.183756,0.628947,0.500335,1
4300,268.594,-0.0494631,-1.25653,1.84442,0.0174264,0.175273,-0.733718,-0.456718,-0.725213,-2.21069,-0.0014373,0.0787067,-0.184333,0.628947,0.500335,1
4310,268.251,-0.0494923,-1.26012,1.85053,0.017179,0.168983,-0.724482,-0.622405,-0.981397,-2.81353,-0.00191205,0.0792625,-0.185402,0.628941,0.500394,1
4320,279.503,-0.0494523,-1.263,1.85585,0.0169317,0.162675,-0.715216,-0.763567,-0.815042,-3.22099,-0.00234522,0.079664,-0.186756,0.628908,0.500533,1
4330,306.982,-0.0492786,-1.26345,1.85766,0.0166848,0.156358,-0.705931,-0.85262,-0.901969,-3.44126,-0.00271542,0.080055,-0.188007,0.628887,0.500589,1
4340,337.323,-0.0489687,-1.26096,1.85521,0.0164391,0.150045,-0.696646,-0.800963,-0.941557,-3.98273,-0.00272852,0.080726,-0.189062,0.628843,0.50066,1
4350,366.504,-0.048573,-1.25591,1.84917,0.0161951,0.143751,-0.687382,-0.898659,-1.02867,-4.30575,-0.00250488,0.081532,-0.189996,0.628713,0.500761,1
4360,378.721,-0.0480944,-1.24936,1.84102,0.0159534,0.137486,-0.678154,-1.01082,-1.12767,-4.61144,-0.00241468,0.0821208,-0.191265,0.62838,0.501058,1
4370,364.895,-0.047594,-1.24295,1.83318,0.0157141,0.131254,-0.668967,-1.13335,-1.22107,-4.91684,-0.00264478,0.0823571,-0.192966,0.628152,0.501305,1
4380,337.306,-0.0471301,-1.23822,1.82792,0.0154773,0.125051,-0.659814,-1.24697,-1.3033,-5.19324,-0.0029529,0.0824681,-0.194799,0.628152,0.501305,1
4390,316.263,-0.0467186,-1.23555,1.82579,0.0152427,0.118866,-0.65068,-1.61262,-1.32704,-5.87884,-0.00316805,0.0822257,-0.196202,0.628152,0.501305,1
4400,309.733,-0.0462685,-1.23406,1.82555,0.0150102,0.112692,-0.641552,-1.75822,-1.08412,-6.38214,-0.00323894,0.0814499,-0.197202,0.628152,0.501305,1
4410,302.903,-0.045827,-1.23306,1.82604,0.01478,0.106525,-0.632423,-1.53306,-1.14127,-6.18613,-0.00316952,0.0804783,-0.198018,0.628152,0.501305,1
4420,282.422,-0.045566,-1.23362,1.82874,0.0145516,0.100359,-0.623288,-0.68552,-1.25182,-5.27056,-0.0029326,0.0799212,-0.198733,0.628152,0.501305,1
4430,263.537,-0.045722,-1.23654,1.83463,0.0143237,0.0941855,-0.614132,1.1746,-1.3626,-3.19785,-0.00272527,0.0797956,-0.199146,0.628152,0.501305,1
4440,260.529,-0.0465511,-1.24095,1.8421,0.0140934,0.087993,-0.604941,4.30787,-1.40144,0.0957237,-0.0026501,0.0801864,-0.199378,0.628153,0.501423,1
4450,273.19,-0.0482998,-1.2445,1.84732,0.0138567,0.0817797,-0.595718,8.92917,-1.16017,4.10226,-0.00244654,0.0812724,-0.199586,0.628188,0.50156,1
4460,291.515,-0.0513166,-1.24608,1.84838,0.0136083,0.0755528,-0.586477,15.2399,-1.03101,8.92392,-0.00184528,0.0829122,-0.199811,0.628284,0.501768,1
4470,300.612,-0.0559739,-1.24615,1.84586,0.0133408,0.069322,-0.577241,22.0044,-0.184672,13.7392,-0.00115852,0.0842253,-0.200115,0.628397,0.501921,1
4480,296.952,-0.0622251,-1.24634,1.84217,0.013046,0.0630911,-0.568021,28.1065,0.98326,16.3061,-0.000640153,0.0850199,-0.200725,0.628371,0.501939,1
4490,298.729,-0.0696798,-1.24696,1.8384,0.0127166,0.0568579,-0.558819,31.14,1.67921,16.4982,-0.000294876,0.0856901,-0.201743,0.628295,0.501963,1
4500,303.908,-0.0775135,-1.24729,1.83428,0.0123486,0.0506221,-0.549637,31.7847,1.9926,14.8908,-0.000161342,0.0864235,-0.203075,0.628176,0.501982,1
4510,310.072,-0.0852444,-1.24702,1.82985,0.0119416,0.0443858,-0.540476,30.9348,1.864,11.6107,-0.000448086,0.0867803,-0.204607,0.628176,0.501982,1
4520,325.018,-0.0926521,-1.24549,1.82471,0.0114967,0.0381532,-0.531339,29.9804,-0.753739,9.76912,-0.00116348,0.086779,-0.206297,0.628176,0.501982,1
4530,335.343,-0.0998593,-1.2416,1.81789,0.0110154,0.0319338,-0.522231,30.511,-6.76459,9.66876,-0.00227003,0.0866577,-0.208165,0.628176,0.501982,1
4540,319.155,-0.107542,-1.23579,1.81117,0.0104972,0.0257389,-0.513158,33.9745,-20.0759,13.7946,-0.00337354,0.0865503,-0.210088,0.628176,0.501982,1
4550,287.353,-0.116924,-1.22771,1.80627,0.00993713,0.0195787,-0.504115,43.2292,-45.6106,23.8882,-0.00381702,0.0864256,-0.211957,0.628176,0.501982,1
4560,252.283,-0.130221,-1.2152,1.80395,0.00932166,0.0134696,-0.495091,63.4856,-89.9144,41.9051,-0.00308673,0.0866896,-0.213836,0.628176,0.501982,1
4570,235.232,-0.150965,-1.19219,1.8011,0.00862296,0.00744666,-0.48608,100.687,-158.572,70.5561,-0.00157156,0.0872688,-0.215921,0.628176,0.501982,1
4580,235.995,-0.183776,-1.15018,1.79135,0.00779252,0.00158288,-0.477097,157.97,-250.177,112.551,-0.000252605,0.0875695,-0.21793,0.628176,0.501982,1
4590,249.986,-0.232967,-1.08214,1.76725,0.00675861,-0.00400805,-0.468196,230.466,-351.553,168.679,0.000256554,0.0872578,-0.219542,0.628176,0.501982,1
4600,274.655,-0.299748,-0.987329,1.72295,0.00543395,-0.00919138,-0.459462,297.289,-439.149,243.172,0.000224873,0.0866871,-0.220803,0.628176,0.501982,1
4610,298.774,-0.377952,-0.872112,1.65145,0.00374206,-0.0138462,-0.451013,321.078,-492.304,356.656,-7.7466e-005,0.0859629,-0.222177,0.628176,0.501982,1
4620,302.525,-0.451661,-0.746131,1.53901,0.00166117,-0.0178951,-0.443014,255.676,-523.174,574.846,-0.00068171,0.0851712,-0.223717,0.628176,0.501982,1
4630,291.567,-0.492407,-0.61035,1.34645,-0.000721182,-0.0212923,-0.435753,41.3918,-584.385,1037.9,-0.00146102,0.0848034,-0.22529,0.628152,0.501977,1
4640,264.114,-0.455256,-0.449537,0.991566,-0.00313459,-0.0239577,-0.429817,-384.484,-739.466,1916.79,-0.0018933,0.0854334,-0.226706,0.628152,0.501977,1
4650,228.298,-0.296973,-0.24289,0.389451,-0.00506844,-0.0257089,-0.426258,-889.199,-930.494,2913.13,-0.00186446,0.0868204,-0.227992,0.628152,0.501977,1
4660,217.065,-0.0519692,-0.0111096,-0.367803,-0.00595366,-0.0263407,-0.426193,-1006.17,-895.7,2984.27,-0.00155956,0.0880807,-0.228857,0.628152,0.501977,1
4670,236.719,0.163898,0.180832,-1.01593,-0.00564126,-0.0258888,-0.429741,-697.705,-631.987,2133.15,-0.00117437,0.0886031,-0.229203,0.628152,0.501977,1
4680,267.165,0.294853,0.305956,-1.44008,-0.00445971,-0.0246458,-0.43597,-368.537,-383.529,1291.75,-0.000820074,0.0883818,-0.229226,0.628152,0.501977,1
4690,279.333,0.358789,0.380705,-1.69085,-0.0028039,-0.0229129,-0.443854,-161.144,-227.789,751.434,-0.000704972,0.0878325,-0.229585,0.628152,0.501977,1
4700,274.552,0.383757,0.426186,-1.83837,-0.000935728,-0.0208869,-0.452708,-45.5914,-140.788,437.424,-0.000796096,0.0875438,-0.23049,0.628152,0.501977,1
4710,289.528,0.387553,0.455365,-1.92606,0.000998747,-0.018678,-0.462138,12.7391,-93.8226,262.439,-0.00100175,0.0881621,-0.231905,0.628152,0.501977,1
4720,309.149,0.380896,0.474976,-1.97797,0.0029226,-0.016349,-0.471909,36.3432,-67.2251,167.871,-0.00112707,0.0893845,-0.233541,0.628152,0.501977,1
4730,311.094,0.370786,0.488977,-2.0105,0.00480229,-0.0139372,-0.481887,40.3192,-50.3514,113.595,-0.000996941,0.0902014,-0.235418,0.628152,0.501977,1
4740,310.618,0.360926,0.499431,-2.03222,0.00663118,-0.0114648,-0.491998,35.9833,-38.1441,78.2562,-0.000705388,0.090023,-0.237481,0.628152,0.501977,1
4750,300.434,0.352609,0.507461,-2.0473,0.00841428,-0.00894677,-0.502199,30.14,-29.2768,53.2866,-0.000536488,0.0894684,-0.239762,0.628159,0.501874,1
4760,286.502,0.346116,0.514165,-2.05933,0.0101602,-0.00639233,-0.512466,24.1543,-22.5082,34.1061,-0.000485812,0.0890104,-0.241969,0.628217,0.501406,1
4770,275.579,0.341403,0.519932,-2.06939,0.0118782,-0.00380696,-0.522787,18.4104,-17.095,19.6182,-0.000216289,0.0886542,-0.243887,0.628298,0.500603,1
4780,260.252,0.338456,0.525169,-2.07911,0.0135768,-0.00119449,-0.533157,13.7414,-12.606,9.00795,0.000290165,0.0879727,-0.245303,0.628359,0.499764,1
4790,251.569,0.337065,0.530184,-2.08971,0.0152647,0.00144348,-0.543576,9.80351,-8.93594,1.78903,0.000810563,0.0870111,-0.246248,0.628386,0.499151,1
4800,260.241,0.336513,0.534345,-2.09869,0.0169481,0.00410477,-0.554047,6.70427,-5.913,-3.19005,0.00115217,0.0859561,-0.246829,0.628356,0.498848,1
4810,274.424,0.336155,0.537094,-2.10371,0.0186295,0.00678355,-0.564553,4.18001,-3.58311,-6.38658,0.00133858,0.0851607,-0.247501,0.628315,0.498678,1
4820,284.26,0.335887,0.538638,-2.10538,0.0203094,0.00947306,-0.575076,2.66185,-1.62409,-8.5938,0.00107999,0.0846709,-0.248475,0.628255,0.498517,1
4830,288.693,0.335763,0.539512,-2.10564,0.0219884,0.0121685,-0.585603,1.68347,-0.273069,-9.67262,0.000325869,0.0846962,-0.249584,0.628155,0.498331,1
4840,290.517,0.335688,0.539882,-2.10484,0.0236669,0.014867,-0.596129,1.21803,0.813599,-9.29687,-0.000797938,0.0849491,-0.250529,0.628034,0.498185,1
4850,289.508,0.33575,0.54011,-2.10442,0.0253454,0.0175669,-0.606651,0.735234,1.22913,-9.39559,-0.0016795,0.0851049,-0.251266,0.628034,0.498185,1
4860,293.615,0.335888,0.540195,-2.10367,0.0270244,0.0202676,-0.617172,-0.199917,1.08357,-8.72573,-0.00206729,0.085049,-0.251671,0.628034,0.498185,1
4870,299.472,0.336078,0.540056,-2.10194,0.0287043,0.0229683,-0.627686,-0.891269,0.791442,-8.46983,-0.00185595,0.0853565,-0.251731,0.628034,0.498185,1
4880,305.922,0.336289,0.539783,-2.09944,0.0303853,0.025668,-0.63819,-1.06758,0.435887,-8.17936,-0.00146355,0.0860785,-0.251707,0.628034,0.498185,1
4890,317.766,0.336259,0.539161,-2.09534,0.0320668,0.0283657,-0.648678,-1.32921,-0.00314803,-7.76977,-0.00112188,0.086932,-0.251993,0.628034,0.498185,1
4900,327.775,0.33599,0.53817,-2.08955,0.0337477,0.0310594,-0.659142,-1.50037,-0.0172721,-7.64026,-0.00114279,0.0875226,-0.252706,0.628034,0.498185,1
4910,329.066,0.335629,0.536985,-2.08306,0.0354269,0.0337476,-0.669575,-1.56212,0.000319721,-7.5179,-0.0012542,0.0879271,-0.253595,0.628034,0.498185,1
4920,325.062,0.335329,0.535883,-2.07697,0.0371044,0.03643,-0.679975,-1.54802,0.0367704,-7.30277,-0.00120722,0.0880569,-0.254302,0.628122,0.498131,1
4930,333.276,0.334975,0.534705,-2.07069,0.0387805,0.0391069,-0.690346,-1.27036,0.127288,-6.57947,-0.000821443,0.0879736,-0.254746,0.628256,0.497991,1
4940,344.447,0.334299,0.533101,-2.06305,0.040454,0.041777,-0.700683,-1.09767,0.448746,-5.87562,-0.000494185,0.0877307,-0.255039,0.628535,0.497648,1
4950,336.994,0.333526,0.531335,-2.05523,0.0421238,0.0444384,-0.710979,-1.26691,0.450467,-5.31889,-0.00027076,0.0875381,-0.255088,0.628811,0.497269,1
4960,323.246,0.333096,0.530068,-2.04947,0.0437904,0.047092,-0.721241,-1.13212,0.429526,-5.01745,-6.18594e-005,0.087462,-0.254746,0.629017,0.496938,1
4970,313.199,0.332903,0.529239,-2.04546,0.0454554,0.0497402,-0.731479,-0.991641,0.399698,-4.68782,0.000193943,0.0875619,-0.254026,0.629099,0.496752,1
4980,311.256,0.332828,0.528663,-2.04248,0.0471198,0.0523851,-0.741699,-0.849341,0.36428,-4.31564,8.27086e-005,0.0875383,-0.253036,0.629099,0.496752,1
4990,316.079,0.33266,0.528008,-2.03926,0.0487837,0.055027,-0.751904,-0.618912,0.134634,-3.46089,-0.000360843,0.0871275,-0.251828,0.629099,0.496752,1
