step,rz,Epot,Epot00,prob_atom_crd[2],prob_atom_f[2],n_steps_of_optimization,BondedTermsEnergy,NonBondedTermsEnergy,BondStretchEnergy,AngleStretchEnergy,TorsionEnergy,OutOfPlaneEnergy,DispersionEnergy,ElectrostaticEnergy
0,0.71221,-7875.63,0,0.640577,0.733642,500,-8377.3,501.673,76.0205,208.578,-9135.48,473.58,418.631,83.0417
1,0.709089,-7875.62,0.0125694,0.637374,0.683364,500,-8377.3,501.686,76.0205,208.578,-9135.48,473.58,418.644,83.0417
2,0.705886,-7875.63,-0.00621305,0.634171,0.574984,500,-8377.3,501.667,76.0205,208.578,-9135.48,473.58,418.625,83.0417
3,0.702683,-7875.63,-0.00435364,0.630968,0.586252,500,-8377.3,501.669,76.0205,208.578,-9135.48,473.58,418.627,83.0417
4,0.69948,-7875.61,0.0179419,0.627765,0.476773,500,-8377.3,501.691,76.0205,208.578,-9135.48,473.58,418.649,83.0417
5,0.696278,-7875.61,0.0194931,0.624563,0.49198,500,-8377.3,501.692,76.0205,208.578,-9135.48,473.58,418.651,83.0417
6,0.693075,-7875.59,0.0414907,0.62136,0.352428,500,-8377.3,501.714,76.0205,208.578,-9135.48,473.58,418.673,83.0417
7,0.689872,-7875.59,0.0423188,0.618157,0.223485,500,-8377.3,501.715,76.0205,208.578,-9135.48,473.58,418.674,83.0417
8,0.686669,-7875.57,0.0560408,0.614954,0.123948,500,-8377.3,501.729,76.0205,208.578,-9135.48,473.58,418.687,83.0417
9,0.683466,-7875.56,0.069425,0.611751,0.0289459,500,-8377.3,501.742,76.0205,208.578,-9135.48,473.58,418.701,83.0417
10,0.680263,-7875.53,0.100306,0.608548,-0.130873,500,-8377.3,501.773,76.0205,208.578,-9135.48,473.58,418.732,83.0417
11,0.67706,-7875.52,0.11028,0.605345,-0.195516,500,-8377.3,501.783,76.0205,208.578,-9135.48,473.58,418.742,83.0417
12,0.673857,-7875.5,0.130139,0.602142,-0.285015,500,-8377.3,501.803,76.0205,208.578,-9135.48,473.58,418.761,83.0417
13,0.670655,-7875.49,0.13956,0.598939,-0.307454,500,-8377.3,501.813,76.0205,208.578,-9135.48,473.58,418.771,83.0417
14,0.667452,-7875.49,0.138648,0.595737,-0.262082,500,-8377.3,501.812,76.0205,208.578,-9135.48,473.58,418.77,83.0417
15,0.664249,-7875.49,0.137882,0.592534,-0.21665,500,-8377.3,501.811,76.0205,208.578,-9135.48,473.58,418.769,83.0417
16,0.661046,-7875.48,0.147454,0.589331,-0.237658,500,-8377.3,501.82,76.0205,208.578,-9135.48,473.58,418.779,83.0417
17,0.657843,-7875.48,0.146768,0.586128,-0.190784,500,-8377.3,501.82,76.0205,208.578,-9135.48,473.58,418.778,83.0417
18,0.65464,-7875.47,0.15655,0.582925,-0.201148,500,-8377.3,501.83,76.0205,208.578,-9135.48,473.58,418.788,83.0417
19,0.651437,-7875.47,0.155983,0.579722,-0.153325,500,-8377.3,501.829,76.0205,208.578,-9135.48,473.58,418.787,83.0417
20,0.648234,-7875.47,0.155568,0.576519,-0.105419,500,-8377.3,501.829,76.0205,208.578,-9135.48,473.58,418.787,83.0417
21,0.645031,-7875.47,0.155307,0.573316,-0.0574215,500,-8377.3,501.828,76.0205,208.578,-9135.48,473.58,418.787,83.0417
22,0.641829,-7875.47,0.1552,0.570114,-0.00932574,500,-8377.3,501.828,76.0205,208.578,-9135.48,473.58,418.786,83.0417
23,0.638626,-7875.47,0.155248,0.566911,0.038878,500,-8377.3,501.828,76.0205,208.578,-9135.48,473.58,418.787,83.0417
24,0.635423,-7875.45,0.175987,0.563708,-0.033339,500,-8377.3,501.849,76.0205,208.578,-9135.48,473.58,418.807,83.0417
25,0.63222,-7875.44,0.186243,0.560505,-0.044078,500,-8377.3,501.859,76.0205,208.578,-9135.48,473.58,418.817,83.0417
26,0.629017,-7875.44,0.186184,0.557302,0.00738911,500,-8377.3,501.859,76.0205,208.578,-9135.48,473.58,418.817,83.0417
27,0.625814,-7875.44,0.18629,0.554099,0.058974,500,-8377.3,501.859,76.0205,208.578,-9135.48,473.58,418.818,83.0417
28,0.622611,-7875.44,0.186562,0.550896,0.110681,500,-8377.3,501.86,76.0205,208.578,-9135.48,473.58,418.818,83.0417
29,0.619408,-7875.44,0.186999,0.547693,0.162518,500,-8377.3,501.86,76.0205,208.578,-9135.48,473.58,418.818,83.0417
30,0.616205,-7875.44,0.187213,0.54449,0.0814716,500,-8377.3,501.86,76.0205,208.578,-9135.48,473.58,418.818,83.0417
31,0.613003,-7875.43,0.197555,0.541288,-0.0616654,500,-8377.3,501.871,76.0205,208.578,-9135.48,473.58,418.829,83.0417
32,0.6098,-7875.43,0.197163,0.538085,-0.14122,500,-8377.3,501.87,76.0205,208.578,-9135.48,473.58,418.828,83.0417
33,0.606597,-7875.44,0.18641,0.534882,-0.155692,500,-8377.3,501.859,76.0205,208.578,-9135.48,473.58,418.818,83.0417
34,0.603394,-7875.42,0.206246,0.531679,-0.369602,500,-8377.3,501.879,76.0205,208.578,-9135.48,473.58,418.838,83.0417
35,0.600191,-7875.41,0.215464,0.528476,-0.382122,500,-8377.3,501.888,76.0205,208.578,-9135.48,473.58,418.847,83.0417
36,0.596988,-7875.42,0.203917,0.525273,-0.391911,500,-8377.3,501.877,76.0205,208.578,-9135.48,473.58,418.835,83.0417
37,0.593785,-7875.44,0.19205,0.52207,-0.44441,500,-8377.3,501.865,76.0205,208.578,-9135.48,473.58,418.823,83.0417
38,0.590582,-7875.44,0.190707,0.518867,-0.394583,500,-8377.3,501.864,76.0205,208.578,-9135.48,473.58,418.822,83.0417
39,0.58738,-7875.44,0.189523,0.515664,-0.344967,500,-8377.3,501.862,76.0205,208.578,-9135.48,473.58,418.821,83.0417
40,0.584177,-7875.45,0.178129,0.512462,-0.358761,500,-8377.3,501.851,76.0205,208.578,-9135.48,473.58,418.809,83.0417
41,0.580974,-7875.45,0.177057,0.509259,-0.310667,500,-8377.3,501.85,76.0205,208.578,-9135.48,473.58,418.808,83.0417
42,0.577771,-7875.46,0.165681,0.506056,-0.325618,500,-8377.3,501.839,76.0205,208.578,-9135.48,473.58,418.797,83.0417
43,0.574568,-7875.49,0.140753,0.502853,-0.471031,500,-8377.3,501.814,76.0205,208.578,-9135.48,473.58,418.772,83.0417
44,0.571365,-7875.5,0.125689,0.49965,-0.56124,500,-8377.3,501.799,76.0205,208.578,-9135.48,473.58,418.757,83.0417
45,0.568162,-7875.5,0.123949,0.496447,-0.525758,500,-8377.3,501.797,76.0205,208.578,-9135.48,473.58,418.755,83.0417
46,0.564959,-7875.52,0.111857,0.493244,-0.551589,500,-8377.3,501.785,76.0205,208.578,-9135.48,473.58,418.743,83.0417
47,0.561756,-7875.52,0.110144,0.490041,-0.518363,500,-8377.3,501.783,76.0205,208.578,-9135.48,473.58,418.741,83.0417
48,0.558554,-7875.53,0.098021,0.486839,-0.544729,500,-8377.3,501.771,76.0205,208.578,-9135.48,473.58,418.729,83.0417
49,0.555351,-7875.53,0.096326,0.483636,-0.513762,500,-8377.3,501.769,76.0205,208.578,-9135.48,473.58,418.728,83.0417
50,0.552148,-7875.53,0.0947291,0.480433,-0.483541,500,-8377.3,501.768,76.0205,208.578,-9135.48,473.58,418.726,83.0417
51,0.548945,-7875.54,0.0932278,0.47723,-0.454093,500,-8377.3,501.766,76.0205,208.578,-9135.48,473.58,418.724,83.0417
52,0.545742,-7875.54,0.0918194,0.474027,-0.425447,500,-8377.3,501.765,76.0205,208.578,-9135.48,473.58,418.723,83.0417
53,0.542539,-7875.56,0.0694783,0.470824,-0.523382,500,-8377.3,501.742,76.0205,208.578,-9135.48,473.58,418.701,83.0417
54,0.539336,-7875.58,0.0467288,0.467621,-0.637203,500,-8377.3,501.72,76.0205,208.578,-9135.48,473.58,418.678,83.0417
55,0.536133,-7875.59,0.0342011,0.464418,-0.684583,500,-8377.3,501.707,76.0205,208.578,-9135.48,473.58,418.665,83.0417
56,0.53293,-7875.6,0.0320388,0.461215,-0.665759,500,-8377.3,501.705,76.0205,208.578,-9135.48,473.58,418.663,83.0417
57,0.529728,-7875.63,-0.00163701,0.458013,-0.909541,500,-8377.3,501.671,76.0205,208.578,-9135.48,473.58,418.63,83.0417
58,0.526525,-7875.63,-0.00453567,0.45481,-0.900717,500,-8377.3,501.668,76.0205,208.578,-9135.48,473.58,418.627,83.0417
59,0.523322,-7875.65,-0.0177948,0.451607,-0.958489,500,-8377.3,501.655,76.0205,208.578,-9135.48,473.58,418.613,83.0417
60,0.520119,-7875.66,-0.0313203,0.448404,-1.01899,500,-8377.3,501.642,76.0205,208.578,-9135.48,473.58,418.6,83.0417
61,0.516916,-7875.66,-0.0345802,0.445201,-1.01688,500,-8377.3,501.638,76.0205,208.578,-9135.48,473.58,418.597,83.0417
62,0.513713,-7875.66,-0.0275784,0.441998,-1.07323,500,-8377.3,501.645,76.0205,208.578,-9135.48,473.58,418.604,83.0417
63,0.51051,-7875.66,-0.0310159,0.438795,-1.07354,500,-8377.3,501.642,76.0205,208.578,-9135.48,473.58,418.6,83.0417
64,0.507307,-7875.66,-0.034457,0.435592,-1.07555,500,-8377.3,501.639,76.0205,208.578,-9135.48,473.58,418.597,83.0417
65,0.504104,-7875.67,-0.0379075,0.432389,-1.07933,500,-8377.3,501.635,76.0205,208.578,-9135.48,473.58,418.593,83.0417
66,0.500902,-7875.66,-0.0310155,0.429187,-1.14472,500,-8377.3,501.642,76.0205,208.578,-9135.48,473.58,418.6,83.0417
67,0.497699,-7875.67,-0.0452302,0.425984,-1.21341,500,-8377.3,501.628,76.0205,208.578,-9135.48,473.58,418.586,83.0417
68,0.494496,-7875.68,-0.0493688,0.422781,-1.34498,500,-8377.3,501.624,76.0205,208.578,-9135.48,473.58,418.582,83.0417
69,0.491293,-7875.69,-0.0641734,0.419578,-1.41651,500,-8377.3,501.609,76.0205,208.578,-9135.48,473.58,418.567,83.0417
70,0.48809,-7875.69,-0.0585697,0.416375,-1.4919,500,-8377.3,501.614,76.0205,208.578,-9135.48,473.58,418.573,83.0417
71,0.484887,-7875.69,-0.0633732,0.413172,-1.50801,500,-8377.3,501.61,76.0205,208.578,-9135.48,473.58,418.568,83.0417
72,0.481684,-7875.69,-0.0578752,0.409969,-1.58935,500,-8377.3,501.615,76.0205,208.578,-9135.48,473.58,418.573,83.0417
73,0.478481,-7875.69,-0.0629969,0.406766,-1.60926,500,-8377.3,501.61,76.0205,208.578,-9135.48,473.58,418.568,83.0417
74,0.475279,-7875.7,-0.0713722,0.403564,-1.76395,500,-8377.3,501.602,76.0205,208.578,-9135.48,473.58,418.56,83.0417
75,0.472076,-7875.69,-0.0564464,0.400361,-1.91741,500,-8377.3,501.617,76.0205,208.578,-9135.48,473.58,418.575,83.0417
76,0.468873,-7875.69,-0.0626276,0.397158,-1.94279,500,-8377.3,501.61,76.0205,208.578,-9135.48,473.58,418.569,83.0417
77,0.46567,-7875.7,-0.0688947,0.393955,-1.97113,500,-8377.3,501.604,76.0205,208.578,-9135.48,473.58,418.562,83.0417
78,0.462467,-7875.67,-0.0442227,0.390752,-2.20117,500,-8377.3,501.629,76.0205,208.578,-9135.48,473.58,418.587,83.0417
79,0.459264,-7875.67,-0.0411363,0.387549,-2.29747,500,-8377.3,501.632,76.0205,208.578,-9135.48,473.58,418.59,83.0417
80,0.456061,-7875.68,-0.0485468,0.384346,-2.33048,500,-8377.3,501.624,76.0205,208.578,-9135.48,473.58,418.583,83.0417
81,0.452858,-7875.68,-0.0560686,0.381143,-2.367,500,-8377.3,501.617,76.0205,208.578,-9135.48,473.58,418.575,83.0417
82,0.449655,-7875.69,-0.0637132,0.37794,-2.40717,500,-8377.3,501.609,76.0205,208.578,-9135.48,473.58,418.568,83.0417
83,0.446453,-7875.7,-0.0714924,0.374738,-2.45112,500,-8377.3,501.601,76.0205,208.578,-9135.48,473.58,418.56,83.0417
84,0.44325,-7875.71,-0.0794186,0.371535,-2.49898,500,-8377.3,501.594,76.0205,208.578,-9135.48,473.58,418.552,83.0417
85,0.440047,-7875.72,-0.0907053,0.368332,-2.669,500,-8377.3,501.582,76.0205,208.578,-9135.48,473.58,418.541,83.0417
86,0.436844,-7875.74,-0.112944,0.365129,-2.83417,500,-8377.3,501.56,76.0205,208.578,-9135.48,473.58,418.518,83.0417
87,0.433641,-7875.76,-0.135605,0.361926,-3.00443,500,-8377.3,501.537,76.0205,208.578,-9135.48,473.58,418.496,83.0417
88,0.430438,-7875.77,-0.14534,0.358723,-3.07499,500,-8377.3,501.528,76.0205,208.578,-9135.48,473.58,418.486,83.0417
89,0.427235,-7875.77,-0.145134,0.35552,-3.20922,500,-8377.3,501.528,76.0205,208.578,-9135.48,473.58,418.486,83.0417
90,0.424032,-7875.77,-0.145266,0.352317,-3.34864,500,-8377.3,501.528,76.0205,208.578,-9135.48,473.58,418.486,83.0417
91,0.420829,-7875.78,-0.156123,0.349114,-3.43192,500,-8377.3,501.517,76.0205,208.578,-9135.48,473.58,418.475,83.0417
92,0.417627,-7875.8,-0.167255,0.345912,-3.52031,500,-8377.3,501.506,76.0205,208.578,-9135.48,473.58,418.464,83.0417
93,0.414424,-7875.8,-0.168429,0.342709,-3.67549,500,-8377.3,501.505,76.0205,208.578,-9135.48,473.58,418.463,83.0417
94,0.411221,-7875.8,-0.170183,0.339506,-3.83491,500,-8377.3,501.503,76.0205,208.578,-9135.48,473.58,418.461,83.0417
95,0.408018,-7875.8,-0.172344,0.336303,-3.99997,500,-8377.3,501.501,76.0205,208.578,-9135.48,473.58,418.459,83.0417
96,0.404815,-7875.82,-0.195897,0.3331,-4.17727,500,-8377.3,501.477,76.0205,208.578,-9135.48,473.58,418.435,83.0417
97,0.401612,-7875.84,-0.209457,0.329897,-4.29057,500,-8377.3,501.464,76.0205,208.578,-9135.48,473.58,418.422,83.0417
98,0.398409,-7875.84,-0.213031,0.326694,-4.4744,500,-8377.3,501.46,76.0205,208.578,-9135.48,473.58,418.418,83.0417
99,0.395206,-7875.87,-0.238024,0.323491,-4.79811,500,-8377.3,501.435,76.0205,208.578,-9135.48,473.58,418.393,83.0417
100,0.392004,-7875.88,-0.254067,0.320288,-5.19285,500,-8377.3,501.419,76.0205,208.578,-9135.48,473.58,418.377,83.0417
101,0.388801,-7875.89,-0.260576,0.317086,-5.39396,500,-8377.3,501.412,76.0205,208.578,-9135.48,473.58,418.371,83.0417
102,0.385598,-7875.9,-0.267891,0.313883,-5.59782,500,-8377.3,501.405,76.0205,208.578,-9135.48,473.58,418.363,83.0417
103,0.382395,-7875.91,-0.286045,0.31068,-5.73908,500,-8377.3,501.387,76.0205,208.578,-9135.48,473.58,418.345,83.0417
104,0.379192,-7875.94,-0.315039,0.307477,-5.94903,500,-8377.3,501.358,76.0205,208.578,-9135.48,473.58,418.316,83.0417
105,0.375989,-7875.97,-0.344753,0.304274,-6.16322,500,-8377.3,501.328,76.0205,208.578,-9135.48,473.58,418.287,83.0417
106,0.372786,-7875.99,-0.364738,0.301071,-6.31652,500,-8377.3,501.308,76.0205,208.578,-9135.48,473.58,418.267,83.0417
107,0.369583,-7876.01,-0.385217,0.297868,-6.47137,500,-8377.3,501.288,76.0205,208.578,-9135.48,473.58,418.246,83.0417
108,0.36638,-7876.03,-0.406192,0.294665,-6.62656,500,-8377.3,501.267,76.0205,208.578,-9135.48,473.58,418.225,83.0417
109,0.363178,-7876.06,-0.427664,0.291463,-6.78063,500,-8377.3,501.245,76.0205,208.578,-9135.48,473.58,418.204,83.0417
110,0.359975,-7876.08,-0.449624,0.28826,-6.93184,500,-8377.3,501.223,76.0205,208.578,-9135.48,473.58,418.182,83.0417
111,0.356772,-7876.12,-0.493076,0.285057,-7.20181,500,-8377.3,501.18,76.0205,208.578,-9135.48,473.58,418.138,83.0417
112,0.353569,-7876.16,-0.526877,0.281854,-7.4039,500,-8377.3,501.146,76.0205,208.578,-9135.48,473.58,418.104,83.0417
113,0.350366,-7876.18,-0.550804,0.278651,-7.53502,500,-8377.3,501.122,76.0205,208.578,-9135.48,473.58,418.08,83.0417
114,0.347163,-7876.21,-0.585572,0.275448,-7.72599,500,-8377.3,501.087,76.0205,208.578,-9135.48,473.58,418.046,83.0417
115,0.34396,-7876.24,-0.610483,0.272245,-7.82627,500,-8377.3,501.062,76.0205,208.578,-9135.48,473.58,418.021,83.0417
116,0.340757,-7876.26,-0.63568,0.269042,-7.90312,500,-8377.3,501.037,76.0205,208.578,-9135.48,473.58,417.996,83.0417
117,0.337554,-7876.3,-0.671453,0.265839,-8.0221,500,-8377.3,501.002,76.0205,208.578,-9135.48,473.58,417.96,83.0417
118,0.334352,-7876.33,-0.697177,0.262637,-8.03454,500,-8377.3,500.976,76.0205,208.578,-9135.48,473.58,417.934,83.0417
119,0.331149,-7876.35,-0.722872,0.259434,-8.00209,500,-8377.3,500.95,76.0205,208.578,-9135.48,473.58,417.908,83.0417
120,0.327946,-7876.38,-0.748379,0.256231,-7.91485,500,-8377.3,500.925,76.0205,208.578,-9135.48,473.58,417.883,83.0417
121,0.324743,-7876.41,-0.784024,0.253028,-7.83005,500,-8377.3,500.889,76.0205,208.578,-9135.48,473.58,417.847,83.0417
122,0.32154,-7876.44,-0.808754,0.249825,-7.59744,500,-8377.3,500.864,76.0205,208.578,-9135.48,473.58,417.823,83.0417
123,0.318337,-7876.48,-0.853679,0.246622,-7.40438,500,-8377.3,500.819,76.0205,208.578,-9135.48,473.58,417.778,83.0417
124,0.315134,-7876.52,-0.887237,0.243419,-7.03056,500,-8377.3,500.786,76.0205,208.578,-9135.48,473.58,417.744,83.0417
125,0.311931,-7876.56,-0.929881,0.240216,-6.58444,500,-8377.3,500.743,76.0205,208.578,-9135.48,473.58,417.701,83.0417
126,0.308729,-7876.59,-0.960401,0.237013,-5.91024,500,-8377.3,500.713,76.0205,208.578,-9135.48,473.58,417.671,83.0417
127,0.305526,-7876.61,-0.977887,0.233811,-4.97299,500,-8377.3,500.695,76.0205,208.578,-9135.48,473.58,417.653,83.0417
128,0.302323,-7876.62,-0.992007,0.230608,-3.80171,500,-8377.3,500.681,76.0205,208.578,-9135.48,473.58,417.639,83.0417
129,0.29912,-7876.62,-0.991612,0.227405,-2.41028,500,-8377.3,500.681,76.0205,208.578,-9135.48,473.58,417.64,83.0417
130,0.295917,-7876.64,-1.00702,0.224202,-0.692646,500,-8377.3,500.666,76.0205,208.578,-9135.48,473.58,417.624,83.0417
131,0.292714,-7876.64,-1.01623,0.220999,1.41767,500,-8377.3,500.657,76.0205,208.578,-9135.48,473.58,417.615,83.0417
132,0.289511,-7876.64,-1.0076,0.217796,4.05526,500,-8377.3,500.665,76.0205,208.578,-9135.48,473.58,417.624,83.0417
133,0.286308,-7876.61,-0.980121,0.214593,7.18454,500,-8377.3,500.693,76.0205,208.578,-9135.48,473.58,417.651,83.0417
134,0.283105,-7876.57,-0.940859,0.21139,10.974,500,-8377.3,500.732,76.0205,208.578,-9135.48,473.58,417.69,83.0417
135,0.279903,-7876.54,-0.909046,0.208188,15.5445,500,-8377.3,500.764,76.0205,208.578,-9135.48,473.58,417.722,83.0417
136,0.2767,-7876.48,-0.850626,0.204985,21.1041,500,-8377.3,500.822,76.0205,208.578,-9135.48,473.58,417.781,83.0417
137,0.273497,-7876.39,-0.762383,0.201782,27.707,500,-8377.3,500.911,76.0205,208.578,-9135.48,473.58,417.869,83.0417
138,0.270294,-7876.28,-0.65098,0.198579,35.6263,500,-8377.3,501.022,76.0205,208.578,-9135.48,473.58,417.98,83.0417
139,0.267091,-7876.14,-0.511697,0.195376,45.1142,500,-8377.3,501.161,76.0205,208.578,-9135.48,473.58,418.12,83.0417
140,0.263888,-7875.98,-0.349451,0.192173,56.5383,500,-8377.3,501.324,76.0205,208.578,-9135.48,473.58,418.282,83.0417
141,0.260685,-7875.78,-0.14714,0.18897,70.1989,500,-8377.3,501.526,76.0205,208.578,-9135.48,473.58,418.484,83.0417
142,0.257482,-7875.53,0.103081,0.185767,86.5359,500,-8377.3,501.776,76.0205,208.578,-9135.48,473.58,418.734,83.0417
143,0.254279,-7875.21,0.420822,0.182564,106.015,500,-8377.3,502.094,76.0205,208.578,-9135.48,473.58,419.052,83.0417
144,0.251077,-7874.82,0.803953,0.179362,129.267,500,-8377.3,502.477,76.0132,208.608,-9135.5,473.582,419.438,83.0387
145,0.247874,-7874.35,1.28187,0.176159,157.146,500,-8377.3,502.954,76.0132,208.608,-9135.5,473.582,419.916,83.0387
146,0.244671,-7874.18,1.44697,0.172956,123.664,500,-8377.85,503.671,76.0824,208.942,-9136.8,473.922,420.997,82.6734
147,0.241452,-7873.71,1.91449,0.169753,151.181,500,-8377.85,504.138,76.0825,208.941,-9136.8,473.922,421.465,82.6734
148,0.238249,-7873.18,2.44782,0.16655,182.781,500,-8377.85,504.671,76.0825,208.941,-9136.8,473.922,421.998,82.6734
149,0.235046,-7872.54,3.09189,0.163347,220.517,500,-8377.85,505.315,76.0825,208.941,-9136.8,473.922,422.642,82.6734
150,0.231843,-7871.78,3.84367,0.160144,261.926,500,-8377.8,506.012,76.1427,208.302,-9136.46,474.221,423.321,82.6908
151,0.228664,-7872.14,3.48849,0.156941,160.214,500,-8377.05,504.914,76.0337,208.67,-9136.88,475.124,421.666,83.2485
152,0.225469,-7871.46,4.16405,0.153738,199.192,500,-8377.06,505.594,76.0283,208.673,-9136.89,475.125,422.343,83.2512
153,0.222266,-7870.76,4.86386,0.150536,238.896,500,-8377.06,506.294,76.0283,208.673,-9136.89,475.125,423.043,83.2512
154,0.219063,-7869.93,5.70244,0.147333,286.113,500,-8377.06,507.133,76.0283,208.673,-9136.89,475.125,423.882,83.2512
155,0.21586,-7870.95,4.67883,0.14413,143.802,500,-8374.79,503.842,75.916,207.908,-9136.41,477.793,419.437,84.4056
156,0.212636,-7870.11,5.51467,0.140927,191.916,500,-8374.79,504.678,75.916,207.908,-9136.41,477.793,420.272,84.4056
157,0.209433,-7869.43,6.19896,0.137724,230.023,500,-8374.79,505.362,75.916,207.908,-9136.41,477.793,420.957,84.4056
158,0.20623,-7868.61,7.01655,0.134521,275.305,500,-8374.79,506.18,75.916,207.908,-9136.41,477.793,421.774,84.4056
159,0.203027,-7867.65,7.98219,0.131318,329.236,500,-8374.79,507.146,75.916,207.908,-9136.41,477.793,422.74,84.4056
160,0.199824,-7868.56,7.07049,0.128115,159.237,500,-8372.58,504.023,75.8196,208.049,-9135.97,479.522,418.827,85.1962
161,0.196666,-7867.42,8.20712,0.124913,221.25,500,-8372.58,505.16,75.8196,208.049,-9135.97,479.522,419.964,85.1962
162,0.193463,-7866.65,8.98207,0.12171,263.849,500,-8372.58,505.935,75.8196,208.049,-9135.97,479.522,420.739,85.1962
163,0.19026,-7865.71,9.91592,0.118507,314.194,500,-8372.58,506.869,75.8196,208.049,-9135.97,479.522,421.673,85.1962
164,0.187057,-7864.61,11.0145,0.115304,373.913,500,-8372.58,507.967,75.8196,208.049,-9135.97,479.522,422.771,85.1962
165,0.183854,-7865.64,9.98952,0.112101,179.953,500,-8370.47,504.83,75.5609,208.332,-9136.25,481.885,418.905,85.9252
166,0.180727,-7864.14,11.4841,0.108898,259.436,500,-8370.47,506.324,75.5609,208.332,-9136.25,481.886,420.399,85.9253
167,0.177524,-7863.25,12.3803,0.105695,308.004,500,-8370.47,507.221,75.5609,208.332,-9136.25,481.886,421.295,85.9253
168,0.174321,-7862.17,13.4558,0.102492,365.135,500,-8370.47,508.296,75.5609,208.332,-9136.25,481.886,422.371,85.9253
169,0.171118,-7860.9,14.7303,0.0992894,432.685,500,-8370.47,509.571,75.5609,208.332,-9136.25,481.886,423.645,85.9253
170,0.167916,-7876.18,-0.555455,0.0960865,60.26,500,-8380.41,504.225,77.4555,208.087,-9136.37,470.421,423.85,80.3747
171,0.164577,-7875.62,0.00381215,0.0928837,58.2621,500,-8379.87,504.249,75.991,208.336,-9135.98,471.777,422.537,81.7126
172,0.161388,-7875.61,0.0181413,0.0896808,55.2464,500,-8381.06,505.451,76.7774,208.258,-9136.96,470.861,424.72,80.7318
173,0.158242,-7875.45,0.176236,0.0864779,57.5781,500,-8379.69,504.24,76.6549,208.308,-9136.43,471.77,422.895,81.3452
174,0.154987,-7875.1,0.525575,0.083275,67.2248,500,-8380.75,505.642,77.1863,208.522,-9136.67,470.215,425.238,80.4044
175,0.151723,-7875.21,0.418992,0.0800721,54.6516,500,-8379.66,504.447,76.3035,208.18,-9137,472.862,422.161,82.2864
176,0.148577,-7874.76,0.864831,0.0768692,46.8373,500,-8379.83,505.063,75.5743,208.606,-9137.42,473.416,422.621,82.4422
177,0.145301,-7874.23,1.39704,0.0736664,62.4184,500,-8380.42,506.191,76.9354,208.291,-9136.74,471.094,425.051,81.1399
178,0.142215,-7874.2,1.42531,0.0704635,58.5655,500,-8379.25,505.045,77.1371,207.874,-9136.32,472.063,423.708,81.3373
179,0.139002,-7873.3,2.32672,0.0672606,74.0801,500,-8379.81,506.512,77.0387,207.767,-9137.26,472.645,424.162,82.3501
180,0.135893,-7873.23,2.40366,0.0640577,73.83,500,-8380.14,506.918,76.9366,207.993,-9137.49,472.417,424.749,82.1695
181,0.132656,-7873.56,2.06561,0.0608548,63.2009,500,-8379.94,506.374,76.8419,207.844,-9137.15,472.531,424.384,81.9898
182,0.129278,-7873.37,2.25973,0.0576519,71.3521,500,-8380.17,506.799,76.9842,207.977,-9137.61,472.483,425.066,81.7323
183,0.126186,-7872.86,2.77099,0.054449,57.8271,500,-8378.73,505.873,76.8419,208.075,-9136.2,472.55,423.61,82.2632
184,0.122916,-7872.63,2.99675,0.0512462,70.6596,500,-8379.76,507.125,77.5147,207.789,-9136.55,471.493,426.013,81.1118
185,0.119781,-7872.13,3.49849,0.0480433,69.5946,500,-8377.69,505.556,76.2095,208.249,-9136.15,474.003,422.681,82.8751
186,0.11658,-7872.59,3.042,0.0448404,69.0459,500,-8380.33,507.743,77.3651,208.012,-9138.04,472.332,426.482,81.2608
187,0.113371,-7872.28,3.34593,0.0416375,80.4964,500,-8379.8,507.516,77.3219,207.803,-9137.8,472.873,425.404,82.1121
188,0.110286,-7872.62,3.00679,0.0384346,68.4532,500,-8378.98,506.358,76.3621,208.025,-9136.18,472.818,424.293,82.0648
189,0.107015,-7870.91,4.7185,0.0352317,86.1927,500,-8378.75,507.838,75.9039,208.202,-9136.87,474.013,424.245,83.5937
190,0.10382,-7871.85,3.77517,0.0320288,68.8936,500,-8379.68,507.825,76.8166,208.188,-9137.42,472.74,425.795,82.0306
191,0.100572,-7871.93,3.70195,0.028826,66.2352,500,-8377.17,505.245,76.8391,207.845,-9137.16,475.3,422.347,82.8985
192,0.0974149,-7871.02,4.61297,0.0256231,81.5184,500,-8379.88,508.866,76.8292,208.079,-9137.6,472.811,426.627,82.2398
193,0.0941779,-7871,4.62906,0.0224202,55.4477,500,-8378.22,507.217,76.3431,208.737,-9137.79,474.49,424.243,82.9735
194,0.0910089,-7870.46,5.17184,0.0192173,70.9722,500,-8377.6,507.142,77.0811,207.882,-9136.72,474.161,423.978,83.1648
195,0.0877675,-7870.72,4.90458,0.0160144,77.6453,500,-8376.21,505.488,76.5078,208.347,-9137.16,476.097,422.312,83.1764
196,0.0845331,-7870.37,5.25954,0.0128115,84.4261,500,-8380.37,509.997,76.6165,208.354,-9138.51,473.176,427.835,82.1617
197,0.0813747,-7870.43,5.19667,0.00960865,67.9372,500,-8377.83,507.393,76.8112,207.763,-9137.71,475.306,424.213,83.1807
198,0.078246,-7869.59,6.04162,0.00640577,77.1179,500,-8377.05,507.465,76.8801,208.068,-9136.22,474.216,424.216,83.2487
199,0.0749406,-7870.29,5.3379,0.00320288,73.6243,500,-8376.46,506.174,77.0441,207.893,-9137.69,476.287,422.926,83.248
200,0.0717965,-7869.03,6.59992,0,84.2919,500,-8377.93,508.896,76.8432,208.359,-9137.22,474.091,425.817,83.0797
201,0.0685334,-7869.49,6.13737,-0.00320288,79.562,500,-8378.5,509.004,76.6383,207.806,-9138.33,475.389,425.923,83.0812
202,0.0653778,-7869.09,6.53419,-0.00640577,83.7675,500,-8377.42,508.321,76.8707,208.482,-9137.05,474.284,425.457,82.8636
203,0.0621041,-7869,6.63265,-0.00960866,80.9327,500,-8378.56,509.565,76.8578,207.757,-9138.23,475.049,426.725,82.8407
204,0.0589547,-7872.92,2.70826,-0.0128115,-5.053,500,-8378.39,505.472,78.7934,209.588,-9136.59,469.812,426.11,79.3621
205,0.0556475,-7871.34,4.28493,-0.0160144,-11.581,500,-8374.66,503.318,81.0452,211.611,-9134.47,467.151,424.765,78.5531
206,0.0523639,-7872.25,3.37808,-0.0192173,-14.8592,500,-8378.3,506.045,78.6789,210.022,-9135.88,468.883,427.139,78.9064
207,0.0492818,-7872.4,3.23267,-0.0224202,-9.68811,500,-8378.35,505.952,78.6901,209.639,-9135.92,469.246,427.219,78.733
208,0.0461363,-7871.94,3.68944,-0.0256231,-17.6947,500,-8379,507.057,78.3695,210.104,-9135.76,468.294,428.245,78.8126
209,0.0427584,-7872.5,3.13314,-0.028826,-1.98144,500,-8380.28,507.789,77.4222,208.8,-9137.72,471.218,428.126,79.6628
210,0.0397824,-7869.11,6.52126,-0.0320288,-31.0323,500,-8379.2,510.091,77.6904,211.03,-9136.85,468.927,431.171,78.9196
211,0.0364517,-7872.81,2.82155,-0.0352317,-14.5885,500,-8378.81,505.998,78.8976,209.802,-9136.56,469.053,427.283,78.7152
212,0.0332262,-7872.51,3.11674,-0.0384346,-19.6759,500,-8377.81,505.296,79.1352,209.893,-9135.33,468.498,426.544,78.7516
213,0.03012,-7872.89,2.7404,-0.0416375,-19.1211,500,-8378.33,505.442,78.6527,210.413,-9136.06,468.665,426.751,78.6905
214,0.0267945,-7872.8,2.82457,-0.0448404,-22.7058,500,-8378.58,505.78,78.7795,210.024,-9136.36,468.97,426.863,78.9168
215,0.0236191,-7872.59,3.03698,-0.0480433,-21.0961,500,-8379.26,506.664,78.6582,209.342,-9136.46,469.207,427.747,78.9171
216,0.0204457,-7872.26,3.37137,-0.0512462,-30.6077,500,-8378.62,506.365,78.6363,210.255,-9136.13,468.621,427.425,78.9409
217,0.0171761,-7872.81,2.82289,-0.054449,-23.6635,500,-8378.84,506.037,78.7588,209.664,-9136.32,469.054,427.287,78.7495
218,0.0140709,-7873.26,2.37054,-0.0576519,-25.9375,500,-8378.42,505.164,78.7895,210.186,-9136.12,468.724,426.326,78.8376
219,0.0108149,-7873.15,2.47712,-0.0608548,-29.575,500,-8378.64,505.486,78.6578,209.992,-9136.33,469.046,426.483,79.0034
220,0.00759611,-7872.43,3.19653,-0.0640577,-32.358,500,-8379.87,507.438,77.7757,209.835,-9136.88,469.395,428.408,79.0297
221,0.00437418,-7872.15,3.48341,-0.0672606,-24.2951,500,-8377.58,505.431,78.3382,211.027,-9135.28,468.337,426.338,79.0933
222,0.00117524,-7873.39,2.23892,-0.0704635,-36.2195,500,-8378.86,505.475,78.2887,210.114,-9136.03,468.768,426.538,78.9365
223,-0.00201238,-7873.59,2.03557,-0.0736664,-29.1177,500,-8379.21,505.615,78.7754,209.4,-9136.27,468.883,426.971,78.644
224,-0.00515598,-7873.84,1.7916,-0.0768692,-32.6323,500,-8378.53,504.692,78.4697,209.966,-9135.84,468.871,425.757,78.9349
225,-0.00842425,-7873.67,1.9607,-0.0800721,-38.9069,500,-8378.73,505.063,78.3755,209.952,-9135.93,468.872,426.102,78.9607
226,-0.0115906,-7873.38,2.24506,-0.083275,-34.4615,500,-8378.33,504.947,78.7239,209.859,-9135.46,468.548,426.192,78.7545
227,-0.0148044,-7873.7,1.92758,-0.0864779,-33.153,500,-8378.2,504.501,78.7974,209.797,-9135.51,468.715,425.593,78.9075
228,-0.0179451,-7873.83,1.80099,-0.0896808,-35.0046,500,-8378.32,504.489,78.74,209.747,-9135.4,468.593,425.551,78.9374
229,-0.0211697,-7874.04,1.58791,-0.0928837,-46.4173,500,-8379.37,505.328,77.9912,209.995,-9136.29,468.932,426.363,78.9652
230,-0.0244232,-7874.47,1.1615,-0.0960865,-36.3875,500,-8378.57,504.106,78.5928,209.649,-9135.79,468.977,425.139,78.9668
231,-0.0276097,-7874.3,1.32782,-0.0992894,-43.3822,500,-8379.14,504.843,78.2042,209.766,-9135.95,468.833,425.865,78.9779
232,-0.0308137,-7874.66,0.972381,-0.102492,-44.1594,500,-8379.23,504.571,78.1988,209.745,-9136.01,468.844,425.505,79.0652
233,-0.0340189,-7874.59,1.04195,-0.105695,-38.1928,500,-8378.52,503.929,78.4671,209.788,-9135.52,468.752,424.958,78.9711
234,-0.0371824,-7874.75,0.87781,-0.108898,-43.9773,500,-8379.2,504.447,78.1418,209.65,-9135.85,468.86,425.446,79.0011
235,-0.0404104,-7874.94,0.693659,-0.112101,-40.9094,500,-8379.05,504.116,78.2168,209.712,-9135.72,468.736,425.109,79.0069
236,-0.0435944,-7874.98,0.649736,-0.115304,-42.9227,500,-8379.25,504.272,78.1258,209.553,-9135.85,468.923,425.262,79.0094
237,-0.0468076,-7875.13,0.496075,-0.118507,-42.4707,500,-8379.18,504.05,78.1194,209.561,-9135.78,468.919,425.032,79.0176
238,-0.0500058,-7875.31,0.316591,-0.12171,-41.5886,500,-8379.41,504.102,78.0679,209.466,-9135.86,468.911,425.102,79.0005
239,-0.0532166,-7875.57,0.0580857,-0.124913,-46.8239,500,-8379.65,504.08,77.9334,209.708,-9136.13,468.837,424.789,79.2901
240,-0.0564449,-7875.78,-0.149277,-0.128115,-39.0342,500,-8379.8,504.026,78.0053,208.856,-9135.67,469.005,425.067,78.9586
241,-0.0596304,-7875.69,-0.0661506,-0.131318,-37.7838,500,-8379.52,503.829,78.1502,209.19,-9135.73,468.869,424.844,78.9852
242,-0.0628135,-7875.83,-0.205461,-0.134521,-36.6829,500,-8379.62,503.783,78.0127,209.412,-9135.88,468.84,424.803,78.98
243,-0.0660314,-7875.93,-0.302563,-0.137724,-34.8313,500,-8379.63,503.703,77.9505,209.319,-9135.79,468.886,424.717,78.9862
244,-0.069239,-7876.37,-0.737333,-0.140927,-44.5035,500,-8380.07,503.709,77.4568,209.553,-9136.32,469.237,424.15,79.5586
245,-0.0724397,-7876.48,-0.853156,-0.14413,-47.4459,500,-8380.16,503.68,77.5667,209.242,-9136.17,469.201,424.277,79.4037
246,-0.0756582,-7876.47,-0.844584,-0.147333,-35.3961,500,-8379.98,503.505,77.668,209.221,-9135.91,469.045,424.421,79.0837
247,-0.0788156,-7876.77,-1.14568,-0.150536,-43.4133,500,-8380.07,503.297,77.497,209.277,-9135.99,469.14,423.875,79.4226
248,-0.0820723,-7876.8,-1.17143,-0.153738,-43.0346,500,-8380.4,503.6,77.5395,208.739,-9135.95,469.273,424.325,79.2749
249,-0.0852516,-7876.96,-1.33351,-0.156941,-40.4197,500,-8380.08,503.12,77.5536,208.74,-9135.69,469.312,423.861,79.2595
250,-0.0884426,-7876.79,-1.1612,-0.160144,-23.2891,500,-8379.89,503.103,77.9678,209.12,-9135.78,468.797,424.183,78.9196
251,-0.0916617,-7876.84,-1.21442,-0.163347,-22.9778,500,-8379.99,503.146,77.7907,209.378,-9135.91,468.747,424.245,78.9011
252,-0.0949024,-7876.9,-1.27135,-0.16655,-20.7605,500,-8380.1,503.201,77.6962,209.54,-9135.68,468.343,424.276,78.9255
253,-0.0980999,-7877.04,-1.41386,-0.169753,-19.2972,500,-8380,502.953,77.8924,209.079,-9135.58,468.614,424.063,78.8909
254,-0.1013,-7877.05,-1.41982,-0.172956,-17.6605,500,-8380.09,503.038,77.8645,209.22,-9135.67,468.501,424.147,78.8901
255,-0.104507,-7877.69,-2.05778,-0.176159,-33.1563,500,-8380.6,502.909,77.2447,209.057,-9135.93,469.034,423.501,79.4078
256,-0.107669,-7877.19,-1.56254,-0.179362,-13.9167,500,-8380.11,502.921,77.8161,209.21,-9135.6,468.46,424.017,78.9045
257,-0.110916,-7877.49,-1.85945,-0.182564,-18.6573,500,-8380.08,502.592,77.8494,208.487,-9135.39,468.969,423.571,79.0215
258,-0.114111,-7877.52,-1.89544,-0.185767,-16.8761,500,-8380.01,502.481,78.0626,208.795,-9135.6,468.737,423.447,79.0341
259,-0.117273,-7877.88,-2.25182,-0.18897,-25.402,500,-8380.09,502.209,77.5882,208.741,-9135.52,469.097,422.752,79.4567
260,-0.120517,-7877.28,-1.64847,-0.192173,-8.99418,500,-8380.48,503.206,77.6278,208.866,-9135.55,468.571,424.316,78.8896
261,-0.123826,-7877.27,-1.63866,-0.195376,-5.70015,500,-8380.03,502.766,77.7393,209.371,-9135.22,468.077,423.784,78.9826
262,-0.126926,-7877.9,-2.27467,-0.198579,-17.7194,500,-8379.9,501.995,77.7131,208.566,-9135.3,469.125,422.608,79.387
263,-0.130136,-7877.87,-2.24567,-0.201782,-9.34308,500,-8380.08,502.206,77.8399,208.491,-9135.3,468.886,423.101,79.1052
264,-0.13336,-7878.34,-2.71231,-0.204985,-20.287,500,-8380.5,502.155,77.0532,208.898,-9135.74,469.294,422.414,79.7406
265,-0.13651,-7878.01,-2.38262,-0.208188,-8.09919,500,-8380.03,502.016,77.6876,208.605,-9135.25,468.932,422.804,79.2128
266,-0.139749,-7878.3,-2.67074,-0.21139,-13.3097,500,-8380.48,502.183,77.0499,209.147,-9135.79,469.109,422.443,79.7401
267,-0.142913,-7877.87,-2.24291,-0.214593,-1.79393,500,-8380.38,502.513,77.6153,208.955,-9135.66,468.703,423.424,79.0889
268,-0.146194,-7878.01,-2.37949,-0.217796,-1.296,500,-8379.98,501.976,77.9743,208.796,-9135.25,468.5,422.857,79.1196
269,-0.149368,-7877.78,-2.15613,-0.220999,1.45438,500,-8380.25,502.463,77.601,209.716,-9135.63,468.07,423.266,79.1966
270,-0.152561,-7877.85,-2.223,-0.224202,2.3863,500,-8380.49,502.634,77.1634,209.7,-9135.77,468.417,423.376,79.258
271,-0.155799,-7877.9,-2.27209,-0.227405,2.18375,500,-8380.57,502.673,77.2606,209.589,-9135.75,468.327,423.414,79.2587
272,-0.158966,-7877.98,-2.35537,-0.230608,2.54405,500,-8380.64,502.655,77.0601,209.51,-9135.74,468.535,423.332,79.3229
273,-0.162146,-7878.2,-2.56736,-0.233811,2.56728,500,-8380.61,502.411,77.4556,209.486,-9136.01,468.465,422.991,79.42
274,-0.165366,-7878.3,-2.66828,-0.237013,2.27157,500,-8380.06,501.758,77.7626,208.884,-9135.26,468.559,422.369,79.3895
275,-0.16855,-7878.28,-2.65614,-0.240216,3.32387,500,-8380.21,501.922,77.8012,209.179,-9135.63,468.441,422.548,79.3746
276,-0.171721,-7878.36,-2.7298,-0.243419,3.16518,500,-8380.19,501.835,77.4762,208.913,-9135.3,468.718,422.412,79.4232
277,-0.174938,-7878.36,-2.73028,-0.246622,4.14959,500,-8380.83,502.473,77.0766,209.243,-9135.77,468.621,422.988,79.4844
278,-0.178159,-7878.33,-2.70085,-0.249825,4.52711,500,-8380.68,502.348,77.1022,208.965,-9135.57,468.831,422.792,79.5552
279,-0.18137,-7878.37,-2.73903,-0.253028,4.49627,500,-8381.02,502.649,76.848,209.387,-9136,468.751,423.106,79.5431
280,-0.184557,-7878.27,-2.6421,-0.256231,6.56596,500,-8380.71,502.444,77.1429,208.788,-9135.67,469.026,422.81,79.6333
281,-0.187792,-7878.33,-2.70403,-0.259434,5.33258,500,-8381.25,502.916,76.8387,209.15,-9135.96,468.719,423.455,79.4606
282,-0.191025,-7878.17,-2.54182,-0.262637,6.98284,500,-8380.65,502.476,77.2105,208.593,-9135.66,469.215,422.833,79.6425
283,-0.19421,-7875,0.624014,-0.265839,-84.1203,500,-8380.22,505.214,77.8732,209.591,-9134.95,467.272,426.463,78.7511
284,-0.197461,-7873.77,1.85788,-0.269042,-147.627,500,-8380.22,506.448,77.8731,209.591,-9134.95,467.272,427.697,78.7511
285,-0.200664,-7878.59,-2.96437,-0.272245,4.18108,500,-8380.17,501.579,77.6766,209.018,-9135.88,469.01,421.773,79.806
286,-0.203659,-7876.12,-0.488064,-0.275448,-49.9702,500,-8380.16,504.044,77.7122,209.723,-9135.16,467.562,425.051,78.9931
287,-0.207062,-7875.14,0.490785,-0.278651,-103.36,500,-8380.14,505.007,77.6801,209.726,-9135.13,467.577,426.02,78.9871
288,-0.210261,-7875.44,0.187531,-0.281854,-87.0516,500,-8380.14,504.704,77.6801,209.726,-9135.13,467.577,425.716,78.9871
289,-0.213464,-7875.7,-0.0681054,-0.285057,-72.9238,500,-8380.14,504.448,77.6801,209.726,-9135.13,467.577,425.461,78.9871
290,-0.216667,-7875.9,-0.271407,-0.28826,-60.7907,500,-8380.14,504.245,77.6801,209.726,-9135.13,467.577,425.257,78.9871
291,-0.21987,-7876.08,-0.448848,-0.291463,-50.2685,500,-8380.14,504.067,77.6801,209.726,-9135.13,467.577,425.08,78.9871
292,-0.223072,-7876.21,-0.58476,-0.294665,-41.2526,500,-8380.14,503.931,77.6801,209.726,-9135.13,467.577,424.944,78.9871
293,-0.226275,-7876.41,-0.779983,-0.297868,-34.1712,500,-8380.07,503.657,77.6436,209.678,-9135.05,467.662,424.687,78.9701
294,-0.22943,-7876.5,-0.869104,-0.301071,-27.9747,500,-8380.07,503.568,77.6436,209.678,-9135.05,467.662,424.598,78.9701
295,-0.232632,-7876.58,-0.948842,-0.304274,-21.9673,500,-8380.07,503.488,77.6436,209.678,-9135.05,467.662,424.518,78.9701
296,-0.235835,-7876.64,-1.01072,-0.307477,-16.8028,500,-8380.07,503.426,77.6436,209.678,-9135.05,467.662,424.456,78.9701
297,-0.239038,-7876.68,-1.04699,-0.31068,-12.4325,500,-8380.07,503.39,77.6436,209.678,-9135.05,467.662,424.42,78.9701
298,-0.242241,-7876.71,-1.08057,-0.313883,-8.63033,500,-8380.07,503.357,77.6436,209.678,-9135.05,467.662,424.386,78.9701
299,-0.245444,-7876.72,-1.09263,-0.317086,-5.44164,500,-8380.07,503.345,77.6436,209.678,-9135.05,467.662,424.374,78.9701
300,-0.248647,-7876.76,-1.12638,-0.320288,-2.798,500,-8380.07,503.311,77.6436,209.678,-9135.05,467.662,424.341,78.9701
301,-0.25185,-7876.75,-1.12126,-0.323491,-0.499781,500,-8380.07,503.316,77.6436,209.678,-9135.05,467.662,424.346,78.9701
302,-0.255053,-7876.77,-1.14067,-0.326694,1.37255,500,-8380.07,503.296,77.6436,209.678,-9135.05,467.662,424.326,78.9701
303,-0.258256,-7876.77,-1.14431,-0.329897,2.86788,500,-8380.07,503.293,77.6436,209.678,-9135.05,467.662,424.323,78.9701
304,-0.261458,-7876.73,-1.1021,-0.3331,4.09041,500,-8380.07,503.335,77.6436,209.678,-9135.05,467.662,424.365,78.9701
305,-0.264661,-7876.72,-1.08703,-0.336303,5.28635,500,-8380.07,503.35,77.6436,209.678,-9135.05,467.662,424.38,78.9701
306,-0.267864,-7876.71,-1.07885,-0.339506,6.21709,500,-8380.07,503.358,77.6436,209.678,-9135.05,467.662,424.388,78.9701
307,-0.271067,-7876.7,-1.06804,-0.342709,6.97276,500,-8380.07,503.369,77.6436,209.678,-9135.05,467.662,424.399,78.9701
308,-0.27427,-7876.67,-1.0446,-0.345912,7.64038,500,-8380.07,503.393,77.6436,209.678,-9135.05,467.662,424.422,78.9701
309,-0.277473,-7876.66,-1.02963,-0.349114,8.116,500,-8380.07,503.408,77.6436,209.678,-9135.05,467.662,424.437,78.9701
310,-0.280676,-7876.63,-1.00293,-0.352317,8.54088,500,-8380.07,503.434,77.6436,209.678,-9135.05,467.662,424.464,78.9701
311,-0.283879,-7876.6,-0.975023,-0.35552,8.86953,500,-8380.07,503.462,77.6436,209.678,-9135.05,467.662,424.492,78.9701
312,-0.287082,-7876.6,-0.967115,-0.358723,8.99402,500,-8380.07,503.47,77.6436,209.678,-9135.05,467.662,424.5,78.9701
313,-0.290284,-7876.57,-0.938013,-0.361926,9.16752,500,-8380.07,503.499,77.6436,209.678,-9135.05,467.662,424.529,78.9701
314,-0.293487,-7876.54,-0.908455,-0.365129,9.28068,500,-8380.07,503.529,77.6436,209.678,-9135.05,467.662,424.559,78.9701
315,-0.29669,-7876.52,-0.889023,-0.368332,9.2839,500,-8380.07,503.548,77.6436,209.678,-9135.05,467.662,424.578,78.9701
316,-0.299893,-7876.49,-0.859249,-0.371535,9.30137,500,-8380.07,503.578,77.6436,209.678,-9135.05,467.662,424.608,78.9701
317,-0.303096,-7876.46,-0.82948,-0.374738,9.28216,500,-8380.07,503.608,77.6436,209.678,-9135.05,467.662,424.638,78.9701
318,-0.306299,-7876.43,-0.799823,-0.37794,9.23221,500,-8380.07,503.637,77.6436,209.678,-9135.05,467.662,424.667,78.9701
319,-0.309502,-7876.4,-0.770368,-0.381143,9.15669,500,-8380.07,503.667,77.6436,209.678,-9135.05,467.662,424.697,78.9701
320,-0.312705,-7876.37,-0.741189,-0.384346,9.06006,500,-8380.07,503.696,77.6436,209.678,-9135.05,467.662,424.726,78.9701
321,-0.315908,-7876.34,-0.712349,-0.387549,8.94621,500,-8380.07,503.725,77.6436,209.678,-9135.05,467.662,424.755,78.9701
322,-0.31911,-7876.34,-0.715053,-0.390752,8.61695,500,-8380.07,503.722,77.6436,209.678,-9135.05,467.662,424.752,78.9701
323,-0.322313,-7876.33,-0.698167,-0.393955,8.40684,500,-8380.07,503.739,77.6436,209.678,-9135.05,467.662,424.769,78.9701
324,-0.325516,-7876.3,-0.671482,-0.397158,8.25453,500,-8380.07,503.766,77.6436,209.678,-9135.05,467.662,424.796,78.9701
325,-0.328719,-7876.28,-0.655668,-0.400361,8.03065,500,-8380.07,503.781,77.6436,209.678,-9135.05,467.662,424.811,78.9701
326,-0.331922,-7876.27,-0.640736,-0.403564,7.80016,500,-8380.07,503.796,77.6436,209.678,-9135.05,467.662,424.826,78.9701
327,-0.335125,-7876.24,-0.616022,-0.406766,7.63181,500,-8380.07,503.821,77.6436,209.678,-9135.05,467.662,424.851,78.9701
328,-0.338328,-7876.23,-0.602314,-0.409969,7.39741,500,-8380.07,503.835,77.6436,209.678,-9135.05,467.662,424.865,78.9701
329,-0.341531,-7876.22,-0.589345,-0.413172,7.16278,500,-8380.07,503.848,77.6436,209.678,-9135.05,467.662,424.878,78.9701
330,-0.344733,-7876.2,-0.566679,-0.416375,6.99105,500,-8380.07,503.87,77.6436,209.678,-9135.05,467.662,424.9,78.9701
331,-0.347936,-7876.17,-0.54456,-0.419578,6.8208,500,-8380.07,503.893,77.6436,209.678,-9135.05,467.662,424.922,78.9701
332,-0.351139,-7876.16,-0.533408,-0.422781,6.59075,500,-8380.07,503.904,77.6436,209.678,-9135.05,467.662,424.934,78.9701
333,-0.354342,-7876.14,-0.512565,-0.425984,6.42448,500,-8380.07,503.925,77.6436,209.678,-9135.05,467.662,424.954,78.9701
334,-0.357545,-7876.12,-0.49263,-0.429187,6.019,500,-8380.07,503.945,77.6436,209.678,-9135.05,467.662,424.974,78.9701
335,-0.360748,-7876.1,-0.473608,-0.432389,5.85967,500,-8380.07,503.964,77.6436,209.678,-9135.05,467.662,424.993,78.9701
336,-0.363951,-7876.07,-0.444834,-0.435592,5.64341,500,-8380.07,503.992,77.6436,209.678,-9135.05,467.662,425.022,78.9701
337,-0.367154,-7876.06,-0.427,-0.438795,5.49329,500,-8380.07,504.01,77.6436,209.678,-9135.05,467.662,425.04,78.9701
338,-0.370357,-7876.05,-0.420155,-0.441998,5.28868,500,-8380.07,504.017,77.6436,209.678,-9135.05,467.662,425.047,78.9701
339,-0.373559,-7876.03,-0.403445,-0.445201,5.14675,500,-8380.07,504.034,77.6436,209.678,-9135.05,467.662,425.064,78.9701
340,-0.376762,-7876.01,-0.376854,-0.448404,4.94582,500,-8380.07,504.06,77.6436,209.678,-9135.05,467.662,425.09,78.9701
341,-0.379965,-7875.99,-0.361225,-0.451607,4.81448,500,-8380.07,504.076,77.6436,209.678,-9135.05,467.662,425.106,78.9701
342,-0.383168,-7875.96,-0.335694,-0.45481,4.62326,500,-8380.07,504.101,77.6436,209.678,-9135.05,467.662,425.131,78.9701
343,-0.386371,-7875.95,-0.32108,-0.458013,4.50272,500,-8380.07,504.116,77.6436,209.678,-9135.05,467.662,425.146,78.9701
344,-0.389574,-7875.94,-0.306845,-0.461215,4.38698,500,-8380.07,504.13,77.6436,209.678,-9135.05,467.662,425.16,78.9701
345,-0.392777,-7875.92,-0.292973,-0.464418,4.27601,500,-8380.07,504.144,77.6436,209.678,-9135.05,467.662,425.174,78.9701
346,-0.39598,-7875.9,-0.269291,-0.467621,4.10424,500,-8380.07,504.168,77.6436,209.678,-9135.05,467.662,425.198,78.9701
347,-0.399183,-7875.85,-0.22564,-0.470824,3.80414,500,-8380.07,504.212,77.6436,209.678,-9135.05,467.662,425.241,78.9701
348,-0.402385,-7875.84,-0.213604,-0.474027,3.7123,500,-8380.07,504.224,77.6436,209.678,-9135.05,467.662,425.253,78.9701
349,-0.405588,-7875.83,-0.201855,-0.47723,3.62493,500,-8380.07,504.235,77.6436,209.678,-9135.05,467.662,425.265,78.9701
350,-0.408791,-7875.82,-0.190379,-0.480433,3.54193,500,-8380.07,504.247,77.6436,209.678,-9135.05,467.662,425.277,78.9701
351,-0.411994,-7875.8,-0.169006,-0.483636,3.39511,500,-8380.07,504.268,77.6436,209.678,-9135.05,467.662,425.298,78.9701
352,-0.415197,-7875.79,-0.15825,-0.486839,3.32198,500,-8380.07,504.279,77.6436,209.678,-9135.05,467.662,425.309,78.9701
353,-0.4184,-7875.78,-0.147721,-0.490041,3.25293,500,-8380.07,504.289,77.6436,209.678,-9135.05,467.662,425.319,78.9701
354,-0.421603,-7875.77,-0.137408,-0.493244,3.18786,500,-8380.07,504.3,77.6436,209.678,-9135.05,467.662,425.33,78.9701
355,-0.424806,-7875.76,-0.127297,-0.496447,3.12666,500,-8380.07,504.31,77.6436,209.678,-9135.05,467.662,425.34,78.9701
356,-0.428008,-7875.75,-0.117375,-0.49965,3.06923,500,-8380.07,504.32,77.6436,209.678,-9135.05,467.662,425.35,78.9701
357,-0.431211,-7875.73,-0.0974312,-0.502853,2.95576,500,-8380.07,504.34,77.6436,209.678,-9135.05,467.662,425.37,78.9701
358,-0.434414,-7875.72,-0.0880439,-0.506056,2.90652,500,-8380.07,504.349,77.6436,209.678,-9135.05,467.662,425.379,78.9701
359,-0.437617,-7875.7,-0.0685252,-0.509259,2.79927,500,-8380.07,504.369,77.6436,209.678,-9135.05,467.662,425.399,78.9701
360,-0.44082,-7875.69,-0.0596266,-0.512462,2.75787,500,-8380.07,504.378,77.6436,209.678,-9135.05,467.662,425.407,78.9701
361,-0.444023,-7875.67,-0.0404995,-0.515664,2.6566,500,-8380.07,504.397,77.6436,209.678,-9135.05,467.662,425.427,78.9701
362,-0.447226,-7875.66,-0.0320457,-0.518867,2.6227,500,-8380.07,504.405,77.6436,209.678,-9135.05,467.662,425.435,78.9701
363,-0.450429,-7875.65,-0.0236958,-0.52207,2.59186,500,-8380.07,504.413,77.6436,209.678,-9135.05,467.662,425.443,78.9701
364,-0.453632,-7875.64,-0.0154397,-0.525273,2.56398,500,-8380.07,504.422,77.6436,209.678,-9135.05,467.662,425.452,78.9701
365,-0.456834,-7875.63,0.00306724,-0.528476,2.47379,500,-8380.07,504.44,77.6436,209.678,-9135.05,467.662,425.47,78.9701
366,-0.460037,-7875.66,-0.0310546,-0.531679,2.17946,500,-8380.07,504.406,77.6436,209.678,-9135.05,467.662,425.436,78.9701
367,-0.46324,-7875.64,-0.0139451,-0.534882,2.09088,500,-8380.07,504.423,77.6436,209.678,-9135.05,467.662,425.453,78.9701
368,-0.466443,-7875.63,0.00302167,-0.538085,2.0044,500,-8380.07,504.44,77.6436,209.678,-9135.05,467.662,425.47,78.9701
369,-0.469646,-7875.61,0.0194256,-0.541288,1.79077,500,-8380.07,504.457,77.6436,209.678,-9135.05,467.662,425.486,78.9701
370,-0.472849,-7875.6,0.0248727,-0.54449,1.64421,500,-8380.07,504.462,77.6436,209.678,-9135.05,467.662,425.492,78.9701
371,-0.476052,-7875.59,0.0403461,-0.547693,1.56758,500,-8380.07,504.478,77.6436,209.678,-9135.05,467.662,425.507,78.9701
372,-0.479255,-7875.59,0.034847,-0.550896,1.4956,500,-8380.07,504.472,77.6436,209.678,-9135.05,467.662,425.502,78.9701
373,-0.482458,-7875.59,0.039627,-0.554099,1.48953,500,-8380.07,504.477,77.6436,209.678,-9135.05,467.662,425.507,78.9701
374,-0.48566,-7875.59,0.0338652,-0.557302,1.42214,500,-8380.07,504.471,77.6436,209.678,-9135.05,467.662,425.501,78.9701
375,-0.488863,-7875.59,0.0384143,-0.560505,1.41882,500,-8380.07,504.476,77.6436,209.678,-9135.05,467.662,425.505,78.9701
376,-0.492066,-7875.59,0.0429558,-0.563708,1.41731,500,-8380.07,504.48,77.6436,209.678,-9135.05,467.662,425.51,78.9701
377,-0.495269,-7875.59,0.0369658,-0.566911,1.35512,500,-8380.07,504.474,77.6436,209.678,-9135.05,467.662,425.504,78.9701
378,-0.498472,-7875.59,0.0413072,-0.570114,1.35602,500,-8380.07,504.478,77.6436,209.678,-9135.05,467.662,425.508,78.9701
379,-0.501675,-7875.6,0.0245742,-0.573316,1.23652,500,-8380.07,504.462,77.6436,209.678,-9135.05,467.662,425.492,78.9701
380,-0.504878,-7875.59,0.0388417,-0.576519,1.16733,500,-8380.07,504.476,77.6436,209.678,-9135.05,467.662,425.506,78.9701
381,-0.508081,-7875.59,0.0425886,-0.579722,1.1726,500,-8380.07,504.48,77.6436,209.678,-9135.05,467.662,425.51,78.9701
382,-0.511283,-7875.58,0.0463547,-0.582925,1.17932,500,-8380.07,504.484,77.6436,209.678,-9135.05,467.662,425.513,78.9701
383,-0.514486,-7875.59,0.0396639,-0.586128,1.12932,500,-8380.07,504.477,77.6436,209.678,-9135.05,467.662,425.507,78.9701
384,-0.517689,-7875.58,0.0534442,-0.589331,1.06602,500,-8380.07,504.491,77.6436,209.678,-9135.05,467.662,425.52,78.9701
385,-0.520892,-7875.57,0.0568767,-0.592534,1.07759,500,-8380.07,504.494,77.6436,209.678,-9135.05,467.662,425.524,78.9701
386,-0.524095,-7875.57,0.0603484,-0.595737,1.09041,500,-8380.07,504.498,77.6436,209.678,-9135.05,467.662,425.527,78.9701
387,-0.527298,-7875.58,0.0533702,-0.598939,0.864295,500,-8380.07,504.491,77.6436,209.678,-9135.05,467.662,425.52,78.9701
388,-0.530501,-7875.56,0.0692562,-0.602142,0.776726,500,-8380.07,504.506,77.6436,209.678,-9135.05,467.662,425.536,78.9701
389,-0.533704,-7875.58,0.0508475,-0.605345,0.661162,500,-8380.07,504.488,77.6436,209.678,-9135.05,467.662,425.518,78.9701
390,-0.536907,-7875.57,0.0556777,-0.608548,0.506961,500,-8380.07,504.493,77.6436,209.678,-9135.05,467.662,425.523,78.9701
391,-0.540109,-7875.58,0.0468648,-0.611751,0.461645,500,-8380.07,504.484,77.6436,209.678,-9135.05,467.662,425.514,78.9701
392,-0.543312,-7875.57,0.0613272,-0.614954,0.358433,500,-8380.07,504.498,77.6436,209.678,-9135.05,467.662,425.528,78.9701
393,-0.546515,-7875.57,0.0625147,-0.618157,0.383211,500,-8380.07,504.5,77.6436,209.678,-9135.05,467.662,425.53,78.9701
394,-0.549718,-7875.56,0.0637824,-0.62136,0.408464,500,-8380.07,504.501,77.6436,209.678,-9135.05,467.662,425.531,78.9701
395,-0.552921,-7875.56,0.0678358,-0.624563,0.245263,500,-8380.07,504.505,77.6436,209.678,-9135.05,467.662,425.535,78.9701
396,-0.556124,-7875.57,0.0582949,-0.627765,0.212324,500,-8380.07,504.495,77.6436,209.678,-9135.05,467.662,425.525,78.9701
397,-0.559327,-7875.57,0.0590207,-0.630968,0.240935,500,-8380.07,504.496,77.6436,209.678,-9135.05,467.662,425.526,78.9701
398,-0.56253,-7875.58,0.0494314,-0.634171,0.207565,500,-8380.07,504.487,77.6436,209.678,-9135.05,467.662,425.516,78.9701
399,-0.565733,-7875.56,0.0705657,-0.637374,0.0845261,500,-8380.07,504.508,77.6436,209.678,-9135.05,467.662,425.538,78.9701
