step,T,Epot,Efull,SolventMolsThroughZ,
0,1145.74,176701,179631,-842150451,
5e-015,4345.88,7999.57,19110.7,-1684300902,
1e-014,3729.5,5773.48,15308.7,1768515943,
1.5e-014,2568.86,5322,11889.8,926365492,
2e-014,2213.98,3634.94,9295.45,84215041,
2.5e-014,1436.23,3180.19,6852.22,-757935410,
3e-014,1393.24,1732.58,5294.69,-1600085861,
3.5e-014,1065.88,1231.11,3956.26,1852730984,
4e-014,1010.85,278.371,2862.83,1010580533,
4.5e-014,890.035,-361.641,1913.92,168430082,
5e-014,649.48,-530.02,1130.51,-673720369,
5.5e-014,585.808,-1039.75,457.995,-1515870820,
6e-014,467.443,-1247.71,-52.5969,1936946025,
6.5e-014,358.81,-1403.71,-486.338,1094795574,
7e-014,306.056,-1620.32,-837.828,252645123,
7.5e-014,230.724,-1707.26,-1117.36,-589505328,
8e-014,190.808,-1828.85,-1341.01,-1431655779,
8.5e-014,195.03,-2029.65,-1531.02,2021161066,
9e-014,146.624,-2075.59,-1700.71,1179010615,
9.5e-014,131.655,-2158,-1821.4,336860164,
1e-013,124.505,-2257.55,-1939.23,-505290287,
1.05e-013,94.4082,-2264.7,-2023.32,-1347440738,
1.1e-013,94.6293,-2339.18,-2097.24,2105376107,
1.15e-013,64.4794,-2320.45,-2155.6,1263225656,
1.2e-013,55.3852,-2343.34,-2201.73,421075205,
1.25e-013,49.7435,-2364.84,-2237.66,-421075246,
1.3e-013,42.277,-2381.91,-2273.82,-1263225697,
1.35e-013,32.0655,-2381.06,-2299.08,-2105376148,
1.4e-013,32.3239,-2407.32,-2324.68,1347440697,
1.45e-013,26.8314,-2412.69,-2344.09,505290246,
1.5e-013,25.8622,-2425.79,-2359.67,-336860205,
1.55e-013,24.323,-2429.36,-2367.17,-1179010656,
1.6e-013,24.2405,-2435.95,-2373.97,-2021161107,
1.65e-013,24.8895,-2443.2,-2379.57,1431655738,
1.7e-013,24.1683,-2447.25,-2385.46,589505287,
1.75e-013,24.8131,-2454.38,-2390.94,-252645164,
1.8e-013,22.8499,-2453.94,-2395.52,-1094795615,
1.85e-013,23.4063,-2460.05,-2400.2,-1936946066,
1.9e-013,22.2714,-2461.63,-2404.69,1515870779,
1.95e-013,21.1165,-2462.51,-2408.52,673720328,
2e-013,20.3728,-2463.4,-2411.31,-168430123,
2.05e-013,22.3713,-2466.52,-2409.33,-1010580574,
2.1e-013,22.4456,-2465.27,-2407.88,-1852731025,
2.15e-013,24.8272,-2471.16,-2407.69,1600085820,
2.2e-013,25.5018,-2473.07,-2407.87,757935369,
2.25e-013,26.5168,-2477.8,-2410,-84215082,
2.3e-013,25.123,-2474.2,-2409.96,-926365533,
2.35e-013,26.8372,-2479.76,-2411.14,-1768515984,
2.4e-013,26.8733,-2481.07,-2412.36,1684300861,
2.45e-013,25.4866,-2479.31,-2414.15,842150410,
2.5e-013,24.7478,-2477.46,-2414.19,-41,
2.55e-013,28.4948,-2483.83,-2410.97,-842150492,
2.6e-013,26.4724,-2475.56,-2407.88,-1684300943,
2.65e-013,28.4601,-2478.7,-2405.93,1768515902,
2.7e-013,27.4579,-2474.59,-2404.39,926365451,
2.75e-013,29.0224,-2477.64,-2403.44,84215000,
2.8e-013,29.354,-2478.01,-2402.96,-757935451,
2.85e-013,29.5085,-2478.3,-2402.86,-1600085902,
2.9e-013,28.626,-2475.25,-2402.07,1852730943,
2.95e-013,31.1559,-2481.69,-2402.03,1010580492,
3e-013,29.4779,-2477.93,-2402.56,168430041,
3.05e-013,31.8486,-2479.6,-2398.18,-673720410,
3.1e-013,31.3041,-2473.85,-2393.82,-1515870861,
3.15e-013,34.3713,-2479.05,-2391.18,1936945984,
3.2e-013,33.3516,-2474.91,-2389.64,1094795533,
3.25e-013,35.5266,-2479.35,-2388.52,252645082,
3.3e-013,34.1351,-2475.93,-2388.66,-589505369,
3.35e-013,37.4437,-2484.53,-2388.8,-1431655820,
3.4e-013,35.1172,-2480,-2390.21,2021161025,
3.45e-013,36.6034,-2484.44,-2390.85,1179010574,
3.5e-013,35.3012,-2481.32,-2391.06,336860123,
3.55e-013,38.8556,-2485.35,-2386.01,-505290328,
3.6e-013,39.8218,-2485.05,-2383.23,-1347440779,
3.65e-013,40.7014,-2484.92,-2380.86,2105376066,
3.7e-013,41.3557,-2484.97,-2379.24,1263225615,
3.75e-013,42.6996,-2487.39,-2378.22,421075164,
3.8e-013,40.841,-2481.47,-2377.05,-421075287,
3.85e-013,43.6223,-2487.57,-2376.04,-1263225738,
3.9e-013,41.7444,-2482.7,-2375.97,-2105376189,
3.95e-013,42.1941,-2483.25,-2375.38,1347440656,
4e-013,42.7284,-2484.45,-2375.2,505290205,
4.05e-013,45.2279,-2486.44,-2370.8,-336860246,
4.1e-013,45.6005,-2485.15,-2368.56,-1179010697,
4.15e-013,46.1685,-2483.92,-2365.88,-2021161148,
4.2e-013,46.3283,-2482.92,-2364.47,1431655697,
4.25e-013,47.2821,-2483.83,-2362.95,589505246,
4.3e-013,47.3298,-2483.45,-2362.44,-252645205,
4.35e-013,47.067,-2481.85,-2361.51,-1094795656,
4.4e-013,46.9017,-2480.48,-2360.57,-1936946107,
4.45e-013,47.0138,-2479.57,-2359.37,1515870738,
4.5e-013,49.5393,-2486.98,-2360.32,673720287,
4.55e-013,48.0393,-2478.59,-2355.76,-168430164,
4.6e-013,49.664,-2478.43,-2351.46,-1010580615,
4.65e-013,51.1049,-2479.74,-2349.08,-1852731066,
4.7e-013,53.6078,-2485.78,-2348.72,1600085779,
4.75e-013,52.0929,-2481.66,-2348.47,757935328,
4.8e-013,55.3992,-2490.47,-2348.83,-84215123,
4.85e-013,54.0363,-2488.39,-2350.24,-926365574,
4.9e-013,56.8042,-2496.11,-2350.88,-1768516025,
4.95e-013,53.8368,-2489.45,-2351.81,1684300820,
5e-013,54.7154,-2490.71,-2350.82,842150369,
5.05e-013,56.3685,-2489.32,-2345.21,-82,
5.1e-013,58.037,-2489.55,-2341.16,-842150533,
5.15e-013,57.1107,-2483.24,-2337.23,-1684300984,
5.2e-013,60.242,-2488.49,-2334.47,1768515861,
5.25e-013,57.7149,-2479.97,-2332.41,926365410,
5.3e-013,59.9428,-2483.31,-2330.06,84214959,
5.35e-013,57.6063,-2475.21,-2327.93,-757935492,
5.4e-013,58.1987,-2474.82,-2326.03,-1600085943,
5.45e-013,58.0953,-2471.84,-2323.3,1852730902,
5.5e-013,58.6417,-2471.34,-2321.41,1010580451,
5.55e-013,58.6133,-2463.67,-2313.81,168430000,
5.6e-013,60.0689,-2460.66,-2307.08,-673720451,
5.65e-013,62.406,-2462.05,-2302.5,-1515870902,
5.7e-013,60.2641,-2452.66,-2298.59,1936945943,
5.75e-013,62.0804,-2452.59,-2293.87,1094795492,
5.8e-013,62.5663,-2451.52,-2291.56,252645041,
5.85e-013,63.2763,-2450.64,-2288.86,-589505410,
5.9e-013,62.1219,-2445.66,-2286.83,-1431655861,
5.95e-013,64.7917,-2450.9,-2285.25,2021160984,
6e-013,65.8631,-2453.86,-2285.47,1179010533,
6.05e-013,68.3326,-2456.63,-2281.92,336860082,
6.1e-013,67.0228,-2449.85,-2278.49,-505290369,
6.15e-013,70.2361,-2455.31,-2275.74,-1347440820,
6.2e-013,69.6766,-2452.93,-2274.78,2105376025,
6.25e-013,70.8114,-2453.78,-2272.74,1263225574,
6.3e-013,69.234,-2448.03,-2271.02,421075123,
6.35e-013,71.4807,-2451.39,-2268.64,-421075328,
6.4e-013,71.2613,-2449.5,-2267.3,-1263225779,
6.45e-013,73.3066,-2453.84,-2266.42,-2105376230,
6.5e-013,70.5346,-2445.66,-2265.32,1347440615,
6.55e-013,73.5175,-2445.32,-2257.36,505290164,
6.6e-013,73.2652,-2439.4,-2252.08,-336860287,
6.65e-013,74.7707,-2437.01,-2245.84,-1179010738,
6.7e-013,73.3877,-2429.21,-2241.58,-2021161189,
6.75e-013,74.422,-2426.41,-2236.13,1431655656,
6.8e-013,72.974,-2418.18,-2231.61,589505205,
6.85e-013,73.766,-2415.24,-2226.65,-252645246,
6.9e-013,72.7155,-2408.67,-2222.76,-1094795697,
6.95e-013,73.3729,-2405.68,-2218.09,-1936946148,
7e-013,75.3625,-2408.06,-2215.38,1515870697,
7.05e-013,77.0195,-2405.15,-2208.24,673720246,
7.1e-013,79.0811,-2405.29,-2203.1,-168430205,
7.15e-013,80.1043,-2404.68,-2199.88,-1010580656,
7.2e-013,79.584,-2400.11,-2196.64,-1852731107,
7.25e-013,79.9838,-2397.86,-2193.36,1600085738,
7.3e-013,81.9612,-2400.07,-2190.52,757935287,
7.35e-013,80.5153,-2395.67,-2189.82,-84215164,
7.4e-013,77.2957,-2383.18,-2185.55,-926365615,
7.45e-013,77.6303,-2378.41,-2179.93,-1768516066,
7.5e-013,79.3117,-2378.45,-2175.68,1684300779,
7.55e-013,78.3346,-2365.99,-2165.71,842150328,
7.6e-013,80.276,-2359.96,-2154.72,-123,
7.65e-013,80.5516,-2351.07,-2145.12,-842150574,
7.7e-013,85.511,-2355.13,-2136.5,-1684301025,
7.75e-013,84.2365,-2345.8,-2130.43,1768515820,
7.8e-013,87.0671,-2346.54,-2123.93,926365369,
7.85e-013,86.655,-2340.63,-2119.08,84214918,
7.9e-013,92.5366,-2352.92,-2116.33,-757935533,
7.95e-013,88.6055,-2343.09,-2116.56,-1600085984,
8e-013,88.236,-2338.76,-2113.16,1852730861,
8.05e-013,88.0623,-2330.93,-2105.78,1010580410,
8.1e-013,91.935,-2334.93,-2099.87,168429959,
8.15e-013,87.5685,-2318.63,-2094.74,-673720492,
8.2e-013,92.6486,-2326.07,-2089.2,-1515870943,
8.25e-013,93.6573,-2325.96,-2086.5,1936945902,
8.3e-013,95.3656,-2329.42,-2085.6,1094795451,
8.35e-013,95.1285,-2327.14,-2083.92,252645000,
8.4e-013,96.9763,-2331.58,-2083.64,-589505451,
8.45e-013,96.3406,-2330.2,-2083.89,-1431655902,
8.5e-013,98.2678,-2336.02,-2084.78,2021160943,
8.55e-013,97.1379,-2329.36,-2081.01,1179010492,
8.6e-013,99.9483,-2334.13,-2078.59,336860041,
8.65e-013,100.104,-2332.83,-2076.9,-505290410,
8.7e-013,98.8692,-2330.13,-2077.35,-1347440861,
8.75e-013,95.6424,-2317.45,-2072.92,2105375984,
8.8e-013,95.5744,-2313.3,-2068.95,1263225533,
8.85e-013,100.307,-2321.96,-2065.5,421075082,
8.9e-013,96.6004,-2310.83,-2063.85,-421075369,
8.95e-013,97.0538,-2306.77,-2058.63,-1263225820,
9e-013,99.5695,-2309.19,-2054.62,-2105376271,
9.05e-013,104.405,-2314.56,-2047.63,1347440574,
9.1e-013,103.583,-2308.58,-2043.74,505290123,
9.15e-013,107.127,-2311.88,-2037.99,-336860328,
9.2e-013,106.812,-2311.16,-2038.08,-1179010779,
9.25e-013,109.003,-2314.83,-2036.14,-2021161230,
9.3e-013,103.732,-2301.58,-2036.37,1431655615,
9.35e-013,103.975,-2298.19,-2032.35,589505164,
9.4e-013,104.217,-2296.48,-2030.03,-252645287,
9.45e-013,106.844,-2302.18,-2029.01,-1094795738,
9.5e-013,103.43,-2293.78,-2029.34,-1936946189,
9.55e-013,107.297,-2294.98,-2020.66,1515870656,
9.6e-013,109.151,-2294.74,-2015.67,673720205,
9.65e-013,113.322,-2301.84,-2012.11,-168430246,
9.7e-013,114.677,-2304.35,-2011.16,-1010580697,
9.75e-013,118.265,-2314.23,-2011.86,-1852731148,
9.8e-013,114.076,-2304.68,-2013.02,1600085697,
9.85e-013,115.48,-2308.42,-2013.17,757935246,
9.9e-013,111.281,-2297.93,-2013.42,-84215205,
9.95e-013,111.245,-2295.72,-2011.3,-926365656,
1e-012,109.181,-2288.08,-2008.94,-1768516107,
1.005e-012,111.923,-2288.23,-2002.07,1684300738,
1.01e-012,117.159,-2297.78,-1998.24,842150287,
1.015e-012,116.754,-2294.95,-1996.44,-164,
1.02e-012,122.896,-2309.52,-1995.31,-842150615,
1.025e-012,119.954,-2302.72,-1996.03,-1684301066,
1.03e-012,127.33,-2322.24,-1996.69,1768515779,
1.035e-012,124.666,-2319.84,-2001.11,926365328,
1.04e-012,122.333,-2314.79,-2002.02,84214877,
1.045e-012,119.692,-2306.61,-2000.59,-757935574,
1.05e-012,125.411,-2321.51,-2000.87,-1600086025,
1.055e-012,119.524,-2303.39,-1997.8,1852730820,
1.06e-012,123.224,-2307.7,-1992.65,1010580369,
1.065e-012,117.735,-2289.42,-1988.41,168429918,
1.07e-012,119.612,-2288.08,-1982.27,-673720533,
1.075e-012,118.143,-2277.23,-1975.17,-1515870984,
1.08e-012,120.821,-2278.28,-1969.37,1936945861,
1.085e-012,119.755,-2267.98,-1961.8,1094795410,
1.09e-012,126.771,-2280.94,-1956.82,252644959,
1.095e-012,123.989,-2270.55,-1953.55,-589505492,
1.1e-012,125.354,-2269.34,-1948.85,-1431655943,
1.105e-012,126.074,-2260.46,-1938.13,2021160902,
1.11e-012,133.683,-2275.6,-1933.81,1179010451,
1.115e-012,132.91,-2271.56,-1931.75,336860000,
1.12e-012,132.201,-2270.21,-1932.21,-505290451,
1.125e-012,131.429,-2266.75,-1930.72,-1347440902,
1.13e-012,129.486,-2261.62,-1930.56,2105375943,
1.135e-012,131.175,-2265.71,-1930.33,1263225492,
1.14e-012,125.306,-2249.39,-1929.02,421075041,
1.145e-012,124.212,-2239.76,-1922.19,-421075410,
1.15e-012,125.709,-2237.79,-1916.38,-1263225861,
1.155e-012,126.973,-2228.53,-1903.9,-2105376312,
1.16e-012,126.993,-2217.94,-1893.26,1347440533,
1.165e-012,130.105,-2214.99,-1882.35,505290082,
1.17e-012,131.229,-2210.31,-1874.79,-336860369,
1.175e-012,136.003,-2217.72,-1870,-1179010820,
1.18e-012,132.102,-2205.31,-1867.56,-2021161271,
1.185e-012,131.187,-2197.83,-1862.42,1431655574,
1.19e-012,131.677,-2195.84,-1859.18,589505123,
1.195e-012,130.746,-2188.98,-1854.7,-252645328,
1.2e-012,136.567,-2202.25,-1853.09,-1094795779,
1.205e-012,146.889,-2228.59,-1853.04,-1936946230,
1.21e-012,140.402,-2214.65,-1855.68,1515870615,
1.215e-012,142.452,-2215.53,-1851.32,673720164,
1.22e-012,146.56,-2224.8,-1850.09,-168430287,
1.225e-012,149.653,-2234.85,-1852.23,-1010580738,
1.23e-012,150.683,-2240.92,-1855.67,-1852731189,
1.235e-012,147.939,-2237.48,-1859.24,1600085656,
1.24e-012,144.462,-2229.49,-1860.14,757935205,
1.245e-012,146.881,-2236.57,-1861.04,-84215246,
1.25e-012,139.913,-2220.59,-1862.87,-926365697,
1.255e-012,139.916,-2212.51,-1854.79,-1768516148,
1.26e-012,142.327,-2213.16,-1849.27,1684300697,
1.265e-012,141.762,-2207.74,-1845.29,842150246,
1.27e-012,143.562,-2207.36,-1840.31,-205,
1.275e-012,141.236,-2196.53,-1835.43,-842150656,
1.28e-012,142.729,-2192.5,-1827.59,-1684301107,
1.285e-012,143.85,-2187.9,-1820.12,1768515738,
1.29e-012,146.826,-2189.07,-1813.67,926365287,
1.295e-012,138.384,-2157.85,-1804.04,84214836,
1.3e-012,146.708,-2168.54,-1793.45,-757935615,
1.305e-012,145.281,-2154.45,-1783.01,-1600086066,
1.31e-012,148.656,-2153.27,-1773.2,1852730779,
1.315e-012,144.684,-2134.47,-1764.55,1010580328,
1.32e-012,154.45,-2154.03,-1759.15,168429877,
1.325e-012,155.006,-2155.7,-1759.4,-673720574,
1.33e-012,161.157,-2174.19,-1762.16,-1515871025,
1.335e-012,153.798,-2158.42,-1765.2,1936945820,
1.34e-012,155.851,-2160.82,-1762.36,1094795369,
1.345e-012,151.109,-2144.8,-1758.46,252644918,
1.35e-012,158.675,-2160,-1754.31,-589505533,
1.355e-012,156.295,-2144.42,-1744.82,-1431655984,
1.36e-012,172.903,-2185.27,-1743.2,2021160861,
1.365e-012,169.083,-2180.35,-1748.05,1179010410,
1.37e-012,165.365,-2172.92,-1750.13,336859959,
1.375e-012,165.655,-2175.23,-1751.7,-505290492,
1.38e-012,161.779,-2166.34,-1752.71,-1347440943,
1.385e-012,157.424,-2152.77,-1750.28,2105375902,
1.39e-012,162.429,-2162.45,-1747.17,1263225451,
1.395e-012,166.017,-2174.69,-1750.23,421075000,
1.4e-012,165.01,-2177.13,-1755.25,-421075451,
1.405e-012,160.767,-2160.46,-1749.42,-1263225902,
1.41e-012,162.553,-2158.51,-1742.91,-2105376353,
1.415e-012,169.84,-2172.49,-1738.26,1347440492,
1.42e-012,164.886,-2157.41,-1735.84,505290041,
1.425e-012,172.245,-2174.29,-1733.91,-336860410,
1.43e-012,163.245,-2149.33,-1731.96,-1179010861,
1.435e-012,168.362,-2158.65,-1728.2,-2021161312,
1.44e-012,164.248,-2146.82,-1726.88,1431655533,
1.445e-012,160.217,-2131.1,-1721.47,589505082,
1.45e-012,161.042,-2127,-1715.26,-252645369,
1.455e-012,175.319,-2159.27,-1711.03,-1094795820,
1.46e-012,163.083,-2124.93,-1707.98,-1936946271,
1.465e-012,170.139,-2135.66,-1700.67,1515870574,
1.47e-012,161.64,-2106.07,-1692.81,673720123,
1.475e-012,170.066,-2119.82,-1685.01,-168430328,
1.48e-012,167.845,-2107.78,-1678.65,-1010580779,
1.485e-012,176.222,-2124.13,-1673.58,-1852731230,
1.49e-012,175.909,-2121.81,-1672.06,1600085615,
1.495e-012,184.337,-2145.58,-1674.28,757935164,
1.5e-012,181.709,-2145.5,-1680.92,-84215287,
1.505e-012,183.157,-2151.26,-1682.98,-926365738,
1.51e-012,178.177,-2139.73,-1684.18,-1768516189,
1.515e-012,170.431,-2114.02,-1678.28,1684300656,
1.52e-012,176.713,-2124.99,-1673.19,842150205,
1.525e-012,165.734,-2088.78,-1665.05,-246,
1.53e-012,173.283,-2100.32,-1657.28,-842150697,
1.535e-012,169.683,-2083.38,-1649.55,-1684301148,
1.54e-012,172.3,-2080.58,-1640.06,1768515697,
1.545e-012,178.709,-2089.39,-1632.49,926365246,
1.55e-012,188.316,-2115.24,-1633.77,84214795,
1.555e-012,191.121,-2125.36,-1636.72,-757935656,
1.56e-012,188.035,-2120.72,-1639.97,-1600086107,
1.565e-012,179.493,-2098.16,-1639.25,1852730738,
1.57e-012,182.127,-2101.94,-1636.3,1010580287,
1.575e-012,174.426,-2080.9,-1634.94,168429836,
1.58e-012,169.529,-2058.52,-1625.08,-673720615,
1.585e-012,179.517,-2077.83,-1618.86,-1515871066,
1.59e-012,183.897,-2088.31,-1618.14,1936945779,
1.595e-012,177.795,-2071.61,-1617.04,1094795328,
1.6e-012,184.934,-2084.17,-1611.34,252644877,
1.605e-012,187.55,-2087.77,-1608.26,-589505574,
1.61e-012,184.483,-2072.32,-1600.65,-1431656025,
1.615e-012,184.852,-2064.94,-1592.33,2021160820,
1.62e-012,191.236,-2074.26,-1585.32,1179010369,
1.625e-012,190.721,-2074.33,-1586.71,336859918,
1.63e-012,183.379,-2052.94,-1584.1,-505290533,
1.635e-012,184.307,-2050.62,-1579.4,-1347440984,
1.64e-012,190.674,-2064.91,-1577.41,2105375861,
1.645e-012,190.878,-2065.31,-1577.29,1263225410,
1.65e-012,195.282,-2078.73,-1579.45,421074959,
1.655e-012,206.081,-2110.73,-1583.84,-421075492,
1.66e-012,194.181,-2083.02,-1586.55,-1263225943,
1.665e-012,192.641,-2071.51,-1578.98,-2105376394,
1.67e-012,187.631,-2047.22,-1567.5,1347440451,
1.675e-012,193.537,-2054.48,-1559.66,505290000,
1.68e-012,191.809,-2044.23,-1553.83,-336860451,
1.685e-012,206.048,-2079.81,-1553.01,-1179010902,
1.69e-012,200.241,-2074.91,-1562.96,-2021161353,
1.695e-012,196.548,-2066.26,-1563.74,1431655492,
1.7e-012,182.108,-2027.04,-1561.44,589505041,
1.705e-012,192.392,-2039.4,-1547.51,-252645410,
1.71e-012,187.893,-2018.34,-1537.96,-1094795861,
1.715e-012,206.44,-2062.06,-1534.25,-1936946312,
1.72e-012,200.101,-2046.18,-1534.58,1515870533,
1.725e-012,209.344,-2069.75,-1534.51,673720082,
1.73e-012,205.443,-2063.07,-1537.81,-168430369,
1.735e-012,204.973,-2056.36,-1532.31,-1010580820,
1.74e-012,218.81,-2099.32,-1539.89,-1852731271,
1.745e-012,211.303,-2086.38,-1546.14,1600085574,
1.75e-012,205.151,-2075.54,-1551.03,757935123,
1.755e-012,210.483,-2084.46,-1546.31,-84215328,
1.76e-012,206.827,-2074.8,-1546,-926365779,
1.765e-012,200.717,-2051.95,-1538.78,-1768516230,
1.77e-012,211.911,-2074.92,-1533.13,1684300615,
1.775e-012,209.115,-2067.67,-1533.03,842150164,
1.78e-012,217.391,-2088.76,-1532.95,-287,
1.785e-012,211.944,-2075.62,-1533.73,-842150738,
1.79e-012,216.842,-2089.02,-1534.61,-1684301189,
1.795e-012,208.45,-2067.65,-1534.7,1768515656,
1.8e-012,211.86,-2073.51,-1531.85,926365205,
1.805e-012,204.034,-2042.12,-1520.46,84214754,
1.81e-012,213.53,-2055.97,-1510.03,-757935697,
1.815e-012,211.127,-2046.87,-1507.08,-1600086148,
1.82e-012,215.468,-2056.34,-1505.45,1852730697,
1.825e-012,203.676,-2023.37,-1502.63,1010580246,
1.83e-012,210.574,-2033.21,-1494.84,168429795,
1.835e-012,207.502,-2024.14,-1493.61,-673720656,
1.84e-012,211.358,-2030.83,-1490.45,-1515871107,
1.845e-012,203.993,-2007.76,-1486.21,1936945738,
1.85e-012,213.667,-2026.82,-1480.54,1094795287,
1.855e-012,213.615,-2020.65,-1474.5,252644836,
1.86e-012,214.136,-2014.29,-1466.81,-589505615,
1.865e-012,218.623,-2017.74,-1458.78,-1431656066,
1.87e-012,225.796,-2036.26,-1458.96,2021160779,
1.875e-012,213.723,-2005.37,-1458.94,1179010328,
1.88e-012,208.441,-1979.31,-1446.39,336859877,
1.885e-012,218.249,-1997.5,-1439.5,-505290574,
1.89e-012,217.195,-1991.72,-1436.42,-1347441025,
1.895e-012,216.539,-1986.9,-1433.27,2105375820,
1.9e-012,209.354,-1961.71,-1426.45,1263225369,
1.905e-012,212.594,-1954.65,-1411.11,421074918,
1.91e-012,209.482,-1928.39,-1392.81,-421075533,
1.915e-012,229.178,-1967.49,-1381.55,-1263225984,
1.92e-012,226.097,-1957.3,-1379.24,-2105376435,
1.925e-012,236.856,-1985.94,-1380.37,1347440410,
1.93e-012,234.301,-1984.85,-1385.82,505289959,
1.935e-012,245.83,-2025.39,-1396.88,-336860492,
1.94e-012,231.981,-2000.2,-1407.09,-1179010943,
1.945e-012,241.039,-2032.51,-1416.24,-2021161394,
1.95e-012,236.103,-2035.15,-1431.5,1431655451,
1.955e-012,239.037,-2051.85,-1440.71,589505000,
1.96e-012,221.447,-2010.06,-1443.89,-252645451,
1.965e-012,225.046,-2015.4,-1440.02,-1094795902,
1.97e-012,217.189,-1987.86,-1432.57,-1936946353,
1.975e-012,220.148,-1983.04,-1420.19,1515870492,
1.98e-012,227.489,-1993.95,-1412.33,673720041,
1.985e-012,232.977,-2004.06,-1408.41,-168430410,
1.99e-012,228.144,-1988.85,-1405.55,-1010580861,
1.995e-012,228.998,-1982.02,-1396.54,-1852731312,
2e-012,223.526,-1958.53,-1387.03,1600085533,
2.005e-012,224.827,-1945.39,-1370.58,757935082,
2.01e-012,233.503,-1954.22,-1357.22,-84215369,
2.015e-012,234.443,-1952.46,-1353.05,-926365820,
2.02e-012,238.03,-1960.24,-1351.67,-1768516271,
2.025e-012,228.363,-1928.89,-1345.03,1684300574,
2.03e-012,234.478,-1939.92,-1340.43,842150123,
2.035e-012,239.83,-1947.05,-1333.87,-328,
2.04e-012,249.813,-1980.15,-1341.45,-842150779,
2.045e-012,246.757,-1977.82,-1346.94,-1684301230,
2.05e-012,245.756,-1976.78,-1348.46,1768515615,
2.055e-012,235.973,-1943.22,-1339.9,926365164,
2.06e-012,234.315,-1921.64,-1322.57,84214713,
2.065e-012,235.54,-1910.78,-1308.57,-757935738,
2.07e-012,250.588,-1949.58,-1308.9,-1600086189,
2.075e-012,231.107,-1898.56,-1307.69,1852730656,
2.08e-012,237.945,-1909.67,-1301.31,1010580205,
2.085e-012,239.054,-1912.45,-1301.25,168429754,
2.09e-012,230.308,-1889.42,-1300.59,-673720697,
2.095e-012,232.562,-1888.86,-1294.26,-1515871148,
2.1e-012,242.394,-1911.08,-1291.35,1936945697,
2.105e-012,245.428,-1915.65,-1288.16,1094795246,
2.11e-012,259.864,-1953.51,-1289.12,252644795,
2.115e-012,256.824,-1954.19,-1297.56,-589505656,
2.12e-012,253.382,-1946.8,-1298.97,-1431656107,
2.125e-012,248.308,-1932.94,-1298.09,2021160738,
2.13e-012,249.71,-1934.07,-1295.64,1179010287,
2.135e-012,236.724,-1895.17,-1289.93,336859836,
2.14e-012,245.733,-1911.45,-1283.18,-505290615,
2.145e-012,235.698,-1880.7,-1278.09,-1347441066,
2.15e-012,246.716,-1903.59,-1272.81,2105375779,
2.155e-012,251.51,-1914.18,-1271.14,1263225328,
2.16e-012,252.099,-1911.33,-1266.78,421074877,
2.165e-012,254.979,-1915.35,-1263.44,-421075574,
2.17e-012,255.096,-1908.69,-1256.49,-1263226025,
2.175e-012,267.504,-1941.07,-1257.14,-2105376476,
2.18e-012,279.462,-1982.95,-1268.45,1347440369,
2.185e-012,261.879,-1951.3,-1281.75,505289918,
2.19e-012,250.292,-1918.04,-1278.11,-336860533,
2.195e-012,252.345,-1920.33,-1275.16,-1179010984,
2.2e-012,242.446,-1892.03,-1272.17,-2021161435,
2.205e-012,251.23,-1905.57,-1263.25,1431655410,
2.21e-012,252.776,-1908.82,-1262.54,589504959,
2.215e-012,249.535,-1899.45,-1261.46,-252645492,
2.22e-012,249.251,-1887.55,-1250.29,-1094795943,
2.225e-012,262.531,-1919.84,-1248.62,-1936946394,
2.23e-012,255.251,-1895,-1242.4,1515870451,
2.235e-012,271.51,-1933.89,-1239.71,673720000,
2.24e-012,279.257,-1962.33,-1248.35,-168430451,
2.245e-012,278.265,-1972.61,-1261.16,-1010580902,
2.25e-012,273.323,-1967.66,-1268.85,-1852731353,
2.255e-012,267.828,-1955.17,-1270.41,1600085492,
2.26e-012,264.088,-1937.3,-1262.11,757935041,
2.265e-012,280.775,-1982.95,-1265.09,-84215410,
2.27e-012,283.993,-2002.43,-1276.35,-926365861,
2.275e-012,282.832,-2011.17,-1288.05,-1768516312,
2.28e-012,272.379,-1989.74,-1293.35,1684300533,
2.285e-012,278.575,-2008.51,-1296.27,842150082,
2.29e-012,260.174,-1957.47,-1292.28,-369,
2.295e-012,264.997,-1956.62,-1279.1,-842150820,
2.3e-012,279.499,-1993.29,-1278.69,-1684301271,
2.305e-012,276.125,-1985.65,-1279.68,1768515574,
2.31e-012,265.202,-1951.15,-1273.11,926365123,
2.315e-012,258.586,-1922.93,-1261.8,84214672,
2.32e-012,251.225,-1886.66,-1244.35,-757935779,
2.325e-012,265.207,-1906.84,-1228.78,-1600086230,
2.33e-012,270.126,-1916.36,-1225.73,1852730615,
2.335e-012,270.723,-1920.71,-1228.55,1010580164,
2.34e-012,265.694,-1900.41,-1221.1,168429713,
2.345e-012,281.696,-1943.31,-1223.1,-673720738,
2.35e-012,274.596,-1924.65,-1222.59,-1515871189,
2.355e-012,277.523,-1924.99,-1215.44,1936945656,
2.36e-012,284.486,-1935.82,-1208.47,1094795205,
2.365e-012,282.931,-1929.42,-1206.05,252644754,
2.37e-012,288.01,-1939.12,-1202.76,-589505697,
2.375e-012,283.538,-1933.89,-1208.96,-1431656148,
2.38e-012,276.391,-1908.78,-1202.13,2021160697,
2.385e-012,292.193,-1952.88,-1205.82,1179010246,
2.39e-012,278.477,-1921.52,-1209.53,336859795,
2.395e-012,277.935,-1919.3,-1208.7,-505290656,
2.4e-012,278.327,-1915.33,-1203.73,-1347441107,
2.405e-012,281.649,-1919.68,-1199.59,2105375738,
2.41e-012,283.961,-1917.5,-1191.5,1263225287,
2.415e-012,282.548,-1908.6,-1186.21,421074836,
2.42e-012,291.875,-1927.2,-1180.96,-421075615,
2.425e-012,284.659,-1909.39,-1181.6,-1263226066,
2.43e-012,279.895,-1889.25,-1173.64,-2105376517,
2.435e-012,293.145,-1921.81,-1172.32,1347440328,
2.44e-012,284.24,-1904.34,-1177.62,505289877,
2.445e-012,270.412,-1862.18,-1170.81,-336860574,
2.45e-012,279.87,-1874.53,-1158.98,-1179011025,
2.455e-012,298.771,-1926.35,-1162.48,-2021161476,
2.46e-012,275.87,-1864.28,-1158.96,1431655369,
2.465e-012,288.885,-1886.21,-1147.61,589504918,
2.47e-012,305.04,-1932.55,-1152.65,-252645533,
2.475e-012,288.537,-1893.91,-1156.2,-1094795984,
2.48e-012,294.284,-1903.59,-1151.19,-1936946435,
2.485e-012,287.882,-1883.04,-1147.01,1515870410,
2.49e-012,280.9,-1851.86,-1133.68,673719959,
2.495e-012,289.834,-1865.06,-1124.04,-168430492,
2.5e-012,297.449,-1881.94,-1121.45,-1010580943,
2.505e-012,308.15,-1910.67,-1122.82,-1852731394,
2.51e-012,293.246,-1872.77,-1123.02,1600085451,
2.515e-012,291.056,-1867.4,-1123.25,757935000,
2.52e-012,285.405,-1851.41,-1121.71,-84215451,
2.525e-012,286.924,-1854.19,-1120.61,-926365902,
2.53e-012,278.537,-1831.08,-1118.94,-1768516353,
2.535e-012,298.026,-1879.16,-1117.19,1684300492,
2.54e-012,298.26,-1879.83,-1117.26,842150041,
2.545e-012,297.877,-1877.92,-1116.33,-410,
2.55e-012,301.172,-1885.75,-1115.74,-842150861,
2.555e-012,314.521,-1920.79,-1116.65,-1684301312,
2.56e-012,304.399,-1896.09,-1117.83,1768515533,
2.565e-012,304.855,-1898.08,-1118.66,926365082,
2.57e-012,296.092,-1876.83,-1119.81,84214631,
2.575e-012,279.908,-1834.44,-1118.8,-757935820,
2.58e-012,266.061,-1795.9,-1115.66,-1600086271,
2.585e-012,276.317,-1818.73,-1112.27,1852730574,
2.59e-012,273.546,-1808.53,-1109.15,1010580123,
2.595e-012,296.783,-1866.93,-1108.14,168429672,
2.6e-012,297.977,-1869.95,-1108.11,-673720779,
2.605e-012,285.754,-1838.29,-1107.7,-1515871230,
2.61e-012,271.431,-1798.69,-1104.72,1936945615,
2.615e-012,288.981,-1841.91,-1103.07,1094795164,
2.62e-012,283.145,-1824.7,-1100.78,252644713,
2.625e-012,297.367,-1859.93,-1099.65,-589505738,
2.63e-012,293.083,-1848.17,-1098.85,-1431656189,
2.635e-012,289.716,-1839.06,-1098.34,2021160656,
2.64e-012,282.867,-1820.06,-1096.85,1179010205,
2.645e-012,280.616,-1812.24,-1094.78,336859754,
2.65e-012,298.521,-1856.67,-1093.44,-505290697,
2.655e-012,290.01,-1834.61,-1093.13,-1347441148,
2.66e-012,282.31,-1813.72,-1091.94,2105375697,
2.665e-012,262.502,-1760.68,-1089.54,1263225246,
2.67e-012,262.045,-1759.36,-1089.39,421074795,
2.675e-012,274.046,-1789.52,-1088.87,-421075656,
2.68e-012,279.986,-1801.94,-1086.1,-1263226107,
2.685e-012,296.712,-1843.61,-1085.01,-2105376558,
2.69e-012,298.745,-1849.38,-1085.58,1347440287,
2.695e-012,292.615,-1833.39,-1085.26,505289836,
2.7e-012,296.667,-1843.9,-1085.41,-336860615,
2.705e-012,286.689,-1817.84,-1084.85,-1179011066,
2.71e-012,274.208,-1784.04,-1082.97,-2021161517,
2.715e-012,293.09,-1830.07,-1080.73,1431655328,
2.72e-012,296.624,-1839,-1080.62,589504877,
2.725e-012,301.708,-1851.93,-1080.55,-252645574,
2.73e-012,307.406,-1866.71,-1080.76,-1094796025,
2.735e-012,304.894,-1861.29,-1081.77,-1936946476,
2.74e-012,303.366,-1856.99,-1081.37,1515870369,
2.745e-012,313.419,-1884.59,-1083.27,673719918,
2.75e-012,309.741,-1878.03,-1086.11,-168430533,
2.755e-012,299.184,-1855.35,-1090.42,-1010580984,
2.76e-012,288.157,-1826.58,-1089.84,-1852731435,
2.765e-012,282.291,-1809.41,-1087.67,1600085410,
2.77e-012,287.831,-1821.48,-1085.58,757934959,
2.775e-012,288.982,-1823.4,-1084.56,-84215492,
2.78e-012,294.6,-1837.63,-1084.43,-926365943,
2.785e-012,298.694,-1848.52,-1084.85,-1768516394,
2.79e-012,281.444,-1804.05,-1084.47,1684300451,
2.795e-012,264.614,-1757.97,-1081.43,842150000,
2.8e-012,279.67,-1793.06,-1078.03,-451,
2.805e-012,289.1,-1815.48,-1076.33,-842150902,
2.81e-012,291.955,-1821.65,-1075.21,-1684301353,
2.815e-012,297.976,-1835.99,-1074.15,1768515492,
2.82e-012,295.99,-1830.78,-1074.02,926365041,
2.825e-012,297.34,-1836.34,-1076.12,84214590,
2.83e-012,308.415,-1865.66,-1077.14,-757935861,
2.835e-012,309.192,-1869.24,-1078.72,-1600086312,
2.84e-012,295.913,-1835.45,-1078.89,1852730533,
2.845e-012,290.418,-1820.74,-1078.22,1010580082,
2.85e-012,274.408,-1777,-1075.42,168429631,
2.855e-012,294.25,-1826.07,-1073.76,-673720820,
2.86e-012,287.534,-1807.55,-1072.41,-1515871271,
2.865e-012,294.285,-1822.83,-1070.43,1936945574,
2.87e-012,306.342,-1853.46,-1070.23,1094795123,
2.875e-012,311.681,-1868.48,-1071.6,252644672,
2.88e-012,280.116,-1787.6,-1071.42,-589505779,
2.885e-012,303.286,-1845.52,-1070.1,-1431656230,
2.89e-012,287.905,-1806,-1069.91,2021160615,
2.895e-012,286.096,-1799.56,-1068.1,1179010164,
2.9e-012,296.945,-1827.45,-1068.25,336859713,
2.905e-012,302.172,-1841.8,-1069.23,-505290738,
2.91e-012,274.637,-1771.97,-1069.8,-1347441189,
2.915e-012,290.345,-1810.22,-1067.89,2105375656,
2.92e-012,296.742,-1826.77,-1068.09,1263225205,
2.925e-012,299.845,-1834.62,-1068,421074754,
2.93e-012,292.522,-1818.81,-1070.91,-421075697,
2.935e-012,273.279,-1767.1,-1068.41,-1263226148,
2.94e-012,275.722,-1772.02,-1067.08,-2105376599,
2.945e-012,287.391,-1798.47,-1063.69,1347440246,
2.95e-012,295.504,-1819.33,-1063.82,505289795,
2.955e-012,307.286,-1851.63,-1065.99,-336860656,
2.96e-012,292.192,-1813.46,-1066.41,-1179011107,
2.965e-012,301.289,-1836.18,-1065.87,-2021161558,
2.97e-012,296.776,-1828.52,-1069.75,1431655287,
2.975e-012,290.195,-1810.18,-1068.24,589504836,
2.98e-012,310.716,-1862.58,-1068.17,-252645615,
2.985e-012,304.962,-1848.39,-1068.69,-1094796066,
2.99e-012,316.302,-1878.69,-1070,-1936946517,
2.995e-012,307.005,-1855.74,-1070.81,1515870328,
3e-012,313.176,-1872.76,-1072.06,673719877,
3.005e-012,311.327,-1869.86,-1073.89,-168430574,
3.01e-012,305.223,-1855.22,-1074.85,-1010581025,
3.015e-012,308.655,-1865.56,-1076.42,-1852731476,
3.02e-012,289.229,-1818.61,-1079.14,1600085369,
3.025e-012,287.077,-1812.16,-1078.18,757934918,
3.03e-012,300.733,-1846.81,-1077.92,-84215533,
3.035e-012,290.672,-1821.46,-1078.3,-926365984,
3.04e-012,284.675,-1805.04,-1077.21,-1768516435,
3.045e-012,294.688,-1830.52,-1077.09,1684300410,
3.05e-012,302.429,-1850.77,-1077.55,842149959,
3.055e-012,290.988,-1822.87,-1078.9,-492,
3.06e-012,300.836,-1848.13,-1078.98,-842150943,
3.065e-012,314.062,-1883.46,-1080.5,-1684301394,
3.07e-012,317.167,-1893.1,-1082.19,1768515451,
3.075e-012,303.15,-1858.26,-1083.2,926365000,
3.08e-012,310.807,-1879.61,-1084.96,84214549,
3.085e-012,296.221,-1847.64,-1090.29,-757935902,
3.09e-012,301.949,-1863,-1091.01,-1600086353,
3.095e-012,313.777,-1894.2,-1091.96,1852730492,
3.1e-012,323.689,-1922.27,-1094.69,1010580041,
3.105e-012,307.056,-1882.37,-1097.32,168429590,
3.11e-012,294.784,-1850.74,-1097.07,-673720861,
3.115e-012,296.194,-1852.89,-1095.6,-1515871312,
3.12e-012,307.911,-1882.35,-1095.11,1936945533,
3.125e-012,306.636,-1879.62,-1095.64,1094795082,
3.13e-012,293.081,-1844.35,-1095.03,252644631,
3.135e-012,301.57,-1865.98,-1094.95,-589505820,
3.14e-012,296.567,-1855.36,-1097.13,-1431656271,
3.145e-012,286.116,-1827.91,-1096.39,2021160574,
3.15e-012,301.582,-1867.22,-1096.16,1179010123,
3.155e-012,292.523,-1844.58,-1096.68,336859672,
3.16e-012,294.27,-1855.86,-1103.5,-505290779,
3.165e-012,283.459,-1827.31,-1102.59,-1347441230,
3.17e-012,285.62,-1831.34,-1101.09,2105375615,
3.175e-012,282.319,-1821.28,-1099.47,1263225164,
3.18e-012,284.024,-1824.12,-1097.95,421074713,
3.185e-012,292.166,-1842.54,-1095.56,-421075738,
3.19e-012,309.072,-1885.31,-1095.11,-1263226189,
3.195e-012,302.482,-1868.34,-1094.98,-2105376640,
3.2e-012,294.289,-1846.8,-1094.39,1347440205,
3.205e-012,288.238,-1830.89,-1093.95,505289754,
3.21e-012,281.857,-1812.41,-1091.79,-336860697,
3.215e-012,279.264,-1804.48,-1090.48,-1179011148,
3.22e-012,295.151,-1843.56,-1088.95,-2021161599,
3.225e-012,287.229,-1822.44,-1088.08,1431655246,
3.23e-012,299.126,-1851.87,-1087.09,589504795,
3.235e-012,302.713,-1860.51,-1086.56,-252645656,
3.24e-012,299.411,-1851.57,-1086.07,-1094796107,
3.245e-012,313.744,-1889.12,-1086.97,-1936946558,
3.25e-012,308.554,-1876.99,-1088.11,1515870287,
3.255e-012,294.767,-1841.53,-1087.89,673719836,
3.26e-012,305.09,-1867.41,-1087.38,-168430615,
3.265e-012,298.557,-1856.23,-1092.91,-1010581066,
3.27e-012,304.257,-1875.37,-1097.47,-1852731517,
3.275e-012,287.725,-1833.36,-1097.73,1600085328,
3.28e-012,274.974,-1799.19,-1096.16,757934877,
3.285e-012,275.214,-1797.09,-1093.45,-84215574,
3.29e-012,280.406,-1808.89,-1091.97,-926366025,
3.295e-012,270.04,-1779.84,-1089.43,-1768516476,
3.3e-012,271.716,-1780.33,-1085.63,1684300369,
3.305e-012,289.409,-1823.71,-1083.77,842149918,
3.31e-012,276.266,-1789.02,-1082.69,-533,
3.315e-012,280.623,-1797.56,-1080.08,-842150984,
3.32e-012,297.43,-1839.16,-1078.72,-1684301435,
3.325e-012,291.33,-1822.7,-1077.85,1768515410,
3.33e-012,295.249,-1831.72,-1076.85,926364959,
3.335e-012,299.828,-1843.38,-1076.81,84214508,
3.34e-012,277.233,-1783.8,-1074.99,-757935943,
3.345e-012,280.247,-1788.69,-1072.18,-1600086394,
3.35e-012,280.509,-1793.25,-1076.07,1852730451,
3.355e-012,307.679,-1863.84,-1077.19,1010580000,
3.36e-012,299.937,-1843.94,-1077.08,168429549,
3.365e-012,324.243,-1907.55,-1078.55,-673720902,
3.37e-012,320.31,-1900.48,-1081.53,-1515871353,
3.375e-012,323.2,-1910.88,-1084.55,1936945492,
3.38e-012,295.822,-1841.69,-1085.36,1094795041,
3.385e-012,299.514,-1849.66,-1083.89,252644590,
3.39e-012,307.417,-1869.95,-1083.97,-589505861,
3.395e-012,307.244,-1870.45,-1084.92,-1431656312,
3.4e-012,302.012,-1858.4,-1086.24,2021160533,
3.405e-012,297.093,-1845.75,-1086.17,1179010082,
3.41e-012,300.355,-1854.5,-1086.57,336859631,
3.415e-012,310.206,-1880.58,-1087.47,-505290820,
3.42e-012,316.921,-1900.56,-1090.28,-1347441271,
3.425e-012,308.817,-1881.6,-1092.04,2105375574,
3.43e-012,310.076,-1886.18,-1093.41,1263225123,
3.435e-012,293.443,-1844.19,-1093.94,421074672,
3.44e-012,308.183,-1881.78,-1093.85,-421075779,
3.445e-012,288.05,-1829.9,-1093.44,-1263226230,
3.45e-012,310.332,-1886.22,-1092.79,-2105376681,
3.455e-012,307.905,-1881.78,-1094.55,1347440164,
3.46e-012,308.312,-1883.5,-1095.23,505289713,
3.465e-012,307.597,-1882.65,-1096.22,-336860738,
3.47e-012,317.551,-1909.32,-1097.44,-1179011189,
3.475e-012,314.283,-1903.64,-1100.11,-2021161640,
3.48e-012,312.164,-1900.99,-1102.87,1431655205,
3.485e-012,294.25,-1855.62,-1103.31,589504754,
3.49e-012,310.652,-1897.41,-1103.17,-252645697,
3.495e-012,295.454,-1859.08,-1103.69,-1094796148,
3.5e-012,302.546,-1876.29,-1102.77,-1936946599,
3.505e-012,312.829,-1903.88,-1104.06,1515870246,
3.51e-012,308.698,-1896.41,-1107.16,673719795,
3.515e-012,280.746,-1824.99,-1107.2,-168430656,
3.52e-012,297.781,-1866.51,-1105.17,-1010581107,
3.525e-012,308.684,-1895.59,-1106.38,-1852731558,
3.53e-012,294.547,-1859.72,-1106.65,1600085287,
3.535e-012,303.177,-1882.54,-1107.4,757934836,
3.54e-012,304.856,-1891.17,-1111.74,-84215615,
3.545e-012,310.983,-1910.5,-1115.4,-926366066,
3.55e-012,289.983,-1857.11,-1115.71,-1768516517,
3.555e-012,288.803,-1853.38,-1114.99,1684300328,
3.56e-012,282.318,-1835.26,-1113.46,842149877,
3.565e-012,290.417,-1854.63,-1112.12,-574,
3.57e-012,276.841,-1818.11,-1110.31,-842151025,
3.575e-012,285.073,-1836.8,-1107.95,-1684301476,
3.58e-012,270.836,-1800.31,-1107.86,1768515369,
3.585e-012,274.644,-1806.68,-1104.5,926364918,
3.59e-012,278.888,-1814.07,-1101.03,84214467,
3.595e-012,305.746,-1882.09,-1100.39,-757935984,
3.6e-012,292.027,-1847.08,-1100.45,-1600086435,
3.605e-012,289.117,-1838.3,-1099.11,1852730410,
3.61e-012,283.544,-1821.97,-1097.03,1010579959,
3.615e-012,291.87,-1840.88,-1094.66,168429508,
3.62e-012,303.321,-1870.44,-1094.94,-673720943,
3.625e-012,311.206,-1891.89,-1096.23,-1515871394,
3.63e-012,316.95,-1908.1,-1097.74,1936945451,
3.635e-012,310.901,-1894.23,-1099.35,1094795000,
3.64e-012,284.205,-1825.38,-1098.75,252644549,
3.645e-012,288.29,-1833.16,-1096.08,-589505902,
3.65e-012,306.738,-1879.8,-1095.56,-1431656353,
3.655e-012,285.086,-1824.92,-1096.04,2021160492,
3.66e-012,281.06,-1812,-1093.41,1179010041,
3.665e-012,281.585,-1811,-1091.07,336859590,
3.67e-012,293.986,-1843.04,-1091.41,-505290861,
3.675e-012,299.854,-1857.38,-1090.74,-1347441312,
3.68e-012,296.376,-1849.14,-1091.4,2105375533,
3.685e-012,275.603,-1793.36,-1088.72,1263225082,
3.69e-012,294.99,-1841.36,-1087.15,421074631,
3.695e-012,288.788,-1824.28,-1085.93,-421075820,
3.7e-012,300.381,-1852.35,-1084.36,-1263226271,
3.705e-012,303.938,-1861.17,-1084.09,-2105376722,
3.71e-012,312.177,-1883.33,-1085.19,1347440123,
3.715e-012,284.667,-1811.81,-1084,505289672,
3.72e-012,317.959,-1896.89,-1083.96,-336860779,
3.725e-012,315.79,-1893.07,-1085.69,-1179011230,
3.73e-012,322.95,-1913.94,-1088.25,-2021161681,
3.735e-012,301.497,-1859.68,-1088.84,1431655164,
3.74e-012,314.423,-1893.46,-1089.57,589504713,
3.745e-012,304.786,-1869.34,-1090.09,-252645738,
3.75e-012,305.072,-1870.35,-1090.37,-1094796189,
3.755e-012,296.76,-1848.08,-1089.35,-1936946640,
3.76e-012,324.543,-1919.69,-1089.92,1515870205,
3.765e-012,320.301,-1911.51,-1092.6,673719754,
3.77e-012,305.063,-1873.6,-1093.64,-168430697,
3.775e-012,297.978,-1855.17,-1093.33,-1010581148,
3.78e-012,298.844,-1856.74,-1092.68,-1852731599,
3.785e-012,289.308,-1830.85,-1091.17,1600085246,
3.79e-012,290.751,-1835.39,-1092.02,757934795,
3.795e-012,301.622,-1863.08,-1091.91,-84215656,
3.8e-012,288.386,-1829.12,-1091.79,-926366107,
3.805e-012,298.715,-1854.12,-1090.39,-1768516558,
3.81e-012,295.24,-1844.52,-1089.68,1684300287,
3.815e-012,291.077,-1832.21,-1088.01,842149836,
3.82e-012,296.15,-1844.25,-1087.08,-615,
3.825e-012,285.649,-1815.96,-1085.64,-842151066,
3.83e-012,296.435,-1842.05,-1084.15,-1684301517,
3.835e-012,286.959,-1816.4,-1082.73,1768515328,
3.84e-012,273.552,-1779.43,-1080.04,926364877,
3.845e-012,289.457,-1816.66,-1076.6,84214426,
3.85e-012,320.964,-1898.17,-1077.56,-757936025,
3.855e-012,314.958,-1885.35,-1080.09,-1600086476,
3.86e-012,307.266,-1867.42,-1081.83,1852730369,
3.865e-012,301.267,-1853.22,-1082.96,1010579918,
3.87e-012,302.508,-1856.94,-1083.52,168429467,
3.875e-012,312.061,-1881.94,-1084.09,-673720984,
3.88e-012,304.977,-1865.56,-1085.82,-1515871435,
3.885e-012,271.601,-1778.33,-1083.92,1936945410,
3.89e-012,291.888,-1827.39,-1081.12,1094794959,
3.895e-012,297.459,-1841.71,-1081.19,252644508,
3.9e-012,280.674,-1797.16,-1079.56,-589505943,
3.905e-012,308.836,-1868.6,-1079,-1431656394,
3.91e-012,312.955,-1880.75,-1080.61,2021160451,
3.915e-012,302.672,-1856,-1082.16,1179010000,
3.92e-012,300.159,-1849.13,-1081.71,336859549,
3.925e-012,304.264,-1860.69,-1082.78,-505290902,
3.93e-012,289.121,-1820.06,-1080.86,-1347441353,
3.935e-012,320.676,-1901.35,-1081.48,2105375492,
3.94e-012,319.273,-1899.81,-1083.52,1263225041,
3.945e-012,303.569,-1861.49,-1085.35,421074590,
3.95e-012,315.012,-1891.27,-1085.88,-421075861,
3.955e-012,301.359,-1857.07,-1086.58,-1263226312,
3.96e-012,307.267,-1872.32,-1086.73,-2105376763,
3.965e-012,296.87,-1851.84,-1092.83,1347440082,
3.97e-012,291.713,-1838.25,-1092.43,505289631,
3.975e-012,301.75,-1864.56,-1093.08,-336860820,
3.98e-012,287.616,-1828.98,-1093.63,-1179011271,
3.985e-012,275.631,-1795.61,-1090.9,-2021161722,
3.99e-012,296.968,-1849.05,-1089.79,1431655123,
3.995e-012,281.76,-1808.77,-1088.39,589504672,
4e-012,288.5,-1825.54,-1087.93,-252645779,
4.005e-012,289.528,-1829.48,-1089.24,-1094796230,
4.01e-012,293.629,-1840.55,-1089.82,-1936946681,
4.015e-012,284.158,-1819.22,-1092.72,1515870164,
4.02e-012,285.075,-1819.74,-1090.88,673719713,
4.025e-012,296.959,-1850.8,-1091.57,-168430738,
4.03e-012,287.694,-1826.79,-1091.24,-1010581189,
4.035e-012,291.7,-1836.29,-1090.5,-1852731640,
4.04e-012,282.489,-1811.22,-1088.98,1600085205,
4.045e-012,308.893,-1878.9,-1089.15,757934754,
4.05e-012,306.164,-1873.37,-1090.6,-84215697,
4.055e-012,293.722,-1841.12,-1090.16,-926366148,
4.06e-012,305.516,-1871.56,-1090.44,-1768516599,
4.065e-012,284.491,-1817.66,-1090.29,1684300246,
4.07e-012,289.531,-1829.19,-1088.94,842149795,
4.075e-012,281.8,-1809.11,-1088.63,-656,
4.08e-012,286.663,-1821.03,-1088.12,-842151107,
4.085e-012,285.115,-1817.21,-1088.26,-1684301558,
4.09e-012,282.95,-1809.51,-1086.09,1768515287,
4.095e-012,281.096,-1802.82,-1084.14,926364836,
4.1e-012,290.771,-1826.76,-1083.34,84214385,
4.105e-012,277.979,-1792.35,-1081.64,-757936066,
4.11e-012,307.699,-1867.4,-1080.7,-1600086517,
4.115e-012,300.866,-1850.9,-1081.67,1852730328,
4.12e-012,295.768,-1837.99,-1081.79,1010579877,
4.125e-012,272.296,-1776.1,-1079.92,168429426,
4.13e-012,285.635,-1807.06,-1076.77,-673721025,
4.135e-012,300.095,-1844.05,-1076.79,-1515871476,
4.14e-012,317.37,-1888.8,-1077.38,1936945369,
4.145e-012,300.607,-1848.09,-1079.53,1094794918,
4.15e-012,288.966,-1819.53,-1080.73,252644467,
4.155e-012,285.367,-1809.03,-1079.43,-589505984,
4.16e-012,280.969,-1795.76,-1077.4,-1431656435,
4.165e-012,288.519,-1812.93,-1075.27,2021160410,
4.17e-012,290.009,-1815.79,-1074.32,1179009959,
4.175e-012,282.341,-1795.17,-1073.3,336859508,
4.18e-012,309.354,-1863.12,-1072.19,-505290943,
4.185e-012,300.86,-1843,-1073.79,-1347441394,
4.19e-012,280.586,-1789.17,-1071.8,2105375451,
4.195e-012,298.869,-1835.6,-1071.48,1263225000,
4.2e-012,303.88,-1848.75,-1071.82,421074549,
4.205e-012,309.682,-1864.64,-1072.87,-421075902,
4.21e-012,300.444,-1842.41,-1074.26,-1263226353,
4.215e-012,284.044,-1800.22,-1074,-2105376804,
4.22e-012,270.438,-1762.84,-1071.41,1347440041,
4.225e-012,297.864,-1830.48,-1068.93,505289590,
4.23e-012,301.522,-1840.01,-1069.11,-336860861,
4.235e-012,304.892,-1848.57,-1069.05,-1179011312,
4.24e-012,303.865,-1847.44,-1070.54,-2021161763,
4.245e-012,283.781,-1794.82,-1069.28,1431655082,
4.25e-012,302.595,-1842.41,-1068.76,589504631,
4.255e-012,296.542,-1828.7,-1070.52,-252645820,
4.26e-012,303.999,-1847.9,-1070.66,-1094796271,
4.265e-012,313.052,-1873.27,-1072.88,-1936946722,
4.27e-012,292.722,-1822,-1073.6,1515870123,
4.275e-012,302.67,-1848.63,-1074.79,673719672,
4.28e-012,293.914,-1827.57,-1076.12,-168430779,
4.285e-012,281.153,-1794.5,-1075.67,-1010581230,
4.29e-012,288.788,-1814.07,-1075.72,-1852731681,
4.295e-012,289.537,-1814.92,-1074.65,1600085164,
4.3e-012,295.735,-1830.31,-1074.2,757934713,
4.305e-012,295.776,-1830.04,-1073.83,-84215738,
4.31e-012,308.117,-1862,-1074.23,-926366189,
4.315e-012,305.464,-1856.65,-1075.66,-1768516640,
4.32e-012,289.893,-1816.35,-1075.18,1684300205,
4.325e-012,294.943,-1828.48,-1074.4,842149754,
4.33e-012,300.499,-1842.49,-1074.2,-697,
4.335e-012,303.114,-1849.7,-1074.73,-842151148,
4.34e-012,297.716,-1835.88,-1074.7,-1684301599,
4.345e-012,302.637,-1848.63,-1074.87,1768515246,
4.35e-012,297.219,-1835.47,-1075.56,926364795,
4.355e-012,293.536,-1826.28,-1075.8,84214344,
4.36e-012,285.413,-1803.94,-1074.22,-757936107,
4.365e-012,310.947,-1869.07,-1074.06,-1600086558,
4.37e-012,281.617,-1793.62,-1073.61,1852730287,
4.375e-012,298.643,-1835.8,-1072.26,1010579836,
4.38e-012,278.792,-1783.94,-1071.15,168429385,
4.385e-012,286.322,-1801.69,-1069.65,-673721066,
4.39e-012,272.246,-1763.21,-1067.15,-1515871517,
4.395e-012,290.33,-1807.13,-1064.84,1936945328,
4.4e-012,296.924,-1824.38,-1065.23,1094794877,
4.405e-012,293.337,-1815.93,-1065.95,252644426,
4.41e-012,287.343,-1800.7,-1066.05,-589506025,
4.415e-012,286.934,-1798.81,-1065.2,-1431656476,
4.42e-012,276.719,-1770.09,-1062.6,2021160369,
4.425e-012,305.024,-1842.12,-1062.26,1179009918,
4.43e-012,290.885,-1805.78,-1062.07,336859467,
4.435e-012,289.51,-1802.17,-1061.98,-505290984,
4.44e-012,291.731,-1806.71,-1060.84,-1347441435,
4.445e-012,277.719,-1769.63,-1059.59,2105375410,
4.45e-012,270.504,-1749.7,-1058.09,1263224959,
4.455e-012,277.283,-1764.71,-1055.78,421074508,
4.46e-012,294.747,-1807.91,-1054.32,-421075943,
4.465e-012,299.627,-1820.72,-1054.66,-1263226394,
4.47e-012,302.862,-1829.3,-1054.96,-2105376845,
4.475e-012,282.679,-1778.29,-1055.56,1347440000,
4.48e-012,284.496,-1780.41,-1053.04,505289549,
4.485e-012,267.953,-1736.49,-1051.41,-336860902,
4.49e-012,279.14,-1761.09,-1047.41,-1179011353,
4.495e-012,284.619,-1773.45,-1045.77,-2021161804,
4.5e-012,300.747,-1814.34,-1045.41,1431655041,
4.505e-012,275.259,-1748.18,-1044.42,589504590,
4.51e-012,296.317,-1800.26,-1042.66,-252645861,
4.515e-012,279.802,-1759.49,-1044.12,-1094796312,
4.52e-012,287.685,-1777.95,-1042.42,-1936946763,
4.525e-012,285.565,-1772.23,-1042.12,1515870082,
4.53e-012,285.93,-1771.91,-1040.87,673719631,
4.535e-012,277.596,-1749.04,-1039.3,-168430820,
4.54e-012,304.166,-1816.39,-1038.72,-1010581271,
4.545e-012,293.486,-1790.11,-1039.75,-1852731722,
4.55e-012,309.75,-1832.5,-1040.56,1600085123,
4.555e-012,292.162,-1789.05,-1042.08,757934672,
4.56e-012,286.037,-1771.7,-1040.38,-84215779,
4.565e-012,301.296,-1809.27,-1038.94,-926366230,
4.57e-012,311.486,-1837.62,-1041.24,-1768516681,
4.575e-012,306.381,-1825.02,-1041.69,1684300164,
4.58e-012,314.254,-1846.59,-1043.13,842149713,
4.585e-012,309.687,-1836.07,-1044.28,-738,
4.59e-012,302.931,-1819.66,-1045.15,-842151189,
4.595e-012,313.455,-1847.24,-1045.83,-1684301640,
4.6e-012,296.161,-1803.74,-1046.54,1768515205,
4.605e-012,304.517,-1824.06,-1045.5,926364754,
4.61e-012,310.514,-1840.51,-1046.61,84214303,
4.615e-012,299.813,-1813.23,-1046.7,-757936148,
4.62e-012,295.328,-1803.61,-1048.54,-1600086599,
4.625e-012,285.796,-1777.66,-1046.96,1852730246,
4.63e-012,282.403,-1767.44,-1045.42,1010579795,
4.635e-012,277.643,-1751.34,-1041.49,168429344,
4.64e-012,302.239,-1813.33,-1040.59,-673721107,
4.645e-012,293.327,-1789.11,-1039.15,-1515871558,
4.65e-012,300.818,-1808.23,-1039.12,1936945287,
4.655e-012,283.801,-1763.95,-1038.36,1094794836,
4.66e-012,279.775,-1752.04,-1036.73,252644385,
4.665e-012,284.872,-1762.46,-1034.12,-589506066,
4.67e-012,296.63,-1791.77,-1033.37,-1431656517,
4.675e-012,293.677,-1783.34,-1032.49,2021160328,
4.68e-012,308.074,-1820.71,-1033.06,1179009877,
4.685e-012,275.208,-1736,-1032.37,336859426,
4.69e-012,278.272,-1740.07,-1028.6,-505291025,
4.695e-012,288.619,-1764.67,-1026.75,-1347441476,
4.7e-012,284.955,-1753.02,-1024.48,2105375369,
4.705e-012,285.676,-1753.08,-1022.69,1263224918,
4.71e-012,280.593,-1736.47,-1019.07,421074467,
4.715e-012,308.603,-1807.34,-1018.34,-421075984,
4.72e-012,287.844,-1753.16,-1017.23,-1263226435,
4.725e-012,295.106,-1771.23,-1016.73,-2105376886,
4.73e-012,281.86,-1735.29,-1014.66,1347439959,
4.735e-012,286.819,-1746.79,-1013.47,505289508,
4.74e-012,282.461,-1733.55,-1011.38,-336860943,
4.745e-012,294.268,-1762.74,-1010.38,-1179011394,
4.75e-012,284.83,-1738.39,-1010.16,-2021161845,
4.755e-012,288.39,-1746.08,-1008.75,1431655000,
4.76e-012,291.237,-1751.78,-1007.17,589504549,
4.765e-012,307.893,-1796.22,-1009.03,-252645902,
4.77e-012,293.597,-1760.39,-1009.74,-1094796353,
4.775e-012,296.356,-1767.13,-1009.43,-1936946804,
4.78e-012,301.705,-1781.35,-1009.98,1515870041,
4.785e-012,298.698,-1774.16,-1010.47,673719590,
4.79e-012,304.267,-1789.27,-1011.34,-168430861,
4.795e-012,308.231,-1801.11,-1013.05,-1010581312,
4.8e-012,301.057,-1784.74,-1015.03,-1852731763,
4.805e-012,288.394,-1752.35,-1015.01,1600085082,
4.81e-012,304.61,-1794.04,-1015.24,757934631,
4.815e-012,300.728,-1785.46,-1016.58,-84215820,
4.82e-012,291.785,-1763.34,-1017.33,-926366271,
4.825e-012,287.764,-1753.58,-1017.86,-1768516722,
4.83e-012,299.577,-1783.39,-1017.46,1684300123,
4.835e-012,297.983,-1778.88,-1017.02,842149672,
4.84e-012,311.939,-1815.78,-1018.24,-779,
4.845e-012,282.518,-1741.72,-1019.4,-842151230,
4.85e-012,300.726,-1787.21,-1018.34,-1684301681,
4.855e-012,273.556,-1716,-1016.59,1768515164,
4.86e-012,297.669,-1775.76,-1014.71,926364713,
4.865e-012,293.594,-1765.23,-1014.59,84214262,
4.87e-012,310.618,-1809.35,-1015.19,-757936189,
4.875e-012,288.559,-1753.02,-1015.26,-1600086640,
4.88e-012,299.288,-1779.65,-1014.46,1852730205,
4.885e-012,284.297,-1743.57,-1016.71,1010579754,
4.89e-012,292.238,-1762.17,-1015.01,168429303,
4.895e-012,292.65,-1762.32,-1014.09,-673721148,
4.9e-012,295.266,-1768.55,-1013.64,-1515871599,
4.905e-012,287.264,-1746.44,-1011.98,1936945246,
4.91e-012,288.607,-1748.72,-1010.84,1094794795,
4.915e-012,289.459,-1749.21,-1009.14,252644344,
4.92e-012,292.731,-1757.07,-1008.64,-589506107,
4.925e-012,288.724,-1746.89,-1008.7,-1431656558,
4.93e-012,283.244,-1732.31,-1008.13,2021160287,
4.935e-012,293.26,-1756.77,-1006.99,1179009836,
4.94e-012,291.704,-1752.15,-1006.35,336859385,
4.945e-012,309.883,-1798.96,-1006.68,-505291066,
4.95e-012,301.812,-1784.01,-1012.37,-1347441517,
4.955e-012,305.022,-1794.6,-1014.75,2105375328,
4.96e-012,309.54,-1806.85,-1015.45,1263224877,
4.965e-012,313.961,-1820.75,-1018.04,421074426,
4.97e-012,308.878,-1809.18,-1019.46,-421076025,
4.975e-012,302.412,-1793.18,-1020,-1263226476,
4.98e-012,296.925,-1779.15,-1019.99,-2105376927,
4.985e-012,293.023,-1768.35,-1019.18,1347439918,
4.99e-012,282.89,-1742.1,-1018.84,505289467,
4.995e-012,279.586,-1738.12,-1023.3,-336860984,
5e-012,282.499,-1743.69,-1021.42,-1179011435,
5.005e-012,279.887,-1733.9,-1018.31,-2021161886,
5.01e-012,310.81,-1814.58,-1019.92,1431654959,
5.015e-012,294.553,-1775.2,-1022.11,589504508,
5.02e-012,295.341,-1776.48,-1021.38,-252645943,
5.025e-012,284.604,-1747.37,-1019.72,-1094796394,
5.03e-012,291.515,-1763.91,-1018.59,-1936946845,
5.035e-012,290.614,-1759.9,-1016.89,1515870000,
5.04e-012,293.112,-1766.34,-1016.94,673719549,
5.045e-012,286.878,-1749.17,-1015.71,-168430902,
5.05e-012,280.391,-1731.6,-1014.72,-1010581353,
5.055e-012,285.663,-1743.7,-1013.34,-1852731804,
5.06e-012,296.22,-1771.22,-1013.88,1600085041,
5.065e-012,301.77,-1786.24,-1014.7,757934590,
5.07e-012,295.955,-1772.38,-1015.71,-84215861,
5.075e-012,285.104,-1744.64,-1015.71,-926366312,
5.08e-012,280.295,-1730.99,-1014.36,-1768516763,
5.085e-012,289.262,-1752.52,-1012.96,1684300082,
5.09e-012,302.103,-1785.56,-1013.17,842149631,
5.095e-012,316.539,-1824.73,-1015.43,-820,
5.1e-012,290.189,-1759.36,-1017.43,-842151271,
5.105e-012,292.555,-1764.94,-1016.96,-1684301722,
5.11e-012,286.762,-1748.67,-1015.51,1768515123,
5.115e-012,309.465,-1808.19,-1016.97,926364672,
5.12e-012,291.629,-1762.51,-1016.9,84214221,
5.125e-012,304.324,-1794.67,-1016.6,-757936230,
5.13e-012,296.727,-1776.26,-1017.62,-1600086681,
5.135e-012,305.117,-1798.58,-1018.48,1852730164,
5.14e-012,302.075,-1790.82,-1018.5,1010579713,
5.145e-012,300.414,-1786.07,-1018,168429262,
5.15e-012,304.105,-1794.82,-1017.31,-673721189,
5.155e-012,316.434,-1827.34,-1018.31,-1515871640,
5.16e-012,306.897,-1804.23,-1019.59,1936945205,
5.165e-012,307.401,-1807.1,-1021.17,1094794754,
5.17e-012,268.265,-1707.96,-1022.08,252644303,
5.175e-012,281.646,-1739.95,-1019.86,-589506148,
5.18e-012,284.715,-1746.63,-1018.7,-1431656599,
5.185e-012,277.914,-1727.58,-1017.04,2021160246,
5.19e-012,291.837,-1762.33,-1016.19,1179009795,
5.195e-012,278.553,-1727.53,-1015.35,336859344,
5.2e-012,301.329,-1788.24,-1017.83,-505291107,
5.205e-012,301.849,-1792.03,-1020.29,-1347441558,
5.21e-012,311.48,-1818.04,-1021.68,2105375287,
5.215e-012,293.067,-1775.81,-1026.52,1263224836,
5.22e-012,305.259,-1806.46,-1026,421074385,
5.225e-012,301.464,-1797.97,-1027.21,-421076066,
5.23e-012,305.706,-1808.85,-1027.25,-1263226517,
5.235e-012,309.147,-1820.63,-1030.23,-2105376968,
5.24e-012,313.852,-1839.57,-1037.15,1347439877,
5.245e-012,302.7,-1811.52,-1037.6,505289426,
5.25e-012,313.91,-1840.81,-1038.23,-336861025,
5.255e-012,303.309,-1814.53,-1039.06,-1179011476,
5.26e-012,335.622,-1899.15,-1041.06,-2021161927,
5.265e-012,321.252,-1865.81,-1044.46,1431654918,
5.27e-012,318.047,-1859.3,-1046.14,589504467,
5.275e-012,307.949,-1835.03,-1047.69,-252645984,
5.28e-012,290.684,-1791.06,-1047.87,-1094796435,
5.285e-012,303.172,-1822.02,-1046.9,-1936946886,
5.29e-012,302.058,-1819.52,-1047.24,1515869959,
5.295e-012,304.832,-1827.62,-1048.25,673719508,
5.3e-012,295.845,-1805.52,-1049.13,-168430943,
5.305e-012,301.069,-1819.93,-1050.18,-1010581394,
5.31e-012,294.642,-1804.68,-1051.36,-1852731845,
5.315e-012,284.11,-1777.69,-1051.3,1600085000,
5.32e-012,266.784,-1731.71,-1049.62,757934549,
5.325e-012,302.121,-1821.55,-1049.11,-84215902,
5.33e-012,292.35,-1797.58,-1050.13,-926366353,
5.335e-012,295.381,-1804.97,-1049.77,-1768516804,
5.34e-012,289.724,-1791.78,-1051.04,1684300041,
5.345e-012,281.449,-1768.87,-1049.28,842149590,
5.35e-012,292.974,-1797.12,-1048.07,-861,
5.355e-012,292.969,-1795.68,-1046.65,-842151312,
5.36e-012,297.931,-1808.17,-1046.45,-1684301763,
5.365e-012,291.449,-1790,-1044.85,1768515082,
5.37e-012,289.656,-1783.89,-1043.32,926364631,
5.375e-012,306.858,-1826.73,-1042.18,84214180,
5.38e-012,300.436,-1809.88,-1041.76,-757936271,
5.385e-012,309.237,-1832.46,-1041.83,-1600086722,
5.39e-012,300.131,-1811.27,-1043.93,1852730123,
5.395e-012,286.751,-1774.98,-1041.84,1010579672,
5.4e-012,296.597,-1798.36,-1040.05,168429221,
5.405e-012,309.459,-1832.33,-1041.13,-673721230,
5.41e-012,286.264,-1773.45,-1041.55,-1515871681,
5.415e-012,294.184,-1793.03,-1040.89,1936945164,
5.42e-012,278.581,-1752.41,-1040.16,1094794713,
5.425e-012,270.77,-1729.86,-1037.58,252644262,
5.43e-012,271.4,-1729.33,-1035.44,-589506189,
5.435e-012,277.547,-1742.51,-1032.91,-1431656640,
5.44e-012,304.485,-1812.46,-1033.98,2021160205,
5.445e-012,284.766,-1762.57,-1034.51,1179009754,
5.45e-012,287.776,-1769.36,-1033.6,336859303,
5.455e-012,290.842,-1777.59,-1033.99,-505291148,
5.46e-012,279.13,-1746.28,-1032.63,-1347441599,
5.465e-012,284.88,-1759.99,-1031.63,2105375246,
5.47e-012,300.784,-1801.31,-1032.29,1263224795,
5.475e-012,311.817,-1831.51,-1034.28,421074344,
5.48e-012,313.611,-1838.12,-1036.31,-421076107,
5.485e-012,303.681,-1813.87,-1037.45,-1263226558,
5.49e-012,288.226,-1773.83,-1036.91,-2105377009,
5.495e-012,282.521,-1758.52,-1036.2,1347439836,
5.5e-012,303.941,-1811.82,-1034.73,505289385,
5.505e-012,314.145,-1839.36,-1036.19,-336861066,
5.51e-012,307.921,-1824.28,-1037.01,-1179011517,
5.515e-012,296.262,-1794.35,-1036.9,-2021161968,
5.52e-012,298.708,-1798.93,-1035.22,1431654877,
5.525e-012,298.576,-1799.46,-1036.08,589504426,
5.53e-012,283.044,-1759.95,-1036.29,-252646025,
5.535e-012,282.821,-1761.8,-1038.71,-1094796476,
5.54e-012,281.793,-1759.82,-1039.36,-1936946927,
5.545e-012,284.338,-1765.71,-1038.74,1515869918,
5.55e-012,274.587,-1738.84,-1036.8,673719467,
5.555e-012,274.997,-1738.77,-1035.68,-168430984,
5.56e-012,261.86,-1702.58,-1033.08,-1010581435,
5.565e-012,293.933,-1782.6,-1031.1,-1852731886,
5.57e-012,296.382,-1788.36,-1030.6,1600084959,
5.575e-012,295.884,-1787.62,-1031.13,757934508,
5.58e-012,296.3,-1788.03,-1030.47,-84215943,
5.585e-012,287.375,-1764.97,-1030.24,-926366394,
5.59e-012,292.044,-1775.5,-1028.83,-1768516845,
5.595e-012,297.799,-1789.79,-1028.4,1684300000,
5.6e-012,304.164,-1806.9,-1029.24,842149549,
5.605e-012,297.032,-1790.58,-1031.15,-902,
5.61e-012,297.293,-1790.25,-1030.16,-842151353,
5.615e-012,297.802,-1792.07,-1030.68,-1684301804,
5.62e-012,300.377,-1797.8,-1029.82,1768515041,
5.625e-012,298.566,-1795.17,-1031.82,926364590,
5.63e-012,320.551,-1852.01,-1032.46,84214139,
5.635e-012,290.862,-1776.43,-1032.78,-757936312,
5.64e-012,308.106,-1819.73,-1031.99,-1600086763,
5.645e-012,283.616,-1757.1,-1031.98,1852730082,
5.65e-012,309.159,-1821.3,-1030.87,1010579631,
5.655e-012,301.999,-1802.53,-1030.4,168429180,
5.66e-012,312.834,-1831.1,-1031.28,-673721271,
5.665e-012,313.776,-1835.46,-1033.23,-1515871722,
5.67e-012,316.325,-1844.03,-1035.28,1936945123,
5.675e-012,289.45,-1776.77,-1036.73,1094794672,
5.68e-012,292.567,-1784.11,-1036.1,252644221,
5.685e-012,264.206,-1709.47,-1033.97,-589506230,
5.69e-012,283.042,-1754.62,-1030.96,-1431656681,
5.695e-012,287.749,-1766.08,-1030.39,2021160164,
5.7e-012,289.147,-1769.22,-1029.96,1179009713,
5.705e-012,284.999,-1758.59,-1029.93,336859262,
5.71e-012,295.924,-1785.78,-1029.18,-505291189,
5.715e-012,293.748,-1780.68,-1029.65,-1347441640,
5.72e-012,309.805,-1822.65,-1030.57,2105375205,
5.725e-012,293.08,-1781.51,-1032.19,1263224754,
5.73e-012,310.176,-1825.72,-1032.69,421074303,
5.735e-012,301.009,-1804.1,-1034.51,-421076148,
5.74e-012,291.355,-1779.11,-1034.2,-1263226599,
5.745e-012,306.047,-1816.93,-1034.45,-2105377050,
5.75e-012,289.278,-1775.29,-1035.69,1347439795,
5.755e-012,301.922,-1808.08,-1036.16,505289344,
5.76e-012,302.969,-1811.71,-1037.11,-336861107,
5.765e-012,296.802,-1795.08,-1036.24,-1179011558,
5.77e-012,297.73,-1797.21,-1036,-2021162009,
5.775e-012,273.918,-1733.66,-1033.33,1431654836,
5.78e-012,310.625,-1826.88,-1032.7,589504385,
5.785e-012,310.491,-1827.96,-1034.13,-252646066,
5.79e-012,310.627,-1830.17,-1035.99,-1094796517,
5.795e-012,305.333,-1817.86,-1037.21,-1936946968,
5.8e-012,288.208,-1773.92,-1037.06,1515869877,
5.805e-012,297.897,-1800.84,-1039.2,673719426,
5.81e-012,264.061,-1713.35,-1038.22,-168431025,
5.815e-012,289.366,-1775.68,-1035.85,-1010581476,
5.82e-012,300.161,-1802.71,-1035.29,-1852731927,
5.825e-012,298.581,-1799.02,-1035.63,1600084918,
5.83e-012,289.357,-1774.62,-1034.82,757934467,
5.835e-012,307.125,-1819.71,-1034.48,-84215984,
5.84e-012,302.487,-1809.51,-1036.14,-926366435,
5.845e-012,283.487,-1760.42,-1035.62,-1768516886,
5.85e-012,286.353,-1766.88,-1034.76,1684299959,
5.855e-012,315.552,-1841.99,-1035.21,842149508,
5.86e-012,294.888,-1789.52,-1035.58,-943,
5.865e-012,298.343,-1797.57,-1034.79,-842151394,
5.87e-012,307.084,-1819.63,-1034.5,-1684301845,
5.875e-012,286.88,-1766.96,-1033.49,1768515000,
5.88e-012,298.77,-1795.62,-1031.75,926364549,
5.885e-012,316.993,-1842.37,-1031.91,84214098,
5.89e-012,312.74,-1833.45,-1033.87,-757936353,
5.895e-012,296.523,-1790.99,-1032.86,-1600086804,
5.9e-012,295.264,-1787.01,-1032.1,1852730041,
5.905e-012,318.375,-1846.29,-1032.3,1010579590,
5.91e-012,301.881,-1806.21,-1034.39,168429139,
5.915e-012,298.291,-1796.8,-1034.15,-673721312,
5.92e-012,301.101,-1804.02,-1034.19,-1515871763,
5.925e-012,286.539,-1765.66,-1033.06,1936945082,
5.93e-012,292.806,-1781.06,-1032.44,1094794631,
5.935e-012,289.927,-1771.63,-1030.37,252644180,
5.94e-012,307.371,-1818.06,-1032.2,-589506271,
5.945e-012,301.277,-1803.59,-1033.31,-1431656722,
5.95e-012,302.998,-1809.15,-1034.47,2021160123,
5.955e-012,315.371,-1842.45,-1036.14,1179009672,
5.96e-012,285.929,-1767.75,-1036.71,336859221,
5.965e-012,301.106,-1806.43,-1036.59,-505291230,
5.97e-012,301.531,-1808.65,-1037.72,-1347441681,
5.975e-012,312.438,-1837.88,-1039.06,2105375164,
5.98e-012,318.268,-1859.99,-1046.27,1263224713,
5.985e-012,299.743,-1814.13,-1047.78,421074262,
5.99e-012,296.366,-1806.12,-1048.4,-421076189,
5.995e-012,300.138,-1815.38,-1048.02,-1263226640,
6e-012,290.359,-1791.53,-1049.16,-2105377091,
6.005e-012,320.1,-1869.05,-1050.64,1347439754,
6.01e-012,310.914,-1846.99,-1052.07,505289303,
6.015e-012,298.421,-1815.46,-1052.48,-336861148,
6.02e-012,302.012,-1824.44,-1052.29,-1179011599,
6.025e-012,297.595,-1812.73,-1051.87,-2021162050,
6.03e-012,310.753,-1848.25,-1053.75,1431654795,
6.035e-012,306.778,-1839.46,-1055.11,589504344,
6.04e-012,299.288,-1821.43,-1056.24,-252646107,
6.045e-012,294.452,-1808.99,-1056.16,-1094796558,
6.05e-012,304.39,-1833.95,-1055.71,-1936947009,
6.055e-012,305.434,-1838.91,-1058,1515869836,
6.06e-012,323.347,-1886.62,-1059.91,673719385,
6.065e-012,294.511,-1814.31,-1061.33,-168431066,
6.07e-012,324.721,-1893.47,-1063.26,-1010581517,
6.075e-012,296.232,-1825.4,-1068.02,-1852731968,
6.08e-012,291.384,-1813.1,-1068.12,1600084877,
6.085e-012,294.99,-1821.69,-1067.49,757934426,
6.09e-012,310.141,-1862.29,-1069.34,-84216025,
6.095e-012,291.476,-1816.11,-1070.89,-926366476,
6.1e-012,299.866,-1836.87,-1070.19,-1768516927,
6.105e-012,280.734,-1787.4,-1069.64,1684299918,
6.11e-012,310.409,-1862.98,-1069.35,842149467,
6.115e-012,277.818,-1783.01,-1072.71,-984,
6.12e-012,303.214,-1846.79,-1071.56,-842151435,
6.125e-012,289.082,-1809.81,-1070.71,-1684301886,
6.13e-012,282.274,-1789.39,-1067.7,1768514959,
6.135e-012,295.471,-1821.3,-1065.87,926364508,
6.14e-012,290.289,-1806.14,-1063.96,84214057,
6.145e-012,290.108,-1805.05,-1063.33,-757936394,
6.15e-012,291.511,-1806.97,-1061.66,-1600086845,
6.155e-012,289.181,-1804.36,-1065.01,1852730000,
6.16e-012,298.973,-1828.97,-1064.59,1010579549,
6.165e-012,288.761,-1802.52,-1064.25,168429098,
6.17e-012,284.443,-1791.95,-1064.71,-673721353,
6.175e-012,289.943,-1805.86,-1064.55,-1515871804,
6.18e-012,290.675,-1806.8,-1063.63,1936945041,
6.185e-012,298.697,-1827.09,-1063.4,1094794590,
6.19e-012,265.945,-1741.26,-1061.32,252644139,
6.195e-012,296.245,-1816.27,-1058.85,-589506312,
6.2e-012,276.272,-1763.65,-1057.3,-1431656763,
6.205e-012,287.273,-1789.08,-1054.61,2021160082,
6.21e-012,284.085,-1779.9,-1053.58,1179009631,
6.215e-012,283.678,-1776.27,-1050.99,336859180,
6.22e-012,277.656,-1759.53,-1049.65,-505291271,
6.225e-012,284.68,-1775.97,-1048.13,-1347441722,
6.23e-012,288.915,-1787.85,-1049.18,2105375123,
6.235e-012,297.051,-1808.95,-1049.48,1263224672,
6.24e-012,276.356,-1755.79,-1049.23,421074221,
6.245e-012,301.957,-1819.62,-1047.6,-421076230,
6.25e-012,273.37,-1745.03,-1046.1,-1263226681,
6.255e-012,276.102,-1747.68,-1041.77,-2105377132,
6.26e-012,294.262,-1792.22,-1039.88,1347439713,
6.265e-012,284.854,-1766.3,-1038,505289262,
6.27e-012,283.117,-1759.83,-1035.98,-336861189,
6.275e-012,288.066,-1770.12,-1033.62,-1179011640,
6.28e-012,299.637,-1799.14,-1033.05,-2021162091,
6.285e-012,302.686,-1808.06,-1034.18,1431654754,
6.29e-012,278.337,-1744.68,-1033.05,589504303,
6.295e-012,289.664,-1772.51,-1031.93,-252646148,
6.3e-012,277.114,-1742.46,-1033.96,-1094796599,
6.305e-012,282.745,-1754.9,-1032,-1936947050,
6.31e-012,285.625,-1760.85,-1030.59,1515869795,
6.315e-012,287.075,-1762.39,-1028.42,673719344,
6.32e-012,304.488,-1808.12,-1029.63,-168431107,
6.325e-012,300.487,-1797.86,-1029.6,-1010581558,
6.33e-012,318.512,-1846.1,-1031.76,-1852732009,
6.335e-012,279.67,-1748.62,-1033.58,1600084836,
6.34e-012,302.525,-1805.68,-1032.21,757934385,
6.345e-012,309.444,-1824.99,-1033.83,-84216066,
6.35e-012,325.337,-1867.57,-1035.77,-926366517,
6.355e-012,301.74,-1809.79,-1038.33,-1768516968,
6.36e-012,302.674,-1812.64,-1038.79,1684299877,
6.365e-012,297.651,-1801.38,-1040.37,842149426,
6.37e-012,301.724,-1811.67,-1040.24,-1025,
6.375e-012,302.228,-1812.65,-1039.94,-842151476,
6.38e-012,306.222,-1823.36,-1040.44,-1684301927,
6.385e-012,287.635,-1775.72,-1040.32,1768514918,
6.39e-012,284.03,-1764.23,-1038.05,926364467,
6.395e-012,283.245,-1759.68,-1035.51,84214016,
6.4e-012,316.168,-1843.5,-1035.15,-757936435,
6.405e-012,284.365,-1762.68,-1035.64,-1600086886,
6.41e-012,315.018,-1842.03,-1036.62,1852729959,
6.415e-012,292.157,-1785.77,-1038.8,1010579508,
6.42e-012,280.66,-1754.11,-1036.54,168429057,
6.425e-012,291.085,-1780,-1035.78,-673721394,
6.43e-012,280.347,-1750.53,-1033.76,-1515871845,
6.435e-012,307.615,-1820.56,-1034.08,1936945000,
6.44e-012,294.118,-1786.59,-1034.61,1094794549,
6.445e-012,276.697,-1740.23,-1032.79,252644098,
6.45e-012,279.284,-1744.19,-1030.14,-589506353,
6.455e-012,288.783,-1767.17,-1028.84,-1431656804,
6.46e-012,288.945,-1766.16,-1027.41,2021160041,
6.465e-012,273.959,-1724.87,-1024.43,1179009590,
6.47e-012,288.261,-1758.34,-1021.34,336859139,
6.475e-012,302.195,-1793.98,-1021.35,-505291312,
6.48e-012,288.011,-1756.79,-1020.43,-1347441763,
6.485e-012,290.641,-1761.25,-1018.16,2105375082,
6.49e-012,291.883,-1763.16,-1016.9,1263224631,
6.495e-012,301.929,-1787.71,-1015.76,421074180,
6.5e-012,294.125,-1766.99,-1015,-421076271,
6.505e-012,306.144,-1797.44,-1014.72,-1263226722,
6.51e-012,307.536,-1801.6,-1015.32,-2105377173,
6.515e-012,298.253,-1777.87,-1015.32,1347439672,
6.52e-012,299.326,-1780.22,-1014.93,505289221,
6.525e-012,303.153,-1790.5,-1015.43,-336861230,
6.53e-012,286.972,-1748.47,-1014.76,-1179011681,
6.535e-012,280.414,-1729.68,-1012.74,-2021162132,
6.54e-012,275.74,-1714.95,-1009.96,1431654713,
6.545e-012,298.281,-1774.1,-1011.48,589504262,
6.55e-012,280.601,-1729.83,-1012.41,-252646189,
6.555e-012,284.444,-1738.92,-1011.68,-1094796640,
6.56e-012,292.012,-1757.5,-1010.91,-1936947091,
6.565e-012,286.777,-1743.89,-1010.68,1515869754,
6.57e-012,292.332,-1757.82,-1010.41,673719303,
6.575e-012,295.408,-1764.17,-1008.9,-168431148,
6.58e-012,302.817,-1783.17,-1008.95,-1010581599,
6.585e-012,311.74,-1806.69,-1009.66,-1852732050,
6.59e-012,290.739,-1754.35,-1011.02,1600084795,
6.595e-012,294.588,-1762.77,-1009.6,757934344,
6.6e-012,284.69,-1737.14,-1009.27,-84216107,
6.605e-012,284.909,-1736.19,-1007.76,-926366558,
6.61e-012,297.089,-1766.26,-1006.69,-1768517009,
6.615e-012,291.297,-1750.36,-1005.6,1684299836,
6.62e-012,296.823,-1764.22,-1005.33,842149385,
6.625e-012,284.698,-1731.74,-1003.85,-1066,
6.63e-012,293.446,-1755,-1004.74,-842151517,
6.635e-012,303.798,-1783.01,-1006.28,-1684301968,
6.64e-012,294.602,-1759.03,-1005.82,1768514877,
6.645e-012,312.074,-1805.01,-1007.12,926364426,
6.65e-012,291.565,-1752.88,-1007.43,84213975,
6.655e-012,309.266,-1800.81,-1010.11,-757936476,
6.66e-012,294.806,-1766.06,-1012.33,-1600086927,
6.665e-012,289.003,-1751.44,-1012.54,1852729918,
6.67e-012,291.292,-1757.74,-1012.99,1010579467,
6.675e-012,276.973,-1719.82,-1011.68,168429016,
6.68e-012,288.806,-1749.2,-1010.8,-673721435,
6.685e-012,302.407,-1785.54,-1012.37,-1515871886,
6.69e-012,301.214,-1783.79,-1013.67,1936944959,
6.695e-012,287.12,-1749.18,-1015.1,1094794508,
6.7e-012,306.5,-1800.2,-1016.57,252644057,
6.705e-012,303.128,-1793.07,-1018.06,-589506394,
6.71e-012,280.104,-1733,-1016.85,-1431656845,
6.715e-012,305.67,-1797.16,-1015.65,2021160000,
6.72e-012,286.057,-1747.64,-1016.28,1179009549,
6.725e-012,301.238,-1785.82,-1015.64,336859098,
6.73e-012,281.536,-1736.51,-1016.71,-505291353,
6.735e-012,271.94,-1708.34,-1013.07,-1347441804,
6.74e-012,292.057,-1757.84,-1011.13,2105375041,
6.745e-012,270.513,-1700.96,-1009.34,1263224590,
6.75e-012,295.451,-1761.73,-1006.35,421074139,
6.755e-012,296.89,-1765.1,-1006.04,-421076312,
6.76e-012,292.919,-1753.33,-1004.42,-1263226763,
6.765e-012,304.174,-1781.21,-1003.53,-2105377214,
6.77e-012,290.449,-1745.23,-1002.63,1347439631,
6.775e-012,295.958,-1757.79,-1001.11,505289180,
6.78e-012,283.172,-1724.6,-1000.61,-336861271,
6.785e-012,305.945,-1781.99,-999.779,-1179011722,
6.79e-012,302.897,-1775.6,-1001.18,-2021162173,
6.795e-012,289.092,-1740.45,-1001.32,1431654672,
6.8e-012,296.624,-1760.19,-1001.81,589504221,
6.805e-012,277.947,-1715.57,-1004.94,-252646230,
6.81e-012,293.595,-1755.12,-1004.49,-1094796681,
6.815e-012,285.675,-1733.99,-1003.6,-1936947132,
6.82e-012,300.475,-1771.86,-1003.63,1515869713,
6.825e-012,296.153,-1760.69,-1003.51,673719262,
6.83e-012,282.945,-1725.44,-1002.03,-168431189,
6.835e-012,301.281,-1771.68,-1001.39,-1010581640,
6.84e-012,283.503,-1727.75,-1002.92,-1852732091,
6.845e-012,290.718,-1744.37,-1001.09,1600084754,
6.85e-012,314.532,-1805.18,-1001.02,757934303,
6.855e-012,283.484,-1726.15,-1001.36,-84216148,
6.86e-012,283.791,-1724.79,-999.213,-926366599,
6.865e-012,285.26,-1726.13,-996.802,-1768517050,
6.87e-012,272.218,-1690.24,-994.261,1684299795,
6.875e-012,281.757,-1711.15,-990.782,842149344,
6.88e-012,267.36,-1670.32,-986.762,-1107,
6.885e-012,298.147,-1746.85,-984.574,-842151558,
6.89e-012,291.52,-1728.09,-982.759,-1684302009,
6.895e-012,287.189,-1716.03,-981.769,1768514836,
6.9e-012,281.376,-1699.55,-980.149,926364385,
6.905e-012,277.008,-1685.33,-977.105,84213934,
6.91e-012,285.478,-1706.57,-976.684,-757936517,
6.915e-012,295.591,-1730.94,-975.196,-1600086968,
6.92e-012,300.621,-1744.81,-976.209,1852729877,
6.925e-012,298.455,-1740.24,-977.18,1010579426,
6.93e-012,304.963,-1757.74,-978.036,168428975,
6.935e-012,300.07,-1749.4,-982.207,-673721476,
6.94e-012,289.344,-1721.73,-981.964,-1515871927,
6.945e-012,294.674,-1735.26,-981.867,1936944918,
6.95e-012,299.563,-1748.46,-982.568,1094794467,
6.955e-012,302.922,-1757.87,-983.383,252644016,
6.96e-012,309.528,-1775.95,-984.579,-589506435,
6.965e-012,313.177,-1786.81,-986.11,-1431656886,
6.97e-012,296.597,-1745.22,-986.904,2021159959,
6.975e-012,305.845,-1769.67,-987.717,1179009508,
6.98e-012,318.976,-1804.66,-989.128,336859057,
6.985e-012,307.687,-1779,-992.334,-505291394,
6.99e-012,304.605,-1772.28,-993.497,-1347441845,
6.995e-012,303.715,-1771.17,-994.658,2105375000,
7e-012,291.5,-1739.63,-994.349,1263224549,
7.005e-012,312.705,-1796.65,-997.156,421074098,
7.01e-012,292.249,-1744.82,-997.621,-421076353,
7.015e-012,316.738,-1808.07,-998.265,-1263226804,
7.02e-012,313.052,-1804.56,-1004.18,-2105377255,
7.025e-012,308.266,-1793.11,-1004.96,1347439590,
7.03e-012,326.152,-1842.78,-1008.91,505289139,
7.035e-012,296.523,-1768.98,-1010.85,-336861312,
7.04e-012,303.91,-1790.66,-1013.66,-1179011763,
7.045e-012,288.494,-1752.68,-1015.09,-2021162214,
7.05e-012,302.151,-1789.31,-1016.8,1431654631,
7.055e-012,305.767,-1800.79,-1019.03,589504180,
7.06e-012,292.037,-1765.75,-1019.1,-252646271,
7.065e-012,301.098,-1790.08,-1020.26,-1094796722,
7.07e-012,299.989,-1789.46,-1022.48,-1936947173,
7.075e-012,296.692,-1780.82,-1022.26,1515869672,
7.08e-012,321.603,-1845.69,-1023.44,673719221,
7.085e-012,303.222,-1800.69,-1025.44,-168431230,
7.09e-012,296.913,-1784.01,-1024.89,-1010581681,
7.095e-012,300.136,-1793.87,-1026.51,-1852732132,
7.1e-012,322.298,-1851.87,-1027.85,1600084713,
7.105e-012,320.804,-1851.55,-1031.35,757934262,
7.11e-012,301.7,-1804.87,-1033.51,-84216189,
7.115e-012,299.989,-1800.73,-1033.75,-926366640,
7.12e-012,301.578,-1805.27,-1034.22,-1768517091,
7.125e-012,310.188,-1828.23,-1035.17,1684299754,
7.13e-012,322.925,-1861.89,-1036.26,842149303,
7.135e-012,330.182,-1883.45,-1039.27,-1148,
7.14e-012,292.481,-1787.68,-1039.89,-842151599,
7.145e-012,288.987,-1775.98,-1037.12,-1684302050,
7.15e-012,282.453,-1757.74,-1035.59,1768514795,
7.155e-012,297.344,-1793.39,-1033.17,926364344,
7.16e-012,285.66,-1762.53,-1032.17,84213893,
7.165e-012,281.96,-1750.88,-1029.99,-757936558,
7.17e-012,273.413,-1726.24,-1027.2,-1600087009,
7.175e-012,284.891,-1753.15,-1024.77,1852729836,
7.18e-012,286.824,-1757.04,-1023.72,1010579385,
7.185e-012,279.378,-1735.25,-1020.96,168428934,
7.19e-012,292.384,-1767.14,-1019.6,-673721517,
7.195e-012,292.123,-1764.5,-1017.62,-1515871968,
7.2e-012,279.239,-1730.17,-1016.23,1936944877,
7.205e-012,294.03,-1765.42,-1013.67,1094794426,
7.21e-012,299.307,-1784.02,-1018.78,252643975,
7.215e-012,298.79,-1783.93,-1020.01,-589506476,
7.22e-012,293.903,-1770.92,-1019.5,-1431656927,
7.225e-012,291.757,-1765.34,-1019.4,2021159918,
7.23e-012,278.324,-1729.66,-1018.07,1179009467,
7.235e-012,290.128,-1757.85,-1016.08,336859016,
7.24e-012,288.383,-1753.22,-1015.9,-505291435,
7.245e-012,309.279,-1806.33,-1015.59,-1347441886,
7.25e-012,283.017,-1739.38,-1015.79,2105374959,
7.255e-012,300.377,-1782.58,-1014.61,1263224508,
7.26e-012,288.001,-1749.98,-1013.64,421074057,
7.265e-012,279.967,-1727.1,-1011.31,-421076394,
7.27e-012,299.34,-1774.67,-1009.34,-1263226845,
7.275e-012,300.67,-1779.26,-1010.53,-2105377296,
7.28e-012,320.407,-1833.76,