step,rz,Epot,Epot00,prob_atom_crd[2],prob_atom_f[2],n_steps_of_optimization,BondedTermsEnergy,NonBondedTermsEnergy,BondStretchEnergy,AngleStretchEnergy,TorsionEnergy,OutOfPlaneEnergy,DispersionEnergy,ElectrostaticEnergy
0,0.713428,-7855.55,0,0.641061,-0.0674037,500,-8357.34,501.787,83.7021,239.758,-9150.81,470.015,415.751,86.0365
1,0.700653,-7856.35,-0.79732,0.62824,-0.00768406,500,-8358.68,502.334,83.8705,240.156,-9152.05,469.347,417.846,84.4884
2,0.68778,-7856.31,-0.756692,0.615419,2.06288,500,-8359.16,502.858,83.8462,240.118,-9152.42,469.291,418.413,84.4442
3,0.674961,-7856.06,-0.511665,0.602597,4.01594,500,-8359.5,503.441,83.3342,240.526,-9152.62,469.253,419.052,84.3887
4,0.662114,-7856.21,-0.664195,0.589776,1.2933,500,-8358.9,502.688,83.742,240.517,-9152.3,469.135,418.362,84.3259
5,0.64929,-7856.03,-0.483541,0.576955,3.33902,500,-8359.83,503.802,82.797,240.635,-9152.43,469.16,419.438,84.3638
6,0.636509,-7856.07,-0.523836,0.564134,2.36549,500,-8359.37,503.301,83.493,240.162,-9152.12,469.089,418.944,84.3572
7,0.623687,-7855.92,-0.367092,0.551312,1.88227,500,-8359.35,503.432,83.6312,240.252,-9152.41,469.182,419.068,84.3643
8,0.610863,-7856.19,-0.636118,0.538491,0.437018,500,-8359.01,502.825,83.951,240.214,-9152.26,469.081,418.469,84.3558
9,0.598061,-7856.17,-0.618998,0.52567,-0.370727,500,-8359.21,503.039,83.9107,240.106,-9152.39,469.169,418.7,84.3393
10,0.585229,-7856.09,-0.537713,0.512849,-1.4646,500,-8359.48,503.392,83.5575,240.279,-9152.52,469.203,419.065,84.3273
11,0.572402,-7856.01,-0.465175,0.500028,-2.25895,500,-8359.46,503.444,83.5729,240.254,-9152.49,469.208,419.113,84.3314
12,0.559583,-7856.23,-0.684702,0.487206,-2.59707,500,-8359.09,502.857,83.9466,240.1,-9152.34,469.204,418.516,84.3409
13,0.546768,-7855.85,-0.302991,0.474385,-3.84881,500,-8359.3,503.449,83.5084,240.472,-9152.57,469.288,419.153,84.2958
14,0.533913,-7855.7,-0.145906,0.461564,-3.45351,500,-8359.15,503.458,83.6956,240.202,-9152.42,469.365,419.163,84.2942
15,0.521075,-7856.75,-1.19617,0.448743,-1.77268,500,-8359.71,502.96,82.987,240.609,-9152.49,469.188,418.634,84.326
16,0.508268,-7856.37,-0.817483,0.435921,-1.08013,500,-8359.4,503.032,83.4884,240.378,-9152.46,469.197,418.707,84.3245
17,0.495499,-7856.52,-0.974535,0.4231,-0.278045,500,-8358.94,502.415,84.085,239.869,-9152.07,469.181,418.041,84.374
18,0.48269,-7856.09,-0.545021,0.410279,1.7355,500,-8359.4,503.303,83.3643,240.582,-9152.67,469.323,419.061,84.2428
19,0.469776,-7856.31,-0.756989,0.397458,2.21025,500,-8359.41,503.102,83.4743,240.422,-9152.6,469.299,418.832,84.2703
20,0.457008,-7856.43,-0.88441,0.384637,1.69152,500,-8359.3,502.862,83.7412,240.18,-9152.45,469.228,418.536,84.3256
21,0.44421,-7856.62,-1.06995,0.371815,0.63506,500,-8358.81,502.186,84.1886,240.108,-9152.27,469.165,417.861,84.3256
22,0.431357,-7856.58,-1.02984,0.358994,0.614152,500,-8359.11,502.533,83.8915,240.052,-9152.27,469.219,418.213,84.3199
23,0.418538,-7856.39,-0.839017,0.346173,0.0796807,500,-8359.31,502.919,83.5855,240.269,-9152.48,469.316,418.634,84.2852
24,0.405727,-7856.36,-0.806313,0.333352,-1.22375,500,-8359.4,503.042,83.4399,240.448,-9152.6,469.315,418.762,84.2797
25,0.392905,-7856.42,-0.868567,0.320531,-2.77922,500,-8359.38,502.965,83.5802,240.25,-9152.53,469.313,418.661,84.3043
26,0.380107,-7856.49,-0.945204,0.307709,-4.06968,500,-8359.51,503.016,83.4553,240.331,-9152.58,469.288,418.739,84.2772
27,0.367257,-7856.75,-1.19636,0.294888,-4.93341,500,-8358.86,502.119,84.0879,240.134,-9152.24,469.154,417.812,84.3066
28,0.35442,-7856.58,-1.03119,0.282067,-6.06488,500,-8359.44,502.855,83.4711,240.336,-9152.5,469.261,418.553,84.3024
29,0.341641,-7856.8,-1.2551,0.269246,-6.17179,500,-8358.92,502.111,84.0816,239.988,-9152.12,469.137,417.781,84.3306
30,0.328814,-7856.67,-1.12274,0.256424,-6.93873,500,-8359.37,502.702,83.5017,240.317,-9152.41,469.216,418.421,84.2804
31,0.315964,-7856.93,-1.37832,0.243603,-4.98097,500,-8359.06,502.129,83.8347,240.144,-9152.16,469.122,417.799,84.3304
32,0.303181,-7856.58,-1.03395,0.230782,-4.35802,500,-8359.55,502.962,83.3441,240.478,-9152.48,469.111,418.723,84.2388
33,0.290281,-7856.99,-1.43753,0.217961,0.978485,500,-8359.03,502.041,83.8951,240.115,-9152.14,469.106,417.697,84.3436
34,0.277556,-7856.83,-1.27845,0.20514,7.08485,500,-8359.2,502.375,83.7793,240.243,-9152.33,469.101,418.056,84.3185
35,0.264708,-7856.36,-0.813707,0.192318,13.8967,500,-8359.59,503.226,83.5582,240.158,-9152.5,469.196,418.955,84.2706
36,0.251806,-7856.21,-0.657699,0.179497,28.8007,500,-8359.59,503.385,83.6107,240.092,-9152.55,469.26,419.049,84.3355
37,0.239018,-7855.76,-0.211416,0.166676,51.5376,500,-8359.43,503.665,83.9136,239.871,-9152.61,469.398,419.266,84.3997
38,0.226221,-7854.8,0.749397,0.153855,69.242,500,-8359.95,505.155,83.6593,239.94,-9153.03,469.475,420.734,84.4205
39,0.213358,-7854.78,0.765247,0.141033,82.1529,500,-8359.58,504.799,84.3286,239.262,-9153.44,470.265,419.8,84.9992
40,0.200563,-7853.59,1.95912,0.128212,104.565,500,-8359.99,506.398,83.5937,239.388,-9153.6,470.628,421.272,85.1261
41,0.187751,-7852.21,3.33553,0.115391,121.247,500,-8359.87,507.654,83.9331,239.17,-9153.96,470.984,422.393,85.261
42,0.174926,-7850.26,5.28668,0.10257,137.515,500,-8359.77,509.509,84.0316,239.142,-9154.03,471.082,424.165,85.3445
43,0.162073,-7848.35,7.19449,0.0897485,161.48,500,-8360.03,511.675,84.132,238.973,-9154.42,471.281,426.257,85.4172
44,0.149266,-7849.75,5.79602,0.0769273,89.7545,500,-8355.92,506.166,82.5472,239.261,-9154.03,476.299,417.704,88.4627
45,0.13644,-7847.85,7.70112,0.0641061,98.5658,500,-8355.53,507.682,83.8991,238.273,-9153.7,475.997,419.202,88.4799
46,0.123625,-7846.56,8.98731,0.0512849,134.563,500,-8357.01,510.449,83.223,238.618,-9154.81,475.96,422.208,88.2412
47,0.110863,-7844.55,10.995,0.0384637,141.106,500,-8356.56,512.006,83.8805,238.13,-9154.56,475.986,423.751,88.2551
48,0.0980268,-7842.49,13.055,0.0256424,156.356,500,-8356.26,513.764,84.1456,238.188,-9154.49,475.903,425.486,88.2774
49,0.0851795,-7840.68,14.871,0.0128212,164.607,500,-8356.78,516.098,84.156,238.275,-9155.44,476.232,427.929,88.1688
50,0.0723971,-7838.53,17.0167,0,166.749,500,-8355.74,517.21,84.7316,237.947,-9154.81,476.393,429.036,88.1742
51,0.0595828,-7835.97,19.5752,-0.0128212,162.59,500,-8355.74,519.769,84.7325,237.947,-9154.81,476.391,431.595,88.1743
52,0.0467615,-7834.22,21.3247,-0.0256424,158.34,500,-8354.37,520.142,86.1537,238.135,-9155.9,477.249,432.26,87.882
53,0.0340557,-7832.15,23.3945,-0.0384637,159.2,500,-8354.32,522.167,85.9378,238.381,-9155.54,476.898,434.134,88.033
54,0.021215,-7830.07,25.4791,-0.0512849,162.096,500,-8354.32,524.252,85.9378,238.381,-9155.54,476.898,436.219,88.033
55,0.00839374,-7828.19,27.3641,-0.0641061,139.847,500,-8354.16,525.972,86.0314,238.343,-9155.54,477.012,437.907,88.0655
56,-0.00442955,-7826.95,28.5952,-0.0769273,89.9359,500,-8353.93,526.972,85.9349,238.787,-9155.69,477.044,438.895,88.0777
57,-0.0172379,-7848.69,6.85743,-0.0897485,-73.8443,500,-8356.54,507.846,86.5197,240.859,-9152.31,468.389,424.627,83.2191
58,-0.0302046,-7848.25,7.29596,-0.10257,-81.1046,500,-8356.85,508.598,86.3372,240.861,-9152.18,468.134,425.441,83.1571
59,-0.0429804,-7849.47,6.07536,-0.115391,-83.7408,500,-8357.43,507.952,85.5973,241.283,-9152.35,468.04,424.888,83.0631
60,-0.0558003,-7850.54,5.01034,-0.128212,-78.4465,500,-8357.6,507.06,85.4785,241.257,-9152.33,467.999,423.985,83.0749
61,-0.0686152,-7851.97,3.5841,-0.141033,-76.6469,500,-8357.61,505.646,85.4689,240.887,-9151.92,467.957,422.566,83.08
62,-0.0815054,-7852.79,2.7606,-0.153855,-68.1575,500,-8357.59,504.797,85.3571,240.899,-9151.81,467.97,421.68,83.1172
63,-0.0943372,-7853.38,2.16952,-0.166676,-54.7924,500,-8358.26,504.878,84.8045,241.058,-9152.14,468.021,421.682,83.1967
64,-0.107123,-7854.08,1.46524,-0.179497,-47.2101,500,-8357.91,503.825,85.162,240.594,-9151.82,468.158,420.538,83.287
65,-0.119991,-7854.61,0.935179,-0.192318,-33.0424,500,-8358.77,504.153,84.3587,240.986,-9152.32,468.203,420.788,83.3655
66,-0.132728,-7854.96,0.588223,-0.20514,-22.1906,500,-8359,504.034,84.2093,240.874,-9152.4,468.319,420.577,83.4572
67,-0.145544,-7856.11,-0.558844,-0.217961,-28.6386,500,-8359.53,503.42,83.6578,240.487,-9152.22,468.542,419.683,83.7373
68,-0.158515,-7855.73,-0.179186,-0.230782,-6.51898,500,-8359.08,503.348,84.1355,240.429,-9152.15,468.504,419.562,83.7865
69,-0.171166,-7856.1,-0.548932,-0.243603,-5.6918,500,-8359.02,502.922,84.0347,240.278,-9152.04,468.705,419.045,83.8766
70,-0.184099,-7856.14,-0.587366,-0.256424,-0.120768,500,-8359.25,503.109,83.7471,240.443,-9152.21,468.778,419.181,83.9285
71,-0.196901,-7856.26,-0.71068,-0.269246,2.11402,500,-8358.97,502.709,83.9244,240.339,-9152.09,468.855,418.697,84.0129
72,-0.209716,-7856.58,-1.0268,-0.282067,3.08978,500,-8359.49,502.915,83.5499,240.381,-9152.35,468.929,418.768,84.1466
73,-0.222524,-7856.17,-0.624796,-0.294888,5.61447,500,-8359.47,503.293,83.4968,240.387,-9152.4,469.045,419.146,84.1468
74,-0.23537,-7857.13,-1.57822,-0.307709,4.00697,500,-8359.21,502.08,83.6233,240.181,-9152.15,469.14,417.655,84.4252
75,-0.248171,-7856.65,-1.10224,-0.32053,4.93856,500,-8359.1,502.449,83.8794,239.989,-9152.17,469.204,418.073,84.376
76,-0.260992,-7856.62,-1.0701,-0.333352,4.10179,500,-8359.37,502.752,83.5699,240.167,-9152.35,469.239,418.403,84.3485
77,-0.273826,-7856.5,-0.947733,-0.346173,2.9742,500,-8359.35,502.853,83.6453,240.173,-9152.43,469.264,418.518,84.3358
78,-0.286641,-7856.47,-0.915781,-0.358994,2.04564,500,-8359.24,502.772,83.7121,240.114,-9152.33,469.263,418.44,84.3314
79,-0.299476,-7856.44,-0.888858,-0.371815,1.65354,500,-8359.16,502.724,83.7925,240.081,-9152.35,469.317,418.405,84.319
80,-0.312278,-7856.31,-0.762793,-0.384637,0.675771,500,-8359.36,503.047,83.5701,240.151,-9152.37,469.292,418.732,84.3154
81,-0.325129,-7856.33,-0.77834,-0.397458,1.02974,500,-8359.43,503.103,83.5512,240.159,-9152.41,469.272,418.8,84.3029
82,-0.337953,-7856.21,-0.662127,-0.410279,1.26511,500,-8359.49,503.278,83.524,240.144,-9152.47,469.313,419.002,84.2767
83,-0.350738,-7856.68,-1.13367,-0.4231,2.50625,500,-8358.99,502.305,83.9115,240.048,-9152.17,469.224,417.931,84.3735
84,-0.36351,-7856.28,-0.728382,-0.435921,2.80003,500,-8359.2,502.921,83.7924,240.076,-9152.38,469.309,418.629,84.2918
85,-0.376407,-7856.16,-0.614921,-0.448743,3.63319,500,-8359.54,503.38,83.5535,240.257,-9152.57,469.212,419.087,84.2926
86,-0.389225,-7856.1,-0.545675,-0.461564,4.18314,500,-8359.52,503.42,83.591,240.159,-9152.51,469.246,419.139,84.2812
87,-0.402032,-7856.06,-0.51474,-0.474385,4.29,500,-8359.53,503.466,83.5495,240.126,-9152.52,469.318,419.185,84.2814
88,-0.414848,-7856.07,-0.523284,-0.487206,3.83797,500,-8359.62,503.546,83.5433,240.155,-9152.58,469.265,419.28,84.2658
89,-0.427675,-7856.05,-0.499198,-0.500028,3.33283,500,-8359.47,503.421,83.6738,240.069,-9152.51,469.299,419.16,84.2611
90,-0.440488,-7856.03,-0.482866,-0.512849,2.56372,500,-8359.5,503.466,83.6429,240.123,-9152.55,469.29,419.214,84.2527
91,-0.453317,-7856.12,-0.572472,-0.52567,1.26299,500,-8358.91,502.789,84.1112,239.972,-9152.28,469.283,418.536,84.2527
92,-0.466104,-7856.21,-0.663188,-0.538491,0.391052,500,-8358.35,502.134,84.5322,239.952,-9152.09,469.256,417.865,84.269
93,-0.478893,-7856.1,-0.555216,-0.551312,-0.50557,500,-8359.2,503.095,83.7814,240.135,-9152.31,469.199,418.828,84.2672
94,-0.491781,-7856.08,-0.533158,-0.564134,-1.42033,500,-8359.16,503.081,83.8338,240.125,-9152.32,469.2,418.82,84.2607
95,-0.504606,-7856.07,-0.521005,-0.576955,-2.09332,500,-8359.1,503.025,83.8935,240.195,-9152.36,469.179,418.766,84.2583
96,-0.51743,-7856.06,-0.509712,-0.589776,-2.49094,500,-8359.13,503.068,83.8856,240.084,-9152.31,469.209,418.816,84.2519
97,-0.530242,-7856.05,-0.500383,-0.602597,-2.48708,500,-8359.13,503.077,83.8157,240.142,-9152.28,469.198,418.817,84.2601
98,-0.54305,-7856.29,-0.743612,-0.615419,-1.62186,500,-8358.74,502.45,84.2025,240.218,-9152.26,469.097,418.18,84.2694
99,-0.555866,-7856.09,-0.544955,-0.62824,-1.23082,500,-8359.11,503.02,83.9042,240.012,-9152.2,469.167,418.776,84.2439
