step,T,Epot,Efull,SolventMolsThroughZ,
0,0.000953139,-12204.6,-12204.6,0,
5e-015,0.166271,-12207.3,-12205,0,
1e-014,0.264884,-12210,-12206.3,0,
1.5e-014,0.357053,-12213.1,-12208.1,0,
2e-014,0.395504,-12215.8,-12210.3,0,
2.5e-014,0.408726,-12218.2,-12212.6,0,
3e-014,0.405362,-12220.5,-12214.9,0,
3.5e-014,0.388877,-12222.6,-12217.2,0,
4e-014,0.361572,-12224.4,-12219.4,0,
4.5e-014,0.331336,-12226,-12221.4,0,
5e-014,0.290097,-12227.2,-12223.2,0,
5.5e-014,2.06594,-12229.1,-12200.5,0,
6e-014,3.38771,-12230.9,-12184.2,0,
6.5e-014,4.25284,-12231.9,-12173.2,0,
7e-014,4.78849,-12231.9,-12165.8,0,
7.5e-014,5.13606,-12231.5,-12160.6,0,
8e-014,5.39834,-12231.5,-12156.9,0,
8.5e-014,5.62259,-12232.2,-12154.6,0,
9e-014,5.85176,-12234.2,-12153.4,0,
9.5e-014,6.08517,-12237.3,-12153.3,0,
1e-013,6.33061,-12241.9,-12154.5,0,
1.05e-013,8.44492,-12247.5,-12130.9,0,
1.1e-013,9.89851,-12253.1,-12116.4,0,
1.15e-013,10.8762,-12258.4,-12108.2,0,
1.2e-013,11.4613,-12262.4,-12104.1,0,
1.25e-013,11.7678,-12264.8,-12102.4,0,
1.3e-013,11.8882,-12265.7,-12101.6,0,
1.35e-013,11.8735,-12265,-12101.1,0,
1.4e-013,11.8492,-12264,-12100.5,0,
1.45e-013,11.7995,-12262.6,-12099.6,0,
1.5e-013,11.7875,-12261.4,-12098.7,0,
1.55e-013,13.7304,-12261.2,-12071.7,0,
1.6e-013,15.1028,-12261.7,-12053.2,0,
1.65e-013,16.0838,-12262.8,-12040.7,0,
1.7e-013,16.7965,-12264.7,-12032.8,0,
1.75e-013,17.2888,-12266.6,-12027.9,0,
1.8e-013,17.6238,-12268.5,-12025.2,0,
1.85e-013,17.8239,-12270,-12023.9,0,
1.9e-013,17.909,-12270.6,-12023.3,0,
1.95e-013,17.9196,-12270.5,-12023.1,0,
2e-013,17.867,-12269.3,-12022.6,0,
2.05e-013,19.6703,-12267.2,-11995.6,0,
2.1e-013,20.8397,-12264.1,-11976.3,0,
2.15e-013,21.6689,-12261.3,-11962.1,0,
2.2e-013,22.2244,-12258.4,-11951.5,0,
2.25e-013,22.6586,-12256.3,-11943.4,0,
2.3e-013,22.979,-12254.5,-11937.3,0,
2.35e-013,23.2037,-12253,-11932.6,0,
2.4e-013,23.3756,-12251.7,-11929,0,
2.45e-013,23.5121,-12250.8,-11926.2,0,
2.5e-013,23.6295,-12250.3,-11924.1,0,
2.55e-013,25.6328,-12250.2,-11896.3,0,
2.6e-013,26.9921,-12249.9,-11877.2,0,
2.65e-013,27.9554,-12250.2,-11864.3,0,
2.7e-013,28.5387,-12249.3,-11855.3,0,
2.75e-013,28.9707,-12248.9,-11848.9,0,
2.8e-013,29.2522,-12248.4,-11844.5,0,
2.85e-013,29.399,-12247,-11841.1,0,
2.9e-013,29.5497,-12246.5,-11838.6,0,
2.95e-013,29.6199,-12245.5,-11836.6,0,
3e-013,29.7718,-12246,-11835,0,
3.05e-013,31.7834,-12246.8,-11808,0,
3.1e-013,33.2229,-12248.7,-11790,0,
3.15e-013,34.2305,-12250.9,-11778.3,0,
3.2e-013,34.9603,-12253.8,-11771.1,0,
3.25e-013,35.4637,-12256.9,-11767.3,0,
3.3e-013,35.7681,-12259.4,-11765.6,0,
3.35e-013,35.9613,-12261.5,-11765,0,
3.4e-013,36.0666,-12263.3,-11765.4,0,
3.45e-013,36.1389,-12264.9,-11766,0,
3.5e-013,36.285,-12268.1,-11767.1,0,
3.55e-013,38.2787,-12271.1,-11742.7,0,
3.6e-013,39.6289,-12273.9,-11726.8,0,
3.65e-013,40.5924,-12277.4,-11716.9,0,
3.7e-013,41.1956,-12280,-11711.2,0,
3.75e-013,41.5872,-12282.2,-11708,0,
3.8e-013,41.7948,-12283.5,-11706.5,0,
3.85e-013,41.9184,-12284.5,-11705.7,0,
3.9e-013,42.1,-12287,-11705.8,0,
3.95e-013,42.2979,-12290.8,-11706.8,0,
4e-013,42.4682,-12295.2,-11708.9,0,
4.05e-013,44.4792,-12299.4,-11685.3,0,
4.1e-013,45.914,-12304.5,-11670.6,0,
4.15e-013,46.901,-12309.9,-11662.4,0,
4.2e-013,47.6176,-12315.9,-11658.4,0,
4.25e-013,48.2009,-12323.4,-11657.9,0,
4.3e-013,48.5725,-12330.6,-11660,0,
4.35e-013,48.8,-12337.3,-11663.5,0,
4.4e-013,48.9507,-12343.9,-11668.1,0,
4.45e-013,49.0121,-12349.9,-11673.2,0,
4.5e-013,49.0174,-12355.3,-11678.5,0,
4.55e-013,50.9135,-12360.5,-11657.6,0,
4.6e-013,52.149,-12364.7,-11644.8,0,
4.65e-013,52.9568,-12368.4,-11637.3,0,
4.7e-013,53.4075,-12370.5,-11633.1,0,
4.75e-013,53.6998,-12372.3,-11630.9,0,
4.8e-013,53.8709,-12373.7,-11630,0,
4.85e-013,54.0885,-12376.7,-11630,0,
4.9e-013,54.2801,-12380.5,-11631.1,0,
4.95e-013,54.4042,-12384,-11632.9,0,
5e-013,54.6046,-12389.3,-11635.5,0,
5.05e-013,56.6353,-12394.6,-11612.7,0,
5.1e-013,58.0451,-12400.3,-11598.9,0,
5.15e-013,59.0345,-12406.6,-11591.5,0,
5.2e-013,59.6106,-12411.2,-11588.2,0,
5.25e-013,59.9671,-12415.1,-11587.2,0,
5.3e-013,60.1321,-12417.9,-11587.7,0,
5.35e-013,60.1885,-12419.6,-11588.6,0,
5.4e-013,60.187,-12420.8,-11589.8,0,
5.45e-013,60.1267,-12420.9,-11590.7,0,
5.5e-013,60.1379,-12421.9,-11591.6,0,
5.55e-013,62.045,-12422.7,-11566.1,0,
5.6e-013,63.405,-12424.6,-11549.2,0,
5.65e-013,64.3132,-12426.1,-11538.2,0,
5.7e-013,64.8925,-12427,-11531.1,0,
5.75e-013,65.2547,-12427.5,-11526.6,0,
5.8e-013,65.5099,-12428.1,-11523.6,0,
5.85e-013,65.6917,-12428.7,-11521.7,0,
5.9e-013,65.8848,-12430.4,-11520.8,0,
5.95e-013,66.0444,-12432.6,-11520.7,0,
6e-013,66.1289,-12434.4,-11521.5,0,
6.05e-013,68.0749,-12436.1,-11496.2,0,
6.1e-013,69.362,-12436.9,-11479.3,0,
6.15e-013,70.154,-12436.3,-11467.7,0,
6.2e-013,70.6522,-12434.9,-11459.5,0,
6.25e-013,70.9025,-12432.2,-11453.3,0,
6.3e-013,70.974,-12427.8,-11447.9,0,
6.35e-013,71.0343,-12423.5,-11442.8,0,
6.4e-013,71.0425,-12418.6,-11437.8,0,
6.45e-013,71.1127,-12414.8,-11433,0,
6.5e-013,71.182,-12411.4,-11428.6,0,
6.55e-013,73.0879,-12407.2,-11398.2,0,
6.6e-013,74.3864,-12403,-11376,0,
6.65e-013,75.2366,-12398.2,-11359.5,0,
6.7e-013,75.7184,-12391.8,-11346.4,0,
6.75e-013,76.0621,-12385.6,-11335.4,0,
6.8e-013,76.2778,-12379,-11325.9,0,
6.85e-013,76.4207,-12372.5,-11317.4,0,
6.9e-013,76.5111,-12365.8,-11309.4,0,
6.95e-013,76.566,-12358.9,-11301.8,0,
7e-013,76.6409,-12352.7,-11294.6,0,
7.05e-013,78.6305,-12347.1,-11261.5,0,
7.1e-013,80.0282,-12342,-11237.1,0,
7.15e-013,81.0258,-12337.8,-11219.1,0,
7.2e-013,81.7378,-12333.9,-11205.4,0,
7.25e-013,82.2571,-12330.7,-11195,0,
7.3e-013,82.6354,-12327.8,-11186.9,0,
7.35e-013,82.8987,-12325,-11180.5,0,
7.4e-013,83.1071,-12322.7,-11175.3,0,
7.45e-013,83.2614,-12320.6,-11171,0,
7.5e-013,83.3634,-12318.3,-11167.4,0,
7.55e-013,85.3816,-12316.9,-11138.1,0,
7.6e-013,86.7625,-12315.5,-11117.6,0,
7.65e-013,87.6754,-12313.6,-11103.1,0,
7.7e-013,88.3474,-12312.5,-11092.8,0,
7.75e-013,88.7756,-12310.9,-11085.3,0,
7.8e-013,89.0314,-12308.8,-11079.6,0,
7.85e-013,89.2767,-12307.7,-11075.2,0,
7.9e-013,89.4656,-12307,-11071.8,0,
7.95e-013,89.7135,-12308.6,-11070,0,
8e-013,89.8913,-12310.3,-11069.2,0,
8.05e-013,91.8629,-12310.9,-11042.6,0,
8.1e-013,93.1829,-12311.1,-11024.6,0,
8.15e-013,94.0077,-12310,-11012.1,0,
8.2e-013,94.5784,-12309,-11003.2,0,
8.25e-013,95.0695,-12309.6,-10997,0,
8.3e-013,95.5707,-12312.8,-10993.3,0,
8.35e-013,96.0032,-12317.7,-10992.2,0,
8.4e-013,96.2597,-12321.9,-10992.9,0,
8.45e-013,96.4263,-12326,-10994.7,0,
8.5e-013,96.3971,-12327.8,-10996.9,0,
8.55e-013,98.2202,-12328.6,-10972.5,0,
8.6e-013,99.4362,-12328.8,-10955.9,0,
8.65e-013,100.302,-12329.6,-10944.8,0,
8.7e-013,100.899,-12330.5,-10937.4,0,
8.75e-013,101.337,-12331.9,-10932.8,0,
8.8e-013,101.549,-12332,-10929.9,0,
8.85e-013,101.656,-12331.3,-10927.8,0,
8.9e-013,101.653,-12329.5,-10926,0,
8.95e-013,101.712,-12328.6,-10924.4,0,
9e-013,101.71,-12327.1,-10922.9,0,
9.05e-013,103.585,-12325.2,-10895.1,0,
9.1e-013,104.825,-12322.5,-10875.3,0,
9.15e-013,105.646,-12319.5,-10860.9,0,
9.2e-013,106.2,-12316.4,-10850.2,0,
9.25e-013,106.365,-12310,-10841.5,0,
9.3e-013,106.34,-12301.3,-10833.1,0,
9.35e-013,106.389,-12293.6,-10824.8,0,
9.4e-013,106.683,-12290.1,-10817.2,0,
9.45e-013,107.077,-12289.9,-10811.5,0,
9.5e-013,107.389,-12290.4,-10807.7,0,
9.55e-013,109.395,-12289.3,-10779,0,
9.6e-013,110.774,-12288.4,-10759,0,
9.65e-013,111.719,-12287.5,-10745.1,0,
9.7e-013,112.342,-12286.3,-10735.3,0,
9.75e-013,112.683,-12283.9,-10728.2,0,
9.8e-013,112.936,-12281.9,-10722.6,0,
9.85e-013,113.012,-12278.3,-10718,0,
9.9e-013,113.061,-12274.7,-10713.7,0,
9.95e-013,113.087,-12270.8,-10709.5,0,
1e-012,113.059,-12266.1,-10705.2,0,
1.005e-012,115.12,-12263.9,-10674.5,0,
1.01e-012,116.732,-12265.1,-10653.5,0,
1.015e-012,117.902,-12267.4,-10639.6,0,
1.02e-012,118.696,-12269.6,-10630.9,0,
1.025e-012,119.189,-12271,-10625.4,0,
1.03e-012,119.488,-12271.8,-10622.1,0,
1.035e-012,119.72,-12272.8,-10619.9,0,
1.04e-012,119.766,-12272.3,-10618.8,0,
1.045e-012,119.479,-12266.6,-10617,0,
1.05e-012,118.99,-12256,-10613.2,0,
1.055e-012,120.464,-12243.8,-10580.7,0,
1.06e-012,121.328,-12229.4,-10554.3,0,
1.065e-012,121.683,-12211.1,-10531.1,0,
1.07e-012,121.707,-12189.2,-10508.9,0,
1.075e-012,121.696,-12166.8,-10486.6,0,
1.08e-012,121.981,-12148.9,-10464.8,0,
1.085e-012,122.569,-12137.6,-10445.3,0,
1.09e-012,123.38,-12132.8,-10429.4,0,
1.095e-012,124.37,-12135.1,-10418,0,
1.1e-012,125.729,-12148.5,-10412.7,0,
1.105e-012,128.878,-12167.4,-10388.1,0,
1.11e-012,130.838,-12183.4,-10377,0,
1.115e-012,131.761,-12192.7,-10373.6,0,
1.12e-012,132.031,-12195.9,-10373,0,
1.125e-012,132.309,-12200.5,-10373.8,0,
1.13e-012,132.699,-12208.3,-10376.2,0,
1.135e-012,133.06,-12217.8,-10380.7,0,
1.14e-012,133.272,-12226.8,-10386.8,0,
1.145e-012,133.268,-12233.3,-10393.4,0,
1.15e-012,133.097,-12237.2,-10399.6,0,
1.155e-012,134.541,-12235.6,-10378.1,0,
1.16e-012,134.794,-12222.2,-10361.2,0,
1.165e-012,134.362,-12198.8,-10343.7,0,
1.17e-012,134.117,-12175.8,-10324.2,0,
1.175e-012,134.181,-12156.7,-10304.1,0,
1.18e-012,134.203,-12137.4,-10284.5,0,
1.185e-012,133.954,-12113.8,-10264.4,0,
1.19e-012,133.788,-12090,-10242.9,0,
1.195e-012,133.967,-12070.9,-10221.3,0,
1.2e-012,134.877,-12064.4,-10202.2,0,
1.205e-012,138.007,-12068.1,-10162.7,0,
1.21e-012,140.169,-12072.4,-10137.2,0,
1.215e-012,141.584,-12075.6,-10120.8,0,
1.22e-012,142.635,-12080.1,-10110.9,0,
1.225e-012,143.474,-12086.8,-10105.9,0,
1.23e-012,143.943,-12091.7,-10104.4,0,
1.235e-012,144.295,-12097.1,-10104.9,0,
1.24e-012,144.889,-12108.1,-10107.8,0,
1.245e-012,145.502,-12122.7,-10113.9,0,
1.25e-012,145.78,-12135.2,-10122.5,0,
1.255e-012,147.397,-12140,-10105,0,
1.26e-012,148.216,-12139.8,-10093.5,0,
1.265e-012,148.865,-12141.2,-10085.9,0,
1.27e-012,149.08,-12138.9,-10080.7,0,
1.275e-012,148.825,-12130.3,-10075.5,0,
1.28e-012,148.153,-12113.4,-10068,0,
1.285e-012,147.748,-12096.9,-10057.1,0,
1.29e-012,148.362,-12094.8,-10046.5,0,
1.295e-012,149.296,-12101.5,-10040.3,0,
1.3e-012,149.648,-12103.8,-10037.7,0,
1.305e-012,151.23,-12097,-10009.1,0,
1.31e-012,151.815,-12082.1,-9986.07,0,
1.315e-012,151.795,-12060.3,-9964.56,0,
1.32e-012,151.519,-12034.1,-9942.17,0,
1.325e-012,151.392,-12008.6,-9918.47,0,
1.33e-012,151.958,-11993.6,-9895.59,0,
1.335e-012,153.301,-11994,-9877.46,0,
1.34e-012,155.008,-12007.7,-9867.58,0,
1.345e-012,156.052,-12019.8,-9865.27,0,
1.35e-012,156.247,-12023.5,-9866.31,0,
1.355e-012,157.854,-12020.1,-9840.72,0,
1.36e-012,158.776,-12013.8,-9821.67,0,
1.365e-012,159.044,-12001.8,-9805.95,0,
1.37e-012,158.577,-11979.2,-9789.9,0,
1.375e-012,157.799,-11948.9,-9770.34,0,
1.38e-012,157.691,-11925.1,-9747.96,0,
1.385e-012,158.297,-11912.5,-9727.04,0,
1.39e-012,158.743,-11900.7,-9709.03,0,
1.395e-012,159.065,-11889,-9692.94,0,
1.4e-012,159.391,-11879.1,-9678.47,0,
1.405e-012,161.457,-11868.3,-9639.22,0,
1.41e-012,162.409,-11850.2,-9607.98,0,
1.415e-012,162.899,-11829.2,-9580.15,0,
1.42e-012,163.632,-11814.4,-9555.3,0,
1.425e-012,164.539,-11806.5,-9534.88,0,
1.43e-012,164.947,-11795.5,-9518.17,0,
1.435e-012,165.075,-11781.7,-9502.59,0,
1.44e-012,165.545,-11773.9,-9488.36,0,
1.445e-012,166.473,-11775.9,-9477.55,0,
1.45e-012,167.869,-11790.4,-9472.78,0,
1.455e-012,171.036,-11810.4,-9449.04,0,
1.46e-012,172.811,-11824.3,-9438.4,0,
1.465e-012,173.721,-11833,-9434.59,0,
1.47e-012,174.692,-11847.3,-9435.49,0,
1.475e-012,175.243,-11860.3,-9440.84,0,
1.48e-012,174.482,-11855,-9446.09,0,
1.485e-012,172.886,-11831.9,-9445.03,0,
1.49e-012,171.203,-11798.9,-9435.21,0,
1.495e-012,170.307,-11769.6,-9418.31,0,
1.5e-012,169.68,-11740.4,-9397.81,0,
1.505e-012,170.757,-11704.9,-9347.38,0,
1.51e-012,171.473,-11668.5,-9301.07,0,
1.515e-012,172.852,-11646.5,-9260.01,0,
1.52e-012,174.197,-11631.4,-9226.38,0,
1.525e-012,175.05,-11615.2,-9198.47,0,
1.53e-012,175.69,-11600.1,-9174.46,0,
1.535e-012,175.815,-11580.1,-9152.77,0,
1.54e-012,175.159,-11548.1,-9129.83,0,
1.545e-012,174.514,-11512.5,-9103.16,0,
1.55e-012,174.033,-11476.5,-9073.75,0,
1.555e-012,175.807,-11442.9,-9015.72,0,
1.56e-012,178.676,-11436.2,-8969.32,0,
1.565e-012,181.514,-11444.5,-8938.43,0,
1.57e-012,182.819,-11443,-8918.98,0,
1.575e-012,182.935,-11428.7,-8903.01,0,
1.58e-012,182.982,-11413.4,-8887.11,0,
1.585e-012,184.061,-11414.5,-8873.35,0,
1.59e-012,186.135,-11438,-8868.21,0,
1.595e-012,187.605,-11462.9,-8872.79,0,
1.6e-012,187.69,-11473.2,-8881.92,0,
1.605e-012,189.114,-11474,-8863.06,0,
1.61e-012,190.783,-11485.9,-8851.86,0,
1.615e-012,192.035,-11500.2,-8848.97,0,
1.62e-012,192.511,-11508.2,-8850.36,0,
1.625e-012,193.03,-11519.2,-8854.2,0,
1.63e-012,193.063,-11525.6,-8860.1,0,
1.635e-012,192.42,-11520.6,-8864.03,0,
1.64e-012,192.453,-11523,-8865.96,0,
1.645e-012,192.506,-11526.6,-8868.82,0,
1.65e-012,191.598,-11514.9,-8869.65,0,
1.655e-012,192.369,-11494.4,-8838.48,0,
1.66e-012,193.363,-11481.1,-8811.43,0,
1.665e-012,194.6,-11477,-8790.34,0,
1.67e-012,195.471,-11473.8,-8775.04,0,
1.675e-012,195.736,-11465.2,-8762.8,0,
1.68e-012,195.612,-11451.5,-8750.78,0,
1.685e-012,195.768,-11441.4,-8738.54,0,
1.69e-012,196.478,-11441.2,-8728.55,0,
1.695e-012,196.549,-11435,-8721.36,0,
1.7e-012,196.118,-11421.1,-8713.42,0,
1.705e-012,198.011,-11411.5,-8677.72,0,
1.71e-012,200.175,-11416.4,-8652.69,0,
1.715e-012,202.462,-11434.8,-8639.56,0,
1.72e-012,204.195,-11456.6,-8637.48,0,
1.725e-012,203.898,-11455.1,-8639.99,0,
1.73e-012,202.991,-11440.1,-8637.58,0,
1.735e-012,203.048,-11435.7,-8632.37,0,
1.74e-012,202.798,-11427.3,-8627.45,0,
1.745e-012,201.208,-11395.8,-8617.86,0,
1.75e-012,200.238,-11364.9,-8600.34,0,
1.755e-012,202.774,-11355.4,-8555.84,0,
1.76e-012,204.204,-11342,-8522.72,0,
1.765e-012,203.62,-11303.4,-8492.2,0,
1.77e-012,203.368,-11265.7,-8457.99,0,
1.775e-012,204.813,-11254.4,-8426.73,0,
1.78e-012,206.269,-11251.8,-8404.03,0,
1.785e-012,206.325,-11234.5,-8385.98,0,
1.79e-012,205.96,-11209.6,-8366.03,0,
1.795e-012,206.527,-11198.1,-8346.71,0,
1.8e-012,206.822,-11185.1,-8329.7,0,
1.805e-012,208.677,-11168,-8286.97,0,
1.81e-012,210.141,-11153.6,-8252.35,0,
1.815e-012,212.063,-11154.2,-8226.44,0,
1.82e-012,213.765,-11161.6,-8210.28,0,
1.825e-012,215.671,-11180.6,-8203.01,0,
1.83e-012,217.057,-11202.1,-8205.32,0,
1.835e-012,216.607,-11200.9,-8210.41,0,
1.84e-012,216.091,-11195.1,-8211.71,0,
1.845e-012,217.007,-11210,-8213.91,0,
1.85e-012,217.719,-11227.2,-8221.32,0,
1.855e-012,219.09,-11227.9,-8203.1,0,
1.86e-012,218.918,-11210.6,-8188.15,0,
1.865e-012,218.594,-11189,-8171.02,0,
1.87e-012,219.626,-11187.5,-8155.3,0,
1.875e-012,221.025,-11197.9,-8146.35,0,
1.88e-012,222.232,-11212.9,-8144.71,0,
1.885e-012,222.306,-11216.8,-8147.57,0,
1.89e-012,221.925,-11213.1,-8149.14,0,
1.895e-012,222.104,-11215.7,-8149.31,0,
1.9e-012,222.591,-11224.1,-8150.91,0,
1.905e-012,225.392,-11241.7,-8129.93,0,
1.91e-012,226.757,-11251.2,-8120.52,0,
1.915e-012,227.029,-11249.4,-8115,0,
1.92e-012,226.823,-11241.2,-8109.59,0,
1.925e-012,226.802,-11234.8,-8103.46,0,
1.93e-012,225.369,-11206.4,-8094.94,0,
1.935e-012,222.807,-11151.3,-8075.19,0,
1.94e-012,221.585,-11103.7,-8044.42,0,
1.945e-012,223.279,-11096.8,-8014.2,0,
1.95e-012,225.793,-11113.3,-7995.95,0,
1.955e-012,228.922,-11122.2,-7961.68,0,
1.96e-012,230.512,-11121.9,-7939.41,0,
1.965e-012,231.745,-11124,-7924.44,0,
1.97e-012,231.625,-11111.3,-7913.44,0,
1.975e-012,230.046,-11073.6,-7897.56,0,
1.98e-012,229.365,-11041.5,-7874.87,0,
1.985e-012,231.537,-11051.7,-7855.06,0,
1.99e-012,234.933,-11094.3,-7850.77,0,
1.995e-012,236.414,-11123.9,-7859.93,0,
2e-012,236.924,-11144.8,-7873.74,0,
2.005e-012,237.799,-11144.6,-7861.53,0,
2.01e-012,235.108,-11090.7,-7844.7,0,
2.015e-012,233.528,-11038.2,-7814.06,0,
2.02e-012,235.199,-11031.1,-7783.87,0,
2.025e-012,236.156,-11022.7,-7762.24,0,
2.03e-012,235.694,-10995.4,-7741.39,0,
2.035e-012,235.711,-10973.4,-7719.15,0,
2.04e-012,236.812,-10969.5,-7700.01,0,
2.045e-012,238.481,-10980.5,-7687.98,0,
2.05e-012,239.718,-10993.2,-7683.64,0,
2.055e-012,241.102,-10984.8,-7656.13,0,
2.06e-012,239.806,-10938.8,-7628.03,0,
2.065e-012,240.783,-10921.2,-7596.89,0,
2.07e-012,243.151,-10932.9,-7575.88,0,
2.075e-012,243.979,-10932.1,-7563.66,0,
2.08e-012,245.144,-10940.4,-7555.9,0,
2.085e-012,245.729,-10947.4,-7554.79,0,
2.09e-012,243.33,-10908.3,-7548.79,0,
2.095e-012,241.148,-10858.6,-7529.21,0,
2.1e-012,240.986,-10830.1,-7502.98,0,
2.105e-012,243.538,-10814.8,-7452.48,0,
2.11e-012,244.878,-10793.8,-7412.97,0,
2.115e-012,246.597,-10785.7,-7381.12,0,
2.12e-012,248.744,-10794.4,-7360.14,0,
2.125e-012,249.549,-10792.9,-7347.6,0,
2.13e-012,249.291,-10778.6,-7336.86,0,
2.135e-012,248.01,-10746.8,-7322.74,0,
2.14e-012,247.162,-10712.8,-7300.39,0,
2.145e-012,248.242,-10706.1,-7278.84,0,
2.15e-012,248.294,-10688.9,-7260.9,0,
2.155e-012,250.332,-10672.5,-7216.33,0,
2.16e-012,253.324,-10680.8,-7183.35,0,
2.165e-012,255.248,-10689.4,-7165.42,0,
2.17e-012,254.62,-10664.6,-7149.24,0,
2.175e-012,256.592,-10678.4,-7135.86,0,
2.18e-012,255.49,-10656,-7128.64,0,
2.185e-012,251.195,-10573.4,-7105.35,0,
2.19e-012,250.481,-10524.7,-7066.46,0,
2.195e-012,253.13,-10528.3,-7033.55,0,
2.2e-012,253.607,-10512.5,-7011.12,0,
2.205e-012,254,-10464.9,-6958.12,0,
2.21e-012,256.944,-10459.4,-6911.92,0,
2.215e-012,259.662,-10468.1,-6883.17,0,
2.22e-012,260.312,-10455.7,-6861.75,0,
2.225e-012,264.248,-10498.7,-6850.39,0,
2.23e-012,266.947,-10545.9,-6860.4,0,
2.235e-012,264.849,-10528.2,-6871.61,0,
2.24e-012,263.709,-10513.1,-6872.32,0,
2.245e-012,262.063,-10486.5,-6868.39,0,
2.25e-012,258.433,-10417.6,-6849.59,0,
2.255e-012,259.711,-10376.7,-6791.07,0,
2.26e-012,264.043,-10392.7,-6747.22,0,
2.265e-012,267.952,-10426.1,-6726.66,0,
2.27e-012,270.078,-10449.9,-6721.11,0,
2.275e-012,273.331,-10503.2,-6729.53,0,
2.28e-012,272.282,-10506.6,-6747.4,0,
2.285e-012,267.85,-10446.1,-6748.04,0,
2.29e-012,267.373,-10426.1,-6734.64,0,
2.295e-012,266.815,-10404.3,-6720.63,0,
2.3e-012,265.321,-10363.4,-6700.34,0,
2.305e-012,268.572,-10359.3,-6651.35,0,
2.31e-012,272.607,-10386.8,-6623.11,0,
2.315e-012,274.592,-10401.9,-6610.83,0,
2.32e-012,275.354,-10407.5,-6605.91,0,
2.325e-012,275.89,-10412.4,-6603.42,0,
2.33e-012,275.503,-10407.1,-6603.48,0,
2.335e-012,273.356,-10368.9,-6594.86,0,
2.34e-012,275.944,-10395.3,-6585.59,0,
2.345e-012,278.218,-10434.3,-6593.17,0,
2.35e-012,274.636,-10390,-6598.26,0,
2.355e-012,272.573,-10317.3,-6554.11,0,
2.36e-012,273.114,-10276.7,-6506.04,0,
2.365e-012,274.461,-10251.9,-6462.6,0,
2.37e-012,277.373,-10259,-6429.57,0,
2.375e-012,281.447,-10300.9,-6415.16,0,
2.38e-012,283.59,-10333.5,-6418.18,0,
2.385e-012,286.446,-10386.5,-6431.79,0,
2.39e-012,289.558,-10461.1,-6463.37,0,
2.395e-012,289.39,-10498.6,-6503.17,0,
2.4e-012,287.233,-10502.8,-6537.15,0,
2.405e-012,285.831,-10476.8,-6530.59,0,
2.41e-012,284.192,-10438.5,-6514.9,0,
2.415e-012,285.662,-10441.3,-6497.41,0,
2.42e-012,287.091,-10453.4,-6489.79,0,
2.425e-012,285.231,-10420.4,-6482.39,0,
2.43e-012,281.243,-10341.4,-6458.46,0,
2.435e-012,281.044,-10301.4,-6421.24,0,
2.44e-012,282.15,-10285.2,-6389.78,0,
2.445e-012,280.403,-10227.5,-6356.21,0,
2.45e-012,282.023,-10213,-6319.29,0,
2.455e-012,287.02,-10234.9,-6272.27,0,
2.46e-012,288.636,-10230.3,-6245.31,0,
2.465e-012,289.306,-10218.3,-6224.1,0,
2.47e-012,292.147,-10245.4,-6211.96,0,
2.475e-012,292.205,-10244.5,-6210.24,0,
2.48e-012,290.717,-10213.4,-6199.66,0,
2.485e-012,293.134,-10236.2,-6189.12,0,
2.49e-012,295.253,-10270.5,-6194.12,0,
2.495e-012,289.45,-10186.1,-6189.92,0,
2.5e-012,286.135,-10105.3,-6154.87,0,
2.505e-012,286.624,-10102.8,-6145.59,0,
2.51e-012,285.914,-10083.6,-6136.24,0,
2.515e-012,284.688,-10056.5,-6126.07,0,
2.52e-012,284.209,-10039.3,-6115.47,0,
2.525e-012,281.991,-9997.5,-6104.27,0,
2.53e-012,280.672,-9967,-6091.98,0,
2.535e-012,283.914,-9999.89,-6080.1,0,
2.54e-012,286.26,-10023.4,-6071.23,0,
2.545e-012,283.208,-9971.57,-6061.53,0,
2.55e-012,285.032,-9985.85,-6050.63,0,
2.555e-012,289.164,-10034.4,-6042.12,0,
2.56e-012,289.972,-10038.6,-6035.18,0,
2.565e-012,291.527,-10053.5,-6028.61,0,
2.57e-012,294.462,-10089.2,-6023.76,0,
2.575e-012,295.51,-10100.4,-6020.5,0,
2.58e-012,292.969,-10061.5,-6016.66,0,
2.585e-012,291.522,-10036,-6011.22,0,
2.59e-012,291.066,-10023.9,-6005.38,0,
2.595e-012,288.642,-9983.43,-5998.36,0,
2.6e-012,290.327,-9999.15,-5990.82,0,
2.605e-012,292.29,-10020.4,-5984.98,0,
2.61e-012,293.244,-10028.3,-5979.74,0,
2.615e-012,296.661,-10072.1,-5976.33,0,
2.62e-012,296.665,-10070,-5974.17,0,
2.625e-012,296.403,-10063.9,-5971.73,0,
2.63e-012,296.604,-10064.3,-5969.34,0,
2.635e-012,295.804,-10050.9,-5967,0,
2.64e-012,292.251,-9998.63,-5963.75,0,
2.645e-012,291.575,-9984.19,-5958.64,0,
2.65e-012,295.509,-10035.3,-5955.39,0,
2.655e-012,291.769,-9981.05,-5952.82,0,
2.66e-012,287.336,-9912.14,-5945.12,0,
2.665e-012,292.221,-9972.76,-5938.29,0,
2.67e-012,292.544,-9973.18,-5934.24,0,
2.675e-012,291.968,-9960.95,-5929.97,0,
2.68e-012,294.503,-9992.15,-5926.17,0,
2.685e-012,292.822,-9965,-5922.23,0,
2.69e-012,288.526,-9899.23,-5915.76,0,
2.695e-012,288.679,-9893.14,-5907.56,0,
2.7e-012,293.419,-9952.14,-5901.13,0,
2.705e-012,296.547,-9992.05,-5897.84,0,
2.71e-012,297.579,-10004.1,-5895.62,0,
2.715e-012,299.993,-10036.7,-5894.93,0,
2.72e-012,295.773,-9977.49,-5893.98,0,
2.725e-012,290.483,-9899.67,-5889.19,0,
2.73e-012,289.037,-9872.78,-5882.26,0,
2.735e-012,290.002,-9878.85,-5875.02,0,
2.74e-012,293.288,-9919.62,-5870.42,0,
2.745e-012,290.786,-9882.01,-5867.35,0,
2.75e-012,289.686,-9861.94,-5862.47,0,
2.755e-012,290.921,-9872.62,-5856.09,0,
2.76e-012,293.155,-9898.07,-5850.69,0,
2.765e-012,296.678,-9943.53,-5847.52,0,
2.77e-012,295.507,-9924.86,-5845.02,0,
2.775e-012,296.659,-9937.62,-5841.87,0,
2.78e-012,302.776,-10021.8,-5841.6,0,
2.785e-012,303.998,-10041.5,-5844.42,0,
2.79e-012,301.779,-10013.7,-5847.26,0,
2.795e-012,299.835,-9988.35,-5848.76,0,
2.8e-012,301.267,-10010.1,-5850.69,0,
2.805e-012,303.746,-10048.3,-5854.68,0,
2.81e-012,307.043,-10099.3,-5860.21,0,
2.815e-012,305.965,-10090.9,-5866.65,0,
2.82e-012,300.363,-10017.6,-5870.74,0,
2.825e-012,296.831,-9968.65,-5870.54,0,
2.83e-012,294.378,-9933.11,-5868.85,0,
2.835e-012,293.61,-9918.92,-5865.27,0,
2.84e-012,300.021,-10005.8,-5863.61,0,
2.845e-012,301.098,-10021.5,-5864.47,0,
2.85e-012,301.21,-10023.8,-5865.27,0,
2.855e-012,305.518,-10085.8,-5867.79,0,
2.86e-012,308.033,-10126.9,-5874.1,0,
2.865e-012,304.809,-10087.7,-5879.46,0,
2.87e-012,302.456,-10058,-5882.2,0,
2.875e-012,303.331,-10072.3,-5884.42,0,
2.88e-012,302.603,-10064.4,-5886.59,0,
2.885e-012,301.288,-10047.5,-5887.84,0,
2.89e-012,303.55,-10080.2,-5889.31,0,
2.895e-012,303.77,-10086.2,-5892.33,0,
2.9e-012,296.437,-9985.44,-5892.75,0,
2.905e-012,291.757,-9916.68,-5888.62,0,
2.91e-012,291.625,-9909.45,-5883.21,0,
2.915e-012,291.019,-9895.68,-5877.8,0,
2.92e-012,291.885,-9902.18,-5872.35,0,
2.925e-012,294.905,-9940.31,-5868.78,0,
2.93e-012,300.348,-10014.8,-5868.14,0,
2.935e-012,302.66,-10049.2,-5870.6,0,
2.94e-012,303.544,-10064.8,-5874,0,
2.945e-012,306.064,-10104.9,-5879.34,0,
2.95e-012,306.548,-10117.7,-5885.4,0,
2.955e-012,304.15,-10090.5,-5891.31,0,
2.96e-012,305.032,-10107.8,-5896.48,0,
2.965e-012,301.74,-10066.6,-5900.66,0,
2.97e-012,294.923,-9972.49,-5900.71,0,
2.975e-012,292.459,-9935.24,-5897.48,0,
2.98e-012,293.674,-9947.8,-5893.26,0,
2.985e-012,298.716,-10015.3,-5891.2,0,
2.99e-012,301.969,-10061,-5891.94,0,
2.995e-012,299.552,-10028.4,-5892.77,0,
3e-012,295.771,-9974.79,-5891.3,0,
3.005e-012,294.225,-9950.16,-5888.02,0,
3.01e-012,298.109,-10001.7,-5885.97,0,
3.015e-012,304.494,-10091.7,-5887.75,0,
3.02e-012,305.321,-10107.3,-5891.94,0,
3.025e-012,300.415,-10041.9,-5894.32,0,
3.03e-012,294.738,-9961.95,-5892.72,0,
3.035e-012,294.976,-9961.23,-5888.72,0,
3.04e-012,296.153,-9975.43,-5886.67,0,
3.045e-012,289.403,-9877.51,-5881.94,0,
3.05e-012,289.315,-9868.78,-5874.43,0,
3.055e-012,290.837,-9883.27,-5867.91,0,
3.06e-012,293.752,-9918.87,-5863.25,0,
3.065e-012,295.32,-9939.03,-5861.78,0,
3.07e-012,289.751,-9859.64,-5859.26,0,
3.075e-012,288.7,-9839.73,-5853.86,0,
3.08e-012,289.11,-9838.77,-5847.24,0,
3.085e-012,289.384,-9835.18,-5839.86,0,
3.09e-012,290.566,-9845.51,-5833.88,0,
3.095e-012,289.995,-9831.44,-5827.7,0,
3.1e-012,290.04,-9825.43,-5821.06,0,
3.105e-012,291.522,-9840.37,-5815.54,0,
3.11e-012,291.081,-9828.98,-5810.23,0,
3.115e-012,290.581,-9815.85,-5804.02,0,
3.12e-012,292.811,-9840.71,-5798.09,0,
3.125e-012,295.96,-9880.42,-5794.32,0,
3.13e-012,293.922,-9849.15,-5791.18,0,
3.135e-012,292.129,-9820.65,-5787.44,0,
3.14e-012,294.155,-9845.25,-5784.08,0,
3.145e-012,290.339,-9787.65,-5779.15,0,
3.15e-012,286.846,-9731.29,-5771.02,0,
3.155e-012,288.766,-9749.21,-5762.44,0,
3.16e-012,288.747,-9741.53,-5755.02,0,
3.165e-012,286.673,-9704.37,-5746.49,0,
3.17e-012,287.522,-9708.06,-5738.46,0,
3.175e-012,285.948,-9679.77,-5731.91,0,
3.18e-012,285.051,-9658.38,-5722.89,0,
3.185e-012,285.107,-9648.65,-5712.4,0,
3.19e-012,288.617,-9687.96,-5703.24,0,
3.195e-012,291.207,-9716.77,-5696.29,0,
3.2e-012,291.657,-9717.14,-5690.45,0,
3.205e-012,292.69,-9725.78,-5684.83,0,
3.21e-012,295.439,-9759.87,-5680.97,0,
3.215e-012,292.14,-9710.47,-5677.12,0,
3.22e-012,288.506,-9653.56,-5670.38,0,
3.225e-012,286.73,-9620.52,-5661.85,0,
3.23e-012,287.146,-9616.94,-5652.53,0,
3.235e-012,293.323,-9695.08,-5645.39,0,
3.24e-012,299.106,-9772.44,-5642.91,0,
3.245e-012,300.258,-9788.25,-5642.82,0,
3.25e-012,301.514,-9806.08,-5643.31,0,
3.255e-012,302.132,-9816.36,-5645.06,0,
3.26e-012,295.927,-9730.5,-5644.86,0,
3.265e-012,291.909,-9670.51,-5640.35,0,
3.27e-012,295.119,-9709.89,-5635.4,0,
3.275e-012,298.622,-9756.7,-5633.85,0,
3.28e-012,293.648,-9686.4,-5632.22,0,
3.285e-012,292.222,-9662.52,-5628.03,0,
3.29e-012,294.362,-9687.73,-5623.69,0,
3.295e-012,287.127,-9582.18,-5618.04,0,
3.3e-012,283.148,-9516.21,-5607.01,0,
3.305e-012,292.131,-9631.27,-5598.03,0,
3.31e-012,299.998,-9737.6,-5595.76,0,
3.315e-012,304.922,-9808.25,-5598.43,0,
3.32e-012,306.941,-9840.23,-5602.53,0,
3.325e-012,306.492,-9839.38,-5607.87,0,
3.33e-012,300.168,-9755.32,-5611.13,0,
3.335e-012,300.816,-9764.41,-5611.27,0,
3.34e-012,304.66,-9820.29,-5614.07,0,
3.345e-012,298.239,-9733.08,-5615.52,0,
3.35e-012,293.657,-9667.22,-5612.92,0,
3.355e-012,294.819,-9682.19,-5611.84,0,
3.36e-012,298.715,-9735.8,-5611.68,0,
3.365e-012,306.805,-9852.05,-5616.22,0,
3.37e-012,305.25,-9838.06,-5623.7,0,
3.375e-012,294.966,-9697.18,-5624.81,0,
3.38e-012,288.384,-9600.2,-5618.7,0,
3.385e-012,290.331,-9619.67,-5611.29,0,
3.39e-012,290.976,-9621.95,-5604.67,0,
3.395e-012,298.257,-9718.76,-5600.96,0,
3.4e-012,296.977,-9700.16,-5600.02,0,
3.405e-012,291.377,-9618.92,-5596.09,0,
3.41e-012,286.831,-9548.76,-5588.71,0,
3.415e-012,290.919,-9597.12,-5580.62,0,
3.42e-012,291.687,-9602.39,-5575.29,0,
3.425e-012,290.276,-9576.59,-5568.97,0,
3.43e-012,292.705,-9604.35,-5563.19,0,
3.435e-012,298.785,-9685.53,-5560.44,0,
3.44e-012,300.182,-9704.61,-5560.22,0,
3.445e-012,299.957,-9701.66,-5560.38,0,
3.45e-012,296.243,-9649.74,-5559.74,0,
3.455e-012,293.214,-9604.15,-5555.97,0,
3.46e-012,296.744,-9649.82,-5552.89,0,
3.465e-012,297.749,-9662.56,-5551.76,0,
3.47e-012,290.907,-9565.07,-5548.73,0,
3.475e-012,282.773,-9444.64,-5540.61,0,
3.48e-012,283.512,-9443.59,-5529.36,0,
3.485e-012,287.402,-9489.04,-5521.1,0,
3.49e-012,290.179,-9521.78,-5515.5,0,
3.495e-012,289.434,-9504.57,-5508.58,0,
3.5e-012,290.366,-9510.36,-5501.49,0,
3.505e-012,296.046,-9584.64,-5497.35,0,
3.51e-012,298.893,-9623.34,-5496.75,0,
3.515e-012,298.297,-9614.7,-5496.34,0,
3.52e-012,294.98,-9567.39,-5494.82,0,
3.525e-012,294.152,-9552.5,-5491.37,0,
3.53e-012,295.093,-9563.98,-5489.85,0,
3.535e-012,292.849,-9528.45,-5485.31,0,
3.54e-012,298.331,-9600.97,-5482.15,0,
3.545e-012,298.54,-9603.2,-5481.48,0,
3.55e-012,295.81,-9564.28,-5480.25,0,
3.555e-012,294.376,-9541.16,-5476.93,0,
3.56e-012,300.2,-9619.7,-5475.07,0,
3.565e-012,307.045,-9717.18,-5478.05,0,
3.57e-012,302.624,-9660.4,-5482.3,0,
3.575e-012,301.168,-9640.63,-5482.63,0,
3.58e-012,306.195,-9713,-5485.6,0,
3.585e-012,303.711,-9682.39,-5489.28,0,
3.59e-012,301.477,-9654.14,-5491.87,0,
3.595e-012,301.738,-9659.68,-5493.82,0,
3.6e-012,299.527,-9630.02,-5494.67,0,
3.605e-012,293.807,-9548.84,-5492.46,0,
3.61e-012,294.015,-9546.76,-5487.52,0,
3.615e-012,304.847,-9696.26,-5487.48,0,
3.62e-012,308.209,-9750.17,-5494.95,0,
3.625e-012,302.289,-9672.59,-5499.11,0,
3.63e-012,301.599,-9663.97,-5500.01,0,
3.635e-012,303.858,-9697.31,-5502.18,0,
3.64e-012,303.069,-9688.72,-5504.47,0,
3.645e-012,303.499,-9697.48,-5507.3,0,
3.65e-012,294.869,-9577.96,-5506.93,0,
3.655e-012,293.91,-9560.6,-5502.8,0,
3.66e-012,296.671,-9595.14,-5499.23,0,
3.665e-012,303.104,-9683.91,-5499.18,0,
3.67e-012,304.1,-9701.13,-5502.65,0,
3.675e-012,298.016,-9618,-5503.52,0,
3.68e-012,296.932,-9601.34,-5501.82,0,
3.685e-012,299.367,-9634.62,-5501.49,0,
3.69e-012,299.812,-9641.17,-5501.89,0,
3.695e-012,297.566,-9609.28,-5501.01,0,
3.7e-012,300.571,-9649.83,-5500.07,0,
3.705e-012,302.158,-9672.93,-5501.27,0,
3.71e-012,301.19,-9660.88,-5502.57,0,
3.715e-012,301.637,-9667.55,-5503.07,0,
3.72e-012,306.566,-9738.6,-5506.08,0,
3.725e-012,304.924,-9720.03,-5510.17,0,
3.73e-012,305.55,-9731.98,-5513.48,0,
3.735e-012,307.547,-9764.51,-5518.43,0,
3.74e-012,309.541,-9799.75,-5526.15,0,
3.745e-012,306.486,-9765.11,-5533.69,0,
3.75e-012,302.546,-9713.9,-5536.87,0,
3.755e-012,307.74,-9789.97,-5541.24,0,
3.76e-012,301.109,-9704.56,-5547.38,0,
3.765e-012,291.462,-9569.99,-5546,0,
3.77e-012,287.291,-9505.74,-5539.33,0,
3.775e-012,288.675,-9516.13,-5530.62,0,
3.78e-012,291.032,-9542.13,-5524.07,0,
3.785e-012,289.919,-9520,-5517.3,0,
3.79e-012,291.041,-9529.19,-5511.01,0,
3.795e-012,290.584,-9516.76,-5504.88,0,
3.8e-012,291.564,-9524.55,-5499.15,0,
3.805e-012,294.642,-9562.19,-5494.3,0,
3.81e-012,296.757,-9588.67,-5491.56,0,
3.815e-012,296.716,-9586.17,-5489.63,0,
3.82e-012,293.935,-9546.51,-5488.37,0,
3.825e-012,291.875,-9513.56,-5483.86,0,
3.83e-012,294.384,-9544.22,-5479.89,0,
3.835e-012,297.595,-9585.89,-5477.21,0,
3.84e-012,301.717,-9642.71,-5477.13,0,
3.845e-012,305.874,-9704.19,-5481.22,0,
3.85e-012,302.26,-9658.72,-5485.64,0,
3.855e-012,297.179,-9588.6,-5485.68,0,
3.86e-012,298.549,-9606.59,-5484.74,0,
3.865e-012,303.162,-9673.1,-5487.58,0,
3.87e-012,298.194,-9605.89,-5488.96,0,
3.875e-012,297.922,-9600.76,-5487.58,0,
3.88e-012,300.57,-9637.61,-5487.87,0,
3.885e-012,303.409,-9679.16,-5490.22,0,
3.89e-012,302.615,-9670.53,-5492.55,0,
3.895e-012,305.515,-9713.23,-5495.2,0,
3.9e-012,311.278,-9800.2,-5502.62,0,
3.905e-012,300.166,-9653.01,-5508.85,0,
3.91e-012,291.355,-9529.59,-5507.07,0,
3.915e-012,293.554,-9555.15,-5502.27,0,
3.92e-012,293.884,-9556.32,-5498.88,0,
3.925e-012,289.825,-9495.15,-5493.76,0,
3.93e-012,289.627,-9487.18,-5488.51,0,
3.935e-012,289.685,-9484.18,-5484.72,0,
3.94e-012,288.293,-9459.1,-5478.85,0,
3.945e-012,286.656,-9428.47,-5470.83,0,
3.95e-012,294.829,-9535.22,-5464.74,0,
3.955e-012,301.49,-9626.35,-5463.9,0,
3.96e-012,295.982,-9551.04,-5464.64,0,
3.965e-012,292.058,-9492.88,-5460.65,0,
3.97e-012,294.331,-9520.55,-5456.95,0,
3.975e-012,295.354,-9531.47,-5453.74,0,
3.98e-012,298.907,-9578.41,-5451.63,0,
3.985e-012,301.361,-9612.19,-5451.53,0,
3.99e-012,304.985,-9664.41,-5453.71,0,
3.995e-012,306.396,-9688.02,-5457.84,0,
4e-012,305.306,-9677.76,-5462.63,0,
4.005e-012,306.543,-9701.86,-5469.65,0,
4.01e-012,299.936,-9617.18,-5476.19,0,
4.015e-012,303.147,-9664.63,-5479.31,0,
4.02e-012,302.141,-9654.93,-5483.5,0,
4.025e-012,295.904,-9568.45,-5483.12,0,
4.03e-012,295.724,-9563.39,-5480.56,0,
4.035e-012,292.508,-9515.17,-5476.74,0,
4.04e-012,289.865,-9473.23,-5471.28,0,
4.045e-012,291.965,-9496.94,-5466.01,0,
4.05e-012,291.538,-9486.29,-5461.25,0,
4.055e-012,291.939,-9486.54,-5455.96,0,
4.06e-012,297.531,-9560.16,-5452.37,0,
4.065e-012,300.349,-9599.15,-5452.45,0,
4.07e-012,299.046,-9582.95,-5454.25,0,
4.075e-012,295.052,-9528.01,-5454.45,0,
4.08e-012,293.348,-9502.94,-5452.91,0,
4.085e-012,289.155,-9440.75,-5448.62,0,
4.09e-012,290.705,-9456.7,-5443.16,0,
4.095e-012,296.38,-9531.62,-5439.73,0,
4.1e-012,297.657,-9547.33,-5437.81,0,
4.105e-012,298.55,-9558.56,-5436.7,0,
4.11e-012,293.059,-9480.26,-5434.21,0,
4.115e-012,288.02,-9405.41,-5428.94,0,
4.12e-012,297.592,-9533.71,-5425.08,0,
4.125e-012,301.507,-9589.38,-5426.7,0,
4.13e-012,291.84,-9456.51,-5427.3,0,
4.135e-012,289.493,-9418.8,-5421.98,0,
4.14e-012,293.154,-9464.23,-5416.87,0,
4.145e-012,301.293,-9574.01,-5414.29,0,
4.15e-012,305.822,-9639.58,-5417.32,0,
4.155e-012,301.253,-9579.42,-5420.25,0,
4.16e-012,297.575,-9528.25,-5419.85,0,
4.165e-012,295.257,-9494.23,-5417.84,0,
4.17e-012,295.449,-9494.52,-5415.48,0,
4.175e-012,299.727,-9551.87,-5413.76,0,
4.18e-012,301.746,-9581.25,-5415.27,0,
4.185e-012,299.273,-9547.11,-5415.28,0,
4.19e-012,305.56,-9636.07,-5417.42,0,
4.195e-012,315.212,-9777.39,-5425.5,0,
4.2e-012,310.784,-9727.42,-5436.66,0,
4.205e-012,299.976,-9582.71,-5441.16,0,
4.21e-012,296.094,-9527.9,-5439.96,0,
4.215e-012,292.211,-9470.2,-5435.86,0,
4.22e-012,294.594,-9498.44,-5431.21,0,
4.225e-012,292.969,-9472.04,-5427.24,0,
4.23e-012,292.77,-9463.97,-5421.92,0,
4.235e-012,295.729,-9501.18,-5418.28,0,
4.24e-012,291.853,-9445.48,-5416.08,0,
4.245e-012,286.609,-9368.89,-5411.89,0,
4.25e-012,291.424,-9431.85,-5408.38,0,
4.255e-012,295.453,-9485.57,-5406.47,0,
4.26e-012,294.288,-9466.28,-5403.28,0,
4.265e-012,297.576,-9508.38,-5399.97,0,
4.27e-012,302.469,-9576.32,-5400.36,0,
4.275e-012,294.842,-9471.61,-5400.95,0,
4.28e-012,287.277,-9366,-5399.79,0,
4.285e-012,288.628,-9382.12,-5397.26,0,
4.29e-012,293.168,-9442.4,-5394.86,0,
4.295e-012,298.228,-9511.94,-5394.54,0,
4.3e-012,298.358,-9517.49,-5398.29,0,
4.305e-012,298.245,-9520.59,-5402.95,0,
4.31e-012,302.657,-9587.68,-5409.13,0,
4.315e-012,299.771,-9552.89,-5414.18,0,
4.32e-012,295.939,-9499.42,-5413.61,0,
4.325e-012,293.405,-9461.11,-5410.28,0,
4.33e-012,296.778,-9507.02,-5409.63,0,
4.335e-012,300.697,-9561.02,-5409.53,0,
4.34e-012,300.565,-9560.09,-5410.42,0,
4.345e-012,298.833,-9536.28,-5410.52,0,
4.35e-012,298.519,-9533.71,-5412.29,0,
4.355e-012,291.659,-9442.62,-5415.91,0,
4.36e-012,289.926,-9417.04,-5414.25,0,
4.365e-012,293.379,-9459,-5408.53,0,
4.37e-012,296.208,-9496.7,-5407.18,0,
4.375e-012,294.96,-9480.03,-5407.75,0,
4.38e-012,295.923,-9492.63,-5407.04,0,
4.385e-012,302.855,-9595.53,-5414.24,0,
4.39e-012,300.488,-9569.4,-5420.79,0,
4.395e-012,294.339,-9483.8,-5420.08,0,
4.4e-012,298.08,-9533.15,-5417.79,0,
4.405e-012,301.005,-9572.82,-5417.07,0,
4.41e-012,304.475,-9623.03,-5419.38,0,
4.415e-012,301.847,-9589.39,-5422.02,0,
4.42e-012,295.956,-9509.15,-5423.11,0,
4.425e-012,298.246,-9539.11,-5421.45,0,
4.43e-012,305.213,-9640.97,-5427.12,0,
4.435e-012,297.775,-9541.96,-5430.8,0,
4.44e-012,293.012,-9473.44,-5428.04,0,
4.445e-012,291.288,-9444.76,-5423.16,0,
4.45e-012,288.542,-9400.24,-5416.56,0,
4.455e-012,290.98,-9428.04,-5410.69,0,
4.46e-012,296.819,-9507.25,-5409.29,0,
4.465e-012,299.11,-9540.57,-5410.99,0,
4.47e-012,292.069,-9441.54,-5409.16,0,
4.475e-012,287.794,-9374.34,-5400.99,0,
4.48e-012,294.987,-9468.38,-5395.72,0,
4.485e-012,290.425,-9401.07,-5391.39,0,
4.49e-012,287.644,-9354.61,-5383.32,0,
4.495e-012,290.928,-9393.38,-5376.75,0,
4.5e-012,290.932,-9387.72,-5371.04,0,
4.505e-012,290.557,-9378.41,-5366.9,0,
4.51e-012,288.139,-9340.16,-5362.04,0,
4.515e-012,286.709,-9312.28,-5353.91,0,
4.52e-012,292.184,-9381.66,-5347.7,0,
4.525e-012,298.642,-9468.02,-5344.89,0,
4.53e-012,304.167,-9545.64,-5346.23,0,
4.535e-012,298.531,-9470.04,-5348.45,0,
4.54e-012,299.933,-9489.13,-5348.19,0,
4.545e-012,295.319,-9427.14,-5349.89,0,
4.55e-012,289.216,-9342.44,-5349.46,0,
4.555e-012,294.84,-9424.61,-5353.98,0,
4.56e-012,297.693,-9474.91,-5364.88,0,
4.565e-012,299.146,-9499.7,-5369.62,0,
4.57e-012,301.756,-9535.39,-5369.27,0,
4.575e-012,301.756,-9537.85,-5371.72,0,
4.58e-012,299.852,-9512.42,-5372.59,0,
4.585e-012,299.89,-9514.59,-5374.24,0,
4.59e-012,301.364,-9535.2,-5374.49,0,
4.595e-012,302.905,-9560.24,-5378.26,0,
4.6e-012,295.669,-9459.97,-5377.9,0,
4.605e-012,297.853,-9487.59,-5375.35,0,
4.61e-012,303.054,-9560.97,-5376.93,0,
4.615e-012,303.057,-9567.11,-5383.03,0,
4.62e-012,301.827,-9559.44,-5392.34,0,
4.625e-012,299.082,-9527.52,-5398.32,0,
4.63e-012,294.548,-9463.74,-5397.14,0,
4.635e-012,291.702,-9420.99,-5393.68,0,
4.64e-012,291.134,-9410.53,-5391.06,0,
4.645e-012,292.242,-9421.91,-5387.14,0,
4.65e-012,292.387,-9420.66,-5383.9,0,
4.655e-012,291.695,-9408.54,-5381.33,0,
4.66e-012,293.514,-9431.47,-5379.15,0,
4.665e-012,289.868,-9377.38,-5375.39,0,
4.67e-012,290.255,-9376.86,-5369.54,0,
4.675e-012,296.246,-9457.37,-5367.33,0,
4.68e-012,292.837,-9409.03,-5366.05,0,
4.685e-012,299.088,-9494.58,-5365.29,0,
4.69e-012,293.64,-9419.94,-5365.88,0,
4.695e-012,289.254,-9358.69,-5365.18,0,
4.7e-012,286.896,-9322.22,-5361.26,0,
4.705e-012,298.286,-9474.41,-5356.2,0,
4.71e-012,302.259,-9529.47,-5356.41,0,
4.715e-012,304.559,-9563.98,-5359.16,0,
4.72e-012,301.361,-9522.39,-5361.73,0,
4.725e-012,298.844,-9491.2,-5365.28,0,
4.73e-012,292.525,-9406.37,-5367.7,0,
4.735e-012,292.569,-9407.21,-5367.93,0,
4.74e-012,298.798,-9492.85,-5367.58,0,
4.745e-012,303.922,-9566.81,-5370.79,0,
4.75e-012,301.433,-9536.47,-5374.82,0,
4.755e-012,297.998,-9491.52,-5377.29,0,
4.76e-012,297.121,-9478.32,-5376.2,0,
4.765e-012,299.431,-9509.31,-5375.3,0,
4.77e-012,300.611,-9525.52,-5375.21,0,
4.775e-012,305.049,-9589.16,-5377.58,0,
4.78e-012,304.383,-9585.13,-5382.75,0,
4.785e-012,298.895,-9512.11,-5385.5,0,
4.79e-012,297.321,-9489.22,-5384.32,0,
4.795e-012,299.408,-9517.58,-5383.87,0,
4.8e-012,301.566,-9550.89,-5387.4,0,
4.805e-012,298.588,-9513.16,-5390.78,0,
4.81e-012,290.286,-9397.8,-5390.04,0,
4.815e-012,299.494,-9524.57,-5389.68,0,
4.82e-012,306.528,-9627.74,-5395.73,0,
4.825e-012,308.831,-9667.32,-5403.52,0,
4.83e-012,304.413,-9612.35,-5409.54,0,
4.835e-012,303.336,-9601.18,-5413.26,0,
4.84e-012,306.031,-9650.25,-5425.11,0,
4.845e-012,306.648,-9676.33,-5442.67,0,
4.85e-012,309.741,-9730.03,-5453.67,0,
4.855e-012,312.384,-9775.17,-5462.32,0,
4.86e-012,308.254,-9726.35,-5470.51,0,
4.865e-012,305.277,-9690.48,-5475.76,0,
4.87e-012,308.085,-9735.24,-5481.75,0,
4.875e-012,306.989,-9725.97,-5487.61,0,
4.88e-012,311.589,-9797.28,-5495.41,0,
4.885e-012,302.988,-9684.41,-5501.28,0,
4.89e-012,299.556,-9637.1,-5501.36,0,
4.895e-012,304.883,-9712.68,-5503.4,0,
4.9e-012,301.857,-9673.51,-5506,0,
4.905e-012,300.25,-9654.62,-5509.29,0,
4.91e-012,303.133,-9702.35,-5517.22,0,
4.915e-012,296.523,-9613.5,-5519.63,0,
4.92e-012,293.828,-9573.49,-5516.83,0,
4.925e-012,300.137,-9658.01,-5514.25,0,
4.93e-012,307.978,-9771.65,-5519.63,0,
4.935e-012,308.035,-9781.52,-5528.72,0,
4.94e-012,300.614,-9685.15,-5534.8,0,
4.945e-012,300.688,-9688.24,-5536.86,0,
4.95e-012,297.316,-9644.09,-5539.28,0,
4.955e-012,295.054,-9609.84,-5536.25,0,
4.96e-012,297.094,-9636.48,-5534.73,0,
4.965e-012,295.08,-9605.76,-5531.81,0,
4.97e-012,295.44,-9607.44,-5528.53,0,
4.975e-012,295.653,-9609.19,-5527.33,0,
4.98e-012,295.071,-9599.6,-5525.77,0,
4.985e-012,298.798,-9650.51,-5525.24,0,
4.99e-012,297.405,-9632.7,-5526.65,0,
4.995e-012,293.973,-9581.95,-5523.29,0,
5e-012,297.307,-9627.34,-5522.64,0,
5.005e-012,289.087,-9512.43,-5521.23,0,
5.01e-012,287.849,-9488.24,-5514.12,0,
5.015e-012,292.116,-9541.72,-5508.69,0,
5.02e-012,293.62,-9557.69,-5503.9,0,
5.025e-012,292.942,-9544.37,-5499.95,0,
5.03e-012,287.402,-9461.36,-5493.42,0,
5.035e-012,290.485,-9496.78,-5486.27,0,
5.04e-012,294.241,-9543.89,-5481.54,0,
5.045e-012,294.903,-9549.62,-5478.13,0,
5.05e-012,295.814,-9559.41,-5475.33,0,
5.055e-012,298.847,-9601.54,-5475.58,0,
5.06e-012,296.92,-9575.05,-5475.7,0,
5.065e-012,293.473,-9524.16,-5472.4,0,
5.07e-012,290.64,-9479.27,-5466.62,0,
5.075e-012,300.462,-9613.69,-5465.44,0,
5.08e-012,295.879,-9550.45,-5465.47,0,
5.085e-012,294.299,-9525.49,-5462.33,0,
5.09e-012,300.393,-9607.88,-5460.58,0,
5.095e-012,294.955,-9531.84,-5459.63,0,
5.1e-012,292.493,-9493.81,-5455.58,0,
5.105e-012,294.53,-9517.67,-5451.31,0,
5.11e-012,294.437,-9512.65,-5447.59,0,
5.115e-012,301.128,-9605.56,-5448.11,0,
5.12e-012,292.968,-9491,-5446.21,0,
5.125e-012,295.35,-9519.68,-5442.01,0,
5.13e-012,295.71,-9521.75,-5439.11,0,
5.135e-012,290.802,-9449.75,-5434.86,0,
5.14e-012,288.019,-9403.96,-5427.5,0,
5.145e-012,298.592,-9544.99,-5422.56,0,
5.15e-012,304.763,-9633.54,-5425.91,0,
5.155e-012,297.897,-9545.84,-5433,0,
5.16e-012,295.941,-9521.56,-5435.73,0,
5.165e-012,300.089,-9580.64,-5437.54,0,
5.17e-012,294.744,-9505.97,-5436.66,0,
5.175e-012,298.254,-9551.74,-5433.97,0,
5.18e-012,300.824,-9587.96,-5434.71,0,
5.185e-012,297.854,-9545.83,-5433.58,0,
5.19e-012,301.22,-9592.94,-5434.22,0,
5.195e-012,294.496,-9501.88,-5436,0,
5.2e-012,295.443,-9512.91,-5433.95,0,
5.205e-012,294.631,-9500.03,-5432.28,0,
5.21e-012,291.182,-9449.67,-5429.54,0,
5.215e-012,286.484,-9377.53,-5422.26,0,
5.22e-012,291.757,-9442.54,-5414.48,0,
5.225e-012,295.365,-9488.8,-5410.93,0,
5.23e-012,289.358,-9401.59,-5406.65,0,
5.235e-012,289.94,-9405.08,-5402.11,0,
5.24e-012,301.086,-9557.28,-5400.41,0,
5.245e-012,303.893,-9599.79,-5404.17,0,
5.25e-012,301.203,-9566.77,-5408.28,0,
5.255e-012,300.505,-9558.11,-5409.27,0,
5.26e-012,302.495,-9586.63,-5410.31,0,
5.265e-012,302.483,-9588.19,-5412.04,0,
5.27e-012,303.105,-9598.18,-5413.43,0,
5.275e-012,303.817,-9610.61,-5416.04,0,
5.28e-012,300.728,-9571.11,-5419.19,0,
5.285e-012,290.536,-9432.09,-5420.88,0,
5.29e-012,296.593,-9512.08,-5417.25,0,
5.295e-012,303.997,-9614.72,-5417.66,0,
5.3e-012,306.86,-9658.25,-5421.67,0,
5.305e-012,303.063,-9610.87,-5426.71,0,
5.31e-012,300.881,-9581.93,-5427.89,0,
5.315e-012,299.616,-9566.32,-5429.75,0,
5.32e-012,297.52,-9535.1,-5427.46,0,
5.325e-012,303.038,-9611.2,-5427.39,0,
5.33e-012,306.547,-9662.76,-5430.5,0,
5.335e-012,306.541,-9666.39,-5434.21,0,
5.34e-012,308.494,-9699,-5439.85,0,
5.345e-012,302.23,-9619.42,-5446.76,0,
5.35e-012,298.502,-9567.64,-5446.45,0,
5.355e-012,305.227,-9662.23,-5448.19,0,
5.36e-012,300.669,-9601.33,-5450.23,0,
5.365e-012,298.574,-9573.96,-5451.77,0,
5.37e-012,296.741,-9547.41,-5450.53,0,
5.375e-012,299.402,-9582.89,-5449.27,0,
5.38e-012,301.497,-9612.19,-5449.64,0,
5.385e-012,302.132,-9624.44,-5453.13,0,
5.39e-012,300.474,-9602.67,-5454.25,0,
5.395e-012,308.216,-9713.24,-5457.94,0,
5.4e-012,303.456,-9653.96,-5464.37,0,
5.405e-012,295.566,-9546.86,-5466.21,0,
5.41e-012,294.79,-9533.51,-5463.56,0,
5.415e-012,296.614,-9556.74,-5461.61,0,
5.42e-012,293.719,-9513.61,-5458.46,0,
5.425e-012,290.221,-9460.63,-5453.77,0,
5.43e-012,291.494,-9473.49,-5449.05,0,
5.435e-012,289.2,-9439.97,-5447.21,0,
5.44e-012,280.332,-9309.27,-5438.94,0,
5.445e-012,288.486,-9412.82,-5429.9,0,
5.45e-012,289.12,-9419.49,-5427.83,0,
5.455e-012,290.383,-9431.72,-5422.62,0,
5.46e-012,292.837,-9463.75,-5420.77,0,
5.465e-012,293.774,-9477.71,-5421.79,0,
5.47e-012,296.258,-9511.57,-5421.35,0,
5.475e-012,293.773,-9475.39,-5419.5,0,
5.48e-012,289.474,-9412.75,-5416.2,0,
5.485e-012,295.423,-9489.37,-5410.68,0,
5.49e-012,295.169,-9486.12,-5410.94,0,
5.495e-012,293.272,-9456.96,-5407.98,0,
5.5e-012,289.549,-9400.46,-5402.87,0,
5.505e-012,290.347,-9404.7,-5396.1,0,
5.51e-012,297.323,-9497.64,-5392.72,0,
5.515e-012,297.762,-9502.18,-5391.21,0,
5.52e-012,298.412,-9512.96,-5393.01,0,
5.525e-012,300.171,-9538.07,-5393.84,0,
5.53e-012,291.409,-9418.3,-5395.04,0,
5.535e-012,292.616,-9431.48,-5391.56,0,
5.54e-012,302.115,-9564.16,-5393.09,0,
5.545e-012,295.012,-9469.96,-5396.95,0,
5.55e-012,292.156,-9427.95,-5394.38,0,
5.555e-012,294.096,-9450.39,-5390.02,0,
5.56e-012,295.102,-9462.83,-5388.58,0,
5.565e-012,302.878,-9570.77,-5389.16,0,
5.57e-012,302.74,-9571.55,-5391.85,0,
5.575e-012,306.739,-9629.89,-5394.98,0,
5.58e-012,299.948,-9539.38,-5398.23,0,
5.585e-012,297.647,-9507.56,-5398.18,0,
5.59e-012,296.923,-9500.11,-5400.71,0,
5.595e-012,295.914,-9483.44,-5397.98,0,
5.6e-012,299.209,-9527.37,-5396.42,0,
5.605e-012,303.098,-9581.75,-5397.11,0,
5.61e-012,302.145,-9571.11,-5399.62,0,
5.615e-012,299.823,-9539.54,-5400.11,0,
5.62e-012,297.716,-9510.43,-5400.08,0,
5.625e-012,297.437,-9504.6,-5398.11,0,
5.63e-012,299.594,-9534.52,-5398.25,0,
5.635e-012,303.546,-9591.5,-5400.67,0,
5.64e-012,299.141,-9531.88,-5401.86,0,
5.645e-012,293.436,-9450.86,-5399.61,0,
5.65e-012,290.308,-9401.31,-5393.24,0,
5.655e-012,289.208,-9378.88,-5386.01,0,
5.66e-012,288.365,-9363.04,-5381.8,0,
5.665e-012,278.189,-9211.6,-5370.85,0,
5.67e-012,285.831,-9305.62,-5359.37,0,
5.675e-012,289.713,-9351.8,-5351.95,0,
5.68e-012,288.712,-9330.93,-5344.9,0,
5.685e-012,290.288,-9347.66,-5339.88,0,
5.69e-012,295.829,-9419.57,-5335.28,0,
5.695e-012,299.311,-9467.74,-5335.38,0,
5.7e-012,296.109,-9428.63,-5340.48,0,
5.705e-012,300.139,-9487.18,-5343.39,0,
5.71e-012,302.278,-9519.48,-5346.16,0,
5.715e-012,297.91,-9458.76,-5345.74,0,
5.72e-012,294.02,-9402.14,-5342.84,0,
5.725e-012,293.382,-9388.52,-5338.01,0,
5.73e-012,293.914,-9393.5,-5335.65,0,
5.735e-012,288.271,-9312.83,-5332.89,0,
5.74e-012,289.843,-9329.16,-5327.52,0,
5.745e-012,295.028,-9398.07,-5324.83,0,
5.75e-012,292.441,-9358.48,-5320.96,0,
5.755e-012,294.797,-9386.77,-5316.73,0,
5.76e-012,296.476,-9409.53,-5316.31,0,
5.765e-012,297.152,-9417.14,-5314.59,0,
5.77e-012,300.35,-9462.12,-5315.41,0,
5.775e-012,299.921,-9461.2,-5320.42,0,
5.78e-012,297.446,-9430.53,-5323.92,0,
5.785e-012,296.989,-9425.43,-5325.14,0,
5.79e-012,294.158,-9384.47,-5323.25,0,
5.795e-012,292.756,-9360.82,-5318.96,0,
5.8e-012,294.05,-9374.02,-5314.3,0,
5.805e-012,295.009,-9383.62,-5310.65,0,
5.81e-012,294.111,-9368.43,-5307.86,0,
5.815e-012,290.098,-9307.8,-5302.64,0,
5.82e-012,297.785,-9410.24,-5298.94,0,
5.825e-012,295.94,-9383.83,-5298.02,0,
5.83e-012,298.524,-9416.74,-5295.24,0,
5.835e-012,297.268,-9401.05,-5296.89,0,
5.84e-012,299.98,-9440.43,-5298.83,0,
5.845e-012,301.554,-9463.5,-5300.18,0,
5.85e-012,302.107,-9474.17,-5303.21,0,
5.855e-012,300.161,-9448.76,-5304.67,0,
5.86e-012,299.518,-9439.8,-5304.58,0,
5.865e-012,292.271,-9338.74,-5303.57,0,
5.87e-012,288.982,-9286.21,-5296.45,0,
5.875e-012,296.55,-9386.4,-5292.16,0,
5.88e-012,303.121,-9478.32,-5293.36,0,
5.885e-012,290.995,-9310.54,-5292.98,0,
5.89e-012,285.66,-9228.49,-5284.6,0,
5.895e-012,292.743,-9319.98,-5278.3,0,
5.9e-012,290.846,-9293.72,-5278.23,0,
5.905e-012,284.449,-9200.3,-5273.13,0,
5.91e-012,290.459,-9276.57,-5266.42,0,
5.915e-012,293.858,-9318.46,-5261.38,0,
5.92e-012,293.675,-9311.76,-5257.21,0,
5.925e-012,299.45,-9389.03,-5254.74,0,
5.93e-012,305.215,-9470.93,-5257.06,0,
5.935e-012,297.31,-9366.41,-5261.67,0,
5.94e-012,294.438,-9325.93,-5260.84,0,
5.945e-012,293.198,-9307.39,-5259.44,0,
5.95e-012,294.367,-9320.18,-5256.08,0,
5.955e-012,297.847,-9368.75,-5256.61,0,
5.96e-012,288.349,-9233.57,-5252.56,0,
5.965e-012,296.282,-9338.14,-5247.59,0,
5.97e-012,301.725,-9412.38,-5246.69,0,
5.975e-012,297.654,-9358.42,-5248.93,0,
5.98e-012,293.194,-9294.43,-5246.52,0,
5.985e-012,294.569,-9309.52,-5242.63,0,
5.99e-012,295.273,-9316.93,-5240.32,0,
5.995e-012,294.072,-9298.7,-5238.67,0,
6e-012,292.255,-9270.27,-5235.32,0,
6.005e-012,293.012,-9280.65,-5235.26,0,
6.01e-012,291.523,-9256.18,-5231.34,0,
6.015e-012,293.32,-9279.03,-5229.39,0,
6.02e-012,298.394,-9349.21,-5229.51,0,
6.025e-012,304.498,-9435.65,-5231.67,0,
6.03e-012,305.89,-9466.58,-5243.39,0,
6.035e-012,299.836,-9387.09,-5247.49,0,
6.04e-012,299.993,-9389.93,-5248.15,0,
6.045e-012,302.773,-9431.07,-5250.91,0,
6.05e-012,297.157,-9353.55,-5250.93,0,
6.055e-012,293.827,-9304.51,-5247.85,0,
6.06e-012,297.85,-9356.73,-5244.54,0,
6.065e-012,296.124,-9330.68,-5242.32,0,
6.07e-012,295.558,-9320.43,-5239.89,0,
6.075e-012,294.04,-9296.26,-5236.67,0,
6.08e-012,298.031,-9347.91,-5233.22,0,
6.085e-012,297.697,-9345.69,-5235.62,0,
6.09e-012,288.609,-9218.74,-5234.14,0,
6.095e-012,291.98,-9257.67,-5226.51,0,
6.1e-012,306.614,-9457.92,-5224.74,0,
6.105e-012,308.493,-9489.92,-5230.78,0,
6.11e-012,295.446,-9310.27,-5231.27,0,
6.115e-012,295.89,-9311.74,-5226.61,0,
6.12e-012,305.633,-9450.63,-5230.99,0,
6.125e-012,302.206,-9406.87,-5234.54,0,
6.13e-012,304.032,-9434.37,-5236.82,0,
6.135e-012,300.363,-9386.47,-5239.59,0,
6.14e-012,294.536,-9306.53,-5240.1,0,
6.145e-012,287.265,-9201.58,-5235.53,0,
6.15e-012,284.904,-9159.34,-5225.9,0,
6.155e-012,293.285,-9267.37,-5218.21,0,
6.16e-012,299.131,-9345.2,-5215.33,0,
6.165e-012,297.15,-9317.1,-5214.58,0,
6.17e-012,298.688,-9336.82,-5213.05,0,
6.175e-012,298.851,-9338.52,-5212.51,0,
6.18e-012,294.151,-9270.28,-5209.16,0,
6.185e-012,296.482,-9299.22,-5205.92,0,
6.19e-012,303.184,-9391.29,-5205.45,0,
6.195e-012,304.954,-9419.36,-5209.1,0,
6.2e-012,303.988,-9409.48,-5212.55,0,
6.205e-012,305.588,-9436.51,-5217.48,0,
6.21e-012,301.717,-9389.46,-5223.88,0,
6.215e-012,301.273,-9385.91,-5226.46,0,
6.22e-012,297.384,-9333.68,-5227.93,0,
6.225e-012,303.948,-9425.27,-5228.89,0,
6.23e-012,302.28,-9404.15,-5230.8,0,
6.235e-012,308.849,-9500.3,-5236.26,0,
6.24e-012,301.959,-9411.54,-5242.63,0,
6.245e-012,299.157,-9372.51,-5242.28,0,
6.25e-012,302.615,-9425.7,-5247.72,0,
6.255e-012,301.555,-9416.76,-5253.42,0,
6.26e-012,305.316,-9476.59,-5261.32,0,
6.265e-012,307.657,-9519.19,-5271.6,0,
6.27e-012,300.926,-9431.07,-5276.41,0,
6.275e-012,294.055,-9334.74,-5274.95,0,
6.28e-012,290.583,-9282.04,-5270.18,0,
6.285e-012,292.065,-9295.84,-5263.52,0,
6.29e-012,299.173,-9391.2,-5260.75,0,
6.295e-012,300.065,-9403.96,-5261.19,0,
6.3e-012,298.258,-9381.07,-5263.25,0,
6.305e-012,296.608,-9362.26,-5267.21,0,
6.31e-012,300.831,-9430.78,-5277.44,0,
6.315e-012,297.387,-9385.99,-5280.19,0,
6.32e-012,287.246,-9240.99,-5275.21,0,
6.325e-012,295.045,-9341.93,-5268.47,0,
6.33e-012,301.736,-9435.51,-5269.67,0,
6.335e-012,294.491,-9336.2,-5270.39,0,
6.34e-012,296.107,-9354.82,-5266.68,0,
6.345e-012,290.536,-9274.8,-5263.59,0,
6.35e-012,280.23,-9121.95,-5253.02,0,
6.355e-012,283.688,-9159.5,-5242.83,0,
6.36e-012,286.863,-9195.64,-5235.13,0,
6.365e-012,294.57,-9296.49,-5229.59,0,
6.37e-012,292.428,-9263.91,-5226.57,0,
6.375e-012,294.227,-9285.6,-5223.43,0,
6.38e-012,298.358,-9341.67,-5222.46,0,
6.385e-012,296.617,-9317.91,-5222.74,0,
6.39e-012,295.581,-9302.22,-5221.35,0,
6.395e-012,291.68,-9245.27,-5218.26,0,
6.4e-012,299.967,-9355.85,-5214.43,0,
6.405e-012,306.389,-9449.51,-5219.42,0,
6.41e-012,298.283,-9338.14,-5219.97,0,
6.415e-012,302.708,-9399.81,-5220.55,0,
6.42e-012,304.689,-9429.68,-5223.07,0,
6.425e-012,300.224,-9369.98,-5225.01,0,
6.43e-012,298.849,-9350.46,-5224.48,0,
6.435e-012,297.804,-9335.12,-5223.56,0,
6.44e-012,292.461,-9258.41,-5220.63,0,
6.445e-012,292.634,-9255.33,-5215.16,0,
6.45e-012,293.627,-9265.07,-5211.18,0,
6.455e-012,298.386,-9330.17,-5210.58,0,
6.46e-012,301.126,-9368.28,-5210.86,0,
6.465e-012,299.548,-9349.06,-5213.43,0,
6.47e-012,306.29,-9443.51,-5214.79,0,
6.475e-012,300.751,-9370.23,-5217.98,0,
6.48e-012,299.708,-9355.45,-5217.6,0,
6.485e-012,298.347,-9335.8,-5216.75,0,
6.49e-012,301.729,-9382.42,-5216.67,0,
6.495e-012,302.382,-9396.23,-5221.47,0,
6.5e-012,289.005,-9210.49,-5220.41,0,
6.505e-012,291.483,-9238.36,-5214.07,0,
6.51e-012,294.385,-9273.54,-5209.19,0,
6.515e-012,296.849,-9304.54,-5206.16,0,
6.52e-012,303.275,-9393.81,-5206.72,0,
6.525e-012,294.805,-9276.29,-5206.15,0,
6.53e-012,299.55,-9342.97,-5207.31,0,
6.535e-012,298.186,-9328.84,-5212.02,0,
6.54e-012,288.881,-9198.78,-5210.42,0,
6.545e-012,301.28,-9370.01,-5210.47,0,
6.55e-012,291.567,-9235.74,-5210.3,0,
6.555e-012,292.628,-9243.74,-5203.65,0,
6.56e-012,295.501,-9281.53,-5201.78,0,
6.565e-012,295.616,-9280.86,-5199.52,0,
6.57e-012,297.711,-9308.43,-5198.16,0,
6.575e-012,295.082,-9269.27,-5195.29,0,
6.58e-012,301.714,-9360.46,-5194.92,0,
6.585e-012,304.871,-9407.7,-5198.57,0,
6.59e-012,295.916,-9284.57,-5199.08,0,
6.595e-012,294.783,-9266.34,-5196.49,0,
6.6e-012,291.754,-9221.41,-5193.39,0,
6.605e-012,294.563,-9260.97,-5194.17,0,
6.61e-012,288.75,-9177,-5190.45,0,
6.615e-012,286.73,-9143.08,-5184.41,0,
6.62e-012,298.429,-9300.17,-5179.98,0,
6.625e-012,300.566,-9330.75,-5181.06,0,
6.63e-012,291.102,-9197.23,-5178.21,0,
6.635e-012,295.281,-9250.12,-5173.4,0,
6.64e-012,293.643,-9223.79,-5169.68,0,
6.645e-012,296.015,-9253.38,-5166.52,0,
6.65e-012,296.769,-9260.85,-5163.58,0,
6.655e-012,301.083,-9320.27,-5163.44,0,
6.66e-012,300.665,-9316.33,-5165.28,0,
6.665e-012,291.083,-9180.63,-5161.86,0,
6.67e-012,301.846,-9328.8,-5161.43,0,
6.675e-012,311.317,-9469.51,-5171.39,0,
6.68e-012,304.522,-9386.71,-5182.41,0,
6.685e-012,303.108,-9370.26,-5185.48,0,
6.69e-012,303.349,-9377.84,-5189.74,0,
6.695e-012,293.421,-9241.7,-5190.66,0,
6.7e-012,286.137,-9134.68,-5184.2,0,
6.705e-012,291.754,-9203.65,-5175.62,0,
6.71e-012,300.387,-9322.15,-5174.94,0,
6.715e-012,297.023,-9274.62,-5173.85,0,
6.72e-012,305.183,-9388.72,-5175.28,0,
6.725e-012,300.608,-9327.5,-5177.24,0,
6.73e-012,303.732,-9372.57,-5179.18,0,
6.735e-012,308.457,-9442.18,-5183.54,0,
6.74e-012,309.331,-9460.91,-5190.21,0,
6.745e-012,306.249,-9424.92,-5196.76,0,
6.75e-012,295.319,-9274.26,-5197.01,0,
6.755e-012,297.805,-9307.79,-5196.23,0,
6.76e-012,299.371,-9330.1,-5196.91,0,
6.765e-012,301.834,-9366.34,-5199.15,0,
6.77e-012,295.366,-9277.31,-5199.42,0,
6.775e-012,295.364,-9272.24,-5194.37,0,
6.78e-012,305.484,-9413.07,-5195.49,0,
6.785e-012,306.643,-9434.28,-5200.69,0,
6.79e-012,306.501,-9436.91,-5205.29,0,
6.795e-012,311.169,-9508.65,-5212.57,0,
6.8e-012,299.021,-9348.22,-5219.87,0,
6.805e-012,294.271,-9282.77,-5219.99,0,
6.81e-012,293.673,-9277.55,-5223.03,0,
6.815e-012,296.075,-9311.52,-5223.84,0,
6.82e-012,298.969,-9351.1,-5223.47,0,
6.825e-012,298.86,-9349.27,-5223.14,0,
6.83e-012,298.195,-9340.05,-5223.1,0,
6.835e-012,296.676,-9318.73,-5222.75,0,
6.84e-012,292.82,-9260.11,-5217.36,0,
6.845e-012,300.869,-9370.14,-5216.26,0,
6.85e-012,307.953,-9472.15,-5220.48,0,
6.855e-012,312.997,-9551.03,-5229.72,0,
6.86e-012,298.401,-9353.25,-5233.45,0,
6.865e-012,300.599,-9383.37,-5233.22,0,
6.87e-012,299.261,-9363.92,-5232.25,0,
6.875e-012,303.516,-9425.8,-5235.38,0,
6.88e-012,298.358,-9354.88,-5235.68,0,
6.885e-012,305.114,-9449.89,-5237.41,0,
6.89e-012,302.001,-9409.65,-5240.15,0,
6.895e-012,305.886,-9466.67,-5243.53,0,
6.9e-012,298.071,-9361.02,-5245.78,0,
6.905e-012,297.961,-9357.81,-5244.09,0,
6.91e-012,298.638,-9367.94,-5244.87,0,
6.915e-012,294.589,-9310.49,-5243.32,0,
6.92e-012,299.406,-9375.3,-5241.63,0,
6.925e-012,301.307,-9402.58,-5242.67,0,
6.93e-012,294.777,-9313.53,-5243.77,0,
6.935e-012,299.991,-9385.08,-5243.33,0,
6.94e-012,300.649,-9394.57,-5243.74,0,
6.945e-012,299.676,-9381.37,-5243.97,0,
6.95e-012,300.354,-9392.07,-5245.31,0,
6.955e-012,298.242,-9362.8,-5245.2,0,
6.96e-012,300.102,-9388.56,-5245.28,0,
6.965e-012,305.186,-9459.1,-5245.63,0,
6.97e-012,309.37,-9524.96,-5253.71,0,
6.975e-012,299.512,-9391.53,-5256.39,0,
6.98e-012,295.988,-9341.63,-5255.15,0,
6.985e-012,296.009,-9340.77,-5254,0,
6.99e-012,306.563,-9487.78,-5255.29,0,
6.995e-012,300.911,-9412.91,-5258.47,0,
7e-012,303.057,-9443.01,-5258.94,0,
7.005e-012,314.807,-9611.82,-5265.52,0,
7.01e-012,304.475,-9477.38,-5273.73,0,
7.015e-012,300.758,-9427.24,-5274.91,0,
7.02e-012,299.853,-9416.68,-5276.83,0,
7.025e-012,296.561,-9371.2,-5276.81,0,
7.03e-012,295.605,-9357.28,-5276.1,0,
7.035e-012,291.317,-9292.45,-5270.46,0,
7.04e-012,300.142,-9412.36,-5268.52,0,
7.045e-012,303.051,-9454.28,-5270.29,0,
7.05e-012,295.933,-9356.75,-5271.03,0,
7.055e-012,297.004,-9368.7,-5268.19,0,
7.06e-012,296.225,-9357.56,-5267.8,0,
7.065e-012,291.324,-9285.98,-5263.89,0,
7.07e-012,291.983,-9289.19,-5258,0,
7.075e-012,296.209,-9343.22,-5253.69,0,
7.08e-012,305.123,-9467.78,-5255.18,0,
7.085e-012,294.672,-9326.39,-5258.08,0,
7.09e-012,287.877,-9226.2,-5251.69,0,
7.095e-012,292.431,-9284.2,-5246.82,0,
7.1e-012,293.685,-9297.46,-5242.78,0,
7.105e-012,294.682,-9308.57,-5240.12,0,
7.11e-012,291.608,-9262.08,-5236.07,0,
7.115e-012,295.525,-9312.53,-5232.44,0,
7.12e-012,301.418,-9393.33,-5231.87,0,
7.125e-012,300.231,-9377.58,-5232.53,0,
7.13e-012,301.861,-9398.95,-5231.38,0,
7.135e-012,302.498,-9409.29,-5232.93,0,
7.14e-012,299.846,-9372.7,-5232.96,0,
7.145e-012,296.047,-9317.97,-5230.67,0,
7.15e-012,297.105,-9330.32,-5228.42,0,
7.155e-012,298.429,-9347.29,-5227.11,0,
7.16e-012,296.826,-9324.29,-5226.24,0,
7.165e-012,299.203,-9356.67,-5225.8,0,
7.17e-012,307.319,-9471.45,-5228.53,0,
7.175e-012,307.527,-9481,-5235.21,0,
7.18e-012,301.293,-9396.72,-5237,0,
7.185e-012,299.879,-9378.07,-5237.86,0,
7.19e-012,301.052,-9393.03,-5236.63,0,
7.195e-012,309.577,-9515.8,-5241.7,0,
7.2e-012,302.058,-9413.98,-5243.7,0,
7.205e-012,304.78,-9455.13,-5247.26,0,
7.21e-012,293.922,-9305.3,-5247.34,0,
7.215e-012,298.004,-9358.98,-5244.66,0,
7.22e-012,301.782,-9413.44,-5246.96,0,
7.225e-012,302.988,-9431.15,-5248.02,0,
7.23e-012,307.547,-9498.47,-5252.4,0,
7.235e-012,302.666,-9435.66,-5256.98,0,
7.24e-012,290.316,-9262.2,-5254.02,0,
7.245e-012,289.941,-9251.02,-5248.03,0,
7.25e-012,291.145,-9261.37,-5241.75,0,
7.255e-012,291.421,-9259.95,-5236.52,0,
7.26e-012,294.644,-9299.63,-5231.7,0,
7.265e-012,297.919,-9349.23,-5236.08,0,
7.27e-012,304.261,-9442.47,-5241.77,0,
7.275e-012,300.513,-9393.31,-5244.35,0,
7.28e-012,297.48,-9350.92,-5243.83,0,
7.285e-012,303.437,-9433.29,-5243.96,0,
7.29e-012,299.261,-9377.74,-5246.07,0,
7.295e-012,302.433,-9422.47,-5247.01,0,
7.3e-012,305.248,-9467.24,-5252.92,0,
7.305e-012,303.253,-9446.27,-5259.48,0,
7.31e-012,297.967,-9375.6,-5261.8,0,
7.315e-012,301.476,-9425.62,-5263.36,0,
7.32e-012,303.235,-9453.27,-5266.74,0,
7.325e-012,303.155,-9456.7,-5271.27,0,
7.33e-012,295.068,-9347.15,-5273.37,0,
7.335e-012,290.016,-9273.44,-5269.41,0,
7.34e-012,302.961,-9452.28,-5269.53,0,
7.345e-012,295.271,-9347.56,-5270.98,0,
7.35e-012,299.507,-9407.36,-5272.29,0,
7.355e-012,300.138,-9419.57,-5275.79,0,
7.36e-012,298.731,-9398.68,-5274.33,0,
7.365e-012,295.724,-9356.76,-5273.93,0,
7.37e-012,293.709,-9323.46,-5268.44,0,
7.375e-012,301.157,-9424.57,-5266.73,0,
7.38e-012,300.686,-9419.43,-5268.08,0,
7.385e-012,290.869,-9281.31,-5265.49,0,
7.39e-012,301.204,-9421.67,-5263.18,0,
7.395e-012,297.82,-9375.53,-5263.76,0,
7.4e-012,295.047,-9335.24,-5261.74,0,
7.405e-012,296.23,-9348.47,-5258.64,0,
7.41e-012,297.681,-9368.31,-5258.46,0,
7.415e-012,293.511,-9308.45,-5256.18,0,
7.42e-012,285.038,-9186.44,-5251.13,0,
7.425e-012,294.202,-9307.12,-5245.29,0,
7.43e-012,302.44,-9422.49,-5246.93,0,
7.435e-012,292.002,-9277.52,-5246.07,0,
7.44e-012,293.174,-9290.83,-5243.19,0,
7.445e-012,288.835,-9229.02,-5241.29,0,
7.45e-012,297.576,-9346.99,-5238.59,0,
7.455e-012,295.545,-9316.41,-5236.05,0,
7.46e-012,297.343,-9339.12,-5233.93,0,
7.465e-012,301.506,-9395.77,-5233.1,0,
7.47e-012,297.423,-9340.17,-5233.88,0,
7.475e-012,299.901,-9372.87,-5232.37,0,
7.48e-012,299.798,-9371.41,-5232.33,0,
7.485e-012,297.9,-9343.82,-5230.95,0,
7.49e-012,298.201,-9347.34,-5230.31,0,
7.495e-012,299.349,-9362.33,-5229.45,0,
7.5e-012,298.973,-9354.92,-5227.23,0,
7.505e-012,299.613,-9367.89,-5231.36,0,
7.51e-012,291.95,-9259.84,-5229.1,0,
7.515e-012,293.714,-9278.1,-5223.01,0,
7.52e-012,302.219,-9393.77,-5221.26,0,
7.525e-012,304.127,-9422.4,-5223.54,0,
7.53e-012,292.029,-9255.61,-5223.78,0,
7.535e-012,299.325,-9352.78,-5220.22,0,
7.54e-012,296.922,-9318.51,-5219.14,0,
7.545e-012,298.436,-9338.01,-5217.73,0,
7.55e-012,300.524,-9365.82,-5216.71,0,
7.555e-012,301.077,-9376.31,-5219.57,0,
7.56e-012,298.309,-9340.36,-5221.84,0,
7.565e-012,301.352,-9382.7,-5222.17,0,
7.57e-012,305.251,-9440.02,-5225.65,0,
7.575e-012,297.807,-9338.99,-5227.4,0,
7.58e-012,297.693,-9339.07,-5229.05,0,
7.585e-012,300.288,-9377.86,-5232.01,0,
7.59e-012,299.22,-9362.56,-5231.46,0,
7.595e-012,302.695,-9413.19,-5234.11,0,
7.6e-012,300.249,-9385.84,-5240.53,0,
7.605e-012,286.998,-9200.52,-5238.16,0,
7.61e-012,290.653,-9242.79,-5229.96,0,
7.615e-012,299.895,-9369.01,-5228.58,0,
7.62e-012,301.254,-9388.9,-5229.71,0,
7.625e-012,298.62,-9352.87,-5230.04,0,
7.63e-012,300.979,-9384.32,-5228.93,0,
7.635e-012,307.427,-9478.57,-5234.17,0,
7.64e-012,295.118,-9312.64,-5238.17,0,
7.645e-012,299.413,-9368.14,-5234.37,0,
7.65e-012,303.088,-9421.96,-5237.45,0,
7.655e-012,302.327,-9414.59,-5240.59,0,
7.66e-012,302.249,-9415.57,-5242.65,0,
7.665e-012,305.003,-9457.72,-5246.77,0,
7.67e-012,299.513,-9385.34,-5250.19,0,
7.675e-012,293.341,-9298.51,-5248.57,0,
7.68e-012,292.214,-9277.1,-5242.72,0,
7.685e-012,294.09,-9299.18,-5238.9,0,
7.69e-012,296.874,-9333.87,-5235.15,0,
7.695e-012,294.636,-9300.56,-5232.74,0,
7.7e-012,304.288,-9433.28,-5232.21,0,
7.705e-012,299.677,-9373.03,-5235.62,0,
7.71e-012,297.186,-9338.61,-5235.58,0,
7.715e-012,304.801,-9450.4,-5242.24,0,
7.72e-012,294.05,-9303.53,-5243.8,0,
7.725e-012,289.446,-9234.84,-5238.67,0,
7.73e-012,292.242,-9267.21,-5232.44,0,
7.735e-012,290.306,-9237.43,-5229.4,0,
7.74e-012,292.997,-9269.23,-5224.04,0,
7.745e-012,290.07,-9225.8,-5221.01,0,
7.75e-012,297.457,-9323.7,-5216.95,0,
7.755e-012,297.256,-9320.3,-5216.31,0,
7.76e-012,290.896,-9228.74,-5212.56,0,
7.765e-012,296.085,-9298.12,-5210.3,0,
7.77e-012,299.751,-9347.49,-5209.05,0,
7.775e-012,296.356,-9299.76,-5208.19,0,
7.78e-012,296.333,-9297.28,-5206.04,0,
7.785e-012,299.45,-9340.31,-5206.03,0,
7.79e-012,306.737,-9445.45,-5210.56,0,
7.795e-012,296.644,-9308.25,-5212.71,0,
7.8e-012,292.194,-9242.08,-5207.98,0,
7.805e-012,302.018,-9376.33,-5206.59,0,
7.81e-012,302.24,-9380.9,-5208.1,0,
7.815e-012,299.941,-9351.25,-5210.19,0,
7.82e-012,297.607,-9322.21,-5213.37,0,
7.825e-012,291.611,-9236.71,-5210.66,0,
7.83e-012,290.181,-9210.43,-5204.12,0,
7.835e-012,285.208,-9132.7,-5195.05,0,
7.84e-012,296.017,-9274.83,-5187.95,0,
7.845e-012,295.328,-9264.47,-5187.09,0,
7.85e-012,295.133,-9258.36,-5183.68,0,
7.855e-012,291.543,-9204.67,-5179.56,0,
7.86e-012,303.576,-9367.32,-5176.08,0,
7.865e-012,307.211,-9424.06,-5182.64,0,
7.87e-012,300.093,-9327.22,-5184.06,0,
7.875e-012,308.456,-9445.98,-5187.37,0,
7.88e-012,312.65,-9511.55,-5195.02,0,
7.885e-012,300.961,-9356.46,-5201.32,0,
7.89e-012,297.515,-9307.23,-5199.67,0,
7.895e-012,302.305,-9373.13,-5199.43,0,
7.9e-012,294.266,-9263.59,-5200.87,0,
7.905e-012,297.06,-9301.03,-5199.75,0,
7.91e-012,306.44,-9431.66,-5200.88,0,
7.915e-012,309.019,-9474.7,-5208.31,0,
7.92e-012,303.866,-9407.51,-5212.25,0,
7.925e-012,296.981,-9314.23,-5214.03,0,
7.93e-012,299.403,-9346.97,-5213.33,0,
7.935e-012,295.78,-9297.3,-5213.68,0,
7.94e-012,297.13,-9315.3,-5213.05,0,
7.945e-012,299.932,-9353.27,-5212.34,0,
7.95e-012,299.992,-9355.51,-5213.74,0,
7.955e-012,289.253,-9205.79,-5212.29,0,
7.96e-012,299.372,-9343.27,-5210.07,0,
7.965e-012,298.585,-9333.01,-5210.67,0,
7.97e-012,301.048,-9366.07,-5209.73,0,
7.975e-012,299.775,-9348.71,-5209.95,0,
7.98e-012,297.753,-9321.92,-5211.07,0,
7.985e-012,304.18,-9412.43,-5212.85,0,
7.99e-012,301.737,-9381.89,-5216.03,0,
7.995e-012,301.26,-9375.64,-5216.37,0,
8e-012,301.524,-9382.23,-5219.32,0,
8.005e-012,299.191,-9351.59,-5220.88,0,
8.01e-012,302,-9395.05,-5225.56,0,
8.015e-012,309.202,-9501.8,-5232.88,0,
8.02e-012,300.897,-9391.26,-5237,0,
8.025e-012,306.069,-9467.62,-5241.95,0,
8.03e-012,288.298,-9219.45,-5239.13,0,
8.035e-012,306.88,-9473.97,-5237.1,0,
8.04e-012,305.578,-9460.92,-5242.03,0,
8.045e-012,302.889,-9426.95,-5245.19,0,
8.05e-012,306.391,-9479.58,-5249.47,0,
8.055e-012,304.562,-9462.96,-5258.11,0,
8.06e-012,295.472,-9337.05,-5257.69,0,
8.065e-012,295,-9331.36,-5258.51,0,
8.07e-012,292.242,-9288.68,-5253.92,0,
8.075e-012,299.082,-9380.69,-5251.5,0,
8.08e-012,295.536,-9330.62,-5250.37,0,
8.085e-012,295.824,-9331.13,-5246.91,0,
8.09e-012,299.609,-9384.43,-5247.96,0,
8.095e-012,295.948,-9338.26,-5252.33,0,
8.1e-012,301.528,-9415.67,-5252.71,0,
8.105e-012,296.023,-9340.57,-5253.61,0,
8.11e-012,299.413,-9386.81,-5253.04,0,
8.115e-012,287.712,-9224.31,-5252.09,0,
8.12e-012,290.133,-9253.02,-5247.38,0,
8.125e-012,294.298,-9310.64,-5247.49,0,
8.13e-012,292.287,-9278.95,-5243.57,0,
8.135e-012,295.402,-9318.88,-5240.49,0,
8.14e-012,292.215,-9271.74,-5237.34,0,
8.145e-012,302.248,-9409.05,-5236.15,0,
8.15e-012,296.337,-9327.94,-5236.63,0,
8.155e-012,296.284,-9324.87,-5234.31,0,
8.16e-012,294.665,-9299.88,-5231.66,0,
8.165e-012,292.425,-9265.7,-5228.41,0,
8.17e-012,288.945,-9210.86,-5221.61,0,
8.175e-012,290.22,-9221.84,-5215,0,
8.18e-012,293.316,-9260.19,-5210.6,0,
8.185e-012,301.25,-9373.33,-5214.21,0,
8.19e-012,295.64,-9299.96,-5218.28,0,
8.195e-012,306.481,-9454.85,-5223.5,0,
8.2e-012,298.03,-9344.47,-5229.8,0,
8.205e-012,287.584,-9193.21,-5222.76,0,
8.21e-012,306.19,-9447.64,-5220.3,0,
8.215e-012,302.702,-9402.65,-5223.47,0,
8.22e-012,302.572,-9403.1,-5225.71,0,
8.225e-012,293.51,-9275.93,-5223.66,0,
8.23e-012,298.431,-9343.1,-5222.88,0,
8.235e-012,297.039,-9328.36,-5227.37,0,
8.24e-012,296.738,-9328.6,-5231.76,0,
8.245e-012,299.667,-9375.73,-5238.46,0,
8.25e-012,296.922,-9339.68,-5240.3,0,
8.255e-012,290.926,-9257.37,-5240.78,0,
8.26e-012,292.877,-9282.06,-5238.52,0,
8.265e-012,300.089,-9379.93,-5236.83,0,
8.27e-012,299.467,-9371.2,-5236.69,0,
8.275e-012,304.612,-9443.41,-5237.85,0,
8.28e-012,303.749,-9433.81,-5240.18,0,
8.285e-012,306.191,-9470.31,-5242.96,0,
8.29e-012,304.896,-9457.69,-5248.23,0,
8.295e-012,304.662,-9457.2,-5250.96,0,
8.3e-012,306.085,-9482.79,-5256.9,0,
8.305e-012,302.728,-9438.61,-5259.07,0,
8.31e-012,304.069,-9460.9,-5262.86,0,
8.315e-012,300.478,-9415.05,-5266.57,0,
8.32e-012,306.051,-9496.28,-5270.87,0,
8.325e-012,300.182,-9418.34,-5273.96,0,
8.33e-012,298.973,-9400.63,-5272.93,0,
8.335e-012,299.682,-9410.62,-5273.13,0,
8.34e-012,291.693,-9297.24,-5270.06,0,
8.345e-012,295.867,-9349.3,-5264.49,0,
8.35e-012,300.363,-9412.39,-5265.51,0,
8.355e-012,303.622,-9459.94,-5268.05,0,
8.36e-012,305.17,-9487.07,-5273.82,0,
8.365e-012,295.313,-9349.62,-5272.46,0,
8.37e-012,297.676,-9381.95,-5272.16,0,
8.375e-012,297.454,-9378.79,-5272.07,0,
8.38e-012,299.964,-9411.94,-5270.57,0,
8.385e-012,302.574,-9450.01,-5272.6,0,
8.39e-012,297.526,-9382.1,-5274.39,0,
8.395e-012,301.634,-9443.65,-5279.23,0,
8.4e-012,306.464,-9514.93,-5283.81,0,
8.405e-012,308.945,-9553.99,-5288.62,0,
8.41e-012,302.972,-9477,-5294.1,0,
8.415e-012,293.117,-9340.97,-5294.14,0,
8.42e-012,298.987,-9419.52,-5291.64,0,
8.425e-012,301.456,-9452.94,-5290.96,0,
8.43e-012,306.764,-9529.6,-5294.33,0,
8.435e-012,300.587,-9448.87,-5298.89,0,
8.44e-012,299.9,-9440.4,-5299.91,0,
8.445e-012,296.508,-9393.45,-5299.79,0,
8.45e-012,294.179,-9364.15,-5302.64,0,
8.455e-012,298.104,-9423.97,-5308.27,0,
8.46e-012,301.194,-9481.01,-5322.66,0,
8.465e-012,292.876,-9364.37,-5320.86,0,
8.47e-012,299.229,-9450.31,-5319.09,0,
8.475e-012,291.259,-9337.75,-5316.57,0,
8.48e-012,296.159,-9404.15,-5315.31,0,
8.485e-012,293.106,-9361.4,-5314.71,0,
8.49e-012,306.727,-9550.6,-5315.85,0,
8.495e-012,306.721,-9556.27,-5321.6,0,
8.5e-012,302.411,-9507.92,-5332.76,0,
8.505e-012,294.248,-9404.23,-5341.76,0,
8.51e-012,292.903,-9388.71,-5344.82,0,
8.515e-012,295.252,-9420.17,-5343.85,0,
8.52e-012,297.945,-9456.28,-5342.79,0,
8.525e-012,295.717,-9426.56,-5343.82,0,
8.53e-012,303.284,-9531.39,-5344.17,0,
8.535e-012,300.316,-9492.96,-5346.72,0,
8.54e-012,298.256,-9465.99,-5348.2,0,
8.545e-012,296.427,-9439.96,-5347.42,0,
8.55e-012,291.789,-9382.14,-5353.64,0,
8.555e-012,291.3,-9370.13,-5348.37,0,
8.56e-012,303.098,-9534.94,-5350.3,0,
8.565e-012,301.019,-9509.75,-5353.81,0,
8.57e-012,298.452,-9475.24,-5354.74,0,
8.575e-012,300.486,-9505.36,-5356.78,0,
8.58e-012,306.154,-9587.92,-5361.09,0,
8.585e-012,294.582,-9434.82,-5367.75,0,
8.59e-012,299.599,-9503.41,-5367.06,0,
8.595e-012,292.223,-9400.19,-5365.68,0,
8.6e-012,291.145,-9382.39,-5362.77,0,
8.605e-012,295.562,-9440.05,-5359.46,0,
8.61e-012,299.055,-9489.97,-5361.15,0,
8.615e-012,299.563,-9498.2,-5362.37,0,
8.62e-012,293.687,-9413.98,-5359.27,0,
8.625e-012,304.714,-9567.11,-5360.15,0,
8.63e-012,303.12,-9551.16,-5366.22,0,
8.635e-012,297.639,-9478.26,-5368.98,0,
8.64e-012,294.884,-9439.98,-5368.73,0,
8.645e-012,290.991,-9382.54,-5365.04,0,
8.65e-012,292.326,-9393.91,-5357.98,0,
8.655e-012,300.97,-9515.08,-5359.82,0,
8.66e-012,297.175,-9463.72,-5360.85,0,
8.665e-012,301.368,-9522.07,-5361.32,0,
8.67e-012,296.476,-9456.52,-5363.3,0,
8.675e-012,293.815,-9416.96,-5360.49,0,
8.68e-012,303.582,-9555.87,-5364.53,0,
8.685e-012,302.821,-9553.19,-5372.37,0,
8.69e-012,295.416,-9454.73,-5376.14,0,
8.695e-012,297.938,-9495.28,-5381.88,0,
8.7e-012,296.773,-9480.66,-5383.34,0,
8.705e-012,301.389,-9547.69,-5386.65,0,
8.71e-012,298.458,-9508.53,-5387.95,0,
8.715e-012,298.684,-9510.6,-5386.89,0,
8.72e-012,304.972,-9600.9,-5390.38,0,
8.725e-012,296.767,-9497.19,-5399.95,0,
8.73e-012,296.404,-9495.69,-5403.46,0,
8.735e-012,295.155,-9478.74,-5403.76,0,
8.74e-012,297.423,-9507.93,-5401.63,0,
8.745e-012,295.472,-9480.02,-5400.66,0,
8.75e-012,293.128,-9446.33,-5399.33,0,
8.755e-012,298.942,-9525.07,-5397.8,0,
8.76e-012,294.645,-9463.75,-5395.81,0,
8.765e-012,286.325,-9343.6,-5390.53,0,
8.77e-012,294.313,-9446.87,-5383.51,0,
8.775e-012,291.466,-9403.81,-5379.77,0,
8.78e-012,289.196,-9368.53,-5375.82,0,
8.785e-012,296.475,-9464.56,-5371.35,0,
8.79e-012,290.098,-9373.16,-5368,0,
8.795e-012,291.568,-9386.76,-5361.29,0,
8.8e-012,291.206,-9376.72,-5356.26,0,
8.805e-012,294.485,-9419.03,-5353.3,0,
8.81e-012,297.537,-9461,-5353.13,0,
8.815e-012,290.035,-9353.03,-5348.73,0,
8.82e-012,286.884,-9301.2,-5340.41,0,
8.825e-012,296.862,-9433.1,-5334.55,0,
8.83e-012,295.567,-9415.62,-5334.95,0,
8.835e-012,299.948,-9477.22,-5336.07,0,
8.84e-012,294.796,-9405.21,-5335.18,0,
8.845e-012,287.551,-9304.42,-5334.41,0,
8.85e-012,286.403,-9282.82,-5328.67,0,
8.855e-012,287.683,-9292.81,-5320.98,0,
8.86e-012,284.023,-9233.41,-5312.12,0,
8.865e-012,289.331,-9301.69,-5307.12,0,
8.87e-012,285.123,-9234.08,-5297.61,0,
8.875e-012,292.154,-9324.87,-5291.32,0,
8.88e-012,287.636,-9254.9,-5283.73,0,
8.885e-012,298.698,-9403.54,-5279.64,0,
8.89e-012,300.05,-9423.34,-5280.78,0,
8.895e-012,293.316,-9329.35,-5279.76,0,
8.9e-012,296.522,-9369.45,-5275.59,0,
8.905e-012,299.153,-9407.23,-5277.05,0,
8.91e-012,297.145,-9379.15,-5276.7,0,
8.915e-012,294.75,-9345.29,-5275.9,0,
8.92e-012,287.585,-9242.13,-5271.66,0,
8.925e-012,286.934,-9225.45,-5263.97,0,
8.93e-012,294.785,-9328.71,-5258.84,0,
8.935e-012,297.387,-9366.88,-5261.09,0,
8.94e-012,304.145,-9463.06,-5263.95,0,
8.945e-012,299.233,-9402.13,-5270.85,0,
8.95e-012,294.884,-9342.18,-5270.93,0,
8.955e-012,293.318,-9317.26,-5267.64,0,
8.96e-012,297.633,-9375.48,-5266.29,0,
8.965e-012,300.47,-9413.9,-5265.54,0,
8.97e-012,296.391,-9358.37,-5266.33,0,
8.975e-012,295.324,-9341.31,-5263.99,0,
8.98e-012,299.333,-9394.65,-5261.99,0,
8.985e-012,299.542,-9398.22,-5262.68,0,
8.99e-012,298.287,-9379.55,-5261.33,0,
8.995e-012,298.49,-9382.13,-5261.11,0,
9e-012,301.331,-9421.5,-5261.25,0,
9.005e-012,303.596,-9454.93,-5263.41,0,
9.01e-012,301.214,-9425.1,-5266.46,0,
9.015e-012,301.909,-9437.32,-5269.09,0,
9.02e-012,298.582,-9393.58,-5271.29,0,
9.025e-012,295.021,-9342.26,-5269.12,0,
9.03e-012,293.409,-9317.44,-5266.57,0,
9.035e-012,294.814,-9332.73,-5262.46,0,
9.04e-012,289.932,-9259.67,-5256.8,0,
9.045e-012,299.802,-9393.06,-5253.92,0,
9.05e-012,303.921,-9451.68,-5255.68,0,
9.055e-012,306.512,-9490.77,-5258.99,0,
9.06e-012,298.376,-9379.84,-5260.39,0,
9.065e-012,293.905,-9314.63,-5256.9,0,
9.07e-012,302.761,-9437.43,-5257.44,0,
9.075e-012,303.782,-9457.54,-5263.44,0,
9.08e-012,299.034,-9396.46,-5267.92,0,
9.085e-012,300.808,-9420.44,-5267.41,0,
9.09e-012,305.478,-9487.15,-5269.64,0,
9.095e-012,304.48,-9477.51,-5273.79,0,
9.1e-012,299.872,-9414.86,-5274.76,0,
9.105e-012,299.943,-9414.94,-5273.86,0,
9.11e-012,303.345,-9463.62,-5275.57,0,
9.115e-012,302.079,-9448.37,-5277.79,0,
9.12e-012,308.743,-9543.47,-5280.89,0,
9.125e-012,314.062,-9624.53,-5288.51,0,
9.13e-012,308.344,-9553.49,-5296.41,0,
9.135e-012,298.523,-9419.33,-5297.85,0,
9.14e-012,293.196,-9345.63,-5297.69,0,
9.145e-012,293.539,-9345.2,-5292.52,0,
9.15e-012,294.875,-9361.37,-5290.26,0,
9.155e-012,296.364,-9377.55,-5285.87,0,
9.16e-012,296.111,-9371.28,-5283.1,0,
9.165e-012,307.67,-9531.64,-5283.87,0,
9.17e-012,305.174,-9502.34,-5289.04,0,
9.175e-012,294.201,-9348.84,-5287.03,0,
9.18e-012,301.338,-9446.57,-5286.22,0,
9.185e-012,306.515,-9519.19,-5287.37,0,
9.19e-012,302.466,-9468.08,-5292.16,0,
9.195e-012,300.938,-9447.6,-5292.77,0,
9.2e-012,306.706,-9529.18,-5294.73,0,
9.205e-012,305.12,-9513.71,-5301.15,0,
9.21e-012,289.819,-9300.75,-5299.44,0,
9.215e-012,300.196,-9445.17,-5300.59,0,
9.22e-012,299.217,-9431.34,-5300.27,0,
9.225e-012,301.609,-9465.81,-5301.72,0,
9.23e-012,299.651,-9441.05,-5304,0,
9.235e-012,292.083,-9338.16,-5305.59,0,
9.24e-012,295.33,-9377.48,-5300.08,0,
9.245e-012,296.495,-9393.63,-5300.14,0,
9.25e-012,294.044,-9359.32,-5299.68,0,
9.255e-012,290.914,-9309.65,-5293.22,0,
9.26e-012,300.582,-9440.04,-5290.14,0,
9.265e-012,295.82,-9373.51,-5289.34,0,
9.27e-012,292.486,-9322.41,-5284.27,0,
9.275e-012,297.958,-9395.11,-5281.42,0,
9.28e-012,302.002,-9451.49,-5281.97,0,
9.285e-012,295.337,-9361.19,-5283.7,0,
9.29e-012,290.623,-9290.59,-5278.19,0,
9.295e-012,298.683,-9398.97,-5275.29,0,
9.3e-012,300.397,-9425.63,-5278.28,0,
9.305e-012,299.061,-9406.58,-5277.67,0,
9.31e-012,306.214,-9507,-5279.34,0,
9.315e-012,299.327,-9415.06,-5282.48,0,
9.32e-012,301.659,-9448.02,-5283.24,0,
9.325e-012,293.047,-9330.13,-5284.24,0,
9.33e-012,293.237,-9330.5,-5282.01,0,
9.335e-012,303.467,-9471.97,-5282.22,0,
9.34e-012,292.974,-9329.95,-5285.07,0,
9.345e-012,290.657,-9292.07,-5279.18,0,
9.35e-012,293.939,-9332.32,-5274.13,0,
9.355e-012,297.243,-9375.49,-5271.67,0,
9.36e-012,303.312,-9461.42,-5273.82,0,
9.365e-012,302.072,-9447.71,-5277.24,0,
9.37e-012,302.261,-9451.12,-5278.03,0,
9.375e-012,305.452,-9498.23,-5281.08,0,
9.38e-012,299.58,-9418.71,-5282.64,0,
9.385e-012,304.927,-9495.33,-5285.43,0,
9.39e-012,297.213,-9393.88,-5290.48,0,
9.395e-012,289.548,-9286.8,-5289.22,0,
9.4e-012,295.237,-9361.44,-5285.33,0,
9.405e-012,295.713,-9364.18,-5281.49,0,
9.41e-012,303.385,-9469.49,-5280.89,0,
9.415e-012,314.273,-9626.62,-5287.69,0,
9.42e-012,299.016,-9420.53,-5292.23,0,
9.425e-012,305.431,-9510.17,-5293.31,0,
9.43e-012,299.077,-9424.31,-5295.18,0,
9.435e-012,300.182,-9440.1,-5295.72,0,
9.44e-012,295.903,-9382,-5296.69,0,
9.445e-012,295.905,-9387.91,-5302.57,0,
9.45e-012,299.327,-9432.31,-5299.73,0,
9.455e-012,302.779,-9483.84,-5303.61,0,
9.46e-012,298.416,-9425.43,-5305.43,0,
9.465e-012,304.642,-9513.64,-5307.68,0,
9.47e-012,312.062,-9621.52,-5313.12,0,
9.475e-012,304.732,-9527.61,-5320.41,0,
9.48e-012,309.533,-9598.96,-5325.47,0,
9.485e-012,301.333,-9490.76,-5330.47,0,
9.49e-012,303.165,-9516.92,-5331.35,0,
9.495e-012,291.749,-9359.33,-5331.37,0,
9.5e-012,302.508,-9507.34,-5330.84,0,
9.505e-012,295.332,-9410.41,-5332.99,0,
9.51e-012,299.771,-9472.81,-5334.11,0,
9.515e-012,305.929,-9561.12,-5337.38,0,
9.52e-012,309.539,-9618.34,-5344.77,0,
9.525e-012,294.166,-9406.63,-5345.31,0,
9.53e-012,299.807,-9480.92,-5341.71,0,
9.535e-012,296.588,-9438.13,-5343.37,0,
9.54e-012,294.51,-9405.03,-5338.96,0,
9.545e-012,301.133,-9495.17,-5337.65,0,
9.55e-012,300.973,-9493.93,-5338.63,0,
9.555e-012,290.43,-9344.69,-5334.95,0,
9.56e-012,292.692,-9369.69,-5328.72,0,
9.565e-012,300.34,-9472.4,-5325.83,0,
9.57e-012,302.897,-9510.86,-5328.98,0,
9.575e-012,299.816,-9469.48,-5330.15,0,
9.58e-012,308.84,-9600.26,-5336.34,0,
9.585e-012,294.336,-9403.26,-5339.58,0,
9.59e-012,292.934,-9378.46,-5334.14,0,
9.595e-012,293.701,-9384.68,-5329.76,0,
9.6e-012,293.134,-9371.62,-5324.53,0,
9.605e-012,298.733,-9446.77,-5322.4,0,
9.61e-012,301.823,-9489.29,-5322.25,0,
9.615e-012,300.698,-9474.58,-5323.07,0,
9.62e-012,306.914,-9561.89,-5324.56,0,
9.625e-012,310.065,-9614.11,-5333.28,0,
9.63e-012,304.043,-9534.99,-5337.31,0,
9.635e-012,306.516,-9574.97,-5343.13,0,
9.64e-012,306.472,-9578.78,-5347.55,0,
9.645e-012,307.144,-9594.72,-5354.22,0,
9.65e-012,302.038,-9526.77,-5356.76,0,
9.655e-012,307.474,-9605.85,-5360.79,0,
9.66e-012,298.37,-9482.17,-5362.8,0,
9.665e-012,296.889,-9463.44,-5364.53,0,
9.67e-012,295.26,-9436.81,-5360.38,0,
9.675e-012,301.725,-9527.4,-5361.71,0,
9.68e-012,294.901,-9431.62,-5360.15,0,
9.685e-012,296,-9444.96,-5358.3,0,
9.69e-012,294.011,-9416.05,-5356.86,0,
9.695e-012,297.735,-9464.08,-5353.48,0,
9.7e-012,307.487,-9602.31,-5357.07,0,
9.705e-012,300.8,-9513.49,-5360.57,0,
9.71e-012,302.647,-9540.98,-5362.57,0,
9.715e-012,300.186,-9511.32,-5366.87,0,
9.72e-012,306.458,-9607.29,-5376.25,0,
9.725e-012,307.001,-9621.82,-5383.29,0,
9.73e-012,295.457,-9464.17,-5385.02,0,
9.735e-012,285.745,-9323.31,-5378.25,0,
9.74e-012,288.386,-9350.79,-5369.26,0,
9.745e-012,294.251,-9424.52,-5362.01,0,
9.75e-012,297.434,-9465.71,-5359.26,0,
9.755e-012,300.138,-9506.46,-5362.68,0,
9.76e-012,295.261,-9439.7,-5363.26,0,
9.765e-012,298.684,-9486.16,-5362.46,0,
9.77e-012,299.971,-9505.18,-5363.71,0,
9.775e-012,304.508,-9570.57,-5366.46,0,
9.78e-012,297.717,-9478.07,-5367.72,0,
9.785e-012,300.99,-9523.49,-5367.95,0,
9.79e-012,310.986,-9667.45,-5373.9,0,
9.795e-012,304.99,-9591.75,-5380.99,0,
9.8e-012,302.19,-9556.08,-5383.96,0,
9.805e-012,303.926,-9585.3,-5389.22,0,
9.81e-012,307.095,-9632.7,-5392.87,0,
9.815e-012,306.214,-9628.03,-5400.36,0,
9.82e-012,302.636,-9583.59,-5405.32,0,
9.825e-012,298.349,-9524.16,-5405.08,0,
9.83e-012,295.865,-9487.25,-5402.47,0,
9.835e-012,296.571,-9491.78,-5397.25,0,
9.84e-012,308.091,-9652.02,-5398.44,0,
9.845e-012,301.131,-9560.68,-5403.19,0,
9.85e-012,290.945,-9419.45,-5402.59,0,
9.855e-012,296.786,-9503.01,-5405.51,0,
9.86e-012,302.321,-9577.76,-5403.84,0,
9.865e-012,302.332,-9580.54,-5406.47,0,
9.87e-012,297.35,-9512.05,-5406.76,0,
9.875e-012,297.55,-9513.55,-5405.5,0,
9.88e-012,298.75,-9531.21,-5406.59,0,
9.885e-012,300.195,-9551.29,-5406.72,0,
9.89e-012,301.509,-9570.86,-5408.15,0,
9.895e-012,301.351,-9570.57,-5410.05,0,
9.9e-012,291.114,-9426.44,-5407.25,0,
9.905e-012,292.59,-9443.76,-5404.19,0,
9.91e-012,295.856,-9488.15,-5403.48,0,
9.915e-012,295.964,-9491.76,-5405.61,0,
9.92e-012,294.562,-9468.39,-5401.6,0,
9.925e-012,300.659,-9552.02,-5401.05,0,
9.93e-012,301.031,-9559.95,-5403.84,0,
9.935e-012,294.438,-9467.09,-5402.01,0,
9.94e-012,292.558,-9436.4,-5397.27,0,
9.945e-012,296.098,-9483.41,-5395.4,0,
9.95e-012,292.557,-9430.04,-5390.92,0,
9.955e-012,294.478,-9454.06,-5388.43,0,
9.96e-012,288.342,-9363.04,-5382.13,0,
9.965e-012,296.297,-9467.7,-5376.95,0,
9.97e-012,296.318,-9467.6,-5376.57,0,
9.975e-012,297.25,-9479.33,-5375.42,0,
9.98e-012,303.545,-9569.49,-5378.67,0,
9.985e-012,303.293,-9572.17,-5384.82,0,
9.99e-012,291.137,-9402.25,-5382.73,0,
9.995e-012,292.357,-9413.29,-5376.94,0,
1e-011,290.625,-9382.73,-5370.3,0,
1.0005e-011,296.657,-9463.23,-5367.52,0,
1.001e-011,288.567,-9348.43,-5364.41,0,
1.0015e-011,293.247,-9405.23,-5356.59,0,
1.002e-011,296.225,-9444.39,-5354.64,0,
1.0025e-011,296.805,-9451.18,-5353.42,0,
1.003e-011,300.412,-9501.7,-5354.13,0,
1.0035e-011,301.325,-9515.71,-5355.55,0,
1.004e-011,296.894,-9453.85,-5354.86,0,
1.0045e-011,309.021,-9624.53,-5358.11,0,
1.005e-011,299.582,-9496.19,-5360.09,0,
1.0055e-011,308.661,-9625.7,-5364.25,0,
1.006e-011,305.756,-9590.89,-5369.55,0,
1.0065e-011,297.955,-9484.89,-5371.26,0,
1.007e-011,293.105,-9414.32,-5367.65,0,
1.0075e-011,300.171,-9511.06,-5366.83,0,
1.008e-011,295.414,-9449.88,-5371.32,0,
1.0085e-011,294.727,-9441.82,-5372.74,0,
1.009e-011,288.299,-9346.6,-5366.28,0,
1.0095e-011,294.169,-9422.96,-5361.59,0,
1.01e-011,296.239,-9447.51,-5357.56,0,
1.0105e-011,293.975,-9411.78,-5353.09,0,
1.011e-011,304.83,-9564.73,-5356.17,0,
1.0115e-011,296.102,-9443.44,-5355.39,0,
1.012e-011,300.35,-9501.19,-5354.48,0,
1.0125e-011,305.143,-9569.47,-5356.59,0,
1.013e-011,296.639,-9453.09,-5357.61,0,
1.0135e-011,294.995,-9426.56,-5353.78,0,
1.014e-011,299.843,-9493.66,-5353.95,0,
1.0145e-011,295.346,-9430.91,-5353.29,0,
1.015e-011,294.353,-9415.32,-5351.41,0,
1.0155e-011,290.249,-9354.56,-5347.31,0,
1.016e-011,299.138,-9477.29,-5347.32,0,
1.0165e-011,293.506,-9396.37,-5344.16,0,
1.017e-011,291.985,-9371.87,-5340.66,0,
1.0175e-011,297.294,-9441.26,-5336.75,0,
1.018e-011,290.682,-9344.93,-5331.69,0,
1.0185e-011,288.572,-9308.35,-5324.26,0,
1.019e-011,292.337,-9351.97,-5315.9,0,
1.0195e-011,296.086,-9401.55,-5313.72,0,
1.02e-011,295.421,-9389.07,-5310.42,0,
1.0205e-011,293.736,-9361.91,-5306.53,0,
1.021e-011,310.274,-9599.96,-5316.24,0,
1.0215e-011,314.31,-9668.84,-5329.4,0,
1.022e-011,302.132,-9508.38,-5337.08,0,
1.0225e-011,301.941,-9506.76,-5338.08,0,
1.023e-011,299.335,-9472,-5339.32,0,
1.0235e-011,308.368,-9602.08,-5344.68,0,
1.024e-011,303.839,-9543.45,-5348.57,0,
1.0245e-011,303.813,-9547.71,-5353.2,0,
1.025e-011,301.94,-9527.38,-5358.72,0,
1.0255e-011,291.03,-9378.46,-5360.44,0,
1.026e-011,302.144,-9530.98,-5359.51,0,
1.0265e-011,295.479,-9438.85,-5359.4,0,
1.027e-011,294.272,-9419.87,-5357.08,0,
1.0275e-011,284.155,-9274.35,-5351.24,0,
1.028e-011,293.493,-9394.94,-5342.91,0,
1.0285e-011,299.451,-9475.37,-5341.07,0,
1.029e-011,312.292,-9657.34,-5345.76,0,
1.0295e-011,293.792,-9403.63,-5347.47,0,
1.03e-011,297.656,-9454.48,-5344.97,0,
1.0305e-011,290.98,-9358.41,-5341.06,0,
1.031e-011,294.403,-9401.95,-5337.35,0,
1.0315e-011,300.103,-9480.59,-5337.3,0,
1.032e-011,290.91,-9353.97,-5337.6,0,
1.0325e-011,298.094,-9449.67,-5334.11,0,
1.033e-011,296.624,-9427.25,-5331.99,0,
1.0335e-011,294.532,-9395.51,-5329.13,0,
1.034e-011,300.52,-9480.84,-5331.79,0,
1.0345e-011,291.166,-9350.65,-5330.75,0,
1.035e-011,298.321,-9445.49,-5326.8,0,
1.0355e-011,302.794,-9508.02,-5327.57,0,
1.036e-011,304.006,-9527.21,-5330.03,0,
1.0365e-011,306.847,-9569.5,-5333.09,0,
1.037e-011,298.695,-9459.01,-5335.15,0,
1.0375e-011,299.892,-9473.83,-5333.45,0,
1.038e-011,303.929,-9531.73,-5335.61,0,
1.0385e-011,299.09,-9473.09,-5343.78,0,
1.039e-011,297.898,-9459.85,-5346.99,0,
1.0395e-011,292.029,-9377.04,-5345.22,0,
1.04e-011,296.272,-9431.23,-5340.84,0,
1.0405e-011,306.045,-9568.31,-5342.98,0,
1.041e-011,290.715,-9361.65,-5347.97,0,
1.0415e-011,291.53,-9370.32,-5345.39,0,
1.042e-011,286.347,-9298.66,-5345.28,0,
1.0425e-011,291.069,-9371.33,-5352.76,0,
1.043e-011,285.059,-9283.77,-5348.17,0,
1.0435e-011,294.892,-9415.56,-5344.2,0,
1.044e-011,299.363,-9478.61,-5345.53,0,
1.0445e-011,290.051,-9344.94,-5340.42,0,
1.045e-011,295.208,-9411.43,-5335.72,0,
1.0455e-011,307.561,-9586.79,-5340.52,0,
1.046e-011,298.751,-9469.44,-5344.81,0,
1.0465e-011,297.324,-9449.18,-5344.25,0,
1.047e-011,293.129,-9385.3,-5338.29,0,
1.0475e-011,306.417,-9571.29,-5340.83,0,
1.048e-011,301.908,-9513.34,-5345.13,0,
1.0485e-011,300.839,-9500.4,-5346.94,0,
1.049e-011,305.499,-9572.86,-5355.07,0,
1.0495e-011,302.881,-9541.3,-5359.66,0,
1.05e-011,302.351,-9535.72,-5361.39,0,
1.0505e-011,304.429,-9572.01,-5368.99,0,
1.051e-011,302.49,-9550.04,-5373.79,0,
1.0515e-011,303.676,-9570.75,-5378.12,0,
1.052e-011,299.107,-9509.69,-5380.15,0,
1.0525e-011,303.561,-9573.76,-5382.72,0,
1.053e-011,308.688,-9653.32,-5391.5,0,
1.0535e-011,299.894,-9538.13,-5397.72,0,
1.054e-011,293.738,-9456.61,-5401.2,0,
1.0545e-011,300.151,-9552.52,-5408.56,0,
1.055e-011,309.974,-9694.9,-5415.32,0,
1.0555e-011,302.503,-9597.58,-5421.15,0,
1.056e-011,288.561,-9401.55,-5417.6,0,
1.0565e-011,294.265,-9475.78,-5413.09,0,
1.057e-011,290.409,-9417.31,-5407.84,0,
1.0575e-011,290.675,-9415.25,-5402.13,0,
1.058e-011,293.686,-9454.9,-5400.2,0,
1.0585e-011,290.77,-9410.86,-5396.43,0,
1.059e-011,299.14,-9527.69,-5397.69,0,
1.0595e-011,292.898,-9437.79,-5393.97,0,
1.06e-011,301.094,-9550.67,-5393.7,0,
1.0605e-011,298.063,-9508.7,-5393.57,0,
1.061e-011,301.882,-9562.44,-5394.58,0,
1.0615e-011,296.116,-9482.58,-5394.33,0,
1.062e-011,309.987,-9675.29,-5395.53,0,
1.0625e-011,308.909,-9669.31,-5404.44,0,
1.063e-011,294.518,-9472.87,-5406.68,0,
1.0635e-011,296.802,-9500.78,-5403.06,0,
1.064e-011,293.46,-9456.46,-5404.87,0,
1.0645e-011,288.876,-9386.74,-5398.45,0,
1.065e-011,294.248,-9456.39,-5393.93,0,
1.0655e-011,301.975,-9562.86,-5393.72,0,
1.066e-011,305.572,-9614.91,-5396.1,0,
1.0665e-011,297.396,-9505.06,-5399.14,0,
1.067e-011,297.461,-9504.2,-5397.39,0,
1.0675e-011,297.584,-9505.38,-5396.87,0,
1.068e-011,295.21,-9475.41,-5399.66,0,
1.0685e-011,299.659,-9534.87,-5397.7,0,
1.069e-011,304.834,-9613.04,-5404.43,0,
1.0695e-011,297.891,-9516.85,-5404.1,0,
1.07e-011,301.64,-9569.72,-5405.2,0,
1.0705e-011,297.426,-9513.94,-5407.61,0,
1.071e-011,303.084,-9592.23,-5407.77,0,
1.0715e-011,293.205,-9455.67,-5407.61,0,
1.072e-011,300.069,-9546.18,-5403.35,0,
1.0725e-011,299.734,-9546.92,-5408.72,0,
1.073e-011,291.589,-9435.33,-5409.58,0,
1.0735e-011,299.905,-9552.71,-5412.15,0,
1.074e-011,294.841,-9486.44,-5415.79,0,
1.0745e-011,292.998,-9458.21,-5413.01,0,
1.075e-011,289.481,-9414.28,-5417.64,0,
1.0755e-011,292.995,-9464.78,-5419.61,0,
1.076e-011,291.566,-9442.55,-5417.11,0,
1.0765e-011,309.579,-9693.49,-5419.37,0,
1.077e-011,306.342,-9657.61,-5428.18,0,
1.0775e-011,299.243,-9562.17,-5430.75,0,
1.078e-011,290.108,-9431.29,-5425.98,0,
1.0785e-011,300.423,-9571.14,-5423.43,0,
1.079e-011,288.418,-9407.73,-5425.76,0,
1.0795e-011,293.725,-9473.31,-5418.07,0,
1.08e-011,298.513,-9536.01,-5414.67,0,
1.0805e-011,294.048,-9474.96,-5415.26,0,
1.081e-011,305.794,-9634.07,-5412.21,0,
1.0815e-011,306.897,-9656.54,-5419.44,0,
1.082e-011,306.503,-9656.14,-5424.48,0,
1.0825e-011,301.279,-9593.61,-5434.08,0,
1.083e-011,301.832,-9604.08,-5436.92,0,
