step,rz,Epot,Epot00,prob_atom_crd[2],prob_atom_f[2],n_steps_of_optimization,BondedTermsEnergy,NonBondedTermsEnergy,BondStretchEnergy,AngleStretchEnergy,TorsionEnergy,OutOfPlaneEnergy,DispersionEnergy,ElectrostaticEnergy
0,0.710382,-8936.24,0,0.639916,0.0951565,101,-9582.38,646.148,90.5203,201.571,-10315.2,440.731,463.971,182.177
1,0.697601,-8936.16,0.0764932,0.627118,0.131646,101,-9582.38,646.224,90.5202,201.571,-10315.2,440.731,464.048,182.177
2,0.684803,-8936.22,0.0157227,0.614319,-0.0092097,101,-9582.38,646.163,90.5202,201.571,-10315.2,440.731,463.987,182.177
3,0.672005,-8936.22,0.0168166,0.601521,0.175146,101,-9582.38,646.165,90.5202,201.571,-10315.2,440.731,463.988,182.177
4,0.659206,-8936.21,0.0303965,0.588723,0.306152,101,-9582.38,646.178,90.5202,201.571,-10315.2,440.731,464.001,182.177
5,0.646408,-8936.2,0.0350898,0.575924,0.421601,101,-9582.38,646.183,90.5202,201.571,-10315.2,440.731,464.006,182.177
6,0.63361,-8936.21,0.0285821,0.563126,0.0314174,101,-9582.38,646.176,90.5202,201.571,-10315.2,440.731,464,182.177
7,0.620811,-8936.21,0.0292465,0.550328,0.0686864,101,-9582.38,646.177,90.5202,201.571,-10315.2,440.731,464,182.177
8,0.608013,-8936.19,0.0503311,0.537529,-0.0361276,101,-9582.38,646.198,90.5202,201.571,-10315.2,440.731,464.021,182.177
9,0.595215,-8936.19,0.0497117,0.524731,-0.129807,101,-9582.38,646.197,90.5202,201.571,-10315.2,440.731,464.021,182.177
10,0.582416,-8936.18,0.0526359,0.511933,-0.514061,101,-9582.38,646.2,90.5202,201.571,-10315.2,440.731,464.024,182.177
11,0.569618,-8936.19,0.0463017,0.499134,-0.471958,101,-9582.38,646.194,90.5202,201.571,-10315.2,440.731,464.017,182.177
12,0.55682,-8936.21,0.0283027,0.486336,-0.683255,101,-9582.38,646.176,90.5202,201.571,-10315.2,440.731,463.999,182.177
13,0.544021,-8936.24,-0.00119734,0.473538,-0.719972,101,-9582.38,646.147,90.5202,201.571,-10315.2,440.731,463.97,182.177
14,0.531223,-8936.23,0.00957313,0.46074,-0.76487,101,-9582.38,646.157,90.5202,201.571,-10315.2,440.731,463.981,182.177
15,0.518425,-8936.27,-0.0314234,0.447941,-0.795486,101,-9582.38,646.116,90.5202,201.571,-10315.2,440.731,463.94,182.177
16,0.505626,-8936.27,-0.0306047,0.435143,-0.685096,101,-9582.38,646.117,90.5202,201.571,-10315.2,440.731,463.94,182.177
17,0.492828,-8936.28,-0.0401204,0.422345,-0.822966,101,-9582.38,646.108,90.5202,201.571,-10315.2,440.731,463.931,182.177
18,0.48003,-8936.32,-0.0799517,0.409546,-1.06408,101,-9582.38,646.068,90.5202,201.571,-10315.2,440.731,463.891,182.177
19,0.467231,-8936.31,-0.0730743,0.396748,-1.15639,101,-9582.38,646.075,90.5202,201.571,-10315.2,440.731,463.898,182.177
20,0.454433,-8936.34,-0.0982763,0.38395,-1.2463,101,-9582.38,646.049,90.5202,201.571,-10315.2,440.731,463.873,182.177
21,0.441635,-8936.34,-0.106351,0.371151,-1.52396,101,-9582.38,646.041,90.5202,201.571,-10315.2,440.731,463.865,182.177
22,0.428836,-8936.36,-0.126807,0.358353,-1.68508,101,-9582.38,646.021,90.5202,201.571,-10315.2,440.731,463.844,182.177
23,0.416038,-8936.4,-0.161046,0.345555,-2.01161,101,-9582.38,645.987,90.5202,201.571,-10315.2,440.731,463.81,182.177
24,0.40324,-8936.47,-0.231394,0.332756,-2.5837,101,-9582.38,645.916,90.5202,201.571,-10315.2,440.731,463.74,182.177
25,0.390442,-8936.52,-0.279116,0.319958,-3.29807,101,-9582.38,645.869,90.5202,201.571,-10315.2,440.731,463.692,182.177
26,0.377643,-8936.58,-0.345408,0.30716,-3.86515,101,-9582.38,645.802,90.5202,201.571,-10315.2,440.731,463.626,182.177
27,0.364845,-8936.65,-0.408409,0.294361,-4.35633,101,-9582.38,645.739,90.5202,201.571,-10315.2,440.731,463.563,182.177
28,0.352047,-8936.66,-0.427772,0.281563,-5.10004,101,-9582.38,645.72,90.5202,201.571,-10315.2,440.731,463.543,182.177
29,0.339248,-8936.75,-0.517758,0.268765,-5.60535,101,-9582.38,645.63,90.5202,201.571,-10315.2,440.731,463.453,182.177
30,0.32645,-8936.83,-0.59105,0.255966,-5.81143,101,-9582.38,645.557,90.5202,201.571,-10315.2,440.731,463.38,182.177
31,0.313652,-8936.9,-0.665205,0.243168,-5.7078,101,-9582.38,645.483,90.5202,201.571,-10315.2,440.731,463.306,182.177
32,0.300853,-8936.91,-0.674578,0.23037,-5.39042,101,-9582.38,645.473,90.5202,201.571,-10315.2,440.731,463.296,182.177
33,0.288055,-8936.97,-0.734048,0.217571,-3.68452,101,-9582.38,645.414,90.5202,201.571,-10315.2,440.731,463.237,182.177
34,0.275257,-8937,-0.762901,0.204773,-0.392601,101,-9582.38,645.385,90.5202,201.571,-10315.2,440.731,463.208,182.177
35,0.262458,-8937.01,-0.77268,0.191975,5.83773,101,-9582.38,645.375,90.5202,201.571,-10315.2,440.731,463.198,182.177
36,0.24966,-8936.89,-0.652484,0.179176,17.3438,101,-9582.38,645.495,90.5202,201.571,-10315.2,440.731,463.319,182.177
37,0.236862,-8936.55,-0.31221,0.166378,37.6906,101,-9582.38,645.836,90.5202,201.571,-10315.2,440.731,463.659,182.177
38,0.224063,-8935.86,0.374379,0.15358,72.7233,101,-9582.38,646.522,90.5202,201.571,-10315.2,440.731,464.345,182.177
39,0.211265,-8934.56,1.67312,0.140782,132.171,101,-9582.38,647.821,90.5202,201.571,-10315.2,440.731,465.644,182.177
40,0.198467,-8935.62,0.61943,0.127983,46.1311,101,-9582.22,646.601,90.5696,200.807,-10314.7,441.057,464.528,182.073
41,0.18571,-8935.13,1.1111,0.115185,46.9806,101,-9581.8,646.67,90.547,200.168,-10314.4,441.925,464.505,182.165
42,0.172912,-8934.37,1.86213,0.102387,45.3682,101,-9582.03,647.651,89.811,199.762,-10314.2,442.628,465.091,182.56
43,0.160087,-8933.42,2.81977,0.0895882,48.1844,101,-9581.61,648.194,89.4399,199.683,-10313.8,443.113,465.396,182.798
44,0.147309,-8932.74,3.50162,0.0767899,49.686,101,-9581.13,648.39,89.4709,199.185,-10313.6,443.832,465.44,182.95
45,0.13451,-8931.71,4.5248,0.0639916,48.551,101,-9580.91,649.194,89.128,198.869,-10313.2,444.327,465.907,183.288
46,0.121724,-8930.52,5.71443,0.0511933,55.166,101,-9580.12,649.602,88.7762,198.534,-10312.5,445.064,465.602,184
47,0.108854,-8930.08,6.16026,0.038395,53.5511,101,-9579.15,649.072,89.0768,198.728,-10313.1,446.141,465.189,183.883
48,0.0960912,-8928.46,7.77974,0.0255966,62.5679,101,-9577.91,649.449,89.2375,197.72,-10311.7,446.844,465.673,183.776
49,0.0833276,-8927.67,8.5647,0.0127983,55.5019,101,-9578.59,650.919,88.267,197.787,-10312.2,447.549,466.579,184.339
50,0.0704897,-8926.33,9.91171,0,58.3197,101,-9577.55,651.227,88.2911,197.288,-10311.5,448.384,466.644,184.582
51,0.057742,-8924.47,11.7631,-0.0127983,62.6404,114,-9576.52,652.046,88.5647,197.002,-10311.7,449.649,467.607,184.439
52,0.0448946,-8923.62,12.6121,-0.0255966,70.2097,107,-9574.87,651.248,88.377,197.119,-10310.2,449.858,466.484,184.764
53,0.0321737,-8922.96,13.2809,-0.038395,99.0018,101,-9573.98,651.022,88.8037,197.795,-10311.3,450.695,465.809,185.213
54,0.019364,-8921.34,14.8922,-0.0511933,88.7522,130,-9573.9,652.558,88.7544,196.92,-10310.7,451.137,467.245,185.313
55,0.00653805,-8919.76,16.4761,-0.0639916,95.7323,101,-9573.13,653.368,88.376,196.318,-10309.4,451.532,468.193,185.175
56,-0.00622572,-8917.97,18.2641,-0.0767899,78.6916,101,-9572.36,654.388,88.426,195.871,-10308.8,452.097,469.022,185.366
57,-0.0190563,-8916.34,19.8967,-0.0895882,75.9577,101,-9570.75,654.407,88.2339,195.814,-10307.9,453.072,468.983,185.424
58,-0.0318403,-8915.5,20.7381,-0.102387,92.4754,101,-9569.08,653.58,88.5083,196.772,-10308.5,454.106,467.329,186.251
59,-0.0446102,-8914.1,22.1363,-0.115185,82.0415,101,-9568.75,654.646,88.2718,196.424,-10308.4,454.984,468.298,186.348
60,-0.0574254,-8912.36,23.8725,-0.127983,70.6649,101,-9567.81,655.444,88.2677,195.219,-10306.6,455.321,469.423,186.021
61,-0.0702218,-8911.12,25.1177,-0.140782,74.629,101,-9566.38,655.256,88.6438,196.017,-10307.5,456.484,468.417,186.838
62,-0.0829919,-8909.63,26.6088,-0.15358,60.1714,101,-9565.79,656.158,87.7394,194.995,-10305.9,457.385,469.692,186.466
63,-0.095818,-8908.45,27.784,-0.166378,84.4695,101,-9564.38,655.927,89.0979,195.756,-10306.8,457.542,469.07,186.857
64,-0.108551,-8906.99,29.2426,-0.179176,55.83,101,-9563.94,656.942,88.1028,194.967,-10304.8,457.791,470.522,186.419
65,-0.121401,-8905.86,30.3774,-0.191975,77.6798,108,-9562.85,656.986,88.3601,196.217,-10305.3,457.854,469.96,187.026
66,-0.13413,-8905.14,31.0921,-0.204773,75.7334,101,-9563.21,658.068,87.8353,196.123,-10306.1,458.962,470.649,187.419
67,-0.14695,-8903.61,32.6282,-0.217571,58.0826,101,-9562.34,658.733,88.0403,194.076,-10303.5,458.996,472.27,186.463
68,-0.159779,-8903.23,33.0103,-0.23037,74.4753,136,-9562.85,659.627,88.2901,195.783,-10305.6,458.631,472.515,187.112
69,-0.172522,-8906.38,29.8558,-0.243168,-6.79206,115,-9570.74,664.36,89.4945,196.808,-10309.4,452.379,480.156,184.204
70,-0.185303,-8929.55,6.68423,-0.255966,5.92887,160,-9576.81,647.254,95.5807,204.387,-10310.5,433.742,462.829,184.425
71,-0.198327,-8936.72,-0.478048,-0.268765,4.99753,123,-9579.85,643.131,92.5033,203.256,-10313,437.421,460.87,182.261
72,-0.21116,-8936.49,-0.253308,-0.281563,5.20873,101,-9579.86,643.369,92.4982,203.25,-10313,437.421,461.106,182.263
73,-0.223958,-8936.45,-0.211999,-0.294361,5.97564,101,-9579.86,643.41,92.4981,203.25,-10313,437.421,461.148,182.263
74,-0.236756,-8936.37,-0.132545,-0.30716,6.3443,101,-9579.86,643.49,92.4981,203.25,-10313,437.421,461.227,182.263
75,-0.249555,-8936.25,-0.011463,-0.319958,6.08619,101,-9579.86,643.611,92.4981,203.25,-10313,437.421,461.348,182.263
76,-0.262353,-8936.19,0.0431333,-0.332756,5.62414,101,-9579.86,643.666,92.4981,203.25,-10313,437.421,461.403,182.263
77,-0.275151,-8936.06,0.177504,-0.345555,4.86964,101,-9579.86,643.8,92.4981,203.25,-10313,437.421,461.537,182.263
78,-0.28795,-8935.99,0.247266,-0.358353,4.36695,101,-9579.86,643.87,92.4981,203.25,-10313,437.421,461.607,182.263
79,-0.300748,-8935.94,0.300671,-0.371151,3.98637,101,-9579.86,643.923,92.4981,203.25,-10313,437.421,461.66,182.263
80,-0.313546,-8935.9,0.338679,-0.38395,3.47248,101,-9579.86,643.961,92.4981,203.25,-10313,437.421,461.698,182.263
81,-0.326345,-8935.85,0.390885,-0.396748,3.14785,101,-9579.86,644.013,92.4981,203.25,-10313,437.421,461.75,182.263
82,-0.339143,-8935.83,0.407845,-0.409546,2.82958,101,-9579.86,644.03,92.4981,203.25,-10313,437.421,461.767,182.263
83,-0.351941,-8935.78,0.453405,-0.422345,2.61509,101,-9579.86,644.076,92.4981,203.25,-10313,437.421,461.813,182.263
84,-0.364739,-8935.76,0.473936,-0.435143,2.23888,101,-9579.86,644.096,92.4981,203.25,-10313,437.421,461.833,182.263
85,-0.377538,-8935.73,0.502069,-0.447941,2.12967,101,-9579.86,644.125,92.4981,203.25,-10313,437.421,461.862,182.263
86,-0.390336,-8935.69,0.548807,-0.46074,1.95686,101,-9579.86,644.171,92.4981,203.25,-10313,437.421,461.908,182.263
87,-0.403134,-8935.67,0.562526,-0.473538,1.70352,101,-9579.86,644.185,92.4981,203.25,-10313,437.421,461.922,182.263
88,-0.415933,-8935.64,0.593659,-0.486336,1.59311,101,-9579.86,644.216,92.4981,203.25,-10313,437.421,461.953,182.263
89,-0.428731,-8935.63,0.603107,-0.499134,1.44314,101,-9579.86,644.226,92.4981,203.25,-10313,437.421,461.963,182.263
90,-0.441529,-8935.6,0.641139,-0.511933,1.22379,101,-9579.86,644.264,92.4981,203.25,-10313,437.421,462.001,182.263
91,-0.454328,-8935.6,0.634175,-0.524731,0.858804,101,-9579.86,644.257,92.4981,203.25,-10313,437.421,461.994,182.263
92,-0.467126,-8935.59,0.643366,-0.537529,0.66784,101,-9579.86,644.266,92.4981,203.25,-10313,437.421,462.003,182.263
93,-0.479924,-8935.59,0.642336,-0.550328,0.372269,101,-9579.86,644.265,92.4981,203.25,-10313,437.421,462.002,182.263
94,-0.492723,-8935.57,0.665597,-0.563126,0.0803304,101,-9579.86,644.288,92.4981,203.25,-10313,437.421,462.025,182.263
95,-0.505521,-8935.55,0.690405,-0.575924,-0.387959,101,-9579.86,644.313,92.4981,203.25,-10313,437.421,462.05,182.263
96,-0.518319,-8935.55,0.685376,-0.588723,-0.394912,101,-9579.86,644.308,92.4981,203.25,-10313,437.421,462.045,182.263
97,-0.531118,-8935.56,0.681253,-0.601521,-0.243696,101,-9579.86,644.304,92.4981,203.25,-10313,437.421,462.041,182.263
98,-0.543916,-8935.54,0.699847,-0.614319,-0.159528,101,-9579.86,644.322,92.4981,203.25,-10313,437.421,462.059,182.263
99,-0.556714,-8935.5,0.738259,-0.627118,-0.19654,101,-9579.86,644.361,92.4981,203.25,-10313,437.421,462.098,182.263
