step,T,Epot,Efull,SolventMolsThroughZ,
0,0.00522876,-318.981,-318.979,
5e-015,0.744339,-319.403,-319.05,
1e-014,0.31413,-319.292,-319.143,
1.5e-014,0.541065,-319.483,-319.227,
2e-014,0.296869,-319.439,-319.298,
2.5e-014,0.39381,-319.553,-319.366,
3e-014,0.200289,-319.511,-319.416,
3.5e-014,0.265871,-319.589,-319.463,
4e-014,0.143455,-319.564,-319.496,
4.5e-014,0.173923,-319.612,-319.529,
5e-014,0.0975183,-319.597,-319.551,
5.5e-014,1.38608,-319.416,-318.759,
6e-014,2.61473,-319.288,-318.049,
6.5e-014,3.19193,-319.042,-317.53,
7e-014,3.84155,-318.888,-317.067,
7.5e-014,4.05959,-318.658,-316.734,
8e-014,4.44426,-318.497,-316.39,
8.5e-014,4.40007,-318.228,-316.142,
9e-014,5.08874,-318.304,-315.892,
9.5e-014,4.41668,-317.786,-315.693,
1e-013,4.70259,-317.664,-315.435,
1.05e-013,5.91963,-317.07,-314.265,
1.1e-013,8.0592,-317.187,-313.367,
1.15e-013,8.28027,-316.643,-312.719,
1.2e-013,10.0529,-316.93,-312.165,
1.25e-013,9.19047,-316.161,-311.805,
1.3e-013,10.405,-316.299,-311.368,
1.35e-013,9.88582,-315.737,-311.051,
1.4e-013,10.2946,-315.611,-310.732,
1.45e-013,10.3465,-315.298,-310.394,
1.5e-013,11.1756,-315.489,-310.193,
1.55e-013,12.0102,-314.777,-309.085,
1.6e-013,13.0848,-314.309,-308.108,
1.65e-013,12.9827,-313.361,-307.209,
1.7e-013,14.623,-313.444,-306.514,
1.75e-013,13.6704,-312.241,-305.762,
1.8e-013,15.006,-312.28,-305.168,
1.85e-013,15.0255,-311.721,-304.6,
1.9e-013,15.3508,-311.393,-304.118,
1.95e-013,13.3591,-309.861,-303.53,
2e-013,12.9476,-308.769,-302.633,
2.05e-013,14.323,-307.579,-300.791,
2.1e-013,16.6671,-307.24,-299.341,
2.15e-013,19.6636,-307.485,-298.166,
2.2e-013,20.8982,-307.529,-297.625,
2.25e-013,23.6871,-308.46,-297.234,
2.3e-013,23.7896,-308.515,-297.241,
2.35e-013,24.1885,-308.672,-297.208,
2.4e-013,23.7079,-308.535,-297.299,
2.45e-013,25.2085,-309.12,-297.173,
2.5e-013,27.6931,-310.941,-297.816,
2.55e-013,29.8352,-311.619,-297.479,
2.6e-013,28.2635,-310.825,-297.43,
2.65e-013,29.738,-311.339,-297.245,
2.7e-013,27.3729,-309.967,-296.994,
2.75e-013,28.2979,-310.076,-296.665,
2.8e-013,25.2995,-308.088,-296.098,
2.85e-013,30.3393,-310.021,-295.643,
2.9e-013,27.9022,-308.795,-295.571,
2.95e-013,32.4621,-311.013,-295.629,
3e-013,28.3464,-309.07,-295.636,
3.05e-013,32.9454,-310.484,-294.87,
3.1e-013,31.9281,-309.182,-294.051,
3.15e-013,34.8173,-310.28,-293.78,
3.2e-013,33.8119,-309.42,-293.395,
3.25e-013,33.5222,-308.991,-293.103,
3.3e-013,33.5799,-308.449,-292.534,
3.35e-013,32.0597,-307.467,-292.273,
3.4e-013,31.7422,-306.217,-291.173,
3.45e-013,33.506,-306.794,-290.915,
3.5e-013,34.8768,-306.835,-290.306,
3.55e-013,34.5065,-305.614,-289.26,
3.6e-013,36.9107,-305.447,-287.954,
3.65e-013,36.4691,-304.429,-287.145,
3.7e-013,36.9045,-303.519,-286.029,
3.75e-013,34.4977,-301.461,-285.112,
3.8e-013,38.3716,-301.996,-283.811,
3.85e-013,36.8128,-300.645,-283.199,
3.9e-013,42.1573,-302.627,-282.648,
3.95e-013,34.1408,-298.171,-281.99,
4e-013,38.4074,-299.138,-280.936,
4.05e-013,32.7624,-294.327,-278.8,
4.1e-013,40.1621,-295.46,-276.426,
4.15e-013,38.0416,-293.114,-275.085,
4.2e-013,45.7733,-295.29,-273.597,
4.25e-013,46.4106,-295.311,-273.315,
4.3e-013,53.9843,-299.306,-273.722,
4.35e-013,44.4096,-294.907,-273.86,
4.4e-013,46.8582,-295.597,-273.39,
4.45e-013,47.8462,-295.814,-273.138,
4.5e-013,48.7892,-296.352,-273.23,
4.55e-013,49.9734,-295.954,-272.271,
4.6e-013,54.1179,-297.614,-271.966,
4.65e-013,51.5937,-296.047,-271.596,
4.7e-013,53.3056,-296.769,-271.506,
4.75e-013,47.7834,-293.365,-270.719,
4.8e-013,47.8893,-292.225,-269.529,
4.85e-013,50.7325,-292.768,-268.725,
4.9e-013,54.3589,-293.901,-268.139,
4.95e-013,56.1471,-295.132,-268.522,
5e-013,60.2273,-297.619,-269.076,
5.05e-013,59.0883,-296.948,-268.944,
5.1e-013,64.9737,-300.179,-269.386,
5.15e-013,59.4547,-297.893,-269.716,
5.2e-013,57.9058,-296.965,-269.522,
5.25e-013,57.2336,-296.023,-268.899,
5.3e-013,57.2706,-295.867,-268.725,
5.35e-013,47.7915,-289.784,-267.134,
5.4e-013,53.0735,-290.858,-265.705,
5.45e-013,50.4896,-287.756,-263.827,
5.5e-013,52.5995,-287.611,-262.683,
5.55e-013,61.9955,-290.167,-260.786,
5.6e-013,58.4177,-287.655,-259.969,
5.65e-013,63.3835,-289.044,-259.005,
5.7e-013,58.2684,-285.691,-258.076,
5.75e-013,62.127,-286.491,-257.048,
5.8e-013,55.952,-282.446,-255.928,
5.85e-013,64.2274,-285.226,-254.787,
5.9e-013,54.9418,-279.788,-253.75,
5.95e-013,62.4986,-282.277,-252.657,
6e-013,51.6182,-275.389,-250.926,
6.05e-013,57.6578,-275.493,-248.167,
6.1e-013,57.1842,-272.495,-245.394,
6.15e-013,54.8334,-268.832,-242.845,
6.2e-013,62.4784,-269.61,-239.999,
6.25e-013,73.5671,-274.545,-239.679,
6.3e-013,68.9697,-271.852,-239.165,
6.35e-013,73.8958,-274.516,-239.495,
6.4e-013,72.9622,-273.679,-239.1,
6.45e-013,69.4664,-272.447,-239.525,
6.5e-013,67.7737,-270.552,-238.432,
6.55e-013,67.3119,-268.604,-236.704,
6.6e-013,67.7586,-266.671,-234.559,
6.65e-013,77.1801,-270.014,-233.436,
6.7e-013,75.5321,-268.826,-233.029,
6.75e-013,72.4949,-266.794,-232.437,
6.8e-013,78.7148,-268.814,-231.509,
6.85e-013,72.3165,-265.45,-231.178,
6.9e-013,80.2512,-268.729,-230.696,
6.95e-013,68.9299,-262.617,-229.949,
7e-013,76.5895,-264.993,-228.695,
7.05e-013,85.5489,-268.475,-227.931,
7.1e-013,89.7569,-270.928,-228.389,
7.15e-013,85.8277,-269.683,-229.007,
7.2e-013,91.9908,-273.139,-229.542,
7.25e-013,88.4801,-272.383,-230.45,
7.3e-013,81.9466,-269.654,-230.818,
7.35e-013,87.7397,-271.786,-230.204,
7.4e-013,81.3405,-269.134,-230.584,
7.45e-013,86.6897,-271.286,-230.201,
7.5e-013,85.3273,-270.739,-230.3,
7.55e-013,89.2832,-272.2,-229.886,
7.6e-013,93.6132,-274.169,-229.803,
7.65e-013,91.1699,-273.602,-230.394,
7.7e-013,89.9655,-272.863,-230.226,
7.75e-013,84.637,-270.293,-230.182,
7.8e-013,82.0419,-267.079,-228.197,
7.85e-013,87.0152,-269.161,-227.922,
7.9e-013,94.7906,-272.261,-227.337,
7.95e-013,79.1074,-265.198,-227.707,
8e-013,88.7028,-267.933,-225.895,
8.05e-013,83.7433,-264.257,-224.568,
8.1e-013,82.6907,-261.529,-222.34,
8.15e-013,83.5232,-259.279,-219.695,
8.2e-013,106.202,-269.83,-219.498,
8.25e-013,98.5492,-267.429,-220.724,
8.3e-013,117.169,-278.281,-222.751,
8.35e-013,104.176,-274.549,-225.177,
8.4e-013,108.615,-279.129,-227.654,
8.45e-013,91.2858,-270.944,-227.681,
8.5e-013,88.6858,-269.135,-227.105,
8.55e-013,86.5926,-265.05,-224.011,
8.6e-013,88.4849,-263.394,-221.458,
8.65e-013,91.4457,-262.466,-219.128,
8.7e-013,86.699,-258.126,-217.037,
8.75e-013,92.6901,-258.077,-214.148,
8.8e-013,91.4837,-256.298,-212.942,
8.85e-013,112.133,-265.323,-212.18,
8.9e-013,94.0646,-257.792,-213.212,
8.95e-013,102.322,-260.656,-212.162,
9e-013,107.386,-263.33,-212.437,
9.05e-013,110.1,-265.415,-213.236,
9.1e-013,105.755,-263.024,-212.904,
9.15e-013,113.033,-266.914,-213.345,
9.2e-013,108.449,-265.202,-213.806,
9.25e-013,113.618,-268.417,-214.57,
9.3e-013,107.699,-265.578,-214.536,
9.35e-013,111.461,-268.188,-215.364,
9.4e-013,116.338,-270.684,-215.549,
9.45e-013,123.571,-276.378,-217.814,
9.5e-013,126.884,-280.972,-220.838,
9.55e-013,128.179,-283.572,-222.825,
9.6e-013,123.764,-283.874,-225.219,
9.65e-013,119.547,-282.886,-226.23,
9.7e-013,118.159,-283.073,-227.074,
9.75e-013,104.596,-276.148,-226.577,
9.8e-013,110.833,-278.111,-225.584,
9.85e-013,100.891,-271.362,-223.547,
9.9e-013,117.897,-279.259,-223.384,
9.95e-013,115.862,-277.996,-223.085,
1e-012,126.009,-284.807,-225.089,
1.005e-012,128.232,-286.964,-226.192,
1.01e-012,120.521,-284.666,-227.548,
1.015e-012,119.897,-284.069,-227.246,
1.02e-012,107.511,-278.137,-227.185,
1.025e-012,109.654,-276.231,-224.263,
1.03e-012,99.8359,-270.202,-222.887,
1.035e-012,110.729,-272.003,-219.526,
1.04e-012,96.9766,-263.354,-217.394,
1.045e-012,111.367,-267.324,-214.544,
1.05e-012,103.006,-261.273,-212.455,
1.055e-012,111.142,-261.821,-209.148,
1.06e-012,120.866,-264.796,-207.514,
1.065e-012,128.441,-268.16,-207.288,
1.07e-012,132.584,-271.055,-208.22,
1.075e-012,138.361,-275.748,-210.175,
1.08e-012,138.249,-277.609,-212.089,
1.085e-012,139.784,-281.123,-214.876,
1.09e-012,138.417,-282.795,-217.195,
1.095e-012,133.85,-282.097,-218.662,
1.1e-012,139.529,-287.438,-221.312,
1.105e-012,128.043,-281.672,-220.989,
1.11e-012,120.079,-277.248,-220.339,
1.115e-012,116.75,-272.481,-217.15,
1.12e-012,125.273,-274.772,-215.402,
1.125e-012,125.489,-273.177,-213.704,
1.13e-012,138.933,-280.011,-214.167,
1.135e-012,127.676,-274.403,-213.894,
1.14e-012,130.882,-275.91,-213.881,
1.145e-012,131.168,-275.339,-213.174,
1.15e-012,122.679,-270.7,-212.559,
1.155e-012,132.027,-272.96,-210.388,
1.16e-012,137.948,-275.137,-209.76,
1.165e-012,140.745,-276.57,-209.867,
1.17e-012,137.412,-275.595,-210.471,
1.175e-012,137.441,-274.577,-209.44,
1.18e-012,129.092,-270.602,-209.421,
1.185e-012,141.047,-274.58,-207.734,
1.19e-012,136.054,-272.754,-208.275,
1.195e-012,141.231,-274.875,-207.941,
1.2e-012,141.56,-275.407,-208.318,
1.205e-012,134.44,-271.08,-207.366,
1.21e-012,129.423,-266.142,-204.805,
1.215e-012,133.674,-265.951,-202.599,
1.22e-012,127.296,-259.857,-199.527,
1.225e-012,138.063,-263.364,-197.932,
1.23e-012,129.072,-256.383,-195.212,
1.235e-012,129.009,-254.158,-193.017,
1.24e-012,144.181,-259.37,-191.038,
1.245e-012,129.213,-251.163,-189.925,
1.25e-012,137.828,-253.344,-188.023,
1.255e-012,144.468,-254.321,-185.853,
1.26e-012,156.759,-261.102,-186.809,
1.265e-012,147.803,-256.976,-186.928,
1.27e-012,160.111,-263.73,-187.85,
1.275e-012,154.352,-262.151,-188.999,
1.28e-012,164.609,-269.592,-191.579,
1.285e-012,144.129,-260.222,-191.915,
1.29e-012,146.567,-261.166,-191.704,
1.295e-012,148.443,-261.234,-190.883,
1.3e-012,129.197,-250.554,-189.324,
1.305e-012,137.547,-250.127,-184.94,
1.31e-012,134.366,-244.984,-181.305,
1.315e-012,137.897,-242.592,-177.239,
1.32e-012,139.88,-240.83,-174.537,
1.325e-012,143.858,-238.769,-170.59,
1.33e-012,151.082,-241.231,-169.629,
1.335e-012,164,-246.534,-168.81,
1.34e-012,163.305,-247.6,-170.205,
1.345e-012,159.975,-246.943,-171.126,
1.35e-012,153.441,-243.574,-170.855,
1.355e-012,151.034,-240.317,-168.738,
1.36e-012,143.819,-234.69,-166.531,
1.365e-012,138.239,-227.701,-162.185,
1.37e-012,127.84,-217.785,-157.198,
1.375e-012,128.802,-212.417,-151.374,
1.38e-012,115.989,-198.601,-143.631,
1.385e-012,129.62,-198.373,-136.942,
1.39e-012,130.836,-193.469,-131.463,
1.395e-012,137.039,-189.962,-125.016,
1.4e-012,178.661,-210.27,-125.598,
1.405e-012,184.557,-214.068,-126.601,
1.41e-012,197.712,-225.638,-131.937,
1.415e-012,178.236,-219.384,-134.913,
1.42e-012,181.599,-223.397,-137.333,
1.425e-012,172.273,-220.16,-138.516,
1.43e-012,167.418,-219.18,-139.836,
1.435e-012,162.33,-214.558,-137.625,
1.44e-012,145.539,-205.978,-137.003,
1.445e-012,161.106,-208.502,-132.149,
1.45e-012,160.152,-207.756,-131.855,
1.455e-012,189.032,-220.555,-130.967,
1.46e-012,182.155,-219.847,-133.519,
1.465e-012,192.096,-225.838,-134.798,
1.47e-012,192.49,-230.187,-138.961,
1.475e-012,193.713,-232.935,-141.129,
1.48e-012,171.313,-225.126,-143.936,
1.485e-012,186.393,-231.789,-143.453,
1.49e-012,186.2,-234.402,-146.157,
1.495e-012,191.318,-239.54,-148.869,
1.5e-012,206.448,-250.783,-152.942,
1.505e-012,193.756,-249.102,-157.276,
1.51e-012,177.182,-242.413,-158.441,
1.515e-012,177.298,-241.636,-157.61,
1.52e-012,166.732,-235.781,-156.762,
1.525e-012,172.889,-236.884,-154.947,
1.53e-012,148.602,-222.198,-151.772,
1.535e-012,160.998,-223.215,-146.914,
1.54e-012,174.044,-227.778,-145.294,
1.545e-012,158.075,-217.378,-142.462,
1.55e-012,168.212,-219.501,-139.781,
1.555e-012,181.047,-223.266,-137.463,
1.56e-012,181.861,-222.979,-136.79,
1.565e-012,183.54,-223.927,-136.943,
1.57e-012,187.655,-224.832,-135.898,
1.575e-012,171.768,-217.474,-136.069,
1.58e-012,185.538,-222.425,-134.494,
1.585e-012,157.884,-207.396,-132.57,
1.59e-012,164.017,-206.112,-128.38,
1.595e-012,161.719,-201.035,-124.392,
1.6e-012,170.557,-202.393,-121.561,
1.605e-012,168.882,-198.295,-118.258,
1.61e-012,183.466,-202.325,-115.376,
1.615e-012,184.967,-202.144,-114.483,
1.62e-012,195.135,-207.842,-115.362,
1.625e-012,178.414,-198.599,-114.044,
1.63e-012,209.664,-214.199,-114.833,
1.635e-012,201.389,-213.865,-118.421,
1.64e-012,181.767,-204.236,-118.091,
1.645e-012,177.742,-201.116,-116.879,
1.65e-012,203.236,-212.237,-115.918,
1.655e-012,201.914,-212.965,-117.272,
1.66e-012,217.013,-222.312,-119.464,
1.665e-012,236.155,-235.871,-123.951,
1.67e-012,235.533,-243.027,-131.402,
1.675e-012,242.896,-253.858,-138.743,
1.68e-012,237.429,-258.077,-145.553,
1.685e-012,241.076,-268.135,-153.882,
1.69e-012,231.068,-269.931,-160.421,
1.695e-012,217.361,-268.27,-165.256,
1.7e-012,197.697,-261.318,-167.624,
1.705e-012,183.307,-251.477,-164.603,
1.71e-012,193.117,-253.185,-161.662,
1.715e-012,182.737,-245.989,-159.384,
1.72e-012,188.092,-244.306,-155.164,
1.725e-012,186.299,-240.394,-152.102,
1.73e-012,200.196,-245.03,-150.152,
1.735e-012,204.235,-245.649,-148.857,
1.74e-012,182.678,-234.648,-148.071,
1.745e-012,180.907,-228.532,-142.795,
1.75e-012,169.209,-218.094,-137.902,
1.755e-012,176.019,-214.062,-130.641,
1.76e-012,199.071,-220.664,-126.319,
1.765e-012,207.221,-222.585,-124.377,
1.77e-012,236.206,-238.595,-126.651,
1.775e-012,238.732,-244.26,-131.118,
1.78e-012,216.152,-237.688,-135.248,
1.785e-012,213.835,-236.708,-135.365,
1.79e-012,204.647,-232.277,-135.289,
1.795e-012,195.06,-226.293,-133.849,
1.8e-012,196.299,-224.069,-131.037,
1.805e-012,207.38,-226.444,-128.161,
1.81e-012,223.796,-235.148,-129.085,
1.815e-012,233.659,-241.479,-130.741,
1.82e-012,231.997,-244.705,-134.755,
1.825e-012,244.422,-254.99,-139.152,
1.83e-012,218.972,-246.694,-142.917,
1.835e-012,205.657,-239.712,-142.246,
1.84e-012,209.415,-241.051,-141.803,
1.845e-012,203.363,-236.04,-139.661,
1.85e-012,187.675,-226.515,-137.57,
1.855e-012,200.216,-226.805,-131.918,
1.86e-012,198.197,-222.352,-128.421,
1.865e-012,206.751,-223.979,-125.994,
1.87e-012,204.612,-219.388,-122.416,
1.875e-012,206.278,-218.375,-120.614,
1.88e-012,187.95,-205.776,-116.701,
1.885e-012,196.983,-204.251,-110.896,
1.89e-012,204.479,-204.484,-107.576,
1.895e-012,209.195,-204.782,-105.639,
1.9e-012,191.45,-192.181,-101.448,
1.905e-012,207.433,-195.65,-97.3416,
1.91e-012,213.772,-195.89,-94.5771,
1.915e-012,223.323,-198.497,-92.6584,
1.92e-012,241.43,-209.594,-95.174,
1.925e-012,239.44,-211.172,-97.6947,
1.93e-012,226.176,-207.039,-99.848,
1.935e-012,218.705,-203.651,-100.001,
1.94e-012,208.202,-196.343,-97.6704,
1.945e-012,183.265,-180.673,-93.8184,
1.95e-012,186.088,-174.338,-86.1458,
1.955e-012,215.444,-182.552,-80.4474,
1.96e-012,216.505,-181.593,-78.9852,
1.965e-012,243.364,-193.348,-78.0115,
1.97e-012,253.606,-201.441,-81.2506,
1.975e-012,253.294,-206.79,-86.7474,
1.98e-012,234.619,-198.729,-87.5367,
1.985e-012,221.421,-193.532,-88.5951,
1.99e-012,214.152,-186.561,-85.0686,
1.995e-012,200.136,-175.972,-81.1218,
2e-012,223.089,-182,-76.2724,
2.005e-012,226.665,-182.114,-74.6911,
2.01e-012,233.058,-182.375,-71.923,
2.015e-012,227.938,-179.385,-71.3589,
2.02e-012,242.236,-184.562,-69.7592,
2.025e-012,204.991,-164.811,-67.6601,
2.03e-012,234.401,-174.264,-63.1749,
2.035e-012,235.234,-174.817,-63.3334,
2.04e-012,209.82,-159.569,-60.1292,
2.045e-012,233.128,-168.268,-57.7821,
2.05e-012,219.852,-159.685,-55.491,
2.055e-012,214.846,-153.529,-51.7082,
2.06e-012,248.418,-166.731,-48.999,
2.065e-012,232.686,-158.884,-48.6083,
2.07e-012,279.212,-183.69,-51.3633,
2.075e-012,255.985,-176.526,-55.2075,
2.08e-012,277.907,-191.103,-59.3954,
2.085e-012,284.654,-201.323,-66.4176,
2.09e-012,280.394,-205.863,-72.977,
2.095e-012,266.179,-205.146,-78.9964,
2.1e-012,266.942,-209.162,-82.6509,
2.105e-012,260.718,-208.607,-85.0456,
2.11e-012,263.438,-211.996,-87.1455,
2.115e-012,287.16,-227.601,-91.5079,
2.12e-012,277.418,-229.033,-97.5574,
2.125e-012,258.711,-224.414,-101.804,
2.13e-012,262.696,-227.144,-102.646,
2.135e-012,248.58,-222.736,-104.927,
2.14e-012,238.223,-217.072,-104.172,
2.145e-012,220.05,-204.1,-99.8126,
2.15e-012,251.586,-217.116,-97.8827,
2.155e-012,247.277,-214.46,-97.2694,
2.16e-012,241.154,-209.313,-95.024,
2.165e-012,238.462,-206.249,-93.2351,
2.17e-012,257.024,-213.305,-91.4943,
2.175e-012,239.586,-204.978,-91.4314,
2.18e-012,278.599,-224.124,-92.088,
2.185e-012,286.605,-233.805,-97.9755,
2.19e-012,279.825,-237.176,-104.56,
2.195e-012,255.472,-228.242,-107.168,
2.2e-012,266.132,-234.633,-108.505,
2.205e-012,229.418,-215.972,-107.245,
2.21e-012,256.113,-224.873,-103.494,
2.215e-012,239.899,-214.58,-100.885,
2.22e-012,265.016,-225.279,-99.6804,
2.225e-012,271.734,-228.24,-99.4581,
2.23e-012,288.969,-240.011,-103.061,
2.235e-012,263.825,-230.576,-105.542,
2.24e-012,278.909,-237.441,-105.259,
2.245e-012,271.074,-236.492,-108.023,
2.25e-012,271.388,-237.333,-108.715,
2.255e-012,263.15,-232.069,-107.355,
2.26e-012,269.708,-235.238,-107.415,
2.265e-012,248.427,-222.552,-104.816,
2.27e-012,221.791,-204.011,-98.8984,
2.275e-012,235.129,-201.831,-90.3969,
2.28e-012,268.617,-214.499,-87.1942,
2.285e-012,262.535,-210.254,-85.8316,
2.29e-012,285.456,-221.845,-86.5595,
2.295e-012,272.665,-216.924,-87.7009,
2.3e-012,249.003,-204.273,-86.2634,
2.305e-012,238.713,-193.488,-80.3552,
2.31e-012,252.001,-191.856,-72.4259,
2.315e-012,279.005,-204.427,-72.1993,
2.32e-012,258.74,-192.396,-69.7724,
2.325e-012,260.705,-190.243,-66.6876,
2.33e-012,264.191,-189.968,-64.7604,
2.335e-012,266.656,-188.297,-61.9213,
2.34e-012,258.86,-182.156,-59.4755,
2.345e-012,294.694,-198.753,-59.089,
2.35e-012,253.065,-179.135,-59.2006,
2.355e-012,274.324,-184.029,-54.0189,
2.36e-012,298.848,-196.193,-54.5611,
2.365e-012,321.669,-210.489,-58.0419,
2.37e-012,302.016,-206.671,-63.5377,
2.375e-012,299.609,-207.707,-65.7148,
2.38e-012,263.067,-189.797,-65.1229,
2.385e-012,237.875,-173.559,-60.824,
2.39e-012,224.263,-154.691,-48.4071,
2.395e-012,267.595,-170.197,-43.3768,
2.4e-012,258.672,-161.579,-38.9874,
2.405e-012,283.4,-170.572,-36.261,
2.41e-012,278.386,-166.005,-34.0704,
2.415e-012,316.304,-186.714,-36.809,
2.42e-012,257.39,-158.238,-36.2535,
2.425e-012,252.643,-151.246,-31.5123,
2.43e-012,261.462,-149.109,-25.1949,
2.435e-012,219.782,-123.711,-19.5504,
2.44e-012,229.722,-116.561,-7.68957,
2.445e-012,236.683,-111.843,0.327231,
2.45e-012,273.011,-124.208,5.17916,
2.455e-012,268.492,-121.7,5.54612,
2.46e-012,280.902,-123.728,9.3985,
2.465e-012,260.698,-113.536,10.0154,
2.47e-012,287.774,-123.167,13.2173,
2.475e-012,263.384,-109.865,14.9599,
2.48e-012,291.275,-122.183,15.8603,
2.485e-012,298.773,-125.834,15.7623,
2.49e-012,330.658,-146.438,10.2696,
2.495e-012,323.84,-151.237,2.23955,
2.5e-012,302.784,-145.989,-2.49157,
2.505e-012,265.707,-128.225,-2.29886,
2.51e-012,285.413,-137.333,-2.06854,
2.515e-012,202.223,-96.6821,-0.843018,
2.52e-012,224.917,-105.516,1.07861,
2.525e-012,216.244,-99.686,2.79805,
2.53e-012,249.888,-113.852,4.57688,
2.535e-012,307.697,-141.091,4.73499,
2.54e-012,315.84,-145.076,4.60915,
2.545e-012,301.831,-138.882,4.16396,
2.55e-012,317.894,-146.761,3.89729,
2.555e-012,291.958,-134.865,3.50152,
2.56e-012,250.973,-114.826,4.11711,
2.565e-012,280.222,-128.06,4.74485,
2.57e-012,304.186,-139.415,4.74641,
2.575e-012,272.686,-124.658,4.57483,
2.58e-012,312.032,-143.309,4.57154,
2.585e-012,252.332,-114.944,4.6428,
2.59e-012,304.415,-139.335,4.93543,
2.595e-012,254.262,-115.297,5.20477,
2.6e-012,281.427,-127.564,5.81156,
2.605e-012,280.625,-126.929,6.06634,
2.61e-012,308.571,-140.019,6.22127,
2.615e-012,315.183,-143.56,5.81352,
2.62e-012,334.338,-153.317,5.13519,
2.625e-012,361.536,-167.403,3.9387,
2.63e-012,332.431,-154.97,2.57767,
2.635e-012,347.381,-163.025,1.60814,
2.64e-012,290.1,-136.544,0.942197,
2.645e-012,319.856,-150.711,0.877534,
2.65e-012,362.267,-171.92,-0.231885,
2.655e-012,333.678,-159.606,-1.4668,
2.66e-012,353.505,-170.032,-2.49634,
2.665e-012,365.711,-177.402,-4.08191,
2.67e-012,324.116,-158.833,-5.22582,
2.675e-012,340.438,-167.26,-5.91691,
2.68e-012,356.648,-176.142,-7.11715,
2.685e-012,354.863,-176.826,-8.64702,
2.69e-012,339.343,-170.631,-9.80768,
2.695e-012,322.404,-163.423,-10.6267,
2.7e-012,275.929,-141.53,-10.7597,
2.705e-012,304.869,-154.909,-10.423,
2.71e-012,298.758,-152.374,-10.7851,
2.715e-012,293.344,-149.646,-10.6228,
2.72e-012,296.973,-151.28,-10.5368,
2.725e-012,330.2,-167.423,-10.9317,
2.73e-012,325.748,-166.002,-11.6208,
2.735e-012,334.204,-170.707,-12.3191,
2.74e-012,344.512,-176.397,-13.1236,
2.745e-012,398.702,-203.755,-14.7996,
2.75e-012,327.094,-171.189,-16.17,
2.755e-012,358.42,-186.997,-17.1321,
2.76e-012,364.82,-191.053,-18.1545,
2.765e-012,391.264,-205.562,-20.1311,
2.77e-012,362.471,-193.326,-21.5408,
2.775e-012,358.152,-192.655,-22.9172,
2.78e-012,345.692,-187.656,-23.823,
2.785e-012,335.699,-183.717,-24.6205,
2.79e-012,347.445,-189.832,-25.1684,
2.795e-012,347.961,-191.171,-26.2626,
2.8e-012,376.106,-205.624,-27.3774,
2.805e-012,351.848,-195.569,-28.8188,
2.81e-012,377.43,-208.952,-30.078,
2.815e-012,350.47,-197.532,-31.4345,
2.82e-012,371.355,-208.78,-32.7849,
2.825e-012,327.897,-189.452,-34.0526,
2.83e-012,283.315,-168.295,-34.0241,
2.835e-012,287.554,-169.804,-33.5239,
2.84e-012,318.306,-184.543,-33.6889,
2.845e-012,315.372,-183.311,-33.848,
2.85e-012,347.871,-199.731,-34.8653,
2.855e-012,332.953,-193.46,-35.665,
2.86e-012,285.285,-171.254,-36.0496,
2.865e-012,302.45,-179.144,-35.8051,
2.87e-012,283.798,-170.192,-35.6925,
2.875e-012,293.055,-174.262,-35.3757,
2.88e-012,334.325,-194.005,-35.5594,
2.885e-012,325.691,-190.88,-36.5268,
2.89e-012,275.911,-167.12,-36.3581,
2.895e-012,314.833,-185.449,-36.2409,
2.9e-012,294.095,-175.673,-36.2935,
2.905e-012,255.454,-156.729,-35.6624,
2.91e-012,294.929,-174.5,-34.7253,
2.915e-012,302.145,-177.908,-34.7127,
2.92e-012,309.198,-181.341,-34.8036,
2.925e-012,317.002,-185.04,-34.8046,
2.93e-012,320.256,-187.32,-35.5419,
2.935e-012,294.095,-174.908,-35.5286,
2.94e-012,274.701,-165.581,-35.3927,
2.945e-012,256.838,-156.268,-34.5457,
2.95e-012,276.921,-165.161,-33.9212,
2.955e-012,297.762,-174.736,-33.6189,
2.96e-012,317.393,-184.617,-34.196,
2.965e-012,309.827,-181.346,-34.5104,
2.97e-012,275.3,-165.29,-34.8186,
2.975e-012,260.412,-157.431,-34.0143,
2.98e-012,253.97,-153.649,-33.2858,
2.985e-012,261.87,-156.427,-32.3194,
2.99e-012,289.021,-168.954,-31.9791,
2.995e-012,321.837,-184.631,-32.1033,
3e-012,314.062,-181.937,-33.0947,
3.005e-012,288.68,-169.835,-33.0218,
3.01e-012,302.498,-176.557,-33.1954,
3.015e-012,265.083,-158.805,-33.1748,
3.02e-012,244.619,-148.022,-32.09,
3.025e-012,238.565,-143.895,-30.8328,
3.03e-012,293.041,-169.137,-30.257,
3.035e-012,268.778,-156.973,-29.5919,
3.04e-012,325.76,-184.374,-29.9878,
3.045e-012,291.767,-168.213,-29.9364,
3.05e-012,302.714,-173.713,-30.2488,
3.055e-012,292.538,-168.723,-30.0814,
3.06e-012,278.175,-161.945,-30.11,
3.065e-012,253.283,-149.1,-29.0626,
3.07e-012,307.901,-175.015,-29.0921,
3.075e-012,316.679,-179.363,-29.28,
3.08e-012,331.47,-187.475,-30.3824,
3.085e-012,334.607,-189.747,-31.1673,
3.09e-012,323.329,-185.459,-32.225,
3.095e-012,298.349,-174.025,-32.6294,
3.1e-012,336.715,-192.676,-33.0973,
3.105e-012,335.066,-192.983,-34.186,
3.11e-012,339.828,-196.26,-35.2066,
3.115e-012,322.564,-188.831,-35.9586,
3.12e-012,310.525,-183.585,-36.4181,
3.125e-012,313.242,-185.189,-36.7346,
3.13e-012,340.484,-198.684,-37.3193,
3.135e-012,294.74,-177.731,-38.046,
3.14e-012,312.055,-185.661,-37.77,
3.145e-012,310.008,-185.004,-38.0828,
3.15e-012,377.564,-218.012,-39.0737,
3.155e-012,326.015,-194.732,-40.2245,
3.16e-012,372.902,-217.944,-41.2159,
3.165e-012,340.285,-203.802,-42.5317,
3.17e-012,343.386,-206.167,-43.4268,
3.175e-012,298.717,-185.322,-43.7517,
3.18e-012,353.201,-211.79,-44.3989,
3.185e-012,326.499,-200.006,-45.2691,
3.19e-012,333.506,-204.205,-46.1471,
3.195e-012,313.128,-195.165,-46.7655,
3.2e-012,319.178,-198.346,-47.0792,
3.205e-012,345.598,-212.055,-48.2669,
3.21e-012,334.05,-207.493,-49.1777,
3.215e-012,300.133,-192.162,-49.9206,
3.22e-012,325.764,-204.686,-50.2975,
3.225e-012,326.242,-205.643,-51.0287,
3.23e-012,345.336,-215.852,-52.1877,
3.235e-012,310.047,-199.773,-52.8336,
3.24e-012,361.71,-225.063,-53.6388,
3.245e-012,344.607,-218.589,-55.2703,
3.25e-012,306.553,-201.056,-55.7719,
3.255e-012,309.759,-202.672,-55.8689,
3.26e-012,353.233,-224.159,-56.7521,
3.265e-012,315.214,-206.862,-57.4737,
3.27e-012,295.021,-197.612,-57.7936,
3.275e-012,282.195,-191.017,-57.2769,
3.28e-012,304.198,-201.341,-57.1736,
3.285e-012,285.882,-192.441,-56.9534,
3.29e-012,290.224,-194.277,-56.7314,
3.295e-012,278.502,-188.063,-56.0733,
3.3e-012,301.743,-198.999,-55.9948,
3.305e-012,303.768,-199.771,-55.8074,
3.31e-012,287.815,-192.278,-55.8745,
3.315e-012,295.346,-195.376,-55.4029,
3.32e-012,327.743,-211.163,-55.837,
3.325e-012,293.237,-195.208,-56.235,
3.33e-012,270.636,-184.27,-56.0087,
3.335e-012,255.828,-176.454,-55.2104,
3.34e-012,281.729,-188.195,-54.6754,
3.345e-012,294.542,-194.366,-54.7748,
3.35e-012,267.5,-181.286,-54.5102,
3.355e-012,282.802,-188.18,-54.1524,
3.36e-012,304.804,-198.603,-54.1479,
3.365e-012,310.588,-201.648,-54.4515,
3.37e-012,333.762,-213.381,-55.2026,
3.375e-012,302.06,-198.676,-55.5216,
3.38e-012,316.418,-205.788,-55.8286,
3.385e-012,282.389,-189.596,-55.7644,
3.39e-012,273.15,-184.477,-55.0239,
3.395e-012,300.004,-196.748,-54.568,
3.4e-012,312.601,-202.703,-54.5534,
3.405e-012,295.295,-194.482,-54.5341,
3.41e-012,292.724,-192.843,-54.1131,
3.415e-012,307.852,-199.87,-53.9708,
3.42e-012,288.374,-190.297,-53.6288,
3.425e-012,283.479,-187.552,-53.2035,
3.43e-012,285.054,-187.469,-52.374,
3.435e-012,288.86,-189.088,-52.1888,
3.44e-012,262.396,-175.574,-51.2169,
3.445e-012,233.387,-160.625,-50.0164,
3.45e-012,262.454,-172.931,-48.5472,
3.455e-012,278.769,-180.043,-47.9268,
3.46e-012,274.02,-177.345,-47.479,
3.465e-012,241.05,-160.771,-46.5312,
3.47e-012,275.021,-175.847,-45.507,
3.475e-012,325.157,-199.911,-45.8102,
3.48e-012,312.704,-194.561,-46.3623,
3.485e-012,284.493,-181.505,-46.6763,
3.49e-012,284.606,-180.995,-46.1126,
3.495e-012,295.079,-186.149,-46.3029,
3.5e-012,276.926,-177.023,-45.7798,
3.505e-012,280.648,-178.415,-45.4084,
3.51e-012,294.425,-184.554,-45.0176,
3.515e-012,302.662,-188.435,-44.996,
3.52e-012,298.817,-186.614,-44.9965,
3.525e-012,281.865,-178.238,-44.6539,
3.53e-012,280.488,-176.858,-43.9276,
3.535e-012,304.222,-188.045,-43.8663,
3.54e-012,281.32,-176.63,-43.305,
3.545e-012,287.266,-179.185,-43.0424,
3.55e-012,274.564,-172.184,-42.0609,
3.555e-012,293.349,-180.804,-41.7779,
3.56e-012,315.076,-190.907,-41.5837,
3.565e-012,326.732,-196.887,-42.0397,
3.57e-012,321.187,-194.676,-42.4571,
3.575e-012,321.144,-195.396,-43.1976,
3.58e-012,270.466,-171.206,-43.025,
3.585e-012,313.314,-191.373,-42.8852,
3.59e-012,318.74,-194.6,-43.541,
3.595e-012,275.945,-174.458,-43.6795,
3.6e-012,246.673,-159.9,-42.9952,
3.605e-012,278.462,-174.151,-42.1804,
3.61e-012,282.461,-175.987,-42.1207,
3.615e-012,277.531,-173.181,-41.651,
3.62e-012,314.176,-190.716,-41.8191,
3.625e-012,312.837,-190.481,-42.219,
3.63e-012,299.27,-184.425,-42.5927,
3.635e-012,286.445,-178.05,-42.2965,
3.64e-012,319.831,-193.983,-42.4064,
3.645e-012,359.184,-213.453,-43.2261,
3.65e-012,355.513,-213.14,-44.6532,
3.655e-012,334.299,-203.935,-45.5019,
3.66e-012,322.59,-198.909,-46.0253,
3.665e-012,337.006,-206.112,-46.3962,
3.67e-012,341.345,-208.986,-47.2136,
3.675e-012,312.918,-195.988,-47.6873,
3.68e-012,288.184,-183.98,-47.4015,
3.685e-012,278.477,-178.889,-46.9111,
3.69e-012,303.282,-190.053,-46.319,
3.695e-012,317.178,-196.79,-46.4703,
3.7e-012,361.341,-218.647,-47.3977,
3.705e-012,326.855,-203.243,-48.3377,
3.71e-012,306.386,-194.072,-48.8671,
3.715e-012,319.765,-200.517,-48.9724,
3.72e-012,298.952,-191.122,-49.4403,
3.725e-012,310.861,-196.845,-49.5199,
3.73e-012,307.236,-195.514,-49.9061,
3.735e-012,317.226,-200.549,-50.2068,
3.74e-012,337.255,-210.991,-51.1567,
3.745e-012,316.313,-201.611,-51.7019,
3.75e-012,324.448,-206.301,-52.5364,
3.755e-012,309.469,-199.345,-52.6787,
3.76e-012,335.185,-212.348,-53.495,
3.765e-012,309.227,-200.39,-53.8384,
3.77e-012,300.713,-196.522,-54.0062,
3.775e-012,298.91,-195.406,-53.7447,
3.78e-012,312.926,-202.297,-53.9935,
3.785e-012,313.749,-202.808,-54.1142,
3.79e-012,284.847,-189.026,-54.0291,
3.795e-012,292.318,-192.12,-53.5824,
3.8e-012,275.388,-183.612,-53.0982,
3.805e-012,290.324,-189.985,-52.3924,
3.81e-012,307.02,-197.952,-52.4466,
3.815e-012,302.981,-195.708,-52.1169,
3.82e-012,313.678,-201.223,-52.5626,
3.825e-012,316.199,-202.521,-52.6652,
3.83e-012,302.011,-196.211,-53.0801,
3.835e-012,299.986,-195.368,-53.1964,
3.84e-012,289.893,-190.529,-53.1414,
3.845e-012,314.344,-202.512,-53.5356,
3.85e-012,265.225,-179.321,-53.6233,
3.855e-012,281.169,-186.47,-53.2159,
3.86e-012,239.654,-166.297,-52.7181,
3.865e-012,266.625,-178.182,-51.8216,
3.87e-012,258.151,-173.525,-51.1803,
3.875e-012,272.943,-180.21,-50.8543,
3.88e-012,232.116,-159.682,-49.6754,
3.885e-012,271.21,-177.267,-48.733,
3.89e-012,289.07,-185.303,-48.3046,
3.895e-012,302.429,-191.657,-48.3282,
3.9e-012,271.474,-176.677,-48.0181,
3.905e-012,289.488,-184.844,-47.6483,
3.91e-012,279.409,-179.509,-47.0899,
3.915e-012,260.497,-170.173,-46.716,
3.92e-012,261.361,-169.174,-45.3074,
3.925e-012,286.642,-180.796,-44.9483,
3.93e-012,296.604,-184.987,-44.4188,
3.935e-012,328.176,-200.267,-44.7354,
3.94e-012,300.337,-187.282,-44.944,
3.945e-012,287.566,-181.077,-44.7918,
3.95e-012,277.858,-175.852,-44.1675,
3.955e-012,291.609,-182.029,-43.828,
3.96e-012,280.628,-176.567,-43.5695,
3.965e-012,271.684,-171.711,-42.9532,
3.97e-012,288.006,-179.186,-42.6919,
3.975e-012,275.384,-173.027,-42.5154,
3.98e-012,259.794,-164.861,-41.7376,
3.985e-012,285.471,-176.646,-41.3541,
3.99e-012,293.918,-180.44,-41.1439,
3.995e-012,265.189,-166.45,-40.7692,
4e-012,293.57,-179.238,-40.1078,
4.005e-012,316.834,-190.276,-40.1194,
4.01e-012,325.875,-194.921,-40.4794,
4.015e-012,341.987,-203.292,-41.215,
4.02e-012,333.412,-199.877,-41.8634,
4.025e-012,326.361,-197.203,-42.532,
4.03e-012,310.886,-190.162,-42.8252,
4.035e-012,296.618,-183.174,-42.599,
4.04e-012,338.203,-203.341,-43.0572,
4.045e-012,335.846,-202.814,-43.6474,
4.05e-012,338.333,-204.934,-44.5885,
4.055e-012,310.063,-191.937,-44.9899,
4.06e-012,318.157,-196.02,-45.2368,
4.065e-012,307.042,-190.966,-45.4502,
4.07e-012,296.538,-186.04,-45.5024,
4.075e-012,296.343,-185.536,-45.0912,
4.08e-012,325.098,-199.687,-45.6138,
4.085e-012,326.756,-200.957,-46.0988,
4.09e-012,314.164,-195.762,-46.8716,
4.095e-012,319.883,-198.829,-47.2277,
4.1e-012,273.276,-177.052,-47.539,
4.105e-012,238.428,-159.466,-46.4682,
4.11e-012,274.761,-175.764,-45.5468,
4.115e-012,274.985,-175.526,-45.2034,
4.12e-012,273.107,-174.218,-44.7846,
4.125e-012,281.104,-177.467,-44.244,
4.13e-012,303.919,-188.456,-44.4203,
4.135e-012,270.572,-172.368,-44.1369,
4.14e-012,280.317,-176.452,-43.6018,
4.145e-012,307.148,-188.938,-43.3724,
4.15e-012,303.929,-187.682,-43.6416,
4.155e-012,286.019,-178.917,-43.3652,
4.16e-012,289.904,-180.351,-42.9574,
4.165e-012,298.781,-184.357,-42.7567,
4.17e-012,270.072,-170.178,-42.1838,
4.175e-012,293.649,-180.776,-41.6082,
4.18e-012,322.905,-194.764,-41.73,
4.185e-012,304.569,-186.455,-42.1117,
4.19e-012,305.38,-186.761,-42.0335,
4.195e-012,354.577,-210.915,-42.8712,
4.2e-012,333.553,-202.186,-44.1062,
4.205e-012,323.029,-197.965,-44.8725,
4.21e-012,332.407,-203.026,-45.4891,
4.215e-012,299.899,-188.285,-46.1544,
4.22e-012,288.538,-182.627,-45.8807,
4.225e-012,297.841,-186.901,-45.7459,
4.23e-012,293.247,-184.797,-45.8191,
4.235e-012,273.48,-174.954,-45.3444,
4.24e-012,280.289,-177.725,-44.888,
4.245e-012,287.977,-181.207,-44.7269,
4.25e-012,283.299,-178.745,-44.4823,
4.255e-012,296.178,-184.672,-44.3054,
4.26e-012,360.457,-216.18,-45.3499,
4.265e-012,304.215,-190.353,-46.1777,
4.27e-012,325.349,-200.975,-46.7836,
4.275e-012,310.2,-194.02,-47.0077,
4.28e-012,313.54,-196.072,-47.4774,
4.285e-012,291.648,-185.541,-47.3208,
4.29e-012,317.316,-197.595,-47.2099,
4.295e-012,321.703,-200.072,-47.6081,
4.3e-012,293.084,-186.571,-47.67,
4.305e-012,315.207,-196.787,-47.4019,
4.31e-012,318.039,-198.784,-48.0562,
4.315e-012,319.081,-199.351,-48.1296,
4.32e-012,320.789,-200.96,-48.929,
4.325e-012,303.223,-192.854,-49.1483,
4.33e-012,264.259,-174.138,-48.8986,
4.335e-012,312.488,-196.417,-48.3199,
4.34e-012,318.701,-200.02,-48.9786,
4.345e-012,310.128,-196.046,-49.0677,
4.35e-012,306.355,-194.367,-49.1769,
4.355e-012,349.138,-215.191,-49.7248,
4.36e-012,305.629,-195.117,-50.2713,
4.365e-012,333.389,-208.703,-50.7011,
4.37e-012,313.146,-199.708,-51.2996,
4.375e-012,354.006,-219.879,-52.1056,
4.38e-012,275.372,-183.335,-52.8292,
4.385e-012,338.501,-213.253,-52.8283,
4.39e-012,289.338,-190.664,-53.5383,
4.395e-012,324.493,-207.582,-53.7957,
4.4e-012,286.536,-189.491,-53.6937,
4.405e-012,334.323,-212.585,-54.1399,
4.41e-012,312.947,-202.711,-54.3964,
4.415e-012,353.805,-222.829,-55.1509,
4.42e-012,324.768,-209.683,-55.7669,
4.425e-012,364.994,-229.718,-56.7374,
4.43e-012,308.484,-203.388,-57.1891,
4.435e-012,346.309,-222.038,-57.9135,
4.44e-012,305.044,-202.615,-58.0469,
4.445e-012,289.794,-195.387,-58.0456,
4.45e-012,302.844,-200.937,-57.4111,
4.455e-012,318.931,-209.138,-57.9886,
4.46e-012,272.939,-186.753,-57.4001,
4.465e-012,329.423,-213.676,-57.554,
4.47e-012,332.57,-215.502,-57.8877,
4.475e-012,322.519,-211.714,-58.8639,
4.48e-012,319.478,-210.19,-58.7805,
4.485e-012,318.687,-210.307,-59.2727,
4.49e-012,345.714,-223.596,-59.753,
4.495e-012,300.136,-202.455,-60.2127,
4.5e-012,352.878,-227.796,-60.5582,
4.505e-012,307.864,-207.339,-61.4336,
4.51e-012,321.736,-213.888,-61.409,
4.515e-012,319.463,-213.427,-62.0246,
4.52e-012,356.916,-232.005,-62.8531,
4.525e-012,335.912,-223.068,-63.8705,
4.53e-012,365.141,-238.257,-65.207,
4.535e-012,318.684,-217.161,-66.1277,
4.54e-012,304.639,-210.814,-66.4372,
4.545e-012,254.36,-186.325,-65.777,
4.55e-012,270.603,-193.048,-64.8017,
4.555e-012,222.799,-168.971,-63.3809,
4.56e-012,236.855,-174.019,-61.7668,
4.565e-012,225.619,-166.849,-59.9218,
4.57e-012,236.876,-170.763,-58.5008,
4.575e-012,269.587,-185.087,-57.3228,
4.58e-012,292.858,-195.932,-57.1387,
4.585e-012,282.146,-190.742,-57.0254,
4.59e-012,293.077,-195.769,-56.8718,
4.595e-012,312.181,-204.883,-56.9322,
4.6e-012,294.923,-197.291,-57.5191,
4.605e-012,310.141,-204.124,-57.14,
4.61e-012,307.407,-203.441,-57.7528,
4.615e-012,319.614,-209.467,-57.9936,
4.62e-012,232.572,-167.817,-57.5947,
4.625e-012,254.308,-176.728,-56.2039,
4.63e-012,245.36,-171.486,-55.2035,
4.635e-012,223.218,-159.648,-53.8585,
4.64e-012,208.541,-150.806,-51.9726,
4.645e-012,253.069,-170.446,-50.5101,
4.65e-012,222.63,-154.887,-49.3765,
4.655e-012,217.749,-150.805,-47.6083,
4.66e-012,234.998,-157.146,-45.7745,
4.665e-012,291.114,-183.269,-45.3017,
4.67e-012,254.152,-165.031,-44.5808,
4.675e-012,337.77,-204.715,-44.6363,
4.68e-012,313.908,-194.056,-45.2868,
4.685e-012,360.435,-217.16,-46.3398,
4.69e-012,312.463,-195.133,-47.0486,
4.695e-012,365.773,-221.612,-48.2616,
4.7e-012,325.915,-203.893,-49.4334,
4.705e-012,293.169,-188.737,-49.7961,
4.71e-012,330.179,-206.551,-50.0706,
4.715e-012,300.532,-193.241,-50.8106,
4.72e-012,276.075,-181.473,-50.6338,
4.725e-012,248.527,-167.725,-49.9415,
4.73e-012,275.297,-179.318,-48.8476,
4.735e-012,264.419,-173.819,-48.504,
4.74e-012,293.099,-186.613,-47.7051,
4.745e-012,293.083,-186.564,-47.6638,
4.75e-012,325.211,-202.051,-47.9247,
4.755e-012,300.888,-190.575,-47.9763,
4.76e-012,352.736,-215.82,-48.649,
4.765e-012,323.5,-202.778,-49.4623,
4.77e-012,342.478,-212.49,-50.1804,
4.775e-012,295.296,-190.514,-50.5652,
4.78e-012,319.053,-201.915,-50.7068,
4.785e-012,266.236,-176.487,-50.3099,
4.79e-012,305.533,-194.881,-50.0804,
4.795e-012,309.772,-196.835,-50.025,
4.8e-012,314.346,-199.434,-50.4569,
4.805e-012,312.917,-199.087,-50.7872,
4.81e-012,300.374,-193.264,-50.9089,
4.815e-012,298.575,-192.379,-50.8759,
4.82e-012,311.059,-198.425,-51.0055,
4.825e-012,300.294,-193.144,-50.826,
4.83e-012,320.967,-203.395,-51.2805,
4.835e-012,324.489,-205.085,-51.3008,
4.84e-012,320.173,-203.965,-52.2263,
4.845e-012,301.963,-195.058,-51.9489,
4.85e-012,326.307,-207.134,-52.4886,
4.855e-012,353.825,-220.997,-53.3098,
4.86e-012,317.548,-204.884,-54.389,
4.865e-012,307.446,-200.438,-54.731,
4.87e-012,277.78,-186.267,-54.6198,
4.875e-012,298.664,-196.388,-54.8429,
4.88e-012,218.798,-157.364,-53.6695,
4.885e-012,280.009,-185.564,-52.8598,
4.89e-012,242.769,-167.071,-52.0163,
4.895e-012,230.606,-160.012,-50.7213,
4.9e-012,258.536,-171.994,-49.4668,
4.905e-012,291.765,-187.274,-48.9981,
4.91e-012,278.693,-180.992,-48.9117,
4.915e-012,263.674,-173.285,-48.323,
4.92e-012,263.021,-172.206,-47.5535,
4.925e-012,256.999,-168.773,-46.9749,
4.93e-012,250.942,-164.786,-45.8579,
4.935e-012,273.143,-174.574,-45.1236,
4.94e-012,281.225,-178.191,-44.9111,
4.945e-012,247.499,-161.474,-44.1776,
4.95e-012,256.247,-164.576,-43.1339,
4.955e-012,260.815,-166.025,-42.4178,
4.96e-012,270.363,-169.567,-41.4344,
4.965e-012,282.881,-175.185,-41.1202,
4.97e-012,323.912,-194.552,-41.0412,
4.975e-012,267.213,-167.67,-41.0303,
4.98e-012,287.076,-176.371,-40.3182,
4.985e-012,245.876,-155.825,-39.2979,
4.99e-012,292.856,-177.236,-38.4442,
4.995e-012,241.382,-151.81,-37.4128,
5e-012,311.706,-184.471,-36.7456,
5.005e-012,275.336,-166.819,-36.33,
5.01e-012,351.934,-203.633,-36.8421,
5.015e-012,287.816,-173.337,-36.933,
5.02e-012,335.17,-196.31,-37.4637,
5.025e-012,333.204,-195.785,-37.8709,
5.03e-012,325.892,-193.214,-38.7647,
5.035e-012,346.803,-203.562,-39.2028,
5.04e-012,348.239,-205.513,-40.473,
5.045e-012,343.903,-204.201,-41.2159,
5.05e-012,329.842,-198.534,-42.2129,
5.055e-012,319.93,-194.045,-42.4211,
5.06e-012,325.682,-197.213,-42.8629,
5.065e-012,328.066,-198.769,-43.2898,
5.07e-012,346.62,-208.192,-43.9193,
5.075e-012,331.173,-201.715,-44.7635,
5.08e-012,320.34,-196.896,-45.0782,
5.085e-012,302.189,-188.276,-45.0604,
5.09e-012,315.549,-194.553,-45.0055,
5.095e-012,334.68,-204.079,-45.4651,
5.1e-012,283.813,-179.837,-45.3305,
5.105e-012,318.799,-196.478,-45.3905,
5.11e-012,314.828,-194.528,-45.3223,
5.115e-012,317.974,-196.594,-45.8969,
5.12e-012,360.922,-217.496,-46.4448,
5.125e-012,332.273,-205.155,-47.6817,
5.13e-012,299.896,-190.163,-48.0341,
5.135e-012,263.897,-172.452,-47.3842,
5.14e-012,301.521,-189.839,-46.9399,
5.145e-012,294.146,-186.407,-47.0035,
5.15e-012,311.559,-194.57,-46.9138,
5.155e-012,293.207,-185.981,-47.0221,
5.16e-012,351.865,-214.376,-47.6181,
5.165e-012,297.372,-189.282,-48.349,
5.17e-012,329.175,-204.579,-48.5738,
5.175e-012,339.557,-210.393,-49.4681,
5.18e-012,354.344,-218.49,-50.5563,
5.185e-012,312.614,-199.639,-51.4825,
5.19e-012,333.517,-209.989,-51.9266,
5.195e-012,274.215,-182.188,-52.2302,
5.2e-012,251.571,-170.57,-51.3432,
5.205e-012,261.446,-174.093,-50.1866,
5.21e-012,284.203,-184.527,-49.8355,
5.215e-012,243.893,-164.717,-49.13,
5.22e-012,305.838,-193.417,-48.4719,
5.225e-012,267.418,-175.294,-48.5577,
5.23e-012,274.492,-177.894,-47.8045,
5.235e-012,258.435,-169.497,-47.0182,
5.24e-012,309.699,-193.506,-46.7317,
5.245e-012,299.759,-188.83,-46.766,
5.25e-012,300.782,-189.297,-46.7479,
5.255e-012,285.268,-181.708,-46.5115,
5.26e-012,261.199,-169.664,-45.8751,
5.265e-012,235.482,-156.104,-44.5028,
5.27e-012,259.625,-166.258,-43.215,
5.275e-012,279.311,-174.895,-42.5221,
5.28e-012,238.121,-154.443,-41.5909,
5.285e-012,267.27,-167.23,-40.5635,
5.29e-012,244.268,-155.256,-39.4909,
5.295e-012,231.173,-148.041,-38.4813,
5.3e-012,237.801,-149.102,-36.4016,
5.305e-012,292.53,-174.755,-36.1177,
5.31e-012,247.724,-152.725,-35.3217,
5.315e-012,237.364,-146.398,-33.9049,
5.32e-012,286.555,-168.75,-32.9436,
5.325e-012,277.868,-164.459,-32.7702,
5.33e-012,278.586,-163.983,-31.9533,
5.335e-012,343.215,-195.08,-32.4211,
5.34e-012,312.354,-181.276,-33.2426,
5.345e-012,287.334,-169.473,-33.2976,
5.35e-012,271.621,-161.724,-32.9956,
5.355e-012,341.71,-194.907,-32.9615,
5.36e-012,333.466,-192.233,-34.195,
5.365e-012,329.974,-191.223,-34.8394,
5.37e-012,332.753,-193.216,-35.5156,
5.375e-012,299.402,-178,-36.1049,
5.38e-012,236.026,-146.916,-35.0569,
5.385e-012,266.159,-159.931,-33.7904,
5.39e-012,276.958,-164.131,-32.8733,
5.395e-012,293.95,-172.072,-32.7607,
5.4e-012,257.403,-153.801,-31.8111,
5.405e-012,295.959,-171.976,-31.713,
5.41e-012,215.824,-132.967,-30.682,
5.415e-012,227.141,-136.426,-28.7774,
5.42e-012,262.996,-152.258,-27.6167,
5.425e-012,296.871,-167.791,-27.0953,
5.43e-012,306.842,-172.758,-27.3378,
5.435e-012,289.63,-164.467,-27.2039,
5.44e-012,313.125,-175.468,-27.0695,
5.445e-012,302.046,-170.487,-27.3389,
5.45e-012,303.334,-170.907,-27.149,
5.455e-012,321.882,-179.867,-27.3187,
5.46e-012,352.297,-195.327,-28.3644,
5.465e-012,292.294,-167.347,-28.8208,
5.47e-012,294.912,-168.301,-28.5347,
5.475e-012,290.432,-166.172,-28.5286,
5.48e-012,287.696,-164.429,-28.0823,
5.485e-012,284.162,-162.499,-27.8272,
5.49e-012,322.11,-180.331,-27.674,
5.495e-012,296.38,-168.347,-27.8847,
5.5e-012,324.228,-181.722,-28.0612,
5.505e-012,309.17,-174.725,-28.2004,
5.51e-012,350.182,-194.83,-28.8691,
5.515e-012,345.833,-193.727,-29.8273,
5.52e-012,341.019,-192.417,-30.7988,
5.525e-012,325.593,-185.76,-31.4525,
5.53e-012,356.786,-201.482,-32.3917,
5.535e-012,315.235,-182.816,-33.418,
5.54e-012,332.48,-191.546,-33.975,
5.545e-012,317.702,-185.268,-34.7006,
5.55e-012,325.128,-189.356,-35.2692,
5.555e-012,303.789,-179.694,-35.7196,
5.56e-012,288.253,-172.295,-35.6841,
5.565e-012,291.823,-173.638,-35.3349,
5.57e-012,288.619,-172.113,-35.3285,
5.575e-012,276.028,-165.502,-34.6846,
5.58e-012,288.401,-170.974,-34.2935,
5.585e-012,315.146,-183.611,-34.2552,
5.59e-012,323.545,-187.984,-34.6477,
5.595e-012,303.748,-178.981,-35.027,
5.6e-012,311.846,-182.825,-35.033,
5.605e-012,322.774,-188.601,-35.6293,
5.61e-012,258.213,-157.781,-35.4071,
5.615e-012,311.22,-182.475,-34.9791,
5.62e-012,276.494,-166.08,-35.0424,
5.625e-012,280.535,-167.515,-34.5619,
5.63e-012,253.378,-154.186,-34.103,
5.635e-012,239.734,-146.283,-32.6663,
5.64e-012,260.015,-155.243,-32.0144,
5.645e-012,229.537,-139.327,-30.5431,
5.65e-012,225.344,-135.858,-29.0619,
5.655e-012,328.797,-184.255,-28.4286,
5.66e-012,263.572,-153.649,-28.7347,
5.665e-012,300.811,-170.661,-28.0985,
5.67e-012,324.534,-182.556,-28.7499,
5.675e-012,265.19,-154.414,-28.733,
5.68e-012,276.69,-159.329,-28.198,
5.685e-012,309.547,-174.783,-28.0806,
5.69e-012,278.999,-160.654,-28.4288,
5.695e-012,283.592,-162.509,-28.1073,
5.7e-012,248.406,-145.219,-27.4923,
5.705e-012,301.961,-170.349,-27.2414,
5.71e-012,240.398,-140.452,-26.5215,
5.715e-012,294.515,-165.336,-25.7567,
5.72e-012,323.038,-179.159,-26.0629,
5.725e-012,288.649,-163.064,-26.2654,
5.73e-012,315.969,-175.809,-26.0623,
5.735e-012,337.99,-186.837,-26.6542,
5.74e-012,365.959,-201.482,-28.0442,
5.745e-012,314.969,-178.33,-29.0575,
5.75e-012,350.624,-196.084,-29.9138,
5.755e-012,325.32,-185.195,-31.0171,
5.76e-012,295.181,-171.262,-31.3679,
5.765e-012,347.698,-196.511,-31.7274,
5.77e-012,327.576,-188.257,-33.0103,
5.775e-012,277.995,-164.757,-33.0077,
5.78e-012,283.393,-166.745,-32.4377,
5.785e-012,283.785,-166.467,-31.9736,
5.79e-012,318.558,-182.945,-31.9718,
5.795e-012,300.91,-174.608,-31.9991,
5.8e-012,326.409,-186.986,-32.2919,
5.805e-012,316.133,-182.467,-32.6433,
5.81e-012,292.213,-171.144,-32.6565,
5.815e-012,338.438,-193.131,-32.736,
5.82e-012,373.324,-210.997,-34.069,
5.825e-012,372.807,-212.268,-35.5851,
5.83e-012,303.77,-180.4,-36.4356,
5.835e-012,327.869,-191.668,-36.2817,
5.84e-012,279.219,-168.66,-36.3308,
5.845e-012,332.156,-193.279,-35.8612,
5.85e-012,346.414,-200.823,-36.648,
5.855e-012,365.954,-211.119,-37.6831,
5.86e-012,325.411,-193.022,-38.8011,
5.865e-012,296.399,-179.261,-38.7896,
5.87e-012,246.897,-155.365,-38.3541,
5.875e-012,307.636,-182.927,-37.1298,
5.88e-012,317.43,-188.489,-38.0505,
5.885e-012,298.584,-179.349,-37.8422,
5.89e-012,294.867,-177.683,-37.9379,
5.895e-012,324.396,-191.664,-37.9242,
5.9e-012,305.924,-183.42,-38.4348,
5.905e-012,310.066,-185.23,-38.2815,
5.91e-012,303.212,-182.217,-38.5163,
5.915e-012,352.792,-206.256,-39.0586,
5.92e-012,281.012,-172.951,-39.7718,
5.925e-012,272.822,-168.375,-39.077,
5.93e-012,289.014,-175.972,-39.0005,
5.935e-012,292.131,-177.049,-38.6002,
5.94e-012,285.197,-174.113,-38.9506,
5.945e-012,283.463,-172.532,-38.1908,
5.95e-012,325.425,-193.03,-38.8018,
5.955e-012,261.938,-162.861,-38.7219,
5.96e-012,270.122,-165.768,-37.7498,
5.965e-012,260.622,-160.528,-37.0124,
5.97e-012,269.357,-163.904,-36.2491,
5.975e-012,239.224,-148.232,-34.857,
5.98e-012,275.478,-164.706,-34.1491,
5.985e-012,259.165,-155.741,-32.9153,
5.99e-012,340.549,-194.63,-33.2348,
5.995e-012,279.642,-165.853,-33.3235,
6e-012,351.447,-200.477,-33.9164,
6.005e-012,290.851,-172.009,-34.1668,
6.01e-012,335.08,-193.728,-34.9247,
6.015e-012,262.085,-158.626,-34.4173,
6.02e-012,325.899,-189.118,-34.666,
6.025e-012,287.414,-170.93,-34.7166,
6.03e-012,286.871,-170.652,-34.6959,
6.035e-012,239.487,-147.311,-33.8118,
6.04e-012,305.227,-178.067,-33.4118,
6.045e-012,257.371,-155.272,-33.297,
6.05e-012,265.21,-158.384,-32.6937,
6.055e-012,249.466,-150.042,-31.8133,
6.06e-012,307.565,-177.533,-31.7692,
6.065e-012,250.155,-150.022,-31.467,
6.07e-012,287.05,-167.126,-31.0853,
6.075e-012,264.665,-155.954,-30.5218,
6.08e-012,295.263,-170.593,-30.6599,
6.085e-012,270.31,-158.209,-30.1015,
6.09e-012,326.493,-185.186,-30.4523,
6.095e-012,314.937,-180.184,-30.927,
6.1e-012,357.631,-201.48,-31.9884,
6.105e-012,294.316,-172.349,-32.8648,
6.11e-012,276.198,-163.309,-32.4115,
6.115e-012,301.501,-175.114,-32.2249,
6.12e-012,309.254,-179.053,-32.4888,
6.125e-012,283.598,-166.998,-32.5928,
6.13e-012,278.7,-164.075,-31.9916,
6.135e-012,291.095,-169.975,-32.0172,
6.14e-012,236.37,-143.121,-31.0989,
6.145e-012,234.287,-140.56,-29.5248,
6.15e-012,291.654,-166.724,-28.5018,
6.155e-012,294.576,-168.119,-28.511,
6.16e-012,267.358,-154.667,-27.9591,
6.165e-012,271.187,-155.825,-27.3024,
6.17e-012,314.086,-175.824,-26.9705,
6.175e-012,312.229,-175.795,-27.8216,
6.18e-012,289.817,-164.763,-27.4107,
6.185e-012,335.764,-187.326,-28.1981,
6.19e-012,320.544,-180.664,-28.7489,
6.195e-012,291.481,-167.178,-29.0369,
6.2e-012,310.692,-176.137,-28.8916,
6.205e-012,311.959,-177.075,-29.229,
6.21e-012,318.782,-180.427,-29.3479,
6.215e-012,312.716,-178.233,-30.0283,
6.22e-012,264.888,-154.71,-29.1723,
6.225e-012,315.621,-178.811,-29.2298,
6.23e-012,316.147,-178.939,-29.1088,
6.235e-012,320.02,-181.551,-29.8844,
6.24e-012,345.826,-194.126,-30.2294,
6.245e-012,324.315,-184.952,-31.2506,
6.25e-012,345.123,-195.487,-31.9236,
6.255e-012,313.876,-181.205,-32.4507,
6.26e-012,360.946,-204.238,-33.1759,
6.265e-012,367.523,-208.799,-34.6198,
6.27e-012,358.552,-205.845,-35.9171,
6.275e-012,348.683,-202.561,-37.3105,
6.28e-012,303.912,-181.676,-37.6441,
6.285e-012,313.461,-186.602,-38.0448,
6.29e-012,233.321,-147.945,-37.3681,
6.295e-012,277.505,-167.746,-36.2293,
6.3e-012,310.682,-183.521,-36.2808,
6.305e-012,278.028,-167.925,-36.1595,
6.31e-012,313.609,-184.537,-35.9094,
6.315e-012,289.568,-173.234,-35.9995,
6.32e-012,315.019,-184.962,-35.6656,
6.325e-012,299.562,-177.795,-35.8246,
6.33e-012,286.904,-171.275,-35.3035,
6.335e-012,291.31,-172.892,-34.8328,
6.34e-012,289.874,-171.748,-34.3691,
6.345e-012,297.062,-174.88,-34.0943,
6.35e-012,300.166,-176.024,-33.7677,
6.355e-012,329.467,-190.263,-34.1191,
6.36e-012,321.325,-186.903,-34.6189,
6.365e-012,298.776,-176.311,-34.7128,
6.37e-012,321.96,-187.467,-34.881,
6.375e-012,291.101,-172.867,-34.9069,
6.38e-012,265.065,-159.977,-34.3552,
6.385e-012,262.518,-157.354,-32.9396,
6.39e-012,314.131,-181.507,-32.6315,
6.395e-012,282.16,-165.832,-32.1087,
6.4e-012,286.559,-167.387,-31.5794,
6.405e-012,324.175,-184.867,-31.2321,
6.41e-012,377.141,-211.083,-32.3452,
6.415e-012,306.546,-178.674,-33.3937,
6.42e-012,287.295,-168.786,-32.6294,
6.425e-012,382.066,-214.389,-33.3179,
6.43e-012,307.388,-180.088,-34.4082,
6.435e-012,325.143,-188.179,-34.0849,
6.44e-012,276.371,-165.02,-34.0402,
6.445e-012,337.539,-193.511,-33.5425,
6.45e-012,299.059,-175.638,-33.9057,
6.455e-012,313.686,-182.481,-33.8172,
6.46e-012,284.15,-168,-33.3338,
6.465e-012,366.596,-207.751,-34.0114,
6.47e-012,288.902,-171.493,-34.5747,
6.475e-012,310.389,-181.66,-34.5581,
6.48e-012,275.91,-165.016,-34.2543,
6.485e-012,328.709,-190.254,-34.4699,
6.49e-012,285.121,-169.71,-34.5832,
6.495e-012,291.211,-172.409,-34.3964,
6.5e-012,321.004,-186.715,-34.5828,
6.505e-012,336.42,-194.689,-35.25,
6.51e-012,331.365,-193.442,-36.399,
6.515e-012,313.738,-185.435,-36.7461,
6.52e-012,289.119,-174.128,-37.1066,
6.525e-012,305.769,-181.762,-36.8497,
6.53e-012,248.396,-154.307,-36.5859,
6.535e-012,297.857,-176.632,-35.469,
6.54e-012,286.425,-171.348,-35.6034,
6.545e-012,318.94,-186.564,-35.4095,
6.55e-012,309.63,-182.419,-35.6765,
6.555e-012,308.149,-182.011,-35.9706,
6.56e-012,280.382,-168.393,-35.5124,
6.565e-012,309.151,-182.12,-35.6053,
6.57e-012,256.382,-156.613,-35.1062,
6.575e-012,295.346,-174.21,-34.2376,
6.58e-012,314.119,-183.413,-34.5437,
6.585e-012,324.056,-188.385,-34.8064,
6.59e-012,336.514,-195.109,-35.6266,
6.595e-012,312.912,-184.503,-36.2049,
6.6e-012,311.196,-184.104,-36.6195,
6.605e-012,282.142,-170.209,-36.4945,
6.61e-012,306.445,-181.904,-36.6716,
6.615e-012,299.846,-178.734,-36.6292,
6.62e-012,304.796,-181.513,-37.0622,
6.625e-012,318.305,-188.283,-37.4293,
6.63e-012,320.04,-189.622,-37.9461,
6.635e-012,333.381,-197.046,-39.047,
6.64e-012,287.83,-175.365,-38.9546,
6.645e-012,316.216,-188.979,-39.1157,
6.65e-012,310.565,-186.409,-39.2239,
6.655e-012,278.471,-170.739,-38.7644,
6.66e-012,329.953,-194.938,-38.5637,
6.665e-012,320.049,-190.368,-38.6881,
6.67e-012,338.19,-199.536,-39.2588,
6.675e-012,308.815,-185.566,-39.2107,
6.68e-012,347.759,-204.525,-39.713,
6.685e-012,335.743,-199.407,-40.289,
6.69e-012,325.212,-195.155,-41.0282,
6.695e-012,306.985,-186.408,-40.9197,
6.7e-012,330.979,-198.299,-41.4396,
6.705e-012,303.417,-185.461,-41.664,
6.71e-012,277.094,-172.555,-41.2327,
6.715e-012,303.164,-184.416,-40.739,
6.72e-012,341.004,-202.697,-41.0863,
6.725e-012,332.608,-199.618,-41.9862,
6.73e-012,309.325,-188.695,-42.0978,
6.735e-012,345.201,-206.367,-42.7667,
6.74e-012,295.241,-182.868,-42.9454,
6.745e-012,308.852,-189.312,-42.9385,
6.75e-012,269.739,-170.149,-42.312,
6.755e-012,299.481,-183.506,-41.5742,
6.76e-012,332.191,-199.136,-41.7018,
6.765e-012,313.312,-189.973,-41.4855,
6.77e-012,368.35,-216.519,-41.9482,
6.775e-012,380.152,-223.462,-43.2978,
6.78e-012,314.167,-192.309,-43.4165,
6.785e-012,387.271,-227.687,-44.1483,
6.79e-012,341.94,-206.765,-44.7106,
6.795e-012,320.143,-196.918,-45.1931,
6.8e-012,267.661,-170.93,-44.0781,
6.805e-012,308.572,-189.782,-43.5414,
6.81e-012,298.379,-184.541,-43.1315,
6.815e-012,319.352,-194.347,-42.9976,
6.82e-012,383.443,-225.632,-43.9079,
6.825e-012,352.077,-212.374,-45.5156,
6.83e-012,353.248,-214.205,-46.791,
6.835e-012,289.012,-184.026,-47.0551,
6.84e-012,331.476,-204.873,-47.7775,
6.845e-012,313.958,-196.922,-48.129,
6.85e-012,294.739,-188.663,-48.9778,
6.855e-012,309.908,-195.785,-48.9113,
6.86e-012,296.266,-190.004,-49.5954,
6.865e-012,308.903,-196.24,-49.8423,
6.87e-012,307.44,-195.831,-50.1271,
6.875e-012,324.81,-204.619,-50.6831,
6.88e-012,281.374,-183.98,-50.6294,
6.885e-012,294.546,-189.679,-50.0857,
6.89e-012,260.763,-172.936,-49.3534,
6.895e-012,265.206,-173.531,-47.8424,
6.9e-012,291.604,-185.28,-47.0807,
6.905e-012,267.987,-172.925,-45.9191,
6.91e-012,308.71,-191.92,-45.6143,
6.915e-012,293.453,-184.159,-45.0838,
6.92e-012,257.811,-166.743,-44.5595,
6.925e-012,297.971,-184.91,-43.6935,
6.93e-012,286.66,-179.524,-43.6681,
6.935e-012,252.849,-162.946,-43.1138,
6.94e-012,279.351,-174.618,-42.2264,
6.945e-012,246.043,-158.307,-41.7001,
6.95e-012,275.787,-171.557,-40.8535,
6.955e-012,266.896,-166.815,-40.3264,
6.96e-012,295.978,-180.633,-40.3612,
6.965e-012,263.087,-164.681,-39.9972,
6.97e-012,332.328,-197.871,-40.3714,
6.975e-012,261.678,-164.674,-40.6575,
6.98e-012,303.328,-184.29,-40.5345,
6.985e-012,271.627,-169.224,-40.4928,
6.99e-012,281.688,-173.771,-40.2716,
6.995e-012,266.959,-166.049,-39.5293,
7e-012,304.683,-183.753,-39.3555,
7.005e-012,271.338,-167.521,-38.9269,
7.01e-012,290.898,-175.908,-38.0434,
7.015e-012,259.895,-160.411,-37.2392,
7.02e-012,301.95,-179.335,-36.2328,
7.025e-012,310.862,-183.112,-35.786,
7.03e-012,357.198,-205.657,-36.3714,
7.035e-012,330.683,-193.427,-36.7069,
7.04e-012,319.801,-188.701,-37.1384,
7.045e-012,301.228,-179.759,-36.9987,
7.05e-012,274.737,-166.593,-36.3881,
7.055e-012,256.246,-156.894,-35.4522,
7.06e-012,304.539,-178.971,-34.6417,
7.065e-012,286.443,-170.321,-34.5678,
7.07e-012,355.175,-203.078,-34.7507,
7.075e-012,305.961,-180.486,-35.4826,
7.08e-012,333.203,-193.65,-35.7358,
7.085e-012,296.862,-176.696,-36.0055,
7.09e-012,296.158,-176.288,-35.931,
7.095e-012,283.413,-169.384,-35.067,
7.1e-012,302.317,-178.57,-35.2939,
7.105e-012,298.502,-175.932,-34.464,
7.11e-012,312.687,-183.044,-34.8527,
7.115e-012,320.751,-186.861,-34.849,
7.12e-012,305.485,-179.552,-34.7745,
7.125e-012,342.702,-197.798,-35.382,
7.13e-012,314.825,-184.589,-35.3849,
7.135e-012,336.826,-195.272,-35.641,
7.14e-012,383.104,-218.354,-36.79,
7.145e-012,334.33,-196.194,-37.7463,
7.15e-012,297.091,-178.486,-37.6867,
7.155e-012,324.231,-191.366,-37.7042,
7.16e-012,271.776,-166.006,-37.2039,
7.165e-012,302.15,-180.08,-36.8835,
7.17e-012,305.539,-181.438,-36.6345,
7.175e-012,321.51,-189.55,-37.1773,
7.18e-012,308.629,-183.789,-37.5209,
7.185e-012,344.309,-201.782,-38.6047,
7.19e-012,272.866,-168.114,-38.7956,
7.195e-012,299.376,-181.209,-39.3267,
7.2e-012,246.694,-155.475,-38.5597