step,T,Epot,Efull,SolventMolsThroughZ,
0,0.0025378,-10559.3,-10559.3,
5e-015,0.481593,-10567.2,-10560.3,
1e-014,0.834303,-10575.9,-10564,
1.5e-014,0.929644,-10582.1,-10568.9,
2e-014,0.876969,-10586.3,-10573.8,
2.5e-014,0.860671,-10590.7,-10578.5,
3e-014,0.842898,-10595.1,-10583.2,
3.5e-014,0.831417,-10599.5,-10587.7,
4e-014,0.823242,-10603.9,-10592.2,
4.5e-014,0.792487,-10607.9,-10596.6,
5e-014,0.717472,-10610.9,-10600.7,
5.5e-014,2.58282,-10615.3,-10578.6,
6e-014,3.9968,-10621,-10564.2,
6.5e-014,4.98917,-10627.1,-10556.1,
7e-014,5.62956,-10632.4,-10552.4,
7.5e-014,6.11024,-10638.5,-10551.6,
8e-014,6.43375,-10644.5,-10553.1,
8.5e-014,6.58455,-10649.4,-10555.8,
9e-014,6.62898,-10653.3,-10559.1,
9.5e-014,6.65773,-10657.2,-10562.5,
1e-013,6.6928,-10661.2,-10566.1,
1.05e-013,8.61648,-10665.5,-10543,
1.1e-013,9.8901,-10668.9,-10528.3,
1.15e-013,10.769,-10672.5,-10519.3,
1.2e-013,11.3704,-10676,-10514.3,
1.25e-013,11.7187,-10678.5,-10511.9,
1.3e-013,11.8871,-10679.9,-10510.9,
1.35e-013,11.9893,-10681,-10510.5,
1.4e-013,12.0623,-10682.2,-10510.7,
1.45e-013,12.1567,-10684.1,-10511.2,
1.5e-013,12.1934,-10685.6,-10512.2,
1.55e-013,14.0824,-10686.5,-10486.3,
1.6e-013,15.3165,-10686.4,-10468.6,
1.65e-013,16.1017,-10685.3,-10456.4,
1.7e-013,16.6182,-10683.9,-10447.6,
1.75e-013,16.9731,-10682.5,-10441.2,
1.8e-013,17.1703,-10680.4,-10436.3,
1.85e-013,17.2197,-10676.8,-10432,
1.9e-013,17.2375,-10673,-10427.9,
1.95e-013,17.2624,-10669.4,-10423.9,
2e-013,17.3007,-10666,-10420.1,
2.05e-013,19.2017,-10662.4,-10389.4,
2.1e-013,20.4563,-10658,-10367.1,
2.15e-013,21.3378,-10653.9,-10350.5,
2.2e-013,21.8798,-10648.9,-10337.8,
2.25e-013,22.2408,-10643.6,-10327.4,
2.3e-013,22.554,-10639.4,-10318.8,
2.35e-013,22.8752,-10637.1,-10311.8,
2.4e-013,23.0844,-10634.6,-10306.4,
2.45e-013,23.2201,-10632,-10301.9,
2.5e-013,23.3727,-10630.4,-10298.1,
2.55e-013,25.3936,-10629.2,-10268.1,
2.6e-013,26.7417,-10627.3,-10247.1,
2.65e-013,27.6504,-10625.2,-10232.1,
2.7e-013,28.3483,-10624.3,-10221.3,
2.75e-013,28.7933,-10623.1,-10213.7,
2.8e-013,29.1109,-10621.9,-10208,
2.85e-013,29.4256,-10622.4,-10204.1,
2.9e-013,29.6418,-10623,-10201.6,
2.95e-013,29.7015,-10622.1,-10199.8,
3e-013,29.6588,-10619.8,-10198.1,
3.05e-013,31.6077,-10618.8,-10169.4,
3.1e-013,32.926,-10617.6,-10149.5,
3.15e-013,33.7412,-10614.9,-10135.2,
3.2e-013,34.304,-10612.3,-10124.6,
3.25e-013,34.7145,-10610.2,-10116.6,
3.3e-013,35.0564,-10609.1,-10110.6,
3.35e-013,35.2879,-10608,-10106.3,
3.4e-013,35.4993,-10607.7,-10102.9,
3.45e-013,35.6908,-10608.2,-10100.8,
3.5e-013,35.7979,-10608.3,-10099.4,
3.55e-013,37.7689,-10608.4,-10071.4,
3.6e-013,39.0686,-10607.8,-10052.3,
3.65e-013,39.9136,-10606.3,-10038.9,
3.7e-013,40.3735,-10603,-10029,
3.75e-013,40.5857,-10597.9,-10020.9,
3.8e-013,40.7499,-10593.1,-10013.7,
3.85e-013,40.8613,-10588.4,-10007.4,
3.9e-013,40.866,-10582.5,-10001.5,
3.95e-013,40.7987,-10575.3,-9995.27,
4e-013,40.8171,-10569.2,-9988.88,
4.05e-013,42.6909,-10562.5,-9955.52,
4.1e-013,43.9316,-10555.1,-9930.5,
4.15e-013,44.7742,-10547.6,-9911.02,
4.2e-013,45.3879,-10540.7,-9895.39,
4.25e-013,45.835,-10534.3,-9882.6,
4.3e-013,46.1205,-10527.5,-9871.75,
4.35e-013,46.3909,-10521.9,-9862.37,
4.4e-013,46.6778,-10518.2,-9854.53,
4.45e-013,46.8643,-10514.4,-9848.04,
4.5e-013,46.8667,-10508.4,-9842.06,
4.55e-013,48.6655,-10500.7,-9808.8,
4.6e-013,49.8051,-10491.5,-9783.34,
4.65e-013,50.583,-10482.2,-9763.03,
4.7e-013,51.0677,-10472.2,-9746.17,
4.75e-013,51.3618,-10461.5,-9731.27,
4.8e-013,51.5737,-10451,-9717.72,
4.85e-013,51.7859,-10441.5,-9705.22,
4.9e-013,52.0609,-10434.2,-9694,
4.95e-013,52.4426,-10430.2,-9684.62,
5e-013,52.691,-10426.2,-9677.01,
5.05e-013,54.6616,-10420.4,-9643.24,
5.1e-013,55.8837,-10412.5,-9617.95,
5.15e-013,56.7234,-10404.7,-9598.18,
5.2e-013,57.2002,-10395.3,-9582.08,
5.25e-013,57.4724,-10385.1,-9567.93,
5.3e-013,57.6098,-10373.9,-9554.85,
5.35e-013,57.6903,-10362.5,-9542.29,
5.4e-013,57.7487,-10351.2,-9530.09,
5.45e-013,57.7878,-10339.8,-9518.16,
5.5e-013,57.987,-10331.2,-9506.79,
5.55e-013,60.1607,-10325.1,-9469.7,
5.6e-013,61.6498,-10318.9,-9442.36,
5.65e-013,62.7022,-10313.3,-9421.84,
5.7e-013,63.4689,-10308.6,-9406.18,
5.75e-013,64.0564,-10305,-9394.24,
5.8e-013,64.5024,-10302.1,-9385.01,
5.85e-013,64.9911,-10302.2,-9378.18,
5.9e-013,65.456,-10304.6,-9373.93,
5.95e-013,65.8218,-10307.8,-9371.96,
6e-013,66.0082,-10310,-9371.53,
6.05e-013,68.1216,-10313.5,-9345,
6.1e-013,69.6186,-10318,-9328.21,
6.15e-013,70.4317,-10319,-9317.66,
6.2e-013,70.7714,-10316.4,-9310.19,
6.25e-013,70.8573,-10311.3,-9303.86,
6.3e-013,70.9416,-10306.6,-9298,
6.35e-013,71.0013,-10302,-9292.53,
6.4e-013,70.9902,-10296.5,-9287.22,
6.45e-013,70.8998,-10289.7,-9281.63,
6.5e-013,70.7902,-10282,-9275.48,
6.55e-013,72.5699,-10273.5,-9241.72,
6.6e-013,73.8574,-10266.2,-9216.09,
6.65e-013,74.8167,-10260.2,-9196.52,
6.7e-013,75.4181,-10253.3,-9181.06,
6.75e-013,75.9574,-10248.4,-9168.46,
6.8e-013,76.6712,-10249.3,-9159.19,
6.85e-013,77.3842,-10254.2,-9153.92,
6.9e-013,77.8335,-10258.5,-9151.87,
6.95e-013,78.1142,-10262.2,-9151.58,
7e-013,78.4669,-10268.6,-9153.01,
7.05e-013,80.6267,-10275.4,-9129.04,
7.1e-013,82.0921,-10282,-9114.86,
7.15e-013,83.0696,-10288.4,-9107.29,
7.2e-013,83.6823,-10293.7,-9103.94,
7.25e-013,83.9871,-10297.2,-9103.07,
7.3e-013,84.0697,-10298.5,-9103.23,
7.35e-013,84.1333,-10299.9,-9103.73,
7.4e-013,84.1127,-10300.4,-9104.54,
7.45e-013,83.9881,-10298.9,-9104.82,
7.5e-013,83.8403,-10296.5,-9104.45,
7.55e-013,85.4758,-10291.1,-9075.83,
7.6e-013,86.4133,-10282.9,-9054.25,
7.65e-013,86.8721,-10271.5,-9036.38,
7.7e-013,87.2379,-10261,-9020.63,
7.75e-013,87.6535,-10253.2,-9006.97,
7.8e-013,87.796,-10243.2,-8994.95,
7.85e-013,87.6514,-10229.1,-8982.92,
7.9e-013,87.5625,-10215.1,-8970.13,
7.95e-013,87.5703,-10202.3,-8957.22,
8e-013,87.6297,-10190.3,-8944.4,
8.05e-013,89.5935,-10178.7,-8904.84,
8.1e-013,90.9609,-10167.4,-8874.14,
8.15e-013,91.9469,-10157.1,-8849.78,
8.2e-013,92.6144,-10146.7,-8829.94,
8.25e-013,93.149,-10137.6,-8813.22,
8.3e-013,93.6356,-10130.5,-8799.22,
8.35e-013,94.1521,-10126.4,-8787.79,
8.4e-013,94.6176,-10124.3,-8779.06,
8.45e-013,95.1124,-10125.2,-8772.91,
8.5e-013,95.5702,-10128.3,-8769.47,
8.55e-013,97.6427,-10128.9,-8740.63,
8.6e-013,99.0116,-10128.7,-8720.97,
8.65e-013,99.7963,-10125.9,-8707.06,
8.7e-013,100.306,-10122.8,-8696.65,
8.75e-013,100.51,-10117.3,-8688.25,
8.8e-013,100.591,-10110.7,-8680.53,
8.85e-013,100.746,-10105.8,-8673.37,
8.9e-013,100.858,-10100.9,-8666.93,
8.95e-013,100.872,-10095.1,-8660.92,
9e-013,100.808,-10088.1,-8654.8,
9.05e-013,102.654,-10080.8,-8621.28,
9.1e-013,104.077,-10076.1,-8596.38,
9.15e-013,104.998,-10070.7,-8577.87,
9.2e-013,105.64,-10065.4,-8563.45,
9.25e-013,106.079,-10060.2,-8551.98,
9.3e-013,106.624,-10059,-8543.07,
9.35e-013,107.076,-10059.3,-8536.94,
9.4e-013,107.488,-10061.2,-8532.96,
9.45e-013,107.817,-10063.9,-8531.02,
9.5e-013,107.971,-10065.6,-8530.48,
9.55e-013,109.92,-10066.2,-8503.39,
9.6e-013,111.316,-10068,-8485.29,
9.65e-013,112.129,-10067.5,-8473.24,
9.7e-013,112.36,-10061.5,-8463.96,
9.75e-013,112.316,-10052,-8455.07,
9.8e-013,112.443,-10045,-8446.3,
9.85e-013,112.922,-10044.6,-8439.04,
9.9e-013,113.656,-10051,-8435.11,
9.95e-013,114.381,-10061.2,-8434.92,
1e-012,115.086,-10075,-8438.77,
1.005e-012,117.057,-10082.1,-8417.85,
1.01e-012,118.049,-10083.3,-8404.93,
1.015e-012,118.524,-10081,-8395.87,
1.02e-012,118.779,-10077.5,-8388.69,
1.025e-012,118.74,-10070.5,-8382.24,
1.03e-012,118.365,-10057.5,-8374.58,
1.035e-012,117.886,-10040.8,-8364.77,
1.04e-012,117.283,-10019.6,-8352.13,
1.045e-012,116.677,-9995.04,-8336.15,
1.05e-012,116.231,-9969.79,-8317.25,
1.055e-012,117.964,-9946.67,-8269.47,
1.06e-012,119.137,-9923.57,-8229.7,
1.065e-012,119.871,-9899.37,-8195.07,
1.07e-012,120.555,-9878.06,-8164.03,
1.075e-012,121.394,-9862.97,-8137,
1.08e-012,122.411,-9855.08,-8114.67,
1.085e-012,123.675,-9856.9,-8098.51,
1.09e-012,124.905,-9865.03,-8089.15,
1.095e-012,125.828,-9874.8,-8085.8,
1.1e-012,126.232,-9880.86,-8086.11,
1.105e-012,127.98,-9879.67,-8060.07,
1.11e-012,128.933,-9874.13,-8040.98,
1.115e-012,129.747,-9871.3,-8026.59,
1.12e-012,130.4,-9870.32,-8016.31,
1.125e-012,130.735,-9867.57,-8008.81,
1.13e-012,130.609,-9858.94,-8001.96,
1.135e-012,130.291,-9846.12,-7993.66,
1.14e-012,130.273,-9836.46,-7984.26,
1.145e-012,130.618,-9832.91,-7975.81,
1.15e-012,131.177,-9834.8,-7969.75,
1.155e-012,133.62,-9839.46,-7939.68,
1.16e-012,135.233,-9843.23,-7920.52,
1.165e-012,136.107,-9843.17,-7908.03,
1.17e-012,136.743,-9843.65,-7899.47,
1.175e-012,137.403,-9847.98,-7894.41,
1.18e-012,137.951,-9853.99,-7892.63,
1.185e-012,138.402,-9861.4,-7893.62,
1.19e-012,138.269,-9861.5,-7895.61,
1.195e-012,137.762,-9854.61,-7895.94,
1.2e-012,137.069,-9841.87,-7893.04,
1.205e-012,138.675,-9831.68,-7860.01,
1.21e-012,140.369,-9831.48,-7835.75,
1.215e-012,141.748,-9835.26,-7819.91,
1.22e-012,142.602,-9837.62,-7810.13,
1.225e-012,142.865,-9834.75,-7803.52,
1.23e-012,142.935,-9829.99,-7797.77,
1.235e-012,142.705,-9820.64,-7791.69,
1.24e-012,142.329,-9807.55,-7783.95,
1.245e-012,141.859,-9790.75,-7773.83,
1.25e-012,141.417,-9771.94,-7761.29,
1.255e-012,142.987,-9752.64,-7719.69,
1.26e-012,144.136,-9734.52,-7685.22,
1.265e-012,145.468,-9725.27,-7657.04,
1.27e-012,147.148,-9728.87,-7636.75,
1.275e-012,148.956,-9743.59,-7625.77,
1.28e-012,150.765,-9768.29,-7624.74,
1.285e-012,151.907,-9791.8,-7632.02,
1.29e-012,152,-9804.05,-7642.95,
1.295e-012,151.42,-9805.17,-7652.3,
1.3e-012,150.804,-9802.36,-7658.25,
1.305e-012,151.854,-9792.6,-7633.57,
1.31e-012,151.94,-9772.35,-7612.09,
1.315e-012,151.446,-9742.78,-7589.54,
1.32e-012,150.744,-9706.87,-7563.63,
1.325e-012,150.243,-9670.26,-7534.14,
1.33e-012,150.632,-9645.5,-7503.84,
1.335e-012,152.155,-9641.8,-7478.49,
1.34e-012,154.118,-9654.11,-7462.89,
1.345e-012,155.504,-9667.41,-7456.49,
1.35e-012,156.038,-9674.15,-7455.63,
1.355e-012,157.548,-9667.85,-7427.87,
1.36e-012,158.579,-9661.18,-7406.53,
1.365e-012,159.857,-9664.15,-7391.34,
1.37e-012,161.238,-9675.75,-7383.29,
1.375e-012,162.205,-9688.2,-7381.99,
1.38e-012,162.244,-9690.17,-7383.41,
1.385e-012,161.615,-9681.28,-7383.46,
1.39e-012,160.615,-9662.71,-7379.11,
1.395e-012,160.01,-9645.04,-7370.04,
1.4e-012,160.138,-9636.31,-7359.5,
1.405e-012,162.45,-9633.23,-7323.56,
1.41e-012,163.823,-9626.71,-7297.51,
1.415e-012,164.631,-9618.02,-7277.32,
1.42e-012,165.325,-9611.59,-7261.02,
1.425e-012,165.991,-9608.5,-7248.47,
1.43e-012,166.133,-9600.44,-7238.39,
1.435e-012,165.789,-9584.8,-7227.65,
1.44e-012,165.11,-9561.92,-7214.41,
1.445e-012,164.033,-9528.68,-7196.49,
1.45e-012,163.34,-9495.85,-7173.5,
1.455e-012,165.11,-9468.59,-7121.09,
1.46e-012,167.593,-9462,-7079.2,
1.465e-012,170.866,-9481.93,-7052.59,
1.47e-012,173.862,-9515.49,-7043.55,
1.475e-012,175.09,-9536.23,-7046.83,
1.48e-012,174.277,-9529.2,-7051.36,
1.485e-012,172.736,-9505.01,-7049.08,
1.49e-012,171.604,-9478.99,-7039.15,
1.495e-012,170.99,-9455.8,-7024.69,
1.5e-012,170.301,-9428.47,-7007.16,
1.505e-012,171.493,-9396.79,-6958.54,
1.51e-012,172.922,-9375.05,-6916.48,
1.515e-012,174.285,-9360.18,-6882.23,
1.52e-012,175.268,-9346,-6854.06,
1.525e-012,176.541,-9341.86,-6831.83,
1.53e-012,177.587,-9341.24,-6816.35,
1.535e-012,178.089,-9336.92,-6804.89,
1.54e-012,178.479,-9333.13,-6795.55,
1.545e-012,179.053,-9334.35,-6788.61,
1.55e-012,179.569,-9337.79,-6784.72,
1.555e-012,182.094,-9345.7,-6756.73,
1.56e-012,183.981,-9356.72,-6740.91,
1.565e-012,184.698,-9358.46,-6732.46,
1.57e-012,184.417,-9347,-6724.99,
1.575e-012,183.883,-9329.57,-6715.15,
1.58e-012,183.38,-9310.04,-6702.77,
1.585e-012,182.578,-9283.07,-6687.21,
1.59e-012,181.622,-9248.92,-6666.65,
1.595e-012,181.165,-9217.68,-6641.91,
1.6e-012,181.534,-9197.46,-6616.44,
1.605e-012,184.967,-9198.53,-6568.7,
1.61e-012,188.621,-9221.83,-6540.05,
