step,T,Epot,Efull,SolventMolsThroughZ,
0,261.857,-0.363539,87.8137,
5e-015,263.539,-0.366028,88.3773,
1e-014,265.146,-0.3696,88.9149,
1.5e-014,266.682,-0.37432,89.4276,
2e-014,268.152,-0.380271,89.9165,
2.5e-014,269.557,-0.387546,90.3825,
3e-014,270.902,-0.396253,90.8266,
3.5e-014,272.189,-0.406527,91.2499,
4e-014,273.422,-0.418512,91.6531,
4.5e-014,274.604,-0.432376,92.037,
5e-014,275.737,-0.448305,92.4026,
5.5e-014,276.823,-0.466474,92.7504,
6e-014,277.867,-0.487017,93.0813,
6.5e-014,278.869,-0.50995,93.3959,
7e-014,279.831,-0.535015,93.6947,
7.5e-014,280.753,-0.561369,93.9786,
8e-014,281.629,-0.586965,94.2481,
8.5e-014,282.449,-0.60732,94.504,
9e-014,283.189,-0.613123,94.7473,
9.5e-014,283.797,-0.585652,94.9796,
1e-013,284.175,-0.48856,95.2038,
1.05e-013,284.137,-0.255193,95.4245,
1.1e-013,283.39,0.22233,95.6504,
1.15e-013,281.606,1.06812,95.8954,
1.2e-013,278.867,2.2718,96.1767,
1.25e-013,276.512,3.39006,96.5021,
1.3e-013,276.863,3.61775,96.8478,
1.35e-013,280.429,2.73153,97.1627,
1.4e-013,285.032,1.42904,97.4099,
1.45e-013,288.708,0.3705,97.5892,
1.5e-013,291.052,-0.288339,97.7197,
1.55e-013,292.412,-0.645843,97.8204,
1.6e-013,293.192,-0.824944,97.9038,
1.65e-013,293.66,-0.909151,97.9773,
1.7e-013,293.968,-0.945746,98.0445,
1.75e-013,294.196,-0.95956,98.1074,
1.8e-013,294.384,-0.963164,98.167,
1.85e-013,294.551,-0.962721,98.2238,
1.9e-013,294.707,-0.961026,98.278,
1.95e-013,294.855,-0.958984,98.3297,
2e-013,294.993,-0.956276,98.3791,
2.05e-013,295.12,-0.951593,98.4264,
2.1e-013,295.228,-0.942554,98.4717,
2.15e-013,295.306,-0.925111,98.5156,
2.2e-013,295.334,-0.891715,98.5585,
2.25e-013,295.268,-0.826418,98.6015,
2.3e-013,295.005,-0.692659,98.6468,
2.35e-013,294.293,-0.401759,98.6978,
2.4e-013,290.782,0.859282,98.7765,
2.45e-013,282.646,3.76684,98.9444,
2.5e-013,270.199,8.29008,99.2764,
2.55e-013,257.362,13.1586,99.822,
2.6e-013,252.979,15.3355,100.523,
2.65e-013,258.529,14.1581,101.215,
2.7e-013,265.714,12.3222,101.798,
2.75e-013,270.25,11.2832,102.286,
2.8e-013,274.134,10.4024,102.714,
2.85e-013,282.202,8.02323,103.051,
2.9e-013,293.748,4.30763,103.224,
2.95e-013,302.377,1.39975,103.222,
3e-013,305.298,0.317125,103.123,
3.05e-013,305.391,0.16311,103,
3.1e-013,304.019,0.512968,102.888,
3.15e-013,302.005,1.10732,102.804,
3.2e-013,300.241,1.65002,102.752,
3.25e-013,299.574,1.84466,102.723,
3.3e-013,300.24,1.59138,102.693,
3.35e-013,301.669,1.06301,102.646,
3.4e-013,303.087,0.514444,102.575,
3.45e-013,304.064,0.0943806,102.484,
3.5e-013,304.54,-0.169588,102.381,
3.55e-013,304.627,-0.306983,102.272,
3.6e-013,304.453,-0.356079,102.165,
3.65e-013,304.115,-0.345558,102.061,
3.7e-013,303.671,-0.293168,101.964,
3.75e-013,303.163,-0.211323,101.875,
3.8e-013,302.637,-0.114739,101.795,
3.85e-013,302.158,-0.025811,101.722,
3.9e-013,301.803,0.0284082,101.657,
3.95e-013,301.607,0.0338423,101.596,
4e-013,301.462,0.0243219,101.538,
4.05e-013,300.967,0.136907,101.484,
4.1e-013,299.197,0.694265,101.445,
4.15e-013,294.691,2.2202,101.454,
4.2e-013,287.425,4.77422,101.561,
4.25e-013,283.635,6.26477,101.775,
4.3e-013,289.302,4.55835,101.977,
4.35e-013,297.722,1.79951,102.054,
4.4e-013,302.665,0.0980261,102.017,
4.45e-013,304.368,-0.567292,101.925,
4.5e-013,304.293,-0.647264,101.82,
4.55e-013,303.15,-0.358455,101.724,
4.6e-013,301.006,0.293052,101.653,
4.65e-013,297.22,1.54373,101.629,
4.7e-013,291.489,3.52654,101.682,
4.75e-013,284.936,5.88854,101.837,
4.8e-013,279.608,7.93901,102.093,
4.85e-013,277.056,9.12213,102.417,
4.9e-013,278.185,9.08206,102.757,
4.95e-013,283.554,7.56354,103.047,
5e-013,291.319,5.1283,103.226,
5.05e-013,298.352,2.81452,103.281,
5.1e-013,302.735,1.2966,103.239,
5.15e-013,304.542,0.594488,103.145,
5.2e-013,304.463,0.51288,103.037,
5.25e-013,303.271,0.816959,102.94,
5.3e-013,302.172,1.10998,102.863,
5.35e-013,301.649,1.22284,102.799,
5.4e-013,301.813,1.10784,102.74,
5.45e-013,302.52,0.80281,102.673,
5.5e-013,302.931,0.587072,102.595,
5.55e-013,302.698,0.586412,102.516,
5.6e-013,301.836,0.806236,102.446,
5.65e-013,300.515,1.19804,102.393,
5.7e-013,299.25,1.59315,102.362,
5.75e-013,298.76,1.74262,102.346,
5.8e-013,298.787,1.72108,102.334,
5.85e-013,299.069,1.61165,102.319,
5.9e-013,299.489,1.44968,102.299,
5.95e-013,299.894,1.28574,102.271,
6e-013,300.129,1.17378,102.238,
6.05e-013,300.072,1.15802,102.204,
6.1e-013,299.909,1.18107,102.172,
6.15e-013,299.898,1.15347,102.141,
6.2e-013,299.79,1.15981,102.11,
6.25e-013,299.556,1.21104,102.083,
6.3e-013,299.138,1.3289,102.06,
6.35e-013,298.314,1.59352,102.047,
6.4e-013,297.344,1.92291,102.05,
6.45e-013,296.862,2.10005,102.065,
6.5e-013,296.704,2.17212,102.083,
6.55e-013,295.532,2.59286,102.109,
6.6e-013,292.352,3.72446,102.17,
6.65e-013,287.94,5.33256,102.293,
6.7e-013,283.54,7.00901,102.488,
6.75e-013,280.439,8.31069,102.745,
6.8e-013,279.658,8.86336,103.035,
6.85e-013,281.346,8.57885,103.319,
6.9e-013,285.14,7.54162,103.559,
6.95e-013,290.307,5.97044,103.728,
7e-013,295.702,4.23657,103.811,
7.05e-013,299.846,2.84534,103.815,
7.1e-013,301.594,2.21121,103.769,
7.15e-013,301.311,2.24989,103.713,
7.2e-013,300.869,2.34987,103.664,
7.25e-013,301.189,2.19502,103.617,
7.3e-013,302.299,1.76268,103.558,
7.35e-013,303.621,1.23844,103.479,
7.4e-013,304.424,0.870947,103.382,
7.45e-013,304.522,0.7327,103.277,
7.5e-013,303.831,0.864416,103.176,
7.55e-013,302.474,1.23687,103.091,
7.6e-013,300.825,1.73216,103.031,
7.65e-013,299.49,2.14671,102.996,
7.7e-013,299.066,2.27008,102.977,
7.75e-013,299.707,2.03346,102.956,
7.8e-013,301,1.56139,102.92,
7.85e-013,302.339,1.05215,102.861,
7.9e-013,303.319,0.644231,102.783,
7.95e-013,303.819,0.385741,102.693,
8e-013,303.882,0.269255,102.598,
8.05e-013,303.275,0.381906,102.506,
8.1e-013,301,1.07424,102.432,
8.15e-013,295.462,2.92734,102.421,
8.2e-013,288.114,5.49565,102.515,
8.25e-013,280.899,8.14032,102.73,
8.3e-013,275.714,10.207,103.05,
8.35e-013,273.956,11.1808,103.432,
8.4e-013,276.193,10.8097,103.814,
8.45e-013,282.015,9.16785,104.133,
8.5e-013,290.128,6.64039,104.337,
8.55e-013,298.665,3.83059,104.402,
8.6e-013,305.65,1.41199,104.336,
8.65e-013,309.603,-0.0790069,104.176,
8.7e-013,310.202,-0.480301,103.976,
8.75e-013,309.689,-0.504891,103.779,
8.8e-013,309.182,-0.523336,103.59,
8.85e-013,308.687,-0.537219,103.409,
8.9e-013,308.206,-0.547781,103.237,
8.95e-013,307.741,-0.555936,103.072,
9e-013,307.293,-0.562313,102.915,
9.05e-013,306.862,-0.567286,102.765,
9.1e-013,305.949,-0.402644,102.622,
9.15e-013,302.196,0.753471,102.514,
9.2e-013,295.546,2.9704,102.492,
9.25e-013,287.714,5.70624,102.59,
9.3e-013,280.694,8.2942,102.814,
9.35e-013,276.277,10.1036,103.136,
9.4e-013,275.621,10.6922,103.504,
9.45e-013,278.963,9.91504,103.852,
9.5e-013,285.557,7.96213,104.12,
9.55e-013,293.85,5.31346,104.264,
9.6e-013,301.866,2.62114,104.271,
9.65e-013,307.693,0.547434,104.159,
9.7e-013,309.992,-0.408275,103.978,
9.75e-013,309.674,-0.497924,103.781,
9.8e-013,309.102,-0.493431,103.593,
9.85e-013,308.567,-0.492312,103.414,
9.9e-013,308.067,-0.494721,103.243,
9.95e-013,307.602,-0.500422,103.081,
1e-012,307.166,-0.508826,102.926,
1.005e-012,306.757,-0.51908,102.778,
1.01e-012,306.37,-0.530189,102.636,
1.015e-012,306.001,-0.541134,102.501,
1.02e-012,305.646,-0.550982,102.372,
1.025e-012,305.269,-0.547612,102.248,
1.03e-012,304.733,-0.483065,102.132,
1.035e-012,304.076,-0.367991,102.026,
1.04e-012,303.387,-0.231098,101.931,
1.045e-012,302.766,-0.105818,101.847,
1.05e-012,302.296,-0.0221411,101.772,
1.055e-012,302.025,0.000651621,101.704,
1.06e-012,301.955,-0.0414012,101.638,
1.065e-012,302.042,-0.136117,101.573,
1.07e-012,302.204,-0.258281,101.505,
1.075e-012,302.345,-0.375943,101.435,
1.08e-012,302.376,-0.458315,101.363,
1.085e-012,302.24,-0.483383,101.292,
1.09e-012,302.021,-0.477886,101.224,
1.095e-012,301.82,-0.474539,101.16,
1.1e-012,301.633,-0.472925,101.098,
1.105e-012,301.325,-0.427334,101.04,
1.11e-012,300.508,-0.201608,100.991,
1.115e-012,299.334,0.161108,100.958,
1.12e-012,298.076,0.572108,100.946,
1.125e-012,297.032,0.930746,100.953,
1.13e-012,296.446,1.14908,100.974,
1.135e-012,296.452,1.17347,101,
1.14e-012,296.803,1.07781,101.023,
1.145e-012,297.093,0.997492,101.04,
1.15e-012,297.261,0.954335,101.053,
1.155e-012,297.274,0.961959,101.065,
1.16e-012,297.126,1.02433,101.078,
1.165e-012,296.845,1.1353,101.094,
1.17e-012,296.817,1.16458,101.114,
1.175e-012,297.229,1.04262,101.131,
1.18e-012,297.897,0.825819,101.139,
1.185e-012,298.575,0.59394,101.135,
1.19e-012,299.043,0.42283,101.122,
1.195e-012,299.177,0.35926,101.103,
1.2e-012,299.002,0.399886,101.085,
1.205e-012,298.782,0.458936,101.07,
1.21e-012,298.37,0.58728,101.06,
1.215e-012,297.436,0.901999,101.06,
1.22e-012,296.045,1.38953,101.079,
1.225e-012,294.592,1.92212,101.122,
1.23e-012,293.52,2.3481,101.187,
1.235e-012,293.191,2.53637,101.265,
1.24e-012,293.776,2.41559,101.341,
1.245e-012,295.202,1.99536,101.401,
1.25e-012,297.169,1.36461,101.433,
1.255e-012,299.23,0.668781,101.431,
1.26e-012,300.901,0.0726215,101.397,
1.265e-012,301.818,-0.291883,101.342,
1.27e-012,302.128,-0.462195,101.276,
1.275e-012,301.993,-0.483766,101.209,
1.28e-012,301.844,-0.498554,101.144,
1.285e-012,301.713,-0.516804,101.081,
1.29e-012,301.591,-0.536084,101.021,
1.295e-012,301.46,-0.549955,100.963,
1.3e-012,301.274,-0.543173,100.907,
1.305e-012,300.935,-0.481086,100.855,
1.31e-012,300.226,-0.286235,100.811,
1.315e-012,298.668,0.211126,100.784,
1.32e-012,295.291,1.35841,100.794,
1.325e-012,288.596,3.70143,100.882,
1.33e-012,278.524,7.3212,101.111,
1.335e-012,271.801,9.96983,101.495,
1.34e-012,276.386,8.83607,101.906,
1.345e-012,286.473,5.71944,102.186,
1.35e-012,294.569,3.11864,102.311,
1.355e-012,299.615,1.43543,102.327,
1.36e-012,302.452,0.430133,102.277,
1.365e-012,303.865,-0.130649,102.192,
1.37e-012,304.422,-0.419938,102.09,
1.375e-012,304.507,-0.555586,101.983,
1.38e-012,304.336,-0.604313,101.877,
1.385e-012,303.746,-0.506391,101.776,
1.39e-012,302.795,-0.274158,101.688,
1.395e-012,301.697,0.0247163,101.617,
1.4e-012,300.681,0.313786,101.564,
1.405e-012,299.801,0.571828,101.526,
1.41e-012,298.645,0.939461,101.505,
1.415e-012,297.223,1.41827,101.504,
1.42e-012,295.875,1.89539,101.528,
1.425e-012,294.934,2.25491,101.57,
1.43e-012,294.634,2.40934,101.624,
1.435e-012,295.055,2.32094,101.677,
1.44e-012,296.098,2.01105,101.718,
1.445e-012,297.627,1.51656,101.739,
1.45e-012,299.168,0.991574,101.733,
1.455e-012,300.01,0.681365,101.706,
1.46e-012,299.973,0.659933,101.672,
1.465e-012,299.093,0.929346,101.645,
1.47e-012,298.012,1.28385,101.636,
1.475e-012,297.494,1.46317,101.641,
1.48e-012,297.752,1.38361,101.648,
1.485e-012,298.702,1.06153,101.646,
1.49e-012,300.089,0.572867,101.624,
1.495e-012,301.553,0.0347612,101.579,
1.5e-012,302.711,-0.422816,101.511,
1.505e-012,303.255,-0.688484,101.429,
1.51e-012,303.105,-0.723264,101.344,
1.515e-012,302.817,-0.708149,101.262,
1.52e-012,302.502,-0.678898,101.185,
1.525e-012,302.148,-0.630815,101.114,
1.53e-012,301.739,-0.558184,101.049,
1.535e-012,301.26,-0.454778,100.991,
1.54e-012,300.698,-0.315222,100.941,
1.545e-012,300.048,-0.135777,100.902,
1.55e-012,299.283,0.093585,100.874,
1.555e-012,298.463,0.354896,100.859,
1.56e-012,297.699,0.610363,100.857,
1.565e-012,297.118,0.815535,100.866,
1.57e-012,296.808,0.937109,100.884,
1.575e-012,296.768,0.970716,100.904,
1.58e-012,296.897,0.946609,100.923,
1.585e-012,297.028,0.919432,100.94,
1.59e-012,296.986,0.949453,100.956,
1.595e-012,296.646,1.08275,100.975,
1.6e-012,295.992,1.32988,101.001,
1.605e-012,295.18,1.64212,101.04,
1.61e-012,294.582,1.89505,101.092,
1.615e-012,294.629,1.9362,101.149,
1.62e-012,295.476,1.70122,101.199,
1.625e-012,296.895,1.25468,101.23,
1.63e-012,298.454,0.735995,101.237,
1.635e-012,299.8,0.26493,101.219,
1.64e-012,300.778,-0.101557,101.182,
1.645e-012,301.387,-0.357499,101.131,
1.65e-012,301.701,-0.521291,101.073,
1.655e-012,301.801,-0.617041,101.011,
1.66e-012,301.762,-0.666171,100.948,
1.665e-012,301.637,-0.685094,100.887,
1.67e-012,301.464,-0.685469,100.829,
1.675e-012,301.269,-0.675206,100.773,
1.68e-012,301.067,-0.659501,100.721,
1.685e-012,300.869,-0.641673,100.672,
1.69e-012,300.342,-0.508675,100.628,
1.695e-012,298.914,-0.0569388,100.599,
1.7e-012,295.822,0.985774,100.6,
1.705e-012,289.348,3.2463,100.681,
1.71e-012,281.128,6.21615,100.883,
1.715e-012,273.34,9.1756,101.219,
1.72e-012,268.047,11.4061,101.668,
1.725e-012,266.709,12.3636,102.175,
1.73e-012,269.82,11.8123,102.671,
1.735e-012,276.775,9.88541,103.086,
1.74e-012,286.016,7.05547,103.368,
1.745e-012,295.406,4.01944,103.494,
1.75e-012,302.797,1.51472,103.478,
1.755e-012,307.205,-0.0860081,103.361,
1.76e-012,307.998,-0.514378,103.2,
1.765e-012,307.473,-0.498428,103.039,
1.77e-012,306.967,-0.48035,102.887,
1.775e-012,306.485,-0.462145,102.743,
1.78e-012,306.033,-0.446308,102.607,
1.785e-012,305.617,-0.4352,102.478,
1.79e-012,305.238,-0.430341,102.355,
1.795e-012,304.897,-0.431944,102.238,
1.8e-012,304.587,-0.438898,102.127,
1.805e-012,304.302,-0.449214,102.021,
1.81e-012,304.034,-0.460712,101.919,
1.815e-012,303.777,-0.471657,101.822,
1.82e-012,303.526,-0.480514,101.728,
1.825e-012,303.252,-0.477302,101.639,
1.83e-012,302.956,-0.461676,101.555,
1.835e-012,302.656,-0.44016,101.476,
1.84e-012,302.377,-0.420853,101.401,
1.845e-012,302.141,-0.411501,101.331,
1.85e-012,301.961,-0.41776,101.264,
1.855e-012,301.842,-0.441957,101.2,
1.86e-012,301.776,-0.482652,101.137,
1.865e-012,301.748,-0.535062,101.075,
1.87e-012,301.734,-0.592187,101.013,
1.875e-012,301.713,-0.646313,100.952,
1.88e-012,301.663,-0.69045,100.891,
1.885e-012,301.582,-0.722959,100.831,
1.89e-012,301.486,-0.749183,100.773,
1.895e-012,301.358,-0.762451,100.716,
1.9e-012,301.165,-0.751618,100.662,
1.905e-012,300.864,-0.700195,100.612,
1.91e-012,300.39,-0.584717,100.568,
1.915e-012,299.661,-0.373742,100.533,
1.92e-012,298.584,-0.0310059,100.513,
1.925e-012,297.104,0.468127,100.514,
1.93e-012,295.324,1.09555,100.542,
1.935e-012,293.641,1.7195,100.599,
1.94e-012,292.669,2.12722,100.68,
1.945e-012,292.738,2.19232,100.768,
1.95e-012,293.471,2.02704,100.85,
1.955e-012,294.106,1.88238,100.919,
1.96e-012,294.208,1.91086,100.982,
1.965e-012,293.985,2.05007,101.046,
1.97e-012,294.044,2.09671,101.112,
1.975e-012,294.558,1.98553,101.174,
1.98e-012,295.335,1.77501,101.225,
1.985e-012,295.997,1.59064,101.264,
1.99e-012,296.294,1.52095,101.294,
1.995e-012,296.242,1.56659,101.322,
2e-012,295.996,1.67994,101.353,
2.005e-012,295.706,1.81291,101.388,
2.01e-012,295.463,1.93438,101.428,
2.015e-012,295.336,2.02031,101.471,
2.02e-012,295.373,2.05107,101.514,
2.025e-012,294.62,2.35196,101.562,
2.03e-012,292.923,2.99071,101.629,
2.035e-012,290.87,3.78144,101.728,
2.04e-012,289.273,4.44933,101.858,
2.045e-012,288.615,4.82094,102.008,
2.05e-012,289.224,4.76729,102.16,
2.055e-012,291.189,4.2367,102.291,
2.06e-012,294.278,3.28661,102.381,
2.065e-012,297.951,2.08368,102.415,
2.07e-012,301.481,0.86892,102.389,
2.075e-012,304.13,-0.101017,102.311,
2.08e-012,305.335,-0.618679,102.199,
2.085e-012,303.974,-0.273176,102.086,
2.09e-012,300.459,0.836751,102.013,
2.095e-012,295.816,2.39372,102.006,
2.1e-012,291.221,4.01132,102.076,
2.105e-012,287.826,5.29138,102.213,
2.11e-012,286.462,5.92772,102.39,
2.115e-012,286.968,5.93868,102.572,
2.12e-012,287.36,5.97977,102.745,
2.125e-012,287.399,6.13593,102.914,
2.13e-012,287.192,6.3763,103.085,
2.135e-012,286.893,6.65185,103.259,
2.14e-012,286.665,6.90816,103.439,
2.145e-012,286.888,7.01638,103.622,
2.15e-012,289.327,6.35987,103.787,
2.155e-012,293.703,4.99673,103.898,
2.16e-012,298.865,3.29046,103.93,
2.165e-012,303.473,1.68895,103.88,
2.17e-012,306.343,0.608575,103.766,
2.175e-012,306.829,0.301813,103.623,
2.18e-012,306.128,0.399506,103.484,
2.185e-012,305.699,0.414539,103.355,
2.19e-012,305.552,0.33966,103.23,
2.195e-012,305.619,0.193226,103.107,
2.2e-012,305.791,0.00944385,102.981,
2.205e-012,305.96,-0.176592,102.852,
2.21e-012,306.053,-0.338787,102.721,
2.215e-012,306.025,-0.461291,102.589,
2.22e-012,305.854,-0.533754,102.459,
2.225e-012,305.478,-0.533717,102.332,
2.23e-012,304.551,-0.337834,102.216,
2.235e-012,302.905,0.120181,102.12,
2.24e-012,300.519,0.860105,102.056,
2.245e-012,297.404,1.88988,102.037,
2.25e-012,293.584,3.21315,102.074,
2.255e-012,289.358,4.73901,102.177,
2.26e-012,285.86,6.08548,102.345,
2.265e-012,285.146,6.53361,102.553,
2.27e-012,288.394,5.62904,102.742,
2.275e-012,294.055,3.83785,102.857,
2.28e-012,299.454,2.04216,102.88,
2.285e-012,303.124,0.753287,102.827,
2.29e-012,305.05,0.00614906,102.728,
2.295e-012,305.879,-0.394198,102.607,
2.3e-012,306.074,-0.589525,102.477,
2.305e-012,305.871,-0.651016,102.347,
2.31e-012,305.374,-0.607974,102.223,
2.315e-012,304.594,-0.459447,102.109,
2.32e-012,303.477,-0.182672,102.009,
2.325e-012,301.957,0.251091,101.931,
2.33e-012,300.06,0.8393,101.881,
2.335e-012,298.084,1.48593,101.862,
2.34e-012,296.677,1.97003,101.872,
2.345e-012,296.487,2.05886,101.897,
2.35e-012,297.534,1.7242,101.915,
2.355e-012,299.148,1.17647,101.911,
2.36e-012,300.585,0.662795,101.881,
2.365e-012,301.48,0.312326,101.832,
2.37e-012,301.814,0.140599,101.773,
2.375e-012,301.725,0.108772,101.711,
2.38e-012,301.391,0.163321,101.653,
2.385e-012,300.936,0.264875,101.601,
2.39e-012,300.488,0.371424,101.557,
2.395e-012,300.157,0.445279,101.52,
2.4e-012,299.993,0.467037,101.486,
2.405e-012,299.989,0.436494,101.454,
2.41e-012,300.1,0.366223,101.421,
2.415e-012,300.273,0.272605,101.386,
2.42e-012,300.465,0.169673,101.348,
2.425e-012,300.646,0.0673338,101.306,
2.43e-012,300.798,-0.0276562,101.262,
2.435e-012,300.906,-0.110195,101.216,
2.44e-012,300.96,-0.176104,101.169,
2.445e-012,300.957,-0.223298,101.12,
2.45e-012,300.483,-0.109386,101.074,
2.455e-012,298.629,0.486264,101.046,
2.46e-012,295.748,1.46666,101.056,
2.465e-012,292.604,2.58524,101.116,
2.47e-012,290.024,3.56185,101.224,
2.475e-012,288.694,4.15111,101.365,
2.48e-012,288.991,4.20264,101.517,
2.485e-012,290.889,3.69834,101.652,
2.49e-012,293.964,2.75741,101.746,
2.495e-012,297.498,1.60732,101.786,
2.5e-012,300.656,0.527873,101.77,
2.505e-012,302.514,-0.158318,101.71,
2.51e-012,302.048,-0.0747101,101.636,
2.515e-012,300.235,0.482564,101.583,
2.52e-012,298.208,1.14337,101.561,
2.525e-012,296.255,1.81254,101.573,
2.53e-012,294.816,2.33738,101.613,
2.535e-012,294.24,2.58943,101.671,
2.54e-012,294.663,2.5071,101.731,
2.545e-012,295.977,2.11093,101.777,
2.55e-012,297.852,1.49907,101.797,
2.555e-012,299.82,0.823897,101.785,
2.56e-012,301.381,0.255724,101.742,
2.565e-012,302.13,-0.0592461,101.679,
2.57e-012,302.325,-0.194469,101.61,
2.575e-012,302.254,-0.241869,101.539,
2.58e-012,301.773,-0.146914,101.471,
2.585e-012,300.906,0.0888808,101.415,
2.59e-012,299.743,0.440687,101.376,
2.595e-012,298.287,0.912927,101.357,
2.6e-012,296.72,1.44762,101.364,
2.605e-012,295.486,1.89444,101.396,
2.61e-012,295.127,2.0608,101.441,
2.615e-012,295.861,1.85682,101.484,
2.62e-012,297.345,1.3818,101.509,
2.625e-012,298.975,0.831383,101.508,
2.63e-012,300.311,0.355145,101.481,
2.635e-012,300.47,0.258757,101.438,
2.64e-012,298.762,0.803915,101.408,
2.645e-012,295.841,1.79557,101.416,
2.65e-012,292.533,2.96981,101.477,
2.655e-012,289.594,4.07241,101.59,
2.66e-012,287.506,4.9308,101.745,
2.665e-012,286.378,5.49303,101.927,
2.67e-012,286.089,5.78491,102.122,
2.675e-012,286.74,5.7586,102.315,
2.68e-012,288.91,5.19945,102.486,
2.685e-012,292.77,4.02181,102.609,
2.69e-012,297.014,2.64622,102.662,
2.695e-012,299.888,1.67131,102.655,
2.7e-012,301.695,1.01725,102.609,
2.705e-012,302.691,0.61296,102.54,
2.71e-012,303.109,0.39142,102.46,
2.715e-012,303.199,0.2764,102.375,
2.72e-012,303.132,0.213711,102.29,
2.725e-012,302.968,0.184754,102.206,
2.73e-012,301.223,0.700544,102.134,
2.735e-012,297.578,1.90038,102.106,
2.74e-012,293.006,3.48039,102.146,
2.745e-012,288.698,5.04585,102.261,
2.75e-012,285.778,6.20544,102.438,
2.755e-012,285.029,6.66598,102.646,
2.76e-012,286.7,6.30554,102.848,
2.765e-012,290.43,5.20781,103.007,
2.77e-012,295.313,3.65101,103.094,
2.775e-012,300.067,2.05783,103.102,
2.78e-012,303.246,0.927159,103.042,
2.785e-012,303.437,0.771719,102.95,
2.79e-012,299.923,1.88854,102.884,
2.795e-012,294.28,3.79739,102.892,
2.8e-012,289.241,5.59603,102.994,
2.805e-012,289.776,5.56256,103.141,
2.81e-012,295.672,3.66936,103.233,
2.815e-012,301.669,1.64082,103.224,
2.82e-012,305.237,0.350959,103.136,
2.825e-012,306.758,-0.290728,103.006,
2.83e-012,307.082,-0.544743,102.861,
2.835e-012,306.735,-0.572689,102.717,
2.84e-012,305.913,-0.431467,102.581,
2.845e-012,304.566,-0.0968416,102.462,
2.85e-012,302.433,0.529478,102.37,
2.855e-012,299.112,1.5983,102.321,
2.86e-012,294.514,3.16117,102.335,
2.865e-012,290.022,4.76509,102.426,
2.87e-012,288.751,5.33725,102.571,
2.875e-012,291.921,4.4,102.701,
2.88e-012,296.797,2.81995,102.763,
2.885e-012,300.68,1.50141,102.752,
2.89e-012,302.995,0.660331,102.69,
2.895e-012,304.137,0.185468,102.6,
2.9e-012,304.522,-0.0466087,102.497,
2.905e-012,304.352,-0.094103,102.393,
2.91e-012,303.651,0.0436505,102.294,
2.915e-012,302.333,0.404887,102.212,
2.92e-012,300.322,1.026,102.156,
2.925e-012,297.801,1.85535,102.136,
2.93e-012,295.536,2.63915,102.157,
2.935e-012,294.718,2.96308,102.206,
2.94e-012,295.916,2.60631,102.252,
2.945e-012,298.38,1.7928,102.269,
2.95e-012,300.89,0.922344,102.243,
2.955e-012,302.283,0.393832,102.184,
2.96e-012,302.03,0.409899,102.115,
2.965e-012,300.675,0.810363,102.059,
2.97e-012,298.917,1.37189,102.029,
2.975e-012,297.346,1.89819,102.026,
2.98e-012,296.437,2.22282,102.044,
2.985e-012,296.468,2.2384,102.07,
2.99e-012,297.446,1.92769,102.089,
2.995e-012,299.118,1.36207,102.086,
3e-012,301.048,0.680294,102.054,
3.005e-012,302.73,0.0520624,101.993,
3.01e-012,303.719,-0.365003,101.909,
3.015e-012,303.82,-0.491999,101.816,
3.02e-012,303.739,-0.557204,101.723,
3.025e-012,303.598,-0.601311,101.632,
3.03e-012,302.939,-0.465034,101.546,
3.035e-012,301.737,-0.131244,101.475,
3.04e-012,300.329,0.293205,101.425,
3.045e-012,299.022,0.705799,101.398,
