step,T,Epot,Efull,SolventMolsThroughZ,
0,293.233,-33564.4,-15600.6,
5e-015,241.405,-30222.1,-15433.4,
1e-014,276.339,-32252.9,-15324.1,
1.5e-014,273.549,-31988.1,-15230.1,
2e-014,281.549,-32428.4,-15180.3,
2.5e-014,280.126,-32301.6,-15140.7,
3e-014,287.136,-32694.6,-15104.2,
3.5e-014,277.243,-32068,-15083.7,
4e-014,286.251,-32594.3,-15058.2,
4.5e-014,285.049,-32484.4,-15022,
5e-014,295.099,-33092.2,-15014,
5.5e-014,296.908,-33185.6,-14996.6,
6e-014,470.384,-13794,15022.4,
6.5e-014,329.871,-35272.7,-15064.3,
7e-014,215.875,-32299.8,-19075,
7.5e-014,282.651,-36307.6,-18992,
8e-014,287.992,-36379,-18736.2,
8.5e-014,294.532,-36792.6,-18749.2,
9e-014,218.065,-31702.4,-18343.5,
9.5e-014,297.348,-36526.6,-18310.6,
1e-013,304.37,-36490.8,-17844.7,
1.05e-013,300.278,-36201.7,-17806.3,
1.1e-013,251.796,-33165.1,-17739.7,
1.15e-013,290.542,-35596.8,-17797.9,
1.2e-013,294.229,-38010.2,-19985.4,
1.25e-013,265.959,-36099.9,-19806.9,
1.3e-013,240.868,-34542.4,-19786.5,
1.35e-013,291.941,-37628.1,-19743.4,
1.4e-013,299.054,-37982.8,-19662.4,
1.45e-013,274.06,-36384.1,-19594.8,
1.5e-013,229.546,-33529.6,-19467.3,
1.55e-013,286.392,-37013.9,-19469.2,
1.6e-013,308.027,-38287.3,-19417.1,
1.65e-013,238.012,-33873.7,-19292.8,
1.7e-013,264.272,-35347.1,-19157.4,
1.75e-013,276.426,-36006.4,-19072.2,
1.8e-013,237.569,-31362.8,-16809.1,
1.85e-013,13658.3,-19830.4,816893,
1.9e-013,298.834,-41847.8,-23540.8,
1.95e-013,296.657,-42319.8,-24146.2,
2e-013,323.497,-44942.4,-25124.6,
2.05e-013,240.415,-39700.6,-24972.5,
2.1e-013,126.572,-33089.8,-25335.8,
2.15e-013,142.275,-34184.7,-25468.8,
2.2e-013,299.539,-38635.3,-20285.1,
2.25e-013,1.33251e+009,8.02658e+009,8.96581e+010,
2.3e-013,5.86535e+006,3.34034e+009,3.69966e+009,
2.35e-013,1.67077e+018,8.6266e+020,9.65014e+020,
2.4e-013,1.#QNAN,1.#QNAN,1.#QNAN,
2.45e-013,1.#QNAN,1.#QNAN,1.#QNAN,
2.5e-013,1.#QNAN,1.#QNAN,1.#QNAN,
2.55e-013,1.#QNAN,1.#QNAN,1.#QNAN,
2.6e-013,1.#QNAN,1.#QNAN,1.#QNAN,
2.65e-013,1.#QNAN,1.#QNAN,1.#QNAN,
2.7e-013,1.#QNAN,1.#QNAN,1.#QNAN,
2.75e-013,1.#QNAN,1.#QNAN,1.#QNAN,
2.8e-013,1.#QNAN,1.#QNAN,1.#QNAN,
2.85e-013,1.#QNAN,1.#QNAN,1.#QNAN,
2.9e-013,1.#QNAN,1.#QNAN,1.#QNAN,
2.95e-013,1.#QNAN,1.#QNAN,1.#QNAN,
3e-013,1.#QNAN,1.#QNAN,1.#QNAN,
3.05e-013,1.#QNAN,1.#QNAN,1.#QNAN,
3.1e-013,1.#QNAN,1.#QNAN,1.#QNAN,
3.15e-013,1.#QNAN,1.#QNAN,1.#QNAN,
3.2e-013,1.#QNAN,1.#QNAN,1.#QNAN,
3.25e-013,1.#QNAN,1.#QNAN,1.#QNAN,
3.3e-013,1.#QNAN,1.#QNAN,1.#QNAN,
3.35e-013,1.#QNAN,1.#QNAN,1.#QNAN,
3.4e-013,1.#QNAN,1.#QNAN,1.#QNAN,
3.45e-013,1.#QNAN,1.#QNAN,1.#QNAN,
3.5e-013,1.#QNAN,1.#QNAN,1.#QNAN,
3.55e-013,1.#QNAN,1.#QNAN,1.#QNAN,
3.6e-013,1.#QNAN,1.#QNAN,1.#QNAN,
3.65e-013,1.#QNAN,1.#QNAN,1.#QNAN,
3.7e-013,1.#QNAN,1.#QNAN,1.#QNAN,
3.75e-013,1.#QNAN,1.#QNAN,1.#QNAN,
3.8e-013,1.#QNAN,1.#QNAN,1.#QNAN,
3.85e-013,1.#QNAN,1.#QNAN,1.#QNAN,
3.9e-013,1.#QNAN,1.#QNAN,1.#QNAN,
3.95e-013,1.#QNAN,1.#QNAN,1.#QNAN,
4e-013,1.#QNAN,1.#QNAN,1.#QNAN,
4.05e-013,1.#QNAN,1.#QNAN,1.#QNAN,
4.1e-013,1.#QNAN,1.#QNAN,1.#QNAN,
4.15e-013,1.#QNAN,1.#QNAN,1.#QNAN,
4.2e-013,1.#QNAN,1.#QNAN,1.#QNAN,
4.25e-013,1.#QNAN,1.#QNAN,1.#QNAN,
4.3e-013,1.#QNAN,1.#QNAN,1.#QNAN,
4.35e-013,1.#QNAN,1.#QNAN,1.#QNAN,
4.4e-013,1.#QNAN,1.#QNAN,1.#QNAN,
4.45e-013,1.#QNAN,1.#QNAN,1.#QNAN,
4.5e-013,1.#QNAN,1.#QNAN,1.#QNAN,
4.55e-013,1.#QNAN,1.#QNAN,1.#QNAN,
4.6e-013,1.#QNAN,1.#QNAN,1.#QNAN,
4.65e-013,1.#QNAN,1.#QNAN,1.#QNAN,
4.7e-013,1.#QNAN,1.#QNAN,1.#QNAN,
4.75e-013,1.#QNAN,1.#QNAN,1.#QNAN,
4.8e-013,1.#QNAN,1.#QNAN,1.#QNAN,
4.85e-013,1.#QNAN,1.#QNAN,1.#QNAN,
4.9e-013,1.#QNAN,1.#QNAN,1.#QNAN,
4.95e-013,1.#QNAN,1.#QNAN,1.#QNAN,
5e-013,1.#QNAN,1.#QNAN,1.#QNAN,
5.05e-013,1.#QNAN,1.#QNAN,1.#QNAN,
5.1e-013,1.#QNAN,1.#QNAN,1.#QNAN,
5.15e-013,1.#QNAN,1.#QNAN,1.#QNAN,
5.2e-013,1.#QNAN,1.#QNAN,1.#QNAN,
5.25e-013,1.#QNAN,1.#QNAN,1.#QNAN,
5.3e-013,1.#QNAN,1.#QNAN,1.#QNAN,
5.35e-013,1.#QNAN,1.#QNAN,1.#QNAN,
5.4e-013,1.#QNAN,1.#QNAN,1.#QNAN,
5.45e-013,1.#QNAN,1.#QNAN,1.#QNAN,
5.5e-013,1.#QNAN,1.#QNAN,1.#QNAN,
5.55e-013,1.#QNAN,1.#QNAN,1.#QNAN,
5.6e-013,1.#QNAN,1.#QNAN,1.#QNAN,
5.65e-013,1.#QNAN,1.#QNAN,1.#QNAN,
5.7e-013,1.#QNAN,1.#QNAN,1.#QNAN,
5.75e-013,1.#QNAN,1.#QNAN,1.#QNAN,
5.8e-013,1.#QNAN,1.#QNAN,1.#QNAN,
5.85e-013,1.#QNAN,1.#QNAN,1.#QNAN,
5.9e-013,1.#QNAN,1.#QNAN,1.#QNAN,
5.95e-013,1.#QNAN,1.#QNAN,1.#QNAN,
6e-013,1.#QNAN,1.#QNAN,1.#QNAN,
6.05e-013,1.#QNAN,1.#QNAN,1.#QNAN,
6.1e-013,1.#QNAN,1.#QNAN,1.#QNAN,
6.15e-013,1.#QNAN,1.#QNAN,1.#QNAN,
6.2e-013,1.#QNAN,1.#QNAN,1.#QNAN,
6.25e-013,1.#QNAN,1.#QNAN,1.#QNAN,
6.3e-013,1.#QNAN,1.#QNAN,1.#QNAN,
6.35e-013,1.#QNAN,1.#QNAN,1.#QNAN,
6.4e-013,1.#QNAN,1.#QNAN,1.#QNAN,
6.45e-013,1.#QNAN,1.#QNAN,1.#QNAN,
6.5e-013,1.#QNAN,1.#QNAN,1.#QNAN,
6.55e-013,1.#QNAN,1.#QNAN,1.#QNAN,
6.6e-013,1.#QNAN,1.#QNAN,1.#QNAN,
6.65e-013,1.#QNAN,1.#QNAN,1.#QNAN,
6.7e-013,1.#QNAN,1.#QNAN,1.#QNAN,
6.75e-013,1.#QNAN,1.#QNAN,1.#QNAN,
6.8e-013,1.#QNAN,1.#QNAN,1.#QNAN,
6.85e-013,1.#QNAN,1.#QNAN,1.#QNAN,
6.9e-013,1.#QNAN,1.#QNAN,1.#QNAN,
6.95e-013,1.#QNAN,1.#QNAN,1.#QNAN,
7e-013,1.#QNAN,1.#QNAN,1.#QNAN,
7.05e-013,1.#QNAN,1.#QNAN,1.#QNAN,
7.1e-013,1.#QNAN,1.#QNAN,1.#QNAN,
7.15e-013,1.#QNAN,1.#QNAN,1.#QNAN,
7.2e-013,1.#QNAN,1.#QNAN,1.#QNAN,
7.25e-013,1.#QNAN,1.#QNAN,1.#QNAN,
7.3e-013,1.#QNAN,1.#QNAN,1.#QNAN,
7.35e-013,1.#QNAN,1.#QNAN,1.#QNAN,
7.4e-013,1.#QNAN,1.#QNAN,1.#QNAN,
7.45e-013,1.#QNAN,1.#QNAN,1.#QNAN,
7.5e-013,1.#QNAN,1.#QNAN,1.#QNAN,
7.55e-013,1.#QNAN,1.#QNAN,1.#QNAN,
7.6e-013,1.#QNAN,1.#QNAN,1.#QNAN,
7.65e-013,1.#QNAN,1.#QNAN,1.#QNAN,
7.7e-013,1.#QNAN,1.#QNAN,1.#QNAN,
7.75e-013,1.#QNAN,1.#QNAN,1.#QNAN,
7.8e-013,1.#QNAN,1.#QNAN,1.#QNAN,
7.85e-013,1.#QNAN,1.#QNAN,1.#QNAN,
7.9e-013,1.#QNAN,1.#QNAN,1.#QNAN,
7.95e-013,1.#QNAN,1.#QNAN,1.#QNAN,
8e-013,1.#QNAN,1.#QNAN,1.#QNAN,
8.05e-013,1.#QNAN,1.#QNAN,1.#QNAN,
8.1e-013,1.#QNAN,1.#QNAN,1.#QNAN,
8.15e-013,1.#QNAN,1.#QNAN,1.#QNAN,
8.2e-013,1.#QNAN,1.#QNAN,1.#QNAN,
8.25e-013,1.#QNAN,1.#QNAN,1.#QNAN,
8.3e-013,1.#QNAN,1.#QNAN,1.#QNAN,
8.35e-013,1.#QNAN,1.#QNAN,1.#QNAN,
8.4e-013,1.#QNAN,1.#QNAN,1.#QNAN,
8.45e-013,1.#QNAN,1.#QNAN,1.#QNAN,
8.5e-013,1.#QNAN,1.#QNAN,1.#QNAN,
8.55e-013,1.#QNAN,1.#QNAN,1.#QNAN,
8.6e-013,1.#QNAN,1.#QNAN,1.#QNAN,
8.65e-013,1.#QNAN,1.#QNAN,1.#QNAN,
8.7e-013,1.#QNAN,1.#QNAN,1.#QNAN,
8.75e-013,1.#QNAN,1.#QNAN,1.#QNAN,
8.8e-013,1.#QNAN,1.#QNAN,1.#QNAN,
8.85e-013,1.#QNAN,1.#QNAN,1.#QNAN,
8.9e-013,1.#QNAN,1.#QNAN,1.#QNAN,
8.95e-013,1.#QNAN,1.#QNAN,1.#QNAN,
9e-013,1.#QNAN,1.#QNAN,1.#QNAN,
9.05e-013,1.#QNAN,1.#QNAN,1.#QNAN,
9.1e-013,1.#QNAN,1.#QNAN,1.#QNAN,
9.15e-013,1.#QNAN,1.#QNAN,1.#QNAN,
9.2e-013,1.#QNAN,1.#QNAN,1.#QNAN,
9.25e-013,1.#QNAN,1.#QNAN,1.#QNAN,
9.3e-013,1.#QNAN,1.#QNAN,1.#QNAN,
9.35e-013,1.#QNAN,1.#QNAN,1.#QNAN,
9.4e-013,1.#QNAN,1.#QNAN,1.#QNAN,
9.45e-013,1.#QNAN,1.#QNAN,1.#QNAN,
9.5e-013,1.#QNAN,1.#QNAN,1.#QNAN,
9.55e-013,1.#QNAN,1.#QNAN,1.#QNAN,
9.6e-013,1.#QNAN,1.#QNAN,1.#QNAN,
9.65e-013,1.#QNAN,1.#QNAN,1.#QNAN,
9.7e-013,1.#QNAN,1.#QNAN,1.#QNAN,
9.75e-013,1.#QNAN,1.#QNAN,1.#QNAN,
9.8e-013,1.#QNAN,1.#QNAN,1.#QNAN,
9.85e-013,1.#QNAN,1.#QNAN,1.#QNAN,
9.9e-013,1.#QNAN,1.#QNAN,1.#QNAN,
9.95e-013,1.#QNAN,1.#QNAN,1.#QNAN,
1e-012,1.#QNAN,1.#QNAN,1.#QNAN,
1.005e-012,1.#QNAN,1.#QNAN,1.#QNAN,
1.01e-012,1.#QNAN,1.#QNAN,1.#QNAN,
1.015e-012,1.#QNAN,1.#QNAN,1.#QNAN,
1.02e-012,1.#QNAN,1.#QNAN,1.#QNAN,
1.025e-012,1.#QNAN,1.#QNAN,1.#QNAN,
1.03e-012,1.#QNAN,1.#QNAN,1.#QNAN,
1.035e-012,1.#QNAN,1.#QNAN,1.#QNAN,
1.04e-012,1.#QNAN,1.#QNAN,1.#QNAN,
1.045e-012,1.#QNAN,1.#QNAN,1.#QNAN,
1.05e-012,1.#QNAN,1.#QNAN,1.#QNAN,
1.055e-012,1.#QNAN,1.#QNAN,1.#QNAN,
1.06e-012,1.#QNAN,1.#QNAN,1.#QNAN,
1.065e-012,1.#QNAN,1.#QNAN,1.#QNAN,
1.07e-012,1.#QNAN,1.#QNAN,1.#QNAN,
1.075e-012,1.#QNAN,1.#QNAN,1.#QNAN,
1.08e-012,1.#QNAN,1.#QNAN,1.#QNAN,
1.085e-012,1.#QNAN,1.#QNAN,1.#QNAN,
1.09e-012,1.#QNAN,1.#QNAN,1.#QNAN,
1.095e-012,1.#QNAN,1.#QNAN,1.#QNAN,
1.1e-012,1.#QNAN,1.#QNAN,1.#QNAN,
1.105e-012,1.#QNAN,1.#QNAN,1.#QNAN,
1.11e-012,1.#QNAN,1.#QNAN,1.#QNAN,
1.115e-012,1.#QNAN,1.#QNAN,1.#QNAN,
1.12e-012,1.#QNAN,1.#QNAN,1.#QNAN,
1.125e-012,1.#QNAN,1.#QNAN,1.#QNAN,
1.13e-012,1.#QNAN,1.#QNAN,1.#QNAN,
1.135e-012,1.#QNAN,1.#QNAN,1.#QNAN,
1.14e-012,1.#QNAN,1.#QNAN,1.#QNAN,
1.145e-012,1.#QNAN,1.#QNAN,1.#QNAN,
1.15e-012,1.#QNAN,1.#QNAN,1.#QNAN,
1.155e-012,1.#QNAN,1.#QNAN,1.#QNAN,
1.16e-012,1.#QNAN,1.#QNAN,1.#QNAN,
1.165e-012,1.#QNAN,1.#QNAN,1.#QNAN,
1.17e-012,1.#QNAN,1.#QNAN,1.#QNAN,
1.175e-012,1.#QNAN,1.#QNAN,1.#QNAN,
1.18e-012,1.#QNAN,1.#QNAN,1.#QNAN,
1.185e-012,1.#QNAN,1.#QNAN,1.#QNAN,
1.19e-012,1.#QNAN,1.#QNAN,1.#QNAN,
1.195e-012,1.#QNAN,1.#QNAN,1.#QNAN,
1.2e-012,1.#QNAN,1.#QNAN,1.#QNAN,
1.205e-012,1.#QNAN,1.#QNAN,1.#QNAN,
1.21e-012,1.#QNAN,1.#QNAN,1.#QNAN,
1.215e-012,1.#QNAN,1.#QNAN,1.#QNAN,
1.22e-012,1.#QNAN,1.#QNAN,1.#QNAN,
1.225e-012,1.#QNAN,1.#QNAN,1.#QNAN,
1.23e-012,1.#QNAN,1.#QNAN,1.#QNAN,
1.235e-012,1.#QNAN,1.#QNAN,1.#QNAN,
1.24e-012,1.#QNAN,1.#QNAN,1.#QNAN,
1.245e-012,1.#QNAN,1.#QNAN,1.#QNAN,
1.25e-012,1.#QNAN,1.#QNAN,1.#QNAN,
1.255e-012,1.#QNAN,1.#QNAN,1.#QNAN,
1.26e-012,1.#QNAN,1.#QNAN,1.#QNAN,
1.265e-012,1.#QNAN,1.#QNAN,1.#QNAN,
1.27e-012,1.#QNAN,1.#QNAN,1.#QNAN,
1.275e-012,1.#QNAN,1.#QNAN,1.#QNAN,
1.28e-012,1.#QNAN,1.#QNAN,1.#QNAN,
1.285e-012,1.#QNAN,1.#QNAN,1.#QNAN,
1.29e-012,1.#QNAN,1.#QNAN,1.#QNAN,
1.295e-012,1.#QNAN,1.#QNAN,1.#QNAN,
1.3e-012,1.#QNAN,1.#QNAN,1.#QNAN,
1.305e-012,1.#QNAN,1.#QNAN,1.#QNAN,
1.31e-012,1.#QNAN,1.#QNAN,1.#QNAN,
1.315e-012,1.#QNAN,1.#QNAN,1.#QNAN,
1.32e-012,1.#QNAN,1.#QNAN,1.#QNAN,
1.325e-012,1.#QNAN,1.#QNAN,1.#QNAN,
1.33e-012,1.#QNAN,1.#QNAN,1.#QNAN,
1.335e-012,1.#QNAN,1.#QNAN,1.#QNAN,
1.34e-012,1.#QNAN,1.#QNAN,1.#QNAN,
1.345e-012,1.#QNAN,1.#QNAN,1.#QNAN,
1.35e-012,1.#QNAN,1.#QNAN,1.#QNAN,
1.355e-012,1.#QNAN,1.#QNAN,1.#QNAN,
1.36e-012,1.#QNAN,1.#QNAN,1.#QNAN,
1.365e-012,1.#QNAN,1.#QNAN,1.#QNAN,
1.37e-012,1.#QNAN,1.#QNAN,1.#QNAN,
1.375e-012,1.#QNAN,1.#QNAN,1.#QNAN,
1.38e-012,1.#QNAN,1.#QNAN,1.#QNAN,
1.385e-012,1.#QNAN,1.#QNAN,1.#QNAN,
1.39e-012,1.#QNAN,1.#QNAN,1.#QNAN,
1.395e-012,1.#QNAN,1.#QNAN,1.#QNAN,
1.4e-012,1.#QNAN,1.#QNAN,1.#QNAN,
1.405e-012,1.#QNAN,1.#QNAN,1.#QNAN,
1.41e-012,1.#QNAN,1.#QNAN,1.#QNAN,
1.415e-012,1.#QNAN,1.#QNAN,1.#QNAN,
1.42e-012,1.#QNAN,1.#QNAN,1.#QNAN,
1.425e-012,1.#QNAN,1.#QNAN,1.#QNAN,
1.43e-012,1.#QNAN,1.#QNAN,1.#QNAN,
1.435e-012,1.#QNAN,1.#QNAN,1.#QNAN,
1.44e-012,1.#QNAN,1.#QNAN,1.#QNAN,
1.445e-012,1.#QNAN,1.#QNAN,1.#QNAN,
1.45e-012,1.#QNAN,1.#QNAN,1.#QNAN,
1.455e-012,1.#QNAN,1.#QNAN,1.#QNAN,
1.46e-012,1.#QNAN,1.#QNAN,1.#QNAN,
1.465e-012,1.#QNAN,1.#QNAN,1.#QNAN,
1.47e-012,1.#QNAN,1.#QNAN,1.#QNAN,
1.475e-012,1.#QNAN,1.#QNAN,1.#QNAN,
1.48e-012,1.#QNAN,1.#QNAN,1.#QNAN,
1.485e-012,1.#QNAN,1.#QNAN,1.#QNAN,
1.49e-012,1.#QNAN,1.#QNAN,1.#QNAN,
1.495e-012,1.#QNAN,1.#QNAN,1.#QNAN,
1.5e-012,1.#QNAN,1.#QNAN,1.#QNAN,
1.505e-012,1.#QNAN,1.#QNAN,1.#QNAN,
1.51e-012,1.#QNAN,1.#QNAN,1.#QNAN,
1.515e-012,1.#QNAN,1.#QNAN,1.#QNAN,
1.52e-012,1.#QNAN,1.#QNAN,1.#QNAN,
1.525e-012,1.#QNAN,1.#QNAN,1.#QNAN,
1.53e-012,1.#QNAN,1.#QNAN,1.#QNAN,
1.535e-012,1.#QNAN,1.#QNAN,1.#QNAN,
1.54e-012,1.#QNAN,1.#QNAN,1.#QNAN,
1.545e-012,1.#QNAN,1.#QNAN,1.#QNAN,
1.55e-012,1.#QNAN,1.#QNAN,1.#QNAN,
1.555e-012,1.#QNAN,1.#QNAN,1.#QNAN,
1.56e-012,1.#QNAN,1.#QNAN,1.#QNAN,
1.565e-012,1.#QNAN,1.#QNAN,1.#QNAN,
1.57e-012,1.#QNAN,1.#QNAN,1.#QNAN,
1.575e-012,1.#QNAN,1.#QNAN,1.#QNAN,
1.58e-012,1.#QNAN,1.#QNAN,1.#QNAN,
1.585e-012,1.#QNAN,1.#QNAN,1.#QNAN,
1.59e-012,1.#QNAN,1.#QNAN,1.#QNAN,
1.595e-012,1.#QNAN,1.#QNAN,1.#QNAN,
1.6e-012,1.#QNAN,1.#QNAN,1.#QNAN,
1.605e-012,1.#QNAN,1.#QNAN,1.#QNAN,
1.61e-012,1.#QNAN,1.#QNAN,1.#QNAN,
1.615e-012,1.#QNAN,1.#QNAN,1.#QNAN,
1.62e-012,1.#QNAN,1.#QNAN,1.#QNAN,
1.625e-012,1.#QNAN,1.#QNAN,1.#QNAN,
1.63e-012,1.#QNAN,1.#QNAN,1.#QNAN,
1.635e-012,1.#QNAN,1.#QNAN,1.#QNAN,
1.64e-012,1.#QNAN,1.#QNAN,1.#QNAN,
1.645e-012,1.#QNAN,1.#QNAN,1.#QNAN,
1.65e-012,1.#QNAN,1.#QNAN,1.#QNAN,
1.655e-012,1.#QNAN,1.#QNAN,1.#QNAN,
1.66e-012,1.#QNAN,1.#QNAN,1.#QNAN,
1.665e-012,1.#QNAN,1.#QNAN,1.#QNAN,
1.67e-012,1.#QNAN,1.#QNAN,1.#QNAN,
1.675e-012,1.#QNAN,1.#QNAN,1.#QNAN,
1.68e-012,1.#QNAN,1.#QNAN,1.#QNAN,
1.685e-012,1.#QNAN,1.#QNAN,1.#QNAN,
1.69e-012,1.#QNAN,1.#QNAN,1.#QNAN,
1.695e-012,1.#QNAN,1.#QNAN,1.#QNAN,
1.7e-012,1.#QNAN,1.#QNAN,1.#QNAN,
1.705e-012,1.#QNAN,1.#QNAN,1.#QNAN,
1.71e-012,1.#QNAN,1.#QNAN,1.#QNAN,
1.715e-012,1.#QNAN,1.#QNAN,1.#QNAN,
1.72e-012,1.#QNAN,1.#QNAN,1.#QNAN,
1.725e-012,1.#QNAN,1.#QNAN,1.#QNAN,
1.73e-012,1.#QNAN,1.#QNAN,1.#QNAN,
1.735e-012,1.#QNAN,1.#QNAN,1.#QNAN,
1.74e-012,1.#QNAN,1.#QNAN,1.#QNAN,
1.745e-012,1.#QNAN,1.#QNAN,1.#QNAN,
1.75e-012,1.#QNAN,1.#QNAN,1.#QNAN,
1.755e-012,1.#QNAN,1.#QNAN,1.#QNAN,
1.76e-012,1.#QNAN,1.#QNAN,1.#QNAN,
1.765e-012,1.#QNAN,1.#QNAN,1.#QNAN,
1.77e-012,1.#QNAN,1.#QNAN,1.#QNAN,
1.775e-012,1.#QNAN,1.#QNAN,1.#QNAN,
1.78e-012,1.#QNAN,1.#QNAN,1.#QNAN,
1.785e-012,1.#QNAN,1.#QNAN,1.#QNAN,
1.79e-012,1.#QNAN,1.#QNAN,1.#QNAN,
1.795e-012,1.#QNAN,1.#QNAN,1.#QNAN,
1.8e-012,1.#QNAN,1.#QNAN,1.#QNAN,
1.805e-012,1.#QNAN,1.#QNAN,1.#QNAN,
1.81e-012,1.#QNAN,1.#QNAN,1.#QNAN,
1.815e-012,1.#QNAN,1.#QNAN,1.#QNAN,
1.82e-012,1.#QNAN,1.#QNAN,1.#QNAN,
1.825e-012,1.#QNAN,1.#QNAN,1.#QNAN,
1.83e-012,1.#QNAN,1.#QNAN,1.#QNAN,
1.835e-012,1.#QNAN,1.#QNAN,1.#QNAN,
1.84e-012,1.#QNAN,1.#QNAN,1.#QNAN,
1.845e-012,1.#QNAN,1.#QNAN,1.#QNAN,
1.85e-012,1.#QNAN,1.#QNAN,1.#QNAN,
1.855e-012,1.#QNAN,1.#QNAN,1.#QNAN,
1.86e-012,1.#QNAN,1.#QNAN,1.#QNAN,
1.865e-012,1.#QNAN,1.#QNAN,1.#QNAN,
1.87e-012,1.#QNAN,1.#QNAN,1.#QNAN,
1.875e-012,1.#QNAN,1.#QNAN,1.#QNAN,
1.88e-012,1.#QNAN,1.#QNAN,1.#QNAN,
1.885e-012,1.#QNAN,1.#QNAN,1.#QNAN,
1.89e-012,1.#QNAN,1.#QNAN,1.#QNAN,
1.895e-012,1.#QNAN,1.#QNAN,1.#QNAN,
1.9e-012,1.#QNAN,1.#QNAN,1.#QNAN,
1.905e-012,1.#QNAN,1.#QNAN,1.#QNAN,
1.91e-012,1.#QNAN,1.#QNAN,1.#QNAN,
1.915e-012,1.#QNAN,1.#QNAN,1.#QNAN,
1.92e-012,1.#QNAN,1.#QNAN,1.#QNAN,
1.925e-012,1.#QNAN,1.#QNAN,1.#QNAN,
1.93e-012,1.#QNAN,1.#QNAN,1.#QNAN,
1.935e-012,1.#QNAN,1.#QNAN,1.#QNAN,
1.94e-012,1.#QNAN,1.#QNAN,1.#QNAN,
1.945e-012,1.#QNAN,1.#QNAN,1.#QNAN,
1.95e-012,1.#QNAN,1.#QNAN,1.#QNAN,
1.955e-012,1.#QNAN,1.#QNAN,1.#QNAN,
1.96e-012,1.#QNAN,1.#QNAN,1.#QNAN,
1.965e-012,1.#QNAN,1.#QNAN,1.#QNAN,
1.97e-012,1.#QNAN,1.#QNAN,1.#QNAN,
1.975e-012,1.#QNAN,1.#QNAN,1.#QNAN,
1.98e-012,1.#QNAN,1.#QNAN,1.#QNAN,
1.985e-012,1.#QNAN,1.#QNAN,1.#QNAN,
1.99e-012,1.#QNAN,1.#QNAN,1.#QNAN,
1.995e-012,1.#QNAN,1.#QNAN,1.#QNAN,
2e-012,1.#QNAN,1.#QNAN,1.#QNAN,
2.005e-012,1.#QNAN,1.#QNAN,1.#QNAN,
2.01e-012,1.#QNAN,1.#QNAN,1.#QNAN,
2.015e-012,1.#QNAN,1.#QNAN,1.#QNAN,
2.02e-012,1.#QNAN,1.#QNAN,1.#QNAN,
2.025e-012,1.#QNAN,1.#QNAN,1.#QNAN,
2.03e-012,1.#QNAN,1.#QNAN,1.#QNAN,
2.035e-012,1.#QNAN,1.#QNAN,1.#QNAN,
2.04e-012,1.#QNAN,1.#QNAN,1.#QNAN,
2.045e-012,1.#QNAN,1.#QNAN,1.#QNAN,
2.05e-012,1.#QNAN,1.#QNAN,1.#QNAN,
2.055e-012,1.#QNAN,1.#QNAN,1.#QNAN,
2.06e-012,1.#QNAN,1.#QNAN,1.#QNAN,
2.065e-012,1.#QNAN,1.#QNAN,1.#QNAN,
2.07e-012,1.#QNAN,1.#QNAN,1.#QNAN,
2.075e-012,1.#QNAN,1.#QNAN,1.#QNAN,
2.08e-012,1.#QNAN,1.#QNAN,1.#QNAN,
2.085e-012,1.#QNAN,1.#QNAN,1.#QNAN,
2.09e-012,1.#QNAN,1.#QNAN,1.#QNAN,
2.095e-012,1.#QNAN,1.#QNAN,1.#QNAN,
2.1e-012,1.#QNAN,1.#QNAN,1.#QNAN,
2.105e-012,1.#QNAN,1.#QNAN,1.#QNAN,
2.11e-012,1.#QNAN,1.#QNAN,1.#QNAN,
2.115e-012,1.#QNAN,1.#QNAN,1.#QNAN,
2.12e-012,1.#QNAN,1.#QNAN,1.#QNAN,
2.125e-012,1.#QNAN,1.#QNAN,1.#QNAN,
2.13e-012,1.#QNAN,1.#QNAN,1.#QNAN,
2.135e-012,1.#QNAN,1.#QNAN,1.#QNAN,
2.14e-012,1.#QNAN,1.#QNAN,1.#QNAN,
2.145e-012,1.#QNAN,1.#QNAN,1.#QNAN,
2.15e-012,1.#QNAN,1.#QNAN,1.#QNAN,
2.155e-012,1.#QNAN,1.#QNAN,1.#QNAN,
2.16e-012,1.#QNAN,1.#QNAN,1.#QNAN,
2.165e-012,1.#QNAN,1.#QNAN,1.#QNAN,
2.17e-012,1.#QNAN,1.#QNAN,1.#QNAN,
2.175e-012,1.#QNAN,1.#QNAN,1.#QNAN,
2.18e-012,1.#QNAN,1.#QNAN,1.#QNAN,
2.185e-012,1.#QNAN,1.#QNAN,1.#QNAN,
2.19e-012,1.#QNAN,1.#QNAN,1.#QNAN,
2.195e-012,1.#QNAN,1.#QNAN,1.#QNAN,
2.2e-012,1.#QNAN,1.#QNAN,1.#QNAN,
2.205e-012,1.#QNAN,1.#QNAN,1.#QNAN,
2.21e-012,1.#QNAN,1.#QNAN,1.#QNAN,
2.215e-012,1.#QNAN,1.#QNAN,1.#QNAN,
2.22e-012,1.#QNAN,1.#QNAN,1.#QNAN,
2.225e-012,1.#QNAN,1.#QNAN,1.#QNAN,
2.23e-012,1.#QNAN,1.#QNAN,1.#QNAN,
2.235e-012,1.#QNAN,1.#QNAN,1.#QNAN,
2.24e-012,1.#QNAN,1.#QNAN,1.#QNAN,
2.245e-012,1.#QNAN,1.#QNAN,1.#QNAN,
2.25e-012,1.#QNAN,1.#QNAN,1.#QNAN,
2.255e-012,1.#QNAN,1.#QNAN,1.#QNAN,
2.26e-012,1.#QNAN,1.#QNAN,1.#QNAN,
2.265e-012,1.#QNAN,1.#QNAN,1.#QNAN,
2.27e-012,1.#QNAN,1.#QNAN,1.#QNAN,
2.275e-012,1.#QNAN,1.#QNAN,1.#QNAN,
2.28e-012,1.#QNAN,1.#QNAN,1.#QNAN,
2.285e-012,1.#QNAN,1.#QNAN,1.#QNAN,
2.29e-012,1.#QNAN,1.#QNAN,1.#QNAN,
2.295e-012,1.#QNAN,1.#QNAN,1.#QNAN,
2.3e-012,1.#QNAN,1.#QNAN,1.#QNAN,
2.305e-012,1.#QNAN,1.#QNAN,1.#QNAN,
2.31e-012,1.#QNAN,1.#QNAN,1.#QNAN,
2.315e-012,1.#QNAN,1.#QNAN,1.#QNAN,
2.32e-012,1.#QNAN,1.#QNAN,1.#QNAN,
2.325e-012,1.#QNAN,1.#QNAN,1.#QNAN,
2.33e-012,1.#QNAN,1.#QNAN,1.#QNAN,
2.335e-012,1.#QNAN,1.#QNAN,1.#QNAN,
2.34e-012,1.#QNAN,1.#QNAN,1.#QNAN,
2.345e-012,1.#QNAN,1.#QNAN,1.#QNAN,
2.35e-012,1.#QNAN,1.#QNAN,1.#QNAN,
2.355e-012,1.#QNAN,1.#QNAN,1.#QNAN,
2.36e-012,1.#QNAN,1.#QNAN,1.#QNAN,
2.365e-012,1.#QNAN,1.#QNAN,1.#QNAN,
2.37e-012,1.#QNAN,1.#QNAN,1.#QNAN,
2.375e-012,1.#QNAN,1.#QNAN,1.#QNAN,
2.38e-012,1.#QNAN,1.#QNAN,1.#QNAN,
2.385e-012,1.#QNAN,1.#QNAN,1.#QNAN,
2.39e-012,1.#QNAN,1.#QNAN,1.#QNAN,
2.395e-012,1.#QNAN,1.#QNAN,1.#QNAN,
2.4e-012,1.#QNAN,1.#QNAN,1.#QNAN,
2.405e-012,1.#QNAN,1.#QNAN,1.#QNAN,
2.41e-012,1.#QNAN,1.#QNAN,1.#QNAN,
2.415e-012,1.#QNAN,1.#QNAN,1.#QNAN,
2.42e-012,1.#QNAN,1.#QNAN,1.#QNAN,
2.425e-012,1.#QNAN,1.#QNAN,1.#QNAN,
2.43e-012,1.#QNAN,1.#QNAN,1.#QNAN,
2.435e-012,1.#QNAN,1.#QNAN,1.#QNAN,
2.44e-012,1.#QNAN,1.#QNAN,1.#QNAN,
2.445e-012,1.#QNAN,1.#QNAN,1.#QNAN,
2.45e-012,1.#QNAN,1.#QNAN,1.#QNAN,
2.455e-012,1.#QNAN,1.#QNAN,1.#QNAN,
2.46e-012,1.#QNAN,1.#QNAN,1.#QNAN,
2.465e-012,1.#QNAN,1.#QNAN,1.#QNAN,
2.47e-012,1.#QNAN,1.#QNAN,1.#QNAN,
2.475e-012,1.#QNAN,1.#QNAN,1.#QNAN,
2.48e-012,1.#QNAN,1.#QNAN,1.#QNAN,
2.485e-012,1.#QNAN,1.#QNAN,1.#QNAN,
2.49e-012,1.#QNAN,1.#QNAN,1.#QNAN,
2.495e-012,1.#QNAN,1.#QNAN,1.#QNAN,
2.5e-012,1.#QNAN,1.#QNAN,1.#QNAN,
2.505e-012,1.#QNAN,1.#QNAN,1.#QNAN,
2.51e-012,1.#QNAN,1.#QNAN,1.#QNAN,
2.515e-012,1.#QNAN,1.#QNAN,1.#QNAN,
2.52e-012,1.#QNAN,1.#QNAN,1.#QNAN,
2.525e-012,1.#QNAN,1.#QNAN,1.#QNAN,
2.53e-012,1.#QNAN,1.#QNAN,1.#QNAN,
2.535e-012,1.#QNAN,1.#QNAN,1.#QNAN,
2.54e-012,1.#QNAN,1.#QNAN,1.#QNAN,
2.545e-012,1.#QNAN,1.#QNAN,1.#QNAN,
2.55e-012,1.#QNAN,1.#QNAN,1.#QNAN,
2.555e-012,1.#QNAN,1.#QNAN,1.#QNAN,
2.56e-012,1.#QNAN,1.#QNAN,1.#QNAN,
2.565e-012,1.#QNAN,1.#QNAN,1.#QNAN,
