step,T,sn_vel[0],sn_vel[1],sn_vel[2],sn_crd[0],sn_crd[1],sn_crd[2],sn_f[0],sn_f[1],sn_f[2],target_crd[0],target_crd[1],target_crd[2],boundary[0],boundary[1],boundary[2]
0,0.00179512,0,0,0,-3.6982e-008,9.21163e-009,0.981818,0,0,0,0.000412218,0.0552813,-0.0459355,0.636777,0.499583,1
10,0.272843,0,0,0,-3.6982e-008,9.21163e-009,0.981818,0,0,0,0.000403707,0.0552784,-0.0459124,0.636791,0.499562,1
20,0.335758,0,0,0,-3.6982e-008,9.21163e-009,0.981818,0,0,0,0.000381808,0.0552572,-0.0458483,0.636802,0.49955,1
30,0.436893,0,0,0,-3.6982e-008,9.21163e-009,0.981818,0,0,0,0.000346966,0.055228,-0.0457689,0.63682,0.499527,1
40,0.558501,0,0,0,-3.6982e-008,9.21163e-009,0.981818,0,0,0,0.000320225,0.0552233,-0.0457514,0.636839,0.499503,1
50,0.579231,0,0,0,-3.6982e-008,9.21163e-009,0.981818,0,0,0,0.000305993,0.0552322,-0.0457726,0.636862,0.499472,1
60,0.606681,0,0,0,-3.6982e-008,9.21163e-009,0.981818,0,0,0,0.000300481,0.0552222,-0.0457418,0.636889,0.499437,1
70,0.623271,0,0,0,-3.6982e-008,9.21163e-009,0.981818,0,0,0,0.000299694,0.055204,-0.0456437,0.636925,0.499394,1
80,0.58695,0,0,0,-3.6982e-008,9.21163e-009,0.981818,0,0,0,0.000307903,0.0552042,-0.0455773,0.636959,0.499355,1
90,0.575081,0,0,0,-3.6982e-008,9.21163e-009,0.981818,0,0,0,0.000313608,0.0552147,-0.0455756,0.636991,0.499317,1
100,0.54305,0,0,0,-3.6982e-008,9.21163e-009,0.981818,0,0,0,0.000315967,0.0552169,-0.0455764,0.63703,0.499275,1
110,9.01516,0,0,0,-3.6982e-008,9.21163e-009,0.981818,0,0,0,0.000340123,0.0552169,-0.0454783,0.637117,0.499182,1
120,15.7067,0,0,0,-3.6982e-008,9.21163e-009,0.981818,0,0,0,0.000398355,0.0552428,-0.0452892,0.637231,0.49906,1
130,19.9396,0,0,0,-3.6982e-008,9.21163e-009,0.981818,0,0,0,0.000429402,0.0552684,-0.0450356,0.637367,0.498916,1
140,22.4022,0,0,0,-3.6982e-008,9.21163e-009,0.981818,0,0,0,0.000415708,0.0552554,-0.0447232,0.637496,0.498782,1
150,23.7721,0,0,0,-3.6982e-008,9.21163e-009,0.981818,0,0,0,0.000428006,0.0552356,-0.0444193,0.637601,0.498672,1
160,24.2907,0,0,0,-3.6982e-008,9.21163e-009,0.981818,0,0,0,0.000494125,0.0552244,-0.0441755,0.637718,0.498552,1
170,24.1284,0,0,0,-3.6982e-008,9.21163e-009,0.981818,0,0,0,0.000556182,0.0551711,-0.0438928,0.637822,0.498448,1
180,23.9172,0,0,0,-3.6982e-008,9.21163e-009,0.981818,0,0,0,0.000584719,0.0550842,-0.0434625,0.637883,0.498389,1
190,23.4311,0,0,0,-3.6982e-008,9.21163e-009,0.981818,0,0,0,0.000583422,0.0550421,-0.0429526,0.637929,0.498346,1
200,23.0367,0,0,0,-3.6982e-008,9.21163e-009,0.981818,0,0,0,0.000541664,0.0550428,-0.042515,0.637964,0.498315,1
210,31.913,0,0,0,-3.6982e-008,9.21163e-009,0.981818,0,0,0,0.000501486,0.0550216,-0.0421001,0.637981,0.4983,1
220,37.5981,0,0,0,-3.6982e-008,9.21163e-009,0.981818,0,0,0,0.000564267,0.0549961,-0.0415227,0.638042,0.49825,1
230,41.1861,0,0,0,-3.6982e-008,9.21163e-009,0.981818,0,0,0,0.000718664,0.055007,-0.0407428,0.638156,0.498157,1
240,43.3197,0,0,0,-3.6982e-008,9.21163e-009,0.981818,0,0,0,0.000802157,0.0550015,-0.0398727,0.638265,0.49807,1
250,44.8103,0,0,0,-3.6982e-008,9.21163e-009,0.981818,0,0,0,0.000783653,0.0549655,-0.0389785,0.63836,0.497996,1
260,45.8637,0,0,0,-3.6982e-008,9.21163e-009,0.981818,0,0,0,0.000789191,0.0549908,-0.0380316,0.638458,0.497921,1
270,46.7678,0,0,0,-3.6982e-008,9.21163e-009,0.981818,0,0,0,0.000851077,0.0550917,-0.0370628,0.638548,0.497854,1
280,47.5012,0,0,0,-3.6982e-008,9.21163e-009,0.981818,0,0,0,0.000845005,0.0551677,-0.0360631,0.638612,0.497806,1
290,47.9015,0,0,0,-3.6982e-008,9.21163e-009,0.981818,0,0,0,0.000762492,0.0551919,-0.0349717,0.638636,0.497789,1
300,48.2684,0,0,0,-3.6982e-008,9.21163e-009,0.981818,0,0,0,0.00069106,0.055215,-0.0337766,0.638636,0.497789,1
310,57.4687,0,0,0,-3.6982e-008,9.21163e-009,0.981818,0,0,0,0.000653174,0.0552216,-0.0325632,0.63864,0.497786,1
320,63.3877,0,0,0,-3.6982e-008,9.21163e-009,0.981818,0,0,0,0.000622416,0.0551758,-0.0313849,0.638673,0.497764,1
330,67.0233,0,0,0,-3.6982e-008,9.21163e-009,0.981818,0,0,0,0.000675979,0.0551375,-0.0302029,0.63873,0.497725,1
340,69.5407,0,0,0,-3.6982e-008,9.21163e-009,0.981818,0,0,0,0.000795232,0.0551438,-0.0289006,0.638788,0.497687,1
350,70.6758,0,0,0,-3.6982e-008,9.21163e-009,0.981818,0,0,0,0.000797319,0.0551132,-0.0275623,0.638809,0.497674,1
360,71.1693,0,0,0,-3.6982e-008,9.21163e-009,0.981818,0,0,0,0.000585764,0.0550248,-0.0263023,0.638809,0.497674,1
370,71.4512,0,0,0,-3.6982e-008,9.21163e-009,0.981818,0,0,0,0.00038966,0.0549667,-0.0251567,0.638813,0.497671,1
380,71.6067,0,0,0,-3.6982e-008,9.21163e-009,0.981818,0,0,0,0.000372081,0.0549016,-0.0240351,0.638887,0.497624,1
390,72.2208,0,0,0,-3.6982e-008,9.21163e-009,0.981818,0,0,0,0.000392484,0.0547067,-0.0229625,0.638974,0.49757,1
400,73.1026,0,0,0,-3.6982e-008,9.21163e-009,0.981818,0,0,0,0.000257828,0.0544796,-0.0219367,0.639052,0.497522,1
410,83.4458,0,0,0,-3.6982e-008,9.21163e-009,0.981818,0,0,0,4.50815e-005,0.0544042,-0.0209164,0.639088,0.4975,1
420,91.1654,0,0,0,-3.6982e-008,9.21163e-009,0.981818,0,0,0,-0.000179786,0.0544054,-0.0198848,0.639137,0.497471,1
430,97.3783,0,0,0,-3.6982e-008,9.21163e-009,0.981818,0,0,0,-0.000414196,0.0543327,-0.0190274,0.639244,0.497407,1
440,100.389,0,0,0,-3.6982e-008,9.21163e-009,0.981818,0,0,0,-0.000576472,0.054277,-0.0183958,0.639356,0.497341,1
450,102.844,0,0,0,-3.6982e-008,9.21163e-009,0.981818,0,0,0,-0.000560653,0.0542966,-0.017901,0.639457,0.497282,1
460,103.489,0,0,0,-3.6982e-008,9.21163e-009,0.981818,0,0,0,-0.000553623,0.0542454,-0.0174028,0.639559,0.497223,1
470,103.352,0,0,0,-3.6982e-008,9.21163e-009,0.981818,0,0,0,-0.000686327,0.0541411,-0.0169726,0.639652,0.49717,1
480,103.385,0,0,0,-3.6982e-008,9.21163e-009,0.981818,0,0,0,-0.000809724,0.0541764,-0.0166869,0.639806,0.497083,1
490,103.062,0,0,0,-3.6982e-008,9.21163e-009,0.981818,0,0,0,-0.000779631,0.054284,-0.0166096,0.640051,0.496944,1
500,102.145,0,0,0,-3.6982e-008,9.21163e-009,0.981818,0,0,0,-0.000849368,0.0542746,-0.0166687,0.640268,0.496823,1
510,111.523,0,0,0,-3.6982e-008,9.21163e-009,0.981818,0,0,0,-0.00128235,0.054272,-0.0168287,0.640424,0.496736,1
520,115.938,0,0,0,-3.6982e-008,9.21163e-009,0.981818,0,0,0,-0.00191474,0.0544056,-0.0170437,0.640591,0.496644,1
530,118.465,0,0,0,-3.6982e-008,9.21163e-009,0.981818,0,0,0,-0.00230909,0.0544343,-0.0173547,0.640792,0.496535,1
540,120.593,0,0,0,-3.6982e-008,9.21163e-009,0.981818,0,0,0,-0.0024174,0.0542243,-0.017786,0.641085,0.496376,1
550,122.139,0,0,0,-3.6982e-008,9.21163e-009,0.981818,0,0,0,-0.00251587,0.0540157,-0.0184732,0.641495,0.496156,1
560,124.25,0,0,0,-3.6982e-008,9.21163e-009,0.981818,0,0,0,-0.00265738,0.0538734,-0.0194418,0.641867,0.495957,1
570,127.086,0,0,0,-3.6982e-008,9.21163e-009,0.981818,0,0,0,-0.00266646,0.0536457,-0.0205373,0.642167,0.495798,1
580,129.67,0,0,0,-3.6982e-008,9.21163e-009,0.981818,0,0,0,-0.00263499,0.0533647,-0.0215432,0.642517,0.495615,1
590,132.894,0,0,0,-3.6982e-008,9.21163e-009,0.981818,0,0,0,-0.00278838,0.0530597,-0.0225563,0.642879,0.495426,1
600,133.591,0,0,0,-3.6982e-008,9.21163e-009,0.981818,0,0,0,-0.00295453,0.0526529,-0.0237387,0.643141,0.49529,1
610,143.655,0,0,0,-3.6982e-008,9.21163e-009,0.981818,0,0,0,-0.00294363,0.0522305,-0.0251454,0.643376,0.495169,1
620,148.878,0,0,0,-3.6982e-008,9.21163e-009,0.981818,0,0,0,-0.00293424,0.0518958,-0.0266155,0.643522,0.495095,1
630,149.316,0,0,0,-3.6982e-008,9.21163e-009,0.981818,0,0,0,-0.00305401,0.051567,-0.0279668,0.643553,0.495079,1
640,147.708,0,0,0,-3.6982e-008,9.21163e-009,0.981818,0,0,0,-0.00300979,0.0512476,-0.0291996,0.643553,0.495079,1
650,144.213,0,0,0,-3.6982e-008,9.21163e-009,0.981818,0,0,0,-0.00291312,0.051046,-0.0305283,0.643553,0.495079,1
660,143.083,0,0,0,-3.6982e-008,9.21163e-009,0.981818,0,0,0,-0.00317285,0.0509557,-0.0320072,0.643553,0.495079,1
670,144.876,0,0,0,-3.6982e-008,9.21163e-009,0.981818,0,0,0,-0.00370093,0.0509629,-0.033463,0.643553,0.495079,1
680,147.188,0,0,0,-3.6982e-008,9.21163e-009,0.981818,0,0,0,-0.00395716,0.0511472,-0.0347682,0.643553,0.495079,1
690,154.134,0,0,0,-3.6982e-008,9.21163e-009,0.981818,0,0,0,-0.0039725,0.0514484,-0.0357973,0.643553,0.495079,1
700,166.641,0,0,0,-3.6982e-008,9.21163e-009,0.981818,0,0,0,-0.0040539,0.0517464,-0.0365171,0.643553,0.495079,1
710,188.501,0,0,0,-3.6982e-008,9.21163e-009,0.981818,0,0,0,-0.00407716,0.0520691,-0.0371154,0.643553,0.495079,1
720,210.974,0,0,0,-3.6982e-008,9.21163e-009,0.981818,0,0,0,-0.00379858,0.0525097,-0.0378116,0.643553,0.495079,1
730,230.531,0,0,0,-3.6982e-008,9.21163e-009,0.981818,0,0,0,-0.00344822,0.0529805,-0.0384223,0.643553,0.495079,1
740,245.052,0,0,0,-3.6982e-008,9.21163e-009,0.981818,0,0,0,-0.00317455,0.0534206,-0.0388171,0.643553,0.495079,1
750,255.73,0,0,0,-3.6982e-008,9.21163e-009,0.981818,0,0,0,-0.0027477,0.0537998,-0.0390102,0.643553,0.495079,1
760,257.319,0,0,0,-3.6982e-008,9.21163e-009,0.981818,0,0,0,-0.00221823,0.0540478,-0.0391041,0.643603,0.495053,1
770,252.351,0,0,0,-3.6982e-008,9.21163e-009,0.981818,0,0,0,-0.00183807,0.0540804,-0.0391056,0.643656,0.495024,1
780,243.247,0,0,0,-3.6982e-008,9.21163e-009,0.981818,0,0,0,-0.00152289,0.0540177,-0.0390694,0.643663,0.49502,1
790,233.182,0,0,0,-3.6982e-008,9.21163e-009,0.981818,0,0,0,-0.000992331,0.053886,-0.0387844,0.643669,0.495016,1
800,220.529,0,0,0,-3.6982e-008,9.21163e-009,0.981818,0,0,0,-0.000485086,0.0535269,-0.0381638,0.643669,0.495016,1
810,221.585,0,0,0,-3.6982e-008,9.21163e-009,0.981818,0,0,0,-0.000243352,0.0529228,-0.0373515,0.643669,0.495016,1
820,221.707,0,0,0,-3.6982e-008,9.21163e-009,0.981818,0,0,0,-0.000267185,0.0524112,-0.0366651,0.643669,0.495016,1
830,220.618,0,0,0,-3.6982e-008,9.21163e-009,0.981818,0,0,0,-0.000379579,0.0520525,-0.0361184,0.643669,0.495016,1
840,222.032,0,0,0,-3.6982e-008,9.21163e-009,0.981818,0,0,0,-0.000535049,0.0516969,-0.0356843,0.643669,0.495016,1
850,222.25,0,0,0,-3.6982e-008,9.21163e-009,0.981818,0,0,0,-0.000485252,0.0514205,-0.0353248,0.643669,0.495016,1
860,222.567,0,0,0,-3.6982e-008,9.21163e-009,0.981818,0,0,0,-0.000303652,0.0513123,-0.0351085,0.643669,0.495016,1
870,225.868,0,0,0,-3.6982e-008,9.21163e-009,0.981818,0,0,0,-0.00024591,0.0511088,-0.0349082,0.643669,0.495016,1
880,227.403,0,0,0,-3.6982e-008,9.21163e-009,0.981818,0,0,0,-0.000376208,0.0508879,-0.0347539,0.643669,0.495016,1
890,227.105,0,0,0,-3.6982e-008,9.21163e-009,0.981818,0,0,0,-0.000291434,0.0509441,-0.0347228,0.643669,0.495016,1
900,229.326,0,0,0,-3.6982e-008,9.21163e-009,0.981818,0,0,0,-6.41087e-005,0.0512,-0.0348061,0.643669,0.495016,1
910,240.095,0,0,0,-3.6982e-008,9.21163e-009,0.981818,0,0,0,4.33092e-005,0.051427,-0.0346488,0.643669,0.495016,1
920,246.938,0,0,0,-3.6982e-008,9.21163e-009,0.981818,0,0,0,8.27905e-006,0.0517819,-0.0342887,0.643669,0.495016,1
930,253.893,0,0,0,-3.6982e-008,9.21163e-009,0.981818,0,0,0,6.16587e-005,0.0522381,-0.0340426,0.643669,0.495016,1
940,253.906,0,0,0,-3.6982e-008,9.21163e-009,0.981818,0,0,0,5.48116e-005,0.0524964,-0.0339644,0.643669,0.495016,1
950,246.992,0,0,0,-3.6982e-008,9.21163e-009,0.981818,0,0,0,-3.448e-005,0.052561,-0.0336166,0.643669,0.495016,1
960,234,0,0,0,-3.6982e-008,9.21163e-009,0.981818,0,0,0,-3.03831e-005,0.052706,-0.0330025,0.643669,0.495016,1
970,220.928,0,0,0,-3.6982e-008,9.21163e-009,0.981818,0,0,0,2.39362e-005,0.0527735,-0.0324454,0.643669,0.495016,1
980,224.826,0,0,0,-3.6982e-008,9.21163e-009,0.981818,0,0,0,-0.00015187,0.0524845,-0.0320465,0.643669,0.495016,1
990,238.228,0,0,0,-3.6982e-008,9.21163e-009,0.981818,0,0,0,-0.000351451,0.0519586,-0.0315325,0.643669,0.495016,1
1000,256.141,0,0,0,-3.6982e-008,9.21163e-009,0.981818,0,0,0,-0.000272439,0.0513829,-0.0308625,0.642522,0.495339,1
1010,278.101,0,0,0,-3.6982e-008,9.21163e-009,0.981818,0,0,0,-0.000108971,0.0505554,-0.0303143,0.641858,0.495573,1
1020,300.666,0,0,0,-3.6982e-008,9.21163e-009,0.981818,0,0,0,-0.000130591,0.049547,-0.0300671,0.640688,0.496007,1
1030,320.56,0,0,0,-3.6982e-008,9.21163e-009,0.981818,0,0,0,-0.000356295,0.0488619,-0.0299113,0.640149,0.496327,1
1040,326.468,0,0,0,-3.6982e-008,9.21163e-009,0.981818,0,0,0,-0.000672356,0.0487506,-0.0297281,0.639428,0.496828,1
1050,321.445,0,0,0,-3.6982e-008,9.21163e-009,0.981818,0,0,0,-0.000991702,0.048947,-0.0298396,0.638781,0.497326,1
1060,314.043,0,0,0,-3.6982e-008,9.21163e-009,0.981818,0,0,0,-0.00119332,0.0491851,-0.0303477,0.638396,0.497691,1
1070,301.368,0,0,0,-3.6982e-008,9.21163e-009,0.981818,0,0,0,-0.00130434,0.0494083,-0.0308189,0.638003,0.498097,1
1080,287.849,0,0,0,-3.6982e-008,9.21163e-009,0.981818,0,0,0,-0.00124413,0.0495175,-0.0310409,0.637605,0.498462,1
1090,266.052,0,0,0,-3.6982e-008,9.21163e-009,0.981818,0,0,0,-0.00111532,0.0495758,-0.0314807,0.63734,0.498647,1
1100,239.999,0,0,0,-3.6982e-008,9.21163e-009,0.981818,0,0,0,-0.00103667,0.0498572,-0.0322938,0.637074,0.49879,1
1110,214.077,0,0,0,-3.6982e-008,9.21163e-009,0.981818,0,0,0,-0.00109028,0.0504223,-0.0330948,0.636724,0.498947,1
1120,186.984,0,0,0,-3.6982e-008,9.21163e-009,0.981818,0,0,0,-0.00114749,0.0508763,-0.0335535,0.636512,0.499022,1
1130,167.37,0,0,0,-3.6982e-008,9.21163e-009,0.981818,0,0,0,-0.00140521,0.0510943,-0.0339489,0.63642,0.499047,1
1140,163.37,0,0,0,-3.6982e-008,9.21163e-009,0.981818,0,0,0,-0.0018574,0.0512161,-0.0343604,0.636278,0.499068,1
1150,174.284,0,0,0,-3.6982e-008,9.21163e-009,0.981818,0,0,0,-0.00231154,0.051249,-0.0345767,0.636025,0.499074,1
1160,202.352,0,0,0,-3.6982e-008,9.21163e-009,0.981818,0,0,0,-0.00243634,0.0509618,-0.0343635,0.635734,0.499053,1
1170,240.578,0,0,0,-3.6982e-008,9.21163e-009,0.981818,0,0,0,-0.00237259,0.050554,-0.0340166,0.635612,0.499017,1
1180,281.159,0,0,0,-3.6982e-008,9.21163e-009,0.981818,0,0,0,-0.00228944,0.0502098,-0.0335206,0.635612,0.499017,1
1190,318.972,0,0,0,-3.6982e-008,9.21163e-009,0.981818,0,0,0,-0.00239484,0.0498903,-0.0326541,0.635612,0.499017,1
1200,341.831,0,0,0,-3.6982e-008,9.21163e-009,0.981818,0,0,0,-0.00242893,0.049547,-0.0312851,0.635435,0.499008,1
1210,343.966,0,0,0,-3.6982e-008,9.21163e-009,0.981818,0,0,0,-0.00230864,0.0495971,-0.0299193,0.63533,0.499017,1
1220,336.974,0,0,0,-3.6982e-008,9.21163e-009,0.981818,0,0,0,-0.00220816,0.0499961,-0.0287295,0.635057,0.499066,1
1230,311.367,0,0,0,-3.6982e-008,9.21163e-009,0.981818,0,0,0,-0.00247909,0.0503184,-0.0276235,0.63477,0.49914,1
1240,278.242,0,0,0,-3.6982e-008,9.21163e-009,0.981818,0,0,0,-0.00288066,0.050461,-0.0263818,0.634604,0.499202,1
1250,249.146,0,0,0,-3.6982e-008,9.21163e-009,0.981818,0,0,0,-0.00326922,0.050988,-0.0253549,0.634482,0.499268,1
1260,230.503,0,0,0,-3.6982e-008,9.21163e-009,0.981818,0,0,0,-0.00350904,0.0517993,-0.0246598,0.634482,0.499268,1
1270,231.721,0,0,0,-3.6982e-008,9.21163e-009,0.981818,0,0,0,-0.00353579,0.0522892,-0.024156,0.634482,0.499268,1
1280,250.074,0,0,0,-3.6982e-008,9.21163e-009,0.981818,0,0,0,-0.00330537,0.0522109,-0.0235214,0.634482,0.499268,1
1290,269.279,0,0,0,-3.6982e-008,9.21163e-009,0.981818,0,0,0,-0.00328104,0.0520003,-0.0229903,0.634482,0.499268,1
1300,286.829,0,0,0,-3.6982e-008,9.21163e-009,0.981818,0,0,0,-0.00354928,0.0518078,-0.0226271,0.634482,0.499268,1
1310,291.088,0,0,0,-3.6982e-008,9.21163e-009,0.981818,0,0,0,-0.00372855,0.0516077,-0.0222789,0.634482,0.499268,1
1320,286.418,0,0,0,-3.6982e-008,9.21163e-009,0.981818,0,0,0,-0.00350824,0.0514966,-0.0217004,0.634482,0.499268,1
1330,279.375,0,0,0,-3.6982e-008,9.21163e-009,0.981818,0,0,0,-0.00334726,0.0515923,-0.0213161,0.634482,0.499268,1
1340,272.163,0,0,0,-3.6982e-008,9.21163e-009,0.981818,0,0,0,-0.003476,0.0516412,-0.0214019,0.634482,0.499268,1
1350,266.607,0,0,0,-3.6982e-008,9.21163e-009,0.981818,0,0,0,-0.00344741,0.0516089,-0.0216385,0.634482,0.499268,1
1360,267.741,0,0,0,-3.6982e-008,9.21163e-009,0.981818,0,0,0,-0.00283925,0.051714,-0.0214663,0.634482,0.499268,1
1370,261.819,0,0,0,-3.6982e-008,9.21163e-009,0.981818,0,0,0,-0.00209208,0.0518485,-0.0211855,0.634482,0.499268,1
1380,253.908,0,0,0,-3.6982e-008,9.21163e-009,0.981818,0,0,0,-0.00160933,0.0516156,-0.0212929,0.634458,0.499265,1
1390,251.614,0,0,0,-3.6982e-008,9.21163e-009,0.981818,0,0,0,-0.00133288,0.0511648,-0.0215764,0.634326,0.499221,1
1400,255.795,0,0,0,-3.6982e-008,9.21163e-009,0.981818,0,0,0,-0.00125452,0.0509601,-0.0215319,0.634326,0.499221,1
1410,265.464,0,0,0,-3.6982e-008,9.21163e-009,0.981818,0,0,0,-0.0015081,0.0509945,-0.0214264,0.634306,0.499205,1
1420,283.984,0,0,0,-3.6982e-008,9.21163e-009,0.981818,0,0,0,-0.00179906,0.05105,-0.0217834,0.634306,0.499205,1
1430,296.843,0,0,0,-3.6982e-008,9.21163e-009,0.981818,0,0,0,-0.00175299,0.0511058,-0.0225112,0.634306,0.499205,1
1440,298.114,0,0,0,-3.6982e-008,9.21163e-009,0.981818,0,0,0,-0.00164486,0.0512589,-0.0232483,0.634306,0.499205,1
1450,284.903,0,0,0,-3.6982e-008,9.21163e-009,0.981818,0,0,0,-0.00187699,0.0514344,-0.024042,0.634306,0.499205,1
1460,264.821,0,0,0,-3.6982e-008,9.21163e-009,0.981818,0,0,0,-0.00237644,0.0516077,-0.0250523,0.634338,0.499141,1
1470,250.595,0,0,0,-3.6982e-008,9.21163e-009,0.981818,0,0,0,-0.00258305,0.0517409,-0.0259809,0.634426,0.499028,1
1480,251.922,0,0,0,-3.6982e-008,9.21163e-009,0.981818,0,0,0,-0.00245027,0.0518776,-0.0265691,0.634677,0.498782,1
1490,262.337,0,0,0,-3.6982e-008,9.21163e-009,0.981818,0,0,0,-0.00236675,0.0519146,-0.0272086,0.635106,0.498439,1
1500,273.802,0,0,0,-3.6982e-008,9.21163e-009,0.981818,0,0,0,-0.0026223,0.0519722,-0.0283879,0.635503,0.498193,1
1510,271.489,0,0,0,-3.6982e-008,9.21163e-009,0.981818,0,0,0,-0.00275271,0.0522238,-0.0297874,0.635946,0.497958,1
1520,258.228,0,0,0,-3.6982e-008,9.21163e-009,0.981818,0,0,0,-0.00257623,0.0527165,-0.0309403,0.636515,0.49769,1
1530,245.64,0,0,0,-3.6982e-008,9.21163e-009,0.981818,0,0,0,-0.00212361,0.0530266,-0.0321009,0.637019,0.49748,1
1540,248.121,0,0,0,-3.6982e-008,9.21163e-009,0.981818,0,0,0,-0.00162707,0.0530546,-0.0337097,0.637458,0.497317,1
1550,254.213,0,0,0,-3.6982e-008,9.21163e-009,0.981818,0,0,0,-0.00114621,0.053048,-0.0355196,0.637805,0.497198,1
1560,256.964,0,0,0,-3.6982e-008,9.21163e-009,0.981818,0,0,0,-0.000832839,0.0532677,-0.0371606,0.638121,0.497068,1
1570,252.262,0,0,0,-3.6982e-008,9.21163e-009,0.981818,0,0,0,-0.000491031,0.0533225,-0.0385252,0.638519,0.496881,1
1580,239.535,0,0,0,-3.6982e-008,9.21163e-009,0.981818,0,0,0,-0.000139377,0.0529144,-0.039558,0.638804,0.496722,1
1590,224.902,0,0,0,-3.6982e-008,9.21163e-009,0.981818,0,0,0,0.000148329,0.0521669,-0.0401101,0.638891,0.496664,1
1600,212.071,0,0,0,-3.6982e-008,9.21163e-009,0.981818,0,0,0,7.08309e-005,0.0516353,-0.0404656,0.639051,0.496547,1
1610,211.436,0,0,0,-3.6982e-008,9.21163e-009,0.981818,0,0,0,-0.000430719,0.0514437,-0.0409374,0.639266,0.496368,1
1620,230.747,0,0,0,-3.6982e-008,9.21163e-009,0.981818,0,0,0,-0.00121083,0.0514776,-0.0414832,0.639451,0.496192,1
1630,265.657,0,0,0,-3.6982e-008,9.21163e-009,0.981818,0,0,0,-0.00176734,0.0515902,-0.0416171,0.639608,0.496058,1
1640,300.89,0,0,0,-3.6982e-008,9.21163e-009,0.981818,0,0,0,-0.0019503,0.0518397,-0.0413788,0.639715,0.495984,1
1650,327.437,0,0,0,-3.6982e-008,9.21163e-009,0.981818,0,0,0,-0.00188823,0.0520293,-0.0412426,0.639726,0.495979,1
1660,351.655,0,0,0,-3.6982e-008,9.21163e-009,0.981818,0,0,0,-0.00159448,0.0521925,-0.0414506,0.639755,0.495979,1
1670,368.057,0,0,0,-3.6982e-008,9.21163e-009,0.981818,0,0,0,-0.00104216,0.0525347,-0.0414185,0.639899,0.495989,1
1680,384.934,0,0,0,-3.6982e-008,9.21163e-009,0.981818,0,0,0,-0.000581344,0.0528299,-0.0408904,0.640063,0.496,1
1690,402.044,0,0,0,-3.6982e-008,9.21163e-009,0.981818,0,0,0,-0.000591252,0.0524396,-0.040106,0.640229,0.495997,1
1700,404.732,0,0,0,-3.6982e-008,9.21163e-009,0.981818,0,0,0,-0.000852002,0.0516681,-0.0394017,0.640381,0.495989,1
1710,397.599,0,0,0,-3.6982e-008,9.21163e-009,0.981818,0,0,0,-0.000949743,0.0512848,-0.0387578,0.640531,0.495976,1
1720,382.356,0,0,0,-3.6982e-008,9.21163e-009,0.981818,0,0,0,-0.00069189,0.0513127,-0.0382557,0.640694,0.495954,1
1730,363.221,0,0,0,-3.6982e-008,9.21163e-009,0.981818,0,0,0,-0.000229462,0.0515585,-0.0378463,0.640809,0.495944,1
1740,351.523,0,0,0,-3.6982e-008,9.21163e-009,0.981818,0,0,0,0.000347586,0.0523494,-0.0373923,0.640809,0.495944,1
1750,340.136,0,0,0,-3.6982e-008,9.21163e-009,0.981818,0,0,0,0.000674828,0.0536377,-0.036799,0.640809,0.495944,1
1760,324.515,0,0,0,-3.6982e-008,9.21163e-009,0.981818,0,0,0,0.000623385,0.0547248,-0.0364013,0.641011,0.495946,1
1770,311.502,0,0,0,-3.6982e-008,9.21163e-009,0.981818,0,0,0,0.000338045,0.0552197,-0.0365459,0.641209,0.49595,1
1780,297.448,0,0,0,-3.6982e-008,9.21163e-009,0.981818,0,0,0,0.000129921,0.0553726,-0.0369971,0.64148,0.49596,1
1790,285.463,0,0,0,-3.6982e-008,9.21163e-009,0.981818,0,0,0,-0.000176622,0.055432,-0.0370735,0.641728,0.495975,1
1800,277.935,0,0,0,-3.6982e-008,9.21163e-009,0.981818,0,0,0,-0.000458646,0.0552449,-0.0367342,0.641807,0.495987,1
1810,268.32,0,0,0,-3.6982e-008,9.21163e-009,0.981818,0,0,0,-0.000515352,0.0548966,-0.0367474,0.641807,0.495987,1
1820,264.545,0,0,0,-3.6982e-008,9.21163e-009,0.981818,0,0,0,-0.00022784,0.054815,-0.0375034,0.641807,0.495987,1
1830,264.791,0,0,0,-3.6982e-008,9.21163e-009,0.981818,0,0,0,0.000237316,0.0550386,-0.0386291,0.641807,0.495987,1
1840,261.554,0,0,0,-3.6982e-008,9.21163e-009,0.981818,0,0,0,0.00109308,0.054909,-0.0396845,0.641807,0.495987,1
1850,262.507,0,0,0,-3.6982e-008,9.21163e-009,0.981818,0,0,0,0.00198031,0.0542734,-0.0406791,0.641807,0.495987,1
1860,264.913,0,0,0,-3.6982e-008,9.21163e-009,0.981818,0,0,0,0.00243009,0.053615,-0.0417009,0.641807,0.495987,1
1870,271.867,0,0,0,-3.6982e-008,9.21163e-009,0.981818,0,0,0,0.0023903,0.0532393,-0.0429833,0.641807,0.495987,1
1880,287.987,0,0,0,-3.6982e-008,9.21163e-009,0.981818,0,0,0,0.00233376,0.0529757,-0.0447126,0.641807,0.495987,1
1890,298.319,0,0,0,-3.6982e-008,9.21163e-009,0.981818,0,0,0,0.00215604,0.0528386,-0.0467434,0.641807,0.495987,1
1900,312.599,0,0,0,-3.6982e-008,9.21163e-009,0.981818,0,0,0,0.00177213,0.0528166,-0.0483933,0.641807,0.495987,1
1910,343.027,0,0,0,-3.6982e-008,9.21163e-009,0.981818,0,0,0,0.00119425,0.0528629,-0.0493208,0.641807,0.495987,1
1920,372.962,0,0,0,-3.6982e-008,9.21163e-009,0.981818,0,0,0,0.000632766,0.0530704,-0.0498162,0.641807,0.495987,1
1930,394.19,0,0,0,-3.6982e-008,9.21163e-009,0.981818,0,0,0,1.9664e-005,0.053727,-0.0505369,0.641807,0.495987,1
1940,403.558,0,0,0,-3.6982e-008,9.21163e-009,0.981818,0,0,0,-0.000479098,0.0549043,-0.0514895,0.641807,0.495987,1
1950,401.053,0,0,0,-3.6982e-008,9.21163e-009,0.981818,0,0,0,-0.000579233,0.0564236,-0.0523158,0.641807,0.495987,1
1960,376.144,0,0,0,-3.6982e-008,9.21163e-009,0.981818,0,0,0,-6.41808e-005,0.0578336,-0.0528061,0.641807,0.495987,1
1970,334.962,0,0,0,-3.6982e-008,9.21163e-009,0.981818,0,0,0,0.000508351,0.0587437,-0.0533123,0.641807,0.495987,1
1980,292.981,0,0,0,-3.6982e-008,9.21163e-009,0.981818,0,0,0,0.000724393,0.0590116,-0.0539646,0.641807,0.495987,1
1990,271.449,0,0,0,-3.6982e-008,9.21163e-009,0.981818,0,0,0,0.000836272,0.0586115,-0.0546943,0.641807,0.495987,1
2000,275.587,0,0,0.400089,0.00110253,0.0576393,0.982018,0,0,0,0.00112469,0.0575046,-0.0553372,0.640993,0.495916,1
2010,294.088,0,0,0.400612,0.00110253,0.0576393,0.98402,0,0,0,0.00117711,0.05609,-0.0559184,0.640852,0.495769,1
2020,314.695,0,0,0.400439,0.00110253,0.0576393,0.986023,0,0,0,0.000931104,0.0549715,-0.0562727,0.640631,0.49546,1
2030,328.236,0,0,0.399717,0.00110253,0.0576393,0.988024,0,0,0,0.000778919,0.0543637,-0.056448,0.640631,0.49546,1
2040,324.226,0,0,0.398869,0.00110253,0.0576393,0.99002,0,0,0,0.000642688,0.0540526,-0.0566686,0.640481,0.495024,1
2050,304.565,0,0,0.398436,0.00110253,0.0576393,0.992014,0,0,0,0.000148687,0.0538027,-0.0571901,0.64045,0.494777,1
2060,290.595,0,0,0.398582,0.00110253,0.0576393,0.994006,0,0,0,-0.000473505,0.0533951,-0.0577279,0.640448,0.494595,1
2070,296.791,0,0,0.398837,0.00110253,0.0576393,0.995999,0,0,0,-0.000809318,0.052786,-0.0579468,0.640492,0.494169,1
2080,313.497,0,0,0.398663,0.00110253,0.0576393,0.997993,0,0,0,-0.00103758,0.0521333,-0.0577938,0.640516,0.493786,1
2090,320.135,0,0,0.398045,0.00110253,0.0576393,0.999985,0,0,0,-0.00125582,0.0517411,-0.0575833,0.640513,0.493508,1
2100,298.968,0,0,0.397727,0.00110253,0.0576393,-0.998025,0,0,0,-0.0011484,0.0518128,-0.0573115,0.640481,0.493171,1
2110,268.39,0,0,0.398376,0.00110253,0.0576393,-0.996036,0,0,0,-0.000489767,0.0522983,-0.056796,0.640414,0.492689,1
2120,247.635,0,0,0.4001,0.00110253,0.0576393,-0.99404,0,0,0,0.000180511,0.052924,-0.0559452,0.640374,0.492495,1
2130,256.663,0,0,0.402116,0.00110253,0.0576393,-0.992035,0,0,0,0.000483884,0.0535408,-0.0549808,0.640374,0.492495,1
2140,276.791,0,0,0.403328,0.00110253,0.0576393,-0.990021,0,0,0,0.000413648,0.0541122,-0.0538542,0.640374,0.492495,1
2150,283.971,0,0,0.403928,0.00110253,0.0576393,-0.988003,0,0,0,7.49338e-005,0.0545096,-0.0524557,0.640374,0.492495,1
2160,280.521,0,0,0.404592,0.00110253,0.0576393,-0.985982,0,0,0,-0.000634964,0.0546539,-0.0509842,0.640374,0.492495,1
2170,273.656,0,0,0.405428,0.00110253,0.0576393,-0.983958,0,0,0,-0.0011659,0.0547306,-0.0498619,0.640374,0.492495,1
2180,265.064,0,0,0.406554,0.00110253,0.0576393,-0.981928,0,0,0,-0.00128161,0.0549609,-0.0490049,0.640374,0.492495,1
2190,249.321,0,0,0.408304,0.00110253,0.0576393,-0.979892,0,0,0,-0.00139414,0.055293,-0.0480611,0.640374,0.492495,1
2200,235.696,0,0,0.410814,0.00110253,0.0576393,-0.977845,0,0,0,-0.00197755,0.0556059,-0.0470474,0.640374,0.492495,1
2210,243.942,0,0,0.413436,0.00110253,0.0576393,-0.975785,0,0,0,-0.00247228,0.0558606,-0.0464486,0.640374,0.492495,1
2220,262.595,0,0,0.415356,0.00110253,0.0576393,-0.973713,0,0,0,-0.00252248,0.0560375,-0.0464459,0.640374,0.492495,1
2230,275.793,0,0,0.416464,0.00110253,0.0576393,-0.971633,0,0,0,-0.00214179,0.056105,-0.0465913,0.640374,0.492495,1
2240,278.616,0,0,0.417259,0.00110253,0.0576393,-0.969549,0,0,0,-0.00167555,0.0562325,-0.0465001,0.640374,0.492495,1
2250,274.479,0,0,0.418189,0.00110253,0.0576393,-0.967461,0,0,0,-0.00125886,0.0564898,-0.046206,0.640374,0.492495,1
2260,271.779,0,0,0.419211,0.00110253,0.0576393,-0.965368,0,0,0,-0.00119358,0.0565789,-0.0456996,0.640303,0.492176,1
2270,272.942,0,0,0.420249,0.00110253,0.0576393,-0.963269,0,0,0,-0.0013085,0.0560888,-0.04484,0.64011,0.491686,1
2280,266.438,0,0,0.42146,0.00110253,0.0576393,-0.961165,0,0,0,-0.00131354,0.0551015,-0.0439933,0.63985,0.491236,1
2290,264.188,0,0,0.422852,0.00110253,0.0576393,-0.959055,0,0,0,-0.000952993,0.0540544,-0.0435412,0.639481,0.490736,1
2300,271.667,0,0,0.424102,0.00110253,0.0576393,-0.956938,0,0,0,-0.000588833,0.0532782,-0.0433534,0.639456,0.490738,1
2310,271.415,0,0,0.425217,0.00110253,0.0576393,-0.954815,0,0,0,-0.000366368,0.0528688,-0.0430379,0.639456,0.490738,1
2320,274.219,0,0,0.426271,0.00110253,0.0576393,-0.952686,0,0,0,-0.00018325,0.0529556,-0.042654,0.639131,0.490903,1
2330,282.359,0,0,0.427111,0.00110253,0.0576393,-0.950553,0,0,0,0.000122382,0.0535272,-0.042349,0.639131,0.490903,1
2340,294.681,0,0,0.427541,0.00110253,0.0576393,-0.948416,0,0,0,0.000175626,0.0542844,-0.0420359,0.638929,0.491031,1
2350,311.316,0,0,0.427386,0.00110253,0.0576393,-0.946279,0,0,0,-7.96162e-005,0.0548433,-0.0412996,0.638587,0.491267,1
2360,318.907,0,0,0.42683,0.00110253,0.0576393,-0.944143,0,0,0,-0.000526023,0.0551001,-0.0401325,0.638319,0.491469,1
2370,304.903,0,0,0.426394,0.00110253,0.0576393,-0.94201,0,0,0,-0.00114231,0.0551981,-0.0389269,0.637969,0.491759,1
2380,284.94,0,0,0.426607,0.00110253,0.0576393,-0.939878,0,0,0,-0.0017902,0.0554456,-0.0381411,0.637625,0.492082,1
2390,273.245,0,0,0.42752,0.00110253,0.0576393,-0.937743,0,0,0,-0.00180851,0.0559897,-0.0377294,0.637402,0.492331,1
2400,282.677,0,0,0.428384,0.00110253,0.0576393,-0.935603,0,0,0,-0.0010758,0.0566078,-0.0376449,0.637047,0.492766,1
2410,304.222,0,0,0.428615,0.00110253,0.0576393,-0.93346,0,0,0,-0.000179253,0.0568824,-0.0378236,0.63652,0.493438,1
2420,331.674,0,0,0.427957,0.00110253,0.0576393,-0.931318,0,0,0,0.00046195,0.0567566,-0.0382881,0.636066,0.494038,1
2430,343.129,0,0,0.4267,0.00110253,0.0576393,-0.929181,0,0,0,0.000872087,0.0563183,-0.0389962,0.635789,0.494438,1
2440,344.03,0,0,0.425336,0.00110253,0.0576393,-0.927051,0,0,0,0.00104846,0.0556049,-0.0401103,0.635616,0.494725,1
2450,333.743,0,0,0.424106,0.00110253,0.0576393,-0.924927,0,0,0,0.000973606,0.054763,-0.0414277,0.635457,0.495012,1
2460,321.925,0,0,0.423235,0.00110253,0.0576393,-0.922809,0,0,0,0.000767288,0.054121,-0.0425609,0.63522,0.495473,1
2470,315.046,0,0,0.42262,0.00110253,0.0576393,-0.920694,0,0,0,0.000500276,0.053636,-0.0432611,0.634889,0.496157,1
2480,298.688,0,0,0.422377,0.00110253,0.0576393,-0.918582,0,0,0,0.000291923,0.0530552,-0.0439964,0.634525,0.496954,1
2490,288.522,0,0,0.422669,0.00110253,0.0576393,-0.916469,0,0,0,0.00023841,0.0525765,-0.0450869,0.6342,0.497714,1
2500,296.677,0,0,0.422954,0.00110253,0.0576393,-0.914355,0,0,0,0.000370067,0.0528063,-0.0464426,0.63396,0.49832,1
2510,310.087,0,0,0.422809,0.00110253,0.0576393,-0.91224,0,0,0,0.000513847,0.0537462,-0.047607,0.633804,0.498766,1
2520,317.79,0,0,0.422299,0.00110253,0.0576393,-0.910127,0,0,0,0.000481857,0.0547492,-0.0485312,0.633706,0.499099,1
2530,322.371,0,0,0.421636,0.00110253,0.0576393,-0.908017,0,0,0,0.000191064,0.0554259,-0.0493067,0.633627,0.49931,1
2540,321.707,0,0,0.420877,0.00110253,0.0576393,-0.905911,0,0,0,-2.13102e-005,0.05598,-0.0501712,0.633563,0.499452,1
2550,306.056,0,0,0.420407,0.00110253,0.0576393,-0.903808,0,0,0,9.30002e-005,0.0564203,-0.0511104,0.633535,0.499503,1
2560,284.622,0,0,0.42062,0.00110253,0.0576393,-0.901706,0,0,0,0.000609345,0.0564139,-0.0521801,0.633506,0.499549,1
2570,268.812,0,0,0.421569,0.00110253,0.0576393,-0.899601,0,0,0,0.00119357,0.055948,-0.0531745,0.633506,0.499549,1
2580,269.422,0,0,0.422863,0.00110253,0.0576393,-0.89749,0,0,0,0.00157463,0.0553692,-0.0538843,0.633506,0.499549,1
2590,281.335,0,0,0.423778,0.00110253,0.0576393,-0.895373,0,0,0,0.00161484,0.0547889,-0.0543351,0.633506,0.499549,1
2600,292.056,0,0,0.424249,0.00110253,0.0576393,-0.893253,0,0,0,0.00161406,0.0542331,-0.0550381,0.63341,0.499608,1
2610,299.617,0,0,0.424372,0.00110253,0.0576393,-0.891131,0,0,0,0.00161323,0.0541194,-0.0561197,0.633407,0.499614,1
2620,296.681,0,0,0.4244,0.00110253,0.0576393,-0.88901,0,0,0,0.00158823,0.0545353,-0.057237,0.633295,0.499863,1
2630,291.896,0,0,0.424629,0.00110253,0.0576393,-0.886887,0,0,0,0.00152349,0.0547432,-0.0580804,0.633147,0.500214,1
2640,291.526,0,0,0.424964,0.00110253,0.0576393,-0.884763,0,0,0,0.0016648,0.0541438,-0.0589114,0.63303,0.500537,1
2650,301.358,0,0,0.425073,0.00110253,0.0576393,-0.882638,0,0,0,0.00180841,0.0532001,-0.0600858,0.632933,0.50082,1
2660,307.862,0,0,0.424876,0.00110253,0.0576393,-0.880513,0,0,0,0.00181359,0.0526801,-0.0616213,0.632811,0.501134,1
2670,292.96,0,0,0.424819,0.00110253,0.0576393,-0.878389,0,0,0,0.00166171,0.0527187,-0.063125,0.632693,0.501397,1
2680,256.062,0,0,0.425813,0.00110253,0.0576393,-0.876263,0,0,0,0.00145129,0.0530486,-0.0642922,0.632584,0.501623,1
2690,222.972,0,0,0.428836,0.00110253,0.0576393,-0.874128,0,0,0,0.00100609,0.0535898,-0.065009,0.632494,0.501801,1
2700,245.646,0,0,0.43205,0.00110253,0.0576393,-0.871976,0,0,0,0.000624818,0.0541617,-0.0650453,0.632494,0.501801,1
2710,296.463,0,0,0.433121,0.00110253,0.0576393,-0.869813,0,0,0,0.00066652,0.0544234,-0.0643888,0.632494,0.501801,1
2720,336.889,0,0,0.432493,0.00110253,0.0576393,-0.867648,0,0,0,0.00107883,0.0544897,-0.0635863,0.632494,0.501801,1
2730,375.942,0,0,0.430723,0.00110253,0.0576393,-0.865489,0,0,0,0.00123129,0.0548975,-0.0630202,0.632494,0.501801,1
2740,390.194,0,0,0.428306,0.00110253,0.0576393,-0.863341,0,0,0,0.00103773,0.0555159,-0.0622254,0.632494,0.501801,1
2750,370.196,0,0,0.426041,0.00110253,0.0576393,-0.861205,0,0,0,0.000799855,0.0556791,-0.0608809,0.632494,0.501801,1
2760,335.92,0,0,0.424467,0.00110253,0.0576393,-0.859078,0,0,0,0.000775824,0.0553194,-0.0593376,0.632364,0.501989,1
2770,306.446,0,0,0.423866,0.00110253,0.0576393,-0.856958,0,0,0,0.000856607,0.0549546,-0.0579917,0.632313,0.502069,1
2780,291.928,0,0,0.423985,0.00110253,0.0576393,-0.854838,0,0,0,0.001071,0.0547195,-0.0566566,0.632241,0.502191,1
2790,304.165,0,0,0.424087,0.00110253,0.0576393,-0.852718,0,0,0,0.0012974,0.0545316,-0.0552893,0.632226,0.502219,1
2800,318.845,0,0,0.423657,0.00110253,0.0576393,-0.850598,0,0,0,0.00134305,0.0545353,-0.0541495,0.632225,0.502222,1
2810,318.402,0,0,0.422982,0.00110253,0.0576393,-0.848481,0,0,0,0.00119894,0.0546748,-0.0534237,0.632216,0.502256,1
2820,308.391,0,0,0.422551,0.00110253,0.0576393,-0.846368,0,0,0,0.0011508,0.0545711,-0.0528094,0.632216,0.502256,1
2830,303.478,0,0,0.422376,0.00110253,0.0576393,-0.844255,0,0,0,0.00115533,0.0542692,-0.0522549,0.632216,0.502256,1
2840,300.039,0,0,0.422305,0.00110253,0.0576393,-0.842144,0,0,0,0.000914688,0.0542217,-0.0521327,0.632216,0.502256,1
2850,291.052,0,0,0.422444,0.00110253,0.0576393,-0.840032,0,0,0,0.000378925,0.0544599,-0.0526277,0.632216,0.502256,1
2860,266.615,0,0,0.423292,0.00110253,0.0576393,-0.837918,0,0,0,-8.34162e-005,0.0545614,-0.0530741,0.632216,0.502256,1
2870,255.374,0,0,0.424965,0.00110253,0.0576393,-0.835798,0,0,0,-0.000180757,0.0544004,-0.0530806,0.632216,0.502256,1
2880,260.859,0,0,0.426746,0.00110253,0.0576393,-0.833669,0,0,0,4.13911e-005,0.0542312,-0.053087,0.632216,0.502256,1
2890,268.849,0,0,0.428103,0.00110253,0.0576393,-0.831532,0,0,0,0.000395352,0.054203,-0.0534023,0.632213,0.502277,1
2900,264.811,0,0,0.429386,0.00110253,0.0576393,-0.829389,0,0,0,0.000703356,0.0543726,-0.053464,0.632212,0.502288,1
2910,256.207,0,0,0.431075,0.00110253,0.0576393,-0.827239,0,0,0,0.000764759,0.0548313,-0.0530203,0.632212,0.502288,1
2920,260.504,0,0,0.432863,0.00110253,0.0576393,-0.825079,0,0,0,0.000553706,0.0555003,-0.0525367,0.632212,0.502288,1
2930,281.299,0,0,0.434003,0.00110253,0.0576393,-0.822912,0,0,0,0.000395856,0.0560286,-0.0523998,0.632212,0.502288,1
2940,294.687,0,0,0.434409,0.00110253,0.0576393,-0.820741,0,0,0,0.00031184,0.056327,-0.05231,0.632212,0.502288,1
2950,302.035,0,0,0.434419,0.00110253,0.0576393,-0.818568,0,0,0,-3.74076e-005,0.0566624,-0.0521688,0.632213,0.502296,1
2960,303.48,0,0,0.434312,0.00110253,0.0576393,-0.816397,0,0,0,-0.000677773,0.0570678,-0.0523544,0.632213,0.502296,1
2970,298.728,0,0,0.43426,0.00110253,0.0576393,-0.814225,0,0,0,-0.0009623,0.0571502,-0.0528769,0.632213,0.502296,1
2980,289.98,0,0,0.434478,0.00110253,0.0576393,-0.812054,0,0,0,-0.000620344,0.0568062,-0.052988,0.632213,0.502296,1
2990,291.798,0,0,0.43488,0.00110253,0.0576393,-0.80988,0,0,0,-9.9705e-006,0.056305,-0.0524437,0.632213,0.502296,1
3000,301.56,0,0,0.434975,0.00110253,0.0576393,-0.807705,0,0,0,0.000278317,0.0558227,-0.0519974,0.631808,0.501396,1
3010,313.567,0,0,0.434692,0.00110253,0.0576393,-0.805531,0,0,0,0.000174247,0.0553131,-0.0520544,0.631521,0.50096,1
3020,328.994,0,0,0.433966,0.00110253,0.0576393,-0.803359,0,0,0,-0.00010221,0.0548613,-0.0519349,0.631176,0.500299,1
3030,348.392,0,0,0.432686,0.00110253,0.0576393,-0.801192,0,0,0,-0.00014147,0.054435,-0.0512851,0.631007,0.499727,1
3040,359.286,0,0,0.430999,0.00110253,0.0576393,-0.799032,0,0,0,0.000339089,0.0538837,-0.0507672,0.630963,0.499234,1
3050,351.387,0,0,0.429285,0.00110253,0.0576393,-0.796881,0,0,0,0.00146703,0.0531769,-0.0508288,0.631007,0.498871,1
3060,316.945,0,0,0.428183,0.00110253,0.0576393,-0.794738,0,0,0,0.00255284,0.0527636,-0.0511531,0.631123,0.498465,1
3070,277.16,0,0,0.428423,0.00110253,0.0576393,-0.792597,0,0,0,0.00274762,0.0527746,-0.0514487,0.631318,0.498023,1
3080,252.852,0,0,0.429957,0.00110253,0.0576393,-0.790452,0,0,0,0.00198495,0.0529033,-0.0517889,0.631544,0.49766,1
3090,237.001,0,0,0.43241,0.00110253,0.0576393,-0.788297,0,0,0,0.000915669,0.0529726,-0.0519478,0.631738,0.497431,1
3100,227.814,0,0,0.43574,0.00110253,0.0576393,-0.786127,0,0,0,-0.000235997,0.0532709,-0.0515806,0.631765,0.497412,1
3110,249.045,0,0,0.43861,0.00110253,0.0576393,-0.783942,0,0,0,-0.00121503,0.0537642,-0.0508958,0.631765,0.497412,1
3120,286.481,0,0,0.439907,0.00110253,0.0576393,-0.781745,0,0,0,-0.00159831,0.0542509,-0.0506862,0.631765,0.497412,1
3130,322.542,0,0,0.439669,0.00110253,0.0576393,-0.779545,0,0,0,-0.00143021,0.0546173,-0.0510063,0.631843,0.497527,1
3140,337.386,0,0,0.438566,0.00110253,0.0576393,-0.777349,0,0,0,-0.00117106,0.0548039,-0.051124,0.631809,0.497696,1
3150,326.001,0,0,0.437497,0.00110253,0.0576393,-0.775159,0,0,0,-0.000728002,0.0546374,-0.0506435,0.631724,0.497766,1
3160,296.547,0,0,0.437135,0.00110253,0.0576393,-0.772973,0,0,0,2.49727e-006,0.0543397,-0.0500638,0.631336,0.497973,1
3170,284.895,0,0,0.43761,0.00110253,0.0576393,-0.770786,0,0,0,0.000736365,0.0543888,-0.0495358,0.630847,0.498153,1
3180,302.11,0,0,0.437884,0.00110253,0.0576393,-0.768597,0,0,0,0.0011074,0.0549419,-0.0487075,0.630529,0.498257,1
3190,307.978,0,0,0.437592,0.00110253,0.0576393,-0.766409,0,0,0,0.00102008,0.0555265,-0.0473671,0.630269,0.498378,1
3200,296.323,0,0,0.437533,0.00110253,0.0576393,-0.764221,0,0,0,0.000462032,0.0557805,-0.0459798,0.630092,0.498479,1
3210,286.271,0,0,0.437887,0.00110253,0.0576393,-0.762033,0,0,0,-0.000428182,0.0559013,-0.0448652,0.62998,0.498557,1
3220,275.872,0,0,0.438646,0.00110253,0.0576393,-0.759842,0,0,0,-0.00142571,0.0561054,-0.0441783,0.629949,0.498584,1
3230,274.23,0,0,0.439693,0.00110253,0.0576393,-0.757646,0,0,0,-0.00219087,0.055924,-0.0440015,0.629949,0.498584,1
3240,285.137,0,0,0.440511,0.00110253,0.0576393,-0.755446,0,0,0,-0.00237418,0.0549821,-0.0444303,0.629949,0.498584,1
3250,291.726,0,0,0.440872,0.00110253,0.0576393,-0.753242,0,0,0,-0.0019889,0.0537488,-0.0450182,0.629949,0.498584,1
3260,279.94,0,0,0.441383,0.00110253,0.0576393,-0.751037,0,0,0,-0.00139264,0.0528339,-0.0452678,0.629949,0.498584,1
3270,254.839,0,0,0.442798,0.00110253,0.0576393,-0.748827,0,0,0,-0.000666506,0.0523524,-0.0451825,0.629949,0.498584,1
3280,232.673,0,0,0.445399,0.00110253,0.0576393,-0.746608,0,0,0,0.000254456,0.0523511,-0.0454102,0.629611,0.498681,1
3290,214.853,0,0,0.449392,0.00110253,0.0576393,-0.744372,0,0,0,0.000892672,0.0527299,-0.0461521,0.629421,0.498817,1
3300,226.907,0,0,0.453595,0.00110253,0.0576393,-0.742116,0,0,0,0.000653151,0.053059,-0.0470166,0.629404,0.498846,1
3310,278.586,0,0,0.455762,0.00110253,0.0576393,-0.739842,0,0,0,-0.000198996,0.0531579,-0.047519,0.629392,0.498895,1
3320,333.454,0,0,0.455415,0.00110253,0.0576393,-0.737563,0,0,0,-0.00083203,0.0534081,-0.0477746,0.629367,0.499266,1
3330,362.965,0,0,0.453718,0.00110253,0.0576393,-0.735289,0,0,0,-0.00100688,0.0541181,-0.0479896,0.629383,0.49985,1
3340,358.616,0,0,0.451753,0.00110253,0.0576393,-0.733025,0,0,0,-0.00108306,0.0551043,-0.0483641,0.629452,0.500555,1
3350,339.083,0,0,0.450169,0.00110253,0.0576393,-0.73077,0,0,0,-0.00116526,0.0561024,-0.0489105,0.629549,0.501073,1
3360,301.584,0,0,0.449493,0.00110253,0.0576393,-0.728521,0,0,0,-0.000928769,0.0570117,-0.0494436,0.629588,0.501178,1
3370,272.715,0,0,0.450134,0.00110253,0.0576393,-0.726273,0,0,0,-0.000351666,0.0577915,-0.0493614,0.629588,0.501178,1
3380,255.42,0,0,0.451736,0.00110253,0.0576393,-0.724019,0,0,0,0.000257196,0.0581486,-0.0484957,0.629588,0.501178,1
3390,241.452,0,0,0.454134,0.00110253,0.0576393,-0.721755,0,0,0,0.000639445,0.0579153,-0.0474415,0.629588,0.501178,1
3400,237.82,0,0,0.457102,0.00110253,0.0576393,-0.719478,0,0,0,0.00061747,0.0573579,-0.0469884,0.629588,0.501178,1
3410,256.019,0,0,0.459637,0.00110253,0.0576393,-0.717186,0,0,0,-2.01203e-005,0.0569365,-0.0470016,0.629588,0.501178,1
3420,288.123,0,0,0.460758,0.00110253,0.0576393,-0.714885,0,0,0,-0.00100229,0.0566812,-0.0468489,0.629588,0.501178,1
3430,319.934,0,0,0.460555,0.00110253,0.0576393,-0.712581,0,0,0,-0.00163061,0.0564655,-0.0463618,0.629588,0.501178,1
3440,343.046,0,0,0.459398,0.00110253,0.0576393,-0.710281,0,0,0,-0.00159243,0.0561358,-0.0459997,0.629625,0.50154,1
3450,353.946,0,0,0.457745,0.00110253,0.0576393,-0.707987,0,0,0,-0.00152374,0.0555427,-0.0459877,0.629686,0.502114,1
3460,339.384,0,0,0.456143,0.00110253,0.0576393,-0.705702,0,0,0,-0.00189654,0.0546315,-0.0461799,0.629801,0.502565,1
3470,292.645,0,0,0.455616,0.00110253,0.0576393,-0.703424,0,0,0,-0.00242796,0.0537998,-0.0464309,0.629978,0.503078,1
3480,245.726,0,0,0.457108,0.00110253,0.0576393,-0.701143,0,0,0,-0.00272422,0.053405,-0.0466441,0.630204,0.503607,1
3490,229.553,0,0,0.460414,0.00110253,0.0576393,-0.69885,0,0,0,-0.00272539,0.0533565,-0.0466531,0.63044,0.504049,1
3500,256.248,0,0,0.463225,0.00110253,0.0576393,-0.696541,0,0,0,-0.00218543,0.0534066,-0.046519,0.630638,0.50432,1
3510,303.435,0,0,0.463999,0.00110253,0.0576393,-0.694223,0,0,0,-0.00104254,0.053672,-0.0467189,0.630784,0.504447,1
3520,333.848,0,0,0.4632,0.00110253,0.0576393,-0.691904,0,0,0,-7.18184e-005,0.054296,-0.0473623,0.63103,0.504727,1
3530,347.641,0,0,0.461778,0.00110253,0.0576393,-0.689591,0,0,0,0.000192933,0.0551281,-0.0479179,0.631296,0.505045,1
3540,351.122,0,0,0.460114,0.00110253,0.0576393,-0.687286,0,0,0,0.00024627,0.055824,-0.0480785,0.631376,0.505105,1
3550,334.507,0,0,0.458625,0.00110253,0.0576393,-0.684989,0,0,0,0.000456169,0.0562944,-0.0483176,0.631376,0.505105,1
3560,281.653,0,0,0.458374,0.00110253,0.0576393,-0.682697,0,0,0,0.000479754,0.0566176,-0.0489998,0.631376,0.505105,1
3570,224.86,0,0,0.46077,0.00110253,0.0576393,-0.680401,0,0,0,0.000361071,0.0570187,-0.0497606,0.631376,0.505105,1
3580,192.31,0,0,0.466248,0.00110253,0.0576393,-0.678086,0,0,0,0.000627543,0.0576991,-0.0498724,0.631376,0.505105,1
3590,205.524,0,0,0.472481,0.00110253,0.0576393,-0.67574,0,0,0,0.00119127,0.0586634,-0.0491559,0.631376,0.505105,1
3600,250.224,0,0,0.476276,0.00110253,0.0576393,-0.673368,0,0,0,0.00118665,0.0594196,-0.0480589,0.631632,0.505186,1
3610,306.507,0,0,0.477047,0.00110253,0.0576393,-0.670984,0,0,0,0.000263299,0.0594008,-0.047113,0.632123,0.505312,1
3620,326.467,0,0,0.476265,0.00110253,0.0576393,-0.6686,0,0,0,-0.00104715,0.0585903,-0.0464787,0.632703,0.505441,1
3630,311.989,0,0,0.475498,0.00110253,0.0576393,-0.666221,0,0,0,-0.00192554,0.0576515,-0.0462416,0.633347,0.50558,1
3640,284.161,0,0,0.475632,0.00110253,0.0576393,-0.663843,0,0,0,-0.00194809,0.0571049,-0.0463958,0.633943,0.505719,1
3650,278.377,0,0,0.476544,0.00110253,0.0576393,-0.661463,0,0,0,-0.00108215,0.0568174,-0.0469193,0.634583,0.505876,1
3660,281.927,0,0,0.477362,0.00110253,0.0576393,-0.659079,0,0,0,0.000245401,0.0562964,-0.047846,0.635091,0.505991,1
3670,280.538,0,0,0.47809,0.00110253,0.0576393,-0.65669,0,0,0,0.00139824,0.0553706,-0.0492995,0.635514,0.506068,1
3680,272.218,0,0,0.479193,0.00110253,0.0576393,-0.654297,0,0,0,0.00180731,0.0542966,-0.0510211,0.636032,0.506144,1
3690,283.22,0,0,0.480171,0.00110253,0.0576393,-0.651899,0,0,0,0.00154,0.0534911,-0.0525257,0.636391,0.506184,1
3700,300.666,0,0,0.48047,0.00110253,0.0576393,-0.649497,0,0,0,0.000896668,0.0531311,-0.0534787,0.636391,0.506184,1
3710,319.232,0,0,0.48005,0.00110253,0.0576393,-0.647096,0,0,0,0.000167287,0.0531156,-0.0541082,0.636391,0.506184,1
3720,325.631,0,0,0.479156,0.00110253,0.0576393,-0.644697,0,0,0,-0.000426376,0.053235,-0.0547778,0.636391,0.506184,1
3730,315.928,0,0,0.478334,0.00110253,0.0576393,-0.642303,0,0,0,-0.000518741,0.0533685,-0.0554909,0.636391,0.506184,1
3740,308.268,0,0,0.477991,0.00110253,0.0576393,-0.639913,0,0,0,5.04587e-005,0.0535484,-0.0558319,0.636391,0.506184,1
3750,317.701,0,0,0.477441,0.00110253,0.0576393,-0.637524,0,0,0,0.00119227,0.0539467,-0.0557278,0.636391,0.506184,1
3760,311.775,0,0,0.476846,0.00110253,0.0576393,-0.635138,0,0,0,0.0022594,0.0546167,-0.0553666,0.636391,0.506184,1
3770,297.62,0,0,0.476723,0.00110253,0.0576393,-0.632754,0,0,0,0.00262901,0.055422,-0.0549101,0.636391,0.506184,1
3780,298.094,0,0,0.476824,0.00110253,0.0576393,-0.63037,0,0,0,0.00215721,0.0562836,-0.0543334,0.636391,0.506184,1
3790,294.081,0,0,0.476947,0.00110253,0.0576393,-0.627986,0,0,0,0.0013029,0.0572577,-0.0538175,0.636391,0.506184,1
3800,276.164,0,0,0.477605,0.00110253,0.0576393,-0.6256,0,0,0,0.000478567,0.0582146,-0.053389,0.637021,0.506076,1
3810,274.973,0,0,0.478726,0.00110253,0.0576393,-0.62321,0,0,0,4.67733e-005,0.0586547,-0.0529029,0.637721,0.505937,1
3820,278.107,0,0,0.479708,0.00110253,0.0576393,-0.620814,0,0,0,-2.61152e-005,0.0581877,-0.0522207,0.638233,0.505815,1
3830,271.497,2.22011e-006,-1.97651e-007,0.480787,0.00110253,0.0576393,-0.618413,-0.179161,0.0159502,-0.317258,6.33489e-005,0.0571575,-0.0515898,0.638345,0.505776,1
3840,267.168,4.78462e-005,-3.78275e-006,0.482299,0.00110266,0.0576393,-0.616006,-0.188515,0.0128269,-0.327333,7.424e-006,0.0563739,-0.0512303,0.638345,0.505776,1
3850,271.658,9.7448e-005,-3.88455e-006,0.483757,0.00110302,0.0576393,-0.613591,-0.31739,-0.204539,-0.610205,-0.000120883,0.0561401,-0.0510762,0.638345,0.505776,1
3860,269.466,0.00017919,4.84905e-005,0.485183,0.00110371,0.0576394,-0.611169,-0.339285,-0.217523,-0.628169,-0.000199075,0.0561491,-0.0508355,0.638345,0.505776,1
3870,272.801,0.000266334,0.00010406,0.486725,0.00110482,0.0576398,-0.608739,-0.35799,-0.228873,-0.640417,-5.77667e-005,0.0560029,-0.0505995,0.638345,0.505776,1
3880,296.461,0.000356974,0.000162072,0.487538,0.00110637,0.0576404,-0.606303,-0.368852,-0.237475,-0.641484,5.51103e-006,0.0555195,-0.0506226,0.638345,0.505776,1
3890,312.822,0.000447223,0.00022368,0.48739,0.00110839,0.0576414,-0.603866,-0.263958,-0.421235,-0.920059,-0.000221366,0.0546575,-0.0508138,0.638345,0.505776,1
3900,294.705,0.00051166,0.000329444,0.487426,0.00111079,0.0576428,-0.601429,-0.257464,-0.432234,-0.921232,-0.000472303,0.0537829,-0.0508261,0.638345,0.505776,1
3910,259.823,0.000575812,0.00043816,0.488702,0.0011135,0.0576447,-0.59899,-0.25077,-0.437563,-0.92363,-0.000240157,0.0534559,-0.0506525,0.638541,0.505619,1
3920,231.436,0.000640799,0.000549946,0.491892,0.00111654,0.0576472,-0.59654,-0.243726,-0.439984,-0.929979,2.99529e-005,0.0537913,-0.050325,0.638771,0.505422,1
3930,221.345,0.000707365,0.000661736,0.49619,0.00111991,0.0576502,-0.594071,-0.361252,-0.236642,-1.22158,-0.000159557,0.0542031,-0.0495374,0.638825,0.505372,1
3940,211.18,0.00080386,0.000726,0.501384,0.00112369,0.0576537,-0.591578,-0.357939,-0.226637,-1.25283,-0.000459659,0.0543958,-0.0482252,0.638825,0.505372,1
3950,222.3,0.000901129,0.000788343,0.506762,0.00112795,0.0576575,-0.589059,-0.35861,-0.214764,-1.29331,-0.000268195,0.0546391,-0.0468574,0.638825,0.505372,1
3960,265.126,0.00099598,0.00084468,0.510031,0.00113269,0.0576615,-0.586517,-0.363486,-0.20181,-1.34477,0.000174513,0.0551312,-0.0457249,0.638963,0.505189,1
3970,313.94,0.00108765,0.00089352,0.510682,0.0011379,0.0576659,-0.583964,-0.372265,-0.188064,-1.40613,0.000588773,0.0555173,-0.0446362,0.639248,0.504782,1
3980,332.598,0.00117915,0.000936393,0.510016,0.00114357,0.0576705,-0.581412,-0.385578,-0.172597,-1.47439,0.000941809,0.0556343,-0.0432917,0.639491,0.504412,1
3990,321.167,0.00127393,0.000974983,0.509225,0.0011497,0.0576753,-0.578863,-0.402455,-0.156807,-1.54349,0.000966574,0.0557247,-0.0418511,0.639897,0.503813,1
4000,294.257,0.00137529,0.00101182,0.509411,0.00115632,0.0576802,-0.576317,-0.419762,-0.144604,-1.60477,9.26638e-005,0.0560341,-0.0407233,0.640406,0.503352,1
4010,289.316,0.00148265,0.00104767,0.510279,0.00116346,0.0576854,-0.573768,-0.436209,-0.138083,-1.65431,-0.00127974,0.0562271,-0.0400393,0.640618,0.502847,1
4020,302.683,0.00159313,0.00108191,0.510815,0.00117115,0.0576907,-0.571215,-0.452824,-0.137331,-1.69628,-0.00210469,0.0561146,-0.0396238,0.640675,0.50241,1
4030,310.904,0.00170639,0.00111606,0.510973,0.0011794,0.0576962,-0.568661,-0.467804,-0.144741,-1.73394,-0.00195658,0.0560009,-0.0395005,0.640621,0.502058,1
4040,337.699,0.00181867,0.00114964,0.510456,0.00118821,0.0577019,-0.566106,-0.345972,0.0208442,-2.06622,-0.00139975,0.0560318,-0.0396394,0.640479,0.501639,1
4050,358.246,0.0018964,0.00114201,0.509099,0.00119751,0.0577076,-0.563557,-0.336516,0.00571865,-2.11867,-0.000525678,0.0558902,-0.0395538,0.640284,0.501264,1
4060,356.819,0.00197095,0.00113843,0.507565,0.00120718,0.0577133,-0.561015,-0.330055,-0.0152628,-2.18603,0.000694101,0.0554882,-0.0391025,0.640045,0.500891,1
4070,338.129,0.00204581,0.00114156,0.506364,0.00121722,0.057719,-0.55848,-0.3315,-0.0430763,-2.26792,0.00157759,0.0551782,-0.0390574,0.639784,0.500492,1
4080,318.386,0.00212419,0.00115396,0.505868,0.00122764,0.0577247,-0.555949,-0.336769,-0.0770588,-2.35849,0.00135432,0.0549491,-0.0398165,0.639532,0.50013,1
4090,291.476,0.00220767,0.00117688,0.506341,0.00123847,0.0577305,-0.553419,-0.341066,-0.108902,-2.4609,0.000472121,0.0544276,-0.0405468,0.639272,0.499809,1
4100,270.531,0.00229688,0.00120871,0.507869,0.00124973,0.0577365,-0.550884,-0.347426,-0.128189,-2.58003,-0.000368751,0.0535112,-0.0404864,0.639095,0.499638,1
4110,253.291,0.00239338,0.00124567,0.510415,0.00126145,0.0577426,-0.548339,-0.362923,-0.130383,-2.70819,-0.000942717,0.052638,-0.0398562,0.639095,0.499638,1
4120,231.863,0.00250155,0.00128415,0.514271,0.00127368,0.057749,-0.545779,-0.389035,-0.113333,-2.82761,-0.00105533,0.0521576,-0.0392352,0.639095,0.499638,1
4130,222.93,0.0026208,0.00131817,0.51915,0.00128648,0.0577555,-0.543197,-0.289812,-0.0712172,-3.26936,-0.000532469,0.0520828,-0.0388676,0.639095,0.499638,1
4140,232.239,0.00271752,0.00133958,0.524288,0.00129982,0.0577621,-0.540589,-0.312269,-0.0104013,-3.35521,0.000103846,0.0522651,-0.0387235,0.639095,0.499638,1
4150,255.447,0.00281316,0.00134154,0.528102,0.00131364,0.0577688,-0.537958,-0.333333,0.0550567,-3.41186,0.000269663,0.0530918,-0.0385381,0.639095,0.499638,1
4160,285.73,0.00290576,0.00132419,0.530344,0.00132794,0.0577755,-0.535312,-0.353357,0.111551,-3.44949,5.30681e-005,0.0545927,-0.0380091,0.639071,0.499642,1
4170,315.357,0.00299524,0.00129014,0.531105,0.00134269,0.057782,-0.532658,-0.373694,0.161034,-3.47795,-8.00867e-005,0.0559381,-0.0371307,0.63861,0.499794,1
4180,333.892,0.00308411,0.0012415,0.530867,0.00135789,0.0577884,-0.530002,-0.394543,0.210621,-3.4995,-9.08842e-005,0.0563016,-0.0364425,0.637957,0.500032,1
4190,313.261,0.00317739,0.00118086,0.530623,0.00137354,0.0577944,-0.527348,-0.409536,0.256922,-3.5116,-0.000360363,0.0559679,-0.036531,0.637315,0.50023,1
4200,250.892,0.00328553,0.00111478,0.532505,0.00138969,0.0578002,-0.524692,-0.410847,0.29155,-3.52117,-0.000996157,0.0556224,-0.0372506,0.636656,0.500398,1
4210,215.217,0.00341351,0.00104813,0.537718,0.00140642,0.0578056,-0.522019,-0.40154,0.315612,-3.54929,-0.00162339,0.0556401,-0.0378571,0.63592,0.50058,1
4220,225.475,0.00354418,0.000976821,0.543644,0.00142381,0.0578106,-0.519316,-0.391747,0.335595,-3.61242,-0.00178766,0.05582,-0.0380724,0.635415,0.500743,1
4230,251.748,0.0036629,0.000897569,0.547987,0.00144183,0.0578153,-0.516587,-0.382869,0.350202,-3.70611,-0.00163056,0.0557776,-0.0384739,0.635232,0.50082,1
4240,283.089,0.00376729,0.000813116,0.550606,0.00146041,0.0578196,-0.513841,-0.365594,0.349225,-3.81724,-0.00150064,0.055311,-0.0394939,0.635232,0.50082,1
4250,313.775,0.00385386,0.000729298,0.551513,0.00147947,0.0578235,-0.511085,-0.334207,0.321843,-3.94422,-0.00120275,0.0545872,-0.0407418,0.635232,0.50082,1
4260,343.968,0.00392297,0.000654823,0.551281,0.00149892,0.0578269,-0.508327,-0.292347,0.261238,-4.09399,-0.000248637,0.0538685,-0.0417194,0.635232,0.50082,1
4270,351.093,0.00397508,0.000598973,0.550306,0.00151868,0.05783,-0.505572,-0.24365,0.165947,-4.26357,0.00101296,0.0533805,-0.0425266,0.635232,0.50082,1
4280,338.006,0.00401591,0.000570445,0.549627,0.00153866,0.057833,-0.502822,-0.187921,0.0474365,-4.4338,0.0018875,0.0531821,-0.0436142,0.635232,0.50082,1
4290,334.839,0.00404462,0.00057164,0.549337,0.00155882,0.0578358,-0.500075,-0.119286,-0.0525902,-4.61854,0.00188627,0.0531642,-0.0451043,0.635232,0.50082,1
4300,350.652,0.0040536,0.00059441,0.548763,0.00157908,0.0578387,-0.497329,-0.0495564,-0.153586,-4.76946,0.00118591,0.0533143,-0.0467392,0.635232,0.50082,1
4310,334.676,0.00404473,0.000639205,0.548146,0.00159933,0.0578418,-0.494586,0.0137304,-0.222546,-4.8391,0.000116099,0.0538959,-0.0481754,0.635232,0.50082,1
4320,314.046,0.00402669,0.000700833,0.548459,0.00161952,0.0578451,-0.491845,0.0731076,-0.269796,-4.90848,-0.000649259,0.05497,-0.0490365,0.635232,0.50082,1
4330,298.99,0.00399835,0.000773285,0.549376,0.00163959,0.0578488,-0.4891,0.136242,-0.314353,-4.91412,-0.00082524,0.0560519,-0.0492589,0.634735,0.501005,1
4340,288.065,0.00396118,0.000854444,0.550971,0.00165949,0.0578529,-0.48635,0.168481,-0.331436,-4.93492,-0.000561877,0.0566593,-0.0491784,0.633971,0.50124,1
4350,292.967,0.00391898,0.000937046,0.552681,0.00167919,0.0578574,-0.483591,0.198455,-0.326074,-4.9003,-0.000455897,0.056951,-0.0493311,0.633101,0.501481,1
4360,290.647,0.00386848,0.0010161,0.554125,0.00169866,0.0578622,-0.480824,0.222365,-0.306393,-4.85804,-0.000527471,0.0572631,-0.0497513,0.632675,0.501562,1
4370,272.363,0.00381371,0.0010899,0.556406,0.00171787,0.0578675,-0.478048,0.576853,-0.262355,-5.72641,-0.000673092,0.0577387,-0.0501153,0.632675,0.501562,1
4380,285.686,0.00367284,0.00115161,0.558928,0.0017366,0.0578731,-0.47526,0.621162,-0.216606,-5.77572,-0.000587327,0.0582608,-0.0502938,0.632675,0.501562,1
4390,297.529,0.0035141,0.00119942,0.560684,0.00175457,0.057879,-0.472461,0.679964,-0.162643,-5.8683,-0.000453049,0.0584088,-0.0507947,0.632675,0.501562,1
4400,294.812,0.00333687,0.00123246,0.562283,0.00177171,0.0578851,-0.469653,0.760086,-0.100633,-5.99042,-0.000464811,0.0577626,-0.0520766,0.632661,0.501541,1
4410,294.46,0.00313948,0.00124997,0.564144,0.00178791,0.0578913,-0.466837,0.850081,-0.0338757,-6.13297,-0.000927522,0.056505,-0.0539033,0.632661,0.501541,1
4420,317.542,0.00291636,0.00124942,0.565378,0.00180306,0.0578976,-0.464013,0.937199,0.032099,-6.31293,-0.00132769,0.0552593,-0.0555175,0.632661,0.501541,1
4430,335.228,0.00266955,0.00122783,0.565752,0.00181703,0.0579038,-0.461185,0.860776,0.37699,-6.96759,-0.00125577,0.0545487,-0.0567555,0.632676,0.50144,1
4440,331.616,0.00243941,0.00112294,0.566042,0.00182981,0.0579096,-0.458355,0.944743,0.444865,-7.2145,-0.000611704,0.0543476,-0.0581372,0.632818,0.501038,1
4450,330.067,0.00218537,0.00100174,0.566541,0.00184139,0.057915,-0.455523,1.35356,0.516262,-7.92966,3.52103e-005,0.0543412,-0.0601575,0.632941,0.500794,1
4460,310.38,0.00183363,0.000863815,0.567583,0.00185145,0.0579196,-0.452688,1.45321,0.584229,-8.17796,0.000498732,0.0543641,-0.0624882,0.633124,0.500326,1
4470,264.171,0.00146693,0.000711738,0.570356,0.0018597,0.0579236,-0.449844,1.51543,0.650294,-8.39282,0.00067475,0.054634,-0.0646068,0.633376,0.49955,1
4480,243.361,0.00109631,0.000549124,0.575333,0.00186611,0.0579267,-0.446981,1.38197,0.447187,-9.0001,0.000820131,0.0550665,-0.0662361,0.633569,0.498814,1
4490,226.046,0.000763198,0.00043474,0.581515,0.00187075,0.0579292,-0.444091,1.34971,0.506271,-9.0319,0.000790535,0.0552295,-0.0673458,0.633688,0.498196,1
4500,208.912,0.00044264,0.000302636,0.589556,0.00187376,0.057931,-0.441165,1.27881,0.59404,-8.92657,0.000393087,0.0548852,-0.0679214,0.633746,0.49767,1
4510,219.057,0.000142976,0.000144721,0.597715,0.0018752,0.0579322,-0.438198,0.875232,0.702458,-9.20224,-0.00046885,0.0544196,-0.0683748,0.633749,0.497278,1
4520,218.349,-6.6907e-005,-3.98583e-005,0.60549,0.00187539,0.0579324,-0.435192,0.832208,0.783499,-9.08486,-0.0012529,0.0543245,-0.0689218,0.633719,0.496976,1
4530,232.359,-0.000276583,-0.00024058,0.612909,0.00187454,0.0579317,-0.432146,0.85806,0.820753,-8.94499,-0.00169822,0.0547456,-0.0688929,0.633655,0.496675,1
4540,269.975,-0.000498163,-0.000446843,0.618027,0.00187261,0.05793,-0.429069,0.915175,0.823515,-8.69827,-0.00174108,0.0554487,-0.0675072,0.633544,0.496262,1
4550,287.969,-0.000727709,-0.000642194,0.621101,0.00186954,0.0579273,-0.425971,0.909224,0.715692,-8.49079,-0.00163611,0.0561165,-0.0654078,0.633392,0.495806,1
4560,300.418,-0.000935379,-0.000781747,0.623532,0.00186536,0.0579237,-0.422859,0.732128,0.363035,-8.55656,-0.00154736,0.0564821,-0.0638075,0.633305,0.495598,1
4570,301.87,-0.001079,-0.000805582,0.625491,0.00186029,0.0579197,-0.419736,0.414606,-0.193994,-8.85975,-0.00152003,0.0562927,-0.0628478,0.633293,0.495576,1
4580,282.653,-0.00114623,-0.000694237,0.628148,0.0018547,0.0579159,-0.416603,0.14201,-0.679087,-9.09129,-0.00114417,0.0557819,-0.0617967,0.633163,0.495371,1
4590,269.657,-0.00116607,-0.000491088,0.631936,0.00184891,0.0579129,-0.413453,0.0213477,-0.928792,-9.2408,-0.000460162,0.0555519,-0.0604282,0.633146,0.495353,1
4600,265.438,-0.00117216,-0.000254663,0.636121,0.00184307,0.057911,-0.410284,0.00849001,-0.962573,-9.3462,-7.5274e-005,0.0556779,-0.0589021,0.633146,0.495353,1
4610,260.331,-0.00117899,-2.42353e-005,0.640811,0.00183719,0.0579103,-0.407092,0.0104191,-0.887974,-9.45876,-0.000249058,0.0554892,-0.0572566,0.633146,0.495353,1
4620,287.39,-0.00118582,0.000178128,0.644879,0.00183128,0.0579107,-0.403878,0.0265909,-0.729575,-9.63704,-0.000631528,0.0551238,-0.0557174,0.633146,0.495353,1
4630,328.398,-0.00119944,0.000331474,0.646669,0.00182532,0.057912,-0.400648,0.104055,-0.505308,-9.88445,-0.00105031,0.0553522,-0.0549655,0.633146,0.495353,1
4640,318.554,-0.00123872,0.000428766,0.647796,0.00181924,0.057914,-0.397412,0.242842,-0.295748,-10.0903,-0.0014793,0.0560184,-0.0550769,0.633146,0.495353,1
4650,280.91,-0.00132374,0.000482514,0.650471,0.00181286,0.0579162,-0.394167,0.457809,-0.144445,-10.1065,-0.00143797,0.0559535,-0.0552456,0.633146,0.495353,1
4660,266.646,-0.00148081,0.000503651,0.654667,0.00180589,0.0579187,-0.390905,0.804535,-0.0191191,-9.86599,-0.000684775,0.0552021,-0.0547914,0.633146,0.495353,1
4670,253.299,-0.00174167,0.000500683,0.659608,0.00179788,0.0579212,-0.38762,1.25646,0.0366971,-9.45616,0.000361411,0.0546123,-0.0541797,0.633146,0.495353,1
4680,241.588,-0.00211478,0.000506644,0.665518,0.00178829,0.0579237,-0.384309,1.64381,-0.100476,-9.07633,0.00094685,0.0545056,-0.0540197,0.633146,0.495353,1
4690,239.766,-0.00256662,0.000572103,0.671928,0.00177661,0.0579264,-0.380966,1.85759,-0.419244,-8.76786,0.00110527,0.0545256,-0.054221,0.633146,0.495353,1
4700,259.463,-0.00305646,0.000723564,0.677604,0.00176256,0.0579296,-0.377592,1.96812,-0.768508,-8.41021,0.00119184,0.0546728,-0.0540395,0.633129,0.495409,1
4710,301.816,-0.00355745,0.000947441,0.680764,0.00174603,0.0579338,-0.374195,2.01704,-0.994671,-7.97176,0.00131735,0.0545596,-0.0533081,0.633029,0.495277,1
4720,348.994,-0.0040404,0.00119406,0.68121,0.00172702,0.0579391,-0.370789,1.91894,-0.969959,-7.54764,0.00113336,0.0540173,-0.0524133,0.632915,0.495168,1
4730,352.547,-0.00447133,0.0013999,0.6804,0.00170571,0.0579456,-0.367384,1.6821,-0.696972,-7.12515,0.000826678,0.0535723,-0.0517872,0.632915,0.495168,1
4740,348.506,-0.00484315,0.00151252,0.679678,0.0016824,0.057953,-0.363984,1.47074,-0.220769,-6.55811,0.000456093,0.0542561,-0.0512348,0.632915,0.495168,1
4750,328.236,-0.00517759,0.00148096,0.679235,0.00165733,0.0579605,-0.360586,1.35401,0.480896,-5.67331,3.27648e-005,0.0555608,-0.0506957,0.632915,0.495168,1
4760,299.554,-0.0054913,0.0012478,0.679849,0.00163065,0.0579674,-0.357189,1.20278,1.43118,-4.38166,-0.000530616,0.0563261,-0.0503206,0.632915,0.495168,1
4770,285.745,-0.005769,0.00074702,0.681302,0.00160248,0.0579726,-0.353786,1.00785,2.68406,-2.67232,-0.00082556,0.0559914,-0.0501633,0.632915,0.495168,1
4780,290.282,-0.00601427,-0.000133077,0.682468,0.00157302,0.0579743,-0.350377,0.949444,4.57124,-0.484784,-0.000766182,0.0552033,-0.0499202,0.632915,0.495168,1
4790,287.353,-0.00625795,-0.00160672,0.682832,0.00154234,0.0579702,-0.346963,0.955693,6.80929,1.71327,-0.000371402,0.0543204,-0.0496608,0.632915,0.49519,1
4800,278.459,-0.00647801,-0.00384097,0.68298,0.00151046,0.0579571,-0.343549,0.0182073,11.5011,5.04458,1.70814e-005,0.0537635,-0.0497152,0.633086,0.495712,1
4810,272.726,-0.00648458,-0.0074993,0.68279,0.00147805,0.0579295,-0.340135,-0.529218,18.2931,9.7293,0.000394303,0.053876,-0.050083,0.633493,0.496394,1
4820,303.282,-0.00649875,-0.0131499,0.680294,0.00144574,0.0578789,-0.336725,1.23733,27.5905,16.0133,0.000479331,0.0547372,-0.0504031,0.634076,0.49707,1
4830,322.165,-0.00714383,-0.0214332,0.674492,0.00141195,0.0577937,-0.333337,4.61383,40.0047,23.3285,0.000153933,0.055544,-0.0504105,0.634734,0.497859,1
4840,289.13,-0.00873093,-0.0330077,0.667305,0.00137266,0.057659,-0.329983,8.47444,53.9251,29.579,-0.000594616,0.0557962,-0.0501459,0.635056,0.498376,1
4850,223.668,-0.0111943,-0.0479022,0.662633,0.00132312,0.057458,-0.32666,10.5655,63.444,33.41,-0.00116325,0.0554565,-0.0497663,0.635111,0.498605,1
4860,209.104,-0.0138507,-0.0644771,0.661626,0.00126041,0.0571773,-0.323352,9.06461,63.5735,31.4412,-0.00133187,0.054938,-0.0495174,0.635111,0.498605,1
4870,250.264,-0.0156176,-0.0797966,0.659769,0.00118617,0.0568157,-0.320049,3.78249,54.3419,25.2827,-0.00106592,0.0544873,-0.0494029,0.635111,0.498605,1
4880,294.687,-0.0157685,-0.0918544,0.655717,0.00110699,0.0563851,-0.31676,-2.79733,41.4599,18.7589,-0.000543816,0.0545165,-0.0493316,0.635427,0.498551,1
4890,322.369,-0.0143541,-0.100557,0.651203,0.0010311,0.0559027,-0.313493,-7.96398,30.0812,13.6779,0.000341639,0.0551325,-0.0491012,0.635847,0.498488,1
4900,334.93,-0.0118234,-0.106619,0.6466,0.000965218,0.0553838,-0.310248,-12.0525,21.4237,11.268,0.00108685,0.0561789,-0.0487162,0.636493,0.498452,1
4910,322.951,-0.00835632,-0.110942,0.642386,0.000914379,0.0548392,-0.307025,-15.7759,15.9133,11.4516,0.00140156,0.057037,-0.0481811,0.637117,0.498439,1
4920,314.987,-0.00394871,-0.114265,0.638391,0.000883197,0.0542758,-0.303823,-19.7603,12.3306,13.8726,0.00116732,0.0573975,-0.0478654,0.638132,0.498418,1
4930,294.969,0.00141607,-0.116829,0.634185,0.000876485,0.0536978,-0.300641,-23.3769,8.82498,17.0209,0.000610625,0.057432,-0.04787,0.639035,0.498388,1
4940,258.988,0.00754544,-0.118823,0.631101,0.000898619,0.0531085,-0.297479,-25.7854,5.10512,19.7184,-0.000128858,0.0574579,-0.0481385,0.639471,0.498331,1
4950,263.752,0.0141737,-0.120251,0.628621,0.000952747,0.0525107,-0.29433,-27.2314,2.45886,22.5821,-0.000558863,0.0573691,-0.0483621,0.639683,0.498262,1
4960,309.759,0.0210799,-0.120759,0.623165,0.00104079,0.0519078,-0.291199,-28.3772,0.780258,26.2608,-0.000597203,0.0571287,-0.0487022,0.639815,0.498186,1
4970,329.649,0.0281713,-0.120485,0.615088,0.00116387,0.0513043,-0.288103,-29.1021,-1.41182,29.8676,-0.00041732,0.0566834,-0.0491425,0.63996,0.498073,1
4980,323.984,0.0353059,-0.119564,0.606067,0.0013226,0.0507039,-0.285049,-28.8602,-3.88503,32.6595,-6.62644e-005,0.0559892,-0.0496568,0.64001,0.498014,1
4990,313.575,0.0422922,-0.118293,0.596656,0.0015167,0.0501092,-0.282042,-28.0047,-4.38575,35.9757,0.000345672,0.0553067,-0.0499385,0.64001,0.498014,1
