step,rz,Epot,Epot00,prob_atom_crd[2],prob_atom_f[2],target_crd[2]
0,-0.5,833.878,0,-0.497208,-1.89837,0.00279202
1,-0.49,719.133,-114.745,-0.486629,-2.70471,0.00337065
2,-0.48,681.603,-152.275,-0.476062,-3.09889,0.00393788
3,-0.47,665.453,-168.425,-0.465987,-3.48813,0.00401277
4,-0.46,657.844,-176.034,-0.456369,-3.96184,0.00363053
5,-0.45,654.972,-178.906,-0.446823,-4.46799,0.00317734
6,-0.44,653.613,-180.265,-0.437045,-4.99911,0.0029549
7,-0.43,652.688,-181.19,-0.427206,-5.55777,0.00279417
8,-0.42,651.427,-182.451,-0.417336,-6.44523,0.00266397
9,-0.41,646.878,-187,-0.407351,-7.44386,0.00264934
10,-0.4,643.377,-190.501,-0.396804,-8.46673,0.00319591
11,-0.39,640.639,-193.239,-0.386465,-9.78731,0.00353534
12,-0.38,637.323,-196.555,-0.376095,-10.9566,0.00390527
13,-0.37,635.893,-197.985,-0.365509,-11.8626,0.00449108
14,-0.36,635.203,-198.675,-0.354568,-12.528,0.00543155
15,-0.35,634.591,-199.288,-0.343857,-12.825,0.00614276
16,-0.34,633.989,-199.889,-0.333461,-12.403,0.00653908
17,-0.33,633.184,-200.695,-0.323665,-9.98749,0.00633483
18,-0.32,630.107,-203.771,-0.31502,-9.68018,0.00498043
19,-0.31,626.754,-207.125,-0.305413,-6.35948,0.0045869
20,-0.3,625.067,-208.811,-0.295757,0.509822,0.0042433
21,-0.29,624.401,-209.477,-0.286226,11.8327,0.00377374
22,-0.28,624.288,-209.59,-0.276427,30.1746,0.00357287
23,-0.27,624.679,-209.199,-0.266652,59.8368,0.00334774
24,-0.26,625.467,-208.411,-0.25674,102.291,0.00326028
25,-0.25,626.702,-207.176,-0.246807,160.193,0.00319283
26,-0.24,628.724,-205.155,-0.236879,223.239,0.00312128
27,-0.23,626.09,-207.788,-0.226972,101.67,0.00302789
28,-0.22,625.778,-208.1,-0.215941,3.91534,0.00405851
29,-0.21,637.807,-196.071,-0.203103,107.288,0.00689741
30,-0.2,648.791,-185.087,-0.192917,35.2999,0.00708349
31,-0.19,660.449,-173.429,-0.181272,-10.6354,0.00872834
32,-0.18,669.08,-164.798,-0.168839,-7.9255,0.0111605
33,-0.17,689.194,-144.684,-0.156389,-6.99962,0.013611
34,-0.16,702.287,-131.591,-0.142535,-17.3647,0.0174651
35,-0.15,713.375,-120.503,-0.127835,-15.7334,0.0221654
36,-0.14,657.836,-176.043,-0.11461,86.1962,0.0253903
37,-0.13,904.971,71.0929,-0.103469,3752.31,0.0265314
38,-0.12,1028.82,194.938,-0.0962018,1227.81,0.0237982
39,-0.11,1160.59,326.711,-0.0879375,1108.87,0.0220625
40,-0.1,1257.34,423.465,-0.0783297,506.03,0.0216703
41,-0.09,1347.64,513.767,-0.0683371,220.994,0.0216629
42,-0.08,1406.29,572.414,-0.0571796,77.9951,0.0228204
43,-0.07,1461.35,627.47,-0.0432524,154.732,0.0267476
44,-0.06,1524.18,690.297,-0.0284373,124.768,0.0315627
45,-0.05,980.236,146.358,-0.013101,785.093,0.036899
46,-0.04,1360.82,526.947,-0.00752416,556.3,0.0324758
47,-0.03,2048.87,1214.99,-0.00287443,282.564,0.0271256
48,-0.02,1997.65,1163.78,0.0037122,39.4563,0.0237122
49,-0.01,2537.89,1704.01,0.0261361,295.698,0.0361361
50,-2.08167e-017,2707.24,1873.36,0.048667,956.168,0.048667
51,0.01,2459.82,1625.94,0.0646223,363.261,0.0546223
52,0.02,2144.24,1310.36,0.0864081,1441.79,0.0664081
53,0.03,1781.84,947.961,0.104944,828.562,0.0749436
54,0.04,1156.67,322.793,0.129222,615.739,0.0892217
55,0.05,1865.92,1032.04,0.143203,8791.08,0.0932031
56,0.06,1955.9,1122.02,0.152209,261.92,0.0922087
57,0.07,1803.22,969.339,0.161488,53.1863,0.091488
58,0.08,1662.84,828.961,0.192889,110.839,0.112889
59,0.09,1596.31,762.431,0.216401,232.014,0.126401
60,0.1,1536.54,702.667,0.233154,505.395,0.133154
61,0.11,1451.58,617.698,0.244732,401.211,0.134732
62,0.12,1404.95,571.075,0.258009,491.783,0.138009
63,0.13,1151,317.121,0.272197,493.394,0.142197
64,0.14,1032.75,198.87,0.280079,-766.189,0.140079
65,0.15,899.355,65.4772,0.280214,-45.7943,0.130214
66,0.16,1082.59,248.715,0.270677,-152.474,0.110677
67,0.17,1261.28,427.397,0.270276,-49.4356,0.100276
68,0.18,1301.88,467.997,0.268166,14.4386,0.0881658
69,0.19,1297.29,463.413,0.258163,16.3697,0.0681628
70,0.2,1263.85,429.968,0.250446,18.1656,0.0504457
71,0.21,1226.04,392.162,0.246564,18.8588,0.0365637
72,0.22,1000.65,166.771,0.248296,16.5264,0.0282955
73,0.23,734.251,-99.6274,0.252659,-151.533,0.0226589
74,0.24,683.579,-150.299,0.272822,-59.2108,0.0328217
75,0.25,655.847,-178.031,0.283471,-31.0081,0.0334707
76,0.26,643.497,-190.381,0.290049,-33.3753,0.030049
77,0.27,638.339,-195.539,0.296823,-19.473,0.0268231
78,0.28,634.12,-199.758,0.302837,2.76007,0.0228369
79,0.29,633.215,-200.663,0.307543,-2.14796,0.0175431
80,0.3,632.676,-201.202,0.313615,-2.64222,0.0136152
81,0.31,631.065,-202.814,0.320508,1.97183,0.0105077
82,0.32,629.477,-204.401,0.328043,-18.8654,0.00804309
83,0.33,627.878,-206,0.337737,-4.15678,0.00773657
84,0.34,627.031,-206.847,0.347082,3.61581,0.00708237
85,0.35,626.385,-207.493,0.356269,7.40073,0.00626887
86,0.36,625.908,-207.97,0.365344,8.77095,0.00534366
87,0.37,625.6,-208.278,0.374439,9.74815,0.00443922
88,0.38,625.512,-208.367,0.383761,10.1247,0.0037613
89,0.39,625.542,-208.336,0.393355,10.0217,0.0033553
90,0.4,625.382,-208.496,0.403142,9.77377,0.00314231
91,0.41,624.892,-208.986,0.412904,9.29981,0.00290407
92,0.42,624.877,-209.001,0.423009,8.53663,0.00300891
93,0.43,624.729,-209.149,0.432926,7.95225,0.00292647
94,0.44,624.755,-209.123,0.442942,7.29608,0.00294233
95,0.45,624.799,-209.079,0.452891,6.70532,0.00289097
96,0.46,624.838,-209.04,0.462791,6.1317,0.00279108
97,0.47,624.885,-208.993,0.472773,5.59008,0.00277265
98,0.48,624.955,-208.923,0.482726,4.71148,0.0027261
99,0.49,625.003,-208.876,0.492655,4.11895,0.0026555
