step,rz,Epot,Epot00,prob_atom_crd[2],prob_atom_f[2],target_crd[2],BondedTermsEnergy,NonBondedTermsEnergy,BondStretchEnergy,AngleStretchEnergy,TorsionEnergy,OutOfPlaneEnergy,DispersionEnergy,ElectrostaticEnergy,NonBondedEnergyC,NonBondedEnergyD
0,0.709283,-5116.62,0,0.638993,-2.01355,-0.0702896,-5419.81,303.192,98.2326,324.132,-6581.78,739.607,340.01,-36.8173,0,0
1,0.696503,-5116.17,0.449885,0.626213,-0.391616,-0.0702896,-5420.52,304.263,97.7691,324.423,-6582.34,739.631,341.157,-36.8942,0,0
2,0.683723,-5116.64,-0.0168812,0.613433,-1.95767,-0.0702896,-5419.83,303.197,98.2053,324.085,-6581.72,739.599,340.024,-36.8268,0,0
3,0.670943,-5117.5,-0.880166,0.600653,0.132417,-0.0702896,-5419.8,302.302,98.2888,324.566,-6582.11,739.456,339.08,-36.7781,0,0
4,0.658163,-5116.9,-0.282365,0.587874,-0.497421,-0.0702896,-5419.78,302.882,98.2703,324.014,-6581.67,739.601,339.69,-36.8084,0,0
5,0.645383,-5116.8,-0.180584,0.575094,-0.121208,-0.0702896,-5419.75,302.955,98.3291,324.096,-6581.87,739.695,339.761,-36.806,0,0
6,0.632603,-5117.38,-0.758388,0.562314,1.70086,-0.0702896,-5419.99,302.609,98.0823,324,-6581.71,739.644,339.434,-36.8241,0,0
7,0.619824,-5116.46,0.157538,0.549534,-0.940339,-0.0702896,-5419.78,303.321,98.2734,324.128,-6581.78,739.596,340.132,-36.811,0,0
8,0.607044,-5116.21,0.411449,0.536754,0.0740939,-0.0702896,-5419.78,303.572,98.2859,324.096,-6581.77,739.604,340.386,-36.8134,0,0
9,0.594264,-5117.47,-0.85203,0.523974,-0.331214,-0.0702896,-5419.89,302.508,98.121,323.953,-6581.62,739.656,339.336,-36.8277,0,0
10,0.581484,-5117.35,-0.730257,0.511194,-0.789666,-0.0702896,-5419.47,302.117,98.401,324.892,-6582.23,739.467,338.869,-36.7514,0,0
11,0.568704,-5117.44,-0.81659,0.498415,-1.76959,-0.0702896,-5419.74,302.306,98.3025,323.937,-6581.6,739.622,339.11,-36.8045,0,0
12,0.555924,-5116.58,0.0361906,0.485635,0.916896,-0.0702896,-5419.8,303.22,98.24,324.347,-6581.92,739.53,340.028,-36.808,0,0
13,0.543144,-5116.62,-0.000341818,0.472855,1.1835,-0.0702896,-5419.78,303.166,98.2641,324.166,-6581.8,739.585,339.977,-36.8115,0,0
14,0.530365,-5117.8,-1.18625,0.460075,-0.484947,-0.0702896,-5419.91,302.108,98.2832,323.976,-6581.71,739.539,338.943,-36.8348,0,0
15,0.517585,-5116.95,-0.331761,0.447295,1.1102,-0.0702896,-5419.72,302.812,98.1528,324.912,-6582.2,739.421,339.602,-36.7901,0,0
16,0.504805,-5117.67,-1.05582,0.434515,-0.408685,-0.0702896,-5419.93,302.257,98.3317,323.809,-6581.67,739.6,339.085,-36.8284,0,0
17,0.492025,-5116.52,0.0940704,0.421735,0.774421,-0.0702896,-5419.53,303.007,98.424,324.089,-6581.62,739.575,339.821,-36.8138,0,0
18,0.479245,-5117.32,-0.70619,0.408956,0.551118,-0.0702896,-5420.25,302.929,98.0305,324.286,-6582.15,739.575,339.766,-36.8377,0,0
19,0.466465,-5116.7,-0.0796965,0.396176,-1.02801,-0.0702896,-5419.8,303.108,98.2503,324.144,-6581.76,739.562,339.931,-36.8228,0,0
20,0.453685,-5116.49,0.127007,0.383396,-0.339318,-0.0702896,-5419.58,303.089,98.5682,324.012,-6581.75,739.584,339.912,-36.8237,0,0
21,0.440905,-5117.3,-0.678389,0.370616,-0.265086,-0.0702896,-5419.49,302.193,98.5305,324.135,-6581.62,739.469,339.013,-36.8202,0,0
22,0.428126,-5116.61,0.0101564,0.357836,0.397265,-0.0702896,-5419.44,302.832,98.5835,323.82,-6581.53,739.687,339.645,-36.8131,0,0
23,0.415346,-5117.77,-1.15336,0.345056,-0.454853,-0.0702896,-5419.8,302.025,98.2815,324.029,-6581.7,739.595,338.824,-36.7985,0,0
24,0.402566,-5117.02,-0.40265,0.332276,-0.408021,-0.0702896,-5419.91,302.885,98.2588,324.019,-6581.76,739.573,339.715,-36.8302,0,0
25,0.389786,-5117.6,-0.977783,0.319497,-0.934365,-0.0702896,-5419.63,302.036,98.4102,323.946,-6581.59,739.601,338.839,-36.8028,0,0
26,0.377006,-5116.71,-0.0900292,0.306717,-1.36173,-0.0702896,-5419.88,303.168,98.3209,323.765,-6581.62,739.654,340.001,-36.8332,0,0
27,0.364226,-5116.53,0.0845547,0.293937,-1.8937,-0.0702896,-5419.75,303.212,98.2882,323.763,-6581.49,739.69,340.052,-36.8401,0,0
28,0.351446,-5116.51,0.106465,0.281157,-1.1788,-0.0702896,-5419.69,303.18,98.3396,323.979,-6581.64,739.632,339.997,-36.8164,0,0
29,0.338667,-5117.76,-1.13794,0.268377,-3.31945,-0.0702896,-5419.49,301.729,98.4837,323.996,-6581.55,739.587,338.531,-36.802,0,0
30,0.325887,-5117.06,-0.440973,0.255597,-3.9028,-0.0702896,-5420.1,303.034,98.127,324.234,-6581.98,739.513,339.854,-36.82,0,0
31,0.313107,-5117.22,-0.596725,0.242817,-4.19178,-0.0702896,-5419.58,302.361,98.491,323.93,-6581.62,739.625,339.177,-36.8161,0,0
32,0.300327,-5116.87,-0.254827,0.230037,-3.33869,-0.0702896,-5419.94,303.069,98.35,323.863,-6581.71,739.558,339.922,-36.8533,0,0
33,0.287547,-5117.67,-1.05114,0.217258,-3.08501,-0.0702896,-5419.64,301.972,98.4372,323.773,-6581.49,739.635,338.81,-36.8379,0,0
34,0.274767,-5116.54,0.0747104,0.204478,-2.7981,-0.0702896,-5420.18,303.765,98.5153,324.056,-6582.13,739.378,340.618,-36.8532,0,0
35,0.261987,-5117.09,-0.471767,0.191698,-2.03892,-0.0702896,-5419.72,302.633,98.5032,324.086,-6581.89,739.573,339.456,-36.8231,0,0
36,0.249208,-5116.91,-0.294298,0.178918,-5.28389,-0.0702896,-5419.77,302.853,98.3761,323.792,-6581.57,739.635,339.697,-36.8435,0,0
37,0.236428,-5117.07,-0.451059,0.166138,-4.88092,-0.0702896,-5419.78,302.71,98.3733,323.695,-6581.49,739.645,339.561,-36.8509,0,0
38,0.223648,-5117.13,-0.509501,0.153358,-4.48919,-0.0702896,-5419.74,302.614,98.4297,323.716,-6581.52,739.635,339.462,-36.8482,0,0
39,0.210868,-5117.06,-0.4372,0.140578,-4.6323,-0.0702896,-5419.74,302.635,98.4292,323.436,-6581.32,739.72,339.486,-36.8512,0,0
40,0.198088,-5117.13,-0.512474,0.127799,-3.4334,-0.0702896,-5419.73,302.603,98.5313,323.366,-6581.31,739.678,339.468,-36.865,0,0
41,0.185308,-5116.78,-0.15732,0.115019,-5.86174,-0.0702896,-5419.79,303.013,98.4398,323.458,-6581.36,739.677,339.877,-36.8641,0,0
42,0.172528,-5116.94,-0.321424,0.102239,-2.26196,-0.0702896,-5420.43,303.492,97.9154,324.002,-6581.89,739.537,340.406,-36.9143,0,0
43,0.159749,-5117.22,-0.602782,0.089459,0.0585882,-0.0702896,-5419.63,302.41,98.5429,323.776,-6581.56,739.606,339.253,-36.8427,0,0
44,0.146969,-5117.16,-0.544959,0.0766792,-2.38425,-0.0702896,-5419.82,302.656,98.3693,323.258,-6581.22,739.774,339.538,-36.8821,0,0
45,0.134189,-5117.39,-0.76793,0.0638993,-0.745731,-0.0702896,-5419.7,302.31,98.4831,323.64,-6581.45,739.628,339.167,-36.857,0,0
46,0.121409,-5117.53,-0.913801,0.0511194,-0.453654,-0.0702896,-5419.75,302.218,98.4951,323.631,-6581.49,739.616,339.081,-36.863,0,0
47,0.108629,-5117.53,-0.911738,0.0383396,2.13337,-0.0702896,-5419.74,302.209,98.4939,323.723,-6581.55,739.59,339.067,-36.8581,0,0
48,0.0958493,-5117.49,-0.868118,0.0255597,4.61385,-0.0702896,-5419.72,302.235,98.5266,323.804,-6581.6,739.551,339.09,-36.8551,0,0
49,0.0830694,-5117.55,-0.929004,0.0127799,6.0317,-0.0702896,-5419.71,302.158,98.5504,323.948,-6581.7,739.493,339.006,-36.8484,0,0
50,0.0702896,-5117.53,-0.906938,0,5.70204,-0.0702896,-5419.67,302.147,98.5836,324.114,-6581.81,739.443,338.984,-36.8371,0,0
51,0.0575097,-5117.41,-0.788851,-0.0127799,4.56539,-0.0702896,-5419.68,302.271,98.6099,324.249,-6581.92,739.384,339.102,-36.8313,0,0
52,0.0447298,-5117.22,-0.605572,-0.0255597,4.01727,-0.0702896,-5419.67,302.444,98.6427,324.416,-6582.05,739.318,339.266,-36.8219,0,0
53,0.03195,-5117.17,-0.555761,-0.0383396,3.63866,-0.0702896,-5419.67,302.492,98.657,324.569,-6582.16,739.264,339.305,-36.8133,0,0
54,0.0191701,-5117.13,-0.515777,-0.0511194,2.52233,-0.0702896,-5419.66,302.525,98.6734,324.645,-6582.21,739.236,339.333,-36.8086,0,0
55,0.00639025,-5117.07,-0.447053,-0.0638993,0.662976,-0.0702896,-5419.64,302.574,98.7006,324.66,-6582.23,739.226,339.38,-36.8059,0,0
56,-0.00638961,-5116.84,-0.22647,-0.0766792,-2.44979,-0.0702896,-5419.65,302.803,98.7035,324.615,-6582.2,739.234,339.611,-36.8078,0,0
57,-0.0191695,-5116.71,-0.0872653,-0.089459,-4.73373,-0.0702896,-5419.64,302.93,98.706,324.547,-6582.15,739.258,339.741,-36.8102,0,0
58,-0.0319493,-5116.77,-0.149476,-0.102239,-4.8608,-0.0702896,-5419.66,302.893,98.6861,324.391,-6582.04,739.306,339.714,-36.8207,0,0
59,-0.0447292,-5116.83,-0.207852,-0.115019,-4.13582,-0.0702896,-5419.67,302.852,98.6651,324.245,-6581.94,739.357,339.681,-36.8296,0,0
60,-0.057509,-5117.1,-0.484197,-0.127799,-4.40026,-0.0702896,-5419.69,302.59,98.6401,324.052,-6581.81,739.425,339.432,-36.8414,0,0
61,-0.0702889,-5117.29,-0.672551,-0.140578,-3.48129,-0.0702896,-5419.7,302.404,98.6105,323.904,-6581.69,739.482,339.255,-36.851,0,0
62,-0.0830688,-5117.42,-0.801093,-0.153358,-1.79166,-0.0702896,-5419.7,302.282,98.5895,323.776,-6581.6,739.53,339.141,-36.8595,0,0
63,-0.0958486,-5117.44,-0.816817,-0.166138,0.39152,-0.0702896,-5419.71,302.275,98.5658,323.673,-6581.52,739.567,339.141,-36.8656,0,0
64,-0.108628,-5117.41,-0.791917,-0.178918,2.84283,-0.0702896,-5419.69,302.28,98.522,323.597,-6581.41,739.605,339.156,-36.8753,0,0
65,-0.121408,-5117.55,-0.933488,-0.191698,-1.41125,-0.0702896,-5419.7,302.192,98.4886,323.93,-6581.66,739.54,339.045,-36.8534,0,0
66,-0.134188,-5117.29,-0.675064,-0.204478,-9.34985,-0.0702896,-5419.47,302.174,98.6767,324.394,-6581.96,739.421,338.983,-36.8089,0,0
67,-0.146968,-5117.4,-0.782898,-0.217258,3.03367,-0.0702896,-5419.67,302.225,98.5347,323.99,-6581.68,739.482,339.083,-36.8577,0,0
68,-0.159748,-5117.27,-0.651606,-0.230037,3.56238,-0.0702896,-5419.75,302.516,98.4293,323.254,-6581.19,739.755,339.41,-36.8945,0,0
69,-0.172528,-5117.14,-0.525299,-0.242817,-0.957411,-0.0702896,-5419.59,302.446,98.5191,324.473,-6582,739.414,339.287,-36.8401,0,0
70,-0.185308,-5116.96,-0.34539,-0.255597,1.1199,-0.0702896,-5420.17,303.248,98.2538,323.962,-6581.91,739.527,340.111,-36.8627,0,0
71,-0.198088,-5117.07,-0.446605,-0.268377,3.9622,-0.0702896,-5419.46,302.526,98.4765,324.088,-6581.64,739.619,339.362,-36.836,0,0
72,-0.210867,-5116.9,-0.285848,-0.281157,4.91578,-0.0702896,-5419.68,302.777,98.46,323.88,-6581.62,739.599,339.619,-36.8415,0,0
73,-0.223647,-5116.99,-0.371981,-0.293937,4.14688,-0.0702896,-5419.05,302.064,98.5753,323.416,-6580.88,739.839,338.917,-36.8529,0,0
74,-0.236427,-5116.77,-0.148528,-0.306717,4.29024,-0.0702896,-5419.99,303.051,98.3866,323.614,-6581.55,739.559,339.932,-36.8811,0,0
75,-0.249207,-5116.66,-0.0439643,-0.319496,3.61462,-0.0702896,-5419.39,302.73,98.4934,323.838,-6581.38,739.657,339.571,-36.8412,0,0
76,-0.261987,-5116.95,-0.336218,-0.332276,3.44132,-0.0702896,-5419.68,302.721,98.4357,323.821,-6581.52,739.586,339.561,-36.8399,0,0
77,-0.274767,-5116.42,0.199904,-0.345056,2.70089,-0.0702896,-5419.41,302.996,98.4175,323.867,-6581.39,739.688,339.84,-36.8442,0,0
78,-0.287547,-5116.82,-0.199685,-0.357836,1.98179,-0.0702896,-5419.56,302.742,98.4647,323.576,-6581.25,739.649,339.597,-36.8551,0,0
79,-0.300326,-5116.56,0.0592603,-0.370616,1.61797,-0.0702896,-5419.88,303.321,98.4501,324.075,-6581.93,739.523,340.161,-36.8403,0,0
80,-0.313106,-5117.01,-0.394222,-0.383396,0.926504,-0.0702896,-5419.59,302.572,98.4987,323.764,-6581.47,739.625,339.409,-36.8364,0,0
81,-0.325886,-5116.65,-0.0328343,-0.396176,1.36742,-0.0702896,-5418.52,301.864,99.3588,324.61,-6581.91,739.43,338.561,-36.6968,0,0
82,-0.338666,-5116.78,-0.159898,-0.408956,1.43124,-0.0702896,-5419.52,302.745,98.4629,324.029,-6581.65,739.631,339.565,-36.8198,0,0
83,-0.351446,-5116.68,-0.0577399,-0.421735,2.7207,-0.0702896,-5419.16,302.482,98.6271,323.98,-6581.37,739.603,339.31,-36.8275,0,0
84,-0.364226,-5116.53,0.0849418,-0.434515,3.11752,-0.0702896,-5419.36,302.743,98.5259,323.568,-6581.22,739.763,339.579,-36.8359,0,0
85,-0.377006,-5116.16,0.457446,-0.447295,3.02425,-0.0702896,-5420.63,304.474,98.0832,323.561,-6581.81,739.536,341.428,-36.9543,0,0
86,-0.389785,-5116.92,-0.304024,-0.460075,2.46081,-0.0702896,-5419.6,302.763,98.4267,324.094,-6581.68,739.562,339.586,-36.8223,0,0
87,-0.402565,-5116.43,0.18853,-0.472855,-0.0632403,-0.0702896,-5418.38,301.947,99.3351,324.765,-6581.45,738.972,338.727,-36.7795,0,0
88,-0.415345,-5116.17,0.449057,-0.485635,-0.728315,-0.0702896,-5418.91,302.78,98.761,324.891,-6581.95,739.388,339.511,-36.7309,0,0
89,-0.428125,-5117.04,-0.420619,-0.498415,1.5661,-0.0702896,-5419.13,302.138,98.6516,323.455,-6581,739.763,338.966,-36.828,0,0
90,-0.440905,-5116.58,0.0335495,-0.511194,0.802869,-0.0702896,-5419.24,302.657,98.5842,324.049,-6581.52,739.648,339.464,-36.8062,0,0
91,-0.453685,-5117.3,-0.683047,-0.523974,-0.600976,-0.0702896,-5419.23,301.924,98.4724,325.458,-6582.46,739.299,338.685,-36.7609,0,0
92,-0.466465,-5116.43,0.185391,-0.536754,-1.31075,-0.0702896,-5419.59,303.158,98.4479,323.669,-6581.37,739.664,340.005,-36.847,0,0
93,-0.479244,-5116.45,0.170274,-0.549534,-1.55576,-0.0702896,-5419.79,303.22,98.2027,323.805,-6581.52,739.72,340.074,-36.8546,0,0
94,-0.492024,-5116.71,-0.0927806,-0.562314,-2.49406,-0.0702896,-5419.13,302.42,98.5391,324.022,-6581.4,739.709,339.212,-36.7924,0,0
95,-0.504804,-5116.62,-0.00634975,-0.575094,-2.75286,-0.0702896,-5419.71,303.086,97.762,324.193,-6581.53,739.863,339.914,-36.8273,0,0
96,-0.517584,-5116.49,0.128372,-0.587874,-2.91038,-0.0702896,-5419.79,303.304,98.522,323.983,-6581.81,739.51,340.139,-36.8355,0,0
97,-0.530364,-5116.38,0.240013,-0.600653,-0.994379,-0.0702896,-5419.56,303.178,98.4925,324.181,-6581.76,739.526,340.013,-36.835,0,0
98,-0.543144,-5116.66,-0.0416625,-0.613433,1.29594,-0.0702896,-5419.83,303.17,98.2207,324.117,-6581.77,739.6,339.993,-36.8226,0,0
99,-0.555924,-5116.44,0.179541,-0.626213,-0.61202,-0.0702896,-5419.79,303.352,97.9008,325.332,-6582.38,739.352,340.175,-36.8233,0,0
