step,T,r,sn_vel[0],sn_vel[1],sn_vel[2],sn_crd[0],sn_crd[1],sn_crd[2],sn_f[0],sn_f[1],sn_f[2],target_crd[0],target_crd[1],target_crd[2],boundary[0],boundary[1],boundary[2]
0,0.00181245,1.03381,0,0,0,-2.18099e-008,1.02953e-008,0.981818,0,0,0,0.00027482,0.0551516,-0.050518,0.63645,0.498851,1
10,0.279118,1.03379,0,0,0,-2.18099e-008,1.02953e-008,0.981818,0,0,0,0.000284513,0.0551535,-0.0505044,0.63645,0.498851,1
20,0.354899,1.03372,0,0,0,-2.18099e-008,1.02953e-008,0.981818,0,0,0,0.000322356,0.0551682,-0.0504295,0.63645,0.498851,1
30,0.524203,1.03361,0,0,0,-2.18099e-008,1.02953e-008,0.981818,0,0,0,0.00037615,0.0551818,-0.0503138,0.63645,0.498851,1
40,0.66761,1.03353,0,0,0,-2.18099e-008,1.02953e-008,0.981818,0,0,0,0.000392279,0.0551826,-0.0502392,0.63645,0.498851,1
50,0.777591,1.0335,0,0,0,-2.18099e-008,1.02953e-008,0.981818,0,0,0,0.000377842,0.0551689,-0.0502114,0.63645,0.498851,1
60,0.859879,1.03342,0,0,0,-2.18099e-008,1.02953e-008,0.981818,0,0,0,0.000378125,0.0551605,-0.0501242,0.63645,0.498851,1
70,0.957784,1.03325,0,0,0,-2.18099e-008,1.02953e-008,0.981818,0,0,0,0.000391737,0.0551567,-0.0499572,0.63645,0.498851,1
80,0.982759,1.0331,0,0,0,-2.18099e-008,1.02953e-008,0.981818,0,0,0,0.000378337,0.0551543,-0.0498066,0.63645,0.498851,1
90,1.03009,1.03302,0,0,0,-2.18099e-008,1.02953e-008,0.981818,0,0,0,0.00034945,0.0551499,-0.0497277,0.63645,0.498851,1
100,1.04342,1.03294,0,0,0,-2.18099e-008,1.02953e-008,0.981818,0,0,0,0.000340287,0.0551487,-0.0496528,0.63645,0.498851,1
110,10.1863,1.03267,0,0,0,-2.18099e-008,1.02953e-008,0.981818,0,0,0,0.000349972,0.0551476,-0.0493799,0.63645,0.498851,1
120,17.457,1.03221,0,0,0,-2.18099e-008,1.02953e-008,0.981818,0,0,0,0.000326667,0.0551447,-0.0489164,0.63645,0.498851,1
130,22.544,1.03167,0,0,0,-2.18099e-008,1.02953e-008,0.981818,0,0,0,0.000279413,0.0551359,-0.0483778,0.63645,0.498851,1
140,25.9148,1.03107,0,0,0,-2.18099e-008,1.02953e-008,0.981818,0,0,0,0.000250217,0.055124,-0.047777,0.63645,0.498851,1
150,28.1082,1.03044,0,0,0,-2.18099e-008,1.02953e-008,0.981818,0,0,0,0.000207279,0.0551014,-0.047144,0.63645,0.498851,1
160,29.3744,1.02984,0,0,0,-2.18099e-008,1.02953e-008,0.981818,0,0,0,0.000119399,0.055072,-0.0465442,0.63645,0.498851,1
170,29.9944,1.02925,0,0,0,-2.18099e-008,1.02953e-008,0.981818,0,0,0,4.69431e-005,0.0550491,-0.0459608,0.63645,0.498851,1
180,30.2648,1.0286,0,0,0,-2.18099e-008,1.02953e-008,0.981818,0,0,0,2.71693e-005,0.0550379,-0.045304,0.63645,0.498851,1
190,30.2838,1.02789,0,0,0,-2.18099e-008,1.02953e-008,0.981818,0,0,0,1.02988e-005,0.0550286,-0.044596,0.63645,0.498851,1
200,30.1286,1.02725,0,0,0,-2.18099e-008,1.02953e-008,0.981818,0,0,0,-3.32616e-005,0.0550211,-0.0439604,0.63645,0.498851,1
210,39.2916,1.02666,0,0,0,-2.18099e-008,1.02953e-008,0.981818,0,0,0,-6.73489e-005,0.055018,-0.0433633,0.63645,0.498851,1
220,45.386,1.02596,0,0,0,-2.18099e-008,1.02953e-008,0.981818,0,0,0,-8.77665e-005,0.0550013,-0.0426675,0.63645,0.498851,1
230,49.2816,1.02515,0,0,0,-2.18099e-008,1.02953e-008,0.981818,0,0,0,-0.000143741,0.054968,-0.041853,0.63645,0.498851,1
240,51.6524,1.02434,0,0,0,-2.18099e-008,1.02953e-008,0.981818,0,0,0,-0.000235461,0.0549343,-0.0410442,0.63645,0.498851,1
250,52.9026,1.02359,0,0,0,-2.18099e-008,1.02953e-008,0.981818,0,0,0,-0.00032153,0.0549015,-0.0402938,0.63645,0.498851,1
260,53.3985,1.02282,0,0,0,-2.18099e-008,1.02953e-008,0.981818,0,0,0,-0.000411131,0.0548446,-0.039535,0.63645,0.498851,1
270,53.3031,1.02204,0,0,0,-2.18099e-008,1.02953e-008,0.981818,0,0,0,-0.000513321,0.0547846,-0.0387481,0.63645,0.498851,1
280,52.7705,1.02129,0,0,0,-2.18099e-008,1.02953e-008,0.981818,0,0,0,-0.000574831,0.0547481,-0.038007,0.63645,0.498851,1
290,51.8443,1.02059,0,0,0,-2.18099e-008,1.02953e-008,0.981818,0,0,0,-0.000587329,0.0547313,-0.0372985,0.63645,0.498851,1
300,50.7705,1.01984,0,0,0,-2.18099e-008,1.02953e-008,0.981818,0,0,0,-0.000621587,0.0547079,-0.0365541,0.63645,0.498851,1
310,58.5672,1.01904,0,0,0,-2.18099e-008,1.02953e-008,0.981818,0,0,0,-0.000693838,0.0546988,-0.0357505,0.63645,0.498851,1
320,63.1227,1.01826,0,0,0,-2.18099e-008,1.02953e-008,0.981818,0,0,0,-0.000737334,0.0546994,-0.0349757,0.63645,0.498851,1
330,65.2685,1.01749,0,0,0,-2.18099e-008,1.02953e-008,0.981818,0,0,0,-0.000734416,0.0546824,-0.0342051,0.63645,0.498851,1
340,65.9738,1.01663,0,0,0,-2.18099e-008,1.02953e-008,0.981818,0,0,0,-0.000727851,0.0546288,-0.0333399,0.63645,0.498851,1
350,65.868,1.01568,0,0,0,-2.18099e-008,1.02953e-008,0.981818,0,0,0,-0.000724356,0.0545935,-0.0323916,0.63645,0.498851,1
360,65.2714,1.01478,0,0,0,-2.18099e-008,1.02953e-008,0.981818,0,0,0,-0.000709462,0.0545804,-0.0314904,0.63645,0.498851,1
370,64.6222,1.01389,0,0,0,-2.18099e-008,1.02953e-008,0.981818,0,0,0,-0.000680437,0.0545595,-0.0305987,0.63645,0.498851,1
380,64.3185,1.01291,0,0,0,-2.18099e-008,1.02953e-008,0.981818,0,0,0,-0.000619213,0.0544988,-0.0296234,0.63645,0.498851,1
390,64.263,1.01185,0,0,0,-2.18099e-008,1.02953e-008,0.981818,0,0,0,-0.000524587,0.0544343,-0.0285648,0.63645,0.498851,1
400,64.8409,1.0108,0,0,0,-2.18099e-008,1.02953e-008,0.981818,0,0,0,-0.000455879,0.0543603,-0.0275219,0.63645,0.498851,1
410,74.9422,1.00966,0,0,0,-2.18099e-008,1.02953e-008,0.981818,0,0,0,-0.000421625,0.0542823,-0.0263799,0.63645,0.498851,1
420,82.4602,1.00833,0,0,0,-2.18099e-008,1.02953e-008,0.981818,0,0,0,-0.00034819,0.0542139,-0.0250577,0.63645,0.498851,1
430,88.4804,1.00691,0,0,0,-2.18099e-008,1.02953e-008,0.981818,0,0,0,-0.000224592,0.0541917,-0.0236294,0.63645,0.498851,1
440,93.4061,1.00555,0,0,0,-2.18099e-008,1.02953e-008,0.981818,0,0,0,-0.000126473,0.0541759,-0.0222727,0.63645,0.498851,1
450,97.1607,1.00421,0,0,0,-2.18099e-008,1.02953e-008,0.981818,0,0,0,-3.55268e-005,0.0541451,-0.0209335,0.63645,0.498851,1
460,99.9896,1.0028,0,0,0,-2.18099e-008,1.02953e-008,0.981818,0,0,0,0.000110382,0.0540931,-0.0195247,0.63645,0.498851,1
470,101.528,1.00136,0,0,0,-2.18099e-008,1.02953e-008,0.981818,0,0,0,0.000288788,0.0540648,-0.0180789,0.63645,0.498851,1
480,102.147,1.00007,0,0,0,-2.18099e-008,1.02953e-008,0.981818,0,0,0,0.000473476,0.0540778,-0.0167853,0.63645,0.498851,1
490,101.529,0.998902,0,0,0,-2.18099e-008,1.02953e-008,0.981818,0,0,0,0.00071334,0.0541204,-0.0156167,0.63645,0.498851,1
500,100.219,0.997769,0,0,0,-2.18099e-008,1.02953e-008,0.981818,0,0,0,0.000995559,0.0541461,-0.0144798,0.63645,0.498851,1
510,107.781,0.996594,0,0,0,-2.18099e-008,1.02953e-008,0.981818,0,0,0,0.0012552,0.0541847,-0.0133005,0.63645,0.498851,1
520,112.902,0.995457,0,0,0,-2.18099e-008,1.02953e-008,0.981818,0,0,0,0.00146291,0.0542864,-0.0121568,0.63645,0.498851,1
530,117.602,0.994351,0,0,0,-2.18099e-008,1.02953e-008,0.981818,0,0,0,0.0016189,0.054421,-0.0110408,0.63645,0.498851,1
540,122.667,0.993302,0,0,0,-2.18099e-008,1.02953e-008,0.981818,0,0,0,0.00173441,0.0545227,-0.00998433,0.63645,0.498851,1
550,128.499,0.992373,0,0,0,-2.18099e-008,1.02953e-008,0.981818,0,0,0,0.00188278,0.0545945,-0.00904966,0.63645,0.498851,1
560,134.29,0.991603,0,0,0,-2.18099e-008,1.02953e-008,0.981818,0,0,0,0.00209408,0.054629,-0.00827651,0.63645,0.498851,1
570,138.928,0.990859,0,0,0,-2.18099e-008,1.02953e-008,0.981818,0,0,0,0.00230621,0.0545853,-0.00753316,0.63645,0.498851,1
580,141.943,0.990135,0,0,0,-2.18099e-008,1.02953e-008,0.981818,0,0,0,0.00257046,0.0545372,-0.00681074,0.63645,0.498851,1
590,142.453,0.989608,0,0,0,-2.18099e-008,1.02953e-008,0.981818,0,0,0,0.00301991,0.054568,-0.00627998,0.63645,0.498851,1
600,141.424,0.989407,0,0,0,-2.18099e-008,1.02953e-008,0.981818,0,0,0,0.00353847,0.0546028,-0.00607488,0.63645,0.498851,1
610,149.564,0.989408,0,0,0,-2.18099e-008,1.02953e-008,0.981818,0,0,0,0.003897,0.0545384,-0.00607782,0.63645,0.498851,1
620,154.336,0.989472,0,0,0,-2.18099e-008,1.02953e-008,0.981818,0,0,0,0.00417822,0.0544688,-0.00614453,0.63645,0.498851,1
630,158.698,0.989632,0,0,0,-2.18099e-008,1.02953e-008,0.981818,0,0,0,0.004543,0.0544834,-0.00630232,0.63645,0.498851,1
640,162.943,0.989991,0,0,0,-2.18099e-008,1.02953e-008,0.981818,0,0,0,0.00488657,0.0545282,-0.00665805,0.63645,0.498851,1
650,167.381,0.990586,0,0,0,-2.18099e-008,1.02953e-008,0.981818,0,0,0,0.0050821,0.0545402,-0.00725207,0.63645,0.498851,1
660,172.283,0.9914,0,0,0,-2.18099e-008,1.02953e-008,0.981818,0,0,0,0.00528845,0.0546036,-0.00806324,0.63645,0.498851,1
670,176.074,0.992431,0,0,0,-2.18099e-008,1.02953e-008,0.981818,0,0,0,0.00556754,0.0547424,-0.00908576,0.63645,0.498851,1
680,178.772,0.993573,0,0,0,-2.18099e-008,1.02953e-008,0.981818,0,0,0,0.00581391,0.0548777,-0.0102212,0.63645,0.498851,1
690,181.122,0.994734,0,0,0,-2.18099e-008,1.02953e-008,0.981818,0,0,0,0.0060113,0.0549482,-0.0113792,0.63645,0.498851,1
700,182.717,0.995945,0,0,0,-2.18099e-008,1.02953e-008,0.981818,0,0,0,0.00626777,0.0550401,-0.0125849,0.63645,0.498851,1
710,193.627,0.997386,0,0,0,-2.18099e-008,1.02953e-008,0.981818,0,0,0,0.00640403,0.055189,-0.0140191,0.63645,0.498851,1
720,202.214,0.999029,0,0,0,-2.18099e-008,1.02953e-008,0.981818,0,0,0,0.00626628,0.0553663,-0.0156562,0.63645,0.498851,1
730,208.853,1.00069,0,0,0,-2.18099e-008,1.02953e-008,0.981818,0,0,0,0.00598302,0.0555522,-0.0173149,0.63645,0.498851,1
740,214.434,1.00224,0,0,0,-2.18099e-008,1.02953e-008,0.981818,0,0,0,0.00577008,0.0557794,-0.0188512,0.63645,0.498851,1
750,218.996,1.00377,0,0,0,-2.18099e-008,1.02953e-008,0.981818,0,0,0,0.00544365,0.0559978,-0.0203734,0.63645,0.498851,1
760,222.321,1.0053,0,0,0,-2.18099e-008,1.02953e-008,0.981818,0,0,0,0.0049148,0.0562066,-0.0218936,0.63645,0.498851,1
770,224.102,1.0068,0,0,0,-2.18099e-008,1.02953e-008,0.981818,0,0,0,0.0043948,0.0564627,-0.0233841,0.63645,0.498851,1
780,224.753,1.00825,0,0,0,-2.18099e-008,1.02953e-008,0.981818,0,0,0,0.00415045,0.0567718,-0.0248283,0.636434,0.498832,1
790,223.34,1.00974,0,0,0,-2.18099e-008,1.02953e-008,0.981818,0,0,0,0.00403685,0.057024,-0.0263003,0.636282,0.49863,1
800,220.975,1.0111,0,0,0,-2.18099e-008,1.02953e-008,0.981818,0,0,0,0.00394436,0.0572093,-0.0276563,0.636072,0.498352,1
810,226.785,1.01233,0,0,0,-2.18099e-008,1.02953e-008,0.981818,0,0,0,0.00390047,0.0573468,-0.0288747,0.635815,0.498014,1
820,228.684,1.01351,0,0,0,-2.18099e-008,1.02953e-008,0.981818,0,0,0,0.00395,0.0573952,-0.0300571,0.635522,0.497638,1
830,228.338,1.01475,0,0,0,-2.18099e-008,1.02953e-008,0.981818,0,0,0,0.00391755,0.0572772,-0.0313103,0.635166,0.497198,1
840,226.454,1.01588,0,0,0,-2.18099e-008,1.02953e-008,0.981818,0,0,0,0.00380017,0.0570289,-0.0324486,0.634802,0.496767,1
850,222.433,1.01682,0,0,0,-2.18099e-008,1.02953e-008,0.981818,0,0,0,0.00362835,0.0566829,-0.0334187,0.634411,0.496324,1
860,217.011,1.0177,0,0,0,-2.18099e-008,1.02953e-008,0.981818,0,0,0,0.00338091,0.056284,-0.0343168,0.633944,0.495813,1
870,212.625,1.01864,0,0,0,-2.18099e-008,1.02953e-008,0.981818,0,0,0,0.00300826,0.0559016,-0.0352844,0.633457,0.495298,1
880,210.818,1.01955,0,0,0,-2.18099e-008,1.02953e-008,0.981818,0,0,0,0.00271206,0.0556074,-0.0362155,0.63299,0.494821,1
890,211.742,1.02042,0,0,0,-2.18099e-008,1.02953e-008,0.981818,0,0,0,0.00260307,0.0553617,-0.0371005,0.632491,0.494331,1
900,213.157,1.02135,0,0,0,-2.18099e-008,1.02953e-008,0.981818,0,0,0,0.00263581,0.0551571,-0.0380381,0.631938,0.493803,1
910,222.758,1.02246,0,0,0,-2.18099e-008,1.02953e-008,0.981818,0,0,0,0.00263259,0.0550514,-0.0391538,0.631337,0.493248,1
920,224.904,1.0236,0,0,0,-2.18099e-008,1.02953e-008,0.981818,0,0,0,0.00260038,0.0550493,-0.040299,0.630683,0.492658,1
930,220.472,1.02474,0,0,0,-2.18099e-008,1.02953e-008,0.981818,0,0,0,0.00256932,0.0550257,-0.0414428,0.62997,0.492032,1
940,211.841,1.02598,0,0,0,-2.18099e-008,1.02953e-008,0.981818,0,0,0,0.00251664,0.0549401,-0.0426873,0.629233,0.4914,1
950,206.276,1.02729,0,0,0,-2.18099e-008,1.02953e-008,0.981818,0,0,0,0.00232728,0.054858,-0.0440012,0.628519,0.490802,1
960,207.942,1.02831,0,0,0,-2.18099e-008,1.02953e-008,0.981818,0,0,0,0.0021189,0.0547667,-0.0450255,0.627805,0.490219,1
970,215.446,1.02891,0,0,0,-2.18099e-008,1.02953e-008,0.981818,0,0,0,0.00198694,0.0545566,-0.0456408,0.627076,0.489638,1
980,223.265,1.02925,0,0,0,-2.18099e-008,1.02953e-008,0.981818,0,0,0,0.00189638,0.0542455,-0.0460042,0.626385,0.489102,1
990,230.26,1.02938,0,0,0,-2.18099e-008,1.02953e-008,0.981818,0,0,0,0.00183575,0.0539284,-0.0461421,0.625769,0.488638,1
1000,235.785,1.02906,0,0,0,-2.18099e-008,1.02953e-008,0.981818,0,0,0,0.0019617,0.0535871,-0.0458426,0.624698,0.489046,1
1010,233.035,1.02842,0,0,0,-2.18099e-008,1.02953e-008,0.981818,0,0,0,0.00220194,0.0532446,-0.0452218,0.624096,0.489125,1
1020,231.004,1.02785,0,0,0,-2.18099e-008,1.02953e-008,0.981818,0,0,0,0.00241498,0.0531027,-0.0446599,0.623518,0.489352,1
1030,230.877,1.02742,0,0,0,-2.18099e-008,1.02953e-008,0.981818,0,0,0,0.00261986,0.0532535,-0.0442212,0.623162,0.489626,1
1040,232.051,1.02679,0,0,0,-2.18099e-008,1.02953e-008,0.981818,0,0,0,0.00289837,0.0534448,-0.043576,0.622808,0.490028,1
1050,235.333,1.02579,0,0,0,-2.18099e-008,1.02953e-008,0.981818,0,0,0,0.00323782,0.0534301,-0.0425767,0.622551,0.49044,1
1060,244.306,1.02471,0,0,0,-2.18099e-008,1.02953e-008,0.981818,0,0,0,0.00364257,0.0532438,-0.0415058,0.622301,0.490966,1
1070,260.406,1.02379,0,0,0,-2.18099e-008,1.02953e-008,0.981818,0,0,0,0.00408244,0.0530306,-0.0405894,0.622017,0.491692,1
1080,281.472,1.02299,0,0,0,-2.18099e-008,1.02953e-008,0.981818,0,0,0,0.00441264,0.0528275,-0.0397967,0.621776,0.492432,1
1090,302.996,1.02227,0,0,0,-2.18099e-008,1.02953e-008,0.981818,0,0,0,0.00450222,0.0527498,-0.0390781,0.621606,0.493098,1
1100,323.505,1.02179,0,0,0,-2.18099e-008,1.02953e-008,0.981818,0,0,0,0.00430888,0.0529212,-0.0385908,0.621479,0.493742,1
1110,342.494,1.02157,0,0,0,-2.18099e-008,1.02953e-008,0.981818,0,0,0,0.00396042,0.0532554,-0.038356,0.621378,0.494372,1
1120,355.474,1.02146,0,0,0,-2.18099e-008,1.02953e-008,0.981818,0,0,0,0.0036186,0.0535396,-0.0382355,0.621307,0.494943,1
1130,361.217,1.02134,0,0,0,-2.18099e-008,1.02953e-008,0.981818,0,0,0,0.0033867,0.0538229,-0.0380951,0.621266,0.495443,1
1140,355.026,1.02135,0,0,0,-2.18099e-008,1.02953e-008,0.981818,0,0,0,0.00322209,0.0541293,-0.0380902,0.621235,0.495986,1
1150,339.312,1.02147,0,0,0,-2.18099e-008,1.02953e-008,0.981818,0,0,0,0.00307121,0.0542114,-0.0382116,0.621208,0.496617,1
1160,315.968,1.02153,0,0,0,-2.18099e-008,1.02953e-008,0.981818,0,0,0,0.00276519,0.0538701,-0.0382886,0.621193,0.497223,1
1170,294.014,1.02144,0,0,0,-2.18099e-008,1.02953e-008,0.981818,0,0,0,0.00235131,0.053432,-0.0382227,0.6212,0.497769,1
1180,279.952,1.02136,0,0,0,-2.18099e-008,1.02953e-008,0.981818,0,0,0,0.00212567,0.0532185,-0.0381529,0.621225,0.498267,1
1190,274.72,1.0211,0,0,0,-2.18099e-008,1.02953e-008,0.981818,0,0,0,0.00225409,0.0531409,-0.037899,0.621261,0.498686,1
1200,278.091,1.02048,0,0,0,-2.18099e-008,1.02953e-008,0.981818,0,0,0,0.00234223,0.0529658,-0.0372858,0.621313,0.499083,1
1210,283.98,1.01961,0,0,0,-2.18099e-008,1.02953e-008,0.981818,0,0,0,0.00215769,0.0528311,-0.0364247,0.621383,0.499486,1
1220,280.96,1.01891,0,0,0,-2.18099e-008,1.02953e-008,0.981818,0,0,0,0.00191829,0.0528263,-0.0357229,0.621467,0.499878,1
1230,269.309,1.01843,0,0,0,-2.18099e-008,1.02953e-008,0.981818,0,0,0,0.00189538,0.0528125,-0.035237,0.621584,0.500352,1
1240,273.238,1.0181,0,0,0,-2.18099e-008,1.02953e-008,0.981818,0,0,0,0.00202081,0.0528106,-0.0349103,0.621723,0.500861,1
1250,296.036,1.01788,0,0,0,-2.18099e-008,1.02953e-008,0.981818,0,0,0,0.00226553,0.0532246,-0.0346675,0.621847,0.501265,1
1260,316.886,1.0179,0,0,0,-2.18099e-008,1.02953e-008,0.981818,0,0,0,0.00257817,0.0540738,-0.0346447,0.621977,0.501648,1
1270,321.881,1.01812,0,0,0,-2.18099e-008,1.02953e-008,0.981818,0,0,0,0.0027533,0.0549304,-0.034812,0.622147,0.502109,1
1280,317.354,1.01856,0,0,0,-2.18099e-008,1.02953e-008,0.981818,0,0,0,0.00260633,0.0556153,-0.0352231,0.622343,0.5026,1
1290,309.776,1.01933,0,0,0,-2.18099e-008,1.02953e-008,0.981818,0,0,0,0.00235031,0.056407,-0.0359463,0.622543,0.503062,1
1300,306.142,1.02058,0,0,0,-2.18099e-008,1.02953e-008,0.981818,0,0,0,0.00220801,0.0572736,-0.0371512,0.622702,0.503394,1
1310,308.022,1.02211,0,0,0,-2.18099e-008,1.02953e-008,0.981818,0,0,0,0.00211462,0.057849,-0.0386517,0.622801,0.503575,1
1320,313.772,1.02384,0,0,0,-2.18099e-008,1.02953e-008,0.981818,0,0,0,0.00196684,0.0579591,-0.0403789,0.622893,0.503719,1
1330,318.066,1.02586,0,0,0,-2.18099e-008,1.02953e-008,0.981818,0,0,0,0.00190455,0.0577579,-0.0424088,0.622963,0.503814,1
1340,319.84,1.02824,0,0,0,-2.18099e-008,1.02953e-008,0.981818,0,0,0,0.00193264,0.0573273,-0.0448254,0.622988,0.503843,1
1350,318.967,1.03063,0,0,0,-2.18099e-008,1.02953e-008,0.981818,0,0,0,0.00197284,0.0567214,-0.0472518,0.622988,0.503843,1
1360,315.931,1.03276,0,0,0,-2.18099e-008,1.02953e-008,0.981818,0,0,0,0.00202501,0.056109,-0.0494172,0.622988,0.503843,1
1370,310.689,1.03449,0,0,0,-2.18099e-008,1.02953e-008,0.981818,0,0,0,0.00204689,0.0555989,-0.0511773,0.622988,0.503843,1
1380,304.035,1.03581,0,0,0,-2.18099e-008,1.02953e-008,0.981818,0,0,0,0.00187267,0.0551205,-0.0525233,0.622988,0.503843,1
1390,298.251,1.03658,0,0,0,-2.18099e-008,1.02953e-008,0.981818,0,0,0,0.00155754,0.0546554,-0.0533216,0.623004,0.503852,1
1400,297.241,1.03698,0,0,0,-2.18099e-008,1.02953e-008,0.981818,0,0,0,0.00121695,0.05432,-0.0537415,0.623004,0.503852,1
1410,299.117,1.03733,0,0,0,-2.18099e-008,1.02953e-008,0.981818,0,0,0,0.000819718,0.0541657,-0.0540979,0.623004,0.503852,1
1420,298.104,1.03779,0,0,0,-2.18099e-008,1.02953e-008,0.981818,0,0,0,0.000326642,0.0541655,-0.0545546,0.623004,0.503852,1
1430,292.042,1.03804,0,0,0,-2.18099e-008,1.02953e-008,0.981818,0,0,0,-0.000131161,0.0543112,-0.0547957,0.623004,0.503852,1
1440,284.896,1.03792,0,0,0,-2.18099e-008,1.02953e-008,0.981818,0,0,0,-0.000396121,0.0546327,-0.0546588,0.623004,0.503852,1
1450,277.298,1.03765,0,0,0,-2.18099e-008,1.02953e-008,0.981818,0,0,0,-0.000318273,0.0551033,-0.0543683,0.623004,0.503852,1
1460,264.718,1.03749,0,0,0,-2.18099e-008,1.02953e-008,0.981818,0,0,0,0.000144543,0.0556781,-0.0541815,0.623004,0.503852,1
1470,246.395,1.03742,0,0,0,-2.18099e-008,1.02953e-008,0.981818,0,0,0,0.000848609,0.0563039,-0.0540701,0.623167,0.503782,1
1480,230.359,1.0375,0,0,0,-2.18099e-008,1.02953e-008,0.981818,0,0,0,0.00152703,0.0568538,-0.054117,0.623301,0.503629,1
1490,223.01,1.03791,0,0,0,-2.18099e-008,1.02953e-008,0.981818,0,0,0,0.00200363,0.0570908,-0.0545189,0.623371,0.503487,1
1500,231.198,1.03854,0,0,0,-2.18099e-008,1.02953e-008,0.981818,0,0,0,0.00219847,0.0568962,-0.0551569,0.623443,0.503399,1
1510,254.515,1.03909,0,0,0,-2.18099e-008,1.02953e-008,0.981818,0,0,0,0.00204372,0.0563593,-0.0557409,0.623443,0.503399,1
1520,278.993,1.03962,0,0,0,-2.18099e-008,1.02953e-008,0.981818,0,0,0,0.00147261,0.0556243,-0.0563129,0.623486,0.503405,1
1530,292.446,1.04048,0,0,0,-2.18099e-008,1.02953e-008,0.981818,0,0,0,0.000646666,0.0548364,-0.057214,0.623579,0.503437,1
1540,289.068,1.04156,0,0,0,-2.18099e-008,1.02953e-008,0.981818,0,0,0,-2.33001e-005,0.0541623,-0.0583308,0.623739,0.503472,1
1550,275.215,1.04231,0,0,0,-2.18099e-008,1.02953e-008,0.981818,0,0,0,-0.000251335,0.0537037,-0.0591087,0.623889,0.503495,1
1560,256.888,1.04243,0,0,0,-2.18099e-008,1.02953e-008,0.981818,0,0,0,-9.80587e-005,0.0533865,-0.0592479,0.623999,0.503507,1
1570,242.563,1.04238,0,0,0,-2.18099e-008,1.02953e-008,0.981818,0,0,0,0.000369745,0.0531242,-0.0592094,0.624056,0.503511,1
1580,248.129,1.04251,0,0,0,-2.18099e-008,1.02953e-008,0.981818,0,0,0,0.00105796,0.0528638,-0.0593517,0.624062,0.503512,1
1590,278.099,1.04264,0,0,0,-2.18099e-008,1.02953e-008,0.981818,0,0,0,0.0016532,0.052709,-0.0594857,0.624067,0.503512,1
1600,327.494,1.04239,0,0,0,-2.18099e-008,1.02953e-008,0.981818,0,0,0,0.00192995,0.0527866,-0.0592282,0.624068,0.503512,1
1610,380.265,1.04182,0,0,0,-2.18099e-008,1.02953e-008,0.981818,0,0,0,0.00202823,0.0532062,-0.0586432,0.624093,0.503509,1
1620,420.087,1.04105,0,0,0,-2.18099e-008,1.02953e-008,0.981818,0,0,0,0.00189147,0.0538328,-0.0578384,0.624093,0.503509,1
1630,437.015,1.0402,0,0,0,-2.18099e-008,1.02953e-008,0.981818,0,0,0,0.00129535,0.0544507,-0.0569531,0.624093,0.503509,1
1640,431.514,1.03953,0,0,0,-2.18099e-008,1.02953e-008,0.981818,0,0,0,0.000405993,0.0548378,-0.0562665,0.624093,0.503509,1
1650,408.554,1.03945,0,0,0,-2.18099e-008,1.02953e-008,0.981818,0,0,0,-0.000235788,0.0549964,-0.056179,0.624214,0.503569,1
1660,377.823,1.03976,0,0,0,-2.18099e-008,1.02953e-008,0.981818,0,0,0,-0.000595487,0.0550632,-0.0564779,0.624377,0.503621,1
1670,352.913,1.03992,0,0,0,-2.18099e-008,1.02953e-008,0.981818,0,0,0,-0.000942399,0.0552457,-0.0566326,0.624565,0.503665,1
1680,339.52,1.03985,0,0,0,-2.18099e-008,1.02953e-008,0.981818,0,0,0,-0.00128344,0.0555504,-0.0565446,0.624758,0.503698,1
1690,338.244,1.04001,0,0,0,-2.18099e-008,1.02953e-008,0.981818,0,0,0,-0.00133715,0.055848,-0.0566945,0.624979,0.503722,1
1700,334.27,1.04052,0,0,0,-2.18099e-008,1.02953e-008,0.981818,0,0,0,-0.00116847,0.0559157,-0.0571955,0.625407,0.503756,1
1710,320.702,1.041,0,0,0,-2.18099e-008,1.02953e-008,0.981818,0,0,0,-0.000840009,0.0556937,-0.0576917,0.626035,0.50379,1
1720,300.924,1.04122,0,0,0,-2.18099e-008,1.02953e-008,0.981818,0,0,0,-0.000390677,0.055243,-0.0579344,0.626773,0.503818,1
1730,287.483,1.04136,0,0,0,-2.18099e-008,1.02953e-008,0.981818,0,0,0,2.03963e-005,0.0547563,-0.0581049,0.627469,0.503831,1
1740,280.734,1.04155,0,0,0,-2.18099e-008,1.02953e-008,0.981818,0,0,0,0.000128536,0.0543898,-0.0583142,0.628027,0.503828,1
1750,280.582,1.04168,0,0,0,-2.18099e-008,1.02953e-008,0.981818,0,0,0,0.000192256,0.0543157,-0.0584483,0.628543,0.503813,1
1760,284.735,1.04162,0,0,0,-2.18099e-008,1.02953e-008,0.981818,0,0,0,0.00058188,0.0545034,-0.0583766,0.629209,0.503782,1
1770,289.394,1.04141,0,0,0,-2.18099e-008,1.02953e-008,0.981818,0,0,0,0.00123506,0.0547707,-0.0581476,0.630025,0.503731,1
1780,293.357,1.04104,0,0,0,-2.18099e-008,1.02953e-008,0.981818,0,0,0,0.00169266,0.0549649,-0.0577706,0.630839,0.503668,1
1790,290.795,1.04052,0,0,0,-2.18099e-008,1.02953e-008,0.981818,0,0,0,0.0018643,0.0551969,-0.0572379,0.631646,0.503594,1
1800,283.318,1.03998,0,0,0,-2.18099e-008,1.02953e-008,0.981818,0,0,0,0.00192478,0.0555599,-0.0566713,0.632531,0.503501,1
1810,275.947,1.03962,0,0,0,-2.18099e-008,1.02953e-008,0.981818,0,0,0,0.00198929,0.055974,-0.0562878,0.633439,0.503395,1
1820,273.471,1.03936,0,0,0,-2.18099e-008,1.02953e-008,0.981818,0,0,0,0.00203944,0.0562901,-0.0560167,0.634246,0.50329,1
1830,275.141,1.03896,0,0,0,-2.18099e-008,1.02953e-008,0.981818,0,0,0,0.00215667,0.0564928,-0.0556068,0.634921,0.503191,1
1840,270.276,1.0384,0,0,0,-2.18099e-008,1.02953e-008,0.981818,0,0,0,0.00215846,0.0566114,-0.0550323,0.635441,0.503104,1
1850,247.862,1.03791,0,0,0,-2.18099e-008,1.02953e-008,0.981818,0,0,0,0.00165929,0.0565944,-0.0545468,0.635769,0.503041,1
1860,222.631,1.03751,0,0,0,-2.18099e-008,1.02953e-008,0.981818,0,0,0,0.000649902,0.0563301,-0.0541627,0.635964,0.502998,1
1870,217.863,1.03689,0,0,0,-2.18099e-008,1.02953e-008,0.981818,0,0,0,-0.000396531,0.0558339,-0.0535624,0.636126,0.502957,1
1880,229.071,1.03586,0,0,0,-2.18099e-008,1.02953e-008,0.981818,0,0,0,-0.0011444,0.0552666,-0.0525683,0.636325,0.502898,1
1890,243.597,1.03476,0,0,0,-2.18099e-008,1.02953e-008,0.981818,0,0,0,-0.00150073,0.0546645,-0.0514918,0.636611,0.502802,1
1900,261.35,1.03394,0,0,0,-2.18099e-008,1.02953e-008,0.981818,0,0,0,-0.00141019,0.054047,-0.0507025,0.636989,0.502669,1
1910,291.709,1.03342,0,0,0,-2.18099e-008,1.02953e-008,0.981818,0,0,0,-0.000919818,0.0535359,-0.050212,0.637371,0.502531,1
1920,325.699,1.033,0,0,0,-2.18099e-008,1.02953e-008,0.981818,0,0,0,-0.000128165,0.0531598,-0.0498157,0.637692,0.502406,1
1930,339.558,1.03262,0,0,0,-2.18099e-008,1.02953e-008,0.981818,0,0,0,0.00088024,0.0526939,-0.0494604,0.637999,0.502278,1
1940,330.865,1.03222,0,0,0,-2.18099e-008,1.02953e-008,0.981818,0,0,0,0.00194692,0.052158,-0.0490815,0.638319,0.502137,1
1950,312.765,1.03161,0,0,0,-2.18099e-008,1.02953e-008,0.981818,0,0,0,0.00259722,0.0518773,-0.0484853,0.638622,0.501995,1
1960,292.267,1.03084,0,0,0,-2.18099e-008,1.02953e-008,0.981818,0,0,0,0.00252267,0.0520638,-0.0477015,0.63892,0.501853,1
1970,271.355,1.03026,0,0,0,-2.18099e-008,1.02953e-008,0.981818,0,0,0,0.00190497,0.0524011,-0.0471057,0.639293,0.501679,1
1980,256.941,1.03004,0,0,0,-2.18099e-008,1.02953e-008,0.981818,0,0,0,0.00124948,0.052495,-0.0468854,0.639733,0.50148,1
1990,248.195,1.02991,0,0,0,-2.18099e-008,1.02953e-008,0.981818,0,0,0,0.000770319,0.0522775,-0.0467591,0.64008,0.501319,1
2000,238.584,1.02879,0,0,0.900579,0.000491408,0.0520525,0.982268,0,0,0,0.000465784,0.0520345,-0.0465236,0.639961,0.500803,1
2010,219.366,1.03307,0,0,0.907776,0.000491408,0.0520525,0.986786,0,0,0,0.000226232,0.051992,-0.0462826,0.639724,0.500366,1
2020,217.146,1.03745,0,0,0.916591,0.000491408,0.0520525,0.991345,0,0,0,-2.40805e-006,0.052277,-0.0461078,0.639369,0.499842,1
2030,230.782,1.04169,0,0,0.924332,0.000491408,0.0520525,0.995946,0,0,0,-0.000196059,0.0527632,-0.0457392,0.63905,0.499357,1
2040,252.913,0.954463,0,0,0.929893,0.000491408,0.0520525,-0.999419,0,0,0,-0.000103346,0.0531769,-0.0449562,0.638798,0.498974,1
2050,281.492,0.951002,0,0,0.932633,0.000491408,0.0520525,-0.994762,0,0,0,0.000394554,0.053324,-0.0437608,0.638556,0.498693,1
2060,306.722,0.947654,0,0,0.932943,0.000491408,0.0520525,-0.990097,0,0,0,0.00102553,0.0532876,-0.042444,0.638304,0.498471,1
2070,321.446,0.944317,0,0,0.931802,0.000491408,0.0520525,-0.985435,0,0,0,0.00121635,0.0532254,-0.0411188,0.638066,0.498314,1
2080,330.853,0.941012,0,0,0.929871,0.000491408,0.0520525,-0.98078,0,0,0,0.000800606,0.0532265,-0.0397687,0.637847,0.498202,1
2090,333.215,0.937636,0,0,0.92758,0.000491408,0.0520525,-0.976136,0,0,0,0.000175163,0.053116,-0.0385006,0.637701,0.49813,1
2100,330.562,0.93387,0,0,0.925345,0.000491408,0.0520525,-0.971503,0,0,0,-0.000149807,0.052695,-0.0376329,0.637701,0.49813,1
2110,323.537,0.92988,0,0,0.923435,0.000491408,0.0520525,-0.966881,0,0,0,-0.000234118,0.0520772,-0.0370006,0.637669,0.498149,1
2120,322.077,0.925921,0,0,0.921873,0.000491408,0.0520525,-0.962267,0,0,0,-0.000361109,0.05161,-0.036346,0.637647,0.498165,1
2130,323.72,0.921797,0,0,0.920199,0.000491408,0.0520525,-0.957661,0,0,0,-0.000398575,0.0514407,-0.0358647,0.637647,0.498165,1
2140,315.157,0.917017,0,0,0.918753,0.000491408,0.0520525,-0.953064,0,0,0,3.03408e-005,0.0514349,-0.0360471,0.637647,0.498165,1
2150,294.95,0.911764,0,0,0.918414,0.000491408,0.0520525,-0.948471,0,0,0,0.000685774,0.0514612,-0.0367072,0.637644,0.498167,1
2160,273.815,0.906526,0,0,0.919799,0.000491408,0.0520525,-0.943877,0,0,0,0.00100448,0.0516007,-0.0373509,0.637556,0.498272,1
2170,259.591,0.901499,0,0,0.92284,0.000491408,0.0520525,-0.939272,0,0,0,0.00071345,0.0519197,-0.0377728,0.637472,0.498391,1
2180,258.341,0.896558,0,0,0.926605,0.000491408,0.0520525,-0.934649,0,0,0,-0.000130243,0.0523669,-0.0380916,0.637273,0.498647,1
2190,269.581,0.891915,0,0,0.929825,0.000491408,0.0520525,-0.930008,0,0,0,-0.00129095,0.0529293,-0.0380956,0.637101,0.498845,1
2200,284.925,0.887728,0,0,0.931619,0.000491408,0.0520525,-0.925355,0,0,0,-0.00215675,0.0535955,-0.0376317,0.637056,0.498891,1
2210,288.088,0.883842,0,0,0.932592,0.000491408,0.0520525,-0.920694,0,0,0,-0.00223332,0.0541644,-0.0368584,0.637047,0.498899,1
2220,277.667,0.879976,0,0,0.934003,0.000491408,0.0520525,-0.916028,0,0,0,-0.00172693,0.0544965,-0.0360585,0.637047,0.498899,1
2230,266.228,0.876205,0,0,0.936497,0.000491408,0.0520525,-0.911353,0,0,0,-0.000959796,0.0546766,-0.0351534,0.637047,0.498899,1
2240,262.215,0.872528,0,0,0.93976,0.000491408,0.0520525,-0.906664,0,0,0,0.000155398,0.0547239,-0.0341394,0.637047,0.498899,1
2250,257.12,0.868757,0,0,0.943391,0.000491408,0.0520525,-0.901957,0,0,0,0.00149857,0.05447,-0.0332039,0.637047,0.498899,1
2260,249.451,0.864699,0,0,0.947775,0.000491408,0.0520525,-0.89723,0,0,0,0.00233481,0.0539428,-0.0325351,0.637047,0.498899,1
2270,241.627,0.860506,0,0,0.953125,0.000491408,0.0520525,-0.89248,0,0,0,0.00235194,0.0533774,-0.0319773,0.637047,0.498899,1
2280,238.985,0.856223,0,0,0.959132,0.000491408,0.0520525,-0.887701,0,0,0,0.00183061,0.0528184,-0.0314792,0.637047,0.498899,1
2290,242.146,0.851737,0,0,0.965128,0.000491408,0.0520525,-0.882892,0,0,0,0.00104511,0.0521419,-0.0311543,0.637047,0.498899,1
2300,259.934,0.847047,0,0,0.969897,0.000491408,0.0520525,-0.878054,0,0,0,0.0001013,0.0513876,-0.0310079,0.637047,0.498899,1
2310,281.764,0.842631,0,0,0.97241,0.000491408,0.0520525,-0.873198,0,0,0,-0.00045167,0.0507968,-0.030569,0.637047,0.498899,1
2320,302.07,0.838769,0,0,0.972944,0.000491408,0.0520525,-0.868334,0,0,0,-0.000365794,0.0506554,-0.0295672,0.636994,0.498969,1
2330,314.983,0.835047,0,0,0.972209,0.000491408,0.0520525,-0.863471,0,0,0,-7.76436e-005,0.0510501,-0.028425,0.63688,0.499097,1
2340,319.837,0.830729,0,0,0.970793,0.000491408,0.0520525,-0.858613,0,0,0,-8.66217e-005,0.0516997,-0.0278841,0.636834,0.499144,1
2350,325.199,0.825667,0,0,0.969127,0.000491408,0.0520525,-0.853763,0,0,0,-0.000136706,0.05223,-0.0280963,0.636834,0.499144,1
2360,339.675,0.820184,0,0,0.96678,0.000491408,0.0520525,-0.848922,0,0,0,-1.00232e-005,0.0525655,-0.0287379,0.636834,0.499144,1
2370,356.429,0.814641,0,0,0.963354,0.000491408,0.0520525,-0.844095,0,0,0,0.000232961,0.0526596,-0.0294542,0.636701,0.499263,1
2380,353.366,0.809258,0,0,0.959496,0.000491408,0.0520525,-0.839287,0,0,0,0.000493068,0.0524883,-0.0300291,0.636459,0.499466,1
2390,322.819,0.804119,0,0,0.956812,0.000491408,0.0520525,-0.834497,0,0,0,0.000963411,0.0522687,-0.0303775,0.636171,0.499687,1
2400,286.271,0.799006,0,0,0.956662,0.000491408,0.0520525,-0.829714,0,0,0,0.00155246,0.0522598,-0.0307084,0.636007,0.49983,1
2410,265.842,0.793654,0,0,0.958999,0.000491408,0.0520525,-0.824926,0,0,0,0.00206318,0.0523994,-0.0312735,0.63593,0.499905,1
2420,260.78,0.788255,0,0,0.962479,0.000491408,0.0520525,-0.820124,0,0,0,0.00231791,0.0526792,-0.0318705,0.635796,0.500046,1
2430,263.669,0.783359,0,0,0.965978,0.000491408,0.0520525,-0.815303,0,0,0,0.00225242,0.0531187,-0.031947,0.635605,0.500266,1
2440,273.658,0.779238,0,0,0.968777,0.000491408,0.0520525,-0.810467,0,0,0,0.00187321,0.0535892,-0.0312317,0.635511,0.500395,1
2450,278.726,0.775579,0,0,0.970773,0.000491408,0.0520525,-0.805618,0,0,0,0.0014836,0.0536512,-0.0300415,0.635506,0.500405,1
2460,270.941,0.772012,0,0,0.972904,0.000491408,0.0520525,-0.80076,0,0,0,0.00143026,0.0531123,-0.028749,0.635506,0.500405,1
2470,250.656,0.768439,0,0,0.976632,0.000491408,0.0520525,-0.795888,0,0,0,0.00167857,0.0522206,-0.0274502,0.635506,0.500405,1
2480,235.62,0.764944,0,0,0.982639,0.000491408,0.0520525,-0.790992,0,0,0,0.00199232,0.0515664,-0.0260493,0.635506,0.500405,1
2490,233.846,0.761511,0,0,0.989538,0.000491408,0.0520525,-0.786063,0,0,0,0.00226861,0.0512823,-0.0245551,0.635506,0.500405,1
2500,229.681,0.758063,0,0,0.996794,0.000491408,0.0520525,-0.781099,0,0,0,0.00259264,0.0512452,-0.0230403,0.635506,0.500405,1
2510,221.255,0.754488,0,0,1.00514,0.000491408,0.0520525,-0.776097,0,0,0,0.00288378,0.0514303,-0.0216132,0.635393,0.500676,1
2520,223.02,0.750672,0,0,1.01414,0.000491408,0.0520525,-0.771051,0,0,0,0.00305687,0.0519624,-0.0203839,0.635088,0.501404,1
2530,247.094,0.746475,0,0,1.02122,0.000491408,0.0520525,-0.765963,0,0,0,0.00305756,0.0525978,-0.0194924,0.634793,0.502142,1
2540,278.919,0.741844,0,0,1.02462,0.000491408,0.0520525,-0.760848,0,0,0,0.00306817,0.0531871,-0.0190094,0.634504,0.502903,1
2550,310.37,0.73677,0,0,1.02495,0.000491408,0.0520525,-0.755723,0,0,0,0.00313612,0.0537912,-0.0189594,0.634304,0.503463,1
2560,336.234,0.731208,0,0,1.02295,0.000491408,0.0520525,-0.750602,0,0,0,0.00327838,0.0545066,-0.0194037,0.634203,0.503769,1
2570,344.383,0.725107,0,0,1.01975,0.000491408,0.0520525,-0.745494,0,0,0,0.00329497,0.0552716,-0.0204002,0.634183,0.503849,1
2580,319.922,0.718718,0,0,1.0172,0.000491408,0.0520525,-0.740402,0,0,0,0.00300582,0.0560707,-0.0216995,0.634183,0.503849,1
2590,272.462,0.712545,0,0,1.01768,0.000491408,0.0520525,-0.735317,0,0,0,0.00227202,0.0567288,-0.022789,0.634183,0.503849,1
2600,227.94,0.706905,0,0,1.02337,0.000491408,0.0520525,-0.730218,0,0,0,0.00142425,0.0570215,-0.0233307,0.634183,0.503849,1
2610,219.124,0.701615,0,0,1.03272,0.000491408,0.0520525,-0.72508,0,0,0,0.000850316,0.0568753,-0.023482,0.634183,0.503849,1
2620,237.343,0.696354,0,0,1.04086,0.000491408,0.0520525,-0.719897,0,0,0,0.000822002,0.0563573,-0.0235565,0.634183,0.503849,1
2630,253.813,0.691028,0,0,1.0465,0.000491408,0.0520525,-0.714679,0,0,0,0.00110119,0.0556176,-0.0236604,0.634183,0.503849,1
2640,274.655,0.685853,0,0,1.05003,0.000491408,0.0520525,-0.709438,0,0,0,0.0012646,0.0548927,-0.0235908,0.634183,0.503849,1
2650,303.043,0.681073,0,0,1.05094,0.000491408,0.0520525,-0.704185,0,0,0,0.000919795,0.0543804,-0.0231162,0.634183,0.503849,1
2660,316.251,0.676561,0,0,1.04991,0.000491408,0.0520525,-0.698932,0,0,0,0.000403766,0.0539433,-0.0223734,0.634183,0.503849,1
2670,313.306,0.671966,0,0,1.0486,0.000491408,0.0520525,-0.693685,0,0,0,0.000323632,0.0533526,-0.0217209,0.634183,0.503849,1
2680,293.521,0.667129,0,0,1.04831,0.000491408,0.0520525,-0.688444,0,0,0,0.000916264,0.0525229,-0.021315,0.634183,0.503849,1
2690,270.783,0.662083,0,0,1.05011,0.000491408,0.0520525,-0.683199,0,0,0,0.00172697,0.0516359,-0.0211176,0.634183,0.503849,1
2700,261.78,0.656858,0,0,1.05377,0.000491408,0.0520525,-0.677941,0,0,0,0.00225695,0.0509066,-0.0210865,0.634183,0.503849,1
2710,276.43,0.651527,0,0,1.05681,0.000491408,0.0520525,-0.672664,0,0,0,0.00216077,0.0506371,-0.0211413,0.634183,0.503849,1
2720,296.252,0.646117,0,0,1.05802,0.000491408,0.0520525,-0.667377,0,0,0,0.00151984,0.0508255,-0.0212619,0.634155,0.503931,1
2730,311.997,0.640423,0,0,1.0575,0.000491408,0.0520525,-0.662087,0,0,0,0.000723351,0.0511795,-0.0216646,0.634166,0.50397,1
2740,307.094,0.634217,0,0,1.05652,0.000491408,0.0520525,-0.656802,0,0,0,-2.9818e-005,0.0514719,-0.0225855,0.634221,0.504102,1
2750,272.018,0.627536,0,0,1.05748,0.000491408,0.0520525,-0.651519,0,0,0,-0.000989664,0.0519265,-0.0239847,0.634238,0.504128,1
2760,235.728,0.62083,0,0,1.0628,0.000491408,0.0520525,-0.646221,0,0,0,-0.00214059,0.0525361,-0.0253974,0.634254,0.504148,1
2770,229.758,0.614527,-9.32943e-007,-2.10302e-006,1.07099,0.000491408,0.0520525,-0.640889,0.0752497,0.169627,-0.32464,-0.00275659,0.053049,-0.0263714,0.634254,0.504148,1
2780,262.373,0.60862,-2.12191e-005,-4.76045e-005,1.07718,0.000491354,0.0520524,-0.635519,0.0880923,0.196652,-0.374763,-0.00226354,0.0533289,-0.0269065,0.634254,0.504148,1
2790,309.762,0.602847,-4.64518e-005,-9.95156e-005,1.07836,0.000491191,0.052052,-0.630128,0.245623,0.209802,-0.753657,-0.000969583,0.0535178,-0.0272848,0.634254,0.504148,1
2800,322.709,0.59733,-0.000110266,-0.000153825,1.07677,0.000490802,0.0520514,-0.624739,0.270882,0.230062,-0.820981,0.000227182,0.0535743,-0.0274111,0.634254,0.504148,1
2810,289.305,0.592228,-0.000181756,-0.000210405,1.0764,0.000490077,0.0520505,-0.619358,0.386985,0.0286467,-1.16795,0.000904201,0.0536184,-0.0271317,0.634254,0.504148,1
2820,245.762,0.587281,-0.000283174,-0.000218573,1.0804,0.00048892,0.0520494,-0.613969,0.425291,0.031837,-1.25655,0.00109562,0.0538849,-0.0266914,0.634254,0.504148,1
2830,224.276,0.582007,-0.000396171,-0.000228957,1.08873,0.000487227,0.0520483,-0.608549,0.466626,0.0394914,-1.34492,0.00099146,0.0542826,-0.0265463,0.634254,0.504148,1
2840,232.922,0.576391,-0.000521024,-0.000242133,1.09788,0.00048494,0.0520471,-0.603084,0.51198,0.0523343,-1.43458,0.000680522,0.0542719,-0.0266975,0.634254,0.504148,1
2850,259.205,0.570802,-0.000657307,-0.000258486,1.10429,0.000482,0.0520458,-0.597579,0.563051,0.0690629,-1.52725,0.000439216,0.053778,-0.0267795,0.634254,0.504148,1
2860,299.873,0.565583,-0.000804971,-0.00027834,1.10662,0.000478349,0.0520445,-0.59205,0.619541,0.0875455,-1.6186,0.000257135,0.0531634,-0.0264682,0.634254,0.504148,1
2870,338.859,0.560683,-0.000964125,-0.000301763,1.10515,0.000473931,0.052043,-0.586519,0.677374,0.105147,-1.69736,1.60839e-005,0.0526304,-0.025837,0.634254,0.504148,1
2880,364.992,0.555852,-0.0011322,-0.000328486,1.10137,0.000468688,0.0520415,-0.581001,0.537585,0.128066,-2.07285,-0.000318228,0.05216,-0.0251499,0.634254,0.504148,1
2890,377.141,0.550726,-0.00126367,-0.000359565,1.09651,0.0004627,0.0520398,-0.575505,0.569856,0.134963,-2.11553,-0.000321509,0.0518902,-0.0247794,0.634254,0.504148,1
2900,377.224,0.545123,-0.0014012,-0.000390993,1.09139,0.000456038,0.0520379,-0.570034,0.595345,0.133204,-2.13075,0.000169929,0.0519171,-0.0249107,0.634254,0.504148,1
2910,365.891,0.539209,-0.00154457,-0.000421234,1.08665,0.000448675,0.0520358,-0.564587,0.619943,0.126322,-2.13515,0.00107323,0.0520592,-0.025379,0.634254,0.504148,1
2920,351.237,0.533504,-0.00169392,-0.000447686,1.08281,0.000440577,0.0520337,-0.559163,0.561529,-0.0461058,-2.47605,0.00211664,0.0521448,-0.0256618,0.634254,0.504148,1
2930,332.016,0.528129,-0.00183,-0.000431378,1.08013,0.000431769,0.0520315,-0.553756,0.579743,-0.0766439,-2.52507,0.00308397,0.0521676,-0.025633,0.634396,0.504283,1
2940,297.374,0.522689,-0.00197332,-0.000406613,1.07962,0.000422264,0.0520294,-0.548357,0.59194,-0.122684,-2.59441,0.0035265,0.0521394,-0.025677,0.634588,0.504431,1
2950,275.057,0.516849,-0.00212399,-0.000369151,1.08191,0.000412024,0.0520274,-0.542955,0.598359,-0.187343,-2.68826,0.00329566,0.0518941,-0.0261136,0.635073,0.50478,1
2960,282.001,0.510872,-0.00227756,-0.000313796,1.08484,0.000401021,0.0520257,-0.537538,0.604964,-0.267239,-2.81574,0.00256688,0.0515958,-0.0266704,0.635591,0.505127,1
2970,301.92,0.50502,-0.00243019,-0.000236836,1.08626,0.000389251,0.0520243,-0.53211,0.615344,-0.356665,-2.98317,0.00184298,0.0515667,-0.0270913,0.636039,0.505405,1
2980,330.355,0.499191,-0.00258061,-0.000136571,1.08557,0.000376722,0.0520234,-0.526679,0.625888,-0.451569,-3.18555,0.00161422,0.0519522,-0.0274894,0.636475,0.505659,1
2990,356.453,0.493077,-0.00272781,-1.22394e-005,1.08282,0.000363448,0.052023,-0.521256,0.632412,-0.551132,-3.40606,0.00213034,0.0523852,-0.0281825,0.636747,0.505797,1
3000,359.237,0.486658,-0.00287324,0.000136885,1.07912,0.000349442,0.0520233,-0.51585,0.63771,-0.655667,-3.62395,0.00298154,0.0525988,-0.0291996,0.637036,0.505325,1
3010,324.336,0.480176,-0.00302321,0.000311773,1.07665,0.000334703,0.0520244,-0.510461,0.655264,-0.749351,-3.86027,0.00362605,0.0525017,-0.0302962,0.637326,0.504609,1
3020,266.579,0.473905,-0.00318987,0.00051077,1.07837,0.000319179,0.0520264,-0.505076,0.672902,-0.853389,-4.03462,0.00375973,0.0523155,-0.0311831,0.637592,0.503567,1
3030,232.504,0.467977,-0.00337768,0.000738448,1.08546,0.000302773,0.0520296,-0.49967,0.700084,-0.966632,-4.21584,0.00323489,0.0522315,-0.0317021,0.637744,0.502434,1
3040,239.776,0.462352,-0.00357821,0.000995881,1.09424,0.00028539,0.0520339,-0.494222,0.719394,-1.06044,-4.33449,0.0020108,0.0523915,-0.031873,0.637755,0.501475,1
3050,270.236,0.456696,-0.00377479,0.00127447,1.10008,0.000267009,0.0520395,-0.488736,0.73942,-1.14762,-4.43457,0.000490516,0.0525066,-0.0320396,0.63766,0.500781,1
3060,302.88,0.450529,-0.00396695,0.00157365,1.10231,0.000247659,0.0520467,-0.483229,0.923083,-1.51891,-4.96894,-0.000583849,0.0523791,-0.0326999,0.637525,0.500312,1
3070,327.582,0.443901,-0.00419651,0.00195912,1.10202,0.000227251,0.0520555,-0.477716,0.970597,-1.62534,-5.13321,-0.000641085,0.0519718,-0.0338164,0.637507,0.500039,1
3080,319.963,0.437409,-0.00443462,0.00237013,1.10106,0.000205674,0.0520663,-0.472209,0.869146,-1.98337,-5.72852,0.000312758,0.0515577,-0.0348001,0.637535,0.499698,1
3090,286.643,0.431305,-0.00465628,0.00287002,1.10232,0.000182958,0.0520794,-0.466701,0.925694,-2.04905,-5.90641,0.00165092,0.0512366,-0.0353997,0.637618,0.499218,1
3100,268.876,0.425093,-0.00490593,0.0033867,1.10639,0.00015907,0.052095,-0.461181,1.16294,-1.80602,-6.5634,0.0026364,0.0510176,-0.0360964,0.637757,0.49864,1
3110,268.337,0.418511,-0.00522056,0.00384457,1.1113,0.000133774,0.0521131,-0.455638,1.54437,-1.79676,-7.21808,0.00290339,0.0507097,-0.0371382,0.637922,0.498103,1
3120,271.606,0.411964,-0.00562705,0.00429847,1.11624,0.000106666,0.0521335,-0.450069,1.6104,-1.77289,-7.44922,0.0027647,0.0503311,-0.0381184,0.638128,0.497548,1
3130,285.501,0.405853,-0.00604327,0.00474316,1.1203,7.74943e-005,0.0521561,-0.444478,1.65389,-1.74614,-7.68796,0.00268669,0.0499477,-0.0386396,0.638356,0.497019,1
3140,303.063,0.399839,-0.00645897,0.00517502,1.12266,4.62384e-005,0.0521809,-0.43887,1.68193,-1.72685,-7.91122,0.00271816,0.0498558,-0.0390469,0.638513,0.496725,1
3150,313.759,0.39345,-0.00687098,0.00559765,1.12375,1.29044e-005,0.0522078,-0.433253,1.4062,-1.72793,-8.54089,0.00250461,0.0502188,-0.0398168,0.638556,0.496592,1
3160,303.885,0.386625,-0.00721851,0.00602243,1.12494,-2.23133e-005,0.0522368,-0.427632,1.45435,-1.7435,-8.66914,0.00211053,0.050867,-0.0410155,0.638598,0.496394,1
3170,275.328,0.3797,-0.00759696,0.00646505,1.12821,-5.93322e-005,0.052268,-0.422001,1.53492,-1.78535,-8.75066,0.00186987,0.0513254,-0.0423065,0.638598,0.496394,1
3180,254.886,0.372854,-0.0080239,0.00694025,1.13447,-9.83527e-005,0.0523015,-0.416346,1.69817,-1.8597,-8.68738,0.00210219,0.0515083,-0.0434992,0.638598,0.496394,1
3190,256.941,0.36614,-0.00851613,0.00744677,1.1416,-0.000139661,0.0523375,-0.410657,2.01653,-1.98256,-8.41226,0.00275765,0.0515675,-0.0445292,0.638598,0.496394,1
3200,255.853,0.359508,-0.00911858,0.00799288,1.1484,-0.000183675,0.0523761,-0.404933,2.59733,-2.17975,-7.82324,0.00353972,0.0515683,-0.0454447,0.638598,0.496394,1
3210,257.829,0.352899,-0.00990297,0.00860445,1.15517,-0.00023113,0.0524175,-0.399175,3.43616,-2.49329,-6.90981,0.00380149,0.0514797,-0.0463001,0.638551,0.496224,1
3220,259.228,0.345928,-0.0109077,0.00931227,1.1612,-0.000283051,0.0524622,-0.393385,4.28633,-2.88126,-6.17953,0.00348888,0.05146,-0.0474794,0.638551,0.496224,1
3230,242.598,0.338464,-0.0121267,0.0101622,1.16831,-0.000340528,0.0525108,-0.387564,5.11494,-4.01411,-5.40977,0.00310744,0.0517582,-0.049118,0.638551,0.496224,1
3240,225.019,0.331005,-0.0135486,0.0113594,1.17795,-0.000404631,0.0525645,-0.381701,5.53629,-5.08207,-4.25245,0.00306632,0.0523363,-0.0507148,0.638536,0.496204,1
3250,208.422,0.324373,-0.015054,0.0129195,1.19047,-0.000476101,0.052625,-0.375784,5.28189,-7.01239,-3.42317,0.0029489,0.0528579,-0.0514291,0.638242,0.495852,1
3260,206.419,0.318485,-0.016437,0.0150522,1.20497,-0.000554883,0.0526946,-0.369799,4.25817,-8.94416,-2.21701,0.00235035,0.0529311,-0.0513275,0.637941,0.495527,1
3270,238.06,0.312768,-0.0174202,0.0176657,1.21614,-0.000639726,0.0527762,-0.363746,2.30173,-10.9586,-0.910617,0.00120491,0.0525776,-0.0509835,0.637475,0.495037,1
3280,281.283,0.307038,-0.0177121,0.0206784,1.22057,-0.000727878,0.0528719,-0.357653,-0.359312,-12.9949,0.350148,-2.51395e-005,0.0520097,-0.0506172,0.637142,0.494695,1
3290,302.148,0.301642,-0.0171198,0.0240979,1.22071,-0.000815433,0.0529837,-0.351549,-4.80611,-14.4905,2.11937,-0.000834832,0.051475,-0.0499106,0.636811,0.494354,1
3300,299.395,0.296496,-0.0151214,0.0278357,1.21946,-0.000896776,0.0531134,-0.345448,-11.8773,-15.6531,6.46503,-0.000818292,0.0511293,-0.0489594,0.636285,0.493835,1
3310,282.547,0.291342,-0.0108451,0.0318273,1.21792,-0.000962922,0.0532625,-0.339355,-23.4729,-15.7744,12.5649,-0.000226582,0.0510736,-0.0480222,0.63583,0.49341,1
3320,263.948,0.286123,-0.00278515,0.0358646,1.21645,-0.000999077,0.0534316,-0.33327,-43.261,-16.0258,26.3313,0.000406542,0.050973,-0.0471602,0.635672,0.493274,1
3330,268.889,0.281038,0.0114155,0.0399554,1.21158,-0.000980643,0.0536211,-0.327198,-72.8514,-15.8847,46.9734,0.000571382,0.0505076,-0.0461818,0.635672,0.493274,1
3340,287.776,0.27605,0.0339928,0.0438916,1.19918,-0.000871027,0.0538308,-0.321168,-109.682,-15.1214,71.9806,0.000446204,0.0497595,-0.0451512,0.635672,0.493274,1
3350,313.506,0.271176,0.065597,0.0474666,1.17834,-0.000625635,0.0540594,-0.315221,-143.93,-13.703,93.7145,0.000455368,0.0491341,-0.0440917,0.635672,0.493274,1
3360,333.367,0.266782,0.103759,0.0505524,1.15143,-0.000204036,0.0543047,-0.309394,-162.341,-11.4522,101.902,0.000702271,0.0487369,-0.0426724,0.635672,0.493274,1
3370,333.814,0.263202,0.143542,0.0530165,1.12371,0.000414807,0.0545639,-0.303707,-158.037,-9.43656,95.2813,0.000728266,0.0486561,-0.040571,0.635672,0.493274,1
3380,315.727,0.259838,0.180092,0.0548798,1.09988,0.00122607,0.054834,-0.298149,-137.893,-5.87106,79.1928,0.000495228,0.0491673,-0.0383741,0.635672,0.493274,1
3390,311.023,0.255738,0.210792,0.0556462,1.08143,0.00220617,0.0551109,-0.292698,-110.857,-0.247785,62.7293,0.00031119,0.0504815,-0.0370086,0.635672,0.493274,1
3400,333.141,0.250793,0.234497,0.0545909,1.06562,0.00332251,0.0553875,-0.28733,-83.8399,8.70829,51.6866,0.000369504,0.0521304,-0.0365755,0.635672,0.493274,1
3410,359.448,0.245575,0.251247,0.0505701,1.04957,0.00453995,0.055652,-0.282041,-58.2817,23.6362,49.9954,0.000511789,0.0534599,-0.0365087,0.635672,0.493274,1
3420,361.925,0.240378,0.261148,0.0415144,1.03159,0.00582426,0.0558851,-0.276836,-29.4681,50.5041,61.0244,0.00054795,0.0542657,-0.036521,0.635672,0.493274,1
3430,338.197,0.235135,0.262737,0.0234945,1.00966,0.00713839,0.0560526,-0.271729,11.9033,98.2053,89.6935,0.000329954,0.0547127,-0.0366962,0.635672,0.493274,1
3440,306.5,0.230039,0.252143,-0.00966227,0.979902,0.00843198,0.0560952,-0.26675,74.0651,174.12,142.388,4.71413e-005,0.0549628,-0.0368665,0.635672,0.493274,1
3450,283.619,0.225425,0.224185,-0.0647792,0.935841,0.0096311,0.0559195,-0.261953,154.545,272.461,221.825,1.03882e-005,0.055347,-0.0367347,0.635672,0.493274,1
3460,266.941,0.221406,0.176438,-0.14425,0.871375,0.0106406,0.0554066,-0.257426,231.331,361.553,316.353,0.000358388,0.0560882,-0.0362604,0.635672,0.493274,1
3470,264.454,0.217852,0.113411,-0.240584,0.785045,0.0113697,0.0544489,-0.253277,274.018,400.325,399.081,0.000883079,0.0566602,-0.0356895,0.635672,0.493274,1
3480,282.775,0.214947,0.0450283,-0.339243,0.681012,0.0117657,0.0529975,-0.249607,272.936,382.604,449.588,0.00117558,0.0563097,-0.0349466,0.635672,0.493274,1
3490,315.218,0.212818,-0.0186629,-0.428092,0.56714,0.0118277,0.0510732,-0.246484,235.844,330.686,463.695,0.000948561,0.0549561,-0.0339802,0.635672,0.493274,1
3500,338.454,0.211199,-0.0690188,-0.500114,0.453052,0.0116011,0.0487442,-0.243935,166.379,255.445,443.038,0.000320071,0.0530616,-0.0330823,0.635672,0.493274,1
3510,337.464,0.209671,-0.098568,-0.550574,0.347286,0.011172,0.0461073,-0.241939,71.1962,163.12,399.358,-0.000273863,0.0510973,-0.0326397,0.635672,0.493274,1
3520,321.434,0.208528,-0.103002,-0.57844,0.253097,0.010657,0.0432753,-0.240442,-34.0904,74.0698,358.281,-0.000540558,0.0497624,-0.0323164,0.635672,0.493274,1
3530,299.874,0.208151,-0.081458,-0.587026,0.166965,0.0101849,0.0403543,-0.239394,-138.225,2.3834,339.86,-0.000392126,0.0496021,-0.0317183,0.635672,0.493274,1
3540,255.545,0.208427,-0.0357128,-0.581554,0.082567,0.00988261,0.0374282,-0.23877,-227.29,-55.2252,347.099,-9.65264e-008,0.050358,-0.0309797,0.635672,0.493274,1
3550,222.264,0.208789,0.0271511,-0.565162,-0.00628227,0.00985657,0.0345577,-0.238576,-269.069,-110.405,374.767,0.000329384,0.0512791,-0.0306758,0.635672,0.493274,1
3560,233.782,0.209233,0.0916384,-0.534456,-0.104987,0.010157,0.0318021,-0.238849,-233.861,-177.904,421.764,0.000410364,0.0520787,-0.0308286,0.635218,0.493524,1
3570,270.999,0.21006,0.13804,-0.481587,-0.218798,0.0107425,0.0292515,-0.23965,-126.528,-273.436,496.793,0.000383514,0.0529024,-0.0311831,0.634733,0.493962,1
3580,299.099,0.211617,0.151191,-0.398571,-0.355403,0.0114819,0.0270367,-0.241074,27.0719,-407.085,610.229,0.000188437,0.0538664,-0.0314687,0.634348,0.494442,1
3590,315.472,0.213913,0.123125,-0.277563,-0.523751,0.012186,0.0253289,-0.243257,198.982,-570.124,753.87,-0.000103597,0.0549514,-0.0317622,0.634057,0.494921,1
3600,310.096,0.217156,0.0540797,-0.116666,-0.726607,0.0126449,0.0243276,-0.24637,349.937,-719.287,880.921,-0.000217334,0.0562518,-0.0319588,0.63382,0.495428,1
3610,304.841,0.22135,-0.0444953,0.0725475,-0.951919,0.0126774,0.0242098,-0.250562,430.54,-790.193,921.635,-0.000178979,0.0576845,-0.0321352,0.633677,0.495824,1
3620,314.195,0.226272,-0.150793,0.264755,-1.17141,0.0121871,0.0250582,-0.25588,411.799,-742.714,836.71,-0.000508405,0.0588836,-0.0325102,0.633657,0.495982,1
3630,307.012,0.231617,-0.241547,0.431869,-1.35639,0.0111958,0.0268152,-0.262218,313.412,-597.959,656.631,-0.000948646,0.0595173,-0.0332434,0.633651,0.496194,1
3640,292.611,0.237646,-0.304069,0.558444,-1.49428,0.00981899,0.0293091,-0.269365,191.909,-424.279,458.094,-0.000865333,0.0596751,-0.03391,0.633673,0.496598,1
3650,280.192,0.244673,-0.339064,0.645403,-1.58881,0.008201,0.0323335,-0.277089,93.045,-278.72,298.15,-0.00018213,0.0594944,-0.0340723,0.633746,0.497147,1
3660,268.084,0.252701,-0.354457,0.702742,-1.6522,0.00646097,0.0357137,-0.285201,30.1858,-176.916,189.256,0.000574477,0.0590336,-0.0336468,0.633889,0.497917,1
3670,281.483,0.261347,-0.358106,0.739733,-1.69383,0.00467598,0.0393267,-0.293573,-3.97829,-112.176,118.563,0.00123079,0.0582542,-0.0329352,0.634087,0.498774,1
3680,314.136,0.270463,-0.354896,0.762161,-1.71734,0.00289141,0.0430865,-0.302108,-19.6495,-71.4688,73.8775,0.00167438,0.0572451,-0.032018,0.634289,0.499485,1
3690,333.479,0.279894,-0.348357,0.77487,-1.72823,0.00113224,0.0469326,-0.310727,-26.1424,-45.9761,45.1104,0.00174938,0.056185,-0.0309858,0.63444,0.499899,1
3700,324.661,0.289331,-0.340846,0.782326,-1.73298,-0.000590982,0.0508275,-0.319382,-26.8214,-30.2271,27.1953,0.00131138,0.0553807,-0.0300927,0.634462,0.499939,1
3710,302.487,0.298558,-0.334,0.787634,-1.73633,-0.00227777,0.0547531,-0.328056,-25.2474,-19.8856,15.7978,0.00058811,0.0548865,-0.0295118,0.634462,0.499939,1
3720,274.867,0.307825,-0.328472,0.792512,-1.74109,-0.00393319,0.0587032,-0.336748,-21.9666,-12.8313,8.51546,-0.000202938,0.054455,-0.0289749,0.634462,0.499939,1
3730,250.252,0.31742,-0.32475,0.798164,-1.74934,-0.00556518,0.0626787,-0.345471,-18.3243,-8.3681,3.84095,-0.000916776,0.0538077,-0.0282088,0.634462,0.499939,1
3740,249.393,0.327172,-0.322381,0.803924,-1.75899,-0.00718219,0.0666833,-0.35424,-14.4035,-4.50598,0.252092,-0.00135364,0.0530644,-0.0274033,0.634462,0.499939,1
3750,268.064,0.336719,-0.320618,0.807964,-1.76591,-0.00878924,0.0707132,-0.363052,-10.7325,-1.89096,-2.28526,-0.00115821,0.052688,-0.0269023,0.634759,0.499679,1
3760,304.313,0.345994,-0.318781,0.80909,-1.76705,-0.0103877,0.074757,-0.371887,-7.74317,-0.00216673,-3.91299,-0.000392879,0.0532129,-0.0267087,0.634987,0.49937,1
3770,331.181,0.355133,-0.316738,0.807606,-1.76294,-0.0119766,0.0787998,-0.380714,-4.90473,1.31308,-5.32306,0.000467793,0.0547055,-0.0266179,0.634993,0.499346,1
3780,325.382,0.364062,-0.315113,0.805352,-1.7574,-0.0135561,0.0828325,-0.389515,-2.46414,1.83012,-6.58065,0.001062,0.0563775,-0.0267105,0.634993,0.499346,1
3790,313.763,0.372734,-0.314303,0.803761,-1.75325,-0.0151294,0.0868553,-0.398292,-0.4052,1.99715,-6.94395,0.00137771,0.0573314,-0.0270962,0.634993,0.499346,1
3800,319.89,0.381268,-0.313943,0.802225,-1.74921,-0.0167001,0.0908707,-0.407049,0.710698,1.98326,-7.30516,0.00138806,0.0575049,-0.0276755,0.634993,0.499346,1
3810,325.141,0.389908,-0.313637,0.800285,-1.74419,-0.0182691,0.0948774,-0.415784,1.54004,1.56972,-7.01961,0.00116062,0.0574862,-0.028159,0.635281,0.499307,1
3820,318.131,0.398653,-0.313536,0.798555,-1.7395,-0.0198371,0.0988747,-0.424493,1.9617,1.51023,-6.64086,0.00108681,0.0576777,-0.0285268,0.635643,0.499231,1
3830,312.208,0.40753,-0.313672,0.797248,-1.73581,-0.0214051,0.102864,-0.433182,2.11297,1.3861,-6.51416,0.00142969,0.0583042,-0.0287399,0.636277,0.499013,1
3840,308.187,0.416645,-0.313958,0.796305,-1.73289,-0.0229742,0.106848,-0.441854,2.12732,1.27751,-6.2901,0.00184029,0.0590746,-0.0287009,0.636722,0.498773,1
3850,309.753,0.426177,-0.31424,0.795397,-1.73004,-0.0245448,0.110828,-0.450511,2.07673,1.14192,-6.04696,0.00185025,0.0593032,-0.0282847,0.637115,0.49848,1
3860,299.203,0.435978,-0.314611,0.794802,-1.72783,-0.0261169,0.114803,-0.459156,1.8921,0.616706,-5.45066,0.00170469,0.0585903,-0.0277123,0.63746,0.498142,1
3870,290.336,0.446167,-0.315271,0.795167,-1.72757,-0.0276914,0.118777,-0.467793,1.8603,0.417277,-5.33032,0.00197782,0.057428,-0.0268617,0.637687,0.49784,1
3880,304.807,0.457037,-0.315819,0.795317,-1.72676,-0.0292693,0.122754,-0.47643,1.98153,-0.0230862,-4.96488,0.00254091,0.056316,-0.0253683,0.637768,0.497652,1
3890,325.578,0.468416,-0.315873,0.794275,-1.72324,-0.0308489,0.126729,-0.485057,1.62568,-0.252763,-4.32617,0.00279849,0.05554,-0.0233057,0.637768,0.497652,1
3900,324.049,0.479336,-0.315616,0.792715,-1.71864,-0.0324277,0.130697,-0.493662,1.53684,-0.343265,-4.13329,0.00270189,0.055188,-0.0216158,0.637768,0.497652,1
3910,294.885,0.489366,-0.315719,0.792139,-1.71619,-0.0340058,0.134658,-0.502248,1.43268,-0.389833,-3.93681,0.00261891,0.0552799,-0.0207537,0.637768,0.497652,1
3920,249.949,0.499045,-0.316992,0.794576,-1.72031,-0.0355868,0.138623,-0.510834,1.31219,-0.401714,-3.71602,0.00256004,0.0553951,-0.0202594,0.637768,0.497652,1
3930,230.843,0.509044,-0.319391,0.799904,-1.73074,-0.0371769,0.142607,-0.519457,1.3353,-0.446369,-3.22529,0.00248261,0.055237,-0.0195382,0.637768,0.497652,1
3940,226.561,0.519195,-0.322266,0.806421,-1.74383,-0.0387803,0.146621,-0.52814,1.20164,-0.408266,-3.04458,0.00254188,0.0547069,-0.018819,0.637768,0.497652,1
3950,230.382,0.529095,-0.325083,0.812856,-1.75681,-0.0403982,0.150668,-0.536888,0.977131,-0.202316,-2.35747,0.00259013,0.0541195,-0.0184563,0.637768,0.497652,1
3960,244.427,0.538739,-0.327484,0.818335,-1.76798,-0.0420293,0.154745,-0.545699,0.811395,-0.40464,-2.01593,0.00243439,0.0538254,-0.0183679,0.637578,0.497405,1
3970,263.395,0.548287,-0.329127,0.822056,-1.77533,-0.0436708,0.158846,-0.554557,0.729296,-0.353195,-1.90701,0.00245672,0.0541542,-0.0183382,0.637555,0.497394,1
3980,282.7,0.557752,-0.33008,0.824092,-1.77908,-0.0453189,0.162961,-0.563443,0.650429,-0.310763,-1.79592,0.00304945,0.0548565,-0.0184094,0.637424,0.4974,1
3990,285.371,0.567312,-0.330619,0.825129,-1.78074,-0.0469705,0.167084,-0.572342,0.577711,-0.275995,-1.68827,0.00388704,0.055523,-0.0184376,0.6373,0.497385,1
4000,273.627,0.577336,-0.331401,0.826809,-1.78382,-0.0486253,0.171213,-0.581252,0.511614,-0.241872,-1.58125,0.00443061,0.0558151,-0.0180595,0.637088,0.497063,1
4010,271.958,0.587733,-0.332353,0.828942,-1.78792,-0.0502844,0.175352,-0.59018,0.448358,-0.203855,-1.46334,0.00451847,0.0557879,-0.0173527,0.636759,0.496742,1
4020,264.097,0.598229,-0.333432,0.831422,-1.79282,-0.0519485,0.179502,-0.59913,0.385658,-0.164459,-1.32943,0.00434108,0.0554791,-0.0166112,0.63633,0.496447,1
4030,255.059,0.609068,-0.33488,0.834848,-1.79982,-0.0536189,0.183666,-0.608109,0.326316,-0.129064,-1.18943,0.00401024,0.0550217,-0.0155778,0.635996,0.496306,1
4040,273.912,0.620798,-0.336142,0.837843,-1.80594,-0.0552964,0.187848,-0.617123,0.130876,-0.187389,-0.757829,0.00361997,0.0545518,-0.0136739,0.635722,0.49625,1
4050,309.568,0.633042,-0.33638,0.838404,-1.80688,-0.0569781,0.19204,-0.626157,0.106054,-0.154461,-0.662816,0.00337387,0.054213,-0.0112559,0.635448,0.496235,1
4060,347.782,0.644873,-0.335634,0.836523,-1.8026,-0.0586587,0.196228,-0.635184,0.0840389,-0.125367,-0.5681,0.00339984,0.0538277,-0.00929868,0.635281,0.496263,1
4070,374.918,0.655934,-0.334169,0.832851,-1.7945,-0.0603338,0.200403,-0.64418,0.0651669,-0.0998711,-0.477376,0.00345483,0.0533771,-0.00812647,0.635108,0.496322,1
4080,371.154,0.666859,-0.332509,0.828702,-1.78541,-0.0620009,0.204558,-0.653132,0.0500786,-0.0789825,-0.397674,0.00353636,0.0531182,-0.00701103,0.634891,0.496424,1
4090,353.965,0.678129,-0.331104,0.825191,-1.77772,-0.0636601,0.208693,-0.662041,0,0,0,0.00389285,0.0531935,-0.0054466,0.634835,0.496473,1
4100,327.898,0.689693,-0.330108,0.822707,-1.77237,-0.0653132,0.212813,-0.670916,0,0,0,0.00448009,0.053227,-0.00357923,0.634834,0.496474,1
4110,289.547,0.70107,-0.329941,0.822292,-1.77147,-0.0669629,0.216925,-0.679773,0,0,0,0.00486471,0.0529814,-0.0019368,0.63469,0.496729,1
4120,266.65,0.711952,-0.330691,0.824162,-1.7755,-0.068614,0.22104,-0.688638,0,0,0,0.00496113,0.0527196,-0.000792966,0.634404,0.497268,1
4130,272.672,0.722202,-0.331687,0.826644,-1.78085,-0.0702698,0.225166,-0.697528,0,0,0,0.00487993,0.052702,-0.000258936,0.633994,0.498063,1
4140,298.263,0.732082,-0.332065,0.827587,-1.78288,-0.0719294,0.229303,-0.706439,0,0,0,0.00458447,0.0529383,-5.02768e-005,0.633545,0.498945,1
4150,306.691,0.742142,-0.33192,0.827223,-1.7821,-0.0735895,0.23344,-0.715352,0,0,0,0.00401094,0.0533579,0.000415129,0.633247,0.499522,1
4160,310.503,0.75279,-0.331709,0.826699,-1.78097,-0.0752487,0.237575,-0.72426,0,0,0,0.00348156,0.0537956,0.00149392,0.633181,0.499628,1
4170,307.855,0.763654,-0.331398,0.825923,-1.7793,-0.0769065,0.241707,-0.733161,0,0,0,0.00347468,0.0538222,0.0026415,0.633181,0.499628,1
4180,269.377,0.774179,-0.331731,0.826752,-1.78108,-0.0785637,0.245837,-0.742059,0,0,0,0.00407224,0.0533572,0.00324324,0.633181,0.499628,1
4190,242.038,0.784395,-0.33337,0.830837,-1.78988,-0.0802256,0.249979,-0.750982,0,0,0,0.00481458,0.0527626,0.00343802,0.633181,0.499628,1
4200,255.906,0.794897,-0.335149,0.835271,-1.79943,-0.0818968,0.254144,-0.759954,0,0,0,0.00527593,0.0523289,0.00393938,0.633181,0.499628,1
4210,276.018,0.805951,-0.336144,0.837752,-1.80478,-0.083575,0.258326,-0.768965,0,0,0,0.00540706,0.0519112,0.0050062,0.633181,0.499628,1
4220,281.766,0.81733,-0.336754,0.839273,-1.80806,-0.0852572,0.262518,-0.777997,0,0,0,0.00530731,0.0515688,0.00643071,0.633181,0.499628,1
4230,285.756,0.828683,-0.337221,0.840437,-1.81056,-0.0869421,0.266718,-0.787043,0,0,0,0.00494804,0.0515397,0.00792247,0.633181,0.499628,1
4240,285.444,0.839966,-0.337641,0.841483,-1.81282,-0.0886291,0.270922,-0.796101,0,0,0,0.00434325,0.0518416,0.00944449,0.633181,0.499628,1
4250,299.956,0.851189,-0.337902,0.842132,-1.81422,-0.0903181,0.275131,-0.805169,0,0,0,0.00351113,0.0520964,0.0109039,0.633181,0.499628,1
4260,319.866,0.86229,-0.337553,0.841264,-1.81235,-0.092007,0.279341,-0.814237,0,0,0,0.0026828,0.0522265,0.0121993,0.633037,0.499915,1
4270,307.864,0.873451,-0.33714,0.840234,-1.81013,-0.0936937,0.283544,-0.823293,0,0,0,0.00225496,0.0521623,0.0134707,0.632784,0.500409,1
4280,294.48,0.885074,-0.33716,0.840283,-1.81023,-0.0953793,0.287745,-0.832343,0,0,0,0.00261462,0.0516712,0.0150193,0.632517,0.500912,1
4290,284.22,0.897073,-0.33746,0.841031,-1.81184,-0.0970656,0.291948,-0.841397,0,0,0,0.00355882,0.050731,0.016757,0.632296,0.501301,1
4300,273.455,0.908895,-0.338144,0.842735,-1.81552,-0.0987543,0.296157,-0.850464,0,0,0,0.00443372,0.0499344,0.018338,0.632295,0.501302,1
4310,278.153,0.920199,-0.338947,0.844738,-1.81983,-0.100447,0.300375,-0.859551,0,0,0,0.00453767,0.0495611,0.0195603,0.632295,0.501302,1
4320,298.179,0.931001,-0.339257,0.84551,-1.82149,-0.102143,0.304601,-0.868656,0,0,0,0.00406145,0.049482,0.0203875,0.632295,0.501302,1
4330,300.045,0.941265,-0.339236,0.845457,-1.82138,-0.103839,0.308829,-0.877763,0,0,0,0.00370196,0.0494967,0.0206593,0.632295,0.501302,1
4340,296.06,0.950913,-0.339309,0.845639,-1.82177,-0.105535,0.313056,-0.88687,0,0,0,0.00397261,0.0495464,0.0202167,0.632216,0.501384,1
4350,288.97,0.960217,-0.339501,0.846118,-1.8228,-0.107232,0.317285,-0.895981,0,0,0,0.0046244,0.0494688,0.0193221,0.632135,0.501473,1
4360,264.55,0.969675,-0.34024,0.84796,-1.82677,-0.108931,0.321519,-0.905102,0,0,0,0.00533768,0.0493325,0.0185462,0.632135,0.501473,1
4370,256.932,0.979409,-0.341644,0.85146,-1.83431,-0.110635,0.325766,-0.914252,0,0,0,0.00573506,0.0492831,0.0180872,0.632135,0.501473,1
4380,263.397,0.989188,-0.342905,0.854603,-1.84108,-0.112346,0.330031,-0.92344,0,0,0,0.00570697,0.0493747,0.0177238,0.632135,0.501473,1
4390,244.46,0.998989,-0.344419,0.858375,-1.84921,-0.114064,0.334312,-0.932662,0,0,0,0.00544323,0.0495623,0.0173992,0.632135,0.501473,1
4400,221.536,1.00921,-0.347048,0.864927,-1.86332,-0.115791,0.338617,-0.941937,0,0,0,0.00528174,0.0497707,0.0174418,0.632135,0.501473,1
4410,234.376,1.02012,-0.349957,0.872177,-1.87894,-0.117534,0.342959,-0.95129,0,0,0,0.00496598,0.0498883,0.0181195,0.632135,0.501473,1
4420,266.525,1.03154,-0.351591,0.876249,-1.88771,-0.119288,0.34733,-0.960708,0,0,0,0.00440349,0.0499272,0.0192598,0.632135,0.501473,1
4430,279.143,1.04308,-0.352426,0.87833,-1.8922,-0.121048,0.351717,-0.970157,0,0,0,0.00399287,0.0499363,0.0204557,0.632135,0.501473,1
4440,300.088,1.05468,-0.352747,0.879131,-1.89392,-0.122811,0.356111,-0.979624,0,0,0,0.0041574,0.0497357,0.0215601,0.632135,0.501473,1
4450,314.478,1.06655,-0.352454,0.8784,-1.89235,-0.124574,0.360505,-0.989091,0,0,0,0.00470495,0.0492202,0.0228017,0.63204,0.501578,1
4460,295.153,1.07893,-0.352283,0.877974,-1.89143,-0.126336,0.364896,-0.998549,0,0,0,0.0053395,0.0485917,0.024532,0.631813,0.501804,1
4470,270.505,1.02608,-0.352897,0.879504,-1.89473,-0.128098,0.369288,0.991988,0,0,0,0.00581593,0.0481059,0.0267204,0.631734,0.501903,1
4480,256.114,1.01702,-0.354184,0.882711,-1.90163,-0.129865,0.373692,0.9825,0,0,0,0.00616022,0.047628,0.0288174,0.63162,0.502067,1
4490,261.51,1.00885,-0.355689,0.886462,-1.90972,-0.13164,0.378115,0.972973,0,0,0,0.00670208,0.0472097,0.030031,0.631603,0.502093,1
4500,294.179,1.00171,-0.356405,0.888246,-1.91356,-0.13342,0.382552,0.963414,0,0,0,0.00739753,0.0470361,0.0301295,0.631603,0.502093,1
4510,325.086,0.995115,-0.356043,0.887344,-1.91162,-0.135202,0.386992,0.953848,0,0,0,0.00762677,0.0470053,0.0295848,0.631603,0.502093,1
4520,341.379,0.988457,-0.355138,0.88509,-1.90676,-0.13698,0.391424,0.9443,0,0,0,0.00703603,0.0466884,0.0291698,0.631603,0.502093,1
4530,352.988,0.981493,-0.353882,0.881959,-1.90002,-0.138753,0.395843,0.934781,0,0,0,0.00637362,0.0462501,0.0292142,0.631603,0.502093,1
4540,337.159,0.974512,-0.352706,0.879027,-1.8937,-0.14052,0.400246,0.925296,0,0,0,0.00636388,0.0459429,0.0294346,0.631603,0.502093,1
4550,313.784,0.968072,-0.352049,0.87739,-1.89017,-0.142281,0.404636,0.915837,0,0,0,0.00697751,0.0456397,0.0292668,0.631603,0.502093,1
4560,288.878,0.962115,-0.352048,0.877388,-1.89017,-0.144041,0.409023,0.906388,0,0,0,0.00745387,0.0451279,0.028723,0.631603,0.502093,1
4570,270.642,0.956026,-0.352749,0.879136,-1.89393,-0.145803,0.413413,0.89693,0,0,0,0.00744644,0.0447591,0.0282556,0.631603,0.502093,1
4580,266.827,0.949385,-0.353836,0.881843,-1.89977,-0.147569,0.417815,0.887447,0,0,0,0.00699922,0.0445764,0.0283005,0.631603,0.502093,1
4590,274.636,0.942399,-0.354778,0.884191,-1.90482,-0.14934,0.422229,0.877936,0,0,0,0.00679487,0.0443581,0.0288484,0.631603,0.502093,1
4600,276.557,0.935146,-0.355547,0.886109,-1.90896,-0.151116,0.426655,0.868403,0,0,0,0.00711114,0.0442737,0.0298044,0.631603,0.502093,1
4610,285.489,0.927596,-0.356173,0.887667,-1.91231,-0.152895,0.431089,0.85885,0,0,0,0.00763556,0.0445826,0.0310351,0.631603,0.502093,1
4620,306.896,0.920015,-0.356271,0.887913,-1.91284,-0.154677,0.435529,0.849285,0,0,0,0.00767156,0.0447834,0.0323465,0.631603,0.502093,1
4630,307.681,0.912804,-0.35595,0.887113,-1.91112,-0.156457,0.439966,0.839725,0,0,0,0.00748762,0.0445768,0.0334989,0.631603,0.502093,1
4640,266.974,0.905902,-0.356362,0.888139,-1.91333,-0.158237,0.444403,0.830168,0,0,0,0.00755843,0.0444136,0.0344419,0.631603,0.502093,1
4650,241.159,0.899246,-0.358214,0.892755,-1.92327,-0.160023,0.448853,0.820581,0,0,0,0.00809836,0.0445399,0.0351456,0.631603,0.502093,1
4660,261.468,0.892691,-0.360006,0.897221,-1.9329,-0.161818,0.453328,0.810941,0,0,0,0.00861207,0.0447107,0.0357745,0.631603,0.502093,1
4670,283.894,0.886069,-0.360844,0.899309,-1.93739,-0.163621,0.457819,0.801265,0,0,0,0.00874796,0.044714,0.036574,0.631603,0.502093,1
4680,312.429,0.879533,-0.360911,0.899477,-1.93775,-0.165425,0.462317,0.791575,0,0,0,0.0081776,0.0442524,0.0374777,0.631603,0.502093,1
4690,344.382,0.873784,-0.360069,0.897378,-1.93323,-0.167228,0.466811,0.781894,0,0,0,0.0072553,0.0429883,0.0379669,0.631478,0.502516,1
4700,353.846,0.868848,-0.358739,0.894063,-1.92609,-0.169026,0.47129,0.772244,0,0,0,0.00648176,0.0414018,0.0378799,0.631431,0.502589,1
4710,337.127,0.864068,-0.357554,0.891111,-1.91973,-0.170817,0.475753,0.762629,0,0,0,0.00627831,0.0403034,0.0376226,0.631431,0.502589,1
4720,309.854,0.858888,-0.356916,0.889521,-1.91631,-0.172603,0.480205,0.753039,0,0,0,0.00653407,0.0398774,0.0377003,0.631431,0.502589,1
4730,282.424,0.853353,-0.357145,0.890092,-1.91754,-0.174388,0.484653,0.743457,0,0,0,0.00709854,0.0397611,0.0382301,0.631431,0.502589,1
4740,292.822,0.847423,-0.357611,0.891253,-1.92004,-0.176174,0.489106,0.733863,0,0,0,0.00764985,0.0399727,0.0391591,0.631431,0.502589,1
4750,322.486,0.84124,-0.35738,0.890676,-1.9188,-0.177962,0.493562,0.724264,0,0,0,0.00820344,0.0405438,0.0403035,0.631431,0.502589,1
4760,355.804,0.835333,-0.356297,0.887977,-1.91298,-0.179747,0.49801,0.714681,0,0,0,0.00885442,0.0412719,0.0411818,0.631285,0.502663,1
4770,370.224,0.830035,-0.354711,0.884026,-1.90447,-0.181525,0.502441,0.705135,0,0,0,0.0093503,0.0416786,0.041642,0.631203,0.502697,1
4780,364.651,0.869353,-0.353056,0.8799,-1.89558,-0.183295,-0.498541,0.695633,0,0,0,0.00928192,0.0417085,0.042319,0.630946,0.50278,1
4790,355.228,0.858527,-0.351614,0.876308,-1.88784,-0.185057,-0.49415,0.686172,0,0,0,0.00896616,0.0415513,0.0439508,0.63068,0.502843,1
4800,339.387,0.847489,-0.350405,0.873292,-1.88134,-0.186812,-0.489775,0.676749,0,0,0,0.00899478,0.0414038,0.0460779,0.630435,0.50288,1
4810,315.208,0.83685,-0.34971,0.87156,-1.87761,-0.188562,-0.485413,0.667352,0,0,0,0.00929512,0.041196,0.0477937,0.630174,0.502895,1
4820,307.843,0.826581,-0.349477,0.87098,-1.87636,-0.19031,-0.481057,0.657967,0,0,0,0.00934952,0.0408382,0.0488711,0.629988,0.502883,1
4830,332.425,0.815934,-0.348935,0.869629,-1.87345,-0.192057,-0.476705,0.64859,0,0,0,0.00906113,0.0399194,0.0499252,0.629774,0.502847,1
4840,347.298,0.804853,-0.347837,0.866894,-1.86756,-0.193799,-0.472362,0.639235,0,0,0,0.00877727,0.0384417,0.0511614,0.629129,0.502712,1
4850,330.104,0.793911,-0.346805,0.86432,-1.86202,-0.195536,-0.468034,0.629911,0,0,0,0.00861027,0.0371779,0.0525209,0.627972,0.502444,1
4860,304.147,0.783776,-0.34637,0.863237,-1.85968,-0.197268,-0.463716,0.620608,0,0,0,0.00868398,0.0369801,0.0538691,0.62666,0.502126,1
4870,293.006,0.774426,-0.346446,0.863427,-1.86009,-0.199,-0.459399,0.611309,0,0,0,0.0093809,0.0374474,0.0550208,0.625534,0.501856,1
4880,293.601,0.765722,-0.34665,0.863935,-1.86119,-0.200733,-0.455081,0.602006,0,0,0,0.0108549,0.0377175,0.0554616,0.624655,0.501651,1
4890,290.495,0.757181,-0.346846,0.864424,-1.86224,-0.202467,-0.45076,0.592698,0,0,0,0.0123216,0.037542,0.0553437,0.623979,0.501488,1
4900,277.741,0.748376,-0.347356,0.865694,-1.86498,-0.204202,-0.446436,0.583382,0,0,0,0.0130388,0.03735,0.055343,0.62352,0.501359,1
4910,282.025,0.739153,-0.348045,0.867412,-1.86868,-0.20594,-0.442103,0.574048,0,0,0,0.0130109,0.0373351,0.0558336,0.623253,0.501264,1
4920,299.182,0.729981,-0.348278,0.867994,-1.86993,-0.207681,-0.437764,0.564701,-0.0346276,-0.0132091,0.0263686,0.0127059,0.0375469,0.0563892,0.623111,0.501204,1
4930,293.208,0.720724,-0.348333,0.868156,-1.87028,-0.209423,-0.433424,0.555351,-0.0369846,-0.013686,0.0263761,0.0120969,0.0376722,0.0569124,0.623111,0.501204,1
4940,272.327,0.711034,-0.34886,0.869497,-1.87317,-0.211165,-0.429081,0.545994,-0.0385834,-0.0135181,0.025771,0.0114876,0.0373171,0.0576625,0.623111,0.501204,1
4950,240.425,0.701024,-0.350393,0.873356,-1.88148,-0.212912,-0.424726,0.536613,-0.254021,-0.22736,0.237365,0.011477,0.0364567,0.058707,0.623111,0.501204,1
4960,221.051,0.691395,-0.353164,0.880489,-1.89678,-0.21467,-0.420344,0.527173,-0.288579,-0.250685,0.257199,0.0121728,0.0357314,0.0596642,0.622835,0.50095,1
4970,243.171,0.68235,-0.355735,0.887171,-1.9111,-0.216442,-0.415926,0.517654,-0.831221,-0.452419,1.24261,0.0128711,0.0356096,0.0603433,0.622423,0.500557,1
4980,263.72,0.673588,-0.357039,0.891089,-1.91962,-0.218224,-0.41148,0.508078,-0.940651,-0.481287,1.37384,0.0133557,0.0356835,0.0607121,0.621921,0.500077,1
4990,272.724,0.664609,-0.357813,0.89376,-1.92548,-0.220011,-0.407018,0.498466,-1.14544,-0.386753,2.64271,0.0136426,0.0353071,0.060906,0.621522,0.499714,1
5000,281.28,0.65527,-0.358251,0.895716,-1.93019,-0.221801,-0.402545,0.488827,-1.5908,-0.638394,3.7944,0.0135898,0.034609,0.0611986,0.6207,0.500223,1
5010,293.693,0.645706,-0.358164,0.896693,-1.93294,-0.223593,-0.398064,0.479169,-1.76317,-0.622837,4.19206,0.0131773,0.0341413,0.0619462,0.619817,0.50069,1
5020,286.15,0.636388,-0.357967,0.897504,-1.93546,-0.225383,-0.393579,0.469499,-1.94912,-0.589145,4.65185,0.0130963,0.0340726,0.0630112,0.618726,0.501179,1
5030,270.19,0.627719,-0.358166,0.899408,-1.94049,-0.227173,-0.389087,0.459811,-1.84831,-0.794311,6.21974,0.0134386,0.0343966,0.0638336,0.618031,0.501338,1
5040,263.321,0.619632,-0.358892,0.902649,-1.94874,-0.228965,-0.384583,0.45009,-2.71241,-0.392686,8.92423,0.0134783,0.0350554,0.0639972,0.617365,0.501366,1
5050,280.488,0.611626,-0.359114,0.905071,-1.95613,-0.23076,-0.380064,0.440328,-3.31455,-0.058205,10.3375,0.0127632,0.035785,0.0636944,0.61656,0.501311,1
5060,304.343,0.603331,-0.358449,0.905559,-1.95988,-0.232554,-0.375537,0.430537,-3.61226,0.055915,11.4514,0.0121014,0.0361772,0.0635986,0.615913,0.501217,1
5070,316.929,0.594884,-0.357154,0.904602,-1.96086,-0.234343,-0.371011,0.420734,-3.57895,0.279704,13.0322,0.012126,0.0363363,0.0640705,0.615676,0.501218,1
5080,316.731,0.58638,-0.355744,0.903262,-1.96153,-0.236126,-0.366491,0.410927,-3.59031,0.684565,14.6217,0.0126245,0.0364597,0.0651018,0.615676,0.501218,1
5090,301.356,0.57779,-0.354551,0.902358,-1.96374,-0.237902,-0.361977,0.401115,-3.34611,0.39859,16.6312,0.0131406,0.036504,0.0664021,0.615676,0.501218,1
5100,274.754,0.569075,-0.35411,0.903265,-1.97023,-0.239673,-0.357464,0.391283,-3.44786,0.542151,17.7259,0.0137456,0.0361507,0.0677189,0.615676,0.501218,1
5110,250.736,0.560488,-0.354624,0.90663,-1.98242,-0.241444,-0.352941,0.381405,-3.50931,0.678972,18.5761,0.0141453,0.0356039,0.0685886,0.615676,0.501218,1
5120,258.085,0.552041,-0.355385,0.910621,-1.99622,-0.243219,-0.348399,0.37146,-3.26229,0.457008,19.4416,0.0139508,0.0352132,0.069045,0.615676,0.501218,1
5130,263.867,0.543675,-0.355918,0.913914,-2.00851,-0.244997,-0.343838,0.36145,-3.15164,0.486598,19.1764,0.0133672,0.0350024,0.0693688,0.615676,0.501218,1
5140,291.998,0.534936,-0.355884,0.915658,-2.01721,-0.246776,-0.339263,0.351384,-2.95204,0.452429,17.6843,0.012788,0.0345294,0.0702049,0.615676,0.501218,1
5150,313.727,0.525686,-0.354997,0.915073,-2.02013,-0.248554,-0.334686,0.341288,-2.81824,0.258781,14.3754,0.0119485,0.033806,0.0716623,0.615676,0.501218,1
5160,299.358,0.516363,-0.354108,0.91442,-2.02157,-0.250326,-0.330112,0.331184,-2.43303,-0.253984,7.63228,0.0110163,0.0330921,0.0734762,0.615676,0.501218,1
5170,284.745,0.507908,-0.353888,0.915286,-2.02382,-0.252096,-0.325539,0.321071,-1.79742,-0.163282,-4.97255,0.01085,0.0326503,0.0750415,0.615676,0.501218,1
5180,274.951,0.500609,-0.354201,0.916857,-2.02369,-0.253866,-0.320959,0.310952,-0.514038,0.563507,-26.5945,0.0116777,0.0325417,0.0761463,0.615676,0.501218,1
5190,259.204,0.494178,-0.355515,0.919482,-2.01938,-0.255639,-0.316369,0.300843,2.32854,2.4151,-64.1922,0.0126729,0.0328272,0.0766051,0.615676,0.501218,1
5200,255.853,0.487641,-0.358159,0.922428,-2.00464,-0.257423,-0.311765,0.290778,7.57876,5.69479,-129.636,0.0130718,0.0330479,0.0769321,0.615676,0.501218,1
5210,260.464,0.480414,-0.362287,0.924034,-1.96773,-0.259223,-0.307149,0.280837,14.2064,11.9624,-242.811,0.0128873,0.0327832,0.0778604,0.615676,0.501218,1
5220,265.666,0.472992,-0.367888,0.923214,-1.8932,-0.261047,-0.302531,0.271167,20.1097,21.2451,-427.071,0.0124789,0.032408,0.0795407,0.615676,0.501218,1
5230,275.539,0.466631,-0.373948,0.919212,-1.76071,-0.262902,-0.297924,0.262004,19.2211,30.213,-695.746,0.0121472,0.0327244,0.0809958,0.615676,0.501218,1
5240,275.286,0.461734,-0.377912,0.912776,-1.54962,-0.264783,-0.293344,0.253691,4.10498,36.8691,-1049.74,0.0121472,0.0335662,0.0815356,0.615676,0.501218,1
5250,273.026,0.457843,-0.3773,0.905327,-1.24314,-0.266673,-0.288799,0.246668,-15.1883,40.5183,-1450,0.0125785,0.0341856,0.0813799,0.615676,0.501218,1
5260,260.864,0.454441,-0.37384,0.89797,-0.846069,-0.26855,-0.284292,0.241414,-18.7382,39.6079,-1745.72,0.0131003,0.0343603,0.0812572,0.615676,0.501218,1
5270,241.546,0.451554,-0.371759,0.893838,-0.406027,-0.270413,-0.279816,0.23828,-13.6509,27.9769,-1782.47,0.0133443,0.0344885,0.0814495,0.615718,0.501089,1
5280,236.556,0.4495,-0.370994,0.894777,0.0123177,-0.272269,-0.275347,0.237318,-12.588,13.8493,-1572.97,0.0135423,0.0347642,0.0817773,0.61575,0.501109,1
5290,251.77,0.448358,-0.370569,0.896776,0.365485,-0.274122,-0.270869,0.238294,-7.02599,14.2717,-1267.09,0.0140261,0.0350419,0.082044,0.615964,0.50123,1
5300,278.114,0.447646,-0.371007,0.894645,0.646981,-0.275976,-0.266389,0.240852,0.398707,27.027,-1004.03,0.0144849,0.0350063,0.0821671,0.616204,0.50135,1
5310,304.403,0.446795,-0.371917,0.887502,0.869997,-0.277833,-0.261932,0.244667,4.5373,32.7076,-797.375,0.0143582,0.0344399,0.0821423,0.616453,0.50146,1
5320,321.279,0.445865,-0.372745,0.879142,1.04145,-0.279695,-0.257515,0.249468,5.49923,23.7947,-594.45,0.0137579,0.0335109,0.0821822,0.616632,0.501532,1
5330,308.625,0.44509,-0.37324,0.87391,1.16201,-0.28156,-0.253134,0.254998,1.81239,9.3386,-394.368,0.0130289,0.0326206,0.0827587,0.616632,0.501532,1
5340,289.083,0.444669,-0.373153,0.873106,1.23953,-0.283426,-0.248768,0.261017,-3.00414,0.31959,-238.162,0.0124815,0.0318267,0.0837169,0.616632,0.501532,1
5350,274.931,0.44485,-0.372729,0.874799,1.28694,-0.285291,-0.2444,0.267343,-4.45327,-1.41627,-135.601,0.0123357,0.0310342,0.084459,0.616632,0.501532,1
5360,270.481,0.445943,-0.37263,0.877377,1.31545,-0.287154,-0.24002,0.273854,-4.22852,-0.322481,-71.4669,0.0126489,0.030581,0.0847551,0.616632,0.501532,1
5370,280.355,0.447633,-0.372491,0.879302,1.33096,-0.289016,-0.235628,0.280474,-3.66253,0.582346,-33.19,0.0130593,0.0307804,0.0851493,0.616707,0.501564,1
5380,294.904,0.449571,-0.372018,0.88,1.33757,-0.290878,-0.23123,0.287148,-3.22232,0.933215,-11.4589,0.0134637,0.0311503,0.0855366,0.616707,0.501564,1
5390,312.502,0.451933,-0.37114,0.879409,1.33819,-0.292736,-0.226831,0.29384,-2.73947,1.23829,1.32075,0.0141229,0.0312032,0.0852733,0.616707,0.501564,1
5400,310.459,0.454961,-0.370114,0.878062,1.33532,-0.294589,-0.222437,0.300525,-1.87872,1.17852,8.67194,0.0150464,0.0311334,0.0841509,0.616707,0.501564,1
5410,292.47,0.457975,-0.369717,0.877732,1.33256,-0.296438,-0.218048,0.307194,-1.54428,1.19905,13.1007,0.0157352,0.031025,0.0830261,0.616707,0.501564,1
5420,290.226,0.460328,-0.369706,0.878144,1.33008,-0.298287,-0.213658,0.313851,-1.17713,1.64827,16.1026,0.0158846,0.0305322,0.0824009,0.616844,0.501684,1
5430,288.998,0.46226,-0.369733,0.878378,1.32689,-0.300135,-0.209267,0.320493,-0.970148,2.00345,17.8308,0.0157539,0.0298677,0.0823478,0.616844,0.501684,1
5440,279.629,0.464434,-0.370054,0.879152,1.32432,-0.301984,-0.204874,0.32712,-0.878962,1.81953,18.3305,0.0155925,0.0299299,0.0827611,0.616844,0.501684,1
5450,279.522,0.467009,-0.370535,0.880315,1.32219,-0.303836,-0.200476,0.333736,-0.790776,1.96943,18.5638,0.0153957,0.0308994,0.0834269,0.616844,0.501684,1
5460,275.884,0.47003,-0.371081,0.881552,1.32023,-0.305689,-0.196072,0.340341,-0.724923,2.40986,17.9809,0.0150872,0.0320509,0.0834547,0.616844,0.501684,1
5470,268.362,0.473514,-0.371852,0.883187,1.31916,-0.307546,-0.191661,0.346938,-0.63717,2.4055,17.5039,0.0147869,0.0328889,0.082562,0.616844,0.501684,1
5480,239.165,0.477217,-0.373397,0.886613,1.3209,-0.309408,-0.187238,0.353535,-0.561913,2.4112,16.9033,0.0146061,0.0335089,0.0814662,0.616844,0.501684,1
5490,215.801,0.48059,-0.376462,0.893602,1.32808,-0.311282,-0.182791,0.360152,-0.500459,2.42742,16.2645,0.0146768,0.0336035,0.0810632,0.616844,0.501684,1
5500,225.65,0.483613,-0.379847,0.901307,1.33646,-0.313172,-0.178305,0.366812,-0.433073,2.43923,15.5997,0.0150142,0.0327584,0.0811067,0.616844,0.501684,1
5510,244.243,0.486736,-0.382325,0.906812,1.34173,-0.315077,-0.173785,0.373506,-0.350022,2.43806,14.9147,0.0154531,0.031496,0.0810667,0.616844,0.501684,1
5520,264.875,0.490016,-0.383937,0.910211,1.34403,-0.316993,-0.169243,0.38022,-0.0736697,2.08657,13.9193,0.0155692,0.0307571,0.0810246,0.616895,0.501698,1
5530,282.624,0.493088,-0.384805,0.911748,1.3437,-0.318915,-0.164688,0.38694,0.917567,2.04866,12.3741,0.0154553,0.0303301,0.0814887,0.617103,0.501738,1
5540,288.417,0.496176,-0.385464,0.912278,1.34223,-0.32084,-0.160128,0.393654,0.704444,1.77427,11.4704,0.0155086,0.0297047,0.0821689,0.617131,0.501741,1
5550,283.931,0.499789,-0.386085,0.912893,1.341,-0.322769,-0.155566,0.400362,0.779182,1.47101,10.5638,0.0158707,0.029157,0.0825725,0.617131,0.501741,1
5560,262.964,0.503614,-0.38722,0.914757,1.34173,-0.324702,-0.150998,0.407066,0.777144,1.48882,9.96871,0.0161934,0.0289521,0.0829744,0.617131,0.501741,1
5570,250.935,0.507235,-0.389172,0.918546,1.34542,-0.326642,-0.146416,0.413782,1.09573,1.2033,8.93893,0.0163717,0.0286092,0.0836377,0.617351,0.501683,1
5580,264.943,0.510984,-0.391052,0.922076,1.34887,-0.328592,-0.141815,0.420517,1.01881,1.12678,8.33782,0.0164097,0.0280185,0.0840137,0.617707,0.501558,1
5590,282.305,0.515341,-0.392202,0.923943,1.35,-0.330551,-0.1372,0.427264,1.15694,0.926939,7.32771,0.0162696,0.0276807,0.083598,0.617761,0.50152,1
5600,301.109,0.520051,-0.392737,0.924335,1.34914,-0.332513,-0.132578,0.434013,1.06777,0.831816,6.85373,0.0158476,0.0278667,0.0827928,0.617761,0.50152,1
5610,309.296,0.524996,-0.392734,0.923544,1.34663,-0.334477,-0.127958,0.440753,0.657594,0.66025,6.05483,0.0153119,0.0284535,0.0818607,0.617761,0.50152,1
5620,289.16,0.530171,-0.392922,0.923456,1.34527,-0.336441,-0.123342,0.447482,0.648937,0.587025,5.67479,0.0146842,0.0293991,0.0807902,0.617761,0.50152,1
5630,279.712,0.535471,-0.393684,0.924745,1.34598,-0.338407,-0.118722,0.454209,0.49333,0.291869,4.93793,0.0141299,0.0303017,0.0797242,0.61789,0.501236,1
5640,266.761,0.540587,-0.394749,0.926878,1.34799,-0.340378,-0.114094,0.460942,0.793274,0.0639031,4.06627,0.0140518,0.0305282,0.0792369,0.618126,0.500679,1
5650,264.884,0.545846,-0.396319,0.930095,1.35171,-0.342355,-0.109452,0.46769,0.755427,0.0860888,3.88471,0.0148651,0.0299407,0.0792166,0.618493,0.49982,1
5660,290.512,0.551372,-0.397261,0.931857,1.35337,-0.344339,-0.104797,0.474453,0.701893,0.113523,3.66967,0.0160225,0.0292806,0.0792655,0.61891,0.498873,1
5670,309.972,0.556855,-0.397334,0.931606,1.35217,-0.346326,-0.100137,0.481218,0.640168,0.141505,3.43143,0.0167477,0.0291748,0.0792932,0.61929,0.498055,1
5680,318.979,0.56165,-0.396995,0.930418,1.34969,-0.348312,-0.0954819,0.487974,0.662558,0.0250498,2.70631,0.0167169,0.0292335,0.0797449,0.619546,0.49755,1
5690,318.838,0.565876,-0.396507,0.928914,1.34689,-0.350296,-0.0908332,0.494715,0.187332,0.0367211,1.55055,0.0162793,0.0286433,0.0805131,0.619747,0.49719,1
5700,297.395,0.570171,-0.396303,0.928326,1.34568,-0.352278,-0.0861907,0.501446,0.154052,0.0459926,1.38644,0.0157586,0.0278187,0.0811538,0.619965,0.496836,1
5710,288.537,0.575214,-0.39664,0.929023,1.34639,-0.35426,-0.0815477,0.508176,0.127339,0.0544195,1.22845,0.0154938,0.027774,0.0813236,0.620082,0.496666,1
5720,284.082,0.580812,-0.397136,0.930102,1.34769,-0.356244,-0.0769004,0.51491,0.12838,0.0311808,0.575208,0.0155794,0.0285247,0.0813483,0.620082,0.496666,1
5730,265.634,0.586707,-0.398069,0.932212,1.35063,-0.358232,-0.0722459,0.521654,0,0,0,0.0158827,0.0293098,0.081257,0.620082,0.496666,1
5740,269.498,0.592685,-0.399462,0.935476,1.35536,-0.360225,-0.0675772,0.528418,0,0,0,0.0161228,0.0295742,0.0809821,0.620082,0.496666,1
5750,301.908,0.598693,-0.399892,0.936482,1.35682,-0.362224,-0.0628964,0.5352,0,0,0,0.0162894,0.028956,0.0805303,0.620082,0.496666,1
5760,307.788,0.604642,-0.399651,0.935917,1.356,-0.364223,-0.0582152,0.541982,0,0,0,0.0164433,0.0276921,0.0801331,0.62019,0.496562,1
5770,304.488,0.610708,-0.399479,0.935515,1.35542,-0.366221,-0.0535366,0.548761,0,0,0,0.0163501,0.0266354,0.0795317,0.620579,0.496215,1
5780,303.734,0.616909,-0.399311,0.935122,1.35485,-0.368218,-0.0488599,0.555537,0,0,0,0.0158135,0.0259875,0.0785729,0.621146,0.49573,1
5790,280.35,0.623279,-0.399563,0.935712,1.3557,-0.370215,-0.0441838,0.562312,0,0,0,0.0151926,0.025078,0.0773981,0.621872,0.495119,1
5800,257.781,0.629979,-0.400777,0.938554,1.35982,-0.372215,-0.0394997,0.569098,0,0,0,0.0151276,0.0236426,0.0762976,0.622629,0.494499,1
5810,238.153,0.636923,-0.402962,0.943672,1.36724,-0.374223,-0.0347964,0.575913,0,0,0,0.0154752,0.022243,0.0753597,0.623256,0.494007,1
5820,238.459,0.643921,-0.405646,0.949958,1.37634,-0.376244,-0.0300638,0.582769,0,0,0,0.0157972,0.0214327,0.0745507,0.623662,0.493705,1
5830,251.981,0.650864,-0.407933,0.955312,1.3841,-0.378278,-0.0253013,0.58967,0,0,0,0.0160721,0.0212577,0.073972,0.623963,0.493491,1
5840,271.343,0.657785,-0.409367,0.958672,1.38897,-0.380321,-0.0205163,0.596602,0,0,0,0.0166632,0.0213416,0.07379,0.624188,0.493338,1
5850,275.384,0.664227,-0.41029,0.960832,1.3921,-0.38237,-0.015718,0.603554,0,0,0,0.0171674,0.0214127,0.074226,0.624255,0.493295,1
5860,281.472,0.670172,-0.41113,0.962801,1.39495,-0.384423,-0.0109091,0.610522,0,0,0,0.0173835,0.0215882,0.0751473,0.624265,0.493289,1
5870,296.322,0.675991,-0.411485,0.963631,1.39615,-0.38648,-0.00609274,0.6175,0,0,0,0.0176815,0.022086,0.0763683,0.624373,0.493229,1
5880,285.474,0.682133,-0.411678,0.964084,1.39681,-0.388538,-0.00127403,0.624481,0,0,0,0.0183426,0.0228626,0.077516,0.62457,0.493139,1
5890,257.379,0.688449,-0.412947,0.967055,1.40111,-0.390598,0.0035519,0.631473,0,0,0,0.0186892,0.0235992,0.0782611,0.624762,0.493063,1
5900,273.53,0.694992,-0.414373,0.970394,1.40595,-0.392667,0.00839548,0.638491,0,0,0,0.0185006,0.0239174,0.0783882,0.624872,0.493029,1
5910,302.824,0.70156,-0.414744,0.971263,1.40721,-0.39474,0.0132505,0.645525,0,0,0,0.018246,0.0238127,0.0785002,0.624905,0.493021,1
5920,320.05,0.707989,-0.414305,0.970235,1.40572,-0.396813,0.0181049,0.652558,0,0,0,0.01817,0.023721,0.0789674,0.625001,0.493004,1
5930,337.768,0.714285,-0.413388,0.968087,1.40261,-0.398882,0.0229518,0.659581,0,0,0,0.0179957,0.0237786,0.0795684,0.625007,0.493003,1
5940,346.537,0.721034,-0.412053,0.964962,1.39808,-0.400946,0.0277854,0.666584,0,0,0,0.0181106,0.0236595,0.0798435,0.625007,0.493003,1
5950,340.443,0.728451,-0.410762,0.961938,1.3937,-0.403004,0.0326032,0.673564,0,0,0,0.0190297,0.0231169,0.0798989,0.625137,0.493005,1
5960,328.19,0.736099,-0.409676,0.959395,1.39002,-0.405055,0.0374068,0.680524,0,0,0,0.0202077,0.0223054,0.0798863,0.625299,0.49301,1
5970,281.592,0.7432,-0.409514,0.959015,1.38947,-0.407102,0.0422014,0.687471,0,0,0,0.0206313,0.021489,0.0800483,0.625299,0.49301,1
5980,240.356,0.749808,-0.41141,0.963455,1.3959,-0.409153,0.0470046,0.69443,0,0,0,0.0205085,0.0210571,0.080484,0.625299,0.49301,1
5990,264.474,0.75645,-0.413429,0.968184,1.40275,-0.411216,0.0518338,0.701426,0,0,0,0.0206747,0.0208986,0.0811601,0.625299,0.49301,1
6000,274.014,0.763301,-0.414491,0.97067,1.40635,-0.413285,0.0566807,0.708449,0,0,0,0.0208619,0.0203827,0.0816891,0.624877,0.494029,1
6010,268.779,0.770449,-0.415553,0.973158,1.40996,-0.41536,0.0615394,0.715488,0,0,0,0.0206397,0.0193449,0.0816783,0.624416,0.494595,1
6020,265.106,0.778115,-0.416895,0.976301,1.41451,-0.417441,0.0664121,0.722548,0,0,0,0.020645,0.0185369,0.0812595,0.624044,0.494988,1
6030,266.934,0.785888,-0.418208,0.979375,1.41896,-0.419528,0.0713006,0.729631,0,0,0,0.0213137,0.018436,0.0811842,0.623804,0.495267,1
6040,269.673,0.792906,-0.419478,0.98235,1.42327,-0.421622,0.0762043,0.736736,0,0,0,0.021629,0.0187949,0.0818066,0.623501,0.495628,1
6050,285.319,0.799258,-0.420317,0.984314,1.42612,-0.423722,0.0811211,0.743859,0,0,0,0.0211766,0.019383,0.0827483,0.623306,0.495926,1
6060,302.736,0.805674,-0.420511,0.984769,1.42678,-0.425824,0.0860444,0.750992,0,0,0,0.0207405,0.0202706,0.083636,0.623068,0.496346,1
6070,311.736,0.812499,-0.420191,0.984018,1.42569,-0.427926,0.0909668,0.758124,0,0,0,0.0205778,0.021219,0.0842295,0.622736,0.496921,1
6080,315.966,0.81936,-0.419715,0.982905,1.42408,-0.430026,0.0958845,0.765249,0,0,0,0.0199085,0.021782,0.0844999,0.622433,0.497391,1
6090,300.627,0.826432,-0.419383,0.982128,1.42295,-0.432123,0.100797,0.772366,0,0,0,0.0190558,0.0217744,0.0844839,0.62212,0.497824,1
6100,272.443,0.834003,-0.41991,0.983362,1.42474,-0.434221,0.105709,0.779483,0,0,0,0.0188959,0.0212329,0.0844222,0.621765,0.498282,1
6110,243.655,0.842133,-0.421716,0.98759,1.43087,-0.436324,0.110634,0.786619,0,0,0,0.0192743,0.0202726,0.0841568,0.621604,0.49853,1
6120,224.206,0.850214,-0.424852,0.994933,1.44151,-0.438439,0.115587,0.793796,0,0,0,0.0190131,0.0192493,0.0836403,0.621567,0.498598,1
6130,233.567,0.858347,-0.428269,1.00294,1.4531,-0.440572,0.120581,0.80103,0,0,0,0.0182173,0.0186985,0.082774,0.621567,0.498598,1
6140,270.757,0.866625,-0.430347,1.0078,1.46015,-0.442718,0.125608,0.808314,0,0,0,0.0176509,0.018686,0.0819076,0.621567,0.498598,1
6150,302.455,0.875138,-0.430648,1.00851,1.46117,-0.444871,0.13065,0.815619,0,0,0,0.0173916,0.0186327,0.0810226,0.621534,0.49872,1
6160,289.464,0.883757,-0.430751,1.00875,1.46152,-0.447024,0.135693,0.822925,0,0,0,0.0168281,0.0179925,0.0799485,0.621402,0.499227,1
6170,302.633,0.893011,-0.431021,1.00938,1.46244,-0.449179,0.140738,0.830235,0,0,0,0.0165111,0.0170098,0.078376,0.621318,0.499513,1
6180,321.327,0.902635,-0.430458,1.00806,1.46053,-0.451333,0.145783,0.837544,0,0,0,0.0170778,0.0161589,0.0769272,0.621321,0.499519,1
6190,302.398,0.91206,-0.43004,1.00708,1.45911,-0.453484,0.15082,0.844843,0,0,0,0.0182211,0.0156613,0.0760256,0.621346,0.499556,1
6200,298.818,0.920799,-0.430105,1.00724,1.45933,-0.455635,0.155856,0.852138,0,0,0,0.019013,0.0155002,0.0756845,0.621372,0.499587,1
6210,312.416,0.92932,-0.429909,1.00678,1.45866,-0.457785,0.160892,0.859434,0,0,0,0.0193748,0.0157017,0.0752954,0.621417,0.499622,1
6220,326.699,0.937641,-0.429176,1.00506,1.45618,-0.459933,0.165922,0.866723,0,0,0,0.0191862,0.0160314,0.0747961,0.621417,0.499622,1
6230,307.818,0.945659,-0.428542,1.00358,1.45403,-0.462077,0.170943,0.873998,0,0,0,0.0183454,0.0163889,0.0742615,0.621417,0.499622,1
6240,286.736,0.953336,-0.428761,1.00409,1.45477,-0.46422,0.175962,0.881268,0,0,0,0.0173009,0.0167177,0.0740338,0.621417,0.499622,1
6250,285.301,0.961262,-0.429286,1.00532,1.45655,-0.466365,0.180985,0.888546,0,0,0,0.0169334,0.0169756,0.0739617,0.621417,0.499622,1
6260,277.976,0.969407,-0.430016,1.00703,1.45903,-0.468513,0.186015,0.895834,0,0,0,0.0170435,0.0171087,0.0739727,0.621512,0.499639,1
6270,278.953,0.977558,-0.430856,1.00899,1.46188,-0.470665,0.191054,0.903136,0,0,0,0.017044,0.0172049,0.0739582,0.621897,0.499726,1
6280,283.249,0.985518,-0.431623,1.01079,1.46448,-0.472821,0.196104,0.910451,0,0,0,0.0169045,0.0173098,0.0741208,0.621897,0.499726,1
6290,297.885,0.99338,-0.431939,1.01153,1.46555,-0.47498,0.20116,0.917777,0,0,0,0.0170781,0.0177121,0.0745516,0.621897,0.499726,1
6300,295.163,1.001,-0.431997,1.01167,1.46575,-0.47714,0.206218,0.925105,0,0,0,0.0174206,0.018415,0.0753207,0.621897,0.499726,1
6310,274.064,1.00857,-0.432645,1.01319,1.46795,-0.479301,0.211279,0.932437,0,0,0,0.0175046,0.0187776,0.0760841,0.621897,0.499726,1
6320,280.256,1.01683,-0.43366,1.01556,1.47139,-0.481466,0.21635,0.939785,0,0,0,0.01752,0.0182303,0.0762465,0.621897,0.499726,1
6330,312.554,1.02615,-0.433797,1.01588,1.47186,-0.483636,0.22143,0.947145,0,0,0,0.0179654,0.0171872,0.0755544,0.621897,0.499726,1
6340,334.647,1.03603,-0.432868,1.01371,1.4687,-0.485803,0.226505,0.954498,0,0,0,0.0188471,0.016177,0.0744758,0.621897,0.499726,1
6350,302.602,1.04563,-0.432185,1.01211,1.46639,-0.487965,0.231569,0.961835,0,0,0,0.0197974,0.0153919,0.0736963,0.622279,0.499883,1
6360,284.178,1.05492,-0.432628,1.01314,1.46789,-0.490127,0.236631,0.969169,0,0,0,0.0208306,0.0150324,0.0732473,0.622829,0.500082,1
6370,279.736,1.0638,-0.43324,1.01458,1.46997,-0.492291,0.2417,0.976513,0,0,0,0.0215121,0.0152205,0.072978,0.623605,0.500318,1
6380,271.063,1.07228,-0.43426,1.01697,1.47343,-0.49446,0.246778,0.98387,0,0,0,0.0213954,0.0154906,0.0727244,0.624347,0.500522,1
6390,276.794,1.08043,-0.435309,1.01942,1.47699,-0.496633,0.251868,0.991246,0,0,0,0.02063,0.0155421,0.0725991,0.625262,0.500808,1
6400,286.901,1.08856,-0.435959,1.02095,1.47919,-0.498812,0.256969,0.998636,0,0,0,0.0200446,0.0155279,0.0726436,0.626255,0.501157,1
6410,304.632,1.21272,-0.436059,1.02118,1.47953,-0.500992,0.262075,-0.993966,0,0,0,0.0198691,0.0153818,0.0730525,0.627046,0.501437,1
6420,300.921,1.20897,-0.435892,1.02079,1.47896,-0.503172,0.26718,-0.98657,0,0,0,0.020152,0.0148756,0.0736634,0.627681,0.501626,1
6430,292.956,1.20544,-0.436011,1.02107,1.47937,-0.505351,0.272284,-0.979174,0,0,0,0.0204678,0.0144693,0.0744588,0.628108,0.50172,1
6440,287.831,1.20163,-0.436388,1.02195,1.48065,-0.507532,0.277392,-0.971775,0,0,0,0.0203788,0.0148524,0.0752682,0.628285,0.501727,1
6450,296.89,1.19767,-0.43673,1.02275,1.48181,-0.509715,0.282503,-0.964369,0,0,0,0.019896,0.0156264,0.0761664,0.628431,0.501716,1
6460,303.43,1.19399,-0.436592,1.02243,1.48134,-0.511898,0.287617,-0.95696,0,0,0,0.0199262,0.0159667,0.0769502,0.628755,0.501675,1
6470,289.145,1.19088,-0.436776,1.02286,1.48197,-0.514082,0.292729,-0.949553,0,0,0,0.0206921,0.0158065,0.0778302,0.62919,0.501601,1
6480,290.593,1.18789,-0.437205,1.02386,1.48342,-0.516266,0.297846,-0.94214,0,0,0,0.0216031,0.0154873,0.0786652,0.629498,0.501527,1
6490,297.336,1.1847,-0.437369,1.02425,1.48398,-0.518453,0.302966,-0.934721,0,0,0,0.0221696,0.0150108,0.0793428,0.629653,0.501511,1
6500,294.986,1.18104,-0.437525,1.02461,1.48451,-0.52064,0.308088,-0.9273,0,0,0,0.0225305,0.0146168,0.0795297,0.629975,0.5015,1
6510,291.067,1.17707,-0.437763,1.02517,1.48531,-0.522828,0.313212,-0.919876,0,0,0,0.0225973,0.0145602,0.0795305,0.630385,0.501482,1
6520,293.295,1.17314,-0.438102,1.02596,1.48646,-0.525018,0.31834,-0.912447,0,0,0,0.0226036,0.0144828,0.0795385,0.630773,0.501455,1
6530,288.318,1.16991,-0.438351,1.02655,1.48731,-0.527209,0.323471,-0.905013,0,0,0,0.0230307,0.0138618,0.0799087,0.630981,0.501458,1
6540,268.951,1.16705,-0.439349,1.02888,1.4907,-0.529402,0.328608,-0.89757,0,0,0,0.0238594,0.0132024,0.0804058,0.631257,0.501478,1
6550,293.514,1.16381,-0.440116,1.03068,1.4933,-0.531601,0.333758,-0.890109,0,0,0,0.0241265,0.0130587,0.0808533,0.631647,0.501502,1
6560,299.793,1.15994,-0.440154,1.03077,1.49343,-0.533802,0.338911,-0.882642,0,0,0,0.0235638,0.0129558,0.0809805,0.632084,0.501514,1
6570,298.153,1.156,-0.440181,1.03083,1.49352,-0.536003,0.344065,-0.875175,0,0,0,0.0229898,0.0125149,0.0808316,0.632488,0.501512,1
6580,269.499,1.15191,-0.440767,1.0322,1.4955,-0.538205,0.349221,-0.867705,0,0,0,0.0228165,0.0122536,0.0802427,0.632678,0.501521,1
6590,236.945,1.14761,-0.443102,1.03767,1.50343,-0.540413,0.354393,-0.860212,0,0,0,0.0222627,0.0122376,0.0796455,0.632678,0.501521,1
6600,252.611,1.14369,-0.445728,1.04382,1.51234,-0.542635,0.359596,-0.852673,0,0,0,0.0212219,0.0120513,0.0796984,0.632678,0.501521,1
6610,277.34,1.14068,-0.447171,1.0472,1.51723,-0.544867,0.364824,-0.845099,0,0,0,0.020577,0.0120241,0.0806177,0.632678,0.501521,1
6620,298.13,1.13801,-0.447582,1.04816,1.51863,-0.547104,0.370063,-0.837508,0,0,0,0.0204947,0.0124264,0.081722,0.632678,0.501521,1
6630,310.302,1.13514,-0.447385,1.0477,1.51796,-0.549342,0.375303,-0.829916,0,0,0,0.0207967,0.0127508,0.0822478,0.632678,0.501521,1
6640,316.674,1.13224,-0.446902,1.04657,1.51632,-0.551578,0.38054,-0.822329,0,0,0,0.0218753,0.0128851,0.0820713,0.632678,0.501521,1
6650,309.378,1.12917,-0.446331,1.04523,1.51438,-0.553811,0.385769,-0.814752,0,0,0,0.0235528,0.0133536,0.0813356,0.632678,0.501521,1
6660,270.791,1.12545,-0.44677,1.04626,1.51587,-0.556043,0.390996,-0.807179,0,0,0,0.0242888,0.0139687,0.0803499,0.632678,0.501521,1
6670,237.799,1.12118,-0.44896,1.05139,1.5233,-0.558281,0.396237,-0.799586,0,0,0,0.0236826,0.0140179,0.0792093,0.632678,0.501521,1
6680,245.375,1.11718,-0.451852,1.05816,1.53312,-0.560533,0.40151,-0.791946,0,0,0,0.0227973,0.0134129,0.0782212,0.632678,0.501521,1
6690,270.789,1.11349,-0.4536,1.06226,1.53905,-0.562796,0.406811,-0.784266,0,0,0,0.0223716,0.0127365,0.0772078,0.632678,0.501521,1
6700,280.606,1.10996,-0.454452,1.06425,1.54194,-0.565066,0.412127,-0.776563,0,0,0,0.0218704,0.0122983,0.076464,0.632678,0.501521,1
6710,276.538,1.10711,-0.455381,1.06643,1.54509,-0.567341,0.417453,-0.768847,0,0,0,0.0213442,0.0119201,0.0765453,0.632678,0.501521,1
6720,295.267,1.10556,-0.455899,1.06764,1.54685,-0.569619,0.422789,-0.761116,0,0,0,0.0211754,0.0113854,0.0779106,0.632678,0.501521,1
6730,302.591,1.10444,-0.455908,1.06766,1.54688,-0.571899,0.428128,-0.753382,0,0,0,0.0213256,0.0108693,0.0795395,0.632678,0.501521,1
6740,298.383,1.10274,-0.455767,1.06733,1.5464,-0.574178,0.433465,-0.745649,0,0,0,0.0211702,0.010478,0.080589,0.632678,0.501521,1
6750,266.738,1.10075,-0.456583,1.06924,1.54917,-0.576458,0.438804,-0.737913,0,0,0,0.0210289,0.0100546,0.0811291,0.632678,0.501521,1
6760,268.115,1.09934,-0.458158,1.07293,1.55451,-0.578744,0.444159,-0.730155,0,0,0,0.0211095,0.00949816,0.0821237,0.632678,0.501521,1
6770,302.8,1.09835,-0.458717,1.07424,1.55641,-0.581037,0.449528,-0.722376,0,0,0,0.0211001,0.00910364,0.0837484,0.632678,0.501521,1
6780,319.61,1.09726,-0.458204,1.07304,1.55467,-0.58333,0.454897,-0.714597,0,0,0,0.020773,0.00893361,0.0854999,0.632678,0.501521,1
6790,315.999,1.096,-0.457544,1.07149,1.55243,-0.585619,0.460259,-0.706829,0,0,0,0.0207246,0.00880369,0.0867405,0.632678,0.501521,1
6800,311.19,1.09462,-0.457101,1.07046,1.55093,-0.587906,0.465614,-0.69907,0,0,0,0.0211896,0.0086929,0.0873287,0.632794,0.501238,1
6810,304.828,1.09296,-0.456783,1.06971,1.54985,-0.59019,0.470964,-0.691318,0,0,0,0.0219755,0.00874186,0.0872492,0.632856,0.500942,1
6820,283.097,1.09137,-0.457047,1.07033,1.55075,-0.592475,0.476313,-0.683568,0,0,0,0.0228411,0.0088873,0.0871376,0.632986,0.500428,1
6830,264.545,1.09053,-0.458303,1.07327,1.55501,-0.594762,0.481671,-0.675806,0,0,0,0.0237804,0.0092065,0.0880302,0.633154,0.499917,1
6840,274.457,1.09039,-0.459644,1.07641,1.55956,-0.597057,0.487045,-0.66802,0,0,0,0.0247336,0.00985221,0.0900103,0.633307,0.49957,1
6850,269.131,1.09001,-0.460795,1.07911,1.56346,-0.599358,0.492432,-0.660214,0,0,0,0.0255116,0.0105314,0.091744,0.633474,0.499269,1
6860,263.307,1.08881,-0.46234,1.08273,1.5687,-0.601665,0.497836,-0.652385,0,0,0,0.025817,0.0105966,0.0921695,0.633554,0.499154,1
6870,259.285,1.09242,-0.464081,1.0868,1.57461,-0.603981,-0.495049,-0.644529,0,0,0,0.025514,0.00995812,0.0917387,0.633554,0.499154,1
6880,256.028,1.08498,-0.466047,1.09141,1.58128,-0.606305,-0.489605,-0.636641,0,0,0,0.024804,0.00924727,0.0913889,0.633554,0.499154,1
6890,274.034,1.07797,-0.467731,1.09535,1.58699,-0.60864,-0.484138,-0.62872,0,0,0,0.0240494,0.00895353,0.0914122,0.633554,0.499154,1
6900,310.457,1.07123,-0.46795,1.09586,1.58774,-0.61098,-0.478659,-0.620781,0,0,0,0.0236815,0.00880784,0.0913358,0.633554,0.499154,1
6910,316.258,1.06446,-0.467374,1.09451,1.58578,-0.613318,-0.473182,-0.612847,0,0,0,0.0237563,0.00831023,0.0909882,0.633829,0.498892,1
6920,320.701,1.05759,-0.466707,1.09295,1.58352,-0.615654,-0.467713,-0.604922,0,0,0,0.0240826,0.00756029,0.090308,0.634206,0.498567,1
6930,296.791,1.05053,-0.466273,1.09194,1.58205,-0.617986,-0.462251,-0.597009,0,0,0,0.0243464,0.00667942,0.0893816,0.634369,0.498393,1
6940,263.19,1.04338,-0.46731,1.09436,1.58556,-0.620319,-0.456788,-0.589093,0,0,0,0.0246782,0.00563215,0.0882471,0.634445,0.498302,1
6950,261.466,1.03669,-0.46907,1.09849,1.59154,-0.622659,-0.451307,-0.581152,0,0,0,0.0252095,0.00480469,0.0873897,0.634445,0.498302,1
6960,275.159,1.03061,-0.47045,1.10172,1.59622,-0.625008,-0.445806,-0.573183,0,0,0,0.0257588,0.0048954,0.0867564,0.63458,0.498108,1
6970,289.86,1.02412,-0.471047,1.10311,1.59824,-0.627362,-0.440294,-0.565196,0,0,0,0.0255208,0.00540047,0.0858993,0.634849,0.497685,1
6980,287.705,1.01677,-0.471487,1.10415,1.59974,-0.629718,-0.434776,-0.557202,0,0,0,0.0246849,0.00543006,0.0845079,0.635057,0.497316,1
6990,309.691,1.00991,-0.471569,1.10434,1.60002,-0.632076,-0.429254,-0.549201,0,0,0,0.0243471,0.00515705,0.083509,0.635057,0.497316,1
