step,T,r,sn_vel[0],sn_vel[1],sn_vel[2],sn_crd[0],sn_crd[1],sn_crd[2],sn_f[0],sn_f[1],sn_f[2],target_crd[0],target_crd[1],target_crd[2],boundary[0],boundary[1],boundary[2]
0,0.016182,1.02091,0,0,0,-5.73017e-008,8.9407e-009,0.981818,0,0,0,-3.65153e-005,0.0557353,-0.0375648,0.637165,0.503468,1
10,2.23097,1.02093,0,0,0,-5.73017e-008,8.9407e-009,0.981818,0,0,0,-5.67316e-005,0.0557332,-0.037585,0.637183,0.503473,1
20,2.7737,1.02095,0,0,0,-5.73017e-008,8.9407e-009,0.981818,0,0,0,-7.90004e-005,0.055688,-0.0376131,0.637212,0.503478,1
30,3.34254,1.02099,0,0,0,-5.73017e-008,8.9407e-009,0.981818,0,0,0,-5.68854e-005,0.0556212,-0.0376536,0.637215,0.503478,1
40,3.52857,1.02102,0,0,0,-5.73017e-008,8.9407e-009,0.981818,0,0,0,-0.00010459,0.0556046,-0.0376914,0.637356,0.503487,1
50,3.17068,1.02108,0,0,0,-5.73017e-008,8.9407e-009,0.981818,0,0,0,-0.000173392,0.0556332,-0.037746,0.637525,0.50349,1
60,3.07658,1.02114,0,0,0,-5.73017e-008,8.9407e-009,0.981818,0,0,0,-0.000189617,0.0556522,-0.0378034,0.637711,0.503487,1
70,3.19356,1.0212,0,0,0,-5.73017e-008,8.9407e-009,0.981818,0,0,0,-0.000159681,0.0556586,-0.0378684,0.637945,0.503472,1
80,2.87153,1.02127,0,0,0,-5.73017e-008,8.9407e-009,0.981818,0,0,0,-0.000185684,0.0556576,-0.0379333,0.638152,0.50345,1
90,2.86724,1.02134,0,0,0,-5.73017e-008,8.9407e-009,0.981818,0,0,0,-0.000229839,0.0556452,-0.0380019,0.638317,0.503424,1
100,2.65021,1.02139,0,0,0,-5.73017e-008,8.9407e-009,0.981818,0,0,0,-0.00024847,0.0556211,-0.0380542,0.63848,0.503388,1
110,11.5475,1.02145,0,0,0,-5.73017e-008,8.9407e-009,0.981818,0,0,0,-0.000252125,0.0555691,-0.0381158,0.638721,0.503324,1
120,18.3842,1.02151,0,0,0,-5.73017e-008,8.9407e-009,0.981818,0,0,0,-0.00028919,0.0555058,-0.0381827,0.638991,0.503241,1
130,22.4741,1.02159,0,0,0,-5.73017e-008,8.9407e-009,0.981818,0,0,0,-0.0002995,0.0554811,-0.0382615,0.639281,0.503139,1
140,24.9209,1.02168,0,0,0,-5.73017e-008,8.9407e-009,0.981818,0,0,0,-0.000285232,0.0554873,-0.0383555,0.639581,0.503022,1
150,26.4674,1.0218,0,0,0,-5.73017e-008,8.9407e-009,0.981818,0,0,0,-0.00033318,0.0554867,-0.0384722,0.639888,0.502891,1
160,26.7277,1.02191,0,0,0,-5.73017e-008,8.9407e-009,0.981818,0,0,0,-0.000437212,0.0554877,-0.038589,0.640223,0.502737,1
170,26.8177,1.02203,0,0,0,-5.73017e-008,8.9407e-009,0.981818,0,0,0,-0.000448384,0.0554845,-0.0387035,0.640494,0.502602,1
180,26.7332,1.02216,0,0,0,-5.73017e-008,8.9407e-009,0.981818,0,0,0,-0.000354118,0.0554291,-0.0388397,0.640687,0.502496,1
190,25.7774,1.02235,0,0,0,-5.73017e-008,8.9407e-009,0.981818,0,0,0,-0.000272768,0.0553457,-0.0390311,0.640894,0.502374,1
200,25.1909,1.02259,0,0,0,-5.73017e-008,8.9407e-009,0.981818,0,0,0,-0.000216509,0.0552953,-0.0392784,0.641087,0.502252,1
210,33.2682,1.02293,0,0,0,-5.73017e-008,8.9407e-009,0.981818,0,0,0,-0.000116989,0.0552569,-0.0396157,0.641194,0.502179,1
220,38.0755,1.02337,0,0,0,-5.73017e-008,8.9407e-009,0.981818,0,0,0,-2.3564e-005,0.0552034,-0.0400626,0.641291,0.502107,1
230,41.2582,1.02389,0,0,0,-5.73017e-008,8.9407e-009,0.981818,0,0,0,-6.52719e-005,0.0551746,-0.0405794,0.6414,0.50202,1
240,41.9359,1.02444,0,0,0,-5.73017e-008,8.9407e-009,0.981818,0,0,0,-0.000175209,0.0551682,-0.0411385,0.641463,0.501966,1
250,42.3177,1.02507,0,0,0,-5.73017e-008,8.9407e-009,0.981818,0,0,0,-0.000266234,0.0551373,-0.0417727,0.64155,0.501888,1
260,41.9387,1.02582,0,0,0,-5.73017e-008,8.9407e-009,0.981818,0,0,0,-0.000335737,0.0550908,-0.0425206,0.64169,0.501753,1
270,40.8014,1.0266,0,0,0,-5.73017e-008,8.9407e-009,0.981818,0,0,0,-0.000403797,0.0550548,-0.0433028,0.641793,0.501645,1
280,40.2687,1.02733,0,0,0,-5.73017e-008,8.9407e-009,0.981818,0,0,0,-0.000293623,0.0550273,-0.0440372,0.641903,0.501524,1
290,39.2512,1.02804,0,0,0,-5.73017e-008,8.9407e-009,0.981818,0,0,0,-3.04534e-005,0.0550011,-0.0447451,0.642061,0.501343,1
300,39.0014,1.02884,0,0,0,-5.73017e-008,8.9407e-009,0.981818,0,0,0,0.000229315,0.0549468,-0.0455518,0.642154,0.50123,1
310,48.398,1.02977,0,0,0,-5.73017e-008,8.9407e-009,0.981818,0,0,0,0.000363317,0.0548542,-0.0464918,0.642195,0.501176,1
320,54.1798,1.0308,0,0,0,-5.73017e-008,8.9407e-009,0.981818,0,0,0,0.000514893,0.0548029,-0.047523,0.642268,0.501079,1
330,58.5399,1.03189,0,0,0,-5.73017e-008,8.9407e-009,0.981818,0,0,0,0.000586799,0.0547963,-0.0486198,0.642291,0.501047,1
340,62.2034,1.03312,0,0,0,-5.73017e-008,8.9407e-009,0.981818,0,0,0,0.000572514,0.0547255,-0.0498462,0.642291,0.501047,1
350,66.9237,1.03433,0,0,0,-5.73017e-008,8.9407e-009,0.981818,0,0,0,0.000535986,0.0546113,-0.0510671,0.642291,0.501047,1
360,71.4792,1.03553,0,0,0,-5.73017e-008,8.9407e-009,0.981818,0,0,0,0.000596894,0.0546096,-0.0522678,0.642291,0.501047,1
370,76.9579,1.03681,0,0,0,-5.73017e-008,8.9407e-009,0.981818,0,0,0,0.000490944,0.0547232,-0.0535484,0.642291,0.501047,1
380,82.8264,1.03821,0,0,0,-5.73017e-008,8.9407e-009,0.981818,0,0,0,0.0002713,0.0548379,-0.0549424,0.642291,0.501047,1
390,88.0367,1.0394,0,0,0,-5.73017e-008,8.9407e-009,0.981818,0,0,0,7.17323e-005,0.0548786,-0.0561271,0.642291,0.501047,1
400,91.982,1.04028,0,0,0,-5.73017e-008,8.9407e-009,0.981818,0,0,0,1.10188e-006,0.0548822,-0.0570151,0.642291,0.501047,1
410,103.092,1.04108,0,0,0,-5.73017e-008,8.9407e-009,0.981818,0,0,0,-0.000142299,0.0549318,-0.0578163,0.642376,0.500889,1
420,110.055,1.04198,0,0,0,-5.73017e-008,8.9407e-009,0.981818,0,0,0,-0.000238112,0.0550854,-0.0587042,0.642516,0.500617,1
430,116.191,1.04266,0,0,0,-5.73017e-008,8.9407e-009,0.981818,0,0,0,-0.000237117,0.0552501,-0.0593792,0.642605,0.500437,1
440,119.817,1.04297,0,0,0,-5.73017e-008,8.9407e-009,0.981818,0,0,0,-0.000150518,0.0553263,-0.059688,0.642784,0.500064,1
450,122.689,1.04311,0,0,0,-5.73017e-008,8.9407e-009,0.981818,0,0,0,-0.000193924,0.0552904,-0.0598267,0.642986,0.499625,1
460,124.638,1.04326,0,0,0,-5.73017e-008,8.9407e-009,0.981818,0,0,0,-0.000243243,0.0551695,-0.0599855,0.643091,0.499384,1
470,125.444,1.04319,0,0,0,-5.73017e-008,8.9407e-009,0.981818,0,0,0,-0.000300564,0.0549901,-0.0599251,0.643204,0.499112,1
480,125.919,1.04283,0,0,0,-5.73017e-008,8.9407e-009,0.981818,0,0,0,-0.000415335,0.0548723,-0.0595661,0.643343,0.498762,1
490,125.059,1.04237,0,0,0,-5.73017e-008,8.9407e-009,0.981818,0,0,0,-0.000589925,0.0548564,-0.0591052,0.643408,0.49859,1
500,124.397,1.04185,0,0,0,-5.73017e-008,8.9407e-009,0.981818,0,0,0,-0.000490979,0.0548435,-0.0585915,0.643444,0.498486,1
510,132.516,1.04109,0,0,0,-5.73017e-008,8.9407e-009,0.981818,0,0,0,-0.000165667,0.0547081,-0.0578377,0.643509,0.498285,1
520,137.29,1.04023,0,0,0,-5.73017e-008,8.9407e-009,0.981818,0,0,0,6.2319e-005,0.0545588,-0.0569802,0.643559,0.498115,1
530,137.458,1.03953,0,0,0,-5.73017e-008,8.9407e-009,0.981818,0,0,0,9.79863e-005,0.0545342,-0.0562834,0.643602,0.497954,1
540,136.677,1.0389,0,0,0,-5.73017e-008,8.9407e-009,0.981818,0,0,0,0.000172919,0.0545961,-0.0556474,0.643651,0.497743,1
550,134.156,1.03804,0,0,0,-5.73017e-008,8.9407e-009,0.981818,0,0,0,0.000141371,0.0545815,-0.0547884,0.643655,0.497719,1
560,133.726,1.03703,0,0,0,-5.73017e-008,8.9407e-009,0.981818,0,0,0,-0.000112413,0.0545748,-0.053778,0.643655,0.497719,1
570,134.107,1.03622,0,0,0,-5.73017e-008,8.9407e-009,0.981818,0,0,0,-0.000263811,0.0546774,-0.0529576,0.643655,0.497719,1
580,132.749,1.03571,0,0,0,-5.73017e-008,8.9407e-009,0.981818,0,0,0,-0.000114317,0.0547975,-0.0524449,0.643655,0.497719,1
590,134.942,1.03522,0,0,0,-5.73017e-008,8.9407e-009,0.981818,0,0,0,1.23655e-006,0.054778,-0.0519525,0.643655,0.497719,1
600,135.477,1.03453,0,0,0,-5.73017e-008,8.9407e-009,0.981818,0,0,0,1.72331e-005,0.0547224,-0.0512614,0.643655,0.497719,1
610,145.172,1.03383,0,0,0,-5.73017e-008,8.9407e-009,0.981818,0,0,0,0.000245336,0.0546854,-0.0505646,0.643655,0.497719,1
620,151.253,1.03332,0,0,0,-5.73017e-008,8.9407e-009,0.981818,0,0,0,0.000573561,0.0546121,-0.050058,0.643637,0.497701,1
630,153.636,1.03279,0,0,0,-5.73017e-008,8.9407e-009,0.981818,0,0,0,0.000589456,0.054548,-0.0495313,0.643508,0.497591,1
640,157.957,1.03206,0,0,0,-5.73017e-008,8.9407e-009,0.981818,0,0,0,0.00035301,0.0547324,-0.0487892,0.643287,0.497408,1
650,165.112,1.03127,0,0,0,-5.73017e-008,8.9407e-009,0.981818,0,0,0,0.000250549,0.055108,-0.0479751,0.64309,0.497258,1
660,166.27,1.03046,0,0,0,-5.73017e-008,8.9407e-009,0.981818,0,0,0,0.000212804,0.0553393,-0.0471563,0.64309,0.497258,1
670,170.77,1.02952,0,0,0,-5.73017e-008,8.9407e-009,0.981818,0,0,0,5.40583e-005,0.0552919,-0.0462123,0.642836,0.497094,1
680,168.067,1.02851,0,0,0,-5.73017e-008,8.9407e-009,0.981818,0,0,0,-5.0423e-005,0.0552123,-0.0452049,0.642469,0.496869,1
690,167.323,1.02762,0,0,0,-5.73017e-008,8.9407e-009,0.981818,0,0,0,0.00016427,0.0551439,-0.0443232,0.642258,0.496747,1
700,167.489,1.02675,0,0,0,-5.73017e-008,8.9407e-009,0.981818,0,0,0,0.000283506,0.0549165,-0.0434618,0.642235,0.496736,1
710,174.99,1.02558,0,0,0,-5.73017e-008,8.9407e-009,0.981818,0,0,0,5.1907e-005,0.0545824,-0.0423122,0.641962,0.496608,1
720,181.602,1.02405,0,0,0,-5.73017e-008,8.9407e-009,0.981818,0,0,0,-0.000154273,0.0544025,-0.0407855,0.641602,0.496449,1
730,186.679,1.02246,0,0,0,-5.73017e-008,8.9407e-009,0.981818,0,0,0,-2.1853e-005,0.0542831,-0.0391953,0.641165,0.496265,1
740,188.826,1.02104,0,0,0,-5.73017e-008,8.9407e-009,0.981818,0,0,0,-7.01913e-005,0.0540457,-0.0377905,0.640802,0.496122,1
750,194.551,1.0197,0,0,0,-5.73017e-008,8.9407e-009,0.981818,0,0,0,-0.000342233,0.0538979,-0.0364532,0.640519,0.496019,1
760,199.353,1.0182,0,0,0,-5.73017e-008,8.9407e-009,0.981818,0,0,0,-0.000416186,0.0540082,-0.0349445,0.640367,0.495967,1
770,202.65,1.01673,0,0,0,-5.73017e-008,8.9407e-009,0.981818,0,0,0,-0.000396342,0.054108,-0.0334746,0.640367,0.495967,1
780,211.741,1.01555,0,0,0,-5.73017e-008,8.9407e-009,0.981818,0,0,0,-0.000763641,0.0541152,-0.0322888,0.640367,0.495967,1
790,216.936,1.01455,0,0,0,-5.73017e-008,8.9407e-009,0.981818,0,0,0,-0.0011319,0.0543381,-0.0312708,0.640367,0.495967,1
800,223.621,1.01347,0,0,0,-5.73017e-008,8.9407e-009,0.981818,0,0,0,-0.00122897,0.0546937,-0.0301704,0.640367,0.495967,1
810,237.45,1.01244,0,0,0,-5.73017e-008,8.9407e-009,0.981818,0,0,0,-0.00145252,0.0547358,-0.029138,0.640367,0.495967,1
820,244.091,1.01157,0,0,0,-5.73017e-008,8.9407e-009,0.981818,0,0,0,-0.0020036,0.0544775,-0.0282794,0.640367,0.495967,1
830,247.612,1.01087,0,0,0,-5.73017e-008,8.9407e-009,0.981818,0,0,0,-0.00237816,0.0543536,-0.0275911,0.640367,0.495967,1
840,247.953,1.01036,0,0,0,-5.73017e-008,8.9407e-009,0.981818,0,0,0,-0.00248624,0.0543954,-0.0270773,0.640367,0.495967,1
850,242.169,1.01016,0,0,0,-5.73017e-008,8.9407e-009,0.981818,0,0,0,-0.00254362,0.0543797,-0.0268726,0.640367,0.495967,1
860,234.847,1.01016,0,0,0,-5.73017e-008,8.9407e-009,0.981818,0,0,0,-0.00256366,0.054399,-0.0268731,0.640367,0.495967,1
870,222.631,1.01031,0,0,0,-5.73017e-008,8.9407e-009,0.981818,0,0,0,-0.00238605,0.0545144,-0.0270126,0.640367,0.495967,1
880,211.757,1.01053,0,0,0,-5.73017e-008,8.9407e-009,0.981818,0,0,0,-0.00210828,0.0543847,-0.0272494,0.640247,0.495965,1
890,203.289,1.01089,0,0,0,-5.73017e-008,8.9407e-009,0.981818,0,0,0,-0.00167679,0.054008,-0.0276297,0.639979,0.495969,1
900,196.988,1.01141,0,0,0,-5.73017e-008,8.9407e-009,0.981818,0,0,0,-0.00102524,0.0539235,-0.0281558,0.639622,0.49598,1
910,200.598,1.01219,0,0,0,-5.73017e-008,8.9407e-009,0.981818,0,0,0,-0.000256831,0.0541822,-0.0289232,0.639425,0.495995,1
920,205.747,1.01314,0,0,0,-5.73017e-008,8.9407e-009,0.981818,0,0,0,0.000278354,0.0543633,-0.0298641,0.639276,0.496013,1
930,204.834,1.01421,0,0,0,-5.73017e-008,8.9407e-009,0.981818,0,0,0,0.00043171,0.0545638,-0.030918,0.639276,0.496013,1
940,206.576,1.0154,0,0,0,-5.73017e-008,8.9407e-009,0.981818,0,0,0,0.000318965,0.0550304,-0.0320856,0.639276,0.496013,1
950,202.336,1.01679,0,0,0,-5.73017e-008,8.9407e-009,0.981818,0,0,0,0.000230603,0.0555253,-0.0334595,0.639276,0.496013,1
960,208.293,1.01833,0,0,0,-5.73017e-008,8.9407e-009,0.981818,0,0,0,0.00021327,0.0558892,-0.0349736,0.639276,0.496013,1
970,216.02,1.01984,0,0,0,-5.73017e-008,8.9407e-009,0.981818,0,0,0,0.000121283,0.0561977,-0.0364718,0.639276,0.496013,1
980,230.843,1.02119,0,0,0,-5.73017e-008,8.9407e-009,0.981818,0,0,0,-0.000137852,0.0563235,-0.037822,0.639276,0.496013,1
990,246.407,1.02244,0,0,0,-5.73017e-008,8.9407e-009,0.981818,0,0,0,-0.000419434,0.05625,-0.0390741,0.63893,0.496103,1
1000,255.714,1.02365,0,0,0,-5.73017e-008,8.9407e-009,0.981818,0,0,0,-0.000652638,0.0562017,-0.0402886,0.638622,0.496245,1
1010,256.354,1.02459,0,0,0,-5.73017e-008,8.9407e-009,0.981818,0,0,0,-0.000859468,0.0560759,-0.0412346,0.638449,0.496358,1
1020,251.733,1.02519,0,0,0,-5.73017e-008,8.9407e-009,0.981818,0,0,0,-0.00111788,0.0556408,-0.0418619,0.638216,0.496463,1
1030,236.634,1.02559,0,0,0,-5.73017e-008,8.9407e-009,0.981818,0,0,0,-0.0013457,0.0550732,-0.042293,0.637889,0.496566,1
1040,227.811,1.02594,0,0,0,-5.73017e-008,8.9407e-009,0.981818,0,0,0,-0.00158479,0.0545937,-0.0426704,0.637587,0.496644,1
1050,217.222,1.02608,0,0,0,-5.73017e-008,8.9407e-009,0.981818,0,0,0,-0.00186598,0.054161,-0.0428303,0.637345,0.496736,1
1060,213.781,1.02622,0,0,0,-5.73017e-008,8.9407e-009,0.981818,0,0,0,-0.00201564,0.053787,-0.0429861,0.637144,0.496839,1
1070,222.719,1.02651,0,0,0,-5.73017e-008,8.9407e-009,0.981818,0,0,0,-0.00191851,0.0535021,-0.0432962,0.636963,0.496951,1
1080,239.859,1.02714,0,0,0,-5.73017e-008,8.9407e-009,0.981818,0,0,0,-0.00201114,0.0531975,-0.0439428,0.636777,0.497083,1
1090,275.79,1.02789,0,0,0,-5.73017e-008,8.9407e-009,0.981818,0,0,0,-0.00256069,0.0528712,-0.0447083,0.636654,0.497186,1
1100,314.799,1.02877,0,0,0,-5.73017e-008,8.9407e-009,0.981818,0,0,0,-0.0030465,0.0526908,-0.0455995,0.636598,0.497244,1
1110,347.043,1.02961,0,0,0,-5.73017e-008,8.9407e-009,0.981818,0,0,0,-0.00305246,0.0527008,-0.0464419,0.636581,0.497269,1
1120,365.812,1.0304,0,0,0,-5.73017e-008,8.9407e-009,0.981818,0,0,0,-0.00297665,0.0527696,-0.0472299,0.636581,0.497269,1
1130,371.638,1.03077,0,0,0,-5.73017e-008,8.9407e-009,0.981818,0,0,0,-0.0030313,0.0529696,-0.0475871,0.636581,0.497269,1
1140,362.062,1.03067,0,0,0,-5.73017e-008,8.9407e-009,0.981818,0,0,0,-0.00270789,0.0532837,-0.047468,0.636581,0.497269,1
1150,352.554,1.03023,0,0,0,-5.73017e-008,8.9407e-009,0.981818,0,0,0,-0.00201955,0.0534798,-0.0470249,0.636581,0.497269,1
1160,336.588,1.02989,0,0,0,-5.73017e-008,8.9407e-009,0.981818,0,0,0,-0.00143112,0.0535537,-0.0466813,0.636581,0.497269,1
1170,329.207,1.02955,0,0,0,-5.73017e-008,8.9407e-009,0.981818,0,0,0,-0.000910304,0.0538412,-0.0463192,0.636581,0.497269,1
1180,329.525,1.02902,0,0,0,-5.73017e-008,8.9407e-009,0.981818,0,0,0,-0.000230895,0.0541749,-0.0457726,0.63639,0.497406,1
1190,326.408,1.0282,0,0,0,-5.73017e-008,8.9407e-009,0.981818,0,0,0,9.0172e-005,0.0542707,-0.0449441,0.636038,0.497633,1
1200,334.274,1.02723,0,0,0,-5.73017e-008,8.9407e-009,0.981818,0,0,0,-0.000181574,0.054356,-0.043971,0.635603,0.497881,1
1210,337.171,1.02619,0,0,0,-5.73017e-008,8.9407e-009,0.981818,0,0,0,-0.000671917,0.0546697,-0.0429158,0.635088,0.498142,1
1220,341.115,1.02512,0,0,0,-5.73017e-008,8.9407e-009,0.981818,0,0,0,-0.00111778,0.0548454,-0.0418333,0.634632,0.498348,1
1230,352.202,1.02412,0,0,0,-5.73017e-008,8.9407e-009,0.981818,0,0,0,-0.00193431,0.0547571,-0.0408345,0.634332,0.498512,1
1240,360.25,1.02346,0,0,0,-5.73017e-008,8.9407e-009,0.981818,0,0,0,-0.0029149,0.0547631,-0.0401718,0.6341,0.498655,1
1250,369.423,1.02322,0,0,0,-5.73017e-008,8.9407e-009,0.981818,0,0,0,-0.0035351,0.0549,-0.0399217,0.633954,0.49876,1
1260,379.229,1.02321,0,0,0,-5.73017e-008,8.9407e-009,0.981818,0,0,0,-0.00384356,0.0549163,-0.0399098,0.63384,0.498855,1
1270,380.09,1.02354,0,0,0,-5.73017e-008,8.9407e-009,0.981818,0,0,0,-0.00442009,0.0548289,-0.040247,0.633748,0.498943,1
1280,384.68,1.0243,0,0,0,-5.73017e-008,8.9407e-009,0.981818,0,0,0,-0.00497473,0.0548168,-0.0410056,0.633748,0.498943,1
1290,371.34,1.02524,0,0,0,-5.73017e-008,8.9407e-009,0.981818,0,0,0,-0.00511849,0.0546548,-0.0419482,0.633748,0.498943,1
1300,351.222,1.02592,0,0,0,-5.73017e-008,8.9407e-009,0.981818,0,0,0,-0.00501328,0.0541927,-0.0426615,0.633748,0.498943,1
1310,327.64,1.02643,0,0,0,-5.73017e-008,8.9407e-009,0.981818,0,0,0,-0.00499149,0.053613,-0.0431973,0.633748,0.498943,1
1320,303.079,1.02693,0,0,0,-5.73017e-008,8.9407e-009,0.981818,0,0,0,-0.00472861,0.0532986,-0.043718,0.633748,0.498943,1
1330,295.62,1.02753,0,0,0,-5.73017e-008,8.9407e-009,0.981818,0,0,0,-0.00419311,0.0532506,-0.0443199,0.633748,0.498943,1
1340,299.693,1.02798,0,0,0,-5.73017e-008,8.9407e-009,0.981818,0,0,0,-0.0038037,0.0535012,-0.0447663,0.633689,0.499034,1
1350,311.495,1.02833,0,0,0,-5.73017e-008,8.9407e-009,0.981818,0,0,0,-0.00371449,0.0541357,-0.0450781,0.633569,0.499285,1
1360,331.042,1.02856,0,0,0,-5.73017e-008,8.9407e-009,0.981818,0,0,0,-0.00342574,0.0550663,-0.0452603,0.63335,0.499808,1
1370,345.371,1.02854,0,0,0,-5.73017e-008,8.9407e-009,0.981818,0,0,0,-0.00293799,0.0556635,-0.0452106,0.633115,0.500422,1
1380,354.089,1.02807,0,0,0,-5.73017e-008,8.9407e-009,0.981818,0,0,0,-0.00256964,0.0559757,-0.0447259,0.632959,0.500841,1
1390,358.161,1.02742,0,0,0,-5.73017e-008,8.9407e-009,0.981818,0,0,0,-0.00215209,0.0565681,-0.0440417,0.632769,0.501336,1
1400,345.672,1.02671,0,0,0,-5.73017e-008,8.9407e-009,0.981818,0,0,0,-0.00128864,0.0573797,-0.0432905,0.632568,0.501816,1
1410,329.453,1.02587,0,0,0,-5.73017e-008,8.9407e-009,0.981818,0,0,0,-0.000450194,0.0576753,-0.0424311,0.632394,0.502181,1
1420,308.496,1.0249,0,0,0,-5.73017e-008,8.9407e-009,0.981818,0,0,0,-0.000237956,0.0576093,-0.0414652,0.632108,0.502741,1
1430,285.546,1.02424,0,0,0,-5.73017e-008,8.9407e-009,0.981818,0,0,0,-0.000436083,0.0575758,-0.0407986,0.631753,0.503392,1
1440,264.759,1.02403,0,0,0,-5.73017e-008,8.9407e-009,0.981818,0,0,0,-0.000625982,0.0573106,-0.040603,0.631506,0.503815,1
1450,245.223,1.02406,0,0,0,-5.73017e-008,8.9407e-009,0.981818,0,0,0,-0.00101658,0.0566005,-0.0406746,0.631239,0.504246,1
1460,224.018,1.02407,0,0,0,-5.73017e-008,8.9407e-009,0.981818,0,0,0,-0.00169683,0.0559945,-0.0407174,0.630856,0.504831,1
1470,226.365,1.024,0,0,0,-5.73017e-008,8.9407e-009,0.981818,0,0,0,-0.00215518,0.0555684,-0.0406752,0.630602,0.505196,1
1480,230.838,1.02381,0,0,0,-5.73017e-008,8.9407e-009,0.981818,0,0,0,-0.00228483,0.0550081,-0.0405098,0.630566,0.505244,1
1490,248.404,1.02358,0,0,0,-5.73017e-008,8.9407e-009,0.981818,0,0,0,-0.00230098,0.0544202,-0.0403127,0.630566,0.505244,1
1500,272.134,1.02339,0,0,0,-5.73017e-008,8.9407e-009,0.981818,0,0,0,-0.0022494,0.054121,-0.0401356,0.630566,0.505244,1
1510,294.53,1.02319,0,0,0,-5.73017e-008,8.9407e-009,0.981818,0,0,0,-0.00207733,0.0538304,-0.0399482,0.630566,0.505244,1
1520,319.203,1.02302,0,0,0,-5.73017e-008,8.9407e-009,0.981818,0,0,0,-0.00216133,0.0534318,-0.0397992,0.630566,0.505244,1
1530,327.8,1.02304,0,0,0,-5.73017e-008,8.9407e-009,0.981818,0,0,0,-0.00244291,0.053249,-0.0398331,0.630566,0.505244,1
1540,326.357,1.02295,0,0,0,-5.73017e-008,8.9407e-009,0.981818,0,0,0,-0.00271059,0.0535738,-0.0397258,0.630566,0.505244,1
1550,319.626,1.02236,0,0,0,-5.73017e-008,8.9407e-009,0.981818,0,0,0,-0.00279336,0.0539861,-0.0391115,0.630566,0.505244,1
1560,302.049,1.02144,0,0,0,-5.73017e-008,8.9407e-009,0.981818,0,0,0,-0.00283386,0.0541359,-0.038179,0.630566,0.505244,1
1570,288.052,1.02069,0,0,0,-5.73017e-008,8.9407e-009,0.981818,0,0,0,-0.00286878,0.0542923,-0.0374263,0.630566,0.505244,1
1580,277.291,1.02013,0,0,0,-5.73017e-008,8.9407e-009,0.981818,0,0,0,-0.00311907,0.054853,-0.0368269,0.630469,0.505313,1
1590,263.247,1.01925,0,0,0,-5.73017e-008,8.9407e-009,0.981818,0,0,0,-0.00348306,0.0554401,-0.0359175,0.630139,0.505536,1
1600,247.636,1.01795,0,0,0,-5.73017e-008,8.9407e-009,0.981818,0,0,0,-0.003895,0.0558969,-0.0345875,0.629827,0.505733,1
1610,237.004,1.01672,0,0,0,-5.73017e-008,8.9407e-009,0.981818,0,0,0,-0.0042374,0.0566435,-0.03331,0.629467,0.505946,1
1620,228.801,1.01567,0,0,0,-5.73017e-008,8.9407e-009,0.981818,0,0,0,-0.0045768,0.0574303,-0.0322151,0.629282,0.506045,1
1630,235.62,1.01425,0,0,0,-5.73017e-008,8.9407e-009,0.981818,0,0,0,-0.00483971,0.0572582,-0.0308033,0.629282,0.506045,1
1640,252.505,1.01236,0,0,0,-5.73017e-008,8.9407e-009,0.981818,0,0,0,-0.00510223,0.0563425,-0.0289586,0.629282,0.506045,1
1650,280.534,1.01049,0,0,0,-5.73017e-008,8.9407e-009,0.981818,0,0,0,-0.00519965,0.0556289,-0.0271224,0.629282,0.506045,1
1660,306.228,1.00893,0,0,0,-5.73017e-008,8.9407e-009,0.981818,0,0,0,-0.00512964,0.0551523,-0.0255863,0.629282,0.506045,1
1670,329.054,1.00757,0,0,0,-5.73017e-008,8.9407e-009,0.981818,0,0,0,-0.00481051,0.0545757,-0.0242576,0.629282,0.506045,1
1680,338.236,1.00664,0,0,0,-5.73017e-008,8.9407e-009,0.981818,0,0,0,-0.00423932,0.054352,-0.0233396,0.629282,0.506045,1
1690,332.695,1.00625,0,0,0,-5.73017e-008,8.9407e-009,0.981818,0,0,0,-0.00339783,0.0545658,-0.0229482,0.629282,0.506045,1
1700,302.271,1.00602,0,0,0,-5.73017e-008,8.9407e-009,0.981818,0,0,0,-0.0028625,0.0546511,-0.022714,0.629282,0.506045,1
1710,268.212,1.00541,0,0,0,-5.73017e-008,8.9407e-009,0.981818,0,0,0,-0.00282244,0.0544213,-0.0221134,0.629282,0.506045,1
1720,248.782,1.00477,0,0,0,-5.73017e-008,8.9407e-009,0.981818,0,0,0,-0.00298178,0.0544129,-0.0214759,0.629282,0.506045,1
1730,247.158,1.00484,0,0,0,-5.73017e-008,8.9407e-009,0.981818,0,0,0,-0.0030679,0.0547824,-0.0215244,0.629282,0.506045,1
1740,261.538,1.00582,0,0,0,-5.73017e-008,8.9407e-009,0.981818,0,0,0,-0.0032692,0.0551508,-0.0224852,0.629282,0.506045,1
1750,286.998,1.00698,0,0,0,-5.73017e-008,8.9407e-009,0.981818,0,0,0,-0.00325597,0.0552543,-0.0236385,0.629282,0.506045,1
1760,317.128,1.00788,0,0,0,-5.73017e-008,8.9407e-009,0.981818,0,0,0,-0.00289145,0.0555358,-0.0245275,0.629282,0.506045,1
1770,333.956,1.00878,0,0,0,-5.73017e-008,8.9407e-009,0.981818,0,0,0,-0.00245335,0.0561762,-0.0253886,0.629282,0.506045,1
1780,348.158,1.01002,0,0,0,-5.73017e-008,8.9407e-009,0.981818,0,0,0,-0.00214805,0.056741,-0.0266035,0.629282,0.506045,1
1790,348.645,1.01126,0,0,0,-5.73017e-008,8.9407e-009,0.981818,0,0,0,-0.00178215,0.0568321,-0.0278391,0.629282,0.506045,1
1800,331.907,1.01251,0,0,0,-5.73017e-008,8.9407e-009,0.981818,0,0,0,-0.00168573,0.0567781,-0.0290989,0.629282,0.506045,1
1810,298.647,1.01411,0,0,0,-5.73017e-008,8.9407e-009,0.981818,0,0,0,-0.00207854,0.0567342,-0.030705,0.629282,0.506045,1
1820,271.902,1.01599,0,0,0,-5.73017e-008,8.9407e-009,0.981818,0,0,0,-0.00254434,0.0567227,-0.03258,0.629282,0.506045,1
1830,258.163,1.0174,0,0,0,-5.73017e-008,8.9407e-009,0.981818,0,0,0,-0.00274072,0.0568574,-0.033987,0.629101,0.50577,1
1840,243.981,1.01841,0,0,0,-5.73017e-008,8.9407e-009,0.981818,0,0,0,-0.00297146,0.0570769,-0.0349856,0.628912,0.505445,1
1850,234.577,1.01951,0,0,0,-5.73017e-008,8.9407e-009,0.981818,0,0,0,-0.00330045,0.0567879,-0.0361038,0.628803,0.505157,1
1860,232.681,1.02079,0,0,0,-5.73017e-008,8.9407e-009,0.981818,0,0,0,-0.00334025,0.055992,-0.0374278,0.628628,0.504567,1
1870,237.002,1.02167,0,0,0,-5.73017e-008,8.9407e-009,0.981818,0,0,0,-0.00314789,0.055151,-0.0383597,0.628452,0.503829,1
1880,243.408,1.02223,0,0,0,-5.73017e-008,8.9407e-009,0.981818,0,0,0,-0.00296675,0.0543494,-0.0389603,0.628267,0.502886,1
1890,256.789,1.02302,0,0,0,-5.73017e-008,8.9407e-009,0.981818,0,0,0,-0.00257326,0.0535029,-0.0397984,0.628105,0.501867,1
1900,259.163,1.02438,0,0,0,-5.73017e-008,8.9407e-009,0.981818,0,0,0,-0.00164694,0.0529244,-0.041193,0.628029,0.501177,1
1910,257.454,1.02568,0,0,0,-5.73017e-008,8.9407e-009,0.981818,0,0,0,-0.000788377,0.0527115,-0.0425036,0.628016,0.500857,1
1920,258.302,1.0265,0,0,0,-5.73017e-008,8.9407e-009,0.981818,0,0,0,-0.000575915,0.0526986,-0.043333,0.627984,0.50073,1
1930,266.66,1.02734,0,0,0,-5.73017e-008,8.9407e-009,0.981818,0,0,0,-0.000894069,0.0528563,-0.0441633,0.627984,0.50073,1
1940,283.344,1.02862,0,0,0,-5.73017e-008,8.9407e-009,0.981818,0,0,0,-0.00119788,0.0532363,-0.0454222,0.627984,0.50073,1
1950,281.535,1.02975,0,0,0,-5.73017e-008,8.9407e-009,0.981818,0,0,0,-0.00160648,0.0536796,-0.0465338,0.627879,0.500549,1
1960,270.827,1.03065,0,0,0,-5.73017e-008,8.9407e-009,0.981818,0,0,0,-0.00205119,0.0541602,-0.0474046,0.627702,0.500213,1
1970,271.202,1.03206,0,0,0,-5.73017e-008,8.9407e-009,0.981818,0,0,0,-0.0020983,0.0548845,-0.0487765,0.627605,0.500002,1
1980,288.747,1.034,0,0,0,-5.73017e-008,8.9407e-009,0.981818,0,0,0,-0.00160338,0.0558126,-0.0506751,0.627596,0.499979,1
1990,320.821,1.03569,0,0,0,-5.73017e-008,8.9407e-009,0.981818,0,0,0,-0.00120694,0.0564168,-0.0523309,0.627596,0.499979,1
2000,371.713,1.03488,0,0,-1.39932,-0.000783255,0.0563306,0.981118,0,0,0,-0.000717589,0.0562906,-0.0537603,0.62791,0.500483,1
2010,381.092,1.02964,0,0,-1.39198,-0.000783255,0.0563306,0.974138,0,0,0,7.20525e-005,0.0558063,-0.0554991,0.628436,0.501181,1
2020,371.497,1.02473,0,0,-1.38481,-0.000783255,0.0563306,0.967194,0,0,0,0.000733016,0.0554264,-0.0575293,0.629065,0.501821,1
2030,354.347,1.01971,0,0,-1.37903,-0.000783255,0.0563306,0.960284,0,0,0,0.000758204,0.0551592,-0.0594282,0.629518,0.50212,1
2040,341.54,1.01442,0,0,-1.37419,-0.000783255,0.0563306,0.9534,0,0,0,0.000811717,0.054812,-0.0610137,0.629887,0.502248,1
2050,341.365,1.00903,0,0,-1.37022,-0.000783255,0.0563306,0.946538,0,0,0,0.00095748,0.0544656,-0.0624914,0.630004,0.502242,1
2060,341.815,1.00369,0,0,-1.36607,-0.000783255,0.0563306,0.939696,0,0,0,0.000848803,0.0540132,-0.0639934,0.63007,0.50222,1
2070,342.534,0.998076,0,0,-1.36168,-0.000783255,0.0563306,0.932876,0,0,0,0.00052031,0.0534918,-0.0651955,0.630124,0.502188,1
2080,345.17,0.992056,0,0,-1.35756,-0.000783255,0.0563306,0.926077,0,0,0,0.00079107,0.0532986,-0.0659732,0.630255,0.502073,1
2090,352.688,0.986173,0,0,-1.35272,-0.000783255,0.0563306,0.9193,0,0,0,0.00134927,0.0537626,-0.0668681,0.63044,0.501837,1
2100,358.432,0.98051,0,0,-1.34723,-0.000783255,0.0563306,0.912548,0,0,0,0.00179071,0.0544071,-0.0679568,0.630519,0.501662,1
2110,341.413,0.974319,0,0,-1.34257,-0.000783255,0.0563306,0.905823,0,0,0,0.00209269,0.0548368,-0.0684909,0.630542,0.501574,1
2120,323.69,0.967534,0,0,-1.33928,-0.000783255,0.0563306,0.899118,0,0,0,0.0025869,0.0551856,-0.0684087,0.630567,0.50136,1
2130,322.156,0.961016,0,0,-1.33706,-0.000783255,0.0563306,0.892427,0,0,0,0.00250703,0.0557567,-0.0685829,0.630559,0.501111,1
2140,319.102,0.954907,0,0,-1.33496,-0.000783255,0.0563306,0.885746,0,0,0,0.0016331,0.0562348,-0.0691571,0.630508,0.500737,1
2150,313.868,0.948568,0,0,-1.33307,-0.000783255,0.0563306,0.879076,0,0,0,0.000360982,0.0562965,-0.0694913,0.630388,0.5002,1
2160,319.983,0.941872,0,0,-1.33151,-0.000783255,0.0563306,0.872414,0,0,0,-0.000642534,0.0560061,-0.0694579,0.630232,0.499711,1
2170,325.512,0.935247,0,0,-1.32908,-0.000783255,0.0563306,0.865762,0,0,0,-0.00151892,0.0557935,-0.0694848,0.63,0.499147,1
2180,329.211,0.928749,0,0,-1.32608,-0.000783255,0.0563306,0.859123,0,0,0,-0.00197521,0.0555408,-0.0696249,0.629675,0.498469,1
2190,318.518,0.922081,0,0,-1.32376,-0.000783255,0.0563306,0.852498,0,0,0,-0.00185165,0.0551309,-0.0695815,0.629372,0.497887,1
2200,297.869,0.915087,0,0,-1.32281,-0.000783255,0.0563306,0.845883,0,0,0,-0.0013509,0.0547785,-0.0692029,0.629047,0.497293,1
2210,278.572,0.908107,0,0,-1.32429,-0.000783255,0.0563306,0.839266,0,0,0,-0.00107876,0.0545453,-0.0688386,0.628711,0.496711,1
2220,271.145,0.901287,0,0,-1.32783,-0.000783255,0.0563306,0.832637,0,0,0,-0.000882083,0.053818,-0.0686464,0.628486,0.496273,1
2230,284.929,0.894258,0,0,-1.33034,-0.000783255,0.0563306,0.825992,0,0,0,-0.000598303,0.0528146,-0.0682598,0.628306,0.495866,1
2240,316.179,0.886842,0,0,-1.33034,-0.000783255,0.0563306,0.819338,0,0,0,-0.000465256,0.0524303,-0.0674954,0.628176,0.495536,1
2250,339.602,0.87958,0,0,-1.32735,-0.000783255,0.0563306,0.812693,0,0,0,-0.000783566,0.0528645,-0.066881,0.628135,0.495383,1
2260,353.581,0.872331,0,0,-1.32269,-0.000783255,0.0563306,0.806066,0,0,0,-0.00105165,0.0534395,-0.0662601,0.628135,0.495383,1
2270,357.478,0.86434,0,0,-1.31754,-0.000783255,0.0563306,0.799464,0,0,0,-0.000821985,0.0539745,-0.0648727,0.628135,0.495383,1
2280,342.649,0.855752,0,0,-1.31274,-0.000783255,0.0563306,0.792887,0,0,0,-0.000344774,0.0546781,-0.0628633,0.628135,0.495383,1
2290,317.157,0.847616,0,0,-1.30988,-0.000783255,0.0563306,0.786331,0,0,0,7.59957e-005,0.0555411,-0.061284,0.628135,0.495383,1
2300,303.446,0.840065,0,0,-1.30908,-0.000783255,0.0563306,0.779784,0,0,0,0.00065655,0.0562036,-0.06028,0.628135,0.495383,1
2310,296.783,0.832577,0,0,-1.30916,-0.000783255,0.0563306,0.773239,0,0,0,0.00140261,0.0564233,-0.059335,0.628135,0.495383,1
2320,310.314,0.824934,0,0,-1.30882,-0.000783255,0.0563306,0.766693,0,0,0,0.00174611,0.0563311,-0.0582375,0.628135,0.495383,1
2330,319.145,0.817401,0,0,-1.30723,-0.000783255,0.0563306,0.760152,0,0,0,0.00167318,0.0561741,-0.0572454,0.628135,0.495383,1
2340,321.676,0.810022,0,0,-1.30501,-0.000783255,0.0563306,0.753621,0,0,0,0.00146801,0.0559371,-0.0563981,0.628135,0.495383,1
2350,309.695,0.802856,0,0,-1.30336,-0.000783255,0.0563306,0.7471,0,0,0,0.000884799,0.0555431,-0.055754,0.628135,0.495383,1
2360,282.121,0.795794,0,0,-1.3038,-0.000783255,0.0563306,0.740584,0,0,0,-0.000276711,0.0550939,-0.0552089,0.628135,0.495383,1
2370,247.078,0.788813,0,0,-1.30866,-0.000783255,0.0563306,0.734056,0,0,0,-0.00122757,0.0544085,-0.0547548,0.628135,0.495383,1
2380,233.896,0.781691,0,0,-1.31703,-0.000783255,0.0563306,0.727494,0,0,0,-0.00172995,0.0535775,-0.0541909,0.628135,0.495383,1
2390,229.636,0.774277,0,0,-1.32711,-0.000783255,0.0563306,0.720887,0,0,0,-0.00201237,0.0533409,-0.0533835,0.628135,0.495383,1
2400,241.022,0.766631,0,0,-1.33625,-0.000783255,0.0563306,0.71423,0,0,0,-0.0019037,0.0540158,-0.0523962,0.628135,0.495383,1
2410,263.726,0.759166,0,0,-1.34248,-0.000783255,0.0563306,0.707533,0,0,0,-0.00112804,0.0547488,-0.0516314,0.628135,0.495383,1
2420,285.086,0.751718,0,0,-1.34556,-0.000783255,0.0563306,0.700813,0,0,0,-0.000348513,0.0549465,-0.0509035,0.628135,0.495383,1
2430,308.341,0.743951,0,0,-1.34566,-0.000783255,0.0563306,0.694084,0,0,0,0.000208861,0.0548955,-0.049865,0.628135,0.495383,1
2440,311.155,0.735811,0,0,-1.3444,-0.000783255,0.0563306,0.687358,0,0,0,0.000700739,0.0550279,-0.0484503,0.627913,0.495315,1
2450,290.096,0.727707,0,0,-1.34432,-0.000783255,0.0563306,0.680637,0,0,0,0.00108476,0.0551791,-0.0470669,0.627598,0.495281,1
2460,259.166,0.719681,0,0,-1.34743,-0.000783255,0.0563306,0.67391,0,0,0,0.0011103,0.0552268,-0.0457677,0.626927,0.495261,1
2470,220.319,0.711556,0,0,-1.35654,-0.000783255,0.0563306,0.667156,0,0,0,0.00127813,0.0549984,-0.0443965,0.62667,0.495275,1
2480,204.124,0.702949,0,0,-1.37136,-0.000783255,0.0563306,0.660341,0,0,0,0.00171912,0.0543902,-0.042601,0.62667,0.495275,1
2490,220.271,0.693936,0,0,-1.38588,-0.000783255,0.0563306,0.65345,0,0,0,0.00214464,0.0534464,-0.0404734,0.626544,0.495301,1
2500,250.97,0.684978,0,0,-1.39529,-0.000783255,0.0563306,0.646497,0,0,0,0.00217524,0.0528392,-0.0384654,0.62631,0.495368,1
2510,273.91,0.67657,0,0,-1.39984,-0.000783255,0.0563306,0.639509,0,0,0,0.00206186,0.0530217,-0.0370468,0.62624,0.495395,1
2520,276.047,0.668561,0,0,-1.4027,-0.000783255,0.0563306,0.632503,0,0,0,0.00154188,0.0535683,-0.0360476,0.62624,0.495395,1
2530,252.272,0.660735,0,0,-1.40753,-0.000783255,0.0563306,0.62548,0,0,0,0.000377803,0.0536102,-0.0352478,0.62624,0.495395,1
2540,216.652,0.6529,0,0,-1.41751,-0.000783255,0.0563306,0.618423,0,0,0,-0.00108625,0.0534442,-0.03447,0.62624,0.495395,1
2550,186.238,0.645018,0,0,-1.43591,-0.000783255,0.0563306,0.611298,0,0,0,-0.00176303,0.0536921,-0.0337138,0.62624,0.495395,1
2560,169.75,0.637105,2.07914e-007,-3.7858e-009,-1.46162,-0.000783255,0.0563306,0.604063,-0.0167508,0.000305007,0.0338287,-0.00171645,0.0542124,-0.0330381,0.62624,0.495395,1
2570,189.743,0.629291,4.6778e-006,-9.40811e-009,-1.48667,-0.000783243,0.0563306,0.596696,-0.0188824,-0.000215316,0.0368937,-0.00148308,0.0545871,-0.0325927,0.62624,0.495395,1
2580,228.88,0.621441,9.60846e-006,4.48998e-008,-1.50295,-0.000783207,0.0563306,0.589221,-0.020533,-0.000111966,0.0394965,-0.00113835,0.0551362,-0.0322185,0.62624,0.495395,1
2590,267.884,0.613396,1.51509e-005,3.32554e-008,-1.51027,-0.000783146,0.0563306,0.581687,-0.0236589,0.000119077,0.0449906,-0.000203842,0.0557844,-0.0317083,0.62624,0.495395,1
2600,296.362,0.60516,2.13884e-005,7.51914e-008,-1.51221,-0.000783055,0.0563306,0.57413,-0.0269952,-0.00064792,0.049578,0.000779873,0.0561891,-0.0310275,0.625857,0.495842,1
2610,289.123,0.596975,2.87457e-005,3.96593e-007,-1.51304,-0.00078293,0.0563306,0.566568,-0.0318384,-0.00182141,0.0552137,0.0014967,0.056514,-0.0304032,0.625457,0.496369,1
2620,276.782,0.589266,3.70525e-005,8.58222e-007,-1.51523,-0.000782766,0.0563306,0.558998,-0.0353531,-0.00171601,0.0586109,0.00222458,0.0570776,-0.0302594,0.624956,0.497113,1
2630,266.63,0.582294,4.65927e-005,1.20634e-006,-1.51945,-0.000782557,0.0563306,0.551413,-0.0399701,-0.00107917,0.0649362,0.00310323,0.0571822,-0.0308669,0.624539,0.497819,1
2640,261.185,0.57572,5.69638e-005,1.47682e-006,-1.52477,-0.000782299,0.0563306,0.543804,-0.0431186,-0.00127668,0.0688032,0.00332501,0.0565355,-0.0319009,0.624251,0.498389,1
2650,258.935,0.569068,6.86231e-005,1.87462e-006,-1.5305,-0.000781985,0.0563306,0.536168,-0.0483246,-0.00167619,0.074046,0.00292393,0.0558001,-0.0328881,0.624014,0.498921,1
2660,260.18,0.562226,8.14095e-005,2.18742e-006,-1.53686,-0.000781611,0.0563307,0.528501,-0.0537645,-0.000599408,0.0789562,0.00245958,0.0555544,-0.033715,0.623823,0.499401,1
2670,272.581,0.555246,9.61871e-005,2.16093e-006,-1.54173,-0.000781168,0.0563307,0.520805,-0.0622761,0.000721182,0.0890256,0.00206637,0.0553041,-0.0344326,0.623604,0.499987,1
2680,301.329,0.548081,0.000112718,1.96783e-006,-1.54332,-0.000780646,0.0563307,0.513091,-0.0724379,0.000661323,0.10231,0.00140199,0.0547365,-0.0349836,0.623304,0.500831,1
2690,316.295,0.540775,0.000132483,1.8465e-006,-1.54212,-0.000780035,0.0563307,0.505376,-0.0863837,0.000465811,0.121099,0.00084975,0.0540995,-0.0353912,0.623066,0.501564,1
2700,306.108,0.533523,0.000155383,1.63823e-006,-1.54032,-0.000779317,0.0563307,0.49767,-0.102678,0.0012486,0.142808,0.000787059,0.0537597,-0.0358444,0.622929,0.502067,1
2710,277.324,0.526249,0.00018722,1.42535e-006,-1.54184,-0.000778472,0.0563307,0.489967,-0.420005,-0.00274166,0.645003,0.000995829,0.0536292,-0.036272,0.622799,0.502624,1
2720,252.321,0.519041,0.000299356,2.90074e-006,-1.54756,-0.000777264,0.0563307,0.482247,-0.556033,-0.0133075,1.09189,0.00111103,0.0535902,-0.0367835,0.622723,0.503018,1
2730,253.337,0.512071,0.000446904,6.80989e-006,-1.55542,-0.000775406,0.0563307,0.474491,-0.623395,-0.00500037,1.23485,0.00128374,0.0537494,-0.0375699,0.622717,0.503061,1
2740,277.514,0.505482,0.000611347,8.12425e-006,-1.56102,-0.000772768,0.0563308,0.466699,-0.700782,-0.0175216,1.39562,0.00145006,0.054094,-0.0387726,0.622705,0.503183,1
2750,308.536,0.498844,0.000794863,1.18972e-005,-1.56219,-0.000769259,0.0563308,0.45889,-0.775222,-0.0124663,1.51935,0.00118958,0.0544186,-0.0399463,0.62269,0.503434,1
2760,339.093,0.492006,0.000995498,1.42499e-005,-1.55935,-0.000764792,0.0563309,0.451084,-0.866646,-0.00693206,1.65344,0.000720896,0.0549213,-0.0409182,0.622688,0.503545,1
2770,349.833,0.484964,0.00122016,1.52432e-005,-1.55476,-0.000759263,0.056331,0.443297,-0.977695,-0.00131432,1.80257,0.000643473,0.0559145,-0.0416655,0.622691,0.503643,1
2780,350.769,0.478209,0.00147573,1.48709e-005,-1.54942,-0.000752538,0.056331,0.435535,-1.13765,0.00341931,2.00622,0.00104824,0.0568954,-0.0426702,0.622693,0.503661,1
2790,354.794,0.471788,0.0017738,1.36759e-005,-1.54432,-0.00074443,0.0563311,0.427799,-1.31229,0.00531624,2.22904,0.00161116,0.0573357,-0.0439823,0.622693,0.503661,1
2800,351.49,0.465775,0.00211385,1.25722e-005,-1.53897,-0.000734729,0.0563312,0.420089,-1.49714,0.00212635,2.45415,0.00231512,0.0574976,-0.0456738,0.622693,0.503661,1
2810,344.8,0.460007,0.00249662,1.29531e-005,-1.53428,-0.000723216,0.0563312,0.412405,-1.64892,-0.00660173,2.64303,0.00293983,0.0576522,-0.0475851,0.622693,0.503661,1
2820,324.264,0.454641,0.00291762,1.65431e-005,-1.53099,-0.000709697,0.0563313,0.404742,-1.81069,-0.0241753,2.84097,0.0032162,0.057425,-0.049881,0.622693,0.503661,1
2830,298.302,0.449255,0.00338501,2.31322e-005,-1.53059,-0.000693966,0.0563314,0.397089,-2.29233,0.0979741,3.38395,0.00276003,0.0567492,-0.052153,0.622693,0.503661,1
2840,285.893,0.443684,0.00397371,-8.75832e-007,-1.53258,-0.000675588,0.0563315,0.389432,-2.44142,0.0976552,3.59138,0.00160428,0.0559624,-0.0542461,0.622693,0.503661,1
2850,277.794,0.437827,0.00460194,-2.60381e-005,-1.53631,-0.000654165,0.0563314,0.381761,-2.55907,0.105568,3.77902,7.74461e-005,0.0553319,-0.0560647,0.622693,0.503661,1
2860,292.506,0.431874,0.00525895,-5.11869e-005,-1.53924,-0.000629527,0.0563312,0.374072,-2.76225,-0.0192078,4.78037,-0.00110813,0.0549496,-0.0578003,0.622693,0.503661,1
2870,298.721,0.425255,0.00595052,-4.58525e-005,-1.54071,-0.000601506,0.056331,0.366372,-2.79582,-0.0211078,4.94891,-0.00187504,0.0549911,-0.0588792,0.622693,0.503661,1
2880,277.805,0.417912,0.00664772,-4.28955e-005,-1.54349,-0.000570015,0.0563307,0.358663,-2.76856,0.00122572,5.02213,-0.00235279,0.0552964,-0.0592443,0.622693,0.503661,1
2890,248.133,0.410096,0.00734476,-5.24436e-005,-1.55027,-0.000535039,0.0563305,0.350932,-2.76828,0.336338,5.4037,-0.00234915,0.0554697,-0.0591589,0.622693,0.503661,1
2900,227.317,0.4022,0.00805145,-0.000144643,-1.56254,-0.000496534,0.05633,0.343154,-2.14963,0.280604,5.37622,-0.00147631,0.0552428,-0.0590432,0.622693,0.503661,1
2910,229.832,0.393985,0.00858922,-0.000217001,-1.57623,-0.000454896,0.0563291,0.33531,-1.752,0.0270118,4.98814,-0.000446227,0.0547589,-0.0586714,0.622667,0.503684,1
2920,244.918,0.385581,0.00899499,-0.000225678,-1.58753,-0.000410873,0.056328,0.327402,-1.3083,0.263001,4.00381,6.13244e-005,0.0544442,-0.0581744,0.622667,0.503684,1
2930,252.104,0.377005,0.00924156,-0.000290721,-1.59645,-0.00036517,0.0563267,0.319443,0.228388,0.39896,2.95926,6.03556e-005,0.0544338,-0.057557,0.622667,0.503684,1
2940,253.955,0.368255,0.00907549,-0.000390118,-1.60421,-0.000319256,0.056325,0.311443,1.47431,0.393928,1.1437,-0.000117073,0.0544098,-0.0568071,0.622545,0.503709,1
2950,266.121,0.358985,0.00857632,-0.00048695,-1.61057,-0.000274985,0.0563228,0.303407,2.82178,-0.104192,0.263251,-0.000355458,0.0544419,-0.0555738,0.622153,0.503709,1
2960,278.883,0.349394,0.00774462,-0.000467666,-1.61446,-0.000234057,0.0563204,0.295344,4.02596,-0.052715,-0.936269,-0.000173738,0.054775,-0.054046,0.622131,0.503695,1
2970,296.455,0.339723,0.00661407,-0.00046314,-1.61564,-0.000198036,0.0563181,0.287268,5.28717,-0.230217,-1.43077,0.000409492,0.0551083,-0.0524525,0.621914,0.503609,1
2980,306.945,0.330221,0.00516288,-0.000424357,-1.61491,-0.00016846,0.0563159,0.279191,6.87482,0.432461,-1.39621,0.000948222,0.0550144,-0.0510255,0.621788,0.503574,1
2990,319.775,0.320645,0.00327454,-0.000556332,-1.61269,-0.000147205,0.0563135,0.271121,8.38356,0.644293,-2.26261,0.00121229,0.0549345,-0.049518,0.621788,0.503574,1
3000,316.443,0.311215,0.000967249,-0.000741615,-1.60933,-0.000136398,0.0563103,0.263065,10.3234,0.85028,-3.88807,0.0017885,0.055166,-0.0481416,0.621749,0.503121,1
3010,302.085,0.302387,-0.00190625,-0.000967947,-1.60712,-0.000138465,0.056306,0.255025,12.9964,0.957531,-6.77587,0.00273766,0.0553672,-0.0473472,0.621559,0.502765,1
3020,283.484,0.294177,-0.00556603,-0.0012035,-1.6058,-0.000156748,0.0563006,0.246993,16.6591,1.05686,-9.5778,0.0035992,0.0552995,-0.0471578,0.621247,0.502134,1
3030,271.238,0.285868,-0.0103249,-0.00144131,-1.6064,-0.000195919,0.0562939,0.238964,21.7499,0.661539,-16.0234,0.00387146,0.0552192,-0.0468735,0.621093,0.501715,1
3040,281.133,0.277145,-0.0166137,-0.00154022,-1.60494,-0.000262469,0.0562864,0.230935,29.2328,0.0379074,-25.8911,0.00350983,0.0551017,-0.0461823,0.621006,0.50139,1
3050,299.715,0.268358,-0.025063,-0.00142482,-1.59798,-0.000365612,0.0562789,0.222925,39.3111,-1.05274,-40.3339,0.00237113,0.054919,-0.045416,0.620929,0.500919,1
3060,307.93,0.259821,-0.0364428,-0.000991142,-1.58505,-0.000517896,0.0562727,0.214965,53.4878,-2.48833,-59.4577,0.000752672,0.0548948,-0.0448491,0.620915,0.500615,1
3070,308.343,0.251423,-0.0519483,-0.000180313,-1.56629,-0.000736849,0.0562696,0.207083,72.8954,-4.02758,-85.6275,-0.000651443,0.0550786,-0.0443367,0.620925,0.500453,1
3080,315.959,0.243013,-0.0731379,0.000952229,-1.53945,-0.00104675,0.0562714,0.199315,99.965,-4.92293,-119.863,-0.0013234,0.0550259,-0.0436948,0.62097,0.500122,1
3090,321.661,0.234737,-0.101773,0.00211445,-1.50235,-0.0014806,0.0562792,0.191705,133.184,-4.13638,-162.818,-0.00154867,0.0545624,-0.0430262,0.620993,0.500011,1
3100,320.768,0.226495,-0.139346,0.00283297,-1.45371,-0.00207931,0.0562919,0.184309,172.588,-1.41214,-209.582,-0.00154765,0.054271,-0.0421759,0.620993,0.500011,1
3110,314.083,0.218186,-0.18705,0.00267224,-1.39377,-0.00289094,0.0563061,0.177185,214.578,3.05501,-258.777,-0.000958618,0.0546093,-0.0409854,0.620993,0.500011,1
3120,295.277,0.210091,-0.245401,0.00128434,-1.32313,-0.00396752,0.0563165,0.170389,256.505,8.04242,-306.206,0.000229177,0.055014,-0.0396563,0.621031,0.499938,1
3130,274.947,0.202822,-0.313682,-0.00131049,-1.24394,-0.00536142,0.0563169,0.163968,289.377,12.645,-345.559,0.00127051,0.0548175,-0.0387399,0.621031,0.499938,1
3140,257.733,0.196085,-0.389316,-0.00476646,-1.15954,-0.00711627,0.0563019,0.157959,307.736,14.55,-364.083,0.00155498,0.0544769,-0.0379252,0.621031,0.499938,1
3150,260.657,0.189478,-0.46645,-0.00822956,-1.0738,-0.00925656,0.0562693,0.152377,295.08,12.6303,-361.9,0.00126878,0.0546155,-0.0368017,0.621263,0.499641,1
3160,274.2,0.18331,-0.536241,-0.0109582,-0.989443,-0.0117679,0.0562209,0.147221,249.301,9.26584,-341.961,0.000559622,0.055143,-0.0356704,0.621433,0.499448,1
3170,277.999,0.178526,-0.587738,-0.0129506,-0.909134,-0.0145881,0.0561609,0.142477,150.816,6.93118,-321.763,-0.000355405,0.0556571,-0.0354805,0.621516,0.499368,1
3180,276.395,0.175066,-0.61211,-0.014264,-0.833916,-0.0176002,0.0560924,0.138122,27.7535,2.0713,-303.555,-0.000883156,0.0560958,-0.0361442,0.621651,0.499255,1
3190,286.864,0.172369,-0.599288,-0.013121,-0.759679,-0.0206459,0.0560224,0.134138,-130.379,-12.3524,-303.485,-0.000502254,0.0562048,-0.0370499,0.621716,0.499207,1
3200,284.326,0.170015,-0.554925,-0.00880319,-0.687285,-0.0235426,0.0559666,0.130522,-244.187,-21.9376,-293.366,0.00050693,0.0558816,-0.0377837,0.621879,0.499098,1
3210,264.004,0.168263,-0.475793,-0.00249626,-0.614363,-0.0261338,0.0559378,0.127268,-380.111,-27.1501,-299.143,0.00199221,0.055715,-0.0386281,0.622335,0.498839,1
3220,229.215,0.167081,-0.378223,0.00462694,-0.54572,-0.0282741,0.0559425,0.12437,-444.752,-33.1115,-290.027,0.00363927,0.056198,-0.0396344,0.622971,0.498523,1
3230,214.152,0.166303,-0.259825,0.0142727,-0.476998,-0.0298746,0.0559889,0.121814,-496.861,-39.6833,-292.045,0.00466122,0.0566572,-0.0408614,0.623705,0.498199,1
3240,245.148,0.165676,-0.145716,0.0231156,-0.412621,-0.0308834,0.0560833,0.119594,-445.457,-30.5839,-256.938,0.00429597,0.0564617,-0.042304,0.624619,0.497833,1
3250,302.605,0.165434,-0.0506668,0.0290385,-0.358735,-0.031358,0.0562153,0.117674,-294.05,-15.9716,-174.022,0.00302644,0.0557405,-0.0441468,0.625756,0.49741,1
3260,331.542,0.165096,0.00444095,0.0318021,-0.324021,-0.0314612,0.0563683,0.115973,-174.453,-8.36439,-111.814,0.00133062,0.0548734,-0.0458274,0.626939,0.497002,1
3270,335.731,0.164238,0.0409711,0.03323,-0.299304,-0.0313424,0.0565313,0.114417,-124.984,-3.88446,-83.6354,-0.000290174,0.0538648,-0.0468366,0.628104,0.496634,1
3280,307.379,0.163416,0.0699231,0.0338219,-0.279696,-0.0310643,0.0566992,0.112971,-115.224,-1.83336,-72.2017,-0.0013791,0.0529377,-0.0476824,0.629395,0.496258,1
3290,284.805,0.163465,0.0963132,0.0340772,-0.263709,-0.0306462,0.0568691,0.111614,-92.1252,-0.247694,-56.5245,-0.0014487,0.0525761,-0.0491643,0.630774,0.495886,1
3300,268.479,0.163606,0.117146,0.0343129,-0.251756,-0.0301114,0.0570399,0.110327,-78.8724,-1.38579,-46.4006,-0.00090913,0.0528571,-0.0505975,0.631897,0.495612,1
3310,269.147,0.162993,0.136496,0.0349131,-0.241418,-0.0294769,0.0572128,0.109095,-75.1652,-2.17087,-44.1232,0.000138602,0.0532077,-0.0511349,0.632595,0.495469,1
3320,275.13,0.161992,0.158765,0.0356526,-0.230004,-0.0287425,0.0573891,0.107915,-109.111,-2.83946,-54.9343,0.00129586,0.0533369,-0.0512161,0.633037,0.495405,1
3330,274.092,0.16134,0.190214,0.0362327,-0.215474,-0.027873,0.057569,0.1068,-136.695,-1.07498,-64.7253,0.00207062,0.0533816,-0.0516809,0.633376,0.495379,1
3340,275.234,0.160809,0.22939,0.0364938,-0.198483,-0.0268287,0.0577508,0.105764,-178.549,-1.04587,-77.9458,0.00162477,0.0534907,-0.0524502,0.633607,0.49538,1
3350,296.346,0.160375,0.274467,0.0369724,-0.178161,-0.0255683,0.0579344,0.104822,-175.64,-2.53652,-86.8463,0.000457659,0.053678,-0.0533703,0.633782,0.495395,1
3360,306.279,0.160432,0.320601,0.0378588,-0.155317,-0.0240834,0.0581212,0.103987,-197.995,-4.84845,-95.8725,-0.000845063,0.054158,-0.0547041,0.633957,0.495423,1
3370,291.666,0.16114,0.364599,0.0391828,-0.133119,-0.0223653,0.0583137,0.103267,-153.053,-5.74044,-80.6155,-0.00172224,0.0549254,-0.0565091,0.634081,0.495449,1
3380,274.909,0.161938,0.401733,0.0409009,-0.114761,-0.020449,0.0585137,0.102649,-140.437,-7.4319,-69.8081,-0.00251935,0.0554547,-0.0582639,0.634264,0.495495,1
3390,266.576,0.162555,0.4311,0.0427708,-0.0996265,-0.0183615,0.0587229,0.102115,-88.7575,-6.7415,-55.5386,-0.00282197,0.055357,-0.0596614,0.634575,0.495586,1
3400,273.524,0.163246,0.452138,0.0447559,-0.0871389,-0.0161518,0.0589415,0.101649,-68.1649,-8.3136,-46.9857,-0.00258645,0.0550955,-0.0609875,0.634724,0.495638,1
3410,294.084,0.164343,0.463903,0.0468561,-0.0770537,-0.0138569,0.0591706,0.101239,-27.8705,-8.36463,-35.7713,-0.00181877,0.0552154,-0.0626141,0.634724,0.495638,1
3420,303.252,0.165615,0.470603,0.0490024,-0.0692651,-0.0115206,0.0594102,0.100874,-26.3306,-8.53951,-28.1944,-0.000998449,0.0556492,-0.0643637,0.634793,0.495687,1
3430,293.379,0.166646,0.475958,0.0507829,-0.06269,-0.0091536,0.05966,0.100545,-20.4757,-5.65984,-24.8058,0.000257524,0.0559972,-0.0657955,0.635024,0.495824,1
3440,300.547,0.167583,0.482804,0.0519135,-0.0570506,-0.0067577,0.059917,0.100246,-29.4082,-3.17074,-21.1767,0.00136806,0.0561083,-0.0670967,0.635146,0.495878,1
3450,332.281,0.168877,0.488198,0.0522794,-0.0521782,-0.00432862,0.0601778,0.099973,-21.8365,-0.724785,-17.3917,0.00150862,0.0559372,-0.0687498,0.635168,0.495876,1
3460,347.764,0.170364,0.492573,0.0521471,-0.0482334,-0.00187637,0.060439,0.0997223,-23.6241,0.778403,-13.3124,0.000555602,0.0553454,-0.0705484,0.635298,0.495873,1
3470,347.104,0.171535,0.495628,0.0514881,-0.0453624,0.000595284,0.0606984,0.0994888,-17.0187,2.96949,-8.41141,-0.000277576,0.0544261,-0.0719291,0.635479,0.495874,1
3480,328.286,0.172492,0.498262,0.0503589,-0.0436426,0.00308044,0.0609533,0.0992667,-13.7297,5.13313,-4.7183,-0.000856118,0.053625,-0.0730242,0.635653,0.495881,1
3490,304.95,0.173482,0.499932,0.0486555,-0.0426719,0.00557653,0.0612011,0.0990511,-6.12184,8.0135,-3.10213,-0.00140751,0.0531778,-0.0741047,0.635653,0.495881,1
3500,285.494,0.174255,0.501378,0.0464003,-0.0419313,0.00807973,0.0614389,0.0988396,-3.03663,10.4811,-3.09129,-0.0016567,0.0529091,-0.0749344,0.635653,0.495881,1
3510,269.033,0.174648,0.502696,0.0437116,-0.0413126,0.0105896,0.0616643,0.0986316,-0.266842,11.2819,-2.39544,-0.00101563,0.0528466,-0.075407,0.635653,0.495881,1
3520,249.833,0.175134,0.504752,0.0411913,-0.0409737,0.0131074,0.0618763,0.098426,0.790018,10.1231,-1.7093,9.69294e-005,0.0530602,-0.0760017,0.635653,0.495881,1
3530,250.364,0.175882,0.506973,0.0392026,-0.04081,0.0156362,0.062077,0.0982216,2.43145,7.45215,-1.65662,0.00117375,0.0531943,-0.0768392,0.635653,0.495881,1
3540,275.135,0.176477,0.508087,0.0378713,-0.0403062,0.0181742,0.0622694,0.0980186,4.34907,4.85248,-3.71964,0.00212099,0.0528239,-0.0774725,0.635653,0.495881,1
3550,311.055,0.176685,0.506955,0.036578,-0.0392663,0.0207126,0.0624557,0.0978195,5.77474,6.07123,-4.80923,0.00271932,0.0521814,-0.0776462,0.635653,0.495881,1
3560,331.006,0.176993,0.504525,0.0348325,-0.0377401,0.0232419,0.0626344,0.0976267,7.29056,7.56226,-6.90229,0.00226157,0.0518046,-0.0777848,0.635653,0.495881,1
3570,336.566,0.177824,0.501126,0.0327685,-0.0357764,0.0257566,0.0628035,0.0974428,9.12135,7.62589,-8.328,0.000533344,0.0521132,-0.0782585,0.635653,0.495881,1
3580,322.299,0.178909,0.497375,0.0312867,-0.0332961,0.0282533,0.0629632,0.0972698,12.1892,3.67475,-10.7446,-0.00148243,0.0531487,-0.0788773,0.635653,0.495881,1
3590,276.257,0.179786,0.49426,0.030669,-0.0306971,0.0307316,0.0631178,0.09711,13.4557,1.22347,-10.3485,-0.0030807,0.0545027,-0.0792571,0.635653,0.495881,1
3600,246.351,0.180505,0.492815,0.0308886,-0.0280408,0.0331983,0.0632713,0.096963,14.904,-1.03999,-11.8971,-0.00422481,0.0555269,-0.0794504,0.635653,0.495881,1
3610,233.576,0.181133,0.492239,0.0310947,-0.0252922,0.0356599,0.0634264,0.0968297,15.3494,0.49751,-12.138,-0.00483207,0.0561048,-0.079567,0.635653,0.495881,1
3620,231.414,0.18116,0.49194,0.0314354,-0.0220649,0.0381196,0.0635825,0.096711,16.8622,-0.981274,-14.9278,-0.00410307,0.0563478,-0.0793117,0.635653,0.495881,1
3630,241.454,0.180446,0.490992,0.0317255,-0.0184853,0.0405764,0.0637404,0.0966096,17.1642,-0.359764,-15.744,-0.00255955,0.0564367,-0.0784528,0.635653,0.495881,1
3640,252.118,0.17962,0.489085,0.0325492,-0.0139033,0.0430265,0.0639006,0.0965279,19.9114,-4.63718,-22.1495,-0.00120261,0.0565591,-0.0774065,0.635653,0.495881,1
3650,261.261,0.179162,0.485684,0.0343634,-0.00767556,0.0454636,0.0640673,0.0964733,23.7978,-10.0897,-29.2154,-0.000542011,0.056749,-0.0765265,0.636026,0.495926,1
3660,268.672,0.178596,0.480823,0.0380669,0.000647387,0.04788,0.0642477,0.0964549,26.941,-16.16,-36.0646,-4.41332e-005,0.0565061,-0.0754169,0.636026,0.495926,1
3670,261.01,0.177749,0.475875,0.0412751,0.00947054,0.0502711,0.0644468,0.0964802,26.4277,-9.07786,-36.1959,-0.000136996,0.0555729,-0.0737405,0.636026,0.495926,1
3680,270.701,0.177009,0.470467,0.0431553,0.0194474,0.0526372,0.0646584,0.0965516,30.1555,-3.54469,-44.3412,-0.00057643,0.054203,-0.0719457,0.636026,0.495926,1
3690,280.398,0.176738,0.463331,0.0425393,0.0316884,0.0549722,0.0648739,0.0966783,35.3209,9.10711,-54.9386,-0.000837963,0.0528307,-0.0705831,0.636026,0.495926,1
3700,279.225,0.176572,0.454734,0.038308,0.0467238,0.0572676,0.0650781,0.0968733,39.5265,28.6211,-64.2168,-0.000427663,0.0516764,-0.0694676,0.636026,0.495926,1
3710,282.931,0.176428,0.445593,0.0282762,0.0633352,0.0595184,0.0652468,0.0971479,40.3787,49.8083,-69.6008,-9.96149e-005,0.0510093,-0.0682902,0.636439,0.496024,1
3720,279.713,0.176358,0.436258,0.0149846,0.0813657,0.0617228,0.0653557,0.0975091,39.8463,57.1922,-73.9751,0.000311303,0.0508876,-0.0671766,0.636794,0.496115,1
3730,273.849,0.176615,0.427741,0.000302765,0.0999271,0.0638821,0.0653942,0.0979623,36.5936,59.9326,-74.1063,0.000765013,0.0511497,-0.0663733,0.637065,0.496193,1
3740,287.72,0.176911,0.419673,-0.0145951,0.118401,0.0660005,0.0653587,0.0985082,35.0693,61.5471,-73.5636,0.00112023,0.0514742,-0.0654899,0.637381,0.496286,1
3750,296.488,0.17735,0.411175,-0.030277,0.137034,0.0680778,0.0652467,0.0991463,36.062,63.2951,-77.7732,0.000531863,0.0517288,-0.064279,0.637845,0.496411,1
3760,291.079,0.178161,0.401961,-0.045297,0.157671,0.0701109,0.0650572,0.0998819,39.4662,57.7614,-88.7072,-0.000443693,0.0520634,-0.0631967,0.6382,0.496499,1
3770,283.165,0.179402,0.39229,-0.0587057,0.181329,0.0720966,0.0647962,0.100728,43.0546,47.9938,-101.506,-0.00135809,0.0528964,-0.0625136,0.638378,0.496538,1
3780,278.967,0.180285,0.38139,-0.0689356,0.209056,0.0740314,0.0644758,0.101702,50.3393,35.4202,-119.476,-0.00180239,0.0542647,-0.0615395,0.638634,0.496582,1
3790,277.722,0.180798,0.368723,-0.0763679,0.241166,0.0759073,0.064111,0.102825,58.3969,19.9056,-137.694,-0.00222018,0.0558274,-0.0600099,0.63901,0.496647,1
3800,282.833,0.181463,0.353591,-0.0788991,0.278336,0.0777141,0.0637211,0.104122,68.3381,4.60285,-154.719,-0.00217432,0.057081,-0.0586742,0.639412,0.496719,1
3810,308.124,0.182822,0.336244,-0.0805086,0.316972,0.0794394,0.063323,0.10561,72.5643,8.66996,-157.384,-0.00189552,0.0576421,-0.0580244,0.639832,0.496802,1
3820,325.573,0.18443,0.317312,-0.085228,0.356142,0.0810738,0.0629116,0.107293,74.5625,36.3274,-160.57,-0.00178482,0.0573798,-0.0573828,0.640225,0.496888,1
3830,319.409,0.186043,0.29897,-0.0979131,0.394817,0.0826139,0.0624564,0.109171,68.9248,61.843,-159.581,-0.0022164,0.0566455,-0.0563043,0.640618,0.496982,1
3840,304.341,0.18773,0.281965,-0.113259,0.434365,0.0840659,0.0619283,0.111244,65.6348,60.1612,-159.154,-0.00242671,0.0558326,-0.0552623,0.641061,0.497097,1
3850,289.529,0.190028,0.266277,-0.126042,0.47246,0.0854361,0.0613279,0.113512,63.5083,39.652,-149.519,-0.00265544,0.0551071,-0.0547497,0.641419,0.497198,1
3860,273.258,0.192931,0.250423,-0.133899,0.510543,0.0867279,0.0606768,0.115968,66.29,26.1956,-148.659,-0.00334767,0.0543596,-0.0545271,0.641717,0.497277,1
3870,256.088,0.196307,0.235304,-0.139767,0.548337,0.0879415,0.0599916,0.118615,63.8268,13.7202,-145.295,-0.0044269,0.053432,-0.0544784,0.642152,0.497386,1
3880,235.102,0.199924,0.22054,-0.141832,0.588204,0.0890808,0.0592865,0.121455,64.8543,-0.120045,-147.023,-0.00503568,0.0523333,-0.0547938,0.642568,0.49749,1
3890,240.545,0.203747,0.205711,-0.14198,0.628709,0.0901465,0.0585763,0.124496,68.4325,-8.09644,-150.963,-0.00530147,0.0515327,-0.0553733,0.642871,0.497572,1
3900,270.948,0.207364,0.18869,-0.139742,0.670562,0.0911332,0.0578714,0.127743,73.0081,-12.7898,-155.897,-0.00541099,0.0515206,-0.0556653,0.643211,0.49767,1
3910,308.476,0.210756,0.171706,-0.136346,0.707273,0.0920336,0.0571806,0.131191,65.8869,-16.3279,-139.974,-0.00509178,0.0522643,-0.0557872,0.643649,0.4978,1
3920,322.965,0.214468,0.155867,-0.132554,0.738811,0.0928519,0.056509,0.134809,58.535,-10.1692,-117.761,-0.00416535,0.0532147,-0.0564323,0.64401,0.497902,1
3930,323.35,0.218825,0.141952,-0.13078,0.763667,0.093596,0.0558513,0.138567,54.4794,-2.96185,-100.008,-0.00322925,0.054009,-0.0576622,0.644247,0.497964,1
3940,301.774,0.22317,0.128392,-0.130517,0.786192,0.0942714,0.0551986,0.142443,50.4197,0.99654,-82.8705,-0.00252626,0.0546836,-0.0586406,0.644401,0.498005,1
3950,276.709,0.227168,0.117061,-0.130883,0.805218,0.0948843,0.0545452,0.146422,44.8803,0.864456,-68.1685,-0.00183284,0.0552435,-0.0591266,0.644401,0.498005,1
3960,265.01,0.231504,0.10637,-0.131616,0.823593,0.0954425,0.0538892,0.150494,42.205,1.87989,-58.0315,-0.00157149,0.0556478,-0.0596942,0.644401,0.498005,1
3970,267.743,0.236589,0.0964329,-0.132601,0.839927,0.0959495,0.0532289,0.154653,42.632,2.77961,-57.8005,-0.00215425,0.0559827,-0.0606199,0.644401,0.498005,1
3980,266.426,0.241777,0.0860201,-0.133741,0.857382,0.0964054,0.0525631,0.158895,41.3942,2.20265,-56.8406,-0.00308009,0.0563623,-0.0614324,0.644401,0.498005,1
3990,282.076,0.246421,0.0761541,-0.134429,0.873437,0.0968109,0.0518925,0.163222,41.5483,1.11675,-59.6746,-0.00334185,0.0565049,-0.0618809,0.644401,0.498005,1
4000,306.912,0.25097,0.0658362,-0.134796,0.888705,0.0971659,0.0512194,0.167629,40.6974,1.62097,-57.5124,-0.00318182,0.0562577,-0.0623512,0.644249,0.498176,1
4010,314.724,0.255948,0.0558242,-0.13522,0.901834,0.09747,0.0505444,0.172105,39.4042,3.07638,-57.0985,-0.00310742,0.0559104,-0.0631923,0.643916,0.498458,1
4020,310.544,0.261234,0.0472082,-0.135732,0.912903,0.0977263,0.0498669,0.176645,28.0523,1.8148,-37.5162,-0.00337789,0.0557954,-0.0641579,0.643368,0.498838,1
4030,291.952,0.266568,0.0412729,-0.136079,0.920497,0.0979468,0.0491874,0.181229,21.2243,1.29502,-26.9769,-0.0038407,0.0556438,-0.0650565,0.642927,0.499071,1
4040,279.712,0.272342,0.0364365,-0.136637,0.927877,0.0981408,0.0485058,0.185849,18.906,1.78085,-23.3554,-0.00495735,0.0552911,-0.0661332,0.642604,0.499204,1
4050,285.413,0.278337,0.0314875,-0.137432,0.936177,0.0983109,0.0478207,0.190508,22.0275,2.74065,-32.5978,-0.0061922,0.0550239,-0.0673656,0.642556,0.499269,1
4060,311.923,0.283906,0.0259938,-0.138035,0.94458,0.0984546,0.0471318,0.195211,21.4803,1.73889,-32.2228,-0.00684543,0.0550361,-0.0683262,0.642506,0.499357,1
4070,326.778,0.288957,0.0208033,-0.138093,0.95077,0.0985715,0.0464413,0.19995,19.8107,0.784066,-30.9071,-0.00646024,0.0549763,-0.0691067,0.642324,0.499733,1
4080,333.637,0.294275,0.0162994,-0.13792,0.955154,0.0986638,0.0457511,0.204717,16.2029,0.435619,-23.242,-0.00568537,0.0548556,-0.0702848,0.642158,0.500128,1
4090,317.231,0.299914,0.0124938,-0.137755,0.95866,0.0987356,0.0450619,0.209502,14.0991,0.297237,-19.713,-0.00446528,0.05495,-0.0719233,0.64208,0.500304,1
4100,308.948,0.305499,0.00959217,-0.13761,0.961387,0.0987903,0.0443734,0.214303,9.70678,-0.659887,-10.6114,-0.00311037,0.055069,-0.0735021,0.641961,0.500524,1
4110,313.967,0.31098,0.00738556,-0.137336,0.962871,0.0988326,0.043686,0.219114,8.21468,0.249215,-8.92628,-0.00206351,0.0547883,-0.0748336,0.641828,0.500742,1
4120,307.482,0.317071,0.00566804,-0.137304,0.963525,0.098865,0.0429995,0.22393,5.72867,0.571233,-4.3289,-0.0020651,0.054597,-0.0764233,0.641806,0.500772,1
4130,296.106,0.323774,0.00442113,-0.137471,0.964318,0.09889,0.0423126,0.22875,3.85739,0.966464,-2.40377,-0.00243788,0.0551547,-0.0784919,0.641651,0.500969,1
4140,304.347,0.330541,0.00382578,-0.137663,0.964347,0.0989104,0.0416247,0.233572,1.21012,0.567614,2.09725,-0.00295546,0.0560516,-0.0805497,0.6412,0.501508,1
4150,309.216,0.336873,0.00366691,-0.137698,0.963006,0.098929,0.0409362,0.238391,-0.0909025,0.142701,3.23949,-0.00366309,0.0565964,-0.0820976,0.640765,0.502004,1
4160,323.409,0.343008,0.00382087,-0.137542,0.960739,0.0989476,0.040248,0.243201,-0.974862,0.0338517,4.72973,-0.00473686,0.0569156,-0.0833351,0.640403,0.502396,1
4170,345.416,0.348923,0.00407096,-0.137185,0.957084,0.0989673,0.039561,0.247997,-1.58368,0.0922884,4.2393,-0.00530785,0.0571875,-0.0845138,0.640028,0.502778,1
4180,338.937,0.354684,0.00458004,-0.136717,0.952549,0.0989888,0.0388762,0.252772,-2.51506,0.0586436,5.67714,-0.00534629,0.0571381,-0.0857272,0.639851,0.502947,1
4190,291.562,0.360337,0.00525109,-0.136587,0.950065,0.0990133,0.0381931,0.257527,-3.00251,0.0426515,6.50804,-0.00507309,0.0569549,-0.0869387,0.639833,0.502963,1
4200,256.519,0.365848,0.00609144,-0.136979,0.951,0.0990416,0.0375095,0.262278,-3.89198,0.0125202,7.19607,-0.00454136,0.0570754,-0.0880542,0.639624,0.503127,1
4210,248.293,0.370788,0.0071215,-0.137652,0.953825,0.0990746,0.0368231,0.267039,-4.25861,-0.0283699,7.85813,-0.00328541,0.0572788,-0.0887532,0.639267,0.50339,1
4220,247.574,0.375487,0.0082862,-0.138357,0.956722,0.0991131,0.0361333,0.271814,-4.736,-0.0804884,8.83272,-0.00201209,0.0569382,-0.0892007,0.638979,0.503587,1
4230,247.69,0.380546,0.00953814,-0.139091,0.959732,0.0991576,0.0354398,0.276604,-5.00381,-0.462051,8.93872,-0.00156628,0.0562274,-0.0897808,0.638663,0.503789,1
4240,264.919,0.386187,0.0108374,-0.139549,0.961416,0.0992085,0.0347432,0.281406,-5.10143,-0.432288,9.15645,-0.00204995,0.0557403,-0.0906772,0.638259,0.504028,1
4250,268.542,0.39182,0.0121347,-0.139885,0.962155,0.0992659,0.0340448,0.286215,-5.08209,-0.388389,9.15987,-0.00267767,0.0556346,-0.0914941,0.637836,0.504259,1
4260,280.086,0.397027,0.0134099,-0.140108,0.962066,0.0993298,0.0333448,0.291025,-4.60586,-0.239535,8.8402,-0.00336242,0.0556118,-0.0918445,0.637271,0.504553,1
4270,278.612,0.401741,0.0145596,-0.140289,0.961557,0.0993997,0.0326439,0.295834,-4.47199,-0.258347,8.71347,-0.00412422,0.0557472,-0.0916513,0.636608,0.504881,1
4280,276.097,0.406365,0.015678,-0.140523,0.961452,0.0994753,0.0319419,0.300641,-4.28807,-0.249804,8.5702,-0.00462156,0.0559537,-0.0914301,0.636083,0.505127,1
4290,273.463,0.411194,0.016751,-0.140784,0.961544,0.0995564,0.0312388,0.305447,-4.06752,-0.232321,8.38447,-0.00462469,0.0558582,-0.0915673,0.635498,0.505387,1
4300,275.691,0.416432,0.0177687,-0.141054,0.961724,0.0996427,0.0305342,0.310255,-3.82676,-0.224897,8.11623,-0.00468955,0.0554035,-0.092128,0.634644,0.505752,1
4310,278.306,0.421773,0.0187249,-0.141299,0.961815,0.099734,0.0298284,0.315064,-3.25303,-0.326141,7.47513,-0.00495564,0.0552617,-0.0927176,0.633822,0.506091,1
4320,293.898,0.426836,0.0195301,-0.141373,0.961031,0.0998297,0.0291217,0.319871,-3.04444,-0.0401989,6.75511,-0.00499169,0.055404,-0.0930589,0.633178,0.506346,1
4330,283.809,0.431401,0.0202805,-0.141485,0.960241,0.0999292,0.0284146,0.324673,-2.86298,-0.0587902,6.45326,-0.00474431,0.0553396,-0.0929695,0.632579,0.50657,1
4340,281.013,0.43586,0.0210002,-0.141719,0.960373,0.100032,0.0277067,0.329474,-2.58327,-0.0408961,5.82155,-0.00440373,0.0551556,-0.0927974,0.63217,0.506712,1
4350,301.955,0.440634,0.0216332,-0.141819,0.959702,0.100139,0.0269978,0.334275,-2.40641,-0.0135294,5.47802,-0.00405143,0.0554627,-0.0929166,0.632011,0.50676,1
4360,314.763,0.445581,0.0221846,-0.141701,0.957573,0.100249,0.0262889,0.339069,-2.041,0.296212,4.78796,-0.00370325,0.0557469,-0.0932138,0.631904,0.506786,1
4370,320.767,0.450037,0.0226373,-0.141578,0.955096,0.100361,0.0255806,0.343851,-1.86488,0.297282,4.44671,-0.00367508,0.0556303,-0.0929633,0.63188,0.506791,1
4380,325.018,0.454057,0.0230361,-0.141389,0.952296,0.100475,0.0248731,0.34862,-1.65193,0.0622744,3.68298,-0.00381482,0.0557812,-0.0922153,0.631855,0.506795,1
4390,327.625,0.458182,0.0233812,-0.141125,0.949534,0.100591,0.0241667,0.353375,-1.50555,0.0653853,3.41861,-0.00402186,0.0568562,-0.0915048,0.631675,0.506813,1
4400,334.435,0.462677,0.0236803,-0.140801,0.946431,0.100709,0.0234618,0.358116,-1.3567,0.0841474,3.19057,-0.00400201,0.0580101,-0.0912304,0.63165,0.506814,1
4410,330.365,0.467418,0.0239399,-0.140471,0.943341,0.100828,0.0227586,0.362841,-1.04918,-0.139333,2.54434,-0.00389794,0.0585906,-0.0912824,0.63165,0.506814,1
4420,316.809,0.472463,0.0241434,-0.140178,0.941,0.100948,0.0220569,0.367552,-0.96669,-0.146406,2.33247,-0.00362568,0.0587462,-0.0917305,0.63165,0.506814,1
4430,293.341,0.477652,0.0243591,-0.140088,0.940065,0.101069,0.0213564,0.372254,-0.630155,0.0245931,1.81731,-0.0032846,0.0586404,-0.0923663,0.63165,0.506814,1
4440,257.535,0.482555,0.0245676,-0.140433,0.941912,0.101191,0.0206554,0.376957,-0.57527,0.0173339,1.69382,-0.00257767,0.058019,-0.0928259,0.63165,0.506814,1
4450,236.861,0.487235,0.0248467,-0.141252,0.946972,0.101315,0.0199515,0.381676,-0.524218,0.018049,1.56269,-0.00189985,0.0574814,-0.0930191,0.63165,0.506814,1
4460,262.489,0.492171,0.0251051,-0.142015,0.95168,0.10144,0.0192433,0.386423,-0.496575,0.013432,1.426,-0.0015698,0.057637,-0.093314,0.63141,0.506768,1
4470,291.312,0.497405,0.0252632,-0.142261,0.952969,0.101566,0.0185325,0.391185,-0.226235,-0.0716666,0.895371,-0.00210714,0.0581108,-0.0936832,0.63141,0.506768,1
4480,300.473,0.502496,0.0253219,-0.142273,0.952953,0.101692,0.0178212,0.39595,-0.205628,-0.068195,0.829069,-0.00309032,0.0577214,-0.0938774,0.63141,0.506768,1
4490,292.935,0.507418,0.0253756,-0.142287,0.952961,0.101819,0.0171098,0.400715,-0.183851,-0.0659598,0.759544,-0.00418804,0.0566919,-0.0939255,0.63141,0.506768,1
4500,289.104,0.512459,0.0254372,-0.142386,0.953554,0.101946,0.0163982,0.405481,-0.000450166,-0.0137325,0.23165,-0.00472739,0.0560076,-0.0941855,0.63141,0.506768,1
4510,276.211,0.517858,0.0254757,-0.142599,0.954942,0.102073,0.0156858,0.410251,0.000811257,-0.00857662,0.216786,-0.00467564,0.0559157,-0.0948853,0.63141,0.506768,1
4520,280,0.523224,0.0255299,-0.142903,0.956937,0.102201,0.0149721,0.415031,0.00249932,-0.00675455,0.196039,-0.00380949,0.0556877,-0.0957213,0.631167,0.506644,1
4530,279.02,0.52831,0.0255693,-0.143128,0.958412,0.102329,0.0142571,0.419818,0.00710971,-0.00605251,0.170322,-0.0026474,0.0556215,-0.0963026,0.630934,0.506513,1
4540,258.992,0.533204,0.0256402,-0.143535,0.961104,0.102457,0.0135407,0.424616,0.00742218,-0.0130322,0.119262,-0.00177743,0.0562072,-0.096557,0.630913,0.5065,1
4550,229.351,0.538321,0.0257931,-0.144399,0.966884,0.102585,0.0128213,0.429433,0.00912659,-0.0105896,0.110414,-0.00195223,0.0571169,-0.0967801,0.630762,0.506401,1
4560,238.347,0.543485,0.0259856,-0.145488,0.974163,0.102714,0.0120968,0.434284,0.0100407,-0.0102883,0.0995255,-0.00275433,0.057869,-0.0969011,0.630587,0.506278,1
4570,270.044,0.548703,0.0260952,-0.146114,0.978351,0.102845,0.0113677,0.439166,0.0120512,-0.0108135,0.089654,-0.0040154,0.0588731,-0.0969301,0.630429,0.50616,1
4580,283.477,0.553968,0.0261397,-0.146376,0.980099,0.102975,0.0106365,0.444062,-0.010295,-0.00641698,0.0554408,-0.0055547,0.0599094,-0.0969313,0.63027,0.506025,1
4590,283.861,0.559216,0.0261797,-0.146585,0.981496,0.103106,0.00990413,0.448965,-0.00919254,-0.00609432,0.0530259,-0.00698967,0.0601582,-0.0969977,0.630025,0.505813,1
4600,291.702,0.563966,0.0262109,-0.146746,0.982573,0.103237,0.0091708,0.453876,-0.00775408,-0.00607454,0.0487257,-0.00716436,0.0597235,-0.0968633,0.629767,0.505576,1
4610,305.747,0.568508,0.0262116,-0.146739,0.982525,0.103368,0.00843702,0.458789,-0.00632414,-0.00598842,0.0424394,-0.00598842,0.0595168,-0.0967585,0.62953,0.505344,1
4620,295.511,0.573278,0.0262096,-0.146718,0.982384,0.103499,0.00770343,0.463701,-0.00562472,-0.00562839,0.0378073,-0.00423216,0.0594968,-0.0969765,0.629328,0.505136,1
4630,281.663,0.578451,0.0262384,-0.146871,0.983408,0.10363,0.00696957,0.468615,0,0,0,-0.0029957,0.0590655,-0.0975325,0.629219,0.505016,1
4640,269.37,0.583391,0.026301,-0.147221,0.985754,0.103762,0.00623451,0.473536,0,0,0,-0.00256347,0.0582675,-0.0977185,0.629203,0.504997,1
4650,279.476,0.587879,0.0263695,-0.147604,0.988318,0.103893,0.00549747,0.478471,0,0,0,-0.0028291,0.0574354,-0.0973022,0.629021,0.504762,1
4660,324.481,0.592137,0.0263646,-0.147577,0.988135,0.104025,0.00475927,0.483414,0,0,0,-0.00344421,0.0563139,-0.0966021,0.62884,0.504515,1
4670,349.572,0.596685,0.0262834,-0.147123,0.985092,0.104157,0.00402232,0.488348,0,0,0,-0.00410435,0.0548976,-0.0962229,0.628667,0.504263,1
4680,327.646,0.601584,0.0262071,-0.146696,0.982233,0.104288,0.00328777,0.493267,0,0,0,-0.00430836,0.0539707,-0.0962596,0.628653,0.504242,1
4690,297.303,0.606902,0.0261838,-0.146565,0.981361,0.104419,0.00255472,0.498175,0,0,0,-0.00409462,0.0540298,-0.0967242,0.62864,0.504221,1
4700,275.528,0.61262,0.0262242,-0.146791,0.982874,0.10455,0.0018215,0.503085,0,0,0,-0.00396788,0.0545848,-0.0975345,0.62864,0.504221,1
4710,272.987,0.6186,0.0262888,-0.147153,0.985295,0.104681,0.00108675,0.508004,0,0,0,-0.00382111,0.0551439,-0.0986015,0.62864,0.504221,1
4720,295.403,0.624515,0.0263276,-0.14737,0.98675,0.104813,0.000350354,0.512935,0,0,0,-0.00318932,0.0559324,-0.0996536,0.62864,0.504221,1
4730,313.226,0.63032,0.0263153,-0.147301,0.986288,0.104944,-0.000386424,0.517868,0,0,0,-0.00246942,0.0566859,-0.100604,0.62864,0.504221,1
4740,330.622,0.636182,0.0262677,-0.147035,0.984505,0.105076,-0.00112241,0.522796,0,0,0,-0.00238716,0.0571305,-0.101532,0.62864,0.504221,1
4750,329.5,0.642127,0.0262048,-0.146683,0.982147,0.105207,-0.00185678,0.527713,0,0,0,-0.00270337,0.0577411,-0.102469,0.628567,0.50403,1
4760,304.762,0.648008,0.0261691,-0.146483,0.980807,0.105338,-0.00258963,0.53262,0,0,0,-0.00320402,0.0590329,-0.103253,0.628528,0.503907,1
4770,272.076,0.653861,0.026199,-0.14665,0.981929,0.105469,-0.00332224,0.537526,0,0,0,-0.00401222,0.0599237,-0.103994,0.62848,0.503785,1
4780,242.463,0.660102,0.0263163,-0.147307,0.986326,0.1056,-0.00405676,0.542444,0,0,0,-0.00506585,0.0595946,-0.105195,0.628376,0.503523,1
4790,229.189,0.666896,0.0265045,-0.14836,0.993379,0.105732,-0.00479556,0.547391,0,0,0,-0.00572175,0.0584966,-0.107073,0.62815,0.502944,1
4800,255.945,0.674004,0.0266675,-0.149273,0.999488,0.105865,-0.00553964,0.552373,0,0,0,-0.00602321,0.0574995,-0.109283,0.627908,0.502336,1
4810,281.472,0.680935,0.0267348,-0.149649,1.00201,0.105999,-0.00628701,0.557377,0,0,0,-0.00616256,0.056558,-0.11131,0.627774,0.501995,1
4820,273.711,0.6877,0.0267823,-0.149916,1.00379,0.106132,-0.00703579,0.562391,0,0,0,-0.00623305,0.0559149,-0.11314,0.627668,0.501707,1
4830,260.587,0.694351,0.0268716,-0.150415,1.00714,0.106266,-0.00778641,0.567417,0,0,0,-0.00575692,0.0557395,-0.114887,0.627585,0.501473,1
4840,256.093,0.700939,0.02698,-0.151022,1.0112,0.106401,-0.00853982,0.572461,0,0,0,-0.00489689,0.0556799,-0.116599,0.627585,0.501473,1
4850,264.576,0.707294,0.0270839,-0.151604,1.0151,0.106536,-0.00929631,0.577526,0,0,0,-0.00393373,0.0551266,-0.11811,0.627558,0.501309,1
4860,266.918,0.713558,0.0271706,-0.152089,1.01834,0.106672,-0.0100554,0.582609,0,0,0,-0.00338214,0.0546207,-0.119438,0.627514,0.501045,1
4870,271.095,0.719562,0.0272458,-0.15251,1.02116,0.106808,-0.0108168,0.587707,0,0,0,-0.00322479,0.0547664,-0.120362,0.627442,0.500644,1
4880,274.012,0.725339,0.0273153,-0.152899,1.02377,0.106944,-0.0115803,0.592819,0,0,0,-0.00352456,0.0552475,-0.120937,0.62736,0.50022,1
4890,285.961,0.730941,0.0273687,-0.153198,1.02577,0.107081,-0.0123455,0.597943,0,0,0,-0.00386822,0.0552264,-0.121362,0.627313,0.5,1
4900,321.229,0.736882,0.0273561,-0.153127,1.0253,0.107218,-0.0131115,0.603072,0,0,0,-0.0041068,0.0551827,-0.122144,0.627313,0.5,1
4910,347.842,0.742976,0.0272833,-0.15272,1.02257,0.107354,-0.0138764,0.608193,0,0,0,-0.00384925,0.0559698,-0.123086,0.627308,0.499975,1
4920,340.735,0.748939,0.0271903,-0.152199,1.01908,0.107491,-0.0146388,0.613298,0,0,0,-0.00320554,0.0574534,-0.123899,0.627304,0.49995,1
4930,324.099,0.754592,0.0271245,-0.151831,1.01662,0.107626,-0.0153989,0.618387,0,0,0,-0.00253236,0.0586437,-0.124439,0.627304,0.49995,1
4940,293.387,0.76024,0.0271119,-0.15176,1.01614,0.107762,-0.0161577,0.623468,0,0,0,-0.00243133,0.059157,-0.124963,0.627304,0.49995,1
4950,270.618,0.765565,0.0271558,-0.152006,1.01779,0.107898,-0.0169169,0.628552,0,0,0,-0.00268546,0.059005,-0.12517,0.627304,0.49995,1
4960,266.241,0.770445,0.0272485,-0.152525,1.02126,0.108034,-0.0176781,0.633648,0,0,0,-0.00327021,0.0584577,-0.124903,0.627304,0.49995,1
4970,293.591,0.774978,0.0272996,-0.152811,1.02318,0.10817,-0.0184415,0.63876,0,0,0,-0.00416586,0.0579962,-0.124214,0.627273,0.499805,1
4980,321.891,0.779674,0.0272732,-0.152663,1.02219,0.108306,-0.0192054,0.643875,0,0,0,-0.00504105,0.0580521,-0.123638,0.627273,0.499805,1
4990,306.434,0.784634,0.0272386,-0.152469,1.02089,0.108443,-0.0199682,0.648982,0,0,0,-0.00525106,0.0582091,-0.123425,0.627273,0.499805,1
5000,272.824,0.790052,0.0272711,-0.152651,1.02211,0.108579,-0.0207307,0.654088,0,0,0,-0.00528285,0.0576801,-0.123774,0.626662,0.500189,1
5010,270.182,0.795995,0.0273452,-0.153066,1.02489,0.108715,-0.0214949,0.659205,0,0,0,-0.00586629,0.056628,-0.124616,0.626698,0.50019,1
5020,257.614,0.80248,0.027442,-0.153608,1.02852,0.108852,-0.0222614,0.664337,0,0,0,-0.00676402,0.0559362,-0.125911,0.626815,0.500175,1
5030,247.159,0.80898,0.027569,-0.154319,1.03328,0.10899,-0.023031,0.66949,0,0,0,-0.00712693,0.0558844,-0.127215,0.627482,0.500081,1
5040,246.473,0.815301,0.0277265,-0.1552,1.03918,0.109128,-0.0238045,0.674669,0,0,0,-0.00679513,0.055858,-0.128407,0.627891,0.50001,1
5050,267.505,0.821491,0.0278415,-0.155844,1.04349,0.109267,-0.0245821,0.679876,0,0,0,-0.00625703,0.0556657,-0.129483,0.628324,0.49992,1
5060,277.607,0.827682,0.0279023,-0.156185,1.04577,0.109406,-0.0253622,0.685099,0,0,0,-0.00571087,0.055594,-0.130531,0.629049,0.499776,1
5070,277.154,0.833372,0.0279598,-0.156506,1.04792,0.109546,-0.0261438,0.690333,0,0,0,-0.00523629,0.0558483,-0.131014,0.629888,0.49962,1
5080,271.117,0.838606,0.0280225,-0.156857,1.05027,0.109686,-0.0269271,0.695577,0,0,0,-0.00526816,0.0562105,-0.130942,0.630798,0.499458,1
5090,266.481,0.843917,0.0281026,-0.157306,1.05328,0.109826,-0.0277124,0.700835,0,0,0,-0.00594582,0.0567635,-0.130824,0.631692,0.499304,1
5100,265.531,0.84975,0.0281965,-0.157831,1.05679,0.109967,-0.0285001,0.706109,0,0,0,-0.00622247,0.0573385,-0.131272,0.632282,0.499212,1
5110,274.796,0.855555,0.0282693,-0.158239,1.05952,0.110108,-0.0292902,0.7114,0,0,0,-0.00554855,0.0577107,-0.131825,0.632526,0.499186,1
5120,272.396,0.860904,0.0283369,-0.158617,1.06206,0.11025,-0.0300822,0.716703,0,0,0,-0.00456544,0.0580012,-0.131951,0.632566,0.499187,1
5130,274.222,0.865906,0.0284081,-0.159016,1.06473,0.110391,-0.0308762,0.722019,0,0,0,-0.00391198,0.0588206,-0.13161,0.632566,0.499187,1
5140,278.144,0.870991,0.028464,-0.159329,1.06682,0.110534,-0.031672,0.727348,0,0,0,-0.00341925,0.0597631,-0.131302,0.632566,0.499187,1
5150,261.702,0.876099,0.0285449,-0.159782,1.06985,0.110676,-0.0324696,0.732688,0,0,0,-0.00315574,0.0601817,-0.131029,0.632566,0.499187,1
5160,250.351,0.881308,0.0286723,-0.160495,1.07463,0.110819,-0.03327,0.738047,0,0,0,-0.00313276,0.0600779,-0.130863,0.632566,0.499187,1
5170,260.913,0.886847,0.0288008,-0.161214,1.07944,0.110963,-0.0340742,0.743432,0,0,0,-0.00344682,0.0600518,-0.130952,0.632566,0.499187,1
5180,279.638,0.892709,0.0288815,-0.161666,1.08247,0.111107,-0.0348814,0.748837,0,0,0,-0.00426233,0.0598212,-0.131306,0.632566,0.499187,1
5190,301.939,0.898338,0.0288962,-0.161748,1.08302,0.111251,-0.03569,0.754251,0,0,0,-0.00542193,0.059058,-0.131425,0.632566,0.499187,1
5200,306.865,0.903783,0.0288877,-0.1617,1.0827,0.111396,-0.0364987,0.759666,0,0,0,-0.00615313,0.0578428,-0.13146,0.632566,0.499187,1
5210,310.963,0.909589,0.0288642,-0.161569,1.08182,0.11154,-0.0373069,0.765078,0,0,0,-0.00626975,0.056513,-0.131957,0.632566,0.499187,1
5220,305.513,0.915821,0.0288435,-0.161453,1.08105,0.111684,-0.0381145,0.770485,0,0,0,-0.00605146,0.055081,-0.132943,0.632566,0.499187,1
5230,293.204,0.9218,0.0288487,-0.161482,1.08124,0.111829,-0.0389217,0.77589,0,0,0,-0.00564029,0.0539594,-0.133664,0.63291,0.499158,1
5240,273.448,0.927153,0.0288911,-0.16172,1.08283,0.111973,-0.0397295,0.781299,0,0,0,-0.00537515,0.0536282,-0.133647,0.633573,0.499126,1
5250,271.156,0.931931,0.028973,-0.162178,1.0859,0.112118,-0.0405392,0.78672,0,0,0,-0.00542712,0.0540896,-0.132913,0.634221,0.499121,1
5260,286.116,0.936476,0.0290303,-0.162499,1.08805,0.112263,-0.0413509,0.792155,0,0,0,-0.00522106,0.0547291,-0.131942,0.634759,0.49912,1
5270,300.553,0.941257,0.029041,-0.162558,1.08845,0.112408,-0.0421636,0.797597,0,0,0,-0.00458065,0.0555087,-0.131241,0.635118,0.499101,1
5280,307.76,0.946391,0.0290331,-0.162515,1.08815,0.112553,-0.0429763,0.803038,0,0,0,-0.00444006,0.0566599,-0.130793,0.63542,0.499067,1
5290,331.859,0.951349,0.0289894,-0.162269,1.08651,0.112698,-0.0437885,0.808476,0,0,0,-0.00486311,0.0577875,-0.1301,0.635598,0.499069,1
5300,342.108,0.955793,0.0289021,-0.161781,1.08324,0.112843,-0.0445988,0.813902,0,0,0,-0.00501766,0.0582497,-0.129004,0.635852,0.499081,1
5310,318.466,0.960228,0.0288359,-0.16141,1.08076,0.112987,-0.0454067,0.819312,0,0,0,-0.00503297,0.0583058,-0.127975,0.636391,0.499127,1
5320,291.485,0.96532,0.0288321,-0.161389,1.08062,0.113131,-0.0462136,0.824714,0,0,0,-0.00540028,0.0584685,-0.127564,0.637122,0.499208,1
5330,304.899,0.971106,0.0288407,-0.161437,1.08094,0.113276,-0.0470207,0.830119,0,0,0,-0.00547331,0.0587518,-0.127879,0.637616,0.499278,1
5340,307.214,0.977172,0.0288186,-0.161314,1.08011,0.11342,-0.0478276,0.835521,0,0,0,-0.00477114,0.0591711,-0.128557,0.637986,0.499344,1
5350,275.591,0.983458,0.0288415,-0.161442,1.08097,0.113564,-0.0486343,0.840923,0,0,0,-0.00415751,0.0597411,-0.129431,0.638318,0.499419,1
5360,253.776,0.989907,0.0289482,-0.162039,1.08497,0.113708,-0.0494427,0.846335,0,0,0,-0.00441607,0.0597623,-0.130412,0.638322,0.49942,1
5370,258.93,0.996263,0.0290771,-0.162761,1.0898,0.113853,-0.0502546,0.851772,0,0,0,-0.00509638,0.058588,-0.131358,0.638322,0.49942,1
5380,273.607,1.0024,0.0291677,-0.163268,1.0932,0.113999,-0.0510696,0.857229,0,0,0,-0.00551207,0.0568288,-0.132155,0.638434,0.499464,1
5390,307.758,1.00884,0.0291925,-0.163406,1.09412,0.114145,-0.0518865,0.862698,0,0,0,-0.0059914,0.0556214,-0.133178,0.638701,0.499585,1
5400,333.24,1.01563,0.0291378,-0.1631,1.09207,0.114291,-0.052703,0.868165,0,0,0,-0.00665032,0.0554627,-0.134421,0.638725,0.499593,1
5410,334.762,1.02218,0.0290593,-0.162661,1.08913,0.114436,-0.0535175,0.873619,0,0,0,-0.00660324,0.055838,-0.135461,0.638725,0.499593,1
5420,323.191,1.02817,0.0289982,-0.162319,1.08684,0.114581,-0.0543299,0.879059,0,0,0,-0.00524937,0.0563812,-0.136083,0.638725,0.499593,1
5430,321.436,1.03426,0.0289459,-0.162026,1.08488,0.114726,-0.0551409,0.884489,0,0,0,-0.00365196,0.0569904,-0.13684,0.638725,0.499593,1
5440,293.191,1.04066,0.0289278,-0.161925,1.08421,0.114871,-0.0559506,0.889911,0,0,0,-0.00272295,0.0577848,-0.137808,0.638725,0.499593,1
5450,263.217,1.04683,0.0289926,-0.162287,1.08663,0.115016,-0.0567609,0.895336,0,0,0,-0.00225483,0.0584968,-0.1385,0.638725,0.499593,1
5460,259.645,1.05243,0.0291112,-0.162951,1.09108,0.115161,-0.0575738,0.900779,0,0,0,-0.00215898,0.0590506,-0.138573,0.638884,0.499669,1
5470,282.068,1.05809,0.0291829,-0.163353,1.09377,0.115307,-0.0583896,0.906241,0,0,0,-0.00308126,0.0592665,-0.138597,0.639438,0.49995,1
5480,276.79,1.06395,0.0292323,-0.163629,1.09562,0.115453,-0.0592069,0.911714,0,0,0,-0.00463284,0.0592034,-0.138783,0.639896,0.500195,1
5490,272.033,1.0697,0.0293042,-0.164032,1.09831,0.115599,-0.060026,0.917198,0,0,0,-0.00584945,0.0586931,-0.138939,0.640065,0.500278,1
5500,274.699,1.07527,0.0293757,-0.164432,1.10099,0.115746,-0.060847,0.922696,0,0,0,-0.00646527,0.0582677,-0.138948,0.640423,0.500438,1
5510,294.357,1.08115,0.0294165,-0.16466,1.10252,0.115893,-0.0616698,0.928205,0,0,0,-0.00661837,0.0582949,-0.139263,0.640855,0.500632,1
5520,288.394,1.08724,0.029431,-0.164741,1.10306,0.11604,-0.0624933,0.933718,0,0,0,-0.00585796,0.0587319,-0.139843,0.640981,0.500698,1
5530,288.601,1.09308,0.0294653,-0.164934,1.10435,0.116187,-0.0633174,0.939237,0,0,0,-0.00439039,0.0591584,-0.140243,0.640995,0.500706,1
5540,301.472,1.0989,0.0294808,-0.16502,1.10493,0.116334,-0.0641424,0.94476,0,0,0,-0.00317527,0.0598125,-0.14057,0.641032,0.500733,1
5550,320.966,1.10573,0.0294497,-0.164846,1.10377,0.116482,-0.0649672,0.950283,0,0,0,-0.00292046,0.0603409,-0.141812,0.641032,0.500733,1
5560,338.215,1.11348,0.0293826,-0.16447,1.10125,0.116629,-0.0657906,0.955797,0,0,0,-0.00313074,0.0603282,-0.144019,0.641032,0.500733,1
5570,357.139,1.12106,0.0292818,-0.163906,1.09747,0.116776,-0.0666118,0.961295,0,0,0,-0.00345819,0.0597508,-0.146111,0.641032,0.500733,1
5580,355.015,1.12788,0.0291594,-0.163221,1.09288,0.116922,-0.0674298,0.966772,0,0,0,-0.00410478,0.0592397,-0.147421,0.641032,0.500733,1
5590,325.399,1.13481,0.0290748,-0.162747,1.08971,0.117067,-0.0682447,0.972228,0,0,0,-0.00503728,0.0588838,-0.148804,0.641032,0.500733,1
5600,281.844,1.14238,0.0290743,-0.162745,1.0897,0.117213,-0.0690582,0.977675,0,0,0,-0.00543921,0.0588235,-0.150884,0.641032,0.500733,1
5610,257.933,1.15015,0.0291607,-0.163228,1.09293,0.117358,-0.0698728,0.98313,0,0,0,-0.00496979,0.0590387,-0.153204,0.641032,0.500733,1
5620,261.155,1.15735,0.0292888,-0.163946,1.09773,0.117504,-0.0706906,0.988606,0,0,0,-0.00405282,0.0592872,-0.154983,0.641032,0.500733,1
5630,283.091,1.16411,0.0293593,-0.16434,1.10038,0.117651,-0.0715114,0.994101,0,0,0,-0.00304184,0.0588798,-0.15637,0.641032,0.500733,1
5640,317.491,1.17063,0.029358,-0.164333,1.10033,0.117798,-0.0723333,0.999604,0,0,0,-0.00219127,0.0579127,-0.157556,0.641032,0.500733,1
5650,356.547,0.854875,0.0292749,-0.163868,1.09722,0.117944,-0.0731541,-0.9949,0,0,0,-0.00200153,0.0570334,-0.158554,0.641032,0.500733,1
5660,369.458,0.8489,0.0291398,-0.163111,1.09215,0.11809,-0.0739717,-0.989425,0,0,0,-0.00265466,0.0566923,-0.159378,0.641032,0.500733,1
5670,350.089,0.842854,0.0290185,-0.162433,1.08761,0.118236,-0.0747857,-0.983975,0,0,0,-0.0036994,0.0563873,-0.160368,0.641032,0.500733,1
5680,332.28,0.836902,0.0289369,-0.161976,1.08454,0.118381,-0.0755968,-0.978544,0,0,0,-0.00464231,0.0559702,-0.161256,0.641032,0.500733,1
5690,315.832,0.831535,0.0288783,-0.161648,1.08235,0.118525,-0.0764058,-0.973127,0,0,0,-0.00541784,0.0561067,-0.16163,0.641032,0.500733,1
5700,276.141,0.826681,0.0288952,-0.161742,1.08298,0.11867,-0.077214,-0.967715,0,0,0,-0.00610666,0.0572949,-0.161651,0.641032,0.500733,1
5710,254.208,0.821355,0.0290025,-0.162343,1.087,0.118814,-0.0780239,-0.962293,0,0,0,-0.00659126,0.0588682,-0.162193,0.641032,0.500733,1
5720,255.865,0.815368,0.0291286,-0.163049,1.09173,0.11896,-0.0788373,-0.956847,0,0,0,-0.00661335,0.0602883,-0.16331,0.641032,0.500733,1
5730,262.959,0.809526,0.0292476,-0.163715,1.09619,0.119106,-0.0796541,-0.951378,0,0,0,-0.00592366,0.0614523,-0.164111,0.641032,0.500733,1
5740,267.851,0.804485,0.0293378,-0.16422,1.09957,0.119252,-0.0804738,-0.945889,0,0,0,-0.00477577,0.0621708,-0.163926,0.641032,0.500733,1
5750,273.248,0.799535,0.0294147,-0.16465,1.10245,0.119399,-0.0812959,-0.940384,0,0,0,-0.00368895,0.0623954,-0.163559,0.641032,0.500733,1
5760,274.724,0.793773,0.0294927,-0.165087,1.10538,0.119546,-0.0821201,-0.934865,0,0,0,-0.00341044,0.0627969,-0.16418,0.641032,0.500733,1
5770,305.841,0.787173,0.0295125,-0.165198,1.10612,0.119694,-0.082946,-0.929336,0,0,0,-0.00398268,0.0633075,-0.165821,0.640983,0.5008,1
5780,321.432,0.780613,0.0294755,-0.16499,1.10473,0.119841,-0.0837716,-0.923808,0,0,0,-0.00482504,0.0627773,-0.167277,0.640804,0.501046,1
5790,318.806,0.774432,0.0294285,-0.164727,1.10297,0.119988,-0.084596,-0.918288,0,0,0,-0.00503713,0.0609065,-0.167993,0.640754,0.501121,1
5800,316.788,0.768455,0.0293861,-0.16449,1.10138,0.120135,-0.0854191,-0.912777,0,0,0,-0.00469803,0.0588919,-0.168388,0.640674,0.501206,1
5810,314.316,0.762503,0.0293509,-0.164293,1.10006,0.120282,-0.0862411,-0.907273,0,0,0,-0.00391436,0.0577027,-0.168852,0.640674,0.501206,1
5820,301.001,0.756824,0.029332,-0.164187,1.09935,0.120429,-0.0870622,-0.901775,0,0,0,-0.00299655,0.0572215,-0.169155,0.640674,0.501206,1
5830,276.626,0.751334,0.02936,-0.164344,1.1004,0.120576,-0.0878833,-0.896277,0,0,0,-0.00251597,0.0571108,-0.169415,0.640674,0.501206,1
5840,258.662,0.746084,0.0294615,-0.164913,1.10421,0.120723,-0.0887062,-0.890767,0,0,0,-0.00307669,0.0572023,-0.169639,0.640652,0.501218,1
5850,252.967,0.741355,0.0295886,-0.165623,1.10897,0.12087,-0.0895323,-0.885236,0,0,0,-0.00401735,0.0572663,-0.169372,0.640195,0.501451,1
5860,261.064,0.737208,0.0297171,-0.166343,1.11379,0.121018,-0.0903621,-0.879679,0,0,0,-0.00469848,0.057102,-0.168396,0.63959,0.501739,1
5870,280.313,0.732796,0.0297967,-0.166789,1.11677,0.121167,-0.091195,-0.874103,0,0,0,-0.00529317,0.0572841,-0.167737,0.638868,0.502061,1
5880,288.246,0.727584,0.0298288,-0.166968,1.11797,0.121316,-0.0920294,-0.868516,0,0,0,-0.00602292,0.0583031,-0.168114,0.638633,0.502156,1
5890,259.032,0.722044,0.0299013,-0.167374,1.12069,0.121466,-0.0928649,-0.862921,0,0,0,-0.00642915,0.0596104,-0.168845,0.638533,0.502186,1
5900,233.213,0.716992,0.0300785,-0.168366,1.12733,0.121615,-0.0937038,-0.857305,0,0,0,-0.00648428,0.0601794,-0.168837,0.638217,0.502302,1
5910,229.902,0.712187,0.0303139,-0.169683,1.13615,0.121766,-0.0945486,-0.851648,0,0,0,-0.00639704,0.0604152,-0.168442,0.637842,0.502455,1
5920,272.931,0.70687,0.0304676,-0.170544,1.14192,0.121918,-0.0953993,-0.845952,0,0,0,-0.00602511,0.0611033,-0.168602,0.637715,0.502488,1
5930,311.648,0.700981,0.0304772,-0.170597,1.14227,0.122071,-0.0962524,-0.84024,0,0,0,-0.00520386,0.0618779,-0.169293,0.637715,0.502488,1
5940,315.674,0.695142,0.0304379,-0.170378,1.1408,0.122223,-0.0971049,-0.834532,0,0,0,-0.00436186,0.0616796,-0.169712,0.637715,0.502488,1
5950,316.956,0.689525,0.030404,-0.170188,1.13953,0.122375,-0.0979563,-0.828831,0,0,0,-0.00384557,0.0610352,-0.169866,0.637715,0.502488,1
5960,332.472,0.683795,0.0303448,-0.169856,1.13731,0.122527,-0.0988066,-0.823137,0,0,0,-0.00372092,0.060549,-0.170265,0.637715,0.502488,1
5970,351.403,0.677759,0.0302505,-0.169329,1.13378,0.122679,-0.0996548,-0.817458,0,0,0,-0.00382734,0.0599218,-0.171015,0.637715,0.502488,1
5980,341.743,0.671637,0.0301424,-0.168724,1.12973,0.12283,-0.1005,-0.811799,0,0,0,-0.00416055,0.0589286,-0.171836,0.637715,0.502488,1
5990,297.934,0.665719,0.0300998,-0.168485,1.12813,0.12298,-0.101343,-0.806155,0,0,0,-0.0047146,0.0584595,-0.172642,0.637431,0.502499,1
6000,274.393,0.66012,0.0301492,-0.16876,1.12997,0.123131,-0.102186,-0.800511,-0.039178,0.084452,-0.34011,-0.00512088,0.058622,-0.173255,0.636738,0.50148,1
6010,287.503,0.655147,0.0302096,-0.169063,1.13194,0.123282,-0.10303,-0.794856,-0.0430781,0.0937195,-0.372319,-0.00496573,0.0589393,-0.173136,0.636044,0.500584,1
6020,278.561,0.650792,0.0302596,-0.169304,1.13349,0.123433,-0.103876,-0.789194,-0.0476875,0.104702,-0.411423,-0.00442284,0.0593682,-0.172319,0.635632,0.500108,1
6030,287.289,0.64649,0.0303283,-0.169647,1.1357,0.123584,-0.104724,-0.783521,-0.0531966,0.117679,-0.458743,-0.00390003,0.0604788,-0.171634,0.63554,0.500188,1
6040,311.314,0.641347,0.0303384,-0.169656,1.13568,0.123736,-0.105572,-0.777841,-0.0597474,0.132554,-0.514627,-0.00324309,0.0615716,-0.171817,0.635322,0.500438,1
6050,324.534,0.63561,0.0303068,-0.169426,1.13404,0.123888,-0.10642,-0.772166,-0.0678319,0.149668,-0.581319,-0.00244406,0.0617878,-0.172377,0.635062,0.500747,1
6060,319.667,0.63017,0.0302705,-0.169162,1.13216,0.124039,-0.107266,-0.7665,-0.0778976,0.169205,-0.660946,-0.00226377,0.061324,-0.172582,0.635062,0.500747,1
6070,288.952,0.625454,0.030278,-0.169133,1.13184,0.12419,-0.108112,-0.760842,-0.0897904,0.190242,-0.751358,-0.00296068,0.0611526,-0.172305,0.635062,0.500747,1
6080,262.893,0.62068,0.0303837,-0.16964,1.1351,0.124342,-0.108959,-0.755176,-0.102987,0.211639,-0.84866,-0.00361587,0.0612974,-0.172181,0.635062,0.500747,1
6090,262.397,0.61557,0.0305176,-0.170289,1.1393,0.124494,-0.109808,-0.749491,-0.117666,0.234241,-0.95511,-0.00387125,0.0615694,-0.172362,0.635062,0.500747,1
6100,271.341,0.610168,0.0306507,-0.170931,1.14344,0.124647,-0.110661,-0.743785,0.0415534,0.276266,-1.39767,-0.00406722,0.0617407,-0.172807,0.634952,0.501047,1
6110,304.22,0.604555,0.0306648,-0.171138,1.14471,0.1248,-0.111517,-0.738063,0.0386676,0.306257,-1.55625,-0.004377,0.0616474,-0.173427,0.634947,0.501336,1
6120,290.824,0.598457,0.0306555,-0.171217,1.14511,0.124954,-0.112372,-0.732339,0.0361278,0.336534,-1.716,-0.00455255,0.0608502,-0.174332,0.634884,0.50183,1
6130,278.621,0.592407,0.0306951,-0.171576,1.14737,0.125107,-0.113229,-0.726609,0.0376228,0.367033,-1.87802,-0.0048968,0.0597494,-0.175135,0.634809,0.502379,1
6140,291.335,0.58676,0.0307269,-0.171906,1.14943,0.125261,-0.114088,-0.720867,0.0459129,0.397175,-2.03565,-0.0053052,0.0592267,-0.175705,0.634755,0.502889,1
6150,302.337,0.581254,0.0307158,-0.172019,1.15002,0.125414,-0.114948,-0.715118,0.0399556,0.509699,-2.67718,-0.00529581,0.0594212,-0.176261,0.634722,0.50327,1
6160,293.943,0.575305,0.0307073,-0.172171,1.15085,0.125568,-0.115808,-0.709366,0.0641945,0.527256,-2.76196,-0.0045517,0.05957,-0.177119,0.634726,0.503289,1
6170,291.728,0.56949,0.0307063,-0.172409,1.15225,0.125721,-0.11667,-0.703609,0.100097,0.519602,-2.72195,-0.0038205,0.0595007,-0.177774,0.634726,0.503289,1
6180,275.621,0.564186,0.0307181,-0.172766,1.15448,0.125875,-0.117532,-0.697843,0.113026,0.343109,-2.90183,-0.00337517,0.0595714,-0.178002,0.634726,0.503289,1
6190,266.491,0.559121,0.0307743,-0.173348,1.15857,0.126029,-0.118397,-0.692061,0.164868,0.240807,-2.5819,-0.00310216,0.0596531,-0.178019,0.634726,0.503289,1
6200,279.9,0.553975,0.0307979,-0.173796,1.16186,0.126183,-0.119265,-0.68626,0.229795,0.0837705,-2.08177,-0.00289586,0.0595967,-0.178092,0.634726,0.503289,1
6210,290.984,0.549383,0.0307711,-0.174016,1.16381,0.126336,-0.120135,-0.680446,0.312744,-0.15376,-1.35429,-0.00313398,0.0598366,-0.177784,0.634726,0.503289,1
6220,314.445,0.54511,0.0306705,-0.173871,1.16358,0.12649,-0.121005,-0.674626,0.401112,-0.477982,-0.442717,-0.00351903,0.0605423,-0.177351,0.634726,0.503289,1
6230,322.689,0.540511,0.0305134,-0.17343,1.1617,0.126643,-0.121873,-0.668812,0.460177,-0.817127,0.383643,-0.00390015,0.0610144,-0.177221,0.634593,0.503324,1
6240,300.532,0.53531,0.0303639,-0.173004,1.16028,0.126795,-0.122739,-0.663008,0.474062,-1.08602,0.901358,-0.00413148,0.061248,-0.177659,0.634486,0.503474,1
6250,294.316,0.530242,0.0302645,-0.172805,1.16066,0.126947,-0.123604,-0.657206,0.464048,-1.30575,1.26356,-0.00408175,0.0617986,-0.178025,0.634407,0.503707,1
6260,294.407,0.525198,0.0301601,-0.172504,1.16064,0.127098,-0.124467,-0.651403,0.451146,-1.53978,1.68301,-0.00344566,0.0625548,-0.178313,0.634419,0.503772,1
6270,287.148,0.519805,0.0300728,-0.172224,1.16105,0.127248,-0.125329,-0.645599,0.4368,-1.77119,2.09566,-0.00273664,0.0629346,-0.178847,0.634419,0.503772,1
6280,278.942,0.514135,0.0300181,-0.172047,1.16244,0.127399,-0.126189,-0.639791,0.268787,-1.9412,2.00006,-0.00259434,0.0633947,-0.179905,0.634419,0.503772,1
6290,283.365,0.508918,0.0299976,-0.171801,1.1637,0.127549,-0.127049,-0.633976,0.349261,-2.08187,2.28607,-0.00314797,0.0641961,-0.18083,0.634617,0.503874,1
6300,282.578,0.503883,0.0299458,-0.171466,1.16465,0.127699,-0.127907,-0.628155,0.447427,-2.76071,4.27521,-0.00387303,0.0645482,-0.181448,0.635022,0.503985,1
6310,292.231,0.498386,0.0298445,-0.170851,1.16458,0.127848,-0.128763,-0.622332,0.709744,-4.06482,8.53387,-0.00426166,0.063998,-0.182129,0.635503,0.504036,1
6320,310.633,0.492087,0.0295956,-0.169528,1.16116,0.127997,-0.129614,-0.616516,1.28006,-6.29772,16.4197,-0.0038627,0.0631691,-0.183391,0.635845,0.504017,1
6330,320.13,0.485365,0.0291226,-0.167374,1.15423,0.128144,-0.130457,-0.610725,2.22242,-9.82709,28.8621,-0.00309779,0.0622304,-0.185018,0.636177,0.503961,1
6340,336.444,0.478697,0.028296,-0.164057,1.14233,0.128287,-0.131286,-0.604981,4.07193,-14.0482,47.2748,-0.00282927,0.0609485,-0.186645,0.636693,0.503822,1
6350,313.393,0.47262,0.026903,-0.15965,1.1253,0.128426,-0.132096,-0.59931,6.84203,-18.7029,70.8726,-0.00343895,0.0599839,-0.188108,0.637222,0.503619,1
6360,271.931,0.467396,0.0247751,-0.15452,1.10524,0.128555,-0.132882,-0.593732,10.5557,-24.2127,100.927,-0.00432291,0.0602634,-0.189384,0.637583,0.503451,1
6370,224.898,0.462738,0.0216196,-0.148466,1.08128,0.128672,-0.133639,-0.588265,16.5616,-31.9229,143.802,-0.00503812,0.0610785,-0.190355,0.637778,0.503316,1
6380,210.61,0.458008,0.0167468,-0.140597,1.04887,0.128769,-0.134363,-0.582937,24.72,-44.1559,207.334,-0.00544837,0.0614291,-0.191245,0.637913,0.503183,1
6390,232.107,0.452887,0.00950425,-0.128775,0.99692,0.128835,-0.135038,-0.577814,35.2304,-62.7373,294.156,-0.00543048,0.0615533,-0.192546,0.638092,0.502968,1
6400,254.149,0.447826,-0.000641613,-0.11053,0.91537,0.128859,-0.135639,-0.573021,47.1582,-91.7803,409.826,-0.00482997,0.062012,-0.194063,0.638323,0.502645,1
6410,278.105,0.443472,-0.0141274,-0.0826575,0.79775,0.128823,-0.136128,-0.568721,62.3259,-140.132,574.78,-0.00406012,0.0621287,-0.194951,0.638586,0.502242,1
6420,299.993,0.4402,-0.0321275,-0.0385157,0.627409,0.12871,-0.136439,-0.565132,84.0162,-223.11,817.353,-0.00347152,0.0618265,-0.195004,0.63888,0.501776,1
6430,314.476,0.437791,-0.0560465,0.0305202,0.390153,0.128492,-0.136471,-0.562559,108.906,-336.312,1087,-0.00300966,0.0619519,-0.195141,0.639088,0.501418,1
6440,296.843,0.436089,-0.0849754,0.125614,0.101158,0.128141,-0.13609,-0.561318,121.067,-419.202,1203.04,-0.00291998,0.0626837,-0.195961,0.639171,0.501244,1
6450,311.595,0.435076,-0.11393,0.230058,-0.183352,0.127642,-0.135199,-0.56154,109.225,-408.084,1056.32,-0.00381012,0.0629703,-0.197204,0.639271,0.501008,1
6460,316.732,0.435116,-0.137867,0.321835,-0.411444,0.12701,-0.133811,-0.563056,84.9958,-331.09,784.68,-0.00534057,0.062929,-0.198224,0.639425,0.5006,1
6470,294.993,0.435982,-0.156073,0.393483,-0.57494,0.126273,-0.132015,-0.565546,63.265,-250.587,548.073,-0.00603625,0.0632085,-0.198855,0.639578,0.500143,1
6480,272,0.437145,-0.170013,0.448437,-0.690388,0.125457,-0.129904,-0.568726,48.1162,-190.961,386.73,-0.00546483,0.0634057,-0.199149,0.639744,0.499593,1
6490,283.874,0.438062,-0.180959,0.491314,-0.773883,0.124578,-0.12755,-0.572397,37.7435,-149.887,282.913,-0.00430628,0.0626687,-0.199431,0.639945,0.49886,1
6500,277.726,0.439006,-0.18975,0.525643,-0.836494,0.123651,-0.125005,-0.57643,30.8608,-121.463,215.346,-0.00323587,0.0615836,-0.199853,0.640132,0.498118,1
6510,273.525,0.440169,-0.197128,0.554094,-0.885496,0.122683,-0.122304,-0.580739,25.7454,-100.977,169.857,-0.00246619,0.0606745,-0.200469,0.640228,0.497664,1
6520,280.317,0.441881,-0.203552,0.578573,-0.925649,0.121681,-0.119471,-0.58527,22.1056,-85.5069,137.045,-0.00247582,0.059578,-0.200841,0.640242,0.497523,1
6530,293.291,0.444383,-0.208869,0.598775,-0.957317,0.12065,-0.116526,-0.58998,19.237,-73.177,111.91,-0.0031567,0.058451,-0.20071,0.640263,0.497455,1
6540,305.947,0.447842,-0.213274,0.61541,-0.982191,0.119594,-0.113489,-0.594832,16.5669,-61.8735,90.4395,-0.00400273,0.0583054,-0.200151,0.640304,0.497365,1
6550,281.513,0.451331,-0.217132,0.629616,-1.00258,0.118518,-0.110376,-0.599795,13.4464,-49.5688,69.3315,-0.00488776,0.0588037,-0.199984,0.640331,0.497314,1
6560,272.031,0.45433,-0.220543,0.641777,-1.01956,0.117424,-0.107197,-0.604851,9.7624,-35.8337,48.1501,-0.00593456,0.0586617,-0.200266,0.640413,0.497168,1
6570,285.916,0.456971,-0.222904,0.650248,-1.03092,0.116314,-0.103965,-0.60998,6.12992,-23.4923,29.2066,-0.00646392,0.0578262,-0.200625,0.640545,0.496948,1
6580,298.015,0.46021,-0.224191,0.655263,-1.03695,0.115196,-0.1007,-0.615151,3.28851,-14.2634,15.1639,-0.00583852,0.057292,-0.200203,0.640675,0.496742,1
6590,284.302,0.464113,-0.224883,0.65838,-1.0401,0.114074,-0.0974162,-0.620344,1.37333,-8.22774,6.00261,-0.00441702,0.0572631,-0.199114,0.640773,0.496601,1
6600,263.753,0.468481,-0.225596,0.661487,-1.04331,0.112948,-0.094117,-0.625552,0.112969,-4.68302,0.795169,-0.00327864,0.0574115,-0.197761,0.640773,0.496601,1
6610,254.224,0.472815,-0.226539,0.665305,-1.04773,0.111818,-0.0908008,-0.630778,-0.385943,-2.38767,-2.10996,-0.0029768,0.0580586,-0.196938,0.640773,0.496601,1
6620,267.593,0.477133,-0.22716,0.668001,-1.05054,0.110683,-0.0874675,-0.636024,-0.819486,-1.08419,-3.96905,-0.00346321,0.0591176,-0.196547,0.640773,0.496601,1
6630,265.227,0.481094,-0.227617,0.670206,-1.05263,0.109547,-0.0841225,-0.641281,-1.04513,-0.366806,-4.87593,-0.00436587,0.0597154,-0.196549,0.640813,0.4965,1
6640,254.739,0.485,-0.228244,0.672889,-1.05552,0.108407,-0.0807657,-0.64655,-0.969098,-0.0713167,-4.82739,-0.00535148,0.0595647,-0.196448,0.640867,0.496331,1
6650,259.505,0.489194,-0.228908,0.67556,-1.05851,0.107264,-0.0773951,-0.651834,-1.00882,0.172581,-4.98707,-0.00580471,0.0597341,-0.19607,0.640867,0.496331,1
6660,246.858,0.493721,-0.229733,0.678674,-1.06225,0.106118,-0.0740108,-0.657134,-1.01287,0.320269,-4.98809,-0.00572448,0.0603468,-0.195399,0.640867,0.496331,1
6670,267.759,0.49759,-0.230473,0.681507,-1.0656,0.104968,-0.0706103,-0.662454,-1.00436,0.415657,-4.89692,-0.00560455,0.0604397,-0.19534,0.640867,0.496331,1
6680,296.369,0.500646,-0.230536,0.682312,-1.06584,0.103815,-0.0672002,-0.667783,-0.987274,0.485382,-4.76074,-0.00558704,0.0598213,-0.196038,0.641052,0.49614,1
6690,295.433,0.503342,-0.230277,0.682128,-1.06459,0.102663,-0.0637892,-0.673109,-0.782888,0.392678,-4.35571,-0.00496525,0.0593326,-0.197073,0.641353,0.495845,1
6700,281.122,0.506561,-0.230422,0.683026,-1.06507,0.101512,-0.060377,-0.678432,-0.754154,0.39461,-4.26629,-0.00395794,0.0590524,-0.197582,0.64157,0.495658,1
6710,313.823,0.51019,-0.230258,0.68298,-1.0641,0.10036,-0.0569612,-0.683756,-0.710252,0.385138,-4.18192,-0.00330544,0.058673,-0.197777,0.641797,0.495476,1
6720,337.975,0.513958,-0.229603,0.681445,-1.06083,0.0992097,-0.0535493,-0.68907,-0.655162,0.365732,-4.08565,-0.00305683,0.0583271,-0.197972,0.641797,0.495476,1
6730,350.534,0.517402,-0.228675,0.679067,-1.05627,0.0980638,-0.0501473,-0.694364,-0.600658,0.3336,-3.96527,-0.00276169,0.0580037,-0.198539,0.641797,0.495476,1
6740,335.366,0.520738,-0.227764,0.676708,-1.05176,0.0969226,-0.0467576,-0.699634,-0.519203,0.137612,-3.30641,-0.00265294,0.0571635,-0.199181,0.641992,0.495348,1
6750,292.241,0.524278,-0.227461,0.676147,-1.05013,0.0957848,-0.0433763,-0.704888,-0.490447,0.107332,-3.19653,-0.00320612,0.056133,-0.199748,0.642359,0.495125,1
6760,288.958,0.528548,-0.227551,0.676746,-1.05032,0.0946474,-0.0399943,-0.710138,-0.466653,0.0778401,-3.07571,-0.00394844,0.055963,-0.199811,0.642569,0.494978,1
6770,274.54,0.533348,-0.227801,0.67781,-1.05125,0.0935092,-0.0366086,-0.715391,-0.448359,0.0484486,-2.9459,-0.00450391,0.0564175,-0.199446,0.642963,0.494686,1
6780,267.322,0.53808,-0.228304,0.679625,-1.05336,0.0923692,-0.0332157,-0.720652,-0.433817,0.0206347,-2.80296,-0.0047033,0.0562081,-0.19901,0.643156,0.494537,1
6790,245.291,0.542192,-0.229216,0.682652,-1.05738,0.0912259,-0.0298116,-0.725926,-0.416821,0.000564705,-2.64317,-0.00465153,0.0553567,-0.199119,0.643156,0.494537,1
6800,247.148,0.545944,-0.230411,0.686512,-1.06272,0.0900772,-0.0263896,-0.731225,-0.393248,-0.00579392,-2.47165,-0.00413937,0.0551377,-0.199688,0.643156,0.494537,1
6810,293.356,0.550047,-0.231089,0.688812,-1.06569,0.0889231,-0.0229504,-0.736547,-0.364986,0.00211377,-2.29998,-0.00369016,0.055818,-0.200106,0.643156,0.494537,1
6820,337.669,0.554725,-0.230546,0.687458,-1.06305,0.0877687,-0.0195086,-0.741871,-0.470049,-0.0639524,-1.84373,-0.00376855,0.0567083,-0.200086,0.643156,0.494537,1
6830,303.658,0.559384,-0.230081,0.686416,-1.06098,0.0866173,-0.0160744,-0.74718,-0.42937,-0.0454913,-1.70114,-0.00400986,0.057593,-0.200124,0.643156,0.494537,1
6840,278.409,0.56335,-0.230269,0.687284,-1.06191,0.0854667,-0.012641,-0.752486,-0.355886,0.161703,-1.30131,-0.00373306,0.0582675,-0.200781,0.643156,0.494537,1
6850,305.447,0.566738,-0.230388,0.687851,-1.06254,0.0843148,-0.00920259,-0.757798,-0.321071,0.159866,-1.18767,-0.00320026,0.0581983,-0.20193,0.643156,0.494537,1
6860,322.802,0.569984,-0.230026,0.686956,-1.06094,0.0831636,-0.00576503,-0.763108,-0.292493,0.156236,-1.09248,-0.00288019,0.0577213,-0.203243,0.643156,0.494537,1
6870,328.707,0.573495,-0.229479,0.685492,-1.05847,0.0820147,-0.00233343,-0.768407,-0.269609,0.154151,-1.01698,-0.00249916,0.0577973,-0.20437,0.643557,0.494286,1
6880,289.37,0.577046,-0.229251,0.684965,-1.05748,0.0808682,0.00109188,-0.773695,-0.250667,0.155256,-0.957311,-0.00203152,0.0581029,-0.205488,0.643847,0.494129,1
6890,269.762,0.58045,-0.229737,0.686558,-1.05977,0.079721,0.00451984,-0.778987,-0.234621,0.157943,-0.907419,-0.00182743,0.0576169,-0.206752,0.643993,0.494034,1
6900,272.122,0.583575,-0.230364,0.688562,-1.0627,0.0785709,0.00795722,-0.784293,-0.220937,0.158789,-0.860014,-0.00220213,0.0564525,-0.208373,0.644058,0.493991,1
6910,292.664,0.58688,-0.230617,0.689438,-1.0639,0.0774183,0.0114026,-0.78961,-0.209252,0.155752,-0.810447,-0.0030538,0.0553904,-0.20994,0.644224,0.493875,1
6920,283.795,0.590795,-0.230864,0.69029,-1.06508,0.0762647,0.0148515,-0.794932,-0.19965,0.149356,-0.759963,-0.00407958,0.054559,-0.210974,0.644454,0.493702,1
6930,280.323,0.595483,-0.231117,0.691154,-1.06629,0.0751099,0.0183047,-0.80026,-0.191877,0.141068,-0.711318,-0.0045494,0.0540038,-0.21121,0.644454,0.493702,1
6940,260.772,0.600064,-0.231814,0.693344,-1.06955,0.0739529,0.0217649,-0.805597,-0.184342,0.131294,-0.662828,-0.00385918,0.0538994,-0.211468,0.644454,0.493702,1
6950,264.032,0.6041,-0.232607,0.695813,-1.07325,0.072792,0.0252373,-0.810954,-0.0448999,0.143458,-0.315497,-0.00241593,0.053842,-0.212237,0.644454,0.493702,1
6960,288.76,0.607936,-0.233129,0.697373,-1.07564,0.0716276,0.0287207,-0.816327,0,0,0,-0.00120128,0.0532721,-0.213268,0.644454,0.493702,1
6970,293.94,0.612568,-0.233237,0.697697,-1.07614,0.0704616,0.0322084,-0.821706,0,0,0,-0.000772985,0.0527463,-0.21364,0.644454,0.493702,1
6980,293.854,0.617919,-0.233363,0.698074,-1.07672,0.0692952,0.0356978,-0.827088,0,0,0,-0.000899071,0.0530426,-0.213414,0.644454,0.493702,1
6990,298.212,0.623539,-0.233458,0.698359,-1.07716,0.0681281,0.0391889,-0.832473,0,0,0,-0.00149783,0.0538428,-0.213007,0.644454,0.493702,1
