step,T,r,sn_vel[0],sn_vel[1],sn_vel[2],sn_crd[0],sn_crd[1],sn_crd[2],sn_f[0],sn_f[1],sn_f[2],target_crd[0],target_crd[1],target_crd[2],boundary[0],boundary[1],boundary[2]
0,0.00333666,1.03542,0,0,0,-1.99134e-008,9.48256e-009,0.981818,0,0,0,0.000229379,0.0551492,-0.0521295,0.635612,0.499601,1
10,0.482811,1.03539,0,0,0,-1.99134e-008,9.48256e-009,0.981818,0,0,0,0.000226981,0.0551448,-0.0520977,0.635653,0.499636,1
20,0.59492,1.03527,0,0,0,-1.99134e-008,9.48256e-009,0.981818,0,0,0,0.000227711,0.0551401,-0.0519818,0.635653,0.499636,1
30,0.906627,1.03512,0,0,0,-1.99134e-008,9.48256e-009,0.981818,0,0,0,0.000245214,0.0551269,-0.0518344,0.635653,0.499636,1
40,1.17511,1.035,0,0,0,-1.99134e-008,9.48256e-009,0.981818,0,0,0,0.000253989,0.0551378,-0.0517166,0.635653,0.499636,1
50,1.29391,1.03492,0,0,0,-1.99134e-008,9.48256e-009,0.981818,0,0,0,0.000262876,0.0551652,-0.0516257,0.635674,0.499638,1
60,1.40256,1.03475,0,0,0,-1.99134e-008,9.48256e-009,0.981818,0,0,0,0.000265515,0.055193,-0.0514622,0.635674,0.499638,1
70,1.48413,1.03452,0,0,0,-1.99134e-008,9.48256e-009,0.981818,0,0,0,0.000255527,0.0551965,-0.0512292,0.635683,0.499633,1
80,1.48646,1.0343,0,0,0,-1.99134e-008,9.48256e-009,0.981818,0,0,0,0.000236814,0.0551909,-0.0510109,0.635705,0.499608,1
90,1.52811,1.03416,0,0,0,-1.99134e-008,9.48256e-009,0.981818,0,0,0,0.000233812,0.0551821,-0.0508659,0.635705,0.499608,1
100,1.51561,1.03402,0,0,0,-1.99134e-008,9.48256e-009,0.981818,0,0,0,0.000238525,0.0551769,-0.0507335,0.635705,0.499608,1
110,10.7886,1.03368,0,0,0,-1.99134e-008,9.48256e-009,0.981818,0,0,0,0.000242297,0.0551683,-0.0503845,0.635705,0.499583,1
120,18.0244,1.03309,0,0,0,-1.99134e-008,9.48256e-009,0.981818,0,0,0,0.000232942,0.055168,-0.0497967,0.635707,0.499558,1
130,22.9802,1.03242,0,0,0,-1.99134e-008,9.48256e-009,0.981818,0,0,0,0.000212478,0.0551659,-0.0491259,0.635707,0.499558,1
140,26.1835,1.03172,0,0,0,-1.99134e-008,9.48256e-009,0.981818,0,0,0,0.000177656,0.0551605,-0.0484281,0.635729,0.499491,1
150,28.2206,1.03101,0,0,0,-1.99134e-008,9.48256e-009,0.981818,0,0,0,0.000131575,0.0551555,-0.0477111,0.635755,0.499429,1
160,29.3345,1.03029,0,0,0,-1.99134e-008,9.48256e-009,0.981818,0,0,0,6.35876e-005,0.0551517,-0.0469971,0.635788,0.499362,1
170,29.9223,1.0296,0,0,0,-1.99134e-008,9.48256e-009,0.981818,0,0,0,-1.90181e-005,0.0551238,-0.0463038,0.635816,0.499316,1
180,30.1308,1.02888,0,0,0,-1.99134e-008,9.48256e-009,0.981818,0,0,0,-9.05347e-005,0.0550769,-0.0455889,0.635865,0.499241,1
190,30.0773,1.02815,0,0,0,-1.99134e-008,9.48256e-009,0.981818,0,0,0,-0.000136179,0.0550463,-0.0448611,0.635915,0.499172,1
200,29.9466,1.0275,0,0,0,-1.99134e-008,9.48256e-009,0.981818,0,0,0,-0.000168845,0.0550451,-0.0442063,0.635959,0.499118,1
210,39.0918,1.02689,0,0,0,-1.99134e-008,9.48256e-009,0.981818,0,0,0,-0.000201165,0.0550442,-0.0435988,0.636027,0.49904,1
220,45.2639,1.02623,0,0,0,-1.99134e-008,9.48256e-009,0.981818,0,0,0,-0.000241365,0.0550152,-0.0429331,0.636103,0.498961,1
230,49.407,1.02546,0,0,0,-1.99134e-008,9.48256e-009,0.981818,0,0,0,-0.00030654,0.0549726,-0.0421699,0.63618,0.498887,1
240,52.0566,1.0247,0,0,0,-1.99134e-008,9.48256e-009,0.981818,0,0,0,-0.000388786,0.0549312,-0.0414108,0.636287,0.498788,1
250,53.7845,1.02403,0,0,0,-1.99134e-008,9.48256e-009,0.981818,0,0,0,-0.000470685,0.054891,-0.0407414,0.63639,0.498698,1
260,54.8828,1.02342,0,0,0,-1.99134e-008,9.48256e-009,0.981818,0,0,0,-0.000546365,0.0548353,-0.0401354,0.636476,0.498628,1
270,55.4403,1.02281,0,0,0,-1.99134e-008,9.48256e-009,0.981818,0,0,0,-0.000607585,0.0547729,-0.0395256,0.636589,0.498541,1
280,55.5364,1.02225,0,0,0,-1.99134e-008,9.48256e-009,0.981818,0,0,0,-0.000617548,0.054705,-0.0389629,0.636713,0.498449,1
290,55.1945,1.02175,0,0,0,-1.99134e-008,9.48256e-009,0.981818,0,0,0,-0.000607584,0.0546549,-0.0384724,0.636833,0.498364,1
300,54.469,1.0213,0,0,0,-1.99134e-008,9.48256e-009,0.981818,0,0,0,-0.000635733,0.0546262,-0.038021,0.636972,0.498271,1
310,62.4982,1.02082,0,0,0,-1.99134e-008,9.48256e-009,0.981818,0,0,0,-0.000709364,0.0546132,-0.037538,0.637136,0.498165,1
320,67.0991,1.02038,0,0,0,-1.99134e-008,9.48256e-009,0.981818,0,0,0,-0.000773921,0.0545726,-0.0371009,0.637335,0.498041,1
330,68.9184,1.01999,0,0,0,-1.99134e-008,9.48256e-009,0.981818,0,0,0,-0.00083627,0.054524,-0.0367109,0.637592,0.497887,1
340,69.0357,1.01956,0,0,0,-1.99134e-008,9.48256e-009,0.981818,0,0,0,-0.000898512,0.0544962,-0.0362886,0.637867,0.497726,1
350,68.2322,1.01903,0,0,0,-1.99134e-008,9.48256e-009,0.981818,0,0,0,-0.000941989,0.0545036,-0.0357577,0.638118,0.497584,1
360,66.4987,1.01852,0,0,0,-1.99134e-008,9.48256e-009,0.981818,0,0,0,-0.000937629,0.0544913,-0.0352416,0.638389,0.497436,1
370,64.888,1.01802,0,0,0,-1.99134e-008,9.48256e-009,0.981818,0,0,0,-0.00090419,0.0544454,-0.0347419,0.63863,0.497308,1
380,63.1116,1.01746,0,0,0,-1.99134e-008,9.48256e-009,0.981818,0,0,0,-0.00083671,0.0543439,-0.0341879,0.638873,0.497184,1
390,61.9289,1.01676,0,0,0,-1.99134e-008,9.48256e-009,0.981818,0,0,0,-0.00077116,0.0542221,-0.0334993,0.639087,0.497077,1
400,61.637,1.01607,0,0,0,-1.99134e-008,9.48256e-009,0.981818,0,0,0,-0.000733292,0.0541246,-0.0328071,0.639267,0.496992,1
410,71.0643,1.0153,0,0,0,-1.99134e-008,9.48256e-009,0.981818,0,0,0,-0.00070871,0.0540906,-0.0320415,0.639402,0.496929,1
420,78.3266,1.01436,0,0,0,-1.99134e-008,9.48256e-009,0.981818,0,0,0,-0.000623904,0.0540346,-0.0311058,0.63952,0.496877,1
430,84.4355,1.01322,0,0,0,-1.99134e-008,9.48256e-009,0.981818,0,0,0,-0.000495054,0.0539349,-0.0299653,0.639635,0.496828,1
440,89.5558,1.0121,0,0,0,-1.99134e-008,9.48256e-009,0.981818,0,0,0,-0.000366556,0.0538559,-0.0288477,0.639734,0.496787,1
450,94.2956,1.01098,0,0,0,-1.99134e-008,9.48256e-009,0.981818,0,0,0,-0.000246562,0.0538609,-0.0277244,0.639835,0.496747,1
460,98.273,1.00975,0,0,0,-1.99134e-008,9.48256e-009,0.981818,0,0,0,-9.07267e-005,0.0538846,-0.0264954,0.639955,0.496701,1
470,102.05,1.00837,0,0,0,-1.99134e-008,9.48256e-009,0.981818,0,0,0,9.40232e-005,0.0539125,-0.0251076,0.640097,0.496649,1
480,105.144,1.00706,0,0,0,-1.99134e-008,9.48256e-009,0.981818,0,0,0,0.000281736,0.0539606,-0.0237978,0.640271,0.496588,1
490,107.308,1.00584,0,0,0,-1.99134e-008,9.48256e-009,0.981818,0,0,0,0.000484254,0.0540292,-0.0225705,0.640482,0.496517,1
500,108.849,1.00463,0,0,0,-1.99134e-008,9.48256e-009,0.981818,0,0,0,0.000743838,0.0541013,-0.0213488,0.640728,0.496438,1
510,118.504,1.0033,0,0,0,-1.99134e-008,9.48256e-009,0.981818,0,0,0,0.00106222,0.0542057,-0.0200111,0.641002,0.496354,1
520,124.44,1.00198,0,0,0,-1.99134e-008,9.48256e-009,0.981818,0,0,0,0.00137757,0.0543305,-0.0186886,0.641283,0.496271,1
530,127.664,1.00071,0,0,0,-1.99134e-008,9.48256e-009,0.981818,0,0,0,0.00164578,0.0544173,-0.0174131,0.641565,0.496192,1
540,129.575,0.999497,0,0,0,-1.99134e-008,9.48256e-009,0.981818,0,0,0,0.00185653,0.0544745,-0.0161918,0.641844,0.496118,1
550,131.371,0.998315,0,0,0,-1.99134e-008,9.48256e-009,0.981818,0,0,0,0.00205807,0.0545588,-0.0150026,0.642115,0.496049,1
560,133.177,0.99723,0,0,0,-1.99134e-008,9.48256e-009,0.981818,0,0,0,0.00225482,0.0546541,-0.0139102,0.642391,0.495982,1
570,134.945,0.996136,0,0,0,-1.99134e-008,9.48256e-009,0.981818,0,0,0,0.00242724,0.0546706,-0.0128135,0.642681,0.495915,1
580,136.59,0.99495,0,0,0,-1.99134e-008,9.48256e-009,0.981818,0,0,0,0.00263714,0.0546543,-0.011626,0.642974,0.495851,1
590,138.145,0.993769,0,0,0,-1.99134e-008,9.48256e-009,0.981818,0,0,0,0.00301777,0.0546949,-0.0104402,0.643243,0.495794,1
600,140.254,0.992796,0,0,0,-1.99134e-008,9.48256e-009,0.981818,0,0,0,0.00345359,0.0547533,-0.00946088,0.643473,0.495749,1
610,152.567,0.992,0,0,0,-1.99134e-008,9.48256e-009,0.981818,0,0,0,0.0037904,0.0547098,-0.00866437,0.6437,0.495707,1
620,161.504,0.991229,0,0,0,-1.99134e-008,9.48256e-009,0.981818,0,0,0,0.00411992,0.0546478,-0.00789505,0.643923,0.495669,1
630,168.427,0.990504,0,0,0,-1.99134e-008,9.48256e-009,0.981818,0,0,0,0.00455481,0.054664,-0.00716618,0.644072,0.495646,1
640,172.927,0.99,0,0,0,-1.99134e-008,9.48256e-009,0.981818,0,0,0,0.00493069,0.0547191,-0.00665631,0.644198,0.495629,1
650,176.205,0.989875,0,0,0,-1.99134e-008,9.48256e-009,0.981818,0,0,0,0.00516979,0.0547294,-0.00652919,0.644338,0.495613,1
660,178.961,0.990052,0,0,0,-1.99134e-008,9.48256e-009,0.981818,0,0,0,0.00542074,0.0547621,-0.00670311,0.64454,0.495593,1
670,180.715,0.990404,0,0,0,-1.99134e-008,9.48256e-009,0.981818,0,0,0,0.00574168,0.054813,-0.00705098,0.644768,0.495575,1
680,182.18,0.990864,0,0,0,-1.99134e-008,9.48256e-009,0.981818,0,0,0,0.00603687,0.0548287,-0.00750945,0.645074,0.495552,1
690,183.123,0.991521,0,0,0,-1.99134e-008,9.48256e-009,0.981818,0,0,0,0.00626641,0.0547725,-0.00816869,0.64536,0.495529,1
700,183.978,0.99238,0,0,0,-1.99134e-008,9.48256e-009,0.981818,0,0,0,0.00647401,0.0546918,-0.00903217,0.645607,0.495506,1
710,194.47,0.993528,0,0,0,-1.99134e-008,9.48256e-009,0.981818,0,0,0,0.00661576,0.0545454,-0.0101894,0.645892,0.495477,1
720,202.054,0.994953,0,0,0,-1.99134e-008,9.48256e-009,0.981818,0,0,0,0.00664784,0.0543031,-0.0116294,0.646179,0.495445,1
730,207.279,0.996554,0,0,0,-1.99134e-008,9.48256e-009,0.981818,0,0,0,0.00662474,0.0540096,-0.0132487,0.646403,0.495417,1
740,211.578,0.998063,0,0,0,-1.99134e-008,9.48256e-009,0.981818,0,0,0,0.00665238,0.0537884,-0.0147725,0.646565,0.495395,1
750,213.903,0.9995,0,0,0,-1.99134e-008,9.48256e-009,0.981818,0,0,0,0.00658682,0.0536047,-0.0162211,0.646589,0.495391,1
760,214.516,1.00099,0,0,0,-1.99134e-008,9.48256e-009,0.981818,0,0,0,0.0063233,0.0533864,-0.0177238,0.646589,0.495391,1
770,212.891,1.00257,0,0,0,-1.99134e-008,9.48256e-009,0.981818,0,0,0,0.00596217,0.0531782,-0.0193211,0.646589,0.495391,1
780,208.803,1.00396,0,0,0,-1.99134e-008,9.48256e-009,0.981818,0,0,0,0.00565117,0.0530998,-0.0207247,0.646589,0.495391,1
790,203.418,1.00511,0,0,0,-1.99134e-008,9.48256e-009,0.981818,0,0,0,0.00526264,0.0530693,-0.0218809,0.646589,0.495391,1
800,196.802,1.00614,0,0,0,-1.99134e-008,9.48256e-009,0.981818,0,0,0,0.00484255,0.0530099,-0.0229079,0.646589,0.495391,1
810,199.837,1.00719,0,0,0,-1.99134e-008,9.48256e-009,0.981818,0,0,0,0.00452391,0.0529807,-0.0239702,0.646589,0.495391,1
820,200.729,1.00819,0,0,0,-1.99134e-008,9.48256e-009,0.981818,0,0,0,0.00428523,0.0530801,-0.0249631,0.646589,0.495391,1
830,200.168,1.00915,0,0,0,-1.99134e-008,9.48256e-009,0.981818,0,0,0,0.00395525,0.0532632,-0.0259178,0.646589,0.495391,1
840,199.467,1.01011,0,0,0,-1.99134e-008,9.48256e-009,0.981818,0,0,0,0.0037097,0.0535491,-0.0268673,0.646589,0.495391,1
850,198.174,1.0111,0,0,0,-1.99134e-008,9.48256e-009,0.981818,0,0,0,0.00362441,0.0539673,-0.0278308,0.646589,0.495391,1
860,197.392,1.01202,0,0,0,-1.99134e-008,9.48256e-009,0.981818,0,0,0,0.00356872,0.054465,-0.0287252,0.646589,0.495391,1
870,198.344,1.01299,0,0,0,-1.99134e-008,9.48256e-009,0.981818,0,0,0,0.00344905,0.0548891,-0.0296728,0.646589,0.495391,1
880,200.945,1.01402,0,0,0,-1.99134e-008,9.48256e-009,0.981818,0,0,0,0.00343956,0.0552108,-0.0306902,0.646589,0.495391,1
890,204.597,1.01502,0,0,0,-1.99134e-008,9.48256e-009,0.981818,0,0,0,0.00349238,0.055458,-0.031676,0.646589,0.495391,1
900,206.851,1.0158,0,0,0,-1.99134e-008,9.48256e-009,0.981818,0,0,0,0.00353758,0.0556436,-0.0324509,0.646589,0.495391,1
910,215.231,1.01645,0,0,0,-1.99134e-008,9.48256e-009,0.981818,0,0,0,0.00355436,0.0556842,-0.0330996,0.646589,0.495391,1
920,218.493,1.01708,0,0,0,-1.99134e-008,9.48256e-009,0.981818,0,0,0,0.00359646,0.0555661,-0.0337338,0.646589,0.495391,1
930,219.814,1.01768,0,0,0,-1.99134e-008,9.48256e-009,0.981818,0,0,0,0.00356828,0.0553865,-0.0343444,0.646589,0.495391,1
940,222.461,1.01811,0,0,0,-1.99134e-008,9.48256e-009,0.981818,0,0,0,0.00352896,0.0552466,-0.0347827,0.646589,0.495391,1
950,227.025,1.01836,0,0,0,-1.99134e-008,9.48256e-009,0.981818,0,0,0,0.00358222,0.0550794,-0.0350489,0.646589,0.495391,1
960,233.067,1.01846,0,0,0,-1.99134e-008,9.48256e-009,0.981818,0,0,0,0.0038339,0.0548015,-0.0351582,0.646589,0.495391,1
970,239.398,1.0183,0,0,0,-1.99134e-008,9.48256e-009,0.981818,0,0,0,0.00410086,0.0544585,-0.0350173,0.646589,0.495391,1
980,245.375,1.0178,0,0,0,-1.99134e-008,9.48256e-009,0.981818,0,0,0,0.0042842,0.0541103,-0.0345305,0.646589,0.495391,1
990,251.267,1.01703,0,0,0,-1.99134e-008,9.48256e-009,0.981818,0,0,0,0.00445078,0.0537991,-0.0337747,0.646589,0.495391,1
1000,257.238,1.01607,0,0,0,-1.99134e-008,9.48256e-009,0.981818,0,0,0,0.00469274,0.0535941,-0.0328259,0.645119,0.494732,1
1010,266.253,1.01493,0,0,0,-1.99134e-008,9.48256e-009,0.981818,0,0,0,0.0047846,0.0535793,-0.0316842,0.643944,0.494453,1
1020,271.328,1.01371,0,0,0,-1.99134e-008,9.48256e-009,0.981818,0,0,0,0.00468266,0.053701,-0.0304551,0.642544,0.494136,1
1030,281.436,1.01253,0,0,0,-1.99134e-008,9.48256e-009,0.981818,0,0,0,0.00456345,0.0539121,-0.029265,0.642006,0.493957,1
1040,291.299,1.01133,0,0,0,-1.99134e-008,9.48256e-009,0.981818,0,0,0,0.00453916,0.0542378,-0.0280456,0.641136,0.493698,1
1050,306.405,1.00993,0,0,0,-1.99134e-008,9.48256e-009,0.981818,0,0,0,0.00460296,0.0547875,-0.0266118,0.640418,0.493552,1
1060,325.323,1.00844,0,0,0,-1.99134e-008,9.48256e-009,0.981818,0,0,0,0.00497358,0.0554702,-0.0250858,0.640072,0.493561,1
1070,339.799,1.00714,0,0,0,-1.99134e-008,9.48256e-009,0.981818,0,0,0,0.00563921,0.0560439,-0.0237499,0.639721,0.493616,1
1080,351.393,1.00618,0,0,0,-1.99134e-008,9.48256e-009,0.981818,0,0,0,0.00611751,0.0563029,-0.0227657,0.639248,0.493709,1
1090,357.824,1.00543,0,0,0,-1.99134e-008,9.48256e-009,0.981818,0,0,0,0.006176,0.0563304,-0.0220122,0.638765,0.493824,1
1100,362.351,1.00483,0,0,0,-1.99134e-008,9.48256e-009,0.981818,0,0,0,0.00617428,0.0562197,-0.021416,0.638281,0.493952,1
1110,362.071,1.00436,0,0,0,-1.99134e-008,9.48256e-009,0.981818,0,0,0,0.00623829,0.0560522,-0.020957,0.63772,0.494093,1
1120,357.812,1.00411,0,0,0,-1.99134e-008,9.48256e-009,0.981818,0,0,0,0.00605599,0.0559186,-0.0207157,0.637144,0.494237,1
1130,356.049,1.004,0,0,0,-1.99134e-008,9.48256e-009,0.981818,0,0,0,0.00569444,0.055956,-0.0206061,0.636777,0.494352,1
1140,355.811,1.00405,0,0,0,-1.99134e-008,9.48256e-009,0.981818,0,0,0,0.0054553,0.0560055,-0.0206553,0.636622,0.494414,1
1150,357.779,1.00422,0,0,0,-1.99134e-008,9.48256e-009,0.981818,0,0,0,0.00516957,0.0557817,-0.0208426,0.636539,0.494453,1
1160,365.948,1.00449,0,0,0,-1.99134e-008,9.48256e-009,0.981818,0,0,0,0.00458274,0.0552211,-0.0211436,0.636539,0.494453,1
1170,372.186,1.00464,0,0,0,-1.99134e-008,9.48256e-009,0.981818,0,0,0,0.00407741,0.0546906,-0.0213267,0.636539,0.494453,1
1180,379.613,1.00479,0,0,0,-1.99134e-008,9.48256e-009,0.981818,0,0,0,0.00389106,0.0544844,-0.0214845,0.636539,0.494453,1
1190,380.929,1.00502,0,0,0,-1.99134e-008,9.48256e-009,0.981818,0,0,0,0.00367876,0.0544605,-0.0217144,0.636494,0.494487,1
1200,375.691,1.00539,0,0,0,-1.99134e-008,9.48256e-009,0.981818,0,0,0,0.0032238,0.0543091,-0.0220992,0.636494,0.494487,1
1210,367.698,1.00569,0,0,0,-1.99134e-008,9.48256e-009,0.981818,0,0,0,0.00288823,0.0540311,-0.0224181,0.636494,0.494487,1
1220,360.418,1.00601,0,0,0,-1.99134e-008,9.48256e-009,0.981818,0,0,0,0.00279088,0.0536706,-0.022757,0.636494,0.494487,1
1230,360.021,1.0064,0,0,0,-1.99134e-008,9.48256e-009,0.981818,0,0,0,0.00276277,0.0530918,-0.0231755,0.636494,0.494487,1
1240,362.879,1.00692,0,0,0,-1.99134e-008,9.48256e-009,0.981818,0,0,0,0.00275079,0.0524398,-0.023736,0.636494,0.494487,1
1250,354.057,1.00745,0,0,0,-1.99134e-008,9.48256e-009,0.981818,0,0,0,0.00283094,0.0521587,-0.0242778,0.63633,0.494702,1
1260,334.123,1.00825,0,0,0,-1.99134e-008,9.48256e-009,0.981818,0,0,0,0.00273975,0.052327,-0.0250688,0.636102,0.495028,1
1270,309.296,1.00939,0,0,0,-1.99134e-008,9.48256e-009,0.981818,0,0,0,0.00238441,0.0525609,-0.026196,0.635868,0.495389,1
1280,293.724,1.01071,0,0,0,-1.99134e-008,9.48256e-009,0.981818,0,0,0,0.00201511,0.052686,-0.0275176,0.635632,0.495782,1
1290,289.364,1.01196,0,0,0,-1.99134e-008,9.48256e-009,0.981818,0,0,0,0.00181882,0.0527457,-0.0287598,0.635441,0.496124,1
1300,287.366,1.01337,0,0,0,-1.99134e-008,9.48256e-009,0.981818,0,0,0,0.00149789,0.0527938,-0.0301785,0.635327,0.49635,1
1310,287.991,1.01504,0,0,0,-1.99134e-008,9.48256e-009,0.981818,0,0,0,0.000929976,0.0528393,-0.0318492,0.635262,0.496502,1
1320,290.886,1.01689,0,0,0,-1.99134e-008,9.48256e-009,0.981818,0,0,0,0.000521476,0.0528948,-0.0336958,0.635195,0.496698,1
1330,295.071,1.01866,0,0,0,-1.99134e-008,9.48256e-009,0.981818,0,0,0,0.000639213,0.05306,-0.0354548,0.635118,0.496988,1
1340,299.557,1.02037,0,0,0,-1.99134e-008,9.48256e-009,0.981818,0,0,0,0.000955555,0.0535128,-0.0371467,0.635026,0.497344,1
1350,301.21,1.02189,0,0,0,-1.99134e-008,9.48256e-009,0.981818,0,0,0,0.0011054,0.05417,-0.0386375,0.634901,0.497762,1
1360,298.829,1.02317,0,0,0,-1.99134e-008,9.48256e-009,0.981818,0,0,0,0.00127186,0.0546616,-0.0398931,0.634775,0.498124,1
1370,293.549,1.02431,0,0,0,-1.99134e-008,9.48256e-009,0.981818,0,0,0,0.00159002,0.0548463,-0.0410238,0.63462,0.498531,1
1380,289.999,1.02572,0,0,0,-1.99134e-008,9.48256e-009,0.981818,0,0,0,0.00174115,0.0547388,-0.0424366,0.634388,0.499093,1
1390,291.454,1.02719,0,0,0,-1.99134e-008,9.48256e-009,0.981818,0,0,0,0.00158056,0.0545301,-0.0439231,0.634155,0.499616,1
1400,297.364,1.02823,0,0,0,-1.99134e-008,9.48256e-009,0.981818,0,0,0,0.00140219,0.0544411,-0.0449707,0.633966,0.50001,1
1410,308.943,1.02874,0,0,0,-1.99134e-008,9.48256e-009,0.981818,0,0,0,0.00128476,0.0545764,-0.0454743,0.633769,0.500387,1
1420,318.531,1.02923,0,0,0,-1.99134e-008,9.48256e-009,0.981818,0,0,0,0.00109952,0.0545616,-0.0459651,0.633577,0.500727,1
1430,326.336,1.02977,0,0,0,-1.99134e-008,9.48256e-009,0.981818,0,0,0,0.000950944,0.0542586,-0.0465208,0.633401,0.50101,1
1440,333.625,1.03004,0,0,0,-1.99134e-008,9.48256e-009,0.981818,0,0,0,0.00104521,0.0538717,-0.0468135,0.633225,0.50127,1
1450,331.334,1.03005,0,0,0,-1.99134e-008,9.48256e-009,0.981818,0,0,0,0.00116989,0.0537102,-0.0468307,0.633069,0.501477,1
1460,323.68,1.03016,0,0,0,-1.99134e-008,9.48256e-009,0.981818,0,0,0,0.00106197,0.0537243,-0.0469413,0.632885,0.501701,1
1470,305.133,1.03039,0,0,0,-1.99134e-008,9.48256e-009,0.981818,0,0,0,0.00087049,0.0538916,-0.0471604,0.632617,0.50201,1
1480,276.552,1.03056,0,0,0,-1.99134e-008,9.48256e-009,0.981818,0,0,0,0.000877813,0.0541271,-0.0473209,0.632318,0.502335,1
1490,245.581,1.03083,0,0,0,-1.99134e-008,9.48256e-009,0.981818,0,0,0,0.00102112,0.0543327,-0.0475742,0.632026,0.502637,1
1500,219.91,1.03127,0,0,0,-1.99134e-008,9.48256e-009,0.981818,0,0,0,0.00121411,0.0544263,-0.0480149,0.631747,0.502908,1
1510,202.506,1.03151,0,0,0,-1.99134e-008,9.48256e-009,0.981818,0,0,0,0.0015659,0.0545597,-0.0482435,0.631582,0.503056,1
1520,198.193,1.03112,0,0,0,-1.99134e-008,9.48256e-009,0.981818,0,0,0,0.00198686,0.0547366,-0.0478432,0.631582,0.503056,1
1530,205.633,1.03051,0,0,0,-1.99134e-008,9.48256e-009,0.981818,0,0,0,0.00223058,0.0547246,-0.0472352,0.631582,0.503056,1
1540,223.789,1.03034,0,0,0,-1.99134e-008,9.48256e-009,0.981818,0,0,0,0.0023264,0.054541,-0.0470732,0.631582,0.503056,1
1550,246.867,1.03052,0,0,0,-1.99134e-008,9.48256e-009,0.981818,0,0,0,0.00236218,0.0545884,-0.0472513,0.631582,0.503056,1
1560,268.104,1.03032,0,0,0,-1.99134e-008,9.48256e-009,0.981818,0,0,0,0.00206337,0.0550096,-0.0470252,0.631582,0.503056,1
1570,288.028,1.0297,0,0,0,-1.99134e-008,9.48256e-009,0.981818,0,0,0,0.00133268,0.0554694,-0.0463881,0.631582,0.503056,1
1580,300.771,1.02926,0,0,0,-1.99134e-008,9.48256e-009,0.981818,0,0,0,0.000545158,0.0557635,-0.0459333,0.631582,0.503056,1
1590,306.958,1.02925,0,0,0,-1.99134e-008,9.48256e-009,0.981818,0,0,0,0.00012107,0.0558454,-0.0459147,0.631582,0.503056,1
1600,312.39,1.02923,0,0,0,-1.99134e-008,9.48256e-009,0.981818,0,0,0,-9.43842e-006,0.0556915,-0.0459013,0.631582,0.503056,1
1610,318.043,1.02905,0,0,0,-1.99134e-008,9.48256e-009,0.981818,0,0,0,-4.9584e-005,0.0553413,-0.0457462,0.631582,0.503056,1
1620,327.499,1.02882,0,0,0,-1.99134e-008,9.48256e-009,0.981818,0,0,0,-0.000103971,0.055174,-0.0455209,0.631582,0.503056,1
1630,335.738,1.02848,0,0,0,-1.99134e-008,9.48256e-009,0.981818,0,0,0,-6.6097e-005,0.0553775,-0.0451683,0.631582,0.503056,1
1640,338.311,1.02789,0,0,0,-1.99134e-008,9.48256e-009,0.981818,0,0,0,0.000159997,0.0558177,-0.0445573,0.631582,0.503056,1
1650,337.059,1.02747,0,0,0,-1.99134e-008,9.48256e-009,0.981818,0,0,0,0.000653872,0.0561278,-0.0441213,0.631582,0.503056,1
1660,329.05,1.02749,0,0,0,-1.99134e-008,9.48256e-009,0.981818,0,0,0,0.00113841,0.0561859,-0.0441377,0.631582,0.503056,1
1670,317.151,1.02752,0,0,0,-1.99134e-008,9.48256e-009,0.981818,0,0,0,0.00136027,0.0559789,-0.0441782,0.631582,0.503056,1
1680,304.242,1.02701,0,0,0,-1.99134e-008,9.48256e-009,0.981818,0,0,0,0.00133244,0.055735,-0.0436814,0.631557,0.503053,1
1690,283.107,1.02637,0,0,0,-1.99134e-008,9.48256e-009,0.981818,0,0,0,0.00124678,0.0554728,-0.0430469,0.631557,0.503053,1
1700,257.521,1.02614,0,0,0,-1.99134e-008,9.48256e-009,0.981818,0,0,0,0.00097899,0.0551642,-0.0428419,0.631557,0.503053,1
1710,234.191,1.02614,0,0,0,-1.99134e-008,9.48256e-009,0.981818,0,0,0,0.000547581,0.0547897,-0.0428563,0.631532,0.503049,1
1720,218.113,1.02573,0,0,0,-1.99134e-008,9.48256e-009,0.981818,0,0,0,0.000195249,0.0545517,-0.042457,0.631532,0.503049,1
1730,204.909,1.02499,0,0,0,-1.99134e-008,9.48256e-009,0.981818,0,0,0,0.00015199,0.0543918,-0.0417232,0.631532,0.503049,1
1740,200.248,1.02432,0,0,0,-1.99134e-008,9.48256e-009,0.981818,0,0,0,0.000268891,0.0543283,-0.0410599,0.631532,0.503049,1
1750,204.261,1.02376,0,0,0,-1.99134e-008,9.48256e-009,0.981818,0,0,0,0.000491985,0.0544854,-0.0404895,0.631532,0.503049,1
1760,217.512,1.02312,0,0,0,-1.99134e-008,9.48256e-009,0.981818,0,0,0,0.000738573,0.0549091,-0.0398317,0.631532,0.503049,1
1770,242.24,1.02259,0,0,0,-1.99134e-008,9.48256e-009,0.981818,0,0,0,0.000814813,0.0551187,-0.0392826,0.631532,0.503049,1
1780,270.96,1.02213,0,0,0,-1.99134e-008,9.48256e-009,0.981818,0,0,0,0.000556729,0.0549215,-0.0388341,0.631532,0.503049,1
1790,291.603,1.02132,0,0,0,-1.99134e-008,9.48256e-009,0.981818,0,0,0,0.000306542,0.0546455,-0.0380433,0.631532,0.503049,1
1800,310.078,1.02009,0,0,0,-1.99134e-008,9.48256e-009,0.981818,0,0,0,0.00043018,0.0546098,-0.0368113,0.631532,0.503049,1
1810,315.33,1.01909,0,0,0,-1.99134e-008,9.48256e-009,0.981818,0,0,0,0.0009942,0.0545835,-0.0358047,0.631532,0.503049,1
1820,315.109,1.01872,0,0,0,-1.99134e-008,9.48256e-009,0.981818,0,0,0,0.00176578,0.0545325,-0.0354404,0.631532,0.503049,1
1830,306.727,1.01856,0,0,0,-1.99134e-008,9.48256e-009,0.981818,0,0,0,0.0026051,0.0547366,-0.0352701,0.631532,0.503049,1
1840,294.001,1.01819,0,0,0,-1.99134e-008,9.48256e-009,0.981818,0,0,0,0.0033125,0.0552809,-0.0348653,0.631532,0.503049,1
1850,284.107,1.01786,0,0,0,-1.99134e-008,9.48256e-009,0.981818,0,0,0,0.00355795,0.0557625,-0.0345103,0.631532,0.503049,1
1860,283.049,1.018,0,0,0,-1.99134e-008,9.48256e-009,0.981818,0,0,0,0.00323802,0.0560368,-0.0346362,0.631532,0.503049,1
1870,286.29,1.01849,0,0,0,-1.99134e-008,9.48256e-009,0.981818,0,0,0,0.00258232,0.0563284,-0.0351079,0.631532,0.503049,1
1880,294.993,1.01915,0,0,0,-1.99134e-008,9.48256e-009,0.981818,0,0,0,0.00174031,0.0567557,-0.0357507,0.631532,0.503049,1
1890,309.799,1.02002,0,0,0,-1.99134e-008,9.48256e-009,0.981818,0,0,0,0.000764179,0.0570993,-0.0366009,0.631532,0.503049,1
1900,331.881,1.02107,0,0,0,-1.99134e-008,9.48256e-009,0.981818,0,0,0,-8.3622e-006,0.0572168,-0.037649,0.631532,0.503049,1
1910,353.87,1.02195,0,0,0,-1.99134e-008,9.48256e-009,0.981818,0,0,0,-0.000295408,0.0570996,-0.0385326,0.631532,0.503049,1
1920,369.823,1.02274,0,0,0,-1.99134e-008,9.48256e-009,0.981818,0,0,0,-0.00022458,0.0567067,-0.039349,0.631532,0.503049,1
1930,375.412,1.02387,0,0,0,-1.99134e-008,9.48256e-009,0.981818,0,0,0,-0.000177266,0.0560607,-0.0405201,0.631532,0.503049,1
1940,383.999,1.02548,0,0,0,-1.99134e-008,9.48256e-009,0.981818,0,0,0,-0.000105319,0.0554557,-0.0421642,0.631372,0.502757,1
1950,393.572,1.02695,0,0,0,-1.99134e-008,9.48256e-009,0.981818,0,0,0,0.000209607,0.0551991,-0.0436498,0.631235,0.502478,1
1960,404.64,1.0281,0,0,0,-1.99134e-008,9.48256e-009,0.981818,0,0,0,0.000663165,0.0551641,-0.0447994,0.631072,0.502101,1
1970,402.543,1.02933,0,0,0,-1.99134e-008,9.48256e-009,0.981818,0,0,0,0.000718046,0.0550496,-0.0460407,0.630924,0.501749,1
1980,391.396,1.03106,0,0,0,-1.99134e-008,9.48256e-009,0.981818,0,0,0,0.000339295,0.0547701,-0.0477845,0.630839,0.501591,1
1990,382.235,1.03294,0,0,0,-1.99134e-008,9.48256e-009,0.981818,0,0,0,-0.000199333,0.0544669,-0.0496842,0.630839,0.501591,1
2000,377.092,1.03368,0,0,0.699642,-0.000714311,0.0541803,0.982168,0,0,0,-0.000777116,0.0541493,-0.0515093,0.630579,0.50168,1
2010,368.632,1.03896,0,0,0.696232,-0.000714311,0.0541803,0.985659,0,0,0,-0.00138399,0.0539902,-0.0532964,0.630503,0.501722,1
2020,358.944,1.04423,0,0,0.693207,-0.000714311,0.0541803,0.989133,0,0,0,-0.00163917,0.0542164,-0.0550953,0.63058,0.50169,1
2030,352.183,1.0492,0,0,0.690519,-0.000714311,0.0541803,0.992593,0,0,0,-0.00157139,0.0547977,-0.0566058,0.630622,0.501581,1
2040,342.084,1.05398,0,0,0.688177,-0.000714311,0.0541803,0.99604,0,0,0,-0.00154111,0.0553466,-0.0579433,0.630647,0.501387,1
2050,327.616,1.05883,0,0,0.686405,-0.000714311,0.0541803,0.999476,0,0,0,-0.0016763,0.0557834,-0.0593469,0.630637,0.501166,1
2060,309.224,0.936383,0,0,0.685445,-0.000714311,0.0541803,-0.997094,0,0,0,-0.00168321,0.0561188,-0.0607139,0.630591,0.500987,1
2070,284.1,0.932013,0,0,0.685683,-0.000714311,0.0541803,-0.993667,0,0,0,-0.00167464,0.0563527,-0.0616567,0.63049,0.500726,1
2080,260.877,0.927838,0,0,0.687555,-0.000714311,0.0541803,-0.990235,0,0,0,-0.00178887,0.056441,-0.0624001,0.630333,0.500404,1
2090,246.72,0.923476,0,0,0.690806,-0.000714311,0.0541803,-0.98679,0,0,0,-0.00183115,0.0566295,-0.0633188,0.630175,0.500142,1
2100,243.702,0.918934,0,0,0.694762,-0.000714311,0.0541803,-0.983328,0,0,0,-0.00151327,0.0568804,-0.0643978,0.629972,0.499854,1
2110,246.051,0.914631,0,0,0.698641,-0.000714311,0.0541803,-0.979845,0,0,0,-0.00094788,0.0570219,-0.0652187,0.629753,0.499588,1
2120,243.374,0.910674,0,0,0.702578,-0.000714311,0.0541803,-0.976343,0,0,0,-0.000265926,0.0568879,-0.0656735,0.629549,0.499377,1
2130,241.207,0.906958,0,0,0.706804,-0.000714311,0.0541803,-0.972821,0,0,0,0.000467295,0.0566567,-0.0658664,0.629235,0.499078,1
2140,247.934,0.903311,0,0,0.710852,-0.000714311,0.0541803,-0.969277,0,0,0,0.00105622,0.0563026,-0.0659702,0.628848,0.498734,1
2150,259.216,0.899769,0,0,0.714065,-0.000714311,0.0541803,-0.965715,0,0,0,0.00119079,0.055865,-0.0659498,0.628503,0.498447,1
2160,273.975,0.896351,0,0,0.716273,-0.000714311,0.0541803,-0.96214,0,0,0,0.000890836,0.0554161,-0.065791,0.628176,0.498195,1
2170,289.706,0.893154,0,0,0.717374,-0.000714311,0.0541803,-0.958555,0,0,0,0.000474514,0.0551473,-0.0654024,0.627954,0.498044,1
2180,302.27,0.890219,0,0,0.717544,-0.000714311,0.0541803,-0.954968,0,0,0,0.000108187,0.0549274,-0.0647495,0.627954,0.498044,1
2190,306.732,0.887563,0,0,0.717239,-0.000714311,0.0541803,-0.951381,0,0,0,-0.000190519,0.054829,-0.0638179,0.627931,0.498033,1
2200,307.1,0.884924,0,0,0.716819,-0.000714311,0.0541803,-0.947795,0,0,0,-0.000396788,0.0548531,-0.0628716,0.627679,0.497928,1
2210,302.534,0.882049,0,0,0.71652,-0.000714311,0.0541803,-0.944212,0,0,0,-0.000568219,0.0548517,-0.0621639,0.627443,0.497845,1
2220,294.669,0.878974,0,0,0.716617,-0.000714311,0.0541803,-0.94063,0,0,0,-0.000857312,0.0545599,-0.0616557,0.627275,0.497797,1
2230,281.125,0.876081,0,0,0.7174,-0.000714311,0.0541803,-0.937045,0,0,0,-0.00113192,0.0543297,-0.0609643,0.627153,0.49777,1
2240,271.6,0.873444,0,0,0.719007,-0.000714311,0.0541803,-0.933455,0,0,0,-0.00124854,0.0545869,-0.0600112,0.626912,0.49773,1
2250,267.863,0.870701,0,0,0.721091,-0.000714311,0.0541803,-0.929855,0,0,0,-0.00128171,0.0553616,-0.0591548,0.626604,0.497693,1
2260,271.537,0.867536,0,0,0.723137,-0.000714311,0.0541803,-0.926245,0,0,0,-0.0013029,0.056067,-0.058711,0.626343,0.497675,1
2270,285.534,0.864152,0,0,0.724567,-0.000714311,0.0541803,-0.922626,0,0,0,-0.00108538,0.0563513,-0.0584761,0.626174,0.497669,1
2280,307.607,0.860838,0,0,0.724715,-0.000714311,0.0541803,-0.919002,0,0,0,-0.000787303,0.0561266,-0.0581664,0.626149,0.49767,1
2290,320.165,0.857536,0,0,0.723826,-0.000714311,0.0541803,-0.91538,0,0,0,-0.000744281,0.0555863,-0.0578447,0.626149,0.49767,1
2300,324.731,0.854123,0,0,0.72252,-0.000714311,0.0541803,-0.911764,0,0,0,-0.000906805,0.0550532,-0.0576416,0.626149,0.49767,1
2310,324.256,0.850686,0,0,0.721172,-0.000714311,0.0541803,-0.908154,0,0,0,-0.000827849,0.054928,-0.0574687,0.626149,0.49767,1
2320,323.303,0.847313,0,0,0.71982,-0.000714311,0.0541803,-0.904551,0,0,0,-0.000581405,0.0550716,-0.0572385,0.626149,0.49767,1
2330,317.12,0.84396,0,0,0.718683,-0.000714311,0.0541803,-0.900955,0,0,0,-0.000408866,0.0551212,-0.0569952,0.626149,0.49767,1
2340,304.716,0.840846,0,0,0.718072,-0.000714311,0.0541803,-0.897363,0,0,0,-0.000319118,0.0550919,-0.0565179,0.626149,0.49767,1
2350,289.216,0.838187,0,0,0.718274,-0.000714311,0.0541803,-0.893773,0,0,0,-0.000105192,0.0552287,-0.0555871,0.626149,0.49767,1
2360,269.799,0.835811,0,0,0.719678,-0.000714311,0.0541803,-0.890179,0,0,0,3.04272e-005,0.055383,-0.0543694,0.62606,0.497699,1
2370,260.154,0.833233,0,0,0.72221,-0.000714311,0.0541803,-0.886575,0,0,0,2.49711e-005,0.0552648,-0.0533435,0.62606,0.497699,1
2380,270.417,0.830443,0,0,0.724664,-0.000714311,0.0541803,-0.882958,0,0,0,0.000165316,0.0549816,-0.0525163,0.625987,0.497729,1
2390,296.277,0.827745,0,0,0.725698,-0.000714311,0.0541803,-0.879332,0,0,0,0.000571323,0.0547654,-0.051588,0.625921,0.49776,1
2400,319.501,0.825391,0,0,0.725134,-0.000714311,0.0541803,-0.875704,0,0,0,0.000658678,0.0547007,-0.0503141,0.625859,0.497795,1
2410,332.695,0.823074,0,0,0.723595,-0.000714311,0.0541803,-0.872082,0,0,0,0.000348017,0.0547151,-0.0490083,0.625825,0.497816,1
2420,326.624,0.820386,0,0,0.721878,-0.000714311,0.0541803,-0.868468,0,0,0,3.95316e-005,0.0548947,-0.048082,0.625825,0.497816,1
2430,296.158,0.817148,0,0,0.721246,-0.000714311,0.0541803,-0.86486,0,0,0,-0.000295459,0.0551641,-0.0477127,0.625825,0.497816,1
2440,267.891,0.813701,0,0,0.722601,-0.000714311,0.0541803,-0.861252,0,0,0,-0.00113112,0.0553492,-0.0475519,0.625825,0.497816,1
2450,259.104,0.810257,0,0,0.725272,-0.000714311,0.0541803,-0.857633,0,0,0,-0.00210879,0.0554022,-0.0473778,0.625825,0.497816,1
2460,264.994,0.806809,0,0,0.727915,-0.000714311,0.0541803,-0.854001,0,0,0,-0.00256496,0.055776,-0.0471953,0.625825,0.497816,1
2470,269.092,0.803116,0,0,0.730117,-0.000714311,0.0541803,-0.850356,0,0,0,-0.00242988,0.0564082,-0.0472453,0.625825,0.497816,1
2480,268.316,0.799154,0,0,0.732203,-0.000714311,0.0541803,-0.846701,0,0,0,-0.00201206,0.0567462,-0.0475514,0.625825,0.497816,1
2490,264.262,0.794924,0,0,0.734549,-0.000714311,0.0541803,-0.843035,0,0,0,-0.0013117,0.0563466,-0.0481137,0.625825,0.497816,1
2500,258.35,0.790515,0,0,0.737251,-0.000714311,0.0541803,-0.839356,0,0,0,-0.000605587,0.0556336,-0.0488419,0.625825,0.497816,1
2510,253.505,0.785974,0,0,0.740541,-0.000714311,0.0541803,-0.835662,0,0,0,-0.000311022,0.0551288,-0.0496887,0.625825,0.497816,1
2520,268.879,0.781473,0,0,0.743376,-0.000714311,0.0541803,-0.831953,0,0,0,-0.000382968,0.0552363,-0.0504801,0.625825,0.497816,1
2530,295.4,0.776979,0,0,0.74449,-0.000714311,0.0541803,-0.828233,0,0,0,-0.000346377,0.0557293,-0.0512555,0.625825,0.497816,1
2540,318.139,0.772483,0,0,0.74398,-0.000714311,0.0541803,-0.824511,0,0,0,-0.000119967,0.0561949,-0.0520308,0.625825,0.497816,1
2550,335.826,0.768143,0,0,0.742379,-0.000714311,0.0541803,-0.820794,0,0,0,4.62965e-005,0.0561652,-0.0526543,0.625758,0.497966,1
2560,340.861,0.764224,0,0,0.740204,-0.000714311,0.0541803,-0.817087,0,0,0,5.16118e-005,0.055825,-0.0528653,0.625739,0.49803,1
2570,333.762,0.760667,0,0,0.738135,-0.000714311,0.0541803,-0.813391,0,0,0,3.70445e-005,0.0554105,-0.0527248,0.625739,0.49803,1
2580,319.204,0.757274,0,0,0.736652,-0.000714311,0.0541803,-0.809704,0,0,0,4.56026e-005,0.0551483,-0.052431,0.625739,0.49803,1
2590,300.446,0.753966,0,0,0.736147,-0.000714311,0.0541803,-0.806022,0,0,0,9.00028e-005,0.0549553,-0.0520568,0.625739,0.49803,1
2600,288.962,0.750795,0,0,0.736522,-0.000714311,0.0541803,-0.802341,0,0,0,0.000402693,0.0549474,-0.0515469,0.625739,0.49803,1
2610,273.458,0.747622,0,0,0.737791,-0.000714311,0.0541803,-0.798656,0,0,0,0.00105927,0.0552171,-0.0510364,0.625739,0.49803,1
2620,256.663,0.744219,0,0,0.74031,-0.000714311,0.0541803,-0.794962,0,0,0,0.00175831,0.0560273,-0.0507496,0.625739,0.49803,1
2630,246.114,0.740555,0,0,0.743997,-0.000714311,0.0541803,-0.791252,0,0,0,0.0022337,0.0570356,-0.0507083,0.625723,0.498191,1
2640,243.84,0.736759,0,0,0.7483,-0.000714311,0.0541803,-0.787523,0,0,0,0.00252872,0.0576174,-0.0507789,0.625702,0.498495,1
2650,264.566,0.732909,0,0,0.75178,-0.000714311,0.0541803,-0.783773,0,0,0,0.0025942,0.0574459,-0.0508783,0.62568,0.499054,1
2660,301.036,0.728974,0,0,0.752824,-0.000714311,0.0541803,-0.78001,0,0,0,0.0024105,0.0571138,-0.0510493,0.625677,0.499578,1
2670,322.367,0.724949,0,0,0.751906,-0.000714311,0.0541803,-0.776248,0,0,0,0.00198018,0.0571306,-0.0513099,0.625692,0.499849,1
2680,305.418,0.72084,0,0,0.750967,-0.000714311,0.0541803,-0.772491,0,0,0,0.0012703,0.0574375,-0.0516609,0.62571,0.4999,1
2690,272.087,0.716692,0,0,0.75184,-0.000714311,0.0541803,-0.768735,0,0,0,0.000237841,0.0574467,-0.0520513,0.62571,0.4999,1
2700,246.902,0.712693,0,0,0.754992,-0.000714311,0.0541803,-0.76497,0,0,0,-0.000726937,0.0568094,-0.0522814,0.62571,0.4999,1
2710,238.956,0.709151,0,0,0.759637,-0.000714311,0.0541803,-0.761184,0,0,0,-0.00124279,0.0556597,-0.0520347,0.62571,0.4999,1
2720,242.295,0.706081,0,0,0.764335,-0.000714311,0.0541803,-0.757376,0,0,0,-0.00110804,0.054553,-0.0512952,0.62571,0.4999,1
2730,244.457,0.703119,0,0,0.768756,-0.000714311,0.0541803,-0.753544,0,0,0,-0.00053005,0.0539224,-0.0504245,0.62571,0.4999,1
2740,244.15,0.70001,0,0,0.773133,-0.000714311,0.0541803,-0.74969,0,0,0,0.000128952,0.0537824,-0.0496808,0.625724,0.499935,1
2750,236.981,0.696842,0,0,0.777861,-0.000714311,0.0541803,-0.745814,0,0,0,0.00056212,0.0537886,-0.0489738,0.625914,0.500399,1
2760,223.32,0.693725,0,0,0.78385,-0.000714311,0.0541803,-0.741912,0,0,0,0.001032,0.0536035,-0.0481896,0.626168,0.500973,1
2770,225.009,0.690637,0,0,0.790709,-0.000714311,0.0541803,-0.737977,0,0,0,0.00173742,0.0533287,-0.0473457,0.62651,0.501711,1
2780,248.743,0.687508,0,0,0.796019,-0.000714311,0.0541803,-0.734011,0,0,0,0.00249937,0.0532285,-0.0465109,0.626843,0.502391,1
2790,285.842,0.684199,0,0,0.798326,-0.000714311,0.0541803,-0.730024,0,0,0,0.00279445,0.0534947,-0.0458345,0.627133,0.502947,1
2800,310.54,0.680555,0,0,0.798259,-0.000714311,0.0541803,-0.726032,0,0,0,0.00259285,0.0540246,-0.0454853,0.627303,0.50324,1
2810,311.243,0.67666,0,0,0.797432,-0.000714311,0.0541803,-0.722043,0,0,0,0.00218823,0.0546861,-0.045389,0.627303,0.50324,1
2820,291.612,0.672742,0,0,0.797301,-0.000714311,0.0541803,-0.718056,0,0,0,0.00195717,0.0552406,-0.0453208,0.627303,0.50324,1
2830,253.659,0.668935,0,0,0.799427,-0.000714311,0.0541803,-0.714066,0,0,0,0.00201891,0.0556862,-0.0451387,0.627303,0.50324,1
2840,226.514,0.665261,0,0,0.804873,-0.000714311,0.0541803,-0.710058,0,0,0,0.00245604,0.0558677,-0.0448064,0.627303,0.50324,1
2850,233.24,0.661803,0,0,0.811216,-0.000714311,0.0541803,-0.706019,0,0,0,0.00300805,0.0556621,-0.0442277,0.627303,0.50324,1
2860,251.013,0.658465,0,0,0.816017,-0.000714311,0.0541803,-0.701951,0,0,0,0.00339387,0.0550974,-0.0434998,0.627303,0.50324,1
2870,270.375,0.654951,0,0,0.819048,-0.000714311,0.0541803,-0.697864,0,0,0,0.00353719,0.0547903,-0.0429274,0.627303,0.50324,1
2880,298.667,0.651013,0,0,0.820095,-0.000714311,0.0541803,-0.693765,0,0,0,0.00348879,0.0549795,-0.0427668,0.627303,0.50324,1
2890,317.956,0.646806,0,0,0.819411,-0.000714311,0.0541803,-0.689666,0,0,0,0.00296302,0.055545,-0.0428721,0.627303,0.50324,1
2900,327.869,0.642659,0,0,0.817908,-0.000714311,0.0541803,-0.685572,0,0,0,0.00190277,0.0560953,-0.0429215,0.627303,0.50324,1
2910,341.014,0.638973,0,0,0.815783,-0.000714311,0.0541803,-0.681487,0,0,0,0.000757396,0.0565302,-0.0425198,0.627303,0.50324,1
2920,340.556,0.635849,0,0,0.813237,-0.000714311,0.0541803,-0.677414,0,0,0,-6.56043e-005,0.0565624,-0.0415691,0.627371,0.503402,1
2930,328.191,0.633077,0,0,0.811197,-0.000714311,0.0541803,-0.673353,0,0,0,-0.000552251,0.0561476,-0.0402784,0.627433,0.503529,1
2940,325.218,0.630191,0,0,0.809587,-0.000714311,0.0541803,-0.6693,0,0,0,-0.000667008,0.0554377,-0.0391101,0.627491,0.503633,1
2950,322.366,0.627046,0,0,0.808086,-0.000714311,0.0541803,-0.665256,0,0,0,-0.000334393,0.0547652,-0.03821,0.627491,0.503633,1
2960,318.917,0.62389,1.14259e-006,-2.15356e-006,0.806808,-0.000714311,0.0541803,-0.661218,-0.0922435,0.173861,-0.297453,0.000239991,0.0540395,-0.0373288,0.627491,0.503633,1
2970,316.745,0.621165,2.45372e-005,-4.68441e-005,0.805759,-0.000714247,0.0541802,-0.657187,-0.0968927,0.187522,-0.32131,0.000704703,0.0533307,-0.0360234,0.627491,0.503633,1
2980,305.966,0.618819,4.91393e-005,-9.5054e-005,0.805056,-0.000714063,0.0541798,-0.65316,-0.101977,0.202111,-0.346052,0.000866398,0.0529164,-0.0343441,0.627491,0.503633,1
2990,291.116,0.616403,7.50201e-005,-0.000146827,0.805362,-0.000713753,0.0541792,-0.649134,-0.106649,0.215022,-0.367869,0.000907364,0.0529666,-0.032734,0.627491,0.503633,1
3000,289.149,0.613433,0.000102018,-0.000201524,0.806206,-0.000713311,0.0541784,-0.645105,-0.110458,0.224552,-0.384223,0.00107408,0.0530088,-0.0316764,0.626831,0.503247,1
3010,289.02,0.609882,0.000129884,-0.000258194,0.807014,-0.000712732,0.0541772,-0.641073,-0.113569,0.230794,-0.394965,0.00140784,0.0525785,-0.0311968,0.626755,0.503033,1
3020,279.159,0.606113,0.000158609,-0.000316391,0.808309,-0.000712011,0.0541758,-0.637035,-0.11656,0.235331,-0.402026,0.00153504,0.0519326,-0.03093,0.626645,0.502761,1
3030,285.539,0.602525,0.000188164,-0.000375781,0.809735,-0.000711145,0.0541741,-0.63299,-0.119721,0.239401,-0.406955,0.00119694,0.0518017,-0.0304725,0.626645,0.502761,1
3040,300.135,0.599045,0.000218301,-0.000435725,0.810302,-0.000710129,0.054172,-0.628939,-0.12246,0.242273,-0.408544,0.000519584,0.0522673,-0.029899,0.626645,0.502761,1
3050,311.921,0.595247,0.000250199,-0.000493117,0.809952,-0.000708961,0.0541697,-0.624888,-0.244309,0.0461067,-0.684741,5.45724e-005,0.0528529,-0.0296437,0.626645,0.502761,1
3060,317.02,0.590933,0.000310936,-0.000502656,0.809109,-0.000707559,0.0541672,-0.62084,-0.248652,0.0351589,-0.681189,-6.55566e-005,0.0533589,-0.0299083,0.626645,0.502761,1
3070,315.141,0.586362,0.000372547,-0.000508932,0.808262,-0.00070585,0.0541647,-0.616797,-0.252006,0.0200074,-0.67457,-9.61177e-005,0.0539472,-0.030435,0.626645,0.502761,1
3080,310.847,0.581832,0.000434881,-0.000511096,0.807575,-0.000703832,0.0541621,-0.612757,-0.254469,0.0012202,-0.666194,-0.000277561,0.0546019,-0.0309253,0.626808,0.502413,1
3090,302.264,0.577464,0.000497916,-0.000508435,0.807293,-0.0007015,0.0541596,-0.60872,-0.25638,-0.0209124,-0.657865,-0.000521349,0.0550614,-0.0312572,0.627122,0.50192,1
3100,281.601,0.573413,0.000562056,-0.000500643,0.808023,-0.000698851,0.054157,-0.604683,-0.258247,-0.0449502,-0.651751,-0.000767773,0.0552518,-0.0312707,0.627554,0.501365,1
3110,261.601,0.569839,0.000627001,-0.000486288,0.810464,-0.000695877,0.0541546,-0.600638,-0.183549,-0.202214,-0.991679,-0.000854332,0.0552729,-0.0308,0.627801,0.501145,1
3120,257.128,0.566789,0.000674291,-0.000433297,0.814055,-0.000692624,0.0541523,-0.596577,-0.176331,-0.240446,-1.02007,-0.000596596,0.0552232,-0.0297896,0.628109,0.500921,1
3130,260.092,0.564066,0.000718466,-0.000368483,0.817517,-0.000689139,0.0541503,-0.592499,-0.0651977,-0.46188,-0.770046,-9.55898e-005,0.0550724,-0.0284341,0.628632,0.500572,1
3140,260.37,0.561289,0.000736405,-0.000251597,0.820814,-0.000685501,0.0541487,-0.588404,-0.0569955,-0.49041,-0.801602,0.000293561,0.0548955,-0.027116,0.629133,0.500222,1
3150,258.869,0.558157,0.000749755,-0.000127852,0.824245,-0.000681779,0.0541478,-0.584292,0.150893,-0.500113,-1.13383,0.00033892,0.0546304,-0.026136,0.629783,0.49975,1
3160,273.606,0.554653,0.000711883,-1.6447e-006,0.827162,-0.000678123,0.0541474,-0.580164,0.174432,-0.519685,-1.16536,0.000242366,0.0540751,-0.0255118,0.630491,0.499264,1
3170,284.632,0.550903,0.000666335,0.000129346,0.828818,-0.000674674,0.0541477,-0.576024,0.203372,-0.536555,-1.19869,0.000170315,0.0532018,-0.0251226,0.631085,0.498889,1
3180,277.21,0.547147,0.000612737,0.000264622,0.830455,-0.000671473,0.0541487,-0.571876,0.23861,-0.552695,-1.23758,8.7097e-007,0.0524615,-0.0247327,0.63169,0.498533,1
3190,260.527,0.543551,0.000550247,0.000404611,0.833164,-0.000668562,0.0541504,-0.567718,0.280138,-0.569306,-1.28333,-0.000564117,0.0522233,-0.0241709,0.632612,0.498019,1
3200,244.062,0.540068,0.00047763,0.000550113,0.837456,-0.000665989,0.0541528,-0.563543,0.326003,-0.586545,-1.33339,-0.00126953,0.0523975,-0.0234791,0.633738,0.497421,1
3210,225.22,0.536403,0.000394,0.000702146,0.843696,-0.000663805,0.0541559,-0.559343,0.373548,-0.604768,-1.38457,-0.0017123,0.0525815,-0.0229432,0.634677,0.496952,1
3220,221.739,0.532455,0.000300308,0.000861291,0.85154,-0.00066207,0.0541598,-0.555107,0.277468,-0.613559,-1.77244,-0.00167801,0.0525147,-0.0226554,0.635469,0.496582,1
3230,244.865,0.52819,0.000231111,0.00102019,0.858125,-0.000660741,0.0541645,-0.550833,0.186258,-0.433836,-2.12984,-0.00133672,0.0521284,-0.022648,0.636471,0.496142,1
3240,279.698,0.52357,0.000183476,0.00113314,0.861571,-0.000659703,0.0541699,-0.546533,0.202131,-0.448357,-2.23761,-0.000983546,0.0516283,-0.0229693,0.637658,0.495649,1
3250,297.385,0.518343,0.000132734,0.00124655,0.862647,-0.000658912,0.0541758,-0.542222,0.206407,-0.461468,-2.36319,-0.000990713,0.0512041,-0.0238877,0.638782,0.495203,1
3260,286.834,0.51253,8.20549e-005,0.0013634,0.863746,-0.000658376,0.0541824,-0.537907,0.202262,-0.476286,-2.50827,-0.00125611,0.0509123,-0.0253876,0.639755,0.494816,1
3270,278.91,0.506353,3.28169e-005,0.00148616,0.865796,-0.000658089,0.0541895,-0.533584,0.195923,-0.496982,-2.67541,-0.00154212,0.0506733,-0.0272439,0.640538,0.49449,1
3280,279.549,0.500172,-1.49549e-005,0.00161551,0.868073,-0.000658045,0.0541972,-0.529249,0.189559,-0.525249,-2.86466,-0.00186207,0.0507982,-0.0290904,0.641069,0.494255,1
3290,274.887,0.494004,-6.08743e-005,0.00175325,0.870516,-0.000658235,0.0542057,-0.524904,0.185838,-0.570943,-3.10289,-0.00233288,0.051536,-0.0309095,0.64138,0.494119,1
3300,254.678,0.487875,-0.000104795,0.00190533,0.874221,-0.000658652,0.0542148,-0.520543,0.164324,-0.606169,-3.29935,-0.00282255,0.0526123,-0.0326762,0.641499,0.494087,1
3310,230.406,0.481822,-0.000142624,0.00207137,0.880454,-0.000659273,0.0542247,-0.516159,0.134039,-0.632722,-3.4725,-0.00317874,0.0532975,-0.0343445,0.641522,0.494083,1
3320,220.684,0.476068,-0.000173622,0.00224867,0.888933,-0.000660066,0.0542355,-0.511738,0.106634,-0.645795,-3.61745,-0.0032826,0.0535373,-0.0356781,0.641668,0.49407,1
3330,243.576,0.470636,-0.000199396,0.00242689,0.896632,-0.000661,0.0542472,-0.507275,0.0923488,-0.647985,-3.73689,-0.00302264,0.0536627,-0.036645,0.641899,0.494065,1
3340,278.409,0.465642,-0.000223149,0.00259455,0.900691,-0.000662055,0.0542598,-0.502781,0.147845,-0.541056,-4.17712,-0.0025205,0.0537186,-0.0371423,0.642321,0.494072,1
3350,298.67,0.46108,-0.000259801,0.00272859,0.902452,-0.000663263,0.0542731,-0.498272,0.144598,-0.523563,-4.29814,-0.00196938,0.0534367,-0.0371953,0.642748,0.494093,1
3360,308.557,0.456829,-0.000293624,0.00285473,0.903194,-0.000664648,0.054287,-0.493758,0.12672,-0.502619,-4.42618,-0.00139516,0.0531251,-0.0369309,0.64314,0.494125,1
3370,305.458,0.452488,-0.00032133,0.00297448,0.9037,-0.000666189,0.0543016,-0.489241,0.0976253,-0.47992,-4.56064,-0.000850361,0.0531192,-0.0367545,0.643513,0.494164,1
3380,293.002,0.447878,-0.000343827,0.00309488,0.904915,-0.00066785,0.0543168,-0.48472,0.235302,-0.761246,-5.14262,-0.00061954,0.0532745,-0.0368426,0.643977,0.494225,1
3390,277.652,0.442963,-0.000400719,0.00328876,0.907447,-0.000669712,0.0543327,-0.48019,0.233729,-0.770335,-5.32971,-0.000546379,0.0531959,-0.0372278,0.644386,0.49429,1
3400,258.246,0.437959,-0.000457622,0.00349214,0.91157,-0.000671859,0.0543497,-0.475644,0.213807,-0.788401,-5.49552,-0.000276462,0.0529735,-0.0376874,0.644403,0.494294,1
3410,239.95,0.43294,-0.000510015,0.00370928,0.917763,-0.00067428,0.0543677,-0.471072,0.187399,-0.81105,-5.69661,-4.20613e-005,0.0527449,-0.0381359,0.644403,0.494294,1
3420,233.39,0.427944,-0.000556382,0.00393969,0.925664,-0.000676948,0.0543868,-0.466466,0.155697,-0.830556,-5.93514,-0.00050189,0.0525393,-0.0385254,0.644403,0.494294,1
3430,246.97,0.422742,-0.000594049,0.00417233,0.933026,-0.000679827,0.0544071,-0.46182,0.117703,-0.838109,-6.19217,-0.00151548,0.0523799,-0.0390833,0.644403,0.494294,1
3440,276.067,0.417107,-0.000619944,0.00439498,0.938,-0.000682867,0.0544285,-0.457142,0.0728111,-0.831624,-6.44143,-0.00224807,0.0524512,-0.0400424,0.644518,0.494343,1
3450,308.297,0.410889,-0.000635096,0.00460542,0.940167,-0.000686005,0.054451,-0.452445,0.201775,-1.07341,-7.62606,-0.00219673,0.0526286,-0.0415635,0.644542,0.494355,1
3460,341.32,0.404441,-0.000677011,0.00486272,0.940211,-0.000689298,0.0544747,-0.447743,-0.155727,-1.07177,-8.38354,-0.00165626,0.052749,-0.0433074,0.644715,0.49446,1
3470,360.999,0.398116,-0.000631326,0.00510972,0.93871,-0.000692573,0.0544996,-0.443045,-0.190021,-1.07559,-8.69644,-0.00108351,0.0529725,-0.0449314,0.644827,0.494539,1
3480,350.944,0.391996,-0.000578872,0.00535369,0.937136,-0.000695602,0.0545258,-0.438354,-0.220949,-1.04575,-8.96821,-0.000843238,0.0536843,-0.0463595,0.64487,0.494575,1
3490,331.629,0.385748,-0.000520801,0.00559207,0.936641,-0.000698352,0.0545531,-0.43367,-0.232514,-1.0021,-9.05464,-0.00110786,0.0548191,-0.0479219,0.64487,0.494575,1
3500,326.14,0.379325,-0.000462981,0.00581173,0.936907,-0.000700811,0.0545817,-0.428985,-0.236494,-0.338048,-9.90565,-0.00171517,0.0558959,-0.0496641,0.64487,0.494575,1
3510,320.04,0.372976,-0.000409674,0.00586071,0.93762,-0.000702987,0.0546109,-0.424299,-0.187079,-0.147275,-9.77028,-0.00202989,0.0564651,-0.0513298,0.644877,0.494583,1
3520,304.237,0.367218,-0.000375636,0.00586068,0.939192,-0.000704938,0.0546402,-0.419607,-0.0763384,0.116059,-9.4384,-0.00163351,0.056446,-0.0523946,0.645078,0.494859,1
3530,312.111,0.362287,-0.00037532,0.00579014,0.941019,-0.000706799,0.0546694,-0.414906,0.082691,0.442553,-8.93552,-0.000713426,0.0560209,-0.052622,0.645078,0.494859,1
3540,341.733,0.357996,-0.000419313,0.00561982,0.941156,-0.000708765,0.0546979,-0.410199,0.28596,0.84793,-8.30645,0.000251139,0.0554345,-0.0522049,0.645078,0.494859,1
3550,360.264,0.353842,-0.00051624,0.00533235,0.9396,-0.000711081,0.0547254,-0.405496,0.517706,1.32359,-7.77192,0.00102725,0.054783,-0.0516587,0.645078,0.494859,1
3560,365.183,0.349598,-0.000666844,0.00492611,0.937355,-0.000714019,0.0547511,-0.400803,0.710805,1.76448,-7.44538,0.00144796,0.0539195,-0.0512124,0.645078,0.494859,1
3570,366.036,0.345239,-0.000858206,0.00441938,0.934962,-0.000717818,0.0547745,-0.396121,0.855747,2.15056,-7.33079,0.00142851,0.0529179,-0.0508934,0.645078,0.494859,1
3580,356.56,0.340835,-0.00108224,0.00382154,0.932786,-0.000722656,0.0547951,-0.39145,0.988295,2.54079,-7.25938,0.00124171,0.0523169,-0.0506305,0.645078,0.494859,1
3590,342.556,0.336236,-0.00134193,0.00312522,0.931296,-0.000728701,0.0548125,-0.38679,1.14864,2.9939,-7.17083,0.00129359,0.0525298,-0.0505673,0.645078,0.494859,1
3600,320.735,0.331317,-0.00164596,0.00231372,0.930841,-0.000736151,0.0548262,-0.382134,1.336,3.51314,-7.12273,0.00157218,0.053037,-0.0508305,0.645105,0.494978,1
3610,290.054,0.326061,-0.00199956,0.00137192,0.932338,-0.000745244,0.0548355,-0.377477,1.51902,4.09816,-7.07633,0.00180164,0.053107,-0.0514308,0.645146,0.495243,1
3620,261.109,0.320795,-0.00240174,0.000271344,0.936265,-0.000756225,0.0548397,-0.372808,1.68265,4.83526,-6.8481,0.00184888,0.0526464,-0.0520302,0.645157,0.495444,1
3630,235.373,0.315685,-0.00285497,-0.00105016,0.943062,-0.00076934,0.0548378,-0.368112,1.86554,5.87009,-6.20439,0.00156496,0.0523148,-0.0524449,0.64518,0.495731,1
3640,231.622,0.310637,-0.00336902,-0.00269249,0.951559,-0.000784868,0.0548286,-0.363377,2.03705,7.70756,-5.45345,0.00084313,0.0526686,-0.0527519,0.645207,0.495916,1
3650,250.508,0.30524,-0.00393473,-0.0048378,0.958588,-0.00080309,0.05481,-0.358602,2.35337,9.44742,-4.08183,-0.000131622,0.0539698,-0.0533639,0.645207,0.495916,1
3660,277.968,0.299256,-0.00456209,-0.00742254,0.962607,-0.000824316,0.0547796,-0.353798,2.33495,11.8574,-3.55918,-0.000870645,0.0557198,-0.0545436,0.645204,0.495921,1
3670,297.422,0.292837,-0.0051467,-0.0105664,0.96417,-0.0008486,0.0547347,-0.348981,1.95892,13.5679,-2.93575,-0.00113967,0.0570761,-0.0561535,0.645204,0.495921,1
3680,293.142,0.286764,-0.0056089,-0.0141422,0.965047,-0.000875511,0.0546732,-0.344158,1.73863,15.3469,-1.86466,-0.000945359,0.0574324,-0.0574069,0.645143,0.496043,1
3690,276.647,0.281497,-0.00601468,-0.0182477,0.966571,-0.000904593,0.0545925,-0.33933,1.42185,17.3615,-0.488015,-0.000455007,0.0572471,-0.057846,0.644958,0.496392,1
3700,250.612,0.276579,-0.00636598,-0.0229778,0.969903,-0.000935549,0.0544897,-0.33449,1.2519,20.2305,1.70593,0.00018487,0.0571077,-0.0579264,0.644775,0.496685,1
3710,229.715,0.271063,-0.00670818,-0.0284946,0.97549,-0.000968223,0.0543614,-0.329629,1.17811,22.8497,3.70549,0.000725623,0.0571364,-0.0585854,0.644578,0.496963,1
3720,213.157,0.264954,-0.00705688,-0.0347089,0.983219,-0.00100261,0.0542038,-0.324736,1.20868,24.555,4.81149,0.00104268,0.0568923,-0.0598033,0.644401,0.49719,1
3730,209.571,0.259217,-0.00743394,-0.0414741,0.992517,-0.00103882,0.0540137,-0.319799,1.21987,26.7978,6.2131,0.00107635,0.0563838,-0.0606015,0.644338,0.497264,1
3740,221.624,0.254664,-0.00783364,-0.0489059,1.00054,-0.00107694,0.0537881,-0.314818,1.75402,29.953,7.58591,0.000926949,0.0557645,-0.0601698,0.64423,0.497379,1
3750,237.052,0.251093,-0.00837537,-0.0570953,1.00607,-0.00111742,0.0535235,-0.309802,1.84043,32.5212,8.14919,0.000736772,0.0551569,-0.0587218,0.644026,0.497581,1
3760,266.049,0.247738,-0.00893396,-0.0656798,1.00891,-0.00116064,0.0532167,-0.304765,2.32196,34.0251,8.63755,0.000705715,0.0544794,-0.0570364,0.643926,0.497672,1
3770,304.019,0.244009,-0.00957054,-0.0741627,1.00798,-0.00120687,0.052867,-0.299721,2.70413,33.5056,7.93241,0.00079569,0.0539596,-0.0557227,0.643839,0.497744,1
3780,330.003,0.239851,-0.0102528,-0.0821087,1.00462,-0.00125642,0.052476,-0.294689,3.15905,31.2072,6.42204,0.00079396,0.0536377,-0.0548492,0.643607,0.497911,1
3790,331.628,0.235671,-0.0109913,-0.0892918,1.00061,-0.00130955,0.0520471,-0.289675,3.29668,28.3116,5.42089,0.000633805,0.0534668,-0.0540168,0.643328,0.498082,1
3800,299.436,0.23189,-0.0117176,-0.0958003,0.997999,-0.00136639,0.0515841,-0.284679,2.63178,25.0369,5.65287,0.000645241,0.0534059,-0.0528054,0.642962,0.498313,1
3810,252.125,0.228471,-0.0123059,-0.101734,0.99893,-0.00142649,0.0510901,-0.279689,1.906,20.62,6.73769,0.000945215,0.0536409,-0.0512455,0.642491,0.498614,1
3820,229.802,0.224764,-0.012806,-0.106851,1.0039,-0.00148928,0.0505683,-0.274685,1.49177,14.7036,8.58507,0.00115107,0.0540515,-0.0499632,0.642212,0.498783,1
3830,252.195,0.22026,-0.0132175,-0.110421,1.00782,-0.00155437,0.0500246,-0.269656,1.08497,8.75713,11.7949,0.000888606,0.0543558,-0.0494515,0.642205,0.498806,1
3840,295.263,0.215267,-0.0133579,-0.112417,1.00657,-0.00162099,0.049467,-0.264618,-0.545538,6.17806,17.627,0.00043048,0.0544406,-0.0494185,0.642144,0.499037,1
3850,336.245,0.210561,-0.0126867,-0.114199,0.999577,-0.00168664,0.0489008,-0.2596,-5.47335,11.1403,27.857,6.26675e-005,0.0546106,-0.049124,0.64208,0.499314,1
3860,359.102,0.206302,-0.0101122,-0.118312,0.987296,-0.00174476,0.0483211,-0.25463,-16.0519,27.4526,44.064,-0.000203573,0.0551511,-0.0484467,0.642034,0.499472,1
3870,371.224,0.201976,-0.00414829,-0.127842,0.969221,-0.00178217,0.0477085,-0.249735,-32.6281,55.8026,66.2092,-0.000355423,0.0560924,-0.0479376,0.642033,0.499473,1
3880,359.773,0.197044,0.00627101,-0.14536,0.945389,-0.00177882,0.0470291,-0.244945,-51.3733,91.0522,91.4723,-0.000254089,0.0571026,-0.048164,0.642033,0.499473,1
3890,337.451,0.191568,0.0209513,-0.171747,0.916461,-0.00171235,0.0462399,-0.240287,-66.5476,125.828,115.786,-0.000133297,0.0575805,-0.0490619,0.642033,0.499473,1
3900,306.094,0.186341,0.0385883,-0.206554,0.883616,-0.00156439,0.0452975,-0.235785,-74.9069,156.961,136.633,-0.0002402,0.0573124,-0.0498368,0.642033,0.499473,1
3910,288.33,0.182303,0.0572062,-0.248916,0.848286,-0.00132473,0.0441617,-0.231455,-72.72,182.205,151.873,-0.000445095,0.056726,-0.0495874,0.642033,0.499473,1
3920,307.963,0.17938,0.0729675,-0.295723,0.809867,-0.000996882,0.0428009,-0.227308,-50.1033,191.43,157.924,-0.000529491,0.056325,-0.0484392,0.642033,0.499473,1
3930,323.248,0.176602,0.0796507,-0.341177,0.769928,-0.000610045,0.0412066,-0.223358,-0.662165,175.078,154,-0.000622692,0.0561007,-0.0473857,0.641823,0.499773,1
3940,317.861,0.173535,0.0716332,-0.379963,0.731574,-0.000224804,0.0394001,-0.219605,65.7304,141.63,145.24,-0.000920483,0.0559788,-0.046866,0.641597,0.500077,1
3950,305.063,0.170707,0.0468415,-0.410485,0.696052,7.8466e-005,0.0374206,-0.216037,133.025,108.536,136.829,-0.00150304,0.0559606,-0.0463476,0.641337,0.500407,1
3960,298.908,0.168752,0.00652558,-0.434017,0.662914,0.000217881,0.0353067,-0.212641,189.904,82.9845,130.197,-0.0022703,0.0560405,-0.0451858,0.641123,0.500685,1
3970,300.599,0.167659,-0.0457367,-0.451938,0.631441,0.000123926,0.0330895,-0.209405,228.567,61.5981,124.496,-0.0028868,0.056005,-0.0433472,0.640794,0.501121,1
3980,299.6,0.167013,-0.105103,-0.464562,0.601107,-0.000251148,0.0307961,-0.206325,247.906,40.856,119.82,-0.0028072,0.0559863,-0.0412421,0.640335,0.501729,1
3990,292.194,0.166356,-0.16752,-0.472291,0.572077,-0.000932029,0.028452,-0.203392,253.879,20.0705,116.633,-0.00187029,0.0561139,-0.0393552,0.64001,0.502152,1
4000,280.471,0.165592,-0.230638,-0.475242,0.544002,-0.00192735,0.0260813,-0.200602,252.851,-0.601676,115.355,-0.000557514,0.0563689,-0.0378097,0.639944,0.502259,1
4010,260.401,0.164782,-0.293388,-0.473826,0.516896,-0.00323759,0.0237071,-0.197951,246.397,-22.2135,116.237,0.000428856,0.0564876,-0.0365041,0.639943,0.502265,1
4020,261.376,0.164084,-0.35429,-0.467309,0.489691,-0.00485775,0.0213522,-0.195434,233.549,-46.0724,120.017,0.000800267,0.0566147,-0.0352842,0.639942,0.502289,1
4030,278.978,0.163376,-0.410805,-0.45364,0.460394,-0.00677263,0.0190467,-0.193058,212.988,-75.576,127.352,0.000643359,0.0566391,-0.0342388,0.639942,0.502289,1
4040,279.56,0.162488,-0.460641,-0.43072,0.428188,-0.00895439,0.0168314,-0.190836,180.705,-118.64,139.605,0.000290786,0.0564188,-0.033515,0.639942,0.502289,1
4050,276.983,0.161245,-0.500237,-0.394217,0.392212,-0.011362,0.014762,-0.188783,126.245,-188.508,158.903,0.000321383,0.0559829,-0.0333348,0.639942,0.502289,1
4060,272.034,0.160016,-0.522392,-0.335194,0.350087,-0.0139275,0.0129266,-0.186924,36.6749,-303.739,190.452,0.00108762,0.0559371,-0.0335302,0.639966,0.502297,1
4070,247.859,0.159241,-0.517773,-0.239805,0.297968,-0.0165411,0.0114701,-0.185299,-98.3593,-488.546,245.031,0.0021844,0.0565125,-0.0337129,0.640261,0.5023,1
4080,215.893,0.159055,-0.475195,-0.0878078,0.229078,-0.0190413,0.0106222,-0.183973,-284.158,-763.165,332.716,0.00291531,0.0575286,-0.0335858,0.640568,0.502188,1
4090,214.856,0.158955,-0.382598,0.143584,0.134906,-0.0212079,0.0107242,-0.183051,-499.661,-1107.54,443.906,0.0029385,0.0583117,-0.0333215,0.640672,0.502238,1
4100,245.239,0.158542,-0.23832,0.46018,0.0127553,-0.0227785,0.0122006,-0.182671,-666.811,-1407.8,540.089,0.00222568,0.0585519,-0.0331321,0.640672,0.502238,1
4110,272.224,0.157679,-0.0685,0.827233,-0.126886,-0.0235468,0.0154101,-0.182953,-675.943,-1488.91,571.673,0.000981137,0.0581245,-0.0331645,0.640672,0.502238,1
4120,286.654,0.156761,0.0804428,1.179,-0.264437,-0.0234985,0.0204459,-0.183936,-501.685,-1298.78,525.502,-0.000175605,0.0573599,-0.0333797,0.640672,0.502238,1
4130,309.914,0.156306,0.172916,1.461,-0.384655,-0.0228373,0.0270821,-0.185568,-240.436,-967.635,443.094,-0.000734487,0.0566256,-0.0336797,0.640673,0.502238,1
4140,327.196,0.156829,0.200902,1.65702,-0.484095,-0.0218768,0.0349128,-0.187748,3.50872,-644.267,368.873,-0.000854818,0.0563498,-0.0338198,0.640802,0.502138,1
4150,330.208,0.158384,0.175982,1.7801,-0.567481,-0.0209158,0.043533,-0.190383,181.542,-396.027,317.692,-0.000834966,0.0562944,-0.0337965,0.640856,0.502051,1
4160,317.024,0.160878,0.116954,1.85286,-0.64031,-0.0201732,0.052633,-0.193407,278.8,-229.518,279.415,-0.000521281,0.0559692,-0.0337679,0.640904,0.501905,1
4170,307.948,0.164248,0.0444523,1.89409,-0.703794,-0.0197683,0.0620112,-0.196771,293.043,-125.37,236.252,0.000117962,0.0551075,-0.0338776,0.640989,0.50157,1
4180,307.872,0.168673,-0.0232574,1.91487,-0.755642,-0.0197202,0.0715413,-0.200425,246.99,-54.6127,185.455,0.000536312,0.0539387,-0.033901,0.64113,0.501098,1
4190,322.858,0.174232,-0.0765151,1.91841,-0.794888,-0.0199764,0.0811327,-0.204307,183.778,8.69475,140.875,0.000418726,0.052623,-0.0336374,0.641242,0.500802,1
4200,341.72,0.180613,-0.115056,1.90283,-0.824088,-0.0204609,0.0906955,-0.208358,132.726,80.2721,115.086,0.000222922,0.0514655,-0.0332747,0.641321,0.500659,1
4210,357.259,0.187108,-0.143785,1.86565,-0.848735,-0.0211108,0.100128,-0.212542,108.647,167.592,112.135,0.000459579,0.0507847,-0.0333505,0.641459,0.500419,1
4220,349.188,0.193399,-0.171261,1.80429,-0.874984,-0.0218967,0.109315,-0.21685,126.075,273.373,130.278,0.000947792,0.0507036,-0.0339674,0.641618,0.500167,1
4230,315.297,0.199557,-0.209527,1.71665,-0.909704,-0.0228414,0.118131,-0.221307,195.707,404.734,171.322,0.00141552,0.0510213,-0.0349442,0.641817,0.499862,1
4240,279.409,0.205857,-0.272786,1.59746,-0.960006,-0.0240333,0.126431,-0.225973,324.089,568.188,234.674,0.00175117,0.051436,-0.036005,0.642094,0.499436,1
4250,274.063,0.212671,-0.374864,1.43789,-1.03021,-0.0256337,0.134038,-0.23094,497.701,747.743,313.771,0.00170895,0.0515719,-0.0368238,0.642168,0.499315,1
4260,284.518,0.22017,-0.519196,1.23755,-1.11947,-0.0278527,0.140739,-0.236306,647.559,870.031,388.102,0.00113748,0.0514139,-0.0371697,0.642168,0.499315,1
4270,293.281,0.227865,-0.685372,1.02292,-1.22231,-0.0308629,0.146388,-0.242157,659,844.121,422.505,0.000569439,0.0512438,-0.0375052,0.642168,0.499315,1
4280,323.408,0.235174,-0.831912,0.831356,-1.3238,-0.0346732,0.151008,-0.248526,507.806,683.279,394.857,0.000583173,0.0513343,-0.0384571,0.642168,0.499315,1
4290,341.358,0.242102,-0.928894,0.68394,-1.4105,-0.0390991,0.154776,-0.255371,293.062,494.182,331.424,0.00108669,0.051721,-0.0400151,0.642174,0.499291,1
4300,342.237,0.249374,-0.974624,0.578703,-1.47953,-0.0438781,0.157918,-0.262604,109.144,348.866,264.283,0.00149037,0.0520439,-0.0414255,0.642174,0.499291,1
4310,327.108,0.25753,-0.982028,0.503132,-1.53467,-0.0487835,0.160613,-0.270145,-19.9065,258.033,216.781,0.0015921,0.0518621,-0.0422033,0.642174,0.499291,1
4320,315.072,0.266249,-0.96431,0.445235,-1.5826,-0.0536583,0.162979,-0.277941,-105.391,209.452,192.354,0.00155977,0.051251,-0.0426613,0.642174,0.499291,1
4330,320.338,0.274785,-0.929664,0.395706,-1.62696,-0.0583994,0.165079,-0.285966,-159.342,189.447,185.661,0.00150403,0.0508062,-0.0433558,0.642174,0.499291,1
4340,310.639,0.283151,-0.884617,0.348792,-1.67081,-0.0629385,0.16694,-0.29421,-191.493,187.369,187.217,0.0014608,0.0507053,-0.0441777,0.642216,0.498819,1
4350,289.381,0.291877,-0.834844,0.301593,-1.7181,-0.0672384,0.168567,-0.302681,-209.003,194.998,192.99,0.00164746,0.0509117,-0.044603,0.642227,0.498595,1
4360,285.403,0.301171,-0.782845,0.252044,-1.76884,-0.0712831,0.169952,-0.311397,-216.772,208.03,200.132,0.00199345,0.0512026,-0.0445018,0.64223,0.498284,1
4370,282.162,0.310776,-0.730309,0.19919,-1.82194,-0.0750654,0.171082,-0.320372,-214.281,220.307,207.364,0.00210824,0.0512978,-0.0441873,0.642221,0.497931,1
4380,281.336,0.320619,-0.679614,0.144027,-1.87688,-0.0785887,0.17194,-0.329618,-202.634,225.414,211.064,0.00207519,0.0507608,-0.043951,0.642205,0.497438,1
4390,291.76,0.33061,-0.632522,0.0889156,-1.93137,-0.0818671,0.172522,-0.339139,-183.114,218.533,208.502,0.00226684,0.0498111,-0.0438988,0.642177,0.496775,1
4400,311.487,0.340424,-0.590113,0.0369454,-1.98104,-0.0849214,0.172835,-0.348923,-156.823,198.812,195.153,0.00238142,0.0488077,-0.0441537,0.642152,0.49635,1
4410,319.194,0.349955,-0.554322,-0.00867728,-2.02395,-0.0877794,0.172902,-0.358939,-125.375,167.743,171.137,0.00194699,0.0482574,-0.044485,0.642154,0.496221,1
4420,310.61,0.359609,-0.526674,-0.0455948,-2.05992,-0.0904784,0.172762,-0.369152,-92.5851,129.642,138.976,0.00136916,0.0482589,-0.0445264,0.642154,0.496221,1
4430,295.581,0.369542,-0.507425,-0.0729774,-2.08962,-0.0930603,0.172462,-0.379529,-63.0113,91.9942,103.269,0.00128759,0.0487898,-0.0443197,0.642154,0.496221,1
4440,296.762,0.379461,-0.495053,-0.0916905,-2.11187,-0.0955641,0.172047,-0.390036,-39.7143,60.0284,69.9775,0.00186126,0.0493707,-0.0444214,0.642154,0.496221,1
4450,303.358,0.389363,-0.487372,-0.10346,-2.12572,-0.0980185,0.171556,-0.400633,-23.4267,36.4181,43.0006,0.00295607,0.0496811,-0.0448884,0.642154,0.496221,1
4460,319.972,0.399832,-0.482493,-0.110322,-2.13188,-0.100442,0.17102,-0.411281,-13.2246,21.0015,23.8046,0.0042883,0.0494286,-0.0450676,0.642154,0.496221,1
4470,344.323,0.411015,-0.478794,-0.114,-2.13071,-0.102846,0.170458,-0.421941,-7.37356,12.0407,12.321,0.00511324,0.0489213,-0.0444406,0.642101,0.496055,1
4480,342.664,0.422111,-0.47585,-0.115881,-2.12571,-0.105232,0.169883,-0.432585,-4.00568,6.67237,4.58161,0.00505094,0.0487113,-0.0435693,0.641903,0.495454,1
4490,328.996,0.432366,-0.473831,-0.116792,-2.12047,-0.107606,0.169301,-0.443201,-2.28156,3.59661,0.276082,0.00454939,0.0493863,-0.0432244,0.641662,0.494756,1
4500,312.94,0.442239,-0.472685,-0.117244,-2.11687,-0.109973,0.168716,-0.453795,-0.886941,1.81389,-2.05944,0.00424071,0.0506221,-0.0432048,0.641448,0.494164,1
4510,291.939,0.45261,-0.47244,-0.117513,-2.11571,-0.112335,0.168129,-0.464375,-0.549032,0.545196,-3.29627,0.00394073,0.0517664,-0.0427167,0.641313,0.493813,1
4520,270.384,0.463659,-0.473236,-0.117788,-2.11877,-0.114699,0.167541,-0.474959,-0.00245136,0.0835753,-3.78794,0.00342895,0.0521985,-0.0416897,0.641313,0.493813,1
4530,272.523,0.475057,-0.474598,-0.1181,-2.12382,-0.117068,0.166951,-0.485564,0.0724691,-0.248403,-4.19354,0.00289084,0.0520751,-0.040488,0.641313,0.493813,1
4540,292.506,0.486747,-0.475355,-0.118199,-2.12607,-0.119443,0.16636,-0.496189,0.0739568,-0.408205,-4.26618,0.00265892,0.0516443,-0.0391835,0.641313,0.493813,1
4550,319.411,0.498602,-0.475096,-0.118021,-2.12379,-0.12182,0.165769,-0.506816,0.0574615,-0.465838,-4.10086,0.0025681,0.0512107,-0.0377661,0.641259,0.493678,1
4560,346.876,0.51035,-0.473874,-0.117598,-2.11731,-0.124193,0.16518,-0.517422,0.0115814,-0.472747,-3.82178,0.00257343,0.0507272,-0.0364974,0.641198,0.493505,1
4570,350.71,0.52207,-0.472131,-0.11705,-2.10864,-0.126558,0.164593,-0.527989,-0.0759478,-0.5559,-2.82465,0.00295085,0.0503225,-0.0353155,0.641198,0.493505,1
4580,338.311,0.534151,-0.470598,-0.116545,-2.10123,-0.128915,0.164009,-0.538514,-0.110392,-0.505342,-2.58649,0.00381932,0.0500496,-0.0338241,0.641198,0.493505,1
4590,331.222,0.546392,-0.469393,-0.116136,-2.09537,-0.131265,0.163428,-0.549007,-0.132689,-0.447999,-2.33711,0.00465712,0.0501594,-0.0320548,0.641198,0.493505,1
4600,327.556,0.558145,-0.468283,-0.115766,-2.09002,-0.13361,0.162848,-0.559471,-0.142468,-0.390334,-2.094,0.00521329,0.0504809,-0.0306731,0.641198,0.493505,1
4610,305.532,0.569263,-0.467649,-0.115528,-2.08686,-0.135949,0.16227,-0.569913,-0.141736,-0.334341,-1.86053,0.00563819,0.0506125,-0.0299622,0.641198,0.493505,1
4620,284.425,0.580401,-0.467885,-0.115519,-2.08762,-0.138288,0.161692,-0.580347,0.0600682,-0.18349,-1.37927,0.00583115,0.0502179,-0.0292854,0.641198,0.493505,1
4630,281.081,0.59193,-0.468747,-0.115687,-2.0911,-0.140629,0.161114,-0.590793,-0.0314252,-0.239085,-0.864088,0.00520999,0.0498768,-0.027997,0.641062,0.493191,1
4640,304.189,0.603415,-0.469012,-0.1157,-2.09212,-0.142974,0.160536,-0.601252,-0.0277397,-0.197347,-0.747049,0.00390134,0.0502378,-0.0264726,0.641062,0.493191,1
4650,312.077,0.61447,-0.468597,-0.115555,-2.09013,-0.145318,0.159958,-0.611709,-0.0221847,-0.16149,-0.638366,0.00276324,0.0511294,-0.0253621,0.641051,0.493169,1
4660,299.932,0.625504,-0.468373,-0.115465,-2.089,-0.14766,0.15938,-0.622156,-0.0160607,-0.131337,-0.539532,0.00257243,0.0517177,-0.0245822,0.641051,0.493169,1
4670,297.936,0.636977,-0.468474,-0.115461,-2.08935,-0.150002,0.158803,-0.632601,-0.010556,-0.106811,-0.453388,0.00335043,0.0517714,-0.0236953,0.641051,0.493169,1
4680,303.188,0.648673,-0.468433,-0.115427,-2.08907,-0.152345,0.158225,-0.643048,-0.00621618,-0.0872355,-0.379896,0.00465074,0.0516344,-0.0227521,0.641051,0.493169,1
4690,311.767,0.660129,-0.468147,-0.115338,-2.08771,-0.154686,0.157649,-0.653491,0,0,0,0.00567459,0.0516647,-0.021967,0.641051,0.493169,1
4700,312.775,0.671341,-0.467651,-0.115216,-2.0855,-0.157026,0.157072,-0.663924,0,0,0,0.00596491,0.0519295,-0.0212137,0.641051,0.493169,1
4710,311.139,0.682453,-0.467203,-0.115106,-2.0835,-0.159363,0.156496,-0.674347,0,0,0,0.00572017,0.0522559,-0.0204182,0.641051,0.493169,1
4720,307.101,0.693397,-0.466861,-0.115021,-2.08198,-0.161699,0.155921,-0.684761,0,0,0,0.00548757,0.0521654,-0.0198674,0.641051,0.493169,1
4730,301.056,0.704221,-0.466716,-0.114986,-2.08133,-0.164032,0.155346,-0.695169,0,0,0,0.00539723,0.0511061,-0.0196291,0.641051,0.493169,1
4740,295.359,0.715315,-0.466786,-0.115003,-2.08165,-0.166366,0.154771,-0.705576,0,0,0,0.00530291,0.0492906,-0.0192245,0.641051,0.493169,1
4750,294.38,0.726861,-0.46703,-0.115063,-2.08273,-0.168701,0.154196,-0.715987,0,0,0,0.0052655,0.0476172,-0.0183455,0.641051,0.493169,1
4760,298.19,0.738386,-0.467187,-0.115102,-2.08343,-0.171036,0.15362,-0.726402,0,0,0,0.00570937,0.0468862,-0.0174714,0.640655,0.492915,1
4770,316.887,0.749385,-0.466906,-0.115033,-2.08218,-0.173372,0.153045,-0.736818,0,0,0,0.00657526,0.0470123,-0.0171273,0.640475,0.49282,1
4780,331.891,0.760043,-0.465955,-0.114798,-2.07794,-0.175704,0.15247,-0.74722,0,0,0,0.00720384,0.0475689,-0.0170106,0.640051,0.492615,1
4790,327.097,0.770949,-0.464885,-0.114535,-2.07317,-0.178032,0.151897,-0.757599,0,0,0,0.00725785,0.0481777,-0.0164692,0.639627,0.492428,1
4800,321.442,0.782316,-0.464008,-0.114318,-2.06925,-0.180354,0.151325,-0.767955,0,0,0,0.00702055,0.0487671,-0.0153662,0.639254,0.492278,1
4810,296.7,0.793773,-0.463658,-0.114232,-2.06769,-0.182673,0.150753,-0.778296,0,0,0,0.00659411,0.0492429,-0.0141307,0.63867,0.492061,1
4820,265.849,0.804891,-0.464507,-0.114442,-2.07148,-0.184992,0.150182,-0.788641,0,0,0,0.00595899,0.0497214,-0.0132088,0.638154,0.491885,1
4830,247.988,0.815668,-0.466628,-0.114964,-2.08094,-0.187319,0.149609,-0.799018,0,0,0,0.00542871,0.0501969,-0.0127104,0.638154,0.491885,1
4840,261.465,0.826418,-0.468793,-0.115497,-2.09059,-0.189658,0.149033,-0.809446,0,0,0,0.00524692,0.0508457,-0.0123648,0.638154,0.491885,1
4850,284.964,0.837521,-0.469878,-0.115765,-2.09544,-0.192005,0.148454,-0.819912,0,0,0,0.00522622,0.0517003,-0.0117165,0.638154,0.491885,1
4860,295.732,0.849176,-0.47017,-0.115837,-2.09674,-0.194355,0.147875,-0.830393,0,0,0,0.00519753,0.0527283,-0.0104984,0.638154,0.491885,1
4870,287.204,0.861277,-0.4705,-0.115918,-2.09821,-0.196706,0.147296,-0.840879,0,0,0,0.00535828,0.0534157,-0.00892042,0.638154,0.491885,1
4880,274.848,0.87339,-0.471324,-0.116121,-2.10188,-0.19906,0.146716,-0.851377,0,0,0,0.00596278,0.0534977,-0.00752569,0.638154,0.491885,1
4890,265.201,0.885284,-0.472668,-0.116452,-2.10788,-0.20142,0.146135,-0.861899,0,0,0,0.00702198,0.0530242,-0.00655695,0.638154,0.491885,1
4900,260.203,0.896966,-0.474419,-0.116884,-2.11568,-0.203787,0.145552,-0.872456,0,0,0,0.00790245,0.0525014,-0.00580892,0.638154,0.491885,1
4910,276.87,0.908554,-0.475857,-0.117238,-2.1221,-0.206163,0.144966,-0.88305,0,0,0,0.00783852,0.0521411,-0.00495163,0.638154,0.491885,1
4920,295.159,0.920026,-0.476356,-0.117361,-2.12432,-0.208543,0.14438,-0.893667,0,0,0,0.0069887,0.052011,-0.00402545,0.638154,0.491885,1
4930,304.635,0.931365,-0.476336,-0.117356,-2.12423,-0.210925,0.143793,-0.904289,0,0,0,0.00633945,0.0518008,-0.00330436,0.638154,0.491885,1
4940,310.778,0.942482,-0.47601,-0.117276,-2.12278,-0.213306,0.143206,-0.914907,0,0,0,0.00631684,0.0512522,-0.00299649,0.638154,0.491885,1
4950,311.354,0.95349,-0.475565,-0.117166,-2.12079,-0.215685,0.14262,-0.925517,0,0,0,0.00655941,0.0503123,-0.0028956,0.638154,0.491885,1
4960,309.506,0.964715,-0.475187,-0.117073,-2.11911,-0.218062,0.142035,-0.936117,0,0,0,0.00671482,0.0496,-0.00251797,0.638154,0.491885,1
4970,310.358,0.976567,-0.474787,-0.116974,-2.11733,-0.220437,0.141449,-0.946709,0,0,0,0.006861,0.0492829,-0.00144447,0.638047,0.49193,1
4980,300.961,0.988959,-0.474557,-0.116918,-2.1163,-0.222811,0.140865,-0.957292,0,0,0,0.0072723,0.0489938,0.000132734,0.638047,0.49193,1
4990,295.234,1.00114,-0.474706,-0.116954,-2.11697,-0.225184,0.14028,-0.967875,0,0,0,0.00801159,0.0484376,0.0013902,0.638047,0.49193,1
5000,308.602,1.01246,-0.474643,-0.116939,-2.11668,-0.227557,0.139695,-0.97846,0,0,0,0.0086926,0.0480762,0.00177802,0.638725,0.492311,1
5010,326.1,1.02317,-0.473978,-0.116775,-2.11372,-0.229929,0.139111,-0.989038,0,0,0,0.00888916,0.0482074,0.00171121,0.639252,0.492394,1
5020,346.124,1.03394,-0.472674,-0.116454,-2.10791,-0.232296,0.138528,-0.999595,0,0,0,0.00844031,0.0489091,0.00193111,0.639913,0.492592,1
5030,368.661,1.02042,-0.470748,-0.115979,-2.09931,-0.234656,0.137946,0.989884,0,0,0,0.00752547,0.0501041,0.00252223,0.64007,0.492686,1
5040,367.298,1.00994,-0.468482,-0.115421,-2.08921,-0.237004,0.137368,0.97941,0,0,0,0.00661858,0.0517484,0.00303671,0.640339,0.492911,1
5050,330.411,1.00011,-0.466868,-0.115023,-2.08201,-0.239343,0.136792,0.968983,0,0,0,0.00628016,0.0533267,0.00310439,0.64075,0.493351,1
5060,293.973,0.990811,-0.466522,-0.114938,-2.08047,-0.241676,0.136217,0.958578,0,0,0,0.00651248,0.0544735,0.00284513,0.641158,0.493897,1
5070,275.734,0.981504,-0.467238,-0.115114,-2.08366,-0.24401,0.135642,0.94817,0,0,0,0.00686786,0.0552572,0.00268173,0.641612,0.494671,1
5080,259.831,0.97177,-0.468643,-0.115461,-2.08993,-0.246349,0.135066,0.937739,0,0,0,0.00703045,0.055845,0.00293492,0.641839,0.495135,1
5090,248.383,0.961664,-0.470866,-0.116008,-2.09984,-0.248697,0.134487,0.927269,0,0,0,0.00696845,0.0559207,0.00354774,0.641953,0.495219,1
5100,247.735,0.951411,-0.473388,-0.116629,-2.11109,-0.251057,0.133906,0.916744,0,0,0,0.00661055,0.0553404,0.00426537,0.642087,0.495248,1
5110,270.103,0.941244,-0.475346,-0.117112,-2.11982,-0.253428,0.133321,0.906167,0,0,0,0.00608626,0.0545022,0.00484585,0.642425,0.495354,1
5120,305.3,0.931133,-0.475749,-0.117211,-2.12162,-0.255807,0.132735,0.895561,0,0,0,0.00564945,0.0537998,0.00538176,0.642701,0.495473,1
5130,309.385,0.920881,-0.475343,-0.117111,-2.1198,-0.258185,0.13215,0.884957,0,0,0,0.00545183,0.0530311,0.00617441,0.642861,0.49557,1
5140,293.817,0.910485,-0.475301,-0.117101,-2.11962,-0.260561,0.131564,0.874359,0,0,0,0.00568645,0.051922,0.00732234,0.643116,0.495754,1
5150,285.628,0.900315,-0.47578,-0.117219,-2.12175,-0.262938,0.130978,0.863757,0,0,0,0.00663376,0.0506144,0.0085147,0.643403,0.495983,1
5160,278.067,0.89066,-0.476523,-0.117402,-2.12507,-0.265319,0.130392,0.853141,0,0,0,0.00803601,0.049404,0.00934461,0.643696,0.496238,1
5170,268.576,0.881432,-0.477749,-0.117704,-2.13053,-0.267704,0.129804,0.842505,0,0,0,0.00918786,0.0485861,0.0096442,0.64398,0.496507,1
5180,268.308,0.872307,-0.479141,-0.118047,-2.13674,-0.270096,0.129215,0.831838,0,0,0,0.00959309,0.0481715,0.0095693,0.644124,0.49666,1
5190,264.354,0.863133,-0.480716,-0.118435,-2.14377,-0.272495,0.128624,0.821139,0,0,0,0.00947641,0.0480041,0.00935591,0.644124,0.49666,1
5200,279.796,0.853816,-0.481949,-0.118739,-2.14927,-0.274902,0.128031,0.810406,0,0,0,0.00921509,0.0479141,0.00924363,0.644124,0.49666,1
5210,288.431,0.844323,-0.482581,-0.118894,-2.15208,-0.277313,0.127437,0.799653,0,0,0,0.00898227,0.0482091,0.00931165,0.644124,0.49666,1
5220,301.918,0.834788,-0.482783,-0.118944,-2.15299,-0.279727,0.126842,0.788889,0,0,0,0.00852218,0.049146,0.00930827,0.644124,0.49666,1
5230,314.825,0.825382,-0.482405,-0.118851,-2.1513,-0.28214,0.126248,0.778127,0,0,0,0.00765633,0.0506651,0.00899718,0.644124,0.49666,1
5240,309.825,0.816003,-0.481857,-0.118716,-2.14886,-0.284551,0.125654,0.767377,0,0,0,0.00664963,0.0520817,0.00866048,0.64411,0.496684,1
5250,289.557,0.806551,-0.481936,-0.118736,-2.14921,-0.28696,0.12506,0.756633,0,0,0,0.00623329,0.0528814,0.00873427,0.644025,0.496793,1
5260,280.863,0.797262,-0.48262,-0.118904,-2.15226,-0.289371,0.124466,0.745881,0,0,0,0.00676471,0.0531681,0.00909943,0.643908,0.496906,1
5270,289.151,0.78836,-0.483317,-0.119076,-2.15536,-0.291786,0.123871,0.735112,0,0,0,0.00785099,0.0537086,0.009298,0.643704,0.497079,1
5280,301.796,0.779662,-0.48344,-0.119106,-2.15592,-0.294203,0.123276,0.724333,0,0,0,0.0088277,0.0547489,0.00924622,0.643484,0.497242,1
5290,296.986,0.770947,-0.483409,-0.119098,-2.15577,-0.29662,0.12268,0.713554,0,0,0,0.00963485,0.055756,0.00921893,0.643484,0.497242,1
5300,289.257,0.762219,-0.483765,-0.119186,-2.15736,-0.299037,0.122085,0.702772,0,0,0,0.0104578,0.0559115,0.00936648,0.643484,0.497242,1
5310,292.249,0.753393,-0.484156,-0.119283,-2.15911,-0.301457,0.121488,0.691981,0,0,0,0.0111056,0.0551084,0.00970607,0.643449,0.497273,1
5320,293.976,0.744264,-0.484406,-0.119344,-2.16022,-0.303879,0.120892,0.681183,0,0,0,0.0110637,0.0536675,0.0101978,0.643155,0.49751,1
5330,286.597,0.734873,-0.484826,-0.119447,-2.16209,-0.306301,0.120295,0.670378,0,0,0,0.0102861,0.0522255,0.0106985,0.642978,0.497635,1
5340,292.614,0.725714,-0.485318,-0.119569,-2.16429,-0.308727,0.119697,0.659562,0,0,0,0.00932894,0.0511264,0.010872,0.642697,0.497818,1
5350,302.939,0.717044,-0.485331,-0.119572,-2.16435,-0.311154,0.119099,0.64874,0,0,0,0.0088209,0.0504783,0.0107274,0.642356,0.498025,1
5360,292.876,0.708681,-0.485384,-0.119585,-2.16458,-0.31358,0.118502,0.637919,0,0,0,0.00903659,0.0499341,0.0106656,0.641858,0.498309,1
5370,275.732,0.700241,-0.48605,-0.119749,-2.16756,-0.316008,0.117903,0.62709,0,0,0,0.00986461,0.0493445,0.0111004,0.6411,0.498722,1
5380,250.978,0.691866,-0.487809,-0.120183,-2.1754,-0.318442,0.117304,0.616237,0,0,0,0.0108399,0.0488326,0.0116192,0.64042,0.499079,1
5390,242.706,0.683692,-0.490561,-0.12086,-2.18767,-0.320887,0.116701,0.605334,0,0,0,0.0113635,0.0488088,0.0116711,0.640072,0.499243,1
5400,249.406,0.675514,-0.49331,-0.121538,-2.19993,-0.323346,0.116096,0.594367,0,0,0,0.0112541,0.0491213,0.0113778,0.639815,0.499349,1
5410,291.287,0.666868,-0.494788,-0.121902,-2.20652,-0.325817,0.115487,0.583348,0,0,0,0.0109734,0.0494761,0.0115724,0.639587,0.499426,1
5420,349.81,0.657686,-0.493849,-0.121671,-2.20233,-0.32829,0.114878,0.572321,0,0,0,0.0110059,0.0499978,0.0126611,0.639587,0.499426,1
5430,373.941,0.647996,-0.491622,-0.121122,-2.1924,-0.330754,0.11427,0.561331,0,0,0,0.0111758,0.0511717,0.0145202,0.639587,0.499426,1
5440,354.571,0.638207,-0.489393,-0.120573,-2.18246,-0.333207,0.113666,0.550392,0,0,0,0.011145,0.0526783,0.0165287,0.639587,0.499426,1
5450,327.788,0.628887,-0.48802,-0.120234,-2.17634,-0.33565,0.113064,0.539495,0,0,0,0.0110137,0.0538508,0.0181355,0.639587,0.499426,1
5460,319.96,0.620381,-0.487146,-0.120017,-2.17244,-0.338088,0.112463,0.528623,0.180147,-0.143782,1.08867,0.0111502,0.0544918,0.0191687,0.639587,0.499426,1
5470,293.708,0.612234,-0.486899,-0.119905,-2.17142,-0.340523,0.111864,0.517765,0.205235,-0.173491,1.25744,0.0116532,0.0550735,0.0201943,0.639587,0.499426,1
5480,277.379,0.603826,-0.487758,-0.12006,-2.17534,-0.342959,0.111264,0.5069,0.667524,0.305497,3.14039,0.0122747,0.0559394,0.0217676,0.639587,0.499426,1
5490,284.339,0.594865,-0.48875,-0.120341,-2.17984,-0.345401,0.110663,0.496013,0.613008,0.203986,4.82275,0.0125072,0.0570302,0.0239003,0.639587,0.499426,1
5500,288.212,0.585874,-0.489509,-0.120541,-2.1838,-0.347846,0.110061,0.485104,0.704675,0.227622,5.76106,0.0120783,0.0576609,0.0258031,0.639587,0.499426,1
5510,303.425,0.577437,-0.489852,-0.120638,-2.18606,-0.350295,0.109458,0.474179,0.904349,0.169057,7.05662,0.0112496,0.0570816,0.0269913,0.639534,0.499455,1
5520,299.987,0.56969,-0.489915,-0.120633,-2.18717,-0.352744,0.108855,0.463246,1.03961,-0.182703,8.78824,0.010605,0.0553084,0.0277494,0.639383,0.499549,1
5530,279.888,0.562194,-0.49071,-0.120714,-2.19185,-0.355195,0.108251,0.452301,1.23011,-0.19303,11.0194,0.0104327,0.0532758,0.0287961,0.639304,0.499616,1
5540,282.603,0.554824,-0.491905,-0.12089,-2.19866,-0.357651,0.107647,0.441325,1.57213,0.217212,12.8422,0.0107409,0.0517514,0.0302389,0.639304,0.499616,1
5550,276.434,0.547683,-0.493112,-0.121159,-2.20556,-0.360114,0.107042,0.430316,2.04359,0.433793,14.2403,0.0113359,0.0507409,0.0318036,0.639304,0.499616,1
5560,249.142,0.541056,-0.495467,-0.121752,-2.21738,-0.362584,0.106435,0.419264,2.03992,0.712912,14.3607,0.0121032,0.0499735,0.0330471,0.639304,0.499616,1
5570,247.759,0.534918,-0.498684,-0.122653,-2.2331,-0.365069,0.105825,0.408141,1.41528,0.954123,13.1698,0.0128784,0.0493501,0.0338366,0.639304,0.499616,1
5580,259.854,0.528897,-0.50112,-0.123516,-2.24575,-0.367568,0.105209,0.396944,0.24415,1.69142,8.37597,0.0134148,0.0488479,0.034442,0.639304,0.499616,1
5590,280.471,0.522422,-0.502384,-0.124446,-2.25331,-0.370077,0.10459,0.385695,-2.30591,3.05167,-1.52789,0.0134388,0.048441,0.0354269,0.639304,0.499616,1
5600,311.326,0.515687,-0.501348,-0.125448,-2.25079,-0.372588,0.103965,0.37443,-6.09319,4.96029,-20.8803,0.0131885,0.0485346,0.0367357,0.639304,0.499616,1
5610,304.407,0.509433,-0.498764,-0.127019,-2.23982,-0.375088,0.103334,0.3632,-11.6113,8.91006,-57.5624,0.0130334,0.0494155,0.0376598,0.639304,0.499616,1
5620,295.463,0.504167,-0.494995,-0.130251,-2.21801,-0.377573,0.102692,0.352049,-19.3711,18.6635,-127.604,0.0131045,0.0509045,0.037608,0.639297,0.499646,1
5630,278.318,0.499605,-0.489167,-0.13747,-2.17401,-0.380035,0.102025,0.341057,-32.9203,42.1613,-257.851,0.0132355,0.0525932,0.0369191,0.639257,0.499888,1
5640,252.071,0.495259,-0.479597,-0.15347,-2.09216,-0.382459,0.101303,0.330372,-62.888,87.294,-483.877,0.0133497,0.054423,0.0364007,0.639245,0.50007,1
5650,267.739,0.491008,-0.458356,-0.184369,-1.93892,-0.384811,0.100466,0.320256,-135.285,162.431,-850.021,0.0134136,0.0559517,0.0364885,0.639251,0.500101,1
5660,294.429,0.487386,-0.407662,-0.237954,-1.6665,-0.386993,0.0994221,0.311184,-295.955,274.013,-1396.94,0.0135994,0.0565884,0.0368923,0.639251,0.500101,1
5670,284.553,0.484849,-0.305757,-0.321937,-1.24343,-0.388802,0.0980358,0.303844,-531.991,397.798,-2014.23,0.013917,0.0562843,0.0370988,0.639251,0.500101,1
5680,286.851,0.483241,-0.151943,-0.429495,-0.696548,-0.389962,0.0961627,0.29896,-682.29,447.591,-2331.08,0.0140124,0.0557772,0.0368626,0.639251,0.500101,1
5690,268.783,0.482163,0.0150258,-0.536786,-0.129818,-0.3903,0.0937426,0.29691,-636.251,401.409,-2186.56,0.013518,0.0554675,0.0362426,0.639415,0.500292,1
5700,271.591,0.481697,0.153484,-0.630216,0.367357,-0.389861,0.090819,0.297544,-469.619,339.183,-1802.86,0.0127834,0.0554569,0.0355151,0.639696,0.500596,1
5710,304.606,0.481944,0.248091,-0.707911,0.759733,-0.388839,0.0874671,0.300409,-299.041,282.478,-1358.78,0.012189,0.0555901,0.0350205,0.63992,0.500868,1
5720,319.474,0.482809,0.305776,-0.768697,1.04145,-0.387441,0.0837676,0.304958,-177.606,212.474,-931.292,0.011742,0.0557772,0.0348202,0.63994,0.500896,1
5730,340.875,0.484496,0.338604,-0.810245,1.22384,-0.385821,0.0798115,0.31066,-98.9807,138.604,-578.296,0.0114051,0.0555046,0.0343333,0.639955,0.500922,1
5740,354.518,0.487159,0.355213,-0.8339,1.3296,-0.384081,0.0756939,0.317071,-49.3877,79.9416,-330.825,0.0113565,0.0546147,0.0333306,0.639955,0.500922,1
5750,329.004,0.490172,0.362361,-0.845937,1.38686,-0.382284,0.0714902,0.323878,-20.095,41.723,-179.674,0.0113733,0.0533817,0.0323752,0.639955,0.500922,1
5760,298.26,0.492899,0.364815,-0.852589,1.41868,-0.380465,0.0672422,0.3309,-3.94525,20.0869,-95.0977,0.0112682,0.0523877,0.0321129,0.639955,0.500922,1
5770,267.197,0.49568,0.36529,-0.857438,1.43823,-0.378639,0.0629675,0.338045,3.72923,9.25601,-48.5381,0.0112661,0.0516462,0.0321956,0.639955,0.500922,1
5780,233.551,0.499098,0.365942,-0.863567,1.45421,-0.376812,0.058667,0.345274,5.86659,4.24921,-21.0677,0.0115507,0.0512932,0.0318751,0.639955,0.500922,1
5790,222.524,0.502896,0.367603,-0.871556,1.46939,-0.374979,0.0543313,0.352581,5.28707,1.87391,-3.98573,0.0115052,0.0513993,0.030828,0.639955,0.500922,1
5800,230.331,0.506343,0.369398,-0.878967,1.48103,-0.373137,0.0499562,0.359956,4.55617,0.519365,4.97765,0.0104449,0.0519799,0.0294353,0.639955,0.500922,1
5810,251.377,0.509313,0.370628,-0.884483,1.48825,-0.371288,0.0455479,0.367379,3.74275,0.0625353,10.3217,0.00866941,0.0525784,0.0282883,0.639955,0.500922,1
5820,270.575,0.512343,0.370983,-0.887481,1.49033,-0.369434,0.041118,0.374826,3.59299,-0.159991,13.5104,0.00736898,0.0532768,0.0278861,0.640177,0.501074,1
5830,264.248,0.515977,0.371252,-0.890125,1.49124,-0.367578,0.0366749,0.382278,2.9982,0.00696579,15.2397,0.00727633,0.0543057,0.0281527,0.640285,0.501128,1
5840,282.979,0.520671,0.37152,-0.892479,1.49126,-0.365721,0.0322182,0.389735,2.69211,0.68363,15.701,0.00843432,0.0555258,0.0284005,0.640285,0.501128,1
5850,313.871,0.526215,0.370817,-0.892513,1.48713,-0.363865,0.0277547,0.397183,2.66536,0.493033,16.0621,0.0101482,0.0564074,0.0281368,0.640285,0.501128,1
5860,302.592,0.531585,0.369829,-0.891796,1.48178,-0.362014,0.0232942,0.404605,2.26349,0.0680625,15.8286,0.011455,0.0570457,0.0278224,0.640346,0.501158,1
5870,277.813,0.535856,0.369681,-0.892772,1.47952,-0.360165,0.0188338,0.412006,2.10211,-0.49655,15.3539,0.0118466,0.0575557,0.0282749,0.640346,0.501158,1
5880,292.466,0.539357,0.369747,-0.894042,1.47808,-0.358317,0.0143665,0.419401,2.09652,-0.671755,15.1037,0.0117046,0.0577602,0.0293916,0.640346,0.501158,1
5890,313.87,0.542847,0.369032,-0.893391,1.47363,-0.356469,0.00989713,0.426781,2.26114,-1.11502,14.0704,0.0113596,0.0575053,0.0303993,0.640346,0.501158,1
5900,314.988,0.546649,0.368023,-0.892011,1.46838,-0.354627,0.00543333,0.434136,2.23878,-1.20124,13.7537,0.0107651,0.0572141,0.0308591,0.640346,0.501158,1
5910,307.763,0.550586,0.367137,-0.890895,1.46368,-0.352789,0.000976074,0.441467,2.20376,-1.24586,13.3468,0.00992739,0.0571271,0.0310656,0.640346,0.501158,1
5920,306.257,0.554651,0.366421,-0.890155,1.45973,-0.350955,-0.00347663,0.448775,2.07852,-1.1293,12.7218,0.00920705,0.0571623,0.0313499,0.640346,0.501158,1
5930,305.285,0.559107,0.365697,-0.889366,1.45581,-0.349125,-0.00792551,0.456064,2.10228,-0.797578,11.7345,0.00926527,0.0571493,0.0318907,0.640346,0.501158,1
5940,279.62,0.564161,0.365401,-0.889687,1.45383,-0.347297,-0.0123721,0.463336,1.65384,-0.690407,10.7152,0.0104178,0.0570493,0.032641,0.640346,0.501158,1
5950,249.003,0.56957,0.366395,-0.892925,1.45681,-0.345469,-0.0168266,0.47061,1.59876,-0.65037,10.0418,0.0120157,0.0566069,0.033319,0.640346,0.501158,1
5960,263.11,0.574994,0.367696,-0.896884,1.46111,-0.343634,-0.0213008,0.477904,1.52455,-0.61541,9.36729,0.0129074,0.0558291,0.0334405,0.64036,0.501189,1
5970,298.629,0.580226,0.367948,-0.898246,1.46134,-0.341794,-0.0257895,0.485211,1.43775,-0.584775,8.67857,0.0127243,0.0554148,0.0331225,0.640441,0.501453,1
5980,346.446,0.585021,0.366915,-0.896425,1.45655,-0.339956,-0.0302778,0.492509,1.34521,-0.552644,7.9483,0.0117531,0.0558861,0.0330245,0.640512,0.501523,1
5990,376.9,0.58942,0.364942,-0.892256,1.44812,-0.338126,-0.0347512,0.499773,1.25375,-0.514641,7.18181,0.0105755,0.0569012,0.0334859,0.640512,0.501523,1
6000,358.711,0.594106,0.362911,-0.887897,1.43956,-0.336306,-0.0392021,0.506993,1.15376,-0.467475,6.42613,0.00972267,0.0577929,0.0338988,0.640623,0.501348,1
6010,325.136,0.599607,0.361575,-0.885186,1.43384,-0.334495,-0.0436347,0.514176,1.04934,-0.416372,5.73465,0.00939759,0.0584147,0.033705,0.640809,0.50124,1
6020,281.575,0.605525,0.361272,-0.884954,1.43228,-0.332688,-0.0480587,0.521339,0.77052,0.0912319,4.29023,0.00919675,0.0587792,0.0331177,0.641204,0.501058,1
6030,251.424,0.611133,0.362442,-0.888284,1.43662,-0.33088,-0.0524898,0.528508,0.698528,0.0595505,3.8905,0.00893273,0.0588159,0.0329056,0.641578,0.500818,1
6040,273.645,0.616376,0.36366,-0.891671,1.44118,-0.329065,-0.0569399,0.535703,0.223286,-0.115182,2.17154,0.00870006,0.0586114,0.0332268,0.641934,0.500525,1
6050,295.271,0.621832,0.363982,-0.892567,1.44217,-0.327245,-0.061401,0.542912,0.262348,-0.00527518,1.50475,0.00857713,0.0587148,0.0335294,0.642096,0.500352,1
6060,276.262,0.628083,0.364319,-0.893546,1.44339,-0.325425,-0.0658653,0.550124,0.244276,-0.017478,1.37791,0.00850724,0.0591495,0.0330669,0.642124,0.500315,1
6070,265.306,0.635239,0.365368,-0.896254,1.44745,-0.323601,-0.0703387,0.55735,0.226431,-0.0278548,1.25272,0.00861134,0.0596587,0.0317414,0.642124,0.500315,1
6080,252.13,0.64288,0.36671,-0.899672,1.45269,-0.321772,-0.0748271,0.564598,0.217293,-0.0257332,1.09476,0.00880397,0.0601358,0.0299954,0.642124,0.500315,1
6090,241.092,0.650434,0.36881,-0.904936,1.46095,-0.319933,-0.0793368,0.571879,0,0,0,0.00901385,0.0606663,0.0285037,0.642124,0.500315,1
6100,268.155,0.657427,0.370512,-0.909114,1.4677,-0.318085,-0.0838721,0.579201,0,0,0,0.00912879,0.0608547,0.0276621,0.642124,0.500315,1
6110,296.003,0.663762,0.371003,-0.910317,1.46964,-0.316231,-0.0884214,0.586545,0,0,0,0.00906613,0.0605275,0.0274603,0.642124,0.500315,1
6120,318.65,0.670021,0.370788,-0.90979,1.46879,-0.314376,-0.0929724,0.593893,0,0,0,0.00885314,0.0598715,0.0272444,0.642031,0.500148,1
6130,349.282,0.677014,0.369796,-0.907357,1.46486,-0.312524,-0.0975167,0.601229,0,0,0,0.0088607,0.0594485,0.0264059,0.641838,0.500004,1
6140,359.416,0.684648,0.368332,-0.903763,1.45906,-0.310678,-0.102046,0.608541,0,0,0,0.00925188,0.0593695,0.0251601,0.641585,0.499842,1
6150,363.242,0.692151,0.366777,-0.899947,1.4529,-0.30884,-0.106556,0.615822,0,0,0,0.00975604,0.0596118,0.0242501,0.641139,0.499495,1
6160,367.689,0.699282,0.365109,-0.895856,1.4463,-0.30701,-0.111046,0.623072,0,0,0,0.00993004,0.0599236,0.0236448,0.640711,0.499101,1
6170,351.248,0.706577,0.363575,-0.892091,1.44022,-0.305188,-0.115517,0.630289,0,0,0,0.00983191,0.0601363,0.0227038,0.640306,0.498667,1
6180,320.193,0.71419,0.362654,-0.889832,1.43657,-0.303373,-0.119971,0.637481,0,0,0,0.00989394,0.0599554,0.0213976,0.640086,0.498373,1
6190,303.743,0.721783,0.362366,-0.889124,1.43543,-0.30156,-0.124419,0.64466,0,0,0,0.010279,0.0597085,0.0203013,0.639967,0.498157,1
6200,285.666,0.729148,0.362534,-0.889536,1.43609,-0.299748,-0.128865,0.651838,0,0,0,0.0106629,0.0598029,0.0196152,0.639852,0.497885,1
6210,268.053,0.736363,0.363369,-0.891585,1.4394,-0.297934,-0.133316,0.659025,0,0,0,0.0106692,0.0604093,0.0191299,0.639737,0.49769,1
6220,266.794,0.743271,0.364499,-0.894358,1.44388,-0.296115,-0.13778,0.666232,0,0,0,0.010224,0.0610665,0.0188768,0.639627,0.497547,1
6230,270.735,0.749952,0.365621,-0.897112,1.44832,-0.29429,-0.142259,0.673462,0,0,0,0.00959227,0.0614622,0.0188,0.639492,0.497404,1
6240,293.355,0.756859,0.366132,-0.898365,1.45035,-0.29246,-0.146748,0.680709,0,0,0,0.00922248,0.0614128,0.0185217,0.639287,0.497212,1
6250,276.983,0.764292,0.366539,-0.899365,1.45196,-0.290629,-0.151241,0.687963,0,0,0,0.00934117,0.0611734,0.0178583,0.639053,0.497026,1
6260,257.956,0.771806,0.367767,-0.902376,1.45682,-0.288793,-0.155744,0.695233,0,0,0,0.00980823,0.061077,0.0173613,0.63875,0.496764,1
6270,272.153,0.778961,0.369059,-0.905548,1.46194,-0.286951,-0.160264,0.70253,0,0,0,0.0101699,0.0614538,0.0174454,0.638301,0.496351,1
6280,297.818,0.785918,0.369476,-0.906569,1.46359,-0.285105,-0.164795,0.709844,0,0,0,0.0102581,0.0619408,0.0177329,0.637831,0.495893,1
6290,304.628,0.793142,0.369355,-0.906275,1.46312,-0.283258,-0.169327,0.717162,0,0,0,0.0102511,0.0619843,0.0175745,0.637571,0.49562,1
6300,293.784,0.800415,0.369385,-0.906347,1.46323,-0.281411,-0.173858,0.724477,0,0,0,0.0103344,0.0614687,0.0172498,0.637571,0.49562,1
6310,277.88,0.807302,0.369856,-0.907503,1.4651,-0.279563,-0.178392,0.731796,0,0,0,0.0101061,0.0610988,0.0173231,0.637571,0.49562,1
6320,258.878,0.813875,0.370955,-0.910201,1.46945,-0.277712,-0.182935,0.73913,0,0,0,0.00919877,0.0613164,0.0177312,0.637571,0.49562,1
6330,226.861,0.82052,0.373209,-0.91573,1.47838,-0.275853,-0.187497,0.746495,0,0,0,0.0078728,0.061852,0.0180874,0.637555,0.4956,1
6340,211.646,0.827073,0.376934,-0.924869,1.49314,-0.273979,-0.192095,0.753919,0,0,0,0.00686138,0.062041,0.0186685,0.637555,0.4956,1
6350,247.76,0.833547,0.379866,-0.932063,1.50475,-0.272086,-0.196738,0.761414,0,0,0,0.00661794,0.0616973,0.0195674,0.637555,0.4956,1
6360,268.96,0.840577,0.381265,-0.935497,1.51029,-0.270184,-0.201406,0.768952,0,0,0,0.0071319,0.061193,0.0201471,0.637555,0.4956,1
6370,276.6,0.848393,0.382188,-0.937761,1.51395,-0.268275,-0.206089,0.776512,0,0,0,0.00782708,0.0610309,0.0200824,0.637555,0.4956,1
6380,286.91,0.856192,0.382792,-0.939244,1.51634,-0.266363,-0.210782,0.784088,0,0,0,0.00792321,0.061383,0.020047,0.637546,0.495577,1
6390,288.692,0.863536,0.383192,-0.940224,1.51793,-0.264448,-0.21548,0.791673,0,0,0,0.00724778,0.0620832,0.020418,0.63747,0.495341,1
6400,301.498,0.871112,0.383361,-0.940641,1.5186,-0.262531,-0.220183,0.799265,0,0,0,0.00668983,0.0628881,0.0206587,0.63747,0.495341,1
6410,307.98,0.879549,0.383133,-0.94008,1.51769,-0.260615,-0.224885,0.806856,0,0,0,0.00702863,0.0636725,0.020276,0.63747,0.495341,1
6420,293.112,0.888262,0.383169,-0.940169,1.51784,-0.258699,-0.229585,0.814444,0,0,0,0.00794602,0.0643369,0.0197623,0.63747,0.495341,1
6430,306.788,0.896342,0.383202,-0.940249,1.51797,-0.256783,-0.234286,0.822034,0,0,0,0.00844674,0.0645967,0.0196932,0.63747,0.495341,1
6440,315.84,0.903805,0.382798,-0.939258,1.51636,-0.254868,-0.238986,0.829621,0,0,0,0.0083349,0.0642778,0.0199177,0.63747,0.495341,1
6450,312.215,0.911174,0.38238,-0.938233,1.51471,-0.252955,-0.24368,0.837199,0,0,0,0.00818715,0.0633527,0.0200238,0.63747,0.495341,1
6460,311.804,0.91852,0.382005,-0.937314,1.51323,-0.251044,-0.248369,0.844769,0,0,0,0.0085342,0.0621389,0.0202182,0.637415,0.49518,1
6470,316.53,0.925824,0.381605,-0.936332,1.51164,-0.249135,-0.253053,0.852332,0,0,0,0.00923194,0.0610658,0.0206313,0.637415,0.49518,1
6480,325.681,0.933405,0.380974,-0.934783,1.50914,-0.247228,-0.257732,0.859885,0,0,0,0.00984205,0.0610245,0.0211031,0.637415,0.49518,1
6490,335.105,0.941303,0.380057,-0.932532,1.50551,-0.245325,-0.262401,0.867423,0,0,0,0.00971154,0.0622866,0.0214992,0.637415,0.49518,1
6500,331.365,0.949041,0.379111,-0.930212,1.50176,-0.243427,-0.267058,0.874942,0,0,0,0.0086822,0.064184,0.0220653,0.637415,0.49518,1
6510,321,0.956531,0.378354,-0.928355,1.49876,-0.241533,-0.271705,0.882443,0,0,0,0.00736978,0.0653448,0.0225612,0.637295,0.49504,1
6520,315.319,0.964273,0.377833,-0.927077,1.4967,-0.239643,-0.276343,0.889932,0,0,0,0.00676203,0.0656028,0.0226493,0.637295,0.49504,1
6530,308.428,0.972322,0.37749,-0.926234,1.49534,-0.237754,-0.280977,0.897412,0,0,0,0.00701982,0.0654075,0.022476,0.637295,0.49504,1
6540,299.42,0.980048,0.377363,-0.925923,1.49484,-0.235867,-0.285607,0.904887,0,0,0,0.00748779,0.0652433,0.0227447,0.637295,0.49504,1
6550,282.363,0.987355,0.377658,-0.926647,1.49601,-0.23398,-0.290238,0.912363,0,0,0,0.0076511,0.0650903,0.023416,0.637295,0.49504,1
6560,253.423,0.994839,0.378877,-0.929638,1.50083,-0.23209,-0.294876,0.919852,0,0,0,0.00782861,0.0653156,0.0240815,0.637295,0.49504,1
6570,251.795,1.00273,0.380768,-0.934277,1.50832,-0.230191,-0.299535,0.927373,0,0,0,0.00826087,0.0656891,0.0244798,0.637295,0.49504,1
6580,260.442,1.01062,0.3824,-0.938283,1.51479,-0.228283,-0.304216,0.93493,0,0,0,0.0087314,0.0659068,0.024887,0.637295,0.49504,1
6590,278.574,1.01834,0.383464,-0.940894,1.51901,-0.226369,-0.308914,0.942515,0,0,0,0.00884109,0.0657882,0.02529,0.637295,0.49504,1
6600,283.886,1.0261,0.384017,-0.942249,1.52119,-0.22445,-0.313622,0.950115,0,0,0,0.00835834,0.0658595,0.0256228,0.637295,0.49504,1
6610,281.218,1.03414,0.384676,-0.943866,1.5238,-0.222528,-0.318336,0.957727,0,0,0,0.00728737,0.0660508,0.0255904,0.637295,0.49504,1
6620,309.64,1.0427,0.384842,-0.944273,1.52446,-0.220604,-0.323058,0.965349,0,0,0,0.00642005,0.066117,0.0250153,0.637295,0.49504,1
6630,341.414,1.05203,0.38402,-0.942257,1.52121,-0.218682,-0.327775,0.972965,0,0,0,0.00664945,0.0656347,0.0236351,0.637295,0.49504,1
6640,338.931,1.06185,0.3828,-0.939263,1.51637,-0.216764,-0.33248,0.98056,0,0,0,0.00759729,0.0652485,0.0219195,0.637109,0.494892,1
6650,328.008,1.07149,0.381895,-0.937043,1.51279,-0.214852,-0.337171,0.988133,0,0,0,0.00807312,0.0655243,0.0205436,0.636972,0.494891,1
6660,323.491,1.08051,0.381112,-0.935121,1.50969,-0.212945,-0.341851,0.99569,0,0,0,0.00773768,0.0664674,0.0199471,0.636863,0.494965,1
6670,301.302,1.11879,0.380751,-0.934236,1.50826,-0.21104,-0.346524,-0.996766,0,0,0,0.00715119,0.0671777,0.0195655,0.636764,0.49507,1
6680,287.745,1.11271,0.380969,-0.934771,1.50912,-0.209136,-0.351196,-0.989223,0,0,0,0.00674588,0.0675486,0.0188322,0.636603,0.495222,1
6690,272.821,1.10632,0.381669,-0.936488,1.51189,-0.20723,-0.355874,-0.981672,0,0,0,0.00657618,0.0678231,0.0176832,0.636337,0.495489,1
6700,264.926,1.10029,0.382791,-0.939241,1.51634,-0.205319,-0.360562,-0.974103,0,0,0,0.00648726,0.0681993,0.0168296,0.635841,0.496005,1
6710,264.477,1.09487,0.384097,-0.942447,1.52151,-0.203402,-0.365265,-0.96651,0,0,0,0.00619666,0.0684182,0.0167159,0.635199,0.496677,1
6720,269.34,1.0899,0.385238,-0.945245,1.52603,-0.201479,-0.369984,-0.958892,0,0,0,0.00574317,0.0686492,0.0170951,0.634744,0.497155,1
6730,276.52,1.08489,0.386231,-0.947681,1.52996,-0.199551,-0.374716,-0.951252,0,0,0,0.00568452,0.0687985,0.0173357,0.634475,0.497453,1
6740,288.036,1.07968,0.386755,-0.948967,1.53204,-0.197618,-0.379458,-0.943597,0,0,0,0.00625002,0.0687191,0.0172771,0.63418,0.497778,1
6750,281.448,1.0744,0.387281,-0.950259,1.53412,-0.195683,-0.384205,-0.935933,0,0,0,0.00706815,0.0684973,0.0171075,0.633958,0.498007,1
6760,292.686,1.06942,0.38775,-0.951408,1.53598,-0.193746,-0.388959,-0.928257,0,0,0,0.00749683,0.0688202,0.0170515,0.633937,0.498048,1
6770,294.913,1.06484,0.387892,-0.951757,1.53654,-0.191807,-0.393717,-0.920576,0,0,0,0.0074033,0.0697275,0.0171955,0.633937,0.498048,1
6780,299.198,1.06026,0.388022,-0.952076,1.53706,-0.189867,-0.398477,-0.912892,0,0,0,0.00700778,0.0704721,0.0174167,0.633937,0.498048,1
6790,306.402,1.05526,0.387914,-0.951811,1.53663,-0.187927,-0.403237,-0.905207,0,0,0,0.00658429,0.0704592,0.0174794,0.633737,0.498308,1
6800,301.634,1.04989,0.387721,-0.951338,1.53587,-0.185988,-0.407995,-0.897526,0,0,0,0.00611149,0.0701676,0.0171984,0.633329,0.498852,1
6810,284.561,1.04461,0.388,-0.952022,1.53697,-0.184049,-0.412752,-0.889845,0,0,0,0.00573145,0.0701715,0.0167855,0.632991,0.499318,1
6820,275.732,1.0396,0.388718,-0.953785,1.53982,-0.182107,-0.417516,-0.882155,0,0,0,0.0054342,0.0702725,0.0165389,0.632928,0.499419,1
6830,273.007,1.03481,0.38968,-0.956144,1.54363,-0.180162,-0.42229,-0.874447,0,0,0,0.00515439,0.0701152,0.0166307,0.632928,0.499419,1
6840,287.322,1.03013,0.390372,-0.957842,1.54637,-0.178211,-0.427075,-0.866722,0,0,0,0.00503579,0.0697504,0.0168819,0.632928,0.499419,1
6850,288.3,1.02579,0.390749,-0.958767,1.54786,-0.176259,-0.431867,-0.858987,0,0,0,0.0055119,0.0696564,0.0171814,0.632908,0.499461,1
6860,304.327,1.02176,0.390926,-0.959202,1.54856,-0.174304,-0.436662,-0.851245,0,0,0,0.00633733,0.0700814,0.0174187,0.632899,0.499484,1
6870,316.226,1.01811,0.390505,-0.95817,1.5469,-0.172351,-0.441456,-0.843505,0,0,0,0.00683191,0.0711445,0.0176988,0.632899,0.499484,1
6880,290.655,1.01437,0.390366,-0.957828,1.54635,-0.170399,-0.446245,-0.835773,0,0,0,0.00677445,0.0721533,0.0179396,0.632899,0.499484,1
6890,263.042,1.01023,0.391358,-0.960261,1.55027,-0.168445,-0.451039,-0.828035,0,0,0,0.00659913,0.0723363,0.018136,0.632899,0.499484,1
6900,289.335,1.00559,0.392315,-0.96261,1.55407,-0.166486,-0.455847,-0.820273,0,0,0,0.00633104,0.0715899,0.0182668,0.632899,0.499484,1
6910,309.746,1.00123,0.392201,-0.962331,1.55362,-0.164524,-0.46066,-0.812503,0,0,0,0.00579734,0.0710593,0.0185916,0.632899,0.499484,1
6920,322.906,0.997505,0.391716,-0.96114,1.55169,-0.162564,-0.465469,-0.804738,0,0,0,0.0050312,0.0712701,0.0191789,0.632899,0.499484,1
6930,326.083,0.994461,0.390904,-0.959147,1.54848,-0.160607,-0.47027,-0.796987,0,0,0,0.0044977,0.0719156,0.0201592,0.632899,0.499484,1
6940,312.66,0.991604,0.390332,-0.957744,1.54621,-0.158654,-0.475062,-0.78925,0,0,0,0.00443598,0.072374,0.0213011,0.632907,0.499602,1
6950,297.373,0.988781,0.390174,-0.957358,1.54559,-0.156703,-0.47985,-0.781521,0,0,0,0.00481173,0.0727915,0.0223371,0.632938,0.499873,1
6960,270.311,0.985536,0.390774,-0.958828,1.54796,-0.154751,-0.484639,-0.77379,0,0,0,0.00520689,0.0727765,0.0230682,0.632938,0.499873,1
6970,262.213,0.981952,0.392159,-0.962227,1.55345,-0.152794,-0.48944,-0.766038,0,0,0,0.00530227,0.0721616,0.0237962,0.632938,0.499873,1
6980,290.462,0.978355,0.393045,-0.9644,1.55696,-0.150831,-0.494258,-0.758261,0,0,0,0.00495939,0.071435,0.0246184,0.632947,0.499895,1
6990,318.323,0.975382,0.392786,-0.963766,1.55593,-0.148866,-0.499079,-0.750477,0,0,0,0.00449144,0.0716227,0.0255072,0.633073,0.500173,1
