step,T,r,sn_vel[0],sn_vel[1],sn_vel[2],sn_crd[0],sn_crd[1],sn_crd[2],sn_f[0],sn_f[1],sn_f[2],target_crd[0],target_crd[1],target_crd[2],boundary[0],boundary[1],boundary[2]
0,0.0172374,1.02209,0,0,0,-2.39773e-008,-2.7093e-010,0.981818,0,0,0,-7.40141e-005,0.0557006,-0.0387511,0.63613,0.502883,1
10,2.42606,1.02211,0,0,0,-2.39773e-008,-2.7093e-010,0.981818,0,0,0,-8.48803e-005,0.055674,-0.0387703,0.636266,0.50294,1
20,2.69909,1.02212,0,0,0,-2.39773e-008,-2.7093e-010,0.981818,0,0,0,-8.76618e-005,0.0556278,-0.0387904,0.636282,0.502945,1
30,3.47682,1.02211,0,0,0,-2.39773e-008,-2.7093e-010,0.981818,0,0,0,-6.52258e-005,0.0555834,-0.0387786,0.636301,0.50295,1
40,3.77927,1.02214,0,0,0,-2.39773e-008,-2.7093e-010,0.981818,0,0,0,-0.000133419,0.0555672,-0.0388138,0.636363,0.502965,1
50,3.48061,1.02222,0,0,0,-2.39773e-008,-2.7093e-010,0.981818,0,0,0,-0.000211289,0.0555888,-0.0388897,0.636498,0.502994,1
60,3.28836,1.02228,0,0,0,-2.39773e-008,-2.7093e-010,0.981818,0,0,0,-0.000210521,0.0556051,-0.0389493,0.636644,0.503019,1
70,3.3086,1.0223,0,0,0,-2.39773e-008,-2.7093e-010,0.981818,0,0,0,-0.000162758,0.0555792,-0.0389651,0.636838,0.503047,1
80,2.92205,1.02233,0,0,0,-2.39773e-008,-2.7093e-010,0.981818,0,0,0,-0.000183206,0.0555564,-0.0389982,0.637016,0.503067,1
90,2.91314,1.02239,0,0,0,-2.39773e-008,-2.7093e-010,0.981818,0,0,0,-0.000237649,0.055563,-0.0390578,0.637153,0.503076,1
100,2.70333,1.02243,0,0,0,-2.39773e-008,-2.7093e-010,0.981818,0,0,0,-0.000275131,0.0555714,-0.0391027,0.637291,0.50308,1
110,11.6141,1.02244,0,0,0,-2.39773e-008,-2.7093e-010,0.981818,0,0,0,-0.00029333,0.0555604,-0.0391067,0.637513,0.503078,1
120,18.473,1.02243,0,0,0,-2.39773e-008,-2.7093e-010,0.981818,0,0,0,-0.000322956,0.0555301,-0.0391,0.637766,0.503068,1
130,22.5282,1.02244,0,0,0,-2.39773e-008,-2.7093e-010,0.981818,0,0,0,-0.00033785,0.0554802,-0.0391135,0.638036,0.503048,1
140,25.1121,1.02246,0,0,0,-2.39773e-008,-2.7093e-010,0.981818,0,0,0,-0.000345365,0.0554526,-0.0391378,0.638272,0.503023,1
150,26.5518,1.02249,0,0,0,-2.39773e-008,-2.7093e-010,0.981818,0,0,0,-0.000383284,0.0554795,-0.0391672,0.638516,0.50299,1
160,26.9095,1.02256,0,0,0,-2.39773e-008,-2.7093e-010,0.981818,0,0,0,-0.000458136,0.0555113,-0.0392354,0.638818,0.502941,1
170,26.9818,1.02265,0,0,0,-2.39773e-008,-2.7093e-010,0.981818,0,0,0,-0.000466059,0.0555035,-0.0393196,0.639044,0.502897,1
180,26.7968,1.02271,0,0,0,-2.39773e-008,-2.7093e-010,0.981818,0,0,0,-0.000365306,0.0554764,-0.0393821,0.639167,0.502868,1
190,25.9759,1.0228,0,0,0,-2.39773e-008,-2.7093e-010,0.981818,0,0,0,-0.000262919,0.0554321,-0.0394812,0.639323,0.502827,1
200,25.2624,1.02301,0,0,0,-2.39773e-008,-2.7093e-010,0.981818,0,0,0,-0.000231055,0.0553685,-0.0396945,0.639482,0.502781,1
210,33.2876,1.02335,0,0,0,-2.39773e-008,-2.7093e-010,0.981818,0,0,0,-0.000181006,0.0553075,-0.040032,0.6396,0.502742,1
220,38.0921,1.02374,0,0,0,-2.39773e-008,-2.7093e-010,0.981818,0,0,0,-6.39972e-005,0.0552529,-0.0404344,0.639603,0.502741,1
230,40.9595,1.02419,0,0,0,-2.39773e-008,-2.7093e-010,0.981818,0,0,0,-1.72709e-005,0.0552052,-0.0408857,0.639672,0.502712,1
240,41.795,1.02471,0,0,0,-2.39773e-008,-2.7093e-010,0.981818,0,0,0,-8.36463e-005,0.0551789,-0.0414054,0.639672,0.502712,1
250,41.856,1.02533,0,0,0,-2.39773e-008,-2.7093e-010,0.981818,0,0,0,-0.000177232,0.0551549,-0.0420318,0.639722,0.502688,1
260,41.7741,1.02604,0,0,0,-2.39773e-008,-2.7093e-010,0.981818,0,0,0,-0.000232176,0.0551133,-0.0427424,0.639787,0.502655,1
270,40.5883,1.02677,0,0,0,-2.39773e-008,-2.7093e-010,0.981818,0,0,0,-0.000261679,0.0550949,-0.0434722,0.639878,0.502605,1
280,40.4053,1.02746,0,0,0,-2.39773e-008,-2.7093e-010,0.981818,0,0,0,-0.000164224,0.0550836,-0.0441593,0.640004,0.502532,1
290,39.6148,1.02814,0,0,0,-2.39773e-008,-2.7093e-010,0.981818,0,0,0,2.95755e-005,0.0550366,-0.0448479,0.64012,0.502462,1
300,39.5681,1.02886,0,0,0,-2.39773e-008,-2.7093e-010,0.981818,0,0,0,0.000240038,0.0549644,-0.0455698,0.640154,0.50244,1
310,48.7363,1.02971,0,0,0,-2.39773e-008,-2.7093e-010,0.981818,0,0,0,0.000362849,0.0548972,-0.0464256,0.640154,0.50244,1
320,55.1226,1.03072,0,0,0,-2.39773e-008,-2.7093e-010,0.981818,0,0,0,0.000449312,0.0548504,-0.0474366,0.640154,0.50244,1
330,58.8594,1.03181,0,0,0,-2.39773e-008,-2.7093e-010,0.981818,0,0,0,0.000470018,0.0548647,-0.0485315,0.640154,0.50244,1
340,63.2797,1.03289,0,0,0,-2.39773e-008,-2.7093e-010,0.981818,0,0,0,0.000531229,0.0548264,-0.0496105,0.640154,0.50244,1
350,66.791,1.034,0,0,0,-2.39773e-008,-2.7093e-010,0.981818,0,0,0,0.000565703,0.0546589,-0.0507386,0.640154,0.50244,1
360,71.8365,1.03522,0,0,0,-2.39773e-008,-2.7093e-010,0.981818,0,0,0,0.000555695,0.0545498,-0.051968,0.640154,0.50244,1
370,77.7992,1.03657,0,0,0,-2.39773e-008,-2.7093e-010,0.981818,0,0,0,0.000425012,0.0546498,-0.053307,0.640154,0.50244,1
380,83.8395,1.03791,0,0,0,-2.39773e-008,-2.7093e-010,0.981818,0,0,0,0.000302947,0.0547423,-0.0546512,0.640154,0.50244,1
390,88.8396,1.03909,0,0,0,-2.39773e-008,-2.7093e-010,0.981818,0,0,0,0.000140903,0.054746,-0.0558311,0.640154,0.50244,1
400,93.1973,1.04,0,0,0,-2.39773e-008,-2.7093e-010,0.981818,0,0,0,3.75533e-005,0.0547797,-0.0567392,0.640154,0.50244,1
410,103.042,1.04089,0,0,0,-2.39773e-008,-2.7093e-010,0.981818,0,0,0,-6.87267e-005,0.0548809,-0.0576202,0.640154,0.50244,1
420,110.179,1.04186,0,0,0,-2.39773e-008,-2.7093e-010,0.981818,0,0,0,-0.00012014,0.0550016,-0.0585865,0.640386,0.502229,1
430,115.325,1.04265,0,0,0,-2.39773e-008,-2.7093e-010,0.981818,0,0,0,-0.000185642,0.0552075,-0.0593671,0.64052,0.502103,1
440,118.468,1.04303,0,0,0,-2.39773e-008,-2.7093e-010,0.981818,0,0,0,-0.000168764,0.0553841,-0.059745,0.640625,0.502002,1
450,122.104,1.04321,0,0,0,-2.39773e-008,-2.7093e-010,0.981818,0,0,0,-0.0001719,0.0553998,-0.059917,0.640837,0.501793,1
460,123.54,1.04329,0,0,0,-2.39773e-008,-2.7093e-010,0.981818,0,0,0,-0.000144906,0.0552587,-0.0600035,0.641015,0.501613,1
470,124.844,1.04318,0,0,0,-2.39773e-008,-2.7093e-010,0.981818,0,0,0,-0.000249551,0.0551139,-0.0599073,0.641078,0.501547,1
480,126.617,1.04286,0,0,0,-2.39773e-008,-2.7093e-010,0.981818,0,0,0,-0.000480935,0.0550608,-0.0595845,0.641129,0.501492,1
490,126.549,1.04239,0,0,0,-2.39773e-008,-2.7093e-010,0.981818,0,0,0,-0.000678498,0.0551289,-0.059115,0.641175,0.50144,1
500,127.046,1.04177,0,0,0,-2.39773e-008,-2.7093e-010,0.981818,0,0,0,-0.000498205,0.0551226,-0.0584965,0.641199,0.501413,1
510,134.543,1.04098,0,0,0,-2.39773e-008,-2.7093e-010,0.981818,0,0,0,-0.000158997,0.0549641,-0.0577083,0.641273,0.501322,1
520,138.283,1.04013,0,0,0,-2.39773e-008,-2.7093e-010,0.981818,0,0,0,6.30806e-005,0.0548148,-0.0568615,0.641366,0.501204,1
530,138.121,1.03941,0,0,0,-2.39773e-008,-2.7093e-010,0.981818,0,0,0,0.000174596,0.0548126,-0.0561406,0.641433,0.501114,1
540,137.129,1.03876,0,0,0,-2.39773e-008,-2.7093e-010,0.981818,0,0,0,0.000308886,0.0548629,-0.055496,0.641561,0.500934,1
550,135.975,1.03792,0,0,0,-2.39773e-008,-2.7093e-010,0.981818,0,0,0,0.000201738,0.0549337,-0.0546442,0.641707,0.500719,1
560,136.077,1.03684,0,0,0,-2.39773e-008,-2.7093e-010,0.981818,0,0,0,-9.39998e-005,0.0550137,-0.0535633,0.641744,0.500656,1
570,136.661,1.03592,0,0,0,-2.39773e-008,-2.7093e-010,0.981818,0,0,0,-0.000206184,0.0550652,-0.0526396,0.641756,0.500634,1
580,136.628,1.03537,0,0,0,-2.39773e-008,-2.7093e-010,0.981818,0,0,0,-7.18517e-005,0.0550972,-0.0520809,0.641812,0.500519,1
590,137.278,1.03486,0,0,0,-2.39773e-008,-2.7093e-010,0.981818,0,0,0,-7.95423e-005,0.055131,-0.0515699,0.641821,0.500496,1
600,136.661,1.03412,0,0,0,-2.39773e-008,-2.7093e-010,0.981818,0,0,0,-0.000184983,0.05514,-0.0508268,0.641856,0.500388,1
610,145.546,1.03331,0,0,0,-2.39773e-008,-2.7093e-010,0.981818,0,0,0,-5.71753e-005,0.0551362,-0.050015,0.641911,0.500203,1
620,149.676,1.03268,0,0,0,-2.39773e-008,-2.7093e-010,0.981818,0,0,0,0.000247373,0.0551207,-0.0493938,0.641959,0.500056,1
630,153.6,1.03212,0,0,0,-2.39773e-008,-2.7093e-010,0.981818,0,0,0,0.000361727,0.0550653,-0.0488367,0.642021,0.49986,1
640,158.503,1.03141,0,0,0,-2.39773e-008,-2.7093e-010,0.981818,0,0,0,0.000302126,0.0551199,-0.0481143,0.642105,0.499578,1
650,165.548,1.03058,0,0,0,-2.39773e-008,-2.7093e-010,0.981818,0,0,0,0.000332657,0.055337,-0.0472736,0.642139,0.499469,1
660,170.383,1.02971,0,0,0,-2.39773e-008,-2.7093e-010,0.981818,0,0,0,0.000320851,0.0554951,-0.0463976,0.642139,0.499469,1
670,175.908,1.02866,0,0,0,-2.39773e-008,-2.7093e-010,0.981818,0,0,0,0.000104087,0.0554754,-0.0453498,0.642139,0.499469,1
680,174.326,1.02745,0,0,0,-2.39773e-008,-2.7093e-010,0.981818,0,0,0,-7.63921e-005,0.0555079,-0.0441346,0.642139,0.499469,1
690,175.236,1.02637,0,0,0,-2.39773e-008,-2.7093e-010,0.981818,0,0,0,7.36315e-005,0.0555619,-0.0430488,0.642139,0.499469,1
700,173.486,1.02545,0,0,0,-2.39773e-008,-2.7093e-010,0.981818,0,0,0,0.000119637,0.0554567,-0.0421274,0.642139,0.499469,1
710,181.275,1.02425,0,0,0,-2.39773e-008,-2.7093e-010,0.981818,0,0,0,-0.00017175,0.0552114,-0.0409416,0.642139,0.499469,1
720,186.5,1.02259,0,0,0,-2.39773e-008,-2.7093e-010,0.981818,0,0,0,-0.000405063,0.0550411,-0.0392905,0.642139,0.499469,1
730,190.426,1.02092,0,0,0,-2.39773e-008,-2.7093e-010,0.981818,0,0,0,-0.000223404,0.0548556,-0.0376311,0.642139,0.499469,1
740,192.714,1.01959,0,0,0,-2.39773e-008,-2.7093e-010,0.981818,0,0,0,-0.000169469,0.0546004,-0.0363128,0.642139,0.499469,1
750,196.386,1.01835,0,0,0,-2.39773e-008,-2.7093e-010,0.981818,0,0,0,-0.000339251,0.0543792,-0.0350757,0.642139,0.499469,1
760,199.812,1.01685,0,0,0,-2.39773e-008,-2.7093e-010,0.981818,0,0,0,-0.000424503,0.0544132,-0.0335741,0.642139,0.499469,1
770,203.482,1.01534,0,0,0,-2.39773e-008,-2.7093e-010,0.981818,0,0,0,-0.000481003,0.0545272,-0.0320588,0.642139,0.499469,1
780,206.364,1.01415,0,0,0,-2.39773e-008,-2.7093e-010,0.981818,0,0,0,-0.000963517,0.0545616,-0.0308592,0.642139,0.499469,1
790,208,1.01315,0,0,0,-2.39773e-008,-2.7093e-010,0.981818,0,0,0,-0.00142006,0.0546189,-0.0298615,0.642139,0.499469,1
800,206.487,1.01212,0,0,0,-2.39773e-008,-2.7093e-010,0.981818,0,0,0,-0.00155298,0.0549498,-0.0288034,0.642139,0.499469,1
810,215.418,1.01113,0,0,0,-2.39773e-008,-2.7093e-010,0.981818,0,0,0,-0.00168891,0.0552324,-0.0277958,0.642139,0.499469,1
820,221.916,1.01029,0,0,0,-2.39773e-008,-2.7093e-010,0.981818,0,0,0,-0.00220166,0.0552227,-0.0269542,0.642139,0.499469,1
830,226.598,1.00951,0,0,0,-2.39773e-008,-2.7093e-010,0.981818,0,0,0,-0.00261118,0.0551491,-0.0261829,0.642139,0.499469,1
840,230.79,1.0088,0,0,0,-2.39773e-008,-2.7093e-010,0.981818,0,0,0,-0.0027213,0.0553188,-0.0254648,0.642139,0.499469,1
850,230.451,1.0084,0,0,0,-2.39773e-008,-2.7093e-010,0.981818,0,0,0,-0.00264061,0.0554633,-0.0250549,0.642139,0.499469,1
860,224.722,1.0084,0,0,0,-2.39773e-008,-2.7093e-010,0.981818,0,0,0,-0.00268762,0.0555139,-0.0250503,0.642139,0.499469,1
870,217.887,1.00859,0,0,0,-2.39773e-008,-2.7093e-010,0.981818,0,0,0,-0.00275748,0.0555119,-0.0252346,0.642143,0.499444,1
880,210.392,1.00874,0,0,0,-2.39773e-008,-2.7093e-010,0.981818,0,0,0,-0.00280264,0.0553896,-0.0253915,0.64216,0.499313,1
890,208.39,1.00889,0,0,0,-2.39773e-008,-2.7093e-010,0.981818,0,0,0,-0.00256467,0.0550621,-0.0255665,0.64217,0.499215,1
900,209.092,1.00931,0,0,0,-2.39773e-008,-2.7093e-010,0.981818,0,0,0,-0.00208621,0.0549045,-0.025996,0.642185,0.499042,1
910,220.145,1.01014,0,0,0,-2.39773e-008,-2.7093e-010,0.981818,0,0,0,-0.00147241,0.0549719,-0.026819,0.642192,0.498936,1
920,228.723,1.01125,0,0,0,-2.39773e-008,-2.7093e-010,0.981818,0,0,0,-0.00109636,0.0550927,-0.0279319,0.642197,0.49878,1
930,231.635,1.01238,0,0,0,-2.39773e-008,-2.7093e-010,0.981818,0,0,0,-0.000938466,0.0552198,-0.0290535,0.642199,0.498566,1
940,232.118,1.01344,0,0,0,-2.39773e-008,-2.7093e-010,0.981818,0,0,0,-0.000899743,0.0555321,-0.0300975,0.642197,0.498541,1
950,228.415,1.01451,0,0,0,-2.39773e-008,-2.7093e-010,0.981818,0,0,0,-0.000817708,0.0559589,-0.0311501,0.642189,0.498402,1
960,231.535,1.01568,0,0,0,-2.39773e-008,-2.7093e-010,0.981818,0,0,0,-0.000767141,0.05647,-0.032294,0.64217,0.498132,1
970,240.128,1.01687,0,0,0,-2.39773e-008,-2.7093e-010,0.981818,0,0,0,-0.000693603,0.0569026,-0.033456,0.642162,0.497955,1
980,249.108,1.01803,0,0,0,-2.39773e-008,-2.7093e-010,0.981818,0,0,0,-0.000765512,0.0569968,-0.0346101,0.642155,0.497732,1
990,260.096,1.01906,0,0,0,-2.39773e-008,-2.7093e-010,0.981818,0,0,0,-0.00106908,0.0567777,-0.0356586,0.642142,0.497378,1
1000,262.04,1.01991,0,0,0,-2.39773e-008,-2.7093e-010,0.981818,0,0,0,-0.00147947,0.0566269,-0.0365189,0.64193,0.497151,1
1010,258.288,1.02055,0,0,0,-2.39773e-008,-2.7093e-010,0.981818,0,0,0,-0.00185472,0.0565494,-0.0371603,0.641921,0.496925,1
1020,245.151,1.02112,0,0,0,-2.39773e-008,-2.7093e-010,0.981818,0,0,0,-0.00225855,0.0561343,-0.0377526,0.641831,0.496416,1
1030,230.84,1.02165,0,0,0,-2.39773e-008,-2.7093e-010,0.981818,0,0,0,-0.00274687,0.0554924,-0.0383182,0.641679,0.495916,1
1040,217.357,1.02203,0,0,0,-2.39773e-008,-2.7093e-010,0.981818,0,0,0,-0.00310805,0.0549233,-0.038735,0.641554,0.495606,1
1050,208.818,1.02209,0,0,0,-2.39773e-008,-2.7093e-010,0.981818,0,0,0,-0.00336393,0.054334,-0.0388224,0.641339,0.495137,1
1060,204.511,1.02196,0,0,0,-2.39773e-008,-2.7093e-010,0.981818,0,0,0,-0.00343574,0.0535419,-0.0387336,0.641147,0.494778,1
1070,206.948,1.02192,0,0,0,-2.39773e-008,-2.7093e-010,0.981818,0,0,0,-0.00331608,0.0530217,-0.0387156,0.641137,0.494755,1
1080,222.666,1.02232,0,0,0,-2.39773e-008,-2.7093e-010,0.981818,0,0,0,-0.00314354,0.0527998,-0.0391356,0.641123,0.494734,1
1090,249.394,1.02298,0,0,0,-2.39773e-008,-2.7093e-010,0.981818,0,0,0,-0.00323681,0.0526002,-0.039803,0.641123,0.494734,1
1100,279.657,1.02349,0,0,0,-2.39773e-008,-2.7093e-010,0.981818,0,0,0,-0.00326061,0.0523786,-0.0403209,0.641123,0.494734,1
1110,304.565,1.0237,0,0,0,-2.39773e-008,-2.7093e-010,0.981818,0,0,0,-0.00305742,0.0524896,-0.0405278,0.641123,0.494734,1
1120,315.308,1.02394,0,0,0,-2.39773e-008,-2.7093e-010,0.981818,0,0,0,-0.00279907,0.0527733,-0.0407593,0.641123,0.494734,1
1130,316.698,1.02401,0,0,0,-2.39773e-008,-2.7093e-010,0.981818,0,0,0,-0.0026195,0.0530536,-0.0408148,0.641123,0.494734,1
1140,312.36,1.02353,0,0,0,-2.39773e-008,-2.7093e-010,0.981818,0,0,0,-0.00209913,0.0533086,-0.0403202,0.641099,0.494741,1
1150,303.088,1.02261,0,0,0,-2.39773e-008,-2.7093e-010,0.981818,0,0,0,-0.00137708,0.0536641,-0.0393821,0.641075,0.494747,1
1160,290.552,1.02179,0,0,0,-2.39773e-008,-2.7093e-010,0.981818,0,0,0,-0.000940554,0.05403,-0.0385411,0.640955,0.494777,1
1170,277.395,1.02102,0,0,0,-2.39773e-008,-2.7093e-010,0.981818,0,0,0,-0.000840795,0.0544214,-0.0377545,0.640737,0.494828,1
1180,275.748,1.0201,0,0,0,-2.39773e-008,-2.7093e-010,0.981818,0,0,0,-0.000679499,0.0547383,-0.0368114,0.640475,0.494886,1
1190,284.006,1.01926,0,0,0,-2.39773e-008,-2.7093e-010,0.981818,0,0,0,-0.000591157,0.0549037,-0.0359584,0.64003,0.494979,1
1200,308.087,1.01876,0,0,0,-2.39773e-008,-2.7093e-010,0.981818,0,0,0,-0.000821402,0.0549978,-0.0354557,0.639422,0.495097,1
1210,330.411,1.01827,0,0,0,-2.39773e-008,-2.7093e-010,0.981818,0,0,0,-0.00127288,0.0551367,-0.0349616,0.638893,0.495191,1
1220,347.945,1.01749,0,0,0,-2.39773e-008,-2.7093e-010,0.981818,0,0,0,-0.00176831,0.0551281,-0.0341779,0.638346,0.495287,1
1230,348.679,1.01681,0,0,0,-2.39773e-008,-2.7093e-010,0.981818,0,0,0,-0.00246578,0.0548565,-0.0335097,0.637751,0.4954,1
1240,345.741,1.0166,0,0,0,-2.39773e-008,-2.7093e-010,0.981818,0,0,0,-0.00328125,0.0545852,-0.0333062,0.637422,0.495467,1
1250,336.693,1.01662,0,0,0,-2.39773e-008,-2.7093e-010,0.981818,0,0,0,-0.0038253,0.0544191,-0.0333333,0.637328,0.495488,1
1260,337.871,1.01654,0,0,0,-2.39773e-008,-2.7093e-010,0.981818,0,0,0,-0.0040774,0.0542252,-0.0332635,0.637187,0.495521,1
1270,339.201,1.01663,0,0,0,-2.39773e-008,-2.7093e-010,0.981818,0,0,0,-0.00447936,0.0540076,-0.0333712,0.637048,0.495556,1
1280,340.89,1.01723,0,0,0,-2.39773e-008,-2.7093e-010,0.981818,0,0,0,-0.00503719,0.0539818,-0.0339615,0.637048,0.495556,1
1290,331.358,1.01808,0,0,0,-2.39773e-008,-2.7093e-010,0.981818,0,0,0,-0.00520675,0.0539633,-0.0348147,0.637048,0.495556,1
1300,318.442,1.01869,0,0,0,-2.39773e-008,-2.7093e-010,0.981818,0,0,0,-0.00500394,0.0537329,-0.0354373,0.637024,0.495564,1
1310,301.757,1.01918,0,0,0,-2.39773e-008,-2.7093e-010,0.981818,0,0,0,-0.00483503,0.0533799,-0.0359503,0.636829,0.495625,1
1320,295.133,1.0199,0,0,0,-2.39773e-008,-2.7093e-010,0.981818,0,0,0,-0.00469185,0.053224,-0.0366851,0.636637,0.495679,1
1330,297.221,1.02066,0,0,0,-2.39773e-008,-2.7093e-010,0.981818,0,0,0,-0.00441284,0.0532109,-0.0374463,0.636474,0.495717,1
1340,303.919,1.02104,0,0,0,-2.39773e-008,-2.7093e-010,0.981818,0,0,0,-0.00431946,0.0534036,-0.0378103,0.636332,0.495756,1
1350,323.701,1.02125,0,0,0,-2.39773e-008,-2.7093e-010,0.981818,0,0,0,-0.00434801,0.0540141,-0.0379945,0.63595,0.495868,1
1360,344.485,1.02161,0,0,0,-2.39773e-008,-2.7093e-010,0.981818,0,0,0,-0.00407188,0.0549689,-0.038301,0.635384,0.49604,1
1370,362.112,1.02174,0,0,0,-2.39773e-008,-2.7093e-010,0.981818,0,0,0,-0.00361892,0.0556031,-0.0383968,0.63485,0.496208,1
1380,372.485,1.02127,0,0,0,-2.39773e-008,-2.7093e-010,0.981818,0,0,0,-0.00353544,0.0558046,-0.0379182,0.634375,0.496365,1
1390,371.911,1.02056,0,0,0,-2.39773e-008,-2.7093e-010,0.981818,0,0,0,-0.00347062,0.0560305,-0.0372006,0.633901,0.496528,1
1400,359.921,1.02017,0,0,0,-2.39773e-008,-2.7093e-010,0.981818,0,0,0,-0.00289243,0.0563681,-0.0367895,0.633472,0.496684,1
1410,340.857,1.02001,0,0,0,-2.39773e-008,-2.7093e-010,0.981818,0,0,0,-0.00207296,0.0563994,-0.0366315,0.633042,0.496844,1
1420,316.539,1.01987,0,0,0,-2.39773e-008,-2.7093e-010,0.981818,0,0,0,-0.00173317,0.0562694,-0.036494,0.632396,0.497083,1
1430,295.743,1.01996,0,0,0,-2.39773e-008,-2.7093e-010,0.981818,0,0,0,-0.00183354,0.0562738,-0.0365855,0.631464,0.497426,1
1440,275.377,1.02062,0,0,0,-2.39773e-008,-2.7093e-010,0.981818,0,0,0,-0.00195185,0.0562156,-0.0372538,0.630417,0.497811,1
1450,255.02,1.02159,0,0,0,-2.39773e-008,-2.7093e-010,0.981818,0,0,0,-0.00194235,0.0557803,-0.0382431,0.629347,0.498206,1
1460,232.814,1.0225,0,0,0,-2.39773e-008,-2.7093e-010,0.981818,0,0,0,-0.00211204,0.0552995,-0.0391799,0.628241,0.498616,1
1470,217.286,1.02348,0,0,0,-2.39773e-008,-2.7093e-010,0.981818,0,0,0,-0.00231707,0.0550806,-0.0401795,0.627289,0.498971,1
1480,201.951,1.02469,0,0,0,-2.39773e-008,-2.7093e-010,0.981818,0,0,0,-0.00231642,0.0550423,-0.0413882,0.626693,0.499196,1
1490,200.921,1.02574,0,0,0,-2.39773e-008,-2.7093e-010,0.981818,0,0,0,-0.00222256,0.0549101,-0.0424483,0.626374,0.499323,1
1500,214.269,1.02624,0,0,0,-2.39773e-008,-2.7093e-010,0.981818,0,0,0,-0.00234558,0.0547188,-0.0429639,0.626273,0.499366,1
1510,237.989,1.02633,0,0,0,-2.39773e-008,-2.7093e-010,0.981818,0,0,0,-0.00236872,0.0544597,-0.0430614,0.626273,0.499366,1
1520,261.401,1.0263,0,0,0,-2.39773e-008,-2.7093e-010,0.981818,0,0,0,-0.00220024,0.0540835,-0.0430511,0.626273,0.499366,1
1530,271.323,1.02625,0,0,0,-2.39773e-008,-2.7093e-010,0.981818,0,0,0,-0.00212205,0.0535958,-0.0430256,0.626273,0.499366,1
1540,280.872,1.0259,0,0,0,-2.39773e-008,-2.7093e-010,0.981818,0,0,0,-0.00235266,0.0533403,-0.0426931,0.626273,0.499366,1
1550,284.594,1.0252,0,0,0,-2.39773e-008,-2.7093e-010,0.981818,0,0,0,-0.00262466,0.0533844,-0.0419851,0.626273,0.499366,1
1560,282.984,1.02433,0,0,0,-2.39773e-008,-2.7093e-010,0.981818,0,0,0,-0.00283389,0.0535322,-0.0411033,0.626249,0.499374,1
1570,280.981,1.02347,0,0,0,-2.39773e-008,-2.7093e-010,0.981818,0,0,0,-0.00294779,0.0536435,-0.0402452,0.626249,0.499374,1
1580,281.402,1.02255,0,0,0,-2.39773e-008,-2.7093e-010,0.981818,0,0,0,-0.00306957,0.0539374,-0.0393012,0.625948,0.499454,1
1590,283.62,1.02162,0,0,0,-2.39773e-008,-2.7093e-010,0.981818,0,0,0,-0.00324541,0.0543728,-0.0383481,0.625393,0.499595,1
1600,281.114,1.02067,0,0,0,-2.39773e-008,-2.7093e-010,0.981818,0,0,0,-0.00356754,0.0549101,-0.0373634,0.624985,0.499694,1
1610,269.723,1.01959,0,0,0,-2.39773e-008,-2.7093e-010,0.981818,0,0,0,-0.00383506,0.0556648,-0.0362484,0.624806,0.499732,1
1620,258.228,1.01845,0,0,0,-2.39773e-008,-2.7093e-010,0.981818,0,0,0,-0.00393805,0.0563854,-0.0350622,0.624654,0.499758,1
1630,254.292,1.01752,0,0,0,-2.39773e-008,-2.7093e-010,0.981818,0,0,0,-0.00393459,0.0564002,-0.0341269,0.624654,0.499758,1
1640,266.224,1.01677,0,0,0,-2.39773e-008,-2.7093e-010,0.981818,0,0,0,-0.0040258,0.0557259,-0.0334204,0.624654,0.499758,1
1650,295.956,1.01606,0,0,0,-2.39773e-008,-2.7093e-010,0.981818,0,0,0,-0.00414185,0.0550356,-0.0327428,0.624654,0.499758,1
1660,325.318,1.01542,0,0,0,-2.39773e-008,-2.7093e-010,0.981818,0,0,0,-0.00428343,0.0545783,-0.0321205,0.624654,0.499758,1
1670,352.228,1.01511,0,0,0,-2.39773e-008,-2.7093e-010,0.981818,0,0,0,-0.00430005,0.0542974,-0.0318298,0.624654,0.499758,1
1680,351.081,1.01513,0,0,0,-2.39773e-008,-2.7093e-010,0.981818,0,0,0,-0.00387987,0.0541841,-0.0318523,0.624654,0.499758,1
1690,325.861,1.01521,0,0,0,-2.39773e-008,-2.7093e-010,0.981818,0,0,0,-0.003056,0.0542017,-0.0319348,0.624654,0.499758,1
1700,284.397,1.0152,0,0,0,-2.39773e-008,-2.7093e-010,0.981818,0,0,0,-0.00253263,0.0541311,-0.031938,0.624654,0.499758,1
1710,249.361,1.01511,0,0,0,-2.39773e-008,-2.7093e-010,0.981818,0,0,0,-0.00247463,0.0540132,-0.0318532,0.624491,0.499731,1
1720,245.713,1.01492,0,0,0,-2.39773e-008,-2.7093e-010,0.981818,0,0,0,-0.00232728,0.054008,-0.0316626,0.624491,0.499731,1
1730,261.259,1.01489,0,0,0,-2.39773e-008,-2.7093e-010,0.981818,0,0,0,-0.00202569,0.0542076,-0.0316241,0.624491,0.499731,1
1740,283.827,1.01541,0,0,0,-2.39773e-008,-2.7093e-010,0.981818,0,0,0,-0.00203501,0.0543778,-0.0321319,0.624491,0.499731,1
1750,300.322,1.01641,0,0,0,-2.39773e-008,-2.7093e-010,0.981818,0,0,0,-0.00215596,0.054477,-0.033124,0.624491,0.499731,1
1760,317.871,1.01742,0,0,0,-2.39773e-008,-2.7093e-010,0.981818,0,0,0,-0.00193162,0.0547069,-0.0341236,0.624491,0.499731,1
1770,321.951,1.01828,0,0,0,-2.39773e-008,-2.7093e-010,0.981818,0,0,0,-0.00160673,0.0551339,-0.0349639,0.624491,0.499731,1
1780,325.598,1.01932,0,0,0,-2.39773e-008,-2.7093e-010,0.981818,0,0,0,-0.00150781,0.0553487,-0.0359919,0.624491,0.499731,1
1790,314.365,1.02082,0,0,0,-2.39773e-008,-2.7093e-010,0.981818,0,0,0,-0.0014212,0.0551433,-0.0375061,0.624491,0.499731,1
1800,291.513,1.02267,0,0,0,-2.39773e-008,-2.7093e-010,0.981818,0,0,0,-0.00115884,0.0547331,-0.0393814,0.624491,0.499731,1
1810,267.87,1.02451,0,0,0,-2.39773e-008,-2.7093e-010,0.981818,0,0,0,-0.00107095,0.0545111,-0.0412413,0.624491,0.499731,1
1820,257.523,1.02616,0,0,0,-2.39773e-008,-2.7093e-010,0.981818,0,0,0,-0.00131774,0.0546256,-0.042887,0.624491,0.499731,1
1830,261.082,1.02755,0,0,0,-2.39773e-008,-2.7093e-010,0.981818,0,0,0,-0.00161369,0.0549345,-0.044258,0.624491,0.499731,1
1840,261.298,1.02871,0,0,0,-2.39773e-008,-2.7093e-010,0.981818,0,0,0,-0.00170204,0.0551389,-0.0454122,0.624491,0.499731,1
1850,251.717,1.02987,0,0,0,-2.39773e-008,-2.7093e-010,0.981818,0,0,0,-0.00188905,0.0550575,-0.046577,0.624491,0.499731,1
1860,240.916,1.03118,0,0,0,-2.39773e-008,-2.7093e-010,0.981818,0,0,0,-0.00216015,0.0546872,-0.0479064,0.624491,0.499731,1
1870,229.408,1.03228,0,0,0,-2.39773e-008,-2.7093e-010,0.981818,0,0,0,-0.00224896,0.0540743,-0.0490387,0.624491,0.499731,1
1880,231.413,1.03295,0,0,0,-2.39773e-008,-2.7093e-010,0.981818,0,0,0,-0.00209826,0.0533394,-0.049752,0.624491,0.499731,1
1890,239.016,1.03342,0,0,0,-2.39773e-008,-2.7093e-010,0.981818,0,0,0,-0.00195363,0.0526524,-0.0502543,0.624491,0.499731,1
1900,234.097,1.03387,0,0,0,-2.39773e-008,-2.7093e-010,0.981818,0,0,0,-0.00157341,0.0522686,-0.0507267,0.624491,0.499731,1
1910,219.547,1.03413,0,0,0,-2.39773e-008,-2.7093e-010,0.981818,0,0,0,-0.00122591,0.0522172,-0.0509969,0.624491,0.499731,1
1920,203.883,1.03404,0,0,0,-2.39773e-008,-2.7093e-010,0.981818,0,0,0,-0.0014038,0.0524589,-0.0508862,0.624491,0.499731,1
1930,212.75,1.03349,0,0,0,-2.39773e-008,-2.7093e-010,0.981818,0,0,0,-0.00216611,0.0527627,-0.0503211,0.624295,0.499697,1
1940,239.914,1.03263,0,0,0,-2.39773e-008,-2.7093e-010,0.981818,0,0,0,-0.00270404,0.0530406,-0.0494497,0.624179,0.499681,1
1950,259.803,1.03197,0,0,0,-2.39773e-008,-2.7093e-010,0.981818,0,0,0,-0.00297518,0.0533252,-0.0487729,0.624179,0.499681,1
1960,273.895,1.0318,0,0,0,-2.39773e-008,-2.7093e-010,0.981818,0,0,0,-0.00307695,0.0537636,-0.0485767,0.624179,0.499681,1
1970,280.319,1.03207,0,0,0,-2.39773e-008,-2.7093e-010,0.981818,0,0,0,-0.00305273,0.0543224,-0.0488147,0.624179,0.499681,1
1980,292.1,1.0324,0,0,0,-2.39773e-008,-2.7093e-010,0.981818,0,0,0,-0.00267005,0.0548806,-0.0491175,0.624179,0.499681,1
1990,319.208,1.03258,0,0,0,-2.39773e-008,-2.7093e-010,0.981818,0,0,0,-0.00240804,0.0551292,-0.0492837,0.624179,0.499681,1
2000,333.894,1.03125,0,0,0.199949,-0.00226218,0.0549467,0.981918,0,0,0,-0.00225349,0.05491,-0.0493357,0.624912,0.499664,1
2010,329.871,1.03262,0,0,0.199435,-0.00226218,0.0549467,0.982917,0,0,0,-0.0022072,0.05467,-0.0496997,0.625806,0.499825,1
2020,291.433,1.03426,0,0,0.199226,-0.00226218,0.0549467,0.983913,0,0,0,-0.00204726,0.0547219,-0.0503457,0.627146,0.500147,1
2030,235.519,1.03601,0,0,0.200021,-0.00226218,0.0549467,0.984911,0,0,0,-0.0020905,0.0549499,-0.0510996,0.628038,0.500454,1
2040,205.463,1.03772,0,0,0.20194,-0.00226218,0.0549467,0.985915,0,0,0,-0.00215772,0.0551327,-0.0518044,0.628817,0.500788,1
2050,211.838,1.03955,0,0,0.204234,-0.00226218,0.0549467,0.98693,0,0,0,-0.00231784,0.0552975,-0.0526171,0.629488,0.50108,1
2060,244.821,1.04146,0,0,0.205855,-0.00226218,0.0549467,0.987955,0,0,0,-0.00235999,0.055108,-0.0535038,0.630007,0.501252,1
2070,287.779,1.0435,0,0,0.206442,-0.00226218,0.0549467,0.988986,0,0,0,-0.00238871,0.0546293,-0.0545183,0.630455,0.501334,1
2080,316.804,1.04539,0,0,0.20636,-0.00226218,0.0549467,0.990018,0,0,0,-0.00199686,0.0542262,-0.0553708,0.630907,0.501366,1
2090,330.602,1.0469,0,0,0.20596,-0.00226218,0.0549467,0.991049,0,0,0,-0.00149394,0.0542807,-0.0558544,0.631277,0.501357,1
2100,346.53,1.048,0,0,0.205355,-0.00226218,0.0549467,0.992078,0,0,0,-0.000969087,0.0544039,-0.0559166,0.631483,0.501332,1
2110,344.378,1.0489,0,0,0.204662,-0.00226218,0.0549467,0.993103,0,0,0,-0.000532805,0.0543783,-0.0557936,0.631521,0.501322,1
2120,330.216,1.04964,0,0,0.204096,-0.00226218,0.0549467,0.994125,0,0,0,0.000112817,0.0541682,-0.0555092,0.631521,0.501322,1
2130,312.336,1.05045,0,0,0.203766,-0.00226218,0.0549467,0.995144,0,0,0,0.000399443,0.0539855,-0.0553057,0.631521,0.501322,1
2140,286.058,1.05131,0,0,0.203805,-0.00226218,0.0549467,0.996163,0,0,0,8.19794e-005,0.0534758,-0.0551426,0.631521,0.501322,1
2150,261.445,1.05205,0,0,0.204325,-0.00226218,0.0549467,0.997183,0,0,0,-0.000759093,0.0527012,-0.0548603,0.631521,0.501322,1
2160,252.375,1.05254,0,0,0.205249,-0.00226218,0.0549467,0.998207,0,0,0,-0.00163454,0.0519797,-0.054329,0.631521,0.501322,1
2170,258.878,1.05317,0,0,0.206174,-0.00226218,0.0549467,0.999235,0,0,0,-0.00263322,0.0517191,-0.053932,0.631521,0.501322,1
2180,278.08,0.946086,0,0,0.206746,-0.00226218,0.0549467,-0.999733,0,0,0,-0.00346621,0.0516647,-0.0536536,0.631521,0.501322,1
2190,280.487,0.945498,0,0,0.207134,-0.00226218,0.0549467,-0.998698,0,0,0,-0.00375192,0.0519812,-0.0532054,0.631611,0.501218,1
2200,284.686,0.945328,0,0,0.207455,-0.00226218,0.0549467,-0.997662,0,0,0,-0.00365032,0.0526676,-0.0523373,0.63188,0.500819,1
2210,291.904,0.945169,0,0,0.207666,-0.00226218,0.0549467,-0.996624,0,0,0,-0.00366662,0.0534107,-0.0514571,0.632151,0.50034,1
2220,302.795,0.944727,0,0,0.207725,-0.00226218,0.0549467,-0.995585,0,0,0,-0.00356342,0.053709,-0.0508597,0.632436,0.499807,1
2230,309.278,0.943994,0,0,0.207599,-0.00226218,0.0549467,-0.994547,0,0,0,-0.00293828,0.0539029,-0.0505533,0.632744,0.499194,1
2240,316.236,0.943305,0,0,0.207398,-0.00226218,0.0549467,-0.993509,0,0,0,-0.00229565,0.0541255,-0.0502048,0.633085,0.49858,1
2250,325.478,0.942689,0,0,0.207067,-0.00226218,0.0549467,-0.992473,0,0,0,-0.0020538,0.0542506,-0.0497838,0.633338,0.4982,1
2260,338.89,0.942278,0,0,0.206553,-0.00226218,0.0549467,-0.991439,0,0,0,-0.0020387,0.0543264,-0.0491605,0.633488,0.498035,1
2270,339.513,0.94218,0,0,0.205951,-0.00226218,0.0549467,-0.990407,0,0,0,-0.00203457,0.0548021,-0.0482276,0.633677,0.497866,1
2280,329.455,0.942451,0,0,0.205415,-0.00226218,0.0549467,-0.989379,0,0,0,-0.00230998,0.0555363,-0.046928,0.633677,0.497866,1
2290,309.608,0.942827,0,0,0.205124,-0.00226218,0.0549467,-0.988353,0,0,0,-0.00253291,0.0560454,-0.0455265,0.633677,0.497866,1
2300,300.343,0.943379,0,0,0.205071,-0.00226218,0.0549467,-0.987327,0,0,0,-0.00238177,0.0561788,-0.0439487,0.633677,0.497866,1
2310,297.978,0.944353,0,0,0.205092,-0.00226218,0.0549467,-0.986302,0,0,0,-0.00186314,0.0561336,-0.0419497,0.633744,0.497771,1
2320,292.117,0.945774,0,0,0.205172,-0.00226218,0.0549467,-0.985276,0,0,0,-0.00157554,0.0560157,-0.0395033,0.633744,0.497771,1
2330,288.9,0.947181,0,0,0.205367,-0.00226218,0.0549467,-0.98425,0,0,0,-0.00145125,0.0556969,-0.0370692,0.633744,0.497771,1
2340,289.208,0.948364,0,0,0.205533,-0.00226218,0.0549467,-0.983223,0,0,0,-0.00146062,0.0553383,-0.0348589,0.633744,0.497771,1
2350,277.113,0.949292,0,0,0.205854,-0.00226218,0.0549467,-0.982194,0,0,0,-0.00162383,0.0549029,-0.0329026,0.633744,0.497771,1
2360,254.907,0.949946,0,0,0.206488,-0.00226218,0.0549467,-0.981164,0,0,0,-0.00234862,0.0541389,-0.0312185,0.633744,0.497771,1
2370,231.042,0.950326,0,0,0.207783,-0.00226218,0.0549467,-0.980129,0,0,0,-0.00321117,0.0527739,-0.0298058,0.633744,0.497771,1
2380,229.662,0.950588,0,0,0.20943,-0.00226218,0.0549467,-0.979086,0,0,0,-0.00378837,0.0516761,-0.028505,0.633744,0.497771,1
2390,257.813,0.950699,0,0,0.210623,-0.00226218,0.0549467,-0.978036,0,0,0,-0.00378515,0.0515638,-0.0273443,0.633744,0.497771,1
2400,283.18,0.950602,0,0,0.211154,-0.00226218,0.0549467,-0.976981,0,0,0,-0.00341265,0.0524132,-0.0263834,0.633744,0.497771,1
2410,280.44,0.95038,0,0,0.211441,-0.00226218,0.0549467,-0.975925,0,0,0,-0.00276236,0.0533396,-0.0255463,0.633944,0.497635,1
2420,264.705,0.950265,0,0,0.21196,-0.00226218,0.0549467,-0.974867,0,0,0,-0.00230903,0.0542873,-0.0246022,0.63426,0.497497,1
2430,243.893,0.950148,0,0,0.212971,-0.00226218,0.0549467,-0.973805,0,0,0,-0.00233395,0.0551795,-0.0236573,0.634743,0.497355,1
2440,234.826,0.94961,0,0,0.214333,-0.00226218,0.0549467,-0.972737,0,0,0,-0.00298351,0.0559518,-0.0231282,0.63513,0.497302,1
2450,246.154,0.948429,0,0,0.215675,-0.00226218,0.0549467,-0.971662,0,0,0,-0.00376718,0.0562095,-0.0232356,0.635519,0.497299,1
2460,251.651,0.946969,0,0,0.216756,-0.00226218,0.0549467,-0.970581,0,0,0,-0.00412847,0.0562181,-0.0236149,0.636167,0.497323,1
2470,251.857,0.94578,0,0,0.217736,-0.00226218,0.0549467,-0.969495,0,0,0,-0.00402669,0.0559222,-0.0237175,0.637064,0.49738,1
2480,245.766,0.944925,0,0,0.218859,-0.00226218,0.0549467,-0.968404,0,0,0,-0.00398431,0.0554894,-0.0234812,0.638121,0.49748,1
2490,234.645,0.944201,0,0,0.220214,-0.00226218,0.0549467,-0.967307,0,0,0,-0.00363595,0.0549062,-0.0231076,0.639205,0.497618,1
2500,236.36,0.94365,0,0,0.221712,-0.00226218,0.0549467,-0.966203,0,0,0,-0.0025644,0.0546641,-0.022553,0.640263,0.497787,1
2510,239.908,0.943273,0,0,0.223152,-0.00226218,0.0549467,-0.965091,0,0,0,-0.00153819,0.0544263,-0.0218179,0.641177,0.497967,1
2520,247.937,0.942693,0,0,0.224414,-0.00226218,0.0549467,-0.963972,0,0,0,-0.0013978,0.0536692,-0.0212805,0.641776,0.498118,1
2530,264.902,0.941807,0,0,0.225352,-0.00226218,0.0549467,-0.962848,0,0,0,-0.00155248,0.0522718,-0.0210444,0.642255,0.498265,1
2540,276.99,0.940815,0,0,0.225929,-0.00226218,0.0549467,-0.96172,0,0,0,-0.00174912,0.0513292,-0.0209115,0.642839,0.498471,1
2550,276.655,0.939629,0,0,0.22636,-0.00226218,0.0549467,-0.960589,0,0,0,-0.00238461,0.0511478,-0.0209676,0.643327,0.49867,1
2560,269.302,0.937937,0,0,0.226927,-0.00226218,0.0549467,-0.959456,0,0,0,-0.00299033,0.0513656,-0.0215257,0.643617,0.498806,1
2570,260.171,0.935863,0,0,0.22772,-0.00226218,0.0549467,-0.95832,0,0,0,-0.00288958,0.0517541,-0.0224624,0.643798,0.498909,1
2580,275.404,0.933912,0,0,0.228432,-0.00226218,0.0549467,-0.957179,0,0,0,-0.00266454,0.0526961,-0.0232705,0.6439,0.498977,1
2590,307.535,0.932354,0,0,0.228611,-0.00226218,0.0549467,-0.956037,0,0,0,-0.00281858,0.0537837,-0.0236833,0.644014,0.499065,1
2600,335.845,0.930916,0,0,0.228163,-0.00226218,0.0549467,-0.954894,0,0,0,-0.00281735,0.0546465,-0.0239786,0.644172,0.499208,1
2610,330.779,0.929289,0,0,0.227569,-0.00226218,0.0549467,-0.953755,0,0,0,-0.00256827,0.0555202,-0.0244665,0.644287,0.499332,1
2620,298.066,0.927403,0,0,0.227316,-0.00226218,0.0549467,-0.952618,0,0,0,-0.00249942,0.0565782,-0.0252166,0.644287,0.499332,1
2630,257.52,0.925343,0,0,0.227853,-0.00226218,0.0549467,-0.95148,0,0,0,-0.00255341,0.0574705,-0.0261409,0.644287,0.499332,1
2640,239.463,0.922924,0,0,0.229143,-0.00226218,0.0549467,-0.950338,0,0,0,-0.00248404,0.0578936,-0.0274188,0.644287,0.499332,1
2650,250.091,0.920391,0,0,0.230519,-0.00226218,0.0549467,-0.94919,0,0,0,-0.00252699,0.0579833,-0.0288038,0.644287,0.499332,1
2660,291.798,0.918271,0,0,0.231151,-0.00226218,0.0549467,-0.948035,0,0,0,-0.00267226,0.0577504,-0.0297682,0.644287,0.499332,1
2670,340.948,0.916693,0,0,0.230811,-0.00226218,0.0549467,-0.94688,0,0,0,-0.00295885,0.057172,-0.0301901,0.644287,0.499332,1
2680,350.25,0.915056,0,0,0.230002,-0.00226218,0.0549467,-0.945727,0,0,0,-0.003424,0.0560779,-0.0306728,0.644287,0.499332,1
2690,346.631,0.913377,0,0,0.229201,-0.00226218,0.0549467,-0.944579,0,0,0,-0.00400125,0.0548448,-0.031204,0.644287,0.499332,1
2700,340.007,0.911908,0,0,0.228516,-0.00226218,0.0549467,-0.943435,0,0,0,-0.00437335,0.0535489,-0.0315307,0.644287,0.499332,1
2710,351.713,0.910445,0,0,0.227754,-0.00226218,0.0549467,-0.942294,0,0,0,-0.00462847,0.0520958,-0.0318563,0.644287,0.499332,1
2720,354.894,0.908353,0,0,0.226876,-0.00226218,0.0549467,-0.941157,0,0,0,-0.00445366,0.0503337,-0.0328186,0.644287,0.499332,1
2730,326.378,0.90584,0,0,0.22619,-0.00226218,0.0549467,-0.940024,0,0,0,-0.00374908,0.0488581,-0.0342064,0.644287,0.499332,1
2740,273.442,0.903619,0,0,0.226228,-0.00226218,0.0549467,-0.938894,0,0,0,-0.00273803,0.047813,-0.0353026,0.644287,0.499332,1
2750,229.55,0.902134,0,0,0.227467,-0.00226218,0.0549467,-0.93776,0,0,0,-0.00213696,0.0475187,-0.0356569,0.644287,0.499332,1
2760,210.038,0.900992,0,0,0.229659,-0.00226218,0.0549467,-0.936618,0,0,0,-0.00190439,0.0480846,-0.0356524,0.644287,0.499332,1
2770,216.107,0.899835,0,0,0.232062,-0.00226218,0.0549467,-0.935465,0,0,0,-0.00210727,0.0494943,-0.0356461,0.644287,0.499332,1
2780,247.813,0.898649,0,0,0.233785,-0.00226218,0.0549467,-0.9343,0,0,0,-0.0027024,0.0508434,-0.0356607,0.644287,0.499332,1
2790,278.78,0.897332,0,0,0.234528,-0.00226218,0.0549467,-0.933129,0,0,0,-0.00376017,0.052077,-0.0358028,0.644287,0.499332,1
2800,292.957,0.895439,0,0,0.234762,-0.00226218,0.0549467,-0.931956,0,0,0,-0.00454846,0.0531851,-0.0365209,0.644287,0.499332,1
2810,290.644,0.893125,0,0,0.234899,-0.00226218,0.0549467,-0.930782,0,0,0,-0.00496418,0.0543375,-0.0376612,0.644287,0.499332,1
2820,273.787,0.891062,0,0,0.235266,-0.00226218,0.0549467,-0.929606,0,0,0,-0.00516551,0.0550109,-0.0385496,0.644268,0.499316,1
2830,253.801,0.889301,0,0,0.236088,-0.00226218,0.0549467,-0.928428,0,0,0,-0.00552945,0.0553318,-0.0391336,0.644142,0.499243,1
2840,246.408,0.887293,0,0,0.237313,-0.00226218,0.0549467,-0.927245,0,0,0,-0.00566657,0.0554006,-0.0399589,0.644142,0.499243,1
2850,238.161,0.885018,0,0,0.238713,-0.00226218,0.0549467,-0.926056,0,0,0,-0.00565705,0.0555775,-0.0410446,0.644142,0.499243,1
2860,246.86,0.883128,0,0,0.240168,-0.00226218,0.0549467,-0.924859,0,0,0,-0.00542241,0.0554709,-0.0417369,0.644142,0.499243,1
2870,265.366,0.881777,0,0,0.241168,-0.00226218,0.0549467,-0.923656,0,0,0,-0.00501131,0.055146,-0.0418826,0.643893,0.499194,1
2880,288.306,0.880532,0,0,0.24165,-0.00226218,0.0549467,-0.922448,0,0,0,-0.00432274,0.0545681,-0.0419185,0.643416,0.499063,1
2890,296.774,0.879213,0,0,0.241705,-0.00226218,0.0549467,-0.92124,0,0,0,-0.00395635,0.0538931,-0.0420287,0.642262,0.498707,1
2900,274.897,0.878106,0,0,0.241996,-0.00226218,0.0549467,-0.920031,0,0,0,-0.00389742,0.0532115,-0.041928,0.640801,0.498225,1
2910,270.14,0.877073,0,0,0.242634,-0.00226218,0.0549467,-0.91882,0,0,0,-0.00375938,0.0532873,-0.0417496,0.639333,0.49772,1
2920,297.724,0.875814,0,0,0.242967,-0.00226218,0.0549467,-0.917605,0,0,0,-0.00316737,0.0537569,-0.0417922,0.637914,0.497218,1
2930,327.255,0.874482,0,0,0.242651,-0.00226218,0.0549467,-0.916391,0,0,0,-0.00279859,0.0536386,-0.0419105,0.636772,0.49682,1
2940,322.332,0.873477,0,0,0.242133,-0.00226218,0.0549467,-0.915179,0,0,0,-0.00265984,0.0527395,-0.0417046,0.636021,0.496587,1
2950,313.873,0.872461,0,0,0.241822,-0.00226218,0.0549467,-0.913969,0,0,0,-0.00211238,0.0521336,-0.041513,0.635472,0.496445,1
2960,318.098,0.871066,0,0,0.241512,-0.00226218,0.0549467,-0.912761,0,0,0,-0.00112172,0.0521151,-0.0417002,0.634987,0.496318,1
2970,319.848,0.869737,0,0,0.24114,-0.00226218,0.0549467,-0.911554,0,0,0,-0.000835737,0.0523939,-0.0418214,0.63454,0.496201,1
2980,317.193,0.869101,0,0,0.240781,-0.00226218,0.0549467,-0.910349,0,0,0,-0.00132311,0.052949,-0.0412507,0.634176,0.496129,1
2990,303.856,0.868612,0,0,0.240567,-0.00226218,0.0549467,-0.909146,0,0,0,-0.00191378,0.053857,-0.0405344,0.63388,0.496092,1
3000,283.135,0.867505,0,0,0.240746,-0.00226218,0.0549467,-0.907943,0,0,0,-0.00253035,0.0547185,-0.040438,0.633511,0.496009,1
3010,283.631,0.865906,0,0,0.241125,-0.00226218,0.0549467,-0.906738,0,0,0,-0.00334052,0.0552225,-0.0408326,0.63287,0.495775,1
3020,293.614,0.864507,0,0,0.241369,-0.00226218,0.0549467,-0.905532,0,0,0,-0.00382637,0.0555684,-0.0410266,0.632243,0.495508,1
3030,298.27,0.863263,0,0,0.241418,-0.00226218,0.0549467,-0.904325,0,0,0,-0.00387532,0.0557486,-0.0410635,0.631875,0.495367,1
3040,289.112,0.861888,0,0,0.241542,-0.00226218,0.0549467,-0.903118,0,0,0,-0.0041344,0.055391,-0.0412315,0.631579,0.495308,1
3050,267.188,0.860561,0,0,0.242044,-0.00226218,0.0549467,-0.901909,0,0,0,-0.00449363,0.0544514,-0.0413514,0.631115,0.495248,1
3060,247.767,0.859671,0,0,0.243095,-0.00226218,0.0549467,-0.900697,0,0,0,-0.00446183,0.0537647,-0.0410291,0.630818,0.495228,1
3070,238.443,0.859015,0,0,0.244577,-0.00226218,0.0549467,-0.899478,0,0,0,-0.00427445,0.0538675,-0.040466,0.630818,0.495228,1
3080,245.777,0.858461,0,0,0.246101,-0.00226218,0.0549467,-0.898252,0,0,0,-0.00461855,0.0543294,-0.0397936,0.630818,0.495228,1
3090,248.084,0.858243,0,0,0.247368,-0.00226218,0.0549467,-0.897018,0,0,0,-0.00501689,0.0544244,-0.0387796,0.630818,0.495228,1
3100,253.565,0.858287,0,0,0.248642,-0.00226218,0.0549467,-0.895778,0,0,0,-0.00475921,0.0541539,-0.0374957,0.630818,0.495228,1
3110,254.054,0.857752,0,0,0.249751,-0.00226218,0.0549467,-0.894533,0,0,0,-0.00391974,0.0534997,-0.0367836,0.630818,0.495228,1
3120,257.964,0.856199,0,0,0.250846,-0.00226218,0.0549467,-0.893281,0,0,0,-0.00328751,0.0526733,-0.0370856,0.630818,0.495228,1
3130,262.223,0.854184,0,0,0.251817,-0.00226218,0.0549467,-0.892025,0,0,0,-0.00267743,0.0522732,-0.0378451,0.630818,0.495228,1
3140,254.33,0.852527,0,0,0.252801,-0.00226218,0.0549467,-0.890764,0,0,0,-0.00216501,0.0526247,-0.0382396,0.630818,0.495228,1
3150,232.404,0.851265,0,0,0.254325,-0.00226218,0.0549467,-0.889497,0,0,0,-0.00234134,0.0530438,-0.0382333,0.630818,0.495228,1
3160,233.192,0.849947,0,0,0.25631,-0.00226218,0.0549467,-0.88822,0,0,0,-0.00329724,0.0533988,-0.0382757,0.630818,0.495228,1
3170,262.891,0.848568,0,0,0.257625,-0.00226218,0.0549467,-0.886936,0,0,0,-0.0035805,0.0540337,-0.0383695,0.630547,0.4954,1
3180,272.271,0.847602,0,0,0.258317,-0.00226218,0.0549467,-0.885646,0,0,0,-0.00312013,0.054868,-0.0380445,0.630022,0.495819,1
3190,247.38,0.847015,0,0,0.259293,-0.00226218,0.0549467,-0.884352,0,0,0,-0.00281537,0.0553711,-0.0373373,0.629503,0.496133,1
3200,203.613,0.845926,0,0,0.261523,-0.00226218,0.0549467,-0.883052,0,0,0,-0.00284191,0.0557469,-0.0371259,0.629144,0.496278,1
3210,172.948,0.843854,0,0,0.265664,-0.00226218,0.0549467,-0.881735,0,0,0,-0.00228487,0.0562944,-0.0378824,0.628796,0.496375,1
3220,178.768,0.841105,0,0,0.270616,-0.00226218,0.0549467,-0.880396,0,0,0,-0.0018166,0.0570176,-0.0392937,0.628646,0.496399,1
3230,209.045,0.837855,0,0,0.274197,-0.00226218,0.0549467,-0.879034,0,0,0,-0.00207095,0.0575419,-0.0411832,0.628646,0.496399,1
3240,229.602,0.834143,0,0,0.276739,-0.00226218,0.0549467,-0.877657,0,0,0,-0.0026636,0.0578581,-0.0435191,0.628646,0.496399,1
3250,259.978,0.830919,0,0,0.27823,-0.00226218,0.0549467,-0.876269,0,0,0,-0.002734,0.0580614,-0.0453561,0.628493,0.49651,1
3260,297.307,0.828872,0,0,0.27875,-0.00226218,0.0549467,-0.874877,0,0,0,-0.00293926,0.0581399,-0.0460108,0.628283,0.496736,1
3270,332.586,0.827155,0,0,0.278363,-0.00226218,0.0549467,-0.873483,0,0,0,-0.00334444,0.0577427,-0.0463342,0.627863,0.497311,1
3280,365.79,0.824635,0,0,0.277333,-0.00226218,0.0549467,-0.872094,0,0,0,-0.00346714,0.0572198,-0.0474631,0.627565,0.497823,1
3290,369.609,0.821744,0,0,0.275998,-0.00226218,0.0549467,-0.87071,0,0,0,-0.00303888,0.0568025,-0.0489681,0.627524,0.497968,1
3300,338.383,0.81947,0,0,0.274932,-0.00226218,0.0549467,-0.869333,0,0,0,-0.00292257,0.0562803,-0.0498636,0.627524,0.497968,1
3310,289.342,0.8178,0,0,0.274672,-0.00226218,0.0549467,-0.867959,0,0,0,-0.00300225,0.0552091,-0.0501589,0.627524,0.497968,1
3320,263.968,0.816171,0,0,0.275356,-0.00226218,0.0549467,-0.866584,0,0,0,-0.0029602,0.0540909,-0.0504143,0.627524,0.497968,1
3330,239.761,0.814598,0,0,0.276691,-0.00226218,0.0549467,-0.865205,0,0,0,-0.00291824,0.0528993,-0.0506096,0.627524,0.497968,1
3340,246.717,0.813298,0,0,0.27838,-0.00226218,0.0549467,-0.863818,0,0,0,-0.00321931,0.0515921,-0.050527,0.627524,0.497968,1
3350,272.659,0.811852,0,0,0.279483,-0.00226218,0.0549467,-0.862423,0,0,0,-0.00309472,0.0505735,-0.0505831,0.627524,0.497968,1
3360,311.82,0.809927,0,0,0.27959,-0.00226218,0.0549467,-0.861025,0,0,0,-0.0025191,0.0507177,-0.0511092,0.628122,0.498229,1
3370,338.892,0.808124,0,0,0.279005,-0.00226218,0.0549467,-0.859628,0,0,0,-0.00230584,0.0516823,-0.0515109,0.628549,0.498374,1
3380,354.737,0.807041,0,0,0.278024,-0.00226218,0.0549467,-0.858235,0,0,0,-0.00273329,0.052859,-0.0511967,0.629156,0.498591,1
3390,345.78,0.806205,0,0,0.276982,-0.00226218,0.0549467,-0.856847,0,0,0,-0.0027586,0.0537392,-0.0506437,0.629494,0.498737,1
3400,328.806,0.805097,0,0,0.276259,-0.00226218,0.0549467,-0.855464,0,0,0,-0.00220425,0.0544991,-0.0503677,0.629494,0.498737,1
3410,321.732,0.804034,0,0,0.275743,-0.00226218,0.0549467,-0.854084,0,0,0,-0.0018338,0.0552773,-0.0500506,0.629494,0.498737,1
3420,323.292,0.803217,0,0,0.275256,-0.00226218,0.0549467,-0.852706,0,0,0,-0.00199823,0.0561937,-0.0494903,0.629494,0.498737,1
3430,324.223,0.802111,0,0,0.274766,-0.00226218,0.0549467,-0.851331,0,0,0,-0.00210729,0.0567882,-0.049222,0.629475,0.498529,1
3440,313.075,0.800366,0,0,0.274334,-0.00226218,0.0549467,-0.849959,0,0,0,-0.00177545,0.0568704,-0.0495948,0.629421,0.498183,1
3450,287.716,0.798582,0,0,0.274343,-0.00226218,0.0549467,-0.848587,0,0,0,-0.000982437,0.0564617,-0.0500078,0.62933,0.497949,1
3460,256.74,0.797264,0,0,0.275152,-0.00226218,0.0549467,-0.847214,0,0,0,0.000190978,0.0559729,-0.0499543,0.629153,0.497625,1
3470,257.927,0.79614,0,0,0.276355,-0.00226218,0.0549467,-0.845835,0,0,0,0.00119653,0.0557411,-0.049703,0.628863,0.497181,1
3480,272.988,0.794766,0,0,0.27728,-0.00226218,0.0549467,-0.844451,0,0,0,0.00136413,0.055722,-0.0496945,0.62864,0.496897,1
3490,289.359,0.793416,0,0,0.277709,-0.00226218,0.0549467,-0.843064,0,0,0,0.000504126,0.0551802,-0.049653,0.62864,0.496897,1
3500,285.127,0.792308,0,0,0.277983,-0.00226218,0.0549467,-0.841675,0,0,0,-0.000840093,0.054129,-0.049368,0.62864,0.496897,1
3510,269.902,0.791268,0,0,0.278597,-0.00226218,0.0549467,-0.840284,0,0,0,-0.00241646,0.0532049,-0.0490177,0.62864,0.496897,1
3520,259.633,0.790063,0,0,0.279586,-0.00226218,0.0549467,-0.838889,0,0,0,-0.00384207,0.0524301,-0.048831,0.62864,0.496897,1
3530,274.572,0.788976,0,0,0.280496,-0.00226218,0.0549467,-0.837488,0,0,0,-0.00467,0.05148,-0.0485241,0.628624,0.496877,1
3540,289.862,0.788019,0,0,0.280928,-0.00226218,0.0549467,-0.836085,0,0,0,-0.0046622,0.0508863,-0.04808,0.628394,0.496518,1
3550,298.042,0.786927,0,0,0.28103,-0.00226218,0.0549467,-0.83468,0,0,0,-0.00443183,0.0510551,-0.0477652,0.628394,0.496518,1
3560,291.544,0.785586,0,0,0.28119,-0.00226218,0.0549467,-0.833274,0,0,0,-0.00420811,0.0515648,-0.0476976,0.62837,0.49651,1
3570,302.683,0.784638,0,0,0.281296,-0.00226218,0.0549467,-0.831868,0,0,0,-0.00411705,0.0520257,-0.0472376,0.62837,0.49651,1
3580,322.531,0.784369,0,0,0.280987,-0.00226218,0.0549467,-0.830462,0,0,0,-0.00415605,0.0524468,-0.046099,0.628354,0.496491,1
3590,323.892,0.784335,0,0,0.280451,-0.00226218,0.0549467,-0.829058,0,0,0,-0.00449189,0.0526195,-0.0447297,0.628354,0.496491,1
3600,318.306,0.783661,0,0,0.280018,-0.00226218,0.0549467,-0.827657,0,0,0,-0.00472653,0.0525677,-0.0440038,0.628354,0.496491,1
3610,323.797,0.782512,0,0,0.279564,-0.00226218,0.0549467,-0.826258,0,0,0,-0.00457605,0.0527122,-0.0437527,0.628354,0.496491,1
3620,328.096,0.781326,0,0,0.278991,-0.00226218,0.0549467,-0.824861,0,0,0,-0.00374423,0.0532537,-0.0435387,0.628354,0.496491,1
3630,306.566,0.78016,0,0,0.278564,-0.00226218,0.0549467,-0.823468,0,0,0,-0.00269485,0.0537654,-0.0433089,0.628354,0.496491,1
3640,252.11,0.778686,0,0,0.279149,-0.00226218,0.0549467,-0.822074,0,0,0,-0.0018645,0.0536739,-0.043389,0.628329,0.496491,1
3650,216.123,0.777349,0,0,0.281337,-0.00226218,0.0549467,-0.820674,0,0,0,-0.0013089,0.0531743,-0.0433277,0.62808,0.496484,1
3660,229.176,0.776382,0,0,0.283902,-0.00226218,0.0549467,-0.819261,0,0,0,-0.000719778,0.0529917,-0.042883,0.62808,0.496484,1
3670,246.246,0.775663,0,0,0.285678,-0.00226218,0.0549467,-0.817837,0,0,0,-0.000460299,0.0531921,-0.0421785,0.627852,0.496406,1
3680,273.597,0.775048,0,0,0.286794,-0.00226218,0.0549467,-0.816406,0,0,0,-0.000749965,0.0532981,-0.0413619,0.627828,0.4964,1
3690,295.852,0.775029,0,0,0.287088,-0.00226218,0.0549467,-0.814971,0,0,0,-0.00130895,0.0533833,-0.0399443,0.627424,0.496338,1
3700,292.797,0.77547,0,0,0.287183,-0.00226218,0.0549467,-0.813536,0,0,0,-0.00191265,0.0534063,-0.0380674,0.626731,0.496262,1
3710,302.806,0.775623,0,0,0.287268,-0.00226218,0.0549467,-0.8121,0,0,0,-0.00259837,0.0527671,-0.0364792,0.626156,0.496229,1
3720,313.85,0.774846,0,0,0.287028,-0.00226218,0.0549467,-0.810664,0,0,0,-0.00306233,0.0518305,-0.0358247,0.625926,0.496228,1
3730,322.825,0.773583,0,0,0.286591,-0.00226218,0.0549467,-0.809229,0,0,0,-0.00307782,0.0517763,-0.0356533,0.625926,0.496228,1
3740,319.369,0.77252,0,0,0.286093,-0.00226218,0.0549467,-0.807798,0,0,0,-0.00270313,0.0524357,-0.0352813,0.625926,0.496228,1
3750,303.279,0.771907,0,0,0.285828,-0.00226218,0.0549467,-0.806368,0,0,0,-0.00217493,0.0528899,-0.0344641,0.625926,0.496228,1
3760,286.207,0.77153,0,0,0.28598,-0.00226218,0.0549467,-0.804939,0,0,0,-0.00176946,0.0533217,-0.0334107,0.625926,0.496228,1
3770,272.089,0.771338,0,0,0.286514,-0.00226218,0.0549467,-0.803508,0,0,0,-0.00174094,0.0541187,-0.0321703,0.625926,0.496228,1
3780,244.204,0.771128,0,0,0.287728,-0.00226218,0.0549467,-0.802073,0,0,0,-0.00206558,0.0546671,-0.0309444,0.625926,0.496228,1
3790,233.22,0.770454,0,0,0.289622,-0.00226218,0.0549467,-0.80063,0,0,0,-0.0025238,0.0545539,-0.0301765,0.625926,0.496228,1
3800,229.047,0.769256,0,0,0.291878,-0.00226218,0.0549467,-0.799177,0,0,0,-0.00309923,0.0543214,-0.0299218,0.625926,0.496228,1
3810,244.522,0.767925,0,0,0.293806,-0.00226218,0.0549467,-0.797713,0,0,0,-0.00379557,0.0545854,-0.0297893,0.625926,0.496228,1
3820,254.171,0.766651,0,0,0.295235,-0.00226218,0.0549467,-0.796241,0,0,0,-0.00442393,0.0551643,-0.0295926,0.625926,0.496228,1
3830,238.893,0.764862,0,0,0.296847,-0.00226218,0.0549467,-0.794761,0,0,0,-0.00455418,0.0554289,-0.0299031,0.625926,0.496228,1
3840,244.624,0.7625,0,0,0.298737,-0.00226218,0.0549467,-0.793272,0,0,0,-0.00409431,0.055069,-0.0307744,0.625926,0.496228,1
3850,283.311,0.760331,0,0,0.299806,-0.00226218,0.0549467,-0.791776,0,0,0,-0.00319017,0.054291,-0.0314453,0.625926,0.496228,1
3860,334.539,0.75908,0,0,0.299518,-0.00226218,0.0549467,-0.790277,0,0,0,-0.0024299,0.0532751,-0.0311987,0.625926,0.496228,1
3870,356.682,0.75811,0,0,0.298469,-0.00226218,0.0549467,-0.788782,0,0,0,-0.00196629,0.0523408,-0.0306761,0.625926,0.496228,1
3880,354.572,0.756709,0,0,0.297273,-0.00226218,0.0549467,-0.787292,0,0,0,-0.00177223,0.0521229,-0.0305888,0.625926,0.496228,1
3890,338.603,0.754533,0,0,0.29631,-0.00226218,0.0549467,-0.785808,0,0,0,-0.00193212,0.052777,-0.0312781,0.62558,0.496427,1
3900,342.877,0.751812,0,0,0.295444,-0.00226218,0.0549467,-0.784328,0,0,0,-0.0027852,0.053661,-0.032517,0.625243,0.496635,1
3910,339.228,0.748729,0,0,0.294522,-0.00226218,0.0549467,-0.782853,0,0,0,-0.00366674,0.0540948,-0.0341262,0.624493,0.497111,1
3920,325.588,0.745891,0,0,0.293831,-0.00226218,0.0549467,-0.781382,0,0,0,-0.004016,0.0538441,-0.0354941,0.623885,0.497503,1
3930,313.134,0.743484,0,0,0.293356,-0.00226218,0.0549467,-0.779914,0,0,0,-0.00379205,0.0532245,-0.0364338,0.623508,0.49776,1
3940,278.119,0.741431,0,0,0.29353,-0.00226218,0.0549467,-0.778447,0,0,0,-0.00312453,0.0530609,-0.0370188,0.623254,0.497937,1
3950,261.826,0.739017,0,0,0.294421,-0.00226218,0.0549467,-0.776978,0,0,0,-0.00161213,0.0537991,-0.0379622,0.623254,0.497937,1
3960,264.379,0.73644,0,0,0.295496,-0.00226218,0.0549467,-0.775503,0,0,0,-4.79576e-005,0.0549079,-0.0390669,0.623254,0.497937,1
3970,262.354,0.734202,0,0,0.296519,-0.00226218,0.0549467,-0.774024,0,0,0,0.000600104,0.0556005,-0.0398279,0.623254,0.497937,1
3980,282.339,0.732488,0,0,0.297319,-0.00226218,0.0549467,-0.772539,0,0,0,0.000237153,0.0556575,-0.0400559,0.623254,0.497937,1
3990,310.282,0.730303,0,0,0.297385,-0.00226218,0.0549467,-0.771052,0,0,0,-0.000561382,0.0553805,-0.0407513,0.623254,0.497937,1
4000,338.969,0.727483,0,0,0.296787,-0.00226218,0.0549467,-0.769566,0,0,0,-0.00212574,0.0552615,-0.042083,0.623543,0.498129,1
4010,344.778,0.724538,0,0,0.295811,-0.00226218,0.0549467,-0.768084,0,0,0,-0.0039037,0.0554919,-0.0435486,0.623757,0.498067,1
4020,309.353,0.721855,0,0,0.295206,-0.00226218,0.0549467,-0.766607,0,0,0,-0.00505879,0.0556763,-0.0447575,0.624513,0.497913,1
4030,274.265,0.718971,0,0,0.295468,-0.00226218,0.0549467,-0.765131,0,0,0,-0.00535221,0.0553887,-0.0461664,0.625536,0.497811,1
4040,250.067,0.71612,0,0,0.296608,-0.00226218,0.0549467,-0.763651,0,0,0,-0.0051862,0.0547866,-0.0475373,0.626551,0.497805,1
4050,228.452,0.713772,0,0,0.29855,-0.00226218,0.0549467,-0.762164,0,0,0,-0.00428942,0.0544179,-0.0483949,0.627196,0.497879,1
4060,231.478,0.71219,0,0,0.300919,-0.00226218,0.0549467,-0.760666,0,0,0,-0.00304995,0.0547124,-0.0484761,0.62735,0.497828,1
4070,251.202,0.710989,0,0,0.30277,-0.00226218,0.0549467,-0.759157,0,0,0,-0.0021708,0.0552958,-0.0481681,0.627452,0.497777,1
4080,280.494,0.709985,0,0,0.303733,-0.00226218,0.0549467,-0.75764,0,0,0,-0.00190226,0.055784,-0.0476556,0.627474,0.497763,1
4090,323.189,0.708936,0,0,0.303633,-0.00226218,0.0549467,-0.756121,0,0,0,-0.00162355,0.0560688,-0.0471862,0.627569,0.497674,1
4100,329.82,0.70762,0,0,0.302942,-0.00226218,0.0549467,-0.754605,0,0,0,-0.00120495,0.0562658,-0.0469871,0.627658,0.497515,1
4110,307.6,0.705541,0,0,0.302473,-0.00226218,0.0549467,-0.753091,0,0,0,-0.000966565,0.0560827,-0.047553,0.627732,0.497346,1
4120,279.22,0.702838,0,0,0.302721,-0.00226218,0.0549467,-0.751579,0,0,0,-0.00127604,0.0553913,-0.0487416,0.627839,0.497094,1
4130,263.731,0.700475,0,0,0.303573,-0.00226218,0.0549467,-0.750063,0,0,0,-0.00176574,0.0542194,-0.0495894,0.627921,0.496907,1
4140,274.703,0.6993,0,0,0.304504,-0.00226218,0.0549467,-0.748543,0,0,0,-0.00206303,0.0526859,-0.0492472,0.627921,0.496907,1
4150,303.416,0.698862,0,0,0.304766,-0.00226218,0.0549467,-0.74702,0,0,0,-0.00194595,0.0510625,-0.0481691,0.627921,0.496907,1
4160,327.017,0.698458,0,0,0.304352,-0.00226218,0.0549467,-0.745497,0,0,0,-0.00142302,0.0502453,-0.0470548,0.627921,0.496907,1
4170,342.334,0.698019,0,0,0.303546,-0.00226218,0.0549467,-0.743977,0,0,0,-0.000777867,0.0507703,-0.0459716,0.627921,0.496907,1
4180,359.784,0.69739,0,0,0.302414,-0.00226218,0.0549467,-0.742461,0,0,0,-0.000687312,0.0520766,-0.0450793,0.627921,0.496907,1
4190,348.474,0.696373,0,0,0.301228,-0.00226218,0.0549467,-0.740952,0,0,0,-0.00110085,0.0530388,-0.044583,0.627921,0.496907,1
4200,333.585,0.695149,0,0,0.300348,-0.00226218,0.0549467,-0.739448,0,0,0,-0.00144573,0.0530271,-0.044302,0.627921,0.496907,1
4210,316.454,0.694153,0,0,0.299787,-0.00226218,0.0549467,-0.737948,0,0,0,-0.0016948,0.052498,-0.0437991,0.627921,0.496907,1
4220,306.704,0.693217,0,0,0.299519,-0.00226218,0.0549467,-0.736449,0,0,0,-0.00224832,0.0522701,-0.0432375,0.62787,0.496765,1
4230,290.989,0.692183,0,0,0.299588,-0.00226218,0.0549467,-0.734952,0,0,0,-0.00296882,0.0528001,-0.042773,0.627792,0.496511,1
4240,294.479,0.690914,0,0,0.299769,-0.00226218,0.0549467,-0.733453,0,0,0,-0.00337864,0.0540467,-0.0425407,0.627674,0.49614,1
4250,293.447,0.689571,0,0,0.299938,-0.00226218,0.0549467,-0.731954,0,0,0,-0.00323714,0.0556955,-0.0423844,0.627643,0.495983,1
4260,285.338,0.68811,0,0,0.300159,-0.00226218,0.0549467,-0.730454,0,0,0,-0.00248032,0.0567215,-0.0423466,0.627639,0.495958,1
4270,262.925,0.686626,0,0,0.30093,-0.00226218,0.0549467,-0.728952,0,0,0,-0.00139216,0.0565713,-0.0423281,0.627605,0.495762,1
4280,269.973,0.684804,0,0,0.301965,-0.00226218,0.0549467,-0.727445,0,0,0,-0.000696481,0.0560058,-0.0426431,0.627605,0.495762,1
4290,286.758,0.682904,0,0,0.302509,-0.00226218,0.0549467,-0.725934,0,0,0,-0.000872457,0.0560399,-0.0430314,0.627605,0.495762,1
4300,303.246,0.681279,0,0,0.302604,-0.00226218,0.0549467,-0.724421,0,0,0,-0.00163841,0.0561355,-0.0431431,0.627605,0.495762,1
4310,308.073,0.680218,0,0,0.302451,-0.00226218,0.0549467,-0.722908,0,0,0,-0.00250909,0.055453,-0.04269,0.627605,0.495762,1
4320,307.949,0.67924,0,0,0.302235,-0.00226218,0.0549467,-0.721396,0,0,0,-0.00308941,0.0542277,-0.0421572,0.627605,0.495762,1
4330,307.587,0.678349,0,0,0.302024,-0.00226218,0.0549467,-0.719885,0,0,0,-0.00349966,0.0529619,-0.0415406,0.627605,0.495762,1
4340,291.404,0.677758,0,0,0.302071,-0.00226218,0.0549467,-0.718375,0,0,0,-0.00374768,0.0515849,-0.0406274,0.627587,0.49524,1
4350,295.83,0.677547,0,0,0.302245,-0.00226218,0.0549467,-0.716865,0,0,0,-0.00367154,0.050292,-0.0393354,0.627592,0.494943,1
4360,306.949,0.676916,0,0,0.302202,-0.00226218,0.0549467,-0.715353,0,0,0,-0.0027903,0.0496953,-0.0384581,0.627611,0.494577,1
4370,289.784,0.675772,0,0,0.302153,-0.00226218,0.0549467,-0.713843,0,0,0,-0.00152007,0.0497381,-0.0380912,0.627611,0.49427,1
4380,237.596,0.674675,0,0,0.303292,-0.00226218,0.0549467,-0.71233,0,0,0,-0.000597917,0.0499887,-0.0376757,0.627611,0.49427,1
4390,219.868,0.673989,0,0,0.305885,-0.00226218,0.0549467,-0.710808,0,0,0,-0.000633732,0.0505308,-0.0368354,0.627611,0.49427,1
4400,225.297,0.673072,0,0,0.308597,-0.00226218,0.0549467,-0.709272,0,0,0,-0.00108208,0.051813,-0.036209,0.627611,0.49427,1
4410,250.148,0.671843,0,0,0.310581,-0.00226218,0.0549467,-0.707725,0,0,0,-0.00164758,0.0531294,-0.0358845,0.627611,0.49427,1
4420,276.96,0.670843,0,0,0.311662,-0.00226218,0.0549467,-0.706169,0,0,0,-0.00224681,0.0535327,-0.035327,0.627655,0.494156,1
4430,282.717,0.670287,0,0,0.312071,-0.00226218,0.0549467,-0.70461,0,0,0,-0.00321248,0.0533999,-0.0343251,0.627655,0.494156,1
4440,257.261,0.669548,0,0,0.313003,-0.00226218,0.0549467,-0.703047,0,0,0,-0.0041117,0.054086,-0.0335026,0.627688,0.494091,1
4450,245.591,0.66849,0,0,0.314581,-0.00226218,0.0549467,-0.701479,0,0,0,-0.00477696,0.0553552,-0.0329936,0.627896,0.493711,1
4460,240.536,0.667614,0,0,0.316451,-0.00226218,0.0549467,-0.699902,0,0,0,-0.00483756,0.0560195,-0.0322935,0.628052,0.493465,1
4470,234.315,0.666841,0,0,0.31855,-0.00226218,0.0549467,-0.698315,0,0,0,-0.00444644,0.0556822,-0.0314779,0.628297,0.493114,1
4480,251.9,0.665538,0,0,0.320517,-0.00226218,0.0549467,-0.696718,0,0,0,-0.00395173,0.0548559,-0.0311821,0.628436,0.492932,1
4490,275.194,0.663933,0,0,0.321542,-0.00226218,0.0549467,-0.695113,0,0,0,-0.00423444,0.0537342,-0.0311834,0.6286,0.492743,1
4500,292.44,0.662953,0,0,0.321979,-0.00226218,0.0549467,-0.693504,0,0,0,-0.00486779,0.0526564,-0.0305601,0.629062,0.492241,1
4510,297.589,0.662478,0,0,0.32206,-0.00226218,0.0549467,-0.691893,0,0,0,-0.00520164,0.0520816,-0.0294282,0.629489,0.491804,1
4520,299.071,0.661643,0,0,0.322102,-0.00226218,0.0549467,-0.690283,0,0,0,-0.00522556,0.0517466,-0.0286546,0.629746,0.491562,1
4530,274.92,0.660034,0,0,0.322433,-0.00226218,0.0549467,-0.688672,0,0,0,-0.00575663,0.0509589,-0.0286591,0.62994,0.491393,1
4540,240.029,0.658532,0,0,0.323796,-0.00226218,0.0549467,-0.687057,0,0,0,-0.00617824,0.049987,-0.0285561,0.62994,0.491393,1
4550,196.671,0.657624,0,0,0.327132,-0.00226218,0.0549467,-0.685432,0,0,0,-0.00586791,0.0497198,-0.0278386,0.62994,0.491393,1
4560,220.219,0.656912,0,0,0.330975,-0.00226218,0.0549467,-0.683787,0,0,0,-0.00498409,0.0501822,-0.0268977,0.630325,0.491146,1
4570,267.154,0.655777,0,0,0.332773,-0.00226218,0.0549467,-0.682127,0,0,0,-0.00411579,0.0505796,-0.0263676,0.631111,0.490662,1
4580,301.168,0.654642,0,0,0.333138,-0.00226218,0.0549467,-0.680462,0,0,0,-0.0030687,0.0505235,-0.0258355,0.631794,0.490262,1
4590,295.433,0.653306,0,0,0.33307,-0.00226218,0.0549467,-0.678797,0,0,0,-0.00229159,0.0506108,-0.0255052,0.632569,0.489829,1
4600,280.309,0.651319,0,0,0.333462,-0.00226218,0.0549467,-0.677131,0,0,0,-0.0024578,0.0513203,-0.0258215,0.63311,0.489545,1
4610,277.683,0.648977,0,0,0.334147,-0.00226218,0.0549467,-0.675462,0,0,0,-0.00332133,0.0522083,-0.0264914,0.633285,0.489464,1
4620,269.241,0.647439,0,0,0.334866,-0.00226218,0.0549467,-0.67379,0,0,0,-0.00380154,0.0527923,-0.0263555,0.633359,0.489436,1
4630,265.13,0.646347,0,0,0.336004,-0.00226218,0.0549467,-0.672113,0,0,0,-0.00385608,0.053019,-0.0257705,0.633449,0.489406,1
4640,257.686,0.644764,0,0,0.337179,-0.00226218,0.0549467,-0.67043,0,0,0,-0.00409669,0.0530591,-0.0256719,0.633701,0.489327,1
4650,259.478,0.642364,0,0,0.338601,-0.00226218,0.0549467,-0.668741,0,0,0,-0.00424881,0.0533971,-0.0263816,0.634195,0.489182,1
4660,290.497,0.639888,0,0,0.339407,-0.00226218,0.0549467,-0.667046,0,0,0,-0.0036596,0.0544733,-0.0271591,0.634748,0.489033,1
4670,327.365,0.637477,0,0,0.339077,-0.00226218,0.0549467,-0.665349,0,0,0,-0.00271005,0.0555689,-0.0278727,0.635303,0.488899,1
4680,323.035,0.634735,0,0,0.33829,-0.00226218,0.0549467,-0.663656,0,0,0,-0.00230351,0.0554084,-0.0289212,0.63586,0.48878,1
4690,294.42,0.631434,0,0,0.338146,-0.00226218,0.0549467,-0.661965,0,0,0,-0.00247854,0.0539759,-0.0305318,0.636198,0.488718,1
4700,266.407,0.628308,0,0,0.338755,-0.00226218,0.0549467,-0.660273,0,0,0,-0.00306103,0.0527072,-0.0319695,0.636198,0.488718,1
4710,258.194,0.62577,0,0,0.340074,-0.00226218,0.0549467,-0.658576,0,0,0,-0.00385207,0.0525102,-0.0328134,0.636198,0.488718,1
4720,272.042,0.623419,0,0,0.341325,-0.00226218,0.0549467,-0.656873,0,0,0,-0.00452388,0.0527482,-0.0334623,0.636214,0.488716,1
4730,309.228,0.620577,0,0,0.341458,-0.00226218,0.0549467,-0.655166,0,0,0,-0.00456841,0.0525872,-0.0345979,0.636239,0.488714,1
4740,304.982,0.617171,0,0,0.341245,-0.00226218,0.0549467,-0.653459,0,0,0,-0.00474215,0.0522257,-0.0362989,0.636239,0.488714,1
4750,299.602,0.613046,0,0,0.341193,-0.00226218,0.0549467,-0.651753,0,0,0,-0.0054546,0.0522622,-0.0387211,0.636239,0.488714,1
4760,294.273,0.608542,1.12266e-006,1.87991e-006,0.341293,-0.00226218,0.0549467,-0.650047,-0.0906169,-0.151739,-0.308292,-0.00612016,0.0527386,-0.0415211,0.636419,0.488689,1
4770,290.478,0.604642,2.44035e-005,4.08156e-005,0.34158,-0.00226212,0.0549468,-0.64834,-0.097235,-0.162348,-0.319328,-0.0056323,0.0533357,-0.043709,0.636759,0.488654,1
4780,265.253,0.602124,4.94064e-005,8.24502e-005,0.34237,-0.00226193,0.0549471,-0.64663,-0.103914,-0.172502,-0.328975,-0.00477808,0.0539068,-0.0445127,0.637195,0.488618,1
4790,250.751,0.600114,7.62432e-005,0.000126826,0.343917,-0.00226162,0.0549476,-0.644915,-0.110402,-0.181764,-0.336771,-0.00405394,0.054511,-0.0448044,0.637809,0.488579,1
4800,283.509,0.597415,0.000104669,0.000173398,0.345261,-0.00226117,0.0549484,-0.643192,-0.116346,-0.189581,-0.341761,-0.00333154,0.0549539,-0.0457779,0.638183,0.488567,1
4810,317.683,0.593913,0.000134164,0.000221152,0.345109,-0.00226057,0.0549494,-0.641466,-0.122691,-0.197299,-0.346147,-0.00236131,0.0551364,-0.0475527,0.638428,0.488569,1
4820,307.369,0.590868,0.000165453,0.000271046,0.344883,-0.00225982,0.0549506,-0.639741,-0.131504,-0.207909,-0.354554,-0.00217967,0.0551593,-0.0488727,0.638629,0.488579,1
4830,317.64,0.588808,0.000199298,0.000324025,0.344681,-0.00225891,0.0549521,-0.638017,-0.143357,-0.222283,-0.367781,-0.00258665,0.0551943,-0.0492084,0.638788,0.488591,1
4840,329.455,0.586896,0.000235944,0.000380272,0.344066,-0.00225782,0.0549539,-0.636294,-0.155961,-0.237451,-0.380845,-0.00313733,0.0548103,-0.0493989,0.638788,0.488591,1
4850,300.371,0.584227,0.000275658,0.000440258,0.343745,-0.00225655,0.0549559,-0.634575,-0.166636,-0.250186,-0.389224,-0.00337781,0.0538306,-0.0503502,0.638788,0.488591,1
4860,269.78,0.581427,0.000320885,0.000504169,0.344437,-0.00225506,0.0549583,-0.632855,-0.366012,-0.246153,-0.682497,-0.00324336,0.0528365,-0.0514333,0.638788,0.488591,1
4870,246.251,0.579175,0.000413866,0.000566206,0.345982,-0.00225323,0.0549609,-0.63113,-0.283046,-0.115256,-0.99557,-0.0019132,0.0523842,-0.0519611,0.638788,0.488591,1
4880,215.899,0.577166,0.000488995,0.000598795,0.349093,-0.00225097,0.0549639,-0.629394,-0.29209,-0.107807,-1.0033,2.13364e-005,0.0519827,-0.0522395,0.638788,0.488591,1
4890,219.785,0.574877,0.000567028,0.000629934,0.35271,-0.00224833,0.0549669,-0.62764,-0.295847,-0.0954051,-0.999831,0.00158924,0.0512298,-0.0527879,0.638788,0.488591,1
4900,253.846,0.572654,0.000644603,0.000656459,0.355433,-0.0022453,0.0549701,-0.625869,-0.295634,-0.0826126,-0.987812,0.00198081,0.0505232,-0.0532484,0.638788,0.488591,1
4910,287.784,0.570662,0.000720471,0.000674527,0.356514,-0.00224189,0.0549735,-0.624089,-0.4045,0.133721,-1.23311,0.00152805,0.0502325,-0.0534595,0.638788,0.488591,1
4920,303.076,0.568709,0.000820923,0.00063918,0.356897,-0.00223804,0.0549768,-0.622306,-0.404536,0.15217,-1.22136,0.000367128,0.05017,-0.0536227,0.638788,0.488591,1
4930,301.92,0.566746,0.000922037,0.000601177,0.357103,-0.00223369,0.0549799,-0.620521,-0.504075,0.0236491,-0.917695,-0.000723944,0.0503356,-0.0537954,0.638788,0.488591,1
4940,287.263,0.565183,0.00104605,0.00059154,0.357492,-0.00222876,0.0549829,-0.618734,-0.387739,0.222864,-0.672856,-0.00158439,0.0509186,-0.0535663,0.638788,0.488591,1
4950,274,0.563888,0.00114543,0.000536809,0.358318,-0.00222329,0.0549857,-0.616945,-0.397616,0.227615,-0.686237,-0.0021482,0.0516793,-0.0530671,0.638788,0.488591,1
4960,279.724,0.562224,0.00124612,0.000482727,0.359327,-0.0022173,0.0549882,-0.615151,-0.289163,0.0868412,-0.990052,-0.00265069,0.0523738,-0.0529338,0.638788,0.488591,1
4970,279.647,0.560088,0.00131824,0.000460411,0.36012,-0.00221089,0.0549906,-0.613353,-0.17921,0.230534,-1.29267,-0.00291159,0.0529079,-0.0532685,0.639209,0.488733,1
4980,277.059,0.558695,0.00136493,0.000403967,0.361201,-0.00220418,0.0549927,-0.61155,-0.175482,0.232968,-1.31273,-0.00281141,0.053226,-0.0528573,0.640186,0.489081,1
4990,285.157,0.558572,0.00141054,0.000346,0.36209,-0.00219724,0.0549946,-0.609741,-0.175891,0.240754,-1.33777,-0.0022913,0.0531348,-0.0511723,0.641162,0.48944,1
5000,281.692,0.558529,0.00145638,0.000285103,0.362922,-0.00219008,0.0549962,-0.607929,-0.178262,0.255206,-1.36053,-0.00202123,0.0529864,-0.0494035,0.641282,0.489668,1
5010,265.066,0.557458,0.00150403,0.000220225,0.364049,-0.00218268,0.0549975,-0.606112,-0.180337,0.2728,-1.37419,-0.00261052,0.0530611,-0.048658,0.641283,0.489915,1
5020,209.675,0.556009,0.0015616,0.000150166,0.367046,-0.00217503,0.0549984,-0.604286,-0.295384,0.434762,-1.09748,-0.00374569,0.0535221,-0.0482812,0.641194,0.490569,1
5030,215.386,0.554931,0.00165304,4.23611e-005,0.371382,-0.00216699,0.0549989,-0.602441,-0.300571,0.443228,-1.11066,-0.00452733,0.0539621,-0.0475155,0.641023,0.49148,1
5040,245.619,0.553809,0.00173956,-6.65609e-005,0.374391,-0.00215851,0.0549988,-0.600576,-0.194352,0.300694,-1.41105,-0.00469305,0.0540353,-0.046774,0.640784,0.492472,1
5050,267.172,0.552509,0.0017972,-0.000139517,0.376243,-0.00214967,0.0549983,-0.5987,-0.319119,0.100303,-1.68439,-0.00466458,0.0536208,-0.0461979,0.640564,0.493362,1
5060,287.796,0.551717,0.00188254,-0.00016343,0.377418,-0.00214048,0.0549975,-0.596816,-0.340807,0.0897334,-1.7287,-0.00471725,0.0531474,-0.0451083,0.64031,0.494544,1
5070,307.505,0.551579,0.00196958,-0.000183764,0.377805,-0.00213085,0.0549967,-0.594927,-0.363273,0.073257,-1.77845,-0.00465199,0.0529925,-0.0433573,0.640033,0.495901,1
5080,309.164,0.551028,0.00206204,-0.000197085,0.378012,-0.00212077,0.0549957,-0.593038,-0.498667,-0.0967167,-1.54633,-0.00400778,0.0533224,-0.0420157,0.639796,0.496999,1
5090,339.332,0.549971,0.00218306,-0.000169244,0.377693,-0.00211016,0.0549948,-0.591148,-0.510976,-0.125322,-1.59845,-0.00297057,0.0540625,-0.0411783,0.639585,0.497901,1
5100,351.794,0.54939,0.00230372,-0.000134503,0.376755,-0.00209894,0.054994,-0.589261,-0.528922,-0.14937,-1.66432,-0.00201927,0.0549506,-0.0398715,0.639378,0.498644,1
5110,328.431,0.549672,0.00242915,-9.70991e-005,0.376063,-0.00208711,0.0549934,-0.587379,-0.437724,-0.0107515,-2.03164,-0.00157481,0.0557734,-0.0377085,0.639222,0.499071,1
5120,299.815,0.549373,0.00253776,-9.42114e-005,0.376231,-0.00207469,0.054993,-0.585499,-0.455882,-0.0110694,-2.11756,-0.00161409,0.0559406,-0.0361271,0.639061,0.499444,1
5130,294.181,0.548082,0.00265339,-9.14554e-005,0.376946,-0.00206172,0.0549925,-0.583616,-0.466508,-0.0126408,-2.19288,-0.001987,0.055,-0.0355343,0.638814,0.499943,1
5140,312.624,0.546679,0.00276941,-8.72322e-005,0.377414,-0.00204816,0.0549921,-0.58173,-0.475056,-0.0227012,-2.26807,-0.00211047,0.0531928,-0.035054,0.638686,0.500146,1
5150,317.513,0.546009,0.002884,-7.96486e-005,0.377445,-0.00203402,0.0549916,-0.579843,-0.482024,-0.0376464,-2.34804,-0.00199687,0.0519889,-0.0338413,0.638648,0.500173,1
5160,303.79,0.545147,0.00300115,-6.86809e-005,0.377724,-0.00201931,0.0549913,-0.577955,-0.481703,-0.0493909,-2.41619,-0.00223734,0.0520476,-0.0328154,0.638416,0.500315,1
5170,282.373,0.543895,0.0031219,-5.56132e-005,0.378588,-0.00200401,0.054991,-0.576064,-0.475589,-0.0558976,-2.45953,-0.00330556,0.052776,-0.0321749,0.638237,0.500404,1
5180,276.17,0.542938,0.00324577,-4.10406e-005,0.379995,-0.00198809,0.0549907,-0.574168,-0.470753,-0.0633783,-2.48723,-0.00419817,0.0533637,-0.0312374,0.638237,0.500404,1
5190,291.916,0.5428,0.00336626,-2.36987e-005,0.381126,-0.00197156,0.0549905,-0.572265,-0.465127,-0.0784652,-2.5104,-0.00428077,0.0538866,-0.0294711,0.638025,0.500459,1
5200,272.5,0.542194,0.00348427,-1.56992e-006,0.382244,-0.00195443,0.0549905,-0.570357,-0.449235,-0.101127,-2.52535,-0.0038122,0.0542018,-0.0281666,0.637531,0.500577,1
5210,237.003,0.540794,0.00360934,2.66717e-005,0.384693,-0.00193671,0.0549905,-0.568441,-0.422814,-0.126215,-2.5345,-0.00354548,0.0545037,-0.0276494,0.636946,0.500699,1
5220,239.994,0.539194,0.0037366,6.12297e-005,0.388049,-0.00191835,0.0549908,-0.56651,-0.39567,-0.149826,-2.55316,-0.00355083,0.0551992,-0.0273182,0.636528,0.500767,1
5230,258.147,0.538085,0.00384955,0.000101488,0.390495,-0.00189938,0.0549912,-0.564563,-0.374999,-0.172058,-2.58618,-0.00431038,0.0561689,-0.0264847,0.636528,0.500767,1
5240,263.555,0.536512,0.00395621,0.000147466,0.392697,-0.00187987,0.0549918,-0.562606,-0.3617,-0.195358,-2.62009,-0.00538785,0.0564441,-0.0261067,0.636528,0.500767,1
5250,282.732,0.534361,0.00405367,0.000199221,0.394203,-0.00185984,0.0549926,-0.560638,-0.356358,-0.219004,-2.64517,-0.00585909,0.0557462,-0.0262932,0.636528,0.500767,1
5260,266.906,0.532244,0.00415118,0.000256228,0.39573,-0.00183933,0.0549938,-0.558664,-0.358697,-0.234742,-2.66328,-0.00529369,0.0548569,-0.0264316,0.636528,0.500767,1
5270,259.698,0.530912,0.00425664,0.000315667,0.397877,-0.00181832,0.0549952,-0.55668,-0.366137,-0.233076,-2.67406,-0.00500494,0.0546487,-0.0257786,0.636528,0.500767,1
5280,265.288,0.529555,0.00436411,0.000372652,0.399956,-0.00179677,0.0549969,-0.554686,-0.379097,-0.215166,-2.67301,-0.00523351,0.0549438,-0.0251424,0.636528,0.500767,1
5290,270.931,0.527875,0.00447375,0.000424438,0.401785,-0.00177468,0.0549989,-0.552682,-0.40473,-0.19414,-2.66715,-0.00513098,0.0550746,-0.0248176,0.636528,0.500767,1
5300,282.496,0.526165,0.00458918,0.000471659,0.403352,-0.00175203,0.0550012,-0.550669,-0.447192,-0.180104,-2.67251,-0.00408293,0.0551254,-0.0245091,0.636528,0.500767,1
5310,309.57,0.524769,0.00470677,0.000514989,0.404055,-0.00172879,0.0550036,-0.54865,-0.499066,-0.168894,-2.69579,-0.00323291,0.0552947,-0.0238837,0.636528,0.500767,1
5320,306.104,0.52275,0.00483348,0.000554426,0.404465,-0.00170495,0.0550063,-0.546629,-0.547391,-0.150634,-2.73126,-0.00312529,0.0552624,-0.0238809,0.636378,0.500766,1
5330,302.831,0.519678,0.00497186,0.000588304,0.404935,-0.00168044,0.0550092,-0.544605,-0.590163,-0.124323,-2.7792,-0.00366391,0.0546402,-0.0249318,0.636079,0.50074,1
5340,273.894,0.516201,0.00512957,0.000616137,0.406096,-0.00165519,0.0550122,-0.542578,-0.637572,-0.0943321,-2.84855,-0.00435178,0.0541958,-0.026385,0.635706,0.50071,1
5350,261,0.513318,0.00531231,0.000637711,0.4082,-0.0016291,0.0550153,-0.540543,-0.69459,-0.0621973,-2.93641,-0.00503116,0.0542875,-0.0272373,0.635074,0.500671,1
5360,263.812,0.510672,0.00550943,0.000651237,0.410296,-0.00160206,0.0550186,-0.538497,-0.749806,-0.0301462,-3.01837,-0.00520879,0.0545597,-0.0278378,0.635049,0.500667,1
5370,245.76,0.507706,0.0057273,0.00065815,0.413005,-0.00157398,0.0550218,-0.53644,-0.796345,0.0102437,-3.11195,-0.00529169,0.0547078,-0.0287473,0.635049,0.500667,1
5380,265.79,0.504809,0.00595417,0.000655265,0.41565,-0.00154478,0.0550251,-0.534368,-0.820531,0.0377606,-3.15858,-0.00554994,0.0550798,-0.0295751,0.635058,0.500666,1
5390,301.88,0.502673,0.00616733,0.000642539,0.416965,-0.00151447,0.0550284,-0.532286,-0.838262,0.0727756,-3.22097,-0.00581974,0.0548913,-0.0296317,0.635083,0.500664,1
5400,314.265,0.500728,0.0063714,0.0006196,0.417392,-0.00148313,0.0550315,-0.5302,-0.855353,0.105453,-3.29987,-0.00545612,0.0537597,-0.0294893,0.635117,0.500655,1
5410,314.246,0.49789,0.0065787,0.00059104,0.417783,-0.00145075,0.0550346,-0.528112,-0.872993,0.11565,-3.37534,-0.00455448,0.0523397,-0.030239,0.635117,0.500655,1
5420,342.841,0.494205,0.00678228,0.000561846,0.417683,-0.00141734,0.0550374,-0.526023,-0.893228,0.108502,-3.44457,-0.0035009,0.0519858,-0.0318318,0.635323,0.500594,1
5430,322.052,0.490479,0.00698798,0.000534311,0.41744,-0.00138292,0.0550402,-0.523935,-0.913879,0.103136,-3.52329,-0.00305063,0.0523226,-0.0334662,0.635853,0.500434,1
5440,288.041,0.487039,0.00721364,0.000508975,0.418154,-0.00134742,0.0550428,-0.521847,-0.929867,0.0980622,-3.61368,-0.00332729,0.0526822,-0.0348169,0.636064,0.500367,1
5450,249.332,0.48343,0.00747211,0.000488908,0.420546,-0.00131073,0.0550453,-0.519751,-0.94743,0.0738491,-3.7106,-0.00387918,0.0527846,-0.0363335,0.636064,0.500367,1
5460,264.015,0.479834,0.00774513,0.000478191,0.423354,-0.00127269,0.0550477,-0.517641,-1.00284,0.026836,-3.85543,-0.00422685,0.0530656,-0.0378204,0.636301,0.500298,1
5470,290.579,0.476386,0.00801584,0.000479158,0.425078,-0.00123329,0.0550501,-0.51552,-1.07273,-0.0275682,-3.97465,-0.00447442,0.0527595,-0.0391506,0.636932,0.500107,1
5480,271.816,0.472819,0.00830148,0.00049264,0.426614,-0.00119252,0.0550525,-0.513391,-1.1477,-0.0743878,-4.07528,-0.00462439,0.0519076,-0.0405953,0.637484,0.499934,1
5490,241.874,0.468867,0.00863688,0.000514879,0.429757,-0.00115021,0.055055,-0.511252,-1.34591,0.161573,-4.56801,-0.00457047,0.0513222,-0.0424121,0.637824,0.499823,1
5500,276.609,0.465458,0.00901297,0.000479724,0.432598,-0.00110609,0.0550575,-0.509095,-1.6815,0.136843,-5.06782,-0.00415053,0.0517803,-0.0436592,0.638114,0.499725,1
5510,289.182,0.46282,0.00944442,0.000448525,0.434409,-0.00105995,0.0550598,-0.506928,-1.70359,0.121567,-5.16307,-0.00318811,0.0524301,-0.0441203,0.638455,0.499606,1
5520,296.828,0.460449,0.00987276,0.000419375,0.435948,-0.00101165,0.055062,-0.504752,-1.70828,0.117196,-5.25263,-0.00187823,0.0530998,-0.0443081,0.638606,0.49955,1
5530,316.281,0.457601,0.010291,0.000390025,0.437025,-0.000961234,0.055064,-0.502569,-1.71285,0.118504,-5.32863,-0.00120497,0.0539816,-0.0449698,0.638606,0.49955,1
5540,324.713,0.454786,0.0106976,0.000359663,0.437559,-0.000908757,0.0550659,-0.500382,-1.72409,0.121062,-5.38472,-0.00169782,0.0548506,-0.0455967,0.638606,0.49955,1
5550,326.457,0.452546,0.0111068,0.0003288,0.438103,-0.000854242,0.0550676,-0.498193,-1.74022,0.122912,-5.41841,-0.0026825,0.0546074,-0.0456508,0.638606,0.49955,1
5560,361.113,0.451192,0.011506,0.000300671,0.438046,-0.000797697,0.0550692,-0.496002,-1.91039,-0.153062,-5.88271,-0.00317566,0.0538859,-0.0448178,0.638606,0.49955,1
5570,375.255,0.450079,0.0119271,0.000338867,0.437357,-0.0007391,0.0550708,-0.493813,-1.95562,-0.165048,-5.92519,-0.00293216,0.0536674,-0.0437411,0.638606,0.49955,1
5580,305.694,0.448837,0.0123802,0.000377817,0.437467,-0.000678353,0.0550726,-0.491626,-2.01572,-0.166194,-5.99318,-0.00255683,0.0541644,-0.0427939,0.638606,0.49955,1
5590,238.362,0.44687,0.0129362,0.000417227,0.440648,-0.000615118,0.0550746,-0.489433,-2.07686,-0.138785,-6.01732,-0.00270307,0.0544951,-0.0425682,0.638606,0.49955,1
5600,252.906,0.444194,0.0135376,0.000451568,0.444765,-0.00054895,0.0550767,-0.487219,-2.14452,-0.120452,-6.03402,-0.00337296,0.0547084,-0.0430346,0.638606,0.49955,1
5610,260.624,0.441179,0.0141295,0.000482203,0.447964,-0.000479799,0.0550791,-0.484988,-2.20357,-0.11234,-6.03612,-0.0039099,0.0548557,-0.0438218,0.638606,0.49955,1
5620,248.873,0.438635,0.0147472,0.000510666,0.451515,-0.000407638,0.0550815,-0.48274,-2.24581,-0.0978368,-6.02681,-0.00375353,0.054795,-0.044118,0.638606,0.49955,1
5630,255.783,0.436298,0.0153843,0.000535762,0.455302,-0.000332327,0.0550842,-0.480473,-2.28139,-0.0852663,-6.03415,-0.00283499,0.0540282,-0.0441832,0.638606,0.49955,1
5640,261.897,0.433842,0.0160108,0.000559006,0.45843,-0.000253856,0.0550869,-0.478189,-2.32591,-0.0894482,-6.06996,-0.00190329,0.053241,-0.0443543,0.638606,0.49955,1
5650,246.707,0.431211,0.0166739,0.000585439,0.462191,-0.000172183,0.0550898,-0.475889,-2.38168,-0.100848,-6.12691,-0.00190951,0.0531602,-0.0446851,0.638606,0.49955,1
5660,262.139,0.428706,0.0173503,0.000614286,0.465853,-8.71367e-005,0.0550928,-0.473569,-2.44746,-0.109965,-6.20201,-0.00288229,0.0533411,-0.0448755,0.638708,0.499502,1
5670,275.321,0.426212,0.0180134,0.000644978,0.468674,1.26216e-006,0.0550959,-0.471232,-2.51567,-0.125947,-6.31085,-0.00362643,0.0532013,-0.0450405,0.63892,0.499398,1
5680,276.894,0.424012,0.0186854,0.00068152,0.47132,9.29936e-005,0.0550992,-0.468883,-2.5676,-0.160738,-6.45273,-0.00357197,0.0534838,-0.0448899,0.639023,0.499341,1
5690,283.828,0.421987,0.0193566,0.00072868,0.473734,0.000188093,0.0551027,-0.46652,-2.58706,-0.211429,-6.62515,-0.00327166,0.0545048,-0.0445475,0.639023,0.499341,1
5700,320.858,0.419504,0.0200014,0.000787865,0.475499,0.000286515,0.0551065,-0.464146,-2.5831,-0.265694,-6.81235,-0.00345866,0.0551061,-0.0446587,0.639023,0.499341,1
5710,363.136,0.416001,0.0205668,0.000857652,0.475499,0.000387978,0.0551106,-0.461768,-2.57065,-0.321539,-6.98707,-0.0036656,0.0548402,-0.045787,0.639069,0.499324,1
5720,316.523,0.412484,0.0211364,0.000944317,0.475796,0.00049223,0.0551151,-0.45939,-2.40476,-0.629379,-7.55366,-0.00354472,0.0546511,-0.0469257,0.639105,0.499308,1
5730,276.2,0.409993,0.0217535,0.00110604,0.478216,0.000599421,0.0551202,-0.457006,-2.36925,-0.657606,-7.74866,-0.00288672,0.0553658,-0.0470275,0.639105,0.499308,1
5740,307.828,0.408575,0.0223531,0.00126806,0.480475,0.000709715,0.0551262,-0.454609,-2.35174,-0.639203,-7.87823,-0.00193208,0.0561614,-0.0460438,0.639105,0.499308,1
5750,307.5,0.407601,0.0229119,0.00142148,0.482008,0.000822886,0.0551329,-0.452202,-2.23045,-0.604449,-8.32911,-0.000908906,0.0565655,-0.0446077,0.639105,0.499308,1
5760,282.333,0.406634,0.0234757,0.00157079,0.484357,0.00093883,0.0551404,-0.449787,-2.22078,-0.596828,-8.52098,-0.00098418,0.0565485,-0.0431602,0.639105,0.499308,1
5770,280.104,0.405146,0.0240708,0.00172129,0.487415,0.00105768,0.0551486,-0.447358,-2.22427,-0.601404,-8.64383,-0.00197933,0.0567325,-0.0422263,0.639105,0.499308,1
5780,295.31,0.402785,0.0246413,0.00186561,0.490026,0.00117948,0.0551576,-0.444914,-2.03978,-0.299459,-9.22774,-0.0027208,0.0566468,-0.0421505,0.639105,0.499308,1
5790,287.051,0.399867,0.0251646,0.00193576,0.492728,0.00130398,0.0551671,-0.442458,-2.01879,-0.254424,-9.3322,-0.00238699,0.0563721,-0.0426093,0.639105,0.499308,1
5800,317.146,0.397185,0.0256548,0.00199424,0.494931,0.00143107,0.0551769,-0.439988,-1.98411,-0.225623,-9.40307,-0.00181773,0.0557326,-0.042816,0.639105,0.499308,1
5810,329.855,0.395175,0.0260933,0.00204548,0.496381,0.00156046,0.055187,-0.437509,-1.93107,-0.234374,-9.41062,-0.00138509,0.0551476,-0.0423446,0.639105,0.499308,1
5820,333.196,0.393157,0.0264887,0.00210187,0.497336,0.00169195,0.0551974,-0.435024,-1.84478,-0.277291,-9.42337,-0.00120466,0.0541341,-0.0418798,0.639105,0.499308,1
5830,321.9,0.390712,0.0268828,0.00217743,0.49876,0.00182539,0.0552081,-0.432534,-1.71684,-0.357357,-9.42877,-0.00111852,0.0533587,-0.0418379,0.639105,0.499308,1
5840,313.084,0.388343,0.0272521,0.00227723,0.500408,0.00196075,0.0552192,-0.430036,-1.55349,-0.468945,-9.32502,-0.00118835,0.0528764,-0.0417129,0.639205,0.499262,1
5850,345.722,0.386816,0.027553,0.0023947,0.501591,0.00209783,0.0552309,-0.42753,-1.35982,-0.512348,-9.22427,-0.00128425,0.0528671,-0.0407363,0.639205,0.499262,1
5860,344.501,0.385441,0.0277713,0.00250532,0.502107,0.00223618,0.0552432,-0.425021,-1.18688,-0.440339,-9.0962,-0.00180703,0.0526913,-0.039609,0.639205,0.499262,1
5870,299.308,0.38371,0.0279992,0.0026004,0.503484,0.00237559,0.0552559,-0.422507,-1.05004,-0.361522,-8.93194,-0.002638,0.0526536,-0.0388388,0.639205,0.499262,1
5880,274.864,0.381535,0.028289,0.0026935,0.506452,0.00251629,0.0552692,-0.419983,-0.942063,-0.378614,-8.81533,-0.00353329,0.0523877,-0.0385065,0.639205,0.499262,1
5890,263.119,0.379202,0.0286057,0.00279806,0.510211,0.00265849,0.0552829,-0.417442,-0.910174,-0.389354,-8.68626,-0.00430886,0.0522753,-0.0383164,0.639205,0.499262,1
5900,277.178,0.376096,0.0289163,0.00289852,0.513736,0.00280228,0.0552971,-0.414882,-0.988348,-0.352112,-8.55983,-0.00461471,0.0524006,-0.03887,0.639224,0.49925,1
5910,269.127,0.372662,0.0292468,0.00298607,0.516954,0.00294764,0.0553118,-0.412306,-1.18742,-0.309142,-8.37244,-0.0039939,0.0532273,-0.039714,0.639596,0.499024,1
5920,240.357,0.36954,0.0297173,0.00307873,0.521516,0.00309494,0.055327,-0.409711,-1.46254,-0.334661,-8.11972,-0.00310031,0.0536587,-0.040227,0.639988,0.498782,1
5930,246.407,0.367161,0.0302959,0.00319419,0.526668,0.00324491,0.0553427,-0.407091,-1.7376,-0.464125,-7.94705,-0.00305813,0.0536769,-0.0399878,0.640332,0.498577,1
5940,283.662,0.365091,0.0308596,0.00334821,0.530441,0.00339781,0.055359,-0.404448,-1.95942,-0.702496,-7.89824,-0.00371331,0.0536476,-0.03943,0.64051,0.498475,1
5950,330.312,0.363361,0.0313491,0.00355533,0.532038,0.00355336,0.0553762,-0.401791,-2.16537,-0.995877,-7.88965,-0.00453543,0.0542932,-0.0385217,0.640647,0.498399,1
5960,362.628,0.361692,0.0317985,0.00383048,0.532024,0.00371126,0.0553947,-0.39913,-2.41545,-1.34792,-7.81257,-0.00519379,0.0547563,-0.0375479,0.640647,0.498399,1
5970,350.642,0.359852,0.0323037,0.00419936,0.531755,0.0038715,0.0554147,-0.39647,-2.73295,-1.77187,-7.65253,-0.00552903,0.0548678,-0.0367416,0.640647,0.498399,1
5980,306.934,0.357125,0.0329502,0.00468048,0.532511,0.00403458,0.0554368,-0.39381,-3.01864,-2.1638,-7.47668,-0.00521837,0.0545821,-0.0368056,0.640647,0.498399,1
5990,284.91,0.353915,0.033743,0.00524934,0.534781,0.00420127,0.0554616,-0.391142,-3.12556,-2.36016,-7.35542,-0.00500319,0.0542167,-0.0373491,0.640708,0.498364,1
6000,290.72,0.351114,0.0345415,0.00584883,0.53705,0.00437199,0.0554894,-0.388462,-3.06119,-2.43774,-7.14404,-0.00512637,0.0534082,-0.0374832,0.640756,0.497855,1
6010,285.46,0.349014,0.0353281,0.00647606,0.539448,0.00454666,0.0555202,-0.385771,-2.91515,-2.57901,-6.60689,-0.00506496,0.0525683,-0.0369018,0.640651,0.497478,1
6020,311.788,0.346452,0.036017,0.00713707,0.540952,0.00472509,0.0555542,-0.38307,-2.62929,-2.74508,-5.79468,-0.0041868,0.0522853,-0.0367475,0.640445,0.497097,1
6030,320.63,0.343343,0.0365493,0.00780343,0.541476,0.00490659,0.0555916,-0.380363,-2.04923,-2.66272,-5.02687,-0.00338627,0.052523,-0.0371337,0.640314,0.496984,1
6040,295.423,0.340593,0.0369231,0.00840713,0.542285,0.00509035,0.0556321,-0.377654,-1.10718,-2.20023,-4.47614,-0.00316685,0.0529307,-0.037172,0.640126,0.496902,1
6050,294.809,0.338604,0.0370625,0.00887833,0.543627,0.00527545,0.0556754,-0.374939,0.217059,-1.55534,-3.77092,-0.00332441,0.0536171,-0.0364507,0.639856,0.496835,1
6060,301.795,0.336409,0.036804,0.00918476,0.544327,0.00546029,0.0557206,-0.372219,1.85446,-0.94771,-2.51789,-0.00305554,0.0543552,-0.0359211,0.639364,0.496706,1
6070,274.299,0.333892,0.0361722,0.00937024,0.545372,0.00564287,0.0557671,-0.369495,3.64712,-0.820069,-0.966729,-0.00272554,0.0543995,-0.0357109,0.63871,0.496562,1
6080,295.465,0.331432,0.0351167,0.00952365,0.546057,0.00582128,0.0558143,-0.366766,5.2179,-0.304411,1.2564,-0.00251587,0.0538133,-0.0354452,0.638274,0.496505,1
6090,305.642,0.32908,0.0336479,0.00952142,0.545379,0.00599333,0.055862,-0.364037,6.23513,0.235738,2.75438,-0.00276316,0.0532487,-0.0350845,0.638274,0.496505,1
6100,292.162,0.325949,0.0319399,0.00935619,0.544345,0.00615741,0.0559093,-0.361313,7.48784,1.10928,4.56386,-0.00350359,0.053008,-0.03552,0.638274,0.496505,1
6110,270.61,0.322621,0.0299803,0.00897874,0.544018,0.00631232,0.0559552,-0.358593,8.81388,2.07534,6.14459,-0.00472885,0.0528225,-0.0361756,0.638274,0.496505,1
6120,256.181,0.32007,0.0277226,0.00838306,0.544354,0.00645668,0.0559987,-0.355873,9.99495,3.09891,7.53311,-0.00521425,0.0530675,-0.0360291,0.638252,0.496534,1
6130,274.875,0.318411,0.0251323,0.00754461,0.543937,0.00658898,0.0560386,-0.353152,11.2763,4.33484,8.62037,-0.00405934,0.0537227,-0.0349274,0.638146,0.496664,1
6140,290.646,0.316366,0.0222612,0.00642088,0.542473,0.00670755,0.0560736,-0.350435,11.9779,4.45732,9.62935,-0.00200778,0.0542152,-0.0341952,0.637963,0.496846,1
6150,289.408,0.313999,0.0193137,0.00526714,0.540132,0.00681146,0.0561029,-0.347729,11.7745,4.9072,10.7998,-0.0010217,0.0538974,-0.0338355,0.637609,0.497164,1
6160,273.926,0.311929,0.0164679,0.00395467,0.53845,0.00690088,0.056126,-0.345033,11.623,5.92375,12.8251,-0.00138679,0.0534794,-0.0332255,0.63718,0.497519,1
6170,298.798,0.310134,0.0135363,0.00223864,0.535369,0.00697597,0.0561417,-0.342347,12.3101,8.21078,17.0949,-0.00229582,0.0532876,-0.0323648,0.636951,0.497682,1
6180,305.986,0.307456,0.0103462,-0.000245984,0.530257,0.0070358,0.0561471,-0.339683,13.4204,12.1226,23.5097,-0.00320114,0.0533484,-0.0324096,0.636732,0.497816,1
6190,302.698,0.303999,0.00689302,-0.00393062,0.523216,0.00707899,0.0561373,-0.337048,14.1745,18.256,31.9086,-0.00393312,0.0534877,-0.0332604,0.636245,0.498127,1
6200,274.892,0.300526,0.00314258,-0.00955269,0.51475,0.00710434,0.0561046,-0.334453,16.8898,27.9481,41.5019,-0.00394348,0.0542034,-0.0341361,0.635648,0.498531,1
6210,277.574,0.297459,-0.00178246,-0.0184186,0.504219,0.00710848,0.0560365,-0.331904,24.1416,44.4929,52.8874,-0.00331718,0.0551793,-0.0346291,0.635273,0.498806,1
6220,277.263,0.294358,-0.0092635,-0.0323382,0.490754,0.00708223,0.0559121,-0.329416,36.9812,68.1454,64.4205,-0.00289076,0.0557581,-0.0352265,0.635069,0.498977,1
6230,283.929,0.291484,-0.0204069,-0.052377,0.474256,0.00700976,0.0557029,-0.327002,53.0308,92.7244,74.7698,-0.00297204,0.055398,-0.0356894,0.635069,0.498977,1
6240,278.194,0.289394,-0.0356927,-0.078227,0.455313,0.00687133,0.0553788,-0.324678,70.0638,114.432,85.0249,-0.00291631,0.054463,-0.0354511,0.635069,0.498977,1
6250,262.885,0.287844,-0.0553116,-0.109071,0.434256,0.00664569,0.0549125,-0.322453,86.9498,131.037,94.0492,-0.00279693,0.0534959,-0.0347672,0.635069,0.498977,1
6260,267.783,0.285448,-0.0786677,-0.142629,0.411851,0.00631201,0.0542835,-0.320338,98.2637,133.053,96.7384,-0.00305985,0.0532366,-0.0350454,0.634793,0.499119,1
6270,265.26,0.281757,-0.103701,-0.174119,0.389722,0.00585636,0.0534898,-0.318335,99.8007,113.324,92.2828,-0.00313221,0.0537538,-0.0367211,0.634523,0.499287,1
6280,295.067,0.278085,-0.128239,-0.198423,0.367986,0.00527611,0.0525547,-0.316441,96.9888,79.4294,88.3804,-0.00251956,0.0543303,-0.0384709,0.634277,0.49947,1
6290,305.771,0.275454,-0.152119,-0.213386,0.345881,0.0045751,0.0515211,-0.314656,96.5046,41.4296,90.5781,-0.00207751,0.0540992,-0.039294,0.633958,0.499725,1
6300,280.876,0.273111,-0.176248,-0.219064,0.322878,0.00375448,0.0504362,-0.312983,97.3608,3.77602,96.9038,-0.00211408,0.0534497,-0.0399524,0.633593,0.500008,1
6310,275.424,0.27058,-0.200684,-0.216164,0.298574,0.00281224,0.0493448,-0.311429,97.2475,-28.9579,103.451,-0.0020136,0.0534382,-0.040923,0.633023,0.500436,1
6320,281.763,0.26892,-0.225301,-0.206242,0.272706,0.00174739,0.0482862,-0.31,97.903,-53.7776,111.089,-0.00198935,0.053886,-0.0411647,0.632527,0.500792,1
6330,317.182,0.268066,-0.249778,-0.190779,0.243939,0.000559697,0.0472918,-0.308707,100.751,-68.6553,120.53,-0.00225444,0.054245,-0.0407462,0.63232,0.500919,1
6340,344.671,0.266861,-0.27448,-0.172591,0.21236,-0.000751021,0.0463827,-0.307565,103.9,-72.9297,129.41,-0.00225656,0.0546464,-0.0408365,0.632149,0.501006,1
6350,327.839,0.265189,-0.299579,-0.154195,0.178897,-0.00218616,0.0455659,-0.306586,104.534,-71.6235,136.028,-0.0020394,0.0549087,-0.0415621,0.632006,0.501069,1
6360,320.614,0.264216,-0.324655,-0.13635,0.14422,-0.00374705,0.0448397,-0.305778,102.667,-70.2059,141.044,-0.00220081,0.0541465,-0.0417303,0.632006,0.501069,1
6370,309.888,0.263516,-0.349425,-0.119027,0.108773,-0.0054325,0.0442015,-0.305145,100.122,-68.1688,143.287,-0.00240727,0.0527153,-0.0417847,0.632006,0.501069,1
6380,321.932,0.262257,-0.373417,-0.10256,0.0734636,-0.00724017,0.043648,-0.30469,96.8732,-63.2312,139.985,-0.00239628,0.0520034,-0.0426106,0.632007,0.501081,1
6390,315.27,0.260638,-0.396159,-0.0874924,0.0397556,-0.00916473,0.0431735,-0.304408,91.5659,-57.2512,130.703,-0.00244835,0.0523654,-0.0440188,0.632051,0.501299,1
6400,298.52,0.259866,-0.417616,-0.0737992,0.00879389,-0.0112,0.0427707,-0.304288,82.0536,-53.434,118.668,-0.00257445,0.0529355,-0.044764,0.632052,0.501305,1
6410,296.418,0.25967,-0.436305,-0.0608678,-0.0187319,-0.0133362,0.0424343,-0.304315,67.5908,-51.1922,102.449,-0.00211167,0.0533329,-0.0451165,0.632052,0.501305,1
6420,301.15,0.259597,-0.450996,-0.0486169,-0.0418079,-0.0155563,0.042161,-0.304468,51.0707,-47.2731,83.6548,-0.00131305,0.0539301,-0.0455297,0.632056,0.50133,1
6430,296.883,0.259799,-0.461992,-0.0376867,-0.0603093,-0.0178399,0.0419459,-0.304725,38.8102,-40.4987,66.2082,-0.000524214,0.0543231,-0.0457994,0.632096,0.501733,1
6440,312.031,0.261096,-0.470564,-0.0287188,-0.074826,-0.0201724,0.0417808,-0.305064,31.4016,-31.5191,50.9429,-3.45733e-005,0.0544037,-0.0450521,0.6321,0.501966,1
6450,334.563,0.262381,-0.476357,-0.0220353,-0.0855268,-0.022541,0.0416549,-0.305467,23.1381,-22.0754,37.0383,0.000215607,0.0546496,-0.0443981,0.6321,0.501966,1
6460,309.945,0.262375,-0.479908,-0.0176065,-0.0930289,-0.0249327,0.0415567,-0.305914,12.1855,-13.5751,25.4196,-0.000542566,0.0555885,-0.0450528,0.6321,0.501966,1
6470,305.446,0.261471,-0.481403,-0.0152161,-0.0983394,-0.0273371,0.0414755,-0.306394,0.733354,-5.63457,18.4344,-0.00190209,0.0564852,-0.0465956,0.6321,0.501966,1
6480,295.559,0.261199,-0.480021,-0.0149147,-0.102509,-0.0297416,0.0414011,-0.306896,-10.0377,3.63149,16.365,-0.00303783,0.0570804,-0.0475389,0.6321,0.501966,1
6490,259.345,0.261572,-0.477384,-0.0173103,-0.107018,-0.0321353,0.0413219,-0.307419,-20.8568,15.9717,18.5753,-0.00309021,0.0576824,-0.0479805,0.6321,0.501966,1
6500,234.611,0.261985,-0.47356,-0.0232159,-0.112905,-0.0345125,0.0412223,-0.307968,-32.3257,30.8774,24.2614,-0.00273131,0.0584463,-0.0484889,0.6321,0.501966,1
6510,228.403,0.26269,-0.467755,-0.0327223,-0.120715,-0.0368658,0.0410838,-0.308551,-41.9577,43.3373,32.1921,-0.00203352,0.0582596,-0.0487476,0.6321,0.501966,1
6520,265.28,0.264261,-0.45941,-0.0440699,-0.130216,-0.0391846,0.0408919,-0.309178,-47.6902,44.012,37.5847,-0.00130103,0.0569461,-0.0481395,0.632039,0.502061,1
6530,314.744,0.266006,-0.447612,-0.0537389,-0.139814,-0.041453,0.0406461,-0.309853,-48.3944,32.4806,38.9593,-0.000637363,0.0553942,-0.0474114,0.631939,0.502271,1
6540,326.043,0.266908,-0.434883,-0.0597807,-0.149207,-0.0436595,0.0403606,-0.310576,-48.0425,17.2252,39.2118,-0.000464897,0.0545644,-0.0475689,0.631889,0.502432,1
6550,307.738,0.267443,-0.422305,-0.0622433,-0.15909,-0.0458026,0.0400541,-0.311346,-50.2181,3.39501,42.7509,-0.000226853,0.0540814,-0.0481885,0.631889,0.502432,1
6560,293.281,0.268636,-0.409201,-0.0613202,-0.170636,-0.0478817,0.0397437,-0.312169,-55.8688,-11.3442,51.2675,-0.000271684,0.0539889,-0.0481699,0.631889,0.502432,1
6570,311.745,0.270189,-0.394497,-0.0561874,-0.18482,-0.0498921,0.0394478,-0.313057,-63.5508,-31.3135,63.4378,-0.000802401,0.054285,-0.0477794,0.631889,0.502432,1
6580,310.013,0.27108,-0.377283,-0.0451505,-0.202039,-0.0518225,0.0391916,-0.314023,-71.8443,-58.4322,77.7515,-0.00140926,0.0546682,-0.0481211,0.631889,0.502432,1
6590,299.459,0.271819,-0.358246,-0.0266877,-0.223333,-0.0536622,0.0390085,-0.315084,-80.9177,-91.11,95.4003,-0.00142171,0.0546207,-0.0487901,0.631887,0.502437,1
6600,299.68,0.273383,-0.337316,-6.38376e-006,-0.249597,-0.0554019,0.0389384,-0.316264,-88.8656,-123.413,115.567,-0.00136219,0.0548429,-0.0487475,0.631751,0.502662,1
6610,337.452,0.275565,-0.314334,0.0335117,-0.279834,-0.0570317,0.0390199,-0.317587,-90.3414,-145.264,131.294,-0.00134103,0.055569,-0.0482152,0.631631,0.502811,1
6620,309.999,0.277527,-0.291752,0.070938,-0.312804,-0.0585464,0.0392798,-0.319067,-86.5562,-157.091,138.702,-0.000906932,0.0563624,-0.04813,0.631631,0.502811,1
6630,293.447,0.279912,-0.270897,0.111624,-0.348004,-0.0599525,0.0397346,-0.320719,-82.9814,-172.379,144.79,0.000118968,0.0567593,-0.0478586,0.631631,0.502811,1
6640,286.873,0.283256,-0.250698,0.156838,-0.384972,-0.0612561,0.0404036,-0.32255,-80.5089,-191.611,152.362,0.000977589,0.0573034,-0.0467324,0.631631,0.502811,1
6650,273.344,0.286734,-0.231848,0.205609,-0.423913,-0.0624617,0.0413092,-0.324572,-75.1684,-194.252,152.56,0.00116532,0.0577285,-0.0454695,0.631555,0.50286,1
6660,277.832,0.289305,-0.214845,0.251702,-0.461471,-0.0635773,0.0424549,-0.326786,-65.4772,-170.092,141.587,0.00100798,0.0575453,-0.0451867,0.631437,0.502926,1
6670,299.223,0.291825,-0.200047,0.289426,-0.495024,-0.0646136,0.0438119,-0.329179,-55.4776,-131.803,126.127,0.000745264,0.0568628,-0.045067,0.630995,0.503143,1
6680,277.53,0.294972,-0.18761,0.317437,-0.524733,-0.0655816,0.0453329,-0.33173,-46.6955,-91.8651,108.582,0.000266696,0.0565382,-0.04442,0.630549,0.503335,1
6690,288.864,0.298672,-0.177371,0.336147,-0.549894,-0.0664932,0.0469707,-0.334419,-38.4991,-56.2125,87.9255,-6.44392e-005,0.0564385,-0.0433816,0.630199,0.503458,1
6700,307.654,0.302517,-0.168783,0.346595,-0.569213,-0.067358,0.0486805,-0.337219,-31.3587,-29.384,68.5008,0.000401794,0.0561702,-0.0424838,0.629806,0.503573,1
6710,308.094,0.306865,-0.161488,0.351136,-0.584041,-0.0681832,0.0504269,-0.340104,-26.944,-10.533,55.928,0.00102397,0.055588,-0.0411889,0.629401,0.503669,1
6720,314.005,0.311442,-0.155012,0.351727,-0.596322,-0.0689742,0.0521855,-0.343056,-24.1701,2.50689,47.969,0.000961192,0.0548087,-0.0395784,0.629377,0.503673,1
6730,328.259,0.315872,-0.149139,0.349745,-0.606187,-0.0697344,0.0539401,-0.346063,-21.1831,7.85163,38.7261,0.000456601,0.0533048,-0.0380898,0.629377,0.503673,1
6740,332.989,0.319794,-0.143977,0.346947,-0.61291,-0.0704669,0.0556819,-0.349113,-17.4409,6.84607,28.2617,3.74923e-006,0.0516392,-0.0372058,0.629377,0.503673,1
6750,318.662,0.323735,-0.139802,0.344963,-0.617681,-0.071176,0.0574114,-0.35219,-14.4778,3.70445,19.6775,-0.00052777,0.0511651,-0.0363197,0.629377,0.503673,1
6760,322.286,0.327919,-0.136258,0.343773,-0.620938,-0.0718661,0.0591332,-0.355287,-12.91,1.9121,14.8045,-0.000802211,0.0523732,-0.0352326,0.629377,0.503673,1
6770,311.473,0.332322,-0.132995,0.342858,-0.623234,-0.0725391,0.0608497,-0.358398,-12.0181,1.1893,12.7403,-0.000647077,0.0535479,-0.0340275,0.629377,0.503673,1
6780,287.582,0.336515,-0.130143,0.342658,-0.62618,-0.0731967,0.0625632,-0.361521,-11.4497,1.24168,10.2628,-0.000789871,0.0536522,-0.0330097,0.629377,0.503673,1
6790,273.258,0.34102,-0.127684,0.343138,-0.62971,-0.0738411,0.0642773,-0.364661,-10.5194,0.261204,7.92238,-0.00168588,0.0532687,-0.0315433,0.629377,0.503673,1
6800,295.763,0.345717,-0.125416,0.343648,-0.632222,-0.0744738,0.0659944,-0.367816,-9.18007,-0.322626,4.92957,-0.00253153,0.05344,-0.0299004,0.629377,0.503673,1
6810,290.46,0.349876,-0.123381,0.343843,-0.633214,-0.0750955,0.067713,-0.37098,-7.55292,-0.257725,1.42836,-0.0025344,0.0537703,-0.028995,0.629139,0.503596,1
6820,275.961,0.353251,-0.121903,0.344434,-0.634255,-0.0757085,0.0694334,-0.374148,-6.18002,0.369354,-1.79016,-0.00188327,0.0538915,-0.0290476,0.628913,0.503513,1
6830,262.42,0.357145,-0.120834,0.345236,-0.63533,-0.0763151,0.0711572,-0.377322,-5.32129,1.09899,-3.98869,-0.00121175,0.0541451,-0.0285774,0.628913,0.503513,1
6840,243.065,0.362,-0.120178,0.346598,-0.637308,-0.0769173,0.0728861,-0.380502,-4.79422,1.63169,-5.26322,-0.000768124,0.0550313,-0.0270523,0.628571,0.50334,1
6850,242.789,0.366826,-0.119788,0.348315,-0.639852,-0.077517,0.0746229,-0.383694,-4.38814,1.77424,-5.73553,-0.000807833,0.0561387,-0.0254548,0.62827,0.503172,1
6860,253.229,0.37055,-0.119375,0.349697,-0.641662,-0.0781148,0.0763676,-0.386897,-3.93762,1.59521,-6.35343,-0.00150232,0.0568747,-0.0248783,0.627951,0.502975,1
6870,255.298,0.373533,-0.118971,0.350876,-0.64287,-0.0787105,0.0781187,-0.390108,-3.58586,1.37253,-6.69298,-0.00257059,0.0572339,-0.0250147,0.62766,0.502765,1
6880,274.532,0.376522,-0.118545,0.351819,-0.643542,-0.0793042,0.0798755,-0.393324,-3.36177,1.69388,-6.42073,-0.0031791,0.0569496,-0.0252909,0.627643,0.502747,1
6890,303.148,0.379702,-0.117817,0.351638,-0.642409,-0.0798952,0.0816344,-0.39654,-3.16741,1.75039,-6.32574,-0.00310399,0.0557848,-0.0255832,0.62753,0.502606,1
6900,321.324,0.382801,-0.116938,0.350808,-0.640142,-0.0804822,0.0833909,-0.399747,-2.83395,1.75421,-6.17352,-0.00270801,0.0542204,-0.0260668,0.627412,0.502434,1
6910,320.553,0.38605,-0.116112,0.349838,-0.637641,-0.0810648,0.0851426,-0.402941,-2.36137,1.67916,-6.00724,-0.00247866,0.0531244,-0.0263332,0.627399,0.502413,1
6920,318.262,0.389651,-0.115361,0.348779,-0.634964,-0.0816435,0.0868892,-0.406123,-2.00843,1.24173,-5.50888,-0.00190833,0.0521951,-0.0262987,0.627399,0.502413,1
6930,291.617,0.393124,-0.114904,0.348549,-0.633671,-0.082219,0.0886322,-0.409294,-1.84177,0.965201,-5.62534,-0.000766684,0.0510635,-0.0265402,0.627214,0.502074,1
6940,278.464,0.39602,-0.114543,0.348624,-0.632754,-0.0827926,0.0903749,-0.41246,-1.60724,0.378095,-5.43295,0.000421801,0.0500792,-0.0273842,0.626936,0.501529,1
6950,250.299,0.399129,-0.114633,0.350027,-0.634086,-0.0833652,0.0921207,-0.415625,-1.55506,0.237459,-5.37316,0.00100263,0.0499403,-0.0278023,0.626825,0.501283,1
6960,289.105,0.402891,-0.114567,0.350897,-0.63446,-0.0839384,0.0938734,-0.418797,-1.41165,0.225016,-5.12551,0.00105917,0.0503642,-0.0273855,0.626825,0.501283,1
6970,269.431,0.406437,-0.114384,0.35131,-0.634051,-0.0845106,0.0956284,-0.421968,-1.3024,0.142222,-4.96776,0.000613787,0.0507461,-0.0270872,0.626761,0.501097,1
6980,231.634,0.409209,-0.114678,0.353221,-0.636256,-0.0850829,0.0973886,-0.425141,-1.37358,-0.157026,-5.11228,-8.23759e-005,0.0506621,-0.0275945,0.626716,0.500942,1
6990,234.236,0.412341,-0.115199,0.356034,-0.639861,-0.0856574,0.0991611,-0.428331,-1.56355,-0.524204,-5.38832,-0.000464034,0.0501447,-0.0278753,0.626673,0.500737,1
