step,T,sn_vel[0],sn_vel[1],sn_vel[2],sn_crd[0],sn_crd[1],sn_crd[2],target_crd[0],target_crd[1],target_crd[2],boundary[0],boundary[1],boundary[2]
0,0.00102658,0,0,0,-4.24006e-008,1.13791e-008,0.981818,0.000421142,0.0550666,-0.05170960.63615,0.498324,1
10,0.19524,0,0,0,-4.24006e-008,1.13791e-008,0.981818,0.000425806,0.0550807,-0.0517050.636155,0.498331,1
20,0.308945,0,0,0,-4.24006e-008,1.13791e-008,0.981818,0.000445597,0.0551042,-0.05167320.636182,0.49839,1
30,0.483273,0,0,0,-4.24006e-008,1.13791e-008,0.981818,0.000472792,0.0551207,-0.05161770.636198,0.498443,1
40,0.655337,0,0,0,-4.24006e-008,1.13791e-008,0.981818,0.000491576,0.0551311,-0.05158160.636207,0.498504,1
50,0.783531,0,0,0,-4.24006e-008,1.13791e-008,0.981818,0.000492256,0.0551355,-0.05155850.63621,0.498563,1
60,0.887601,0,0,0,-4.24006e-008,1.13791e-008,0.981818,0.00048695,0.0551296,-0.05150060.636208,0.498623,1
70,0.966937,0,0,0,-4.24006e-008,1.13791e-008,0.981818,0.000480286,0.0551221,-0.05140460.636203,0.498686,1
80,0.995021,0,0,0,-4.24006e-008,1.13791e-008,0.981818,0.000470445,0.0551284,-0.05131790.636199,0.498737,1
90,1.02365,0,0,0,-4.24006e-008,1.13791e-008,0.981818,0.000457596,0.0551456,-0.05125770.636193,0.49878,1
100,1.01724,0,0,0,-4.24006e-008,1.13791e-008,0.981818,0.000451708,0.0551554,-0.05119420.636187,0.498827,1
110,10.1015,0,0,0,-4.24006e-008,1.13791e-008,0.981818,0.000453547,0.0551501,-0.05099650.636176,0.498919,1
120,17.2624,0,0,0,-4.24006e-008,1.13791e-008,0.981818,0.000446966,0.0551374,-0.05067520.636167,0.499011,1
130,22.1657,0,0,0,-4.24006e-008,1.13791e-008,0.981818,0.000407629,0.0551255,-0.05029940.636161,0.499086,1
140,25.3518,0,0,0,-4.24006e-008,1.13791e-008,0.981818,0.000349292,0.0551054,-0.04988190.636159,0.499158,1
150,27.3744,0,0,0,-4.24006e-008,1.13791e-008,0.981818,0.000302897,0.0550777,-0.04944090.636159,0.499218,1
160,28.5182,0,0,0,-4.24006e-008,1.13791e-008,0.981818,0.000275955,0.0550604,-0.04900720.636161,0.499265,1
170,29.1219,0,0,0,-4.24006e-008,1.13791e-008,0.981818,0.000253371,0.0550604,-0.04856520.636163,0.499288,1
180,29.4095,0,0,0,-4.24006e-008,1.13791e-008,0.981818,0.000230256,0.0550644,-0.04807670.636164,0.499297,1
190,29.496,0,0,0,-4.24006e-008,1.13791e-008,0.981818,0.000199728,0.0550599,-0.04756380.636168,0.499326,1
200,29.5358,0,0,0,-4.24006e-008,1.13791e-008,0.981818,0.000153025,0.0550442,-0.047080.636172,0.499351,1
210,38.9421,0,0,0,-4.24006e-008,1.13791e-008,0.981818,0.000102016,0.0550187,-0.04656850.636177,0.499376,1
220,45.3436,0,0,0,-4.24006e-008,1.13791e-008,0.981818,6.44694e-005,0.0549936,-0.04594630.636177,0.499376,1
230,49.6596,0,0,0,-4.24006e-008,1.13791e-008,0.981818,2.29e-005,0.0549831,-0.04522540.636185,0.499407,1
240,52.447,0,0,0,-4.24006e-008,1.13791e-008,0.981818,-4.98413e-005,0.0549865,-0.04447290.636194,0.499445,1
250,54.1578,0,0,0,-4.24006e-008,1.13791e-008,0.981818,-0.000135617,0.054986,-0.04371080.636198,0.499458,1
260,55.1103,0,0,0,-4.24006e-008,1.13791e-008,0.981818,-0.000197752,0.0549671,-0.04290890.63621,0.499501,1
270,55.4801,0,0,0,-4.24006e-008,1.13791e-008,0.981818,-0.000226597,0.0549294,-0.04207170.636223,0.499543,1
280,55.4728,0,0,0,-4.24006e-008,1.13791e-008,0.981818,-0.000257436,0.0548835,-0.04122470.636231,0.499566,1
290,55.1131,0,0,0,-4.24006e-008,1.13791e-008,0.981818,-0.000315725,0.0548478,-0.04036750.636239,0.499591,1
300,54.4854,0,0,0,-4.24006e-008,1.13791e-008,0.981818,-0.000379288,0.0548376,-0.03948790.636254,0.499634,1
310,62.9266,0,0,0,-4.24006e-008,1.13791e-008,0.981818,-0.000416911,0.0548446,-0.0385730.636275,0.499692,1
320,68.0276,0,0,0,-4.24006e-008,1.13791e-008,0.981818,-0.000439636,0.054842,-0.0376310.636301,0.499759,1
330,70.7682,0,0,0,-4.24006e-008,1.13791e-008,0.981818,-0.000443832,0.0548165,-0.03666120.636336,0.499851,1
340,71.9178,0,0,0,-4.24006e-008,1.13791e-008,0.981818,-0.000413231,0.0547757,-0.03563710.636382,0.499965,1
350,72.0134,0,0,0,-4.24006e-008,1.13791e-008,0.981818,-0.000375439,0.0547292,-0.03459470.636437,0.500098,1
360,71.5613,0,0,0,-4.24006e-008,1.13791e-008,0.981818,-0.000371979,0.0546878,-0.03358440.636512,0.500273,1
370,70.8767,0,0,0,-4.24006e-008,1.13791e-008,0.981818,-0.00036703,0.0546607,-0.03261310.636605,0.500486,1
380,70.3039,0,0,0,-4.24006e-008,1.13791e-008,0.981818,-0.000321634,0.0546367,-0.03162610.636702,0.500701,1
390,69.9229,0,0,0,-4.24006e-008,1.13791e-008,0.981818,-0.000261221,0.0546016,-0.03061220.636811,0.500938,1
400,69.871,0,0,0,-4.24006e-008,1.13791e-008,0.981818,-0.000241091,0.0545596,-0.02958410.636945,0.501225,1
410,79.3289,0,0,0,-4.24006e-008,1.13791e-008,0.981818,-0.000267898,0.0545113,-0.02850070.637096,0.501544,1
420,85.8517,0,0,0,-4.24006e-008,1.13791e-008,0.981818,-0.000290739,0.0544572,-0.02730960.637252,0.501868,1
430,90.5642,0,0,0,-4.24006e-008,1.13791e-008,0.981818,-0.000256711,0.0544231,-0.02605320.637409,0.502189,1
440,94.1548,0,0,0,-4.24006e-008,1.13791e-008,0.981818,-0.000195538,0.0544198,-0.02477730.637561,0.502497,1
450,96.967,0,0,0,-4.24006e-008,1.13791e-008,0.981818,-0.000124188,0.0544091,-0.02349420.637717,0.502806,1
460,99.2318,0,0,0,-4.24006e-008,1.13791e-008,0.981818,1.14006e-005,0.0543819,-0.02217040.637887,0.50314,1
470,100.719,0,0,0,-4.24006e-008,1.13791e-008,0.981818,0.000205363,0.054387,-0.0208270.638053,0.503461,1
480,101.629,0,0,0,-4.24006e-008,1.13791e-008,0.981818,0.000397895,0.0544288,-0.01950010.638194,0.503728,1
490,101.708,0,0,0,-4.24006e-008,1.13791e-008,0.981818,0.000638644,0.0544346,-0.01822020.63832,0.503964,1
500,101.081,0,0,0,-4.24006e-008,1.13791e-008,0.981818,0.000939097,0.0543878,-0.0169640.638439,0.504183,1
510,109.127,0,0,0,-4.24006e-008,1.13791e-008,0.981818,0.00116194,0.0543513,-0.01570760.638541,0.504367,1
520,113.708,0,0,0,-4.24006e-008,1.13791e-008,0.981818,0.00126732,0.0543518,-0.01446830.638624,0.504514,1
530,116.392,0,0,0,-4.24006e-008,1.13791e-008,0.981818,0.00141974,0.0543384,-0.01331180.638682,0.504613,1
540,118.525,0,0,0,-4.24006e-008,1.13791e-008,0.981818,0.00166546,0.0542993,-0.01225790.638699,0.504643,1
550,120.733,0,0,0,-4.24006e-008,1.13791e-008,0.981818,0.00187574,0.0542726,-0.01134430.638703,0.50465,1
560,123.272,0,0,0,-4.24006e-008,1.13791e-008,0.981818,0.00201046,0.0542606,-0.01057960.638716,0.50467,1
570,125.49,0,0,0,-4.24006e-008,1.13791e-008,0.981818,0.00216058,0.054234,-0.00995460.638716,0.50467,1
580,126.78,0,0,0,-4.24006e-008,1.13791e-008,0.981818,0.00234587,0.054225,-0.009435410.638716,0.50467,1
590,126.358,0,0,0,-4.24006e-008,1.13791e-008,0.981818,0.00252508,0.054255,-0.009075920.638716,0.50467,1
600,124.19,0,0,0,-4.24006e-008,1.13791e-008,0.981818,0.00268251,0.0542653,-0.008924590.638716,0.50467,1
610,129.451,0,0,0,-4.24006e-008,1.13791e-008,0.981818,0.00283877,0.0542397,-0.008963930.638716,0.50467,1
620,130.74,0,0,0,-4.24006e-008,1.13791e-008,0.981818,0.00300451,0.0542836,-0.00911130.638716,0.50467,1
630,129.984,0,0,0,-4.24006e-008,1.13791e-008,0.981818,0.00322986,0.0544087,-0.009364810.638716,0.50467,1
640,130.237,0,0,0,-4.24006e-008,1.13791e-008,0.981818,0.00355802,0.054487,-0.009717430.638716,0.50467,1
650,132.204,0,0,0,-4.24006e-008,1.13791e-008,0.981818,0.00398515,0.054509,-0.01013280.638716,0.50467,1
660,136.152,0,0,0,-4.24006e-008,1.13791e-008,0.981818,0.00444044,0.0546076,-0.01058860.638716,0.50467,1
670,140.586,0,0,0,-4.24006e-008,1.13791e-008,0.981818,0.00484115,0.0547783,-0.0111430.638716,0.50467,1
680,144.268,0,0,0,-4.24006e-008,1.13791e-008,0.981818,0.00512525,0.0549281,-0.01177840.638716,0.50467,1
690,147.09,0,0,0,-4.24006e-008,1.13791e-008,0.981818,0.00535275,0.0550594,-0.01243780.638716,0.50467,1
700,149.237,0,0,0,-4.24006e-008,1.13791e-008,0.981818,0.00557217,0.055203,-0.0131470.638716,0.50467,1
710,161.184,0,0,0,-4.24006e-008,1.13791e-008,0.981818,0.0057233,0.0553212,-0.01402260.638716,0.50467,1
720,173.032,0,0,0,-4.24006e-008,1.13791e-008,0.981818,0.00570238,0.0554184,-0.01507860.638716,0.50467,1
730,185.732,0,0,0,-4.24006e-008,1.13791e-008,0.981818,0.00559786,0.0555274,-0.01624290.638716,0.50467,1
740,200.275,0,0,0,-4.24006e-008,1.13791e-008,0.981818,0.00553394,0.0556378,-0.01749880.638716,0.50467,1
750,215.309,0,0,0,-4.24006e-008,1.13791e-008,0.981818,0.00548629,0.055697,-0.0188480.638716,0.50467,1
760,228.493,0,0,0,-4.24006e-008,1.13791e-008,0.981818,0.0053301,0.0556904,-0.02022620.638716,0.50467,1
770,239.346,0,0,0,-4.24006e-008,1.13791e-008,0.981818,0.00509841,0.0556433,-0.02155460.638716,0.50467,1
780,246.273,0,0,0,-4.24006e-008,1.13791e-008,0.981818,0.00485807,0.0555969,-0.02284990.638716,0.50467,1
790,250.04,0,0,0,-4.24006e-008,1.13791e-008,0.981818,0.00462791,0.0555645,-0.0240610.638716,0.50467,1
800,251.881,0,0,0,-4.24006e-008,1.13791e-008,0.981818,0.00440179,0.0555639,-0.02505470.638716,0.50467,1
810,261.829,0,0,0,-4.24006e-008,1.13791e-008,0.981818,0.00425415,0.0555896,-0.02578870.638716,0.50467,1
820,267.433,0,0,0,-4.24006e-008,1.13791e-008,0.981818,0.0041747,0.0555875,-0.02643910.638716,0.50467,1
830,268.917,0,0,0,-4.24006e-008,1.13791e-008,0.981818,0.00409674,0.0555771,-0.02705530.638716,0.50467,1
840,266.141,0,0,0,-4.24006e-008,1.13791e-008,0.981818,0.00401989,0.0556771,-0.02753740.638716,0.50467,1
850,260.314,0,0,0,-4.24006e-008,1.13791e-008,0.981818,0.0040093,0.0559118,-0.02784250.638716,0.50467,1
860,254.583,0,0,0,-4.24006e-008,1.13791e-008,0.981818,0.00395792,0.0561565,-0.02815130.638716,0.50467,1
870,253.249,0,0,0,-4.24006e-008,1.13791e-008,0.981818,0.00374385,0.05634,-0.02851270.638716,0.50467,1
880,255.235,0,0,0,-4.24006e-008,1.13791e-008,0.981818,0.00347407,0.0564614,-0.02886450.638716,0.50467,1
890,254.796,0,0,0,-4.24006e-008,1.13791e-008,0.981818,0.00328582,0.0564808,-0.0291690.638716,0.50467,1
900,247.607,0,0,0,-4.24006e-008,1.13791e-008,0.981818,0.0030706,0.0563488,-0.02958020.638716,0.50467,1
910,246.382,0,0,0,-4.24006e-008,1.13791e-008,0.981818,0.00272462,0.0561405,-0.03016510.638716,0.50467,1
920,242.26,0,0,0,-4.24006e-008,1.13791e-008,0.981818,0.00234344,0.0559384,-0.03090590.638716,0.50467,1
930,239.613,0,0,0,-4.24006e-008,1.13791e-008,0.981818,0.00202999,0.0557484,-0.0317530.638716,0.50467,1
940,240.54,0,0,0,-4.24006e-008,1.13791e-008,0.981818,0.00183707,0.0555588,-0.03278570.638716,0.50467,1
950,242.503,0,0,0,-4.24006e-008,1.13791e-008,0.981818,0.00177926,0.0554605,-0.0339880.638716,0.50467,1
960,243.021,0,0,0,-4.24006e-008,1.13791e-008,0.981818,0.00180415,0.0554732,-0.03527090.638716,0.50467,1
970,240.511,0,0,0,-4.24006e-008,1.13791e-008,0.981818,0.00184634,0.0555363,-0.03655420.638716,0.50467,1
980,236.157,0,0,0,-4.24006e-008,1.13791e-008,0.981818,0.00190142,0.0556325,-0.03789870.638716,0.50467,1
990,237.269,0,0,0,-4.24006e-008,1.13791e-008,0.981818,0.0019103,0.0558248,-0.03923060.638716,0.50467,1
1000,246.809,0,0,0,-4.24006e-008,1.13791e-008,0.981818,0.00179864,0.0560455,-0.04039030.637772,0.504053,1
1010,260.446,0,0,0,-4.24006e-008,1.13791e-008,0.981818,0.00154527,0.056194,-0.04130990.637052,0.503815,1
1020,276.743,0,0,0,-4.24006e-008,1.13791e-008,0.981818,0.00119557,0.0562234,-0.04212730.636144,0.503469,1
1030,292.207,0,0,0,-4.24006e-008,1.13791e-008,0.981818,0.000788885,0.0561158,-0.04286120.635689,0.503173,1
1040,303.02,0,0,0,-4.24006e-008,1.13791e-008,0.981818,0.000411579,0.0559084,-0.04342330.635134,0.5028,1
1050,311.964,0,0,0,-4.24006e-008,1.13791e-008,0.981818,0.000198517,0.0557604,-0.04381160.634664,0.50251,1
1060,323.953,0,0,0,-4.24006e-008,1.13791e-008,0.981818,0.000200142,0.0557114,-0.0441990.634373,0.502293,1
1070,337.537,0,0,0,-4.24006e-008,1.13791e-008,0.981818,0.00023396,0.0555949,-0.04471580.633981,0.501969,1
1080,350.181,0,0,0,-4.24006e-008,1.13791e-008,0.981818,0.000107284,0.055312,-0.04538230.633574,0.50164,1
1090,357.372,0,0,0,-4.24006e-008,1.13791e-008,0.981818,-0.00010644,0.0549028,-0.04620240.633197,0.501366,1
1100,354.745,0,0,0,-4.24006e-008,1.13791e-008,0.981818,-0.000301942,0.0543991,-0.04724220.632677,0.501015,1
1110,343.82,0,0,0,-4.24006e-008,1.13791e-008,0.981818,-0.000503446,0.0538231,-0.04844360.631933,0.500533,1
1120,333.068,0,0,0,-4.24006e-008,1.13791e-008,0.981818,-0.00068944,0.0533246,-0.04961510.631126,0.500034,1
1130,330.411,0,0,0,-4.24006e-008,1.13791e-008,0.981818,-0.000703582,0.0530014,-0.05075350.630417,0.499625,1
1140,335.545,0,0,0,-4.24006e-008,1.13791e-008,0.981818,-0.000654919,0.0528408,-0.05206480.629816,0.499306,1
1150,343.183,0,0,0,-4.24006e-008,1.13791e-008,0.981818,-0.000751825,0.0527898,-0.05356550.629272,0.499041,1
1160,344.415,0,0,0,-4.24006e-008,1.13791e-008,0.981818,-0.000883492,0.0528604,-0.0550250.628796,0.498833,1
1170,335.169,0,0,0,-4.24006e-008,1.13791e-008,0.981818,-0.000737952,0.0530732,-0.05637670.628358,0.49866,1
1180,318.494,0,0,0,-4.24006e-008,1.13791e-008,0.981818,-0.000429247,0.0534489,-0.05769760.627837,0.498466,1
1190,302.603,0,0,0,-4.24006e-008,1.13791e-008,0.981818,-0.000194552,0.0539204,-0.05894250.627337,0.49829,1
1200,290.296,0,0,0,-4.24006e-008,1.13791e-008,0.981818,-4.16663e-005,0.0544032,-0.05996070.627052,0.498196,1
1210,280.457,0,0,0,-4.24006e-008,1.13791e-008,0.981818,0.000138892,0.0547875,-0.06079230.626853,0.498132,1
1220,275.223,0,0,0,-4.24006e-008,1.13791e-008,0.981818,0.000197041,0.0550114,-0.0614810.626577,0.498056,1
1230,277.371,0,0,0,-4.24006e-008,1.13791e-008,0.981818,0.000116001,0.0550878,-0.0619030.626314,0.497996,1
1240,283.529,0,0,0,-4.24006e-008,1.13791e-008,0.981818,2.37348e-006,0.0551007,-0.06191820.626066,0.497948,1
1250,288.734,0,0,0,-4.24006e-008,1.13791e-008,0.981818,-8.34307e-005,0.054994,-0.06169860.625682,0.497885,1
1260,294.134,0,0,0,-4.24006e-008,1.13791e-008,0.981818,-0.000224816,0.0546721,-0.0614680.625209,0.497818,1
1270,302.248,0,0,0,-4.24006e-008,1.13791e-008,0.981818,-0.000216375,0.0541412,-0.06128540.624769,0.497768,1
1280,312.829,0,0,0,-4.24006e-008,1.13791e-008,0.981818,0.000127461,0.0535508,-0.0611140.624404,0.497739,1
1290,325.41,0,0,0,-4.24006e-008,1.13791e-008,0.981818,0.000720537,0.0530377,-0.06104130.624156,0.497731,1
1300,337.041,0,0,0,-4.24006e-008,1.13791e-008,0.981818,0.00118419,0.0527011,-0.06106650.623984,0.497735,1
1310,345.288,0,0,0,-4.24006e-008,1.13791e-008,0.981818,0.00137999,0.052523,-0.06109110.623815,0.497749,1
1320,345.166,0,0,0,-4.24006e-008,1.13791e-008,0.981818,0.00129857,0.0524594,-0.06113070.623721,0.497766,1
1330,333.623,0,0,0,-4.24006e-008,1.13791e-008,0.981818,0.00107796,0.0524853,-0.06138630.623721,0.497766,1
1340,312.166,0,0,0,-4.24006e-008,1.13791e-008,0.981818,0.000881315,0.0526262,-0.06177630.623653,0.497809,1
1350,286.526,0,0,0,-4.24006e-008,1.13791e-008,0.981818,0.000936903,0.0529178,-0.06194680.623494,0.497918,1
1360,262.154,0,0,0,-4.24006e-008,1.13791e-008,0.981818,0.00122241,0.0533943,-0.06177440.6234,0.497994,1
1370,240.905,0,0,0,-4.24006e-008,1.13791e-008,0.981818,0.00161675,0.0539469,-0.06153210.6234,0.497994,1
1380,223.654,0,0,0,-4.24006e-008,1.13791e-008,0.981818,0.00199164,0.0544423,-0.0613690.6234,0.497994,1
1390,215.02,0,0,0,-4.24006e-008,1.13791e-008,0.981818,0.00233875,0.0548783,-0.06115510.6234,0.497994,1
1400,215.892,0,0,0,-4.24006e-008,1.13791e-008,0.981818,0.00256512,0.0553131,-0.06077090.6234,0.497994,1
1410,220.326,0,0,0,-4.24006e-008,1.13791e-008,0.981818,0.00258106,0.0556504,-0.06031040.6234,0.497994,1
1420,217.511,0,0,0,-4.24006e-008,1.13791e-008,0.981818,0.00238068,0.0557524,-0.0598560.6234,0.497994,1
1430,208.371,0,0,0,-4.24006e-008,1.13791e-008,0.981818,0.00214058,0.0555611,-0.05938090.6234,0.497994,1
1440,198.95,0,0,0,-4.24006e-008,1.13791e-008,0.981818,0.00203625,0.0551026,-0.05887150.6234,0.497994,1
1450,196.769,0,0,0,-4.24006e-008,1.13791e-008,0.981818,0.00213353,0.0544789,-0.05839390.6234,0.497994,1
1460,202.568,0,0,0,-4.24006e-008,1.13791e-008,0.981818,0.00239022,0.0538271,-0.0578590.623374,0.498082,1
1470,209.175,0,0,0,-4.24006e-008,1.13791e-008,0.981818,0.0027378,0.0532073,-0.05710910.623286,0.498331,1
1480,211.668,0,0,0,-4.24006e-008,1.13791e-008,0.981818,0.00305587,0.0526519,-0.05628390.623172,0.498622,1
1490,205.804,0,0,0,-4.24006e-008,1.13791e-008,0.981818,0.0031835,0.0522653,-0.05574220.623037,0.498943,1
1500,197.443,0,0,0,-4.24006e-008,1.13791e-008,0.981818,0.0031322,0.0521153,-0.05547320.62291,0.499251,1
1510,198.229,0,0,0,-4.24006e-008,1.13791e-008,0.981818,0.0029942,0.0521334,-0.05517620.622803,0.499525,1
1520,208.814,0,0,0,-4.24006e-008,1.13791e-008,0.981818,0.00275969,0.0521364,-0.05482890.622726,0.499736,1
1530,221.945,0,0,0,-4.24006e-008,1.13791e-008,0.981818,0.00231338,0.0520179,-0.05468190.622669,0.499911,1
1540,231.29,0,0,0,-4.24006e-008,1.13791e-008,0.981818,0.00175313,0.0518674,-0.05472150.622614,0.500102,1
1550,236.773,0,0,0,-4.24006e-008,1.13791e-008,0.981818,0.00116505,0.051896,-0.05466320.622581,0.500238,1
1560,241.672,0,0,0,-4.24006e-008,1.13791e-008,0.981818,0.00060745,0.0521689,-0.05429090.622573,0.500275,1
1570,251.585,0,0,0,-4.24006e-008,1.13791e-008,0.981818,0.00012744,0.0526243,-0.05357520.622564,0.500326,1
1580,263.141,0,0,0,-4.24006e-008,1.13791e-008,0.981818,-0.000116996,0.0531289,-0.05255560.622551,0.500417,1
1590,270.051,0,0,0,-4.24006e-008,1.13791e-008,0.981818,-0.000195497,0.0536103,-0.05135090.622547,0.50046,1
1600,269.87,0,0,0,-4.24006e-008,1.13791e-008,0.981818,-0.00013627,0.0540177,-0.05017570.622547,0.500482,1
1610,263.833,0,0,0,-4.24006e-008,1.13791e-008,0.981818,3.09331e-005,0.054322,-0.04916070.622547,0.500482,1
1620,260.986,0,0,0,-4.24006e-008,1.13791e-008,0.981818,0.000290462,0.0544151,-0.04815640.622547,0.500482,1
1630,264.113,0,0,0,-4.24006e-008,1.13791e-008,0.981818,0.000472669,0.0543129,-0.04696540.622547,0.500482,1
1640,269.161,0,0,0,-4.24006e-008,1.13791e-008,0.981818,0.000594528,0.0541252,-0.04579610.622547,0.500482,1
1650,277.27,0,0,0,-4.24006e-008,1.13791e-008,0.981818,0.000641311,0.0539474,-0.04500550.622568,0.500611,1
1660,289.628,0,0,0,-4.24006e-008,1.13791e-008,0.981818,0.000644309,0.0537479,-0.04453540.62261,0.50085,1
1670,299.43,0,0,0,-4.24006e-008,1.13791e-008,0.981818,0.000608593,0.0534944,-0.04398490.62268,0.501223,1
1680,299.615,0,0,0,-4.24006e-008,1.13791e-008,0.981818,0.000689886,0.053098,-0.04326510.622765,0.501653,1
1690,292.866,0,0,0,-4.24006e-008,1.13791e-008,0.981818,0.0008475,0.0525512,-0.04257960.622857,0.502086,1
1700,282.005,0,0,0,-4.24006e-008,1.13791e-008,0.981818,0.00098432,0.0519995,-0.04210810.622946,0.502484,1
1710,267.885,0,0,0,-4.24006e-008,1.13791e-008,0.981818,0.000961089,0.0516571,-0.04185140.622999,0.502708,1
1720,246.923,0,0,0,-4.24006e-008,1.13791e-008,0.981818,0.000868813,0.0515775,-0.0418220.623021,0.502789,1
1730,223.037,0,0,0,-4.24006e-008,1.13791e-008,0.981818,0.000775151,0.0516037,-0.04190290.62305,0.502888,1
1740,203.763,0,0,0,-4.24006e-008,1.13791e-008,0.981818,0.000652368,0.0515807,-0.04189010.623082,0.502982,1
1750,197.698,0,0,0,-4.24006e-008,1.13791e-008,0.981818,0.000398176,0.0516029,-0.04162970.623085,0.502989,1
1760,207.828,0,0,0,-4.24006e-008,1.13791e-008,0.981818,0.000130142,0.0518725,-0.04136080.623096,0.503012,1
1770,234.295,0,0,0,-4.24006e-008,1.13791e-008,0.981818,-7.36246e-005,0.0523273,-0.04141040.623108,0.503036,1
1780,270.991,0,0,0,-4.24006e-008,1.13791e-008,0.981818,-0.00025033,0.0528181,-0.04171390.623229,0.503262,1
1790,307.948,0,0,0,-4.24006e-008,1.13791e-008,0.981818,-0.000399019,0.0533574,-0.04177160.623422,0.503611,1
1800,329.904,0,0,0,-4.24006e-008,1.13791e-008,0.981818,-0.000472859,0.0539639,-0.0414790.623656,0.504026,1
1810,330.965,0,0,0,-4.24006e-008,1.13791e-008,0.981818,-0.000605139,0.0544348,-0.0412450.623834,0.504333,1
1820,318.277,0,0,0,-4.24006e-008,1.13791e-008,0.981818,-0.000929269,0.0547283,-0.04135610.623966,0.504555,1
1830,305.881,0,0,0,-4.24006e-008,1.13791e-008,0.981818,-0.00129192,0.0549019,-0.04156430.624121,0.504811,1
1840,298.505,0,0,0,-4.24006e-008,1.13791e-008,0.981818,-0.0014922,0.0548507,-0.04163250.624315,0.505121,1
1850,296.58,0,0,0,-4.24006e-008,1.13791e-008,0.981818,-0.00150468,0.054465,-0.04159450.624542,0.505473,1
1860,298.66,0,0,0,-4.24006e-008,1.13791e-008,0.981818,-0.00137634,0.0539896,-0.04154130.624762,0.505802,1
1870,301.77,0,0,0,-4.24006e-008,1.13791e-008,0.981818,-0.00108669,0.053601,-0.0414640.62488,0.505963,1
1880,303.659,0,0,0,-4.24006e-008,1.13791e-008,0.981818,-0.000707886,0.0532263,-0.04152470.624903,0.505984,1
1890,297.869,0,0,0,-4.24006e-008,1.13791e-008,0.981818,-0.000353861,0.0527739,-0.04189780.624903,0.505984,1
1900,276.852,0,0,0,-4.24006e-008,1.13791e-008,0.981818,-9.65345e-006,0.0523689,-0.04239290.624903,0.505984,1
1910,243.928,0,0,0,-4.24006e-008,1.13791e-008,0.981818,0.0004355,0.0522024,-0.04255240.624903,0.505984,1
1920,206.519,0,0,0,-4.24006e-008,1.13791e-008,0.981818,0.000938435,0.0523273,-0.04230050.624903,0.505984,1
1930,180.133,0,0,0,-4.24006e-008,1.13791e-008,0.981818,0.00140897,0.0526355,-0.04205590.624903,0.505984,1
1940,176.575,0,0,0,-4.24006e-008,1.13791e-008,0.981818,0.00189045,0.05299,-0.04204760.624986,0.506038,1
1950,193.81,0,0,0,-4.24006e-008,1.13791e-008,0.981818,0.00238704,0.0532891,-0.04205520.625162,0.506143,1
1960,219.54,0,0,0,-4.24006e-008,1.13791e-008,0.981818,0.00272357,0.05344,-0.04189150.625393,0.506272,1
1970,236.268,0,0,0,-4.24006e-008,1.13791e-008,0.981818,0.00275008,0.0535405,-0.04172480.625696,0.506432,1
1980,227.487,0,0,0,-4.24006e-008,1.13791e-008,0.981818,0.00252643,0.0537252,-0.04173280.626144,0.506659,1
1990,202.41,0,0,0,-4.24006e-008,1.13791e-008,0.981818,0.00217321,0.0539625,-0.04196150.626686,0.506922,1
2000,458.78,0,0,-4.39619,0.00181683,0.0541199,0.979618,0.0017764,0.0541354,-0.04232620.62755,0.506523,1
2010,434.081,0,0,-4.3607,0.00181683,0.0541199,0.957719,0.00141404,0.0542799,-0.04270280.628294,0.506386,1
2020,429.2,0,0,-4.32777,0.00181683,0.0541199,0.93599,0.00124289,0.0543142,-0.04288770.62905,0.506202,1
2030,435.838,0,0,-4.29467,0.00181683,0.0541199,0.914425,0.00130452,0.0540515,-0.04292670.629591,0.505937,1
2040,444.524,0,0,-4.2605,0.00181683,0.0541199,0.893028,0.00147896,0.0535185,-0.04306820.630245,0.505506,1
2050,457.492,0,0,-4.2248,0.00181683,0.0541199,0.871805,0.00170521,0.0530465,-0.04354910.630939,0.504971,1
2060,468.947,0,0,-4.18749,0.00181683,0.0541199,0.850765,0.00196779,0.052859,-0.04418660.631599,0.504408,1
2070,476.674,0,0,-4.14922,0.00181683,0.0541199,0.829913,0.00210854,0.0528704,-0.0446530.632216,0.503841,1
2080,485.556,0,0,-4.11021,0.00181683,0.0541199,0.809254,0.00204686,0.0528773,-0.0447390.632715,0.503371,1
2090,497.377,0,0,-4.07024,0.00181683,0.0541199,0.788793,0.00190591,0.0527618,-0.04460080.633091,0.503025,1
2100,511.528,0,0,-4.02906,0.00181683,0.0541199,0.768534,0.00166617,0.0525404,-0.04430020.633407,0.502732,1
2110,525.029,0,0,-3.98662,0.00181683,0.0541199,0.748483,0.00121526,0.0522252,-0.04385430.633625,0.502524,1
2120,530.322,0,0,-3.94367,0.00181683,0.0541199,0.728647,0.000707319,0.0518121,-0.0432110.633636,0.502501,1
2130,528.973,0,0,-3.90101,0.00181683,0.0541199,0.709025,0.000412893,0.05141,-0.04244980.633636,0.502501,1
2140,521.032,0,0,-3.85933,0.00181683,0.0541199,0.689614,0.000289087,0.05127,-0.04162380.633636,0.502501,1
2150,505.628,0,0,-3.81937,0.00181683,0.0541199,0.670408,0.000225416,0.051445,-0.04098810.633636,0.502501,1
2160,485.418,0,0,-3.78195,0.00181683,0.0541199,0.651397,0.000301017,0.0517619,-0.04065010.633617,0.502255,1
2170,471.52,0,0,-3.74693,0.00181683,0.0541199,0.632567,0.000487607,0.0520856,-0.04050860.633585,0.502015,1
2180,463.185,0,0,-3.71359,0.00181683,0.0541199,0.613908,0.000532031,0.0523881,-0.04025160.633522,0.501637,1
2190,457.628,0,0,-3.68134,0.00181683,0.0541199,0.595413,0.000290204,0.0525541,-0.03982950.633426,0.501113,1
2200,452.802,-1.24296e-007,-2.67497e-007,-3.65006,0.00181683,0.0541199,0.577077,-0.000155908,0.0525156,-0.03932180.633309,0.500506,1
2210,447.446,-2.94784e-006,-6.34696e-006,-3.6197,0.00181682,0.0541198,0.558895,-0.000699126,0.052436,-0.03885710.633194,0.499894,1
2220,438.588,-6.49245e-006,-1.40257e-005,-3.59057,0.0018168,0.0541198,0.540863,-0.00123543,0.0524451,-0.03843480.633095,0.499355,1
2230,432.256,-1.09536e-005,-2.35753e-005,-3.56285,0.00181675,0.0541197,0.522973,-0.00165302,0.0524714,-0.0380690.633026,0.498949,1
2240,432.639,-1.65042e-005,-3.54337e-005,-3.53571,0.00181669,0.0541196,0.50522,-0.00187743,0.0524222,-0.03762070.632993,0.498705,1
2250,437.393,-2.04714e-005,-5.18035e-005,-3.50835,0.0018166,0.0541193,0.487602,-0.00192228,0.0524043,-0.03693910.632993,0.498705,1
2260,437.968,-4.46109e-005,-0.000103405,-3.48087,0.00181644,0.054119,0.470122,-0.00175996,0.0524146,-0.03610420.632993,0.498705,1
2270,427.756,-7.88756e-005,-0.000174654,-3.45438,0.00181614,0.0541183,0.452778,-0.00138607,0.0522972,-0.03546990.632993,0.498705,1
2280,410.887,-0.000169092,-0.000351562,-3.43035,0.00181553,0.054117,0.435562,-0.000876339,0.0519931,-0.03512080.632993,0.498705,1
2290,394.682,-0.000284306,-0.00057551,-3.40919,0.0018144,0.0541147,0.418459,-0.000404871,0.0516658,-0.03473860.632993,0.498705,1
2300,381.655,-0.000434698,-0.000857088,-3.3906,0.00181263,0.0541111,0.401455,-0.000141846,0.0513431,-0.03406890.632993,0.498705,1
2310,371.599,-0.000715145,-0.00120666,-3.37443,0.00180978,0.054106,0.384539,-0.000159799,0.0510589,-0.03325430.632993,0.498705,1
2320,369.585,-0.0010702,-0.00162513,-3.35957,0.00180536,0.0540989,0.367701,-0.00034826,0.0510452,-0.03250520.632993,0.498705,1
2330,374.626,-0.00154531,-0.00210569,-3.34467,0.00179886,0.0540896,0.350936,-0.000558847,0.0513942,-0.03178360.632993,0.498705,1
2340,378.583,-0.00220509,-0.00261495,-3.32911,0.00178953,0.0540778,0.334247,-0.00070893,0.051745,-0.0310290.633026,0.498543,1
2350,380.861,-0.00306739,-0.00292653,-3.3131,0.00177635,0.0540638,0.317636,-0.000746137,0.0518495,-0.03033210.633062,0.498402,1
2360,381.433,-0.003839,-0.00239948,-3.2965,0.00175899,0.0540501,0.301107,-0.000695347,0.0518604,-0.02982120.633117,0.49822,1
2370,377.66,-0.00416566,-0.000550242,-3.27826,0.00173864,0.0540419,0.284665,-0.000727454,0.0518751,-0.02948290.633188,0.498025,1
2380,366.255,-0.00310785,0.00421682,-3.2572,0.00171961,0.0540492,0.268321,-0.000980465,0.0516953,-0.02936320.633267,0.497842,1
2390,350.444,0.00123345,0.0155568,-3.23011,0.00171308,0.0540948,0.252095,-0.00141324,0.051337,-0.02950010.63335,0.497676,1
2400,340.969,0.0121316,0.0403446,-3.18817,0.00174258,0.0542266,0.236038,-0.0019131,0.0511475,-0.02978790.633406,0.497551,1
2410,341.853,0.0363409,0.0916566,-3.11548,0.00185611,0.0545415,0.220259,-0.00238625,0.0512667,-0.02999660.633484,0.497376,1
2420,337.178,0.0851808,0.191142,-2.99239,0.00214641,0.0552225,0.204962,-0.00268471,0.0514822,-0.03022990.633549,0.497247,1
2430,320.725,0.173259,0.365228,-2.80403,0.00277314,0.0565771,0.19044,-0.00270389,0.051645,-0.03075070.633549,0.497247,1
2440,295.573,0.307386,0.623612,-2.56047,0.00395665,0.059017,0.177013,-0.00249695,0.0517213,-0.03158790.633549,0.497247,1
2450,271.725,0.470252,0.930433,-2.31,0.00589551,0.0628949,0.164848,-0.00221989,0.0515268,-0.03236810.633549,0.497247,1
2460,255.407,0.627266,1.22093,-2.10581,0.00864802,0.0682915,0.153837,-0.00199634,0.0509181,-0.03284280.633645,0.497101,1
2470,249.963,0.754533,1.45218,-1.96412,0.0121166,0.0750018,0.143689,-0.00193057,0.0500352,-0.03305950.633742,0.496964,1
2480,259.829,0.846384,1.61362,-1.86714,0.0161327,0.0826942,0.134126,-0.00203121,0.0491608,-0.03323370.633857,0.496812,1
2490,277.053,0.90526,1.70636,-1.78571,0.0205245,0.0910218,0.124996,-0.00220582,0.0484392,-0.033450.633925,0.496728,1
2500,283.955,0.933683,1.72994,-1.6912,0.0251344,0.0996424,0.116293,-0.00233513,0.0479878,-0.0337960.633925,0.496728,1
2510,279.799,0.93158,1.67944,-1.55834,0.0298104,0.108197,0.108149,-0.00239093,0.0478822,-0.03431760.633925,0.496728,1
2520,274.692,0.895792,1.55023,-1.36718,0.0343936,0.116305,0.100807,-0.00236916,0.0480643,-0.03498120.633925,0.496728,1
2530,272.128,0.824876,1.34582,-1.10882,0.0387096,0.123574,0.0945895,-0.00225767,0.0483199,-0.03565560.633925,0.496728,1
2540,275.017,0.720817,1.08472,-0.787566,0.0425846,0.129665,0.0898268,-0.0020813,0.0485705,-0.03636410.633925,0.496728,1
2550,288.68,0.605529,0.813531,-0.432967,0.0458989,0.134404,0.0867689,-0.00191604,0.0488473,-0.03728590.633925,0.496728,1
2560,309.259,0.510269,0.576814,-0.0839131,0.0486727,0.137858,0.0854892,-0.00182354,0.0491678,-0.03849010.634034,0.496641,1
2570,326.95,0.455602,0.394594,0.222342,0.0510708,0.140264,0.0858576,-0.00185964,0.0494861,-0.03983150.634255,0.496472,1
2580,329.587,0.434154,0.264626,0.46703,0.0532842,0.141891,0.0876105,-0.00214481,0.0498185,-0.04126470.634558,0.49625,1
2590,319.686,0.432076,0.181239,0.642536,0.0554442,0.142987,0.0904143,-0.00273309,0.0501724,-0.04296610.634957,0.495966,1
2600,308.791,0.440177,0.136826,0.749504,0.0576221,0.143768,0.0939218,-0.00341132,0.0503937,-0.04493450.635321,0.495717,1
2610,302.244,0.451581,0.117849,0.80465,0.0598515,0.144397,0.0978238,-0.00381579,0.0502052,-0.04688460.635556,0.495558,1
2620,300.569,0.461565,0.110696,0.831961,0.0621355,0.144966,0.101923,-0.00369878,0.0495107,-0.04856270.635723,0.495436,1
2630,305.321,0.468778,0.108109,0.846188,0.0644625,0.145512,0.106122,-0.00304391,0.0485088,-0.05000270.635869,0.49532,1
2640,306.999,0.473495,0.107267,0.853707,0.0668192,0.14605,0.110374,-0.00195075,0.0474139,-0.05135470.635951,0.495247,1
2650,294.917,0.476693,0.107402,0.857788,0.0691951,0.146586,0.114654,-0.000759285,0.0463877,-0.05275480.635951,0.495247,1
2660,275.69,0.479432,0.108449,0.860544,0.0715853,0.147125,0.11895,7.8676e-005,0.045693,-0.05425780.635951,0.495247,1
2670,262.945,0.482099,0.110081,0.862799,0.0739888,0.147671,0.123258,0.00025717,0.0455554,-0.0557980.635951,0.495247,1
2680,262.538,0.484529,0.112027,0.864379,0.0764051,0.148226,0.127575,-0.000120408,0.0457587,-0.05711110.635951,0.495247,1
2690,272.384,0.486354,0.114149,0.864616,0.0788322,0.148792,0.131898,-0.000912865,0.0459001,-0.05799020.635951,0.495247,1
2700,277.79,0.487867,0.11626,0.863523,0.0812676,0.149368,0.136218,-0.00197641,0.0458642,-0.0585610.635951,0.495247,1
2710,274.164,0.489381,0.11844,0.862042,0.0837104,0.149954,0.140531,-0.00303286,0.0458377,-0.05919780.635951,0.495247,1
2720,265.271,0.491315,0.120779,0.860993,0.0861616,0.150552,0.144838,-0.00362998,0.0459292,-0.06006280.635951,0.495247,1
2730,249.077,0.493988,0.123339,0.861078,0.0886239,0.151162,0.149142,-0.00369117,0.0461787,-0.06099050.636102,0.495044,1
2740,232.462,0.497791,0.126194,0.86297,0.0911021,0.151786,0.15345,-0.00340413,0.0465814,-0.06183410.636343,0.494707,1
2750,224.122,0.502557,0.129181,0.866416,0.0936017,0.152424,0.157771,-0.00297732,0.0470116,-0.06270950.636563,0.494397,1
2760,222.133,0.507691,0.132152,0.870433,0.0961261,0.153077,0.162111,-0.00256244,0.0471775,-0.06369430.636688,0.494222,1
2770,221.959,0.512851,0.134926,0.87459,0.0986764,0.153744,0.166472,-0.00244103,0.0470235,-0.06463620.636738,0.494144,1
2780,227.04,0.517646,0.137333,0.87838,0.101252,0.154425,0.170853,-0.00261819,0.0468026,-0.06532910.636768,0.494108,1
2790,236.119,0.521749,0.139275,0.881262,0.10385,0.155116,0.175251,-0.00285577,0.0467312,-0.06572320.636768,0.494108,1
2800,254.844,0.524687,0.140711,0.882418,0.106466,0.155816,0.17966,-0.00305866,0.046756,-0.06581060.636768,0.494108,1
2810,270.929,0.526457,0.141683,0.881618,0.109093,0.156522,0.18407,-0.00335644,0.0467917,-0.06553020.636768,0.494108,1
2820,273.895,0.527862,0.14239,0.879899,0.111729,0.157233,0.188473,-0.00375409,0.0467772,-0.06485360.636768,0.494108,1
2830,271.51,0.529467,0.142925,0.878214,0.114372,0.157946,0.192868,-0.00408799,0.0467736,-0.06387790.636768,0.494108,1
2840,286.059,0.530887,0.143397,0.876102,0.117023,0.158662,0.197254,-0.00432708,0.0469445,-0.06269340.636768,0.494108,1
2850,325.175,0.530984,0.143458,0.87167,0.119678,0.159379,0.201624,-0.00453664,0.0471638,-0.06132840.636768,0.494108,1
2860,361.432,0.529627,0.143074,0.864712,0.122331,0.160096,0.205967,-0.00462978,0.0470209,-0.05985510.636768,0.494108,1
2870,377.646,0.527634,0.142409,0.856464,0.124975,0.16081,0.210271,-0.0045443,0.0464497,-0.05844280.636768,0.494108,1
2880,375.861,0.525621,0.141643,0.847852,0.127608,0.16152,0.214533,-0.00456793,0.0459249,-0.0571430.636768,0.494108,1
2890,360.35,0.524007,0.140974,0.839758,0.130233,0.162227,0.218753,-0.00489582,0.0459242,-0.0557910.636768,0.494108,1
2900,342.464,0.522921,0.140465,0.832579,0.13285,0.16293,0.222934,-0.00537369,0.0464262,-0.05429260.636768,0.494108,1
2910,335.901,0.522245,0.140184,0.826147,0.135464,0.163632,0.227081,-0.00586441,0.0469126,-0.05287190.636768,0.494108,1
2920,342.431,0.521357,0.139944,0.81981,0.138073,0.164332,0.231197,-0.00665433,0.0469749,-0.05179060.636768,0.494108,1
2930,347.629,0.520161,0.139649,0.813149,0.140677,0.165031,0.23528,-0.00771223,0.0466619,-0.05091090.636768,0.494108,1
2940,346.613,0.51889,0.13935,0.806474,0.143275,0.165729,0.23933,-0.00856703,0.0463683,-0.04985910.636768,0.494108,1
2950,348.604,0.517598,0.13907,0.799836,0.145867,0.166425,0.243346,-0.00901165,0.0464164,-0.04847310.636801,0.494075,1
2960,351.522,0.516114,0.138849,0.793122,0.148452,0.16712,0.247329,-0.00945239,0.0468556,-0.04688650.636801,0.494075,1
2970,345.461,0.514703,0.138678,0.786522,0.151029,0.167814,0.251279,-0.00994715,0.0472823,-0.04534860.636801,0.494075,1
2980,332.544,0.513644,0.138623,0.780449,0.1536,0.168507,0.255197,-0.0102238,0.0472306,-0.04408570.636801,0.494075,1
2990,313.324,0.513168,0.138736,0.775239,0.156167,0.169201,0.259086,-0.0102584,0.0466555,-0.04322550.636801,0.494075,1
