step,T,sn_vel[0],sn_vel[1],sn_vel[2],sn_crd[0],sn_crd[1],sn_crd[2],target_crd[0],target_crd[1],target_crd[2],boundary[0],boundary[1],boundary[2]
0,0.00908513,0,0,0,-3.84721e-008,9.48256e-009,0.981818,7.24594e-005,0.0554456,-0.04732990.636355,0.501523,1
10,1.12279,0,0,0,-3.84721e-008,9.48256e-009,0.981818,9.38877e-005,0.0554536,-0.04730680.636355,0.501523,1
20,1.10901,0,0,0,-3.84721e-008,9.48256e-009,0.981818,5.40348e-005,0.0554223,-0.04719740.636355,0.501523,1
30,1.62077,0,0,0,-3.84721e-008,9.48256e-009,0.981818,-2.59757e-005,0.0553613,-0.04704670.636355,0.501523,1
40,2.06546,0,0,0,-3.84721e-008,9.48256e-009,0.981818,-8.26104e-005,0.0553155,-0.04693450.636355,0.501523,1
50,2.24751,0,0,0,-3.84721e-008,9.48256e-009,0.981818,-7.06156e-005,0.0553328,-0.04686760.636355,0.501523,1
60,2.47785,0,0,0,-3.84721e-008,9.48256e-009,0.981818,-8.9302e-005,0.0553556,-0.04672280.636355,0.501523,1
70,2.61221,0,0,0,-3.84721e-008,9.48256e-009,0.981818,-0.000125364,0.0553531,-0.04649740.636355,0.501523,1
80,2.55901,0,0,0,-3.84721e-008,9.48256e-009,0.981818,-0.000142091,0.0553299,-0.04629240.636386,0.501531,1
90,2.55894,0,0,0,-3.84721e-008,9.48256e-009,0.981818,-0.000128367,0.0553231,-0.04616590.636397,0.501532,1
100,2.42964,0,0,0,-3.84721e-008,9.48256e-009,0.981818,-0.000141616,0.0553238,-0.04604110.636421,0.501534,1
110,11.6576,0,0,0,-3.84721e-008,9.48256e-009,0.981818,-0.000179626,0.0553281,-0.04574780.63643,0.501534,1
120,18.7534,0,0,0,-3.84721e-008,9.48256e-009,0.981818,-0.000203566,0.0553305,-0.04529120.636591,0.501522,1
130,23.3339,0,0,0,-3.84721e-008,9.48256e-009,0.981818,-0.000211554,0.0553377,-0.0447960.636628,0.501516,1
140,26.1122,0,0,0,-3.84721e-008,9.48256e-009,0.981818,-0.000270593,0.0553246,-0.04428130.636739,0.501487,1
150,27.6547,0,0,0,-3.84721e-008,9.48256e-009,0.981818,-0.000332227,0.0552938,-0.04375840.636859,0.501447,1
160,28.0817,0,0,0,-3.84721e-008,9.48256e-009,0.981818,-0.000355029,0.0552698,-0.04325150.637028,0.501382,1
170,28.2065,0,0,0,-3.84721e-008,9.48256e-009,0.981818,-0.000385224,0.0552624,-0.04275330.637157,0.501323,1
180,27.8448,0,0,0,-3.84721e-008,9.48256e-009,0.981818,-0.000463097,0.055236,-0.04221360.637278,0.501258,1
190,27.2977,0,0,0,-3.84721e-008,9.48256e-009,0.981818,-0.000520846,0.0551835,-0.04166780.637431,0.50117,1
200,26.929,0,0,0,-3.84721e-008,9.48256e-009,0.981818,-0.000529999,0.0551403,-0.04120570.637601,0.501065,1
210,35.3187,0,0,0,-3.84721e-008,9.48256e-009,0.981818,-0.000553609,0.0551071,-0.0407850.637774,0.50095,1
220,41.134,0,0,0,-3.84721e-008,9.48256e-009,0.981818,-0.000586173,0.0550415,-0.04028950.637931,0.500839,1
230,44.3345,0,0,0,-3.84721e-008,9.48256e-009,0.981818,-0.000572799,0.0549269,-0.03971040.638098,0.50072,1
240,46.075,0,0,0,-3.84721e-008,9.48256e-009,0.981818,-0.000550811,0.0548237,-0.0391630.638319,0.50056,1
250,46.9473,0,0,0,-3.84721e-008,9.48256e-009,0.981818,-0.000629553,0.0547625,-0.03870910.638554,0.500388,1
260,46.8737,0,0,0,-3.84721e-008,9.48256e-009,0.981818,-0.000734891,0.0547273,-0.03831590.638753,0.500239,1
270,46.7065,0,0,0,-3.84721e-008,9.48256e-009,0.981818,-0.000775003,0.0546863,-0.03792320.638963,0.500081,1
280,46.1704,0,0,0,-3.84721e-008,9.48256e-009,0.981818,-0.000762663,0.0546647,-0.03753720.639213,0.499893,1
290,45.6148,0,0,0,-3.84721e-008,9.48256e-009,0.981818,-0.000806966,0.0546234,-0.03715780.639452,0.499716,1
300,45.6089,0,0,0,-3.84721e-008,9.48256e-009,0.981818,-0.000854983,0.0545228,-0.03680690.639666,0.499559,1
310,54.3894,0,0,0,-3.84721e-008,9.48256e-009,0.981818,-0.000893648,0.0543823,-0.03644690.639889,0.499396,1
320,60.5903,0,0,0,-3.84721e-008,9.48256e-009,0.981818,-0.00091977,0.0543197,-0.03610320.640078,0.49926,1
330,64.7369,0,0,0,-3.84721e-008,9.48256e-009,0.981818,-0.00100462,0.0542726,-0.0357710.64023,0.499156,1
340,67.6669,0,0,0,-3.84721e-008,9.48256e-009,0.981818,-0.00108653,0.0541542,-0.03546540.640407,0.499038,1
350,70.3223,0,0,0,-3.84721e-008,9.48256e-009,0.981818,-0.00117226,0.0540206,-0.03512880.640551,0.498947,1
360,72.4502,0,0,0,-3.84721e-008,9.48256e-009,0.981818,-0.00121059,0.0540117,-0.03479810.640581,0.49893,1
370,74.3371,0,0,0,-3.84721e-008,9.48256e-009,0.981818,-0.00126757,0.0539709,-0.03446060.640581,0.49893,1
380,76.328,0,0,0,-3.84721e-008,9.48256e-009,0.981818,-0.00128208,0.0538164,-0.03415410.640586,0.498927,1
390,78.0041,0,0,0,-3.84721e-008,9.48256e-009,0.981818,-0.00125962,0.0536995,-0.03380410.640611,0.498915,1
400,79.5722,0,0,0,-3.84721e-008,9.48256e-009,0.981818,-0.00118402,0.0537782,-0.03341490.640611,0.498915,1
410,90.9922,0,0,0,-3.84721e-008,9.48256e-009,0.981818,-0.00115252,0.053867,-0.03291170.640611,0.498915,1
420,97.7367,0,0,0,-3.84721e-008,9.48256e-009,0.981818,-0.00105193,0.053918,-0.03234080.640614,0.498914,1
430,103.231,0,0,0,-3.84721e-008,9.48256e-009,0.981818,-0.000889757,0.0540355,-0.03169070.64065,0.498903,1
440,105.11,0,0,0,-3.84721e-008,9.48256e-009,0.981818,-0.000739977,0.0542511,-0.03104570.64076,0.498875,1
450,105.951,0,0,0,-3.84721e-008,9.48256e-009,0.981818,-0.000664007,0.0543941,-0.03035930.640867,0.498847,1
460,105.938,0,0,0,-3.84721e-008,9.48256e-009,0.981818,-0.000486761,0.05453,-0.02963670.640971,0.498816,1
470,104.489,0,0,0,-3.84721e-008,9.48256e-009,0.981818,-0.000268541,0.0547418,-0.02882860.641011,0.498801,1
480,103.757,0,0,0,-3.84721e-008,9.48256e-009,0.981818,-0.000134841,0.0549515,-0.02802890.641095,0.498768,1
490,102.331,0,0,0,-3.84721e-008,9.48256e-009,0.981818,-6.4366e-005,0.0550179,-0.02722860.641206,0.498726,1
500,101.712,0,0,0,-3.84721e-008,9.48256e-009,0.981818,0.000120729,0.055042,-0.02642670.64137,0.498662,1
510,111.013,0,0,0,-3.84721e-008,9.48256e-009,0.981818,0.000384371,0.0550923,-0.02552580.641546,0.498596,1
520,117.739,0,0,0,-3.84721e-008,9.48256e-009,0.981818,0.000610698,0.0550838,-0.02456920.64168,0.498548,1
530,122.743,0,0,0,-3.84721e-008,9.48256e-009,0.981818,0.00081332,0.0550157,-0.02360010.641815,0.498503,1
540,127.269,0,0,0,-3.84721e-008,9.48256e-009,0.981818,0.00111752,0.0550112,-0.02270190.642059,0.498423,1
550,130.326,0,0,0,-3.84721e-008,9.48256e-009,0.981818,0.00145248,0.0550287,-0.02188980.642301,0.498347,1
560,133.124,0,0,0,-3.84721e-008,9.48256e-009,0.981818,0.00162289,0.0548869,-0.02116780.642414,0.498313,1
570,134.901,0,0,0,-3.84721e-008,9.48256e-009,0.981818,0.00175827,0.0546978,-0.02050450.642518,0.498284,1
580,135.291,0,0,0,-3.84721e-008,9.48256e-009,0.981818,0.00204132,0.0546438,-0.01996730.642814,0.498202,1
590,136.096,0,0,0,-3.84721e-008,9.48256e-009,0.981818,0.00226831,0.0547316,-0.01964820.643043,0.498142,1
600,136.855,0,0,0,-3.84721e-008,9.48256e-009,0.981818,0.00219345,0.0547685,-0.01954370.643163,0.498112,1
610,148.384,0,0,0,-3.84721e-008,9.48256e-009,0.981818,0.00214948,0.0547519,-0.01961250.64321,0.498101,1
620,157.888,0,0,0,-3.84721e-008,9.48256e-009,0.981818,0.00230739,0.0547113,-0.0198380.643274,0.498085,1
630,166.2,0,0,0,-3.84721e-008,9.48256e-009,0.981818,0.00246261,0.0548071,-0.02025750.64339,0.498059,1
640,173.309,0,0,0,-3.84721e-008,9.48256e-009,0.981818,0.0025278,0.0550391,-0.02084960.643564,0.498022,1
650,179.118,0,0,0,-3.84721e-008,9.48256e-009,0.981818,0.00269985,0.0552746,-0.02167180.643616,0.498011,1
660,181.847,0,0,0,-3.84721e-008,9.48256e-009,0.981818,0.00274268,0.0552657,-0.02270270.643633,0.498007,1
670,184.306,0,0,0,-3.84721e-008,9.48256e-009,0.981818,0.00258348,0.0551075,-0.02389780.643698,0.497995,1
680,184.218,0,0,0,-3.84721e-008,9.48256e-009,0.981818,0.00245243,0.0549639,-0.02509450.643713,0.497992,1
690,185.716,0,0,0,-3.84721e-008,9.48256e-009,0.981818,0.00239455,0.0549272,-0.02633570.643713,0.497992,1
700,187.29,0,0,0,-3.84721e-008,9.48256e-009,0.981818,0.00200265,0.0548273,-0.02769230.643713,0.497992,1
710,198.084,0,0,0,-3.84721e-008,9.48256e-009,0.981818,0.00143146,0.0545704,-0.0292930.643713,0.497992,1
720,205.589,0,0,0,-3.84721e-008,9.48256e-009,0.981818,0.00104274,0.0541025,-0.03098650.643713,0.497992,1
730,209.216,0,0,0,-3.84721e-008,9.48256e-009,0.981818,0.000875286,0.0535385,-0.03268140.643713,0.497992,1
740,210.097,0,0,0,-3.84721e-008,9.48256e-009,0.981818,0.000632462,0.0530081,-0.03436310.643713,0.497992,1
750,209.333,0,0,0,-3.84721e-008,9.48256e-009,0.981818,0.000415981,0.052741,-0.03622230.643713,0.497992,1
760,206.763,0,0,0,-3.84721e-008,9.48256e-009,0.981818,0.000200297,0.0527346,-0.0382230.643713,0.497992,1
770,203.064,0,0,0,-3.84721e-008,9.48256e-009,0.981818,-0.000128164,0.052837,-0.04024810.643713,0.497992,1
780,200.296,0,0,0,-3.84721e-008,9.48256e-009,0.981818,-0.000586026,0.0529243,-0.04211120.643713,0.497992,1
790,198.851,0,0,0,-3.84721e-008,9.48256e-009,0.981818,-0.000896419,0.0531463,-0.04388180.643713,0.497992,1
800,198.489,0,0,0,-3.84721e-008,9.48256e-009,0.981818,-0.00112921,0.0535341,-0.04562910.643713,0.497992,1
810,209.165,0,0,0,-3.84721e-008,9.48256e-009,0.981818,-0.00140601,0.0539861,-0.04741520.643713,0.497992,1
820,215.498,0,0,0,-3.84721e-008,9.48256e-009,0.981818,-0.00173821,0.0543812,-0.04911560.643713,0.497992,1
830,220.189,0,0,0,-3.84721e-008,9.48256e-009,0.981818,-0.0019244,0.0547195,-0.05068210.643713,0.497992,1
840,221.339,0,0,0,-3.84721e-008,9.48256e-009,0.981818,-0.0019904,0.0550035,-0.05206090.643713,0.497992,1
850,222.764,0,0,0,-3.84721e-008,9.48256e-009,0.981818,-0.0019257,0.0552992,-0.05322850.643713,0.497992,1
860,222.241,0,0,0,-3.84721e-008,9.48256e-009,0.981818,-0.00170164,0.0555938,-0.05419170.643713,0.497992,1
870,223.964,0,0,0,-3.84721e-008,9.48256e-009,0.981818,-0.00129818,0.0557207,-0.05508560.643713,0.497992,1
880,227.977,0,0,0,-3.84721e-008,9.48256e-009,0.981818,-0.000966742,0.0555839,-0.05585770.643713,0.497992,1
890,233.859,0,0,0,-3.84721e-008,9.48256e-009,0.981818,-0.000730758,0.055302,-0.05633930.643713,0.497992,1
900,241.755,0,0,0,-3.84721e-008,9.48256e-009,0.981818,-0.000406938,0.0550386,-0.05657490.643713,0.497992,1
910,256.507,0,0,0,-3.84721e-008,9.48256e-009,0.981818,-2.65148e-005,0.0547187,-0.05688580.643713,0.497992,1
920,264.279,0,0,0,-3.84721e-008,9.48256e-009,0.981818,3.89839e-005,0.0542526,-0.05732070.643713,0.497992,1
930,263.652,0,0,0,-3.84721e-008,9.48256e-009,0.981818,-0.000114093,0.0536502,-0.0576210.643713,0.497992,1
940,258.702,0,0,0,-3.84721e-008,9.48256e-009,0.981818,-9.44868e-005,0.0531271,-0.05769650.643713,0.497992,1
950,250.16,0,0,0,-3.84721e-008,9.48256e-009,0.981818,4.8663e-005,0.0527861,-0.05773810.643713,0.497992,1
960,243.181,0,0,0,-3.84721e-008,9.48256e-009,0.981818,9.80033e-005,0.0526744,-0.05773760.643713,0.497992,1
970,237.732,0,0,0,-3.84721e-008,9.48256e-009,0.981818,0.000262148,0.0527075,-0.05757990.643713,0.497992,1
980,236.967,0,0,0,-3.84721e-008,9.48256e-009,0.981818,0.000579817,0.0528741,-0.05735470.643713,0.497992,1
990,242.907,0,0,0,-3.84721e-008,9.48256e-009,0.981818,0.000605006,0.0530301,-0.05720950.643713,0.497992,1
1000,253.698,0,0,0,-3.84721e-008,9.48256e-009,0.981818,0.000385151,0.0532601,-0.0570110.643207,0.49799,1
1010,267.99,0,0,0,-3.84721e-008,9.48256e-009,0.981818,0.000340403,0.053608,-0.05666980.642746,0.498044,1
1020,284.096,0,0,0,-3.84721e-008,9.48256e-009,0.981818,0.00039954,0.0540719,-0.05634470.642216,0.498185,1
1030,301.933,0,0,0,-3.84721e-008,9.48256e-009,0.981818,0.000235327,0.0544385,-0.05621690.642,0.498332,1
1040,314.852,0,0,0,-3.84721e-008,9.48256e-009,0.981818,0.000120144,0.0548106,-0.05620630.641615,0.498578,1
1050,324.569,0,0,0,-3.84721e-008,9.48256e-009,0.981818,0.000133866,0.055153,-0.05614270.641118,0.498862,1
1060,332.099,0,0,0,-3.84721e-008,9.48256e-009,0.981818,3.55582e-005,0.0554705,-0.05598550.640728,0.499052,1
1070,338.238,0,0,0,-3.84721e-008,9.48256e-009,0.981818,-0.000244903,0.0556915,-0.05587860.640133,0.499306,1
1080,341.381,0,0,0,-3.84721e-008,9.48256e-009,0.981818,-0.000351902,0.055857,-0.05582710.639319,0.499617,1
1090,342.242,0,0,0,-3.84721e-008,9.48256e-009,0.981818,-0.000377492,0.0556578,-0.05561410.638477,0.499904,1
1100,337.002,0,0,0,-3.84721e-008,9.48256e-009,0.981818,-0.000423076,0.0551554,-0.05517240.637418,0.500236,1
1110,327.039,0,0,0,-3.84721e-008,9.48256e-009,0.981818,-0.000428354,0.0546654,-0.05468160.636093,0.500628,1
1120,312.118,0,0,0,-3.84721e-008,9.48256e-009,0.981818,-8.75692e-005,0.0543895,-0.05416430.634818,0.500989,1
1130,293.775,0,0,0,-3.84721e-008,9.48256e-009,0.981818,0.0003991,0.0540089,-0.05345660.633643,0.50131,1
1140,271.318,0,0,0,-3.84721e-008,9.48256e-009,0.981818,0.000813578,0.0535578,-0.05261010.632419,0.501636,1
1150,247.227,0,0,0,-3.84721e-008,9.48256e-009,0.981818,0.00110104,0.0532175,-0.05174580.631326,0.501924,1
1160,225.205,0,0,0,-3.84721e-008,9.48256e-009,0.981818,0.00159193,0.0530353,-0.05076660.630568,0.50212,1
1170,207.075,0,0,0,-3.84721e-008,9.48256e-009,0.981818,0.00207901,0.0528718,-0.04951260.630047,0.502235,1
1180,194.841,0,0,0,-3.84721e-008,9.48256e-009,0.981818,0.0022477,0.0529452,-0.04813190.629671,0.502296,1
1190,191.558,0,0,0,-3.84721e-008,9.48256e-009,0.981818,0.00206134,0.053303,-0.04675370.629457,0.502316,1
1200,192.696,0,0,0,-3.84721e-008,9.48256e-009,0.981818,0.00186697,0.0536532,-0.045290.629432,0.502317,1
1210,195.491,0,0,0,-3.84721e-008,9.48256e-009,0.981818,0.00148856,0.0537626,-0.04366920.629432,0.502317,1
1220,196.062,0,0,0,-3.84721e-008,9.48256e-009,0.981818,0.000883875,0.0539578,-0.04205890.629432,0.502317,1
1230,194.647,0,0,0,-3.84721e-008,9.48256e-009,0.981818,0.000317221,0.054396,-0.04047230.629432,0.502317,1
1240,194.19,0,0,0,-3.84721e-008,9.48256e-009,0.981818,-2.70441e-005,0.0547572,-0.03876220.629432,0.502317,1
1250,196.587,0,0,0,-3.84721e-008,9.48256e-009,0.981818,-0.000459131,0.0549043,-0.03690010.629432,0.502317,1
1260,205.466,0,0,0,-3.84721e-008,9.48256e-009,0.981818,-0.000763231,0.0551723,-0.03503320.629432,0.502317,1
1270,219.881,0,0,0,-3.84721e-008,9.48256e-009,0.981818,-0.000600262,0.0554713,-0.03320530.629432,0.502317,1
1280,236.515,0,0,0,-3.84721e-008,9.48256e-009,0.981818,-0.000166345,0.0552865,-0.03139130.629432,0.502317,1
1290,247.649,0,0,0,-3.84721e-008,9.48256e-009,0.981818,2.88558e-005,0.0546968,-0.02961650.629432,0.502317,1
1300,248.406,0,0,0,-3.84721e-008,9.48256e-009,0.981818,0.000144005,0.0541949,-0.0279620.629432,0.502317,1
1310,241.793,0,0,0,-3.84721e-008,9.48256e-009,0.981818,0.000321179,0.0537172,-0.02648240.629432,0.502317,1
1320,235.569,0,0,0,-3.84721e-008,9.48256e-009,0.981818,0.000344004,0.053,-0.02514440.629432,0.502317,1
1330,231.611,0,0,0,-3.84721e-008,9.48256e-009,0.981818,8.22637e-005,0.0524434,-0.02394510.629432,0.502317,1
1340,236.178,0,0,0,-3.84721e-008,9.48256e-009,0.981818,-0.000187761,0.05232,-0.02294490.629432,0.502317,1
1350,243.289,0,0,0,-3.84721e-008,9.48256e-009,0.981818,-0.000448699,0.0522416,-0.02221730.629432,0.502317,1
1360,250.845,0,0,0,-3.84721e-008,9.48256e-009,0.981818,-0.000864917,0.0519983,-0.0217280.629432,0.502317,1
1370,255.958,0,0,0,-3.84721e-008,9.48256e-009,0.981818,-0.00144294,0.0520339,-0.02151660.629432,0.502317,1
1380,254.944,0,0,0,-3.84721e-008,9.48256e-009,0.981818,-0.00198434,0.0523854,-0.02158090.629432,0.502317,1
1390,251.615,0,0,0,-3.84721e-008,9.48256e-009,0.981818,-0.00241079,0.0526405,-0.02183480.629432,0.502317,1
1400,244.724,0,0,0,-3.84721e-008,9.48256e-009,0.981818,-0.00290635,0.0526452,-0.02207520.629432,0.502317,1
1410,237.016,0,0,0,-3.84721e-008,9.48256e-009,0.981818,-0.00357236,0.0526777,-0.02235920.629432,0.502317,1
1420,232.446,0,0,0,-3.84721e-008,9.48256e-009,0.981818,-0.00411268,0.0527765,-0.02282650.629432,0.502317,1
1430,230.05,0,0,0,-3.84721e-008,9.48256e-009,0.981818,-0.00418052,0.0529317,-0.02349520.629432,0.502317,1
1440,232.509,0,0,0,-3.84721e-008,9.48256e-009,0.981818,-0.00399965,0.0531904,-0.02411460.629432,0.502317,1
1450,234.404,0,0,0,-3.84721e-008,9.48256e-009,0.981818,-0.00377334,0.053516,-0.02467350.629353,0.502128,1
1460,231.064,0,0,0,-3.84721e-008,9.48256e-009,0.981818,-0.00336552,0.0536156,-0.02529560.629255,0.501814,1
1470,227.164,0,0,0,-3.84721e-008,9.48256e-009,0.981818,-0.00272094,0.0534447,-0.02600220.629222,0.501629,1
1480,221.934,0,0,0,-3.84721e-008,9.48256e-009,0.981818,-0.00223588,0.0530406,-0.02653870.629209,0.501424,1
1490,225.63,0,0,0,-3.84721e-008,9.48256e-009,0.981818,-0.00197739,0.0524548,-0.0268530.629233,0.50121,1
1500,234.601,0,0,0,-3.84721e-008,9.48256e-009,0.981818,-0.00196038,0.0516743,-0.02710050.629256,0.501147,1
1510,247.58,0,0,0,-3.84721e-008,9.48256e-009,0.981818,-0.00227564,0.0508839,-0.02747940.62932,0.501024,1
1520,255.446,0,0,0,-3.84721e-008,9.48256e-009,0.981818,-0.00294461,0.0502297,-0.02791760.629325,0.501,1
1530,256.156,0,0,0,-3.84721e-008,9.48256e-009,0.981818,-0.00346362,0.049838,-0.02837310.629342,0.500891,1
1540,250.241,0,0,0,-3.84721e-008,9.48256e-009,0.981818,-0.00376462,0.0495537,-0.02893960.629342,0.500891,1
1550,253.085,0,0,0,-3.84721e-008,9.48256e-009,0.981818,-0.00393673,0.0493258,-0.02975460.629342,0.500891,1
1560,262.056,0,0,0,-3.84721e-008,9.48256e-009,0.981818,-0.00401441,0.0492266,-0.03067540.629342,0.500891,1
1570,284.584,0,0,0,-3.84721e-008,9.48256e-009,0.981818,-0.00381561,0.0493475,-0.03161760.629342,0.500891,1
1580,313.943,0,0,0,-3.84721e-008,9.48256e-009,0.981818,-0.00363224,0.0494963,-0.03264590.629342,0.500891,1
1590,340.901,0,0,0,-3.84721e-008,9.48256e-009,0.981818,-0.00348072,0.0497648,-0.03379350.629342,0.500891,1
1600,362.259,0,0,0,-3.84721e-008,9.48256e-009,0.981818,-0.0032731,0.0502649,-0.03493010.629342,0.500891,1
1610,367.238,0,0,0,-3.84721e-008,9.48256e-009,0.981818,-0.00290924,0.0509001,-0.03608030.629464,0.50049,1
1620,359.679,0,0,0,-3.84721e-008,9.48256e-009,0.981818,-0.00261789,0.0513838,-0.03721370.629655,0.499928,1
1630,346.737,0,0,0,-3.84721e-008,9.48256e-009,0.981818,-0.00235439,0.0518322,-0.03814980.629869,0.499344,1
1640,334.578,0,0,0,-3.84721e-008,9.48256e-009,0.981818,-0.00215816,0.0522508,-0.03874890.630096,0.498772,1
1650,327.034,0,0,0,-3.84721e-008,9.48256e-009,0.981818,-0.0020919,0.0525163,-0.03909140.630297,0.498285,1
1660,316.11,0,0,0,-3.84721e-008,9.48256e-009,0.981818,-0.00224563,0.0525126,-0.03914410.630415,0.497984,1
1670,295.982,0,0,0,-3.84721e-008,9.48256e-009,0.981818,-0.00232416,0.0524165,-0.03900230.630464,0.4979,1
1680,270.63,0,0,0,-3.84721e-008,9.48256e-009,0.981818,-0.0021072,0.0523634,-0.03899180.630464,0.4979,1
1690,242.217,0,0,0,-3.84721e-008,9.48256e-009,0.981818,-0.00169713,0.0523712,-0.03937350.630464,0.4979,1
1700,222.507,0,0,0,-3.84721e-008,9.48256e-009,0.981818,-0.00140793,0.0521889,-0.03999940.630464,0.4979,1
1710,211.861,0,0,0,-3.84721e-008,9.48256e-009,0.981818,-0.00118246,0.0517936,-0.04068050.630464,0.4979,1
1720,205.825,0,0,0,-3.84721e-008,9.48256e-009,0.981818,-0.000840174,0.0514298,-0.04138520.630464,0.4979,1
1730,203.947,0,0,0,-3.84721e-008,9.48256e-009,0.981818,-0.000529867,0.0511074,-0.0422450.630464,0.4979,1
1740,200.945,0,0,0,-3.84721e-008,9.48256e-009,0.981818,-0.000499878,0.050655,-0.04319830.630464,0.4979,1
1750,207.598,0,0,0,-3.84721e-008,9.48256e-009,0.981818,-0.000575359,0.0502847,-0.04391030.630464,0.4979,1
1760,219.835,0,0,0,-3.84721e-008,9.48256e-009,0.981818,-0.000624302,0.0501693,-0.04411810.630464,0.4979,1
1770,231.015,0,0,0,-3.84721e-008,9.48256e-009,0.981818,-0.000882396,0.0499557,-0.04403650.630464,0.4979,1
1780,241.247,0,0,0,-3.84721e-008,9.48256e-009,0.981818,-0.00122022,0.0496257,-0.04385230.630481,0.497813,1
1790,254.526,0,0,0,-3.84721e-008,9.48256e-009,0.981818,-0.00128681,0.0495502,-0.04347630.630521,0.497537,1
1800,271.621,0,0,0,-3.84721e-008,9.48256e-009,0.981818,-0.00133522,0.049747,-0.0428740.630549,0.497175,1
1810,291.426,0,0,0,-3.84721e-008,9.48256e-009,0.981818,-0.00184856,0.0498602,-0.04231750.630588,0.496653,1
1820,304.839,0,0,0,-3.84721e-008,9.48256e-009,0.981818,-0.00236742,0.0501509,-0.04197220.63061,0.496234,1
1830,311.068,0,0,0,-3.84721e-008,9.48256e-009,0.981818,-0.00236678,0.0507896,-0.0416650.630632,0.495936,1
1840,304.336,0,0,0,-3.84721e-008,9.48256e-009,0.981818,-0.00206066,0.0515584,-0.0411770.630659,0.495783,1
1850,292.615,0,0,0,-3.84721e-008,9.48256e-009,0.981818,-0.00195563,0.0520973,-0.04052640.630659,0.495783,1
1860,275.584,0,0,0,-3.84721e-008,9.48256e-009,0.981818,-0.0017773,0.0525699,-0.03978740.630659,0.495783,1
1870,263.565,0,0,0,-3.84721e-008,9.48256e-009,0.981818,-0.00137572,0.052966,-0.03884260.630659,0.495783,1
1880,264.794,0,0,0,-3.84721e-008,9.48256e-009,0.981818,-0.000906079,0.0530647,-0.03787190.630659,0.495783,1
1890,283.813,0,0,0,-3.84721e-008,9.48256e-009,0.981818,-0.000655867,0.0526773,-0.0372220.630523,0.495521,1
1900,303.166,0,0,0,-3.84721e-008,9.48256e-009,0.981818,-0.000399206,0.0523078,-0.03693380.630412,0.495319,1
1910,315.933,0,0,0,-3.84721e-008,9.48256e-009,0.981818,-0.000161346,0.0521717,-0.03657420.630181,0.494913,1
1920,316.83,0,0,0,-3.84721e-008,9.48256e-009,0.981818,2.03347e-005,0.0519801,-0.03613660.629987,0.494602,1
1930,312.012,0,0,0,-3.84721e-008,9.48256e-009,0.981818,2.09837e-005,0.0513652,-0.03589010.629987,0.494602,1
1940,309.247,0,0,0,-3.84721e-008,9.48256e-009,0.981818,3.86464e-005,0.0506427,-0.03592050.629987,0.494602,1
1950,307.547,0,0,0,-3.84721e-008,9.48256e-009,0.981818,-6.91812e-005,0.0500394,-0.03578830.629987,0.494602,1
1960,307.351,0,0,0,-3.84721e-008,9.48256e-009,0.981818,-0.000447356,0.0495473,-0.03538610.629987,0.494602,1
1970,314.602,0,0,0,-3.84721e-008,9.48256e-009,0.981818,-0.00124418,0.0491072,-0.03481770.629987,0.494602,1
1980,319.353,0,0,0,-3.84721e-008,9.48256e-009,0.981818,-0.00202956,0.0489122,-0.03417620.629987,0.494602,1
1990,320.896,0,0,0,-3.84721e-008,9.48256e-009,0.981818,-0.002626,0.0487888,-0.03328870.629987,0.494602,1
2000,842.948,0,0,-5.99031,-0.00302266,0.0486471,0.978818,-0.00307213,0.0486323,-0.03236240.630895,0.49555,1
2010,820.865,0,0,-5.89514,-0.00302266,0.0486471,0.949082,-0.00356505,0.0487189,-0.03166010.631399,0.495766,1
2020,796.849,0,0,-5.80284,-0.00302266,0.0486471,0.919815,-0.00390862,0.0493548,-0.03122720.632274,0.496228,1
2030,766.322,0,0,-5.71396,-0.00302266,0.0486471,0.891002,-0.00411313,0.0501685,-0.03073510.633023,0.496714,1
2040,735.625,0,0,-5.62865,-0.00302266,0.0486471,0.862626,-0.00398249,0.0508763,-0.03024580.633805,0.497234,1
2050,705.227,0,0,-5.54702,-0.00302266,0.0486471,0.834668,-0.00337155,0.0516734,-0.02998440.634461,0.497692,1
2060,685.265,0,0,-5.46869,-0.00302266,0.0486471,0.80711,-0.00239859,0.0527053,-0.02990830.635065,0.498153,1
2070,674.286,0,0,-5.39268,-0.00302266,0.0486471,0.779939,-0.00158781,0.0536664,-0.02966970.635786,0.498712,1
2080,669.366,0,0,-5.31841,-0.00302266,0.0486471,0.753143,-0.00112449,0.0545092,-0.02934210.636514,0.499272,1
2090,665.657,0,0,-5.24548,-0.00302266,0.0486471,0.726716,-0.00119921,0.0553806,-0.02913860.637088,0.499689,1
2100,658.441,0,0,-5.17405,-0.00302266,0.0486471,0.70065,-0.0019595,0.056133,-0.02914290.637562,0.499985,1
2110,644.153,0,0,-5.10456,-0.00302266,0.0486471,0.674937,-0.00307418,0.0565219,-0.02923690.638083,0.500266,1
2120,621.985,0,0,-5.03773,-0.00302266,0.0486471,0.649566,-0.0039952,0.0565011,-0.02948330.638658,0.500535,1
2130,597.018,0,0,-4.97415,-0.00302266,0.0486471,0.624521,-0.0046522,0.0562378,-0.02998250.639199,0.500751,1
2140,573.228,0,0,-4.91393,-0.00302266,0.0486471,0.599787,-0.00492677,0.0559253,-0.03068050.639777,0.500946,1
2150,556.09,0,0,-4.85669,-0.00302266,0.0486471,0.575348,-0.00447461,0.0556824,-0.03128390.640481,0.501167,1
2160,542.574,-2.71505e-007,-5.14384e-008,-4.80188,-0.00302266,0.0486471,0.551188,-0.00347251,0.055369,-0.03177240.641148,0.501361,1
2170,537.528,-6.58042e-006,-1.12253e-006,-4.74884,-0.00302268,0.0486471,0.527299,-0.00240882,0.0548995,-0.03232160.641682,0.501492,1
2180,536.557,-1.51531e-005,-2.03125e-006,-4.69661,-0.00302273,0.0486471,0.503673,-0.00141736,0.0542332,-0.03293490.642233,0.501604,1
2190,532.331,-2.7071e-005,-2.19494e-006,-4.6453,-0.00302284,0.0486471,0.480305,-0.000557324,0.0535314,-0.03330320.642752,0.501684,1
2200,526.338,-4.41351e-005,-2.79917e-007,-4.59523,-0.00302301,0.0486471,0.457192,-0.000276471,0.0529961,-0.03345320.643051,0.501712,1
2210,521.068,-7.44169e-005,8.75351e-006,-4.54647,-0.0030233,0.0486471,0.434326,-0.000549418,0.0529361,-0.03374430.643204,0.501716,1
2220,521.317,-0.000161748,9.62713e-005,-4.4987,-0.00302387,0.0486474,0.411701,-0.00095256,0.0532977,-0.03433760.643204,0.501716,1
2230,521.906,-0.000313797,0.000148722,-4.45152,-0.00302505,0.048648,0.389314,-0.00123863,0.0539554,-0.03497040.643204,0.501716,1
2240,522.83,-0.000530888,0.00026777,-4.40496,-0.00302713,0.048649,0.367161,-0.00151795,0.0547064,-0.03549950.643204,0.501716,1
2250,515.723,-0.000887679,0.000441109,-4.35951,-0.00303064,0.0486507,0.345239,-0.00163821,0.0555809,-0.03603620.643204,0.501716,1
2260,500.648,-0.00131015,0.000701795,-4.31649,-0.00303609,0.0486535,0.323539,-0.00168043,0.0564292,-0.03665140.643234,0.501699,1
2270,487.109,-0.00190791,0.0010976,-4.27663,-0.00304411,0.048658,0.302047,-0.00175722,0.0571872,-0.03733170.643345,0.501623,1
2280,477.93,-0.00248622,0.00124981,-4.23939,-0.00305506,0.0486639,0.280748,-0.00185224,0.0577273,-0.03811040.643536,0.501466,1
2290,467.475,-0.0032209,0.00136877,-4.20443,-0.00306932,0.0486705,0.25963,-0.00170927,0.0581251,-0.03906840.643733,0.501278,1
2300,452.491,-0.00391869,0.00126367,-4.172,-0.00308724,0.0486772,0.238681,-0.00139619,0.0582198,-0.04010020.644,0.500997,1
2310,441.367,-0.00421842,0.0007603,-4.14209,-0.00310774,0.0486826,0.217888,-0.000924153,0.0579688,-0.0410540.644351,0.500596,1
2320,436.316,-0.00396939,-0.000751581,-4.11317,-0.00312853,0.0486832,0.197241,-0.000426049,0.0573934,-0.04181360.644728,0.500134,1
2330,437.41,-0.00270545,-0.0039616,-4.08298,-0.00314581,0.0486723,0.176742,3.41641e-006,0.056806,-0.04253880.645109,0.499637,1
2340,437.95,0.0005447,-0.010418,-4.04809,-0.00315236,0.0486383,0.156403,0.00018117,0.0563365,-0.04334890.645432,0.499187,1
2350,425.722,0.00788421,-0.024132,-4.00344,-0.00313375,0.0485564,0.136261,0.000211538,0.0561035,-0.04422890.645591,0.498945,1
2360,399.521,0.0243062,-0.0547439,-3.93902,-0.00305883,0.0483697,0.116386,0.000111548,0.056048,-0.04488770.645605,0.498921,1
2370,365.133,0.0603683,-0.122796,-3.83606,-0.00285866,0.0479479,0.0969215,-2.24791e-005,0.0561766,-0.04527760.645605,0.498921,1
2380,343.487,0.133518,-0.260267,-3.66945,-0.00239371,0.0470266,0.0781224,-0.000226363,0.056296,-0.04542990.645605,0.498921,1
2390,335.877,0.255898,-0.487247,-3.43182,-0.00144,0.0451928,0.0603419,-0.000462443,0.0562406,-0.04539710.645605,0.498921,1
2400,341.657,0.405952,-0.757286,-3.16987,0.000213889,0.042078,0.043841,-0.000854906,0.0559083,-0.04503210.645605,0.498921,1
2410,355.186,0.526989,-0.965696,-2.94949,0.00257098,0.0377231,0.0285661,-0.00133337,0.0555342,-0.04448330.645605,0.498921,1
2420,358.138,0.577824,-1.04038,-2.78811,0.00536688,0.0326441,0.0142408,-0.00163381,0.0553882,-0.0439710.645605,0.498921,1
2430,348.837,0.549608,-0.971623,-2.66504,0.00821888,0.0275547,0.000616648,-0.00139059,0.055634,-0.04379090.645551,0.498766,1
2440,339.336,0.454161,-0.77876,-2.56125,0.010752,0.023133,-0.012445,-0.000812206,0.0560674,-0.04393730.645543,0.498742,1
2450,328.282,0.314894,-0.501187,-2.47301,0.0126892,0.0199045,-0.0250249,-0.00039688,0.056383,-0.04438170.645543,0.498742,1
2460,314.929,0.155394,-0.174809,-2.40554,0.0138688,0.0182015,-0.0372117,-0.000342712,0.0564586,-0.04501880.645543,0.498742,1
2470,307.503,-0.00998376,0.168454,-2.36554,0.014233,0.0181835,-0.0491277,-0.000408301,0.0563331,-0.04587160.645543,0.498742,1
2480,307.559,-0.171173,0.503699,-2.35133,0.013778,0.0198722,-0.0609108,-0.000529587,0.0559544,-0.04683450.645526,0.498724,1
2490,315.087,-0.332937,0.81338,-2.35525,0.0125183,0.0231791,-0.0726721,-0.000737162,0.055347,-0.04798230.645344,0.498552,1
2500,331.962,-0.489517,1.08053,-2.36697,0.0104577,0.0279353,-0.0844772,-0.000863447,0.0547971,-0.0494140.645169,0.498399,1
2510,340.292,-0.631993,1.29496,-2.38047,0.0076449,0.0338993,-0.0963476,-0.000813571,0.0544854,-0.0511540.644913,0.498191,1
2520,340.93,-0.748539,1.44663,-2.39173,0.00418037,0.0407826,-0.108281,-0.000815839,0.0542959,-0.05289180.644625,0.497973,1
2530,338.685,-0.831182,1.53216,-2.399,0.000214294,0.0482576,-0.120262,-0.000931652,0.0540603,-0.05434540.64418,0.497651,1
2540,332.206,-0.876072,1.56356,-2.40332,-0.00406964,0.0560167,-0.13227,-0.000805503,0.0538914,-0.05543270.643599,0.497242,1
2550,329.65,-0.887742,1.55925,-2.40628,-0.0084928,0.0638366,-0.144296,-0.000395443,0.0538032,-0.05634530.64301,0.496834,1
2560,335.067,-0.8701,1.53233,-2.40921,-0.0129,0.0715742,-0.156336,1.80384e-005,0.0536295,-0.05717320.64244,0.496441,1
2570,343.699,-0.823652,1.49017,-2.41438,-0.0171475,0.0791369,-0.168395,0.000355856,0.0532402,-0.05788980.641889,0.496059,1
2580,350.375,-0.746966,1.43758,-2.42587,-0.0210878,0.086461,-0.180494,0.000768848,0.0528595,-0.05844660.641363,0.495703,1
2590,351.918,-0.639473,1.3792,-2.44857,-0.0245676,0.0935056,-0.192676,0.000916781,0.0525283,-0.05893130.640834,0.495355,1
2600,360.091,-0.502763,1.31978,-2.48442,-0.0274353,0.100254,-0.205006,0.000584765,0.0522092,-0.05939070.64036,0.495056,1
2610,368.508,-0.34303,1.26386,-2.53383,-0.0295579,0.106712,-0.217548,7.73078e-005,0.0519611,-0.05984230.640072,0.494884,1
2620,371.154,-0.172937,1.21547,-2.59492,-0.030849,0.112908,-0.230369,-0.000227522,0.0520318,-0.06031630.64005,0.494872,1
2630,362.155,-0.0099622,1.17734,-2.66245,-0.0312995,0.118887,-0.243514,-0.00049146,0.0521934,-0.06086230.64005,0.494872,1
2640,339.961,0.129793,1.15014,-2.72894,-0.0309875,0.124702,-0.256997,-0.000590991,0.052183,-0.06140490.64005,0.494872,1
2650,314.973,0.238046,1.13216,-2.78932,-0.0300539,0.130405,-0.270798,-0.000283312,0.0519677,-0.06181560.639885,0.494794,1
2660,303.912,0.314564,1.11986,-2.83955,-0.0286595,0.136034,-0.284875,0.000315976,0.0517972,-0.06221570.639507,0.494624,1
2670,301.187,0.363865,1.10986,-2.87739,-0.0269532,0.141608,-0.299173,0.000615039,0.0515786,-0.06285010.638949,0.494383,1
2680,304.402,0.392585,1.1006,-2.90358,-0.0250547,0.147134,-0.31363,0.000607085,0.0512964,-0.06365750.638423,0.494164,1
2690,312.502,0.40699,1.09159,-2.91973,-0.0230508,0.152614,-0.328193,0.000476002,0.0510409,-0.06430180.638037,0.494013,1
2700,314.86,0.412242,1.08301,-2.92834,-0.0209996,0.158051,-0.342816,0.00034395,0.051017,-0.06481350.637729,0.493901,1
2710,311.422,0.412043,1.07552,-2.93327,-0.0189372,0.163447,-0.357472,0.000145704,0.0511024,-0.06538140.637509,0.493828,1
2720,297.821,0.409157,1.06983,-2.93769,-0.0168835,0.168809,-0.372149,8.56342e-005,0.0512194,-0.06594270.637316,0.493768,1
2730,281.155,0.405537,1.06654,-2.94427,-0.0148468,0.174149,-0.386852,4.77027e-005,0.0512286,-0.06622240.637015,0.493682,1
2740,269.068,0.402385,1.06591,-2.95392,-0.0128276,0.179479,-0.401595,-0.000169993,0.0510612,-0.0662030.636623,0.493578,1
2750,272.092,0.399907,1.06663,-2.96382,-0.0108223,0.184809,-0.416388,-0.000643216,0.0505361,-0.06575540.636185,0.49347,1
2760,287.19,0.397735,1.06713,-2.96976,-0.00882852,0.190143,-0.431223,-0.000964334,0.0497858,-0.06474810.635748,0.493372,1
2770,308.157,0.395658,1.06655,-2.97,-0.00684507,0.195478,-0.446075,-0.00105595,0.0491074,-0.06332670.635469,0.493315,1
2780,323.76,0.393692,1.0648,-2.96511,-0.00487163,0.200807,-0.460915,-0.00118687,0.0488067,-0.06199210.635342,0.493292,1
2790,324.948,0.392057,1.06272,-2.95812,-0.00290724,0.206126,-0.475725,-0.00162463,0.0488208,-0.06080490.635198,0.493272,1
2800,314.27,0.390927,1.06127,-2.9521,-0.000949873,0.211436,-0.490501,-0.00211966,0.0489901,-0.0595090.635067,0.493257,1
2810,298.571,0.390439,1.06109,-2.94918,0.00100332,0.216742,-0.505253,-0.00256887,0.0491345,-0.05799410.635042,0.493254,1
2820,287.893,0.390512,1.06214,-2.94967,0.00295545,0.222049,-0.519998,-0.00286729,0.0492199,-0.05667120.634916,0.493244,1
2830,283.324,0.390878,1.06372,-2.95215,0.00490871,0.227363,-0.534751,-0.00278871,0.0492453,-0.05578170.634916,0.493244,1
2840,279.779,0.391437,1.06571,-2.95593,0.00686427,0.232686,-0.54952,-0.00220946,0.0492779,-0.05524350.634916,0.493244,1
2850,288.26,0.39194,1.06748,-2.95925,0.0088227,0.238019,-0.564308,-0.00161035,0.049293,-0.05482360.634916,0.493244,1
2860,312.455,0.391831,1.06759,-2.9583,0.0107825,0.243358,-0.579104,-0.00119999,0.0492343,-0.0545760.634916,0.493244,1
2870,338.002,0.390978,1.0655,-2.95159,0.01274,0.248692,-0.593882,-0.000715766,0.0490566,-0.05453850.634916,0.493244,1
2880,349.841,0.38964,1.06205,-2.94128,0.014692,0.254012,-0.608618,-0.00010837,0.0487644,-0.05469770.634916,0.493244,1
2890,346.498,0.388229,1.05836,-2.93048,0.0166369,0.259314,-0.623299,0.000231366,0.0483717,-0.05492860.634916,0.493244,1
2900,330.995,0.387093,1.05539,-2.92179,0.0185753,0.264598,-0.637931,0.000229958,0.0479408,-0.05523140.634916,0.493244,1
2910,317.128,0.386385,1.05356,-2.91635,0.020509,0.269871,-0.652526,3.45461e-005,0.0475137,-0.05553390.634916,0.493244,1
2920,311.157,0.385953,1.05245,-2.91301,0.0224399,0.275136,-0.6671,-0.000390178,0.0470391,-0.05575260.634916,0.493244,1
2930,314.243,0.385563,1.05144,-2.91,0.0243688,0.280396,-0.681659,-0.00101507,0.0464693,-0.05588490.634916,0.493244,1
2940,322.325,0.384992,1.04992,-2.90563,0.0262955,0.28565,-0.696199,-0.00150582,0.0458187,-0.0561170.634916,0.493244,1
2950,330.861,0.384185,1.04772,-2.89954,0.0282187,0.290895,-0.710715,-0.00158303,0.0451255,-0.05637920.634916,0.493244,1
2960,333.196,0.383245,1.04516,-2.89245,0.0301375,0.296128,-0.725196,-0.00143573,0.0443895,-0.05635790.634916,0.493244,1
2970,324.948,0.382383,1.04281,-2.88594,0.0320517,0.301348,-0.739643,-0.00133554,0.0437999,-0.05596810.634916,0.493244,1
2980,313.567,0.381831,1.0413,-2.88178,0.0339623,0.306559,-0.754063,-0.00134773,0.043574,-0.05553680.634916,0.493244,1
2990,309.268,0.381518,1.04045,-2.87942,0.0358707,0.311763,-0.768466,-0.00134561,0.0437285,-0.05531030.634916,0.493244,1
