step,T,sn_vel[0],sn_vel[1],sn_vel[2],sn_crd[0],sn_crd[1],sn_crd[2],target_crd[0],target_crd[1],target_crd[2],boundary[0],boundary[1],boundary[2]
0,0.0156663,0,0,0,-2.38419e-008,6.77326e-009,0.981818,-7.69819e-005,0.0557514,-0.03677150.636487,0.503292,1
10,2.13411,0,0,0,-2.38419e-008,6.77326e-009,0.981818,-0.000102218,0.0557234,-0.03678220.63665,0.503342,1
20,2.56847,0,0,0,-2.38419e-008,6.77326e-009,0.981818,-0.000119221,0.0556628,-0.03680970.63671,0.503355,1
30,3.17447,0,0,0,-2.38419e-008,6.77326e-009,0.981818,-8.74412e-005,0.0555991,-0.03688450.636762,0.503364,1
40,3.32957,0,0,0,-2.38419e-008,6.77326e-009,0.981818,-0.000130627,0.0556074,-0.03694560.636826,0.503372,1
50,3.12289,0,0,0,-2.38419e-008,6.77326e-009,0.981818,-0.000204486,0.0556341,-0.03700170.637062,0.503394,1
60,2.88884,0,0,0,-2.38419e-008,6.77326e-009,0.981818,-0.000216084,0.0556486,-0.03706440.637301,0.503408,1
70,3.00034,0,0,0,-2.38419e-008,6.77326e-009,0.981818,-0.000172606,0.0556482,-0.03715670.637509,0.503412,1
80,2.76009,0,0,0,-2.38419e-008,6.77326e-009,0.981818,-0.000182781,0.0556479,-0.03724140.637732,0.503409,1
90,2.7046,0,0,0,-2.38419e-008,6.77326e-009,0.981818,-0.000222545,0.0556315,-0.03731570.637928,0.503397,1
100,2.58757,0,0,0,-2.38419e-008,6.77326e-009,0.981818,-0.000246169,0.0556149,-0.03737370.638092,0.503379,1
110,11.5538,0,0,0,-2.38419e-008,6.77326e-009,0.981818,-0.000269048,0.0555813,-0.03746330.638358,0.50334,1
120,18.3168,0,0,0,-2.38419e-008,6.77326e-009,0.981818,-0.000327181,0.0555455,-0.03756580.638661,0.503286,1
130,22.6162,0,0,0,-2.38419e-008,6.77326e-009,0.981818,-0.000329367,0.0555222,-0.0376880.638946,0.503224,1
140,25.1846,0,0,0,-2.38419e-008,6.77326e-009,0.981818,-0.00026401,0.0555059,-0.03785170.639278,0.503143,1
150,26.5412,0,0,0,-2.38419e-008,6.77326e-009,0.981818,-0.000268294,0.0554913,-0.03805260.639629,0.503048,1
160,27.2267,0,0,0,-2.38419e-008,6.77326e-009,0.981818,-0.000374639,0.0555218,-0.03821840.639931,0.502957,1
170,27.2088,0,0,0,-2.38419e-008,6.77326e-009,0.981818,-0.000400305,0.0555511,-0.0383630.640184,0.502871,1
180,27.203,0,0,0,-2.38419e-008,6.77326e-009,0.981818,-0.000288484,0.0555016,-0.03857180.640404,0.502789,1
190,26.4047,0,0,0,-2.38419e-008,6.77326e-009,0.981818,-0.000170791,0.055417,-0.03887690.640586,0.502714,1
200,25.7065,0,0,0,-2.38419e-008,6.77326e-009,0.981818,-9.06102e-005,0.0553708,-0.03921630.64074,0.502645,1
210,33.8167,0,0,0,-2.38419e-008,6.77326e-009,0.981818,7.26179e-006,0.0553303,-0.03962240.640857,0.502588,1
220,38.9122,0,0,0,-2.38419e-008,6.77326e-009,0.981818,8.29476e-005,0.0552682,-0.04016490.640905,0.502563,1
230,41.8553,0,0,0,-2.38419e-008,6.77326e-009,0.981818,3.91379e-005,0.0552398,-0.04081460.640912,0.502559,1
240,43.0571,0,0,0,-2.38419e-008,6.77326e-009,0.981818,-5.4559e-005,0.0552454,-0.04152170.640921,0.502553,1
250,43.2728,0,0,0,-2.38419e-008,6.77326e-009,0.981818,-0.000122673,0.0552564,-0.04230850.640955,0.502531,1
260,43.1356,0,0,0,-2.38419e-008,6.77326e-009,0.981818,-0.000161911,0.055246,-0.04321570.641016,0.502489,1
270,42.4,0,0,0,-2.38419e-008,6.77326e-009,0.981818,-0.000203673,0.05522,-0.04413850.641065,0.502453,1
280,42.0275,0,0,0,-2.38419e-008,6.77326e-009,0.981818,-0.000112565,0.055178,-0.04499180.641097,0.502428,1
290,41.771,0,0,0,-2.38419e-008,6.77326e-009,0.981818,0.000131839,0.0551498,-0.04583830.641137,0.502396,1
300,41.7067,0,0,0,-2.38419e-008,6.77326e-009,0.981818,0.000411038,0.055093,-0.04685270.641171,0.502366,1
310,51.6673,0,0,0,-2.38419e-008,6.77326e-009,0.981818,0.000555507,0.0550529,-0.04800240.641172,0.502365,1
320,57.9759,0,0,0,-2.38419e-008,6.77326e-009,0.981818,0.000660794,0.055062,-0.04914410.641172,0.502365,1
330,62.1533,0,0,0,-2.38419e-008,6.77326e-009,0.981818,0.000701852,0.0550841,-0.05028010.641172,0.502365,1
340,65.8156,0,0,0,-2.38419e-008,6.77326e-009,0.981818,0.000658214,0.0550071,-0.05160070.641172,0.502365,1
350,69.4624,0,0,0,-2.38419e-008,6.77326e-009,0.981818,0.000570581,0.0549267,-0.05294530.641172,0.502365,1
360,72.5476,0,0,0,-2.38419e-008,6.77326e-009,0.981818,0.000622502,0.0548845,-0.05423590.641172,0.502365,1
370,77.4604,0,0,0,-2.38419e-008,6.77326e-009,0.981818,0.000613412,0.0549396,-0.05557520.641172,0.502365,1
380,80.9134,0,0,0,-2.38419e-008,6.77326e-009,0.981818,0.000455402,0.0550364,-0.05702540.641172,0.502365,1
390,84.9644,0,0,0,-2.38419e-008,6.77326e-009,0.981818,0.000216588,0.0551065,-0.05823730.641172,0.502365,1
400,87.7994,0,0,0,-2.38419e-008,6.77326e-009,0.981818,6.77422e-005,0.0550669,-0.05917540.641172,0.502365,1
410,97.2034,0,0,0,-2.38419e-008,6.77326e-009,0.981818,-6.96202e-005,0.0551283,-0.06009350.641314,0.502195,1
420,103.804,0,0,0,-2.38419e-008,6.77326e-009,0.981818,-9.73626e-005,0.0553017,-0.06114640.64144,0.502039,1
430,109.981,0,0,0,-2.38419e-008,6.77326e-009,0.981818,-5.13843e-005,0.0554355,-0.06195040.641563,0.501881,1
440,112.451,0,0,0,-2.38419e-008,6.77326e-009,0.981818,-2.19613e-006,0.0554022,-0.062350.641773,0.501604,1
450,116.608,0,0,0,-2.38419e-008,6.77326e-009,0.981818,-6.33993e-005,0.0553566,-0.06256110.641984,0.501317,1
460,118.213,0,0,0,-2.38419e-008,6.77326e-009,0.981818,-0.000107713,0.0552676,-0.06282410.642145,0.501091,1
470,119.062,0,0,0,-2.38419e-008,6.77326e-009,0.981818,-0.000168136,0.0551471,-0.06284690.642311,0.50085,1
480,121.064,0,0,0,-2.38419e-008,6.77326e-009,0.981818,-0.000270222,0.0550457,-0.06253070.642454,0.500635,1
490,120.628,0,0,0,-2.38419e-008,6.77326e-009,0.981818,-0.000393223,0.0550831,-0.0621020.642562,0.500466,1
500,120.606,0,0,0,-2.38419e-008,6.77326e-009,0.981818,-0.00034192,0.0551126,-0.0616350.642694,0.500252,1
510,129.991,0,0,0,-2.38419e-008,6.77326e-009,0.981818,-0.000119988,0.0550124,-0.06084430.642817,0.500042,1
520,135.042,0,0,0,-2.38419e-008,6.77326e-009,0.981818,0.000109936,0.0548227,-0.05989440.642909,0.499878,1
530,137.472,0,0,0,-2.38419e-008,6.77326e-009,0.981818,0.0002165,0.0547995,-0.05914780.643041,0.49963,1
540,137.341,0,0,0,-2.38419e-008,6.77326e-009,0.981818,0.000234012,0.0548979,-0.05850510.643166,0.499382,1
550,136.984,0,0,0,-2.38419e-008,6.77326e-009,0.981818,7.85456e-005,0.0549075,-0.05753770.643229,0.49924,1
560,137.316,0,0,0,-2.38419e-008,6.77326e-009,0.981818,-0.000275904,0.0548675,-0.05631070.643277,0.499122,1
570,138.201,0,0,0,-2.38419e-008,6.77326e-009,0.981818,-0.000533774,0.0549713,-0.05528290.643306,0.499033,1
580,139.555,0,0,0,-2.38419e-008,6.77326e-009,0.981818,-0.000470269,0.0550612,-0.05463740.643306,0.499033,1
590,141.329,0,0,0,-2.38419e-008,6.77326e-009,0.981818,-0.000314562,0.0549836,-0.05400340.64331,0.499008,1
600,142.799,0,0,0,-2.38419e-008,6.77326e-009,0.981818,-0.00024737,0.0549434,-0.05313150.64332,0.498902,1
610,153.207,0,0,0,-2.38419e-008,6.77326e-009,0.981818,-8.00856e-005,0.0550085,-0.05226380.64332,0.498902,1
620,158.717,0,0,0,-2.38419e-008,6.77326e-009,0.981818,0.000151428,0.0549735,-0.0515820.643344,0.498784,1
630,162.224,0,0,0,-2.38419e-008,6.77326e-009,0.981818,0.000152649,0.0548637,-0.05082530.643362,0.498683,1
640,166.864,0,0,0,-2.38419e-008,6.77326e-009,0.981818,-4.02917e-005,0.0549773,-0.04986240.643375,0.498584,1
650,171.139,0,0,0,-2.38419e-008,6.77326e-009,0.981818,-0.00010721,0.0552144,-0.04895710.643375,0.498584,1
660,172.986,0,0,0,-2.38419e-008,6.77326e-009,0.981818,-0.00017469,0.0553226,-0.04809940.643375,0.498584,1
670,175.92,0,0,0,-2.38419e-008,6.77326e-009,0.981818,-0.000382514,0.0553044,-0.04697550.643375,0.498584,1
680,173.085,0,0,0,-2.38419e-008,6.77326e-009,0.981818,-0.000465022,0.0553846,-0.04562740.643375,0.498584,1
690,173.898,0,0,0,-2.38419e-008,6.77326e-009,0.981818,-0.000211749,0.0553992,-0.0444690.643375,0.498584,1
700,174.072,0,0,0,-2.38419e-008,6.77326e-009,0.981818,-9.48088e-005,0.055177,-0.04345810.643375,0.498584,1
710,182.348,0,0,0,-2.38419e-008,6.77326e-009,0.981818,-0.000291413,0.0548108,-0.04212540.643375,0.498584,1
720,191.475,0,0,0,-2.38419e-008,6.77326e-009,0.981818,-0.000431359,0.0546738,-0.04030280.643375,0.498559,1
730,198.069,0,0,0,-2.38419e-008,6.77326e-009,0.981818,-0.000327889,0.0546379,-0.03844390.643375,0.498559,1
740,202.906,0,0,0,-2.38419e-008,6.77326e-009,0.981818,-0.00040179,0.0545457,-0.03682340.643375,0.498559,1
750,209.921,0,0,0,-2.38419e-008,6.77326e-009,0.981818,-0.000661347,0.0545244,-0.03528470.643375,0.498559,1
760,215.124,0,0,0,-2.38419e-008,6.77326e-009,0.981818,-0.000840337,0.0547528,-0.03365840.643375,0.498559,1
770,219.936,0,0,0,-2.38419e-008,6.77326e-009,0.981818,-0.000943381,0.0547829,-0.03219840.643375,0.498559,1
780,225.313,0,0,0,-2.38419e-008,6.77326e-009,0.981818,-0.00124232,0.0546371,-0.03098720.643375,0.498559,1
790,228.691,0,0,0,-2.38419e-008,6.77326e-009,0.981818,-0.00154615,0.0547453,-0.02983360.643375,0.498559,1
800,228.849,0,0,0,-2.38419e-008,6.77326e-009,0.981818,-0.00164884,0.0550903,-0.02863590.643375,0.498559,1
810,236.993,0,0,0,-2.38419e-008,6.77326e-009,0.981818,-0.00168251,0.0550256,-0.0276530.643375,0.498559,1
820,238.226,0,0,0,-2.38419e-008,6.77326e-009,0.981818,-0.00190764,0.0547007,-0.02689630.643375,0.498559,1
830,233.434,0,0,0,-2.38419e-008,6.77326e-009,0.981818,-0.00207746,0.0545423,-0.02620030.643375,0.498559,1
840,226.091,0,0,0,-2.38419e-008,6.77326e-009,0.981818,-0.00197937,0.0545494,-0.02558340.643375,0.498559,1
850,213.564,0,0,0,-2.38419e-008,6.77326e-009,0.981818,-0.00173997,0.0543882,-0.02533270.643375,0.498559,1
860,201.637,0,0,0,-2.38419e-008,6.77326e-009,0.981818,-0.00159101,0.0542818,-0.0253450.643375,0.498559,1
870,191.052,0,0,0,-2.38419e-008,6.77326e-009,0.981818,-0.00138078,0.0543166,-0.02532780.6433,0.498373,1
880,183.083,0,0,0,-2.38419e-008,6.77326e-009,0.981818,-0.00104313,0.054374,-0.02522490.643201,0.498147,1
890,177.652,0,0,0,-2.38419e-008,6.77326e-009,0.981818,-0.000653795,0.054401,-0.02531390.643125,0.497988,1
900,176.242,0,0,0,-2.38419e-008,6.77326e-009,0.981818,-0.000300091,0.0546655,-0.02563990.643112,0.497966,1
910,180.056,0,0,0,-2.38419e-008,6.77326e-009,0.981818,6.66372e-005,0.0550621,-0.02610460.642982,0.49774,1
920,182.438,0,0,0,-2.38419e-008,6.77326e-009,0.981818,0.000338659,0.0554206,-0.02661530.642982,0.49774,1
930,182.252,0,0,0,-2.38419e-008,6.77326e-009,0.981818,0.000271192,0.0556875,-0.02715160.642982,0.49774,1
940,189.892,0,0,0,-2.38419e-008,6.77326e-009,0.981818,-5.15574e-005,0.0559941,-0.02756490.642982,0.49774,1
950,198.531,0,0,0,-2.38419e-008,6.77326e-009,0.981818,-0.000193356,0.056278,-0.02783820.642833,0.497486,1
960,216.256,0,0,0,-2.38419e-008,6.77326e-009,0.981818,0.000116304,0.0564597,-0.02809880.642756,0.497343,1
970,229.984,0,0,0,-2.38419e-008,6.77326e-009,0.981818,0.000370957,0.056498,-0.02836420.642637,0.497115,1
980,242.2,0,0,0,-2.38419e-008,6.77326e-009,0.981818,0.000254127,0.0564623,-0.02850860.642498,0.496858,1
990,249.824,0,0,0,-2.38419e-008,6.77326e-009,0.981818,5.73253e-005,0.0563674,-0.0285180.642498,0.496858,1
1000,252.647,0,0,0,-2.38419e-008,6.77326e-009,0.981818,0.00011475,0.0561786,-0.02850130.642269,0.496893,1
1010,239.78,0,0,0,-2.38419e-008,6.77326e-009,0.981818,-3.82692e-005,0.0558795,-0.02839870.642023,0.496926,1
1020,229.876,0,0,0,-2.38419e-008,6.77326e-009,0.981818,-0.000622769,0.0554367,-0.02824850.641707,0.497021,1
1030,220.47,0,0,0,-2.38419e-008,6.77326e-009,0.981818,-0.00129956,0.054926,-0.02806170.641588,0.497104,1
1040,215.014,0,0,0,-2.38419e-008,6.77326e-009,0.981818,-0.00180668,0.0543882,-0.02791060.641501,0.497121,1
1050,221.269,0,0,0,-2.38419e-008,6.77326e-009,0.981818,-0.00241646,0.0540087,-0.0276560.641501,0.497121,1
1060,237.043,0,0,0,-2.38419e-008,6.77326e-009,0.981818,-0.00294865,0.053879,-0.02752850.641501,0.497121,1
1070,262.419,0,0,0,-2.38419e-008,6.77326e-009,0.981818,-0.00300472,0.053952,-0.02744450.641501,0.497121,1
1080,291.173,0,0,0,-2.38419e-008,6.77326e-009,0.981818,-0.002812,0.0538996,-0.02729730.641667,0.497361,1
1090,313.588,0,0,0,-2.38419e-008,6.77326e-009,0.981818,-0.00289339,0.0537846,-0.02673350.64188,0.497396,1
1100,317.986,0,0,0,-2.38419e-008,6.77326e-009,0.981818,-0.0028066,0.0537171,-0.02596990.642126,0.497328,1
1110,323.991,0,0,0,-2.38419e-008,6.77326e-009,0.981818,-0.00218404,0.0537062,-0.02487690.642305,0.497213,1
1120,312.485,0,0,0,-2.38419e-008,6.77326e-009,0.981818,-0.0016989,0.0536035,-0.02347230.642513,0.497029,1
1130,308.031,0,0,0,-2.38419e-008,6.77326e-009,0.981818,-0.00153418,0.0538591,-0.02156390.642828,0.496699,1
1140,302.877,0,0,0,-2.38419e-008,6.77326e-009,0.981818,-0.000984472,0.0543842,-0.01960.643103,0.496363,1
1150,299.165,0,0,0,-2.38419e-008,6.77326e-009,0.981818,-0.000222368,0.0547595,-0.01771820.643208,0.496196,1
1160,294.861,0,0,0,-2.38419e-008,6.77326e-009,0.981818,-3.39477e-005,0.0549589,-0.01597930.64326,0.496085,1
1170,291.652,0,0,0,-2.38419e-008,6.77326e-009,0.981818,-5.47017e-005,0.0556231,-0.0141710.643338,0.495856,1
1180,277.007,0,0,0,-2.38419e-008,6.77326e-009,0.981818,5.99214e-005,0.0563816,-0.01257270.643389,0.495628,1
1190,265.367,0,0,0,-2.38419e-008,6.77326e-009,0.981818,3.30552e-006,0.056713,-0.01122520.643413,0.495436,1
1200,256.566,0,0,0,-2.38419e-008,6.77326e-009,0.981818,-0.000403039,0.0568187,-0.01001930.64341,0.495275,1
1210,247.56,0,0,0,-2.38419e-008,6.77326e-009,0.981818,-0.000740491,0.0572114,-0.00902130.643427,0.495137,1
1220,256.893,0,0,0,-2.38419e-008,6.77326e-009,0.981818,-0.00116554,0.0573435,-0.0083850.643464,0.494955,1
1230,274.177,0,0,0,-2.38419e-008,6.77326e-009,0.981818,-0.00183204,0.0568454,-0.007945850.643486,0.494896,1
1240,288.571,0,0,0,-2.38419e-008,6.77326e-009,0.981818,-0.00259074,0.0562409,-0.007344130.643486,0.494896,1
1250,290.733,0,0,0,-2.38419e-008,6.77326e-009,0.981818,-0.00305556,0.0560244,-0.006642910.643486,0.494896,1
1260,283.024,0,0,0,-2.38419e-008,6.77326e-009,0.981818,-0.00333562,0.0559385,-0.00602380.643486,0.494896,1
1270,277.448,0,0,0,-2.38419e-008,6.77326e-009,0.981818,-0.00371464,0.0558948,-0.005854470.643486,0.494896,1
1280,280.336,0,0,0,-2.38419e-008,6.77326e-009,0.981818,-0.00416688,0.056192,-0.005897650.643486,0.494896,1
1290,278.34,0,0,0,-2.38419e-008,6.77326e-009,0.981818,-0.00387434,0.0566804,-0.005958630.643486,0.494896,1
1300,277.687,0,0,0,-2.38419e-008,6.77326e-009,0.981818,-0.00283146,0.0567494,-0.005873140.643486,0.494896,1
1310,265.599,0,0,0,-2.38419e-008,6.77326e-009,0.981818,-0.00194651,0.056323,-0.005901160.643486,0.494896,1
1320,249.231,0,0,0,-2.38419e-008,6.77326e-009,0.981818,-0.00150752,0.0562194,-0.005945910.643486,0.494896,1
1330,231.969,0,0,0,-2.38419e-008,6.77326e-009,0.981818,-0.00107108,0.0566535,-0.006121030.643486,0.494896,1
1340,221.318,0,0,0,-2.38419e-008,6.77326e-009,0.981818,-0.000914423,0.0572455,-0.006405550.643486,0.494896,1
1350,222.828,0,0,0,-2.38419e-008,6.77326e-009,0.981818,-0.00118885,0.0578702,-0.006887630.643486,0.494896,1
1360,235.195,0,0,0,-2.38419e-008,6.77326e-009,0.981818,-0.00156598,0.0590191,-0.007206520.643486,0.494896,1
1370,266.577,0,0,0,-2.38419e-008,6.77326e-009,0.981818,-0.0021097,0.0602633,-0.007457470.643595,0.494858,1
1380,294.847,0,0,0,-2.38419e-008,6.77326e-009,0.981818,-0.00301924,0.060942,-0.007761580.643859,0.494794,1
1390,314.605,0,0,0,-2.38419e-008,6.77326e-009,0.981818,-0.00372816,0.0610922,-0.008226770.644095,0.494757,1
1400,329.95,0,0,0,-2.38419e-008,6.77326e-009,0.981818,-0.00374446,0.0612052,-0.008587280.644279,0.49474,1
1410,350.117,0,0,0,-2.38419e-008,6.77326e-009,0.981818,-0.00356911,0.0609504,-0.009052690.644683,0.494726,1
1420,363.335,0,0,0,-2.38419e-008,6.77326e-009,0.981818,-0.00369277,0.0601551,-0.009588190.645115,0.494734,1
1430,380.889,0,0,0,-2.38419e-008,6.77326e-009,0.981818,-0.00392357,0.0589905,-0.01021710.645517,0.494772,1
1440,385.594,0,0,0,-2.38419e-008,6.77326e-009,0.981818,-0.00379175,0.0576918,-0.01098580.646073,0.494855,1
1450,387.414,0,0,0,-2.38419e-008,6.77326e-009,0.981818,-0.00329676,0.0563422,-0.01216640.646602,0.49496,1
1460,372.687,0,0,0,-2.38419e-008,6.77326e-009,0.981818,-0.002874,0.0553799,-0.01365260.646849,0.495037,1
1470,356.441,0,0,0,-2.38419e-008,6.77326e-009,0.981818,-0.00286819,0.0549631,-0.01523630.64696,0.495077,1
1480,327.447,0,0,0,-2.38419e-008,6.77326e-009,0.981818,-0.00284092,0.0549716,-0.01689050.647098,0.495106,1
1490,306.049,0,0,0,-2.38419e-008,6.77326e-009,0.981818,-0.00238005,0.0550618,-0.01888050.647098,0.495106,1
1500,279.882,0,0,0,-2.38419e-008,6.77326e-009,0.981818,-0.00176839,0.0552787,-0.02120280.647098,0.495106,1
1510,261.132,0,0,0,-2.38419e-008,6.77326e-009,0.981818,-0.00152366,0.0558103,-0.02346050.647098,0.495106,1
1520,260.558,0,0,0,-2.38419e-008,6.77326e-009,0.981818,-0.0015379,0.056655,-0.0255630.647098,0.495106,1
1530,262.686,0,0,0,-2.38419e-008,6.77326e-009,0.981818,-0.00163766,0.0572299,-0.0277650.647098,0.495106,1
1540,257.179,0,0,0,-2.38419e-008,6.77326e-009,0.981818,-0.00190679,0.0573853,-0.03010150.647098,0.495106,1
1550,260.921,0,0,0,-2.38419e-008,6.77326e-009,0.981818,-0.00213643,0.0574825,-0.031940.647098,0.495106,1
1560,268.645,0,0,0,-2.38419e-008,6.77326e-009,0.981818,-0.00194218,0.0578364,-0.03316920.647098,0.495106,1
1570,271.306,0,0,0,-2.38419e-008,6.77326e-009,0.981818,-0.00165952,0.0580836,-0.03413130.647098,0.495106,1
1580,280.551,0,0,0,-2.38419e-008,6.77326e-009,0.981818,-0.00184349,0.057992,-0.03491650.647098,0.495106,1
1590,271.673,0,0,0,-2.38419e-008,6.77326e-009,0.981818,-0.00208977,0.0577485,-0.0348230.647098,0.495106,1
1600,264.539,0,0,0,-2.38419e-008,6.77326e-009,0.981818,-0.00197194,0.0576687,-0.03396960.647098,0.495106,1
1610,261.631,0,0,0,-2.38419e-008,6.77326e-009,0.981818,-0.00193899,0.0575846,-0.03300140.647098,0.495106,1
1620,257.66,0,0,0,-2.38419e-008,6.77326e-009,0.981818,-0.00240667,0.0574651,-0.03205830.647098,0.495106,1
1630,253.857,0,0,0,-2.38419e-008,6.77326e-009,0.981818,-0.00291154,0.0576231,-0.03032160.647098,0.495106,1
1640,254.752,0,0,0,-2.38419e-008,6.77326e-009,0.981818,-0.00338168,0.0580203,-0.02786420.647098,0.495106,1
1650,256.749,0,0,0,-2.38419e-008,6.77326e-009,0.981818,-0.00394042,0.0581717,-0.02551180.647098,0.495106,1
1660,273.917,0,0,0,-2.38419e-008,6.77326e-009,0.981818,-0.00424804,0.0581475,-0.02405220.647098,0.495106,1
1670,304.181,0,0,0,-2.38419e-008,6.77326e-009,0.981818,-0.00380194,0.058462,-0.0230920.647098,0.495106,1
1680,338.043,0,0,0,-2.38419e-008,6.77326e-009,0.981818,-0.00314251,0.0589087,-0.02233790.647098,0.495106,1
1690,348.509,0,0,0,-2.38419e-008,6.77326e-009,0.981818,-0.00265182,0.0590255,-0.02187290.647098,0.495106,1
1700,344.184,0,0,0,-2.38419e-008,6.77326e-009,0.981818,-0.00198831,0.0589817,-0.02188510.646855,0.494787,1
1710,328.994,0,0,0,-2.38419e-008,6.77326e-009,0.981818,-0.000916442,0.0591675,-0.02174660.64666,0.494715,1
1720,305.127,0,0,0,-2.38419e-008,6.77326e-009,0.981818,-7.41104e-005,0.0591657,-0.02115280.646267,0.4945,1
1730,287.702,0,0,0,-2.38419e-008,6.77326e-009,0.981818,0.000312121,0.058723,-0.02055130.645827,0.494208,1
1740,276.287,0,0,0,-2.38419e-008,6.77326e-009,0.981818,0.00060592,0.0581174,-0.02042380.645682,0.494076,1
1750,269.656,0,0,0,-2.38419e-008,6.77326e-009,0.981818,0.000988298,0.0578609,-0.02010460.645445,0.49391,1
1760,269.755,0,0,0,-2.38419e-008,6.77326e-009,0.981818,0.00124646,0.0581806,-0.01909090.644936,0.493591,1
1770,267.627,0,0,0,-2.38419e-008,6.77326e-009,0.981818,0.0012894,0.0591025,-0.01798960.64432,0.493241,1
1780,263.29,0,0,0,-2.38419e-008,6.77326e-009,0.981818,0.0012164,0.0600926,-0.01751220.64364,0.492888,1
1790,273.633,0,0,0,-2.38419e-008,6.77326e-009,0.981818,0.000984619,0.0605271,-0.01721260.643025,0.4926,1
1800,288.807,0,0,0,-2.38419e-008,6.77326e-009,0.981818,0.000500446,0.0603028,-0.01651230.642554,0.492409,1
1810,316.762,0,0,0,-2.38419e-008,6.77326e-009,0.981818,-0.000272443,0.0597437,-0.01580320.641983,0.492206,1
1820,334.219,0,0,0,-2.38419e-008,6.77326e-009,0.981818,-0.000978703,0.0592788,-0.01566120.64134,0.492005,1
1830,328.452,0,0,0,-2.38419e-008,6.77326e-009,0.981818,-0.00155694,0.0590461,-0.01579460.641,0.491914,1
1840,310.183,0,0,0,-2.38419e-008,6.77326e-009,0.981818,-0.00219368,0.0590434,-0.01572690.640975,0.491908,1
1850,282.284,0,0,0,-2.38419e-008,6.77326e-009,0.981818,-0.00275734,0.0591792,-0.01575620.640735,0.491865,1
1860,251.334,0,0,0,-2.38419e-008,6.77326e-009,0.981818,-0.00278145,0.0593562,-0.01623510.640447,0.491824,1
1870,226.14,0,0,0,-2.38419e-008,6.77326e-009,0.981818,-0.00244019,0.05933,-0.01683340.640135,0.491792,1
1880,234.805,0,0,0,-2.38419e-008,6.77326e-009,0.981818,-0.00215116,0.0590072,-0.01722440.64011,0.491791,1
1890,253.448,0,0,0,-2.38419e-008,6.77326e-009,0.981818,-0.00186588,0.0582176,-0.01778020.64011,0.491791,1
1900,276.839,0,0,0,-2.38419e-008,6.77326e-009,0.981818,-0.00138529,0.0569917,-0.01882560.64011,0.491791,1
1910,292.724,0,0,0,-2.38419e-008,6.77326e-009,0.981818,-0.000868859,0.0558971,-0.01996090.64011,0.491791,1
1920,300.764,0,0,0,-2.38419e-008,6.77326e-009,0.981818,-0.000415303,0.0555592,-0.02066390.64011,0.491791,1
1930,306.084,0,0,0,-2.38419e-008,6.77326e-009,0.981818,-4.09024e-005,0.0559364,-0.02096190.64011,0.491791,1
1940,312.558,0,0,0,-2.38419e-008,6.77326e-009,0.981818,0.000106475,0.0565151,-0.02102310.64011,0.491791,1
1950,305.594,0,0,0,-2.38419e-008,6.77326e-009,0.981818,-0.000104448,0.0570109,-0.02053480.64011,0.491791,1
1960,308.789,0,0,0,-2.38419e-008,6.77326e-009,0.981818,-0.000659946,0.0571816,-0.01940880.64006,0.491837,1
1970,306.357,0,0,0,-2.38419e-008,6.77326e-009,0.981818,-0.00141518,0.0570706,-0.01814470.63997,0.49188,1
1980,288.542,0,0,0,-2.38419e-008,6.77326e-009,0.981818,-0.00209769,0.0570016,-0.01718890.639888,0.491908,1
1990,275.199,0,0,0,-2.38419e-008,6.77326e-009,0.981818,-0.0027169,0.0573655,-0.01616960.639864,0.491914,1
2000,1300.89,0,0,-8.3838,-0.00335226,0.0577463,0.977618,-0.00342083,0.0577747,-0.01500410.639427,0.491175,1
2010,1250.5,0,0,-8.22453,-0.00335226,0.0577463,0.93606,-0.00383995,0.0579439,-0.01413160.638953,0.490755,1
2020,1204.52,0,0,-8.07012,-0.00335226,0.0577463,0.895286,-0.003747,0.0579942,-0.01384570.638296,0.490373,1
2030,1166.6,0,0,-7.92043,-0.00335226,0.0577463,0.855274,-0.00366877,0.0581385,-0.01363580.637692,0.490184,1
2040,1136.42,0,0,-7.77484,-0.00335226,0.0577463,0.816002,-0.0037515,0.0579567,-0.01332750.637183,0.490131,1
2050,1103.28,0,0,-7.63338,-0.00335226,0.0577463,0.777447,-0.00353215,0.0577032,-0.01323090.636713,0.490149,1
2060,1065.54,0,0,-7.49621,-0.00335226,0.0577463,0.739591,-0.00319108,0.0574671,-0.01363330.636292,0.490218,1
2070,1040.87,0,0,-7.36298,-0.00335226,0.0577463,0.702411,-0.00297987,0.0573558,-0.01426920.636021,0.490301,1
2080,1022.43,0,0,-7.23321,-0.00335226,0.0577463,0.66589,-0.00237278,0.0572901,-0.01514530.635834,0.490385,1
2090,1002.83,0,0,-7.10661,-0.00335226,0.0577463,0.63001,-0.00135162,0.0575112,-0.01633010.635701,0.490467,1
2100,969.416,0,0,-6.98369,-0.00335226,0.0577463,0.594755,-0.000672623,0.0577076,-0.01778770.635623,0.490533,1
2110,921.612,1.25987e-006,1.83475e-006,-6.86519,-0.00335226,0.0577463,0.560105,-0.000602073,0.0578574,-0.01932370.635518,0.490666,1
2120,864.787,3.4923e-005,5.07013e-005,-6.7521,-0.00335218,0.0577464,0.526036,-0.000827914,0.0578305,-0.02094940.635427,0.490878,1
2130,810.388,9.06064e-005,0.000141107,-6.64486,-0.00335187,0.0577469,0.492519,-0.00126696,0.0576221,-0.02261010.6354,0.491151,1
2140,776.553,0.000180188,0.000290877,-6.54272,-0.00335121,0.0577479,0.459526,-0.00174873,0.0573676,-0.02401270.635405,0.491499,1
2150,766.141,0.000308394,0.000579414,-6.44412,-0.00334998,0.0577501,0.427035,-0.00209621,0.057347,-0.02484750.635432,0.491786,1
2160,773.061,0.000248626,0.000749168,-6.34698,-0.00334847,0.0577535,0.395033,-0.0022712,0.0574317,-0.02494740.635458,0.491923,1
2170,778.481,-0.000357716,-1.57098e-005,-6.2492,-0.00334828,0.0577561,0.363518,-0.00242682,0.0574368,-0.0246390.635464,0.492045,1
2180,772.44,-0.00309463,-0.00449539,-6.14798,-0.00335549,0.0577476,0.332498,-0.0023188,0.0577747,-0.0242940.635458,0.492224,1
2190,754.022,-0.0115497,-0.0209126,-6.03574,-0.00338832,0.0576923,0.302008,-0.00197253,0.0584937,-0.02406920.635429,0.492543,1
2200,727.304,-0.0343276,-0.0704663,-5.89561,-0.00349421,0.057485,0.272141,-0.0016597,0.0593074,-0.0237630.635353,0.49316,1
2210,690.357,-0.0873369,-0.19659,-5.70204,-0.00378156,0.0568618,0.243097,-0.00164315,0.0598679,-0.02347560.635236,0.493969,1
2220,645.747,-0.187882,-0.458308,-5.43256,-0.00444822,0.0552917,0.215207,-0.00179225,0.0604356,-0.02321160.635126,0.494691,1
2230,603.739,-0.321623,-0.873213,-5.08867,-0.00572222,0.0520152,0.188858,-0.0020921,0.061079,-0.02299450.635041,0.495315,1
2240,565.191,-0.371081,-1.34738,-4.65602,-0.0075381,0.046453,0.164425,-0.00249785,0.0619244,-0.02285330.634956,0.496015,1
2250,513.329,-0.0551993,-1.7504,-3.98956,-0.00883208,0.0386608,0.142656,-0.00294301,0.0627454,-0.02304380.634856,0.496911,1
2260,493.118,0.756697,-2.07613,-3.06624,-0.00720525,0.029069,0.124984,-0.00329608,0.0634592,-0.02335290.634754,0.497934,1
2270,516.293,1.46092,-2.34362,-2.38638,-0.00147355,0.0179801,0.111535,-0.00365119,0.0637601,-0.02353560.634665,0.498923,1
2280,522.11,1.74233,-2.52219,-2.08229,0.00668259,0.0057717,0.100471,-0.00395673,0.0637082,-0.02370170.634602,0.499765,1
2290,511.503,1.79759,-2.62426,-1.94247,0.0155945,-0.00712965,0.0904378,-0.00376284,0.0633612,-0.02444090.634575,0.500331,1
2300,495.433,1.75866,-2.66038,-1.83161,0.0245182,-0.0203775,0.08099,-0.002825,0.0630996,-0.02595470.634571,0.500645,1
2310,485.087,1.64734,-2.61091,-1.64648,0.0330737,-0.0336062,0.0722333,-0.00137377,0.0628668,-0.02801590.634575,0.500864,1
2320,458.669,1.44863,-2.45785,-1.31448,0.0408512,-0.0463259,0.0647708,0.000102152,0.0625235,-0.03019780.634577,0.500897,1
2330,406.532,1.16573,-2.1914,-0.840511,0.0474306,-0.0580103,0.0593093,0.00120029,0.0619783,-0.03255910.634577,0.500897,1
2340,375.669,0.784676,-1.79336,-0.175277,0.052344,-0.0680217,0.0566874,0.00154091,0.0614323,-0.03511390.634577,0.500897,1
2350,403.114,0.378484,-1.35771,0.580622,0.0552347,-0.0758849,0.057722,0.00135659,0.0610173,-0.0375450.634577,0.500897,1
2360,455.243,0.0595417,-1.00819,1.17077,0.0562813,-0.0817517,0.0622016,0.00103102,0.0609098,-0.03960320.634577,0.500897,1
2370,480.95,-0.148678,-0.780172,1.54298,0.0560157,-0.086175,0.069071,0.000922516,0.0608987,-0.04177410.634577,0.500897,1
2380,472.438,-0.273813,-0.65079,1.75456,0.0549308,-0.0897204,0.0773736,0.000858774,0.0607504,-0.04431090.63458,0.500998,1
2390,457.504,-0.347054,-0.582611,1.86471,0.0533616,-0.0927864,0.0864578,0.000868503,0.0606791,-0.04695410.634578,0.501181,1
2400,445.32,-0.390831,-0.546645,1.92031,0.0515066,-0.0956014,0.09594,0.000914202,0.0610203,-0.04950650.63457,0.501366,1
2410,447.388,-0.416564,-0.526187,1.94815,0.0494812,-0.0982802,0.105624,0.00111396,0.0617674,-0.05223180.634562,0.50148,1
2420,464.014,-0.430435,-0.512989,1.95921,0.0473588,-0.100877,0.115402,0.00110506,0.0627867,-0.05499230.634562,0.50148,1
2430,471.095,-0.437417,-0.50359,1.96014,0.0451862,-0.103419,0.125208,0.000690772,0.0640554,-0.05730630.63456,0.501498,1
2440,462.845,-0.440706,-0.496023,1.95531,0.0429886,-0.105918,0.135003,-0.000313255,0.0652009,-0.05911360.634542,0.501606,1
2450,428.871,-0.441243,-0.488863,1.9479,0.0407818,-0.108382,0.144765,-0.00136441,0.0661023,-0.06104870.634542,0.501606,1
2460,378.25,-0.440073,-0.482134,1.941,0.0385773,-0.11081,0.15449,-0.00190131,0.0669281,-0.06328560.634542,0.501606,1
2470,328.63,-0.438477,-0.476553,1.93713,0.0363807,-0.113206,0.164185,-0.00172226,0.067728,-0.06525950.634542,0.501606,1
2480,299.643,-0.437313,-0.472795,1.93653,0.0341913,-0.115579,0.173869,-0.00139445,0.0679279,-0.06669190.634542,0.501606,1
2490,306.349,-0.436364,-0.470531,1.93582,0.032007,-0.117937,0.183551,-0.000993867,0.0674235,-0.06810.634542,0.501606,1
2500,356.59,-0.434495,-0.468288,1.9288,0.029829,-0.120284,0.193217,-0.000388794,0.0665005,-0.06966760.634552,0.501654,1
2510,415.445,-0.431352,-0.465369,1.91438,0.0276633,-0.122619,0.202831,0.000439958,0.0656373,-0.07089810.634552,0.501654,1
2520,461.889,-0.427252,-0.461802,1.89477,0.0255157,-0.124938,0.212359,0.00115516,0.0648862,-0.07170680.634552,0.501654,1
2530,467.126,-0.422938,-0.458231,1.87338,0.0233893,-0.127239,0.221784,0.00177702,0.0643634,-0.07266630.634552,0.501654,1
2540,446.225,-0.418869,-0.455022,1.85288,0.021284,-0.129523,0.231103,0.00225805,0.0638845,-0.07393130.634552,0.501654,1
2550,425.275,-0.415202,-0.45233,1.83439,0.0191982,-0.131792,0.240324,0.00253713,0.0632389,-0.07493030.634552,0.501654,1
2560,419.78,-0.411788,-0.449792,1.81712,0.01713,-0.134048,0.249455,0.00239077,0.062101,-0.07552560.634552,0.501654,1
2570,404.431,-0.408535,-0.447472,1.80109,0.0150786,-0.136292,0.258503,0.00191529,0.0608519,-0.07608140.634552,0.501654,1
2580,383.202,-0.405596,-0.445602,1.78711,0.0130429,-0.138525,0.267476,0.0013329,0.0599518,-0.0766120.634552,0.501654,1
2590,366.296,-0.403034,-0.444192,1.7753,0.011021,-0.14075,0.276383,0.000640463,0.0596019,-0.07679360.634552,0.501654,1
2600,374.879,-0.400596,-0.44284,1.7641,0.00901137,-0.142968,0.285234,-0.000309338,0.0596199,-0.0768930.634552,0.501654,1
2610,396.646,-0.39783,-0.441034,1.7515,0.00701458,-0.145179,0.294026,-0.00110676,0.06029,-0.07734960.634552,0.501654,1
2620,414.296,-0.394707,-0.438732,1.73733,0.00503248,-0.147379,0.302751,-0.00127226,0.0615112,-0.07821260.634552,0.501654,1
2630,414.633,-0.391523,-0.436264,1.72288,0.00306627,-0.149568,0.311405,-0.0011035,0.0628272,-0.07911310.634552,0.501654,1
2640,402.955,-0.388633,-0.433926,1.70928,0.00111534,-0.151744,0.319988,-0.00103225,0.0638549,-0.07989450.634552,0.501654,1
2650,384.633,-0.386178,-0.4318,1.69746,-0.000822122,-0.153908,0.328506,-0.000969421,0.0648228,-0.08056010.634789,0.501699,1
2660,373.961,-0.383968,-0.429975,1.68718,-0.00274789,-0.156063,0.33697,-0.000737851,0.0655951,-0.08116960.635264,0.501681,1
2670,366.858,-0.381913,-0.428283,1.67764,-0.00466298,-0.158209,0.345383,-0.000614495,0.0661834,-0.08154950.635862,0.501637,1
2680,352.148,-0.380123,-0.426841,1.66929,-0.00656832,-0.160348,0.353752,-0.000648785,0.0668105,-0.08180720.636828,0.501576,1
2690,340.102,-0.378699,-0.425761,1.66259,-0.00846556,-0.162479,0.362082,-0.000704129,0.06755,-0.08228840.63771,0.50152,1
2700,346.515,-0.377335,-0.424687,1.65616,-0.010356,-0.164606,0.370381,-0.000680369,0.0678339,-0.08315630.638484,0.501462,1
2710,359.665,-0.37579,-0.423249,1.6489,-0.0122393,-0.166726,0.378645,-0.000874257,0.0674076,-0.08404650.638988,0.501408,1
2720,371.585,-0.373971,-0.421457,1.64046,-0.0141142,-0.168839,0.386871,-0.00125755,0.0663908,-0.08473840.639215,0.501346,1
2730,368.703,-0.372148,-0.419547,1.63184,-0.0159799,-0.170942,0.395054,-0.00159741,0.0649812,-0.08533950.639605,0.501206,1
2740,353.61,-0.370541,-0.417862,1.62423,-0.0178369,-0.173035,0.403195,-0.00152943,0.0632581,-0.08608820.640208,0.500954,1
2750,329.991,-0.369411,-0.416699,1.61877,-0.0196868,-0.175122,0.411302,-0.00137056,0.0614842,-0.08699480.640694,0.500718,1
2760,308.987,-0.368849,-0.416161,1.61586,-0.0215324,-0.177204,0.419388,-0.00114698,0.0599883,-0.08788310.641078,0.5005,1
2770,286.093,-0.368941,-0.416316,1.61619,-0.0233765,-0.179285,0.427467,-0.000759473,0.0589605,-0.08859360.641461,0.500248,1
2780,261.716,-0.369875,-0.417362,1.62023,-0.0252229,-0.181368,0.435556,-0.000360031,0.0583958,-0.08921080.641713,0.500048,1
2790,257.393,-0.371453,-0.419137,1.62711,-0.0270758,-0.183459,0.443672,-0.00061407,0.0581437,-0.08993420.641918,0.499856,1
2800,289.93,-0.37238,-0.420177,1.63113,-0.0289357,-0.185558,0.451819,-0.00114602,0.0581741,-0.0907540.642238,0.499525,1
2810,332.191,-0.37199,-0.419733,1.62939,-0.0307972,-0.187658,0.459973,-0.00130438,0.058612,-0.0915470.642629,0.49909,1
2820,366.55,-0.370609,-0.418171,1.62332,-0.0326544,-0.189754,0.468107,-0.000967028,0.0596906,-0.09205850.643056,0.498595,1
2830,379.882,-0.368732,-0.416051,1.61508,-0.0345033,-0.19184,0.476206,-0.000553606,0.0612476,-0.09223870.64352,0.498058,1
2840,363.217,-0.366927,-0.414012,1.60716,-0.0363427,-0.193915,0.484263,0.00010919,0.0628777,-0.09242170.643954,0.497572,1
2850,336.697,-0.365656,-0.412577,1.60158,-0.0381742,-0.195982,0.492285,0.00087601,0.0641933,-0.09311070.644339,0.49716,1
2860,322.488,-0.364884,-0.411707,1.5982,-0.0400006,-0.198043,0.500285,0.00136394,0.0651532,-0.09417150.644661,0.496842,1
2870,330.403,-0.364197,-0.410932,1.59519,-0.0418236,-0.200099,0.508269,0.00125917,0.0655903,-0.09519790.644771,0.496747,1
2880,366.061,-0.362935,-0.409509,1.58967,-0.0436421,-0.202151,0.516234,0.00103421,0.065496,-0.09595810.644771,0.496747,1
2890,404.43,-0.360887,-0.407198,1.58069,-0.0454524,-0.204194,0.524164,0.00102199,0.0649425,-0.09677760.644842,0.49672,1
2900,419.724,-0.358377,-0.404366,1.5697,-0.0472513,-0.206224,0.532043,0.00116206,0.0642002,-0.09799880.644972,0.496687,1
2910,391.55,-0.356017,-0.401703,1.55936,-0.0490377,-0.208239,0.539867,0.00110713,0.0632893,-0.09973970.644972,0.496687,1
2920,335.847,-0.354519,-0.400013,1.5528,-0.0508139,-0.210243,0.547647,0.00112245,0.0624123,-0.101670.644972,0.496687,1
2930,302.852,-0.354139,-0.399584,1.55114,-0.0525853,-0.212242,0.555406,0.00136051,0.0616799,-0.1036870.644972,0.496687,1
2940,314.216,-0.353956,-0.399378,1.55034,-0.0543557,-0.21424,0.56316,0.00167182,0.0612117,-0.1057850.644972,0.496687,1
2950,342.298,-0.353163,-0.398483,1.54686,-0.056124,-0.216235,0.570905,0.00198876,0.0607846,-0.1081220.644972,0.496687,1
2960,358.836,-0.351844,-0.396995,1.54109,-0.057887,-0.218224,0.578627,0.0025213,0.0605136,-0.1106760.644972,0.496687,1
2970,355.27,-0.350411,-0.395377,1.53481,-0.059643,-0.220205,0.586318,0.00301707,0.0605525,-0.1133470.644972,0.496687,1
2980,345.8,-0.349169,-0.393976,1.52937,-0.0613921,-0.222179,0.59398,0.00320691,0.0610137,-0.1155830.644972,0.496687,1
2990,341.272,-0.348076,-0.392743,1.52458,-0.0631355,-0.224146,0.601616,0.00325256,0.0614443,-0.1171950.644972,0.496687,1
