step,T,sn_vel[0],sn_vel[1],sn_vel[2],sn_crd[0],sn_crd[1],sn_crd[2],target_crd[0],target_crd[1],target_crd[2],boundary[0],boundary[1],boundary[2]
0,0.0188944,0,0,0,-4.57872e-008,7.85698e-009,0.981818,4.00146e-005,0.0557756,-0.03957320.637,0.503493,1
10,2.27968,0,0,0,-4.57872e-008,7.85698e-009,0.981818,1.16457e-005,0.0557623,-0.03956440.637,0.503493,1
20,2.14595,0,0,0,-4.57872e-008,7.85698e-009,0.981818,-2.46767e-005,0.0557209,-0.03953590.637,0.503493,1
30,2.81538,0,0,0,-4.57872e-008,7.85698e-009,0.981818,-0.000103457,0.0556536,-0.03953830.637,0.503493,1
40,3.1965,0,0,0,-4.57872e-008,7.85698e-009,0.981818,-0.000150786,0.0556194,-0.03956880.637,0.503493,1
50,3.05813,0,0,0,-4.57872e-008,7.85698e-009,0.981818,-0.000182763,0.0556489,-0.03960880.637,0.503493,1
60,2.96566,0,0,0,-4.57872e-008,7.85698e-009,0.981818,-0.000165589,0.0556725,-0.03962560.637,0.503493,1
70,2.98136,0,0,0,-4.57872e-008,7.85698e-009,0.981818,-0.000158345,0.0556286,-0.03964540.637,0.503493,1
80,2.69909,0,0,0,-4.57872e-008,7.85698e-009,0.981818,-0.000182068,0.0555778,-0.0396670.637,0.503493,1
90,2.65497,0,0,0,-4.57872e-008,7.85698e-009,0.981818,-0.000244805,0.0555751,-0.03968770.637,0.503493,1
100,2.50673,0,0,0,-4.57872e-008,7.85698e-009,0.981818,-0.000274474,0.055593,-0.03969960.637,0.503493,1
110,11.3115,0,0,0,-4.57872e-008,7.85698e-009,0.981818,-0.000289221,0.0556012,-0.03971950.637,0.503493,1
120,18.4162,0,0,0,-4.57872e-008,7.85698e-009,0.981818,-0.000310292,0.0555829,-0.03972530.637,0.503493,1
130,22.4958,0,0,0,-4.57872e-008,7.85698e-009,0.981818,-0.000347063,0.0555286,-0.03971130.637,0.503493,1
140,25.1541,0,0,0,-4.57872e-008,7.85698e-009,0.981818,-0.000367569,0.0554861,-0.03970130.637,0.503493,1
150,26.4731,0,0,0,-4.57872e-008,7.85698e-009,0.981818,-0.000418044,0.0555029,-0.03974680.637,0.503493,1
160,26.8507,0,0,0,-4.57872e-008,7.85698e-009,0.981818,-0.000452878,0.0555288,-0.03983770.637,0.503493,1
170,26.9898,0,0,0,-4.57872e-008,7.85698e-009,0.981818,-0.000417427,0.0555127,-0.03992760.637037,0.503504,1
180,26.477,0,0,0,-4.57872e-008,7.85698e-009,0.981818,-0.000355092,0.0554899,-0.03999510.637037,0.503504,1
190,26.0005,0,0,0,-4.57872e-008,7.85698e-009,0.981818,-0.000343251,0.0554742,-0.04009080.637037,0.503504,1
200,25.1981,0,0,0,-4.57872e-008,7.85698e-009,0.981818,-0.000329244,0.0554351,-0.04025050.637037,0.503504,1
210,33.4515,0,0,0,-4.57872e-008,7.85698e-009,0.981818,-0.000257813,0.055375,-0.04049460.637053,0.503507,1
220,38.5855,0,0,0,-4.57872e-008,7.85698e-009,0.981818,-0.000183222,0.0553154,-0.04083990.637078,0.50351,1
230,41.2994,0,0,0,-4.57872e-008,7.85698e-009,0.981818,-0.000145138,0.055269,-0.04126780.637078,0.50351,1
240,42.4604,0,0,0,-4.57872e-008,7.85698e-009,0.981818,-0.000166894,0.0552441,-0.04173880.637098,0.503511,1
250,42.8832,0,0,0,-4.57872e-008,7.85698e-009,0.981818,-0.000256168,0.0552223,-0.04224950.637098,0.503511,1
260,42.4274,0,0,0,-4.57872e-008,7.85698e-009,0.981818,-0.000376325,0.0551908,-0.04288060.637098,0.503511,1
270,41.8089,0,0,0,-4.57872e-008,7.85698e-009,0.981818,-0.000357929,0.0551807,-0.04361320.637107,0.503511,1
280,41.3586,0,0,0,-4.57872e-008,7.85698e-009,0.981818,-0.000196857,0.0551738,-0.04434830.637266,0.503499,1
290,40.2606,0,0,0,-4.57872e-008,7.85698e-009,0.981818,3.62997e-005,0.0551151,-0.04501240.637286,0.503497,1
300,40.7019,0,0,0,-4.57872e-008,7.85698e-009,0.981818,0.000205706,0.0550355,-0.04573070.637286,0.503497,1
310,48.9888,0,0,0,-4.57872e-008,7.85698e-009,0.981818,0.000348656,0.0549709,-0.04660670.637286,0.503497,1
320,55.0382,0,0,0,-4.57872e-008,7.85698e-009,0.981818,0.00042676,0.0549109,-0.0476090.637286,0.503497,1
330,58.8684,0,0,0,-4.57872e-008,7.85698e-009,0.981818,0.000533277,0.0548663,-0.04861360.637286,0.503497,1
340,61.8248,0,0,0,-4.57872e-008,7.85698e-009,0.981818,0.000603405,0.0548032,-0.04973930.637286,0.503497,1
350,66.0321,0,0,0,-4.57872e-008,7.85698e-009,0.981818,0.000720197,0.054645,-0.05096020.637286,0.503497,1
360,70.3448,0,0,0,-4.57872e-008,7.85698e-009,0.981818,0.000752052,0.0545214,-0.05217610.637286,0.503497,1
370,76.9902,0,0,0,-4.57872e-008,7.85698e-009,0.981818,0.00071012,0.0545621,-0.05334190.637286,0.503497,1
380,82.1558,0,0,0,-4.57872e-008,7.85698e-009,0.981818,0.000512612,0.0546503,-0.05460090.637286,0.503497,1
390,88.5927,0,0,0,-4.57872e-008,7.85698e-009,0.981818,0.000445216,0.0546953,-0.05575550.637286,0.503497,1
400,91.6243,0,0,0,-4.57872e-008,7.85698e-009,0.981818,0.000402447,0.0548375,-0.05663130.637286,0.503497,1
410,103.209,0,0,0,-4.57872e-008,7.85698e-009,0.981818,0.00032524,0.0550863,-0.05733830.637286,0.503497,1
420,109.902,0,0,0,-4.57872e-008,7.85698e-009,0.981818,0.000165009,0.0553242,-0.05810090.637286,0.503497,1
430,115.401,0,0,0,-4.57872e-008,7.85698e-009,0.981818,0.000222078,0.0554985,-0.05869460.637286,0.503497,1
440,117.817,0,0,0,-4.57872e-008,7.85698e-009,0.981818,0.000278409,0.0555775,-0.05891320.637286,0.503497,1
450,122.417,0,0,0,-4.57872e-008,7.85698e-009,0.981818,0.000319229,0.0555301,-0.05890340.637286,0.503497,1
460,124.847,0,0,0,-4.57872e-008,7.85698e-009,0.981818,0.000304252,0.0554842,-0.05894110.637286,0.503497,1
470,126.563,0,0,0,-4.57872e-008,7.85698e-009,0.981818,0.00019998,0.055515,-0.0588530.637382,0.503455,1
480,129.573,0,0,0,-4.57872e-008,7.85698e-009,0.981818,-0.000275113,0.0555261,-0.05841840.637382,0.503455,1
490,128.081,0,0,0,-4.57872e-008,7.85698e-009,0.981818,-0.000644898,0.0554501,-0.05781680.637382,0.503455,1
500,129.504,0,0,0,-4.57872e-008,7.85698e-009,0.981818,-0.000583475,0.0553203,-0.05730740.637382,0.503455,1
510,136.438,0,0,0,-4.57872e-008,7.85698e-009,0.981818,-0.000224596,0.0551292,-0.05675510.637642,0.503304,1
520,140.421,0,0,0,-4.57872e-008,7.85698e-009,0.981818,-8.14877e-006,0.0549295,-0.05603530.637642,0.503304,1
530,140.298,0,0,0,-4.57872e-008,7.85698e-009,0.981818,0.000214028,0.054829,-0.05539280.637809,0.503193,1
540,141.051,0,0,0,-4.57872e-008,7.85698e-009,0.981818,0.000384875,0.0548425,-0.05493010.638029,0.503035,1
550,140.467,0,0,0,-4.57872e-008,7.85698e-009,0.981818,0.000328113,0.0548798,-0.05435590.638161,0.502935,1
560,142.3,0,0,0,-4.57872e-008,7.85698e-009,0.981818,1.78619e-005,0.0548954,-0.0535310.638406,0.502737,1
570,141.896,0,0,0,-4.57872e-008,7.85698e-009,0.981818,-0.000139855,0.0549345,-0.05283280.638549,0.502611,1
580,142.014,0,0,0,-4.57872e-008,7.85698e-009,0.981818,-9.55031e-005,0.055073,-0.05247360.638597,0.502563,1
590,140.104,0,0,0,-4.57872e-008,7.85698e-009,0.981818,-6.77085e-005,0.0552522,-0.05214560.638763,0.502385,1
600,137.934,0,0,0,-4.57872e-008,7.85698e-009,0.981818,-0.000167,0.0553464,-0.05153460.638985,0.502141,1
610,145.01,0,0,0,-4.57872e-008,7.85698e-009,0.981818,-0.00012056,0.0553642,-0.05086960.639128,0.501974,1
620,149.915,0,0,0,-4.57872e-008,7.85698e-009,0.981818,0.000166564,0.0553958,-0.05045320.639287,0.501778,1
630,153.953,0,0,0,-4.57872e-008,7.85698e-009,0.981818,0.000397911,0.0554013,-0.05014410.63959,0.501403,1
640,158.161,0,0,0,-4.57872e-008,7.85698e-009,0.981818,0.000436733,0.0554135,-0.04956340.639957,0.500945,1
650,163.683,0,0,0,-4.57872e-008,7.85698e-009,0.981818,0.000432587,0.0554874,-0.04880980.640235,0.500599,1
660,169.826,0,0,0,-4.57872e-008,7.85698e-009,0.981818,0.000361837,0.0555154,-0.04813230.640414,0.500382,1
670,173.369,0,0,0,-4.57872e-008,7.85698e-009,0.981818,6.23735e-005,0.055379,-0.04741450.640512,0.500255,1
680,176.402,0,0,0,-4.57872e-008,7.85698e-009,0.981818,-0.000123909,0.0552767,-0.04642780.640586,0.500153,1
690,176.856,0,0,0,-4.57872e-008,7.85698e-009,0.981818,-0.000121288,0.0552873,-0.04549620.640673,0.500027,1
700,176.761,0,0,0,-4.57872e-008,7.85698e-009,0.981818,-0.000290331,0.0552839,-0.04478420.640673,0.500027,1
710,186.594,0,0,0,-4.57872e-008,7.85698e-009,0.981818,-0.000789578,0.0551679,-0.04391190.640673,0.500027,1
720,190.921,0,0,0,-4.57872e-008,7.85698e-009,0.981818,-0.00106289,0.0550223,-0.04259920.640673,0.500027,1
730,196.429,0,0,0,-4.57872e-008,7.85698e-009,0.981818,-0.00106025,0.0547838,-0.04139160.640673,0.500027,1
740,200.307,0,0,0,-4.57872e-008,7.85698e-009,0.981818,-0.000991088,0.0544953,-0.04057050.640673,0.500027,1
750,206.709,0,0,0,-4.57872e-008,7.85698e-009,0.981818,-0.00103418,0.0543285,-0.03978730.640673,0.500027,1
760,214.893,0,0,0,-4.57872e-008,7.85698e-009,0.981818,-0.00103688,0.0544522,-0.03867550.640673,0.500027,1
770,222.693,0,0,0,-4.57872e-008,7.85698e-009,0.981818,-0.00127843,0.0546332,-0.03761980.640673,0.500027,1
780,228.104,0,0,0,-4.57872e-008,7.85698e-009,0.981818,-0.00168368,0.0546443,-0.03683420.640673,0.500027,1
790,229.53,0,0,0,-4.57872e-008,7.85698e-009,0.981818,-0.00206571,0.0545715,-0.03616110.640673,0.500027,1
800,225.428,0,0,0,-4.57872e-008,7.85698e-009,0.981818,-0.00208771,0.054686,-0.0352880.640673,0.500027,1
810,229.271,0,0,0,-4.57872e-008,7.85698e-009,0.981818,-0.00213234,0.0548264,-0.03446010.640709,0.499957,1
820,227.445,0,0,0,-4.57872e-008,7.85698e-009,0.981818,-0.00221387,0.0548124,-0.03372060.640796,0.499804,1
830,221.129,0,0,0,-4.57872e-008,7.85698e-009,0.981818,-0.00216847,0.0547545,-0.03291980.640892,0.499647,1
840,216.033,0,0,0,-4.57872e-008,7.85698e-009,0.981818,-0.00172314,0.0547588,-0.03187920.640924,0.499602,1
850,204.144,0,0,0,-4.57872e-008,7.85698e-009,0.981818,-0.00140535,0.0546874,-0.03108250.641001,0.499485,1
860,195.807,0,0,0,-4.57872e-008,7.85698e-009,0.981818,-0.00124842,0.0546761,-0.03061350.641183,0.499206,1
870,185.941,0,0,0,-4.57872e-008,7.85698e-009,0.981818,-0.00121162,0.0548209,-0.030190.641293,0.499029,1
880,181.166,0,0,0,-4.57872e-008,7.85698e-009,0.981818,-0.00118202,0.0549727,-0.02953380.641367,0.498903,1
890,183.278,0,0,0,-4.57872e-008,7.85698e-009,0.981818,-0.00126807,0.0551165,-0.02907550.64149,0.498685,1
900,184.601,0,0,0,-4.57872e-008,7.85698e-009,0.981818,-0.00102083,0.0555171,-0.02891830.641547,0.498574,1
910,192.965,0,0,0,-4.57872e-008,7.85698e-009,0.981818,-0.000543177,0.0561003,-0.02894830.641547,0.498574,1
920,197.645,0,0,0,-4.57872e-008,7.85698e-009,0.981818,-0.000192281,0.0565501,-0.02902050.641624,0.498411,1
930,197.571,0,0,0,-4.57872e-008,7.85698e-009,0.981818,-0.00015312,0.0567309,-0.02937110.641684,0.498285,1
940,202.842,0,0,0,-4.57872e-008,7.85698e-009,0.981818,-7.93674e-005,0.0568503,-0.02984740.641694,0.498261,1
950,211.636,0,0,0,-4.57872e-008,7.85698e-009,0.981818,3.74314e-005,0.057078,-0.03014170.641807,0.497966,1
960,219.056,0,0,0,-4.57872e-008,7.85698e-009,0.981818,2.92342e-006,0.0572456,-0.03020310.641931,0.497644,1
970,226.486,0,0,0,-4.57872e-008,7.85698e-009,0.981818,-7.00213e-005,0.0571844,-0.0303440.641976,0.497539,1
980,231.55,0,0,0,-4.57872e-008,7.85698e-009,0.981818,-2.61983e-006,0.0570573,-0.03055650.642009,0.497454,1
990,234.813,0,0,0,-4.57872e-008,7.85698e-009,0.981818,0.000152064,0.0569491,-0.03049840.642069,0.497295,1
1000,244.119,0,0,0,-4.57872e-008,7.85698e-009,0.981818,-3.01755e-005,0.0566706,-0.03027140.642121,0.497343,1
1010,244.964,0,0,0,-4.57872e-008,7.85698e-009,0.981818,-0.000330119,0.0562193,-0.03020250.642122,0.497346,1
1020,244.626,0,0,0,-4.57872e-008,7.85698e-009,0.981818,-0.000604801,0.0557929,-0.03042190.642188,0.497531,1
1030,234.227,0,0,0,-4.57872e-008,7.85698e-009,0.981818,-0.000828769,0.0552606,-0.0304050.64222,0.497682,1
1040,218.635,0,0,0,-4.57872e-008,7.85698e-009,0.981818,-0.00140721,0.0545523,-0.0300650.642224,0.497765,1
1050,212.309,0,0,0,-4.57872e-008,7.85698e-009,0.981818,-0.00182066,0.0541341,-0.02954380.642247,0.497878,1
1060,227.937,0,0,0,-4.57872e-008,7.85698e-009,0.981818,-0.00187012,0.0542539,-0.02912750.642302,0.498071,1
1070,250.261,0,0,0,-4.57872e-008,7.85698e-009,0.981818,-0.00167785,0.0543401,-0.02845490.64232,0.498174,1
1080,285.946,0,0,0,-4.57872e-008,7.85698e-009,0.981818,-0.00183999,0.054143,-0.02757460.642382,0.498486,1
1090,305.137,0,0,0,-4.57872e-008,7.85698e-009,0.981818,-0.00190234,0.0541872,-0.02670330.642483,0.498969,1
1100,325.216,0,0,0,-4.57872e-008,7.85698e-009,0.981818,-0.00164997,0.0544806,-0.02622880.64255,0.499301,1
1110,329.368,0,0,0,-4.57872e-008,7.85698e-009,0.981818,-0.00111876,0.054615,-0.0256730.642599,0.499545,1
1120,330.482,0,0,0,-4.57872e-008,7.85698e-009,0.981818,-0.000793875,0.0547117,-0.02480340.642645,0.499814,1
1130,315.272,0,0,0,-4.57872e-008,7.85698e-009,0.981818,-0.000393032,0.0551581,-0.02363190.642654,0.499896,1
1140,298.597,0,0,0,-4.57872e-008,7.85698e-009,0.981818,0.000242861,0.0556501,-0.02271820.642654,0.499896,1
1150,279.452,0,0,0,-4.57872e-008,7.85698e-009,0.981818,0.000931902,0.0560055,-0.02193130.642654,0.499896,1
1160,266.814,0,0,0,-4.57872e-008,7.85698e-009,0.981818,0.00118197,0.056448,-0.02125140.642654,0.499896,1
1170,255.296,0,0,0,-4.57872e-008,7.85698e-009,0.981818,0.00118498,0.0572121,-0.02053730.642654,0.499896,1
1180,247.718,0,0,0,-4.57872e-008,7.85698e-009,0.981818,0.00129267,0.0578152,-0.01994350.642654,0.499896,1
1190,252.151,0,0,0,-4.57872e-008,7.85698e-009,0.981818,0.00138996,0.0579583,-0.01917350.642654,0.499896,1
1200,264.584,0,0,0,-4.57872e-008,7.85698e-009,0.981818,0.00121756,0.0579228,-0.01848070.642654,0.499896,1
1210,285.523,0,0,0,-4.57872e-008,7.85698e-009,0.981818,0.000721715,0.0580306,-0.01790150.642654,0.499896,1
1220,305.786,0,0,0,-4.57872e-008,7.85698e-009,0.981818,0.000131077,0.0578432,-0.01758110.642654,0.499896,1
1230,318.222,0,0,0,-4.57872e-008,7.85698e-009,0.981818,-0.000726161,0.0571113,-0.01694860.642654,0.499896,1
1240,323.904,0,0,0,-4.57872e-008,7.85698e-009,0.981818,-0.00150971,0.0564726,-0.01593960.642652,0.499983,1
1250,317.664,0,0,0,-4.57872e-008,7.85698e-009,0.981818,-0.00213251,0.0563576,-0.01462480.642638,0.500428,1
1260,304.17,0,0,0,-4.57872e-008,7.85698e-009,0.981818,-0.00273057,0.0563516,-0.01373690.642638,0.500722,1
1270,288.174,0,0,0,-4.57872e-008,7.85698e-009,0.981818,-0.00365366,0.0563435,-0.01317980.642646,0.500879,1
1280,260.178,0,0,0,-4.57872e-008,7.85698e-009,0.981818,-0.00411059,0.0568376,-0.012730.642662,0.501003,1
1290,237.977,0,0,0,-4.57872e-008,7.85698e-009,0.981818,-0.00411891,0.0574373,-0.01190790.642696,0.501218,1
1300,235.175,0,0,0,-4.57872e-008,7.85698e-009,0.981818,-0.00388489,0.0574676,-0.01102820.642731,0.501405,1
1310,241.566,0,0,0,-4.57872e-008,7.85698e-009,0.981818,-0.00361372,0.0571676,-0.01011050.642743,0.501513,1
1320,253.237,0,0,0,-4.57872e-008,7.85698e-009,0.981818,-0.00311568,0.057439,-0.009320330.642764,0.501651,1
1330,261.63,0,0,0,-4.57872e-008,7.85698e-009,0.981818,-0.00300549,0.0581048,-0.008590030.642765,0.501655,1
1340,256.237,0,0,0,-4.57872e-008,7.85698e-009,0.981818,-0.0029273,0.0586211,-0.008212910.642765,0.501655,1
1350,260.001,0,0,0,-4.57872e-008,7.85698e-009,0.981818,-0.00263711,0.0589682,-0.008037210.642765,0.501655,1
1360,272.001,0,0,0,-4.57872e-008,7.85698e-009,0.981818,-0.00229302,0.0598545,-0.007958690.642765,0.501655,1
1370,300.85,0,0,0,-4.57872e-008,7.85698e-009,0.981818,-0.00257102,0.0609141,-0.00779830.642765,0.501655,1
1380,330.762,0,0,0,-4.57872e-008,7.85698e-009,0.981818,-0.00319109,0.0613733,-0.007759990.642765,0.501655,1
1390,347.421,0,0,0,-4.57872e-008,7.85698e-009,0.981818,-0.00375215,0.0612151,-0.007720520.642765,0.501655,1
1400,358.14,0,0,0,-4.57872e-008,7.85698e-009,0.981818,-0.00374176,0.0613019,-0.00758140.642765,0.501655,1
1410,364.563,0,0,0,-4.57872e-008,7.85698e-009,0.981818,-0.00350511,0.0614297,-0.007370990.642765,0.501655,1
1420,358.658,0,0,0,-4.57872e-008,7.85698e-009,0.981818,-0.00366235,0.0608805,-0.007514480.642782,0.501714,1
1430,337.905,0,0,0,-4.57872e-008,7.85698e-009,0.981818,-0.00395261,0.0598675,-0.007865320.642827,0.501843,1
1440,318.533,0,0,0,-4.57872e-008,7.85698e-009,0.981818,-0.00367334,0.0590665,-0.008205960.642832,0.501847,1
1450,296.585,0,0,0,-4.57872e-008,7.85698e-009,0.981818,-0.00333026,0.0581772,-0.008594680.643025,0.502005,1
1460,288.195,0,0,0,-4.57872e-008,7.85698e-009,0.981818,-0.00347231,0.0569781,-0.009403640.643045,0.50202,1
1470,285.343,0,0,0,-4.57872e-008,7.85698e-009,0.981818,-0.00352041,0.0561838,-0.01056990.643045,0.50202,1
1480,283.235,0,0,0,-4.57872e-008,7.85698e-009,0.981818,-0.00331999,0.0563019,-0.01210380.643045,0.50202,1
1490,278.491,0,0,0,-4.57872e-008,7.85698e-009,0.981818,-0.00339829,0.0566816,-0.0139460.643045,0.50202,1
1500,279.269,0,0,0,-4.57872e-008,7.85698e-009,0.981818,-0.00351207,0.0567327,-0.0158620.643045,0.50202,1
1510,288.429,0,0,0,-4.57872e-008,7.85698e-009,0.981818,-0.0031015,0.0568508,-0.01748360.643045,0.50202,1
1520,313.827,0,0,0,-4.57872e-008,7.85698e-009,0.981818,-0.002741,0.057574,-0.01895540.643045,0.50202,1
1530,326.249,0,0,0,-4.57872e-008,7.85698e-009,0.981818,-0.00276683,0.058557,-0.02065960.643045,0.50202,1
1540,310.071,0,0,0,-4.57872e-008,7.85698e-009,0.981818,-0.00267678,0.0590958,-0.02273180.643045,0.50202,1
1550,292.276,0,0,0,-4.57872e-008,7.85698e-009,0.981818,-0.00205184,0.0592321,-0.02473990.643045,0.50202,1
1560,268.278,0,0,0,-4.57872e-008,7.85698e-009,0.981818,-0.00143286,0.059384,-0.02626290.643045,0.50202,1
1570,255.915,0,0,0,-4.57872e-008,7.85698e-009,0.981818,-0.00124561,0.0596648,-0.02756590.643045,0.50202,1
1580,251.117,0,0,0,-4.57872e-008,7.85698e-009,0.981818,-0.00145917,0.0598236,-0.02882020.643045,0.50202,1
1590,250.684,0,0,0,-4.57872e-008,7.85698e-009,0.981818,-0.00151356,0.0599152,-0.02957530.643045,0.50202,1
1600,259.244,0,0,0,-4.57872e-008,7.85698e-009,0.981818,-0.0017286,0.0599319,-0.0294130.643045,0.50202,1
1610,265.776,0,0,0,-4.57872e-008,7.85698e-009,0.981818,-0.00238297,0.0598522,-0.02884220.643045,0.50202,1
1620,278.453,0,0,0,-4.57872e-008,7.85698e-009,0.981818,-0.00307232,0.0597912,-0.02800690.643045,0.50202,1
1630,283.932,0,0,0,-4.57872e-008,7.85698e-009,0.981818,-0.00299635,0.0600362,-0.0265930.643045,0.50202,1
1640,290.484,0,0,0,-4.57872e-008,7.85698e-009,0.981818,-0.00294005,0.0603172,-0.02437750.643045,0.50202,1
1650,290.617,0,0,0,-4.57872e-008,7.85698e-009,0.981818,-0.0031499,0.0603517,-0.02219390.643045,0.50202,1
1660,295.675,0,0,0,-4.57872e-008,7.85698e-009,0.981818,-0.00295794,0.0602434,-0.02051580.643045,0.50202,1
1670,309.527,0,0,0,-4.57872e-008,7.85698e-009,0.981818,-0.00217389,0.0601828,-0.01940040.643045,0.50202,1
1680,332.878,0,0,0,-4.57872e-008,7.85698e-009,0.981818,-0.00196799,0.0600283,-0.01836390.643045,0.50202,1
1690,344.635,0,0,0,-4.57872e-008,7.85698e-009,0.981818,-0.00186876,0.0599909,-0.01759450.643045,0.50202,1
1700,342.964,0,0,0,-4.57872e-008,7.85698e-009,0.981818,-0.000976519,0.0601952,-0.01697560.643045,0.50202,1
1710,315.342,0,0,0,-4.57872e-008,7.85698e-009,0.981818,0.000309201,0.0600579,-0.01652240.643045,0.50202,1
1720,279.106,0,0,0,-4.57872e-008,7.85698e-009,0.981818,0.000886275,0.0593606,-0.01586690.643177,0.502057,1
1730,259.779,0,0,0,-4.57872e-008,7.85698e-009,0.981818,0.00115778,0.0586401,-0.01545180.643177,0.502057,1
1740,245.976,0,0,0,-4.57872e-008,7.85698e-009,0.981818,0.00164442,0.0581506,-0.01531670.643177,0.502057,1
1750,239.797,0,0,0,-4.57872e-008,7.85698e-009,0.981818,0.0022096,0.0576702,-0.01538860.643259,0.502064,1
1760,252.577,0,0,0,-4.57872e-008,7.85698e-009,0.981818,0.00244256,0.0575905,-0.01498960.643259,0.502064,1
1770,273.77,0,0,0,-4.57872e-008,7.85698e-009,0.981818,0.00249596,0.0582574,-0.01447930.643259,0.502064,1
1780,314.384,0,0,0,-4.57872e-008,7.85698e-009,0.981818,0.0026225,0.0592574,-0.01418610.643281,0.50206,1
1790,361.131,0,0,0,-4.57872e-008,7.85698e-009,0.981818,0.00251392,0.0597586,-0.01440250.643281,0.50206,1
1800,379.187,0,0,0,-4.57872e-008,7.85698e-009,0.981818,0.00165395,0.0596696,-0.01462330.643281,0.50206,1
1810,362.515,0,0,0,-4.57872e-008,7.85698e-009,0.981818,0.000316149,0.0592707,-0.01491180.643626,0.501882,1
1820,320.129,0,0,0,-4.57872e-008,7.85698e-009,0.981818,-0.000854032,0.0588765,-0.01516980.643648,0.501838,1
1830,283.405,0,0,0,-4.57872e-008,7.85698e-009,0.981818,-0.00197671,0.0584517,-0.01554530.643648,0.501838,1
1840,260.788,0,0,0,-4.57872e-008,7.85698e-009,0.981818,-0.00303019,0.0582397,-0.01589530.643648,0.501838,1
1850,254.616,0,0,0,-4.57872e-008,7.85698e-009,0.981818,-0.00336011,0.0584224,-0.01638250.643648,0.501838,1
1860,262.891,0,0,0,-4.57872e-008,7.85698e-009,0.981818,-0.00276042,0.0586652,-0.01696780.643648,0.501838,1
1870,294.09,0,0,0,-4.57872e-008,7.85698e-009,0.981818,-0.00201577,0.0585678,-0.01772220.643648,0.501838,1
1880,344.904,0,0,0,-4.57872e-008,7.85698e-009,0.981818,-0.00129915,0.0584781,-0.0185290.644026,0.501498,1
1890,393.757,0,0,0,-4.57872e-008,7.85698e-009,0.981818,-0.00047737,0.0584107,-0.01946020.644153,0.501432,1
1900,412.824,0,0,0,-4.57872e-008,7.85698e-009,0.981818,0.000381125,0.0578062,-0.0206450.644213,0.501424,1
1910,396.912,0,0,0,-4.57872e-008,7.85698e-009,0.981818,0.00079727,0.0567492,-0.02206940.644226,0.501425,1
1920,362.845,0,0,0,-4.57872e-008,7.85698e-009,0.981818,0.000840328,0.0559877,-0.02333280.64425,0.501429,1
1930,323.21,0,0,0,-4.57872e-008,7.85698e-009,0.981818,0.000677789,0.0557334,-0.0240920.64425,0.501429,1
1940,307.417,0,0,0,-4.57872e-008,7.85698e-009,0.981818,0.00060292,0.0556272,-0.02456960.644332,0.501398,1
1950,295.319,0,0,0,-4.57872e-008,7.85698e-009,0.981818,0.000493663,0.0555049,-0.02504840.644393,0.501366,1
1960,292.13,0,0,0,-4.57872e-008,7.85698e-009,0.981818,0.000383215,0.0553784,-0.02567090.64447,0.501314,1
1970,297.698,0,0,0,-4.57872e-008,7.85698e-009,0.981818,9.16739e-005,0.0553728,-0.02630530.644591,0.501219,1
1980,306.159,0,0,0,-4.57872e-008,7.85698e-009,0.981818,-0.000398876,0.0556874,-0.02704760.644686,0.501133,1
1990,321.616,0,0,0,-4.57872e-008,7.85698e-009,0.981818,-0.000930662,0.0565054,-0.02767060.644752,0.501063,1
2000,1306.61,0,0,-8.08435,-0.000918284,0.0573816,0.977768,-0.000890325,0.0574651,-0.02815030.643793,0.500146,1
2010,1283.26,0,0,-7.92994,-0.000918284,0.0573816,0.937695,-0.000393521,0.0580017,-0.02859440.643231,0.499925,1
2020,1230.96,0,0,-7.77988,-0.000918284,0.0573816,0.898385,-5.61618e-005,0.0579645,-0.02936370.642415,0.49961,1
2030,1171.74,0,0,-7.63489,-0.000918284,0.0573816,0.859814,-0.000320222,0.0579496,-0.03008450.642459,0.499593,1
2040,1116.35,0,0,-7.49503,-0.000918284,0.0573816,0.821957,-0.000759453,0.0582677,-0.03053890.642663,0.499541,1
2050,1079.03,0,0,-7.35975,-0.000918284,0.0573816,0.784788,-0.000800159,0.0586428,-0.03084180.643122,0.499448,1
2060,1059.05,0,0,-7.2282,-0.000918284,0.0573816,0.748286,-0.000252505,0.0586614,-0.0315510.643787,0.499338,1
2070,1048.65,0,0,-7.09965,-0.000918284,0.0573816,0.712436,0.000637551,0.0584678,-0.03266750.644424,0.499254,1
2080,1038.41,0,0,-6.97386,-0.000918284,0.0573816,0.677221,0.00144519,0.0581036,-0.03408410.644777,0.499229,1
2090,1010.66,0,0,-6.85116,-0.000918284,0.0573816,0.64263,0.00178004,0.0576547,-0.03557970.64489,0.499233,1
2100,960.261,0,0,-6.73276,-0.000918284,0.0573816,0.608642,0.00149425,0.0572332,-0.03719270.645036,0.49928,1
2110,905.302,1.28775e-007,2.1971e-007,-6.61928,-0.000918284,0.0573816,0.575236,0.00108804,0.0570047,-0.03881680.645036,0.49928,1
2120,842.996,3.24943e-006,5.64049e-006,-6.51133,-0.000918276,0.0573816,0.542385,0.00062912,0.0567031,-0.04045280.645036,0.49928,1
2130,782.273,7.85728e-006,1.40854e-005,-6.40949,-0.00091825,0.0573817,0.51006,-0.000169534,0.0562786,-0.04193570.645036,0.49928,1
2140,750.092,1.5301e-005,2.71632e-005,-6.31283,-0.000918194,0.0573818,0.478232,-0.00138617,0.0557993,-0.04314920.645036,0.49928,1
2150,745.697,3.7302e-005,4.62025e-005,-6.21892,-0.000918071,0.0573819,0.44688,-0.00207326,0.055411,-0.04389650.645036,0.49928,1
2160,744.509,0.000117322,0.000155809,-6.1267,-0.000917701,0.0573824,0.415993,-0.00210078,0.0549947,-0.04431160.645036,0.49928,1
2170,743.156,0.000261653,0.000348216,-6.03618,-0.000916791,0.0573837,0.385564,-0.00174009,0.0546149,-0.04476640.645036,0.49928,1
2180,748.097,0.000602164,0.000532631,-5.9473,-0.000914681,0.0573859,0.355583,-0.00146465,0.054462,-0.04550580.645036,0.49928,1
2190,752.633,0.00109649,0.000778195,-5.8596,-0.000910539,0.0573891,0.326044,-0.00106567,0.0548288,-0.04626890.645036,0.49928,1
2200,741.763,0.00213164,0.00125246,-5.77422,-0.000902571,0.0573942,0.296939,-0.000971714,0.0554082,-0.04673350.645036,0.49928,1
2210,709.084,0.00333683,0.00166492,-5.69299,-0.000888963,0.0574015,0.268252,-0.00102845,0.0557906,-0.04684650.645036,0.49928,1
2220,668.15,0.00438508,0.00195467,-5.61715,-0.000869701,0.0574105,0.239959,-0.00104398,0.055795,-0.04671730.645036,0.49928,1
2230,634.383,0.00549105,0.00211428,-5.54632,-0.000844929,0.0574208,0.212033,-0.000642523,0.0555254,-0.04644350.645058,0.499292,1
2240,620.354,0.00610846,0.00192479,-5.47871,-0.000815532,0.0574311,0.184453,-0.000550756,0.0550628,-0.04610530.645079,0.499344,1
2250,616.681,0.00506685,0.000917034,-5.4115,-0.000786456,0.0574388,0.15721,-0.000969225,0.0548177,-0.0456030.645087,0.499386,1
2260,618.401,-3.40528e-005,-0.00170378,-5.34237,-0.000771599,0.0574377,0.130306,-0.00175508,0.0550065,-0.04472160.645082,0.499475,1
2270,611.174,-0.0128437,-0.00693842,-5.2695,-0.000799215,0.0574174,0.103758,-0.00215904,0.0552844,-0.04369190.645082,0.499475,1
2280,603.151,-0.0380375,-0.0164669,-5.19105,-0.000921311,0.0573612,0.0775873,-0.00221875,0.0553141,-0.04316040.645082,0.499475,1
2290,590.018,-0.0752294,-0.0315833,-5.10616,-0.00119972,0.0572431,0.051825,-0.00180379,0.0552875,-0.04346430.645082,0.499475,1
2300,570.674,-0.113271,-0.0503974,-5.0124,-0.00167605,0.0570393,0.0265089,-0.00122602,0.0553283,-0.04425960.645082,0.499475,1
2310,556.457,-0.139878,-0.0722108,-4.90798,-0.0023139,0.0567333,0.0016889,-0.000693731,0.0552682,-0.04506380.645072,0.499493,1
2320,542.372,-0.151884,-0.0905218,-4.79379,-0.00304889,0.0563224,-0.0225827,-0.00053302,0.0550844,-0.04567990.644992,0.499602,1
2330,521.583,-0.168553,-0.0886902,-4.674,-0.00384326,0.0558594,-0.0462667,-0.000312944,0.0547889,-0.04624260.644924,0.499678,1
2340,503.034,-0.213657,-0.0329913,-4.55504,-0.00477903,0.055524,-0.0693482,2.05125e-005,0.0543512,-0.0468880.644565,0.500027,1
2350,492.388,-0.315056,0.100369,-4.45186,-0.00607987,0.0556621,-0.0918658,0.000315898,0.0539431,-0.04768930.644339,0.500195,1
2360,502.8,-0.443334,0.271529,-4.3807,-0.0079756,0.0565929,-0.113943,0.000233615,0.0539343,-0.04849870.644339,0.500195,1
2370,517.127,-0.549332,0.407527,-4.3402,-0.0104775,0.0583174,-0.135746,-1.12667e-005,0.0543352,-0.04905350.644339,0.500195,1
2380,515.593,-0.60703,0.480511,-4.31458,-0.0133894,0.0605634,-0.157393,-0.00024879,0.0548053,-0.04898040.64418,0.500185,1
2390,499.228,-0.627325,0.507318,-4.28878,-0.0164892,0.0630489,-0.178913,-0.000304696,0.0549804,-0.04835710.643941,0.50013,1
2400,477.066,-0.626229,0.508417,-4.26087,-0.0196309,0.0655972,-0.200298,-0.000210494,0.0549038,-0.04761350.64343,0.49999,1
2410,453.424,-0.614313,0.49589,-4.23349,-0.0227368,0.0681132,-0.221543,-1.55351e-005,0.0546501,-0.04709890.643075,0.499865,1
2420,442.698,-0.597083,0.476881,-4.20781,-0.025768,0.0705477,-0.242654,7.90014e-005,0.0541824,-0.04659650.642862,0.499764,1
2430,448.377,-0.577679,0.456524,-4.18215,-0.0287065,0.0728818,-0.263638,-3.86128e-005,0.053522,-0.04599880.642651,0.49964,1
2440,460.601,-0.558431,0.43835,-4.15456,-0.0315475,0.0751185,-0.28449,-0.000105649,0.0531157,-0.04539030.642632,0.499625,1
2450,468.324,-0.541338,0.424007,-4.12458,-0.0342969,0.0772737,-0.305198,0.000174373,0.0531112,-0.04499090.642535,0.499514,1
2460,460.562,-0.52755,0.41353,-4.09313,-0.0369688,0.0793669,-0.325751,0.000693506,0.0532953,-0.04476080.642356,0.499303,1
2470,441.962,-0.517325,0.406243,-4.06197,-0.0395807,0.0814161,-0.346147,0.00108297,0.0535081,-0.04469690.642079,0.498999,1
2480,424.67,-0.510007,0.401274,-4.03199,-0.042149,0.0834349,-0.36639,0.00136316,0.0537623,-0.04464220.641918,0.498848,1
2490,416.154,-0.504684,0.397662,-4.00266,-0.044686,0.0854325,-0.386483,0.00145195,0.0537891,-0.0446540.641727,0.498691,1
2500,410.585,-0.500461,0.394723,-3.97371,-0.0471993,0.0874139,-0.406431,0.0014176,0.053617,-0.04485890.641458,0.498485,1
2510,406.336,-0.496825,0.392118,-3.94563,-0.0496932,0.0893816,-0.426236,0.00139373,0.0535367,-0.04555880.641268,0.498321,1
2520,408.266,-0.49355,0.389694,-3.91785,-0.0521699,0.0913367,-0.445901,0.00158995,0.0536073,-0.04663280.641152,0.498208,1
2530,421.936,-0.490167,0.387227,-3.8888,-0.0546301,0.0932798,-0.465425,0.00159464,0.053602,-0.04777230.641152,0.498208,1
2540,434.73,-0.486539,0.384534,-3.85784,-0.0570729,0.09521,-0.4848,0.00131215,0.0536631,-0.04861860.641152,0.498208,1
2550,433.285,-0.482802,0.381697,-3.82649,-0.0594972,0.0971263,-0.504018,0.000792691,0.0538579,-0.04928170.641152,0.498208,1
2560,420.629,-0.479263,0.379,-3.79705,-0.0619031,0.0990287,-0.523083,0.000478251,0.0539106,-0.04986970.64114,0.498186,1
2570,410.897,-0.475937,0.376435,-3.76985,-0.0642919,0.100918,-0.542006,0.000402284,0.0535363,-0.0505120.640999,0.497912,1
2580,395.44,-0.472886,0.37408,-3.74508,-0.0666645,0.102795,-0.560798,0.00065367,0.0529084,-0.05110660.640999,0.497912,1
2590,377.384,-0.470248,0.372044,-3.72373,-0.0690228,0.10466,-0.579473,0.000962235,0.0523203,-0.05158690.640869,0.497741,1
2600,370.73,-0.46803,0.370321,-3.70542,-0.071369,0.106517,-0.59805,0.00146076,0.051943,-0.05172490.640869,0.497741,1
2610,383.614,-0.465658,0.36851,-3.68621,-0.073704,0.108364,-0.616535,0.00198224,0.0517565,-0.05163240.640716,0.497571,1
2620,393.769,-0.462994,0.366433,-3.66486,-0.0760264,0.110202,-0.634919,0.00255118,0.0518127,-0.05161990.640399,0.497234,1
2630,394.956,-0.46023,0.364268,-3.6428,-0.0783351,0.11203,-0.653193,0.00294013,0.0520411,-0.05190250.640049,0.496879,1
2640,389.453,-0.457514,0.362118,-3.6213,-0.0806301,0.113846,-0.671358,0.00320627,0.0521664,-0.05227920.639797,0.496637,1
2650,375.287,-0.455056,0.360173,-3.60185,-0.082912,0.115652,-0.68942,0.00307168,0.0520842,-0.05252760.639575,0.49644,1
2660,354.938,-0.453053,0.358588,-3.58599,-0.0851826,0.117449,-0.707392,0.00282002,0.052207,-0.05261250.639408,0.496305,1
2670,335.036,-0.451616,0.357451,-3.57462,-0.0874444,0.119239,-0.725294,0.00270616,0.0526536,-0.05268890.639388,0.496291,1
2680,330.991,-0.450557,0.356612,-3.56624,-0.0897,0.121025,-0.743148,0.00298332,0.0530008,-0.05287430.639266,0.496213,1
2690,336.602,-0.449423,0.355715,-3.55726,-0.0919503,0.122806,-0.76096,0.00328397,0.0529984,-0.05306470.639266,0.496213,1
2700,350.375,-0.447988,0.354579,-3.5459,-0.0941944,0.124582,-0.778722,0.00348938,0.0528287,-0.05312550.639266,0.496213,1
2710,360.324,-0.446222,0.353181,-3.53192,-0.0964304,0.126352,-0.796421,0.0033993,0.0524758,-0.05303480.639266,0.496213,1
2720,358.769,-0.444345,0.351696,-3.51707,-0.0986573,0.128114,-0.814047,0.00322337,0.0518662,-0.05290050.639066,0.49617,1
2730,348.56,-0.442666,0.350367,-3.50378,-0.100875,0.12987,-0.831601,0.00307684,0.0512352,-0.05272730.638879,0.496142,1
2740,342.365,-0.441254,0.349249,-3.4926,-0.103085,0.131619,-0.849094,0.00316986,0.0507817,-0.05269130.638727,0.496129,1
2750,342.201,-0.439875,0.348157,-3.48168,-0.105288,0.133363,-0.866533,0.00325467,0.0504338,-0.05284760.638412,0.496113,1
2760,335.622,-0.438614,0.347159,-3.4717,-0.107485,0.135101,-0.883918,0.00314325,0.050198,-0.05312810.637959,0.4961,1
2770,325.882,-0.437609,0.346364,-3.46375,-0.109676,0.136835,-0.901258,0.00266424,0.0503271,-0.05323710.637514,0.496098,1
2780,321.994,-0.436824,0.345742,-3.45753,-0.111862,0.138566,-0.918562,0.00209511,0.0507452,-0.05328880.637138,0.496106,1
2790,322.357,-0.436072,0.345148,-3.45158,-0.114044,0.140293,-0.935836,0.00161763,0.0510842,-0.05348710.636723,0.496125,1
2800,319.01,-0.435359,0.344583,-3.44594,-0.116223,0.142017,-0.953081,0.00130094,0.0511258,-0.05404850.636185,0.496158,1
2810,313.971,-0.434792,0.344134,-3.44145,-0.118398,0.143739,-0.9703,0.00107681,0.0512084,-0.05460010.635607,0.496204,1
2820,309.267,-0.434396,0.343821,-3.43832,-0.120571,0.145459,-0.9875,0.00114783,0.0514659,-0.05480570.635042,0.496259,1
2830,302.973,-0.434169,0.343641,-3.43652,-0.122743,0.147178,0.995313,0.00163739,0.0515623,-0.05448660.634356,0.496335,1
2840,297.354,-0.434179,0.34365,-3.4366,-0.124914,0.148896,0.978131,0.0024584,0.051172,-0.05400770.633537,0.496435,1
2850,305.035,-0.43417,0.343642,-3.43653,-0.127085,0.150614,0.960947,0.00325141,0.0507243,-0.0534840.632837,0.496529,1
2860,324.276,-0.433626,0.343212,-3.43222,-0.129254,0.152332,0.943772,0.00370117,0.0505026,-0.05313670.632365,0.496602,1
2870,334.231,-0.432612,0.342409,-3.42419,-0.13142,0.154046,0.926628,0.00383604,0.0505059,-0.05280040.632014,0.496666,1
2880,335.005,-0.43148,0.341513,-3.41524,-0.133581,0.155756,0.909527,0.00385662,0.0506657,-0.05239240.631752,0.496721,1
2890,329.753,-0.430408,0.340665,-3.40675,-0.135736,0.157462,0.892471,0.00383394,0.050979,-0.05169420.63164,0.496746,1
2900,321.107,-0.429598,0.340024,-3.40034,-0.137886,0.159164,0.875452,0.00380262,0.0510069,-0.05122090.63164,0.496746,1
2910,319.558,-0.428924,0.33949,-3.395,-0.140032,0.160862,0.858463,0.00400674,0.050713,-0.05120320.63164,0.496746,1
2920,323.187,-0.428218,0.338931,-3.38942,-0.142175,0.162559,0.8415,0.00424898,0.0504025,-0.0515360.63164,0.496746,1
2930,319.054,-0.427469,0.338338,-3.38349,-0.144315,0.164252,0.824567,0.00431551,0.0503069,-0.05154960.631432,0.496815,1
2940,304.062,-0.4271,0.338046,-3.38057,-0.146451,0.165943,0.807658,0.00428928,0.0502387,-0.05124730.631314,0.496857,1
2950,291.791,-0.427195,0.338122,-3.38132,-0.148587,0.167633,0.790755,0.00435119,0.050209,-0.05078950.631181,0.496911,1
2960,282.247,-0.427724,0.33854,-3.38551,-0.150724,0.169324,0.77384,0.0042602,0.0502264,-0.05056140.631057,0.49696,1
2970,278.112,-0.428489,0.339146,-3.39156,-0.152864,0.171019,0.756899,0.0042009,0.0503663,-0.05052560.630791,0.49706,1
2980,279.099,-0.429342,0.339821,-3.39831,-0.155008,0.172716,0.739926,0.00435064,0.0506162,-0.05083450.630334,0.497235,1
2990,287.691,-0.42997,0.340318,-3.40328,-0.157157,0.174416,0.722922,0.00461784,0.050931,-0.05129460.629767,0.497456,1
