step,T,sn_vel[0],sn_vel[1],sn_vel[2],sn_crd[0],sn_crd[1],sn_crd[2],target_crd[0],target_crd[1],target_crd[2],boundary[0],boundary[1],boundary[2]
0,0.0132048,0,0,0,-2.7093e-008,8.66977e-009,0.981818,-0.000251698,0.0555338,-0.03341690.634455,0.50212,1
10,1.80294,0,0,0,-2.7093e-008,8.66977e-009,0.981818,-0.000252981,0.0555012,-0.03344940.634589,0.502235,1
20,2.42575,0,0,0,-2.7093e-008,8.66977e-009,0.981818,-0.000251083,0.0554315,-0.03355840.634744,0.502355,1
30,3.10849,0,0,0,-2.7093e-008,8.66977e-009,0.981818,-0.000212126,0.0554003,-0.03370870.634809,0.502399,1
40,3.54834,0,0,0,-2.7093e-008,8.66977e-009,0.981818,-0.000229384,0.0554359,-0.03381730.63502,0.502528,1
50,3.49546,0,0,0,-2.7093e-008,8.66977e-009,0.981818,-0.000252147,0.0555246,-0.03388180.635289,0.50268,1
60,3.59481,0,0,0,-2.7093e-008,8.66977e-009,0.981818,-0.000246659,0.0555914,-0.03398340.635522,0.502799,1
70,3.83971,0,0,0,-2.7093e-008,8.66977e-009,0.981818,-0.000217108,0.0556185,-0.0341410.635777,0.502917,1
80,3.6701,0,0,0,-2.7093e-008,8.66977e-009,0.981818,-0.000222546,0.0556352,-0.03429660.636077,0.503042,1
90,3.69648,0,0,0,-2.7093e-008,8.66977e-009,0.981818,-0.000217984,0.0556634,-0.03441830.636365,0.503148,1
100,3.57149,0,0,0,-2.7093e-008,8.66977e-009,0.981818,-0.000190696,0.05567,-0.0345450.636621,0.50323,1
110,12.8293,0,0,0,-2.7093e-008,8.66977e-009,0.981818,-0.000143801,0.0556452,-0.03479430.636972,0.503328,1
120,19.8245,0,0,0,-2.7093e-008,8.66977e-009,0.981818,-0.00012017,0.0556137,-0.03516230.637356,0.503424,1
130,24.5435,0,0,0,-2.7093e-008,8.66977e-009,0.981818,-7.17982e-005,0.0555957,-0.03557910.637697,0.503497,1
140,27.5714,0,0,0,-2.7093e-008,8.66977e-009,0.981818,-1.89611e-008,0.0555824,-0.03604190.638027,0.503557,1
150,29.426,0,0,0,-2.7093e-008,8.66977e-009,0.981818,2.00436e-005,0.055605,-0.03653070.638332,0.503601,1
160,30.2242,0,0,0,-2.7093e-008,8.66977e-009,0.981818,-1.1085e-005,0.0556694,-0.0369930.638585,0.503627,1
170,30.6082,0,0,0,-2.7093e-008,8.66977e-009,0.981818,3.36646e-005,0.055719,-0.03745490.638825,0.503643,1
180,30.5558,0,0,0,-2.7093e-008,8.66977e-009,0.981818,0.00015921,0.0557038,-0.03800080.639084,0.503651,1
190,30.1257,0,0,0,-2.7093e-008,8.66977e-009,0.981818,0.000274747,0.0556546,-0.03862170.639289,0.503649,1
200,29.6287,0,0,0,-2.7093e-008,8.66977e-009,0.981818,0.000382182,0.0556316,-0.03923930.639435,0.503643,1
210,38.2006,0,0,0,-2.7093e-008,8.66977e-009,0.981818,0.000498344,0.0556417,-0.03991540.639484,0.503639,1
220,43.6539,0,0,0,-2.7093e-008,8.66977e-009,0.981818,0.000537679,0.0556461,-0.04073350.639492,0.503638,1
230,46.9872,0,0,0,-2.7093e-008,8.66977e-009,0.981818,0.000471645,0.0556429,-0.04164830.639492,0.503638,1
240,48.5909,0,0,0,-2.7093e-008,8.66977e-009,0.981818,0.000434943,0.0556799,-0.04256960.639492,0.503638,1
250,49.1645,0,0,0,-2.7093e-008,8.66977e-009,0.981818,0.000445663,0.0557289,-0.04350530.639492,0.503638,1
260,48.9334,0,0,0,-2.7093e-008,8.66977e-009,0.981818,0.000443788,0.0557267,-0.04451210.639492,0.503638,1
270,48.1288,0,0,0,-2.7093e-008,8.66977e-009,0.981818,0.000436763,0.0556909,-0.04555790.639492,0.503638,1
280,47.1878,0,0,0,-2.7093e-008,8.66977e-009,0.981818,0.000556407,0.0556783,-0.04656720.639492,0.503638,1
290,46.1887,0,0,0,-2.7093e-008,8.66977e-009,0.981818,0.000771299,0.0556481,-0.04757740.639492,0.503638,1
300,45.4218,0,0,0,-2.7093e-008,8.66977e-009,0.981818,0.000970511,0.0555968,-0.04866770.639492,0.503638,1
310,53.7124,0,0,0,-2.7093e-008,8.66977e-009,0.981818,0.00105084,0.0555836,-0.04984480.639492,0.503638,1
320,58.9829,0,0,0,-2.7093e-008,8.66977e-009,0.981818,0.00110358,0.0556236,-0.05102060.639492,0.503638,1
330,62.0992,0,0,0,-2.7093e-008,8.66977e-009,0.981818,0.00112433,0.0556243,-0.05222280.639492,0.503638,1
340,63.9845,0,0,0,-2.7093e-008,8.66977e-009,0.981818,0.00112066,0.0555756,-0.05351930.639492,0.503638,1
350,65.753,0,0,0,-2.7093e-008,8.66977e-009,0.981818,0.00110991,0.0555193,-0.05479440.639492,0.503638,1
360,67.2462,0,0,0,-2.7093e-008,8.66977e-009,0.981818,0.0011908,0.0555237,-0.05595610.639492,0.503638,1
370,69.1235,0,0,0,-2.7093e-008,8.66977e-009,0.981818,0.00115795,0.0556015,-0.05713850.639492,0.503638,1
380,71.8531,0,0,0,-2.7093e-008,8.66977e-009,0.981818,0.000968657,0.0557301,-0.05841670.639492,0.503638,1
390,74.4821,0,0,0,-2.7093e-008,8.66977e-009,0.981818,0.000766626,0.0558187,-0.05961130.639492,0.503638,1
400,77.3258,0,0,0,-2.7093e-008,8.66977e-009,0.981818,0.000731519,0.0558726,-0.06060930.639492,0.503638,1
410,89.2443,0,0,0,-2.7093e-008,8.66977e-009,0.981818,0.000686763,0.0559276,-0.06158330.639492,0.503638,1
420,97.7611,0,0,0,-2.7093e-008,8.66977e-009,0.981818,0.000628897,0.0560148,-0.06262670.639492,0.503638,1
430,104.553,0,0,0,-2.7093e-008,8.66977e-009,0.981818,0.000558478,0.0560626,-0.06355140.639492,0.503638,1
440,110.072,0,0,0,-2.7093e-008,8.66977e-009,0.981818,0.000530255,0.0560347,-0.06422380.639492,0.503638,1
450,113.557,0,0,0,-2.7093e-008,8.66977e-009,0.981818,0.000479392,0.055962,-0.06478020.639492,0.503638,1
460,116.001,0,0,0,-2.7093e-008,8.66977e-009,0.981818,0.000499263,0.0559326,-0.06531910.639492,0.503638,1
470,117.196,0,0,0,-2.7093e-008,8.66977e-009,0.981818,0.000499531,0.055889,-0.06566720.639579,0.503566,1
480,118.24,0,0,0,-2.7093e-008,8.66977e-009,0.981818,0.00043775,0.0557894,-0.06570870.639579,0.503566,1
490,118.631,0,0,0,-2.7093e-008,8.66977e-009,0.981818,0.000277287,0.0556598,-0.06560750.639609,0.503539,1
500,119.083,0,0,0,-2.7093e-008,8.66977e-009,0.981818,0.000208183,0.0555038,-0.06545320.63972,0.503433,1
510,128.37,0,0,0,-2.7093e-008,8.66977e-009,0.981818,0.000269228,0.0552597,-0.06507840.639828,0.503326,1
520,135.243,0,0,0,-2.7093e-008,8.66977e-009,0.981818,0.000366318,0.055074,-0.06447450.640015,0.503131,1
530,139.382,0,0,0,-2.7093e-008,8.66977e-009,0.981818,0.00029519,0.0551015,-0.06389810.640231,0.502895,1
540,141.797,0,0,0,-2.7093e-008,8.66977e-009,0.981818,0.000123987,0.0552113,-0.06340080.64042,0.502677,1
550,142.731,0,0,0,-2.7093e-008,8.66977e-009,0.981818,-6.2577e-005,0.0551697,-0.0627480.640596,0.50246,1
560,143.083,0,0,0,-2.7093e-008,8.66977e-009,0.981818,-0.000202337,0.0550491,-0.06190150.640801,0.502191,1
570,143.539,0,0,0,-2.7093e-008,8.66977e-009,0.981818,-0.000272509,0.0550543,-0.06112450.641045,0.501855,1
580,144.786,0,0,0,-2.7093e-008,8.66977e-009,0.981818,-0.000245285,0.0551991,-0.06054660.641277,0.501519,1
590,146.062,0,0,0,-2.7093e-008,8.66977e-009,0.981818,-0.000251805,0.05534,-0.05996780.641474,0.501216,1
600,147.428,0,0,0,-2.7093e-008,8.66977e-009,0.981818,-0.000323433,0.0554157,-0.05923450.64166,0.500914,1
610,157.343,0,0,0,-2.7093e-008,8.66977e-009,0.981818,-0.00034784,0.0554178,-0.05847820.64183,0.500622,1
620,163.784,0,0,0,-2.7093e-008,8.66977e-009,0.981818,-0.00031604,0.0553083,-0.05782460.641992,0.500326,1
630,167.282,0,0,0,-2.7093e-008,8.66977e-009,0.981818,-0.000366203,0.0551853,-0.05712480.642182,0.499961,1
640,169.287,0,0,0,-2.7093e-008,8.66977e-009,0.981818,-0.00052543,0.0552787,-0.05625660.642361,0.499598,1
650,171.217,0,0,0,-2.7093e-008,8.66977e-009,0.981818,-0.000676906,0.0555627,-0.05533460.642456,0.499391,1
660,172.169,0,0,0,-2.7093e-008,8.66977e-009,0.981818,-0.000817138,0.0557129,-0.05439020.642484,0.499327,1
670,172.868,0,0,0,-2.7093e-008,8.66977e-009,0.981818,-0.000917016,0.0556543,-0.05324590.642493,0.499303,1
680,174.386,0,0,0,-2.7093e-008,8.66977e-009,0.981818,-0.00087942,0.0555672,-0.05189340.642525,0.499215,1
690,176.486,0,0,0,-2.7093e-008,8.66977e-009,0.981818,-0.000687726,0.0554611,-0.05054660.642548,0.499146,1
700,180.489,0,0,0,-2.7093e-008,8.66977e-009,0.981818,-0.000610741,0.0552395,-0.04922120.642574,0.499056,1
710,194.642,0,0,0,-2.7093e-008,8.66977e-009,0.981818,-0.000678174,0.0550389,-0.04761860.642601,0.498947,1
720,205.345,0,0,0,-2.7093e-008,8.66977e-009,0.981818,-0.00071204,0.0549478,-0.0456170.642623,0.498853,1
730,213.973,0,0,0,-2.7093e-008,8.66977e-009,0.981818,-0.000623105,0.0548397,-0.04349420.642623,0.498853,1
740,219.983,0,0,0,-2.7093e-008,8.66977e-009,0.981818,-0.000620914,0.0546829,-0.0414740.642623,0.498853,1
750,223.379,0,0,0,-2.7093e-008,8.66977e-009,0.981818,-0.000674157,0.0546729,-0.03949120.642623,0.498853,1
760,225.345,0,0,0,-2.7093e-008,8.66977e-009,0.981818,-0.000718287,0.0548174,-0.03745490.642623,0.498853,1
770,225.038,0,0,0,-2.7093e-008,8.66977e-009,0.981818,-0.000771499,0.0548756,-0.03546490.642623,0.498853,1
780,224.013,0,0,0,-2.7093e-008,8.66977e-009,0.981818,-0.000911042,0.0547811,-0.03359110.642623,0.498853,1
790,222.284,0,0,0,-2.7093e-008,8.66977e-009,0.981818,-0.000940121,0.0547717,-0.03181050.642623,0.498853,1
800,218.51,0,0,0,-2.7093e-008,8.66977e-009,0.981818,-0.000805312,0.0549152,-0.03010230.642623,0.498853,1
810,222.643,0,0,0,-2.7093e-008,8.66977e-009,0.981818,-0.000611304,0.0549868,-0.02851320.642623,0.498853,1
820,221.816,0,0,0,-2.7093e-008,8.66977e-009,0.981818,-0.000504589,0.054949,-0.02703460.642623,0.498853,1
830,218.166,0,0,0,-2.7093e-008,8.66977e-009,0.981818,-0.000352956,0.0549806,-0.02564130.642623,0.498853,1
840,212.578,0,0,0,-2.7093e-008,8.66977e-009,0.981818,-0.00012325,0.0550032,-0.02438530.642623,0.498853,1
850,205.655,0,0,0,-2.7093e-008,8.66977e-009,0.981818,5.97175e-005,0.054848,-0.02340310.642612,0.498862,1
860,198.155,0,0,0,-2.7093e-008,8.66977e-009,0.981818,7.62777e-005,0.0546841,-0.02262940.642612,0.498862,1
870,190.482,0,0,0,-2.7093e-008,8.66977e-009,0.981818,0.000111466,0.0546462,-0.0218810.642612,0.498862,1
880,183.695,0,0,0,-2.7093e-008,8.66977e-009,0.981818,0.000217309,0.054609,-0.02111870.642612,0.498862,1
890,178.649,0,0,0,-2.7093e-008,8.66977e-009,0.981818,0.000324061,0.0545618,-0.02048350.642608,0.498876,1
900,174.951,0,0,0,-2.7093e-008,8.66977e-009,0.981818,0.000405096,0.0545718,-0.01994290.642574,0.499037,1
910,182.482,0,0,0,-2.7093e-008,8.66977e-009,0.981818,0.000575332,0.0545751,-0.01930360.642544,0.499211,1
920,188.863,0,0,0,-2.7093e-008,8.66977e-009,0.981818,0.000823261,0.0546015,-0.01845320.642531,0.499339,1
930,196.149,0,0,0,-2.7093e-008,8.66977e-009,0.981818,0.00107735,0.0546611,-0.01743850.642524,0.499496,1
940,207.293,0,0,0,-2.7093e-008,8.66977e-009,0.981818,0.00114926,0.0546821,-0.01622290.642526,0.499654,1
950,219.934,0,0,0,-2.7093e-008,8.66977e-009,0.981818,0.00108753,0.0548137,-0.01483880.642535,0.499776,1
960,231.754,0,0,0,-2.7093e-008,8.66977e-009,0.981818,0.0010982,0.0550726,-0.0134860.642553,0.49992,1
970,243.564,0,0,0,-2.7093e-008,8.66977e-009,0.981818,0.00107726,0.0551716,-0.01233720.642573,0.500016,1
980,254.119,0,0,0,-2.7093e-008,8.66977e-009,0.981818,0.000817722,0.0551618,-0.01129590.642584,0.500056,1
990,262.231,0,0,0,-2.7093e-008,8.66977e-009,0.981818,0.000673451,0.0553146,-0.01014390.642632,0.500235,1
1000,269.24,0,0,0,-2.7093e-008,8.66977e-009,0.981818,0.000797453,0.0555449,-0.008778170.642466,0.500575,1
1010,275.95,0,0,0,-2.7093e-008,8.66977e-009,0.981818,0.000786434,0.0557757,-0.007381960.642207,0.500916,1
1020,282.554,0,0,0,-2.7093e-008,8.66977e-009,0.981818,0.000651654,0.0560524,-0.006176560.641878,0.50125,1
1030,289.646,0,0,0,-2.7093e-008,8.66977e-009,0.981818,0.000846787,0.0561482,-0.005039470.641486,0.501598,1
1040,295.322,0,0,0,-2.7093e-008,8.66977e-009,0.981818,0.00121448,0.0559259,-0.003760420.641063,0.501907,1
1050,299.285,0,0,0,-2.7093e-008,8.66977e-009,0.981818,0.00141012,0.0557344,-0.002470770.640628,0.502164,1
1060,301.259,0,0,0,-2.7093e-008,8.66977e-009,0.981818,0.00156892,0.0556409,-0.00134590.640135,0.502408,1
1070,300.402,0,0,0,-2.7093e-008,8.66977e-009,0.981818,0.00185148,0.0552971,-0.0002405320.639575,0.502645,1
1080,297.554,0,0,0,-2.7093e-008,8.66977e-009,0.981818,0.00214623,0.0547175,0.0009440410.639055,0.502825,1
1090,292.18,0,0,0,-2.7093e-008,8.66977e-009,0.981818,0.00243946,0.0543135,0.002136260.638518,0.502973,1
1100,283.381,0,0,0,-2.7093e-008,8.66977e-009,0.981818,0.00269327,0.054115,0.003350270.637805,0.503139,1
1110,275.346,0,0,0,-2.7093e-008,8.66977e-009,0.981818,0.00281266,0.0539052,0.004767590.637002,0.503297,1
1120,267.71,0,0,0,-2.7093e-008,8.66977e-009,0.981818,0.00273649,0.0536426,0.006360740.636196,0.503431,1
1130,261.186,0,0,0,-2.7093e-008,8.66977e-009,0.981818,0.00250423,0.0534105,0.007936610.635283,0.503555,1
1140,254.626,0,0,0,-2.7093e-008,8.66977e-009,0.981818,0.00221604,0.0532383,0.009344390.634311,0.50366,1
1150,247.185,0,0,0,-2.7093e-008,8.66977e-009,0.981818,0.00204934,0.0532438,0.01075880.633395,0.503733,1
1160,236.726,0,0,0,-2.7093e-008,8.66977e-009,0.981818,0.00190169,0.0535066,0.01224060.632489,0.503781,1
1170,227.662,0,0,0,-2.7093e-008,8.66977e-009,0.981818,0.00170192,0.0538722,0.01374730.63157,0.503805,1
1180,219.62,0,0,0,-2.7093e-008,8.66977e-009,0.981818,0.00153325,0.0540839,0.01523150.63066,0.503805,1
1190,219.967,0,0,0,-2.7093e-008,8.66977e-009,0.981818,0.00152775,0.0541526,0.01680080.629786,0.503782,1
1200,228.252,0,0,0,-2.7093e-008,8.66977e-009,0.981818,0.00152874,0.0542686,0.01834280.62905,0.503741,1
1210,237.348,0,0,0,-2.7093e-008,8.66977e-009,0.981818,0.00150769,0.0544445,0.01988590.628399,0.503685,1
1220,239.083,0,0,0,-2.7093e-008,8.66977e-009,0.981818,0.00139831,0.0545335,0.02145680.627715,0.503612,1
1230,231.615,0,0,0,-2.7093e-008,8.66977e-009,0.981818,0.00118997,0.0545172,0.02299140.627145,0.503539,1
1240,222.349,0,0,0,-2.7093e-008,8.66977e-009,0.981818,0.000856119,0.0544877,0.02415360.626723,0.503486,1
1250,216.795,0,0,0,-2.7093e-008,8.66977e-009,0.981818,0.000574845,0.0545073,0.02490710.626167,0.503429,1
1260,213.965,0,0,0,-2.7093e-008,8.66977e-009,0.981818,0.000427952,0.054641,0.0254220.62554,0.503375,1
1270,213.601,0,0,0,-2.7093e-008,8.66977e-009,0.981818,0.000498554,0.0548102,0.02591370.625051,0.503339,1
1280,214.713,0,0,0,-2.7093e-008,8.66977e-009,0.981818,0.000599006,0.0547991,0.02635920.624565,0.503297,1
1290,209.517,0,0,0,-2.7093e-008,8.66977e-009,0.981818,0.000755667,0.0546658,0.02681540.624009,0.503235,1
1300,198.346,0,0,0,-2.7093e-008,8.66977e-009,0.981818,0.00112777,0.0547051,0.02723260.62353,0.503171,1
1310,180.421,0,0,0,-2.7093e-008,8.66977e-009,0.981818,0.0017024,0.0549046,0.02739660.623069,0.503099,1
1320,165.245,0,0,0,-2.7093e-008,8.66977e-009,0.981818,0.00198625,0.055031,0.02707420.62252,0.503002,1
1330,161.185,0,0,0,-2.7093e-008,8.66977e-009,0.981818,0.00186139,0.0551645,0.02643260.62193,0.502886,1
1340,166.638,0,0,0,-2.7093e-008,8.66977e-009,0.981818,0.00159511,0.0554061,0.02575470.621344,0.502759,1
1350,179.996,0,0,0,-2.7093e-008,8.66977e-009,0.981818,0.00141477,0.0556281,0.02503450.620943,0.502659,1
1360,197.139,0,0,0,-2.7093e-008,8.66977e-009,0.981818,0.00120354,0.0558634,0.02419810.62092,0.502652,1
1370,214.745,0,0,0,-2.7093e-008,8.66977e-009,0.981818,0.00101621,0.0562205,0.0233660.62092,0.502652,1
1380,231.272,0,0,0,-2.7093e-008,8.66977e-009,0.981818,0.000915149,0.0564116,0.02262050.620765,0.50256,1
1390,245.558,0,0,0,-2.7093e-008,8.66977e-009,0.981818,0.000993803,0.0562833,0.02189960.620744,0.502547,1
1400,257.128,0,0,0,-2.7093e-008,8.66977e-009,0.981818,0.00127815,0.0561751,0.02123330.620744,0.502547,1
1410,269.653,0,0,0,-2.7093e-008,8.66977e-009,0.981818,0.00163749,0.0562471,0.02046480.620744,0.502547,1
1420,279.035,0,0,0,-2.7093e-008,8.66977e-009,0.981818,0.00175788,0.0561618,0.01933290.620744,0.502547,1
1430,288.829,0,0,0,-2.7093e-008,8.66977e-009,0.981818,0.00156954,0.0557846,0.01775130.620744,0.502547,1
1440,293.537,0,0,0,-2.7093e-008,8.66977e-009,0.981818,0.00113957,0.0553011,0.01597370.620582,0.502401,1
1450,296.662,0,0,0,-2.7093e-008,8.66977e-009,0.981818,0.000487318,0.0548667,0.01411220.620418,0.502244,1
1460,296.907,0,0,0,-2.7093e-008,8.66977e-009,0.981818,-0.000210681,0.0545124,0.01227630.620418,0.502244,1
1470,293.448,0,0,0,-2.7093e-008,8.66977e-009,0.981818,-0.000558165,0.0542831,0.01060620.620403,0.502224,1
1480,284.431,0,0,0,-2.7093e-008,8.66977e-009,0.981818,-0.000457491,0.0541536,0.009229430.620308,0.502116,1
1490,273.527,0,0,0,-2.7093e-008,8.66977e-009,0.981818,-0.000241217,0.0540885,0.007891810.620308,0.502116,1
1500,259.484,0,0,0,-2.7093e-008,8.66977e-009,0.981818,2.91708e-005,0.0541009,0.006420770.620167,0.501989,1
1510,249.164,0,0,0,-2.7093e-008,8.66977e-009,0.981818,0.000624164,0.0542717,0.004786350.620042,0.501887,1
1520,237.181,0,0,0,-2.7093e-008,8.66977e-009,0.981818,0.00152926,0.0545248,0.003065940.620042,0.501887,1
1530,225.725,0,0,0,-2.7093e-008,8.66977e-009,0.981818,0.00225768,0.054582,0.00113690.620042,0.501887,1
1540,224.584,0,0,0,-2.7093e-008,8.66977e-009,0.981818,0.00261522,0.0544143,-0.0007412810.620042,0.501887,1
1550,233.166,0,0,0,-2.7093e-008,8.66977e-009,0.981818,0.0027777,0.0543178,-0.002082440.620042,0.501887,1
1560,247.174,0,0,0,-2.7093e-008,8.66977e-009,0.981818,0.0028386,0.0543961,-0.002565910.620042,0.501887,1
1570,266.061,0,0,0,-2.7093e-008,8.66977e-009,0.981818,0.00260179,0.0544466,-0.002579520.620042,0.501887,1
1580,275.534,0,0,0,-2.7093e-008,8.66977e-009,0.981818,0.00215245,0.0544677,-0.002371270.620042,0.501887,1
1590,280.812,0,0,0,-2.7093e-008,8.66977e-009,0.981818,0.00170059,0.054517,-0.001998680.620042,0.501887,1
1600,287.952,0,0,0,-2.7093e-008,8.66977e-009,0.981818,0.00127383,0.0545478,-0.001541310.620042,0.501887,1
1610,306.757,0,0,0,-2.7093e-008,8.66977e-009,0.981818,0.000865563,0.0546138,-0.001165870.620042,0.501887,1
1620,336.451,0,0,0,-2.7093e-008,8.66977e-009,0.981818,0.00068789,0.054935,-0.0007735450.620042,0.501887,1
1630,364.548,0,0,0,-2.7093e-008,8.66977e-009,0.981818,0.000802278,0.0554171,-0.0005121530.620042,0.501887,1
1640,374.702,0,0,0,-2.7093e-008,8.66977e-009,0.981818,0.00103322,0.0558535,-0.0006229080.620042,0.501887,1
1650,361.675,0,0,0,-2.7093e-008,8.66977e-009,0.981818,0.00124447,0.0562043,-0.001181610.620042,0.501887,1
1660,329.705,0,0,0,-2.7093e-008,8.66977e-009,0.981818,0.00145305,0.0565632,-0.002008690.620029,0.501866,1
1670,297.243,0,0,0,-2.7093e-008,8.66977e-009,0.981818,0.00166352,0.0569025,-0.003035880.61986,0.501585,1
1680,274.367,0,0,0,-2.7093e-008,8.66977e-009,0.981818,0.00177431,0.0571393,-0.004351710.61986,0.501585,1
1690,262.598,0,0,0,-2.7093e-008,8.66977e-009,0.981818,0.00175817,0.0571293,-0.006008270.619847,0.501563,1
1700,256.744,0,0,0,-2.7093e-008,8.66977e-009,0.981818,0.00172991,0.0567828,-0.007815950.619847,0.501563,1
1710,254.655,0,0,0,-2.7093e-008,8.66977e-009,0.981818,0.00179486,0.0561638,-0.009559410.619847,0.501563,1
1720,253.436,0,0,0,-2.7093e-008,8.66977e-009,0.981818,0.00196176,0.0555383,-0.01115450.619833,0.501543,1
1730,255.009,0,0,0,-2.7093e-008,8.66977e-009,0.981818,0.00224016,0.0550516,-0.01260530.619619,0.50126,1
1740,267.784,0,0,0,-2.7093e-008,8.66977e-009,0.981818,0.00267973,0.0546402,-0.01399280.619516,0.501129,1
1750,289.89,0,0,0,-2.7093e-008,8.66977e-009,0.981818,0.00331451,0.0543922,-0.0154820.619344,0.500901,1
1760,315.007,0,0,0,-2.7093e-008,8.66977e-009,0.981818,0.00398348,0.0546108,-0.01702830.619232,0.500747,1
1770,341.747,0,0,0,-2.7093e-008,8.66977e-009,0.981818,0.00435741,0.0552316,-0.01828340.619218,0.500726,1
1780,373.605,0,0,0,-2.7093e-008,8.66977e-009,0.981818,0.00444238,0.0559334,-0.01911840.619204,0.500706,1
1790,405.91,0,0,0,-2.7093e-008,8.66977e-009,0.981818,0.00439053,0.0565162,-0.01981040.619204,0.500706,1
1800,429.711,0,0,0,-2.7093e-008,8.66977e-009,0.981818,0.00393143,0.0569234,-0.02066050.619204,0.500706,1
1810,436.75,0,0,0,-2.7093e-008,8.66977e-009,0.981818,0.00285979,0.057107,-0.0217020.619204,0.500706,1
1820,421.098,0,0,0,-2.7093e-008,8.66977e-009,0.981818,0.00181108,0.0571404,-0.02288670.619204,0.500706,1
1830,399.51,0,0,0,-2.7093e-008,8.66977e-009,0.981818,0.00143138,0.0571101,-0.02421910.619204,0.500706,1
1840,393.548,0,0,0,-2.7093e-008,8.66977e-009,0.981818,0.00158125,0.0572077,-0.02572110.619188,0.500686,1
1850,398.931,0,0,0,-2.7093e-008,8.66977e-009,0.981818,0.0019062,0.0575864,-0.02734510.618932,0.500377,1
1860,394.834,0,0,0,-2.7093e-008,8.66977e-009,0.981818,0.0022986,0.0579472,-0.02900980.618732,0.500145,1
1870,377.976,0,0,0,-2.7093e-008,8.66977e-009,0.981818,0.00231312,0.0579132,-0.03061540.618525,0.499914,1
1880,353.082,0,0,0,-2.7093e-008,8.66977e-009,0.981818,0.00150277,0.0575689,-0.03206270.618329,0.499687,1
1890,331.099,0,0,0,-2.7093e-008,8.66977e-009,0.981818,0.000333421,0.0570038,-0.03323530.618159,0.499481,1
1900,316.458,0,0,0,-2.7093e-008,8.66977e-009,0.981818,-0.000330429,0.0560493,-0.03408640.618144,0.499461,1
1910,316.486,0,0,0,-2.7093e-008,8.66977e-009,0.981818,-0.000534535,0.0548941,-0.03466950.618144,0.499461,1
1920,328.281,0,0,0,-2.7093e-008,8.66977e-009,0.981818,-0.000672186,0.0539838,-0.03512340.618144,0.499461,1
1930,336.103,0,0,0,-2.7093e-008,8.66977e-009,0.981818,-0.000526283,0.0534445,-0.03544460.618144,0.499461,1
1940,339.052,0,0,0,-2.7093e-008,8.66977e-009,0.981818,0.000282408,0.0531908,-0.03548910.618144,0.499461,1
1950,334.679,0,0,0,-2.7093e-008,8.66977e-009,0.981818,0.00125215,0.053235,-0.03516590.618144,0.499461,1
1960,314.545,0,0,0,-2.7093e-008,8.66977e-009,0.981818,0.00183625,0.0534007,-0.03465480.618,0.499171,1
1970,289.055,0,0,0,-2.7093e-008,8.66977e-009,0.981818,0.00211631,0.053393,-0.0340790.617833,0.498827,1
1980,272.459,0,0,0,-2.7093e-008,8.66977e-009,0.981818,0.00236909,0.0531215,-0.033570.617683,0.498513,1
1990,273.703,0,0,0,-2.7093e-008,8.66977e-009,0.981818,0.00232021,0.0526506,-0.03319690.617562,0.498262,1
2000,304.386,0,0,-1.29995,0.00197061,0.0521912,0.981168,0.00191974,0.052149,-0.03307090.617532,0.49798,1
2010,304.096,0,0,-1.29938,0.00197061,0.0521912,0.97467,0.00132202,0.051956,-0.03314440.617491,0.497684,1
2020,285.365,0,0,-1.2999,0.00197061,0.0521912,0.968173,0.000587568,0.0522401,-0.03336410.617407,0.497379,1
2030,269.757,0,0,-1.30285,0.00197061,0.0521912,0.961667,-0.000490214,0.0527366,-0.03340960.617291,0.497122,1
2040,272.327,0,0,-1.30646,0.00197061,0.0521912,0.955145,-0.00140974,0.0532601,-0.03323370.617186,0.496989,1
2050,283.271,0,0,-1.30899,0.00197061,0.0521912,0.948606,-0.00154555,0.0540363,-0.03293150.617022,0.496838,1
2060,287.711,0,0,-1.31053,0.00197061,0.0521912,0.942057,-0.000932788,0.0550395,-0.03279750.616727,0.496606,1
2070,284.843,0,0,-1.31203,0.00197061,0.0521912,0.935502,-0.000356277,0.0558438,-0.03272630.616427,0.496379,1
2080,274.463,0,0,-1.31439,0.00197061,0.0521912,0.928937,7.34087e-005,0.0563271,-0.03258030.616172,0.496169,1
2090,259.635,0,0,-1.31856,0.00197061,0.0521912,0.922356,0.000574186,0.0566814,-0.03218510.615948,0.495959,1
2100,244.941,0,0,-1.32486,0.00197061,0.0521912,0.91575,0.00107047,0.0567443,-0.03177790.615843,0.49584,1
2110,235.925,0,0,-1.3334,0.00197061,0.0521912,0.909107,0.00123623,0.0563422,-0.03137170.615843,0.49584,1
2120,241.364,0,0,-1.34208,0.00197061,0.0521912,0.90242,0.00141323,0.0557744,-0.03096680.615843,0.49584,1
2130,259.79,0,0,-1.34869,0.00197061,0.0521912,0.895694,0.00166989,0.0553459,-0.03028280.615843,0.49584,1
2140,279.62,0,0,-1.35234,0.00197061,0.0521912,0.888941,0.0016876,0.0548443,-0.02938790.615843,0.49584,1
2150,289.488,0,0,-1.3539,0.00197061,0.0521912,0.882175,0.0014399,0.0541393,-0.02842450.615843,0.49584,1
2160,290.908,0,0,-1.35505,0.00197061,0.0521912,0.875403,0.00156467,0.0535062,-0.02770580.615843,0.49584,1
2170,293.351,0,0,-1.35603,0.00197061,0.0521912,0.868626,0.0020551,0.053105,-0.02705410.615843,0.49584,1
2180,308.816,0,0,-1.35586,0.00197061,0.0521912,0.861845,0.00237183,0.0527717,-0.02632950.615843,0.49584,1
2190,328.284,0,0,-1.35392,0.00197061,0.0521912,0.85507,0.00225415,0.0523503,-0.0253520.615808,0.495878,1
2200,349.868,0,0,-1.34984,0.00197061,0.0521912,0.848308,0.00201592,0.0517693,-0.02422350.615808,0.495878,1
2210,363.619,0,0,-1.34437,0.00197061,0.0521912,0.841571,0.00176491,0.0511807,-0.02307870.615808,0.495878,1
2220,364.848,0,0,-1.33843,0.00197061,0.0521912,0.834863,0.00153319,0.0510129,-0.02227840.615808,0.495878,1
2230,364.732,0,0,-1.33244,0.00197061,0.0521912,0.828184,0.00150737,0.0514147,-0.02174110.615808,0.495878,1
2240,361.518,0,0,-1.32671,0.00197061,0.0521912,0.821535,0.001923,0.0520049,-0.02120780.615831,0.496036,1
2250,353.324,0,0,-1.32135,0.00197061,0.0521912,0.814913,0.00261666,0.0525367,-0.02043980.61599,0.496477,1
2260,342.577,0,0,-1.31683,0.00197061,0.0521912,0.808317,0.00333655,0.0531791,-0.01952040.61625,0.496972,1
2270,333.237,0,0,-1.31324,0.00197061,0.0521912,0.801741,0.00401545,0.0538999,-0.01846780.616603,0.497531,1
2280,328.022,0,0,-1.3102,0.00197061,0.0521912,0.795182,0.00466016,0.0543507,-0.01738290.616944,0.498078,1
2290,324.725,0,0,-1.30755,0.00197061,0.0521912,0.788637,0.00507597,0.0545091,-0.01627930.617359,0.498772,1
2300,320.505,0,0,-1.30531,0.00197061,0.0521912,0.782105,0.00502239,0.0546192,-0.0150910.617739,0.499457,1
2310,319.034,0,0,-1.30324,0.00197061,0.0521912,0.775583,0.0045273,0.0546775,-0.01359820.618046,0.50007,1
2320,322.589,0,0,-1.30122,0.00197061,0.0521912,0.769071,0.00389417,0.0546263,-0.01185180.618318,0.500646,1
2330,332.751,0,0,-1.29846,0.00197061,0.0521912,0.762571,0.00339268,0.0546703,-0.01007160.618477,0.50098,1
2340,344.515,0,0,-1.29463,0.00197061,0.0521912,0.756087,0.00300393,0.0548778,-0.008331350.618477,0.50098,1
2350,341.049,0,0,-1.29055,0.00197061,0.0521912,0.749623,0.00277355,0.0549196,-0.006456150.618329,0.500788,1
2360,325.311,0,0,-1.28732,0.00197061,0.0521912,0.743178,0.00286489,0.0545827,-0.004503610.618108,0.500445,1
2370,314.217,0,0,-1.28549,0.00197061,0.0521912,0.736746,0.00343517,0.0541903,-0.002857860.61781,0.499932,1
2380,315.115,0,0,-1.28412,0.00197061,0.0521912,0.730322,0.00428656,0.0540609,-0.001774570.617581,0.49948,1
2390,327.7,0,0,-1.2819,0.00197061,0.0521912,0.723905,0.00512253,0.0540848,-0.00112080.61745,0.499169,1
2400,334.812,0,0,-1.27881,0.00197061,0.0521912,0.717503,0.00587269,0.0540533,-0.0007548670.617401,0.499014,1
2410,328.009,0,0,-1.27568,0.00197061,0.0521912,0.711116,0.00672225,0.0539108,-0.0006235510.617401,0.499014,1
2420,306.066,0,0,-1.27396,0.00197061,0.0521912,0.704742,0.00751562,0.0536285,-0.0005745420.617401,0.499014,1
2430,277.51,0,0,-1.27506,0.00197061,0.0521912,0.698371,0.00805042,0.0533311,-0.0004326150.617401,0.499014,1
2440,245.955,0,0,-1.27994,0.00197061,0.0521912,0.691987,0.00844594,0.0532832,-0.0001382080.617401,0.499014,1
2450,221.959,0,0,-1.28941,0.00197061,0.0521912,0.685568,0.00884825,0.0534873,0.000432150.617401,0.499014,1
2460,216.05,0,0,-1.30192,0.00197061,0.0521912,0.679093,0.00890628,0.0537365,0.001570920.617401,0.499014,1
2470,234.873,0,0,-1.31271,0.00197061,0.0521912,0.672558,0.00851917,0.0540081,0.003343710.617401,0.499014,1
2480,256.382,0,0,-1.31975,0.00197061,0.0521912,0.665977,0.00805417,0.0543604,0.005265770.617401,0.499014,1
2490,263.619,0,0,-1.32457,0.00197061,0.0521912,0.659367,0.00768006,0.0547883,0.006688470.617286,0.498892,1
2500,265.551,0,0,-1.32903,0.00197061,0.0521912,0.652734,0.00703847,0.0553277,0.007531520.617286,0.498892,1
2510,280.3,0,0,-1.33246,0.00197061,0.0521912,0.64608,0.00632229,0.0558589,0.008025650.617265,0.498879,1
2520,306.052,0,0,-1.33307,0.00197061,0.0521912,0.639415,0.0061059,0.0560705,0.008327150.617135,0.498785,1
2530,327.348,0,0,-1.33118,0.00197061,0.0521912,0.632753,0.00634663,0.0559085,0.008554670.617135,0.498785,1
2540,345.727,0,0,-1.32751,0.00197061,0.0521912,0.626105,0.00643153,0.0556191,0.009008190.617135,0.498785,1
2550,368.304,0,0,-1.3221,0.00197061,0.0521912,0.619479,0.00634352,0.0553333,0.009716610.617135,0.498785,1
2560,375.261,0,0,-1.31558,0.00197061,0.0521912,0.612883,0.00641598,0.0550518,0.01036120.617135,0.498785,1
2570,357.71,1.50691e-007,-2.63058e-007,-1.30954,0.00197061,0.0521912,0.606319,0.00651048,0.0547942,0.0105870.617135,0.498785,1
2580,329.786,3.25177e-006,-5.72241e-006,-1.3055,0.00197062,0.0521912,0.599781,0.0064011,0.054602,0.0103840.617135,0.498785,1
2590,301.13,6.53585e-006,-1.15454e-005,-1.30414,0.00197065,0.0521911,0.593258,0.00647428,0.0544967,0.009741540.617135,0.498785,1
2600,279.67,1.06247e-005,-1.62801e-005,-1.30536,0.00197069,0.052191,0.586736,0.0070342,0.0545514,0.008533490.617135,0.498785,1
2610,259.746,2.88803e-005,7.62016e-006,-1.30935,0.00197079,0.052191,0.580201,0.00754001,0.0547575,0.006870610.617135,0.498785,1
2620,241.299,5.0796e-005,3.66643e-005,-1.31609,0.00197098,0.0521911,0.57364,0.00736078,0.0550085,0.005314150.617135,0.498785,1
2630,222.691,7.80418e-005,7.09625e-005,-1.32608,0.0019713,0.0521914,0.567039,0.00667005,0.0551988,0.004111520.617135,0.498785,1
2640,210.144,0.000124987,9.29496e-005,-1.33958,0.00197181,0.0521918,0.560379,0.00604904,0.0553752,0.003033720.617135,0.498785,1
2650,208.04,0.000183663,0.000119025,-1.35473,0.00197257,0.0521923,0.553647,0.00552354,0.0555841,0.001866720.617126,0.498761,1
2660,226.459,0.000250242,0.00014884,-1.36824,0.00197365,0.052193,0.546842,0.00487014,0.0558538,0.0007773190.617126,0.498761,1
2670,259.045,0.000323536,0.00018147,-1.37663,0.00197509,0.0521938,0.539979,0.00436077,0.0560564,-2.31237e-0050.617126,0.498761,1
2680,294.164,0.000402054,0.000215698,-1.37969,0.0019769,0.0521948,0.533087,0.00447339,0.0561039,-0.0004788530.617126,0.498761,1
2690,322.96,0.000484875,0.000250801,-1.37897,0.00197911,0.052196,0.526189,0.00490291,0.0559526,-0.0006484650.617126,0.498761,1
2700,339.762,0.000571136,0.00028662,-1.37599,0.00198175,0.0521973,0.5193,0.00515728,0.0555711,-0.000653150.617126,0.498761,1
2710,339.053,0.000660241,0.00032305,-1.37231,0.00198483,0.0521989,0.512428,0.00540222,0.0550456,-0.0008139590.617126,0.498761,1
2720,323.072,0.000752384,0.000360924,-1.36961,0.00198836,0.0522006,0.505573,0.00584985,0.0547552,-0.00143720.617126,0.498761,1
2730,298.87,0.000850407,0.00039829,-1.36906,0.00199236,0.0522025,0.498727,0.00611523,0.0549416,-0.002408840.617126,0.498761,1
2740,292.733,0.000990017,0.000373751,-1.37054,0.00199695,0.0522044,0.491879,0.00626466,0.055514,-0.003342980.617126,0.498761,1
2750,306.388,0.00117426,0.000425379,-1.37139,0.00200236,0.0522064,0.485023,0.006783,0.0562501,-0.004175220.617126,0.498761,1
2760,313.459,0.00137068,0.000484948,-1.37098,0.00200872,0.0522087,0.478167,0.00748125,0.0569729,-0.005051150.617126,0.498761,1
2770,314.901,0.0015825,0.000557721,-1.37042,0.00201609,0.0522113,0.471313,0.00755814,0.0573706,-0.005935740.617126,0.498761,1
2780,327.492,0.00181203,0.000647331,-1.36917,0.00202457,0.0522143,0.464463,0.00705309,0.0571935,-0.006761680.617126,0.498761,1
2790,334.649,0.00206109,0.000752568,-1.36688,0.00203425,0.0522178,0.457622,0.00651399,0.0565459,-0.007613530.617126,0.498761,1
2800,323.53,0.00233224,0.000868181,-1.36488,0.00204522,0.0522218,0.450792,0.00614023,0.055831,-0.00845540.616889,0.498575,1
2810,300.213,0.00262793,0.000987296,-1.36494,0.00205761,0.0522264,0.443968,0.00575307,0.0554192,-0.009097610.616757,0.498443,1
2820,290.471,0.0029506,0.00110308,-1.36692,0.00207154,0.0522317,0.437139,0.00547034,0.0554602,-0.009549990.616598,0.498257,1
2830,303.832,0.00335824,0.00121259,-1.36872,0.0020873,0.0522375,0.4303,0.00554286,0.0556753,-0.01004780.616423,0.498023,1
2840,317.797,0.00378522,0.00131321,-1.36868,0.00210515,0.0522438,0.423455,0.00597213,0.055515,-0.01070690.616236,0.497746,1
2850,321.713,0.00423512,0.00141048,-1.36784,0.0021252,0.0522506,0.416613,0.00627906,0.0548002,-0.01129980.616118,0.497547,1
2860,315.4,0.00471546,0.00150854,-1.36722,0.00214756,0.0522579,0.409775,0.00614996,0.0539471,-0.01164870.616118,0.497547,1
2870,312.254,0.00523683,0.00161034,-1.36731,0.00217242,0.0522657,0.402939,0.00562091,0.0534967,-0.01192980.616118,0.497547,1
2880,323.83,0.00586502,0.00177447,-1.367,0.00220015,0.0522741,0.396102,0.00478459,0.0536577,-0.01235050.616118,0.497547,1
2890,341.244,0.00654556,0.00192913,-1.36529,0.00223114,0.0522834,0.38927,0.00373783,0.0542747,-0.01277990.616118,0.497547,1
2900,347.177,0.00744191,0.00204179,-1.36269,0.00226608,0.0522934,0.382449,0.00287348,0.0548749,-0.01337720.616118,0.497547,1
2910,341.474,0.00849333,0.00211505,-1.36041,0.00230589,0.0523037,0.37564,0.00238369,0.0550974,-0.01451490.616118,0.497547,1
2920,324.304,0.00962208,0.00217949,-1.35924,0.00235115,0.0523145,0.368841,0.00198797,0.0550385,-0.01620590.616118,0.497547,1
2930,302.305,0.0108357,0.00222357,-1.3602,0.00240226,0.0523255,0.362043,0.00150339,0.0551187,-0.01794610.616118,0.497547,1
2940,284.024,0.0121386,0.00223131,-1.36347,0.00245966,0.0523367,0.355235,0.00112217,0.0555244,-0.01968860.616118,0.497547,1
2950,275.183,0.0135293,0.00219661,-1.36849,0.00252379,0.0523478,0.348406,0.000861982,0.0559869,-0.02164860.616118,0.497547,1
2960,277.313,0.0149999,0.0021155,-1.37392,0.00259506,0.0523586,0.341551,0.000480956,0.0560873,-0.02380440.616118,0.497547,1
2970,291.148,0.0166015,0.00198399,-1.37839,0.00267404,0.0523688,0.33467,-3.56459e-005,0.0558208,-0.02576660.616118,0.497547,1
2980,307.625,0.0182404,0.00178918,-1.38088,0.00276114,0.0523783,0.327771,-0.000376059,0.0555608,-0.02760110.616118,0.497547,1
2990,313.301,0.0198824,0.00153385,-1.38178,0.00285645,0.0523866,0.320863,-0.0002883,0.0555847,-0.02946940.616118,0.497547,1
