step,T,sn_vel[0],sn_vel[1],sn_vel[2],sn_crd[0],sn_crd[1],sn_crd[2],target_crd[0],target_crd[1],target_crd[2],boundary[0],boundary[1],boundary[2]
0,0.0156614,0,0,0,-3.0886e-008,7.31512e-009,0.981818,-0.000112188,0.0557847,-0.03443380.636788,0.503914,1
10,2.05732,0,0,0,-3.0886e-008,7.31512e-009,0.981818,-0.000167842,0.0557672,-0.03447180.636928,0.50397,1
20,2.23191,0,0,0,-3.0886e-008,7.31512e-009,0.981818,-0.000199541,0.0557137,-0.03454540.637071,0.50402,1
30,2.83003,0,0,0,-3.0886e-008,7.31512e-009,0.981818,-0.000139625,0.0556469,-0.03463370.637106,0.50403,1
40,2.85809,0,0,0,-3.0886e-008,7.31512e-009,0.981818,-0.00014121,0.0556397,-0.03470530.637255,0.504069,1
50,2.74614,0,0,0,-3.0886e-008,7.31512e-009,0.981818,-0.000207199,0.0556963,-0.03477970.63739,0.504101,1
60,2.67226,0,0,0,-3.0886e-008,7.31512e-009,0.981818,-0.000212102,0.0557532,-0.03487330.637543,0.504131,1
70,2.88401,0,0,0,-3.0886e-008,7.31512e-009,0.981818,-0.000173876,0.0557668,-0.0349980.637686,0.504155,1
80,2.7744,0,0,0,-3.0886e-008,7.31512e-009,0.981818,-0.000203445,0.055762,-0.03512680.637875,0.504179,1
90,2.77387,0,0,0,-3.0886e-008,7.31512e-009,0.981818,-0.000247235,0.0557594,-0.0352440.638028,0.504193,1
100,2.70854,0,0,0,-3.0886e-008,7.31512e-009,0.981818,-0.000233489,0.0557526,-0.03534010.638178,0.504201,1
110,11.7438,0,0,0,-3.0886e-008,7.31512e-009,0.981818,-0.000194508,0.0557205,-0.03549320.638425,0.504205,1
120,18.6574,0,0,0,-3.0886e-008,7.31512e-009,0.981818,-0.000210746,0.055678,-0.03571820.638697,0.5042,1
130,23.2231,0,0,0,-3.0886e-008,7.31512e-009,0.981818,-0.000217155,0.0556537,-0.0359870.638939,0.504186,1
140,26.159,0,0,0,-3.0886e-008,7.31512e-009,0.981818,-0.000181079,0.0556577,-0.03627890.639201,0.504161,1
150,27.9017,0,0,0,-3.0886e-008,7.31512e-009,0.981818,-0.000203666,0.0556826,-0.03660320.639479,0.504127,1
160,28.5931,0,0,0,-3.0886e-008,7.31512e-009,0.981818,-0.000270198,0.0557076,-0.03694410.639772,0.504082,1
170,28.8199,0,0,0,-3.0886e-008,7.31512e-009,0.981818,-0.000229648,0.0556978,-0.03728620.640003,0.504039,1
180,28.6563,0,0,0,-3.0886e-008,7.31512e-009,0.981818,-8.26992e-005,0.0556516,-0.0376520.640167,0.504003,1
190,28.1225,0,0,0,-3.0886e-008,7.31512e-009,0.981818,2.56194e-005,0.0556181,-0.03808480.640345,0.503958,1
200,27.3071,0,0,0,-3.0886e-008,7.31512e-009,0.981818,8.60642e-005,0.055609,-0.03858610.640517,0.50391,1
210,35.6924,0,0,0,-3.0886e-008,7.31512e-009,0.981818,0.000206058,0.0555817,-0.03919770.640623,0.503877,1
220,40.8853,0,0,0,-3.0886e-008,7.31512e-009,0.981818,0.000343911,0.0555358,-0.03993490.640623,0.503877,1
230,44.0598,0,0,0,-3.0886e-008,7.31512e-009,0.981818,0.000332093,0.0555369,-0.04074350.640623,0.503877,1
240,45.5406,0,0,0,-3.0886e-008,7.31512e-009,0.981818,0.000217411,0.0555678,-0.04158630.640623,0.503877,1
250,46.0479,0,0,0,-3.0886e-008,7.31512e-009,0.981818,0.000145759,0.0555614,-0.04249190.640623,0.503877,1
260,46.1981,0,0,0,-3.0886e-008,7.31512e-009,0.981818,0.000104118,0.0555274,-0.04350880.640623,0.503877,1
270,45.6038,0,0,0,-3.0886e-008,7.31512e-009,0.981818,6.963e-005,0.0555315,-0.0445960.640623,0.503877,1
280,45.2711,0,0,0,-3.0886e-008,7.31512e-009,0.981818,0.000202988,0.0555473,-0.04568170.640634,0.503871,1
290,44.4773,0,0,0,-3.0886e-008,7.31512e-009,0.981818,0.000482978,0.0555313,-0.04673690.640634,0.503871,1
300,44.454,0,0,0,-3.0886e-008,7.31512e-009,0.981818,0.000695042,0.0554975,-0.04781690.640634,0.503871,1
310,53.442,0,0,0,-3.0886e-008,7.31512e-009,0.981818,0.000782906,0.0555011,-0.0490020.640634,0.503871,1
320,59.3406,0,0,0,-3.0886e-008,7.31512e-009,0.981818,0.000868593,0.0555251,-0.05031510.640634,0.503871,1
330,62.9064,0,0,0,-3.0886e-008,7.31512e-009,0.981818,0.000905391,0.0555299,-0.05170740.640634,0.503871,1
340,65.6219,0,0,0,-3.0886e-008,7.31512e-009,0.981818,0.000871298,0.0555063,-0.05314980.640634,0.503871,1
350,67.3496,0,0,0,-3.0886e-008,7.31512e-009,0.981818,0.000861974,0.0554841,-0.05452130.640634,0.503871,1
360,70.3313,0,0,0,-3.0886e-008,7.31512e-009,0.981818,0.000882972,0.0554425,-0.05581420.640634,0.503871,1
370,72.3897,0,0,0,-3.0886e-008,7.31512e-009,0.981818,0.000779667,0.0554225,-0.05713080.640634,0.503871,1
380,75.7267,0,0,0,-3.0886e-008,7.31512e-009,0.981818,0.000573872,0.0554965,-0.05853030.640634,0.503871,1
390,78.814,0,0,0,-3.0886e-008,7.31512e-009,0.981818,0.00042384,0.0556251,-0.05980730.640634,0.503871,1
400,80.6284,0,0,0,-3.0886e-008,7.31512e-009,0.981818,0.000401155,0.0556841,-0.0608440.640634,0.503871,1
410,90.6092,0,0,0,-3.0886e-008,7.31512e-009,0.981818,0.000392925,0.0557346,-0.06174370.640691,0.503825,1
420,98.1854,0,0,0,-3.0886e-008,7.31512e-009,0.981818,0.000362195,0.0558538,-0.06262360.640841,0.503698,1
430,103.333,0,0,0,-3.0886e-008,7.31512e-009,0.981818,0.000386366,0.055937,-0.06335090.640908,0.503639,1
440,108.321,0,0,0,-3.0886e-008,7.31512e-009,0.981818,0.000453122,0.0558697,-0.06384670.640973,0.50358,1
450,112.145,0,0,0,-3.0886e-008,7.31512e-009,0.981818,0.00043724,0.0557646,-0.06418710.641113,0.50345,1
460,113.872,0,0,0,-3.0886e-008,7.31512e-009,0.981818,0.000384649,0.0557041,-0.06443890.641298,0.503272,1
470,116.121,0,0,0,-3.0886e-008,7.31512e-009,0.981818,0.000344935,0.0556361,-0.0644580.641455,0.503115,1
480,117.452,0,0,0,-3.0886e-008,7.31512e-009,0.981818,0.000170589,0.0555298,-0.0642010.641566,0.503001,1
490,117.54,0,0,0,-3.0886e-008,7.31512e-009,0.981818,-7.2181e-005,0.0554556,-0.06380450.641668,0.502893,1
500,118.604,0,0,0,-3.0886e-008,7.31512e-009,0.981818,-7.84787e-005,0.0554101,-0.06332670.641799,0.502748,1
510,127.417,0,0,0,-3.0886e-008,7.31512e-009,0.981818,0.000131473,0.0553092,-0.06266060.641961,0.502563,1
520,134.424,0,0,0,-3.0886e-008,7.31512e-009,0.981818,0.000226692,0.0551815,-0.06184230.642144,0.502347,1
530,137.934,0,0,0,-3.0886e-008,7.31512e-009,0.981818,0.000201399,0.0551533,-0.06102510.642358,0.502084,1
540,139.579,0,0,0,-3.0886e-008,7.31512e-009,0.981818,0.000164227,0.0551693,-0.06021790.642584,0.501795,1
550,141.403,0,0,0,-3.0886e-008,7.31512e-009,0.981818,-8.97778e-006,0.0550546,-0.05930070.64277,0.501545,1
560,142.734,0,0,0,-3.0886e-008,7.31512e-009,0.981818,-0.000352444,0.0549193,-0.05826840.642904,0.501352,1
570,144.376,0,0,0,-3.0886e-008,7.31512e-009,0.981818,-0.000533513,0.054985,-0.0572960.643021,0.50117,1
580,146.595,0,0,0,-3.0886e-008,7.31512e-009,0.981818,-0.000442289,0.0551502,-0.05650820.643144,0.500965,1
590,148.496,0,0,0,-3.0886e-008,7.31512e-009,0.981818,-0.000351126,0.0551872,-0.05577410.643261,0.500755,1
600,150.227,0,0,0,-3.0886e-008,7.31512e-009,0.981818,-0.000386165,0.0551667,-0.0549320.643356,0.500572,1
610,161.67,0,0,0,-3.0886e-008,7.31512e-009,0.981818,-0.000304559,0.0551614,-0.05406780.643445,0.500386,1
620,167.289,0,0,0,-3.0886e-008,7.31512e-009,0.981818,-8.69246e-005,0.0550741,-0.05331120.643558,0.500133,1
630,172.564,0,0,0,-3.0886e-008,7.31512e-009,0.981818,-4.83722e-005,0.0549654,-0.05254760.643683,0.49984,1
640,175.21,0,0,0,-3.0886e-008,7.31512e-009,0.981818,-0.000238164,0.055078,-0.05163880.643783,0.499588,1
650,177.865,0,0,0,-3.0886e-008,7.31512e-009,0.981818,-0.000345071,0.055316,-0.05067340.643847,0.499416,1
660,178.15,0,0,0,-3.0886e-008,7.31512e-009,0.981818,-0.000395789,0.0553911,-0.04972610.643847,0.499416,1
670,178.278,0,0,0,-3.0886e-008,7.31512e-009,0.981818,-0.000583232,0.055322,-0.04872290.643847,0.499416,1
680,175.559,0,0,0,-3.0886e-008,7.31512e-009,0.981818,-0.000695999,0.0553446,-0.04761320.643847,0.499416,1
690,176.053,0,0,0,-3.0886e-008,7.31512e-009,0.981818,-0.000495276,0.0553877,-0.04646570.643847,0.499416,1
700,175.603,0,0,0,-3.0886e-008,7.31512e-009,0.981818,-0.000339964,0.0552454,-0.04527420.643847,0.499416,1
710,187.916,0,0,0,-3.0886e-008,7.31512e-009,0.981818,-0.000498303,0.0549859,-0.04391420.643847,0.499416,1
720,197.879,0,0,0,-3.0886e-008,7.31512e-009,0.981818,-0.000661203,0.0548355,-0.04230310.643851,0.499391,1
730,206.041,0,0,0,-3.0886e-008,7.31512e-009,0.981818,-0.000629442,0.0547311,-0.04061210.643851,0.499391,1
740,212.861,0,0,0,-3.0886e-008,7.31512e-009,0.981818,-0.000699908,0.05457,-0.03898770.643851,0.499391,1
750,218.491,0,0,0,-3.0886e-008,7.31512e-009,0.981818,-0.000930048,0.0545584,-0.03742970.643851,0.499391,1
760,223.064,0,0,0,-3.0886e-008,7.31512e-009,0.981818,-0.00102966,0.0547867,-0.03581530.643851,0.499391,1
770,226.048,0,0,0,-3.0886e-008,7.31512e-009,0.981818,-0.00107065,0.0548926,-0.03427020.643851,0.499391,1
780,227.112,0,0,0,-3.0886e-008,7.31512e-009,0.981818,-0.00129216,0.0547417,-0.03288690.643851,0.499391,1
790,226.085,0,0,0,-3.0886e-008,7.31512e-009,0.981818,-0.00148363,0.0547023,-0.03166130.643851,0.499391,1
800,222.195,0,0,0,-3.0886e-008,7.31512e-009,0.981818,-0.00134408,0.054841,-0.03040020.643851,0.499391,1
810,224.389,0,0,0,-3.0886e-008,7.31512e-009,0.981818,-0.00111708,0.0548444,-0.02913960.643851,0.499391,1
820,221.687,0,0,0,-3.0886e-008,7.31512e-009,0.981818,-0.0010394,0.0547076,-0.02793840.643851,0.499391,1
830,215.764,0,0,0,-3.0886e-008,7.31512e-009,0.981818,-0.000985461,0.0546128,-0.02694450.643782,0.499176,1
840,207.215,0,0,0,-3.0886e-008,7.31512e-009,0.981818,-0.000795252,0.0544648,-0.02608510.643782,0.499176,1
850,197.274,0,0,0,-3.0886e-008,7.31512e-009,0.981818,-0.000598923,0.054293,-0.02539520.643741,0.498981,1
860,187.919,0,0,0,-3.0886e-008,7.31512e-009,0.981818,-0.000469459,0.0542729,-0.0247550.643735,0.498957,1
870,179.995,0,0,0,-3.0886e-008,7.31512e-009,0.981818,-0.000432662,0.0543025,-0.02420510.643696,0.498814,1
880,174.424,0,0,0,-3.0886e-008,7.31512e-009,0.981818,-0.000438054,0.0542772,-0.02370430.643689,0.49879,1
890,171.515,0,0,0,-3.0886e-008,7.31512e-009,0.981818,-0.000411345,0.0543993,-0.02335940.64368,0.498767,1
900,169.36,0,0,0,-3.0886e-008,7.31512e-009,0.981818,-0.000294999,0.0546201,-0.02302490.64368,0.498767,1
910,174.718,0,0,0,-3.0886e-008,7.31512e-009,0.981818,-9.61438e-005,0.054722,-0.02267760.64368,0.498767,1
920,179.997,0,0,0,-3.0886e-008,7.31512e-009,0.981818,0.000176819,0.0547987,-0.02215520.64368,0.498767,1
930,187.649,0,0,0,-3.0886e-008,7.31512e-009,0.981818,0.000409474,0.0549808,-0.02145740.64368,0.498767,1
940,200.302,0,0,0,-3.0886e-008,7.31512e-009,0.981818,0.000519578,0.0550968,-0.02058440.64368,0.498767,1
950,217.101,0,0,0,-3.0886e-008,7.31512e-009,0.981818,0.00066278,0.0551353,-0.01976080.643574,0.498627,1
960,233.728,0,0,0,-3.0886e-008,7.31512e-009,0.981818,0.000835337,0.0553088,-0.01894930.643474,0.498484,1
970,243.02,0,0,0,-3.0886e-008,7.31512e-009,0.981818,0.000881508,0.0555758,-0.0180850.643375,0.498333,1
980,254.004,0,0,0,-3.0886e-008,7.31512e-009,0.981818,0.000745551,0.0556235,-0.01717180.643362,0.498312,1
990,258.289,0,0,0,-3.0886e-008,7.31512e-009,0.981818,0.000596789,0.0554317,-0.01629970.643362,0.498312,1
1000,262.905,0,0,0,-3.0886e-008,7.31512e-009,0.981818,0.000359777,0.0553289,-0.01545760.643102,0.498624,1
1010,268.148,0,0,0,-3.0886e-008,7.31512e-009,0.981818,-7.31782e-005,0.0553347,-0.01449420.643048,0.498842,1
1020,270.049,0,0,0,-3.0886e-008,7.31512e-009,0.981818,-0.000668548,0.0552382,-0.01337050.642943,0.499146,1
1030,274.843,0,0,0,-3.0886e-008,7.31512e-009,0.981818,-0.00101324,0.0551086,-0.01217220.64279,0.499428,1
1040,281.206,0,0,0,-3.0886e-008,7.31512e-009,0.981818,-0.00111342,0.0550885,-0.01102120.642636,0.499616,1
1050,290.7,0,0,0,-3.0886e-008,7.31512e-009,0.981818,-0.00122379,0.0549805,-0.009718060.6425,0.499731,1
1060,304.234,0,0,0,-3.0886e-008,7.31512e-009,0.981818,-0.00125689,0.0548477,-0.008396540.642329,0.499846,1
1070,319.219,0,0,0,-3.0886e-008,7.31512e-009,0.981818,-0.000818197,0.0547693,-0.007065810.642232,0.499887,1
1080,330.112,0,0,0,-3.0886e-008,7.31512e-009,0.981818,-0.000384065,0.0545274,-0.005655220.642207,0.499893,1
1090,336.42,0,0,0,-3.0886e-008,7.31512e-009,0.981818,-0.000279475,0.0540177,-0.004047430.641977,0.499921,1
1100,335.457,0,0,0,-3.0886e-008,7.31512e-009,0.981818,-6.12589e-005,0.0536065,-0.002494070.641733,0.499932,1
1110,328.592,0,0,0,-3.0886e-008,7.31512e-009,0.981818,0.000409927,0.0533131,-0.0008531170.641357,0.499941,1
1120,321.689,0,0,0,-3.0886e-008,7.31512e-009,0.981818,0.000443821,0.0529863,0.0008608380.640749,0.499953,1
1130,306.807,0,0,0,-3.0886e-008,7.31512e-009,0.981818,0.000232304,0.0526695,0.00262320.640101,0.499956,1
1140,296.305,0,0,0,-3.0886e-008,7.31512e-009,0.981818,0.000273786,0.0524576,0.004249990.639454,0.499946,1
1150,281.486,0,0,0,-3.0886e-008,7.31512e-009,0.981818,0.000375669,0.052404,0.005799540.638659,0.49992,1
1160,268.5,0,0,0,-3.0886e-008,7.31512e-009,0.981818,0.000230286,0.0526864,0.007266030.637892,0.499883,1
1170,254.732,0,0,0,-3.0886e-008,7.31512e-009,0.981818,0.000146998,0.0531781,0.008900030.637233,0.499837,1
1180,245.228,0,0,0,-3.0886e-008,7.31512e-009,0.981818,0.000111132,0.0534497,0.01068960.63645,0.49977,1
1190,238.496,0,0,0,-3.0886e-008,7.31512e-009,0.981818,-0.000154118,0.0535993,0.01264710.635635,0.499686,1
1200,239.71,0,0,0,-3.0886e-008,7.31512e-009,0.981818,-0.000578575,0.0539261,0.01456670.635008,0.499609,1
1210,242.233,0,0,0,-3.0886e-008,7.31512e-009,0.981818,-0.000814806,0.0542492,0.01632560.634462,0.49953,1
1220,243.433,0,0,0,-3.0886e-008,7.31512e-009,0.981818,-0.000920485,0.0542291,0.01783280.633873,0.499436,1
1230,242.476,0,0,0,-3.0886e-008,7.31512e-009,0.981818,-0.0010635,0.0541317,0.01941190.633228,0.499328,1
1240,243.225,0,0,0,-3.0886e-008,7.31512e-009,0.981818,-0.00120027,0.054206,0.02109150.6326,0.499229,1
1250,245.695,0,0,0,-3.0886e-008,7.31512e-009,0.981818,-0.000912963,0.0543519,0.02269290.632162,0.49917,1
1260,259.745,0,0,0,-3.0886e-008,7.31512e-009,0.981818,-0.000176839,0.0543443,0.02399610.63181,0.499133,1
1270,271.91,0,0,0,-3.0886e-008,7.31512e-009,0.981818,0.000503655,0.0544236,0.02512570.631326,0.499091,1
1280,287.393,0,0,0,-3.0886e-008,7.31512e-009,0.981818,0.00096428,0.0547516,0.02620630.630873,0.499047,1
1290,295.885,0,0,0,-3.0886e-008,7.31512e-009,0.981818,0.00172111,0.0549511,0.02737220.630526,0.499007,1
1300,292.288,0,0,0,-3.0886e-008,7.31512e-009,0.981818,0.00253822,0.0547456,0.02850870.630016,0.498942,1
1310,272.506,0,0,0,-3.0886e-008,7.31512e-009,0.981818,0.00286583,0.0546578,0.02936050.629383,0.498853,1
1320,248.22,0,0,0,-3.0886e-008,7.31512e-009,0.981818,0.00280071,0.0549252,0.02974260.628903,0.498777,1
1330,220.059,0,0,0,-3.0886e-008,7.31512e-009,0.981818,0.00262887,0.05502,0.02970260.628517,0.498708,1
1340,196.197,0,0,0,-3.0886e-008,7.31512e-009,0.981818,0.00217502,0.0548962,0.02935860.62819,0.498642,1
1350,181.894,0,0,0,-3.0886e-008,7.31512e-009,0.981818,0.00170811,0.0550964,0.02891810.627966,0.498598,1
1360,174.901,0,0,0,-3.0886e-008,7.31512e-009,0.981818,0.00153811,0.0555934,0.02860740.627691,0.498549,1
1370,177.449,0,0,0,-3.0886e-008,7.31512e-009,0.981818,0.00141231,0.0557734,0.02847350.62748,0.498503,1
1380,191.267,0,0,0,-3.0886e-008,7.31512e-009,0.981818,0.00103497,0.0555936,0.02844830.62748,0.498503,1
1390,200.441,0,0,0,-3.0886e-008,7.31512e-009,0.981818,0.000742776,0.0554234,0.02847080.62748,0.498503,1
1400,220.815,0,0,0,-3.0886e-008,7.31512e-009,0.981818,0.000764952,0.0554704,0.02849610.62748,0.498503,1
1410,243.226,0,0,0,-3.0886e-008,7.31512e-009,0.981818,0.000933348,0.0555132,0.02836250.62748,0.498503,1
1420,261.976,0,0,0,-3.0886e-008,7.31512e-009,0.981818,0.000896029,0.0554462,0.02789020.62748,0.498503,1
1430,276.886,0,0,0,-3.0886e-008,7.31512e-009,0.981818,0.000549125,0.0552417,0.02695440.62748,0.498503,1
1440,287.648,0,0,0,-3.0886e-008,7.31512e-009,0.981818,7.89887e-005,0.0549621,0.02587610.62748,0.498503,1
1450,290.124,0,0,0,-3.0886e-008,7.31512e-009,0.981818,-0.000249916,0.0546488,0.02503720.62748,0.498503,1
1460,298.477,0,0,0,-3.0886e-008,7.31512e-009,0.981818,-0.000441276,0.0546125,0.02426850.62748,0.498503,1
1470,300.742,0,0,0,-3.0886e-008,7.31512e-009,0.981818,-0.00054987,0.0548597,0.0232630.62748,0.498503,1
1480,297.276,0,0,0,-3.0886e-008,7.31512e-009,0.981818,-0.000541307,0.0550287,0.02225860.62748,0.498503,1
1490,295.997,0,0,0,-3.0886e-008,7.31512e-009,0.981818,-0.000462614,0.0548586,0.02132120.626811,0.498271,1
1500,289.702,0,0,0,-3.0886e-008,7.31512e-009,0.981818,-0.000363465,0.0545703,0.02014680.626124,0.498038,1
1510,284.837,0,0,0,-3.0886e-008,7.31512e-009,0.981818,-0.000120769,0.0541997,0.01869370.625251,0.497745,1
1520,282.266,0,0,0,-3.0886e-008,7.31512e-009,0.981818,0.000248166,0.053815,0.01712760.624202,0.497393,1
1530,278.688,0,0,0,-3.0886e-008,7.31512e-009,0.981818,0.000411527,0.0535672,0.01524030.623305,0.497088,1
1540,282.424,0,0,0,-3.0886e-008,7.31512e-009,0.981818,0.00032403,0.0534919,0.01315170.622708,0.49688,1
1550,291.408,0,0,0,-3.0886e-008,7.31512e-009,0.981818,0.000322699,0.0534156,0.01151820.622435,0.496776,1
1560,288.853,0,0,0,-3.0886e-008,7.31512e-009,0.981818,0.000540267,0.0534376,0.01063510.622435,0.496776,1
1570,281.242,0,0,0,-3.0886e-008,7.31512e-009,0.981818,0.000725669,0.0534693,0.009897440.622435,0.496776,1
1580,285.135,0,0,0,-3.0886e-008,7.31512e-009,0.981818,0.000817411,0.0533405,0.008883070.622435,0.496776,1
1590,288.326,0,0,0,-3.0886e-008,7.31512e-009,0.981818,0.000959545,0.0531179,0.007866390.622435,0.496776,1
1600,298.552,0,0,0,-3.0886e-008,7.31512e-009,0.981818,0.00110672,0.0531451,0.007175080.622435,0.496776,1
1610,308.228,0,0,0,-3.0886e-008,7.31512e-009,0.981818,0.000951538,0.0534792,0.006468560.622435,0.496776,1
1620,316.23,0,0,0,-3.0886e-008,7.31512e-009,0.981818,0.000536151,0.0540795,0.005597450.622435,0.496776,1
1630,324.743,0,0,0,-3.0886e-008,7.31512e-009,0.981818,2.88712e-006,0.054781,0.004665120.622435,0.496776,1
1640,327.053,0,0,0,-3.0886e-008,7.31512e-009,0.981818,-0.000680603,0.0553488,0.003602330.622435,0.496776,1
1650,318.793,0,0,0,-3.0886e-008,7.31512e-009,0.981818,-0.00150661,0.0558592,0.002024190.622435,0.496776,1
1660,305.09,0,0,0,-3.0886e-008,7.31512e-009,0.981818,-0.00199461,0.0564399,0.0002588570.622435,0.496776,1
1670,294.19,0,0,0,-3.0886e-008,7.31512e-009,0.981818,-0.00200734,0.0568355,-0.00122660.622435,0.496776,1
1680,279.098,0,0,0,-3.0886e-008,7.31512e-009,0.981818,-0.00176308,0.0568689,-0.002359410.622435,0.496776,1
1690,272.978,0,0,0,-3.0886e-008,7.31512e-009,0.981818,-0.00145467,0.0568944,-0.00379570.622435,0.496776,1
1700,269.262,0,0,0,-3.0886e-008,7.31512e-009,0.981818,-0.000852134,0.0568289,-0.005487440.622435,0.496776,1
1710,269.187,0,0,0,-3.0886e-008,7.31512e-009,0.981818,-0.000131953,0.0565073,-0.007099550.622435,0.496776,1
1720,278.565,0,0,0,-3.0886e-008,7.31512e-009,0.981818,0.000355571,0.0560942,-0.008381310.622435,0.496776,1
1730,291.088,0,0,0,-3.0886e-008,7.31512e-009,0.981818,0.000566139,0.0558719,-0.009756580.622435,0.496776,1
1740,296.892,0,0,0,-3.0886e-008,7.31512e-009,0.981818,0.000964983,0.0555592,-0.01136610.622413,0.496764,1
1750,304.909,0,0,0,-3.0886e-008,7.31512e-009,0.981818,0.00143214,0.0551132,-0.01331880.622413,0.496764,1
1760,303.293,0,0,0,-3.0886e-008,7.31512e-009,0.981818,0.00179774,0.0547115,-0.01529890.622413,0.496764,1
1770,302.714,0,0,0,-3.0886e-008,7.31512e-009,0.981818,0.00229062,0.054552,-0.01723620.622413,0.496764,1
1780,311.415,0,0,0,-3.0886e-008,7.31512e-009,0.981818,0.00297337,0.0544724,-0.01895770.622413,0.496764,1
1790,323.81,0,0,0,-3.0886e-008,7.31512e-009,0.981818,0.00342602,0.0543865,-0.02053250.622413,0.496764,1
1800,337.288,0,0,0,-3.0886e-008,7.31512e-009,0.981818,0.00371692,0.0543518,-0.02207680.622193,0.496708,1
1810,346.58,0,0,0,-3.0886e-008,7.31512e-009,0.981818,0.00405821,0.0543845,-0.02394990.62176,0.496606,1
1820,348.884,0,0,0,-3.0886e-008,7.31512e-009,0.981818,0.00410473,0.0542965,-0.02582160.621277,0.496503,1
1830,372.2,0,0,0,-3.0886e-008,7.31512e-009,0.981818,0.00366216,0.054258,-0.02727020.621045,0.496463,1
1840,400.512,0,0,0,-3.0886e-008,7.31512e-009,0.981818,0.00307038,0.0545975,-0.02835860.620904,0.496445,1
1850,421.318,0,0,0,-3.0886e-008,7.31512e-009,0.981818,0.00260777,0.0551353,-0.02958590.620674,0.496422,1
1860,422.136,0,0,0,-3.0886e-008,7.31512e-009,0.981818,0.00218885,0.0555832,-0.03083260.620516,0.496414,1
1870,400.688,0,0,0,-3.0886e-008,7.31512e-009,0.981818,0.00183725,0.0560672,-0.03172310.620491,0.496413,1
1880,366.005,0,0,0,-3.0886e-008,7.31512e-009,0.981818,0.00146865,0.0565807,-0.03227660.620371,0.496414,1
1890,346.164,0,0,0,-3.0886e-008,7.31512e-009,0.981818,0.00101222,0.0567031,-0.03295510.620371,0.496414,1
1900,344.711,0,0,0,-3.0886e-008,7.31512e-009,0.981818,0.000643764,0.0564368,-0.03390440.620371,0.496414,1
1910,366.89,0,0,0,-3.0886e-008,7.31512e-009,0.981818,0.000672151,0.0559591,-0.03481130.620371,0.496414,1
1920,392.916,0,0,0,-3.0886e-008,7.31512e-009,0.981818,0.000955992,0.0552867,-0.03558130.620371,0.496414,1
1930,390.712,0,0,0,-3.0886e-008,7.31512e-009,0.981818,0.00129105,0.0545161,-0.03639710.620371,0.496414,1
1940,360.703,0,0,0,-3.0886e-008,7.31512e-009,0.981818,0.00165388,0.0539971,-0.03735730.620371,0.496414,1
1950,328.703,0,0,0,-3.0886e-008,7.31512e-009,0.981818,0.00209089,0.0537004,-0.03823730.620371,0.496414,1
1960,295.979,0,0,0,-3.0886e-008,7.31512e-009,0.981818,0.00230658,0.0536446,-0.03910470.620371,0.496414,1
1970,282.034,0,0,0,-3.0886e-008,7.31512e-009,0.981818,0.0021102,0.0536286,-0.03995990.620371,0.496414,1
1980,269.693,0,0,0,-3.0886e-008,7.31512e-009,0.981818,0.00165013,0.0533112,-0.0406240.620371,0.496414,1
1990,264.894,0,0,0,-3.0886e-008,7.31512e-009,0.981818,0.00103671,0.0526925,-0.04078070.620371,0.496414,1
2000,432.299,0,0,-3.3974,0.000192792,0.052451,0.980118,8.61229e-005,0.0524505,-0.0409660.621015,0.496861,1
2010,433.381,0,0,-3.37149,0.000192792,0.052451,0.963189,-0.000965598,0.0526056,-0.04165380.621007,0.497136,1
2020,426.697,0,0,-3.34605,0.000192792,0.052451,0.94639,-0.00152646,0.0527742,-0.04280340.621039,0.497381,1
2030,425.341,0,0,-3.32126,0.000192792,0.052451,0.929715,-0.00175736,0.0528741,-0.04377470.621035,0.497506,1
2040,425.354,0,0,-3.29702,0.000192792,0.052451,0.913164,-0.00225734,0.0532133,-0.04456490.621024,0.497593,1
2050,417.646,0,0,-3.27314,0.000192792,0.052451,0.896733,-0.00286529,0.0536823,-0.04513020.621018,0.497616,1
2060,412.058,0,0,-3.25055,0.000192792,0.052451,0.880418,-0.00297562,0.0542945,-0.04552660.62092,0.4979,1
2070,407.836,0,0,-3.22903,0.000192792,0.052451,0.864214,-0.00276905,0.0549797,-0.04550290.62078,0.498203,1
2080,399.047,0,0,-3.20809,0.000192792,0.052451,0.848117,-0.00253529,0.0556508,-0.04517350.62078,0.498203,1
2090,386.861,0,0,-3.18927,0.000192792,0.052451,0.83212,-0.00214203,0.0561514,-0.04444460.620535,0.498358,1
2100,360.394,0,0,-3.17365,0.000192792,0.052451,0.81621,-0.00155515,0.056555,-0.04356130.620106,0.498553,1
2110,331.932,0,0,-3.16338,0.000192792,0.052451,0.800368,-0.00129988,0.0568754,-0.04249980.620106,0.498553,1
2120,315.899,0,0,-3.15804,0.000192792,0.052451,0.784564,-0.00137196,0.0571393,-0.0415210.619948,0.498553,1
2130,314.9,0,0,-3.15462,0.000192792,0.052451,0.768782,-0.00137185,0.0572126,-0.04046140.619678,0.498589,1
2140,327.475,0,0,-3.14916,0.000192792,0.052451,0.75302,-0.001089,0.0570751,-0.03926550.619678,0.498589,1
2150,335.848,0,0,-3.14159,0.000192792,0.052451,0.73729,-0.000797116,0.0564541,-0.03756410.619678,0.498589,1
2160,344.52,0,0,-3.13229,0.000192792,0.052451,0.721603,-0.000368627,0.0552124,-0.0355730.619543,0.498691,1
2170,359.21,0,0,-3.12072,0.000192792,0.052451,0.705966,0.000453024,0.0536862,-0.03371980.619433,0.498816,1
2180,378.967,0,0,-3.10596,0.000192792,0.052451,0.690394,0.00128876,0.052416,-0.0325470.619433,0.498816,1
2190,390.983,0,0,-3.08876,0.000192792,0.052451,0.674903,0.00129545,0.0513311,-0.03165370.619433,0.498816,1
2200,402.978,0,0,-3.06975,0.000192792,0.052451,0.659501,0.000610315,0.0505539,-0.0304560.619433,0.498816,1
2210,411.554,0,0,-3.04952,0.000192792,0.052451,0.644197,-1.9054e-005,0.0505294,-0.02870250.619433,0.498816,1
2220,413.747,0,0,-3.02874,0.000192792,0.052451,0.628996,-0.000403735,0.0510612,-0.02684360.619568,0.498829,1
2230,416.996,0,0,-3.00763,0.000192792,0.052451,0.6139,-0.000723176,0.0514739,-0.0250830.619779,0.498774,1
2240,423.508,1.04374e-007,2.31849e-007,-2.9863,0.000192792,0.052451,0.59891,-0.000589691,0.0517542,-0.02346820.620084,0.498652,1
2250,426.395,2.58743e-006,5.12786e-006,-2.96425,0.000192799,0.0524511,0.584028,0.00017578,0.0521731,-0.02216580.620252,0.498536,1
2260,424.646,9.20594e-006,3.30127e-006,-2.94236,0.000192826,0.0524511,0.569256,0.00119378,0.0525843,-0.02119610.620581,0.498254,1
2270,412.704,3.1848e-005,-2.81943e-005,-2.92177,0.000192927,0.052451,0.554591,0.00216847,0.0530988,-0.02017180.620927,0.497919,1
2280,400.718,6.01662e-005,-6.60066e-005,-2.90286,0.000193154,0.0524508,0.540025,0.00299002,0.0539034,-0.0189250.621089,0.497808,1
2290,393.547,9.54574e-005,-0.000112265,-2.88539,0.00019354,0.0524503,0.525551,0.00334921,0.0546748,-0.01795460.621095,0.497806,1
2300,386.409,0.000141287,-0.000173022,-2.86913,0.000194123,0.0524496,0.511161,0.00323326,0.055024,-0.01730120.621288,0.497778,1
2310,376.259,0.000235204,-0.00031625,-2.85423,0.000195055,0.0524484,0.496849,0.0030591,0.0552355,-0.01647650.621676,0.497749,1
2320,375.451,0.000365767,-0.00045628,-2.84054,0.000196542,0.0524465,0.482609,0.00305985,0.0555664,-0.01517350.62183,0.497753,1
2330,389.801,0.000561911,-0.000551016,-2.8263,0.000198845,0.052444,0.468437,0.00321648,0.0558175,-0.01388570.621971,0.49778,1
2340,423.907,0.000799618,-0.000659417,-2.8084,0.000202231,0.052441,0.454344,0.00344028,0.0557031,-0.01269330.622381,0.497868,1
2350,448.227,0.00108548,-0.000778203,-2.78738,0.000206917,0.0524374,0.440348,0.00364282,0.0552818,-0.01134610.622925,0.497985,1
2360,453.771,0.00148834,-0.000885456,-2.76521,0.000213332,0.0524332,0.426461,0.00379236,0.0546932,-0.009700020.623383,0.498091,1
2370,435.256,0.00193461,-0.000929044,-2.74403,0.00022188,0.0524286,0.412683,0.00406472,0.0540867,-0.008172240.62376,0.498192,1
2380,401.428,0.0023803,-0.00080873,-2.72608,0.000232689,0.0524242,0.399005,0.00436129,0.053559,-0.006943910.623989,0.498244,1
2390,372.541,0.00270871,-0.000327384,-2.71174,0.000245499,0.0524211,0.385407,0.00442043,0.0531942,-0.006248350.624085,0.498255,1
2400,356.64,0.00270687,0.000860088,-2.69854,0.000259305,0.052422,0.371879,0.00425677,0.0529799,-0.006029820.62411,0.498253,1
2410,347.173,0.00171935,0.0035368,-2.68345,0.000270988,0.0524321,0.358419,0.00447582,0.0529133,-0.006113830.62411,0.498253,1
2420,335.922,-0.00143524,0.00952879,-2.66206,0.000273018,0.0524628,0.34505,0.00534478,0.0530549,-0.006049650.62411,0.498253,1
2430,321.858,-0.00906107,0.0218482,-2.62887,0.000249383,0.0525376,0.331814,0.00632898,0.0533326,-0.005719630.62411,0.498253,1
2440,307.193,-0.0251171,0.0456968,-2.57501,0.000168676,0.0527003,0.318793,0.00686367,0.0535388,-0.005117910.62411,0.498253,1
2450,295.616,-0.0557434,0.0875863,-2.48871,-2.57804e-005,0.0530245,0.306117,0.00722985,0.0536194,-0.004373010.62411,0.498253,1
2460,287.227,-0.108342,0.152472,-2.35723,-0.000425039,0.0536145,0.293981,0.00755504,0.0537539,-0.003246090.62411,0.498253,1
2470,277.956,-0.189228,0.237299,-2.17531,-0.00115619,0.054583,0.282629,0.0075865,0.0540256,-0.001664090.62411,0.498253,1
2480,269.38,-0.299202,0.322924,-1.94897,-0.00236544,0.0559894,0.272304,0.00737907,0.0545186,0.0001247020.62411,0.498253,1
2490,261.38,-0.434603,0.377529,-1.69319,-0.00418974,0.0577605,0.26319,0.00743106,0.0552271,0.001627750.62411,0.498253,1
2500,261.23,-0.592637,0.371882,-1.41612,-0.00674799,0.0596636,0.25541,0.00763194,0.0559268,0.002723020.62411,0.498253,1
2510,266.303,-0.771496,0.293056,-1.12078,-0.0101496,0.0613565,0.249062,0.00756144,0.0563565,0.003453870.62411,0.498253,1
2520,262.42,-0.964702,0.152058,-0.819145,-0.0144861,0.0624897,0.244215,0.00730454,0.0567555,0.003944170.624227,0.498328,1
2530,264.433,-1.15522,-0.0174744,-0.534799,-0.0197909,0.0628294,0.240844,0.00731696,0.0570901,0.004437770.624534,0.498529,1
2540,285.353,-1.32097,-0.176552,-0.292681,-0.025995,0.0623333,0.238797,0.00740666,0.0570264,0.00522570.624681,0.498616,1
2550,319.113,-1.44913,-0.301669,-0.105073,-0.0329371,0.0611211,0.237827,0.00714214,0.0564453,0.006286680.625048,0.498854,1
2560,330.306,-1.54063,-0.388112,0.0295113,-0.0404262,0.0593808,0.237659,0.00669782,0.0556778,0.007313520.62565,0.499263,1
2570,323.321,-1.60397,-0.44178,0.120283,-0.0482985,0.0572938,0.238049,0.0063906,0.0548165,0.008015430.626234,0.499679,1
2580,312.741,-1.6478,-0.472072,0.179261,-0.0564354,0.0550011,0.238809,0.00617879,0.0541107,0.008306980.626724,0.500045,1
2590,301.767,-1.67843,-0.487415,0.216839,-0.0647557,0.0525974,0.239807,0.00609369,0.0539664,0.008241140.627122,0.500348,1
2600,292.169,-1.69981,-0.493816,0.24058,-0.0732043,0.0501416,0.240955,0.00630184,0.0542468,0.007745010.627504,0.500636,1
2610,284.056,-1.7155,-0.495477,0.255821,-0.0817442,0.0476671,0.242199,0.00669811,0.0543347,0.006795780.628097,0.501085,1
2620,260.75,-1.72843,-0.495396,0.266297,-0.090353,0.0451901,0.243505,0.00723593,0.0543758,0.005660490.628918,0.501701,1
2630,227.288,-1.74356,-0.496101,0.274782,-0.0990287,0.0427128,0.244858,0.00787816,0.0547239,0.004623390.629719,0.502289,1
2640,199.832,-1.76434,-0.499211,0.283469,-0.107792,0.040227,0.246252,0.00850745,0.0551241,0.003560940.630457,0.502815,1
2650,201.575,-1.78687,-0.503898,0.291749,-0.116665,0.037721,0.24769,0.00888159,0.0552841,0.002201830.63128,0.503387,1
2660,235.602,-1.80176,-0.507668,0.298948,-0.125637,0.0351924,0.249167,0.00894745,0.055494,0.0005378630.632228,0.50403,1
2670,280.581,-1.80511,-0.509257,0.304871,-0.134657,0.0326498,0.250676,0.00858065,0.0558949,-0.001310460.633215,0.504687,1
2680,306.908,-1.80051,-0.509678,0.311431,-0.143673,0.0301023,0.252216,0.0079712,0.0561665,-0.003149070.634114,0.505284,1
2690,305.52,-1.79342,-0.510193,0.318961,-0.152659,0.0275528,0.253792,0.00753125,0.0564277,-0.004818690.634793,0.505742,1
2700,289.556,-1.78669,-0.511787,0.329753,-0.161608,0.0249984,0.255412,0.00740339,0.0571137,-0.006242010.635219,0.506043,1
2710,264.417,-1.78248,-0.514926,0.345028,-0.170529,0.0224327,0.257096,0.00719213,0.0579979,-0.007707320.635467,0.506229,1
2720,249.607,-1.78157,-0.520133,0.365917,-0.179436,0.0198463,0.258871,0.00722802,0.0585913,-0.009524730.635566,0.506307,1
2730,248.189,-1.78224,-0.526932,0.390716,-0.188343,0.0172301,0.26076,0.00797048,0.0591574,-0.01187820.635566,0.506307,1
2740,253.571,-1.78189,-0.534842,0.420467,-0.197251,0.0145765,0.262786,0.00899668,0.059864,-0.01428580.635566,0.506307,1
2750,252.042,-1.78345,-0.543485,0.452482,-0.206161,0.0118818,0.264967,0.00971307,0.0602358,-0.01628310.635566,0.506307,1
2760,245.534,-1.78852,-0.552736,0.482792,-0.215087,0.00914186,0.267307,0.0105321,0.0600105,-0.01767810.635566,0.506307,1
2770,239.908,-1.79708,-0.561951,0.508334,-0.224047,0.00635603,0.269786,0.01147,0.0596999,-0.01873030.635566,0.506307,1
2780,248.979,-1.80723,-0.570244,0.528649,-0.233056,0.00352535,0.272381,0.0119688,0.0595415,-0.01950160.635566,0.506307,1
2790,268.62,-1.81446,-0.575924,0.541379,-0.24211,0.000659466,0.275058,0.0120831,0.0593425,-0.02038740.635566,0.506307,1
2800,278.529,-1.81904,-0.579479,0.548178,-0.251193,-0.00222945,0.277784,0.0124882,0.0589769,-0.02141720.635566,0.506307,1
2810,277.004,-1.82346,-0.582018,0.551596,-0.260298,-0.00513315,0.280534,0.0130327,0.0586432,-0.02235620.635566,0.506307,1
2820,281.353,-1.82761,-0.583851,0.552682,-0.269426,-0.0080479,0.283295,0.0132524,0.058118,-0.02296480.635566,0.506307,1
2830,300.713,-1.82953,-0.58453,0.551718,-0.27857,-0.0109693,0.286057,0.013337,0.0572602,-0.02377830.635566,0.506307,1
2840,317.506,-1.8285,-0.58415,0.54912,-0.287716,-0.0138915,0.28881,0.0137176,0.0562181,-0.0250430.635566,0.506307,1
2850,312.405,-1.82651,-0.583369,0.545702,-0.296854,-0.0168104,0.291547,0.0141736,0.0553213,-0.02653520.635566,0.506307,1
2860,307.127,-1.82554,-0.582919,0.542081,-0.305984,-0.0197262,0.294267,0.0143365,0.05463,-0.02770570.635566,0.506307,1
2870,310.526,-1.82472,-0.5825,0.538263,-0.31511,-0.0226399,0.296968,0.0144331,0.0545031,-0.02848390.635566,0.506307,1
2880,326.699,-1.82218,-0.581542,0.533862,-0.324229,-0.0255505,0.299649,0.0146663,0.0551379,-0.0290930.635566,0.506307,1
2890,359.196,-1.81662,-0.579645,0.528611,-0.333329,-0.0284544,0.302306,0.0146283,0.0563633,-0.02978820.635566,0.506307,1
2900,371.497,-1.80823,-0.576876,0.522654,-0.342394,-0.0313465,0.304935,0.0141012,0.0577479,-0.03064060.635566,0.506307,1
2910,348.899,-1.8007,-0.574453,0.517189,-0.351417,-0.0342251,0.307534,0.0136007,0.0591929,-0.03182260.635566,0.506307,1
2920,321.355,-1.79653,-0.573078,0.512759,-0.36041,-0.0370939,0.310109,0.0133835,0.0603665,-0.03355220.635566,0.506307,1
2930,296.858,-1.79568,-0.572771,0.50938,-0.369389,-0.0399581,0.312664,0.0132248,0.0609718,-0.03558980.635566,0.506307,1
2940,290.147,-1.79723,-0.573192,0.506841,-0.378371,-0.0428228,0.315205,0.0132427,0.0612135,-0.03761310.635586,0.506322,1
2950,301.946,-1.79819,-0.573454,0.504081,-0.38736,-0.0456896,0.317732,0.0137598,0.0615697,-0.03949940.635683,0.506434,1
2960,307.494,-1.79771,-0.573262,0.500958,-0.39635,-0.0485565,0.320245,0.0146125,0.0618054,-0.04134410.635683,0.506434,1
2970,313.048,-1.79645,-0.572796,0.497542,-0.405336,-0.0514219,0.322741,0.0155232,0.0616467,-0.04287940.635683,0.506434,1
2980,316.292,-1.7949,-0.572231,0.494073,-0.414315,-0.0542847,0.32522,0.0163045,0.0612556,-0.04420130.635683,0.506434,1
2990,320.33,-1.7927,-0.571449,0.490434,-0.423285,-0.0571442,0.327682,0.0166373,0.0608788,-0.04568280.635683,0.506434,1
