step,T,sn_vel[0],sn_vel[1],sn_vel[2],sn_crd[0],sn_crd[1],sn_crd[2],target_crd[0],target_crd[1],target_crd[2],boundary[0],boundary[1],boundary[2]
0,0.00207613,0,0,0,-1.69331e-008,5.4186e-010,0.981818,0.000265544,0.0551288,-0.05157450.635469,0.499262,1
10,0.293301,0,0,0,-1.69331e-008,5.4186e-010,0.981818,0.000273574,0.055137,-0.05156570.635475,0.499238,1
20,0.421929,0,0,0,-1.69331e-008,5.4186e-010,0.981818,0.000307668,0.0551554,-0.05152040.6355,0.499195,1
30,0.619257,0,0,0,-1.69331e-008,5.4186e-010,0.981818,0.000364718,0.0551691,-0.05145870.6355,0.499195,1
40,0.780799,0,0,0,-1.69331e-008,5.4186e-010,0.981818,0.000387313,0.0551807,-0.05138260.6355,0.499195,1
50,0.859673,0,0,0,-1.69331e-008,5.4186e-010,0.981818,0.000378021,0.0551799,-0.0513030.6355,0.499195,1
60,0.928062,0,0,0,-1.69331e-008,5.4186e-010,0.981818,0.00037756,0.0551737,-0.05119660.6355,0.499195,1
70,0.981348,0,0,0,-1.69331e-008,5.4186e-010,0.981818,0.000387447,0.0551714,-0.05107460.6355,0.499195,1
80,0.995815,0,0,0,-1.69331e-008,5.4186e-010,0.981818,0.000366946,0.0551779,-0.05094770.6355,0.499195,1
90,1.03431,0,0,0,-1.69331e-008,5.4186e-010,0.981818,0.000333027,0.0551802,-0.05083610.6355,0.499195,1
100,1.05579,0,0,0,-1.69331e-008,5.4186e-010,0.981818,0.000322638,0.0551757,-0.05072610.6355,0.499195,1
110,10.1967,0,0,0,-1.69331e-008,5.4186e-010,0.981818,0.000333592,0.0551596,-0.05045060.6355,0.499195,1
120,17.5083,0,0,0,-1.69331e-008,5.4186e-010,0.981818,0.000307131,0.0551503,-0.04998840.6355,0.499195,1
130,22.5362,0,0,0,-1.69331e-008,5.4186e-010,0.981818,0.000254538,0.0551525,-0.04944040.6355,0.499195,1
140,25.9251,0,0,0,-1.69331e-008,5.4186e-010,0.981818,0.000223937,0.0551517,-0.04884830.6355,0.499195,1
150,28.1634,0,0,0,-1.69331e-008,5.4186e-010,0.981818,0.000187824,0.0551402,-0.04822960.6355,0.499195,1
160,29.532,0,0,0,-1.69331e-008,5.4186e-010,0.981818,0.000107494,0.0551282,-0.0475960.6355,0.499195,1
170,30.3299,0,0,0,-1.69331e-008,5.4186e-010,0.981818,3.41128e-005,0.0551058,-0.04697310.6355,0.499195,1
180,30.7339,0,0,0,-1.69331e-008,5.4186e-010,0.981818,8.48833e-006,0.0550683,-0.04635280.6355,0.499195,1
190,30.8016,0,0,0,-1.69331e-008,5.4186e-010,0.981818,-1.04739e-005,0.0550448,-0.04573280.6355,0.499195,1
200,30.7343,0,0,0,-1.69331e-008,5.4186e-010,0.981818,-5.29537e-005,0.0550505,-0.0451370.6355,0.499195,1
210,39.9207,0,0,0,-1.69331e-008,5.4186e-010,0.981818,-8.6202e-005,0.0550571,-0.04452660.6355,0.499195,1
220,46.0873,0,0,0,-1.69331e-008,5.4186e-010,0.981818,-0.000105594,0.0550452,-0.04386210.6355,0.499195,1
230,50.1475,0,0,0,-1.69331e-008,5.4186e-010,0.981818,-0.000169198,0.0550339,-0.04314780.6355,0.499195,1
240,52.6374,0,0,0,-1.69331e-008,5.4186e-010,0.981818,-0.00027148,0.0550204,-0.04243720.6355,0.499195,1
250,54.1071,0,0,0,-1.69331e-008,5.4186e-010,0.981818,-0.000355593,0.0549836,-0.04175190.6355,0.499195,1
260,54.7953,0,0,0,-1.69331e-008,5.4186e-010,0.981818,-0.000428401,0.0549246,-0.04107850.6355,0.499195,1
270,54.8306,0,0,0,-1.69331e-008,5.4186e-010,0.981818,-0.000519609,0.0548739,-0.0403920.6355,0.499195,1
280,54.4131,0,0,0,-1.69331e-008,5.4186e-010,0.981818,-0.000571449,0.0548355,-0.03974650.6355,0.499195,1
290,53.5022,0,0,0,-1.69331e-008,5.4186e-010,0.981818,-0.000566814,0.0548044,-0.03914930.6355,0.499195,1
300,52.2913,0,0,0,-1.69331e-008,5.4186e-010,0.981818,-0.000576313,0.0547827,-0.03858160.6355,0.499195,1
310,59.9333,0,0,0,-1.69331e-008,5.4186e-010,0.981818,-0.000641689,0.0547916,-0.03796050.6355,0.499195,1
320,64.1273,0,0,0,-1.69331e-008,5.4186e-010,0.981818,-0.000699679,0.054807,-0.03731190.6355,0.499195,1
330,65.9932,0,0,0,-1.69331e-008,5.4186e-010,0.981818,-0.000722621,0.0547918,-0.03662920.6355,0.499195,1
340,66.299,0,0,0,-1.69331e-008,5.4186e-010,0.981818,-0.000735124,0.054745,-0.03592210.6355,0.499195,1
350,65.9122,0,0,0,-1.69331e-008,5.4186e-010,0.981818,-0.000757012,0.0547068,-0.03516490.6355,0.499195,1
360,64.9392,0,0,0,-1.69331e-008,5.4186e-010,0.981818,-0.000747599,0.0546629,-0.03442330.6355,0.499195,1
370,64.0931,0,0,0,-1.69331e-008,5.4186e-010,0.981818,-0.000691589,0.0546086,-0.03363770.6355,0.499195,1
380,63.41,0,0,0,-1.69331e-008,5.4186e-010,0.981818,-0.000602908,0.0545572,-0.03278270.6355,0.499195,1
390,63.2119,0,0,0,-1.69331e-008,5.4186e-010,0.981818,-0.000526372,0.0545027,-0.03181950.6355,0.499195,1
400,63.5639,0,0,0,-1.69331e-008,5.4186e-010,0.981818,-0.000469633,0.0544177,-0.03085430.6355,0.499195,1
410,73.7879,0,0,0,-1.69331e-008,5.4186e-010,0.981818,-0.000421601,0.0543475,-0.02979350.6355,0.499195,1
420,81.6368,0,0,0,-1.69331e-008,5.4186e-010,0.981818,-0.000335609,0.0543116,-0.02860260.6355,0.499195,1
430,88.3085,0,0,0,-1.69331e-008,5.4186e-010,0.981818,-0.000210608,0.0542656,-0.0272570.6355,0.499195,1
440,94.0615,0,0,0,-1.69331e-008,5.4186e-010,0.981818,-8.04858e-005,0.0541905,-0.02591850.6355,0.499195,1
450,99.0403,0,0,0,-1.69331e-008,5.4186e-010,0.981818,3.94487e-005,0.0541265,-0.02457690.6355,0.499195,1
460,103.286,0,0,0,-1.69331e-008,5.4186e-010,0.981818,0.000176866,0.0540779,-0.02326780.6355,0.499195,1
470,106.329,0,0,0,-1.69331e-008,5.4186e-010,0.981818,0.000321606,0.0540641,-0.02195950.6355,0.499195,1
480,108.417,0,0,0,-1.69331e-008,5.4186e-010,0.981818,0.00048307,0.0541193,-0.02075170.6355,0.499195,1
490,108.845,0,0,0,-1.69331e-008,5.4186e-010,0.981818,0.000711368,0.0542096,-0.01958320.6355,0.499195,1
500,108.42,0,0,0,-1.69331e-008,5.4186e-010,0.981818,0.000981626,0.0542768,-0.01846820.6355,0.499195,1
510,116.399,0,0,0,-1.69331e-008,5.4186e-010,0.981818,0.00125796,0.0543417,-0.01733680.6355,0.499195,1
520,121.23,0,0,0,-1.69331e-008,5.4186e-010,0.981818,0.00155335,0.0544479,-0.01624740.6355,0.499195,1
530,124.362,0,0,0,-1.69331e-008,5.4186e-010,0.981818,0.00182961,0.0545605,-0.01518610.635552,0.499069,1
540,127.369,0,0,0,-1.69331e-008,5.4186e-010,0.981818,0.0019961,0.0546303,-0.01419260.635586,0.49899,1
550,130.425,0,0,0,-1.69331e-008,5.4186e-010,0.981818,0.00215292,0.0546738,-0.0132540.63562,0.498911,1
560,133.83,0,0,0,-1.69331e-008,5.4186e-010,0.981818,0.00237185,0.0547298,-0.01240380.635668,0.498802,1
570,137.073,0,0,0,-1.69331e-008,5.4186e-010,0.981818,0.00254952,0.0547589,-0.01159040.635718,0.498693,1
580,139.38,0,0,0,-1.69331e-008,5.4186e-010,0.981818,0.00270733,0.0547535,-0.01081530.635757,0.498606,1
590,140.648,0,0,0,-1.69331e-008,5.4186e-010,0.981818,0.00308511,0.0547774,-0.01015250.635828,0.498456,1
600,140.479,0,0,0,-1.69331e-008,5.4186e-010,0.981818,0.00359226,0.0548257,-0.009687950.635936,0.49823,1
610,148.995,0,0,0,-1.69331e-008,5.4186e-010,0.981818,0.00398861,0.0547978,-0.009400710.63604,0.498015,1
620,154.201,0,0,0,-1.69331e-008,5.4186e-010,0.981818,0.00434964,0.0547395,-0.009237690.63616,0.497773,1
630,158.554,0,0,0,-1.69331e-008,5.4186e-010,0.981818,0.00482658,0.0547407,-0.009226770.636323,0.497449,1
640,163.088,0,0,0,-1.69331e-008,5.4186e-010,0.981818,0.00525207,0.0547579,-0.009404250.636496,0.497111,1
650,168.913,0,0,0,-1.69331e-008,5.4186e-010,0.981818,0.00553014,0.0547482,-0.009833240.63669,0.496737,1
660,175.477,0,0,0,-1.69331e-008,5.4186e-010,0.981818,0.00580041,0.0548305,-0.01046350.636932,0.496273,1
670,181.701,0,0,0,-1.69331e-008,5.4186e-010,0.981818,0.00607062,0.0550005,-0.01126340.637193,0.495781,1
680,186.656,0,0,0,-1.69331e-008,5.4186e-010,0.981818,0.00626617,0.0551132,-0.01218130.637471,0.49526,1
690,189.704,0,0,0,-1.69331e-008,5.4186e-010,0.981818,0.00646612,0.0550805,-0.01325730.637791,0.494665,1
700,191.579,0,0,0,-1.69331e-008,5.4186e-010,0.981818,0.00671553,0.0549564,-0.01442910.638125,0.49405,1
710,201.541,0,0,0,-1.69331e-008,5.4186e-010,0.981818,0.0067755,0.054802,-0.01577650.638461,0.493434,1
720,207.674,0,0,0,-1.69331e-008,5.4186e-010,0.981818,0.00656306,0.0546978,-0.0173110.638799,0.492821,1
730,210.378,0,0,0,-1.69331e-008,5.4186e-010,0.981818,0.0062993,0.0546547,-0.01899520.639088,0.492299,1
740,211.095,0,0,0,-1.69331e-008,5.4186e-010,0.981818,0.00616445,0.0546264,-0.02061560.639309,0.491905,1
750,210.628,0,0,0,-1.69331e-008,5.4186e-010,0.981818,0.00593603,0.0545752,-0.02218390.639459,0.491642,1
760,209.714,0,0,0,-1.69331e-008,5.4186e-010,0.981818,0.00551489,0.0545497,-0.02369950.63953,0.49152,1
770,208.511,0,0,0,-1.69331e-008,5.4186e-010,0.981818,0.00506911,0.0546106,-0.02517320.63953,0.49152,1
780,207.876,0,0,0,-1.69331e-008,5.4186e-010,0.981818,0.00476238,0.0547705,-0.02649420.63953,0.49152,1
790,206.318,0,0,0,-1.69331e-008,5.4186e-010,0.981818,0.00440892,0.0549476,-0.02774880.63953,0.49152,1
800,203.105,0,0,0,-1.69331e-008,5.4186e-010,0.981818,0.0040144,0.0550652,-0.02892840.63953,0.49152,1
810,207.554,0,0,0,-1.69331e-008,5.4186e-010,0.981818,0.00371216,0.0551186,-0.03005140.63953,0.49152,1
820,206.238,0,0,0,-1.69331e-008,5.4186e-010,0.981818,0.00352529,0.0551021,-0.03106730.63953,0.49152,1
830,202.574,0,0,0,-1.69331e-008,5.4186e-010,0.981818,0.00327427,0.0549901,-0.03209080.63953,0.49152,1
840,198.05,0,0,0,-1.69331e-008,5.4186e-010,0.981818,0.00310536,0.0548366,-0.03309140.63953,0.49152,1
850,193.931,0,0,0,-1.69331e-008,5.4186e-010,0.981818,0.00309329,0.0546699,-0.03400790.63953,0.49152,1
860,190.946,0,0,0,-1.69331e-008,5.4186e-010,0.981818,0.00307164,0.054455,-0.03476010.63953,0.49152,1
870,188.786,0,0,0,-1.69331e-008,5.4186e-010,0.981818,0.00288903,0.0542651,-0.03545680.63953,0.49152,1
880,187.321,0,0,0,-1.69331e-008,5.4186e-010,0.981818,0.00284426,0.0542091,-0.03610720.63953,0.49152,1
890,186.935,0,0,0,-1.69331e-008,5.4186e-010,0.981818,0.0029618,0.0542021,-0.03670370.63953,0.49152,1
900,186.991,0,0,0,-1.69331e-008,5.4186e-010,0.981818,0.00301382,0.0541921,-0.03722430.63953,0.49152,1
910,197.679,0,0,0,-1.69331e-008,5.4186e-010,0.981818,0.00291424,0.054308,-0.03772640.63953,0.49152,1
920,205.435,0,0,0,-1.69331e-008,5.4186e-010,0.981818,0.00290027,0.0545392,-0.03812880.63953,0.49152,1
930,209.931,0,0,0,-1.69331e-008,5.4186e-010,0.981818,0.00287953,0.0546254,-0.03843020.63953,0.49152,1
940,212.414,0,0,0,-1.69331e-008,5.4186e-010,0.981818,0.00279366,0.0545233,-0.03871480.63953,0.49152,1
950,214.641,0,0,0,-1.69331e-008,5.4186e-010,0.981818,0.0027927,0.0544195,-0.03896220.63953,0.49152,1
960,220.092,0,0,0,-1.69331e-008,5.4186e-010,0.981818,0.00305857,0.0543136,-0.038930.63953,0.49152,1
970,229.424,0,0,0,-1.69331e-008,5.4186e-010,0.981818,0.00334623,0.0539863,-0.03848840.63953,0.49152,1
980,242.451,0,0,0,-1.69331e-008,5.4186e-010,0.981818,0.00355749,0.053433,-0.03769680.63953,0.49152,1
990,257.415,0,0,0,-1.69331e-008,5.4186e-010,0.981818,0.00384207,0.0528882,-0.03658260.63953,0.49152,1
1000,271.65,0,0,0,-1.69331e-008,5.4186e-010,0.981818,0.00429137,0.0524717,-0.03512050.638161,0.491092,1
1010,288.527,0,0,0,-1.69331e-008,5.4186e-010,0.981818,0.00464602,0.0521296,-0.03337030.637426,0.491095,1
1020,299.037,0,0,0,-1.69331e-008,5.4186e-010,0.981818,0.00485186,0.0519152,-0.03150710.636565,0.491092,1
1030,311.42,0,0,0,-1.69331e-008,5.4186e-010,0.981818,0.00507342,0.0519503,-0.02955870.636579,0.491227,1
1040,326.292,0,0,0,-1.69331e-008,5.4186e-010,0.981818,0.00538834,0.0521397,-0.02745710.636591,0.49154,1
1050,345.038,0,0,0,-1.69331e-008,5.4186e-010,0.981818,0.00578854,0.0523489,-0.0251640.636592,0.491957,1
1060,366.93,0,0,0,-1.69331e-008,5.4186e-010,0.981818,0.00641206,0.0526528,-0.02290520.636633,0.492482,1
1070,385.63,0,0,0,-1.69331e-008,5.4186e-010,0.981818,0.00717576,0.053065,-0.02084780.63668,0.492983,1
1080,396.071,0,0,0,-1.69331e-008,5.4186e-010,0.981818,0.00760518,0.0533852,-0.01910940.636697,0.49349,1
1090,401.157,0,0,0,-1.69331e-008,5.4186e-010,0.981818,0.00749588,0.0535856,-0.0176450.636693,0.493979,1
1100,401.602,0,0,0,-1.69331e-008,5.4186e-010,0.981818,0.00713473,0.0538391,-0.01655910.636661,0.494297,1
1110,397.326,0,0,0,-1.69331e-008,5.4186e-010,0.981818,0.00675484,0.0541678,-0.01586750.63661,0.494564,1
1120,390.452,0,0,0,-1.69331e-008,5.4186e-010,0.981818,0.00624091,0.0544119,-0.01552560.636533,0.494842,1
1130,384.679,0,0,0,-1.69331e-008,5.4186e-010,0.981818,0.00572966,0.0545512,-0.01519790.636453,0.495036,1
1140,375.635,0,0,0,-1.69331e-008,5.4186e-010,0.981818,0.0053852,0.0545732,-0.01486220.636406,0.495155,1
1150,364.205,0,0,0,-1.69331e-008,5.4186e-010,0.981818,0.00506401,0.0543473,-0.01458170.636373,0.495264,1
1160,351.294,0,0,0,-1.69331e-008,5.4186e-010,0.981818,0.00456268,0.0538106,-0.01444030.636364,0.495297,1
1170,338.506,0,0,0,-1.69331e-008,5.4186e-010,0.981818,0.00428978,0.0533204,-0.01418820.636359,0.495322,1
1180,329.776,0,0,0,-1.69331e-008,5.4186e-010,0.981818,0.00443717,0.0532187,-0.01383430.636328,0.495501,1
1190,322.561,0,0,0,-1.69331e-008,5.4186e-010,0.981818,0.00464143,0.05332,-0.01330280.636278,0.495875,1
1200,316.074,0,0,0,-1.69331e-008,5.4186e-010,0.981818,0.004558,0.0531956,-0.01265490.636218,0.496426,1
1210,308.976,0,0,0,-1.69331e-008,5.4186e-010,0.981818,0.0044634,0.0529551,-0.01183070.636162,0.497081,1
1220,305.623,0,0,0,-1.69331e-008,5.4186e-010,0.981818,0.00442416,0.052894,-0.01108490.636121,0.497732,1
1230,309.937,0,0,0,-1.69331e-008,5.4186e-010,0.981818,0.00439937,0.0530302,-0.01049170.636094,0.498374,1
1240,315.666,0,0,0,-1.69331e-008,5.4186e-010,0.981818,0.00440094,0.0533901,-0.01013680.63608,0.49904,1
1250,312.848,0,0,0,-1.69331e-008,5.4186e-010,0.981818,0.00442806,0.0543058,-0.00980820.63608,0.499699,1
1260,307.592,0,0,0,-1.69331e-008,5.4186e-010,0.981818,0.00419921,0.0556611,-0.009711990.636095,0.5003,1
1270,299.318,0,0,0,-1.69331e-008,5.4186e-010,0.981818,0.00390596,0.0569061,-0.01013410.63612,0.5008,1
1280,296.7,0,0,0,-1.69331e-008,5.4186e-010,0.981818,0.00385651,0.0577792,-0.01127760.636158,0.501267,1
1290,295.689,0,0,0,-1.69331e-008,5.4186e-010,0.981818,0.003941,0.0584953,-0.01279340.636211,0.501759,1
1300,295.188,0,0,0,-1.69331e-008,5.4186e-010,0.981818,0.00367335,0.0590429,-0.01458010.636251,0.502035,1
1310,295.79,0,0,0,-1.69331e-008,5.4186e-010,0.981818,0.00308667,0.0592543,-0.0166110.636251,0.502035,1
1320,296.49,0,0,0,-1.69331e-008,5.4186e-010,0.981818,0.00250359,0.0590935,-0.01900760.636251,0.502035,1
1330,298.911,0,0,0,-1.69331e-008,5.4186e-010,0.981818,0.00214978,0.0587159,-0.0216320.636251,0.502035,1
1340,313.673,0,0,0,-1.69331e-008,5.4186e-010,0.981818,0.0019216,0.0582568,-0.02445220.636251,0.502035,1
1350,336.916,0,0,0,-1.69331e-008,5.4186e-010,0.981818,0.00180993,0.0578062,-0.02719940.636251,0.502035,1
1360,360.697,0,0,0,-1.69331e-008,5.4186e-010,0.981818,0.0018921,0.0573813,-0.02965070.636251,0.502035,1
1370,380.082,0,0,0,-1.69331e-008,5.4186e-010,0.981818,0.00228058,0.0569021,-0.03161920.636251,0.502035,1
1380,381.532,0,0,0,-1.69331e-008,5.4186e-010,0.981818,0.00276658,0.0562448,-0.03334520.636251,0.502035,1
1390,366.551,0,0,0,-1.69331e-008,5.4186e-010,0.981818,0.00306049,0.0554679,-0.03497620.636251,0.502035,1
1400,339.168,0,0,0,-1.69331e-008,5.4186e-010,0.981818,0.00306885,0.0549561,-0.03643080.636251,0.502035,1
1410,305.283,0,0,0,-1.69331e-008,5.4186e-010,0.981818,0.00286504,0.0547884,-0.03742620.636251,0.502035,1
1420,273.974,0,0,0,-1.69331e-008,5.4186e-010,0.981818,0.00244343,0.0546099,-0.03809580.636251,0.502035,1
1430,255.693,0,0,0,-1.69331e-008,5.4186e-010,0.981818,0.00190386,0.054273,-0.03866610.636251,0.502035,1
1440,248.041,0,0,0,-1.69331e-008,5.4186e-010,0.981818,0.00147965,0.0541917,-0.0391850.636251,0.502035,1
1450,247.665,0,0,0,-1.69331e-008,5.4186e-010,0.981818,0.00129781,0.0544733,-0.03957970.636251,0.502035,1
1460,247.365,0,0,0,-1.69331e-008,5.4186e-010,0.981818,0.00141504,0.0547713,-0.0399470.636251,0.502035,1
1470,243.131,0,0,0,-1.69331e-008,5.4186e-010,0.981818,0.00182357,0.0549378,-0.04034740.636251,0.502035,1
1480,236.398,0,0,0,-1.69331e-008,5.4186e-010,0.981818,0.00236856,0.0552804,-0.04072620.636252,0.50206,1
1490,231.951,0,0,0,-1.69331e-008,5.4186e-010,0.981818,0.00277054,0.0558761,-0.04113010.636237,0.502319,1
1500,236.958,0,0,0,-1.69331e-008,5.4186e-010,0.981818,0.00301701,0.0564304,-0.04164030.636194,0.50256,1
1510,247.664,0,0,0,-1.69331e-008,5.4186e-010,0.981818,0.00320361,0.0568376,-0.04220390.636095,0.502988,1
1520,259.035,0,0,0,-1.69331e-008,5.4186e-010,0.981818,0.00329158,0.0572859,-0.04248560.635987,0.50336,1
1530,274.912,0,0,0,-1.69331e-008,5.4186e-010,0.981818,0.0031638,0.0576282,-0.04250050.635876,0.503664,1
1540,295.853,0,0,0,-1.69331e-008,5.4186e-010,0.981818,0.0029613,0.0574831,-0.04251390.635801,0.503818,1
1550,316.997,0,0,0,-1.69331e-008,5.4186e-010,0.981818,0.00261209,0.0571109,-0.04269950.635801,0.503818,1
1560,326.849,0,0,0,-1.69331e-008,5.4186e-010,0.981818,0.00191886,0.0569697,-0.04275190.635801,0.503818,1
1570,323.04,0,0,0,-1.69331e-008,5.4186e-010,0.981818,0.00106075,0.0568545,-0.04278030.635801,0.503818,1
1580,313.056,0,0,0,-1.69331e-008,5.4186e-010,0.981818,0.000488284,0.0563277,-0.04302090.635801,0.503818,1
1590,302.564,0,0,0,-1.69331e-008,5.4186e-010,0.981818,0.00024667,0.0556147,-0.04350910.635801,0.503818,1
1600,304.043,0,0,0,-1.69331e-008,5.4186e-010,0.981818,5.96414e-005,0.0549353,-0.04373250.635797,0.503822,1
1610,328.63,0,0,0,-1.69331e-008,5.4186e-010,0.981818,-0.000222283,0.0542113,-0.04362940.635742,0.503877,1
1620,368.919,0,0,0,-1.69331e-008,5.4186e-010,0.981818,-0.000448527,0.053592,-0.04343470.635742,0.503877,1
1630,405.796,0,0,0,-1.69331e-008,5.4186e-010,0.981818,-0.000350492,0.0535906,-0.04348510.635742,0.503877,1
1640,437.421,0,0,0,-1.69331e-008,5.4186e-010,0.981818,2.92741e-005,0.0541663,-0.04363060.635742,0.503877,1
1650,457.645,0,0,0,-1.69331e-008,5.4186e-010,0.981818,0.000356895,0.0548793,-0.04385140.635742,0.503877,1
1660,458.45,0,0,0,-1.69331e-008,5.4186e-010,0.981818,0.000406463,0.0555709,-0.04420850.635742,0.503877,1
1670,442.597,0,0,0,-1.69331e-008,5.4186e-010,0.981818,0.000390798,0.0564501,-0.04484010.635742,0.503877,1
1680,415.857,0,0,0,-1.69331e-008,5.4186e-010,0.981818,0.000489394,0.0573578,-0.04556490.635742,0.503877,1
1690,390.707,0,0,0,-1.69331e-008,5.4186e-010,0.981818,0.000754343,0.0579258,-0.04643090.635742,0.503877,1
1700,370.465,0,0,0,-1.69331e-008,5.4186e-010,0.981818,0.00101971,0.0580787,-0.04751410.635742,0.503877,1
1710,351.164,0,0,0,-1.69331e-008,5.4186e-010,0.981818,0.00104811,0.0580478,-0.04868760.635742,0.503877,1
1720,323.384,0,0,0,-1.69331e-008,5.4186e-010,0.981818,0.000581828,0.0578094,-0.04958360.635742,0.503877,1
1730,284.122,0,0,0,-1.69331e-008,5.4186e-010,0.981818,-9.15345e-005,0.0573241,-0.05027190.635742,0.503877,1
1740,240.212,0,0,0,-1.69331e-008,5.4186e-010,0.981818,-0.000525492,0.056839,-0.05106330.635742,0.503877,1
1750,207.109,0,0,0,-1.69331e-008,5.4186e-010,0.981818,-0.000512553,0.0565583,-0.05199960.635742,0.503877,1
1760,188.629,0,0,0,-1.69331e-008,5.4186e-010,0.981818,-0.000389676,0.0561508,-0.05275690.635742,0.503877,1
1770,184.705,0,0,0,-1.69331e-008,5.4186e-010,0.981818,-0.000374027,0.0553784,-0.05319320.635742,0.503877,1
1780,187.551,0,0,0,-1.69331e-008,5.4186e-010,0.981818,-0.000471775,0.0544659,-0.05342360.635742,0.503877,1
1790,200.627,0,0,0,-1.69331e-008,5.4186e-010,0.981818,-0.000364158,0.0536957,-0.05347080.635742,0.503877,1
1800,224.809,0,0,0,-1.69331e-008,5.4186e-010,0.981818,2.69771e-005,0.053104,-0.05317390.635742,0.503877,1
1810,247.022,0,0,0,-1.69331e-008,5.4186e-010,0.981818,0.000613002,0.0528417,-0.05246490.635742,0.503877,1
1820,256.794,0,0,0,-1.69331e-008,5.4186e-010,0.981818,0.00116143,0.0529793,-0.0515010.635742,0.503877,1
1830,254.241,0,0,0,-1.69331e-008,5.4186e-010,0.981818,0.00158174,0.0533047,-0.05033140.635742,0.503877,1
1840,248.51,0,0,0,-1.69331e-008,5.4186e-010,0.981818,0.00163714,0.0536564,-0.04892460.635742,0.503877,1
1850,249.123,0,0,0,-1.69331e-008,5.4186e-010,0.981818,0.00146396,0.0541931,-0.04751370.635742,0.503877,1
1860,259.69,0,0,0,-1.69331e-008,5.4186e-010,0.981818,0.0013653,0.0549183,-0.04648450.63572,0.503866,1
1870,278.446,0,0,0,-1.69331e-008,5.4186e-010,0.981818,0.00133834,0.055476,-0.04576520.635352,0.503593,1
1880,303.878,0,0,0,-1.69331e-008,5.4186e-010,0.981818,0.00105589,0.0556553,-0.044960.635147,0.503322,1
1890,326.599,0,0,0,-1.69331e-008,5.4186e-010,0.981818,0.000734947,0.0557136,-0.04403450.635022,0.502946,1
1900,349.755,0,0,0,-1.69331e-008,5.4186e-010,0.981818,0.000695611,0.0558365,-0.04338290.634999,0.502619,1
1910,365.298,0,0,0,-1.69331e-008,5.4186e-010,0.981818,0.000917293,0.0558301,-0.04315160.634993,0.502249,1
1920,374.21,0,0,0,-1.69331e-008,5.4186e-010,0.981818,0.00121665,0.0556412,-0.04312420.634977,0.501915,1
1930,375.181,0,0,0,-1.69331e-008,5.4186e-010,0.981818,0.00150235,0.0555333,-0.04316370.634993,0.501548,1
1940,366.532,0,0,0,-1.69331e-008,5.4186e-010,0.981818,0.0015712,0.0555621,-0.0433230.635048,0.50105,1
1950,355.817,0,0,0,-1.69331e-008,5.4186e-010,0.981818,0.00141896,0.0554665,-0.04354230.635134,0.500541,1
1960,345.284,0,0,0,-1.69331e-008,5.4186e-010,0.981818,0.00127375,0.0551763,-0.04377650.635239,0.500084,1
1970,323.285,0,0,0,-1.69331e-008,5.4186e-010,0.981818,0.00113656,0.0547116,-0.04415570.635347,0.499708,1
1980,287.089,0,0,0,-1.69331e-008,5.4186e-010,0.981818,0.000825161,0.0539986,-0.04479250.635412,0.499437,1
1990,269.236,0,0,0,-1.69331e-008,5.4186e-010,0.981818,0.00047202,0.0530642,-0.04538960.635436,0.499256,1
2000,381.907,0,0,-2.5986,0.00037091,0.052224,0.980518,0.00037634,0.0521353,-0.04561160.635437,0.499279,1
2010,404.577,0,0,-2.58308,0.00037091,0.052224,0.967559,0.000480843,0.0512994,-0.04552030.635436,0.499408,1
2020,410.886,0,0,-2.56576,0.00037091,0.052224,0.954682,0.000519026,0.0506066,-0.04547950.635427,0.49956,1
2030,396.744,0,0,-2.54921,0.00037091,0.052224,0.941892,0.000322289,0.0501637,-0.04554730.635406,0.499766,1
2040,373.313,0,0,-2.53536,0.00037091,0.052224,0.929178,-0.000100242,0.0501768,-0.04566430.635368,0.500066,1
2050,358.893,0,0,-2.52414,0.00037091,0.052224,0.916527,-0.00071312,0.0505944,-0.04584270.635305,0.500492,1
2060,364.959,0,0,-2.51363,0.00037091,0.052224,0.90393,-0.00138765,0.0511911,-0.04612950.635214,0.501057,1
2070,392.948,0,0,-2.50052,0.00037091,0.052224,0.89139,-0.00200659,0.0517789,-0.04636850.635121,0.501634,1
2080,423.917,0,0,-2.48368,0.00037091,0.052224,0.878924,-0.00241217,0.0524114,-0.04650190.635047,0.502127,1
2090,441.889,0,0,-2.46446,0.00037091,0.052224,0.866548,-0.00251641,0.0530796,-0.04669260.634991,0.502535,1
2100,441.011,0,0,-2.44458,0.00037091,0.052224,0.85427,-0.00217385,0.0538616,-0.0471670.634967,0.50275,1
2110,421.676,0,0,-2.42599,0.00037091,0.052224,0.84209,-0.00147307,0.0549297,-0.04780740.634967,0.50275,1
2120,389.197,0,0,-2.41037,0.00037091,0.052224,0.829997,-0.000749175,0.0563084,-0.04837120.634967,0.50275,1
2130,350.128,0,0,-2.39928,0.00037091,0.052224,0.817972,-0.000429641,0.0575233,-0.04886370.634967,0.50275,1
2140,317.21,0,0,-2.39372,0.00037091,0.052224,0.805991,-0.000432187,0.0582325,-0.04945060.634967,0.50275,1
2150,296.296,0,0,-2.39281,0.00037091,0.052224,0.794026,-0.000433608,0.0583885,-0.05005170.634967,0.50275,1
2160,287.203,0,0,-2.39476,0.00037091,0.052224,0.782058,-0.000281981,0.058002,-0.05053040.634967,0.50275,1
2170,289.317,0,0,-2.39741,0.00037091,0.052224,0.770078,-0.000231404,0.0571223,-0.05102310.634967,0.50275,1
2180,301.175,0,0,-2.39835,0.00037091,0.052224,0.758088,-0.000261632,0.0561859,-0.05167080.634967,0.50275,1
2190,306.88,0,0,-2.39716,0.00037091,0.052224,0.746098,-0.000397177,0.0553818,-0.05233720.634967,0.50275,1
2200,291.276,0,0,-2.39732,0.00037091,0.052224,0.734114,-0.000685863,0.0544791,-0.05285320.634967,0.50275,1
2210,273.398,0,0,-2.40136,0.00037091,0.052224,0.72212,-0.00110657,0.0534227,-0.05325160.634967,0.50275,1
2220,266.471,0,0,-2.40854,0.00037091,0.052224,0.710097,-0.00120557,0.0526276,-0.05340570.634967,0.50275,1
2230,279.479,0,0,-2.41478,0.00037091,0.052224,0.698039,-0.00104742,0.0522358,-0.05301960.634967,0.50275,1
2240,310.082,0,0,-2.41572,0.00037091,0.052224,0.68596,-0.00110455,0.0521365,-0.05205410.634967,0.50275,1
2250,335.034,0,0,-2.41114,0.00037091,0.052224,0.67389,-0.0015367,0.0522991,-0.05101720.634967,0.50275,1
2260,346.44,0,0,-2.40366,0.00037091,0.052224,0.661851,-0.00175093,0.0528187,-0.05031720.63497,0.502772,1
2270,344.56,0,0,-2.39567,0.00037091,0.052224,0.649851,-0.00173439,0.0534732,-0.04985010.634996,0.502874,1
2280,344.088,0,0,-2.38812,0.00037091,0.052224,0.637889,-0.00181154,0.054075,-0.04927760.635002,0.502928,1
2290,354.716,0,0,-2.37971,0.00037091,0.052224,0.625967,-0.00199785,0.0548068,-0.04870970.635002,0.502928,1
2300,363.354,0,0,-2.36975,0.00037091,0.052224,0.61409,-0.0019126,0.0558114,-0.0484420.635002,0.502928,1
2310,363.567,0,0,-2.35947,0.00037091,0.052224,0.602265,-0.00160319,0.0566963,-0.04847730.635002,0.502928,1
2320,374.589,0,0,-2.34847,0.00037091,0.052224,0.590492,-0.00107,0.0572135,-0.04859230.635002,0.502928,1
2330,387.073,0,0,-2.33594,0.00037091,0.052224,0.578777,-0.000404721,0.057712,-0.04882670.635002,0.502928,1
2340,394.279,0,0,-2.32231,0.00037091,0.052224,0.567128,9.50389e-005,0.0582707,-0.04918560.635002,0.502928,1
2350,395.45,0,0,-2.30833,0.00037091,0.052224,0.555547,6.59249e-005,0.0583767,-0.04940370.635002,0.502928,1
2360,393.038,0,0,-2.29456,0.00037091,0.052224,0.544037,-0.00025062,0.0578903,-0.04933230.635002,0.502928,1
2370,392.271,0,0,-2.28112,0.00037091,0.052224,0.532594,-0.000488192,0.057262,-0.04933050.635002,0.502928,1
2380,396.955,0,0,-2.26747,0.00037091,0.052224,0.521219,-0.000582545,0.0565347,-0.0496550.635002,0.502928,1
2390,402.657,0,0,-2.25327,0.00037091,0.052224,0.509914,-0.000624949,0.0555329,-0.04994590.635002,0.502928,1
2400,391.752,0,0,-2.23939,0.00037091,0.052224,0.498679,-0.000397489,0.0545299,-0.04970630.635002,0.502928,1
2410,363.107,1.11601e-007,2.15677e-007,-2.22796,0.00037091,0.052224,0.487509,0.000198246,0.0538524,-0.049110.635002,0.502928,1
2420,330.722,2.48386e-006,5.05068e-006,-2.22082,0.000370917,0.052224,0.476388,0.000775415,0.0532549,-0.04859320.635002,0.502928,1
2430,312.723,1.4893e-006,1.10021e-005,-2.21747,0.000370927,0.052224,0.465292,0.000978605,0.0527139,-0.04819350.635002,0.502928,1
2440,308.077,-5.81368e-007,1.51483e-005,-2.2158,0.000370929,0.0522241,0.454209,0.000972243,0.0526223,-0.04778280.635002,0.502928,1
2450,308.355,-2.23627e-006,2.08306e-005,-2.2144,0.000370922,0.0522242,0.443133,0.00103065,0.0530792,-0.04758380.635002,0.502928,1
2460,310.678,-5.42738e-006,3.18896e-005,-2.21276,0.000370902,0.0522243,0.432064,0.0010837,0.0535625,-0.04767260.635002,0.502928,1
2470,316.57,-4.18585e-006,4.61909e-005,-2.21046,0.000370878,0.0522245,0.421005,0.00115872,0.0538777,-0.04777040.635094,0.502972,1
2480,329.487,-1.5943e-006,6.41142e-005,-2.20659,0.000370863,0.0522248,0.409961,0.00129731,0.0542359,-0.04776660.635204,0.502917,1
2490,337.792,3.96823e-006,8.29655e-005,-2.2009,0.000370868,0.0522251,0.39894,0.00129615,0.0547459,-0.04805420.635365,0.502642,1
2500,325.918,1.2436e-005,0.000110221,-2.19553,0.000370904,0.0522256,0.387949,0.000934757,0.0552432,-0.04871310.635375,0.502442,1
2510,291.601,6.35887e-005,0.000220033,-2.1944,0.000371091,0.0522264,0.376976,0.000594496,0.0559475,-0.04932120.635368,0.502418,1
2520,259.715,0.000122211,0.000350044,-2.20021,0.000371552,0.0522278,0.365994,0.00044042,0.0570069,-0.04959920.635346,0.502281,1
2530,244.449,0.000182798,0.000506991,-2.21167,0.000372329,0.05223,0.354968,0.000190255,0.0580346,-0.04988990.635353,0.50218,1
2540,244.567,9.37884e-005,0.000737864,-2.22521,0.000373035,0.0522331,0.343879,-0.000330831,0.0586672,-0.05038680.63536,0.501965,1
2550,245.267,-0.000102968,0.00104681,-2.23876,0.000373021,0.0522375,0.332723,-0.00059976,0.0592529,-0.05078870.635363,0.501589,1
2560,242.801,-0.000332764,0.00140396,-2.25266,0.000371967,0.0522436,0.321498,-0.000356178,0.0598907,-0.05080350.63537,0.501039,1
2570,240.975,-0.00078811,0.00178553,-2.26795,0.000369194,0.0522516,0.3102,0.000321621,0.0600424,-0.05060780.635388,0.500304,1
2580,236.36,-0.001324,0.00212202,-2.28442,0.000363942,0.0522613,0.298823,0.00120749,0.0594327,-0.05023560.63542,0.499443,1
2590,233.459,-0.00190237,0.00264213,-2.30286,0.000355891,0.0522732,0.28736,0.00218992,0.0584264,-0.04951010.635467,0.498568,1
2600,239.532,-0.0024095,0.00323416,-2.32147,0.000345113,0.0522878,0.275802,0.00277336,0.057071,-0.04855350.63552,0.497833,1
2610,259.366,-0.00276055,0.00389168,-2.33676,0.000332197,0.0523056,0.264157,0.002795,0.0552208,-0.0478010.635571,0.497312,1
2620,283.834,-0.00306634,0.00452124,-2.34631,0.00031765,0.0523266,0.252449,0.00252651,0.0532617,-0.04721260.635621,0.496924,1
2630,300.393,-0.00342515,0.00515602,-2.35172,0.00030145,0.0523508,0.240703,0.00234131,0.0518247,-0.04642870.635675,0.49659,1
2640,303.195,-0.00388399,0.00570089,-2.35552,0.000283214,0.052378,0.228935,0.00197133,0.0509645,-0.04557380.63572,0.496397,1
2650,298.116,-0.00445419,0.00617603,-2.36005,0.000262405,0.0524078,0.217146,0.00136799,0.0504849,-0.04524140.63572,0.496397,1
2660,290.57,-0.00510909,0.00648259,-2.36595,0.000238531,0.0524395,0.205332,0.000862584,0.0504148,-0.04557060.63572,0.496397,1
2670,288.447,-0.00582628,0.00658374,-2.37292,0.000211213,0.0524723,0.193486,0.000908506,0.0507614,-0.04601720.63572,0.496397,1
2680,300.319,-0.0065369,0.00649262,-2.37864,0.000180267,0.052505,0.181606,0.00133185,0.0512654,-0.0462230.63572,0.496397,1
2690,322.323,-0.00704349,0.00639858,-2.38018,0.000146176,0.0525372,0.169706,0.00173249,0.0518294,-0.04636390.63572,0.496397,1
2700,346.77,-0.00699462,0.00679568,-2.37629,0.000110717,0.0525698,0.157811,0.00160897,0.0527318,-0.04655610.635731,0.496375,1
2710,365.743,-0.00579533,0.00856704,-2.36646,7.81253e-005,0.0526074,0.145949,0.000823546,0.0540677,-0.04661380.635813,0.496224,1
2720,367.188,-0.00260666,0.0127279,-2.3514,5.59894e-005,0.0526593,0.13415,-0.00036135,0.0554631,-0.04668780.635861,0.496147,1
2730,357.357,0.00347687,0.0203242,-2.33246,5.69338e-005,0.0527405,0.122436,-0.00130184,0.0565628,-0.04705670.635955,0.49601,1
2740,337.574,0.0124924,0.0312826,-2.31167,9.57477e-005,0.0528682,0.110824,-0.00180201,0.0573044,-0.04761820.63604,0.495899,1
2750,317.746,0.0218423,0.0435119,-2.2915,0.000182463,0.0530557,0.0993153,-0.00217441,0.0575275,-0.04796150.636138,0.495784,1
2760,301.425,0.0277304,0.0536373,-2.27314,0.000308659,0.0532998,0.0879038,-0.00258315,0.0571667,-0.04818480.636296,0.495605,1
2770,292.777,0.0261632,0.0594616,-2.25509,0.000446824,0.0535847,0.0765831,-0.00258213,0.0565754,-0.04860940.636473,0.495413,1
2780,300.496,0.0172756,0.0610407,-2.23375,0.000558837,0.0538873,0.0653584,-0.00198137,0.0561075,-0.04918940.636651,0.495228,1
2790,319.892,0.000455704,0.0598646,-2.20406,0.000605487,0.0541906,0.0542598,-0.00120789,0.0555907,-0.04950140.636816,0.495065,1
2800,336.221,-0.021179,0.0561196,-2.16614,0.000556634,0.054482,0.0433296,-0.000643357,0.0549428,-0.04962530.636842,0.49504,1
2810,338.692,-0.0496229,0.0479925,-2.12158,0.000381185,0.0547445,0.0326071,-0.000314863,0.0543529,-0.04983520.636842,0.49504,1
2820,327.638,-0.0830256,0.0341575,-2.07485,5.3487e-005,0.0549527,0.0221142,-0.000295257,0.0538076,-0.05005360.636842,0.49504,1
2830,320.01,-0.124745,0.0152732,-2.0281,-0.000464518,0.055077,0.0118565,-0.000623941,0.0530066,-0.04993190.636842,0.49504,1
2840,305.905,-0.166864,-0.00174936,-1.98514,-0.00119403,0.0551089,0.00182569,-0.000881226,0.0520207,-0.04960720.636842,0.49504,1
2850,276.014,-0.200104,-0.012684,-1.95241,-0.00211916,0.05507,-0.00801223,-0.000818882,0.051179,-0.04931620.636842,0.49504,1
2860,244.512,-0.215535,-0.019923,-1.93367,-0.00316442,0.054988,-0.0177197,-0.000668115,0.0506942,-0.04902940.636842,0.49504,1
2870,232.498,-0.214738,-0.0247322,-1.92562,-0.0042478,0.0548747,-0.0273615,-0.00054969,0.0505797,-0.04866850.636842,0.49504,1
2880,247.089,-0.192503,-0.0266533,-1.92201,-0.00527538,0.0547457,-0.0369769,-0.000103698,0.0509201,-0.04854490.636842,0.49504,1
2890,276.467,-0.147867,-0.0275061,-1.91787,-0.00613498,0.0546102,-0.0465755,0.000615277,0.0516585,-0.04869760.636842,0.49504,1
2900,297.598,-0.088172,-0.0292065,-1.91281,-0.00672841,0.054469,-0.0561516,0.00119397,0.052509,-0.04881980.636842,0.49504,1
2910,307.902,-0.026329,-0.0315341,-1.90924,-0.00701391,0.054317,-0.0657058,0.00128057,0.0533044,-0.04876810.636842,0.49504,1
2920,308.991,0.031516,-0.0304857,-1.90856,-0.00699796,0.054159,-0.0752494,0.000842024,0.0543063,-0.04889880.636842,0.49504,1
2930,297.461,0.0798494,-0.019874,-1.91029,-0.00671507,0.0540283,-0.0847959,-0.000106722,0.0555465,-0.04937650.636977,0.494963,1
2940,277.577,0.118609,0.000997614,-1.91395,-0.0062152,0.0539775,-0.094355,-0.00105788,0.0565185,-0.04993230.637341,0.49476,1
2950,267.65,0.149649,0.0273708,-1.91963,-0.005542,0.0540474,-0.103937,-0.00140535,0.0568858,-0.05030280.637836,0.494491,1
2960,273.157,0.175244,0.0524144,-1.92594,-0.00472759,0.054249,-0.11355,-0.00105578,0.0569209,-0.05067420.638122,0.494341,1
2970,285.385,0.194952,0.0692739,-1.93224,-0.00379959,0.0545579,-0.123194,-0.000734737,0.0567898,-0.05113060.638322,0.49424,1
2980,295.509,0.208383,0.0728344,-1.93979,-0.00278847,0.0549194,-0.132873,-0.00082199,0.0564406,-0.05147280.638505,0.494157,1
2990,277.46,0.215035,0.0622065,-1.95399,-0.00172716,0.0552626,-0.142602,-0.00102174,0.0559421,-0.05174140.638505,0.494157,1
