step,T,sn_vel[0],sn_vel[1],sn_vel[2],sn_crd[0],sn_crd[1],sn_crd[2],target_crd[0],target_crd[1],target_crd[2],boundary[0],boundary[1],boundary[2]
0,0.0123711,0,0,0,-3.1157e-008,2.98023e-009,0.981818,0.000135263,0.0555942,-0.0461620.636772,0.50238,1
10,1.55049,0,0,0,-3.1157e-008,2.98023e-009,0.981818,0.000101014,0.0556153,-0.04614240.636772,0.50238,1
20,1.49591,0,0,0,-3.1157e-008,2.98023e-009,0.981818,8.06348e-006,0.0555887,-0.04603630.636772,0.50238,1
30,1.99786,0,0,0,-3.1157e-008,2.98023e-009,0.981818,-8.60953e-005,0.0554862,-0.04587090.636772,0.50238,1
40,2.50477,0,0,0,-3.1157e-008,2.98023e-009,0.981818,-0.000113164,0.0553995,-0.04576810.636772,0.50238,1
50,2.78881,0,0,0,-3.1157e-008,2.98023e-009,0.981818,-0.000100144,0.0554126,-0.04573140.636772,0.50238,1
60,2.87297,0,0,0,-3.1157e-008,2.98023e-009,0.981818,-0.000123221,0.055453,-0.04560430.636772,0.50238,1
70,2.98029,0,0,0,-3.1157e-008,2.98023e-009,0.981818,-0.000171651,0.0554534,-0.04536510.636772,0.50238,1
80,2.93436,0,0,0,-3.1157e-008,2.98023e-009,0.981818,-0.000188437,0.0554222,-0.04516930.636772,0.50238,1
90,2.79279,0,0,0,-3.1157e-008,2.98023e-009,0.981818,-0.000176138,0.0554011,-0.04508960.636772,0.50238,1
100,2.64622,0,0,0,-3.1157e-008,2.98023e-009,0.981818,-0.000180519,0.055391,-0.04500830.636772,0.50238,1
110,11.8222,0,0,0,-3.1157e-008,2.98023e-009,0.981818,-0.000219296,0.0553971,-0.04474540.636772,0.50238,1
120,18.6715,0,0,0,-3.1157e-008,2.98023e-009,0.981818,-0.000254815,0.0554189,-0.04434190.636772,0.50238,1
130,23.1457,0,0,0,-3.1157e-008,2.98023e-009,0.981818,-0.000274898,0.0554328,-0.04393640.636772,0.50238,1
140,25.8092,0,0,0,-3.1157e-008,2.98023e-009,0.981818,-0.000318867,0.0554165,-0.04352390.636811,0.502389,1
150,27.1154,0,0,0,-3.1157e-008,2.98023e-009,0.981818,-0.000384081,0.0553962,-0.04309740.636811,0.502389,1
160,27.6268,0,0,0,-3.1157e-008,2.98023e-009,0.981818,-0.000439424,0.0553821,-0.04269780.636829,0.502391,1
170,27.717,0,0,0,-3.1157e-008,2.98023e-009,0.981818,-0.000493688,0.0553596,-0.04230750.636839,0.502391,1
180,27.3423,0,0,0,-3.1157e-008,2.98023e-009,0.981818,-0.000562552,0.0553256,-0.04185690.636842,0.502391,1
190,26.9532,0,0,0,-3.1157e-008,2.98023e-009,0.981818,-0.000618494,0.0553013,-0.04138730.636985,0.502374,1
200,26.5173,0,0,0,-3.1157e-008,2.98023e-009,0.981818,-0.000639281,0.0552872,-0.04102660.637137,0.502347,1
210,35.3179,0,0,0,-3.1157e-008,2.98023e-009,0.981818,-0.000647027,0.0552438,-0.04075420.637264,0.502316,1
220,40.7437,0,0,0,-3.1157e-008,2.98023e-009,0.981818,-0.000648104,0.0551529,-0.04040710.637395,0.502277,1
230,44.421,0,0,0,-3.1157e-008,2.98023e-009,0.981818,-0.000623572,0.0550459,-0.03992860.637572,0.502213,1
240,46.0248,0,0,0,-3.1157e-008,2.98023e-009,0.981818,-0.000610495,0.0549625,-0.03947250.63783,0.502112,1
250,46.5054,0,0,0,-3.1157e-008,2.98023e-009,0.981818,-0.000682738,0.0548972,-0.03915890.638105,0.501994,1
260,46.7059,0,0,0,-3.1157e-008,2.98023e-009,0.981818,-0.000801461,0.0548641,-0.03892410.638344,0.501883,1
270,45.8082,0,0,0,-3.1157e-008,2.98023e-009,0.981818,-0.000848026,0.0548525,-0.03867140.638632,0.50174,1
280,44.9314,0,0,0,-3.1157e-008,2.98023e-009,0.981818,-0.000802333,0.0548396,-0.03841320.639002,0.501548,1
290,44.1538,0,0,0,-3.1157e-008,2.98023e-009,0.981818,-0.000767415,0.0547958,-0.03815070.639364,0.501354,1
300,43.689,0,0,0,-3.1157e-008,2.98023e-009,0.981818,-0.000790241,0.0547356,-0.03785250.639662,0.501189,1
310,52.175,0,0,0,-3.1157e-008,2.98023e-009,0.981818,-0.000830557,0.0546239,-0.03752450.639911,0.501044,1
320,58.4009,0,0,0,-3.1157e-008,2.98023e-009,0.981818,-0.000853708,0.0544891,-0.03726190.640206,0.500867,1
330,62.1858,0,0,0,-3.1157e-008,2.98023e-009,0.981818,-0.000906508,0.0543587,-0.03705620.640537,0.500665,1
340,64.7587,0,0,0,-3.1157e-008,2.98023e-009,0.981818,-0.0010012,0.0542555,-0.03680630.640806,0.5005,1
350,68.593,0,0,0,-3.1157e-008,2.98023e-009,0.981818,-0.00106424,0.0541691,-0.03644580.640964,0.500407,1
360,71.2988,0,0,0,-3.1157e-008,2.98023e-009,0.981818,-0.00106329,0.0541588,-0.03607240.641087,0.50034,1
370,74.6116,0,0,0,-3.1157e-008,2.98023e-009,0.981818,-0.00110673,0.0541048,-0.03574980.641151,0.500308,1
380,78.0723,0,0,0,-3.1157e-008,2.98023e-009,0.981818,-0.00118815,0.0539491,-0.03542840.641239,0.50027,1
390,81.5035,0,0,0,-3.1157e-008,2.98023e-009,0.981818,-0.00116446,0.0538231,-0.03501290.641316,0.500241,1
400,84.3917,0,0,0,-3.1157e-008,2.98023e-009,0.981818,-0.00105066,0.0539041,-0.03454870.641316,0.500241,1
410,96.2942,0,0,0,-3.1157e-008,2.98023e-009,0.981818,-0.0010112,0.0540508,-0.03399650.641316,0.500241,1
420,104.41,0,0,0,-3.1157e-008,2.98023e-009,0.981818,-0.000980619,0.0541732,-0.03328830.641316,0.500241,1
430,109.179,0,0,0,-3.1157e-008,2.98023e-009,0.981818,-0.000834694,0.0543118,-0.03246210.641316,0.50024,1
440,110.897,0,0,0,-3.1157e-008,2.98023e-009,0.981818,-0.000646444,0.0545179,-0.03169050.641316,0.50024,1
450,111.647,0,0,0,-3.1157e-008,2.98023e-009,0.981818,-0.000526392,0.0547078,-0.03096370.641352,0.50022,1
460,109.744,0,0,0,-3.1157e-008,2.98023e-009,0.981818,-0.000408067,0.0549224,-0.03014610.641446,0.500162,1
470,108.194,0,0,0,-3.1157e-008,2.98023e-009,0.981818,-0.000290194,0.0551586,-0.02918030.641527,0.500108,1
480,106.7,0,0,0,-3.1157e-008,2.98023e-009,0.981818,-0.000243272,0.055287,-0.02822790.641623,0.500035,1
490,104.136,0,0,0,-3.1157e-008,2.98023e-009,0.981818,-0.000211394,0.0552226,-0.02735580.641679,0.499988,1
500,103.708,0,0,0,-3.1157e-008,2.98023e-009,0.981818,-8.83662e-006,0.0551537,-0.0264520.641774,0.4999,1
510,112.598,0,0,0,-3.1157e-008,2.98023e-009,0.981818,0.000319712,0.0552166,-0.02541220.641956,0.499731,1
520,118.742,0,0,0,-3.1157e-008,2.98023e-009,0.981818,0.000566618,0.0552264,-0.02436010.642057,0.499641,1
530,123.547,0,0,0,-3.1157e-008,2.98023e-009,0.981818,0.000787971,0.0550434,-0.02340910.642111,0.499597,1
540,126.272,0,0,0,-3.1157e-008,2.98023e-009,0.981818,0.00117512,0.0548673,-0.02253090.642244,0.499493,1
550,127.927,0,0,0,-3.1157e-008,2.98023e-009,0.981818,0.00153704,0.0548568,-0.02168960.642342,0.499424,1
560,127.756,0,0,0,-3.1157e-008,2.98023e-009,0.981818,0.00167215,0.0547682,-0.02092830.642402,0.499384,1
570,129.031,0,0,0,-3.1157e-008,2.98023e-009,0.981818,0.00185145,0.0545508,-0.02029290.642533,0.499301,1
580,127.905,0,0,0,-3.1157e-008,2.98023e-009,0.981818,0.0022211,0.0544351,-0.01979970.642684,0.49921,1
590,127.775,0,0,0,-3.1157e-008,2.98023e-009,0.981818,0.00242706,0.0545336,-0.01950170.64284,0.499119,1
600,130.379,0,0,0,-3.1157e-008,2.98023e-009,0.981818,0.00232409,0.0545925,-0.01942380.642958,0.499054,1
610,142.336,0,0,0,-3.1157e-008,2.98023e-009,0.981818,0.00227762,0.0545629,-0.01952660.642958,0.499054,1
620,153.336,0,0,0,-3.1157e-008,2.98023e-009,0.981818,0.00246736,0.0545599,-0.01978650.642958,0.499054,1
630,163.853,0,0,0,-3.1157e-008,2.98023e-009,0.981818,0.00267935,0.0547409,-0.0202770.642996,0.499035,1
640,172.313,0,0,0,-3.1157e-008,2.98023e-009,0.981818,0.00275178,0.0550617,-0.02099070.643006,0.499031,1
650,179.734,0,0,0,-3.1157e-008,2.98023e-009,0.981818,0.00275936,0.0554113,-0.02192610.643055,0.499009,1
660,182.802,0,0,0,-3.1157e-008,2.98023e-009,0.981818,0.0027913,0.0555007,-0.02305860.643147,0.498971,1
670,186.182,0,0,0,-3.1157e-008,2.98023e-009,0.981818,0.00283865,0.0552637,-0.02432130.643147,0.498971,1
680,184.87,0,0,0,-3.1157e-008,2.98023e-009,0.981818,0.00277737,0.0549663,-0.0255760.643147,0.498971,1
690,187.971,0,0,0,-3.1157e-008,2.98023e-009,0.981818,0.00252723,0.054959,-0.02681910.643147,0.498971,1
700,190.547,0,0,0,-3.1157e-008,2.98023e-009,0.981818,0.00210106,0.0550654,-0.02813680.643147,0.498971,1
710,199.978,0,0,0,-3.1157e-008,2.98023e-009,0.981818,0.0015963,0.0548646,-0.02968860.643147,0.498971,1
720,207.459,0,0,0,-3.1157e-008,2.98023e-009,0.981818,0.00119048,0.0542529,-0.03139390.643147,0.498971,1
730,208.784,0,0,0,-3.1157e-008,2.98023e-009,0.981818,0.000984892,0.0535839,-0.03306090.643147,0.498971,1
740,207.241,0,0,0,-3.1157e-008,2.98023e-009,0.981818,0.000787677,0.0530958,-0.03468960.643147,0.498971,1
750,205.894,0,0,0,-3.1157e-008,2.98023e-009,0.981818,0.000464763,0.0528005,-0.03649060.643147,0.498971,1
760,202.381,0,0,0,-3.1157e-008,2.98023e-009,0.981818,0.000181007,0.0527079,-0.03844110.643147,0.498971,1
770,200.515,0,0,0,-3.1157e-008,2.98023e-009,0.981818,-4.32539e-005,0.0528433,-0.04033470.643147,0.498971,1
780,199.853,0,0,0,-3.1157e-008,2.98023e-009,0.981818,-0.00040931,0.0530669,-0.04205910.643147,0.498971,1
790,201.729,0,0,0,-3.1157e-008,2.98023e-009,0.981818,-0.000866867,0.053312,-0.04372260.643147,0.498971,1
800,202.911,0,0,0,-3.1157e-008,2.98023e-009,0.981818,-0.00120602,0.0536813,-0.04539070.643147,0.498971,1
810,215.751,0,0,0,-3.1157e-008,2.98023e-009,0.981818,-0.00150832,0.0541705,-0.04702150.643147,0.498971,1
820,223.5,0,0,0,-3.1157e-008,2.98023e-009,0.981818,-0.0018206,0.0545592,-0.04853450.643147,0.498971,1
830,227.123,0,0,0,-3.1157e-008,2.98023e-009,0.981818,-0.00198519,0.0547448,-0.04994290.643147,0.498971,1
840,228.419,0,0,0,-3.1157e-008,2.98023e-009,0.981818,-0.00196334,0.0549491,-0.05122760.643147,0.498971,1
850,228.699,0,0,0,-3.1157e-008,2.98023e-009,0.981818,-0.00185128,0.0553611,-0.05226370.643147,0.498971,1
860,227.316,0,0,0,-3.1157e-008,2.98023e-009,0.981818,-0.00158414,0.0558346,-0.05308080.643147,0.498971,1
870,227.227,0,0,0,-3.1157e-008,2.98023e-009,0.981818,-0.00119506,0.0559803,-0.05386710.643147,0.498971,1
880,228.547,0,0,0,-3.1157e-008,2.98023e-009,0.981818,-0.000858779,0.055749,-0.05455980.643147,0.498971,1
890,232.423,0,0,0,-3.1157e-008,2.98023e-009,0.981818,-0.000624522,0.0554076,-0.05488760.643147,0.498971,1
900,236.697,0,0,0,-3.1157e-008,2.98023e-009,0.981818,-0.000392413,0.0551766,-0.0550310.643147,0.498971,1
910,250.745,0,0,0,-3.1157e-008,2.98023e-009,0.981818,-0.000202857,0.0548855,-0.05539680.643147,0.498971,1
920,255.976,0,0,0,-3.1157e-008,2.98023e-009,0.981818,-0.000138615,0.054405,-0.05589820.643147,0.498971,1
930,252.453,0,0,0,-3.1157e-008,2.98023e-009,0.981818,-0.000183443,0.0537623,-0.05614460.643147,0.498971,1
940,247.22,0,0,0,-3.1157e-008,2.98023e-009,0.981818,-0.000189104,0.0531844,-0.05622070.643147,0.498971,1
950,237.734,0,0,0,-3.1157e-008,2.98023e-009,0.981818,-0.000109013,0.0527963,-0.05637910.643147,0.498971,1
960,231.118,0,0,0,-3.1157e-008,2.98023e-009,0.981818,-5.64514e-006,0.052719,-0.056530.643147,0.498971,1
970,231.795,0,0,0,-3.1157e-008,2.98023e-009,0.981818,9.82357e-005,0.0528936,-0.05643980.643147,0.498971,1
980,234.743,0,0,0,-3.1157e-008,2.98023e-009,0.981818,0.000281369,0.0532437,-0.05625490.643147,0.498971,1
990,248.107,0,0,0,-3.1157e-008,2.98023e-009,0.981818,0.000364659,0.0535305,-0.0562130.643147,0.498971,1
1000,262.502,0,0,0,-3.1157e-008,2.98023e-009,0.981818,0.000210052,0.0537651,-0.05621690.642419,0.498774,1
1010,278.042,0,0,0,-3.1157e-008,2.98023e-009,0.981818,4.31909e-005,0.0540792,-0.05604420.642173,0.498868,1
1020,294.267,0,0,0,-3.1157e-008,2.98023e-009,0.981818,6.53088e-005,0.0545782,-0.05589480.64176,0.499046,1
1030,308.921,0,0,0,-3.1157e-008,2.98023e-009,0.981818,5.15793e-005,0.0550601,-0.05599610.641453,0.499227,1
1040,318.443,0,0,0,-3.1157e-008,2.98023e-009,0.981818,-9.9473e-005,0.0554973,-0.0561380.64112,0.499403,1
1050,325.322,0,0,0,-3.1157e-008,2.98023e-009,0.981818,-0.000196761,0.055865,-0.0561140.640773,0.499539,1
1060,332.794,0,0,0,-3.1157e-008,2.98023e-009,0.981818,-0.0001654,0.0561582,-0.05618190.64033,0.499676,1
1070,339.917,0,0,0,-3.1157e-008,2.98023e-009,0.981818,-0.00021216,0.0562708,-0.0564410.639702,0.499841,1
1080,344.573,0,0,0,-3.1157e-008,2.98023e-009,0.981818,-0.00033188,0.0562103,-0.05658210.638843,0.500036,1
1090,345.893,0,0,0,-3.1157e-008,2.98023e-009,0.981818,-0.000341734,0.055831,-0.05643370.63774,0.50026,1
1100,342.126,0,0,0,-3.1157e-008,2.98023e-009,0.981818,-0.000191052,0.0552237,-0.05620170.636452,0.500497,1
1110,331.839,0,0,0,-3.1157e-008,2.98023e-009,0.981818,-4.00983e-006,0.0546084,-0.05597770.635015,0.500743,1
1120,315.836,0,0,0,-3.1157e-008,2.98023e-009,0.981818,0.000291117,0.0541577,-0.05561570.633514,0.500996,1
1130,294.311,0,0,0,-3.1157e-008,2.98023e-009,0.981818,0.000758552,0.0537662,-0.05501740.63213,0.501231,1
1140,270.347,0,0,0,-3.1157e-008,2.98023e-009,0.981818,0.00116685,0.0534538,-0.05430780.630866,0.501444,1
1150,244.883,0,0,0,-3.1157e-008,2.98023e-009,0.981818,0.00134534,0.0531853,-0.05353250.629669,0.501644,1
1160,223.573,0,0,0,-3.1157e-008,2.98023e-009,0.981818,0.00161554,0.0529393,-0.05254160.628735,0.501795,1
1170,206.709,0,0,0,-3.1157e-008,2.98023e-009,0.981818,0.0021081,0.05278,-0.05128610.628124,0.501881,1
1180,194.197,0,0,0,-3.1157e-008,2.98023e-009,0.981818,0.00233079,0.0529219,-0.04998750.62768,0.501926,1
1190,193.881,0,0,0,-3.1157e-008,2.98023e-009,0.981818,0.00210547,0.0533069,-0.04868560.627391,0.501939,1
1200,193.88,0,0,0,-3.1157e-008,2.98023e-009,0.981818,0.00181854,0.0536397,-0.04717790.627366,0.501939,1
1210,196.274,0,0,0,-3.1157e-008,2.98023e-009,0.981818,0.00152753,0.0537927,-0.04552390.627366,0.501939,1
1220,197.113,0,0,0,-3.1157e-008,2.98023e-009,0.981818,0.000944875,0.0540552,-0.04401690.627366,0.501939,1
1230,194.594,0,0,0,-3.1157e-008,2.98023e-009,0.981818,0.000288287,0.0546108,-0.04254080.627366,0.501939,1
1240,196.444,0,0,0,-3.1157e-008,2.98023e-009,0.981818,-0.000140537,0.0551946,-0.04080170.627366,0.501939,1
1250,200.277,0,0,0,-3.1157e-008,2.98023e-009,0.981818,-0.000425472,0.0556055,-0.03890990.627366,0.501939,1
1260,208.114,0,0,0,-3.1157e-008,2.98023e-009,0.981818,-0.000636215,0.0559699,-0.03711560.627366,0.501939,1
1270,222.257,0,0,0,-3.1157e-008,2.98023e-009,0.981818,-0.00049342,0.0562005,-0.03536250.627366,0.501939,1
1280,239.323,0,0,0,-3.1157e-008,2.98023e-009,0.981818,-3.79388e-005,0.0559341,-0.03357020.627366,0.501939,1
1290,245.417,0,0,0,-3.1157e-008,2.98023e-009,0.981818,0.000360695,0.0553802,-0.03189520.627366,0.501939,1
1300,240.642,0,0,0,-3.1157e-008,2.98023e-009,0.981818,0.000480662,0.0549279,-0.03047660.627366,0.501939,1
1310,228.18,0,0,0,-3.1157e-008,2.98023e-009,0.981818,0.000557877,0.0543889,-0.02920180.627366,0.501939,1
1320,214.597,0,0,0,-3.1157e-008,2.98023e-009,0.981818,0.000583182,0.0535217,-0.02789850.627366,0.501939,1
1330,212.251,0,0,0,-3.1157e-008,2.98023e-009,0.981818,0.000327025,0.0527831,-0.02673150.627366,0.501939,1
1340,219.688,0,0,0,-3.1157e-008,2.98023e-009,0.981818,-0.000124587,0.0524319,-0.02600550.627366,0.501939,1
1350,230.638,0,0,0,-3.1157e-008,2.98023e-009,0.981818,-0.000320059,0.0521844,-0.0256540.627366,0.501939,1
1360,239.766,0,0,0,-3.1157e-008,2.98023e-009,0.981818,-0.000459455,0.0518908,-0.02537950.627366,0.501939,1
1370,244.234,0,0,0,-3.1157e-008,2.98023e-009,0.981818,-0.000945047,0.0518852,-0.02530060.627366,0.501939,1
1380,244.56,0,0,0,-3.1157e-008,2.98023e-009,0.981818,-0.00155021,0.0521885,-0.02567730.627366,0.501939,1
1390,244.31,0,0,0,-3.1157e-008,2.98023e-009,0.981818,-0.00179829,0.0524886,-0.02633310.627366,0.501939,1
1400,243.282,0,0,0,-3.1157e-008,2.98023e-009,0.981818,-0.00199278,0.0526155,-0.02690240.627366,0.501939,1
1410,243.923,0,0,0,-3.1157e-008,2.98023e-009,0.981818,-0.00244195,0.0528033,-0.02747330.627366,0.501939,1
1420,239.718,0,0,0,-3.1157e-008,2.98023e-009,0.981818,-0.00283856,0.053057,-0.02829550.627366,0.501939,1
1430,241.772,0,0,0,-3.1157e-008,2.98023e-009,0.981818,-0.00283558,0.053286,-0.02923040.627366,0.501939,1
1440,244.796,0,0,0,-3.1157e-008,2.98023e-009,0.981818,-0.00263131,0.0536126,-0.02992350.627354,0.501917,1
1450,245.024,0,0,0,-3.1157e-008,2.98023e-009,0.981818,-0.00229902,0.0541885,-0.03057970.627342,0.501895,1
1460,247.518,0,0,0,-3.1157e-008,2.98023e-009,0.981818,-0.00172518,0.0545611,-0.03151280.627342,0.501895,1
1470,245.068,0,0,0,-3.1157e-008,2.98023e-009,0.981818,-0.00103689,0.0544568,-0.03253870.627342,0.501895,1
1480,244.756,0,0,0,-3.1157e-008,2.98023e-009,0.981818,-0.000646496,0.0540896,-0.03322350.627342,0.501895,1
1490,254.241,0,0,0,-3.1157e-008,2.98023e-009,0.981818,-0.000581156,0.0535933,-0.03373550.627337,0.501775,1
1500,267.2,0,0,0,-3.1157e-008,2.98023e-009,0.981818,-0.00067514,0.0527303,-0.03440450.627355,0.501681,1
1510,280.314,0,0,0,-3.1157e-008,2.98023e-009,0.981818,-0.000942999,0.0517257,-0.03523210.627355,0.501681,1
1520,283.305,0,0,0,-3.1157e-008,2.98023e-009,0.981818,-0.00152562,0.0509391,-0.03587620.62746,0.501506,1
1530,275.949,0,0,0,-3.1157e-008,2.98023e-009,0.981818,-0.00220271,0.0503331,-0.03642740.62746,0.501506,1
1540,254.71,0,0,0,-3.1157e-008,2.98023e-009,0.981818,-0.00274846,0.0496786,-0.03703050.627449,0.501483,1
1550,238.269,0,0,0,-3.1157e-008,2.98023e-009,0.981818,-0.00313623,0.0491661,-0.03765990.627449,0.501483,1
1560,227.472,0,0,0,-3.1157e-008,2.98023e-009,0.981818,-0.00342876,0.0489403,-0.03820640.627449,0.501483,1
1570,229.027,0,0,0,-3.1157e-008,2.98023e-009,0.981818,-0.00348083,0.0489327,-0.038920.627449,0.501483,1
1580,244.097,0,0,0,-3.1157e-008,2.98023e-009,0.981818,-0.00341193,0.0490581,-0.03984570.627481,0.5014,1
1590,261.5,0,0,0,-3.1157e-008,2.98023e-009,0.981818,-0.00345685,0.0494186,-0.0407130.627481,0.5014,1
1600,277.299,0,0,0,-3.1157e-008,2.98023e-009,0.981818,-0.00355848,0.0499964,-0.04121320.627519,0.501344,1
1610,287.386,0,0,0,-3.1157e-008,2.98023e-009,0.981818,-0.00330015,0.0506575,-0.04159110.627779,0.500995,1
1620,291.701,0,0,0,-3.1157e-008,2.98023e-009,0.981818,-0.00274815,0.0512886,-0.04203790.628005,0.500736,1
1630,290.32,0,0,0,-3.1157e-008,2.98023e-009,0.981818,-0.00232672,0.0520042,-0.04236860.628393,0.500315,1
1640,289.915,0,0,0,-3.1157e-008,2.98023e-009,0.981818,-0.00221671,0.0527751,-0.04231360.628911,0.49976,1
1650,290.73,0,0,0,-3.1157e-008,2.98023e-009,0.981818,-0.00220994,0.0532671,-0.04212780.629239,0.499416,1
1660,289.821,0,0,0,-3.1157e-008,2.98023e-009,0.981818,-0.00237579,0.0532983,-0.0419540.629541,0.499096,1
1670,282.384,0,0,0,-3.1157e-008,2.98023e-009,0.981818,-0.00272994,0.0531423,-0.04165780.629898,0.498709,1
1680,269.057,0,0,0,-3.1157e-008,2.98023e-009,0.981818,-0.00296026,0.0528858,-0.04130920.630139,0.498452,1
1690,247.521,0,0,0,-3.1157e-008,2.98023e-009,0.981818,-0.00297416,0.0522849,-0.04139290.630309,0.498292,1
1700,229.58,0,0,0,-3.1157e-008,2.98023e-009,0.981818,-0.00305136,0.0513871,-0.04193880.630447,0.498172,1
1710,217.757,0,0,0,-3.1157e-008,2.98023e-009,0.981818,-0.00306727,0.0505975,-0.04244210.630529,0.498114,1
1720,210.14,0,0,0,-3.1157e-008,2.98023e-009,0.981818,-0.00269749,0.0501156,-0.04258730.630539,0.498107,1
1730,210.648,0,0,0,-3.1157e-008,2.98023e-009,0.981818,-0.0022013,0.0497491,-0.042650.630539,0.498107,1
1740,219.073,0,0,0,-3.1157e-008,2.98023e-009,0.981818,-0.00197685,0.0494556,-0.04285530.630539,0.498107,1
1750,236.154,0,0,0,-3.1157e-008,2.98023e-009,0.981818,-0.00197454,0.049335,-0.04299010.630588,0.498084,1
1760,255.481,0,0,0,-3.1157e-008,2.98023e-009,0.981818,-0.00190876,0.0493654,-0.04286420.630598,0.49808,1
1770,277.084,0,0,0,-3.1157e-008,2.98023e-009,0.981818,-0.00178957,0.0493727,-0.04269410.630626,0.498083,1
1780,291.997,0,0,0,-3.1157e-008,2.98023e-009,0.981818,-0.00173742,0.0494627,-0.04275440.630794,0.498089,1
1790,302.691,0,0,0,-3.1157e-008,2.98023e-009,0.981818,-0.00180251,0.049764,-0.0428980.63096,0.498089,1
1800,312.098,0,0,0,-3.1157e-008,2.98023e-009,0.981818,-0.00188978,0.0501606,-0.04294940.631186,0.498083,1
1810,321.647,0,0,0,-3.1157e-008,2.98023e-009,0.981818,-0.00219708,0.0504968,-0.04306830.631721,0.498059,1
1820,336.914,0,0,0,-3.1157e-008,2.98023e-009,0.981818,-0.00277734,0.0510013,-0.04349970.632121,0.498033,1
1830,353.161,0,0,0,-3.1157e-008,2.98023e-009,0.981818,-0.00313858,0.0518039,-0.04396150.632304,0.498014,1
1840,369.514,0,0,0,-3.1157e-008,2.98023e-009,0.981818,-0.00272912,0.0524873,-0.04420220.632363,0.497992,1
1850,374.081,0,0,0,-3.1157e-008,2.98023e-009,0.981818,-0.0021321,0.0527008,-0.04427380.632363,0.497992,1
1860,364.477,0,0,0,-3.1157e-008,2.98023e-009,0.981818,-0.00195149,0.0527931,-0.04434650.632363,0.497992,1
1870,346.728,0,0,0,-3.1157e-008,2.98023e-009,0.981818,-0.00194509,0.052949,-0.04431090.632368,0.497991,1
1880,331.704,0,0,0,-3.1157e-008,2.98023e-009,0.981818,-0.00169242,0.0528189,-0.04419850.632466,0.497991,1
1890,321.773,0,0,0,-3.1157e-008,2.98023e-009,0.981818,-0.00157635,0.0523338,-0.04425990.632489,0.497988,1
1900,312.275,0,0,0,-3.1157e-008,2.98023e-009,0.981818,-0.00158008,0.0520356,-0.04467020.632577,0.497971,1
1910,293.719,0,0,0,-3.1157e-008,2.98023e-009,0.981818,-0.00132527,0.0520749,-0.0449990.632577,0.497971,1
1920,282.425,0,0,0,-3.1157e-008,2.98023e-009,0.981818,-0.000780083,0.0520687,-0.04492430.632577,0.497971,1
1930,282.026,0,0,0,-3.1157e-008,2.98023e-009,0.981818,-0.000450855,0.0518718,-0.04461080.632577,0.497971,1
1940,287.759,0,0,0,-3.1157e-008,2.98023e-009,0.981818,-0.000196225,0.0517459,-0.04428360.632577,0.497971,1
1950,294.327,0,0,0,-3.1157e-008,2.98023e-009,0.981818,0.000169932,0.0515174,-0.04363710.632577,0.497971,1
1960,302.653,0,0,0,-3.1157e-008,2.98023e-009,0.981818,0.00039036,0.0510018,-0.04250950.632577,0.497971,1
1970,317.088,0,0,0,-3.1157e-008,2.98023e-009,0.981818,-8.99267e-005,0.0505709,-0.04101960.632577,0.497971,1
1980,339.078,0,0,0,-3.1157e-008,2.98023e-009,0.981818,-0.000934956,0.0504686,-0.03936690.632577,0.497971,1
1990,360.129,0,0,0,-3.1157e-008,2.98023e-009,0.981818,-0.00162033,0.0502766,-0.03758490.632577,0.497971,1
2000,1451.17,0,0,-8.58289,-0.00192667,0.049969,0.977518,-0.00195772,0.0499433,-0.03599790.632575,0.497868,1
2010,1399.25,0,0,-8.41456,-0.00192667,0.049969,0.934985,-0.0022919,0.0499779,-0.03483960.632614,0.497857,1
2020,1348.04,0,0,-8.2512,-0.00192667,0.049969,0.893281,-0.00257378,0.0505004,-0.03388940.632716,0.49781,1
2030,1300.57,0,0,-8.09269,-0.00192667,0.049969,0.852384,-0.00281058,0.051188,-0.03250860.632749,0.497789,1
2040,1255.65,0,0,-7.93882,-0.00192667,0.049969,0.812269,-0.00294774,0.0521036,-0.0307860.632749,0.497789,1
2050,1211.04,0,0,-7.78957,-0.00192667,0.049969,0.772912,-0.00300621,0.0533898,-0.0293140.632749,0.497789,1
2060,1162.95,0,0,-7.64498,-0.00192667,0.049969,0.734292,-0.00284751,0.054682,-0.0282920.632749,0.497789,1
2070,1119.32,0,0,-7.50498,-0.00192667,0.049969,0.696384,-0.00262897,0.0556012,-0.02727080.632749,0.497789,1
2080,1075.76,0,0,-7.36949,-0.00192667,0.049969,0.659165,-0.00258432,0.0561418,-0.02611970.632834,0.497722,1
2090,1030.04,0,0,-7.23858,-0.00192667,0.049969,0.622614,-0.00299488,0.0564619,-0.02495170.632987,0.497635,1
2100,983.864,-2.52522e-007,1.89281e-008,-7.11233,-0.00192667,0.049969,0.586708,-0.0037973,0.0565783,-0.02376710.63321,0.497544,1
2110,945.728,-6.57129e-006,5.59134e-007,-6.99062,-0.00192668,0.049969,0.551422,-0.00468439,0.0564686,-0.02248360.633613,0.497408,1
2120,919.757,-1.70388e-005,2.66831e-006,-6.87288,-0.00192674,0.049969,0.516735,-0.00527463,0.0561916,-0.02133650.63402,0.497299,1
2130,911.714,-5.26936e-005,4.95068e-005,-6.75817,-0.0019269,0.0499691,0.48263,-0.00540222,0.0559154,-0.02046710.634463,0.497205,1
2140,909.211,-0.000165702,0.000208707,-6.64589,-0.00192742,0.0499697,0.449092,-0.00511809,0.0555706,-0.01969250.634898,0.497136,1
2150,900.103,-0.000413062,0.000328227,-6.53625,-0.00192882,0.049971,0.41611,-0.00447876,0.0551154,-0.01874730.635237,0.497105,1
2160,874.706,-0.000734451,0.00038908,-6.42965,-0.00193168,0.0499729,0.38367,-0.00363297,0.0546763,-0.01773690.635602,0.497093,1
2170,837.931,-0.000812219,-0.000618665,-6.32543,-0.00193593,0.0499734,0.351756,-0.00290002,0.0543338,-0.01693830.636015,0.497099,1
2180,790.901,0.00237931,-0.0093824,-6.21536,-0.00193506,0.0499552,0.320373,-0.00252064,0.0540088,-0.01631370.636341,0.497123,1
2190,729.16,0.025353,-0.0611134,-6.06268,-0.00188215,0.0498139,0.28962,-0.0022629,0.0538808,-0.01544190.636486,0.497152,1
2200,655.067,0.131281,-0.286576,-5.76501,-0.00154878,0.0490655,0.259939,-0.00214891,0.0541735,-0.01415450.636486,0.497152,1
2210,594.103,0.414832,-0.874782,-5.26058,-0.000260581,0.0463169,0.232299,-0.00252864,0.0549454,-0.01290980.636486,0.497152,1
2220,595.205,0.763149,-1.5815,-4.80538,0.00271763,0.0400999,0.207211,-0.00351777,0.0561712,-0.01222450.636486,0.497152,1
2230,594.73,0.974986,-1.9874,-4.57147,0.00713097,0.0310276,0.183829,-0.00454956,0.0578171,-0.01210480.636486,0.497152,1
2240,567.404,1.079,-2.12879,-4.43732,0.0122941,0.0206498,0.161306,-0.00535289,0.0594538,-0.01215990.636486,0.497152,1
2250,524.435,1.17195,-2.11582,-4.27638,0.0179083,0.0099746,0.139473,-0.00596323,0.0605737,-0.01217730.636659,0.497207,1
2260,480.633,1.37373,-1.94376,-3.94981,0.0241944,-0.000262155,0.118789,-0.00639875,0.061012,-0.01213680.636932,0.497305,1
2270,455.891,1.84687,-1.5511,-3.30631,0.0321135,-0.00909631,0.1005,-0.0064638,0.0610466,-0.0122190.637306,0.497459,1
2280,495.553,2.49287,-1.06671,-2.52077,0.0429884,-0.0156151,0.0859669,-0.00630835,0.0609951,-0.0126830.637805,0.497696,1
2290,558.265,2.88199,-0.751703,-1.96444,0.0566007,-0.0200699,0.0748608,-0.00606431,0.0610552,-0.01366870.638323,0.497971,1
2300,560.622,2.8967,-0.623422,-1.55594,0.0711943,-0.0234485,0.0660646,-0.00561716,0.0611682,-0.01484670.638834,0.498241,1
2310,517.537,2.64033,-0.623879,-1.08919,0.0851394,-0.0265133,0.0594014,-0.00472998,0.0611222,-0.01605270.639269,0.498456,1
2320,468.641,2.26797,-0.705298,-0.565645,0.0974191,-0.0298316,0.055265,-0.00381173,0.0607116,-0.01755220.639421,0.498506,1
2330,432.015,1.90324,-0.793287,-0.0503853,0.107847,-0.0335777,0.0537251,-0.00346332,0.0601784,-0.01961130.639421,0.498506,1
2340,413.609,1.56474,-0.869623,0.457731,0.116506,-0.0377418,0.0547478,-0.00373434,0.0598443,-0.02194860.639421,0.498506,1
2350,409.004,1.26414,-0.933962,0.936817,0.123555,-0.0422693,0.0582646,-0.00424829,0.0596925,-0.02418990.639421,0.498506,1
2360,424.646,1.03026,-0.935786,1.32287,0.12927,-0.0469687,0.0639545,-0.00494081,0.0595259,-0.0262060.639421,0.498506,1
2370,439.172,0.838714,-0.90644,1.63353,0.133928,-0.0515837,0.071378,-0.005768,0.059443,-0.02813860.639421,0.498506,1
2380,434.703,0.688124,-0.861887,1.86891,0.137728,-0.0560107,0.0801708,-0.00657472,0.0594854,-0.030190.639421,0.498506,1
2390,421.083,0.579308,-0.812549,2.03007,0.140882,-0.060198,0.0899509,-0.00731661,0.0595662,-0.03260720.639421,0.498506,1
2400,411.237,0.504849,-0.769747,2.13278,0.14358,-0.0641505,0.100382,-0.00779407,0.0597033,-0.03551810.639421,0.498506,1
2410,406.202,0.456957,-0.738143,2.19343,0.145976,-0.0679169,0.111217,-0.00780221,0.0600868,-0.03854090.639421,0.498506,1
2420,397.491,0.428058,-0.716306,2.22431,0.148183,-0.0715506,0.122275,-0.0073713,0.0607329,-0.04109520.639421,0.498506,1
2430,384.136,0.411546,-0.701671,2.23616,0.150278,-0.075094,0.133435,-0.00680715,0.0616407,-0.04314030.639424,0.498505,1
2440,381.947,0.402484,-0.691817,2.23613,0.152311,-0.0785771,0.144623,-0.00636043,0.0627674,-0.04529790.639771,0.498366,1
2450,386.9,0.397224,-0.684693,2.22837,0.15431,-0.0820185,0.15579,-0.00624685,0.0638176,-0.0478980.639963,0.498267,1
2460,390.969,0.393713,-0.679146,2.21586,0.156288,-0.0854286,0.166905,-0.00627509,0.0644372,-0.05071580.64035,0.498024,1
2470,387.56,0.391242,-0.674643,2.20117,0.15825,-0.0888136,0.177952,-0.00624603,0.0646533,-0.05340080.640616,0.497816,1
2480,372.678,0.389396,-0.671118,2.18663,0.160202,-0.0921785,0.188924,-0.00613933,0.0646798,-0.05597180.640759,0.497679,1
2490,358.309,0.38808,-0.668516,2.17336,0.162146,-0.095528,0.199825,-0.00623257,0.0644899,-0.05837210.640975,0.497436,1
2500,351.492,0.387029,-0.666541,2.16122,0.164084,-0.0988661,0.210664,-0.00648462,0.0640029,-0.06056370.641153,0.497198,1
2510,356.504,0.386001,-0.664737,2.14916,0.166017,-0.102195,0.221442,-0.00687602,0.0635303,-0.06272230.641217,0.49708,1
2520,368.865,0.384882,-0.662654,2.13607,0.167945,-0.105514,0.232158,-0.0072987,0.063517,-0.0651890.641288,0.496891,1
2530,378.31,0.383543,-0.660114,2.12166,0.169866,-0.108822,0.242805,-0.00783715,0.0638145,-0.06773210.641383,0.49657,1
2540,374.505,0.382195,-0.657485,2.10724,0.171781,-0.112117,0.25338,-0.00845491,0.0638784,-0.06989010.641479,0.496179,1
2550,367.124,0.381008,-0.65512,2.09383,0.17369,-0.115399,0.263885,-0.00919659,0.0634713,-0.07155790.6416,0.495595,1
2560,359.515,0.380046,-0.652938,2.08155,0.175593,-0.11867,0.274325,-0.00975368,0.0628135,-0.07304190.641699,0.495005,1
2570,356.652,0.379193,-0.650918,2.07019,0.177491,-0.12193,0.284706,-0.00995879,0.0622042,-0.07427060.641735,0.494665,1
2580,363.261,0.378259,-0.648756,2.05877,0.179385,-0.12518,0.295031,-0.0096643,0.0621059,-0.07499440.641739,0.494468,1
2590,379.35,0.376928,-0.646161,2.04634,0.181274,-0.128419,0.305297,-0.00906618,0.0628118,-0.07528450.641725,0.494332,1
2600,396.75,0.37523,-0.642899,2.03221,0.183155,-0.131642,0.315497,-0.0083219,0.0639799,-0.07557420.6417,0.494203,1
2610,397.749,0.373403,-0.639281,2.01753,0.185027,-0.134849,0.325624,-0.00776047,0.0648225,-0.07595150.641644,0.494018,1
2620,389.571,0.371636,-0.635796,2.00357,0.18689,-0.138037,0.33568,-0.00746423,0.0651331,-0.07626410.641587,0.493876,1
2630,377.37,0.37005,-0.632726,1.99104,0.188745,-0.141209,0.345668,-0.00752712,0.0651437,-0.0764540.641517,0.493738,1
2640,374.084,0.368595,-0.629907,1.9796,0.190592,-0.144367,0.355597,-0.00784499,0.0650278,-0.07653340.64144,0.49362,1
2650,379.391,0.367052,-0.626899,1.96814,0.192431,-0.14751,0.365469,-0.00841874,0.0647907,-0.07637170.641433,0.493632,1
2660,381.812,0.365269,-0.623725,1.95664,0.194263,-0.150637,0.375284,-0.00916425,0.0645762,-0.07606150.641401,0.493762,1
2670,385.142,0.363437,-0.620366,1.94522,0.196085,-0.153748,0.385041,-0.0100476,0.0643541,-0.07593770.641382,0.49397,1
2680,377.46,0.361612,-0.617052,1.93405,0.197898,-0.156843,0.394741,-0.0108207,0.0640885,-0.0761860.641391,0.494167,1
2690,352.906,0.36013,-0.614323,1.92496,0.199703,-0.159921,0.40439,-0.0112771,0.0639385,-0.07667510.641423,0.494339,1
2700,322.419,0.359244,-0.612661,1.91949,0.201501,-0.162989,0.414001,-0.0112621,0.0639677,-0.07721060.641466,0.494476,1
2710,299.288,0.359064,-0.612225,1.9179,0.203297,-0.166051,0.423593,-0.0107965,0.0638641,-0.07780280.641556,0.494776,1
2720,298.674,0.359203,-0.612356,1.91813,0.205092,-0.169112,0.433183,-0.0100752,0.0635594,-0.0784860.641687,0.495272,1
2730,318.685,0.358946,-0.611921,1.91676,0.206888,-0.172173,0.442772,-0.00942316,0.0634726,-0.07922780.641833,0.495879,1
2740,334.499,0.35816,-0.610585,1.91257,0.208681,-0.17523,0.452347,-0.00892218,0.0639198,-0.07993980.642012,0.496648,1
2750,337.501,0.357157,-0.608878,1.90722,0.21047,-0.178279,0.461898,-0.00854544,0.0647236,-0.08072260.642222,0.497573,1
2760,327.871,0.356261,-0.607351,1.90243,0.212253,-0.18132,0.471423,-0.00843084,0.0655499,-0.08170570.642422,0.49847,1
2770,305.296,0.355797,-0.60656,1.89996,0.214033,-0.184354,0.480928,-0.0085884,0.0661725,-0.08305440.642594,0.499256,1
2780,286.348,0.355984,-0.606878,1.90095,0.215812,-0.187388,0.490429,-0.00873167,0.066326,-0.08473370.642708,0.499794,1
2790,285.279,0.356491,-0.607742,1.90366,0.217593,-0.190424,0.49994,-0.0086096,0.0658784,-0.08665380.642741,0.499922,1
2800,309.077,0.356598,-0.607924,1.90423,0.219376,-0.193464,0.509461,-0.00836329,0.0651518,-0.08848950.642741,0.499922,1
2810,339.799,0.355876,-0.606695,1.90038,0.221158,-0.196501,0.518975,-0.00808899,0.0645901,-0.08997670.642741,0.499922,1
2820,349.616,0.354656,-0.604614,1.89386,0.222935,-0.19953,0.528463,-0.00785621,0.0641133,-0.09107560.642741,0.499922,1
2830,335.08,0.353556,-0.602739,1.88799,0.224706,-0.202548,0.537918,-0.00769616,0.0635527,-0.09215110.642741,0.499922,1
2840,318.948,0.352857,-0.601547,1.88425,0.226472,-0.205559,0.547349,-0.00769583,0.0631566,-0.09329480.64274,0.499952,1
2850,311.454,0.352471,-0.600888,1.88219,0.228235,-0.208565,0.556765,-0.00782746,0.0631429,-0.09441670.642721,0.500081,1
2860,318.78,0.35207,-0.600205,1.88005,0.229996,-0.211568,0.566171,-0.0081021,0.0633107,-0.09543840.64271,0.500231,1
2870,337.795,0.351316,-0.598919,1.87602,0.231755,-0.214567,0.575564,-0.00821477,0.0635232,-0.09661860.642709,0.500423,1
2880,371.999,0.349948,-0.596588,1.86872,0.233509,-0.217557,0.584929,-0.00806388,0.0638449,-0.09804890.642717,0.500479,1
2890,402.264,0.347931,-0.59315,1.85795,0.235255,-0.220532,0.594249,-0.00790935,0.0642464,-0.09967980.642717,0.500479,1
2900,399.32,0.345695,-0.589338,1.84601,0.236989,-0.223489,0.603512,-0.00811056,0.064572,-0.1013450.642717,0.500479,1
2910,365.45,0.343844,-0.586181,1.83612,0.238713,-0.226429,0.612718,-0.00855284,0.0647721,-0.1030510.642717,0.500479,1
2920,322.14,0.342807,-0.584414,1.83059,0.24043,-0.229355,0.621884,-0.00918221,0.0648728,-0.1046670.642717,0.500479,1
2930,291.295,0.342726,-0.584276,1.83015,0.242143,-0.232276,0.631035,-0.00980457,0.0647686,-0.1061960.642717,0.500479,1
2940,287.912,0.343102,-0.584917,1.83216,0.243858,-0.235199,0.64019,-0.0101107,0.0643283,-0.1078120.642717,0.500479,1
2950,304.37,0.343221,-0.58512,1.8328,0.245574,-0.238124,0.649353,-0.00984235,0.0636647,-0.1097780.642717,0.500479,1
2960,315.333,0.342892,-0.584559,1.83104,0.247289,-0.241049,0.658514,-0.00934427,0.063088,-0.1118910.642717,0.500479,1
2970,305.333,0.342571,-0.584012,1.82933,0.249003,-0.24397,0.667664,-0.00886297,0.0626663,-0.1138150.642717,0.500479,1
2980,277.67,0.342848,-0.584484,1.83081,0.250716,-0.246891,0.676813,-0.00844125,0.0623576,-0.1154620.642717,0.500479,1
2990,252.755,0.344063,-0.586554,1.83729,0.252432,-0.249817,0.685979,-0.00801358,0.0622097,-0.1170220.642717,0.500479,1
