step,T,sn_vel[0],sn_vel[1],sn_vel[2],sn_crd[0],sn_crd[1],sn_crd[2],target_crd[0],target_crd[1],target_crd[2],boundary[0],boundary[1],boundary[2]
0,0.0160345,0,0,0,-4.05041e-008,2.43837e-009,0.981818,-7.35397e-005,0.055749,-0.03673960.636409,0.503288,1
10,2.15587,0,0,0,-4.05041e-008,2.43837e-009,0.981818,-9.89348e-005,0.0557214,-0.03674890.636567,0.503337,1
20,2.56591,0,0,0,-4.05041e-008,2.43837e-009,0.981818,-0.000114983,0.0556619,-0.03677610.636747,0.503379,1
30,3.21455,0,0,0,-4.05041e-008,2.43837e-009,0.981818,-8.36411e-005,0.0555998,-0.0368560.636761,0.503381,1
40,3.41482,0,0,0,-4.05041e-008,2.43837e-009,0.981818,-0.000126488,0.0556075,-0.03692260.636934,0.503405,1
50,3.30773,0,0,0,-4.05041e-008,2.43837e-009,0.981818,-0.000200599,0.0556363,-0.036980.637103,0.503422,1
60,2.96167,0,0,0,-4.05041e-008,2.43837e-009,0.981818,-0.00021225,0.055653,-0.03703980.637385,0.503441,1
70,3.06629,0,0,0,-4.05041e-008,2.43837e-009,0.981818,-0.000170329,0.0556513,-0.03712980.63756,0.503446,1
80,2.81385,0,0,0,-4.05041e-008,2.43837e-009,0.981818,-0.000182286,0.0556492,-0.03721410.637785,0.503445,1
90,2.73544,0,0,0,-4.05041e-008,2.43837e-009,0.981818,-0.000222402,0.0556349,-0.03728960.637983,0.503435,1
100,2.59748,0,0,0,-4.05041e-008,2.43837e-009,0.981818,-0.000242016,0.0556207,-0.03734920.638142,0.50342,1
110,11.5353,0,0,0,-4.05041e-008,2.43837e-009,0.981818,-0.000257472,0.0555907,-0.03743890.638409,0.503385,1
120,18.2747,0,0,0,-4.05041e-008,2.43837e-009,0.981818,-0.000312449,0.0555602,-0.03753520.638715,0.503334,1
130,22.5801,0,0,0,-4.05041e-008,2.43837e-009,0.981818,-0.000317595,0.0555377,-0.03764860.638994,0.503277,1
140,25.1965,0,0,0,-4.05041e-008,2.43837e-009,0.981818,-0.000255464,0.0555149,-0.03781070.639318,0.503203,1
150,26.5799,0,0,0,-4.05041e-008,2.43837e-009,0.981818,-0.000266015,0.0554949,-0.03801990.639655,0.503115,1
160,27.2473,0,0,0,-4.05041e-008,2.43837e-009,0.981818,-0.000378175,0.0555244,-0.03819480.639941,0.503032,1
170,27.2444,0,0,0,-4.05041e-008,2.43837e-009,0.981818,-0.000401079,0.0555558,-0.03834260.640187,0.502952,1
180,27.1759,0,0,0,-4.05041e-008,2.43837e-009,0.981818,-0.000283392,0.0555121,-0.03855110.640405,0.502873,1
190,26.3961,0,0,0,-4.05041e-008,2.43837e-009,0.981818,-0.000166579,0.0554321,-0.03885860.640583,0.502802,1
200,25.7371,0,0,0,-4.05041e-008,2.43837e-009,0.981818,-8.61301e-005,0.0553848,-0.0392060.640736,0.502735,1
210,33.821,0,0,0,-4.05041e-008,2.43837e-009,0.981818,1.92833e-005,0.0553419,-0.0396260.640857,0.502678,1
220,38.9667,0,0,0,-4.05041e-008,2.43837e-009,0.981818,9.95482e-005,0.055279,-0.04018230.640903,0.502655,1
230,41.8941,0,0,0,-4.05041e-008,2.43837e-009,0.981818,5.37319e-005,0.0552488,-0.04083520.640911,0.50265,1
240,43.0143,0,0,0,-4.05041e-008,2.43837e-009,0.981818,-4.3167e-005,0.0552555,-0.04153270.64092,0.502645,1
250,43.2646,0,0,0,-4.05041e-008,2.43837e-009,0.981818,-0.000119447,0.0552711,-0.04231020.64094,0.502633,1
260,43.0179,0,0,0,-4.05041e-008,2.43837e-009,0.981818,-0.000173054,0.0552633,-0.04322230.640992,0.502598,1
270,42.242,0,0,0,-4.05041e-008,2.43837e-009,0.981818,-0.000217778,0.0552381,-0.04415880.641041,0.502563,1
280,41.9433,0,0,0,-4.05041e-008,2.43837e-009,0.981818,-0.000109453,0.0551983,-0.04501790.64108,0.502533,1
290,41.6582,0,0,0,-4.05041e-008,2.43837e-009,0.981818,0.000160505,0.0551698,-0.04585690.641115,0.502506,1
300,41.646,0,0,0,-4.05041e-008,2.43837e-009,0.981818,0.000450625,0.0551172,-0.04685980.641146,0.50248,1
310,51.6172,0,0,0,-4.05041e-008,2.43837e-009,0.981818,0.000589731,0.0550869,-0.04799730.641147,0.502479,1
320,57.747,0,0,0,-4.05041e-008,2.43837e-009,0.981818,0.000690484,0.0550983,-0.0491260.641147,0.502479,1
330,61.9275,0,0,0,-4.05041e-008,2.43837e-009,0.981818,0.000740023,0.0551103,-0.0502510.641147,0.502479,1
340,65.5448,0,0,0,-4.05041e-008,2.43837e-009,0.981818,0.00069429,0.0550276,-0.05156270.641147,0.502479,1
350,68.9866,0,0,0,-4.05041e-008,2.43837e-009,0.981818,0.000589789,0.054942,-0.05288760.641147,0.502479,1
360,72.1733,0,0,0,-4.05041e-008,2.43837e-009,0.981818,0.00062604,0.0548893,-0.05415060.641147,0.502479,1
370,77.0869,0,0,0,-4.05041e-008,2.43837e-009,0.981818,0.000611194,0.0549346,-0.05547450.641147,0.502479,1
380,80.5824,0,0,0,-4.05041e-008,2.43837e-009,0.981818,0.000446953,0.055035,-0.05693480.641147,0.502479,1
390,84.9629,0,0,0,-4.05041e-008,2.43837e-009,0.981818,0.000217144,0.0551205,-0.05815940.641147,0.502479,1
400,87.8553,0,0,0,-4.05041e-008,2.43837e-009,0.981818,8.40352e-005,0.0551078,-0.05909610.641147,0.502479,1
410,97.6201,0,0,0,-4.05041e-008,2.43837e-009,0.981818,-4.58733e-005,0.0551884,-0.06000780.641289,0.502314,1
420,104.298,0,0,0,-4.05041e-008,2.43837e-009,0.981818,-7.27799e-005,0.0553642,-0.06106510.641407,0.502173,1
430,110.416,0,0,0,-4.05041e-008,2.43837e-009,0.981818,-7.68688e-006,0.0554855,-0.0618710.641525,0.502027,1
440,112.924,0,0,0,-4.05041e-008,2.43837e-009,0.981818,5.65113e-005,0.0554401,-0.06226230.641726,0.501773,1
450,117.029,0,0,0,-4.05041e-008,2.43837e-009,0.981818,-9.44956e-006,0.0553895,-0.0624630.64192,0.501519,1
460,118.709,0,0,0,-4.05041e-008,2.43837e-009,0.981818,-7.2063e-005,0.0553116,-0.06271830.642075,0.501311,1
470,119.758,0,0,0,-4.05041e-008,2.43837e-009,0.981818,-0.000144777,0.055197,-0.06272040.642237,0.501084,1
480,121.667,0,0,0,-4.05041e-008,2.43837e-009,0.981818,-0.000264283,0.0550862,-0.06237240.642372,0.500891,1
490,121.447,0,0,0,-4.05041e-008,2.43837e-009,0.981818,-0.000401856,0.055111,-0.06191650.642476,0.500735,1
500,121.481,0,0,0,-4.05041e-008,2.43837e-009,0.981818,-0.000349441,0.0551412,-0.06142830.642605,0.500534,1
510,130.754,0,0,0,-4.05041e-008,2.43837e-009,0.981818,-0.000101653,0.0550409,-0.06060520.642726,0.500337,1
520,135.507,0,0,0,-4.05041e-008,2.43837e-009,0.981818,0.00015224,0.0548474,-0.05961340.642821,0.500173,1
530,137.44,0,0,0,-4.05041e-008,2.43837e-009,0.981818,0.000267479,0.0548151,-0.05883580.642962,0.499922,1
540,136.934,0,0,0,-4.05041e-008,2.43837e-009,0.981818,0.000284713,0.0549001,-0.05818040.643092,0.499673,1
550,136.804,0,0,0,-4.05041e-008,2.43837e-009,0.981818,0.000136575,0.0548978,-0.05719980.643163,0.499523,1
560,137.047,0,0,0,-4.05041e-008,2.43837e-009,0.981818,-0.000212777,0.0548603,-0.05595470.643222,0.499386,1
570,138.007,0,0,0,-4.05041e-008,2.43837e-009,0.981818,-0.000473776,0.0549758,-0.05492540.643259,0.499281,1
580,139.608,0,0,0,-4.05041e-008,2.43837e-009,0.981818,-0.000420462,0.0550797,-0.05429980.643259,0.499281,1
590,141.128,0,0,0,-4.05041e-008,2.43837e-009,0.981818,-0.000281575,0.0550145,-0.05368360.643277,0.499179,1
600,142.703,0,0,0,-4.05041e-008,2.43837e-009,0.981818,-0.000238777,0.0549838,-0.05282320.643288,0.499081,1
610,153.27,0,0,0,-4.05041e-008,2.43837e-009,0.981818,-9.09216e-005,0.0550552,-0.05197730.643291,0.499056,1
620,158.685,0,0,0,-4.05041e-008,2.43837e-009,0.981818,0.000135504,0.055015,-0.05133190.643307,0.498868,1
630,162.336,0,0,0,-4.05041e-008,2.43837e-009,0.981818,0.000137653,0.0548857,-0.05061420.643314,0.498748,1
640,166.879,0,0,0,-4.05041e-008,2.43837e-009,0.981818,-4.28316e-005,0.0549819,-0.04969030.643316,0.498615,1
650,170.833,0,0,0,-4.05041e-008,2.43837e-009,0.981818,-8.06832e-005,0.0552078,-0.0488260.643315,0.498497,1
660,172.514,0,0,0,-4.05041e-008,2.43837e-009,0.981818,-0.000123984,0.0552888,-0.04801250.643315,0.498497,1
670,175.106,0,0,0,-4.05041e-008,2.43837e-009,0.981818,-0.000340344,0.0552394,-0.04692030.643315,0.498497,1
680,171.994,0,0,0,-4.05041e-008,2.43837e-009,0.981818,-0.000442024,0.0553107,-0.04558440.643315,0.498497,1
690,172.736,0,0,0,-4.05041e-008,2.43837e-009,0.981818,-0.000199724,0.0553386,-0.04442650.643315,0.498497,1
700,172.881,0,0,0,-4.05041e-008,2.43837e-009,0.981818,-8.48462e-005,0.0551372,-0.04342070.643315,0.498497,1
710,181.351,0,0,0,-4.05041e-008,2.43837e-009,0.981818,-0.000283415,0.054798,-0.04209070.643315,0.498497,1
720,190.396,0,0,0,-4.05041e-008,2.43837e-009,0.981818,-0.000410934,0.0546687,-0.04027330.643289,0.498341,1
730,196.584,0,0,0,-4.05041e-008,2.43837e-009,0.981818,-0.000285894,0.0546127,-0.03843030.643289,0.498341,1
740,201.249,0,0,0,-4.05041e-008,2.43837e-009,0.981818,-0.000330011,0.0544942,-0.03682790.643289,0.498341,1
750,207.668,0,0,0,-4.05041e-008,2.43837e-009,0.981818,-0.000569213,0.0544637,-0.03527250.643289,0.498341,1
760,213.304,0,0,0,-4.05041e-008,2.43837e-009,0.981818,-0.000738855,0.0547007,-0.0336040.643289,0.498341,1
770,218.473,0,0,0,-4.05041e-008,2.43837e-009,0.981818,-0.000855559,0.0547613,-0.03211060.643289,0.498341,1
780,224.157,0,0,0,-4.05041e-008,2.43837e-009,0.981818,-0.00118705,0.0546364,-0.03089890.643289,0.498341,1
790,228.201,0,0,0,-4.05041e-008,2.43837e-009,0.981818,-0.00154552,0.0547444,-0.02975950.643289,0.498341,1
800,229.184,0,0,0,-4.05041e-008,2.43837e-009,0.981818,-0.00169455,0.0550858,-0.02858140.643289,0.498341,1
810,237.662,0,0,0,-4.05041e-008,2.43837e-009,0.981818,-0.00177007,0.0550221,-0.02762070.643289,0.498341,1
820,239.756,0,0,0,-4.05041e-008,2.43837e-009,0.981818,-0.00202503,0.0546945,-0.02688940.643289,0.498341,1
830,235.327,0,0,0,-4.05041e-008,2.43837e-009,0.981818,-0.00220589,0.0545536,-0.02620840.643289,0.498341,1
840,228.718,0,0,0,-4.05041e-008,2.43837e-009,0.981818,-0.00208575,0.0545803,-0.02560930.643289,0.498341,1
850,216.387,0,0,0,-4.05041e-008,2.43837e-009,0.981818,-0.00181636,0.0543988,-0.02539830.643289,0.498341,1
860,203.948,0,0,0,-4.05041e-008,2.43837e-009,0.981818,-0.00161391,0.0542447,-0.02545750.643289,0.498341,1
870,193.077,0,0,0,-4.05041e-008,2.43837e-009,0.981818,-0.00134081,0.0542494,-0.02545320.643203,0.498169,1
880,184.884,0,0,0,-4.05041e-008,2.43837e-009,0.981818,-0.000964251,0.0542831,-0.02534440.643066,0.497911,1
890,178.814,0,0,0,-4.05041e-008,2.43837e-009,0.981818,-0.000581759,0.0542894,-0.02544930.642962,0.497728,1
900,177.912,0,0,0,-4.05041e-008,2.43837e-009,0.981818,-0.000234493,0.0545522,-0.02581860.642948,0.497707,1
910,181.653,0,0,0,-4.05041e-008,2.43837e-009,0.981818,0.000129001,0.0549544,-0.02632560.642793,0.497472,1
920,183.264,0,0,0,-4.05041e-008,2.43837e-009,0.981818,0.000383542,0.0553139,-0.02688470.642793,0.497472,1
930,182.003,0,0,0,-4.05041e-008,2.43837e-009,0.981818,0.000281692,0.0556003,-0.02749240.642793,0.497472,1
940,187.34,0,0,0,-4.05041e-008,2.43837e-009,0.981818,-7.34668e-005,0.0559328,-0.02798320.642793,0.497472,1
950,195.625,0,0,0,-4.05041e-008,2.43837e-009,0.981818,-0.000234735,0.0562272,-0.02830890.642646,0.49726,1
960,214.32,0,0,0,-4.05041e-008,2.43837e-009,0.981818,7.88595e-005,0.0564304,-0.02861370.642633,0.497239,1
970,229.354,0,0,0,-4.05041e-008,2.43837e-009,0.981818,0.000335779,0.0565094,-0.02893910.642514,0.49704,1
980,243.128,0,0,0,-4.05041e-008,2.43837e-009,0.981818,0.000208836,0.0565193,-0.0291420.642407,0.496871,1
990,250.796,0,0,0,-4.05041e-008,2.43837e-009,0.981818,3.93855e-005,0.0564607,-0.02918540.642407,0.496871,1
1000,252.974,0,0,0,-4.05041e-008,2.43837e-009,0.981818,0.000160412,0.0562733,-0.0292170.642222,0.496939,1
1010,238.992,0,0,0,-4.05041e-008,2.43837e-009,0.981818,6.8358e-005,0.0559366,-0.02921040.642,0.496984,1
1020,228.17,0,0,0,-4.05041e-008,2.43837e-009,0.981818,-0.000472355,0.0554851,-0.02917670.641692,0.497092,1
1030,217.89,0,0,0,-4.05041e-008,2.43837e-009,0.981818,-0.00112558,0.055004,-0.0290780.641534,0.497192,1
1040,212.321,0,0,0,-4.05041e-008,2.43837e-009,0.981818,-0.00163193,0.0544876,-0.02900070.641459,0.497229,1
1050,218.146,0,0,0,-4.05041e-008,2.43837e-009,0.981818,-0.00221513,0.0541053,-0.02883470.641459,0.497229,1
1060,233.899,0,0,0,-4.05041e-008,2.43837e-009,0.981818,-0.0027201,0.0539762,-0.02881620.641459,0.497229,1
1070,259.499,0,0,0,-4.05041e-008,2.43837e-009,0.981818,-0.00279961,0.0540477,-0.02888290.641426,0.4973,1
1080,290.497,0,0,0,-4.05041e-008,2.43837e-009,0.981818,-0.0026607,0.0539884,-0.02898050.641405,0.497373,1
1090,315.134,0,0,0,-4.05041e-008,2.43837e-009,0.981818,-0.00278422,0.0538445,-0.02871930.641405,0.497373,1
1100,320.899,0,0,0,-4.05041e-008,2.43837e-009,0.981818,-0.00276545,0.0537224,-0.02820310.641405,0.497373,1
1110,328.049,0,0,0,-4.05041e-008,2.43837e-009,0.981818,-0.00220502,0.0536676,-0.02725840.641405,0.497373,1
1120,316.214,0,0,0,-4.05041e-008,2.43837e-009,0.981818,-0.0017474,0.0535629,-0.02596840.641405,0.497373,1
1130,313.321,0,0,0,-4.05041e-008,2.43837e-009,0.981818,-0.00163809,0.0538444,-0.02419660.641405,0.497373,1
1140,308.887,0,0,0,-4.05041e-008,2.43837e-009,0.981818,-0.00118008,0.054416,-0.02235350.641405,0.497373,1
1150,305.657,0,0,0,-4.05041e-008,2.43837e-009,0.981818,-0.00040533,0.0548465,-0.02053960.641405,0.497373,1
1160,299.649,0,0,0,-4.05041e-008,2.43837e-009,0.981818,-7.46541e-005,0.0550768,-0.01887510.641405,0.497373,1
1170,294.199,0,0,0,-4.05041e-008,2.43837e-009,0.981818,6.9721e-005,0.0557517,-0.01721910.641405,0.497373,1
1180,278.758,0,0,0,-4.05041e-008,2.43837e-009,0.981818,0.000309981,0.0565152,-0.01578880.6413,0.497457,1
1190,268.767,0,0,0,-4.05041e-008,2.43837e-009,0.981818,0.00029534,0.0568622,-0.01452180.640945,0.497633,1
1200,263.617,0,0,0,-4.05041e-008,2.43837e-009,0.981818,-0.000188695,0.0570311,-0.01329170.640689,0.497661,1
1210,256.888,0,0,0,-4.05041e-008,2.43837e-009,0.981818,-0.000644653,0.0575451,-0.01223270.640725,0.497618,1
1220,267.241,0,0,0,-4.05041e-008,2.43837e-009,0.981818,-0.00114936,0.0578049,-0.01157430.640823,0.49752,1
1230,285.188,0,0,0,-4.05041e-008,2.43837e-009,0.981818,-0.00196079,0.0574305,-0.01121050.641062,0.497313,1
1240,299.451,0,0,0,-4.05041e-008,2.43837e-009,0.981818,-0.00294985,0.0568861,-0.01074480.641291,0.497146,1
1250,301.006,0,0,0,-4.05041e-008,2.43837e-009,0.981818,-0.00351761,0.0565677,-0.010170.641521,0.497003,1
1260,293.407,0,0,0,-4.05041e-008,2.43837e-009,0.981818,-0.003677,0.0562965,-0.009638510.641761,0.496875,1
1270,287.283,0,0,0,-4.05041e-008,2.43837e-009,0.981818,-0.00392336,0.0561844,-0.009551170.641998,0.496767,1
1280,290.716,0,0,0,-4.05041e-008,2.43837e-009,0.981818,-0.00438947,0.0564997,-0.009720560.642274,0.496664,1
1290,287.937,0,0,0,-4.05041e-008,2.43837e-009,0.981818,-0.00416632,0.0569312,-0.01001450.642507,0.496595,1
1300,287.691,0,0,0,-4.05041e-008,2.43837e-009,0.981818,-0.00312865,0.056852,-0.01014670.642509,0.496595,1
1310,276.226,0,0,0,-4.05041e-008,2.43837e-009,0.981818,-0.00224219,0.0562677,-0.0101410.642509,0.496595,1
1320,261.458,0,0,0,-4.05041e-008,2.43837e-009,0.981818,-0.00189128,0.0560504,-0.009886130.642608,0.496625,1
1330,244.826,0,0,0,-4.05041e-008,2.43837e-009,0.981818,-0.00154058,0.0564533,-0.009788280.642803,0.496686,1
1340,233.449,0,0,0,-4.05041e-008,2.43837e-009,0.981818,-0.00137455,0.0570642,-0.009989530.642914,0.496734,1
1350,233.513,0,0,0,-4.05041e-008,2.43837e-009,0.981818,-0.001592,0.0576492,-0.0104930.643236,0.496889,1
1360,243.612,0,0,0,-4.05041e-008,2.43837e-009,0.981818,-0.00191134,0.058644,-0.01079680.643677,0.497114,1
1370,272.466,0,0,0,-4.05041e-008,2.43837e-009,0.981818,-0.00235308,0.0597179,-0.01097420.644048,0.497317,1
1380,300.658,0,0,0,-4.05041e-008,2.43837e-009,0.981818,-0.00316799,0.0603998,-0.01112230.644377,0.497508,1
1390,320.156,0,0,0,-4.05041e-008,2.43837e-009,0.981818,-0.00379195,0.0607506,-0.0113590.644714,0.497717,1
1400,338.566,0,0,0,-4.05041e-008,2.43837e-009,0.981818,-0.00366163,0.0610436,-0.01146670.64517,0.49801,1
1410,359.481,0,0,0,-4.05041e-008,2.43837e-009,0.981818,-0.00329482,0.0608039,-0.01174820.645732,0.498381,1
1420,367.744,0,0,0,-4.05041e-008,2.43837e-009,0.981818,-0.00329219,0.0600485,-0.01219830.646158,0.498675,1
1430,378.288,0,0,0,-4.05041e-008,2.43837e-009,0.981818,-0.00346875,0.0590503,-0.01286960.646453,0.498889,1
1440,374.709,0,0,0,-4.05041e-008,2.43837e-009,0.981818,-0.00336632,0.0578574,-0.01377720.64678,0.499126,1
1450,369.203,0,0,0,-4.05041e-008,2.43837e-009,0.981818,-0.00298016,0.0563815,-0.01519110.647037,0.499312,1
1460,346.688,0,0,0,-4.05041e-008,2.43837e-009,0.981818,-0.0026571,0.0551603,-0.01693940.647128,0.499384,1
1470,324.474,0,0,0,-4.05041e-008,2.43837e-009,0.981818,-0.0026202,0.0545065,-0.01873120.647233,0.499442,1
1480,295.148,0,0,0,-4.05041e-008,2.43837e-009,0.981818,-0.00256363,0.0544327,-0.02039740.647233,0.499442,1
1490,272.155,0,0,0,-4.05041e-008,2.43837e-009,0.981818,-0.00217566,0.0546591,-0.02226230.647233,0.499442,1
1500,246.589,0,0,0,-4.05041e-008,2.43837e-009,0.981818,-0.00160868,0.0550894,-0.02442580.647233,0.499442,1
1510,233.324,0,0,0,-4.05041e-008,2.43837e-009,0.981818,-0.00130793,0.0556415,-0.02661310.647233,0.499442,1
1520,241.803,0,0,0,-4.05041e-008,2.43837e-009,0.981818,-0.00133648,0.0563839,-0.02871360.647233,0.499442,1
1530,256.608,0,0,0,-4.05041e-008,2.43837e-009,0.981818,-0.00153615,0.0570771,-0.03099640.647233,0.499442,1
1540,264.309,0,0,0,-4.05041e-008,2.43837e-009,0.981818,-0.00187662,0.0575591,-0.03343220.647233,0.499442,1
1550,276.631,0,0,0,-4.05041e-008,2.43837e-009,0.981818,-0.00218883,0.0578095,-0.03541730.647233,0.499442,1
1560,284.423,0,0,0,-4.05041e-008,2.43837e-009,0.981818,-0.00204604,0.0580752,-0.03683040.647233,0.499442,1
1570,286.786,0,0,0,-4.05041e-008,2.43837e-009,0.981818,-0.00168381,0.0582976,-0.03803720.647233,0.499442,1
1580,292.482,0,0,0,-4.05041e-008,2.43837e-009,0.981818,-0.00175377,0.0582937,-0.03910510.647233,0.499442,1
1590,281.201,0,0,0,-4.05041e-008,2.43837e-009,0.981818,-0.00200145,0.0580449,-0.03938790.647233,0.499442,1
1600,274.03,0,0,0,-4.05041e-008,2.43837e-009,0.981818,-0.00183557,0.057846,-0.03887790.647233,0.499442,1
1610,275.313,0,0,0,-4.05041e-008,2.43837e-009,0.981818,-0.00168849,0.0576634,-0.03815490.647233,0.499442,1
1620,282.43,0,0,0,-4.05041e-008,2.43837e-009,0.981818,-0.00212868,0.0574934,-0.03742620.647233,0.499442,1
1630,288.13,0,0,0,-4.05041e-008,2.43837e-009,0.981818,-0.00277291,0.0576909,-0.03604870.647233,0.499442,1
1640,293.337,0,0,0,-4.05041e-008,2.43837e-009,0.981818,-0.00331336,0.0581918,-0.03405620.647233,0.499442,1
1650,289.917,0,0,0,-4.05041e-008,2.43837e-009,0.981818,-0.00386182,0.05837,-0.03221480.647233,0.499442,1
1660,299.976,0,0,0,-4.05041e-008,2.43837e-009,0.981818,-0.00413744,0.0581163,-0.03118310.647233,0.499442,1
1670,316.795,0,0,0,-4.05041e-008,2.43837e-009,0.981818,-0.00365375,0.0580829,-0.03051660.647233,0.499442,1
1680,329.298,0,0,0,-4.05041e-008,2.43837e-009,0.981818,-0.0027801,0.0583382,-0.02989220.647233,0.499442,1
1690,322.143,0,0,0,-4.05041e-008,2.43837e-009,0.981818,-0.00211243,0.0586395,-0.02940460.647233,0.499442,1
1700,310.395,0,0,0,-4.05041e-008,2.43837e-009,0.981818,-0.00142083,0.058875,-0.02929730.647233,0.499442,1
1710,296.409,0,0,0,-4.05041e-008,2.43837e-009,0.981818,-0.000424103,0.0590682,-0.02904970.647233,0.499442,1
1720,287.066,0,0,0,-4.05041e-008,2.43837e-009,0.981818,0.000310006,0.0587989,-0.02844490.647233,0.499442,1
1730,280.306,0,0,0,-4.05041e-008,2.43837e-009,0.981818,0.000430074,0.05822,-0.02784880.647233,0.499442,1
1740,268.716,0,0,0,-4.05041e-008,2.43837e-009,0.981818,0.000410798,0.0577111,-0.02773670.647233,0.499442,1
1750,251.168,0,0,0,-4.05041e-008,2.43837e-009,0.981818,0.000722668,0.0575728,-0.02745570.647233,0.499442,1
1760,245.455,0,0,0,-4.05041e-008,2.43837e-009,0.981818,0.00116138,0.0578461,-0.02657270.647233,0.499442,1
1770,254.152,0,0,0,-4.05041e-008,2.43837e-009,0.981818,0.00140758,0.0586085,-0.02562270.647233,0.499442,1
1780,278.174,0,0,0,-4.05041e-008,2.43837e-009,0.981818,0.00147766,0.0594191,-0.02549690.647233,0.499442,1
1790,318.065,0,0,0,-4.05041e-008,2.43837e-009,0.981818,0.00142008,0.0598269,-0.02572870.647233,0.499442,1
1800,343.237,0,0,0,-4.05041e-008,2.43837e-009,0.981818,0.00108461,0.0597836,-0.02562010.647233,0.499442,1
1810,364.917,0,0,0,-4.05041e-008,2.43837e-009,0.981818,0.000499935,0.0594297,-0.02519390.647233,0.499442,1
1820,370.329,0,0,0,-4.05041e-008,2.43837e-009,0.981818,0.000129988,0.0589012,-0.02513660.647233,0.499442,1
1830,369.586,0,0,0,-4.05041e-008,2.43837e-009,0.981818,6.39641e-005,0.0583736,-0.02536780.647233,0.499442,1
1840,360.063,0,0,0,-4.05041e-008,2.43837e-009,0.981818,-5.55006e-005,0.0580511,-0.02547330.647363,0.499502,1
1850,336.129,0,0,0,-4.05041e-008,2.43837e-009,0.981818,-0.000248858,0.0578632,-0.02533640.647363,0.499502,1
1860,296.039,0,0,0,-4.05041e-008,2.43837e-009,0.981818,-5.72e-005,0.0577069,-0.02535170.647363,0.499502,1
1870,276.414,0,0,0,-4.05041e-008,2.43837e-009,0.981818,0.000443121,0.0573831,-0.02544140.647513,0.499596,1
1880,307.612,0,0,0,-4.05041e-008,2.43837e-009,0.981818,0.000808157,0.056847,-0.0252540.647602,0.499658,1
1890,347.21,0,0,0,-4.05041e-008,2.43837e-009,0.981818,0.00100374,0.0560829,-0.02511730.647773,0.499793,1
1900,375.772,0,0,0,-4.05041e-008,2.43837e-009,0.981818,0.00140898,0.0555185,-0.02574070.648076,0.50004,1
1910,388.917,0,0,0,-4.05041e-008,2.43837e-009,0.981818,0.00202977,0.0554353,-0.02682590.648076,0.50004,1
1920,388.704,0,0,0,-4.05041e-008,2.43837e-009,0.981818,0.00257142,0.055767,-0.02737490.648076,0.50004,1
1930,374.317,0,0,0,-4.05041e-008,2.43837e-009,0.981818,0.00289433,0.056169,-0.02736360.648076,0.50004,1
1940,356.77,0,0,0,-4.05041e-008,2.43837e-009,0.981818,0.00312617,0.0566709,-0.02746720.648076,0.50004,1
1950,329.11,0,0,0,-4.05041e-008,2.43837e-009,0.981818,0.00302396,0.0572128,-0.0276660.648076,0.50004,1
1960,313.932,0,0,0,-4.05041e-008,2.43837e-009,0.981818,0.00223743,0.0576107,-0.0273880.648076,0.50004,1
1970,288.241,0,0,0,-4.05041e-008,2.43837e-009,0.981818,0.00103188,0.057894,-0.02688710.648076,0.50004,1
1980,264.244,0,0,0,-4.05041e-008,2.43837e-009,0.981818,0.000226894,0.0585337,-0.0267460.648076,0.50004,1
1990,254.567,0,0,0,-4.05041e-008,2.43837e-009,0.981818,-0.000201362,0.0593696,-0.02686830.648076,0.50004,1
2000,373.022,0,0,-2.79863,-0.000577536,0.0596213,0.980418,-0.000617834,0.0595938,-0.02680910.646672,0.499044,1
2010,387.546,0,0,-2.78391,-0.000577536,0.0596213,0.966457,-0.000766268,0.0588899,-0.02679530.645906,0.498724,1
2020,400.938,0,0,-2.76707,-0.000577536,0.0596213,0.952575,-0.000207848,0.0579316,-0.02725280.644707,0.498263,1
2030,413.559,0,0,-2.74882,-0.000577536,0.0596213,0.93878,0.000416425,0.0571044,-0.02783310.644482,0.498165,1
2040,421.091,0,0,-2.72936,-0.000577536,0.0596213,0.92508,0.000836665,0.0564783,-0.02781710.644214,0.498096,1
2050,416.841,0,0,-2.71002,-0.000577536,0.0596213,0.911477,0.00144637,0.0563643,-0.02742940.643975,0.498085,1
2060,412.774,0,0,-2.69137,-0.000577536,0.0596213,0.897969,0.00234026,0.0568037,-0.02754950.643975,0.498085,1
2070,412.453,0,0,-2.67307,-0.000577536,0.0596213,0.884553,0.00287346,0.0572617,-0.02823320.643975,0.498085,1
2080,404.393,0,0,-2.65533,-0.000577536,0.0596213,0.871228,0.00300751,0.0574695,-0.02890040.643806,0.498188,1
2090,386.017,0,0,-2.63932,-0.000577536,0.0596213,0.857989,0.0028151,0.0576682,-0.02954270.643411,0.49844,1
2100,357.747,0,0,-2.62689,-0.000577536,0.0596213,0.844822,0.00226134,0.0578335,-0.03065910.643174,0.498546,1
2110,326.753,0,0,-2.619,-0.000577536,0.0596213,0.831707,0.00122762,0.0579142,-0.03207640.642687,0.498726,1
2120,308.348,0,0,-2.61589,-0.000577536,0.0596213,0.81862,0.0001922,0.0580481,-0.03315540.641873,0.498988,1
2130,299.705,0,0,-2.61524,-0.000577536,0.0596213,0.805543,-0.000445938,0.0584504,-0.03382580.64097,0.499245,1
2140,303.091,0,0,-2.61511,-0.000577536,0.0596213,0.792467,-0.000666669,0.0591629,-0.03451820.640128,0.499451,1
2150,323.359,0,0,-2.61226,-0.000577536,0.0596213,0.779396,-0.000923953,0.059979,-0.03517020.639463,0.499583,1
2160,342.562,0,0,-2.60573,-0.000577536,0.0596213,0.766348,-0.0012016,0.0601962,-0.03534450.639027,0.499647,1
2170,353.19,0,0,-2.59642,-0.000577536,0.0596213,0.75334,-0.00117708,0.0596535,-0.03526920.638446,0.49971,1
2180,370.817,0,0,-2.58544,-0.000577536,0.0596213,0.740381,-0.000761069,0.0591312,-0.03555870.637539,0.499779,1
2190,384.159,0,0,-2.57188,-0.000577536,0.0596213,0.727484,-0.000309475,0.0593254,-0.03615780.636769,0.499812,1
2200,372.983,0,0,-2.55824,-0.000577536,0.0596213,0.714656,2.04566e-005,0.0598295,-0.03638670.636414,0.499847,1
2210,341.524,0,0,-2.54818,-0.000577536,0.0596213,0.701889,0.000233026,0.0600411,-0.03609450.636258,0.499877,1
2220,299.617,0,0,-2.54462,-0.000577536,0.0596213,0.68916,0.000180959,0.0598532,-0.03560340.636258,0.499877,1
2230,274.114,0,0,-2.54824,-0.000577536,0.0596213,0.676431,-7.96103e-005,0.0595987,-0.03499690.636258,0.499877,1
2240,282.837,0,0,-2.55401,-0.000577536,0.0596213,0.663675,-0.000358615,0.0594253,-0.03395180.636258,0.499877,1
2250,310.232,0,0,-2.55449,-0.000577536,0.0596213,0.650902,-0.000484932,0.0593201,-0.03258470.636258,0.499877,1
2260,341.699,0,0,-2.54915,-0.000577536,0.0596213,0.638139,-0.000700448,0.0592627,-0.03145450.636258,0.499877,1
2270,366.899,0,0,-2.5391,-0.000577536,0.0596213,0.625414,-0.000881028,0.0592514,-0.03086370.636258,0.499877,1
2280,373.109,0,0,-2.52677,-0.000577536,0.0596213,0.612746,-0.000915814,0.0590716,-0.03044970.636258,0.499877,1
2290,355.433,0,0,-2.51548,-0.000577536,0.0596213,0.600139,-0.00059641,0.0586576,-0.03020870.636258,0.499877,1
2300,336.469,0,0,-2.50749,-0.000577536,0.0596213,0.587581,-0.00021529,0.0583343,-0.030450.636258,0.499877,1
2310,324.505,1.40367e-007,3.08579e-007,-2.50191,-0.000577536,0.0596213,0.575057,0.0002752,0.058311,-0.03100270.636258,0.499877,1
2320,334.222,3.82661e-006,8.15209e-006,-2.49654,-0.000577528,0.0596213,0.562558,0.000595579,0.0582571,-0.0312460.63615,0.49988,1
2330,356.946,2.04533e-005,4.05785e-005,-2.48838,-0.000577469,0.0596214,0.550093,0.000767272,0.0580353,-0.03141240.635891,0.499826,1
2340,379.428,4.06531e-005,7.8915e-005,-2.47666,-0.000577318,0.0596217,0.537676,0.000751366,0.0579073,-0.03204170.635648,0.499747,1
2350,383.194,6.99015e-005,0.000124169,-2.46331,-0.000577044,0.0596222,0.525322,0.00101272,0.0579611,-0.03291680.635627,0.499733,1
2360,360.805,0.000105287,0.000178301,-2.45144,-0.000576609,0.059623,0.513034,0.00144998,0.0581171,-0.03329380.635229,0.499434,1
2370,326.957,0.000147913,0.000243603,-2.44417,-0.000575979,0.059624,0.500795,0.00201257,0.0583189,-0.03313710.634798,0.499076,1
2380,313.977,0.000198751,0.000328801,-2.44086,-0.000575121,0.0596254,0.488583,0.00238638,0.0587318,-0.03289630.634498,0.498851,1
2390,317.372,0.000297535,0.000502521,-2.43837,-0.000573886,0.0596275,0.476384,0.00280311,0.0596021,-0.03265840.634268,0.498693,1
2400,322.721,0.000413159,0.000705633,-2.43469,-0.000572117,0.0596305,0.4642,0.00296019,0.0607616,-0.03215090.63397,0.4985,1
2410,326.095,0.000548364,0.000943868,-2.43064,-0.000569722,0.0596346,0.452035,0.0026033,0.0615028,-0.03148540.633752,0.498382,1
2420,333.768,0.000705401,0.00122296,-2.42546,-0.000566597,0.05964,0.439893,0.00152238,0.0616281,-0.03085610.633752,0.498382,1
2430,330.625,0.000884706,0.00154441,-2.4201,-0.000562639,0.0596469,0.427778,0.000399247,0.0615378,-0.0298990.63374,0.498391,1
2440,320.332,0.00115393,0.00188986,-2.41601,-0.000557551,0.0596555,0.415687,-0.000575704,0.0614457,-0.02815520.63359,0.498526,1
2450,308.524,0.00142234,0.00218054,-2.41418,-0.000551095,0.0596657,0.403612,-0.00105891,0.061295,-0.02603590.633535,0.498583,1
2460,309.744,0.0015857,0.00221478,-2.41282,-0.000543489,0.0596769,0.391543,-0.000819725,0.0614127,-0.02436050.633535,0.498583,1
2470,319.757,0.00137871,0.00160428,-2.40922,-0.000535865,0.0596869,0.379486,0.000372936,0.0617805,-0.02308890.633535,0.498583,1
2480,334.781,0.000457469,-0.000457844,-2.40135,-0.000530877,0.0596905,0.367456,0.00168286,0.0618524,-0.02175040.633535,0.498583,1
2490,343.247,-0.00163385,-0.00493652,-2.38854,-0.000533198,0.0596783,0.355478,0.00273364,0.0614153,-0.02053880.633535,0.498583,1
2500,342.781,-0.00546415,-0.01295,-2.37095,-0.000550026,0.0596354,0.343575,0.00365425,0.0609737,-0.02001390.63347,0.49872,1
2510,309.389,-0.0117976,-0.0260416,-2.35111,-0.0005919,0.0595405,0.331769,0.00469099,0.0605973,-0.01997510.633375,0.498933,1
2520,260.457,-0.0215901,-0.045875,-2.33359,-0.000673693,0.0593639,0.32006,0.00528925,0.0599875,-0.01990430.633347,0.499003,1
2530,237.583,-0.0358727,-0.0739249,-2.31835,-0.000815258,0.0590684,0.308433,0.00532317,0.0591875,-0.01986650.633311,0.499095,1
2540,245.994,-0.0555579,-0.112306,-2.29663,-0.00104113,0.0586078,0.296894,0.00503344,0.0587258,-0.02014810.633291,0.499154,1
2550,260.604,-0.0825079,-0.163908,-2.26064,-0.0013827,0.0579238,0.285497,0.00469604,0.0587571,-0.02033130.633285,0.499181,1
2560,277.478,-0.11923,-0.233155,-2.20722,-0.00188211,0.0569399,0.27432,0.00415833,0.0590065,-0.0199440.633284,0.499194,1
2570,289.041,-0.16941,-0.325813,-2.13342,-0.00259711,0.0555539,0.26346,0.00372188,0.0592988,-0.01931060.633284,0.499194,1
2580,301.823,-0.236512,-0.447186,-2.03676,-0.0036043,0.0536342,0.253025,0.00363983,0.0595502,-0.01913860.633284,0.499194,1
2590,307.964,-0.320632,-0.596895,-1.9206,-0.0049907,0.0510347,0.243125,0.00343097,0.0593878,-0.01950360.633284,0.499194,1
2600,299.38,-0.416378,-0.766081,-1.79678,-0.00683006,0.0476327,0.233831,0.00262642,0.0588152,-0.02007820.633291,0.499218,1
2610,284.465,-0.515237,-0.94167,-1.67888,-0.00915957,0.0433634,0.225147,0.00193835,0.0587666,-0.0207570.633291,0.499218,1
2620,293.391,-0.607483,-1.10843,-1.57556,-0.0119713,0.0382308,0.217019,0.002042,0.0596346,-0.02164140.633291,0.499218,1
2630,309.316,-0.683198,-1.24911,-1.49388,-0.0152067,0.0323227,0.209356,0.0022693,0.0605922,-0.02251840.633298,0.499317,1
2640,336.868,-0.737202,-1.35316,-1.43624,-0.0187672,0.0258005,0.20204,0.00217085,0.0611201,-0.02315360.633307,0.499451,1
2650,354.703,-0.772367,-1.42419,-1.39766,-0.0225485,0.0188442,0.19496,0.00231713,0.0616656,-0.02369850.633329,0.499773,1
2660,353.406,-0.795006,-1.47339,-1.37159,-0.0264718,0.0115918,0.18804,0.00305605,0.0620617,-0.02434620.63337,0.500324,1
2670,344.222,-0.809943,-1.50994,-1.35311,-0.0304875,0.00412824,0.18123,0.00370437,0.0618653,-0.02480090.633414,0.500928,1
2680,319.732,-0.820151,-1.54009,-1.33919,-0.0345646,-0.00349956,0.1745,0.00402641,0.061435,-0.02487520.633445,0.501457,1
2690,285.428,-0.828487,-1.56809,-1.32941,-0.0386869,-0.0112706,0.167829,0.00420677,0.0613807,-0.02490140.633452,0.501731,1
2700,274.527,-0.834842,-1.59322,-1.32055,-0.0428455,-0.0191753,0.161205,0.00432289,0.06133,-0.02530390.633447,0.501767,1
2710,294.667,-0.839617,-1.60993,-1.30801,-0.0470321,-0.0271873,0.154631,0.00416598,0.0610691,-0.02593540.633431,0.501814,1
2720,313.274,-0.844436,-1.61538,-1.28745,-0.0512411,-0.0352555,0.148139,0.00413733,0.060972,-0.02640990.6334,0.501884,1
2730,321.686,-0.852302,-1.6103,-1.25741,-0.0554824,-0.0433242,0.141772,0.00438441,0.0613087,-0.02666770.6334,0.501884,1
2740,324.635,-0.862663,-1.59662,-1.2152,-0.0597689,-0.0513464,0.135583,0.00446734,0.0615468,-0.02699950.6334,0.501884,1
2750,337.317,-0.873642,-1.57201,-1.15603,-0.0641111,-0.0592737,0.129646,0.003817,0.0615849,-0.02742060.6334,0.501884,1
2760,343.358,-0.885928,-1.53506,-1.07307,-0.0685081,-0.0670483,0.124061,0.00313539,0.0617219,-0.02773820.6334,0.501884,1
2770,340.467,-0.903041,-1.48619,-0.965654,-0.0729805,-0.0746065,0.118954,0.00302088,0.0620503,-0.02793590.6334,0.501884,1
2780,338.219,-0.922883,-1.42904,-0.834547,-0.077544,-0.0818995,0.114443,0.00321892,0.0620376,-0.02828590.6334,0.501884,1
2790,350.004,-0.94582,-1.3618,-0.679532,-0.082215,-0.0888822,0.110646,0.00316992,0.0618753,-0.02890460.6334,0.501884,1
2800,356.115,-0.981357,-1.28231,-0.498364,-0.0870257,-0.0954995,0.107691,0.0032448,0.0621542,-0.02969950.6334,0.501884,1
2810,347.004,-1.02405,-1.19507,-0.302091,-0.0920433,-0.101694,0.105687,0.00339354,0.0628952,-0.03080030.6334,0.501884,1
2820,323.581,-1.05081,-1.11218,-0.107137,-0.0972413,-0.10746,0.104666,0.00342931,0.0634127,-0.03227370.6334,0.501884,1
2830,279.849,-1.05121,-1.0389,0.0806524,-0.102507,-0.112833,0.104602,0.00340497,0.0636746,-0.03371110.633247,0.502205,1
2840,244.204,-1.0324,-0.975365,0.26792,-0.107722,-0.117864,0.105472,0.00369079,0.0638273,-0.03466480.632995,0.502731,1
2850,235.505,-0.996028,-0.919465,0.462289,-0.112798,-0.122597,0.107293,0.00385493,0.0635858,-0.03541180.632806,0.503114,1
2860,248.42,-0.946943,-0.869146,0.663561,-0.117658,-0.127065,0.110105,0.00388305,0.0628276,-0.03628970.632793,0.503146,1
2870,270.555,-0.892255,-0.822993,0.862327,-0.122256,-0.131293,0.113923,0.00410884,0.0622104,-0.03740210.632787,0.503171,1
2880,299.651,-0.837451,-0.779799,1.04629,-0.126579,-0.135299,0.118703,0.00460307,0.0619734,-0.03872070.632787,0.503171,1
2890,326.481,-0.788222,-0.740578,1.20665,-0.13064,-0.139098,0.124347,0.00478823,0.0619112,-0.04039820.632787,0.503171,1
2900,339.492,-0.749662,-0.706704,1.33887,-0.13448,-0.142714,0.130724,0.00464605,0.0621124,-0.04220170.632787,0.503171,1
2910,331.096,-0.722605,-0.678988,1.44412,-0.138157,-0.146176,0.137692,0.00431561,0.0628287,-0.0440240.632787,0.503171,1
2920,314.584,-0.705206,-0.65762,1.52759,-0.141723,-0.149515,0.145131,0.00393589,0.0636401,-0.04579330.632787,0.503171,1
2930,299.898,-0.694449,-0.642157,1.59118,-0.14522,-0.152762,0.152936,0.00377824,0.0641654,-0.04763410.632787,0.503171,1
2940,286.586,-0.6883,-0.631849,1.637,-0.148675,-0.155945,0.161013,0.0039764,0.0643731,-0.04934950.632787,0.503171,1
2950,277.494,-0.685391,-0.625788,1.66954,-0.152108,-0.159087,0.169284,0.00418473,0.0644702,-0.05092950.632787,0.503171,1
2960,278.713,-0.684018,-0.622568,1.69161,-0.155531,-0.162207,0.17769,0.00419259,0.064453,-0.05230690.632787,0.503171,1
2970,271.74,-0.68338,-0.621457,1.70603,-0.158949,-0.165316,0.186185,0.00443783,0.0643392,-0.05384280.632787,0.503171,1
2980,266.272,-0.683912,-0.622167,1.71617,-0.162366,-0.168424,0.194741,0.00497877,0.0642636,-0.05563460.632787,0.503171,1
2990,260.022,-0.685113,-0.623828,1.72317,-0.165788,-0.171538,0.203339,0.00539935,0.0643755,-0.05776370.632787,0.503171,1
