step,rz,Epot,Epot00,prob_atom_crd[2],prob_atom_f[2],n_steps_of_optimization,BondedTermsEnergy,NonBondedTermsEnergy,BondStretchEnergy,AngleStretchEnergy,TorsionEnergy,OutOfPlaneEnergy,DispersionEnergy,ElectrostaticEnergy
0,-0.56945,-8936.24,0,-0.639916,-0.0951566,101,-9582.38,646.148,90.5203,201.571,-10315.2,440.731,463.971,182.177
1,-0.556634,-8936.2,0.0396409,-0.627118,-0.16256,101,-9582.38,646.187,90.5203,201.571,-10315.2,440.731,464.011,182.177
2,-0.543836,-8936.23,0.00662207,-0.614319,-0.195656,101,-9582.38,646.154,90.5203,201.571,-10315.2,440.731,463.978,182.177
3,-0.531038,-8936.26,-0.0279205,-0.601521,-0.228874,101,-9582.38,646.12,90.5203,201.571,-10315.2,440.731,463.943,182.177
4,-0.518239,-8936.27,-0.0303,-0.588723,-0.150708,101,-9582.38,646.117,90.5203,201.571,-10315.2,440.731,463.941,182.177
5,-0.505441,-8936.27,-0.0351832,-0.575924,-0.251419,101,-9582.38,646.113,90.5203,201.571,-10315.2,440.731,463.936,182.177
6,-0.492643,-8936.29,-0.0544377,-0.563126,-0.789336,101,-9582.38,646.093,90.5203,201.571,-10315.2,440.731,463.917,182.177
7,-0.479844,-8936.31,-0.0765983,-0.550328,-0.982309,101,-9582.38,646.071,90.5203,201.571,-10315.2,440.731,463.894,182.177
8,-0.467046,-8936.31,-0.0697191,-0.537529,-1.26037,101,-9582.38,646.078,90.5203,201.571,-10315.2,440.731,463.901,182.177
9,-0.454248,-8936.32,-0.0871453,-0.524731,-1.55226,101,-9582.38,646.061,90.5203,201.571,-10315.2,440.731,463.884,182.177
10,-0.441449,-8936.35,-0.110956,-0.511933,-2.17957,101,-9582.38,646.037,90.5203,201.571,-10315.2,440.731,463.86,182.177
11,-0.428651,-8936.38,-0.140217,-0.499134,-2.39511,101,-9582.38,646.008,90.5203,201.571,-10315.2,440.731,463.831,182.177
12,-0.415853,-8936.4,-0.162799,-0.486336,-2.69843,101,-9582.38,645.985,90.5203,201.571,-10315.2,440.731,463.808,182.177
13,-0.403054,-8936.45,-0.209149,-0.473538,-2.98135,101,-9582.38,645.939,90.5203,201.571,-10315.2,440.731,463.762,182.177
14,-0.390256,-8936.48,-0.240399,-0.46074,-3.42592,101,-9582.38,645.907,90.5203,201.571,-10315.2,440.731,463.731,182.177
15,-0.377458,-8936.53,-0.296823,-0.447941,-3.82528,101,-9582.38,645.851,90.5203,201.571,-10315.2,440.731,463.674,182.177
16,-0.364659,-8936.6,-0.35814,-0.435143,-4.12729,101,-9582.38,645.79,90.5203,201.571,-10315.2,440.731,463.613,182.177
17,-0.351861,-8936.64,-0.404166,-0.422345,-4.70685,101,-9582.38,645.744,90.5203,201.571,-10315.2,440.731,463.567,182.177
18,-0.339063,-8936.71,-0.477634,-0.409546,-5.08123,101,-9582.38,645.67,90.5203,201.571,-10315.2,440.731,463.493,182.177
19,-0.326264,-8936.76,-0.523961,-0.396748,-5.45718,101,-9582.38,645.624,90.5203,201.571,-10315.2,440.731,463.447,182.177
20,-0.313466,-8936.84,-0.605098,-0.38395,-5.63765,101,-9582.38,645.543,90.5203,201.571,-10315.2,440.731,463.366,182.177
21,-0.300668,-8936.91,-0.668067,-0.371151,-5.63439,101,-9582.38,645.48,90.5203,201.571,-10315.2,440.731,463.303,182.177
22,-0.287869,-8936.97,-0.735958,-0.358353,-4.84112,101,-9582.38,645.412,90.5203,201.571,-10315.2,440.731,463.235,182.177
23,-0.275071,-8937.04,-0.798645,-0.345555,-3.04076,101,-9582.38,645.349,90.5203,201.571,-10315.2,440.731,463.172,182.177
24,-0.262273,-8937.12,-0.885124,-0.332756,0.418831,101,-9582.38,645.263,90.5203,201.571,-10315.2,440.731,463.086,182.177
25,-0.249474,-8937.06,-0.819297,-0.319958,7.36394,101,-9582.38,645.328,90.5203,201.571,-10315.2,440.731,463.152,182.177
26,-0.236676,-8936.92,-0.683659,-0.30716,19.8448,101,-9582.38,645.464,90.5203,201.571,-10315.2,440.731,463.287,182.177
27,-0.223878,-8936.55,-0.31306,-0.294361,41.6565,101,-9582.38,645.835,90.5203,201.571,-10315.2,440.731,463.658,182.177
28,-0.21108,-8935.77,0.465485,-0.281563,78.3072,101,-9582.38,646.613,90.5203,201.571,-10315.2,440.731,464.437,182.177
29,-0.198281,-8937.26,-1.02161,-0.268765,15.8595,101,-9582.41,645.155,90.2933,202.005,-10315.2,440.482,463.028,182.127
30,-0.185452,-8935.47,0.765485,-0.255966,99.0277,101,-9582.41,646.942,90.2933,202.005,-10315.2,440.482,464.815,182.127
31,-0.172654,-8937.78,-1.54727,-0.243168,15.9739,101,-9581.73,643.941,91.5433,202.486,-10314.5,438.727,461.983,181.959
32,-0.159929,-8937.63,-1.39389,-0.23037,22.7485,101,-9582.06,644.431,91.3952,202.417,-10314.8,438.918,462.414,182.017
33,-0.147118,-8937.49,-1.25291,-0.217571,25.4826,101,-9581.62,644.135,91.8111,202.872,-10314.4,438.085,462.036,182.1
34,-0.134318,-8934.38,1.85618,-0.204773,150.858,101,-9581.62,647.244,91.811,202.872,-10314.4,438.085,465.145,182.1
35,-0.121519,-8936.4,-0.167698,-0.191975,49.8512,101,-9581.69,645.287,91.8713,202.583,-10314.3,438.19,463.135,182.152
36,-0.108739,-8936.12,0.121218,-0.179176,37.8928,101,-9579.8,643.68,92.6886,203.352,-10313.2,437.411,461.52,182.159
37,-0.0959243,-8935.44,0.800013,-0.166378,37.2172,101,-9580.06,644.622,92.7003,203.373,-10313,436.842,462.223,182.4
38,-0.0831555,-8934.62,1.62029,-0.15358,46.6114,101,-9578.73,644.112,93.4248,202.979,-10312.3,437.184,461.628,182.485
39,-0.070338,-8933.78,2.45559,-0.140782,51.7548,101,-9579.2,645.42,93.1434,202.663,-10312,436.954,462.566,182.854
40,-0.0575511,-8933.12,3.11959,-0.127983,43.5126,101,-9577.37,644.252,94.0792,202.902,-10311.1,436.718,461.346,182.905
41,-0.0447355,-8932.01,4.22284,-0.115185,53.4459,101,-9577.87,645.859,93.7904,202.359,-10310.6,436.613,462.537,183.322
42,-0.0319621,-8931.32,4.9211,-0.102387,38.8602,101,-9576.98,645.663,94.0825,203.134,-10310.1,435.901,462.398,183.265
43,-0.0191381,-8930.75,5.48506,-0.0895882,41.3727,101,-9577.83,647.077,93.6834,203.393,-10310.4,435.473,463.329,183.748
44,-0.00639032,-8929.45,6.78936,-0.0767899,40.7224,101,-9576.92,647.473,94.0691,202.749,-10309.6,435.896,463.726,183.747
45,0.00645032,-8928.86,7.37667,-0.0639916,37.7263,101,-9576.36,647.498,94.4484,202.792,-10309,435.363,463.567,183.931
46,0.0192289,-8927.96,8.27713,-0.0511933,35.3146,101,-9576.68,648.721,93.4993,202.389,-10308.5,435.894,464.235,184.485
47,0.0320317,-8927.4,8.83788,-0.038395,44.1878,114,-9576.05,648.649,94.4202,202.979,-10308.7,435.228,464.317,184.332
48,0.0448031,-8926.42,9.81322,-0.0255966,36.6554,131,-9575.5,649.081,94.1205,202.303,-10307.6,435.643,464.48,184.601
49,0.0576206,-8925.99,10.248,-0.0127983,38.2519,101,-9575.1,649.116,94.707,202.885,-10308,435.29,464.433,184.683
50,0.0704066,-8924.43,11.8108,0,43.0336,101,-9574.37,649.941,94.1059,201.52,-10306.1,436.146,465.04,184.902
51,0.0832161,-8923.96,12.2737,0.0127983,39.5212,101,-9574.01,650.049,94.9586,202.624,-10306.6,435.012,464.858,185.191
52,0.0959809,-8923.82,12.4127,0.0255966,63.0212,108,-9574.98,651.154,95.0414,203.684,-10308.2,434.541,466.547,184.607
53,0.108731,-8922.95,13.2841,0.038395,50.7141,101,-9575.49,652.532,94.0634,202.156,-10307.4,435.699,467.571,184.961
54,0.121613,-8921.92,14.3126,0.0511933,45.1226,101,-9573.93,652.005,94.5732,202.112,-10306.1,435.534,466.931,185.074
55,0.134394,-8921.24,14.9984,0.0639916,44.1244,108,-9574.18,652.937,94.9337,202.677,-10307,435.196,467.71,185.227
56,0.147157,-8920.69,15.5455,0.0767899,33.8459,101,-9573.94,653.248,94.6935,202.511,-10306.3,435.188,467.975,185.273
57,0.159938,-8921.04,15.1998,0.0895882,15.1555,143,-9575.06,654.021,94.1689,202.582,-10307.8,436.011,469.489,184.532
58,0.172761,-8920.99,15.2445,0.102387,-2.91067,136,-9576.42,655.426,93.1919,202.66,-10308.4,436.115,470.942,184.484
59,0.185591,-8921.16,15.0778,0.115185,-19.579,101,-9575.52,654.36,93.4338,202.265,-10307.9,436.647,469.832,184.528
60,0.198378,-8921.21,15.0256,0.127983,-30.0688,101,-9574.59,653.378,94.0471,200.805,-10306.7,437.265,468.813,184.565
61,0.21125,-8923.03,13.204,0.140782,-75.1761,103,-9576.45,653.418,94.6761,203.924,-10310.1,435.028,469.705,183.713
62,0.223903,-8936.4,-0.163922,0.15358,-28.5358,116,-9582.29,645.891,89.8842,201.317,-10314.6,441.125,463.801,182.09
63,0.236938,-8936.08,0.153466,0.166378,-44.8472,101,-9582.29,646.209,89.8842,201.317,-10314.6,441.125,464.118,182.09
64,0.249736,-8936.49,-0.256867,0.179176,-21.4082,101,-9582.29,645.798,89.8842,201.317,-10314.6,441.125,463.708,182.09
65,0.262534,-8936.65,-0.416531,0.191975,-8.09139,101,-9582.29,645.639,89.8842,201.317,-10314.6,441.125,463.548,182.09
66,0.275333,-8936.67,-0.428293,0.204773,-0.810413,101,-9582.29,645.627,89.8842,201.317,-10314.6,441.125,463.537,182.09
67,0.288131,-8936.65,-0.410632,0.217571,3.08382,101,-9582.29,645.644,89.8842,201.317,-10314.6,441.125,463.554,182.09
68,0.300929,-8936.59,-0.356467,0.23037,5.12908,101,-9582.29,645.699,89.8842,201.317,-10314.6,441.125,463.608,182.09
69,0.313728,-8936.59,-0.349139,0.243168,5.63193,101,-9582.29,645.706,89.8842,201.317,-10314.6,441.125,463.616,182.09
70,0.326526,-8936.51,-0.275266,0.255966,5.83217,101,-9582.29,645.78,89.8842,201.317,-10314.6,441.125,463.69,182.09
71,0.339324,-8936.44,-0.201377,0.268765,5.67183,101,-9582.29,645.854,89.8842,201.317,-10314.6,441.125,463.764,182.09
72,0.352123,-8936.35,-0.110418,0.281563,5.18384,101,-9582.29,645.945,89.8842,201.317,-10314.6,441.125,463.855,182.09
73,0.364921,-8936.33,-0.0899994,0.294361,4.44155,101,-9582.29,645.965,89.8842,201.317,-10314.6,441.125,463.875,182.09
74,0.377719,-8936.26,-0.0259231,0.30716,3.94429,101,-9582.29,646.029,89.8842,201.317,-10314.6,441.125,463.939,182.09
75,0.390518,-8936.19,0.051592,0.319958,3.3382,101,-9582.29,646.107,89.8842,201.317,-10314.6,441.125,464.017,182.09
76,0.403316,-8936.15,0.089761,0.332756,2.64263,101,-9582.29,646.145,89.8842,201.317,-10314.6,441.125,464.055,182.09
77,0.416114,-8936.08,0.160757,0.345555,2.06076,101,-9582.29,646.216,89.8842,201.317,-10314.6,441.125,464.126,182.09
78,0.428912,-8936.04,0.195566,0.358353,1.72541,101,-9582.29,646.251,89.8842,201.317,-10314.6,441.125,464.16,182.09
79,0.441711,-8936.02,0.216489,0.371151,1.55685,101,-9582.29,646.272,89.8842,201.317,-10314.6,441.125,464.181,182.09
80,0.454509,-8936.01,0.224988,0.38395,1.27347,101,-9582.29,646.28,89.8842,201.317,-10314.6,441.125,464.19,182.09
81,0.467307,-8935.99,0.250513,0.396748,1.17893,101,-9582.29,646.306,89.8842,201.317,-10314.6,441.125,464.215,182.09
82,0.480106,-8935.99,0.243922,0.409546,1.08344,101,-9582.29,646.299,89.8842,201.317,-10314.6,441.125,464.209,182.09
83,0.492904,-8935.94,0.294195,0.422345,0.865802,101,-9582.29,646.349,89.8842,201.317,-10314.6,441.125,464.259,182.09
84,0.505702,-8935.94,0.293579,0.435143,0.700981,101,-9582.29,646.349,89.8842,201.317,-10314.6,441.125,464.259,182.09
85,0.518501,-8935.94,0.292963,0.447941,0.809861,101,-9582.29,646.348,89.8842,201.317,-10314.6,441.125,464.258,182.09
86,0.531299,-8935.9,0.334043,0.46074,0.778333,101,-9582.29,646.389,89.8842,201.317,-10314.6,441.125,464.299,182.09
87,0.544097,-8935.91,0.323404,0.473538,0.731506,101,-9582.29,646.378,89.8842,201.317,-10314.6,441.125,464.288,182.09
88,0.556896,-8935.88,0.352984,0.486336,0.693253,101,-9582.29,646.408,89.8842,201.317,-10314.6,441.125,464.318,182.09
89,0.569694,-8935.87,0.371388,0.499134,0.476388,101,-9582.29,646.426,89.8842,201.317,-10314.6,441.125,464.336,182.09
90,0.582492,-8935.86,0.377766,0.511933,0.516515,101,-9582.29,646.433,89.8842,201.317,-10314.6,441.125,464.343,182.09
91,0.595291,-8935.85,0.385603,0.524731,0.169369,101,-9582.29,646.441,89.8842,201.317,-10314.6,441.125,464.351,182.09
92,0.608089,-8935.86,0.375859,0.537529,0.0306149,101,-9582.29,646.431,89.8842,201.317,-10314.6,441.125,464.341,182.09
93,0.620887,-8935.88,0.35473,0.550328,-0.0753218,101,-9582.29,646.41,89.8842,201.317,-10314.6,441.125,464.32,182.09
94,0.633686,-8935.87,0.364327,0.563126,-0.122751,101,-9582.29,646.419,89.8842,201.317,-10314.6,441.125,464.329,182.09
95,0.646484,-8935.88,0.360406,0.575924,-0.42935,101,-9582.29,646.415,89.8842,201.317,-10314.6,441.125,464.325,182.09
96,0.659282,-8935.88,0.355613,0.588723,-0.313825,101,-9582.29,646.411,89.8842,201.317,-10314.6,441.125,464.321,182.09
97,0.672081,-8935.89,0.341966,0.601521,-0.181988,101,-9582.29,646.397,89.8842,201.317,-10314.6,441.125,464.307,182.09
98,0.684879,-8935.9,0.340793,0.614319,0.00377158,101,-9582.29,646.396,89.8842,201.317,-10314.6,441.125,464.306,182.09
99,0.697677,-8935.84,0.401448,0.627118,-0.134852,101,-9582.29,646.456,89.8842,201.317,-10314.6,441.125,464.366,182.09
