step	T	Epot	Efull	E_solute	E_solvent	E_solusolv	NThrouZ	NThrouZmin	NThrouZmax	
0	0.00899837	-2627.74	-2627.73	-2627.74	0	0	0	0	0	
10	1.61411	-2629.01	-2627.92	-2629.01	0	0	0	0	0	
20	1.54675	-2629.39	-2628.35	-2629.39	0	0	0	0	0	
30	1.52269	-2629.63	-2628.61	-2629.63	0	0	0	0	0	
40	1.88374	-2630.45	-2629.18	-2630.45	0	0	0	0	0	
50	1.56321	-2630.77	-2629.72	-2630.77	0	0	0	0	0	
60	1.51261	-2631.14	-2630.12	-2631.14	0	0	0	0	0	
70	1.59773	-2631.94	-2630.86	-2631.94	0	0	0	0	0	
80	1.2589	-2632.08	-2631.23	-2632.08	0	0	0	0	0	
90	1.21112	-2632.37	-2631.56	-2632.37	0	0	0	0	0	
100	1.1329	-2632.61	-2631.85	-2632.61	0	0	0	0	0	
110	2.91467	-2632.5	-2630.53	-2632.5	0	0	0	0	0	
120	4.42241	-2633.02	-2630.04	-2633.02	0	0	0	0	0	
130	5.32866	-2633.48	-2629.89	-2633.48	0	0	0	0	0	
140	5.93021	-2633.91	-2629.91	-2633.91	0	0	0	0	0	
150	6.42154	-2634.24	-2629.91	-2634.24	0	0	0	0	0	
160	6.60775	-2634.67	-2630.22	-2634.67	0	0	0	0	0	
170	6.67544	-2634.96	-2630.47	-2634.96	0	0	0	0	0	
180	6.66886	-2635.13	-2630.64	-2635.13	0	0	0	0	0	
190	6.61499	-2635.26	-2630.81	-2635.26	0	0	0	0	0	
200	6.60677	-2635.41	-2630.96	-2635.41	0	0	0	0	0	
210	8.44715	-2635.65	-2629.97	-2635.65	0	0	0	0	0	
220	9.50574	-2635.6	-2629.2	-2635.6	0	0	0	0	0	
230	10.3823	-2635.79	-2628.8	-2635.79	0	0	0	0	0	
240	10.8925	-2635.79	-2628.46	-2635.79	0	0	0	0	0	
250	11.1864	-2635.6	-2628.07	-2635.6	0	0	0	0	0	
260	11.4556	-2635.58	-2627.86	-2635.58	0	0	0	0	0	
270	11.5327	-2635.64	-2627.87	-2635.64	0	0	0	0	0	
280	11.4886	-2635.46	-2627.72	-2635.46	0	0	0	0	0	
290	11.7264	-2635.5	-2627.6	-2635.5	0	0	0	0	0	
300	11.7269	-2635.44	-2627.54	-2635.44	0	0	0	0	0	
310	13.4943	-2635.32	-2626.23	-2635.32	0	0	0	0	0	
320	14.8177	-2635.24	-2625.26	-2635.24	0	0	0	0	0	
330	15.4135	-2634.83	-2624.45	-2634.83	0	0	0	0	0	
340	15.8398	-2634.52	-2623.85	-2634.52	0	0	0	0	0	
350	16.073	-2634.18	-2623.36	-2634.18	0	0	0	0	0	
360	15.857	-2633.4	-2622.72	-2633.4	0	0	0	0	0	
370	15.7569	-2632.86	-2622.25	-2632.86	0	0	0	0	0	
380	15.503	-2631.96	-2621.51	-2631.96	0	0	0	0	0	
390	15.153	-2631.19	-2620.98	-2631.19	0	0	0	0	0	
400	14.7842	-2630.27	-2620.31	-2630.27	0	0	0	0	0	
410	16.0867	-2628.79	-2617.96	-2628.79	0	0	0	0	0	
420	16.7916	-2627.38	-2616.07	-2627.38	0	0	0	0	0	
430	17.2847	-2626.09	-2614.45	-2626.09	0	0	0	0	0	
440	17.2933	-2624.7	-2613.06	-2624.7	0	0	0	0	0	
450	17.6317	-2623.29	-2611.42	-2623.29	0	0	0	0	0	
460	17.5971	-2621.93	-2610.08	-2621.93	0	0	0	0	0	
470	17.9495	-2620.38	-2608.3	-2620.38	0	0	0	0	0	
480	18.5237	-2619.32	-2606.84	-2619.32	0	0	0	0	0	
490	18.8635	-2618.08	-2605.38	-2618.08	0	0	0	0	0	
500	19.6717	-2617.33	-2604.08	-2617.33	0	0	0	0	0	
510	21.8908	-2616.74	-2601.99	-2616.74	0	0	0	0	0	
520	23.5312	-2615.99	-2600.14	-2615.99	0	0	0	0	0	
530	24.9703	-2615.66	-2598.84	-2615.66	0	0	0	0	0	
540	25.5751	-2614.8	-2597.57	-2614.8	0	0	0	0	0	
550	26.6182	-2614.5	-2596.57	-2614.5	0	0	0	0	0	
560	27.3232	-2614.33	-2595.93	-2614.33	0	0	0	0	0	
570	27.718	-2614.13	-2595.46	-2614.13	0	0	0	0	0	
580	28.4684	-2614.12	-2594.95	-2614.12	0	0	0	0	0	
590	28.4552	-2613.74	-2594.57	-2613.74	0	0	0	0	0	
600	28.5249	-2613.38	-2594.17	-2613.38	0	0	0	0	0	
610	30.8429	-2613.16	-2592.39	-2613.16	0	0	0	0	0	
620	31.196	-2612.25	-2591.24	-2612.25	0	0	0	0	0	
630	32.4719	-2612.03	-2590.17	-2612.03	0	0	0	0	0	
640	33.1987	-2611.45	-2589.09	-2611.45	0	0	0	0	0	
650	33.7698	-2611.12	-2588.38	-2611.12	0	0	0	0	0	
660	35.8502	-2612.12	-2587.98	-2612.12	0	0	0	0	0	
670	36.9483	-2612.89	-2588.01	-2612.89	0	0	0	0	0	
680	38.2796	-2614.13	-2588.35	-2614.13	0	0	0	0	0	
690	40.0447	-2616.38	-2589.41	-2616.38	0	0	0	0	0	
700	40.6666	-2618	-2590.61	-2618	0	0	0	0	0	
710	43.3783	-2619.76	-2590.55	-2619.76	0	0	0	0	0	
720	45.1671	-2621.57	-2591.16	-2621.57	0	0	0	0	0	
730	45.4299	-2622.62	-2592.02	-2622.62	0	0	0	0	0	
740	46.2177	-2624.16	-2593.03	-2624.16	0	0	0	0	0	
750	46.496	-2625.37	-2594.06	-2625.37	0	0	0	0	0	
760	46.3054	-2626.32	-2595.14	-2626.32	0	0	0	0	0	
770	46.6274	-2627.83	-2596.42	-2627.83	0	0	0	0	0	
780	46.036	-2628.4	-2597.4	-2628.4	0	0	0	0	0	
790	45.6729	-2628.76	-2598.01	-2628.76	0	0	0	0	0	
800	45.1501	-2629.09	-2598.68	-2629.09	0	0	0	0	0	
810	45.7981	-2628.74	-2597.9	-2628.74	0	0	0	0	0	
820	45.5245	-2627.7	-2597.04	-2627.7	0	0	0	0	0	
830	45.0335	-2626.62	-2596.29	-2626.62	0	0	0	0	0	
840	43.4564	-2624.17	-2594.9	-2624.17	0	0	0	0	0	
850	42.7474	-2622.45	-2593.66	-2622.45	0	0	0	0	0	
860	41.7162	-2619.97	-2591.88	-2619.97	0	0	0	0	0	
870	40.7212	-2617.2	-2589.77	-2617.2	0	0	0	0	0	
880	41.0222	-2615.66	-2588.03	-2615.66	0	0	0	0	0	
890	40.8939	-2613.69	-2586.15	-2613.69	0	0	0	0	0	
900	40.8165	-2611.62	-2584.13	-2611.62	0	0	0	0	0	
910	43.2641	-2609.82	-2580.68	-2609.82	0	0	0	0	0	
920	43.9926	-2607.4	-2577.78	-2607.4	0	0	0	0	0	
930	45.4367	-2606.38	-2575.78	-2606.38	0	0	0	0	0	
940	47.0244	-2605.36	-2573.69	-2605.36	0	0	0	0	0	
950	46.9682	-2603.34	-2571.71	-2603.34	0	0	0	0	0	
960	48.6471	-2602.93	-2570.17	-2602.93	0	0	0	0	0	
970	49.7878	-2602.78	-2569.25	-2602.78	0	0	0	0	0	
980	50.7267	-2602.38	-2568.22	-2602.38	0	0	0	0	0	
990	53.2336	-2603.95	-2568.1	-2603.95	0	0	0	0	0	
1000	54.2373	-2604.55	-2568.02	-2604.55	0	0	0	0	0	
1010	56.9261	-2605.6	-2567.26	-2605.6	0	0	0	0	0	
1020	60.5886	-2607.74	-2566.93	-2607.74	0	0	0	0	0	
1030	61.873	-2608.92	-2567.25	-2608.92	0	0	0	0	0	
1040	63.4669	-2610.2	-2567.45	-2610.2	0	0	0	0	0	
1050	63.7412	-2611.48	-2568.55	-2611.48	0	0	0	0	0	
1060	62.3051	-2611.28	-2569.31	-2611.28	0	0	0	0	0	
1070	61.355	-2611.32	-2570	-2611.32	0	0	0	0	0	
1080	61.0599	-2611.71	-2570.59	-2611.71	0	0	0	0	0	
1090	60.4623	-2611.71	-2570.99	-2611.71	0	0	0	0	0	
1100	61.8474	-2612.71	-2571.06	-2612.71	0	0	0	0	0	
1110	64.0499	-2613.43	-2570.29	-2613.43	0	0	0	0	0	
1120	66.6071	-2615.25	-2570.39	-2615.25	0	0	0	0	0	
1130	68.1516	-2617.13	-2571.23	-2617.13	0	0	0	0	0	
1140	67.7037	-2617.66	-2572.06	-2617.66	0	0	0	0	0	
1150	66.7981	-2617.46	-2572.47	-2617.46	0	0	0	0	0	
1160	65.6578	-2616.9	-2572.68	-2616.9	0	0	0	0	0	
1170	64.4885	-2615.86	-2572.43	-2615.86	0	0	0	0	0	
1180	65.1267	-2615.85	-2571.99	-2615.85	0	0	0	0	0	
1190	65.4645	-2615.71	-2571.62	-2615.71	0	0	0	0	0	
1200	64.8876	-2615.31	-2571.61	-2615.31	0	0	0	0	0	
1210	66.8885	-2615.21	-2570.17	-2615.21	0	0	0	0	0	
1220	66.3548	-2613.6	-2568.92	-2613.6	0	0	0	0	0	
1230	66.329	-2612.25	-2567.57	-2612.25	0	0	0	0	0	
1240	66.9829	-2611.24	-2566.13	-2611.24	0	0	0	0	0	
1250	66.5377	-2609.7	-2564.88	-2609.7	0	0	0	0	0	
1260	67.5511	-2609.15	-2563.66	-2609.15	0	0	0	0	0	
1270	67.4494	-2608	-2562.58	-2608	0	0	0	0	0	
1280	65.5708	-2605.61	-2561.45	-2605.61	0	0	0	0	0	
1290	64.2079	-2603.09	-2559.85	-2603.09	0	0	0	0	0	
1300	62.7197	-2599.92	-2557.68	-2599.92	0	0	0	0	0	
1310	64.3709	-2597.59	-2554.24	-2597.59	0	0	0	0	0	
1320	66.2819	-2595.77	-2551.14	-2595.77	0	0	0	0	0	
1330	65.5158	-2592.38	-2548.26	-2592.38	0	0	0	0	0	
1340	64.082	-2588.01	-2544.86	-2588.01	0	0	0	0	0	
1350	62.5172	-2583.46	-2541.36	-2583.46	0	0	0	0	0	
1360	59.6827	-2577.26	-2537.06	-2577.26	0	0	0	0	0	
1370	59.6341	-2572.61	-2532.45	-2572.61	0	0	0	0	0	
1380	57.7834	-2566.51	-2527.59	-2566.51	0	0	0	0	0	
1390	56.564	-2560.24	-2522.15	-2560.24	0	0	0	0	0	
1400	56.7331	-2554.79	-2516.58	-2554.79	0	0	0	0	0	
1410	59.8108	-2550.44	-2510.16	-2550.44	0	0	0	0	0	
1420	61.9091	-2545.85	-2504.15	-2545.85	0	0	0	0	0	
1430	65.0365	-2542.81	-2499.01	-2542.81	0	0	0	0	0	
1440	65.9161	-2538.59	-2494.19	-2538.59	0	0	0	0	0	
1450	69.2243	-2536.57	-2489.95	-2536.57	0	0	0	0	0	
1460	71.6861	-2535.3	-2487.02	-2535.3	0	0	0	0	0	
1470	73.3069	-2533.32	-2483.94	-2533.32	0	0	0	0	0	
1480	76.3246	-2532.97	-2481.56	-2532.97	0	0	0	0	0	
1490	78.0479	-2532.63	-2480.07	-2532.63	0	0	0	0	0	
1500	82.2384	-2534.09	-2478.7	-2534.09	0	0	0	0	0	
1510	88.2371	-2537.17	-2477.74	-2537.17	0	0	0	0	0	
1520	90.9826	-2539.15	-2477.87	-2539.15	0	0	0	0	0	
1530	96.5369	-2543.99	-2478.97	-2543.99	0	0	0	0	0	
1540	101.572	-2549.47	-2481.07	-2549.47	0	0	0	0	0	
1550	104.801	-2554.56	-2483.98	-2554.56	0	0	0	0	0	
1560	110.82	-2562.85	-2488.21	-2562.85	0	0	0	0	0	
1570	112.089	-2569.36	-2493.88	-2569.36	0	0	0	0	0	
1580	110.81	-2573.76	-2499.13	-2573.76	0	0	0	0	0	
1590	111.402	-2579.85	-2504.82	-2579.85	0	0	0	0	0	
1600	105.589	-2580.49	-2509.38	-2580.49	0	0	0	0	0	
1610	101.385	-2579.62	-2511.34	-2579.62	0	0	0	0	0	
1620	97.6132	-2578.01	-2512.27	-2578.01	0	0	0	0	0	
1630	92.4856	-2574.51	-2512.22	-2574.51	0	0	0	0	0	
1640	94.3412	-2574.67	-2511.13	-2574.67	0	0	0	0	0	
1650	98.6202	-2577.55	-2511.13	-2577.55	0	0	0	0	0	
1660	104.373	-2582.63	-2512.34	-2582.63	0	0	0	0	0	
1670	111.127	-2589.81	-2514.96	-2589.81	0	0	0	0	0	
1680	114.909	-2596.71	-2519.32	-2596.71	0	0	0	0	0	
1690	116.378	-2602.46	-2524.08	-2602.46	0	0	0	0	0	
1700	116.867	-2608.32	-2529.62	-2608.32	0	0	0	0	0	
1710	113.188	-2609.11	-2532.88	-2609.11	0	0	0	0	0	
1720	112.611	-2611.52	-2535.67	-2611.52	0	0	0	0	0	
1730	108.989	-2611.48	-2538.08	-2611.48	0	0	0	0	0	
1740	105.842	-2610.17	-2538.89	-2610.17	0	0	0	0	0	
1750	104.794	-2610.1	-2539.52	-2610.1	0	0	0	0	0	
1760	100.631	-2608.18	-2540.41	-2608.18	0	0	0	0	0	
1770	98.0863	-2606	-2539.94	-2606	0	0	0	0	0	
1780	96.7799	-2604.28	-2539.1	-2604.28	0	0	0	0	0	
1790	92.689	-2599.73	-2537.3	-2599.73	0	0	0	0	0	
1800	89.2955	-2594.96	-2534.82	-2594.96	0	0	0	0	0	
1810	85.4113	-2587.01	-2529.48	-2587.01	0	0	0	0	0	
1820	77.9269	-2575.22	-2522.74	-2575.22	0	0	0	0	0	
1830	74.802	-2564.66	-2514.28	-2564.66	0	0	0	0	0	
1840	72.5673	-2554.45	-2505.58	-2554.45	0	0	0	0	0	
1850	74.5264	-2547.12	-2496.93	-2547.12	0	0	0	0	0	
1860	80.2111	-2543.38	-2489.36	-2543.38	0	0	0	0	0	
1870	83.6831	-2539.37	-2483.01	-2539.37	0	0	0	0	0	
1880	87.3723	-2536.16	-2477.31	-2536.16	0	0	0	0	0	
1890	91.2987	-2533.87	-2472.39	-2533.87	0	0	0	0	0	
1900	97.6789	-2534.06	-2468.27	-2534.06	0	0	0	0	0	
1910	105.939	-2535.91	-2464.56	-2535.91	0	0	0	0	0	
1920	115.748	-2541.57	-2463.61	-2541.57	0	0	0	0	0	
1930	121.111	-2546.49	-2464.92	-2546.49	0	0	0	0	0	
1940	124.119	-2550.67	-2467.08	-2550.67	0	0	0	0	0	
1950	125.297	-2554.14	-2469.76	-2554.14	0	0	0	0	0	
1960	125.429	-2557.07	-2472.6	-2557.07	0	0	0	0	0	
1970	125.699	-2560.03	-2475.37	-2560.03	0	0	0	0	0	
1980	127.484	-2564.56	-2478.7	-2564.56	0	0	0	0	0	
1990	128.016	-2568.77	-2482.56	-2568.77	0	0	0	0	0	
2000	126.762	-2571.18	-2485.8	-2571.18	0	0	0	0	0	
2010	125.849	-2571.93	-2487.18	-2571.93	0	0	0	0	0	
2020	122.943	-2571.01	-2488.21	-2571.01	0	0	0	0	0	
2030	120.201	-2569.68	-2488.73	-2569.68	0	0	0	0	0	
2040	116.06	-2567.03	-2488.87	-2567.03	0	0	0	0	0	
2050	113.729	-2564.21	-2487.61	-2564.21	0	0	0	0	0	
2060	110.185	-2560.43	-2486.23	-2560.43	0	0	0	0	0	
2070	107.361	-2556.09	-2483.78	-2556.09	0	0	0	0	0	
2080	108.497	-2553.81	-2480.74	-2553.81	0	0	0	0	0	
2090	110.727	-2552.77	-2478.2	-2552.77	0	0	0	0	0	
2100	115.741	-2554.51	-2476.56	-2554.51	0	0	0	0	0	
2110	126.251	-2559.73	-2474.7	-2559.73	0	0	0	0	0	
2120	128.916	-2561.94	-2475.12	-2561.94	0	0	0	0	0	
2130	132.526	-2566.32	-2477.07	-2566.32	0	0	0	0	0	
2140	132.451	-2568.02	-2478.81	-2568.02	0	0	0	0	0	
2150	128.301	-2566.7	-2480.29	-2566.7	0	0	0	0	0	
2160	124.145	-2563.85	-2480.24	-2563.85	0	0	0	0	0	
2170	117.309	-2558.09	-2479.09	-2558.09	0	0	0	0	0	
2180	113.768	-2553.22	-2476.6	-2553.22	0	0	0	0	0	
2190	116.212	-2551.97	-2473.71	-2551.97	0	0	0	0	0	
2200	118.172	-2551.09	-2471.5	-2551.09	0	0	0	0	0	
2210	126.513	-2553.94	-2468.74	-2553.94	0	0	0	0	0	
2220	133.172	-2557.52	-2467.83	-2557.52	0	0	0	0	0	
2230	136.562	-2560.73	-2468.76	-2560.73	0	0	0	0	0	
2240	141.014	-2565.39	-2470.42	-2565.39	0	0	0	0	0	
2250	139.757	-2566.28	-2472.16	-2566.28	0	0	0	0	0	
2260	139.725	-2568.09	-2473.99	-2568.09	0	0	0	0	0	
2270	137.787	-2568.6	-2475.8	-2568.6	0	0	0	0	0	
2280	136.203	-2568.86	-2477.13	-2568.86	0	0	0	0	0	
2290	136.532	-2570.03	-2478.08	-2570.03	0	0	0	0	0	
2300	136.294	-2571.27	-2479.48	-2571.27	0	0	0	0	0	
2310	136.313	-2570.83	-2479.03	-2570.83	0	0	0	0	0	
2320	134.736	-2569.07	-2478.33	-2569.07	0	0	0	0	0	
2330	129.54	-2563.79	-2476.54	-2563.79	0	0	0	0	0	
2340	126.09	-2558.84	-2473.92	-2558.84	0	0	0	0	0	
2350	124.371	-2554.67	-2470.91	-2554.67	0	0	0	0	0	
2360	123.963	-2550.79	-2467.31	-2550.79	0	0	0	0	0	
2370	126.496	-2549.09	-2463.89	-2549.09	0	0	0	0	0	
2380	128.378	-2547.3	-2460.84	-2547.3	0	0	0	0	0	
2390	131.714	-2547.72	-2459.01	-2547.72	0	0	0	0	0	
2400	128.617	-2544.28	-2457.66	-2544.28	0	0	0	0	0	
2410	131.07	-2542.2	-2453.93	-2542.2	0	0	0	0	0	
2420	136.287	-2543.13	-2451.34	-2543.13	0	0	0	0	0	
2430	145.707	-2548.38	-2450.25	-2548.38	0	0	0	0	0	
2440	157.472	-2557.5	-2451.44	-2557.5	0	0	0	0	0	
2450	162.221	-2564.63	-2455.38	-2564.63	0	0	0	0	0	
2460	159.375	-2567.17	-2459.83	-2567.17	0	0	0	0	0	
2470	153.119	-2566.08	-2462.96	-2566.08	0	0	0	0	0	
2480	145.874	-2562.44	-2464.2	-2562.44	0	0	0	0	0	
2490	139.078	-2557.05	-2463.38	-2557.05	0	0	0	0	0	
2500	135.572	-2552.87	-2461.56	-2552.87	0	0	0	0	0	
2510	132.798	-2547.73	-2458.29	-2547.73	0	0	0	0	0	
2520	129.734	-2540.99	-2453.62	-2540.99	0	0	0	0	0	
2530	122.395	-2530.48	-2448.05	-2530.48	0	0	0	0	0	
2540	119.254	-2520.64	-2440.32	-2520.64	0	0	0	0	0	
2550	116.583	-2510.96	-2432.45	-2510.96	0	0	0	0	0	
2560	120.856	-2505.33	-2423.94	-2505.33	0	0	0	0	0	
2570	134.013	-2508.15	-2417.9	-2508.15	0	0	0	0	0	
2580	140.24	-2509.31	-2414.86	-2509.31	0	0	0	0	0	
2590	147.241	-2512.38	-2413.21	-2512.38	0	0	0	0	0	
2600	150.526	-2513.6	-2412.22	-2513.6	0	0	0	0	0	
2610	146.863	-2509.51	-2410.6	-2509.51	0	0	0	0	0	
2620	145.616	-2505.61	-2407.54	-2505.61	0	0	0	0	0	
2630	142.639	-2500.86	-2404.79	-2500.86	0	0	0	0	0	
2640	141.401	-2497.36	-2402.13	-2497.36	0	0	0	0	0	
2650	147.177	-2497.91	-2398.79	-2497.91	0	0	0	0	0	
2660	152.158	-2499.35	-2396.87	-2499.35	0	0	0	0	0	
2670	162.272	-2506.79	-2397.5	-2506.79	0	0	0	0	0	
2680	171.343	-2515.56	-2400.16	-2515.56	0	0	0	0	0	
2690	172.879	-2521.12	-2404.69	-2521.12	0	0	0	0	0	
2700	171.946	-2524.8	-2409	-2524.8	0	0	0	0	0	
2710	172.614	-2527.66	-2411.41	-2527.66	0	0	0	0	0	
2720	175.246	-2532.95	-2414.92	-2532.95	0	0	0	0	0	
2730	176.611	-2537.32	-2418.38	-2537.32	0	0	0	0	0	
2740	174.069	-2539.07	-2421.84	-2539.07	0	0	0	0	0	
2750	172.33	-2541.31	-2425.25	-2541.31	0	0	0	0	0	
2760	167.231	-2540.1	-2427.47	-2540.1	0	0	0	0	0	
2770	168.926	-2542.99	-2429.23	-2542.99	0	0	0	0	0	
2780	173.404	-2548	-2431.22	-2548	0	0	0	0	0	
2790	177.036	-2553.84	-2434.61	-2553.84	0	0	0	0	0	
2800	179.383	-2559.33	-2438.52	-2559.33	0	0	0	0	0	
2810	180.615	-2563.3	-2441.66	-2563.3	0	0	0	0	0	
2820	179.83	-2566.26	-2445.15	-2566.26	0	0	0	0	0	
2830	179.838	-2568.86	-2447.74	-2568.86	0	0	0	0	0	
2840	177.792	-2571	-2451.26	-2571	0	0	0	0	0	
2850	178.622	-2574.25	-2453.95	-2574.25	0	0	0	0	0	
2860	177.542	-2575.99	-2456.42	-2575.99	0	0	0	0	0	
2870	177.954	-2578.46	-2458.62	-2578.46	0	0	0	0	0	
2880	176.75	-2580.24	-2461.2	-2580.24	0	0	0	0	0	
2890	171.671	-2578.42	-2462.8	-2578.42	0	0	0	0	0	
2900	165.164	-2574.47	-2463.24	-2574.47	0	0	0	0	0	
2910	157.274	-2565.8	-2459.88	-2565.8	0	0	0	0	0	
2920	151.433	-2556.9	-2454.91	-2556.9	0	0	0	0	0	
2930	152.011	-2552.2	-2449.82	-2552.2	0	0	0	0	0	
2940	148.288	-2543.66	-2443.79	-2543.66	0	0	0	0	0	
2950	148.26	-2536.98	-2437.13	-2536.98	0	0	0	0	0	
2960	148.395	-2530.71	-2430.77	-2530.71	0	0	0	0	0	
2970	145.435	-2522.36	-2424.42	-2522.36	0	0	0	0	0	
2980	146.677	-2515.95	-2417.17	-2515.95	0	0	0	0	0	
2990	146.126	-2508.78	-2410.37	-2508.78	0	0	0	0	0	
3000	144.322	-2499.83	-2402.63	-2499.83	0	0	0	0	0	
3010	153.455	-2497.65	-2394.3	-2497.65	0	0	0	0	0	
3020	160.774	-2496.69	-2388.42	-2496.69	0	0	0	0	0	
3030	168.454	-2497.74	-2384.29	-2497.74	0	0	0	0	0	
3040	170.252	-2496.48	-2381.82	-2496.48	0	0	0	0	0	
3050	166.036	-2490.63	-2378.81	-2490.63	0	0	0	0	0	
3060	162.056	-2484.07	-2374.93	-2484.07	0	0	0	0	0	
3070	155.222	-2474.02	-2369.49	-2474.02	0	0	0	0	0	
3080	167.188	-2476.95	-2364.35	-2476.95	0	0	0	0	0	
3090	179.841	-2483.01	-2361.89	-2483.01	0	0	0	0	0	
3100	192.972	-2493.73	-2363.77	-2493.73	0	0	0	0	0	
3110	209.299	-2508.28	-2367.33	-2508.28	0	0	0	0	0	
3120	212.207	-2517.04	-2374.13	-2517.04	0	0	0	0	0	
3130	209.425	-2521.27	-2380.23	-2521.27	0	0	0	0	0	
3140	205.932	-2523.92	-2385.23	-2523.92	0	0	0	0	0	
3150	194.585	-2520.23	-2389.18	-2520.23	0	0	0	0	0	
3160	185.95	-2515.68	-2390.45	-2515.68	0	0	0	0	0	
3170	186.556	-2516.18	-2390.54	-2516.18	0	0	0	0	0	
3180	183.119	-2513.59	-2390.26	-2513.59	0	0	0	0	0	
3190	177.752	-2508.45	-2388.74	-2508.45	0	0	0	0	0	
3200	172.057	-2501.46	-2385.58	-2501.46	0	0	0	0	0	
3210	165.519	-2491.11	-2379.63	-2491.11	0	0	0	0	0	
3220	156.42	-2476.71	-2371.36	-2476.71	0	0	0	0	0	
3230	161.065	-2470.69	-2362.21	-2470.69	0	0	0	0	0	
3240	170.295	-2469.75	-2355.06	-2469.75	0	0	0	0	0	
3250	189.985	-2480.15	-2352.2	-2480.15	0	0	0	0	0	
3260	212.355	-2497.77	-2354.76	-2497.77	0	0	0	0	0	
3270	215.807	-2505.83	-2360.49	-2505.83	0	0	0	0	0	
3280	212.742	-2509.47	-2366.19	-2509.47	0	0	0	0	0	
3290	203.29	-2507.79	-2370.88	-2507.79	0	0	0	0	0	
3300	190.638	-2501.07	-2372.68	-2501.07	0	0	0	0	0	
3310	181.791	-2492.72	-2370.29	-2492.72	0	0	0	0	0	
3320	179.102	-2486.14	-2365.52	-2486.14	0	0	0	0	0	
3330	178.524	-2480.25	-2360.02	-2480.25	0	0	0	0	0	
3340	185.796	-2481.5	-2356.37	-2481.5	0	0	0	0	0	
3350	181.498	-2475.53	-2353.3	-2475.53	0	0	0	0	0	
3360	190.362	-2477.9	-2349.7	-2477.9	0	0	0	0	0	
3370	193.579	-2478.58	-2348.21	-2478.58	0	0	0	0	0	
3380	197.028	-2480.41	-2347.71	-2480.41	0	0	0	0	0	
3390	202.69	-2484.38	-2347.87	-2484.38	0	0	0	0	0	
3400	202.524	-2486.04	-2349.65	-2486.04	0	0	0	0	0	
3410	202.817	-2486.35	-2349.76	-2486.35	0	0	0	0	0	
3420	207.402	-2490.05	-2350.37	-2490.05	0	0	0	0	0	
3430	204.353	-2488.45	-2350.82	-2488.45	0	0	0	0	0	
3440	210.837	-2493.76	-2351.76	-2493.76	0	0	0	0	0	
3450	216.572	-2500.2	-2354.34	-2500.2	0	0	0	0	0	
3460	217.354	-2504.39	-2358.01	-2504.39	0	0	0	0	0	
3470	223.594	-2512.59	-2362	-2512.59	0	0	0	0	0	
3480	226.02	-2519.64	-2367.43	-2519.64	0	0	0	0	0	
3490	224.492	-2524.42	-2373.23	-2524.42	0	0	0	0	0	
3500	223.986	-2529.3	-2378.45	-2529.3	0	0	0	0	0	
3510	212.319	-2524.15	-2381.16	-2524.15	0	0	0	0	0	
3520	198.915	-2513.98	-2380.02	-2513.98	0	0	0	0	0	
3530	194.474	-2507.16	-2376.19	-2507.16	0	0	0	0	0	
3540	189.288	-2499.19	-2371.71	-2499.19	0	0	0	0	0	
3550	190.416	-2494.94	-2366.7	-2494.94	0	0	0	0	0	
3560	194.766	-2494.02	-2362.85	-2494.02	0	0	0	0	0	
3570	192.593	-2488.39	-2358.68	-2488.39	0	0	0	0	0	
3580	197.577	-2487.73	-2354.67	-2487.73	0	0	0	0	0	
3590	209.627	-2494.27	-2353.09	-2494.27	0	0	0	0	0	
3600	209.765	-2494.68	-2353.41	-2494.68	0	0	0	0	0	
3610	209.611	-2493.23	-2352.06	-2493.23	0	0	0	0	0	
3620	192.779	-2478.69	-2348.86	-2478.69	0	0	0	0	0	
3630	181.248	-2462.84	-2340.77	-2462.84	0	0	0	0	0	
3640	185.47	-2457.28	-2332.37	-2457.28	0	0	0	0	0	
3650	196.448	-2458.7	-2326.4	-2458.7	0	0	0	0	0	
3660	211.602	-2465.63	-2323.13	-2465.63	0	0	0	0	0	
3670	211.919	-2465.64	-2322.91	-2465.64	0	0	0	0	0	
3680	193.596	-2449.63	-2319.24	-2449.63	0	0	0	0	0	
3690	184.877	-2436.8	-2312.29	-2436.8	0	0	0	0	0	
3700	177.715	-2422.77	-2303.09	-2422.77	0	0	0	0	0	
3710	178.905	-2412.49	-2292	-2412.49	0	0	0	0	0	
3720	202.548	-2419.63	-2283.22	-2419.63	0	0	0	0	0	
3730	221.978	-2429.95	-2280.45	-2429.95	0	0	0	0	0	
3740	244.055	-2447.24	-2282.88	-2447.24	0	0	0	0	0	
3750	252.482	-2460.08	-2290.04	-2460.08	0	0	0	0	0	
3760	253.636	-2468.33	-2297.52	-2468.33	0	0	0	0	0	
3770	252.721	-2476.05	-2305.84	-2476.05	0	0	0	0	0	
3780	234.868	-2469.41	-2311.23	-2469.41	0	0	0	0	0	
3790	209.954	-2452.57	-2311.17	-2452.57	0	0	0	0	0	
3800	199.509	-2440.1	-2305.73	-2440.1	0	0	0	0	0	
3810	199.316	-2432.25	-2298.02	-2432.25	0	0	0	0	0	
3820	214.988	-2437.66	-2292.87	-2437.66	0	0	0	0	0	
3830	231.302	-2446.91	-2291.13	-2446.91	0	0	0	0	0	
3840	238.209	-2453.56	-2293.13	-2453.56	0	0	0	0	0	
3850	241.056	-2458.12	-2295.78	-2458.12	0	0	0	0	0	
3860	242.48	-2462.62	-2299.32	-2462.62	0	0	0	0	0	
3870	238.943	-2463.52	-2302.59	-2463.52	0	0	0	0	0	
3880	240.268	-2466.93	-2305.12	-2466.93	0	0	0	0	0	
3890	248.454	-2476.98	-2309.65	-2476.98	0	0	0	0	0	
3900	251.633	-2484.72	-2315.25	-2484.72	0	0	0	0	0	
3910	257.248	-2494.44	-2321.19	-2494.44	0	0	0	0	0	
3920	256.89	-2499.94	-2326.94	-2499.94	0	0	0	0	0	
3930	253.296	-2503.41	-2332.82	-2503.41	0	0	0	0	0	
3940	248.922	-2505	-2337.36	-2505	0	0	0	0	0	
3950	238.168	-2500.28	-2339.88	-2500.28	0	0	0	0	0	
3960	226.781	-2491.99	-2339.26	-2491.99	0	0	0	0	0	
3970	208.307	-2475.95	-2335.66	-2475.95	0	0	0	0	0	
3980	208.4	-2469.22	-2328.86	-2469.22	0	0	0	0	0	
3990	215.977	-2468.37	-2322.92	-2468.37	0	0	0	0	0	
4000	218.031	-2465.27	-2318.43	-2465.27	0	0	0	0	0	
4010	225.681	-2465.52	-2313.53	-2465.52	0	0	0	0	0	
4020	233.973	-2468.02	-2310.44	-2468.02	0	0	0	0	0	
4030	233.575	-2466.35	-2309.05	-2466.35	0	0	0	0	0	
4040	242.831	-2471.47	-2307.93	-2471.47	0	0	0	0	0	
4050	246.705	-2475.57	-2309.42	-2475.57	0	0	0	0	0	
4060	235.848	-2469.81	-2310.97	-2469.81	0	0	0	0	0	
4070	222.575	-2458.38	-2308.49	-2458.38	0	0	0	0	0	
4080	220.036	-2452.41	-2304.22	-2452.41	0	0	0	0	0	
4090	227.297	-2453.77	-2300.69	-2453.77	0	0	0	0	0	
4100	241.832	-2462	-2299.13	-2462	0	0	0	0	0	
4110	241.862	-2460.78	-2297.89	-2460.78	0	0	0	0	0	
4120	242.03	-2459.89	-2296.89	-2459.89	0	0	0	0	0	
4130	236.793	-2455.17	-2295.69	-2455.17	0	0	0	0	0	
4140	225.443	-2444.12	-2292.29	-2444.12	0	0	0	0	0	
4150	228.776	-2441.16	-2287.09	-2441.16	0	0	0	0	0	
4160	242.792	-2448.06	-2284.54	-2448.06	0	0	0	0	0	
4170	251.409	-2455.03	-2285.72	-2455.03	0	0	0	0	0	
4180	261.557	-2464.52	-2288.36	-2464.52	0	0	0	0	0	
4190	264.035	-2470.4	-2292.58	-2470.4	0	0	0	0	0	
4200	258.003	-2470.14	-2296.39	-2470.14	0	0	0	0	0	
4210	254.412	-2468.45	-2297.11	-2468.45	0	0	0	0	0	
4220	251.728	-2467.07	-2297.54	-2467.07	0	0	0	0	0	
4230	253.169	-2468.16	-2297.66	-2468.16	0	0	0	0	0	
4240	252.982	-2467.53	-2297.15	-2467.53	0	0	0	0	0	
4250	252.093	-2466.43	-2296.65	-2466.43	0	0	0	0	0	
4260	258.581	-2472.09	-2297.95	-2472.09	0	0	0	0	0	
4270	250.332	-2467.61	-2299.02	-2467.61	0	0	0	0	0	
4280	244.974	-2462.49	-2297.5	-2462.49	0	0	0	0	0	
4290	251.525	-2466.12	-2296.72	-2466.12	0	0	0	0	0	
4300	255.734	-2469.92	-2297.69	-2469.92	0	0	0	0	0	
4310	251.955	-2466.45	-2296.76	-2466.45	0	0	0	0	0	
4320	240.137	-2455.31	-2293.59	-2455.31	0	0	0	0	0	
4330	233.176	-2444.82	-2287.78	-2444.82	0	0	0	0	0	
4340	240.805	-2443.98	-2281.8	-2443.98	0	0	0	0	0	
4350	265.827	-2459.99	-2280.96	-2459.99	0	0	0	0	0	
4360	270.426	-2465.81	-2283.69	-2465.81	0	0	0	0	0	
4370	283.066	-2479.4	-2288.76	-2479.4	0	0	0	0	0	
4380	263.711	-2470.98	-2293.38	-2470.98	0	0	0	0	0	
4390	237.15	-2450.07	-2290.35	-2450.07	0	0	0	0	0	
4400	228.621	-2437.66	-2283.69	-2437.66	0	0	0	0	0	
4410	218.116	-2420.58	-2273.69	-2420.58	0	0	0	0	0	
4420	229.74	-2417.73	-2263.01	-2417.73	0	0	0	0	0	
4430	239.27	-2417.37	-2256.23	-2417.37	0	0	0	0	0	
4440	237.282	-2409.87	-2250.07	-2409.87	0	0	0	0	0	
4450	271.259	-2429.57	-2246.88	-2429.57	0	0	0	0	0	
4460	299.802	-2454.46	-2252.55	-2454.46	0	0	0	0	0	
4470	298.999	-2463.78	-2262.41	-2463.78	0	0	0	0	0	
4480	290.263	-2465.52	-2270.03	-2465.52	0	0	0	0	0	
4490	288.253	-2470.46	-2276.33	-2470.46	0	0	0	0	0	
4500	285.378	-2474.83	-2282.64	-2474.83	0	0	0	0	0	
4510	285.518	-2479.4	-2287.11	-2479.4	0	0	0	0	0	
4520	259.506	-2462.77	-2288	-2462.77	0	0	0	0	0	
4530	240.481	-2444.86	-2282.9	-2444.86	0	0	0	0	0	
4540	245.876	-2441.14	-2275.54	-2441.14	0	0	0	0	0	
4550	260.51	-2446.23	-2270.78	-2446.23	0	0	0	0	0	
4560	275.066	-2455.56	-2270.31	-2455.56	0	0	0	0	0	
4570	275.182	-2457.47	-2272.14	-2457.47	0	0	0	0	0	
4580	274.506	-2458.08	-2273.21	-2458.08	0	0	0	0	0	
4590	283.647	-2466.76	-2275.74	-2466.76	0	0	0	0	0	
4600	292.029	-2476.72	-2280.04	-2476.72	0	0	0	0	0	
4610	295.095	-2483.51	-2284.78	-2483.51	0	0	0	0	0	
4620	305.182	-2495.6	-2290.07	-2495.6	0	0	0	0	0	
4630	312.442	-2508.99	-2298.57	-2508.99	0	0	0	0	0	
4640	308.054	-2514.18	-2306.71	-2514.18	0	0	0	0	0	
4650	285.189	-2504.87	-2312.8	-2504.87	0	0	0	0	0	
4660	268.609	-2492.69	-2311.79	-2492.69	0	0	0	0	0	
4670	270.983	-2492.46	-2309.96	-2492.46	0	0	0	0	0	
4680	272.385	-2492.62	-2309.18	-2492.62	0	0	0	0	0	
4690	266.082	-2486.14	-2306.94	-2486.14	0	0	0	0	0	
4700	269.999	-2486.63	-2304.79	-2486.63	0	0	0	0	0	
4710	273.781	-2487.32	-2302.94	-2487.32	0	0	0	0	0	
4720	275.446	-2487.18	-2301.68	-2487.18	0	0	0	0	0	
4730	267.2	-2479.11	-2299.16	-2479.11	0	0	0	0	0	
4740	281.466	-2485.73	-2296.17	-2485.73	0	0	0	0	0	
4750	291.342	-2493.52	-2297.31	-2493.52	0	0	0	0	0	
4760	289.661	-2494.18	-2299.1	-2494.18	0	0	0	0	0	
4770	278.781	-2487.5	-2299.75	-2487.5	0	0	0	0	0	
4780	267.835	-2478.22	-2297.84	-2478.22	0	0	0	0	0	
4790	264.295	-2471.24	-2293.24	-2471.24	0	0	0	0	0	
4800	244.916	-2452.27	-2287.33	-2452.27	0	0	0	0	0	
4810	231.634	-2431.14	-2275.14	-2431.14	0	0	0	0	0	
4820	251.781	-2431.99	-2262.42	-2431.99	0	0	0	0	0	
4830	281.288	-2447.26	-2257.82	-2447.26	0	0	0	0	0	
4840	288.614	-2452.14	-2257.76	-2452.14	0	0	0	0	0	
4850	266.356	-2434.5	-2255.12	-2434.5	0	0	0	0	0	
4860	258.203	-2423.21	-2249.32	-2423.21	0	0	0	0	0	
4870	250.023	-2408.66	-2240.28	-2408.66	0	0	0	0	0	
4880	257.23	-2404.24	-2231	-2404.24	0	0	0	0	0	
4890	277.642	-2412.52	-2225.53	-2412.52	0	0	0	0	0	
4900	290.289	-2419.87	-2224.37	-2419.87	0	0	0	0	0	
4910	292.754	-2421.37	-2224.21	-2421.37	0	0	0	0	0	
4920	307.223	-2432.05	-2225.14	-2432.05	0	0	0	0	0	
4930	316.016	-2442.69	-2229.87	-2442.69	0	0	0	0	0	
4940	311.622	-2445.49	-2235.62	-2445.49	0	0	0	0	0	
4950	320.642	-2456.4	-2240.45	-2456.4	0	0	0	0	0	
4960	339.692	-2478.64	-2249.86	-2478.64	0	0	0	0	0	
4970	338.737	-2489.16	-2261.03	-2489.16	0	0	0	0	0	
4980	324.873	-2489.89	-2271.09	-2489.89	0	0	0	0	0	
4990	301.778	-2480.15	-2276.91	-2480.15	0	0	0	0	0	
5000	282.473	-2466.69	-2276.46	-2466.69	0	0	0	0	0	
5010	260.977	-2451.13	-2275.37	-2451.13	0	0	0	0	0	
5020	256.889	-2447.09	-2274.08	-2447.09	0	0	0	0	0	
5030	263.575	-2450.43	-2272.92	-2450.43	0	0	0	0	0	
5040	267.627	-2452.49	-2272.25	-2452.49	0	0	0	0	0	
5050	254.133	-2442.11	-2270.96	-2442.11	0	0	0	0	0	
5060	252.959	-2439.71	-2269.35	-2439.71	0	0	0	0	0	
5070	266.611	-2447.74	-2268.19	-2447.74	0	0	0	0	0	
5080	269.604	-2448.27	-2266.69	-2448.27	0	0	0	0	0	
5090	269.052	-2446.38	-2265.18	-2446.38	0	0	0	0	0	
5100	270.577	-2446.19	-2263.97	-2446.19	0	0	0	0	0	
5110	277.203	-2450.77	-2264.08	-2450.77	0	0	0	0	0	
5120	267.616	-2443.82	-2263.59	-2443.82	0	0	0	0	0	
5130	269.899	-2444.12	-2262.35	-2444.12	0	0	0	0	0	
5140	308.156	-2469.63	-2262.09	-2469.63	0	0	0	0	0	
5150	345.187	-2495.8	-2263.32	-2495.8	0	0	0	0	0	
5160	338.303	-2492.38	-2264.54	-2492.38	0	0	0	0	0	
5170	322.71	-2483.14	-2265.8	-2483.14	0	0	0	0	0	
5180	331.649	-2490.13	-2266.77	-2490.13	0	0	0	0	0	
5190	324.794	-2486.55	-2267.81	-2486.55	0	0	0	0	0	
5200	331.716	-2491.9	-2268.49	-2491.9	0	0	0	0	0	
5210	341.84	-2500.62	-2270.4	-2500.62	0	0	0	0	0	
5220	335.133	-2496.89	-2271.18	-2496.89	0	0	0	0	0	
5230	317.598	-2485.95	-2272.06	-2485.95	0	0	0	0	0	
5240	277.271	-2458.11	-2271.38	-2458.11	0	0	0	0	0	
5250	237.444	-2429.89	-2269.97	-2429.89	0	0	0	0	0	
5260	225.451	-2419.38	-2267.54	-2419.38	0	0	0	0	0	
5270	232.023	-2421.61	-2265.34	-2421.61	0	0	0	0	0	
5280	239.902	-2425	-2263.44	-2425	0	0	0	0	0	
5290	257.379	-2434.68	-2261.35	-2434.68	0	0	0	0	0	
5300	288.745	-2455.32	-2260.86	-2455.32	0	0	0	0	0	
5310	307.411	-2467.82	-2260.79	-2467.82	0	0	0	0	0	
5320	314.12	-2473.15	-2261.6	-2473.15	0	0	0	0	0	
5330	294.636	-2460.56	-2262.13	-2460.56	0	0	0	0	0	
5340	260.652	-2436.73	-2261.19	-2436.73	0	0	0	0	0	
5350	267.071	-2439.08	-2259.21	-2439.08	0	0	0	0	0	
5360	274.902	-2443.88	-2258.74	-2443.88	0	0	0	0	0	
5370	263.328	-2434.67	-2257.32	-2434.67	0	0	0	0	0	
5380	264.482	-2434.61	-2256.49	-2434.61	0	0	0	0	0	
5390	268.176	-2435.57	-2254.96	-2435.57	0	0	0	0	0	
5400	272.85	-2437.63	-2253.87	-2437.63	0	0	0	0	0	
5410	278.72	-2440.23	-2252.52	-2440.23	0	0	0	0	0	
5420	271.647	-2434.89	-2251.94	-2434.89	0	0	0	0	0	
5430	295.45	-2450.45	-2251.47	-2450.45	0	0	0	0	0	
5440	310.57	-2460.93	-2251.77	-2460.93	0	0	0	0	0	
5450	288.82	-2446.49	-2251.97	-2446.49	0	0	0	0	0	
5460	292.787	-2448.26	-2251.07	-2448.26	0	0	0	0	0	
5470	308.147	-2459.15	-2251.62	-2459.15	0	0	0	0	0	
5480	297.127	-2451.7	-2251.59	-2451.7	0	0	0	0	0	
5490	276.564	-2437	-2250.74	-2437	0	0	0	0	0	
5500	249.643	-2418.49	-2250.36	-2418.49	0	0	0	0	0	
5510	240.768	-2410.16	-2248.01	-2410.16	0	0	0	0	0	
5520	236.392	-2405.47	-2246.27	-2405.47	0	0	0	0	0	
5530	234.726	-2401.77	-2243.69	-2401.77	0	0	0	0	0	
5540	265.418	-2421.27	-2242.52	-2421.27	0	0	0	0	0	
5550	317.428	-2455.99	-2242.21	-2455.99	0	0	0	0	0	
5560	326.752	-2463.05	-2242.99	-2463.05	0	0	0	0	0	
5570	311.667	-2452.75	-2242.85	-2452.75	0	0	0	0	0	
5580	298.499	-2444.49	-2243.46	-2444.49	0	0	0	0	0	
5590	282.735	-2434.01	-2243.6	-2434.01	0	0	0	0	0	
5600	274.865	-2428.05	-2242.93	-2428.05	0	0	0	0	0	
5610	279.853	-2430.27	-2241.79	-2430.27	0	0	0	0	0	
5620	303.015	-2445.64	-2241.57	-2445.64	0	0	0	0	0	
5630	342.956	-2473.5	-2242.53	-2473.5	0	0	0	0	0	
5640	363.688	-2488.93	-2244	-2488.93	0	0	0	0	0	
5650	325.542	-2464.79	-2245.54	-2464.79	0	0	0	0	0	
5660	257.879	-2418.72	-2245.05	-2418.72	0	0	0	0	0	
5670	237.079	-2402.85	-2243.18	-2402.85	0	0	0	0	0	
5680	254.084	-2412.25	-2241.13	-2412.25	0	0	0	0	0	
5690	286.496	-2433.34	-2240.4	-2433.34	0	0	0	0	0	
5700	293.747	-2438.39	-2240.56	-2438.39	0	0	0	0	0	
5710	302.488	-2444.3	-2240.58	-2444.3	0	0	0	0	0	
5720	341.776	-2471.23	-2241.06	-2471.23	0	0	0	0	0	
5730	347.91	-2476.88	-2242.57	-2476.88	0	0	0	0	0	
5740	332.238	-2467.78	-2244.03	-2467.78	0	0	0	0	0	
5750	305.094	-2449.97	-2244.5	-2449.97	0	0	0	0	0	
5760	304.779	-2450.17	-2244.91	-2450.17	0	0	0	0	0	
5770	296.789	-2444.38	-2244.5	-2444.38	0	0	0	0	0	
5780	297.765	-2444.67	-2244.13	-2444.67	0	0	0	0	0	
5790	319.586	-2460.38	-2245.15	-2460.38	0	0	0	0	0	
5800	321.27	-2462.02	-2245.65	-2462.02	0	0	0	0	0	
5810	302.509	-2449.27	-2245.54	-2449.27	0	0	0	0	0	
5820	268.433	-2425.39	-2244.6	-2425.39	0	0	0	0	0	
5830	236.638	-2402.4	-2243.03	-2402.4	0	0	0	0	0	
5840	212.131	-2383.73	-2240.86	-2383.73	0	0	0	0	0	
5850	223.156	-2388.13	-2237.84	-2388.13	0	0	0	0	0	
5860	283.578	-2426.92	-2235.94	-2426.92	0	0	0	0	0	
5870	344.432	-2468.33	-2236.36	-2468.33	0	0	0	0	0	
5880	366.48	-2485.72	-2238.91	-2485.72	0	0	0	0	0	
5890	360.059	-2483.67	-2241.18	-2483.67	0	0	0	0	0	
5900	326.793	-2462.91	-2242.82	-2462.91	0	0	0	0	0	
5910	287.739	-2437	-2243.21	-2437	0	0	0	0	0	
5920	260.487	-2417.72	-2242.29	-2417.72	0	0	0	0	0	
5930	259.889	-2415.65	-2240.62	-2415.65	0	0	0	0	0	
5940	305.785	-2445.99	-2240.05	-2445.99	0	0	0	0	0	
5950	341.164	-2470.87	-2241.11	-2470.87	0	0	0	0	0	
5960	313.166	-2452.93	-2242.02	-2452.93	0	0	0	0	0	
5970	271.072	-2424.63	-2242.07	-2424.63	0	0	0	0	0	
5980	251.641	-2410.01	-2240.53	-2410.01	0	0	0	0	0	
5990	255.988	-2411.61	-2239.21	-2411.61	0	0	0	0	0	
6000	264.882	-2415.76	-2237.37	-2415.76	0	0	0	0	0	
6010	278.674	-2424.73	-2237.05	-2424.73	0	0	0	0	0	
6020	290.852	-2432.18	-2236.29	-2432.18	0	0	0	0	0	
6030	286.44	-2428.7	-2235.79	-2428.7	0	0	0	0	0	
6040	278.996	-2423.34	-2235.44	-2423.34	0	0	0	0	0	
6050	261.727	-2411.17	-2234.9	-2411.17	0	0	0	0	0	
6060	244.188	-2397.88	-2233.43	-2397.88	0	0	0	0	0	
6070	254.527	-2402.7	-2231.28	-2402.7	0	0	0	0	0	
6080	286.56	-2423.12	-2230.13	-2423.12	0	0	0	0	0	
6090	298.328	-2430.97	-2230.05	-2430.97	0	0	0	0	0	
6100	325.357	-2449.69	-2230.57	-2449.69	0	0	0	0	0	
6110	375.188	-2485.52	-2232.84	-2485.52	0	0	0	0	0	
6120	380.181	-2491.59	-2235.55	-2491.59	0	0	0	0	0	
6130	349.501	-2473.21	-2237.83	-2473.21	0	0	0	0	0	
6140	314.484	-2450.49	-2238.69	-2450.49	0	0	0	0	0	
6150	301.954	-2442.81	-2239.45	-2442.81	0	0	0	0	0	
6160	303.676	-2443.91	-2239.4	-2443.91	0	0	0	0	0	
6170	292.283	-2435.93	-2239.08	-2435.93	0	0	0	0	0	
6180	275.64	-2424.07	-2238.43	-2424.07	0	0	0	0	0	
6190	286.012	-2430.84	-2238.22	-2430.84	0	0	0	0	0	
6200	299.71	-2439.92	-2238.07	-2439.92	0	0	0	0	0	
6210	313.269	-2448.95	-2237.97	-2448.95	0	0	0	0	0	
6220	348.832	-2473.87	-2238.94	-2473.87	0	0	0	0	0	
6230	380.436	-2497.63	-2241.42	-2497.63	0	0	0	0	0	
6240	364.502	-2489.52	-2244.04	-2489.52	0	0	0	0	0	
6250	339.367	-2474.07	-2245.51	-2474.07	0	0	0	0	0	
6260	312.821	-2456.48	-2245.8	-2456.48	0	0	0	0	0	
6270	318.801	-2461.67	-2246.97	-2461.67	0	0	0	0	0	
6280	331.707	-2471.33	-2247.93	-2471.33	0	0	0	0	0	
6290	295.064	-2447.1	-2248.39	-2447.1	0	0	0	0	0	
6300	280.149	-2436.51	-2247.83	-2436.51	0	0	0	0	0	
6310	294.813	-2446.34	-2247.79	-2446.34	0	0	0	0	0	
6320	296.479	-2446.56	-2246.89	-2446.56	0	0	0	0	0	
6330	289.931	-2442.53	-2247.27	-2442.53	0	0	0	0	0	
6340	264.99	-2424.54	-2246.08	-2424.54	0	0	0	0	0	
6350	247.829	-2411.36	-2244.45	-2411.36	0	0	0	0	0	
6360	269.787	-2425.02	-2243.32	-2425.02	0	0	0	0	0	
6370	271.272	-2425.25	-2242.55	-2425.25	0	0	0	0	0	
6380	271.968	-2424.85	-2241.68	-2424.85	0	0	0	0	0	
6390	270.568	-2423.15	-2240.93	-2423.15	0	0	0	0	0	
6400	245.059	-2404.66	-2239.62	-2404.66	0	0	0	0	0	
6410	224.752	-2388.28	-2236.91	-2388.28	0	0	0	0	0	
6420	226.355	-2386.56	-2234.12	-2386.56	0	0	0	0	0	
6430	247.167	-2397.97	-2231.51	-2397.97	0	0	0	0	0	
6440	300.626	-2433.22	-2230.75	-2433.22	0	0	0	0	0	
6450	331.533	-2454.4	-2231.12	-2454.4	0	0	0	0	0	
6460	320.099	-2448.06	-2232.48	-2448.06	0	0	0	0	0	
6470	320.847	-2449.06	-2232.98	-2449.06	0	0	0	0	0	
6480	322.131	-2450.83	-2233.89	-2450.83	0	0	0	0	0	
6490	302.944	-2438.4	-2234.38	-2438.4	0	0	0	0	0	
6500	310.031	-2443.57	-2234.77	-2443.57	0	0	0	0	0	
6510	321.528	-2452.38	-2235.84	-2452.38	0	0	0	0	0	
6520	333.88	-2461.7	-2236.84	-2461.7	0	0	0	0	0	
6530	364.716	-2483.82	-2238.19	-2483.82	0	0	0	0	0	
6540	354.44	-2478.98	-2240.28	-2478.98	0	0	0	0	0	
6550	317.118	-2454.89	-2241.32	-2454.89	0	0	0	0	0	
6560	296.04	-2440.7	-2241.32	-2440.7	0	0	0	0	0	
6570	250.379	-2409.86	-2241.24	-2409.86	0	0	0	0	0	
6580	203.486	-2376.15	-2239.11	-2376.15	0	0	0	0	0	
6590	240.214	-2398.43	-2236.65	-2398.43	0	0	0	0	0	
6600	289.177	-2429.8	-2235.04	-2429.8	0	0	0	0	0	
6610	321.812	-2452.15	-2235.41	-2452.15	0	0	0	0	0	
6620	344.267	-2468.54	-2236.69	-2468.54	0	0	0	0	0	
6630	327.741	-2458.47	-2237.74	-2458.47	0	0	0	0	0	
6640	311.254	-2448.12	-2238.5	-2448.12	0	0	0	0	0	
6650	319.181	-2454.2	-2239.24	-2454.2	0	0	0	0	0	
6660	311.72	-2450.08	-2240.14	-2450.08	0	0	0	0	0	
6670	326.328	-2460.39	-2240.62	-2460.39	0	0	0	0	0	
6680	343.046	-2472.08	-2241.04	-2472.08	0	0	0	0	0	
6690	334.611	-2468.03	-2242.67	-2468.03	0	0	0	0	0	
6700	317.463	-2457.52	-2243.72	-2457.52	0	0	0	0	0	
6710	304.431	-2449.27	-2244.24	-2449.27	0	0	0	0	0	
6720	289.71	-2439.55	-2244.44	-2439.55	0	0	0	0	0	
6730	285.017	-2435.78	-2243.83	-2435.78	0	0	0	0	0	
6740	283.592	-2434.53	-2243.54	-2434.53	0	0	0	0	0	
6750	279.215	-2429.84	-2241.79	-2429.84	0	0	0	0	0	
6760	292.563	-2438.3	-2241.27	-2438.3	0	0	0	0	0	
6770	306.203	-2447.58	-2241.36	-2447.58	0	0	0	0	0	
6780	317.555	-2455.59	-2241.73	-2455.59	0	0	0	0	0	
6790	335.441	-2469.02	-2243.11	-2469.02	0	0	0	0	0	
6800	330.143	-2466.89	-2244.54	-2466.89	0	0	0	0	0	
6810	321.996	-2462.53	-2245.68	-2462.53	0	0	0	0	0	
6820	335.567	-2472.65	-2246.65	-2472.65	0	0	0	0	0	
6830	337.584	-2475.67	-2248.31	-2475.67	0	0	0	0	0	
6840	316.964	-2462.49	-2249.03	-2462.49	0	0	0	0	0	
6850	326.661	-2469.06	-2249.06	-2469.06	0	0	0	0	0	
6860	337.889	-2477.26	-2249.7	-2477.26	0	0	0	0	0	
6870	315.522	-2463.13	-2250.63	-2463.13	0	0	0	0	0	
6880	291.35	-2446.66	-2250.44	-2446.66	0	0	0	0	0	
6890	281.185	-2438.93	-2249.55	-2438.93	0	0	0	0	0	
6900	286.976	-2441.73	-2248.46	-2441.73	0	0	0	0	0	
6910	284.95	-2440.17	-2248.26	-2440.17	0	0	0	0	0	
6920	273.029	-2430.46	-2246.58	-2430.46	0	0	0	0	0	
6930	271.938	-2429.3	-2246.15	-2429.3	0	0	0	0	0	
6940	294.787	-2444.19	-2245.65	-2444.19	0	0	0	0	0	
6950	311.039	-2455.41	-2245.94	-2455.41	0	0	0	0	0	
6960	328.129	-2467.64	-2246.65	-2467.64	0	0	0	0	0	
6970	290.253	-2443.37	-2247.9	-2443.37	0	0	0	0	0	
6980	248.8	-2414.31	-2246.75	-2414.31	0	0	0	0	0	
6990	269.463	-2426.85	-2245.37	-2426.85	0	0	0	0	0	
7000	273.965	-2429.33	-2244.82	-2429.33	0	0	0	0	0	
7010	263.556	-2421.04	-2243.54	-2421.04	0	0	0	0	0	
7020	281.242	-2431.46	-2242.05	-2431.46	0	0	0	0	0	
7030	283.289	-2433.12	-2242.33	-2433.12	0	0	0	0	0	
7040	273.371	-2425.78	-2241.67	-2425.78	0	0	0	0	0	
7050	276.879	-2427.7	-2241.23	-2427.7	0	0	0	0	0	
7060	271.913	-2423.56	-2240.44	-2423.56	0	0	0	0	0	
7070	266.698	-2418.07	-2238.45	-2418.07	0	0	0	0	0	
7080	243.164	-2400.92	-2237.16	-2400.92	0	0	0	0	0	
7090	226.746	-2388.32	-2235.61	-2388.32	0	0	0	0	0	
7100	256.395	-2406.02	-2233.34	-2406.02	0	0	0	0	0	
7110	301.417	-2435.51	-2232.51	-2435.51	0	0	0	0	0	
7120	318.849	-2447.52	-2232.79	-2447.52	0	0	0	0	0	
7130	309.228	-2442.35	-2234.09	-2442.35	0	0	0	0	0	
7140	285.157	-2426.57	-2234.53	-2426.57	0	0	0	0	0	
7150	282.221	-2424.29	-2234.22	-2424.29	0	0	0	0	0	
7160	298.104	-2434.88	-2234.12	-2434.88	0	0	0	0	0	
7170	283.529	-2424.32	-2233.37	-2424.32	0	0	0	0	0	
7180	270.726	-2415.25	-2232.92	-2415.25	0	0	0	0	0	
7190	309.972	-2440.81	-2232.05	-2440.81	0	0	0	0	0	
7200	349.434	-2468.92	-2233.59	-2468.92	0	0	0	0	0	
7210	356.082	-2475.09	-2235.28	-2475.09	0	0	0	0	0	
7220	351.274	-2473.81	-2237.23	-2473.81	0	0	0	0	0	
7230	341.928	-2468.9	-2238.62	-2468.9	0	0	0	0	0	
7240	310.831	-2448.91	-2239.57	-2448.91	0	0	0	0	0	
7250	282.5	-2428.95	-2238.7	-2428.95	0	0	0	0	0	
7260	264.583	-2416.74	-2238.55	-2416.74	0	0	0	0	0	
7270	272.439	-2420.69	-2237.21	-2420.69	0	0	0	0	0	
7280	302.133	-2440.2	-2236.72	-2440.2	0	0	0	0	0	
7290	292.305	-2433.6	-2236.74	-2433.6	0	0	0	0	0	
7300	262.769	-2412.62	-2235.65	-2412.62	0	0	0	0	0	
7310	256.116	-2407.01	-2234.52	-2407.01	0	0	0	0	0	
7320	283.302	-2424.99	-2234.2	-2424.99	0	0	0	0	0	
7330	338.15	-2462.05	-2234.32	-2462.05	0	0	0	0	0	
7340	336.77	-2461.75	-2234.95	-2461.75	0	0	0	0	0	
7350	320.051	-2451.97	-2236.42	-2451.97	0	0	0	0	0	
7360	314.734	-2448.79	-2236.83	-2448.79	0	0	0	0	0	
7370	300.28	-2439.8	-2237.57	-2439.8	0	0	0	0	0	
7380	289.296	-2431.8	-2236.96	-2431.8	0	0	0	0	0	
7390	310.454	-2446.38	-2237.3	-2446.38	0	0	0	0	0	
7400	318.801	-2451.7	-2236.99	-2451.7	0	0	0	0	0	
7410	299.868	-2438.77	-2236.81	-2438.77	0	0	0	0	0	
7420	284.402	-2428.62	-2237.09	-2428.62	0	0	0	0	0	
7430	292.387	-2432.95	-2236.04	-2432.95	0	0	0	0	0	
7440	301.866	-2439.15	-2235.86	-2439.15	0	0	0	0	0	
7450	306.654	-2442.91	-2236.39	-2442.91	0	0	0	0	0	
7460	288.414	-2430.26	-2236.02	-2430.26	0	0	0	0	0	
7470	288.542	-2429.9	-2235.57	-2429.9	0	0	0	0	0	
7480	316.398	-2449.42	-2236.34	-2449.42	0	0	0	0	0	
7490	333.359	-2462.16	-2237.65	-2462.16	0	0	0	0	0	
7500	343.491	-2470.06	-2238.72	-2470.06	0	0	0	0	0	
7510	311.677	-2450.16	-2240.25	-2450.16	0	0	0	0	0	
7520	275.094	-2425.43	-2240.17	-2425.43	0	0	0	0	0	
7530	273.794	-2423.52	-2239.13	-2423.52	0	0	0	0	0	
7540	289.756	-2434.09	-2238.95	-2434.09	0	0	0	0	0	
7550	302.921	-2442.45	-2238.44	-2442.45	0	0	0	0	0	
7560	314.823	-2450.48	-2238.46	-2450.48	0	0	0	0	0	
7570	314.127	-2450.31	-2238.75	-2450.31	0	0	0	0	0	
7580	300.269	-2441.44	-2239.22	-2441.44	0	0	0	0	0	
7590	252.546	-2408.11	-2238.03	-2408.11	0	0	0	0	0	
7600	249.482	-2404.16	-2236.14	-2404.16	0	0	0	0	0	
7610	277.009	-2420.46	-2233.9	-2420.46	0	0	0	0	0	
7620	296.305	-2433.4	-2233.85	-2433.4	0	0	0	0	0	
7630	319.247	-2448.9	-2233.9	-2448.9	0	0	0	0	0	
7640	316.519	-2448.09	-2234.93	-2448.09	0	0	0	0	0	
7650	302.918	-2439.33	-2235.32	-2439.33	0	0	0	0	0	
7660	306.73	-2442.07	-2235.5	-2442.07	0	0	0	0	0	
7670	287.708	-2429.81	-2236.05	-2429.81	0	0	0	0	0	
7680	248.597	-2402.08	-2234.65	-2402.08	0	0	0	0	0	
7690	230.544	-2387.41	-2232.15	-2387.41	0	0	0	0	0	
7700	246.206	-2396.53	-2230.71	-2396.53	0	0	0	0	0	
7710	277.774	-2416.48	-2229.4	-2416.48	0	0	0	0	0	
7720	323.388	-2446.99	-2229.2	-2446.99	0	0	0	0	0	
7730	333.058	-2455.26	-2230.95	-2455.26	0	0	0	0	0	
7740	331.524	-2455.53	-2232.25	-2455.53	0	0	0	0	0	
7750	334.97	-2459.25	-2233.66	-2459.25	0	0	0	0	0	
7760	327.049	-2454.57	-2234.31	-2454.57	0	0	0	0	0	
7770	351.453	-2472.44	-2235.74	-2472.44	0	0	0	0	0	
7780	373.617	-2489.4	-2237.78	-2489.4	0	0	0	0	0	
7790	330.875	-2462.49	-2239.65	-2462.49	0	0	0	0	0	
7800	293.101	-2437.37	-2239.98	-2437.37	0	0	0	0	0	
7810	282.838	-2430.58	-2240.1	-2430.58	0	0	0	0	0	
7820	290.595	-2434.96	-2239.25	-2434.96	0	0	0	0	0	
7830	330.428	-2461.63	-2239.09	-2461.63	0	0	0	0	0	
7840	318.98	-2455.05	-2240.23	-2455.05	0	0	0	0	0	
7850	271.935	-2423.24	-2240.1	-2423.24	0	0	0	0	0	
7860	290.953	-2435.83	-2239.88	-2435.83	0	0	0	0	0	
7870	295.129	-2438.64	-2239.88	-2438.64	0	0	0	0	0	
7880	261.636	-2416.03	-2239.82	-2416.03	0	0	0	0	0	
7890	277.552	-2425.58	-2238.66	-2425.58	0	0	0	0	0	
7900	292.49	-2434.77	-2237.79	-2434.77	0	0	0	0	0	
7910	316.2	-2450.7	-2237.75	-2450.7	0	0	0	0	0	
7920	324.644	-2457.31	-2238.67	-2457.31	0	0	0	0	0	
7930	288.612	-2431.96	-2237.59	-2431.96	0	0	0	0	0	
7940	279.258	-2425.15	-2237.07	-2425.15	0	0	0	0	0	
7950	294.89	-2435.28	-2236.67	-2435.28	0	0	0	0	0	
7960	287.593	-2430.87	-2237.19	-2430.87	0	0	0	0	0	
7970	268.23	-2416.86	-2236.21	-2416.86	0	0	0	0	0	
7980	259.683	-2410.62	-2235.73	-2410.62	0	0	0	0	0	
7990	239.373	-2394.96	-2233.75	-2394.96	0	0	0	0	0	
8000	257.823	-2406.09	-2232.45	-2406.09	0	0	0	0	0	
8010	284.73	-2423.17	-2231.41	-2423.17	0	0	0	0	0	
8020	322.862	-2448.74	-2231.3	-2448.74	0	0	0	0	0	
8030	360.864	-2475.27	-2232.23	-2475.27	0	0	0	0	0	
8040	367.444	-2482.49	-2235.02	-2482.49	0	0	0	0	0	
8050	368.013	-2484.92	-2237.07	-2484.92	0	0	0	0	0	
8060	373.495	-2491.35	-2239.81	-2491.35	0	0	0	0	0	
8070	356.15	-2481.86	-2242	-2481.86	0	0	0	0	0	
8080	327.528	-2463.7	-2243.12	-2463.7	0	0	0	0	0	
8090	311.681	-2453.82	-2243.91	-2453.82	0	0	0	0	0	
8100	309.325	-2452.38	-2244.06	-2452.38	0	0	0	0	0	
8110	325.264	-2464.32	-2245.26	-2464.32	0	0	0	0	0	
8120	320.396	-2461.68	-2245.9	-2461.68	0	0	0	0	0	
8130	285.647	-2438.48	-2246.1	-2438.48	0	0	0	0	0	
8140	284.751	-2437.26	-2245.48	-2437.26	0	0	0	0	0	
8150	276.287	-2431.23	-2245.16	-2431.23	0	0	0	0	0	
8160	257.393	-2417.09	-2243.74	-2417.09	0	0	0	0	0	
8170	288.962	-2437.31	-2242.7	-2437.31	0	0	0	0	0	
8180	282.274	-2432.36	-2242.25	-2432.36	0	0	0	0	0	
8190	252.891	-2411.19	-2240.87	-2411.19	0	0	0	0	0	
8200	292.732	-2436.87	-2239.72	-2436.87	0	0	0	0	0	
8210	319.712	-2455.58	-2240.27	-2455.58	0	0	0	0	0	
8220	314.248	-2452.06	-2240.42	-2452.06	0	0	0	0	0	
8230	318.771	-2455.55	-2240.86	-2455.55	0	0	0	0	0	
8240	291.145	-2436.63	-2240.55	-2436.63	0	0	0	0	0	
8250	297.854	-2441.73	-2241.14	-2441.73	0	0	0	0	0	
8260	308.628	-2449.01	-2241.15	-2449.01	0	0	0	0	0	
8270	301.893	-2444.15	-2240.83	-2444.15	0	0	0	0	0	
8280	293.204	-2437.94	-2240.48	-2437.94	0	0	0	0	0	
8290	316.219	-2454.15	-2241.18	-2454.15	0	0	0	0	0	
8300	307.521	-2449.23	-2242.12	-2449.23	0	0	0	0	0	
8310	307.474	-2449.78	-2242.7	-2449.78	0	0	0	0	0	
8320	321.719	-2459.44	-2242.77	-2459.44	0	0	0	0	0	
8330	312.135	-2453.68	-2243.47	-2453.68	0	0	0	0	0	
8340	315.343	-2455.91	-2243.53	-2455.91	0	0	0	0	0	
8350	305.313	-2450.16	-2244.54	-2450.16	0	0	0	0	0	
8360	262.506	-2420.84	-2244.04	-2420.84	0	0	0	0	0	
8370	262.399	-2419.22	-2242.5	-2419.22	0	0	0	0	0	
8380	283.781	-2432.82	-2241.7	-2432.82	0	0	0	0	0	
8390	282.229	-2430.77	-2240.7	-2430.77	0	0	0	0	0	
8400	297.942	-2441.85	-2241.19	-2441.85	0	0	0	0	0	
8410	293.653	-2439.33	-2241.57	-2439.33	0	0	0	0	0	
8420	277.831	-2428.16	-2241.05	-2428.16	0	0	0	0	0	
8430	276.253	-2426.95	-2240.9	-2426.95	0	0	0	0	0	
8440	257.526	-2413.14	-2239.71	-2413.14	0	0	0	0	0	
8450	286.732	-2431.82	-2238.71	-2431.82	0	0	0	0	0	
8460	315.525	-2450.82	-2238.32	-2450.82	0	0	0	0	0	
8470	317.604	-2453.37	-2239.47	-2453.37	0	0	0	0	0	
8480	319.708	-2455.09	-2239.77	-2455.09	0	0	0	0	0	
8490	317.542	-2453.45	-2239.59	-2453.45	0	0	0	0	0	
8500	309.139	-2448.41	-2240.21	-2448.41	0	0	0	0	0	
8510	294.916	-2439.23	-2240.61	-2439.23	0	0	0	0	0	
8520	283.822	-2431.38	-2240.23	-2431.38	0	0	0	0	0	
8530	294.029	-2438.21	-2240.19	-2438.21	0	0	0	0	0	
8540	327.112	-2460.77	-2240.47	-2460.77	0	0	0	0	0	
8550	310.362	-2450.39	-2241.37	-2450.39	0	0	0	0	0	
8560	269.612	-2422.61	-2241.03	-2422.61	0	0	0	0	0	
8570	292.926	-2436.82	-2239.54	-2436.82	0	0	0	0	0	
8580	328.73	-2461.56	-2240.17	-2461.56	0	0	0	0	0	
8590	317.377	-2455.62	-2241.87	-2455.62	0	0	0	0	0	
8600	315.725	-2455.48	-2242.85	-2455.48	0	0	0	0	0	
8610	299.032	-2444.83	-2243.44	-2444.83	0	0	0	0	0	
8620	273.962	-2427.67	-2243.17	-2427.67	0	0	0	0	0	
8630	282.975	-2432.84	-2242.26	-2432.84	0	0	0	0	0	
8640	323.383	-2459.89	-2242.1	-2459.89	0	0	0	0	0	
8650	338.341	-2469.87	-2242	-2469.87	0	0	0	0	0	
8660	328.341	-2464.2	-2243.07	-2464.2	0	0	0	0	0	
8670	311.775	-2454.82	-2244.85	-2454.82	0	0	0	0	0	
8680	288.902	-2439.07	-2244.5	-2439.07	0	0	0	0	0	
8690	297.512	-2444.58	-2244.21	-2444.58	0	0	0	0	0	
8700	285.05	-2436.01	-2244.03	-2436.01	0	0	0	0	0	
8710	283.638	-2434.3	-2243.27	-2434.3	0	0	0	0	0	
8720	267.442	-2422.74	-2242.62	-2422.74	0	0	0	0	0	
8730	271.046	-2424.55	-2242.01	-2424.55	0	0	0	0	0	
8740	288.528	-2435.56	-2241.24	-2435.56	0	0	0	0	0	
8750	324.507	-2458.99	-2240.44	-2458.99	0	0	0	0	0	
8760	360.468	-2485.31	-2242.54	-2485.31	0	0	0	0	0	
8770	346.55	-2477.65	-2244.25	-2477.65	0	0	0	0	0	
8780	325.262	-2464.29	-2245.24	-2464.29	0	0	0	0	0	
8790	295.529	-2444.33	-2245.29	-2444.33	0	0	0	0	0	
8800	259.683	-2419.4	-2244.51	-2419.4	0	0	0	0	0	
8810	249.944	-2412.05	-2243.72	-2412.05	0	0	0	0	0	
8820	302.534	-2446.49	-2242.75	-2446.49	0	0	0	0	0	
8830	304.99	-2447.34	-2241.93	-2447.34	0	0	0	0	0	
8840	296.723	-2441.59	-2241.76	-2441.59	0	0	0	0	0	
8850	296.195	-2441.18	-2241.7	-2441.18	0	0	0	0	0	
8860	275.293	-2427.07	-2241.66	-2427.07	0	0	0	0	0	
8870	288.72	-2435.39	-2240.94	-2435.39	0	0	0	0	0	
8880	311.333	-2450.46	-2240.78	-2450.46	0	0	0	0	0	
8890	315.357	-2453.06	-2240.68	-2453.06	0	0	0	0	0	
8900	311.985	-2450.88	-2240.77	-2450.88	0	0	0	0	0	
8910	301.622	-2443.98	-2240.85	-2443.98	0	0	0	0	0	
8920	302.646	-2445.29	-2241.47	-2445.29	0	0	0	0	0	
8930	339.614	-2471.24	-2242.52	-2471.24	0	0	0	0	0	
8940	366.571	-2491.28	-2244.41	-2491.28	0	0	0	0	0	
8950	328.996	-2467.99	-2246.42	-2467.99	0	0	0	0	0	
8960	284.216	-2437.96	-2246.55	-2437.96	0	0	0	0	0	
8970	248.392	-2412.69	-2245.4	-2412.69	0	0	0	0	0	
8980	235.731	-2402.39	-2243.63	-2402.39	0	0	0	0	0	
8990	229.619	-2396.24	-2241.59	-2396.24	0	0	0	0	0	
9000	195.744	-2370.38	-2238.56	-2370.38	0	0	0	0	0	
9010	227.083	-2388.23	-2235.29	-2388.23	0	0	0	0	0	
9020	272.526	-2417.38	-2233.84	-2417.38	0	0	0	0	0	
9030	282.388	-2423.39	-2233.21	-2423.39	0	0	0	0	0	
9040	288.268	-2427.33	-2233.18	-2427.33	0	0	0	0	0	
9050	314.274	-2444.16	-2232.51	-2444.16	0	0	0	0	0	
9060	323.267	-2451.01	-2233.3	-2451.01	0	0	0	0	0	
9070	319.997	-2449.55	-2234.04	-2449.55	0	0	0	0	0	
9080	316.775	-2448.17	-2234.83	-2448.17	0	0	0	0	0	
9090	304.422	-2440.47	-2235.45	-2440.47	0	0	0	0	0	
9100	324.336	-2454.09	-2235.66	-2454.09	0	0	0	0	0	
9110	317.563	-2450.4	-2236.53	-2450.4	0	0	0	0	0	
9120	320.458	-2453.29	-2237.47	-2453.29	0	0	0	0	0	
9130	352.258	-2475.91	-2238.67	-2475.91	0	0	0	0	0	
9140	356.931	-2480.97	-2240.59	-2480.97	0	0	0	0	0	
9150	337.753	-2469.91	-2242.44	-2469.91	0	0	0	0	0	
9160	353.135	-2482.67	-2244.84	-2482.67	0	0	0	0	0	
9170	322.133	-2463.7	-2246.76	-2463.7	0	0	0	0	0	
9180	272.656	-2430.53	-2246.9	-2430.53	0	0	0	0	0	
9190	263.41	-2423	-2245.6	-2423	0	0	0	0	0	
9200	286.206	-2437.16	-2244.41	-2437.16	0	0	0	0	0	
9210	312.817	-2454.81	-2244.14	-2454.81	0	0	0	0	0	
9220	345.086	-2477.92	-2245.52	-2477.92	0	0	0	0	0	
9230	281.604	-2435.7	-2246.05	-2435.7	0	0	0	0	0	
9240	269.979	-2427.32	-2245.49	-2427.32	0	0	0	0	0	
9250	270.265	-2426.28	-2244.27	-2426.28	0	0	0	0	0	
9260	258.587	-2417.18	-2243.02	-2417.18	0	0	0	0	0	
9270	254.998	-2413.18	-2241.44	-2413.18	0	0	0	0	0	
9280	254.607	-2410.99	-2239.52	-2410.99	0	0	0	0	0	
9290	274.049	-2423.42	-2238.85	-2423.42	0	0	0	0	0	
9300	323.226	-2456.89	-2239.21	-2456.89	0	0	0	0	0	
9310	352.591	-2477.66	-2240.2	-2477.66	0	0	0	0	0	
9320	358.075	-2483.69	-2242.54	-2483.69	0	0	0	0	0	
9330	347.454	-2477.84	-2243.84	-2477.84	0	0	0	0	0	
9340	307.416	-2451.17	-2244.13	-2451.17	0	0	0	0	0	
9350	287.394	-2437.96	-2244.41	-2437.96	0	0	0	0	0	
9360	269.448	-2425.11	-2243.64	-2425.11	0	0	0	0	0	
9370	289.928	-2437.83	-2242.57	-2437.83	0	0	0	0	0	
9380	319.42	-2458.21	-2243.09	-2458.21	0	0	0	0	0	
9390	322.122	-2461.74	-2244.8	-2461.74	0	0	0	0	0	
9400	286.117	-2437.29	-2244.6	-2437.29	0	0	0	0	0	
9410	293.02	-2440.76	-2243.42	-2440.76	0	0	0	0	0	
9420	302.577	-2446.49	-2242.71	-2446.49	0	0	0	0	0	
9430	264.8	-2421.21	-2242.87	-2421.21	0	0	0	0	0	
9440	233.707	-2398.5	-2241.1	-2398.5	0	0	0	0	0	
9450	301.933	-2442.66	-2239.32	-2442.66	0	0	0	0	0	
9460	322.691	-2457.8	-2240.48	-2457.8	0	0	0	0	0	
9470	327.943	-2461.99	-2241.13	-2461.99	0	0	0	0	0	
9480	306.401	-2448.41	-2242.06	-2448.41	0	0	0	0	0	
9490	308.473	-2449.87	-2242.12	-2449.87	0	0	0	0	0	
9500	317.704	-2456.2	-2242.23	-2456.2	0	0	0	0	0	
9510	279.371	-2429.65	-2241.5	-2429.65	0	0	0	0	0	
9520	264.161	-2418.97	-2241.06	-2418.97	0	0	0	0	0	
9530	294.802	-2438.8	-2240.26	-2438.8	0	0	0	0	0	
9540	301.847	-2443.87	-2240.58	-2443.87	0	0	0	0	0	
9550	318.803	-2455.3	-2240.59	-2455.3	0	0	0	0	0	
9560	319.193	-2456.31	-2241.34	-2456.31	0	0	0	0	0	
9570	306.697	-2448.56	-2242	-2448.56	0	0	0	0	0	
9580	350.519	-2478.57	-2242.5	-2478.57	0	0	0	0	0	
9590	334.216	-2469.21	-2244.13	-2469.21	0	0	0	0	0	
9600	290.777	-2440.11	-2244.28	-2440.11	0	0	0	0	0	
9610	302.647	-2447.9	-2244.07	-2447.9	0	0	0	0	0	
9620	295.143	-2443.37	-2244.59	-2443.37	0	0	0	0	0	
9630	316.262	-2457.33	-2244.33	-2457.33	0	0	0	0	0	
9640	333.021	-2470.07	-2245.79	-2470.07	0	0	0	0	0	
9650	286.449	-2438.71	-2245.79	-2438.71	0	0	0	0	0	
9660	268.952	-2426.07	-2244.94	-2426.07	0	0	0	0	0	
9670	226.769	-2396.02	-2243.3	-2396.02	0	0	0	0	0	
9680	219.665	-2388.85	-2240.91	-2388.85	0	0	0	0	0	
9690	256.522	-2411.48	-2238.72	-2411.48	0	0	0	0	0	
9700	276.792	-2424.41	-2238	-2424.41	0	0	0	0	0	
9710	269.709	-2419.28	-2237.64	-2419.28	0	0	0	0	0	
9720	259.253	-2410.7	-2236.1	-2410.7	0	0	0	0	0	
9730	247.397	-2400.66	-2234.04	-2400.66	0	0	0	0	0	
9740	283.848	-2423.65	-2232.49	-2423.65	0	0	0	0	0	
9750	345.666	-2465.62	-2232.82	-2465.62	0	0	0	0	0	
9760	357.585	-2475.39	-2234.57	-2475.39	0	0	0	0	0	
9770	350.321	-2471.82	-2235.89	-2471.82	0	0	0	0	0	
9780	326.308	-2457.26	-2237.5	-2457.26	0	0	0	0	0	
9790	281.535	-2427.84	-2238.24	-2427.84	0	0	0	0	0	
9800	277.391	-2423.75	-2236.93	-2423.75	0	0	0	0	0	
9810	320.499	-2453.12	-2237.28	-2453.12	0	0	0	0	0	
9820	323.122	-2455.94	-2238.32	-2455.94	0	0	0	0	0	
9830	310.827	-2448.6	-2239.27	-2448.6	0	0	0	0	0	
9840	275.814	-2425.21	-2239.46	-2425.21	0	0	0	0	0	
9850	271.614	-2420.81	-2237.89	-2420.81	0	0	0	0	0	
9860	305.529	-2442.87	-2237.11	-2442.87	0	0	0	0	0	
9870	322.891	-2455.74	-2238.28	-2455.74	0	0	0	0	0	
9880	322.763	-2456.23	-2238.86	-2456.23	0	0	0	0	0	
9890	347.987	-2474.54	-2240.18	-2474.54	0	0	0	0	0	
9900	308.078	-2449.3	-2241.82	-2449.3	0	0	0	0	0	
9910	285.557	-2434.14	-2241.82	-2434.14	0	0	0	0	0	
9920	292.524	-2437.81	-2240.81	-2437.81	0	0	0	0	0	
9930	326.32	-2461.43	-2241.66	-2461.43	0	0	0	0	0	
9940	317.28	-2455.99	-2242.31	-2455.99	0	0	0	0	0	
9950	253.179	-2412.75	-2242.24	-2412.75	0	0	0	0	0	
9960	233.603	-2397.59	-2240.27	-2397.59	0	0	0	0	0	
9970	242.349	-2401.34	-2238.12	-2401.34	0	0	0	0	0	
9980	265.211	-2415.18	-2236.56	-2415.18	0	0	0	0	0	
9990	258.376	-2409.61	-2235.6	-2409.61	0	0	0	0	0	
10000	6137.14	-2407.86	1801.9	-2407.86	0	0	0	0	0	
10010	5905.12	-2446.23	1604.37	-2446.23	0	0	0	0	0	
10020	5669.98	-2475.54	1413.77	-2475.54	0	0	0	0	0	
10030	5380.79	-2457.28	1233.66	-2457.28	0	0	0	0	0	
10040	5128.93	-2455.29	1062.88	-2455.29	0	0	0	0	0	
10050	4894.25	-2456.33	900.869	-2456.33	0	0	0	0	-1	
10060	4676.37	-2462.1	745.646	-2462.1	0	0	0	0	0	
10070	4505.48	-2492.82	597.701	-2492.82	0	0	0	0	0	
10080	4286.22	-2483.27	456.846	-2483.27	0	0	0	-1	0	
10090	4076.67	-2473.52	322.855	-2473.52	0	0	0	0	0	
10100	3899.31	-2478.62	196.099	-2478.62	0	0	0	0	0	
10110	3706.92	-2467.39	75.3574	-2467.39	0	0	0	0	0	
10120	3554.86	-2477.28	-38.8363	-2477.28	0	0	0	0	0	
10130	3431.58	-2502.7	-148.817	-2502.7	0	0	0	0	0	
10140	3269.89	-2497.75	-254.775	-2497.75	0	0	0	0	0	
10150	3096.42	-2477.53	-353.556	-2477.53	0	0	0	0	0	
10160	2958.16	-2476.11	-446.964	-2476.11	0	0	0	0	0	
10170	2844.39	-2487.58	-536.481	-2487.58	0	0	0	0	0	
10180	2746.3	-2506.64	-622.82	-2506.64	0	0	0	0	0	
10190	2634.09	-2511.75	-704.901	-2511.75	0	0	-1	0	0	
10200	2512.73	-2506.56	-782.956	-2506.56	0	0	-1	0	0	
10210	2417.1	-2515.26	-857.255	-2515.26	0	0	-1	0	0	
10220	2335.28	-2531.63	-929.745	-2531.63	0	0	-1	0	0	
10230	2211.29	-2514.51	-997.682	-2514.51	0	0	-1	0	0	
10240	2114.31	-2512.08	-1061.77	-2512.08	0	0	-1	0	0	
10250	2042.05	-2523.72	-1122.98	-2523.72	0	0	-1	0	0	
10260	1970.04	-2533.56	-1182.21	-2533.56	0	0	-1	0	0	
10270	1894.1	-2537.6	-1238.34	-2537.6	0	0	-1	0	0	
10280	1811.26	-2534.75	-1292.32	-2534.75	0	0	-1	0	0	
10290	1745.55	-2540.29	-1342.93	-2540.29	0	0	-1	0	0	
10300	1699.84	-2558.3	-1392.3	-2558.3	0	0	-1	0	0	
10310	1620.37	-2550.75	-1439.26	-2550.75	0	0	-1	0	0	
10320	1547.21	-2544.78	-1483.48	-2544.78	0	0	-1	0	0	
10330	1493.78	-2550.23	-1525.58	-2550.23	0	0	-1	0	0	
10340	1430.49	-2546.92	-1565.68	-2546.92	0	0	-1	0	0	
10350	1362.5	-2538.25	-1603.65	-2538.25	0	0	-1	0	-1	
10360	1301.47	-2532.06	-1639.32	-2532.06	0	0	-1	0	0	
10370	1254.25	-2533.62	-1673.28	-2533.62	0	0	-1	0	0	
10380	1208.39	-2534.34	-1705.45	-2534.34	0	0	-1	0	0	
10390	1145.25	-2520.95	-1735.37	-2520.95	0	0	-1	0	0	
10400	1121.78	-2533	-1763.52	-2533	0	0	-1	0	0	
10410	1103.64	-2548.88	-1791.84	-2548.88	0	0	-1	-1	0	
10420	1067.47	-2550.96	-1818.74	-2550.96	0	0	-1	0	0	
10430	1027.56	-2549.6	-1844.75	-2549.6	0	0	-1	0	0	
10440	1005.5	-2558.14	-1868.42	-2558.14	0	0	-1	0	0	
10450	985.221	-2567.92	-1892.11	-2567.92	0	0	-1	0	0	
10460	963.587	-2576.34	-1915.37	-2576.34	0	0	-1	0	0	
10470	924.405	-2571.94	-1937.85	-2571.94	0	0	-1	0	0	
10480	884.556	-2565.14	-1958.38	-2565.14	0	0	-1	0	0	
10490	866.077	-2572.34	-1978.25	-2572.34	0	0	-1	0	0	
10500	832.811	-2568.46	-1997.2	-2568.46	0	0	-1	0	0	
10510	810.855	-2571.19	-2014.99	-2571.19	0	0	-1	0	0	
10520	779.367	-2566.41	-2031.8	-2566.41	0	0	-1	0	0	
10530	744.8	-2558.76	-2047.86	-2558.76	0	0	-1	0	0	
10540	719.183	-2555.64	-2062.32	-2555.64	0	0	-1	0	0	
10550	696.845	-2554.88	-2076.88	-2554.88	0	0	-1	0	0	
10560	690.55	-2564.5	-2090.82	-2564.5	0	0	-1	0	0	
10570	696.464	-2581.79	-2104.05	-2581.79	0	0	-1	0	0	
10580	673.459	-2579.33	-2117.37	-2579.33	0	0	-1	0	0	
10590	655.216	-2579.54	-2130.1	-2579.54	0	0	-1	0	0	
10600	645.716	-2585.48	-2142.56	-2585.48	0	0	-1	0	0	
10610	623.509	-2581.82	-2154.13	-2581.82	0	0	-1	0	0	
10620	605.826	-2580.71	-2165.14	-2580.71	0	0	-1	0	0	
10630	592.289	-2581.18	-2174.9	-2581.18	0	0	-1	0	0	
10640	571.034	-2576.24	-2184.54	-2576.24	0	0	-1	0	0	
10650	556.306	-2575.43	-2193.83	-2575.43	0	0	-1	0	0	
10660	539.37	-2572.37	-2202.39	-2572.37	0	0	-2	0	0	
10670	526.212	-2571.69	-2210.73	-2571.69	0	0	-2	0	0	
10680	531.821	-2583.71	-2218.91	-2583.71	0	0	-2	0	0	
10690	521.506	-2584.36	-2226.64	-2584.36	0	0	-2	0	0	
10700	503.845	-2579.66	-2234.05	-2579.66	0	0	-2	0	0	
10710	501.278	-2584.7	-2240.85	-2584.7	0	0	-2	0	0	
10720	497.751	-2589.37	-2247.94	-2589.37	0	0	-2	0	0	
10730	490.905	-2591.33	-2254.59	-2591.33	0	0	-2	0	0	
10740	488.575	-2596.39	-2261.25	-2596.39	0	0	-2	0	0	
10750	472.636	-2591.65	-2267.44	-2591.65	0	0	-2	0	0	
10760	465.035	-2591.46	-2272.47	-2591.46	0	0	-2	0	0	
10770	453.684	-2589.29	-2278.09	-2589.29	0	0	-2	0	0	
10780	434.302	-2580.82	-2282.92	-2580.82	0	0	-2	0	0	
10790	427.901	-2581.16	-2287.64	-2581.16	0	0	-2	0	0	
10800	432.766	-2589.1	-2292.25	-2589.1	0	0	-2	0	0	
10810	426.747	-2589.66	-2296.93	-2589.66	0	0	-2	0	0	
10820	414.004	-2584.66	-2300.67	-2584.66	0	0	-2	0	0	
10830	412.647	-2587.85	-2304.8	-2587.85	0	0	-2	0	0	
10840	411.263	-2590.52	-2308.41	-2590.52	0	0	-2	0	0	
10850	395.593	-2583.97	-2312.62	-2583.97	0	0	-2	0	0	
10860	387.395	-2581.14	-2315.41	-2581.14	0	0	-2	0	0	
10870	381.938	-2580.52	-2318.53	-2580.52	0	0	-2	0	0	
10880	386.156	-2586.91	-2322.03	-2586.91	0	0	-2	0	0	
10890	392.124	-2594.42	-2325.44	-2594.42	0	0	-2	0	0	
10900	381.474	-2590.13	-2328.46	-2590.13	0	0	-2	0	0	
10910	380.957	-2592.52	-2331.21	-2592.52	0	0	-2	0	0	
10920	390.973	-2602.65	-2334.46	-2602.65	0	0	-2	0	0	
10930	384.146	-2601.43	-2337.93	-2601.43	0	0	-2	0	0	
10940	376.701	-2598.71	-2340.31	-2598.71	0	0	-2	0	0	
10950	373.809	-2599.26	-2342.84	-2599.26	0	0	-2	0	0	
10960	362.963	-2593.98	-2345.01	-2593.98	0	0	-2	0	0	
10970	353.221	-2589.31	-2347.01	-2589.31	0	0	-2	0	0	
10980	327.961	-2573.44	-2348.48	-2573.44	0	0	-2	0	0	
10990	298.2	-2553.72	-2349.17	-2553.72	0	0	-2	0	0	
