step,T,sn_vel[0],sn_vel[1],sn_vel[2],sn_crd[0],sn_crd[1],sn_crd[2],sn_f[0],sn_f[1],sn_f[2],target_crd[0],target_crd[1],target_crd[2],boundary[0],boundary[1],boundary[2]
0,0.0162862,0,0,0,-1.21919e-008,5.96046e-009,0.981818,0,0,0,-6.29053e-005,0.0557578,-0.0367999,0.636373,0.503369,1
10,2.11189,0,0,0,-1.21919e-008,5.96046e-009,0.981818,0,0,0,-8.42734e-005,0.0557354,-0.0368075,0.63652,0.503416,1
20,2.50492,0,0,0,-1.21919e-008,5.96046e-009,0.981818,0,0,0,-9.71467e-005,0.055676,-0.0368347,0.636692,0.50346,1
30,3.11923,0,0,0,-1.21919e-008,5.96046e-009,0.981818,0,0,0,-6.06144e-005,0.0556091,-0.0369202,0.636694,0.503461,1
40,3.32246,0,0,0,-1.21919e-008,5.96046e-009,0.981818,0,0,0,-0.0001062,0.0556137,-0.0369902,0.636872,0.503489,1
50,3.23928,0,0,0,-1.21919e-008,5.96046e-009,0.981818,0,0,0,-0.000184907,0.0556503,-0.0370488,0.637032,0.503509,1
60,2.91981,0,0,0,-1.21919e-008,5.96046e-009,0.981818,0,0,0,-0.000202012,0.0556681,-0.0371112,0.637301,0.503534,1
70,3.04102,0,0,0,-1.21919e-008,5.96046e-009,0.981818,0,0,0,-0.00016019,0.0556607,-0.0372054,0.637457,0.503542,1
80,2.80458,0,0,0,-1.21919e-008,5.96046e-009,0.981818,0,0,0,-0.000172782,0.0556586,-0.0372927,0.637681,0.503547,1
90,2.71914,0,0,0,-1.21919e-008,5.96046e-009,0.981818,0,0,0,-0.000212494,0.0556527,-0.0373731,0.637874,0.503542,1
100,2.58605,0,0,0,-1.21919e-008,5.96046e-009,0.981818,0,0,0,-0.000231599,0.05564,-0.0374404,0.638022,0.503532,1
110,11.5276,0,0,0,-1.21919e-008,5.96046e-009,0.981818,0,0,0,-0.00024297,0.0556061,-0.0375449,0.638278,0.503505,1
120,18.2583,0,0,0,-1.21919e-008,5.96046e-009,0.981818,0,0,0,-0.000296006,0.0555751,-0.0376607,0.638577,0.503462,1
130,22.5835,0,0,0,-1.21919e-008,5.96046e-009,0.981818,0,0,0,-0.000301058,0.0555525,-0.037794,0.638845,0.503415,1
140,25.2268,0,0,0,-1.21919e-008,5.96046e-009,0.981818,0,0,0,-0.000240004,0.0555222,-0.0379754,0.639154,0.50335,1
150,26.6193,0,0,0,-1.21919e-008,5.96046e-009,0.981818,0,0,0,-0.000250866,0.055504,-0.0382036,0.639484,0.503272,1
160,27.3097,0,0,0,-1.21919e-008,5.96046e-009,0.981818,0,0,0,-0.000367771,0.0555443,-0.0383967,0.639762,0.503197,1
170,27.2881,0,0,0,-1.21919e-008,5.96046e-009,0.981818,0,0,0,-0.000396156,0.0555785,-0.0385619,0.639999,0.503124,1
180,27.1899,0,0,0,-1.21919e-008,5.96046e-009,0.981818,0,0,0,-0.000279889,0.0555268,-0.0387871,0.640218,0.50305,1
190,26.4356,0,0,0,-1.21919e-008,5.96046e-009,0.981818,0,0,0,-0.00016069,0.0554436,-0.0391065,0.640398,0.502982,1
200,25.7695,0,0,0,-1.21919e-008,5.96046e-009,0.981818,0,0,0,-8.0458e-005,0.0554031,-0.0394566,0.640547,0.502921,1
210,33.873,0,0,0,-1.21919e-008,5.96046e-009,0.981818,0,0,0,2.05131e-005,0.0553676,-0.0398761,0.640667,0.502868,1
220,39.0493,0,0,0,-1.21919e-008,5.96046e-009,0.981818,0,0,0,9.63671e-005,0.0553056,-0.0404361,0.640721,0.502842,1
230,41.9522,0,0,0,-1.21919e-008,5.96046e-009,0.981818,0,0,0,4.77355e-005,0.0552748,-0.0410875,0.640738,0.502833,1
240,43.0391,0,0,0,-1.21919e-008,5.96046e-009,0.981818,0,0,0,-4.6341e-005,0.0552895,-0.0417682,0.640743,0.50283,1
250,43.2579,0,0,0,-1.21919e-008,5.96046e-009,0.981818,0,0,0,-0.000117114,0.0553088,-0.0425213,0.640763,0.502818,1
260,42.9026,0,0,0,-1.21919e-008,5.96046e-009,0.981818,0,0,0,-0.000167613,0.0552982,-0.043412,0.640808,0.502789,1
270,41.9781,0,0,0,-1.21919e-008,5.96046e-009,0.981818,0,0,0,-0.000220846,0.0552751,-0.0443265,0.640863,0.502752,1
280,41.5826,0,0,0,-1.21919e-008,5.96046e-009,0.981818,0,0,0,-0.000115381,0.0552454,-0.0451635,0.640907,0.502721,1
290,41.0188,0,0,0,-1.21919e-008,5.96046e-009,0.981818,0,0,0,0.000165641,0.0552132,-0.045981,0.640943,0.502694,1
300,40.8558,0,0,0,-1.21919e-008,5.96046e-009,0.981818,0,0,0,0.000477884,0.0551536,-0.0469568,0.640969,0.502673,1
310,50.5663,0,0,0,-1.21919e-008,5.96046e-009,0.981818,0,0,0,0.000629521,0.0551203,-0.0480568,0.640969,0.502673,1
320,56.3808,0,0,0,-1.21919e-008,5.96046e-009,0.981818,0,0,0,0.000745537,0.0551328,-0.0491531,0.640969,0.502673,1
330,60.3784,0,0,0,-1.21919e-008,5.96046e-009,0.981818,0,0,0,0.000808563,0.0551376,-0.0502563,0.640969,0.502673,1
340,63.9997,0,0,0,-1.21919e-008,5.96046e-009,0.981818,0,0,0,0.000775563,0.0550519,-0.051548,0.640969,0.502673,1
350,67.3486,0,0,0,-1.21919e-008,5.96046e-009,0.981818,0,0,0,0.000677904,0.054961,-0.0528391,0.640969,0.502673,1
360,71.0041,0,0,0,-1.21919e-008,5.96046e-009,0.981818,0,0,0,0.000743172,0.0549161,-0.0540641,0.640969,0.502673,1
370,76.2298,0,0,0,-1.21919e-008,5.96046e-009,0.981818,0,0,0,0.000741316,0.0549699,-0.0553561,0.640969,0.502673,1
380,80.2561,0,0,0,-1.21919e-008,5.96046e-009,0.981818,0,0,0,0.000556903,0.0550742,-0.0567935,0.640969,0.502673,1
390,85.2848,0,0,0,-1.21919e-008,5.96046e-009,0.981818,0,0,0,0.000289627,0.0551584,-0.0579854,0.640969,0.502673,1
400,88.4996,0,0,0,-1.21919e-008,5.96046e-009,0.981818,0,0,0,0.000155021,0.0551687,-0.0588842,0.640969,0.502673,1
410,98.8129,0,0,0,-1.21919e-008,5.96046e-009,0.981818,0,0,0,2.93e-005,0.0552716,-0.059755,0.641089,0.502542,1
420,105.99,0,0,0,-1.21919e-008,5.96046e-009,0.981818,0,0,0,1.60799e-006,0.0554596,-0.0607624,0.64121,0.502406,1
430,112.13,0,0,0,-1.21919e-008,5.96046e-009,0.981818,0,0,0,6.11707e-005,0.0555852,-0.061501,0.641309,0.502291,1
440,115.173,0,0,0,-1.21919e-008,5.96046e-009,0.981818,0,0,0,0.000135936,0.0555482,-0.0618367,0.641492,0.502072,1
450,119.345,0,0,0,-1.21919e-008,5.96046e-009,0.981818,0,0,0,5.91312e-005,0.0554903,-0.0620058,0.641669,0.501854,1
460,121.247,0,0,0,-1.21919e-008,5.96046e-009,0.981818,0,0,0,-2.21351e-005,0.0554054,-0.0622266,0.641808,0.501678,1
470,122.516,0,0,0,-1.21919e-008,5.96046e-009,0.981818,0,0,0,-0.000102218,0.0552839,-0.0621673,0.641964,0.501474,1
480,124.181,0,0,0,-1.21919e-008,5.96046e-009,0.981818,0,0,0,-0.000211898,0.0551699,-0.061765,0.642084,0.501311,1
490,123.975,0,0,0,-1.21919e-008,5.96046e-009,0.981818,0,0,0,-0.000372411,0.0551805,-0.0612822,0.642166,0.501195,1
500,123.697,0,0,0,-1.21919e-008,5.96046e-009,0.981818,0,0,0,-0.000357323,0.0551869,-0.0607743,0.642286,0.50102,1
510,132.399,0,0,0,-1.21919e-008,5.96046e-009,0.981818,0,0,0,-0.000125426,0.0550556,-0.0599259,0.642408,0.500833,1
520,137.012,0,0,0,-1.21919e-008,5.96046e-009,0.981818,0,0,0,0.000144227,0.0548507,-0.058924,0.642505,0.500676,1
530,138.224,0,0,0,-1.21919e-008,5.96046e-009,0.981818,0,0,0,0.000263678,0.054819,-0.0581503,0.642643,0.500441,1
540,137.218,0,0,0,-1.21919e-008,5.96046e-009,0.981818,0,0,0,0.000293246,0.0549022,-0.0574998,0.642786,0.500184,1
550,136.79,0,0,0,-1.21919e-008,5.96046e-009,0.981818,0,0,0,0.000183344,0.0548924,-0.0565362,0.64287,0.500019,1
560,136.419,0,0,0,-1.21919e-008,5.96046e-009,0.981818,0,0,0,-0.00012503,0.0548493,-0.0553393,0.642938,0.499871,1
570,137.252,0,0,0,-1.21919e-008,5.96046e-009,0.981818,0,0,0,-0.000376757,0.054957,-0.0543681,0.642988,0.499745,1
580,138.61,0,0,0,-1.21919e-008,5.96046e-009,0.981818,0,0,0,-0.000315886,0.0550672,-0.0537784,0.642995,0.499721,1
590,139.703,0,0,0,-1.21919e-008,5.96046e-009,0.981818,0,0,0,-0.000163506,0.0550229,-0.053181,0.643026,0.499597,1
600,141.288,0,0,0,-1.21919e-008,5.96046e-009,0.981818,0,0,0,-0.000130761,0.0550032,-0.052356,0.643053,0.49947,1
610,151.761,0,0,0,-1.21919e-008,5.96046e-009,0.981818,0,0,0,-1.78753e-005,0.0550673,-0.0515649,0.643078,0.499335,1
620,157.333,0,0,0,-1.21919e-008,5.96046e-009,0.981818,0,0,0,0.00019617,0.0550118,-0.0509644,0.643106,0.49916,1
630,161.306,0,0,0,-1.21919e-008,5.96046e-009,0.981818,0,0,0,0.000215744,0.0548703,-0.0502693,0.643131,0.498973,1
640,165.591,0,0,0,-1.21919e-008,5.96046e-009,0.981818,0,0,0,3.71933e-005,0.0549681,-0.0493747,0.64315,0.498788,1
650,169.558,0,0,0,-1.21919e-008,5.96046e-009,0.981818,0,0,0,-1.53465e-005,0.0552181,-0.0485649,0.64316,0.498654,1
660,171.321,0,0,0,-1.21919e-008,5.96046e-009,0.981818,0,0,0,-5.20378e-005,0.055314,-0.0478144,0.64316,0.498654,1
670,173.604,0,0,0,-1.21919e-008,5.96046e-009,0.981818,0,0,0,-0.000246782,0.0552566,-0.0467723,0.64316,0.498654,1
680,170.178,0,0,0,-1.21919e-008,5.96046e-009,0.981818,0,0,0,-0.000361676,0.0553123,-0.0454779,0.64316,0.498654,1
690,170.402,0,0,0,-1.21919e-008,5.96046e-009,0.981818,0,0,0,-0.000145983,0.055339,-0.0443568,0.64316,0.498654,1
700,170.104,0,0,0,-1.21919e-008,5.96046e-009,0.981818,0,0,0,-3.74836e-005,0.0551351,-0.0433762,0.64316,0.498654,1
710,178.69,0,0,0,-1.21919e-008,5.96046e-009,0.981818,0,0,0,-0.000238677,0.0547865,-0.0420649,0.64316,0.498654,1
720,187.441,0,0,0,-1.21919e-008,5.96046e-009,0.981818,0,0,0,-0.000400866,0.0546344,-0.0402717,0.64315,0.498539,1
730,193.464,0,0,0,-1.21919e-008,5.96046e-009,0.981818,0,0,0,-0.000288286,0.0545513,-0.0384545,0.64315,0.498539,1
740,198.356,0,0,0,-1.21919e-008,5.96046e-009,0.981818,0,0,0,-0.000305753,0.0544051,-0.0368524,0.64315,0.498539,1
750,204.396,0,0,0,-1.21919e-008,5.96046e-009,0.981818,0,0,0,-0.000502847,0.0543709,-0.0352712,0.64315,0.498539,1
760,210.777,0,0,0,-1.21919e-008,5.96046e-009,0.981818,0,0,0,-0.000640087,0.0546257,-0.0335657,0.64315,0.498539,1
770,216.217,0,0,0,-1.21919e-008,5.96046e-009,0.981818,0,0,0,-0.000719674,0.054707,-0.0320408,0.64315,0.498539,1
780,222.401,0,0,0,-1.21919e-008,5.96046e-009,0.981818,0,0,0,-0.001052,0.0545761,-0.0307915,0.64315,0.498539,1
790,227.822,0,0,0,-1.21919e-008,5.96046e-009,0.981818,0,0,0,-0.00144684,0.0546837,-0.0296075,0.64315,0.498539,1
800,229.559,0,0,0,-1.21919e-008,5.96046e-009,0.981818,0,0,0,-0.00165447,0.0550683,-0.0283713,0.64315,0.498539,1
810,239.341,0,0,0,-1.21919e-008,5.96046e-009,0.981818,0,0,0,-0.00178832,0.0550786,-0.0273498,0.64315,0.498539,1
820,243.126,0,0,0,-1.21919e-008,5.96046e-009,0.981818,0,0,0,-0.0021085,0.0547959,-0.0265621,0.64315,0.498539,1
830,239.635,0,0,0,-1.21919e-008,5.96046e-009,0.981818,0,0,0,-0.00232845,0.0546742,-0.0258387,0.64315,0.498539,1
840,234.32,0,0,0,-1.21919e-008,5.96046e-009,0.981818,0,0,0,-0.00224181,0.0547189,-0.0252223,0.64315,0.498539,1
850,222.041,0,0,0,-1.21919e-008,5.96046e-009,0.981818,0,0,0,-0.00200215,0.0545506,-0.0250225,0.64315,0.498539,1
860,208.421,0,0,0,-1.21919e-008,5.96046e-009,0.981818,0,0,0,-0.00180124,0.0543762,-0.0250887,0.64315,0.498539,1
870,197.415,0,0,0,-1.21919e-008,5.96046e-009,0.981818,0,0,0,-0.00147483,0.05434,-0.0250791,0.643074,0.498337,1
880,188.148,0,0,0,-1.21919e-008,5.96046e-009,0.981818,0,0,0,-0.00104373,0.0543234,-0.0249927,0.642968,0.498074,1
890,181.657,0,0,0,-1.21919e-008,5.96046e-009,0.981818,0,0,0,-0.000608258,0.0542736,-0.0251571,0.642877,0.497868,1
900,181.08,0,0,0,-1.21919e-008,5.96046e-009,0.981818,0,0,0,-0.000215366,0.0544713,-0.0255846,0.642801,0.497709,1
910,184.843,0,0,0,-1.21919e-008,5.96046e-009,0.981818,0,0,0,0.000165739,0.0548101,-0.0261517,0.642677,0.497453,1
920,186.562,0,0,0,-1.21919e-008,5.96046e-009,0.981818,0,0,0,0.000396862,0.0551417,-0.0268322,0.642664,0.497431,1
930,183.534,0,0,0,-1.21919e-008,5.96046e-009,0.981818,0,0,0,0.00029388,0.0554377,-0.0276264,0.642664,0.497431,1
940,185.421,0,0,0,-1.21919e-008,5.96046e-009,0.981818,0,0,0,-6.67679e-005,0.0557598,-0.0283156,0.642664,0.497431,1
950,192.704,0,0,0,-1.21919e-008,5.96046e-009,0.981818,0,0,0,-0.000287233,0.0560476,-0.0288312,0.642602,0.497289,1
960,211.005,0,0,0,-1.21919e-008,5.96046e-009,0.981818,0,0,0,-4.15642e-005,0.0563289,-0.0293602,0.642593,0.497265,1
970,227.92,0,0,0,-1.21919e-008,5.96046e-009,0.981818,0,0,0,0.000201116,0.0564811,-0.0299513,0.642512,0.49703,1
980,243.811,0,0,0,-1.21919e-008,5.96046e-009,0.981818,0,0,0,8.5284e-005,0.0564476,-0.0303925,0.642463,0.496905,1
990,252.995,0,0,0,-1.21919e-008,5.96046e-009,0.981818,0,0,0,-6.1649e-005,0.0563456,-0.0306039,0.642463,0.496905,1
1000,255.955,0,0,0,-1.21919e-008,5.96046e-009,0.981818,0,0,0,0.000108711,0.0562625,-0.0307882,0.642238,0.497002,1
1010,240.854,0,0,0,-1.21919e-008,5.96046e-009,0.981818,0,0,0,7.59825e-005,0.0560646,-0.030958,0.641922,0.497074,1
1020,228.034,0,0,0,-1.21919e-008,5.96046e-009,0.981818,0,0,0,-0.000374441,0.0556512,-0.0310449,0.641658,0.49719,1
1030,215.175,0,0,0,-1.21919e-008,5.96046e-009,0.981818,0,0,0,-0.000898522,0.0551561,-0.0309745,0.641445,0.497336,1
1040,208.265,0,0,0,-1.21919e-008,5.96046e-009,0.981818,0,0,0,-0.00127389,0.0546405,-0.0309226,0.641315,0.497422,1
1050,212.099,0,0,0,-1.21919e-008,5.96046e-009,0.981818,0,0,0,-0.00178579,0.0542277,-0.0308554,0.641305,0.497434,1
1060,225.155,0,0,0,-1.21919e-008,5.96046e-009,0.981818,0,0,0,-0.00226051,0.0540505,-0.0309481,0.641256,0.497513,1
1070,249.883,0,0,0,-1.21919e-008,5.96046e-009,0.981818,0,0,0,-0.00235395,0.0541442,-0.0311592,0.641179,0.49768,1
1080,282.85,0,0,0,-1.21919e-008,5.96046e-009,0.981818,0,0,0,-0.00226575,0.0541271,-0.0315577,0.641122,0.497847,1
1090,310.361,0,0,0,-1.21919e-008,5.96046e-009,0.981818,0,0,0,-0.00248288,0.0539358,-0.0317414,0.641118,0.497869,1
1100,318.384,0,0,0,-1.21919e-008,5.96046e-009,0.981818,0,0,0,-0.00258688,0.0537386,-0.0316234,0.641118,0.497869,1
1110,325.184,0,0,0,-1.21919e-008,5.96046e-009,0.981818,0,0,0,-0.00216398,0.0536911,-0.0309837,0.641118,0.497869,1
1120,312.913,0,0,0,-1.21919e-008,5.96046e-009,0.981818,0,0,0,-0.00179576,0.0535753,-0.0300288,0.641118,0.497869,1
1130,310.462,0,0,0,-1.21919e-008,5.96046e-009,0.981818,0,0,0,-0.0017257,0.0537031,-0.0286423,0.641118,0.497869,1
1140,307.503,0,0,0,-1.21919e-008,5.96046e-009,0.981818,0,0,0,-0.00126027,0.0540893,-0.0270941,0.641118,0.497869,1
1150,304.938,0,0,0,-1.21919e-008,5.96046e-009,0.981818,0,0,0,-0.000378712,0.0544639,-0.0254244,0.641118,0.497869,1
1160,300.012,0,0,0,-1.21919e-008,5.96046e-009,0.981818,0,0,0,0.00012721,0.0547134,-0.0238721,0.641118,0.497869,1
1170,296.247,0,0,0,-1.21919e-008,5.96046e-009,0.981818,0,0,0,0.000398427,0.0553488,-0.0223931,0.641118,0.497869,1
1180,284.885,0,0,0,-1.21919e-008,5.96046e-009,0.981818,0,0,0,0.000700924,0.0560384,-0.0211235,0.641118,0.497869,1
1190,278.97,0,0,0,-1.21919e-008,5.96046e-009,0.981818,0,0,0,0.000716821,0.0563755,-0.0198855,0.641053,0.497957,1
1200,278.649,0,0,0,-1.21919e-008,5.96046e-009,0.981818,0,0,0,0.000186922,0.0566292,-0.0185985,0.64094,0.498039,1
1210,277.552,0,0,0,-1.21919e-008,5.96046e-009,0.981818,0,0,0,-0.000420227,0.057258,-0.0174414,0.64094,0.498039,1
1220,288.743,0,0,0,-1.21919e-008,5.96046e-009,0.981818,0,0,0,-0.00112387,0.0576458,-0.016629,0.640917,0.498028,1
1230,304.982,0,0,0,-1.21919e-008,5.96046e-009,0.981818,0,0,0,-0.00214416,0.057478,-0.0161386,0.640917,0.498028,1
1240,315.305,0,0,0,-1.21919e-008,5.96046e-009,0.981818,0,0,0,-0.00335276,0.0571518,-0.0157033,0.640917,0.498028,1
1250,312.956,0,0,0,-1.21919e-008,5.96046e-009,0.981818,0,0,0,-0.00409801,0.0569127,-0.01526,0.640917,0.498028,1
1260,304.508,0,0,0,-1.21919e-008,5.96046e-009,0.981818,0,0,0,-0.00438636,0.0566252,-0.0148093,0.640917,0.498028,1
1270,296.324,0,0,0,-1.21919e-008,5.96046e-009,0.981818,0,0,0,-0.0047263,0.0564898,-0.0147118,0.640917,0.498028,1
1280,300.381,0,0,0,-1.21919e-008,5.96046e-009,0.981818,0,0,0,-0.00524431,0.0566578,-0.0148541,0.640917,0.498028,1
1290,299.628,0,0,0,-1.21919e-008,5.96046e-009,0.981818,0,0,0,-0.00508833,0.0567375,-0.0151586,0.640917,0.498028,1
1300,300.067,0,0,0,-1.21919e-008,5.96046e-009,0.981818,0,0,0,-0.00418358,0.0563159,-0.0153365,0.641212,0.498131,1
1310,290.416,0,0,0,-1.21919e-008,5.96046e-009,0.981818,0,0,0,-0.00334392,0.055566,-0.0153644,0.641002,0.498141,1
1320,278.594,0,0,0,-1.21919e-008,5.96046e-009,0.981818,0,0,0,-0.00297812,0.0551841,-0.0150872,0.641033,0.498035,1
1330,262.25,0,0,0,-1.21919e-008,5.96046e-009,0.981818,0,0,0,-0.00265616,0.0553106,-0.0149159,0.641033,0.498035,1
1340,251.584,0,0,0,-1.21919e-008,5.96046e-009,0.981818,0,0,0,-0.002524,0.0557007,-0.0150437,0.641033,0.498035,1
1350,249.531,0,0,0,-1.21919e-008,5.96046e-009,0.981818,0,0,0,-0.00270524,0.0562348,-0.015557,0.641033,0.498035,1
1360,257.163,0,0,0,-1.21919e-008,5.96046e-009,0.981818,0,0,0,-0.00297117,0.0571844,-0.0160146,0.641033,0.498035,1
1370,282.922,0,0,0,-1.21919e-008,5.96046e-009,0.981818,0,0,0,-0.00320595,0.0581361,-0.0164338,0.641033,0.498035,1
1380,310.674,0,0,0,-1.21919e-008,5.96046e-009,0.981818,0,0,0,-0.00368443,0.0587633,-0.0168725,0.641033,0.498035,1
1390,331.112,0,0,0,-1.21919e-008,5.96046e-009,0.981818,0,0,0,-0.00414767,0.0591632,-0.0174469,0.641033,0.498035,1
1400,352.972,0,0,0,-1.21919e-008,5.96046e-009,0.981818,0,0,0,-0.00416498,0.0594835,-0.0178333,0.641033,0.498035,1
1410,375.619,0,0,0,-1.21919e-008,5.96046e-009,0.981818,0,0,0,-0.00390551,0.059225,-0.0181824,0.641033,0.498035,1
1420,384.335,0,0,0,-1.21919e-008,5.96046e-009,0.981818,0,0,0,-0.00378831,0.0584504,-0.0186459,0.641033,0.498035,1
1430,393.261,0,0,0,-1.21919e-008,5.96046e-009,0.981818,0,0,0,-0.00384204,0.0573443,-0.0196435,0.641033,0.498035,1
1440,383.53,0,0,0,-1.21919e-008,5.96046e-009,0.981818,0,0,0,-0.00382711,0.0559116,-0.0212182,0.641033,0.498035,1
1450,369.495,0,0,0,-1.21919e-008,5.96046e-009,0.981818,0,0,0,-0.00349877,0.0542836,-0.0232705,0.641033,0.498035,1
1460,339.905,0,0,0,-1.21919e-008,5.96046e-009,0.981818,0,0,0,-0.00303665,0.0532117,-0.0254839,0.641033,0.498035,1
1470,318.102,0,0,0,-1.21919e-008,5.96046e-009,0.981818,0,0,0,-0.00286069,0.0527071,-0.0277512,0.641024,0.498012,1
1480,299.071,0,0,0,-1.21919e-008,5.96046e-009,0.981818,0,0,0,-0.00289433,0.0524986,-0.0298376,0.640956,0.497805,1
1490,289.383,0,0,0,-1.21919e-008,5.96046e-009,0.981818,0,0,0,-0.0026349,0.0525767,-0.0318075,0.64086,0.49755,1
1500,276.801,0,0,0,-1.21919e-008,5.96046e-009,0.981818,0,0,0,-0.0021424,0.053108,-0.033918,0.640738,0.497248,1
1510,276.764,0,0,0,-1.21919e-008,5.96046e-009,0.981818,0,0,0,-0.00190405,0.0536296,-0.0362853,0.640597,0.496922,1
1520,292.898,0,0,0,-1.21919e-008,5.96046e-009,0.981818,0,0,0,-0.00192605,0.05395,-0.0385562,0.640433,0.496571,1
1530,312.139,0,0,0,-1.21919e-008,5.96046e-009,0.981818,0,0,0,-0.00196406,0.0542573,-0.0407068,0.640284,0.496269,1
1540,325.687,0,0,0,-1.21919e-008,5.96046e-009,0.981818,0,0,0,-0.00214823,0.0547475,-0.0430985,0.640136,0.495976,1
1550,338.542,0,0,0,-1.21919e-008,5.96046e-009,0.981818,0,0,0,-0.00237648,0.0549447,-0.0456181,0.640038,0.495804,1
1560,347.083,0,0,0,-1.21919e-008,5.96046e-009,0.981818,0,0,0,-0.00213429,0.054782,-0.0477599,0.640037,0.495809,1
1570,353.076,0,0,0,-1.21919e-008,5.96046e-009,0.981818,0,0,0,-0.00160518,0.0547164,-0.0495737,0.640037,0.495809,1
1580,363.545,0,0,0,-1.21919e-008,5.96046e-009,0.981818,0,0,0,-0.00150901,0.0548356,-0.0514657,0.640007,0.49588,1
1590,369.956,0,0,0,-1.21919e-008,5.96046e-009,0.981818,0,0,0,-0.00170593,0.0545732,-0.0531113,0.639914,0.496102,1
1600,375.681,0,0,0,-1.21919e-008,5.96046e-009,0.981818,0,0,0,-0.00164129,0.0540292,-0.0540819,0.639713,0.496573,1
1610,382.196,0,0,0,-1.21919e-008,5.96046e-009,0.981818,0,0,0,-0.00164162,0.0536941,-0.054656,0.639452,0.497182,1
1620,374.803,0,0,0,-1.21919e-008,5.96046e-009,0.981818,0,0,0,-0.00226419,0.0534335,-0.0553253,0.639259,0.497629,1
1630,354.061,0,0,0,-1.21919e-008,5.96046e-009,0.981818,0,0,0,-0.00320332,0.0530636,-0.0556175,0.639107,0.497977,1
1640,332.462,0,0,0,-1.21919e-008,5.96046e-009,0.981818,0,0,0,-0.00405693,0.0529796,-0.0550303,0.638975,0.498277,1
1650,315.874,0,0,0,-1.21919e-008,5.96046e-009,0.981818,0,0,0,-0.00488608,0.0533484,-0.0541221,0.638891,0.498464,1
1660,312.276,0,0,0,-1.21919e-008,5.96046e-009,0.981818,0,0,0,-0.00551191,0.0537079,-0.0538693,0.638828,0.498603,1
1670,314.869,0,0,0,-1.21919e-008,5.96046e-009,0.981818,0,0,0,-0.0053292,0.0540258,-0.0538839,0.638822,0.498617,1
1680,313.611,0,0,0,-1.21919e-008,5.96046e-009,0.981818,0,0,0,-0.00458428,0.0545302,-0.0534228,0.638822,0.498617,1
1690,293.262,0,0,0,-1.21919e-008,5.96046e-009,0.981818,0,0,0,-0.00415666,0.0552138,-0.0527304,0.638822,0.498617,1
1700,271.746,0,0,0,-1.21919e-008,5.96046e-009,0.981818,0,0,0,-0.0040363,0.0557602,-0.0525061,0.638822,0.498617,1
1710,254.392,0,0,0,-1.21919e-008,5.96046e-009,0.981818,0,0,0,-0.00350557,0.0560728,-0.0524224,0.638822,0.498617,1
1720,243.866,0,0,0,-1.21919e-008,5.96046e-009,0.981818,0,0,0,-0.00275284,0.0560723,-0.0520143,0.638822,0.498617,1
1730,244.806,0,0,0,-1.21919e-008,5.96046e-009,0.981818,0,0,0,-0.00242895,0.0559074,-0.0516538,0.638822,0.498617,1
1740,253.135,0,0,0,-1.21919e-008,5.96046e-009,0.981818,0,0,0,-0.00240206,0.0556567,-0.0520209,0.638822,0.498617,1
1750,258.803,0,0,0,-1.21919e-008,5.96046e-009,0.981818,0,0,0,-0.00226416,0.0554872,-0.0526227,0.638821,0.498618,1
1760,265.606,0,0,0,-1.21919e-008,5.96046e-009,0.981818,0,0,0,-0.00211288,0.0556107,-0.0526366,0.638537,0.499155,1
1770,270.353,0,0,0,-1.21919e-008,5.96046e-009,0.981818,0,0,0,-0.00198942,0.0560053,-0.0524559,0.638458,0.499302,1
1780,274.677,0,0,0,-1.21919e-008,5.96046e-009,0.981818,0,0,0,-0.00172357,0.0560971,-0.0531744,0.638351,0.499498,1
1790,285.901,0,0,0,-1.21919e-008,5.96046e-009,0.981818,0,0,0,-0.00144425,0.0555428,-0.0543375,0.638232,0.499716,1
1800,304.12,0,0,0,-1.21919e-008,5.96046e-009,0.981818,0,0,0,-0.00134169,0.0546333,-0.0547849,0.638232,0.499716,1
1810,326.326,0,0,0,-1.21919e-008,5.96046e-009,0.981818,0,0,0,-0.00118438,0.0538079,-0.0545831,0.638232,0.499716,1
1820,354.409,0,0,0,-1.21919e-008,5.96046e-009,0.981818,0,0,0,-0.00076771,0.0533369,-0.0545952,0.638232,0.499716,1
1830,371.307,0,0,0,-1.21919e-008,5.96046e-009,0.981818,0,0,0,-0.000505569,0.0533191,-0.0545398,0.638232,0.499716,1
1840,374.134,0,0,0,-1.21919e-008,5.96046e-009,0.981818,0,0,0,-0.00064399,0.0537161,-0.0539272,0.638229,0.499723,1
1850,357.195,0,0,0,-1.21919e-008,5.96046e-009,0.981818,0,0,0,-0.000890744,0.0541146,-0.0532313,0.638161,0.499871,1
1860,327.784,0,0,0,-1.21919e-008,5.96046e-009,0.981818,0,0,0,-0.00113977,0.0541107,-0.0530691,0.638091,0.500018,1
1870,293.9,0,0,0,-1.21919e-008,5.96046e-009,0.981818,0,0,0,-0.00175217,0.0535311,-0.0529734,0.638037,0.500138,1
1880,270.963,0,0,0,-1.21919e-008,5.96046e-009,0.981818,0,0,0,-0.00255871,0.0527453,-0.0522422,0.637946,0.500331,1
1890,267.566,0,0,0,-1.21919e-008,5.96046e-009,0.981818,0,0,0,-0.00306942,0.0520608,-0.0510662,0.637901,0.500425,1
1900,288.37,0,0,0,-1.21919e-008,5.96046e-009,0.981818,0,0,0,-0.00318351,0.0515947,-0.0501451,0.637901,0.500426,1
1910,316.808,0,0,0,-1.21919e-008,5.96046e-009,0.981818,0,0,0,-0.00305068,0.0513241,-0.0493936,0.637817,0.500589,1
1920,338.665,0,0,0,-1.21919e-008,5.96046e-009,0.981818,0,0,0,-0.00264062,0.0514221,-0.0481784,0.637678,0.500855,1
1930,344.03,0,0,0,-1.21919e-008,5.96046e-009,0.981818,0,0,0,-0.00200243,0.0517776,-0.0466774,0.637574,0.501048,1
1940,348.195,0,0,0,-1.21919e-008,5.96046e-009,0.981818,0,0,0,-0.00130155,0.0522327,-0.0455023,0.637502,0.501178,1
1950,331.518,0,0,0,-1.21919e-008,5.96046e-009,0.981818,0,0,0,-0.000640415,0.0528374,-0.0445142,0.637483,0.501212,1
1960,300.087,0,0,0,-1.21919e-008,5.96046e-009,0.981818,0,0,0,-7.13604e-005,0.0536876,-0.0432358,0.637483,0.501212,1
1970,262.758,0,0,0,-1.21919e-008,5.96046e-009,0.981818,0,0,0,0.000366321,0.0545873,-0.0418359,0.637483,0.501212,1
1980,244.39,0,0,0,-1.21919e-008,5.96046e-009,0.981818,0,0,0,0.000416007,0.0553888,-0.0405561,0.637483,0.501212,1
1990,259.156,0,0,0,-1.21919e-008,5.96046e-009,0.981818,0,0,0,-7.71947e-005,0.055984,-0.039105,0.637483,0.501212,1
2000,994.551,0,0,-6.88792,-0.000700196,0.0562616,0.978368,0,0,0,-0.00075737,0.0562753,-0.0373205,0.637905,0.501424,1
2010,998.429,0,0,-6.76818,-0.000700196,0.0562616,0.944199,0,0,0,-0.00104646,0.0562992,-0.0357876,0.638142,0.50165,1
2020,987.85,0,0,-6.65059,-0.000700196,0.0562616,0.910624,0,0,0,-0.00097794,0.0561257,-0.0349234,0.63856,0.502181,1
2030,948.396,0,0,-6.53646,-0.000700196,0.0562616,0.877629,0,0,0,-0.000911777,0.0557603,-0.0341646,0.638613,0.502325,1
2040,887.78,0,0,-6.42709,-0.000700196,0.0562616,0.845195,0,0,0,-0.00111321,0.0553468,-0.0329563,0.638612,0.50233,1
2050,819.248,0,0,-6.32371,-0.000700196,0.0562616,0.813295,0,0,0,-0.00145713,0.0550539,-0.0317095,0.638612,0.50233,1
2060,770.82,0,0,-6.22611,-0.000700196,0.0562616,0.781898,0,0,0,-0.00160918,0.0546914,-0.0309476,0.638612,0.50233,1
2070,755.176,0,0,-6.13231,-0.000700196,0.0562616,0.750979,0,0,0,-0.00133843,0.0542555,-0.0302163,0.638612,0.50233,1
2080,749.169,0,0,-6.04062,-0.000700196,0.0562616,0.720525,0,0,0,-0.00093006,0.053953,-0.029111,0.638612,0.50233,1
2090,745.985,0,0,-5.95059,-0.000700196,0.0562616,0.690525,0,0,0,-0.000648212,0.0537424,-0.0281431,0.638378,0.502245,1
2100,737.349,0,0,-5.86239,-0.000700196,0.0562616,0.660971,0,0,0,-0.00059839,0.0533951,-0.0277711,0.638378,0.502245,1
2110,723.459,0,0,-5.7765,-0.000700196,0.0562616,0.631854,0,0,0,-0.000613835,0.0531864,-0.0275588,0.638378,0.502245,1
2120,715.932,0,0,-5.69264,-0.000700196,0.0562616,0.603161,0,0,0,-0.000602516,0.0533246,-0.0272667,0.638378,0.502245,1
2130,703.492,0,0,-5.6109,-0.000700196,0.0562616,0.574882,0,0,0,-0.000586448,0.0536517,-0.0274042,0.638517,0.502049,1
2140,684.114,-2.07317e-007,-1.02662e-008,-5.53161,-0.000700196,0.0562616,0.547007,0.0167582,0.000829851,0.0339281,-0.000854572,0.0539673,-0.0282371,0.639002,0.501697,1
2150,662.778,-4.98078e-006,-4.51853e-007,-5.45535,-0.000700209,0.0562616,0.519522,0.0134516,0.0181624,0.0870832,-0.00131769,0.0542806,-0.0292125,0.639577,0.501552,1
2160,641.947,-8.78455e-006,-5.92096e-006,-5.38214,-0.000700243,0.0562616,0.492411,0.0183734,0.0267289,0.120348,-0.00157299,0.0543931,-0.0299195,0.640373,0.501436,1
2170,627.177,-1.39936e-005,-1.37388e-005,-5.31159,-0.000700299,0.0562616,0.46566,0.0197945,0.0266881,0.241166,-0.00132693,0.0543069,-0.0307169,0.640938,0.501312,1
2180,619.411,-1.94684e-005,-2.19879e-005,-5.24311,-0.000700382,0.0562615,0.439257,0.025799,0.0414558,0.41577,-0.000815364,0.0542343,-0.0319205,0.641148,0.50118,1
2190,610.384,-2.85438e-005,-3.7824e-005,-5.17647,-0.000700497,0.0562613,0.413192,0.176319,0.333648,1.48436,-0.000321444,0.0544121,-0.0331255,0.641394,0.500943,1
2200,609.413,-7.9251e-005,-0.000135887,-5.11143,-0.00070076,0.0562609,0.387457,0.241747,0.474491,1.98372,-8.11163e-005,0.054692,-0.0339362,0.641492,0.500797,1
2210,619.706,-0.000145027,-0.000270593,-5.04691,-0.000701319,0.0562599,0.362045,0.14047,0.404785,3.53057,-0.000242094,0.0548842,-0.0347522,0.641492,0.500797,1
2220,627.312,-0.000174426,-0.000391125,-4.98257,-0.000702125,0.0562583,0.336955,-0.0627781,0.872739,6.14563,-0.000841701,0.0548756,-0.0360719,0.641492,0.500797,1
2230,620.343,-0.00015688,-0.000637995,-4.91979,-0.00070294,0.0562558,0.312184,0.564877,1.58519,10.5845,-0.00151958,0.0547708,-0.0375517,0.641487,0.500542,1
2240,601.071,-0.000294737,-0.00106007,-4.86035,-0.000704079,0.0562515,0.287719,0.149114,1.37346,14.1062,-0.00188192,0.0544988,-0.0386958,0.641435,0.500211,1
2250,572.338,-0.000329563,-0.00140907,-4.80509,-0.000705638,0.0562454,0.263542,0.169779,1.54194,16.3013,-0.00188305,0.0540924,-0.0396383,0.641344,0.499942,1
2260,547.348,-0.000370441,-0.00176607,-4.75398,-0.000707392,0.0562374,0.239633,0.000753693,1.43352,18.4491,-0.00160342,0.0537256,-0.040662,0.641335,0.499919,1
2270,532.733,-0.000355792,-0.002022,-4.70626,-0.000709221,0.0562278,0.21597,-0.199248,0.451038,19.6976,-0.000941969,0.053534,-0.041556,0.641251,0.499642,1
2280,522.286,-0.000238628,-0.0019039,-4.66051,-0.00071078,0.0562178,0.192541,-0.828548,-1.21761,18.7844,-2.52354e-005,0.0534216,-0.0421866,0.641223,0.499498,1
2290,513.8,0.000203553,-0.00120598,-4.61579,-0.000711089,0.0562097,0.169338,-2.94327,-4.65305,13.4177,0.000689476,0.0534948,-0.0429331,0.641182,0.499196,1
2300,509.451,0.00135274,0.00046219,-4.5704,-0.000707599,0.0562074,0.14636,-6.74733,-8.88287,3.0329,0.000986188,0.0538422,-0.0440888,0.64115,0.498795,1
2310,510.852,0.00370698,0.00326724,-4.52237,-0.000695537,0.0562162,0.123615,-12.4096,-13.9192,-13.7028,0.00098731,0.0542178,-0.0453282,0.641156,0.498591,1
2320,512.547,0.00735857,0.00663365,-4.46965,-0.000668378,0.0562412,0.101121,-17.4166,-12.3522,-35.372,0.000751365,0.054437,-0.0463512,0.641156,0.498591,1
2330,506.287,0.011622,0.00910799,-4.4124,-0.000620706,0.056281,0.0789026,-15.6011,-7.60507,-57.0394,0.000237556,0.0546447,-0.0473529,0.641156,0.498591,1
2340,486.857,0.0139138,0.0101443,-4.35226,-0.000555475,0.0563296,0.0569793,-2.82204,-3.85281,-77.4354,-0.000427598,0.0548621,-0.0485509,0.641156,0.498591,1
2350,465.323,0.0125626,0.0120429,-4.29147,-0.00048766,0.0563841,0.0353602,12.5203,-13.5939,-90.2355,-0.00107872,0.0549031,-0.0497473,0.641156,0.498591,1
2360,446.108,0.00661779,0.0175923,-4.23129,-0.000437043,0.0564561,0.0140442,37.2169,-34.1042,-103.944,-0.00146167,0.0549023,-0.0507128,0.641156,0.498591,1
2370,436.304,-0.0031047,0.0296301,-4.17036,-0.000429041,0.0565706,-0.00696908,31.2478,-68.3255,-119.999,-0.00142467,0.0551032,-0.0516374,0.641156,0.498591,1
2380,433.223,-0.00923946,0.0501843,-4.10465,-0.000460477,0.056768,-0.0276678,24.8761,-89.3523,-153.389,-0.0010782,0.0554956,-0.0526474,0.641164,0.498423,1
2390,434.362,-0.0143308,0.0693791,-4.03037,-0.000520427,0.0570694,-0.0480175,18.6937,-66.076,-195.879,-0.000676683,0.055812,-0.0535496,0.641164,0.498137,1
2400,434.999,-0.026144,0.0747471,-3.94398,-0.000613389,0.0574413,-0.0679669,95.7944,42.6926,-253.147,-0.000195112,0.0560491,-0.0541366,0.641152,0.497816,1
2410,426.146,-0.066717,0.0364983,-3.84455,-0.000829888,0.0577446,-0.0874503,248.792,283.389,-305.644,0.000335531,0.0561416,-0.0546251,0.641131,0.497561,1
2420,414.83,-0.159217,-0.0791948,-3.73951,-0.00136622,0.0576787,-0.106417,520.713,669.399,-314.179,0.000756385,0.0559846,-0.0550653,0.641098,0.497337,1
2430,402.657,-0.321518,-0.286917,-3.645,-0.0025409,0.0567949,-0.124875,782.863,971.947,-232.041,0.000754405,0.0555196,-0.055272,0.641053,0.497146,1
2440,393.026,-0.524367,-0.522894,-3.5851,-0.00465196,0.054759,-0.142937,827.175,874.914,-68.35,0.000268176,0.0551531,-0.0550348,0.640987,0.496982,1
2450,388.997,-0.704071,-0.684928,-3.56587,-0.00774575,0.0516915,-0.160805,627.969,439.262,68.1397,-0.000516033,0.0550124,-0.0546051,0.640917,0.496746,1
2460,388.288,-0.824309,-0.73817,-3.57086,-0.0115939,0.048092,-0.178646,384.489,55.0313,124.218,-0.00103515,0.054926,-0.054076,0.640892,0.496622,1
2470,389.048,-0.890399,-0.721204,-3.58257,-0.0159014,0.0444235,-0.196534,200.085,-127.056,130.589,-0.000990066,0.0546437,-0.0533932,0.640892,0.496622,1
2480,390.357,-0.918215,-0.678956,-3.59288,-0.0204375,0.0409183,-0.21448,74.7111,-165.266,117.718,-0.000374178,0.0544229,-0.0524632,0.640892,0.496622,1
2490,391.743,-0.920214,-0.636609,-3.59884,-0.0250438,0.0376312,-0.232466,-9.30501,-140.216,99.5325,0.000424026,0.054306,-0.0517357,0.640892,0.496622,1
2500,392.984,-0.905492,-0.603144,-3.59989,-0.0296148,0.0345352,-0.25047,-61.0209,-100.416,81.45,0.00106743,0.0541988,-0.0515283,0.640892,0.496622,1
2510,381.134,-0.88174,-0.57926,-3.59774,-0.0340865,0.0315821,-0.26847,-85.2775,-66.8204,66.8194,0.00140925,0.0541331,-0.0517605,0.640885,0.496598,1
2520,358.504,-0.855672,-0.562991,-3.59589,-0.038431,0.0287284,-0.286458,-89.488,-44.692,54.315,0.0017107,0.0544384,-0.0519619,0.640877,0.496574,1
2530,339.178,-0.831626,-0.551818,-3.59571,-0.0426484,0.0259426,-0.304439,-79.4805,-31.4827,43.4153,0.00194604,0.0549904,-0.0521349,0.640877,0.496574,1
2540,335.925,-0.811717,-0.543595,-3.59566,-0.0467555,0.0232046,-0.322421,-62.7754,-23.7767,33.4678,0.00188853,0.0555608,-0.0524087,0.640877,0.496574,1
2550,351.805,-0.795778,-0.536591,-3.59126,-0.0507734,0.0205039,-0.340394,-45.433,-18.8653,23.8286,0.00144543,0.0560873,-0.0528846,0.640811,0.496436,1
2560,369.767,-0.783066,-0.530028,-3.58064,-0.0547201,0.0178369,-0.35833,-30.4122,-15.7639,14.9904,0.00094308,0.0566805,-0.0534656,0.640746,0.496314,1
2570,380.784,-0.773043,-0.523773,-3.56526,-0.0586103,0.0152019,-0.376201,-19.6512,-12.7899,8.55454,0.00062548,0.0570952,-0.0542573,0.64063,0.49613,1
2580,380.362,-0.765095,-0.518115,-3.54766,-0.0624558,0.0125968,-0.393988,-11.319,-10.1123,3.88455,0.000610262,0.0572933,-0.0552171,0.640492,0.495925,1
2590,371.168,-0.759097,-0.513277,-3.53024,-0.0662666,0.010018,-0.411687,-6.29219,-8.19412,0.414911,0.000857475,0.0575494,-0.0562595,0.640408,0.495773,1
2600,360.959,-0.754544,-0.509217,-3.51424,-0.0700511,0.00746153,-0.429302,-3.61561,-6.21347,-1.80491,0.00130553,0.0579869,-0.057214,0.640398,0.49575,1
2610,349.2,-0.750981,-0.505946,-3.50005,-0.0738152,0.00492347,-0.44684,-2.04524,-4.8545,-2.74724,0.00183525,0.0581206,-0.0581584,0.640398,0.49575,1
2620,340.183,-0.748246,-0.503368,-3.4881,-0.0775635,0.0024001,-0.464312,-0.917443,-2.77974,-3.63789,0.00235824,0.0577878,-0.0591124,0.640398,0.49575,1
2630,341.989,-0.745911,-0.501381,-3.47675,-0.0812995,-0.000112021,-0.481727,0.0401735,-1.45124,-4.36999,0.00285749,0.0573547,-0.0599394,0.640398,0.49575,1
2640,347.01,-0.743555,-0.499541,-3.46429,-0.0850238,-0.00261468,-0.499083,0.430696,-0.367161,-5.06251,0.00327731,0.0571199,-0.0602925,0.640398,0.49575,1
2650,353.944,-0.740996,-0.497733,-3.45051,-0.0887359,-0.00510833,-0.516374,0.576153,0.334993,-4.58914,0.00337579,0.0568736,-0.0602816,0.640398,0.49575,1
2660,364.271,-0.738084,-0.495799,-3.43518,-0.0924346,-0.00759277,-0.533592,0.528446,0.54885,-4.41643,0.00306415,0.0566338,-0.0601712,0.640398,0.49575,1
2670,369.594,-0.734794,-0.493649,-3.41828,-0.0961177,-0.010067,-0.55073,0.546217,0.692359,-3.75975,0.00273353,0.0565961,-0.0599619,0.640398,0.49575,1
2680,365.88,-0.731507,-0.491516,-3.40159,-0.0997843,-0.0125305,-0.567783,0.370969,0.412438,-2.79727,0.00268207,0.0566168,-0.0594478,0.640398,0.49575,1
2690,358.216,-0.728491,-0.489527,-3.38655,-0.103435,-0.0149835,-0.584757,0.27272,0.319271,-2.36279,0.0027159,0.056378,-0.0588644,0.640398,0.49575,1
2700,350.053,-0.725762,-0.487724,-3.37307,-0.107071,-0.017427,-0.601658,0.187881,0.403279,-1.71522,0.00261882,0.0560836,-0.0583998,0.6404,0.495495,1
2710,339.166,-0.72348,-0.486248,-3.36189,-0.110695,-0.0198622,-0.618497,0.283251,0.194253,-1.19611,0.00263278,0.0560697,-0.0579692,0.640397,0.495253,1
2720,326.934,-0.721789,-0.485111,-3.35348,-0.114308,-0.0222907,-0.635287,0.219633,0.13726,-0.981788,0.0029239,0.0561943,-0.057489,0.640392,0.495142,1
2730,321.493,-0.72055,-0.484274,-3.34727,-0.117914,-0.0247143,-0.652039,0.169849,0.0986248,-0.808146,0.00344788,0.0562714,-0.0572074,0.640392,0.495142,1
2740,329.773,-0.719217,-0.483376,-3.34074,-0.121514,-0.0271338,-0.668762,0.0093386,0.126242,-0.359703,0.00403745,0.0565002,-0.0571771,0.640392,0.495142,1
2750,351.711,-0.71707,-0.481959,-3.33068,-0.125106,-0.0295478,-0.685445,0,0,0,0.00450448,0.0569947,-0.0572143,0.640392,0.495142,1
2760,374.783,-0.713875,-0.479811,-3.31584,-0.128684,-0.031953,-0.702067,0,0,0,0.00454785,0.0573551,-0.0571481,0.640392,0.495142,1
2770,380.877,-0.710134,-0.477297,-3.29847,-0.132245,-0.0343465,-0.718607,0,0,0,0.00426651,0.057356,-0.0571442,0.640392,0.495142,1
2780,369.44,-0.706567,-0.474899,-3.2819,-0.135788,-0.0367274,-0.735061,0,0,0,0.00395442,0.0572459,-0.0572148,0.640392,0.495142,1
2790,353.696,-0.703598,-0.472904,-3.26811,-0.139314,-0.0390973,-0.751438,0,0,0,0.00389575,0.0573028,-0.0571455,0.640392,0.495142,1
2800,335.718,-0.701364,-0.471402,-3.25773,-0.142826,-0.0414582,-0.767754,0,0,0,0.00410772,0.0573803,-0.0567212,0.640392,0.495142,1
2810,325.3,-0.699813,-0.47036,-3.25053,-0.146329,-0.0438127,-0.784026,0,0,0,0.00452956,0.0575108,-0.0561832,0.640341,0.494956,1
2820,324.811,-0.698509,-0.469484,-3.24447,-0.149825,-0.0461625,-0.800265,0,0,0,0.00482213,0.0577879,-0.0556032,0.640238,0.494604,1
2830,329.039,-0.697054,-0.468506,-3.23771,-0.153315,-0.0485078,-0.816472,0,0,0,0.00493736,0.0580194,-0.0547859,0.640175,0.494412,1
2840,334.862,-0.695365,-0.467371,-3.22987,-0.156796,-0.0508479,-0.832644,0,0,0,0.00509171,0.0577668,-0.053605,0.640121,0.494231,1
2850,333.62,-0.693553,-0.466152,-3.22145,-0.160269,-0.0531819,-0.848774,0,0,0,0.00543032,0.057298,-0.0523421,0.64008,0.494076,1
2860,325.299,-0.69199,-0.465102,-3.21419,-0.163733,-0.0555102,-0.864864,0,0,0,0.0056493,0.0571392,-0.0510143,0.64008,0.494076,1
2870,310.817,-0.69103,-0.464456,-3.20973,-0.167191,-0.0578341,-0.880923,0,0,0,0.00562727,0.0574153,-0.0495233,0.64008,0.494076,1
2880,295.832,-0.690913,-0.464378,-3.20919,-0.170645,-0.0601559,-0.896969,0,0,0,0.00539216,0.0577823,-0.0479885,0.64008,0.494076,1
2890,288.942,-0.69142,-0.464719,-3.21154,-0.174101,-0.0624785,-0.91302,0,0,0,0.00510652,0.0581769,-0.0468004,0.64008,0.494076,1
2900,293.944,-0.691972,-0.46509,-3.21411,-0.177559,-0.064803,-0.929084,0,0,0,0.00489921,0.0584202,-0.0459738,0.64008,0.494076,1
2910,304.37,-0.692027,-0.465127,-3.21436,-0.181019,-0.0671287,-0.945156,0,0,0,0.00498535,0.0582572,-0.0452819,0.64008,0.494076,1
2920,325.2,-0.691175,-0.464554,-3.2104,-0.184478,-0.0694534,-0.961221,0,0,0,0.00538345,0.0577934,-0.0446997,0.64008,0.494076,1
2930,344.101,-0.689349,-0.463327,-3.20192,-0.18793,-0.0717736,-0.977256,0,0,0,0.00603389,0.057708,-0.0444823,0.64008,0.494076,1
2940,352.786,-0.686857,-0.461652,-3.19035,-0.191372,-0.0740866,-0.99324,0,0,0,0.00674196,0.0581398,-0.04461,0.64008,0.494076,1
2950,344.31,-0.684455,-0.460037,-3.17919,-0.1948,-0.0763911,0.990834,0,0,0,0.00739015,0.0586086,-0.0447233,0.64008,0.494076,1
2960,331.53,-0.682562,-0.458765,-3.1704,-0.198218,-0.0786883,0.974959,0,0,0,0.00786256,0.0587118,-0.0447207,0.64008,0.494076,1
2970,317.746,-0.681317,-0.457928,-3.16462,-0.201628,-0.08098,0.959122,0,0,0,0.00792857,0.0586495,-0.0447702,0.64008,0.494076,1
2980,311.18,-0.680565,-0.457423,-3.16112,-0.205032,-0.0832684,0.943307,0,0,0,0.00751825,0.0586017,-0.0448879,0.64008,0.494076,1
2990,307.224,-0.680105,-0.457114,-3.15898,-0.208434,-0.0855548,0.927507,0,0,0,0.00702,0.0585094,-0.0448048,0.64008,0.494076,1
3000,304.4,-0.679764,-0.456884,-3.1574,-0.211834,-0.0878398,0.911715,0,0,0,0.00667551,0.0582646,-0.0446015,0.640191,0.494716,1
3010,307.701,-0.679453,-0.456676,-3.15596,-0.215232,-0.0901238,0.895931,0,0,0,0.00625519,0.0580232,-0.0443472,0.640348,0.495144,1
3020,301.613,-0.679128,-0.456457,-3.15445,-0.218628,-0.0924066,0.880156,0,0,0,0.0058861,0.0578907,-0.0438926,0.640615,0.495724,1
3030,292.739,-0.67933,-0.456592,-3.15538,-0.222024,-0.094689,0.864382,0,0,0,0.00598169,0.0578307,-0.0429881,0.640857,0.496231,1
3040,290.052,-0.679868,-0.456954,-3.15788,-0.225422,-0.0969728,0.8486,0,0,0,0.00637605,0.0578475,-0.0419777,0.641126,0.49679,1
3050,294.202,-0.680319,-0.457257,-3.15998,-0.228823,-0.0992583,0.832805,0,0,0,0.0066894,0.0579388,-0.0410031,0.641423,0.497405,1
3060,297.166,-0.680525,-0.457396,-3.16094,-0.232225,-0.101545,0.817003,0,0,0,0.00716803,0.0579469,-0.0399942,0.641686,0.498014,1
3070,300.983,-0.680551,-0.457414,-3.16106,-0.235628,-0.103832,0.801198,0,0,0,0.00792914,0.0577323,-0.0388015,0.641908,0.498608,1
3080,293.32,-0.680671,-0.457494,-3.16161,-0.23903,-0.106119,0.785392,0,0,0,0.00859433,0.057545,-0.0377143,0.642054,0.499054,1
3090,283.791,-0.681363,-0.457959,-3.16483,-0.242435,-0.108407,0.769578,0,0,0,0.00895065,0.0576546,-0.0367386,0.642122,0.499356,1
3100,268.53,-0.682878,-0.458978,-3.17187,-0.245845,-0.110699,0.75374,0,0,0,0.00914071,0.0580462,-0.0359092,0.642156,0.499637,1
3110,256.444,-0.685389,-0.460665,-3.18353,-0.249264,-0.112998,0.737856,0,0,0,0.00899613,0.0584559,-0.0352349,0.642164,0.499923,1
3120,250.923,-0.688598,-0.462822,-3.19844,-0.252698,-0.115306,0.721906,0,0,0,0.00827535,0.0588728,-0.0349906,0.642156,0.500221,1
3130,255.441,-0.691862,-0.465016,-3.21359,-0.256149,-0.117625,0.705879,0,0,0,0.00716183,0.0592752,-0.0350284,0.642162,0.500429,1
3140,273.001,-0.694183,-0.466576,-3.22437,-0.259614,-0.119954,0.689784,0,0,0,0.00623505,0.0595151,-0.0351289,0.64217,0.500481,1
3150,290.733,-0.695234,-0.467282,-3.22926,-0.263088,-0.122289,0.673649,0,0,0,0.0059022,0.059472,-0.0352109,0.64218,0.500519,1
3160,302.223,-0.695372,-0.467375,-3.2299,-0.266565,-0.124625,0.6575,0,0,0,0.00621523,0.0593717,-0.0356292,0.642209,0.500607,1
3170,307.055,-0.695059,-0.467165,-3.22844,-0.270041,-0.126962,0.641353,0,0,0,0.00679969,0.0591623,-0.0363119,0.64223,0.500657,1
3180,306.562,-0.694671,-0.466904,-3.22664,-0.273515,-0.129297,0.625215,-0.0114679,0.00427741,0.0362404,0.00728026,0.0586088,-0.0369432,0.642274,0.500733,1
3190,296.977,-0.694527,-0.46681,-3.226,-0.276988,-0.131631,0.609085,-0.0145219,0.00481575,0.0435602,0.00747547,0.0579193,-0.0374139,0.642304,0.500771,1
3200,281.73,-0.695226,-0.467284,-3.22928,-0.280462,-0.133966,0.592949,-0.0184952,0.0054945,0.0526228,0.00745163,0.0577127,-0.038016,0.642304,0.500771,1
3210,271.083,-0.696818,-0.468359,-3.23671,-0.283941,-0.136305,0.576787,-0.0234737,0.00670279,0.0632964,0.00733437,0.0578315,-0.0386872,0.642304,0.500771,1
3220,269.988,-0.698736,-0.469655,-3.24567,-0.28743,-0.138649,0.560584,-0.0299626,0.008281,0.0764272,0.00726481,0.0577311,-0.0392202,0.642304,0.500771,1
3230,274.142,-0.700554,-0.470885,-3.25417,-0.290927,-0.141001,0.544336,-0.0387092,0.00990378,0.0928601,0.00733235,0.057529,-0.0395506,0.642304,0.500771,1
3240,278.703,-0.702029,-0.471886,-3.2611,-0.294434,-0.143357,0.528049,-0.0501484,0.0117127,0.112825,0.00765009,0.0576739,-0.0397463,0.642304,0.500771,1
3250,284.347,-0.703137,-0.472643,-3.26634,-0.297946,-0.145719,0.511731,-0.0661877,0.0142333,0.139394,0.00812954,0.0580291,-0.0397841,0.642304,0.500771,1
3260,290.96,-0.703888,-0.473167,-3.26999,-0.301464,-0.148083,0.49539,-0.266121,0.0447921,1.85894,0.00862158,0.0583848,-0.0397068,0.642312,0.500795,1
3270,296.232,-0.704158,-0.473414,-3.27212,-0.304984,-0.15045,0.479034,-0.311114,0.227762,2.80146,0.00895832,0.0590194,-0.0396046,0.642315,0.500853,1
3280,298.793,-0.704185,-0.473551,-3.27343,-0.308505,-0.152817,0.46267,-0.240866,0.154656,3.9699,0.00906655,0.0598215,-0.0395462,0.642313,0.501057,1
3290,300.716,-0.704154,-0.473622,-3.27471,-0.312026,-0.155185,0.4463,-0.184124,0.345826,5.30608,0.00888018,0.0602099,-0.0394947,0.642295,0.501132,1
3300,300.736,-0.704022,-0.473666,-3.27583,-0.315546,-0.157553,0.429924,-0.0273887,0.444616,6.95789,0.00864498,0.0601119,-0.0393125,0.642258,0.501235,1
3310,302.021,-0.703913,-0.473726,-3.27733,-0.319066,-0.159922,0.413541,-0.238001,0.571796,9.38484,0.00856551,0.0601614,-0.0391484,0.642194,0.501391,1
3320,295.562,-0.703907,-0.473926,-3.2802,-0.322586,-0.162291,0.397148,-0.855595,0.760903,11.7559,0.00862885,0.0603198,-0.0393759,0.64219,0.501426,1
3330,286.99,-0.704192,-0.474477,-3.28572,-0.326106,-0.164662,0.380735,-1.2008,1.15567,13.6398,0.00862403,0.0601642,-0.0401697,0.64219,0.501426,1
3340,277.258,-0.705078,-0.475573,-3.29474,-0.329628,-0.167036,0.364286,-0.616505,1.30455,15.2271,0.00852901,0.0598077,-0.0412338,0.64219,0.501426,1
3350,274.957,-0.706553,-0.476966,-3.30585,-0.333157,-0.169417,0.347787,-0.201271,0.938103,14.3872,0.0084022,0.0598247,-0.0424126,0.64219,0.501426,1
3360,276.496,-0.708136,-0.478198,-3.31594,-0.336693,-0.171805,0.331234,1.21494,1.02312,9.09754,0.00841841,0.0600205,-0.0435773,0.64219,0.501426,1
3370,275.87,-0.710213,-0.47936,-3.3236,-0.340238,-0.174199,0.314635,3.8054,-0.256538,-6.93627,0.00870273,0.0600936,-0.0446357,0.64219,0.501426,1
3380,275.602,-0.713289,-0.47992,-3.32492,-0.343796,-0.176597,0.298011,8.86881,-4.78295,-48.5003,0.00932731,0.0601623,-0.045466,0.64219,0.501426,1
3390,275.108,-0.718305,-0.478248,-3.30913,-0.347374,-0.178994,0.281417,21.3251,-19.6956,-150.782,0.0100986,0.060414,-0.0462529,0.64219,0.501426,1
3400,263.307,-0.729255,-0.470153,-3.25481,-0.350988,-0.181369,0.264985,56.0562,-64.3656,-399.961,0.0106748,0.0603931,-0.0468181,0.64219,0.501426,1
3410,245.76,-0.756533,-0.443866,-3.10785,-0.354691,-0.183665,0.249025,152.872,-181.304,-973.784,0.0108634,0.0600858,-0.0469451,0.64219,0.501426,1
3420,218.553,-0.824905,-0.373752,-2.76201,-0.358618,-0.185735,0.234241,377.561,-436.618,-2090.35,0.010883,0.0598841,-0.0464731,0.642088,0.501591,1
3430,183.232,-0.969025,-0.223903,-2.09353,-0.363063,-0.187267,0.221959,688.932,-803.354,-3530.96,0.0109811,0.05986,-0.0458427,0.642067,0.501617,1
3440,168.65,-1.17932,-0.000149801,-1.14036,-0.368416,-0.187844,0.213808,783.176,-945.001,-4171.76,0.011167,0.0595119,-0.0452431,0.642065,0.501619,1
3450,187.427,-1.36887,0.206697,-0.174035,-0.374809,-0.187298,0.210582,527.59,-656.983,-3569.79,0.0114007,0.0589617,-0.0447617,0.642018,0.501661,1
3460,215.161,-1.47434,0.323285,0.591696,-0.381951,-0.185933,0.211726,196.419,-271.717,-2593.83,0.0116554,0.0587435,-0.0442473,0.641846,0.501796,1
3470,239.487,-1.50653,0.360206,1.13586,-0.389423,-0.1842,0.216128,-3.04704,-32.9547,-1778.93,0.0117944,0.0589787,-0.0440444,0.641593,0.501974,1
3480,261.628,-1.50358,0.356593,1.50304,-0.396954,-0.182398,0.22279,-61.3008,56.2149,-1163.27,0.0117246,0.0592736,-0.0441951,0.641278,0.502177,1
3490,275.402,-1.49317,0.341901,1.73726,-0.404445,-0.180652,0.230937,-50.5598,62.4106,-717.413,0.0116683,0.0596176,-0.0446631,0.640855,0.502434,1
3500,282.187,-1.48624,0.329096,1.8785,-0.41189,-0.178976,0.240007,-27.4842,44.7129,-417.997,0.0117689,0.0601405,-0.0451594,0.640419,0.502694,1
3510,280.264,-1.48397,0.320851,1.96003,-0.419314,-0.177353,0.249622,-12.1368,26.9757,-230.012,0.0120396,0.0605465,-0.0457872,0.640224,0.5028,1
3520,278.437,-1.48475,0.316422,2.00561,-0.426734,-0.175762,0.259547,-5.03556,14.612,-117.951,0.0123893,0.0605822,-0.0463078,0.640224,0.5028,1
3530,283.177,-1.48644,0.314288,2.02972,-0.434161,-0.174186,0.269641,-2.42475,7.72532,-54.7866,0.0128475,0.0605295,-0.0467792,0.640224,0.5028,1
3540,283.573,-1.48812,0.313314,2.04154,-0.441597,-0.172617,0.279822,-1.32492,4.09478,-20.4385,0.0133396,0.0606042,-0.0473555,0.640224,0.5028,1
3550,289.541,-1.48954,0.312908,2.0464,-0.449041,-0.171052,0.290044,-0.67299,2.13051,-1.9938,0.0137352,0.0605579,-0.0484058,0.640224,0.5028,1
3560,289.891,-1.49059,0.312768,2.04718,-0.456491,-0.169488,0.300279,-0.562318,0.837631,7.95144,0.0138826,0.0604437,-0.0495474,0.640224,0.5028,1
3570,278.349,-1.49255,0.31307,2.04736,-0.463948,-0.167923,0.310514,-0.537843,-0.0463296,12.9401,0.013976,0.0605237,-0.050477,0.640224,0.5028,1
3580,274.284,-1.49577,0.313818,2.04838,-0.471417,-0.166356,0.320752,-0.567576,-0.39257,15.3638,0.0142014,0.060681,-0.051006,0.640224,0.5028,1
3590,273.502,-1.49931,0.314701,2.04945,-0.478904,-0.164785,0.330995,-0.407586,-0.208705,16.0831,0.0145861,0.0604017,-0.0513755,0.640224,0.5028,1
3600,284.201,-1.50208,0.315376,2.04936,-0.486408,-0.16321,0.341242,-0.429903,-0.351313,16.2811,0.0149576,0.0597024,-0.0516248,0.640224,0.5028,1
3610,295.955,-1.50311,0.315716,2.04691,-0.493921,-0.161632,0.351483,-0.25813,-0.663392,15.5623,0.0153006,0.0590291,-0.0519639,0.640224,0.5028,1
3620,296.475,-1.50343,0.315957,2.04367,-0.501437,-0.160053,0.36171,0.233959,-0.471231,14.1324,0.0155028,0.0587652,-0.0523262,0.640219,0.502776,1
3630,285.594,-1.50457,0.3163,2.04178,-0.508956,-0.158473,0.371922,0.124323,-0.0943252,12.8717,0.0154788,0.0587878,-0.0526992,0.640219,0.502751,1
3640,276.643,-1.50733,0.316898,2.04244,-0.516485,-0.15689,0.382131,-0.215397,-0.225214,11.465,0.0152625,0.0588544,-0.0529728,0.640241,0.502538,1
3650,274.338,-1.51075,0.317677,2.04443,-0.524029,-0.155304,0.392346,-0.225496,-0.163016,10.409,0.0151783,0.0588041,-0.0533923,0.640274,0.502259,1
3660,280.013,-1.51377,0.318361,2.04616,-0.53159,-0.153714,0.402572,-0.271502,-0.378983,8.96606,0.0153138,0.0586699,-0.0541878,0.640297,0.502012,1
3670,283.572,-1.51614,0.318955,2.04734,-0.539164,-0.152121,0.412805,-0.271628,-0.288486,8.03633,0.0156033,0.0583731,-0.0554361,0.640318,0.501731,1
3680,286.929,-1.51801,0.319424,2.04808,-0.546749,-0.150525,0.423043,0.0339736,-0.21483,5.98091,0.0160224,0.0580164,-0.0568931,0.640343,0.501366,1
3690,293.134,-1.51936,0.319752,2.04849,-0.554343,-0.148927,0.433285,-0.0127823,-0.149958,5.37088,0.0167143,0.0577893,-0.0585396,0.640366,0.50106,1
3700,308.536,-1.51921,0.319749,2.04706,-0.56194,-0.147328,0.443525,-0.0369471,0.268007,3.46589,0.0174931,0.05781,-0.0605192,0.640399,0.500754,1
3710,315.531,-1.51759,0.319347,2.04409,-0.569533,-0.14573,0.453754,-0.0674072,0.24632,3.06471,0.0180707,0.0581381,-0.062861,0.640451,0.500369,1
3720,320.184,-1.51539,0.318831,2.04044,-0.577116,-0.144134,0.463966,0.000772417,0.0541158,2.23861,0.0184125,0.0589365,-0.0654648,0.640507,0.50003,1
3730,318.514,-1.51308,0.318331,2.03681,-0.584688,-0.142541,0.47416,-0.0188484,0.0615519,1.96258,0.0188545,0.0599401,-0.0682599,0.640575,0.499684,1
3740,313.737,-1.51111,0.317901,2.03371,-0.592248,-0.140951,0.484336,0.0729722,0.134165,1.25871,0.0195471,0.0605872,-0.071086,0.640657,0.499312,1
3750,309.877,-1.50982,0.317596,2.03167,-0.599801,-0.139362,0.4945,0.0498741,0.117936,1.10214,0.0202618,0.060636,-0.0736286,0.640722,0.499067,1
3760,314.896,-1.50835,0.317258,2.02943,-0.607347,-0.137775,0.504653,0,0,0,0.0205666,0.0603773,-0.0759322,0.640775,0.498895,1
3770,323.196,-1.50606,0.316776,2.02635,-0.614884,-0.136189,0.514794,0,0,0,0.0205017,0.0601794,-0.0781622,0.640847,0.498686,1
3780,323.153,-1.50324,0.316184,2.02256,-0.622408,-0.134607,0.524917,0,0,0,0.0204077,0.0602276,-0.0802998,0.640888,0.498548,1
3790,321.117,-1.50076,0.315661,2.01922,-0.629918,-0.133027,0.535023,0,0,0,0.0203188,0.0604006,-0.082021,0.640888,0.498548,1
3800,332.082,-1.49774,0.315026,2.01516,-0.637416,-0.13145,0.54511,0,0,0,0.0201092,0.0603744,-0.0833824,0.640888,0.498548,1
3810,339.07,-1.4936,0.314156,2.00959,0.636881,-0.129877,0.555174,0,0,0,0.0200769,0.0602181,-0.0845233,0.640888,0.498548,1
3820,330.569,-1.48964,0.313323,2.00427,0.629423,-0.128308,0.565209,0,0,0,0.0203691,0.0603279,-0.085703,0.640888,0.498548,1
3830,315.799,-1.48707,0.312782,2.0008,0.621981,-0.126743,0.575222,0,0,0,0.0205993,0.0609058,-0.0869187,0.640906,0.498432,1
3840,299.6,-1.48618,0.312595,1.99961,0.614548,-0.125179,0.585222,0,0,0,0.0205659,0.0616007,-0.0882781,0.640922,0.498311,1
3850,285.652,-1.48727,0.312826,2.00108,0.607116,-0.123616,0.595223,0,0,0,0.0206012,0.0620725,-0.0896429,0.640922,0.498311,1
3860,280.57,-1.48966,0.313328,2.00429,0.599674,-0.122051,0.605235,0,0,0,0.0207881,0.0620425,-0.0909288,0.640923,0.498286,1
3870,281.791,-1.49212,0.313846,2.00761,0.59222,-0.120483,0.615264,0,0,0,0.0208821,0.0616568,-0.0918942,0.640924,0.498031,1
3880,291.458,-1.49392,0.314224,2.01002,0.584755,-0.118913,0.625308,0,0,0,0.0209379,0.0612362,-0.0928135,0.640933,0.497764,1
3890,303.812,-1.49412,0.314266,2.0103,0.577284,-0.117342,0.63536,0,0,0,0.0213943,0.0610357,-0.0939338,0.640948,0.497503,1
3900,316.198,-1.49278,0.313983,2.00848,0.569816,-0.115771,0.645408,0,0,0,0.022277,0.0606965,-0.0953353,0.640958,0.49739,1
3910,321.673,-1.49047,0.313499,2.00539,0.562357,-0.114202,0.655444,0,0,0,0.0232581,0.0601119,-0.0966803,0.640958,0.49739,1
3920,321.016,-1.48796,0.31297,2.002,0.554911,-0.112636,0.665463,0,0,0,0.0241431,0.0594032,-0.0980329,0.640958,0.49739,1
3930,319.993,-1.48558,0.312469,1.9988,0.547476,-0.111072,0.675466,0,0,0,0.024996,0.058923,-0.0994445,0.640958,0.49739,1
3940,325.119,-1.48301,0.311929,1.99535,0.540054,-0.109511,0.685452,0,0,0,0.0255654,0.058656,-0.100954,0.640963,0.497365,1
3950,325.062,-1.48008,0.311312,1.9914,0.532645,-0.107952,0.69542,0,0,0,0.0256016,0.0586332,-0.10235,0.640986,0.497286,1
3960,327.124,-1.47713,0.310692,1.98743,0.525252,-0.106397,0.705368,0,0,0,0.0252771,0.058636,-0.103659,0.640986,0.497286,1
3970,330.061,-1.47392,0.310016,1.98311,0.517873,-0.104845,0.715296,0,0,0,0.0249043,0.0586719,-0.104856,0.640986,0.497286,1
3980,324.816,-1.47071,0.309341,1.97879,0.510511,-0.103297,0.725201,0,0,0,0.0243535,0.0586954,-0.106023,0.640986,0.497286,1
3990,309.309,-1.4688,0.308941,1.97623,0.503162,-0.101751,0.735088,0,0,0,0.0237106,0.0588819,-0.107008,0.641024,0.497093,1
4000,296.557,-1.46858,0.308893,1.97592,0.49582,-0.100207,0.744968,0,0,0,0.0234288,0.0591834,-0.107801,0.640194,0.496725,1
4010,288.348,-1.46965,0.309118,1.97736,0.488475,-0.0986618,0.75485,0,0,0,0.0237249,0.0594838,-0.108454,0.639661,0.496539,1
4020,290.959,-1.47099,0.3094,1.97917,0.481123,-0.0971155,0.764741,0,0,0,0.0243744,0.0594672,-0.109194,0.639102,0.496339,1
4030,295.397,-1.47189,0.309591,1.98039,0.473766,-0.0955681,0.77464,0,0,0,0.025417,0.0593049,-0.109996,0.638967,0.496181,1
4040,306.549,-1.4717,0.30955,1.98012,0.466406,-0.0940201,0.784542,0,0,0,0.0268694,0.0592523,-0.110856,0.638915,0.496013,1
4050,307.89,-1.47069,0.309337,1.97876,0.45905,-0.0924728,0.79444,0,0,0,0.0281447,0.0593854,-0.111734,0.638915,0.496013,1
4060,293.511,-1.47062,0.309322,1.97867,0.451698,-0.0909263,0.804333,0,0,0,0.0285795,0.0596105,-0.112715,0.638915,0.496013,1
4070,284.787,-1.47225,0.309665,1.98087,0.444341,-0.089379,0.81423,0,0,0,0.0282837,0.0599782,-0.113701,0.638915,0.496013,1
4080,290.785,-1.47389,0.31001,1.98307,0.436976,-0.0878298,0.82414,0,0,0,0.0277909,0.0602723,-0.114672,0.638915,0.496013,1
4090,297.062,-1.47456,0.310152,1.98398,0.429605,-0.0862794,0.834058,0,0,0,0.0273818,0.0603154,-0.115699,0.638915,0.496013,1
4100,295.75,-1.47493,0.310229,1.98447,0.422231,-0.0847285,0.843979,0,0,0,0.0271271,0.0602018,-0.116889,0.638915,0.496013,1
4110,286.002,-1.47613,0.310481,1.98608,0.414854,-0.0831769,0.853904,0,0,0,0.0271037,0.0600207,-0.118067,0.638915,0.496013,1
4120,275.675,-1.47875,0.311032,1.98961,0.407469,-0.0816234,0.863842,0,0,0,0.0272524,0.0597092,-0.119057,0.638809,0.495666,1
4130,267.384,-1.48271,0.311867,1.99495,0.400066,-0.0800664,0.873801,0,0,0,0.0273029,0.0593566,-0.119975,0.638635,0.495387,1
4140,260.745,-1.48793,0.312964,2.00197,0.392641,-0.0785047,0.883791,0,0,0,0.0272907,0.0591304,-0.1211,0.638342,0.495048,1
4150,270.44,-1.49292,0.314014,2.00868,0.38519,-0.0769374,0.893817,0,0,0,0.0274895,0.0589239,-0.122395,0.638079,0.494844,1
4160,291.141,-1.4954,0.314534,2.01201,0.377718,-0.0753659,0.903869,0,0,0,0.0278874,0.0586577,-0.123625,0.637781,0.494694,1
4170,302.851,-1.49553,0.314562,2.01219,0.370241,-0.073793,0.913931,0,0,0,0.02824,0.0584269,-0.124733,0.637415,0.494573,1
4180,304.354,-1.49501,0.314452,2.01148,0.362764,-0.0722205,0.92399,0,0,0,0.0287491,0.0584377,-0.125727,0.63739,0.494571,1
4190,291.795,-1.49516,0.314485,2.0117,0.355289,-0.0706483,0.934047,0,0,0,0.0296676,0.0585735,-0.12662,0.63739,0.494571,1
4200,270.32,-1.49785,0.31505,2.01531,0.347809,-0.0690748,0.944112,0,0,0,0.0306806,0.0586942,-0.127515,0.63739,0.494571,1
4210,257.087,-1.50332,0.3162,2.02267,0.340308,-0.0674972,0.954204,0,0,0,0.031175,0.0587708,-0.128676,0.637342,0.494594,1
4220,256.628,-1.50979,0.317561,2.03137,0.332777,-0.0659131,0.964337,0,0,0,0.0311091,0.0590891,-0.130161,0.637288,0.494628,1
4230,260.012,-1.51582,0.318829,2.03948,0.325214,-0.0643224,0.974512,0,0,0,0.0307477,0.0594895,-0.131795,0.637069,0.494822,1
4240,264.303,-1.52125,0.319972,2.0468,0.317623,-0.0627256,0.984727,0,0,0,0.0303637,0.0597963,-0.133332,0.636826,0.495053,1
4250,266.451,-1.52624,0.321022,2.05351,0.310005,-0.0611234,0.994976,0,0,0,0.0302647,0.0600064,-0.134984,0.636513,0.495378,1
4260,285.844,-1.52961,0.32173,2.05804,0.302365,-0.0595164,-0.994745,0,0,0,0.0308079,0.0602882,-0.137036,0.636132,0.495812,1
4270,316.312,-1.52932,0.32167,2.05766,0.294716,-0.0579076,-0.984453,0,0,0,0.0317322,0.0602011,-0.139305,0.63584,0.496186,1
4280,333.8,-1.52606,0.320983,2.05326,0.287076,-0.0563006,-0.974174,0,0,0,0.0324257,0.0597683,-0.141236,0.635716,0.496386,1
4290,335.707,-1.52201,0.320133,2.04782,0.279455,-0.0546976,-0.96392,0,0,0,0.0326857,0.0592384,-0.142856,0.635622,0.49658,1
4300,331.678,-1.51813,0.319315,2.04259,0.271853,-0.0530988,-0.953693,0,0,0,0.0328588,0.0588406,-0.144455,0.63545,0.496947,1
4310,315.076,-1.51532,0.318725,2.03882,0.26427,-0.0515037,-0.943489,0,0,0,0.0329874,0.0583921,-0.14609,0.635207,0.49744,1
4320,295.036,-1.51483,0.318622,2.03816,0.256695,-0.0499105,-0.933298,0,0,0,0.0328218,0.0582408,-0.147572,0.634938,0.497944,1
4330,280.071,-1.51668,0.31901,2.04064,0.249118,-0.0483167,-0.923103,0,0,0,0.0324074,0.0583313,-0.149027,0.63468,0.498393,1
4340,273.731,-1.5199,0.319689,2.04498,0.241528,-0.0467202,-0.91289,0,0,0,0.0321375,0.0583112,-0.150479,0.634423,0.498811,1
4350,277.275,-1.5234,0.320425,2.04969,0.23392,-0.0451201,-0.902654,0,0,0,0.0322735,0.0577355,-0.151778,0.634192,0.499165,1
4360,284.145,-1.52591,0.320952,2.05307,0.226297,-0.0435167,-0.892398,0,0,0,0.0330024,0.057076,-0.15288,0.634126,0.499286,1
4370,285.45,-1.52782,0.321354,2.05564,0.218663,-0.041911,-0.882127,0,0,0,0.0342299,0.0568447,-0.154092,0.634126,0.499286,1
4380,282.21,-1.53007,0.321826,2.05866,0.211019,-0.0403032,-0.871842,0,0,0,0.0354124,0.0573402,-0.155339,0.634126,0.499286,1
4390,283.46,-1.5324,0.322318,2.0618,0.203364,-0.038693,-0.861542,0,0,0,0.03589,0.0581775,-0.156382,0.634126,0.499286,1
4400,284.133,-1.53453,0.322765,2.06466,0.195697,-0.0370804,-0.851226,0,0,0,0.0356745,0.0591577,-0.157135,0.633945,0.499421,1
4410,282.373,-1.53685,0.323253,2.06778,0.188019,-0.0354655,-0.840896,0,0,0,0.0353599,0.0598141,-0.157804,0.633755,0.499582,1
4420,289.529,-1.53883,0.323669,2.07044,0.18033,-0.0338482,-0.83055,0,0,0,0.0354674,0.059764,-0.158368,0.633631,0.499702,1
4430,302.804,-1.53922,0.323751,2.07097,0.172634,-0.0322295,-0.820196,0,0,0,0.0359561,0.0590023,-0.158865,0.633631,0.499702,1
4440,308.506,-1.53838,0.323576,2.06985,0.16494,-0.0306111,-0.809843,0,0,0,0.0366104,0.0583614,-0.159256,0.633631,0.499702,1
4450,305.13,-1.53749,0.323388,2.06865,0.15725,-0.0289937,-0.799497,0,0,0,0.0371853,0.0580933,-0.159608,0.6336,0.499722,1
4460,301.511,-1.53713,0.323311,2.06815,0.149563,-0.0273769,-0.789155,0,0,0,0.0374634,0.0579168,-0.159909,0.633548,0.499743,1
4470,299.9,-1.53714,0.323313,2.06817,0.141878,-0.0257604,-0.778815,0,0,0,0.0374997,0.0577024,-0.160254,0.633477,0.499763,1
4480,310.312,-1.53654,0.323188,2.06737,0.134193,-0.024144,-0.768475,0,0,0,0.0375738,0.0577418,-0.160701,0.633266,0.499804,1
4490,327.353,-1.53426,0.322707,2.0643,0.126515,-0.022529,-0.758144,-0.0430264,0.141818,-0.347896,0.0376216,0.0578691,-0.1613,0.633266,0.499804,1
4500,340.268,-1.53014,0.321806,2.05888,0.118852,-0.0209174,-0.747834,-0.169918,0.11172,-0.750213,0.0374321,0.0578278,-0.161765,0.633266,0.499804,1
4510,331.093,-1.52595,0.320903,2.05349,0.111211,-0.0193105,-0.737552,-0.214756,0.137295,-0.854661,0.037205,0.0575674,-0.161887,0.633266,0.499804,1
4520,311.033,-1.52349,0.320362,2.0505,0.103588,-0.0177074,-0.727293,-0.268114,0.168027,-0.966543,0.0372894,0.0571566,-0.161857,0.633266,0.499804,1
4530,295.384,-1.52322,0.320274,2.05049,0.095972,-0.0161059,-0.717041,-0.328626,0.204898,-1.0775,0.0377017,0.0567297,-0.162018,0.633266,0.499804,1
4540,286.78,-1.52441,0.320486,2.05249,0.0883536,-0.0145042,-0.706785,-0.248195,0.387393,-1.51265,0.0382496,0.0566856,-0.162241,0.633266,0.499804,1
4550,277.907,-1.52681,0.320899,2.05622,0.0807267,-0.012901,-0.696514,-0.301638,0.467901,-1.68304,0.0386423,0.0572585,-0.162222,0.633266,0.499804,1
4560,271.831,-1.53031,0.321527,2.06148,0.0730851,-0.0112952,-0.686222,-0.442345,0.320457,-2.13568,0.038603,0.0579788,-0.16204,0.633266,0.499804,1
4570,275.547,-1.5341,0.322261,2.06729,0.0654248,-0.00968582,-0.675901,-0.51002,0.373892,-2.35473,0.0383451,0.0581093,-0.162055,0.633266,0.499804,1
4580,292.255,-1.53613,0.322617,2.07082,0.0577488,-0.00807352,-0.665555,-0.37055,0.352027,-2.89444,0.0383938,0.0574463,-0.16255,0.633071,0.499861,1
4590,317.09,-1.53534,0.32238,2.07064,0.0500686,-0.00646071,-0.655199,-0.379739,0.386559,-3.21255,0.0389689,0.056628,-0.163437,0.633071,0.499861,1
4600,332.24,-1.53211,0.32162,2.06725,0.0423986,-0.00485041,-0.644853,-0.381021,0.435886,-3.6221,0.039734,0.0562132,-0.164463,0.633071,0.499861,1
4610,329.435,-1.52831,0.32073,2.0632,0.0347467,-0.00324437,-0.634526,-0.373441,0.474943,-4.03524,0.0403537,0.056199,-0.16544,0.633071,0.499861,1
4620,320.264,-1.52538,0.320014,2.06042,0.0271122,-0.00164244,-0.624216,-0.43113,0.442176,-5.17585,0.0406783,0.0562189,-0.166473,0.633071,0.499861,1
4630,314.666,-1.5232,0.319476,2.05898,0.0194905,-4.36576e-005,-0.613917,-0.370667,0.582499,-6.08982,0.0408656,0.0560704,-0.167509,0.633071,0.499861,1
4640,302.352,-1.52202,0.319114,2.05908,0.0118778,0.00155273,-0.603623,-0.467205,0.497183,-6.46299,0.0409713,0.0555574,-0.168536,0.633048,0.499894,1
4650,288.097,-1.52264,0.319169,2.06172,0.0042671,0.00314822,-0.593322,-0.631631,0.306338,-6.60986,0.041057,0.0551341,-0.169505,0.632829,0.500091,1
4660,280.574,-1.52472,0.319609,2.06642,-0.00335033,0.00474492,-0.583003,-0.875449,-0.0422102,-6.49899,0.041195,0.0554276,-0.170396,0.632529,0.500285,1
4670,281.677,-1.52702,0.320228,2.07145,-0.0109792,0.00634432,-0.572659,-1.10835,-0.99141,-6.41505,0.0414247,0.0564308,-0.170945,0.631936,0.500638,1
4680,290.475,-1.52854,0.320979,2.07544,-0.0186182,0.00794725,-0.562292,-1.30161,-2.08319,-5.9603,0.0416484,0.0571933,-0.171379,0.631271,0.501023,1
4690,296.325,-1.52884,0.321825,2.07765,-0.0262618,0.00955411,-0.551909,-1.85153,-3.70561,-4.19939,0.042085,0.0574128,-0.172173,0.630974,0.501225,1
4700,295.548,-1.52875,0.323142,2.07895,-0.0339056,0.0111662,-0.541517,-2.64728,-6.35488,-0.795409,0.0428469,0.0573013,-0.173594,0.630821,0.501361,1
4710,292.534,-1.52871,0.325389,2.07945,-0.0415491,0.012787,-0.531121,-3.75101,-10.3998,4.9576,0.0436216,0.0570993,-0.175059,0.630755,0.501459,1
4720,275.311,-1.52953,0.329314,2.07953,-0.0491933,0.0144226,-0.520724,-5.7729,-18.4603,17.3483,0.0441492,0.0566797,-0.176174,0.630755,0.501459,1
4730,245.125,-1.53384,0.336783,2.08104,-0.0568484,0.0160856,-0.510325,-10.0579,-31.9192,40.8083,0.0446609,0.0562694,-0.176999,0.630755,0.501459,1
4740,237.508,-1.54032,0.349278,2.07963,-0.0645317,0.0177978,-0.499923,-18.1115,-52.9376,82.0705,0.045046,0.055791,-0.1778,0.630633,0.501718,1
4750,252.534,-1.54266,0.368046,2.06234,-0.0722401,0.0195876,-0.489561,-36.2337,-84.6288,161.036,0.0450235,0.0551829,-0.17842,0.630525,0.501962,1
4760,278.237,-1.53441,0.395744,2.01181,-0.0799372,0.0214921,-0.479359,-73.5582,-132.095,314.046,0.0446991,0.0545242,-0.179097,0.630481,0.502166,1
4770,296.302,-1.50955,0.436445,1.90401,-0.0875554,0.0235662,-0.469539,-146.48,-194.539,598.727,0.0443867,0.0542595,-0.180143,0.630496,0.502253,1
4780,288.718,-1.45897,0.491979,1.7003,-0.0949899,0.0258814,-0.460477,-278.75,-247.012,1093.97,0.0439001,0.0541442,-0.18142,0.630496,0.502253,1
4790,272.676,-1.36896,0.555666,1.34268,-0.102079,0.0284998,-0.45279,-476.931,-247.822,1854.99,0.043181,0.0537411,-0.182252,0.630496,0.502253,1
4800,271.276,-1.23104,0.612339,0.783097,-0.108596,0.0314254,-0.447392,-642.294,-191.44,2636.92,0.0426828,0.0530305,-0.182648,0.630514,0.502242,1
4810,283.919,-1.07513,0.654214,0.0954822,-0.114357,0.034597,-0.445181,-593.482,-141.828,2769.77,0.0429563,0.0529938,-0.182905,0.630625,0.502003,1
4820,303.065,-0.95449,0.686866,-0.523391,-0.119408,0.0379521,-0.446318,-373.413,-122.271,2147.89,0.043841,0.0539628,-0.183132,0.630851,0.501757,1
4830,313.702,-0.887641,0.714443,-0.956898,-0.123992,0.0414577,-0.450101,-172.894,-104.107,1373.21,0.044844,0.0553247,-0.183142,0.631192,0.501501,1
4840,307.375,-0.859977,0.73659,-1.21802,-0.128349,0.0450879,-0.455601,-57.483,-79.2975,780.015,0.0455966,0.0562592,-0.183284,0.631691,0.50121,1
4850,300.75,-0.852603,0.752762,-1.3602,-0.132625,0.0488139,-0.462086,-7.98279,-53.4834,403.846,0.0458749,0.0567817,-0.183892,0.632335,0.500901,1
4860,279.895,-0.853588,0.763791,-1.43285,-0.136889,0.0526068,-0.469089,6.91211,-31.5107,195.653,0.0454817,0.0569093,-0.184961,0.632947,0.500663,1
4870,262.295,-0.858143,0.771689,-1.47103,-0.141166,0.0564461,-0.476357,8.57592,-15.0142,90.4292,0.0447513,0.0568961,-0.186065,0.633684,0.500415,1
4880,262.827,-0.863198,0.776696,-1.49173,-0.145469,0.0603176,-0.483768,7.25535,-3.57587,39.9343,0.0443161,0.0570737,-0.187098,0.634505,0.500173,1
4890,263.833,-0.867657,0.779172,-1.50326,-0.149796,0.0642075,-0.491257,5.12137,4.33437,15.1437,0.0442802,0.0573476,-0.187983,0.635007,0.500067,1
4900,266.412,-0.871701,0.780094,-1.51056,-0.154144,0.0681056,-0.498792,3.69373,9.62412,4.28043,0.0443589,0.0569364,-0.188619,0.635127,0.500081,1
4910,277.071,-0.874697,0.779277,-1.51472,-0.15851,0.0720042,-0.506355,2.9281,12.4705,-0.491131,0.0445311,0.0557554,-0.189053,0.635127,0.500081,1
4920,270.543,-0.877398,0.777766,-1.51787,-0.162889,0.0758963,-0.513935,2.66792,13.9988,-1.81917,0.0448163,0.0545641,-0.189701,0.635127,0.500081,1
4930,266.152,-0.880799,0.776639,-1.52217,-0.167284,0.0797816,-0.521534,2.66524,14.5093,-1.62031,0.0449879,0.0538715,-0.190688,0.635127,0.500081,1
4940,269.756,-0.884079,0.775366,-1.52634,-0.171696,0.0836612,-0.529154,3.23339,14.1131,-0.828729,0.045162,0.0533714,-0.191665,0.635127,0.500081,1
4950,261.724,-0.887621,0.774372,-1.53094,-0.176124,0.0875345,-0.536796,3.2532,13.0612,0.249116,0.0455063,0.0525993,-0.192252,0.635127,0.500081,1
4960,246.271,-0.892648,0.774928,-1.53834,-0.180573,0.0914062,-0.544466,3.26372,12.0831,0.782486,0.0458005,0.0516882,-0.192472,0.635127,0.500081,1
4970,245.46,-0.898457,0.776391,-1.54721,-0.185049,0.0952833,-0.552178,3.24697,11.0301,1.22803,0.0458041,0.0510149,-0.192586,0.635269,0.500164,1
4980,255.506,-0.903762,0.777713,-1.55531,-0.189554,0.0991678,-0.559933,3.04224,9.40327,1.73489,0.0459036,0.0508059,-0.192709,0.635522,0.500354,1
4990,268.795,-0.907594,0.778237,-1.56106,-0.194082,0.103057,-0.567723,2.77323,7.92617,1.45195,0.0462524,0.0509051,-0.192735,0.635811,0.500587,1
