step,T,sn_vel[0],sn_vel[1],sn_vel[2],sn_crd[0],sn_crd[1],sn_crd[2],sn_f[0],sn_f[1],sn_f[2],target_crd[0],target_crd[1],target_crd[2],boundary[0],boundary[1],boundary[2]
0,0.0171967,0,0,0,-3.82012e-008,6.77326e-009,0.981818,0,0,0,4.6889e-005,0.0558865,-0.0375645,0.637378,0.504051,1
10,2.07335,0,0,0,-3.82012e-008,6.77326e-009,0.981818,0,0,0,1.12441e-005,0.0558656,-0.0375658,0.637386,0.504054,1
20,2.53783,0,0,0,-3.82012e-008,6.77326e-009,0.981818,0,0,0,-1.86811e-005,0.0557999,-0.0375637,0.637416,0.504062,1
30,3.12279,0,0,0,-3.82012e-008,6.77326e-009,0.981818,0,0,0,-4.50777e-005,0.0556969,-0.0376344,0.637416,0.504062,1
40,3.41948,0,0,0,-3.82012e-008,6.77326e-009,0.981818,0,0,0,-0.000114195,0.0556785,-0.037676,0.637477,0.504073,1
50,3.16955,0,0,0,-3.82012e-008,6.77326e-009,0.981818,0,0,0,-0.0001736,0.0557313,-0.0377131,0.637662,0.504098,1
60,3.19032,0,0,0,-3.82012e-008,6.77326e-009,0.981818,0,0,0,-0.000168167,0.0557718,-0.0377565,0.637724,0.504103,1
70,3.16025,0,0,0,-3.82012e-008,6.77326e-009,0.981818,0,0,0,-0.000168326,0.0557504,-0.0378485,0.6379,0.504113,1
80,2.89856,0,0,0,-3.82012e-008,6.77326e-009,0.981818,0,0,0,-0.00020618,0.0557297,-0.0379205,0.63798,0.504114,1
90,2.85199,0,0,0,-3.82012e-008,6.77326e-009,0.981818,0,0,0,-0.000242515,0.0557247,-0.0379804,0.638116,0.50411,1
100,2.5951,0,0,0,-3.82012e-008,6.77326e-009,0.981818,0,0,0,-0.00026173,0.0557164,-0.0380263,0.638268,0.504097,1
110,11.5649,0,0,0,-3.82012e-008,6.77326e-009,0.981818,0,0,0,-0.000290579,0.0556713,-0.0381168,0.638404,0.504079,1
120,18.351,0,0,0,-3.82012e-008,6.77326e-009,0.981818,0,0,0,-0.00031742,0.0556259,-0.0382053,0.638602,0.504043,1
130,22.4097,0,0,0,-3.82012e-008,6.77326e-009,0.981818,0,0,0,-0.000331683,0.0555939,-0.0382843,0.638791,0.503998,1
140,25.0032,0,0,0,-3.82012e-008,6.77326e-009,0.981818,0,0,0,-0.000338775,0.0555661,-0.0383704,0.639033,0.50393,1
150,26.2713,0,0,0,-3.82012e-008,6.77326e-009,0.981818,0,0,0,-0.000351857,0.0555542,-0.0385084,0.639282,0.503848,1
160,26.6658,0,0,0,-3.82012e-008,6.77326e-009,0.981818,0,0,0,-0.000389412,0.0555853,-0.0386471,0.639564,0.503746,1
170,26.734,0,0,0,-3.82012e-008,6.77326e-009,0.981818,0,0,0,-0.00042918,0.0556006,-0.0387716,0.639815,0.503644,1
180,26.4766,0,0,0,-3.82012e-008,6.77326e-009,0.981818,0,0,0,-0.000403698,0.0555489,-0.0389106,0.640003,0.503559,1
190,25.8296,0,0,0,-3.82012e-008,6.77326e-009,0.981818,0,0,0,-0.000326612,0.0554715,-0.0391012,0.640221,0.503452,1
200,25.227,0,0,0,-3.82012e-008,6.77326e-009,0.981818,0,0,0,-0.000270048,0.0554236,-0.03931,0.640457,0.503328,1
210,33.3835,0,0,0,-3.82012e-008,6.77326e-009,0.981818,0,0,0,-0.000230045,0.0553866,-0.0395744,0.640659,0.503214,1
220,38.6017,0,0,0,-3.82012e-008,6.77326e-009,0.981818,0,0,0,-0.000183715,0.0553384,-0.0399892,0.640802,0.503127,1
230,41.2627,0,0,0,-3.82012e-008,6.77326e-009,0.981818,0,0,0,-0.000191361,0.0553076,-0.0405198,0.640957,0.503025,1
240,42.4243,0,0,0,-3.82012e-008,6.77326e-009,0.981818,0,0,0,-0.000276984,0.0552921,-0.0410557,0.641097,0.502926,1
250,42.33,0,0,0,-3.82012e-008,6.77326e-009,0.981818,0,0,0,-0.000376419,0.0552787,-0.0415959,0.641268,0.502799,1
260,41.8973,0,0,0,-3.82012e-008,6.77326e-009,0.981818,0,0,0,-0.000454453,0.0552575,-0.0422865,0.641453,0.502653,1
270,40.9633,0,0,0,-3.82012e-008,6.77326e-009,0.981818,0,0,0,-0.00047906,0.0552348,-0.0430722,0.641619,0.502512,1
280,39.9613,0,0,0,-3.82012e-008,6.77326e-009,0.981818,0,0,0,-0.000354368,0.0551904,-0.0438475,0.641821,0.502332,1
290,38.8361,0,0,0,-3.82012e-008,6.77326e-009,0.981818,0,0,0,-8.91153e-005,0.055144,-0.0445685,0.642061,0.50211,1
300,38.402,0,0,0,-3.82012e-008,6.77326e-009,0.981818,0,0,0,0.00016737,0.0550693,-0.0453837,0.642227,0.501948,1
310,46.7659,0,0,0,-3.82012e-008,6.77326e-009,0.981818,0,0,0,0.000356259,0.0549735,-0.0463051,0.64232,0.501853,1
320,53.0721,0,0,0,-3.82012e-008,6.77326e-009,0.981818,0,0,0,0.000513352,0.0548811,-0.0473502,0.642415,0.50175,1
330,56.7266,0,0,0,-3.82012e-008,6.77326e-009,0.981818,0,0,0,0.000613422,0.0548257,-0.0484462,0.642458,0.501702,1
340,60.9721,0,0,0,-3.82012e-008,6.77326e-009,0.981818,0,0,0,0.00064726,0.0547256,-0.049735,0.642458,0.501702,1
350,65.9848,0,0,0,-3.82012e-008,6.77326e-009,0.981818,0,0,0,0.000690496,0.0546393,-0.0510214,0.642458,0.501702,1
360,71.5033,0,0,0,-3.82012e-008,6.77326e-009,0.981818,0,0,0,0.000699347,0.0546512,-0.0522443,0.642458,0.501702,1
370,78.036,0,0,0,-3.82012e-008,6.77326e-009,0.981818,0,0,0,0.000610852,0.054779,-0.0534021,0.642458,0.501702,1
380,84.0327,0,0,0,-3.82012e-008,6.77326e-009,0.981818,0,0,0,0.000476459,0.0548484,-0.0547541,0.642458,0.501702,1
390,90.1754,0,0,0,-3.82012e-008,6.77326e-009,0.981818,0,0,0,0.000342828,0.0548528,-0.0559535,0.642458,0.501702,1
400,94.1991,0,0,0,-3.82012e-008,6.77326e-009,0.981818,0,0,0,0.000133345,0.0548625,-0.0568336,0.642458,0.501702,1
410,105.452,0,0,0,-3.82012e-008,6.77326e-009,0.981818,0,0,0,-7.34896e-005,0.0550098,-0.0574701,0.642458,0.501702,1
420,112.499,0,0,0,-3.82012e-008,6.77326e-009,0.981818,0,0,0,-0.000163546,0.0552076,-0.0582199,0.642652,0.501408,1
430,116.424,0,0,0,-3.82012e-008,6.77326e-009,0.981818,0,0,0,-0.000141804,0.0553994,-0.0587827,0.642738,0.501273,1
440,120.121,0,0,0,-3.82012e-008,6.77326e-009,0.981818,0,0,0,-0.000131605,0.0554852,-0.0590727,0.642901,0.501008,1
450,122.286,0,0,0,-3.82012e-008,6.77326e-009,0.981818,0,0,0,-0.000160289,0.05548,-0.059169,0.64316,0.500573,1
460,123.373,0,0,0,-3.82012e-008,6.77326e-009,0.981818,0,0,0,-0.000238912,0.0553291,-0.0592809,0.643316,0.500297,1
470,124.381,0,0,0,-3.82012e-008,6.77326e-009,0.981818,0,0,0,-0.00034297,0.0551821,-0.0590979,0.643421,0.500106,1
480,124.035,0,0,0,-3.82012e-008,6.77326e-009,0.981818,0,0,0,-0.000537076,0.0551193,-0.0586643,0.643563,0.499833,1
490,123.597,0,0,0,-3.82012e-008,6.77326e-009,0.981818,0,0,0,-0.00074416,0.0551339,-0.0581403,0.643631,0.499694,1
500,123.874,0,0,0,-3.82012e-008,6.77326e-009,0.981818,0,0,0,-0.000740923,0.0550513,-0.0576376,0.643656,0.499639,1
510,131.657,0,0,0,-3.82012e-008,6.77326e-009,0.981818,0,0,0,-0.000428578,0.0548865,-0.0568949,0.643746,0.499433,1
520,137.503,0,0,0,-3.82012e-008,6.77326e-009,0.981818,0,0,0,-0.000137799,0.0547045,-0.0560169,0.64382,0.499247,1
530,138.476,0,0,0,-3.82012e-008,6.77326e-009,0.981818,0,0,0,-1.34969e-005,0.054603,-0.0552076,0.643866,0.499121,1
540,137.669,0,0,0,-3.82012e-008,6.77326e-009,0.981818,0,0,0,6.58793e-005,0.054544,-0.0545413,0.643952,0.498864,1
550,137.217,0,0,0,-3.82012e-008,6.77326e-009,0.981818,0,0,0,7.57495e-005,0.0545029,-0.0537517,0.644006,0.49868,1
560,135.201,0,0,0,-3.82012e-008,6.77326e-009,0.981818,0,0,0,-0.000121128,0.0544845,-0.0528205,0.644006,0.49868,1
570,135.667,0,0,0,-3.82012e-008,6.77326e-009,0.981818,0,0,0,-0.000240821,0.0545454,-0.051963,0.644009,0.498655,1
580,134.98,0,0,0,-3.82012e-008,6.77326e-009,0.981818,0,0,0,-0.000102998,0.0546479,-0.051358,0.644009,0.498655,1
590,134.154,0,0,0,-3.82012e-008,6.77326e-009,0.981818,0,0,0,5.63725e-005,0.0547358,-0.0508056,0.644009,0.498655,1
600,135.228,0,0,0,-3.82012e-008,6.77326e-009,0.981818,0,0,0,0.000133404,0.0548172,-0.0501336,0.644009,0.498655,1
610,144.364,0,0,0,-3.82012e-008,6.77326e-009,0.981818,0,0,0,0.00035967,0.0548436,-0.0494517,0.643982,0.498532,1
620,149.378,0,0,0,-3.82012e-008,6.77326e-009,0.981818,0,0,0,0.000661639,0.0547917,-0.0488957,0.643982,0.498532,1
630,154.733,0,0,0,-3.82012e-008,6.77326e-009,0.981818,0,0,0,0.000724302,0.0547815,-0.0482948,0.643992,0.49839,1
640,157.844,0,0,0,-3.82012e-008,6.77326e-009,0.981818,0,0,0,0.000585572,0.055004,-0.0474867,0.643999,0.498219,1
650,164.854,0,0,0,-3.82012e-008,6.77326e-009,0.981818,0,0,0,0.000519716,0.055317,-0.0466732,0.643999,0.498219,1
660,170.133,0,0,0,-3.82012e-008,6.77326e-009,0.981818,0,0,0,0.000520729,0.0555116,-0.0459432,0.643999,0.498219,1
670,173.05,0,0,0,-3.82012e-008,6.77326e-009,0.981818,0,0,0,0.000387821,0.0554827,-0.0451021,0.643999,0.498219,1
680,172.599,0,0,0,-3.82012e-008,6.77326e-009,0.981818,0,0,0,0.000235222,0.0553966,-0.0440402,0.643999,0.498219,1
690,172.553,0,0,0,-3.82012e-008,6.77326e-009,0.981818,0,0,0,0.000250975,0.0552452,-0.0430152,0.643999,0.498219,1
700,169.501,0,0,0,-3.82012e-008,6.77326e-009,0.981818,0,0,0,0.000215882,0.0550286,-0.0420421,0.643999,0.498219,1
710,178.778,0,0,0,-3.82012e-008,6.77326e-009,0.981818,0,0,0,-0.000104525,0.0547166,-0.0409321,0.643999,0.498219,1
720,182.383,0,0,0,-3.82012e-008,6.77326e-009,0.981818,0,0,0,-0.000327258,0.0545031,-0.0395267,0.643999,0.498219,1
730,184.584,0,0,0,-3.82012e-008,6.77326e-009,0.981818,0,0,0,-0.000212428,0.0542769,-0.038062,0.643937,0.498017,1
740,189.085,0,0,0,-3.82012e-008,6.77326e-009,0.981818,0,0,0,-0.000131981,0.0540433,-0.0366488,0.643937,0.498017,1
750,192.712,0,0,0,-3.82012e-008,6.77326e-009,0.981818,0,0,0,-0.000288333,0.0539509,-0.0352866,0.643937,0.498017,1
760,198.536,0,0,0,-3.82012e-008,6.77326e-009,0.981818,0,0,0,-0.00038195,0.0542022,-0.0338235,0.643937,0.498017,1
770,205.76,0,0,0,-3.82012e-008,6.77326e-009,0.981818,0,0,0,-0.000462482,0.0544028,-0.0325091,0.643937,0.498017,1
780,211.641,0,0,0,-3.82012e-008,6.77326e-009,0.981818,0,0,0,-0.00072022,0.0544991,-0.0313954,0.643937,0.498017,1
790,221.466,0,0,0,-3.82012e-008,6.77326e-009,0.981818,0,0,0,-0.00105743,0.0546813,-0.030334,0.643937,0.498017,1
800,226.768,0,0,0,-3.82012e-008,6.77326e-009,0.981818,0,0,0,-0.00134489,0.0550255,-0.0291415,0.643937,0.498017,1
810,239.147,0,0,0,-3.82012e-008,6.77326e-009,0.981818,0,0,0,-0.0017354,0.0551005,-0.02812,0.643937,0.498017,1
820,246.576,0,0,0,-3.82012e-008,6.77326e-009,0.981818,0,0,0,-0.00215589,0.0549811,-0.0272799,0.643937,0.498017,1
830,245.932,0,0,0,-3.82012e-008,6.77326e-009,0.981818,0,0,0,-0.00244983,0.0548709,-0.0265423,0.643937,0.498017,1
840,245.248,0,0,0,-3.82012e-008,6.77326e-009,0.981818,0,0,0,-0.00262953,0.0549054,-0.0259138,0.643937,0.498017,1
850,237.529,0,0,0,-3.82012e-008,6.77326e-009,0.981818,0,0,0,-0.00281844,0.0548861,-0.0256674,0.643937,0.498017,1
860,226.544,0,0,0,-3.82012e-008,6.77326e-009,0.981818,0,0,0,-0.0028472,0.0548879,-0.0256276,0.643937,0.498017,1
870,216.644,0,0,0,-3.82012e-008,6.77326e-009,0.981818,0,0,0,-0.00255308,0.0548515,-0.0256268,0.643788,0.497767,1
880,204.506,0,0,0,-3.82012e-008,6.77326e-009,0.981818,0,0,0,-0.00206218,0.0547233,-0.0256998,0.643709,0.497653,1
890,198.599,0,0,0,-3.82012e-008,6.77326e-009,0.981818,0,0,0,-0.00157753,0.0544633,-0.0260555,0.643447,0.497285,1
900,193.427,0,0,0,-3.82012e-008,6.77326e-009,0.981818,0,0,0,-0.000985715,0.0543928,-0.0265517,0.64318,0.496924,1
910,197.411,0,0,0,-3.82012e-008,6.77326e-009,0.981818,0,0,0,-0.000274461,0.0545152,-0.0271319,0.643071,0.496778,1
920,203.812,0,0,0,-3.82012e-008,6.77326e-009,0.981818,0,0,0,0.000218963,0.0546801,-0.0278862,0.642859,0.496496,1
930,202.533,0,0,0,-3.82012e-008,6.77326e-009,0.981818,0,0,0,0.000299535,0.0548775,-0.028945,0.642666,0.496249,1
940,204.355,0,0,0,-3.82012e-008,6.77326e-009,0.981818,0,0,0,0.000185199,0.055271,-0.0301528,0.642666,0.496249,1
950,206.702,0,0,0,-3.82012e-008,6.77326e-009,0.981818,0,0,0,-1.03292e-005,0.0557078,-0.0313909,0.642653,0.496228,1
960,214.614,0,0,0,-3.82012e-008,6.77326e-009,0.981818,0,0,0,-0.000176035,0.0560848,-0.0327098,0.642444,0.495886,1
970,226.367,0,0,0,-3.82012e-008,6.77326e-009,0.981818,0,0,0,-0.000171498,0.0563968,-0.0341433,0.642444,0.495886,1
980,240.564,0,0,0,-3.82012e-008,6.77326e-009,0.981818,0,0,0,-0.000165694,0.0565247,-0.0355196,0.642444,0.495886,1
990,249.49,0,0,0,-3.82012e-008,6.77326e-009,0.981818,0,0,0,-0.000448671,0.0564187,-0.0366904,0.642277,0.495729,1
1000,261.324,0,0,0,-3.82012e-008,6.77326e-009,0.981818,0,0,0,-0.000762475,0.0562874,-0.0377525,0.641687,0.495985,1
1010,263.017,0,0,0,-3.82012e-008,6.77326e-009,0.981818,0,0,0,-0.00101977,0.0561708,-0.038607,0.64141,0.495977,1
1020,259.286,0,0,0,-3.82012e-008,6.77326e-009,0.981818,0,0,0,-0.00139449,0.0557983,-0.0391228,0.640737,0.495991,1
1030,249.27,0,0,0,-3.82012e-008,6.77326e-009,0.981818,0,0,0,-0.00177386,0.055261,-0.0392592,0.640192,0.496029,1
1040,235.934,0,0,0,-3.82012e-008,6.77326e-009,0.981818,0,0,0,-0.00189101,0.0547328,-0.0392632,0.639848,0.496056,1
1050,220.417,0,0,0,-3.82012e-008,6.77326e-009,0.981818,0,0,0,-0.00187184,0.0542597,-0.0391341,0.63972,0.496095,1
1060,213.724,0,0,0,-3.82012e-008,6.77326e-009,0.981818,0,0,0,-0.00179328,0.053822,-0.0389934,0.639592,0.496164,1
1070,209.246,0,0,0,-3.82012e-008,6.77326e-009,0.981818,0,0,0,-0.00172236,0.0535784,-0.0388362,0.639422,0.496279,1
1080,223.337,0,0,0,-3.82012e-008,6.77326e-009,0.981818,0,0,0,-0.0018997,0.0533809,-0.0390791,0.639272,0.496395,1
1090,253.331,0,0,0,-3.82012e-008,6.77326e-009,0.981818,0,0,0,-0.00230696,0.0532159,-0.0396775,0.639136,0.496512,1
1100,284.896,0,0,0,-3.82012e-008,6.77326e-009,0.981818,0,0,0,-0.0026357,0.0530346,-0.040297,0.639009,0.496642,1
1110,311.649,0,0,0,-3.82012e-008,6.77326e-009,0.981818,0,0,0,-0.0028244,0.0529459,-0.0405519,0.638965,0.496713,1
1120,327.699,0,0,0,-3.82012e-008,6.77326e-009,0.981818,0,0,0,-0.00303749,0.0529127,-0.0408314,0.638965,0.496713,1
1130,330.565,0,0,0,-3.82012e-008,6.77326e-009,0.981818,0,0,0,-0.00298708,0.0531784,-0.0409492,0.638965,0.496713,1
1140,327.835,0,0,0,-3.82012e-008,6.77326e-009,0.981818,0,0,0,-0.00250273,0.0534665,-0.0406327,0.638965,0.496713,1
1150,315.081,0,0,0,-3.82012e-008,6.77326e-009,0.981818,0,0,0,-0.00184666,0.0536723,-0.0399262,0.638965,0.496713,1
1160,301.566,0,0,0,-3.82012e-008,6.77326e-009,0.981818,0,0,0,-0.00136783,0.0538235,-0.0394382,0.638965,0.496713,1
1170,292.536,0,0,0,-3.82012e-008,6.77326e-009,0.981818,0,0,0,-0.000937019,0.0541708,-0.039105,0.638965,0.496713,1
1180,291.998,0,0,0,-3.82012e-008,6.77326e-009,0.981818,0,0,0,-0.000536322,0.0543068,-0.0385583,0.638965,0.496713,1
1190,295.585,0,0,0,-3.82012e-008,6.77326e-009,0.981818,0,0,0,-0.000176232,0.0543332,-0.0375714,0.638965,0.496713,1
1200,311.497,0,0,0,-3.82012e-008,6.77326e-009,0.981818,0,0,0,-0.000168422,0.0545687,-0.036454,0.638842,0.496857,1
1210,325.389,0,0,0,-3.82012e-008,6.77326e-009,0.981818,0,0,0,-0.000637027,0.0550773,-0.0353187,0.638562,0.497142,1
1220,342.111,0,0,0,-3.82012e-008,6.77326e-009,0.981818,0,0,0,-0.00135078,0.0552098,-0.0340786,0.638299,0.497368,1
1230,356.801,0,0,0,-3.82012e-008,6.77326e-009,0.981818,0,0,0,-0.00195787,0.0550117,-0.0329159,0.637994,0.497621,1
1240,366.349,0,0,0,-3.82012e-008,6.77326e-009,0.981818,0,0,0,-0.00276239,0.0548433,-0.0322336,0.637828,0.497786,1
1250,370.213,0,0,0,-3.82012e-008,6.77326e-009,0.981818,0,0,0,-0.00367282,0.0548493,-0.0319529,0.637711,0.497917,1
1260,369.854,0,0,0,-3.82012e-008,6.77326e-009,0.981818,0,0,0,-0.00425324,0.0548415,-0.0317099,0.637525,0.498152,1
1270,367.421,0,0,0,-3.82012e-008,6.77326e-009,0.981818,0,0,0,-0.00461169,0.0549419,-0.0316897,0.63744,0.49828,1
1280,365.575,0,0,0,-3.82012e-008,6.77326e-009,0.981818,0,0,0,-0.00522981,0.0551396,-0.032181,0.63744,0.49828,1
1290,359.788,0,0,0,-3.82012e-008,6.77326e-009,0.981818,0,0,0,-0.00561187,0.055064,-0.0330091,0.63744,0.49828,1
1300,356.927,0,0,0,-3.82012e-008,6.77326e-009,0.981818,0,0,0,-0.00540327,0.0544872,-0.0336362,0.637409,0.498385,1
1310,350.528,0,0,0,-3.82012e-008,6.77326e-009,0.981818,0,0,0,-0.00508144,0.053774,-0.0340316,0.637409,0.498385,1
1320,341.232,0,0,0,-3.82012e-008,6.77326e-009,0.981818,0,0,0,-0.00487402,0.0534672,-0.0345122,0.637409,0.498385,1
1330,334.104,0,0,0,-3.82012e-008,6.77326e-009,0.981818,0,0,0,-0.0045078,0.0534605,-0.035349,0.637383,0.498422,1
1340,336.522,0,0,0,-3.82012e-008,6.77326e-009,0.981818,0,0,0,-0.00425288,0.0536638,-0.0362895,0.63731,0.498486,1
1350,354.146,0,0,0,-3.82012e-008,6.77326e-009,0.981818,0,0,0,-0.00422464,0.0541561,-0.0371645,0.637239,0.498574,1
1360,371.939,0,0,0,-3.82012e-008,6.77326e-009,0.981818,0,0,0,-0.00401898,0.0550066,-0.0378729,0.636974,0.49892,1
1370,389.161,0,0,0,-3.82012e-008,6.77326e-009,0.981818,0,0,0,-0.00365116,0.0555516,-0.0384775,0.636851,0.499103,1
1380,396.713,0,0,0,-3.82012e-008,6.77326e-009,0.981818,0,0,0,-0.00340994,0.0557677,-0.0387627,0.636713,0.499334,1
1390,392.29,0,0,0,-3.82012e-008,6.77326e-009,0.981818,0,0,0,-0.00307509,0.055981,-0.0387837,0.636469,0.499741,1
1400,380.09,0,0,0,-3.82012e-008,6.77326e-009,0.981818,0,0,0,-0.00246352,0.0562721,-0.0386258,0.636308,0.499984,1
1410,362.873,0,0,0,-3.82012e-008,6.77326e-009,0.981818,0,0,0,-0.0018411,0.0560982,-0.0385499,0.636149,0.500219,1
1420,333.911,0,0,0,-3.82012e-008,6.77326e-009,0.981818,0,0,0,-0.00145277,0.0558334,-0.0384663,0.635718,0.500852,1
1430,303.931,0,0,0,-3.82012e-008,6.77326e-009,0.981818,0,0,0,-0.00133594,0.0557571,-0.0386557,0.635251,0.501515,1
1440,271.721,0,0,0,-3.82012e-008,6.77326e-009,0.981818,0,0,0,-0.00135153,0.0556269,-0.0392676,0.634917,0.501971,1
1450,246.943,0,0,0,-3.82012e-008,6.77326e-009,0.981818,0,0,0,-0.00134177,0.0550745,-0.0402308,0.634459,0.502577,1
1460,219.594,0,0,0,-3.82012e-008,6.77326e-009,0.981818,0,0,0,-0.00143427,0.054739,-0.0410142,0.633893,0.503307,1
1470,201.469,0,0,0,-3.82012e-008,6.77326e-009,0.981818,0,0,0,-0.00167852,0.0548155,-0.0415324,0.633472,0.503836,1
1480,194.023,0,0,0,-3.82012e-008,6.77326e-009,0.981818,0,0,0,-0.00187309,0.0550404,-0.0418334,0.633123,0.504258,1
1490,202.943,0,0,0,-3.82012e-008,6.77326e-009,0.981818,0,0,0,-0.00190254,0.0550503,-0.0421736,0.632816,0.504615,1
1500,219.56,0,0,0,-3.82012e-008,6.77326e-009,0.981818,0,0,0,-0.0018808,0.0550459,-0.0425899,0.632786,0.504648,1
1510,249.632,0,0,0,-3.82012e-008,6.77326e-009,0.981818,0,0,0,-0.00184753,0.0548559,-0.043127,0.632786,0.504648,1
1520,274.915,0,0,0,-3.82012e-008,6.77326e-009,0.981818,0,0,0,-0.00195045,0.0544765,-0.0436753,0.632786,0.504648,1
1530,290.984,0,0,0,-3.82012e-008,6.77326e-009,0.981818,0,0,0,-0.00224982,0.0541005,-0.0442735,0.632786,0.504648,1
1540,294.173,0,0,0,-3.82012e-008,6.77326e-009,0.981818,0,0,0,-0.00245188,0.0541436,-0.0446676,0.632786,0.504648,1
1550,294.188,0,0,0,-3.82012e-008,6.77326e-009,0.981818,0,0,0,-0.00227263,0.054279,-0.0445253,0.632786,0.504648,1
1560,291.512,0,0,0,-3.82012e-008,6.77326e-009,0.981818,0,0,0,-0.00197913,0.054251,-0.04391,0.632786,0.504648,1
1570,295.286,0,0,0,-3.82012e-008,6.77326e-009,0.981818,0,0,0,-0.00186929,0.0542571,-0.0431379,0.632786,0.504648,1
1580,298.92,0,0,0,-3.82012e-008,6.77326e-009,0.981818,0,0,0,-0.00204624,0.0546786,-0.0421878,0.632786,0.504648,1
1590,301.022,0,0,0,-3.82012e-008,6.77326e-009,0.981818,0,0,0,-0.0024947,0.0551597,-0.0408529,0.632456,0.504899,1
1600,291.337,0,0,0,-3.82012e-008,6.77326e-009,0.981818,0,0,0,-0.00321537,0.0555549,-0.0393417,0.632114,0.505151,1
1610,279.689,0,0,0,-3.82012e-008,6.77326e-009,0.981818,0,0,0,-0.00396747,0.0562176,-0.0378942,0.631517,0.505578,1
1620,265.064,0,0,0,-3.82012e-008,6.77326e-009,0.981818,0,0,0,-0.00459946,0.0571366,-0.0366162,0.630827,0.506058,1
1630,258.705,0,0,0,-3.82012e-008,6.77326e-009,0.981818,0,0,0,-0.00512949,0.0576618,-0.0351896,0.630681,0.506156,1
1640,258.592,0,0,0,-3.82012e-008,6.77326e-009,0.981818,0,0,0,-0.00556247,0.0577179,-0.0335623,0.630681,0.506156,1
1650,278.718,0,0,0,-3.82012e-008,6.77326e-009,0.981818,0,0,0,-0.0056373,0.0576885,-0.0319427,0.630681,0.506156,1
1660,303.463,0,0,0,-3.82012e-008,6.77326e-009,0.981818,0,0,0,-0.00536578,0.0573884,-0.0306884,0.630681,0.506156,1
1670,332.212,0,0,0,-3.82012e-008,6.77326e-009,0.981818,0,0,0,-0.00494278,0.0566878,-0.0295618,0.630681,0.506156,1
1680,347.694,0,0,0,-3.82012e-008,6.77326e-009,0.981818,0,0,0,-0.00435647,0.0562025,-0.0286063,0.630681,0.506156,1
1690,347.765,0,0,0,-3.82012e-008,6.77326e-009,0.981818,0,0,0,-0.00346431,0.0563507,-0.0279155,0.630681,0.506156,1
1700,322.098,0,0,0,-3.82012e-008,6.77326e-009,0.981818,0,0,0,-0.00263057,0.0563376,-0.0275415,0.630681,0.506156,1
1710,286.202,0,0,0,-3.82012e-008,6.77326e-009,0.981818,0,0,0,-0.00215447,0.0558422,-0.0271431,0.630681,0.506156,1
1720,255.226,0,0,0,-3.82012e-008,6.77326e-009,0.981818,0,0,0,-0.00189445,0.0554092,-0.0269473,0.630681,0.506156,1
1730,255.901,0,0,0,-3.82012e-008,6.77326e-009,0.981818,0,0,0,-0.00176664,0.0554576,-0.0272243,0.630681,0.506156,1
1740,271.904,0,0,0,-3.82012e-008,6.77326e-009,0.981818,0,0,0,-0.00197204,0.0552607,-0.0280059,0.630681,0.506156,1
1750,290.634,0,0,0,-3.82012e-008,6.77326e-009,0.981818,0,0,0,-0.00223456,0.0547976,-0.0287495,0.630681,0.506156,1
1760,308.374,0,0,0,-3.82012e-008,6.77326e-009,0.981818,0,0,0,-0.00210819,0.0546831,-0.0293874,0.630681,0.506156,1
1770,320.166,0,0,0,-3.82012e-008,6.77326e-009,0.981818,0,0,0,-0.00170375,0.0551997,-0.030198,0.630681,0.506156,1
1780,320.611,0,0,0,-3.82012e-008,6.77326e-009,0.981818,0,0,0,-0.00143062,0.055554,-0.0313691,0.630681,0.506156,1
1790,310.075,0,0,0,-3.82012e-008,6.77326e-009,0.981818,0,0,0,-0.00139241,0.0555091,-0.0325683,0.630681,0.506156,1
1800,296.192,0,0,0,-3.82012e-008,6.77326e-009,0.981818,0,0,0,-0.00140801,0.05539,-0.0336786,0.630681,0.506156,1
1810,282.17,0,0,0,-3.82012e-008,6.77326e-009,0.981818,0,0,0,-0.00146753,0.0555379,-0.0349062,0.630681,0.506156,1
1820,278.198,0,0,0,-3.82012e-008,6.77326e-009,0.981818,0,0,0,-0.00156781,0.0558377,-0.0361947,0.630681,0.506156,1
1830,280.697,0,0,0,-3.82012e-008,6.77326e-009,0.981818,0,0,0,-0.00166196,0.056376,-0.0371414,0.630551,0.506141,1
1840,287.927,0,0,0,-3.82012e-008,6.77326e-009,0.981818,0,0,0,-0.00159382,0.0569586,-0.0377321,0.630241,0.506087,1
1850,287.934,0,0,0,-3.82012e-008,6.77326e-009,0.981818,0,0,0,-0.00161962,0.0570901,-0.0385895,0.630241,0.506087,1
1860,284.058,0,0,0,-3.82012e-008,6.77326e-009,0.981818,0,0,0,-0.0017765,0.0565769,-0.039788,0.630241,0.506087,1
1870,278.712,0,0,0,-3.82012e-008,6.77326e-009,0.981818,0,0,0,-0.00192343,0.0560106,-0.0408363,0.630241,0.506087,1
1880,268.078,0,0,0,-3.82012e-008,6.77326e-009,0.981818,0,0,0,-0.00188583,0.0556194,-0.0415425,0.630241,0.506087,1
1890,257.337,0,0,0,-3.82012e-008,6.77326e-009,0.981818,0,0,0,-0.00181876,0.0552123,-0.0425102,0.630241,0.506087,1
1900,243.913,0,0,0,-3.82012e-008,6.77326e-009,0.981818,0,0,0,-0.00138652,0.0547434,-0.0438013,0.630241,0.506087,1
1910,236.264,0,0,0,-3.82012e-008,6.77326e-009,0.981818,0,0,0,-0.000637681,0.0544926,-0.0448713,0.630241,0.506087,1
1920,237.056,0,0,0,-3.82012e-008,6.77326e-009,0.981818,0,0,0,-2.37207e-005,0.0544819,-0.0453038,0.630241,0.506087,1
1930,253.045,0,0,0,-3.82012e-008,6.77326e-009,0.981818,0,0,0,8.32295e-005,0.0545447,-0.0457639,0.63022,0.506072,1
1940,280.513,0,0,0,-3.82012e-008,6.77326e-009,0.981818,0,0,0,1.31112e-005,0.0545434,-0.0465382,0.629988,0.505876,1
1950,301.733,0,0,0,-3.82012e-008,6.77326e-009,0.981818,0,0,0,-0.000296147,0.0544753,-0.047302,0.629971,0.505858,1
1960,307.82,0,0,0,-3.82012e-008,6.77326e-009,0.981818,0,0,0,-0.000791579,0.0543989,-0.0478324,0.629634,0.505496,1
1970,312.411,0,0,0,-3.82012e-008,6.77326e-009,0.981818,0,0,0,-0.00105189,0.0545363,-0.0488825,0.629206,0.50501,1
1980,328.454,0,0,0,-3.82012e-008,6.77326e-009,0.981818,0,0,0,-0.000733391,0.0551186,-0.0505269,0.628843,0.504573,1
1990,337.398,0,0,0,-3.82012e-008,6.77326e-009,0.981818,0,0,0,-0.000327644,0.0557707,-0.0521105,0.628634,0.504295,1
2000,1256.43,0,0,-7.88492,-9.05455e-005,0.0558951,0.977868,0,0,0,-7.57081e-005,0.0558769,-0.0532209,0.628824,0.503752,1
2010,1196.1,0,0,-7.73692,-9.05455e-005,0.0558951,0.938779,0,0,0,6.28908e-005,0.0554412,-0.0545883,0.628958,0.503505,1
2020,1137.44,0,0,-7.59415,-9.05455e-005,0.0558951,0.900417,0,0,0,0.000146337,0.0551057,-0.0564204,0.62928,0.503062,1
2030,1080.59,0,0,-7.45661,-9.05455e-005,0.0558951,0.862758,0,0,0,7.1419e-005,0.0550536,-0.0581167,0.629702,0.502546,1
2040,1044.58,0,0,-7.32364,-9.05455e-005,0.0558951,0.825776,0,0,0,-1.23805e-005,0.0551881,-0.0591221,0.630127,0.502037,1
2050,1024.06,0,0,-7.19449,-9.05455e-005,0.0558951,0.78945,0,0,0,-5.02813e-006,0.0553035,-0.0600909,0.630432,0.501668,1
2060,1018.51,0,0,-7.06814,-9.05455e-005,0.0558951,0.753763,0,0,0,1.98109e-005,0.0552157,-0.0613444,0.63061,0.501391,1
2070,1005.07,0,0,-6.94445,-9.05455e-005,0.0558951,0.718702,0,0,0,2.538e-005,0.0547543,-0.062365,0.630837,0.500967,1
2080,989.615,0,0,-6.82371,-9.05455e-005,0.0558951,0.684252,0,0,0,0.000231866,0.0544887,-0.0626302,0.631102,0.500428,1
2090,965.267,0,0,-6.70614,-9.05455e-005,0.0558951,0.6504,0,0,0,0.000641917,0.0547528,-0.0629508,0.631335,0.499923,1
2100,940.138,0,0,-6.59184,-9.05455e-005,0.0558951,0.617128,0,0,0,0.000850273,0.0553024,-0.0637141,0.631529,0.499444,1
2110,901.018,0,0,-6.48144,-9.05455e-005,0.0558951,0.584418,0,0,0,0.000724633,0.0555566,-0.0641882,0.631655,0.499085,1
2120,861.732,0,0,-6.37518,-9.05455e-005,0.0558951,0.552252,0,0,0,0.000521775,0.0555303,-0.0637528,0.63168,0.498954,1
2130,828.964,0,0,-6.27303,-9.05455e-005,0.0558951,0.520608,0,0,0,0.000254569,0.0552921,-0.0633673,0.631692,0.498828,1
2140,795.021,0,0,-6.17472,-9.05455e-005,0.0558951,0.489465,0,0,0,-0.000310502,0.0550666,-0.0635835,0.631694,0.498674,1
2150,762.918,1.54313e-007,-1.68801e-007,-6.08041,-9.05455e-005,0.0558951,0.458806,-0.0124751,0.0136464,0.0871612,-0.00089734,0.0548267,-0.0637965,0.63169,0.498649,1
2160,738.697,4.22779e-006,-3.95907e-006,-5.98971,-9.05353e-005,0.0558951,0.428609,-0.0144071,0.00345635,0.213428,-0.00111211,0.0545637,-0.0635045,0.631642,0.498416,1
2170,718.37,9.20503e-006,-5.07973e-006,-5.90228,-9.05032e-005,0.0558951,0.398858,-0.0289267,0.00623525,0.316812,-0.00113666,0.0541351,-0.0634707,0.631592,0.49824,1
2180,704.737,2.44497e-005,-6.8774e-006,-5.8174,-9.04338e-005,0.0558951,0.369539,-0.426175,0.0065724,1.07758,-0.00135065,0.0537122,-0.0640665,0.631592,0.49824,1
2190,687.131,0.000156563,-1.15342e-005,-5.73555,-9.00065e-005,0.055895,0.340637,-0.712932,0.180114,3.25762,-0.00146074,0.0534646,-0.0646674,0.631576,0.498221,1
2200,673.267,0.000371145,-6.05212e-005,-5.6567,-8.87235e-005,0.0558948,0.312138,-1.11423,0.0341852,6.73226,-0.00111536,0.0536677,-0.0648031,0.631558,0.498203,1
2210,657.012,0.000698907,-6.50953e-005,-5.58144,-8.60955e-005,0.0558945,0.284025,-1.53034,-0.246447,10.4256,-0.000479424,0.0539577,-0.0650748,0.631558,0.498203,1
2220,644.958,0.00113493,4.07075e-006,-5.50949,-8.15588e-005,0.0558944,0.25628,-1.97094,0.0411141,13.9081,8.36631e-005,0.0538693,-0.0657304,0.631545,0.498182,1
2230,633.463,0.00155617,-1.39107e-005,-5.44044,-7.47404e-005,0.0558944,0.228888,-1.04227,0.24287,15.7321,0.000600613,0.053366,-0.0660513,0.631273,0.497756,1
2240,623.542,0.00115064,-8.76396e-005,-5.37333,-6.72617e-005,0.0558941,0.201836,5.88479,0.337776,13.1967,0.00096015,0.0531586,-0.0656962,0.631154,0.497587,1
2250,607.129,-0.00286505,-0.000130301,-5.30696,-6.89574e-005,0.0558935,0.175118,31.1619,-0.284637,2.49053,0.000903113,0.0534933,-0.0653903,0.631006,0.497393,1
2260,591.832,-0.0163955,7.3097e-005,-5.23964,-0.000111761,0.0558933,0.148735,82.2981,-1.36325,-12.002,0.000506971,0.0542676,-0.0653975,0.630731,0.497047,1
2270,572.105,-0.043521,0.00058969,-5.17261,-0.000256006,0.0558947,0.122689,135.865,-3.6177,-18.0947,0.000293861,0.055178,-0.0648359,0.630503,0.496771,1
2280,549.639,-0.0800577,0.00236833,-5.10791,-0.000562947,0.0559011,0.0969734,158.351,-13.5633,-24.1423,0.000271738,0.0560347,-0.0633862,0.630388,0.496636,1
2290,531.299,-0.1169,0.00852319,-5.04225,-0.00105717,0.0559259,0.0715818,146.189,-36.1825,-56.1746,5.88511e-005,0.0565118,-0.0619602,0.630229,0.496458,1
2300,520.329,-0.151024,0.0209544,-4.96555,-0.00172761,0.055996,0.0465408,145.881,-72.6156,-141.63,-0.000319809,0.0567091,-0.0611532,0.630079,0.496299,1
2310,509.312,-0.194644,0.0432982,-4.86352,-0.00258125,0.0561544,0.0219427,253.149,-93.8293,-272.131,-0.000443046,0.0567748,-0.0603537,0.630079,0.496299,1
2320,492.753,-0.288203,0.0616333,-4.7261,-0.00375744,0.056421,-0.0020612,560.266,-53.417,-453.404,-0.000499086,0.0566155,-0.0591919,0.630079,0.496299,1
2330,470.183,-0.491806,0.0614473,-4.55288,-0.00564673,0.0567417,-0.0252798,1140.15,67.3477,-568.608,-0.000781048,0.0558791,-0.0580124,0.630079,0.496299,1
2340,447.544,-0.824635,0.0251625,-4.38305,-0.00890106,0.0569731,-0.0476135,1506.28,202.246,-440.039,-0.00103781,0.0547663,-0.0571487,0.630079,0.496299,1
2350,430.479,-1.16541,-0.0259961,-4.27704,-0.0139143,0.0569709,-0.0692384,1173.26,208.126,-135.607,-0.000978823,0.0538344,-0.0563174,0.630079,0.496299,1
2360,413.896,-1.34583,-0.0785267,-4.24811,-0.0202829,0.0567094,-0.0905293,350.925,204.842,131.336,-0.000896536,0.0533961,-0.0554617,0.630079,0.496299,1
2370,395.62,-1.33727,-0.119045,-4.27308,-0.0270611,0.0562066,-0.111823,-297.992,124.862,276.682,-0.00081672,0.0531449,-0.0547917,0.630079,0.496299,1
2380,401.111,-1.22203,-0.13937,-4.32202,-0.0334808,0.0555519,-0.133315,-491.794,46.0437,302.47,-0.000494508,0.052759,-0.0544303,0.630079,0.496299,1
2390,419.874,-1.09553,-0.142301,-4.35962,-0.0392728,0.0548419,-0.155035,-455.773,-6.87839,233.89,-2.57522e-005,0.0524947,-0.0538448,0.630079,0.496299,1
2400,446.11,-0.983025,-0.136937,-4.37408,-0.0444643,0.0541418,-0.176888,-390.896,-22.5513,160.25,0.000343672,0.0527017,-0.0530222,0.630079,0.496299,1
2410,466.074,-0.883551,-0.131634,-4.37081,-0.0491283,0.0534719,-0.198765,-349.202,-5.72363,123.582,0.000654703,0.0533881,-0.0524807,0.630079,0.496299,1
2420,468.36,-0.794246,-0.133117,-4.35958,-0.0533204,0.0528132,-0.220602,-312.932,27.0864,108.396,0.000944541,0.0543613,-0.052538,0.630079,0.496299,1
2430,457.079,-0.713455,-0.14154,-4.34825,-0.0570882,0.0521284,-0.24238,-287.061,47.2769,111.036,0.00112425,0.0554523,-0.0525772,0.630079,0.496299,1
2440,443.844,-0.639313,-0.152285,-4.34011,-0.060469,0.0513934,-0.264109,-265.328,46.3913,116.647,0.00130275,0.0562169,-0.0524114,0.630079,0.496299,1
2450,430.673,-0.571959,-0.160914,-4.33512,-0.0634951,0.0506085,-0.285804,-238.185,31.8961,116.168,0.0016064,0.0565456,-0.0523765,0.629973,0.49616,1
2460,424.098,-0.513681,-0.165626,-4.33069,-0.0662057,0.0497903,-0.307477,-197.48,16.5262,105.504,0.00203359,0.0567116,-0.0527166,0.629973,0.49616,1
2470,423.169,-0.467496,-0.167109,-4.32272,-0.0686539,0.0489571,-0.329121,-145.395,6.55668,85.0569,0.00251068,0.0569615,-0.0528581,0.629973,0.49616,1
2480,424.092,-0.434694,-0.166748,-4.30912,-0.0709047,0.0481215,-0.350711,-94.0155,0.752272,59.1014,0.0029881,0.0569374,-0.0525288,0.629973,0.49616,1
2490,421.164,-0.41362,-0.165415,-4.28915,-0.0730219,0.0472906,-0.372217,-53.3686,-0.978937,34.0747,0.00333272,0.0565563,-0.0520591,0.629973,0.49616,1
2500,404.101,-0.40124,-0.163988,-4.2657,-0.0750567,0.0464669,-0.393612,-25.9751,-1.50936,14.8654,0.00345047,0.056062,-0.0519943,0.629973,0.49616,1
2510,388.202,-0.394516,-0.162701,-4.24215,-0.077045,0.04565,-0.414888,-10.8873,-0.745344,2.21507,0.0032722,0.0558415,-0.0520999,0.629973,0.49616,1
2520,379.333,-0.390738,-0.1617,-4.21892,-0.0790078,0.0448389,-0.436046,-3.76486,-0.461389,-3.00843,0.00284169,0.0556273,-0.0520688,0.629973,0.49616,1
2530,383.34,-0.388183,-0.160771,-4.1953,-0.0809553,0.0440325,-0.457088,-0.581338,-0.124991,-6.13674,0.00229603,0.0552392,-0.0519894,0.629973,0.49616,1
2540,389.888,-0.386035,-0.159869,-4.17021,-0.0828913,0.0432307,-0.478008,0.538889,0.0731471,-7.00302,0.00187898,0.0546697,-0.0521078,0.629973,0.49616,1
2550,386.226,-0.383998,-0.158988,-4.1446,-0.0848169,0.0424333,-0.498801,0.758267,0.407109,-6.30329,0.00170219,0.0542752,-0.0521544,0.629973,0.49616,1
2560,377.54,-0.382145,-0.158239,-4.12113,-0.0867327,0.0416401,-0.51947,0.658687,0.143468,-5.12245,0.00175449,0.0539509,-0.0520537,0.629973,0.49616,1
2570,372.162,-0.380407,-0.157496,-4.09964,-0.0886395,0.0408506,-0.540026,0.371095,0.159012,-3.96727,0.00187275,0.0538054,-0.0521807,0.629973,0.49616,1
2580,370.702,-0.378669,-0.156779,-4.07912,-0.0905376,0.0400647,-0.560478,0.738048,0.149733,-2.60138,0.00187983,0.053903,-0.0526684,0.629973,0.49616,1
2590,375.734,-0.376983,-0.156048,-4.05867,-0.0924273,0.0392824,-0.580827,0.548063,0.116216,-2.092,0.00172179,0.0542286,-0.0530431,0.629973,0.49616,1
2600,377.744,-0.375178,-0.155277,-4.03752,-0.0943082,0.0385039,-0.601073,0.403201,0.0851434,-1.66341,0.00159296,0.0542684,-0.0531701,0.629973,0.49616,1
2610,377.736,-0.373328,-0.154496,-4.01633,-0.0961799,0.0377293,-0.621213,0.270612,0.232097,-1.03915,0.00165514,0.0541341,-0.0536421,0.629973,0.49616,1
2620,376.949,-0.371489,-0.153761,-3.9957,-0.0980425,0.0369584,-0.641248,0.196956,0.17234,-0.815356,0.00194613,0.0541654,-0.0547394,0.629973,0.49616,1
2630,369.491,-0.369701,-0.153039,-3.97585,-0.0998958,0.0361913,-0.661181,0.120409,-0.0193114,-0.360207,0.00239171,0.0545674,-0.0559345,0.629973,0.49616,1
2640,365.047,-0.368063,-0.152346,-3.95789,-0.101741,0.0354276,-0.681019,0,0,0,0.00282887,0.0550138,-0.0567218,0.629973,0.49616,1
2650,367.975,-0.366407,-0.151661,-3.94009,-0.103577,0.0346674,-0.700769,0,0,0,0.00309231,0.0555117,-0.0574757,0.629973,0.49616,1
2660,372.859,-0.364661,-0.150938,-3.92131,-0.105405,0.0339107,-0.720428,0,0,0,0.0032524,0.0560403,-0.0585165,0.629973,0.49616,1
2670,379.002,-0.362821,-0.150177,-3.90153,-0.107225,0.0331577,-0.73999,0,0,0,0.00343435,0.0565325,-0.0594814,0.629973,0.49616,1
2680,379.063,-0.360923,-0.149391,-3.88111,-0.109034,0.0324086,-0.759452,0,0,0,0.00356651,0.0566639,-0.0599201,0.629973,0.49616,1
2690,370.143,-0.359121,-0.148645,-3.86175,-0.110835,0.0316634,-0.778813,0,0,0,0.00349932,0.0565809,-0.0602002,0.629973,0.49616,1
2700,361.842,-0.357528,-0.147986,-3.84461,-0.112627,0.0309217,-0.798083,0,0,0,0.00333463,0.0565471,-0.0605223,0.629973,0.49616,1
2710,353.014,-0.356102,-0.147396,-3.82927,-0.114411,0.0301831,-0.81727,0,0,0,0.00327928,0.0566436,-0.0605842,0.629973,0.49616,1
2720,352.42,-0.354789,-0.146852,-3.81516,-0.116189,0.0294473,-0.836385,0,0,0,0.00340009,0.0565096,-0.0602559,0.629973,0.49616,1
2730,357.111,-0.353424,-0.146287,-3.80048,-0.11796,0.0287143,-0.855428,0,0,0,0.0036651,0.0560961,-0.0601052,0.629973,0.49616,1
2740,358.892,-0.351975,-0.145688,-3.7849,-0.119724,0.0279842,-0.874396,0,0,0,0.00397263,0.0555466,-0.0602861,0.629973,0.49616,1
2750,355.722,-0.350566,-0.145104,-3.76975,-0.12148,0.0272571,-0.893286,0,0,0,0.00416979,0.0549723,-0.0604459,0.629973,0.49616,1
2760,353.583,-0.349218,-0.144546,-3.75526,-0.12323,0.0265329,-0.912102,0,0,0,0.00420867,0.0544845,-0.06046,0.629973,0.49616,1
2770,343.961,-0.34799,-0.144038,-3.74204,-0.124973,0.0258113,-0.930847,0,0,0,0.00425251,0.0543778,-0.0608821,0.630079,0.496008,1
2780,335.973,-0.346988,-0.143623,-3.73127,-0.126711,0.0250921,-0.949532,0,0,0,0.00442382,0.054665,-0.0618708,0.630185,0.495901,1
2790,331.8,-0.346119,-0.143263,-3.72192,-0.128444,0.0243748,-0.968167,0,0,0,0.004631,0.0549637,-0.0629382,0.630291,0.495825,1
2800,333.796,-0.345269,-0.142912,-3.71279,-0.130173,0.0236593,-0.986757,0,0,0,0.00466017,0.0550665,-0.0636388,0.630408,0.495774,1
2810,338.784,-0.344332,-0.142524,-3.70271,-0.131897,0.0229456,0.994702,0,0,0,0.00435895,0.0550956,-0.0642468,0.630408,0.495774,1
2820,339.659,-0.343317,-0.142104,-3.69179,-0.133616,0.0222339,0.976213,0,0,0,0.00375956,0.0552419,-0.064958,0.630408,0.495774,1
2830,331.63,-0.342397,-0.141723,-3.68191,-0.135331,0.0215243,0.957777,0,0,0,0.00307959,0.0554266,-0.065569,0.630408,0.495774,1
2840,319.381,-0.341734,-0.141449,-3.67478,-0.137041,0.0208163,0.939385,0,0,0,0.00255253,0.0556046,-0.0658854,0.630408,0.495774,1
2850,304.713,-0.341424,-0.14132,-3.67144,-0.138749,0.0201094,0.92102,0,0,0,0.00233064,0.0557928,-0.0662379,0.63045,0.495934,1
2860,297.84,-0.341417,-0.141317,-3.67137,-0.140456,0.0194029,0.902664,0,0,0,0.00248064,0.0561613,-0.066686,0.63039,0.496163,1
2870,294.635,-0.341527,-0.141363,-3.67255,-0.142163,0.0186962,0.884305,0,0,0,0.00296937,0.0567159,-0.0669309,0.630187,0.496376,1
2880,292.959,-0.341713,-0.14144,-3.67455,-0.143871,0.0179892,0.865938,0,0,0,0.00367231,0.0574333,-0.0668633,0.629848,0.496579,1
2890,294.869,-0.341888,-0.141512,-3.67643,-0.14558,0.0172818,0.84756,0,0,0,0.0044448,0.0579169,-0.0668146,0.629523,0.496773,1
2900,296.674,-0.342006,-0.141561,-3.6777,-0.14729,0.0165742,0.829175,0,0,0,0.00505851,0.0578297,-0.0666743,0.629243,0.497001,1
2910,301.849,-0.342024,-0.141569,-3.67789,-0.149,0.0158663,0.810786,0,0,0,0.00534103,0.0571403,-0.0661064,0.628931,0.497305,1
2920,310.278,-0.341847,-0.141496,-3.67599,-0.15071,0.0151586,0.7924,0,0,0,0.00531501,0.0564115,-0.0651127,0.628619,0.497643,1
2930,316.748,-0.341457,-0.141334,-3.6718,-0.152418,0.0144515,0.774028,0,0,0,0.00517627,0.0559191,-0.0640293,0.628354,0.497961,1
2940,319.266,-0.340962,-0.141129,-3.66647,-0.154124,0.0137452,0.755681,0,0,0,0.00512437,0.055692,-0.062911,0.628127,0.498255,1
2950,313.999,-0.340499,-0.140937,-3.66149,-0.155828,0.0130401,0.737361,0,0,0,0.00528386,0.0554928,-0.06171,0.627943,0.498511,1
2960,301.996,-0.340299,-0.140854,-3.65934,-0.15753,0.0123356,0.71906,0,0,0,0.00556171,0.0552162,-0.0604482,0.627818,0.498707,1
2970,299.637,-0.340315,-0.140861,-3.65951,-0.159232,0.0116313,0.700763,0,0,0,0.0057671,0.0547489,-0.0592105,0.627668,0.498929,1
2980,307.696,-0.340215,-0.14082,-3.65844,-0.160933,0.0109271,0.682466,0,0,0,0.0058685,0.0544894,-0.0579847,0.627469,0.499197,1
2990,317.631,-0.33986,-0.140673,-3.65462,-0.162633,0.0102233,0.664182,0,0,0,0.00600661,0.0547447,-0.0567203,0.627342,0.499343,1
3000,324.392,-0.339287,-0.140436,-3.64846,-0.164331,0.00952041,0.645922,0,0,0,0.00611905,0.0554144,-0.055565,0.627318,0.499333,1
3010,324.513,-0.338641,-0.140169,-3.64152,-0.166026,0.00881883,0.627695,0,0,0,0.00607199,0.0559941,-0.0546844,0.627318,0.499333,1
3020,324.817,-0.338011,-0.139908,-3.63474,-0.167718,0.00811857,0.609503,0.00280124,-0.00406089,0.0459998,0.00584751,0.0564003,-0.0539556,0.627318,0.499333,1
3030,326.67,-0.33734,-0.139628,-3.62753,-0.169407,0.00741966,0.591345,0.0036888,-0.00526816,0.0593848,0.00547695,0.0566142,-0.0530624,0.627304,0.499355,1
3040,324.939,-0.336673,-0.13935,-3.62036,-0.171092,0.00672215,0.573224,0.0054188,-0.00717905,0.0781349,0.00493756,0.0566245,-0.0521183,0.627284,0.49944,1
3050,322.073,-0.336073,-0.139099,-3.61392,-0.172774,0.00602597,0.555137,0.00817704,-0.0104125,0.102153,0.00444693,0.0564692,-0.0513289,0.627301,0.499572,1
3060,319.466,-0.335536,-0.138873,-3.60814,-0.174453,0.005331,0.53708,0.011166,-0.0148606,0.13216,0.00419649,0.0566013,-0.0507541,0.627372,0.499704,1
3070,316.152,-0.335071,-0.138674,-3.60314,-0.17613,0.00463709,0.519051,0.109793,-0.0740521,0.688997,0.00411367,0.0572048,-0.0502287,0.627705,0.500097,1
3080,312.362,-0.334732,-0.138499,-3.59935,-0.177804,0.00394414,0.501044,0.14022,-0.0986947,0.87134,0.00403002,0.0579802,-0.0497005,0.628119,0.500496,1
3090,307.351,-0.334495,-0.138356,-3.59661,-0.179477,0.00325199,0.483054,0.366505,-0.0541753,1.60956,0.00398869,0.058431,-0.0489793,0.628567,0.50091,1
3100,302.972,-0.334478,-0.13829,-3.59576,-0.18115,0.00256037,0.465074,0.466695,-0.077248,2.02244,0.00397333,0.0585888,-0.0480884,0.628952,0.50129,1
3110,301.437,-0.334548,-0.13824,-3.59566,-0.182822,0.00186904,0.447095,0.770377,-0.30694,3.07177,0.00390202,0.058473,-0.0471743,0.629324,0.501672,1
3120,302.866,-0.334704,-0.138133,-3.59589,-0.184495,0.00117809,0.429116,1.06853,-0.147966,4.33571,0.00380915,0.057977,-0.0464892,0.629692,0.50204,1
3130,307.872,-0.334854,-0.138032,-3.59549,-0.186169,0.000487635,0.411137,1.65332,-0.141454,6.08978,0.00386092,0.0572694,-0.0458935,0.630175,0.502518,1
3140,315.238,-0.334981,-0.137858,-3.59362,-0.187844,-0.000202158,0.393162,2.25234,-0.126607,8.00708,0.00402626,0.0568839,-0.0452658,0.630684,0.503007,1
3150,321.005,-0.335085,-0.137625,-3.59037,-0.189519,-0.000890943,0.3752,2.68905,-0.39883,9.2651,0.00417408,0.0567455,-0.0445143,0.631068,0.503341,1
3160,322.59,-0.335201,-0.137323,-3.58642,-0.191195,-0.00157834,0.357257,3.38968,0.223601,9.12565,0.00444955,0.0563578,-0.0438088,0.63143,0.503621,1
3170,318.604,-0.335436,-0.137282,-3.58216,-0.192872,-0.00226476,0.339333,2.71446,1.28129,3.18649,0.00502528,0.055621,-0.0432178,0.631922,0.503972,1
3180,311.845,-0.335432,-0.137903,-3.57644,-0.194549,-0.00295225,0.321434,-0.0950194,6.23212,-17.6569,0.0055829,0.0549247,-0.0429204,0.632534,0.50438,1
3190,303.199,-0.334302,-0.140953,-3.56262,-0.196225,-0.00364768,0.30358,-9.22489,22.7117,-92.1358,0.00573815,0.0544388,-0.0429112,0.633219,0.504811,1
3200,288.92,-0.32906,-0.152405,-3.51549,-0.197886,-0.00437505,0.285861,-38.9243,80.4458,-340.066,0.00578463,0.0542463,-0.0431454,0.633873,0.505199,1
3210,268.836,-0.312152,-0.191786,-3.36508,-0.199496,-0.00521586,0.268592,-106.904,264.832,-1014.74,0.00603594,0.0545579,-0.0434107,0.634346,0.505456,1
3220,249.81,-0.282117,-0.28982,-3.03558,-0.200983,-0.0063939,0.252528,-129.338,505.371,-1659.51,0.00623109,0.0554633,-0.0439104,0.634695,0.505624,1
3230,225.711,-0.255195,-0.441759,-2.59979,-0.202323,-0.00820172,0.238415,-107.3,687.409,-1956.07,0.00616386,0.0567204,-0.0449032,0.635026,0.505764,1
3240,211.597,-0.225894,-0.63461,-2.1184,-0.203531,-0.0108728,0.226603,-156.471,860.516,-2179.77,0.00613147,0.0580137,-0.0462794,0.635203,0.50582,1
3250,220.057,-0.180255,-0.891745,-1.54726,-0.204554,-0.0146603,0.21741,-233.75,1084.41,-2424.11,0.00603857,0.0592331,-0.0475188,0.635203,0.50582,1
3260,237.258,-0.11569,-1.14542,-1.01664,-0.205299,-0.0197734,0.211054,-281.591,888.431,-1938.01,0.00572486,0.0603418,-0.0485067,0.635203,0.50582,1
3270,240.927,-0.0465791,-1.34713,-0.591022,-0.205704,-0.0260262,0.207077,-277.787,664.654,-1535.97,0.00557759,0.0612086,-0.0494351,0.635203,0.50582,1
3280,232.551,0.0190904,-1.49242,-0.258826,-0.20577,-0.0331455,0.20499,-248.215,434.007,-1170.78,0.00587864,0.0615977,-0.0505187,0.635203,0.50582,1
3290,229.792,0.0773572,-1.57997,-0.019195,-0.205527,-0.04085,0.204336,-221.879,183.763,-780.606,0.00624102,0.0617102,-0.0516062,0.635232,0.505821,1
3300,240.306,0.130011,-1.61811,0.143748,-0.205006,-0.0488566,0.20467,-196.112,55.0081,-559.319,0.00632318,0.0617811,-0.0527303,0.635232,0.505821,1
3310,264.043,0.176131,-1.63176,0.267115,-0.204238,-0.0569872,0.20571,-170.939,-1.2066,-435.452,0.00620479,0.0615985,-0.0538781,0.635232,0.505821,1
3320,290.863,0.21576,-1.63036,0.363165,-0.203255,-0.0651466,0.207296,-145.406,-31.9079,-337.664,0.00605813,0.0608352,-0.0549744,0.635232,0.505821,1
3330,304.79,0.248354,-1.62045,0.436502,-0.202092,-0.0732757,0.209304,-117.772,-44.7891,-258.685,0.00585503,0.0598517,-0.0559066,0.635232,0.505821,1
3340,294.433,0.274363,-1.60904,0.493527,-0.200783,-0.0813489,0.211634,-93.1667,-46.1097,-205.506,0.00562001,0.0590549,-0.0569109,0.635232,0.505821,1
3350,281.305,0.295362,-1.59963,0.540421,-0.199357,-0.0893692,0.214222,-74.5558,-44.2065,-170.222,0.0055672,0.0586141,-0.0580212,0.635248,0.505814,1
3360,270.928,0.312649,-1.59275,0.580438,-0.197835,-0.0973481,0.217027,-59.7672,-40.1655,-143.629,0.0058247,0.0584787,-0.0589478,0.635446,0.505725,1
3370,269.353,0.326824,-1.58785,0.615013,-0.196236,-0.105298,0.220017,-47.7827,-35.7384,-122.721,0.00616322,0.0587148,-0.0594603,0.635584,0.505645,1
3380,272.942,0.338366,-1.58373,0.645094,-0.194572,-0.113226,0.223169,-38.7363,-31.4023,-107.367,0.00641141,0.0590547,-0.0599927,0.635833,0.505482,1
3390,268.21,0.348033,-1.58069,0.671875,-0.192856,-0.121135,0.226462,-32.3129,-27.1798,-94.842,0.00666732,0.0593096,-0.0609099,0.636104,0.50529,1
3400,260.927,0.356676,-1.57989,0.696318,-0.191094,-0.129034,0.229883,-27.9933,-22.5899,-83.9537,0.00686029,0.0595775,-0.0619547,0.636349,0.505103,1
3410,263.003,0.364495,-1.5807,0.718482,-0.189291,-0.136934,0.23342,-24.3073,-18.2213,-73.6865,0.0068016,0.0602979,-0.0627438,0.636715,0.504808,1
3420,270.31,0.371157,-1.58166,0.737589,-0.187451,-0.144838,0.237061,-20.174,-13.4592,-62.089,0.00670171,0.061428,-0.063476,0.637243,0.504364,1
3430,273.339,0.376479,-1.58277,0.753039,-0.185582,-0.152748,0.240789,-15.5794,-8.5807,-47.7088,0.00690902,0.0625969,-0.0644844,0.637812,0.503867,1
3440,270.861,0.380697,-1.58526,0.764888,-0.183689,-0.160667,0.244585,-10.5836,-4.50977,-32.1257,0.00721625,0.0635108,-0.0656607,0.638372,0.503365,1
3450,271.345,0.383785,-1.5888,0.773088,-0.181777,-0.168601,0.248431,-6.50025,-1.2595,-17.5606,0.00724598,0.0643562,-0.0669098,0.638849,0.502936,1
3460,272.802,0.385918,-1.59269,0.777886,-0.179853,-0.176553,0.252309,-3.57637,1.14932,-6.07338,0.00690689,0.0649924,-0.0683004,0.639134,0.502677,1
3470,262.667,0.387639,-1.5979,0.780633,-0.177919,-0.184528,0.256205,-1.08272,2.84962,2.32978,0.00635097,0.0652402,-0.0696837,0.639329,0.502485,1
3480,252.502,0.389342,-1.60548,0.782598,-0.175977,-0.192534,0.260113,0.561877,3.20179,8.31615,0.00571686,0.0652894,-0.0705216,0.639585,0.502215,1
3490,249.342,0.390982,-1.61415,0.783833,-0.174027,-0.20058,0.264028,1.49301,3.19819,12.3079,0.00530335,0.0654892,-0.0708436,0.639814,0.50196,1
3500,248.778,0.392591,-1.62338,0.784551,-0.172068,-0.208672,0.267948,1.97638,3.05766,14.7256,0.00514531,0.0654933,-0.0711695,0.639956,0.501785,1
3510,255.554,0.393924,-1.63178,0.784418,-0.170102,-0.216809,0.27187,2.20453,2.9063,15.7232,0.00495584,0.0650214,-0.0719675,0.640135,0.50155,1
3520,260.22,0.394933,-1.63893,0.783523,-0.168131,-0.224984,0.275789,2.21617,2.69267,16.418,0.00447757,0.064212,-0.0728372,0.640384,0.501206,1
3530,251.084,0.396076,-1.64657,0.782748,-0.166154,-0.233195,0.279704,2.03167,2.71199,16.3883,0.00397174,0.0633531,-0.0734321,0.640565,0.500939,1
3540,238.235,0.397878,-1.65677,0.783203,-0.16417,-0.24145,0.283617,1.96463,2.42121,16.4383,0.00365261,0.0625511,-0.0737827,0.640622,0.500851,1
3550,237.891,0.400031,-1.66829,0.784315,-0.162176,-0.24976,0.287535,1.87107,2.09112,16.2096,0.00355907,0.0622406,-0.0743311,0.640622,0.500851,1
3560,238.34,0.402164,-1.67954,0.785408,-0.160171,-0.258127,0.291458,1.76401,1.76481,15.7314,0.00360033,0.0626886,-0.0747325,0.640622,0.500851,1
3570,230.821,0.404504,-1.69147,0.786963,-0.158155,-0.266551,0.295387,1.26126,1.53475,14.8366,0.00385908,0.0635753,-0.0747754,0.640622,0.500851,1
3580,217.164,0.4077,-1.70644,0.790153,-0.156126,-0.275041,0.299327,0.851404,1.46998,13.9018,0.00407047,0.0642269,-0.0746138,0.640622,0.500851,1
3590,209.341,0.411716,-1.72445,0.794943,-0.154078,-0.283613,0.303287,0.808147,1.1824,13.337,0.00401764,0.064593,-0.074762,0.640657,0.500783,1
3600,205.871,0.416102,-1.7439,0.800534,-0.15201,-0.292278,0.307274,0.839472,1.30915,12.7721,0.00374697,0.0650297,-0.0749057,0.64078,0.500527,1
3610,205.86,0.420745,-1.7645,0.806729,-0.149919,-0.301044,0.311289,0.753702,1.09835,12.2625,0.00349567,0.0656103,-0.0750179,0.640869,0.50033,1
3620,216.24,0.425016,-1.78339,0.812259,-0.147806,-0.30991,0.315335,0.446844,1.14925,11.415,0.00317888,0.0660729,-0.0752647,0.640938,0.500158,1
3630,230.248,0.428514,-1.79875,0.816344,-0.145672,-0.318864,0.319406,0.357144,0.952954,11.0078,0.00295344,0.066617,-0.0759315,0.64097,0.50006,1
3640,240.345,0.43136,-1.81123,0.819225,-0.143523,-0.327886,0.323494,0.26986,0.772865,10.6236,0.00305864,0.0674859,-0.076426,0.641025,0.499872,1
3650,249.595,0.433677,-1.82138,0.821142,-0.141361,-0.336966,0.327594,0.202344,0.612941,10.2558,0.00342894,0.0683218,-0.0765495,0.641102,0.499602,1
3660,255.928,0.435635,-1.82991,0.822425,-0.139188,-0.346093,0.331702,-0.161563,0.517888,9.54078,0.00374148,0.0688766,-0.0765683,0.641168,0.499342,1
3670,261.288,0.437409,-1.83731,0.823368,-0.137006,-0.35526,0.335816,-0.148363,0.394186,9.25116,0.00405573,0.0694571,-0.0769706,0.641252,0.498974,1
3680,259.508,0.439046,-1.84413,0.824122,-0.134815,-0.364461,0.339934,-0.119483,0.277323,8.9969,0.0043437,0.0700341,-0.0771699,0.641345,0.49854,1
3690,259.338,0.440846,-1.85164,0.825247,-0.132616,-0.373699,0.344056,-0.0837872,0.169012,8.76458,0.00429587,0.0701159,-0.0769344,0.641374,0.498368,1
3700,266.979,0.442423,-1.85822,0.826018,-0.130408,-0.382973,0.348184,-0.05559,0.0726743,8.54417,0.00368043,0.0698675,-0.0767332,0.641374,0.498368,1
3710,291.348,0.443269,-1.86173,0.825486,-0.128194,-0.392273,0.352313,-0.203121,0.181355,7.91176,0.00289565,0.0697416,-0.0772594,0.641373,0.498343,1
3720,321.013,0.443049,-1.86063,0.823045,-0.125977,-0.401581,0.356435,-0.18645,0.0900913,7.75623,0.00230036,0.0695971,-0.0780451,0.641363,0.498224,1
3730,341.714,0.44197,-1.85592,0.819058,-0.123764,-0.410875,0.360541,-0.180757,-0.000652188,7.59018,0.00191306,0.0690753,-0.0786726,0.641363,0.498224,1
3740,339.368,0.440657,-1.85021,0.814692,-0.121557,-0.420142,0.364626,-0.200873,0.143771,6.9603,0.00181278,0.0685693,-0.0791866,0.641363,0.498224,1
3750,333.715,0.439535,-1.84531,0.810824,-0.119357,-0.429381,0.368691,-0.204684,0.0377132,6.7912,0.00246084,0.0685417,-0.0797412,0.641363,0.498224,1
3760,323.131,0.438633,-1.8413,0.807407,-0.117161,-0.438598,0.372736,-0.440786,0.068172,6.18767,0.00364889,0.0688877,-0.0798175,0.641363,0.498224,1
3770,311.799,0.438162,-1.83887,0.804828,-0.114969,-0.447799,0.376767,-0.427508,-0.015818,6.00896,0.00451009,0.0692007,-0.0794017,0.641363,0.498224,1
3780,306.76,0.437994,-1.8377,0.802858,-0.112779,-0.45699,0.380786,-0.645434,-0.225267,5.44294,0.00477555,0.0697018,-0.0791246,0.641363,0.498224,1
3790,311.195,0.437819,-1.83625,0.800923,-0.110589,-0.466176,0.384796,-0.602451,-0.332137,5.30343,0.00489259,0.0705907,-0.0794601,0.641363,0.498224,1
3800,316.787,0.437488,-1.83416,0.798762,-0.108401,-0.475352,0.388795,-0.546794,-0.440048,5.15629,0.00486676,0.0715554,-0.0800107,0.641363,0.498224,1
3810,328.189,0.436831,-1.83075,0.796072,-0.106214,-0.484516,0.392783,-0.48124,-0.544735,5.01086,0.00443149,0.0721719,-0.0804476,0.641363,0.498224,1
3820,327.928,0.435968,-1.82654,0.793084,-0.104032,-0.49366,0.396756,-0.243769,-0.460146,4.45275,0.0038299,0.0727397,-0.080918,0.641363,0.498224,1
3830,310.124,0.435352,-1.82362,0.790789,-0.101854,0.493663,0.400716,0.0486297,-0.476273,3.93715,0.0031617,0.0732928,-0.0815137,0.641363,0.498224,1
3840,289.789,0.435423,-1.82386,0.789982,-0.0996773,0.484546,0.404667,0.0791437,-0.54411,3.8394,0.00228711,0.0736607,-0.0819393,0.641363,0.498224,1
3850,279.367,0.436025,-1.82633,0.790178,-0.097499,0.475422,0.408617,0.106024,-0.592825,3.71279,0.00156479,0.0739439,-0.0823098,0.641363,0.498224,1
3860,267.859,0.437055,-1.83062,0.791195,-0.0953168,0.466281,0.412569,0.122999,-0.624863,3.56053,0.00158185,0.0746152,-0.0832433,0.641363,0.498224,1
3870,255.664,0.438689,-1.83744,0.793353,-0.0931281,0.457114,0.41653,0.158068,-0.415118,2.95505,0.00210792,0.0754357,-0.0847296,0.641363,0.498224,1
3880,255.405,0.440626,-1.84562,0.796221,-0.0909303,0.447908,0.420503,0.302514,-0.425039,2.30898,0.00279115,0.0759862,-0.0859927,0.641363,0.498224,1
3890,269.835,0.442123,-1.85208,0.798505,-0.0887235,0.438664,0.424489,0.27587,-0.417054,2.11968,0.00353811,0.0761436,-0.0867388,0.641363,0.498224,1
3900,283.164,0.442958,-1.85575,0.799629,-0.0865108,0.429395,0.428485,0.244445,-0.399633,1.92374,0.00413961,0.0760885,-0.0877161,0.641359,0.4982,1
3910,290.667,0.443364,-1.85759,0.800012,-0.084295,0.420111,0.432484,0.0421254,-0.246016,1.34016,0.00418729,0.0757069,-0.0894206,0.641353,0.498176,1
3920,283.911,0.44379,-1.85935,0.800478,-0.0820774,0.41082,0.436484,0.0333431,-0.240569,1.2296,0.0037621,0.0751729,-0.0913383,0.641306,0.498041,1
3930,263.513,0.444904,-1.86399,0.802209,-0.0798563,0.401515,0.44049,0.0293066,-0.239359,1.13295,0.00309368,0.0747169,-0.0926792,0.641306,0.498041,1
3940,255.409,0.446734,-1.87163,0.805256,-0.0776278,0.392178,0.444507,-0.0258008,-0.0661037,0.589111,0.00251889,0.0745309,-0.0935391,0.641306,0.498041,1
3950,268.33,0.448403,-1.87858,0.808113,-0.0753901,0.382803,0.448541,-0.0206107,-0.0723287,0.548016,0.00227271,0.074539,-0.0943761,0.641235,0.497915,1
3960,285.778,0.44931,-1.88234,0.809608,-0.0731457,0.3734,0.452585,-0.0157523,-0.0780357,0.512675,0.00258412,0.0749261,-0.0953767,0.641235,0.497915,1
3970,310.736,0.449341,-1.88244,0.809541,-0.0708987,0.363987,0.456634,0,0,0,0.00319751,0.0756774,-0.0964009,0.641235,0.497915,1
3980,327.396,0.448609,-1.87937,0.808222,-0.0686534,0.354581,0.460679,0,0,0,0.00359765,0.0764485,-0.0976561,0.641235,0.497915,1
3990,327.797,0.44761,-1.87518,0.806422,-0.0664126,0.345193,0.464716,0,0,0,0.00328223,0.0768382,-0.0991264,0.641235,0.497915,1
4000,310.514,0.446934,-1.87235,0.805204,-0.0641764,0.335825,0.468745,0,0,0,0.00238389,0.0771619,-0.100552,0.641481,0.498234,1
4010,291.721,0.446959,-1.87246,0.805249,-0.0619419,0.326464,0.47277,0,0,0,0.00123196,0.0777745,-0.101774,0.641634,0.498214,1
4020,284.747,0.447484,-1.87466,0.806194,-0.0597061,0.317097,0.476799,0,0,0,0.000305955,0.0785295,-0.103414,0.641781,0.497947,1
4030,290.785,0.447939,-1.87656,0.807015,-0.0574675,0.307719,0.480832,0,0,0,1.69821e-005,0.0791653,-0.105576,0.641661,0.497804,1
4040,297.31,0.448211,-1.8777,0.807505,-0.0552271,0.298333,0.484868,0,0,0,0.000438739,0.0796897,-0.107542,0.641404,0.497721,1
4050,319.544,0.447869,-1.87627,0.806889,-0.0529865,0.288947,0.488905,0,0,0,0.00102667,0.0799043,-0.108615,0.640785,0.497584,1
4060,337.124,0.446837,-1.87195,0.805029,-0.0507492,0.279574,0.492935,0,0,0,0.00153508,0.0796437,-0.109552,0.640135,0.49749,1
4070,335.755,0.445593,-1.86674,0.802789,-0.0485179,0.270226,0.496955,0,0,0,0.0021324,0.079387,-0.111231,0.639559,0.497452,1
4080,327.12,0.444528,-1.86227,0.800868,-0.0462924,0.260903,0.500965,0,0,0,0.00281541,0.0796175,-0.113507,0.638912,0.497434,1
4090,316.558,0.443782,-1.85915,0.799525,-0.0440716,0.251599,0.504966,0,0,0,0.00307014,0.0800791,-0.115366,0.638335,0.497416,1
4100,303.712,0.443463,-1.85781,0.79895,-0.0418536,0.242307,0.508962,0,0,0,0.00283011,0.0802645,-0.116779,0.638013,0.497389,1
4110,296.109,0.443456,-1.85778,0.798937,-0.0396364,0.233019,0.512956,0,0,0,0.00247199,0.0802437,-0.118341,0.638013,0.497389,1
4120,283.344,0.443887,-1.85959,0.799715,-0.0374184,0.223727,0.516952,0,0,0,0.00212132,0.0802433,-0.12047,0.638013,0.497389,1
4130,275.945,0.444758,-1.86324,0.801284,-0.0351971,0.214421,0.520954,0,0,0,0.00163553,0.0803218,-0.122867,0.637993,0.497374,1
4140,280.8,0.445622,-1.86686,0.80284,-0.0329713,0.205097,0.524964,0,0,0,0.00134765,0.0804132,-0.125343,0.637854,0.497285,1
4150,293.693,0.446157,-1.8691,0.803804,-0.0307417,0.195756,0.528981,0,0,0,0.00156706,0.0806197,-0.127483,0.637854,0.497285,1
4160,310.271,0.446023,-1.86854,0.803563,-0.028511,0.186411,0.533,0,0,0,0.00200753,0.0808674,-0.128935,0.637722,0.497218,1
4170,312.036,0.445552,-1.86656,0.802715,-0.0262819,0.177073,0.537016,0,0,0,0.00233361,0.0810826,-0.129853,0.637368,0.497051,1
4180,287.68,0.445562,-1.8666,0.802732,-0.0240546,0.167741,0.541029,0,0,0,0.00275476,0.0813129,-0.131274,0.636795,0.496793,1
4190,261.096,0.446669,-1.87124,0.804727,-0.0218248,0.1584,0.545046,0,0,0,0.00340176,0.0817588,-0.133564,0.63613,0.496499,1
4200,238.403,0.449018,-1.88108,0.808959,-0.0195866,0.149024,0.549078,0,0,0,0.00379912,0.0821169,-0.136031,0.635505,0.496214,1
4210,232.871,0.452225,-1.89452,0.814736,-0.0173344,0.139589,0.553136,0,0,0,0.00366687,0.0821952,-0.137987,0.63507,0.496004,1
4220,241.892,0.455213,-1.90703,0.820119,-0.0150664,0.130087,0.557222,0,0,0,0.00320553,0.0823346,-0.139925,0.634816,0.495871,1
4230,254.13,0.457571,-1.91691,0.824368,-0.0127847,0.120528,0.561333,0,0,0,0.0026298,0.0831123,-0.142448,0.634574,0.495742,1
4240,257.625,0.45949,-1.92495,0.827825,-0.0104925,0.110926,0.565463,0,0,0,0.0019133,0.0843305,-0.145354,0.634337,0.495627,1
4250,255.292,0.46143,-1.93308,0.83132,-0.00819073,0.101283,0.569609,0,0,0,0.00144227,0.0856245,-0.147932,0.634314,0.495617,1
4260,249.699,0.463639,-1.94234,0.8353,-0.00587874,0.091597,0.573775,0,0,0,0.0014691,0.0865585,-0.149896,0.634314,0.495617,1
4270,253.313,0.465918,-1.95188,0.839406,-0.00355532,0.0818635,0.577961,0,0,0,0.00169164,0.0868626,-0.1513,0.634314,0.495617,1
4280,265.021,0.467752,-1.95957,0.842711,-0.00122135,0.0720857,0.582166,0,0,0,0.00163901,0.0864759,-0.152258,0.634151,0.495586,1
4290,280.541,0.468893,-1.96435,0.844766,0.00112029,0.0622758,0.586384,0,0,0,0.00143636,0.0858736,-0.153005,0.634151,0.495586,1
4300,282.355,0.46956,-1.96714,0.845968,0.00346627,0.0524477,0.590611,0,0,0,0.00112387,0.0852609,-0.15385,0.633953,0.495521,1
4310,264.939,0.470713,-1.97197,0.848045,0.00581631,0.0426026,0.594845,0,0,0,0.000542978,0.0847614,-0.154791,0.633815,0.495473,1
4320,250.507,0.472742,-1.98047,0.851701,0.00817413,0.032725,0.599093,0,0,0,-0.000231799,0.0845562,-0.155404,0.633634,0.495404,1
4330,254.029,0.475052,-1.99015,0.855862,0.0105431,0.0228004,0.603361,0,0,0,-0.000610545,0.0849266,-0.155673,0.633383,0.4953,1
4340,268.594,0.476795,-1.99745,0.859001,0.0129226,0.0128319,0.607648,0,0,0,-0.000491591,0.0857404,-0.156072,0.633004,0.495149,1
4350,286.082,0.477735,-2.00139,0.860696,0.0153091,0.00283439,0.611947,0,0,0,-0.000213282,0.0868332,-0.156934,0.632681,0.495027,1
4360,300.009,0.477957,-2.00232,0.861096,0.0176985,-0.00717561,0.616252,0,0,0,-0.000217033,0.0879317,-0.15792,0.632681,0.495027,1
4370,305.673,0.477812,-2.00171,0.860834,0.020088,-0.0171862,0.620557,0,0,0,-0.000534895,0.0888004,-0.15883,0.632681,0.495027,1
4380,307.308,0.477561,-2.00066,0.860382,0.0224765,-0.0271925,0.62486,0,0,0,-0.00114825,0.0893896,-0.159624,0.632681,0.495027,1
4390,315.085,0.477138,-1.99889,0.859621,0.0248635,-0.0371923,0.629161,0,0,0,-0.00175812,0.0899613,-0.160395,0.632681,0.495027,1
4400,326.965,0.476334,-1.99552,0.858171,0.0272476,-0.0471799,0.633456,0,0,0,-0.00215149,0.0906032,-0.160912,0.632657,0.495021,1
4410,332.644,0.475231,-1.9909,0.856184,0.0296268,-0.0571474,0.637742,0,0,0,-0.00219007,0.0910816,-0.161152,0.632657,0.495021,1
4420,330.597,0.474081,-1.98608,0.854113,0.0320003,-0.0670909,0.642018,0,0,0,-0.00210054,0.0913212,-0.161166,0.632657,0.495021,1
4430,335.62,0.472945,-1.98132,0.852066,0.0343683,-0.0770109,0.646284,0,0,0,-0.00203103,0.091682,-0.161214,0.632657,0.495021,1
4440,345.114,0.471502,-1.97527,0.849466,0.0367299,-0.0869044,0.650539,0,0,0,-0.00189244,0.0923846,-0.16115,0.632657,0.495021,1
4450,342.508,0.469986,-1.96892,0.846735,0.0390839,-0.0967663,0.65478,0,0,0,-0.00157728,0.0930478,-0.160935,0.632657,0.495021,1
4460,338.484,0.468601,-1.96312,0.844239,0.0414307,-0.106598,0.659008,0,0,0,-0.00134003,0.0933652,-0.160753,0.632657,0.495021,1
4470,336.044,0.467314,-1.95773,0.841921,0.0437708,-0.116401,0.663224,0,0,0,-0.00135947,0.0932837,-0.161112,0.632657,0.495021,1
4480,331.051,0.46614,-1.95281,0.839806,0.0461046,-0.126178,0.667429,0,0,0,-0.0015297,0.0927523,-0.161785,0.632657,0.495021,1
4490,327.067,0.465112,-1.9485,0.837953,0.048433,-0.135932,0.671624,0,0,0,-0.00183091,0.0916824,-0.16227,0.632657,0.495021,1
4500,315.097,0.464353,-1.94533,0.836586,0.0507566,-0.145667,0.67581,0,0,0,-0.00227207,0.0906905,-0.162349,0.632657,0.495021,1
4510,301.833,0.464064,-1.94411,0.836065,0.0530775,-0.15539,0.679991,0,0,0,-0.00273517,0.0903935,-0.162375,0.632657,0.495021,1
4520,293.889,0.464186,-1.94463,0.836286,0.055398,-0.165111,0.684172,0,0,0,-0.0030541,0.0908406,-0.16236,0.632657,0.495021,1
4530,293.756,0.464462,-1.94578,0.836783,0.0577196,-0.174837,0.688355,0,0,0,-0.00325401,0.0917043,-0.162279,0.632657,0.495021,1
4540,294.198,0.464677,-1.94668,0.83717,0.0600424,-0.184568,0.692539,0,0,0,-0.00318702,0.0930651,-0.162281,0.632657,0.495021,1
4550,298.903,0.464839,-1.94736,0.837461,0.0623662,-0.194303,0.696726,0,0,0,-0.00275034,0.0947193,-0.162604,0.632657,0.495021,1
4560,309.348,0.46468,-1.9467,0.837175,0.0646902,-0.204039,0.700913,0,0,0,-0.00207306,0.0961393,-0.162939,0.632657,0.495021,1
4570,318.812,0.464097,-1.94425,0.836125,0.0670124,-0.213768,0.705097,0,0,0,-0.00154181,0.0969223,-0.163086,0.632657,0.495021,1
4580,310.602,0.463537,-1.94191,0.835116,0.0693315,-0.223483,0.709275,0,0,0,-0.00136363,0.0974042,-0.163361,0.632657,0.495021,1
4590,298.314,0.463396,-1.94132,0.834862,0.0716487,-0.233191,0.71345,0,0,0,-0.00155624,0.097818,-0.164189,0.632657,0.495021,1
4600,286.521,0.463719,-1.94267,0.835444,0.0739662,-0.2429,0.717625,0,0,0,-0.00176771,0.0981485,-0.16513,0.632657,0.495021,1
4610,284.611,0.464373,-1.94541,0.836622,0.0762863,-0.252619,0.721805,0,0,0,-0.00181958,0.0983003,-0.16555,0.632657,0.495021,1
4620,290.168,0.464875,-1.94751,0.837527,0.0786093,-0.262351,0.72599,0,0,0,-0.00173771,0.098506,-0.165528,0.632657,0.495021,1
4630,299.368,0.465049,-1.94824,0.83784,0.0809343,-0.272091,0.730179,0,0,0,-0.00166426,0.0986796,-0.165583,0.632657,0.495021,1
4640,297.681,0.465102,-1.94846,0.837936,0.0832596,-0.281833,0.734368,0,0,0,-0.0015433,0.0985487,-0.165826,0.632657,0.495021,1
4650,296.246,0.465181,-1.94879,0.838077,0.0855853,-0.291576,0.738558,0,0,0,-0.00156726,0.0979861,-0.166155,0.632657,0.495021,1
4660,276.276,0.465745,-1.95116,0.839095,0.0879121,-0.301323,0.74275,0,0,0,-0.00185521,0.0973617,-0.16656,0.632657,0.495021,1
4670,256.882,0.467301,-1.95768,0.841898,0.0902439,-0.311092,0.746951,0,0,0,-0.00243136,0.0968676,-0.167104,0.632657,0.495021,1
4680,253.754,0.469422,-1.96656,0.845719,0.0925851,-0.3209,0.751169,0,0,0,-0.0031814,0.0965771,-0.167755,0.632657,0.495021,1
4690,259.165,0.471414,-1.97491,0.849307,0.0949368,-0.330752,0.755406,0,0,0,-0.00400802,0.0966269,-0.168508,0.632657,0.495021,1
4700,262.277,0.473152,-1.98219,0.85244,0.0972979,-0.340644,0.75966,0,0,0,-0.0043312,0.0971347,-0.169316,0.632657,0.495021,1
4710,256.995,0.474944,-1.9897,0.855667,0.0996675,-0.350571,0.763929,0,0,0,-0.00395434,0.0978746,-0.169956,0.632657,0.495021,1
4720,247.28,0.477286,-1.99951,0.859887,0.102047,-0.36054,0.768216,0,0,0,-0.0033396,0.0986235,-0.170153,0.632632,0.49502,1
4730,256.2,0.479627,-2.00932,0.864105,0.104439,-0.370561,0.772526,0,0,0,-0.00301994,0.0994684,-0.170239,0.632632,0.49502,1
4740,280.291,0.481037,-2.01522,0.866644,0.106841,-0.380623,0.776853,0,0,0,-0.00260167,0.100484,-0.170787,0.632607,0.495021,1
4750,307.292,0.481218,-2.01598,0.866971,0.109247,-0.390703,0.781187,0,0,0,-0.00201205,0.101527,-0.171898,0.632331,0.495036,1
4760,318.392,0.480641,-2.01356,0.865931,0.111652,-0.400778,0.78552,0,0,0,-0.0017586,0.102401,-0.173143,0.632331,0.495036,1
4770,316.014,0.479954,-2.01069,0.864694,0.114054,-0.410839,0.789847,0,0,0,-0.00210867,0.103125,-0.174108,0.632331,0.495036,1
4780,310.852,0.479477,-2.00869,0.863834,0.116452,-0.420888,0.794168,0,0,0,-0.00250063,0.103718,-0.174595,0.632331,0.495036,1
4790,305.96,0.479125,-2.00721,0.8632,0.118849,-0.430927,0.798486,0,0,0,-0.00273366,0.104155,-0.174851,0.632331,0.495036,1
4800,301.837,0.479002,-2.00669,0.862978,0.121244,-0.440962,0.802801,0,0,0,-0.00297233,0.104524,-0.175417,0.632331,0.495036,1
4810,300.541,0.478972,-2.00657,0.862925,0.123639,-0.450995,0.807116,0,0,0,-0.00314124,0.105127,-0.176564,0.632331,0.495036,1
4820,298.644,0.478957,-2.00651,0.862897,0.126034,-0.461028,0.811431,0,0,0,-0.00296521,0.105742,-0.177972,0.632331,0.495036,1
4830,294.806,0.479132,-2.00724,0.863213,0.128429,-0.471061,0.815746,0,0,0,-0.00273804,0.105948,-0.179218,0.632331,0.495036,1
4840,299.794,0.47926,-2.00778,0.863444,0.130825,-0.481099,0.820062,0,0,0,-0.00271124,0.105786,-0.180362,0.632331,0.495036,1
4850,305.669,0.479109,-2.00714,0.86317,0.133221,-0.491137,0.824379,0,0,0,-0.00267157,0.105638,-0.181553,0.632205,0.495071,1
4860,303.668,0.478926,-2.00638,0.862842,0.135616,0.488971,0.828694,0,0,0,-0.00248769,0.105313,-0.182676,0.631911,0.495165,1
4870,291.806,0.478998,-2.00668,0.862971,0.138011,0.478939,0.833008,0,0,0,-0.00239692,0.10464,-0.183608,0.631346,0.495342,1
4880,284.588,0.479573,-2.00909,0.864007,0.140407,0.468901,0.837325,0,0,0,-0.0026101,0.104029,-0.184426,0.630701,0.495532,1
4890,299.22,0.479951,-2.01067,0.864688,0.142806,0.458851,0.841647,0,0,0,-0.00311303,0.103956,-0.185124,0.630093,0.4957,1
4900,316.941,0.479541,-2.00895,0.86395,0.145205,0.4488,0.84597,0,0,0,-0.00373042,0.104252,-0.185602,0.629399,0.495889,1
4910,308.174,0.479001,-2.00669,0.862976,0.147601,0.438761,0.850287,0,0,0,-0.0040696,0.104782,-0.186099,0.628592,0.496118,1
4920,295.658,0.478992,-2.00666,0.862961,0.149996,0.428728,0.854601,0,0,0,-0.00412168,0.105614,-0.18694,0.627753,0.496366,1
4930,297.574,0.47914,-2.00728,0.863228,0.152391,0.418694,0.858917,0,0,0,-0.00399952,0.106403,-0.188123,0.627052,0.496584,1
4940,303.53,0.479109,-2.00714,0.863171,0.154787,0.408657,0.863233,0,0,0,-0.00371497,0.106662,-0.189225,0.626681,0.496709,1
4950,297.089,0.479057,-2.00693,0.863078,0.157182,0.398622,0.867549,0,0,0,-0.00323366,0.10678,-0.189971,0.626587,0.496746,1
4960,280.088,0.479535,-2.00893,0.863939,0.159578,0.388584,0.871865,0,0,0,-0.00305334,0.107477,-0.190506,0.626484,0.496792,1
4970,257.25,0.481047,-2.01526,0.866663,0.161979,0.378528,0.87619,0,0,0,-0.00336761,0.108633,-0.191125,0.626231,0.496915,1
4980,241.667,0.483509,-2.02558,0.871098,0.164389,0.36843,0.880533,0,0,0,-0.00388286,0.10946,-0.19192,0.625882,0.497076,1
4990,224.309,0.4871,-2.04062,0.877567,0.166815,0.35827,0.884902,0,0,0,-0.00410554,0.109798,-0.192777,0.625565,0.497213,1
