step,T,sn_vel[0],sn_vel[1],sn_vel[2],sn_crd[0],sn_crd[1],sn_crd[2],sn_f[0],sn_f[1],sn_f[2],target_crd[0],target_crd[1],target_crd[2],boundary[0],boundary[1],boundary[2]
0,0.00196198,0,0,0,-2.51965e-008,1.24628e-008,0.981818,0,0,0,0.000448719,0.0552227,-0.0481586,0.636252,0.498773,1
10,0.280753,0,0,0,-2.51965e-008,1.24628e-008,0.981818,0,0,0,0.000438064,0.055217,-0.0481577,0.636293,0.498804,1
20,0.363429,0,0,0,-2.51965e-008,1.24628e-008,0.981818,0,0,0,0.000403485,0.0552149,-0.0481528,0.636339,0.498847,1
30,0.516372,0,0,0,-2.51965e-008,1.24628e-008,0.981818,0,0,0,0.000375238,0.0552137,-0.0481337,0.636445,0.498979,1
40,0.712798,0,0,0,-2.51965e-008,1.24628e-008,0.981818,0,0,0,0.000376433,0.0552309,-0.048107,0.636459,0.498988,1
50,0.787416,0,0,0,-2.51965e-008,1.24628e-008,0.981818,0,0,0,0.000391471,0.055243,-0.0480726,0.636497,0.499017,1
60,0.800763,0,0,0,-2.51965e-008,1.24628e-008,0.981818,0,0,0,0.000378747,0.0552389,-0.0480364,0.636504,0.499027,1
70,0.847543,0,0,0,-2.51965e-008,1.24628e-008,0.981818,0,0,0,0.000356946,0.055218,-0.0480023,0.636527,0.49906,1
80,0.816475,0,0,0,-2.51965e-008,1.24628e-008,0.981818,0,0,0,0.000356559,0.0552064,-0.0479703,0.636578,0.499113,1
90,0.82114,0,0,0,-2.51965e-008,1.24628e-008,0.981818,0,0,0,0.000371531,0.055205,-0.0479249,0.63658,0.499114,1
100,0.801208,0,0,0,-2.51965e-008,1.24628e-008,0.981818,0,0,0,0.000378965,0.0552141,-0.0478657,0.636676,0.49917,1
110,9.64928,0,0,0,-2.51965e-008,1.24628e-008,0.981818,0,0,0,0.00040038,0.0552438,-0.0477123,0.636755,0.499216,1
120,16.6193,0,0,0,-2.51965e-008,1.24628e-008,0.981818,0,0,0,0.000436673,0.055279,-0.0474983,0.636866,0.499278,1
130,21.3105,0,0,0,-2.51965e-008,1.24628e-008,0.981818,0,0,0,0.000421113,0.0552703,-0.0472525,0.636956,0.499326,1
140,24.2491,0,0,0,-2.51965e-008,1.24628e-008,0.981818,0,0,0,0.000342895,0.0552235,-0.0469649,0.637076,0.499387,1
150,26.0191,0,0,0,-2.51965e-008,1.24628e-008,0.981818,0,0,0,0.000319837,0.0551757,-0.0466527,0.637171,0.499432,1
160,27.0038,0,0,0,-2.51965e-008,1.24628e-008,0.981818,0,0,0,0.00038402,0.0551514,-0.0463236,0.637321,0.499495,1
170,27.5498,0,0,0,-2.51965e-008,1.24628e-008,0.981818,0,0,0,0.000427475,0.0551373,-0.0459455,0.637481,0.499554,1
180,27.783,0,0,0,-2.51965e-008,1.24628e-008,0.981818,0,0,0,0.000397662,0.0551292,-0.0455188,0.637599,0.499595,1
190,27.8043,0,0,0,-2.51965e-008,1.24628e-008,0.981818,0,0,0,0.000349199,0.0551221,-0.0450865,0.637763,0.499645,1
200,27.7985,0,0,0,-2.51965e-008,1.24628e-008,0.981818,0,0,0,0.000302793,0.0551012,-0.0446481,0.637777,0.499648,1
210,37.0691,0,0,0,-2.51965e-008,1.24628e-008,0.981818,0,0,0,0.000242542,0.0550581,-0.0441008,0.637914,0.49968,1
220,43.2857,0,0,0,-2.51965e-008,1.24628e-008,0.981818,0,0,0,0.000219245,0.0550063,-0.0434051,0.637924,0.499682,1
230,47.3697,0,0,0,-2.51965e-008,1.24628e-008,0.981818,0,0,0,0.00024895,0.0549747,-0.0426343,0.638103,0.499715,1
240,49.8959,0,0,0,-2.51965e-008,1.24628e-008,0.981818,0,0,0,0.00022915,0.054963,-0.0418102,0.63829,0.499745,1
250,51.3852,0,0,0,-2.51965e-008,1.24628e-008,0.981818,0,0,0,0.000114619,0.0549835,-0.0408825,0.638428,0.499765,1
260,52.2447,0,0,0,-2.51965e-008,1.24628e-008,0.981818,0,0,0,5.50445e-005,0.0550372,-0.0398565,0.638603,0.499787,1
270,52.3216,0,0,0,-2.51965e-008,1.24628e-008,0.981818,0,0,0,0.000113458,0.055093,-0.0388125,0.638792,0.499809,1
280,52.0845,0,0,0,-2.51965e-008,1.24628e-008,0.981818,0,0,0,0.000149624,0.0550763,-0.0377453,0.639033,0.499834,1
290,51.7767,0,0,0,-2.51965e-008,1.24628e-008,0.981818,0,0,0,6.99568e-005,0.0550256,-0.036592,0.639222,0.499853,1
300,51.2444,0,0,0,-2.51965e-008,1.24628e-008,0.981818,0,0,0,-4.5822e-007,0.0550054,-0.0353635,0.639388,0.499868,1
310,59.7341,0,0,0,-2.51965e-008,1.24628e-008,0.981818,0,0,0,-1.19353e-005,0.0550167,-0.0340632,0.639596,0.499887,1
320,65.3147,0,0,0,-2.51965e-008,1.24628e-008,0.981818,0,0,0,-5.4634e-006,0.0549868,-0.0326498,0.639806,0.499906,1
330,68.7437,0,0,0,-2.51965e-008,1.24628e-008,0.981818,0,0,0,2.41783e-005,0.0549447,-0.031122,0.640001,0.499923,1
340,70.7672,0,0,0,-2.51965e-008,1.24628e-008,0.981818,0,0,0,0.00010599,0.0548762,-0.0295496,0.640271,0.499948,1
350,72.0635,0,0,0,-2.51965e-008,1.24628e-008,0.981818,0,0,0,9.58719e-005,0.0547671,-0.0280277,0.640626,0.499981,1
360,72.7086,0,0,0,-2.51965e-008,1.24628e-008,0.981818,0,0,0,-3.13058e-005,0.0546384,-0.0265264,0.640955,0.500012,1
370,73.1919,0,0,0,-2.51965e-008,1.24628e-008,0.981818,0,0,0,-0.000133821,0.0545777,-0.024999,0.641211,0.500039,1
380,73.24,0,0,0,-2.51965e-008,1.24628e-008,0.981818,0,0,0,-0.000114341,0.0545356,-0.0234824,0.641453,0.500065,1
390,73.0805,0,0,0,-2.51965e-008,1.24628e-008,0.981818,0,0,0,-8.95928e-005,0.0545026,-0.0220663,0.641741,0.500098,1
400,72.5915,0,0,0,-2.51965e-008,1.24628e-008,0.981818,0,0,0,-0.0001048,0.0544736,-0.0207159,0.64208,0.500138,1
410,81.1964,0,0,0,-2.51965e-008,1.24628e-008,0.981818,0,0,0,-0.000145364,0.0544588,-0.0193198,0.642444,0.500182,1
420,85.9498,0,0,0,-2.51965e-008,1.24628e-008,0.981818,0,0,0,-0.000156795,0.0544083,-0.0178654,0.64281,0.500227,1
430,88.2874,0,0,0,-2.51965e-008,1.24628e-008,0.981818,0,0,0,-0.000151384,0.0543631,-0.0164455,0.64319,0.500276,1
440,88.9597,0,0,0,-2.51965e-008,1.24628e-008,0.981818,0,0,0,-0.000124273,0.0543033,-0.0150472,0.643582,0.500327,1
450,88.0203,0,0,0,-2.51965e-008,1.24628e-008,0.981818,0,0,0,-0.00012196,0.0542449,-0.0136766,0.643948,0.500376,1
460,86.397,0,0,0,-2.51965e-008,1.24628e-008,0.981818,0,0,0,-0.000138098,0.0541962,-0.0123767,0.644273,0.50042,1
470,84.8341,0,0,0,-2.51965e-008,1.24628e-008,0.981818,0,0,0,-0.000177959,0.0541937,-0.0111576,0.644561,0.500461,1
480,83.9245,0,0,0,-2.51965e-008,1.24628e-008,0.981818,0,0,0,-0.000148634,0.0541326,-0.00990275,0.644861,0.500505,1
490,83.2721,0,0,0,-2.51965e-008,1.24628e-008,0.981818,0,0,0,-4.29848e-006,0.053944,-0.00860102,0.645207,0.500558,1
500,83.8805,0,0,0,-2.51965e-008,1.24628e-008,0.981818,0,0,0,0.000152873,0.0536873,-0.00734887,0.645519,0.500606,1
510,95.3672,0,0,0,-2.51965e-008,1.24628e-008,0.981818,0,0,0,7.39128e-005,0.0535756,-0.0062036,0.645752,0.500644,1
520,104.249,0,0,0,-2.51965e-008,1.24628e-008,0.981818,0,0,0,-0.000195088,0.0535843,-0.005115,0.646,0.500686,1
530,112.264,0,0,0,-2.51965e-008,1.24628e-008,0.981818,0,0,0,-0.000322224,0.0534979,-0.00411402,0.646311,0.500741,1
540,119.905,0,0,0,-2.51965e-008,1.24628e-008,0.981818,0,0,0,-0.000122947,0.0532598,-0.00328788,0.646634,0.500798,1
550,126.26,0,0,0,-2.51965e-008,1.24628e-008,0.981818,0,0,0,0.000137978,0.053064,-0.00271009,0.646955,0.500857,1
560,131.948,0,0,0,-2.51965e-008,1.24628e-008,0.981818,0,0,0,0.000248663,0.0529513,-0.00233227,0.647291,0.500918,1
570,136.364,0,0,0,-2.51965e-008,1.24628e-008,0.981818,0,0,0,0.000354232,0.05291,-0.00215487,0.647649,0.500985,1
580,140.582,0,0,0,-2.51965e-008,1.24628e-008,0.981818,0,0,0,0.000601988,0.0529541,-0.00224319,0.647978,0.501047,1
590,145.202,0,0,0,-2.51965e-008,1.24628e-008,0.981818,0,0,0,0.00081147,0.0529576,-0.00262614,0.64815,0.501078,1
600,149.816,0,0,0,-2.51965e-008,1.24628e-008,0.981818,0,0,0,0.000849746,0.0528046,-0.00315016,0.648158,0.501079,1
610,162.242,0,0,0,-2.51965e-008,1.24628e-008,0.981818,0,0,0,0.000870085,0.0526244,-0.0036724,0.648158,0.501079,1
620,169.65,0,0,0,-2.51965e-008,1.24628e-008,0.981818,0,0,0,0.000913682,0.0524982,-0.00422777,0.648158,0.501079,1
630,171.693,0,0,0,-2.51965e-008,1.24628e-008,0.981818,0,0,0,0.000955811,0.0523145,-0.00489667,0.648158,0.501079,1
640,169.123,0,0,0,-2.51965e-008,1.24628e-008,0.981818,0,0,0,0.0010832,0.0521159,-0.00556694,0.648158,0.501079,1
650,162.962,0,0,0,-2.51965e-008,1.24628e-008,0.981818,0,0,0,0.00134365,0.0519783,-0.00604137,0.648158,0.501079,1
660,153.749,0,0,0,-2.51965e-008,1.24628e-008,0.981818,0,0,0,0.0014575,0.0517914,-0.00632766,0.648158,0.501079,1
670,145.396,0,0,0,-2.51965e-008,1.24628e-008,0.981818,0,0,0,0.00139504,0.0514975,-0.00657275,0.648158,0.501079,1
680,136.977,0,0,0,-2.51965e-008,1.24628e-008,0.981818,0,0,0,0.00138263,0.051327,-0.00677497,0.648158,0.501079,1
690,131.09,0,0,0,-2.51965e-008,1.24628e-008,0.981818,0,0,0,0.00157975,0.0513206,-0.0068241,0.648158,0.501079,1
700,126.809,0,0,0,-2.51965e-008,1.24628e-008,0.981818,0,0,0,0.001773,0.0512783,-0.00679649,0.648158,0.501079,1
710,134.642,0,0,0,-2.51965e-008,1.24628e-008,0.981818,0,0,0,0.00200468,0.051154,-0.00679069,0.648158,0.501079,1
720,142.957,0,0,0,-2.51965e-008,1.24628e-008,0.981818,0,0,0,0.00241929,0.0512073,-0.00670825,0.648158,0.501079,1
730,152.572,0,0,0,-2.51965e-008,1.24628e-008,0.981818,0,0,0,0.00297941,0.0514302,-0.00644771,0.648158,0.501079,1
740,161.002,0,0,0,-2.51965e-008,1.24628e-008,0.981818,0,0,0,0.0032908,0.0515839,-0.00621951,0.648158,0.501079,1
750,171.411,0,0,0,-2.51965e-008,1.24628e-008,0.981818,0,0,0,0.00348406,0.0516416,-0.00620851,0.648158,0.501079,1
760,180.414,0,0,0,-2.51965e-008,1.24628e-008,0.981818,0,0,0,0.00377071,0.0518694,-0.00624386,0.648158,0.501079,1
770,184.628,0,0,0,-2.51965e-008,1.24628e-008,0.981818,0,0,0,0.00406344,0.0521756,-0.00602985,0.648158,0.501079,1
780,190.062,0,0,0,-2.51965e-008,1.24628e-008,0.981818,0,0,0,0.00412516,0.0522792,-0.00565375,0.648158,0.501079,1
790,192.206,0,0,0,-2.51965e-008,1.24628e-008,0.981818,0,0,0,0.00431558,0.0522506,-0.00525761,0.648158,0.501079,1
800,191.623,0,0,0,-2.51965e-008,1.24628e-008,0.981818,0,0,0,0.00467453,0.052288,-0.00468427,0.648158,0.501079,1
810,200.435,0,0,0,-2.51965e-008,1.24628e-008,0.981818,0,0,0,0.0048798,0.0521834,-0.00386816,0.648158,0.501079,1
820,203.062,0,0,0,-2.51965e-008,1.24628e-008,0.981818,0,0,0,0.00479339,0.0518629,-0.00320594,0.648158,0.501079,1
830,205.748,0,0,0,-2.51965e-008,1.24628e-008,0.981818,0,0,0,0.00475719,0.0516811,-0.00278782,0.648158,0.501079,1
840,212.507,0,0,0,-2.51965e-008,1.24628e-008,0.981818,0,0,0,0.00477823,0.0516595,-0.00222426,0.648158,0.501079,1
850,228.608,0,0,0,-2.51965e-008,1.24628e-008,0.981818,0,0,0,0.00467947,0.051344,-0.00144342,0.648158,0.501079,1
860,251.896,0,0,0,-2.51965e-008,1.24628e-008,0.981818,0,0,0,0.00436058,0.050812,-0.000854039,0.648158,0.501079,1
870,268.073,0,0,0,-2.51965e-008,1.24628e-008,0.981818,0,0,0,0.00381182,0.0506422,-0.000528966,0.648158,0.501079,1
880,269.137,0,0,0,-2.51965e-008,1.24628e-008,0.981818,0,0,0,0.00309173,0.0508828,-0.000194917,0.648158,0.501079,1
890,258.844,0,0,0,-2.51965e-008,1.24628e-008,0.981818,0,0,0,0.00240464,0.0511085,0.000292853,0.648158,0.501079,1
900,239.627,0,0,0,-2.51965e-008,1.24628e-008,0.981818,0,0,0,0.00186088,0.0512923,0.000722605,0.648172,0.501078,1
910,233.98,0,0,0,-2.51965e-008,1.24628e-008,0.981818,0,0,0,0.0013281,0.0516936,0.000838174,0.64818,0.501078,1
920,256.543,0,0,0,-2.51965e-008,1.24628e-008,0.981818,0,0,0,0.000814498,0.0522692,0.000593653,0.64821,0.501076,1
930,295.648,0,0,0,-2.51965e-008,1.24628e-008,0.981818,0,0,0,0.000505134,0.0527416,0.000167622,0.648257,0.501073,1
940,323.377,0,0,0,-2.51965e-008,1.24628e-008,0.981818,0,0,0,0.000484103,0.0532024,-0.000375974,0.648257,0.501073,1
950,334.002,0,0,0,-2.51965e-008,1.24628e-008,0.981818,0,0,0,0.000504565,0.0539488,-0.000971102,0.648257,0.501073,1
960,326.971,0,0,0,-2.51965e-008,1.24628e-008,0.981818,0,0,0,0.000374766,0.0547954,-0.00150256,0.648257,0.501073,1
970,306.987,0,0,0,-2.51965e-008,1.24628e-008,0.981818,0,0,0,0.00016664,0.0552293,-0.00203225,0.648257,0.501073,1
980,287.538,0,0,0,-2.51965e-008,1.24628e-008,0.981818,0,0,0,0.000168079,0.055166,-0.00283778,0.648257,0.501073,1
990,276.843,0,0,0,-2.51965e-008,1.24628e-008,0.981818,0,0,0,0.000361036,0.0548992,-0.00391777,0.648257,0.501073,1
1000,269.637,0,0,0,-2.51965e-008,1.24628e-008,0.981818,0,0,0,0.000409275,0.0544954,-0.00495347,0.646924,0.500685,1
1010,275.246,0,0,0,-2.51965e-008,1.24628e-008,0.981818,0,0,0,1.84442e-005,0.0538435,-0.00584542,0.645948,0.500421,1
1020,279.558,0,0,0,-2.51965e-008,1.24628e-008,0.981818,0,0,0,-0.000519135,0.0530594,-0.00692127,0.644865,0.5001,1
1030,289.67,0,0,0,-2.51965e-008,1.24628e-008,0.981818,0,0,0,-0.000885411,0.0522886,-0.00834054,0.644673,0.499896,1
1040,294.187,0,0,0,-2.51965e-008,1.24628e-008,0.981818,0,0,0,-0.00112474,0.0513911,-0.00986991,0.644331,0.499607,1
1050,296.743,0,0,0,-2.51965e-008,1.24628e-008,0.981818,0,0,0,-0.00141459,0.050374,-0.0112598,0.643944,0.499365,1
1060,292.953,0,0,0,-2.51965e-008,1.24628e-008,0.981818,0,0,0,-0.00151793,0.0496108,-0.0124852,0.643739,0.499305,1
1070,282.598,0,0,0,-2.51965e-008,1.24628e-008,0.981818,0,0,0,-0.00124587,0.049262,-0.0135571,0.643288,0.499222,1
1080,268.18,0,0,0,-2.51965e-008,1.24628e-008,0.981818,0,0,0,-0.00079462,0.0491154,-0.0146072,0.642594,0.499134,1
1090,251.991,0,0,0,-2.51965e-008,1.24628e-008,0.981818,0,0,0,-0.00057068,0.0491449,-0.0158224,0.641963,0.499085,1
1100,243.452,0,0,0,-2.51965e-008,1.24628e-008,0.981818,0,0,0,-0.000691391,0.0495214,-0.0173107,0.641243,0.499037,1
1110,241.941,0,0,0,-2.51965e-008,1.24628e-008,0.981818,0,0,0,-0.00111901,0.0499467,-0.0189744,0.640404,0.498968,1
1120,244.935,0,0,0,-2.51965e-008,1.24628e-008,0.981818,0,0,0,-0.0017018,0.0500856,-0.0205735,0.639623,0.498887,1
1130,249.395,0,0,0,-2.51965e-008,1.24628e-008,0.981818,0,0,0,-0.00217398,0.0502871,-0.0219012,0.639093,0.498834,1
1140,257.527,0,0,0,-2.51965e-008,1.24628e-008,0.981818,0,0,0,-0.0023251,0.0509358,-0.023154,0.638873,0.498831,1
1150,270.766,0,0,0,-2.51965e-008,1.24628e-008,0.981818,0,0,0,-0.00219704,0.0516436,-0.0245332,0.638848,0.498832,1
1160,285.333,0,0,0,-2.51965e-008,1.24628e-008,0.981818,0,0,0,-0.00185828,0.0519996,-0.0258751,0.638665,0.498856,1
1170,299.883,0,0,0,-2.51965e-008,1.24628e-008,0.981818,0,0,0,-0.00135913,0.05224,-0.0269442,0.638452,0.498895,1
1180,319.786,0,0,0,-2.51965e-008,1.24628e-008,0.981818,0,0,0,-0.000910951,0.0525923,-0.0279581,0.638059,0.498979,1
1190,341.737,0,0,0,-2.51965e-008,1.24628e-008,0.981818,0,0,0,-0.000635082,0.0527527,-0.0291465,0.637466,0.499107,1
1200,366.055,0,0,0,-2.51965e-008,1.24628e-008,0.981818,0,0,0,-0.000485472,0.0526289,-0.0306155,0.636788,0.499246,1
1210,387.319,0,0,0,-2.51965e-008,1.24628e-008,0.981818,0,0,0,-0.000385323,0.0525621,-0.0323447,0.63613,0.499374,1
1220,401.369,0,0,0,-2.51965e-008,1.24628e-008,0.981818,0,0,0,-0.000423166,0.0525578,-0.0342384,0.635562,0.499479,1
1230,405.94,0,0,0,-2.51965e-008,1.24628e-008,0.981818,0,0,0,-0.000605741,0.0522888,-0.0359884,0.635268,0.499537,1
1240,398.612,0,0,0,-2.51965e-008,1.24628e-008,0.981818,0,0,0,-0.000867535,0.0519394,-0.0376651,0.635128,0.49956,1
1250,375.224,0,0,0,-2.51965e-008,1.24628e-008,0.981818,0,0,0,-0.00107854,0.0519636,-0.039543,0.634854,0.499601,1
1260,345.184,0,0,0,-2.51965e-008,1.24628e-008,0.981818,0,0,0,-0.00128537,0.0521739,-0.0416929,0.634565,0.499641,1
1270,315.708,0,0,0,-2.51965e-008,1.24628e-008,0.981818,0,0,0,-0.00139746,0.0521597,-0.0437438,0.634443,0.499666,1
1280,295.165,0,0,0,-2.51965e-008,1.24628e-008,0.981818,0,0,0,-0.00121519,0.0520131,-0.0456132,0.634443,0.499666,1
1290,288.232,0,0,0,-2.51965e-008,1.24628e-008,0.981818,0,0,0,-0.000631568,0.052055,-0.0473905,0.634443,0.499666,1
1300,295.803,0,0,0,-2.51965e-008,1.24628e-008,0.981818,0,0,0,0.000132248,0.0522049,-0.0491292,0.634443,0.499666,1
1310,301.223,0,0,0,-2.51965e-008,1.24628e-008,0.981818,0,0,0,0.000931038,0.0524244,-0.0506338,0.634443,0.499666,1
1320,302.945,0,0,0,-2.51965e-008,1.24628e-008,0.981818,0,0,0,0.0015206,0.0527675,-0.0520886,0.634443,0.499666,1
1330,308.559,0,0,0,-2.51965e-008,1.24628e-008,0.981818,0,0,0,0.00163716,0.0532192,-0.0537675,0.634443,0.499666,1
1340,312.07,0,0,0,-2.51965e-008,1.24628e-008,0.981818,0,0,0,0.00132734,0.0536228,-0.0556752,0.634085,0.499677,1
1350,313.948,0,0,0,-2.51965e-008,1.24628e-008,0.981818,0,0,0,0.00111754,0.0540608,-0.0573146,0.633663,0.499684,1
1360,316.087,0,0,0,-2.51965e-008,1.24628e-008,0.981818,0,0,0,0.00114857,0.0545449,-0.058563,0.633319,0.499683,1
1370,313.024,0,0,0,-2.51965e-008,1.24628e-008,0.981818,0,0,0,0.0012558,0.0549674,-0.0597716,0.632963,0.499676,1
1380,301.981,0,0,0,-2.51965e-008,1.24628e-008,0.981818,0,0,0,0.00143668,0.0551739,-0.061269,0.632415,0.49966,1
1390,288.574,0,0,0,-2.51965e-008,1.24628e-008,0.981818,0,0,0,0.00180305,0.0552906,-0.0628209,0.631728,0.499637,1
1400,271.959,0,0,0,-2.51965e-008,1.24628e-008,0.981818,0,0,0,0.00197258,0.0553309,-0.0642458,0.630976,0.49961,1
1410,259.945,0,0,0,-2.51965e-008,1.24628e-008,0.981818,0,0,0,0.00166399,0.0553076,-0.0655826,0.630245,0.499578,1
1420,247.976,0,0,0,-2.51965e-008,1.24628e-008,0.981818,0,0,0,0.00117195,0.055275,-0.0669076,0.629615,0.499544,1
1430,235.843,0,0,0,-2.51965e-008,1.24628e-008,0.981818,0,0,0,0.000878361,0.0552138,-0.0681612,0.629024,0.499508,1
1440,234.732,0,0,0,-2.51965e-008,1.24628e-008,0.981818,0,0,0,0.000671615,0.0548506,-0.0694265,0.628477,0.499469,1
1450,244.64,0,0,0,-2.51965e-008,1.24628e-008,0.981818,0,0,0,0.000489388,0.054314,-0.0707806,0.628053,0.499434,1
1460,251.62,0,0,0,-2.51965e-008,1.24628e-008,0.981818,0,0,0,0.000553056,0.0540046,-0.0720839,0.627652,0.499393,1
1470,251.832,0,0,0,-2.51965e-008,1.24628e-008,0.981818,0,0,0,0.000857183,0.0539899,-0.0730142,0.627238,0.49935,1
1480,253.499,0,0,0,-2.51965e-008,1.24628e-008,0.981818,0,0,0,0.0010843,0.0539585,-0.0735926,0.627005,0.499324,1
1490,266.396,0,0,0,-2.51965e-008,1.24628e-008,0.981818,0,0,0,0.00112488,0.0539494,-0.0741565,0.627005,0.499324,1
1500,282.719,0,0,0,-2.51965e-008,1.24628e-008,0.981818,0,0,0,0.00118877,0.054169,-0.0747641,0.627005,0.499324,1
1510,298.926,0,0,0,-2.51965e-008,1.24628e-008,0.981818,0,0,0,0.00123766,0.054584,-0.0749634,0.62698,0.499321,1
1520,319.02,0,0,0,-2.51965e-008,1.24628e-008,0.981818,0,0,0,0.00110411,0.0550518,-0.0745325,0.626955,0.499318,1
1530,329.967,0,0,0,-2.51965e-008,1.24628e-008,0.981818,0,0,0,0.000872893,0.0555183,-0.0737682,0.62693,0.499314,1
1540,327.711,0,0,0,-2.51965e-008,1.24628e-008,0.981818,0,0,0,0.000807266,0.0558085,-0.0730323,0.626906,0.49931,1
1550,322.788,0,0,0,-2.51965e-008,1.24628e-008,0.981818,0,0,0,0.000682847,0.0556105,-0.0724137,0.626744,0.499281,1
1560,310.83,0,0,0,-2.51965e-008,1.24628e-008,0.981818,0,0,0,0.000301197,0.0549915,-0.0718255,0.626483,0.49923,1
1570,295.052,0,0,0,-2.51965e-008,1.24628e-008,0.981818,0,0,0,-0.000149803,0.054445,-0.0710489,0.626192,0.49917,1
1580,282.345,0,0,0,-2.51965e-008,1.24628e-008,0.981818,0,0,0,-0.000389485,0.0543516,-0.0700079,0.62602,0.499136,1
1590,267.28,0,0,0,-2.51965e-008,1.24628e-008,0.981818,0,0,0,-0.000664814,0.0543437,-0.0688823,0.625773,0.499091,1
1600,264.214,0,0,0,-2.51965e-008,1.24628e-008,0.981818,0,0,0,-0.000915615,0.0540136,-0.0679326,0.625469,0.49904,1
1610,270.15,0,0,0,-2.51965e-008,1.24628e-008,0.981818,0,0,0,-0.000887921,0.0534282,-0.0671671,0.625244,0.499006,1
1620,271.921,0,0,0,-2.51965e-008,1.24628e-008,0.981818,0,0,0,-0.000687469,0.0529283,-0.0663359,0.625116,0.49899,1
1630,268.385,0,0,0,-2.51965e-008,1.24628e-008,0.981818,0,0,0,-0.000885956,0.0526124,-0.0651336,0.625116,0.49899,1
1640,271.443,0,0,0,-2.51965e-008,1.24628e-008,0.981818,0,0,0,-0.0014051,0.0527205,-0.0636683,0.625116,0.49899,1
1650,280.384,0,0,0,-2.51965e-008,1.24628e-008,0.981818,0,0,0,-0.00192616,0.0532543,-0.0623703,0.625116,0.49899,1
1660,298.685,0,0,0,-2.51965e-008,1.24628e-008,0.981818,0,0,0,-0.00229696,0.0539139,-0.0614813,0.625116,0.49899,1
1670,315.985,0,0,0,-2.51965e-008,1.24628e-008,0.981818,0,0,0,-0.00262284,0.0544578,-0.0606898,0.625116,0.49899,1
1680,325.826,0,0,0,-2.51965e-008,1.24628e-008,0.981818,0,0,0,-0.00265587,0.0550949,-0.0596259,0.625092,0.498984,1
1690,325.736,0,0,0,-2.51965e-008,1.24628e-008,0.981818,0,0,0,-0.0024105,0.0557677,-0.0582657,0.624837,0.49892,1
1700,319.004,0,0,0,-2.51965e-008,1.24628e-008,0.981818,0,0,0,-0.00207553,0.056288,-0.0569719,0.624813,0.498914,1
1710,308.941,0,0,0,-2.51965e-008,1.24628e-008,0.981818,0,0,0,-0.00189822,0.0565178,-0.0559456,0.624813,0.498914,1
1720,294.468,0,0,0,-2.51965e-008,1.24628e-008,0.981818,0,0,0,-0.00174471,0.0565391,-0.0550143,0.624813,0.498914,1
1730,278.67,0,0,0,-2.51965e-008,1.24628e-008,0.981818,0,0,0,-0.00170262,0.0564124,-0.0538324,0.624813,0.498914,1
1740,264.497,0,0,0,-2.51965e-008,1.24628e-008,0.981818,0,0,0,-0.00175138,0.0563202,-0.0524515,0.624813,0.498914,1
1750,250.874,0,0,0,-2.51965e-008,1.24628e-008,0.981818,0,0,0,-0.00174517,0.0561728,-0.0510291,0.624697,0.4989,1
1760,237.934,0,0,0,-2.51965e-008,1.24628e-008,0.981818,0,0,0,-0.0014378,0.0557814,-0.0496051,0.624507,0.498879,1
1770,225.165,0,0,0,-2.51965e-008,1.24628e-008,0.981818,0,0,0,-0.00113449,0.0550667,-0.0481795,0.624282,0.498853,1
1780,218.526,0,0,0,-2.51965e-008,1.24628e-008,0.981818,0,0,0,-0.00117012,0.0542759,-0.0467906,0.624282,0.498853,1
1790,222.635,0,0,0,-2.51965e-008,1.24628e-008,0.981818,0,0,0,-0.00153242,0.053671,-0.0452383,0.624282,0.498853,1
1800,240.663,0,0,0,-2.51965e-008,1.24628e-008,0.981818,0,0,0,-0.001856,0.0534592,-0.0434491,0.624282,0.498853,1
1810,255.083,0,0,0,-2.51965e-008,1.24628e-008,0.981818,0,0,0,-0.00209755,0.0536363,-0.0417433,0.624282,0.498853,1
1820,262.296,0,0,0,-2.51965e-008,1.24628e-008,0.981818,0,0,0,-0.00220865,0.0541526,-0.0403696,0.624282,0.498853,1
1830,272.461,0,0,0,-2.51965e-008,1.24628e-008,0.981818,0,0,0,-0.00198389,0.0548727,-0.0390295,0.624282,0.498853,1
1840,282.661,0,0,0,-2.51965e-008,1.24628e-008,0.981818,0,0,0,-0.00141515,0.0554831,-0.037386,0.624282,0.498853,1
1850,286.406,0,0,0,-2.51965e-008,1.24628e-008,0.981818,0,0,0,-0.000954753,0.0558955,-0.0356414,0.624282,0.498853,1
1860,291.367,0,0,0,-2.51965e-008,1.24628e-008,0.981818,0,0,0,-0.000762959,0.0564523,-0.0343236,0.624282,0.498853,1
1870,289.98,0,0,0,-2.51965e-008,1.24628e-008,0.981818,0,0,0,-0.000655738,0.0571993,-0.0335556,0.624282,0.498853,1
1880,271.465,0,0,0,-2.51965e-008,1.24628e-008,0.981818,0,0,0,-0.000619271,0.0576662,-0.0329472,0.624282,0.498853,1
1890,249.348,0,0,0,-2.51965e-008,1.24628e-008,0.981818,0,0,0,-0.00070727,0.0577064,-0.032169,0.624282,0.498853,1
1900,227.148,0,0,0,-2.51965e-008,1.24628e-008,0.981818,0,0,0,-0.000742019,0.0575545,-0.0313841,0.624282,0.498853,1
1910,218.37,0,0,0,-2.51965e-008,1.24628e-008,0.981818,0,0,0,-0.000690185,0.0572796,-0.0307296,0.624282,0.498853,1
1920,220.115,0,0,0,-2.51965e-008,1.24628e-008,0.981818,0,0,0,-0.00083896,0.0568776,-0.030125,0.624282,0.498853,1
1930,215.379,0,0,0,-2.51965e-008,1.24628e-008,0.981818,0,0,0,-0.0011133,0.0565879,-0.0295292,0.624282,0.498853,1
1940,200.61,0,0,0,-2.51965e-008,1.24628e-008,0.981818,0,0,0,-0.00127601,0.0564716,-0.0291348,0.624282,0.498853,1
1950,189.577,0,0,0,-2.51965e-008,1.24628e-008,0.981818,0,0,0,-0.00133453,0.0563776,-0.0289632,0.624282,0.498853,1
1960,178.517,0,0,0,-2.51965e-008,1.24628e-008,0.981818,0,0,0,-0.00141794,0.0561801,-0.0290575,0.624282,0.498853,1
1970,173.425,0,0,0,-2.51965e-008,1.24628e-008,0.981818,0,0,0,-0.0013398,0.0559681,-0.0295144,0.624282,0.498853,1
1980,172.684,0,0,0,-2.51965e-008,1.24628e-008,0.981818,0,0,0,-0.00106368,0.0557012,-0.0304775,0.624282,0.498853,1
1990,180.688,0,0,0,-2.51965e-008,1.24628e-008,0.981818,0,0,0,-0.000617272,0.0554619,-0.031743,0.624282,0.498853,1
2000,744.333,0,0,-6.09088,-0.00015522,0.0553586,0.978768,0,0,0,-0.000103397,0.055362,-0.0331154,0.625376,0.498922,1
2010,744.873,0,0,-6.00036,-0.00015522,0.0553586,0.948518,0,0,0,0.000383394,0.0556014,-0.0343913,0.626414,0.498956,1
2020,746.293,0,0,-5.91104,-0.00015522,0.0553586,0.918718,0,0,0,0.000626934,0.0561046,-0.0356802,0.627801,0.499047,1
2030,754.398,0,0,-5.82271,-0.00015522,0.0553586,0.889361,0,0,0,0.000703692,0.0567557,-0.0370189,0.628529,0.499105,1
2040,754.09,0,0,-5.73534,-0.00015522,0.0553586,0.860445,0,0,0,0.0007189,0.0572441,-0.0383323,0.62954,0.499112,1
2050,755.498,0,0,-5.64929,-0.00015522,0.0553586,0.831963,0,0,0,0.000762708,0.0573451,-0.0392644,0.630602,0.499058,1
2060,753.222,0,0,-5.56456,-0.00015522,0.0553586,0.803907,0,0,0,0.000692534,0.0569251,-0.0398597,0.631349,0.499016,1
2070,739.587,0,0,-5.48167,-0.00015522,0.0553586,0.776272,0,0,0,0.000508626,0.0565377,-0.0402789,0.631973,0.49903,1
2080,722.865,0,0,-5.40128,-0.00015522,0.0553586,0.749046,0,0,0,0.000218776,0.0566652,-0.0406417,0.632666,0.499085,1
2090,705.315,0,0,-5.32333,-0.00015522,0.0553586,0.722216,0,0,0,-5.08207e-005,0.0571437,-0.0407299,0.633375,0.499159,1
2100,681.955,0,0,-5.24817,-0.00015522,0.0553586,0.695769,0,0,0,-0.000341441,0.0574171,-0.0407029,0.633946,0.499237,1
2110,660.27,0,0,-5.17605,-0.00015522,0.0553586,0.669692,0,0,0,-0.000461823,0.0575897,-0.040922,0.63454,0.499349,1
2120,640.26,0,0,-5.10664,-0.00015522,0.0553586,0.643969,0,0,0,-0.000269576,0.0577465,-0.0417314,0.635261,0.499501,1
2130,611.311,0,0,-5.04054,-0.00015522,0.0553586,0.618586,0,0,0,0.000250852,0.0576054,-0.0428314,0.635849,0.499626,1
2140,583.158,0,0,-4.9782,-0.00015522,0.0553586,0.593525,0,0,0,0.000799863,0.0571468,-0.0438915,0.636287,0.499722,1
2150,554.7,0,0,-4.91977,-0.00015522,0.0553586,0.568767,0,0,0,0.00131771,0.0569103,-0.0447907,0.636817,0.499827,1
2160,533.24,1.37297e-007,2.67833e-007,-4.86508,-0.00015522,0.0553586,0.544293,-0.0110947,-0.0216432,0.0356646,0.00165748,0.0569143,-0.0456446,0.637376,0.499916,1
2170,531.694,3.36296e-006,6.48174e-006,-4.81231,-0.000155212,0.0553586,0.520086,-0.0153561,-0.0292015,0.0452007,0.00181618,0.0567554,-0.0463322,0.637818,0.499964,1
2180,533.533,7.83141e-006,1.48469e-005,-4.75989,-0.000155185,0.0553586,0.496143,-0.0215378,-0.039802,0.0578154,0.00184576,0.0565147,-0.0469267,0.63821,0.499986,1
2190,526.588,1.3891e-005,2.5896e-005,-4.70838,-0.000155131,0.0553587,0.47246,-0.0208329,-0.0362415,0.11794,0.00195777,0.0565491,-0.0475407,0.638498,0.499981,1
2200,519.399,2.06226e-005,3.74661e-005,-4.65849,-0.000155047,0.0553589,0.449031,-0.0984465,-0.168805,0.566352,0.00204355,0.0567418,-0.048112,0.638629,0.49996,1
2210,516.541,5.10077e-005,8.9868e-005,-4.60982,-0.000154877,0.0553592,0.425848,-0.305167,-0.533614,1.31429,0.00211147,0.0568387,-0.0483776,0.638752,0.499923,1
2220,504.32,0.000137287,0.000241532,-4.56283,-0.000154416,0.05536,0.402906,-0.393629,-0.728381,1.72955,0.00211848,0.0569592,-0.0484993,0.638842,0.499884,1
2230,493.832,0.00024766,0.000446679,-4.51805,-0.000153466,0.0553617,0.380193,-0.518107,-0.965128,2.19976,0.00196241,0.057032,-0.0487165,0.638842,0.499884,1
2240,485.939,0.000389723,0.000712226,-4.47513,-0.000151883,0.0553646,0.3577,-0.523539,-0.96835,3.26813,0.0015004,0.0569032,-0.0490503,0.638842,0.499884,1
2250,474.616,0.000530196,0.000981467,-4.43415,-0.000149591,0.0553688,0.335417,-0.474325,-1.55715,5.44367,0.00103154,0.0568135,-0.0491623,0.638842,0.499884,1
2260,458.932,0.000640047,0.00140745,-4.39621,-0.000146635,0.0553747,0.313333,0.660577,-2.26844,7.60756,0.000724184,0.0572627,-0.0488619,0.638776,0.499576,1
2270,441.597,0.000452022,0.00200867,-4.36185,-0.000143909,0.0553832,0.29143,-0.205956,-2.83871,11.0265,0.000499314,0.0579357,-0.0481922,0.638703,0.499175,1
2280,426.776,0.00047054,0.00271803,-4.33129,-0.000141575,0.055395,0.26969,-0.0753907,-2.75848,13.1691,0.000350405,0.0582579,-0.0473958,0.638642,0.498708,1
2290,420.805,0.000408712,0.0033265,-4.30316,-0.000139303,0.0554102,0.248097,0.563741,-1.74648,13.6592,0.000519782,0.0581489,-0.0464392,0.638607,0.498309,1
2300,417.568,0.000101348,0.00352899,-4.27589,-0.000137871,0.0554276,0.226642,2.09688,0.204355,12.7768,0.000830549,0.0580202,-0.0452159,0.63858,0.497902,1
2310,414.437,-0.000728232,0.00295098,-4.24871,-0.000139147,0.0554443,0.205323,4.89619,4.86357,7.19192,0.000891256,0.057874,-0.0438299,0.638556,0.497476,1
2320,412.408,-0.00250099,0.000678433,-4.22007,-0.000146689,0.0554543,0.184142,10.2263,14.4233,-4.75968,0.000780547,0.0577054,-0.0425374,0.638547,0.497185,1
2330,407.984,-0.00603276,-0.00489714,-4.18809,-0.000167091,0.0554457,0.163113,19.2443,32.5654,-27.5191,0.000912155,0.0575845,-0.0414241,0.638563,0.49702,1
2340,401.241,-0.0123683,-0.0167193,-4.14989,-0.00021163,0.0553952,0.142258,33.5202,66.6044,-65.8641,0.00136737,0.0575833,-0.0406526,0.638568,0.496996,1
2350,388.318,-0.023086,-0.0392802,-4.10238,-0.000298085,0.0552607,0.121616,54.478,120.88,-119.456,0.00188508,0.0574046,-0.0403537,0.638568,0.496996,1
2360,371.369,-0.0395362,-0.0781211,-4.04365,-0.000451917,0.0549752,0.101241,80.9798,197.074,-184.675,0.00235563,0.0570512,-0.0403179,0.638568,0.496996,1
2370,360.789,-0.0627122,-0.135952,-3.97185,-0.000705031,0.0544478,0.0811917,105.407,273.171,-250.635,0.00257523,0.0566644,-0.0402624,0.638568,0.496996,1
2380,358.775,-0.0907096,-0.211266,-3.8867,-0.00108673,0.0535859,0.0615361,123.973,333.002,-301.918,0.00231679,0.0563349,-0.0402467,0.638717,0.496786,1
2390,367.036,-0.121464,-0.292976,-3.7915,-0.00161774,0.0523237,0.042333,120.579,323.139,-329.199,0.00165659,0.055953,-0.0405363,0.638868,0.496607,1
2400,385.525,-0.147576,-0.363454,-3.6915,-0.00229341,0.0506741,0.0236207,92.8408,246.804,-317.116,0.00107622,0.0556793,-0.0411409,0.63902,0.496448,1
2410,404.65,-0.160834,-0.402907,-3.59636,-0.00307324,0.0487396,0.00539985,15.6283,82.4065,-264.687,0.000584626,0.0556814,-0.0418219,0.639084,0.496389,1
2420,419.715,-0.158399,-0.402403,-3.51675,-0.00387466,0.0467108,-0.0123808,-16.1634,-59.8749,-180.349,6.29069e-005,0.056016,-0.0423409,0.639198,0.496306,1
2430,422.754,-0.149209,-0.366646,-3.45681,-0.00464767,0.0447726,-0.0298125,-48.8419,-200.118,-100.491,-0.000395733,0.0563834,-0.0428152,0.639385,0.496181,1
2440,418.591,-0.136152,-0.301853,-3.41582,-0.00536071,0.0430904,-0.0469928,-46.4549,-300.783,-32.318,-0.000574417,0.0564364,-0.0434832,0.639522,0.496072,1
2450,417.577,-0.121338,-0.216642,-3.39182,-0.00600686,0.0417874,-0.0640114,-64.9881,-363.904,27.0573,-0.000760392,0.0560501,-0.0445132,0.639625,0.495974,1
2460,424.814,-0.105036,-0.119934,-3.37747,-0.00657251,0.0409414,-0.0809388,-63.5773,-406.204,49.967,-0.00101168,0.0555078,-0.0456984,0.639742,0.495876,1
2470,434.442,-0.0839393,-0.0174522,-3.36499,-0.00704961,0.040598,-0.0978017,-104.891,-408.896,50.7775,-0.00113065,0.0550553,-0.0468257,0.639932,0.495732,1
2480,444.063,-0.0524232,0.080917,-3.34866,-0.00739464,0.0407595,-0.114595,-143.955,-385.07,31.7417,-0.000875518,0.0547604,-0.0477585,0.640157,0.495574,1
2490,450.935,-0.0127562,0.170873,-3.32608,-0.00756031,0.0413934,-0.131291,-170.208,-349.044,10.3254,-0.000392972,0.0545006,-0.0485772,0.640368,0.495437,1
2500,449.902,0.0302577,0.250286,-3.29953,-0.00751691,0.0424518,-0.147863,-175.319,-303.411,1.9497,0.0002676,0.0540472,-0.0493477,0.640537,0.495337,1
2510,439.383,0.0723967,0.315381,-3.27316,-0.00725902,0.0438735,-0.164301,-165.676,-238.713,2.75402,0.000844532,0.0533608,-0.05021,0.64063,0.495293,1
2520,419.892,0.110129,0.363142,-3.24982,-0.00680006,0.045578,-0.180613,-143.257,-167.7,7.09278,0.00106274,0.052776,-0.0510979,0.640679,0.495281,1
2530,401.628,0.14153,0.393923,-3.23034,-0.00616789,0.0474781,-0.196817,-117.063,-103.328,9.61815,0.000679529,0.0527443,-0.0519301,0.640811,0.495252,1
2540,389.854,0.166526,0.410634,-3.21322,-0.00539494,0.0494952,-0.21293,-92.8909,-54.0468,8.69977,-5.95113e-005,0.0532874,-0.0526372,0.640953,0.495214,1
2550,374.534,0.186033,0.417447,-3.19787,-0.00451123,0.0515693,-0.228961,-72.9892,-21.4625,5.37575,-0.000779295,0.0540491,-0.0533733,0.641015,0.495189,1
2560,357.632,0.201239,0.418336,-3.18447,-0.00354124,0.053661,-0.24492,-57.3955,-2.75485,1.68191,-0.00108717,0.0545566,-0.0542278,0.641015,0.495189,1
2570,339.594,0.213148,0.416298,-3.17351,-0.00250386,0.0557487,-0.260816,-44.933,6.335,-1.4714,-0.000972329,0.0548397,-0.0551135,0.641015,0.495189,1
2580,320.476,0.222488,0.413339,-3.16592,-0.00141367,0.0578231,-0.276665,-34.5875,9.5152,-4.02782,-0.000554987,0.0552262,-0.0557921,0.641015,0.495189,1
2590,303.364,0.229741,0.410599,-3.16191,-0.000282244,0.0598828,-0.292484,-25.7431,9.33998,-6.20975,-0.000209582,0.0558833,-0.0563271,0.641015,0.495189,1
2600,294.546,0.235192,0.408582,-3.16071,0.000880815,0.0619304,-0.30829,-18.1406,6.16877,-6.87157,-0.000193191,0.0564926,-0.0569319,0.641015,0.495189,1
2610,292.784,0.239032,0.407578,-3.16073,0.00206698,0.0639705,-0.324093,-12.2425,3.83497,-8.58578,-0.000404179,0.0568939,-0.0576735,0.641015,0.495189,1
2620,293.615,0.241561,0.407108,-3.16006,0.00326895,0.0660069,-0.339895,-7.0927,1.63108,-9.97455,-0.000401353,0.0569327,-0.0583499,0.641017,0.495189,1
2630,288.946,0.243061,0.407209,-3.15973,0.00448076,0.0680424,-0.355693,-3.87621,0.382359,-10.5642,-0.000201172,0.0566948,-0.0588188,0.641156,0.495157,1
2640,282.109,0.244066,0.407811,-3.16129,0.00569866,0.0700796,-0.371494,-1.6649,-0.0608868,-10.3116,-8.05533e-005,0.0563859,-0.0590884,0.641166,0.495155,1
2650,281.427,0.244717,0.40859,-3.16383,0.00692063,0.0721203,-0.387305,-0.571263,-0.47282,-10.3394,-3.9826e-005,0.0562513,-0.059265,0.641166,0.495155,1
2660,283.702,0.245169,0.409405,-3.16624,0.00814533,0.0741652,-0.40313,-0.0522568,-0.861945,-10.3167,0.000190143,0.0559422,-0.059412,0.641166,0.495155,1
2670,287.771,0.245468,0.410159,-3.16771,0.00937189,0.076214,-0.418964,0.0557776,-1.5413,-9.14734,0.00050773,0.0553804,-0.0595852,0.641166,0.495155,1
2680,298.248,0.245595,0.41076,-3.16732,0.0105996,0.0782664,-0.434802,0.0492252,-1.40423,-8.66015,0.000664441,0.0548071,-0.0597699,0.641166,0.495155,1
2690,307.975,0.24552,0.410959,-3.16431,0.0118275,0.0803209,-0.450633,-0.311661,-1.22522,-7.62593,0.000621908,0.0545515,-0.0597647,0.641166,0.495155,1
2700,318.025,0.245336,0.410803,-3.15917,0.0130548,0.0823756,-0.466443,-0.313872,-1.01997,-6.89189,0.000388555,0.0544226,-0.0594243,0.641166,0.495155,1
2710,332.595,0.244919,0.410213,-3.15127,0.0142806,0.0844285,-0.482222,-0.00676811,-0.861522,-5.75532,-6.01238e-005,0.0542966,-0.0589727,0.641166,0.495155,1
2720,342.365,0.244229,0.409242,-3.141,0.0155037,0.0864776,-0.497956,-0.0146451,-0.701836,-5.06784,-0.000512281,0.0538813,-0.0587267,0.641166,0.495155,1
2730,341.054,0.24347,0.408116,-3.12999,0.0167232,0.0885213,-0.513635,-0.187171,-0.377913,-4.04059,-0.000644426,0.053141,-0.0585361,0.641166,0.495155,1
2740,332.468,0.24286,0.407105,-3.12067,0.0179391,0.0905595,-0.529263,-0.0255472,-0.100537,-3.09514,-0.000553915,0.052195,-0.0580566,0.641166,0.495155,1
2750,327.437,0.242327,0.406225,-3.11302,0.0191522,0.092593,-0.544849,-0.0314021,-0.0983485,-2.69426,-0.000550394,0.0514658,-0.0572695,0.641166,0.495155,1
2760,327.246,0.241834,0.405408,-3.10593,0.0203627,0.0946223,-0.560398,-0.174695,-0.306884,-2.05652,-0.000736425,0.0510651,-0.0564569,0.641166,0.495155,1
2770,331.349,0.241351,0.404597,-3.09868,0.0215708,0.0966476,-0.575911,-0.355598,-0.321767,-1.5371,-0.000860707,0.0509525,-0.0557929,0.641166,0.495155,1
2780,341.388,0.240776,0.403568,-3.08987,0.0227764,0.0986684,-0.591385,-0.41272,-0.277878,-0.792447,-0.000783345,0.0508019,-0.0553476,0.64118,0.495154,1
2790,350.244,0.240062,0.402281,-3.07932,0.0239787,0.100683,-0.606812,-0.177917,-0.276432,-0.437808,-0.000456542,0.0506698,-0.0550452,0.64118,0.495154,1
2800,356.236,0.239194,0.40082,-3.06754,0.0251771,0.102692,-0.622182,-0.161631,-0.244033,-0.42147,1.11813e-005,0.0507571,-0.0547647,0.64118,0.495154,1
2810,353.029,0.238296,0.399309,-3.05544,0.0263711,0.104692,-0.637492,-0.143968,-0.211084,-0.39904,0.000516433,0.0511038,-0.0544681,0.64118,0.495154,1
2820,340.566,0.237529,0.398016,-3.04509,0.0275607,0.106686,-0.652745,-0.124713,-0.1777,-0.368773,0.000743676,0.0513733,-0.0543135,0.64118,0.495154,1
2830,321.99,0.237007,0.397134,-3.03795,0.0287471,0.108674,-0.667953,-0.104811,-0.145582,-0.33188,0.000594379,0.0515915,-0.0543639,0.64118,0.495154,1
2840,301.227,0.236827,0.396826,-3.03528,0.0299316,0.110658,-0.683135,0,0,0,0.000192519,0.051838,-0.054534,0.64118,0.495155,1
2850,281.726,0.237034,0.397172,-3.03793,0.031116,0.112643,-0.698315,0,0,0,-0.00025011,0.0520857,-0.0546201,0.641294,0.495215,1
2860,273.199,0.237551,0.398039,-3.04456,0.0323023,0.114631,-0.713518,0,0,0,-0.000857141,0.0522817,-0.0545001,0.641294,0.495215,1
2870,277.08,0.238107,0.39897,-3.05168,0.0334913,0.116623,-0.728758,0,0,0,-0.00137308,0.0525695,-0.0542153,0.641294,0.495215,1
2880,293.026,0.23842,0.399495,-3.0557,0.0346827,0.118619,-0.744027,0,0,0,-0.00136113,0.0527573,-0.0540544,0.641294,0.495215,1
2890,313.852,0.238334,0.39935,-3.05459,0.0358748,0.120617,-0.759305,0,0,0,-0.000789438,0.0526196,-0.0541029,0.641294,0.495215,1
2900,331.566,0.237896,0.398616,-3.04898,0.0370656,0.122612,-0.774567,0,0,0,-0.000307548,0.0522295,-0.0541353,0.641294,0.495215,1
2910,345.796,0.2372,0.39745,-3.04006,0.0382536,0.124603,-0.789793,0,0,0,-0.000150148,0.0518169,-0.0538679,0.641324,0.495241,1
2920,356.259,0.236327,0.395987,-3.02887,0.0394377,0.126587,-0.804969,0,0,0,-0.000282224,0.0512889,-0.0533707,0.641324,0.495241,1
2930,360.55,0.235359,0.394365,-3.01646,0.0406172,0.128563,-0.820086,0,0,0,-0.000592204,0.0504721,-0.0528333,0.641324,0.495241,1
2940,362.973,0.234345,0.392667,-3.00347,0.0417917,0.130531,-0.835139,0,0,0,-0.00102365,0.0495216,-0.0523412,0.641324,0.495241,1
2950,355.85,0.233375,0.391041,-2.99104,0.0429612,0.132491,-0.850128,0,0,0,-0.00122162,0.0489122,-0.0517654,0.641324,0.495241,1
2960,345.045,0.232546,0.389651,-2.9804,0.0441261,0.134443,-0.865058,0,0,0,-0.00130012,0.0489204,-0.0511175,0.64138,0.495362,1
2970,340.078,0.231834,0.388458,-2.97128,0.0452872,0.136388,-0.879939,0,0,0,-0.00154451,0.0493221,-0.0505009,0.641526,0.495725,1
2980,340.586,0.231155,0.387321,-2.96258,0.0464449,0.138328,-0.894776,0,0,0,-0.00195774,0.0497885,-0.0500481,0.641636,0.496056,1
2990,343.682,0.230439,0.386121,-2.9534,0.047599,0.140262,-0.909568,0,0,0,-0.00209684,0.050197,-0.0497714,0.641701,0.496317,1
3000,341.129,0.229712,0.384904,-2.94409,0.0487496,0.14219,-0.924314,0,0,0,-0.00198438,0.0506392,-0.0497458,0.641604,0.496635,1
3010,328.634,0.229123,0.383916,-2.93654,0.0498967,0.144112,-0.939017,0,0,0,-0.00183907,0.0511867,-0.0497907,0.641614,0.49677,1
3020,315,0.228739,0.383273,-2.93161,0.0510414,0.14603,-0.953687,0,0,0,-0.00175418,0.0518842,-0.0496195,0.641653,0.496834,1
3030,294.472,0.228664,0.383147,-2.93065,0.0521848,0.147946,-0.968341,0,0,0,-0.00159262,0.0524157,-0.0490812,0.64174,0.496972,1
3040,271.734,0.229037,0.383772,-2.93544,0.0533287,0.149862,-0.983002,0,0,0,-0.0015196,0.0525225,-0.0484415,0.641742,0.49701,1
3050,258.286,0.229843,0.385122,-2.94576,0.0544756,0.151784,-0.997701,0,0,0,-0.00162911,0.0522774,-0.0478566,0.641742,0.49701,1
3060,258.177,0.230798,0.386723,-2.95801,0.055627,0.153713,0.987543,0,0,0,-0.00182152,0.052092,-0.0472806,0.641742,0.49701,1
3070,269.566,0.231598,0.388064,-2.96826,0.0567829,0.15565,0.972728,0,0,0,-0.00194447,0.0520324,-0.0465445,0.641761,0.497058,1
3080,283.598,0.232065,0.388846,-2.97424,0.057942,0.157592,0.957871,0,0,0,-0.00207358,0.0520722,-0.0457076,0.641761,0.49708,1
3090,289.781,0.232313,0.389262,-2.97743,0.059103,0.159538,0.942992,0,0,0,-0.00221046,0.0519656,-0.044773,0.641756,0.497187,1
3100,291.328,0.2325,0.389576,-2.97982,0.060265,0.161485,0.9281,0,0,0,-0.0022291,0.0516909,-0.0437225,0.641743,0.497356,1
3110,297.806,0.232615,0.389767,-2.98129,0.0614278,0.163433,0.913197,0,0,0,-0.00221658,0.0513209,-0.0425219,0.641735,0.497395,1
3120,307.978,0.232554,0.389665,-2.98051,0.0625908,0.165382,0.898291,0,0,0,-0.00254671,0.0511383,-0.0412906,0.641735,0.497406,1
3130,328.291,0.232225,0.389114,-2.97629,0.063753,0.167329,0.883396,0,0,0,-0.00333891,0.0510536,-0.0401115,0.641741,0.497489,1
3140,349.822,0.231533,0.387954,-2.96742,0.0649127,0.169272,0.868533,0,0,0,-0.00413317,0.0510796,-0.0390253,0.641761,0.497707,1
3150,361.406,0.230605,0.3864,-2.95554,0.0660683,0.171209,0.853722,0,0,0,-0.00447293,0.0512305,-0.0380913,0.641798,0.4981,1
3160,362.122,0.229611,0.384734,-2.94279,0.0672191,0.173137,0.838973,0,0,0,-0.00427285,0.0516585,-0.0374627,0.641844,0.498611,1
3170,353.345,0.228679,0.383173,-2.93085,0.068365,0.175057,0.824286,0,0,0,-0.003748,0.0521107,-0.0371446,0.641889,0.499096,1
3180,336.548,0.227939,0.381932,-2.92136,0.0695066,0.17697,0.809655,0,0,0,-0.00303838,0.0523159,-0.0369335,0.641934,0.499552,1
3190,318.785,0.227475,0.381155,-2.91541,0.0706452,0.178878,0.795063,0,0,0,-0.00235861,0.0521162,-0.0366937,0.641983,0.500012,1
3200,301.168,0.227309,0.380877,-2.91329,0.071782,0.180783,0.780492,0,0,0,-0.00186282,0.05176,-0.0364614,0.642027,0.500392,1
3210,289.587,0.227423,0.381068,-2.91475,0.0729188,0.182687,0.765923,0,0,0,-0.00170911,0.051433,-0.0363585,0.642055,0.500607,1
3220,288.306,0.227662,0.381468,-2.91781,0.0740564,0.184594,0.751343,0,0,0,-0.00190206,0.0512672,-0.036347,0.642067,0.500717,1
3230,295.137,0.227824,0.381739,-2.91989,0.0751951,0.186502,0.736748,0,0,0,-0.00247526,0.0512289,-0.0363339,0.642076,0.500841,1
3240,302.461,0.227833,0.381754,-2.92,0.0763343,0.18841,0.722148,0,0,0,-0.00309098,0.0512467,-0.0362772,0.642084,0.501,1
3250,303.223,0.227765,0.381641,-2.91913,0.0774733,0.190319,0.70755,0,0,0,-0.00337917,0.051232,-0.0363186,0.642091,0.501221,1
3260,294.116,0.227786,0.381676,-2.91941,0.0786121,0.192227,0.692955,0,0,0,-0.00320437,0.0513773,-0.0365185,0.642095,0.501477,1
3270,284.009,0.228018,0.382065,-2.92238,0.0797515,0.194136,0.678352,0,0,0,-0.00296239,0.0517841,-0.036909,0.642094,0.501605,1
3280,279.781,0.228407,0.382717,-2.92736,0.0808924,0.196048,0.663729,0,0,0,-0.00280872,0.0521688,-0.0375107,0.642094,0.501607,1
3290,289.185,0.228734,0.383265,-2.93156,0.0820353,0.197963,0.649082,0,0,0,-0.00267286,0.0522294,-0.0383489,0.642093,0.501613,1
3300,306.464,0.228759,0.383306,-2.93187,0.0831792,0.19988,0.634422,0,0,0,-0.00229221,0.0520532,-0.0392205,0.642093,0.501622,1
3310,313.372,0.228546,0.382949,-2.92914,0.0843225,0.201795,0.619768,0,0,0,-0.0018349,0.05183,-0.0400399,0.642092,0.501632,1
3320,307.534,0.228347,0.382617,-2.9266,0.0854648,0.203709,0.605128,0,0,0,-0.00149937,0.0515486,-0.0409269,0.642084,0.501702,1
3330,297.554,0.228306,0.382547,-2.92606,0.0866063,0.205622,0.590498,0,0,0,-0.00144803,0.0512809,-0.0420526,0.642084,0.501702,1
3340,288.009,0.228463,0.382811,-2.92808,0.0877481,0.207535,0.575864,0,0,0,-0.00145036,0.051026,-0.0432145,0.642084,0.501702,1
3350,286.062,0.22874,0.383274,-2.93163,0.0888911,0.20945,0.561216,0,0,0,-0.00151184,0.0506593,-0.0442151,0.642084,0.501702,1
3360,296.631,0.228923,0.383581,-2.93397,0.0900353,0.211368,0.546551,-0.0010606,-0.00188029,0.0441711,-0.00159949,0.050055,-0.0451228,0.642084,0.501702,1
3370,312.235,0.228819,0.383407,-2.93265,0.0911798,0.213285,0.531883,-0.00134358,-0.00185135,0.0522706,-0.00171606,0.0495578,-0.0462666,0.642084,0.501702,1
3380,322.012,0.228495,0.382863,-2.9285,0.0923232,0.215201,0.517228,-0.0111435,0.0119923,0.0997667,-0.00176142,0.0494578,-0.0477168,0.642084,0.501702,1
3390,325.479,0.228067,0.382139,-2.92301,0.0934647,0.217114,0.502597,-0.0121368,0.014623,0.114107,-0.00202124,0.0496549,-0.0494329,0.642084,0.501702,1
3400,322.144,0.227644,0.38142,-2.91758,0.0946041,0.219023,0.487995,-0.0130112,0.0179525,0.128953,-0.00247191,0.0496209,-0.0512996,0.642085,0.501714,1
3410,314.909,0.227323,0.380871,-2.91345,0.0957415,0.220929,0.473417,-0.0140452,0.022366,0.147248,-0.00295927,0.0493585,-0.0533078,0.642112,0.502046,1
3420,311.513,0.227098,0.380482,-2.91056,0.0968776,0.222832,0.458856,-0.0154994,0.0281408,0.168068,-0.00337642,0.049103,-0.0553529,0.642127,0.502279,1
3430,310.026,0.226905,0.380141,-2.90805,0.0980126,0.224734,0.44431,-0.274761,-0.157985,1.27587,-0.00387929,0.0489954,-0.0574459,0.642127,0.502279,1
3440,307.395,0.226823,0.379922,-2.9064,0.099147,0.226634,0.429773,-0.31043,-0.182354,1.51822,-0.0042586,0.0488834,-0.0595633,0.642127,0.502279,1
3450,305.275,0.226793,0.379785,-2.90536,0.100281,0.228533,0.415244,-0.31557,-0.476088,2.31762,-0.0043194,0.0490147,-0.0616639,0.642127,0.502279,1
3460,305.207,0.226793,0.379751,-2.90477,0.101415,0.230432,0.400718,-1.19126,-0.516279,4.1306,-0.00396229,0.049389,-0.0635189,0.642127,0.502279,1
3470,307.394,0.226999,0.379704,-2.90443,0.102549,0.232331,0.386195,-1.21628,-0.828883,5.22978,-0.00331099,0.0498142,-0.0649843,0.642127,0.502279,1
3480,306.813,0.227183,0.379688,-2.90397,0.103685,0.234229,0.371673,-1.48356,-1.34991,6.4525,-0.00263047,0.0500661,-0.066067,0.642127,0.502279,1
3490,297.706,0.227544,0.37999,-2.90518,0.104822,0.236128,0.357151,-1.94932,-1.98761,7.81377,-0.00241123,0.0503097,-0.0669209,0.642127,0.502279,1
3500,290.035,0.228199,0.380754,-2.90898,0.105961,0.23803,0.342617,-1.97374,-2.42555,9.40063,-0.00275847,0.0504065,-0.0675157,0.642127,0.502279,1
3510,285.659,0.228984,0.381825,-2.9147,0.107104,0.239936,0.32806,-2.7281,-2.73673,10.9916,-0.00329247,0.0502851,-0.067728,0.642127,0.502279,1
3520,287.631,0.229977,0.383003,-2.92104,0.108251,0.241848,0.313471,-3.08015,-3.09565,12.2421,-0.00354885,0.0499855,-0.0675113,0.642127,0.502279,1
3530,292.723,0.230984,0.384143,-2.92676,0.109403,0.243766,0.298852,-3.82347,-3.59013,13.644,-0.00345866,0.0497993,-0.0670114,0.642127,0.502279,1
3540,302.593,0.232005,0.385128,-2.93076,0.110561,0.245689,0.284207,-4.028,-3.76799,14.4507,-0.00320954,0.0496732,-0.066394,0.642127,0.502279,1
3550,313.992,0.232835,0.385783,-2.93226,0.111723,0.247617,0.269548,-3.96014,-3.67089,15.2099,-0.00287717,0.049492,-0.0657296,0.642127,0.502279,1
3560,314.267,0.233465,0.38617,-2.93229,0.112889,0.249547,0.254886,-3.07043,-3.1865,15.0849,-0.00242276,0.049126,-0.0650804,0.642127,0.502279,1
3570,295.001,0.233957,0.386676,-2.93449,0.114058,0.251479,0.24022,-1.86673,-2.02636,11.7861,-0.00196641,0.0488507,-0.0645708,0.642127,0.502279,1
3580,273.517,0.234374,0.387484,-2.94111,0.115229,0.253414,0.225534,2.18194,0.840884,3.19675,-0.00185384,0.0487407,-0.0642547,0.642127,0.502279,1
3590,264.623,0.233623,0.387773,-2.94865,0.116399,0.255353,0.21081,10.7362,6.69148,-16.8245,-0.00218692,0.0487119,-0.0639951,0.642127,0.502279,1
3600,267.954,0.229764,0.385893,-2.94932,0.117559,0.257288,0.196063,28.5583,20.245,-59.7251,-0.00288575,0.0486971,-0.0637666,0.642127,0.502279,1
3610,279.545,0.219308,0.378693,-2.93217,0.118686,0.259202,0.181351,64.0242,48.5876,-144.483,-0.00370531,0.0487875,-0.0636736,0.642127,0.502279,1
3620,283.628,0.196322,0.360967,-2.88305,0.119732,0.261057,0.166797,130.696,104.529,-301.4,-0.00437708,0.0486863,-0.0637422,0.642127,0.502279,1
3630,269.434,0.151135,0.324205,-2.78354,0.120612,0.262781,0.152605,246.821,207.04,-570.521,-0.00459387,0.0482639,-0.0637935,0.642127,0.502279,1
3640,239.832,0.0690274,0.254989,-2.60566,0.121182,0.264246,0.139094,432.164,373.789,-992.36,-0.00449398,0.0478479,-0.0638296,0.642127,0.502279,1
3650,206.46,-0.0682726,0.135638,-2.31143,0.121211,0.265247,0.126749,682.196,614.378,-1582.69,-0.00421793,0.047766,-0.0638703,0.642127,0.502279,1
3660,180.584,-0.269947,-0.0505918,-1.86738,0.120392,0.26549,0.116242,908.547,891.46,-2226.73,-0.00382183,0.0479399,-0.0638134,0.642127,0.502279,1
3670,171.254,-0.513848,-0.3027,-1.28789,0.118442,0.264631,0.108318,963.915,1092.48,-2602.32,-0.00323321,0.0483858,-0.0634868,0.642127,0.502279,1
3680,178.066,-0.748541,-0.587331,-0.666925,0.115274,0.262411,0.103445,809.627,1103.95,-2465.29,-0.00276633,0.0491992,-0.0629992,0.642127,0.502279,1
3690,197.632,-0.932716,-0.853833,-0.117769,0.111049,0.258793,0.101532,575.614,937.534,-1982.35,-0.00256342,0.0500819,-0.0624978,0.642127,0.502279,1
3700,224.929,-1.06019,-1.06708,0.306807,0.106047,0.253968,0.10206,380.647,701.519,-1442.17,-0.00261465,0.0505496,-0.0620819,0.642127,0.502279,1
3710,247.348,-1.14346,-1.22094,0.608216,0.100524,0.248226,0.104395,240.82,488.718,-984.407,-0.00265912,0.050475,-0.0617254,0.642127,0.502279,1
3720,259.067,-1.19473,-1.32739,0.810812,0.0946682,0.24184,0.107977,135.188,334.27,-645.219,-0.00273108,0.0502257,-0.0614478,0.642127,0.502279,1
3730,261.822,-1.22298,-1.40135,0.944186,0.0886173,0.235008,0.112387,63.2273,228.101,-421.241,-0.0026864,0.0500859,-0.0612176,0.642127,0.502279,1
3740,260.715,-1.23754,-1.45314,1.03305,0.0824629,0.227865,0.117344,21.3423,150.595,-276.248,-0.00243042,0.0500557,-0.0610052,0.642127,0.502279,1
3750,264.401,-1.24423,-1.4885,1.09271,0.076257,0.220506,0.122668,-1.82058,95.7626,-180.937,-0.0018289,0.0499557,-0.0607233,0.642127,0.502279,1
3760,277.624,-1.24472,-1.51161,1.13266,0.0700327,0.213003,0.128237,-20.463,62.6405,-123.425,-0.00111808,0.0498022,-0.0604374,0.642082,0.50244,1
3770,293.224,-1.23931,-1.52635,1.16029,0.0638208,0.205405,0.133973,-34.4407,43.9143,-91.1918,-0.000291796,0.0494003,-0.0602687,0.64201,0.502685,1
3780,304.056,-1.22928,-1.53569,1.18061,0.0576477,0.197749,0.139828,-45.5699,32.8033,-75.4175,0.000576556,0.0487125,-0.0603459,0.641953,0.502868,1
3790,298.89,-1.21712,-1.54269,1.19755,0.0515315,0.190052,0.145774,-49.221,27.0841,-62.934,0.00129927,0.0480634,-0.0606215,0.641948,0.502883,1
3800,292.714,-1.2057,-1.54959,1.21231,0.0454751,0.182322,0.1518,-46.2346,22.8857,-51.3067,0.00144572,0.0480522,-0.0610548,0.641948,0.502883,1
3810,297.638,-1.19622,-1.55527,1.22329,0.0394716,0.174559,0.157891,-33.5454,17.4245,-32.2251,0.00103055,0.0486386,-0.0616487,0.641948,0.502883,1
3820,306.781,-1.18904,-1.55863,1.22904,0.0335091,0.166773,0.164024,-22.0897,12.9012,-17.0023,0.000226553,0.0495785,-0.0624302,0.641948,0.502883,1
3830,318.051,-1.18338,-1.55963,1.23032,0.0275782,0.158976,0.170174,-14.2429,8.46892,-4.53705,-0.000501978,0.0505995,-0.0632467,0.641948,0.502883,1
3840,324.293,-1.17836,-1.55867,1.22842,0.0216735,0.151179,0.176322,-9.93334,5.87024,2.0686,-0.000857124,0.051719,-0.0639258,0.641948,0.502883,1
3850,317.136,-1.17449,-1.55724,1.22514,0.0157917,0.143388,0.182457,-5.12141,4.03971,7.78119,-0.000724026,0.0528018,-0.0643778,0.641948,0.502883,1
3860,304.988,-1.17262,-1.5567,1.2217,0.00992443,0.135604,0.188574,-2.18435,2.11636,11.6335,-0.00038277,0.0538062,-0.0646292,0.641948,0.502883,1
3870,297.448,-1.17234,-1.55697,1.21836,0.00406255,0.12782,0.194674,0.245702,1.02365,14.4136,7.74447e-005,0.0545118,-0.0646284,0.641948,0.502883,1
3880,292.943,-1.17311,-1.55784,1.21518,-0.00180064,0.120033,0.200758,1.53393,0.658369,15.2264,0.000643576,0.0550054,-0.0644559,0.641948,0.502883,1
3890,294.769,-1.17428,-1.55879,1.21194,-0.00766893,0.112242,0.206826,2.59532,0.486606,16.5162,0.00129259,0.0552824,-0.0642321,0.641948,0.502883,1
3900,302.103,-1.17518,-1.55907,1.20795,-0.0135428,0.104446,0.212876,3.61717,-0.343926,16.824,0.00171775,0.0553248,-0.0640422,0.641948,0.502883,1
3910,316.876,-1.17527,-1.55776,1.20283,-0.0194196,0.0966533,0.218904,4.62979,-0.521312,16.6022,0.00169666,0.0548829,-0.0638476,0.641948,0.502883,1
3920,337.424,-1.17392,-1.55426,1.19612,-0.0252939,0.0888715,0.224902,5.14126,-0.43525,16.6834,0.00128824,0.0540698,-0.0635846,0.641948,0.502883,1
3930,351.433,-1.17131,-1.54899,1.18803,-0.0311583,0.0811115,0.230864,5.17893,-0.460573,16.6236,0.000893549,0.0530786,-0.0631881,0.641948,0.502883,1
3940,347.349,-1.16833,-1.54326,1.17963,-0.0370083,0.0733797,0.236784,5.41252,-0.179451,16.1209,0.000783503,0.0523649,-0.0627868,0.641948,0.502883,1
3950,324.28,-1.16654,-1.53911,1.17254,-0.0428455,0.0656738,0.242665,5.19244,-0.172422,15.8023,0.000941465,0.052152,-0.0626459,0.641948,0.502883,1
3960,290.751,-1.16722,-1.53832,1.16811,-0.0486788,0.0579817,0.248515,4.76846,-0.153226,15.066,0.00129544,0.0524961,-0.0629043,0.641948,0.502883,1
3970,261.353,-1.17125,-1.54208,1.16733,-0.0545229,0.0502835,0.254351,4.46631,-0.146752,14.4407,0.00171121,0.0530444,-0.0635139,0.641948,0.502883,1
3980,250.25,-1.17765,-1.54907,1.16915,-0.0603932,0.0425581,0.260191,4.76385,0.242929,12.473,0.00199482,0.0535915,-0.0643415,0.641852,0.50301,1
3990,249.923,-1.18473,-1.55695,1.17203,-0.0662977,0.034795,0.266042,4.51964,-0.142466,11.5734,0.00211426,0.0539615,-0.0653902,0.641738,0.503148,1
4000,248.655,-1.1918,-1.5648,1.17512,-0.0722375,0.0269928,0.271908,4.18405,0.0148355,11.224,0.00237251,0.0542776,-0.0666782,0.641441,0.502924,1
4010,246.289,-1.19919,-1.57321,1.17868,-0.0782133,0.01915,0.277791,4.08674,0.850472,10.1605,0.00278237,0.0546703,-0.0682955,0.641179,0.50275,1
4020,250.036,-1.20648,-1.58173,1.18239,-0.0842262,0.0112645,0.283692,3.73626,0.994206,9.98848,0.00311327,0.055157,-0.0701744,0.640951,0.502507,1
4030,255.023,-1.21297,-1.58932,1.18544,-0.0902737,0.00333828,0.289611,3.38027,0.99742,9.64402,0.00321266,0.0554906,-0.0722001,0.640735,0.502186,1
4040,258.777,-1.2188,-1.59618,1.188,-0.0963521,-0.0046241,0.295543,3.04292,1.03866,9.44633,0.0032651,0.0557141,-0.0740807,0.640428,0.501667,1
4050,255.965,-1.22443,-1.60286,1.19047,-0.102459,-0.0126198,0.301488,2.71969,1.00059,9.2358,0.00317456,0.0560731,-0.0757162,0.640121,0.501147,1
4060,245.78,-1.23112,-1.61105,1.19406,-0.108595,-0.0206518,0.307447,2.44193,1.02344,9.20168,0.00287509,0.0566543,-0.0771097,0.639841,0.500622,1
4070,240.875,-1.23896,-1.62081,1.19884,-0.114769,-0.0287286,0.313428,2.41377,1.66779,9.01053,0.00246765,0.0572996,-0.0785026,0.639485,0.499892,1
4080,242.544,-1.24703,-1.63103,1.20387,-0.120982,-0.0368559,0.319433,1.99352,1.90304,8.55744,0.00222997,0.05786,-0.0798394,0.639136,0.499113,1
4090,253.242,-1.25406,-1.64006,1.2081,-0.127234,-0.0450324,0.325462,1.75982,1.72729,8.33813,0.00211548,0.0583134,-0.0810011,0.638895,0.498501,1
4100,269.455,-1.25901,-1.64641,1.21045,-0.133516,-0.0532483,0.331508,1.52486,1.53349,8.05644,0.00227221,0.0585954,-0.0818507,0.638722,0.497981,1
4110,285.396,-1.26178,-1.64994,1.21082,-0.139818,-0.0614895,0.337561,1.32122,1.36189,7.71209,0.00275086,0.0587146,-0.0826261,0.638591,0.497496,1
4120,297.624,-1.26291,-1.65133,1.20974,-0.14613,-0.0697431,0.343613,0.907152,1.45496,6.97667,0.00350344,0.0587658,-0.0834013,0.638514,0.497111,1
4130,309.103,-1.26268,-1.65111,1.20764,-0.152445,-0.078,0.349657,0.765663,1.29972,6.65668,0.0041295,0.0589107,-0.0842942,0.638481,0.496849,1
4140,311.388,-1.26169,-1.64989,1.20492,-0.158756,-0.086253,0.355688,0.637367,1.11573,6.33834,0.00463389,0.058973,-0.0853037,0.638481,0.496824,1
4150,305.016,-1.261,-1.64904,1.20259,-0.165063,-0.0945002,0.361707,0.588673,0.939409,5.70856,0.00521125,0.0588178,-0.0865142,0.638481,0.496824,1
4160,301.114,-1.26092,-1.64898,1.20101,-0.171368,-0.102745,0.367716,0.391623,0.958621,4.93341,0.0060618,0.0585627,-0.0877658,0.638481,0.496824,1
4170,312.642,-1.26042,-1.64842,1.19926,-0.177672,-0.11099,0.373717,0.346682,0.814374,4.68181,0.00678451,0.0584828,-0.0892001,0.638481,0.496824,1
4180,343.603,-1.25777,-1.64503,1.19554,-0.183969,-0.119226,0.379706,0.449384,0.486687,3.93032,0.00728019,0.0584698,-0.0910157,0.638481,0.496824,1
4190,367.797,-1.25276,-1.63845,1.18973,-0.190247,-0.127437,0.385671,0.41641,0.401129,3.6644,0.00770064,0.0584467,-0.0933135,0.638481,0.496824,1
4200,368.406,-1.24692,-1.63078,1.18323,-0.196498,-0.135612,0.391605,0.386434,0.322387,3.39136,0.00810762,0.0584399,-0.0956311,0.638481,0.496824,1
4210,352.392,-1.24182,-1.62406,1.1775,-0.202721,-0.14375,0.397507,0.354878,0.245997,3.13211,0.00799996,0.0585626,-0.0976027,0.638481,0.496824,1
4220,337.499,-1.23797,-1.61896,1.17302,-0.20892,-0.151858,0.403384,0.324304,0.191206,2.85738,0.00745385,0.0587325,-0.0992103,0.638541,0.496806,1
4230,323.996,-1.23522,-1.61531,1.16966,-0.215104,-0.159944,0.409241,0.289387,0.130042,2.63336,0.00692774,0.0590939,-0.100871,0.638874,0.496667,1
4240,319.284,-1.23336,-1.61282,1.16722,-0.221275,-0.168015,0.415083,0.109306,0.192518,1.9369,0.00680493,0.0597966,-0.10271,0.639105,0.496537,1
4250,325.847,-1.23123,-1.61004,1.16473,-0.227438,-0.176073,0.420914,0.185915,0.15275,1.27831,0.00702247,0.0609619,-0.104586,0.639333,0.496373,1
4260,332.025,-1.2285,-1.60645,1.1618,-0.233588,-0.184115,0.426731,0.165138,0.130808,1.20396,0.00757348,0.0623052,-0.106166,0.639531,0.496193,1
4270,328.126,-1.22569,-1.60275,1.15882,-0.239724,-0.192139,0.432533,0.0324195,-0.0122547,0.630899,0.00805163,0.0635776,-0.107336,0.639597,0.496097,1
4280,319.511,-1.22349,-1.59986,1.15658,-0.245847,-0.200146,0.438322,0.0223927,-0.0189337,0.588348,0.00814482,0.0645964,-0.108097,0.639604,0.496073,1
4290,316.911,-1.22183,-1.59768,1.15488,-0.251961,-0.20814,0.444101,0,0,0,0.0079887,0.0653742,-0.108658,0.639604,0.496073,1
4300,315.022,-1.22022,-1.59558,1.15336,-0.258066,-0.216124,0.449872,0,0,0,0.00799894,0.0657604,-0.109144,0.639604,0.496073,1
4310,297.677,-1.21956,-1.59471,1.15273,-0.264165,-0.224099,0.455636,0,0,0,0.0080919,0.065928,-0.109555,0.639604,0.496073,1
4320,276.752,-1.22113,-1.59676,1.15421,-0.270266,-0.232076,0.461402,0,0,0,0.00798701,0.0661305,-0.10976,0.639604,0.496073,1
4330,264.96,-1.22459,-1.60129,1.15748,-0.276378,-0.240069,0.46718,0,0,0,0.00763785,0.0664282,-0.10991,0.639604,0.496073,1
4340,260.125,-1.22902,-1.60709,1.16168,-0.282511,-0.248088,0.472977,0,0,0,0.00732991,0.0664587,-0.110415,0.639604,0.496073,1
4350,256.742,-1.23404,-1.61365,1.16642,-0.288667,-0.256138,0.478796,0,0,0,0.00738121,0.0662327,-0.111561,0.639604,0.496073,1
4360,257.444,-1.23924,-1.62044,1.17133,-0.294849,-0.264222,0.484639,0,0,0,0.00782511,0.0657919,-0.113143,0.639604,0.496073,1
4370,267.819,-1.24376,-1.62636,1.17561,-0.301056,-0.272338,0.490506,0,0,0,0.0084579,0.0651087,-0.114784,0.639481,0.496051,1
4380,291.732,-1.24596,-1.62923,1.17768,-0.307281,-0.280478,0.49639,0,0,0,0.00898444,0.0641623,-0.116416,0.639122,0.496431,1
4390,309.586,-1.24567,-1.62885,1.17741,-0.313511,-0.288624,0.502278,0,0,0,0.00927509,0.0635495,-0.118312,0.639066,0.496464,1
4400,313.589,-1.24441,-1.62721,1.17622,-0.319737,-0.296765,0.508163,0,0,0,0.00939386,0.0636299,-0.120615,0.639012,0.496505,1
4410,311.414,-1.24319,-1.62561,1.17507,-0.325956,-0.304897,0.514041,0,0,0,0.00972137,0.0643447,-0.123127,0.639012,0.496505,1
4420,314.631,-1.24189,-1.62391,1.17384,-0.332169,-0.313022,0.519914,0,0,0,0.0103173,0.0653307,-0.12558,0.639012,0.496505,1
4430,318.046,-1.24029,-1.62182,1.17233,-0.338375,-0.321137,0.52578,0,0,0,0.0109482,0.0664639,-0.12778,0.63891,0.496549,1
4440,314.912,-1.23855,-1.61955,1.17068,-0.344572,-0.329241,0.531637,0,0,0,0.0113031,0.067422,-0.129627,0.63891,0.496549,1
4450,297.868,-1.23794,-1.61874,1.1701,-0.350763,-0.337336,0.537489,0,0,0,0.0115772,0.0679801,-0.13127,0.638705,0.496585,1
4460,282.422,-1.23916,-1.62034,1.17126,-0.356955,-0.345432,0.543341,0,0,0,0.0119152,0.0682165,-0.132896,0.638271,0.496636,1
4470,278.296,-1.24147,-1.62337,1.17344,-0.363156,-0.35354,0.549202,0,0,0,0.0124439,0.0686184,-0.134285,0.637796,0.49667,1
4480,292.265,-1.24314,-1.62554,1.17502,-0.369368,-0.361663,0.555074,0,0,0,0.0128793,0.0692064,-0.134985,0.637291,0.496689,1
4490,309.227,-1.24292,-1.62526,1.17481,-0.375583,-0.369791,0.560949,0,0,0,0.0129878,0.0695743,-0.135022,0.636709,0.496728,1
4500,317.671,-1.24142,-1.6233,1.17339,-0.381795,-0.377913,0.56682,0,0,0,0.0125452,0.069515,-0.134983,0.636114,0.496786,1
4510,312.664,-1.23986,-1.62126,1.17192,-0.387998,-0.386025,0.572684,0,0,0,0.0120123,0.0693144,-0.135312,0.635575,0.496853,1
4520,297.949,-1.23931,-1.62054,1.1714,-0.394196,-0.394129,0.578541,0,0,0,0.0117612,0.069069,-0.135836,0.63511,0.496902,1
4530,281.763,-1.24053,-1.62213,1.17255,-0.400394,-0.402234,0.5844,0,0,0,0.0119268,0.0687372,-0.136087,0.634728,0.496926,1
4540,269.114,-1.2434,-1.62589,1.17526,-0.406603,-0.410352,0.590269,0,0,0,0.0120689,0.068544,-0.13602,0.634359,0.496934,1
4550,259.076,-1.24774,-1.63156,1.17936,-0.412829,-0.418494,0.596154,0,0,0,0.0120792,0.0686361,-0.136019,0.633917,0.49693,1
4560,258.747,-1.25282,-1.63821,1.18417,-0.419079,-0.426666,0.602061,0,0,0,0.0119325,0.068744,-0.136346,0.633435,0.496915,1
4570,265.838,-1.25731,-1.64408,1.18841,-0.425354,-0.434871,0.607992,0,0,0,0.0118534,0.0686939,-0.136947,0.632994,0.496907,1
4580,268.66,-1.261,-1.64891,1.1919,-0.431649,-0.443103,0.613942,0,0,0,0.0118672,0.0687833,-0.137753,0.632663,0.496914,1
4590,265.224,-1.26498,-1.6541,1.19566,-0.437962,-0.451359,0.61991,0,0,0,0.0121734,0.0690038,-0.138543,0.632663,0.496914,1
4600,265.702,-1.26913,-1.65954,1.19959,-0.444297,-0.459641,0.625897,0,0,0,0.0126694,0.0691594,-0.139028,0.632663,0.496914,1
4610,272.352,-1.27282,-1.66435,1.20307,-0.450651,-0.46795,0.631903,0,0,0,0.0133352,0.0692917,-0.139146,0.632663,0.496914,1
4620,283.377,-1.27534,-1.66765,1.20546,-0.457021,-0.47628,0.637924,0,0,0,0.0140441,0.0698196,-0.139281,0.632663,0.496914,1
4630,294.437,-1.27647,-1.66913,1.20652,-0.463401,-0.484623,0.643955,0,0,0,0.0148845,0.0706894,-0.139496,0.632663,0.496914,1
4640,303.592,-1.27654,-1.66922,1.20659,-0.469784,-0.492969,0.649988,0,0,0,0.015715,0.0716978,-0.139386,0.632663,0.496914,1
4650,314.834,-1.27556,-1.66794,1.20566,-0.476165,0.492516,0.656019,0,0,0,0.0165218,0.0725559,-0.138606,0.632663,0.496914,1
4660,317.744,-1.27376,-1.66558,1.20396,-0.482539,0.484181,0.662044,0,0,0,0.0171033,0.0732072,-0.13751,0.632663,0.496914,1
4670,308.758,-1.27244,-1.66386,1.20271,-0.488904,0.475858,0.66806,0,0,0,0.0172744,0.073452,-0.136512,0.632663,0.496914,1
4680,294.693,-1.27228,-1.66365,1.20256,-0.495266,0.46754,0.674073,0,0,0,0.0168753,0.0735675,-0.135656,0.632663,0.496914,1
4690,278.386,-1.2739,-1.66577,1.2041,-0.50163,0.459218,0.680088,0,0,0,0.0162186,0.0739187,-0.134743,0.632663,0.496914,1
4700,270.382,-1.27711,-1.66996,1.20713,-0.508006,0.45088,0.686115,0,0,0,0.0157569,0.0746845,-0.133941,0.632663,0.496914,1
4710,282.982,-1.27997,-1.6737,1.20983,-0.514399,0.442521,0.692158,0,0,0,0.0159425,0.0751822,-0.133363,0.632663,0.496914,1
4720,308.125,-1.2803,-1.67413,1.21014,-0.520801,0.43415,0.698209,0,0,0,0.0168628,0.0751118,-0.132946,0.632663,0.496914,1
4730,315.805,-1.27885,-1.67224,1.20877,-0.527199,0.425783,0.704256,0,0,0,0.018096,0.074666,-0.132547,0.632663,0.496914,1
4740,309.434,-1.27756,-1.67056,1.20755,-0.53359,0.417426,0.710297,0,0,0,0.018938,0.0743899,-0.132375,0.632663,0.496914,1
4750,308.405,-1.27672,-1.66945,1.20676,-0.539976,0.409076,0.716333,0,0,0,0.0189225,0.074211,-0.132561,0.632663,0.496914,1
4760,309.707,-1.27575,-1.66818,1.20584,-0.546358,0.400731,0.722365,0,0,0,0.0181089,0.0741122,-0.133107,0.632663,0.496914,1
4770,303.77,-1.27498,-1.66719,1.20512,-0.552734,0.392393,0.728392,0,0,0,0.0170122,0.0737486,-0.133925,0.632663,0.496914,1
4780,290.988,-1.27532,-1.66762,1.20543,-0.559109,0.384057,0.734418,0,0,0,0.0163492,0.0731786,-0.135134,0.632663,0.496914,1
4790,280.37,-1.27703,-1.66986,1.20705,-0.565489,0.375714,0.740448,0,0,0,0.0162802,0.0727266,-0.136611,0.632663,0.496914,1
4800,272.761,-1.27978,-1.67346,1.20965,-0.57188,0.367357,0.746489,0,0,0,0.0165506,0.0731182,-0.137973,0.632663,0.496914,1
4810,273.053,-1.28312,-1.67782,1.2128,-0.578287,0.35898,0.752545,0,0,0,0.0169496,0.0742294,-0.139009,0.632663,0.496914,1
4820,287.153,-1.28544,-1.68086,1.21501,-0.584708,0.350583,0.758614,0,0,0,0.0177035,0.0755873,-0.140046,0.632663,0.496914,1
4830,311.096,-1.28539,-1.6808,1.21495,-0.591136,0.342178,0.76469,0,0,0,0.0187673,0.0766769,-0.141389,0.632663,0.496914,1
4840,312.685,-1.2839,-1.67884,1.21354,-0.59756,0.333778,0.770762,0,0,0,0.0198804,0.0775341,-0.142826,0.632663,0.496914,1
4850,299.273,-1.28338,-1.67816,1.21305,-0.603978,0.325386,0.776828,0,0,0,0.0205256,0.0781346,-0.14397,0.632663,0.496914,1
4860,296.639,-1.28369,-1.67857,1.21335,-0.610395,0.316995,0.782894,0,0,0,0.0205402,0.078657,-0.144902,0.632663,0.496914,1
4870,297.416,-1.28399,-1.67896,1.21363,-0.616814,0.308601,0.788961,0,0,0,0.0200831,0.0791736,-0.146018,0.632649,0.497035,1
4880,295.255,-1.28437,-1.67946,1.21399,-0.623235,0.300205,0.79503,0,0,0,0.0197912,0.0797647,-0.147444,0.632699,0.497415,1
4890,291.711,-1.28503,-1.68033,1.21462,-0.629658,0.291806,0.801101,0,0,0,0.0198934,0.0802599,-0.149025,0.632844,0.497963,1
4900,285.723,-1.28634,-1.68204,1.21586,0.629602,0.283401,0.807177,0,0,0,0.020332,0.0807251,-0.150554,0.633091,0.498798,1
4910,286.887,-1.28782,-1.68397,1.21725,0.623167,0.274986,0.813259,0,0,0,0.0207608,0.0812615,-0.15197,0.633416,0.499815,1
4920,285.502,-1.28926,-1.68586,1.21862,0.616725,0.266562,0.819348,0,0,0,0.0212006,0.0817889,-0.153179,0.633688,0.500668,1
4930,279.802,-1.29127,-1.68848,1.22051,0.610274,0.258127,0.825445,0,0,0,0.0216168,0.0818784,-0.154254,0.633855,0.501282,1
4940,280.969,-1.29359,-1.69151,1.2227,0.603812,0.249678,0.831553,0,0,0,0.0221377,0.0815203,-0.155409,0.633945,0.501634,1
4950,285.883,-1.29543,-1.69392,1.22444,0.59734,0.241215,0.837671,0,0,0,0.0225601,0.0810743,-0.156835,0.633997,0.501782,1
4960,288.555,-1.29688,-1.69582,1.22582,0.59086,0.232741,0.843796,0,0,0,0.0227248,0.0806134,-0.15836,0.634052,0.501866,1
4970,293.61,-1.2978,-1.69702,1.22668,0.584373,0.224259,0.849927,0,0,0,0.0223994,0.0798995,-0.159835,0.634178,0.502012,1
4980,286.794,-1.2988,-1.69833,1.22763,0.577882,0.215771,0.856063,0,0,0,0.0219234,0.0790028,-0.161406,0.634178,0.502012,1
4990,273.418,-1.30126,-1.70155,1.22996,0.571383,0.207273,0.862205,0,0,0,0.0217132,0.0783678,-0.163312,0.634178,0.502012,1
