step,T,sn_vel[0],sn_vel[1],sn_vel[2],sn_crd[0],sn_crd[1],sn_crd[2],sn_f[0],sn_f[1],sn_f[2],target_crd[0],target_crd[1],target_crd[2],boundary[0],boundary[1],boundary[2]
0,0.0134399,0,0,0,-7.58605e-009,7.31512e-009,0.981818,0,0,0,1.87531e-005,0.0554903,-0.0437898,0.635724,0.501694,1
10,1.7661,0,0,0,-7.58605e-009,7.31512e-009,0.981818,0,0,0,-2.6849e-005,0.0554939,-0.0437766,0.635741,0.501701,1
20,2.11998,0,0,0,-7.58605e-009,7.31512e-009,0.981818,0,0,0,-9.47948e-005,0.0554882,-0.0437154,0.635752,0.501706,1
30,2.96554,0,0,0,-7.58605e-009,7.31512e-009,0.981818,0,0,0,-0.000115539,0.0554433,-0.0436625,0.635752,0.501706,1
40,3.5998,0,0,0,-7.58605e-009,7.31512e-009,0.981818,0,0,0,-0.000131607,0.0553877,-0.0436216,0.635775,0.501712,1
50,3.59091,0,0,0,-7.58605e-009,7.31512e-009,0.981818,0,0,0,-0.000149832,0.0553753,-0.0435952,0.635948,0.501747,1
60,3.62247,0,0,0,-7.58605e-009,7.31512e-009,0.981818,0,0,0,-0.000173981,0.055391,-0.0435272,0.635955,0.501748,1
70,3.52309,0,0,0,-7.58605e-009,7.31512e-009,0.981818,0,0,0,-0.000206745,0.0553869,-0.0434409,0.63612,0.501767,1
80,3.21877,0,0,0,-7.58605e-009,7.31512e-009,0.981818,0,0,0,-0.000245627,0.0553752,-0.043357,0.636272,0.501777,1
90,3.16924,0,0,0,-7.58605e-009,7.31512e-009,0.981818,0,0,0,-0.000263298,0.0553675,-0.0432939,0.636419,0.501779,1
100,2.95745,0,0,0,-7.58605e-009,7.31512e-009,0.981818,0,0,0,-0.000278655,0.0553487,-0.0432106,0.636545,0.501775,1
110,12.1274,0,0,0,-7.58605e-009,7.31512e-009,0.981818,0,0,0,-0.000317123,0.055317,-0.0430318,0.636722,0.501761,1
120,18.9711,0,0,0,-7.58605e-009,7.31512e-009,0.981818,0,0,0,-0.000369011,0.0553166,-0.0427514,0.636973,0.501733,1
130,23.0522,0,0,0,-7.58605e-009,7.31512e-009,0.981818,0,0,0,-0.00041546,0.0553406,-0.0424395,0.637249,0.501696,1
140,25.5326,0,0,0,-7.58605e-009,7.31512e-009,0.981818,0,0,0,-0.000463626,0.0553462,-0.042112,0.63746,0.50166,1
150,26.7344,0,0,0,-7.58605e-009,7.31512e-009,0.981818,0,0,0,-0.000487699,0.0553265,-0.041803,0.637686,0.501614,1
160,27.0895,0,0,0,-7.58605e-009,7.31512e-009,0.981818,0,0,0,-0.000484892,0.0552974,-0.0415062,0.637966,0.501551,1
170,27.0045,0,0,0,-7.58605e-009,7.31512e-009,0.981818,0,0,0,-0.000483367,0.0552775,-0.0411899,0.638183,0.501495,1
180,26.7062,0,0,0,-7.58605e-009,7.31512e-009,0.981818,0,0,0,-0.000491928,0.0552652,-0.040851,0.638315,0.501455,1
190,25.8082,0,0,0,-7.58605e-009,7.31512e-009,0.981818,0,0,0,-0.000511878,0.0552258,-0.0405783,0.638456,0.501406,1
200,25.1105,0,0,0,-7.58605e-009,7.31512e-009,0.981818,0,0,0,-0.00054057,0.0551654,-0.0404088,0.638596,0.501351,1
210,32.9361,0,0,0,-7.58605e-009,7.31512e-009,0.981818,0,0,0,-0.000527479,0.0551138,-0.0402746,0.63869,0.501309,1
220,37.917,0,0,0,-7.58605e-009,7.31512e-009,0.981818,0,0,0,-0.000438563,0.0550494,-0.0401341,0.638775,0.501266,1
230,40.3108,0,0,0,-7.58605e-009,7.31512e-009,0.981818,0,0,0,-0.00037461,0.0549579,-0.0400072,0.638893,0.501201,1
240,41.3627,0,0,0,-7.58605e-009,7.31512e-009,0.981818,0,0,0,-0.000395776,0.0548905,-0.0399119,0.639002,0.501137,1
250,41.3855,0,0,0,-7.58605e-009,7.31512e-009,0.981818,0,0,0,-0.000436511,0.0548413,-0.0398599,0.639123,0.50106,1
260,41.0276,0,0,0,-7.58605e-009,7.31512e-009,0.981818,0,0,0,-0.000439451,0.0547566,-0.0399006,0.639288,0.500949,1
270,40.2013,0,0,0,-7.58605e-009,7.31512e-009,0.981818,0,0,0,-0.000454417,0.0546853,-0.0399738,0.639481,0.500813,1
280,39.416,0,0,0,-7.58605e-009,7.31512e-009,0.981818,0,0,0,-0.000481849,0.05469,-0.0399989,0.639668,0.500675,1
290,38.8769,0,0,0,-7.58605e-009,7.31512e-009,0.981818,0,0,0,-0.00053486,0.0546958,-0.0399407,0.639855,0.500531,1
300,38.7674,0,0,0,-7.58605e-009,7.31512e-009,0.981818,0,0,0,-0.000574081,0.0545905,-0.0399168,0.640024,0.500394,1
310,47.7164,0,0,0,-7.58605e-009,7.31512e-009,0.981818,0,0,0,-0.000564912,0.0543907,-0.0399587,0.64017,0.500271,1
320,54.1818,0,0,0,-7.58605e-009,7.31512e-009,0.981818,0,0,0,-0.000518371,0.0542371,-0.0400802,0.640305,0.500152,1
330,58.2815,0,0,0,-7.58605e-009,7.31512e-009,0.981818,0,0,0,-0.000569861,0.0541726,-0.0401922,0.640403,0.50006,1
340,62.3508,0,0,0,-7.58605e-009,7.31512e-009,0.981818,0,0,0,-0.00064421,0.054048,-0.0403877,0.640454,0.500007,1
350,67.185,0,0,0,-7.58605e-009,7.31512e-009,0.981818,0,0,0,-0.000681791,0.0538388,-0.0406214,0.640475,0.499984,1
360,72.2461,0,0,0,-7.58605e-009,7.31512e-009,0.981818,0,0,0,-0.000749493,0.0537666,-0.0408693,0.640475,0.499984,1
370,78.0859,0,0,0,-7.58605e-009,7.31512e-009,0.981818,0,0,0,-0.000945822,0.0538115,-0.0410964,0.640475,0.499984,1
380,83.2845,0,0,0,-7.58605e-009,7.31512e-009,0.981818,0,0,0,-0.00108735,0.0537531,-0.0415354,0.640475,0.499984,1
390,87.9059,0,0,0,-7.58605e-009,7.31512e-009,0.981818,0,0,0,-0.00111501,0.0536767,-0.0420158,0.640475,0.499984,1
400,92.201,0,0,0,-7.58605e-009,7.31512e-009,0.981818,0,0,0,-0.00109614,0.0537771,-0.0423572,0.640475,0.499984,1
410,104.397,0,0,0,-7.58605e-009,7.31512e-009,0.981818,0,0,0,-0.00113083,0.053873,-0.0425535,0.640475,0.499984,1
420,112.479,0,0,0,-7.58605e-009,7.31512e-009,0.981818,0,0,0,-0.00111222,0.0539112,-0.0428947,0.640562,0.499839,1
430,117.159,0,0,0,-7.58605e-009,7.31512e-009,0.981818,0,0,0,-0.00102029,0.0540909,-0.0431652,0.640607,0.499756,1
440,119.182,0,0,0,-7.58605e-009,7.31512e-009,0.981818,0,0,0,-0.000917946,0.0543763,-0.0432229,0.640697,0.499584,1
450,120.219,0,0,0,-7.58605e-009,7.31512e-009,0.981818,0,0,0,-0.000851497,0.0545237,-0.0431238,0.640838,0.499304,1
460,120.429,0,0,0,-7.58605e-009,7.31512e-009,0.981818,0,0,0,-0.00070097,0.054622,-0.0430785,0.640896,0.499182,1
470,120.696,0,0,0,-7.58605e-009,7.31512e-009,0.981818,0,0,0,-0.000523637,0.0547496,-0.0428749,0.64093,0.499105,1
480,120.399,0,0,0,-7.58605e-009,7.31512e-009,0.981818,0,0,0,-0.000462573,0.0548408,-0.042485,0.641016,0.498898,1
490,120.476,0,0,0,-7.58605e-009,7.31512e-009,0.981818,0,0,0,-0.00041957,0.0548654,-0.0419998,0.64105,0.498809,1
500,121.085,0,0,0,-7.58605e-009,7.31512e-009,0.981818,0,0,0,-0.000229728,0.0549337,-0.0415612,0.64105,0.498809,1
510,130.576,0,0,0,-7.58605e-009,7.31512e-009,0.981818,0,0,0,-6.2964e-005,0.0549825,-0.0410133,0.64105,0.498809,1
520,136.795,0,0,0,-7.58605e-009,7.31512e-009,0.981818,0,0,0,-8.70089e-005,0.0549811,-0.0403614,0.641077,0.498709,1
530,139.904,0,0,0,-7.58605e-009,7.31512e-009,0.981818,0,0,0,-2.06183e-005,0.0549397,-0.0397174,0.641077,0.498709,1
540,141.936,0,0,0,-7.58605e-009,7.31512e-009,0.981818,0,0,0,0.000253079,0.0549424,-0.0391707,0.641082,0.498685,1
550,142.287,0,0,0,-7.58605e-009,7.31512e-009,0.981818,0,0,0,0.000452968,0.0549116,-0.0385589,0.641082,0.498685,1
560,142.64,0,0,0,-7.58605e-009,7.31512e-009,0.981818,0,0,0,0.000480861,0.0548116,-0.0379153,0.641082,0.498685,1
570,143.026,0,0,0,-7.58605e-009,7.31512e-009,0.981818,0,0,0,0.000642666,0.0547152,-0.0374829,0.641082,0.498685,1
580,141.662,0,0,0,-7.58605e-009,7.31512e-009,0.981818,0,0,0,0.000845279,0.054785,-0.0373424,0.641082,0.498685,1
590,141.446,0,0,0,-7.58605e-009,7.31512e-009,0.981818,0,0,0,0.000816797,0.0548432,-0.0372323,0.641082,0.498685,1
600,139.299,0,0,0,-7.58605e-009,7.31512e-009,0.981818,0,0,0,0.000656682,0.0547466,-0.0370726,0.641082,0.498685,1
610,146.812,0,0,0,-7.58605e-009,7.31512e-009,0.981818,0,0,0,0.000735899,0.054655,-0.0371106,0.641082,0.498685,1
620,151.105,0,0,0,-7.58605e-009,7.31512e-009,0.981818,0,0,0,0.000911189,0.0547396,-0.037472,0.641082,0.498685,1
630,153.302,0,0,0,-7.58605e-009,7.31512e-009,0.981818,0,0,0,0.000937805,0.0548204,-0.0379224,0.641082,0.498685,1
640,156.846,0,0,0,-7.58605e-009,7.31512e-009,0.981818,0,0,0,0.000899206,0.0549139,-0.0382891,0.641093,0.498663,1
650,161.688,0,0,0,-7.58605e-009,7.31512e-009,0.981818,0,0,0,0.0010389,0.05511,-0.0387191,0.641116,0.49862,1
660,165.564,0,0,0,-7.58605e-009,7.31512e-009,0.981818,0,0,0,0.0011432,0.0552335,-0.0392692,0.641116,0.49862,1
670,170.909,0,0,0,-7.58605e-009,7.31512e-009,0.981818,0,0,0,0.00105291,0.055155,-0.0397728,0.641116,0.49862,1
680,172.027,0,0,0,-7.58605e-009,7.31512e-009,0.981818,0,0,0,0.000890582,0.0551786,-0.0402065,0.641116,0.49862,1
690,175.455,0,0,0,-7.58605e-009,7.31512e-009,0.981818,0,0,0,0.000770401,0.0553627,-0.0407763,0.641116,0.49862,1
700,176.831,0,0,0,-7.58605e-009,7.31512e-009,0.981818,0,0,0,0.000443119,0.0554341,-0.0414422,0.641116,0.49862,1
710,189.755,0,0,0,-7.58605e-009,7.31512e-009,0.981818,0,0,0,-4.23874e-005,0.055259,-0.041961,0.641116,0.49862,1
720,200.048,0,0,0,-7.58605e-009,7.31512e-009,0.981818,0,0,0,-0.000395894,0.0549793,-0.042342,0.641116,0.49862,1
730,208.15,0,0,0,-7.58605e-009,7.31512e-009,0.981818,0,0,0,-0.000611894,0.0546027,-0.0428873,0.641116,0.49862,1
740,215.271,0,0,0,-7.58605e-009,7.31512e-009,0.981818,0,0,0,-0.000996108,0.054201,-0.043643,0.641116,0.49862,1
750,219.938,0,0,0,-7.58605e-009,7.31512e-009,0.981818,0,0,0,-0.00139979,0.0539781,-0.0443758,0.641116,0.49862,1
760,222.971,0,0,0,-7.58605e-009,7.31512e-009,0.981818,0,0,0,-0.00155158,0.0540567,-0.0450396,0.641116,0.49862,1
770,224.53,0,0,0,-7.58605e-009,7.31512e-009,0.981818,0,0,0,-0.00161896,0.0541805,-0.0458068,0.641116,0.49862,1
780,223.454,0,0,0,-7.58605e-009,7.31512e-009,0.981818,0,0,0,-0.00180063,0.0541762,-0.0466843,0.641116,0.49862,1
790,221.964,0,0,0,-7.58605e-009,7.31512e-009,0.981818,0,0,0,-0.00184133,0.0542487,-0.0474854,0.641116,0.49862,1
800,216.834,0,0,0,-7.58605e-009,7.31512e-009,0.981818,0,0,0,-0.00164678,0.0545334,-0.0481223,0.641116,0.49862,1
810,222.213,0,0,0,-7.58605e-009,7.31512e-009,0.981818,0,0,0,-0.00156443,0.0546442,-0.0487176,0.641116,0.49862,1
820,221.569,0,0,0,-7.58605e-009,7.31512e-009,0.981818,0,0,0,-0.00162284,0.0543733,-0.0493239,0.641148,0.498484,1
830,220.639,0,0,0,-7.58605e-009,7.31512e-009,0.981818,0,0,0,-0.00147801,0.0541198,-0.0498021,0.641166,0.498398,1
840,217.431,0,0,0,-7.58605e-009,7.31512e-009,0.981818,0,0,0,-0.00111558,0.0541176,-0.0500696,0.6412,0.498211,1
850,212.844,0,0,0,-7.58605e-009,7.31512e-009,0.981818,0,0,0,-0.000905288,0.054148,-0.0502606,0.641241,0.498013,1
860,207.321,0,0,0,-7.58605e-009,7.31512e-009,0.981818,0,0,0,-0.000840386,0.0542081,-0.0504042,0.641295,0.49773,1
870,199.653,0,0,0,-7.58605e-009,7.31512e-009,0.981818,0,0,0,-0.000697494,0.0544526,-0.0503437,0.641359,0.497368,1
880,189.06,0,0,0,-7.58605e-009,7.31512e-009,0.981818,0,0,0,-0.000491325,0.0546568,-0.0500486,0.641406,0.497092,1
890,184.436,0,0,0,-7.58605e-009,7.31512e-009,0.981818,0,0,0,-0.000377271,0.0547159,-0.0496896,0.641437,0.496881,1
900,180.562,0,0,0,-7.58605e-009,7.31512e-009,0.981818,0,0,0,-0.000219701,0.0549848,-0.0492766,0.641467,0.496662,1
910,192.448,0,0,0,-7.58605e-009,7.31512e-009,0.981818,0,0,0,3.70175e-006,0.0556163,-0.0486917,0.641487,0.496487,1
920,200.053,0,0,0,-7.58605e-009,7.31512e-009,0.981818,0,0,0,0.000144857,0.0560815,-0.0479638,0.641504,0.496319,1
930,205.561,0,0,0,-7.58605e-009,7.31512e-009,0.981818,0,0,0,0.000259344,0.0560647,-0.047271,0.641521,0.496134,1
940,214.456,0,0,0,-7.58605e-009,7.31512e-009,0.981818,0,0,0,0.000591337,0.0559043,-0.0466556,0.641536,0.495934,1
950,222.318,0,0,0,-7.58605e-009,7.31512e-009,0.981818,0,0,0,0.000946418,0.0560302,-0.0460585,0.641561,0.49554,1
960,231.107,0,0,0,-7.58605e-009,7.31512e-009,0.981818,0,0,0,0.00109585,0.0562419,-0.0453989,0.641593,0.494983,1
970,241.279,0,0,0,-7.58605e-009,7.31512e-009,0.981818,0,0,0,0.00114252,0.056268,-0.0447436,0.641614,0.494536,1
980,248.521,0,0,0,-7.58605e-009,7.31512e-009,0.981818,0,0,0,0.0012594,0.0561324,-0.0441625,0.641635,0.494158,1
990,255.88,0,0,0,-7.58605e-009,7.31512e-009,0.981818,0,0,0,0.00128577,0.0559267,-0.0435634,0.641646,0.493857,1
1000,261.764,0,0,0,-7.58605e-009,7.31512e-009,0.981818,0,0,0,0.0011027,0.0554691,-0.0428631,0.641521,0.493801,1
1010,259.904,0,0,0,-7.58605e-009,7.31512e-009,0.981818,0,0,0,0.000780062,0.054981,-0.042246,0.641521,0.493801,1
1020,264.551,0,0,0,-7.58605e-009,7.31512e-009,0.981818,0,0,0,0.000407714,0.0547841,-0.0418088,0.641547,0.493738,1
1030,263.495,0,0,0,-7.58605e-009,7.31512e-009,0.981818,0,0,0,-0.000100197,0.0547655,-0.0414112,0.641645,0.493791,1
1040,268.33,0,0,0,-7.58605e-009,7.31512e-009,0.981818,0,0,0,-0.000717425,0.0545712,-0.0410685,0.642137,0.494407,1
1050,270.104,0,0,0,-7.58605e-009,7.31512e-009,0.981818,0,0,0,-0.00124549,0.054428,-0.0409159,0.64218,0.494766,1
1060,282.477,0,0,0,-7.58605e-009,7.31512e-009,0.981818,0,0,0,-0.00158917,0.0545002,-0.0408032,0.642126,0.495359,1
1070,297.121,0,0,0,-7.58605e-009,7.31512e-009,0.981818,0,0,0,-0.00182406,0.054484,-0.0404087,0.64196,0.496025,1
1080,322.893,0,0,0,-7.58605e-009,7.31512e-009,0.981818,0,0,0,-0.00205295,0.0540561,-0.0397907,0.641727,0.496598,1
1090,344.712,0,0,0,-7.58605e-009,7.31512e-009,0.981818,0,0,0,-0.00238463,0.0535838,-0.0392127,0.641375,0.49726,1
1100,368.892,0,0,0,-7.58605e-009,7.31512e-009,0.981818,0,0,0,-0.00284766,0.05348,-0.0387529,0.640948,0.497912,1
1110,382.486,0,0,0,-7.58605e-009,7.31512e-009,0.981818,0,0,0,-0.0031644,0.0536353,-0.0382837,0.640572,0.49837,1
1120,393.664,0,0,0,-7.58605e-009,7.31512e-009,0.981818,0,0,0,-0.00321023,0.053734,-0.0377707,0.640095,0.49889,1
1130,392.293,0,0,0,-7.58605e-009,7.31512e-009,0.981818,0,0,0,-0.00313956,0.0538814,-0.0372738,0.639518,0.499492,1
1140,394.073,0,0,0,-7.58605e-009,7.31512e-009,0.981818,0,0,0,-0.00306015,0.0541435,-0.0368661,0.639142,0.499876,1
1150,389.674,0,0,0,-7.58605e-009,7.31512e-009,0.981818,0,0,0,-0.00278903,0.0542632,-0.0365517,0.638865,0.500143,1
1160,383.227,0,0,0,-7.58605e-009,7.31512e-009,0.981818,0,0,0,-0.00238606,0.054081,-0.0364167,0.638514,0.500451,1
1170,370.451,0,0,0,-7.58605e-009,7.31512e-009,0.981818,0,0,0,-0.00214745,0.0538755,-0.0364956,0.638292,0.50061,1
1180,354.942,0,0,0,-7.58605e-009,7.31512e-009,0.981818,0,0,0,-0.00226314,0.0537614,-0.0366769,0.638217,0.500646,1
1190,336.448,0,0,0,-7.58605e-009,7.31512e-009,0.981818,0,0,0,-0.00255807,0.0537153,-0.036836,0.637989,0.500734,1
1200,318.814,0,0,0,-7.58605e-009,7.31512e-009,0.981818,0,0,0,-0.00301484,0.0537893,-0.0370251,0.637759,0.500805,1
1210,298.044,0,0,0,-7.58605e-009,7.31512e-009,0.981818,0,0,0,-0.0036617,0.054057,-0.0373453,0.637735,0.500811,1
1220,277.053,0,0,0,-7.58605e-009,7.31512e-009,0.981818,0,0,0,-0.00431421,0.0542953,-0.0377468,0.637543,0.50085,1
1230,258.574,0,0,0,-7.58605e-009,7.31512e-009,0.981818,0,0,0,-0.00468582,0.0543537,-0.0380556,0.637251,0.500892,1
1240,243.217,0,0,0,-7.58605e-009,7.31512e-009,0.981818,0,0,0,-0.00482941,0.0542599,-0.0381387,0.637098,0.500904,1
1250,236.182,0,0,0,-7.58605e-009,7.31512e-009,0.981818,0,0,0,-0.00484013,0.0541592,-0.0381414,0.636978,0.500905,1
1260,232.756,0,0,0,-7.58605e-009,7.31512e-009,0.981818,0,0,0,-0.00476637,0.0541684,-0.0381699,0.636581,0.500887,1
1270,235.551,0,0,0,-7.58605e-009,7.31512e-009,0.981818,0,0,0,-0.00473422,0.0543406,-0.0381284,0.636149,0.500847,1
1280,245.491,0,0,0,-7.58605e-009,7.31512e-009,0.981818,0,0,0,-0.0048798,0.0545732,-0.0378163,0.63599,0.500812,1
1290,252.633,0,0,0,-7.58605e-009,7.31512e-009,0.981818,0,0,0,-0.00509265,0.0547831,-0.0373479,0.63599,0.500812,1
1300,258.258,0,0,0,-7.58605e-009,7.31512e-009,0.981818,0,0,0,-0.00524979,0.0550054,-0.0368259,0.63597,0.500796,1
1310,256.471,0,0,0,-7.58605e-009,7.31512e-009,0.981818,0,0,0,-0.00539494,0.0552617,-0.0363003,0.635669,0.500556,1
1320,248.757,0,0,0,-7.58605e-009,7.31512e-009,0.981818,0,0,0,-0.00550105,0.0554044,-0.0356663,0.635431,0.500384,1
1330,240.096,0,0,0,-7.58605e-009,7.31512e-009,0.981818,0,0,0,-0.00538835,0.0552158,-0.034979,0.635211,0.500239,1
1340,237.42,0,0,0,-7.58605e-009,7.31512e-009,0.981818,0,0,0,-0.00501076,0.0547924,-0.034128,0.634989,0.500083,1
1350,245.07,0,0,0,-7.58605e-009,7.31512e-009,0.981818,0,0,0,-0.00458583,0.0545795,-0.0330715,0.634741,0.499913,1
1360,268.351,0,0,0,-7.58605e-009,7.31512e-009,0.981818,0,0,0,-0.00429701,0.054689,-0.0317109,0.634587,0.499816,1
1370,293.942,0,0,0,-7.58605e-009,7.31512e-009,0.981818,0,0,0,-0.0042744,0.0547307,-0.0303858,0.634587,0.499816,1
1380,322.108,0,0,0,-7.58605e-009,7.31512e-009,0.981818,0,0,0,-0.00454311,0.0546051,-0.0292603,0.634455,0.499744,1
1390,339.772,0,0,0,-7.58605e-009,7.31512e-009,0.981818,0,0,0,-0.00500912,0.0545214,-0.0282792,0.634455,0.499744,1
1400,351.645,0,0,0,-7.58605e-009,7.31512e-009,0.981818,0,0,0,-0.00540599,0.0544731,-0.0271126,0.634455,0.499744,1
1410,367.553,0,0,0,-7.58605e-009,7.31512e-009,0.981818,0,0,0,-0.00563523,0.0544092,-0.0260387,0.634455,0.499744,1
1420,383.034,0,0,0,-7.58605e-009,7.31512e-009,0.981818,0,0,0,-0.00571692,0.0545422,-0.0252057,0.634137,0.499682,1
1430,387.684,0,0,0,-7.58605e-009,7.31512e-009,0.981818,0,0,0,-0.0056839,0.0548112,-0.024501,0.633805,0.499607,1
1440,386.796,0,0,0,-7.58605e-009,7.31512e-009,0.981818,0,0,0,-0.0053948,0.0549616,-0.0236166,0.633616,0.499559,1
1450,378.309,0,0,0,-7.58605e-009,7.31512e-009,0.981818,0,0,0,-0.00489696,0.0549974,-0.0229383,0.633458,0.499516,1
1460,367.63,0,0,0,-7.58605e-009,7.31512e-009,0.981818,0,0,0,-0.00437547,0.0551205,-0.0226901,0.633253,0.499455,1
1470,350.804,0,0,0,-7.58605e-009,7.31512e-009,0.981818,0,0,0,-0.00405965,0.0552114,-0.0227865,0.633053,0.49939,1
1480,324.377,0,0,0,-7.58605e-009,7.31512e-009,0.981818,0,0,0,-0.0038365,0.055228,-0.0228741,0.632907,0.499337,1
1490,297.017,0,0,0,-7.58605e-009,7.31512e-009,0.981818,0,0,0,-0.00364412,0.0551715,-0.0231906,0.632768,0.499281,1
1500,271.078,0,0,0,-7.58605e-009,7.31512e-009,0.981818,0,0,0,-0.00349762,0.0550034,-0.0238077,0.632597,0.499204,1
1510,246.296,0,0,0,-7.58605e-009,7.31512e-009,0.981818,0,0,0,-0.00344244,0.0546596,-0.0245142,0.632446,0.499125,1
1520,226.605,0,0,0,-7.58605e-009,7.31512e-009,0.981818,0,0,0,-0.00322851,0.0544034,-0.0248955,0.632255,0.499017,1
1530,208.026,0,0,0,-7.58605e-009,7.31512e-009,0.981818,0,0,0,-0.00299505,0.0543048,-0.025214,0.631842,0.498773,1
1540,194.408,0,0,0,-7.58605e-009,7.31512e-009,0.981818,0,0,0,-0.00295421,0.0542349,-0.0256668,0.631244,0.498412,1
1550,179.017,0,0,0,-7.58605e-009,7.31512e-009,0.981818,0,0,0,-0.00302535,0.0541114,-0.0260849,0.630711,0.49808,1
1560,166.234,0,0,0,-7.58605e-009,7.31512e-009,0.981818,0,0,0,-0.00289985,0.0543091,-0.0261496,0.630302,0.497818,1
1570,165.196,0,0,0,-7.58605e-009,7.31512e-009,0.981818,0,0,0,-0.00293896,0.055001,-0.0262767,0.629871,0.497532,1
1580,177.837,0,0,0,-7.58605e-009,7.31512e-009,0.981818,0,0,0,-0.00328449,0.0559481,-0.0267967,0.629366,0.497189,1
1590,206.403,0,0,0,-7.58605e-009,7.31512e-009,0.981818,0,0,0,-0.00367781,0.0567161,-0.0274332,0.628918,0.496881,1
1600,248.731,0,0,0,-7.58605e-009,7.31512e-009,0.981818,0,0,0,-0.00401357,0.0573825,-0.0278515,0.628639,0.496685,1
1610,284.574,0,0,0,-7.58605e-009,7.31512e-009,0.981818,0,0,0,-0.00467804,0.0579582,-0.0283697,0.628619,0.496669,1
1620,310.518,0,0,0,-7.58605e-009,7.31512e-009,0.981818,0,0,0,-0.00529438,0.0582692,-0.0290696,0.628619,0.496669,1
1630,319.582,0,0,0,-7.58605e-009,7.31512e-009,0.981818,0,0,0,-0.00528584,0.0582617,-0.0294399,0.628619,0.496669,1
1640,320.673,0,0,0,-7.58605e-009,7.31512e-009,0.981818,0,0,0,-0.004718,0.0582018,-0.0294416,0.628619,0.496669,1
1650,325.849,0,0,0,-7.58605e-009,7.31512e-009,0.981818,0,0,0,-0.00418212,0.0578951,-0.02963,0.628619,0.496669,1
1660,341.071,0,0,0,-7.58605e-009,7.31512e-009,0.981818,0,0,0,-0.00373217,0.0570447,-0.0302517,0.628605,0.496649,1
1670,363.306,0,0,0,-7.58605e-009,7.31512e-009,0.981818,0,0,0,-0.00329213,0.0559117,-0.0308195,0.628605,0.496649,1
1680,370.972,0,0,0,-7.58605e-009,7.31512e-009,0.981818,0,0,0,-0.00303457,0.0548861,-0.0311634,0.628605,0.496649,1
1690,352.524,0,0,0,-7.58605e-009,7.31512e-009,0.981818,0,0,0,-0.00317729,0.0538332,-0.0315011,0.628605,0.496649,1
1700,310.409,0,0,0,-7.58605e-009,7.31512e-009,0.981818,0,0,0,-0.00347275,0.0525695,-0.0321177,0.628605,0.496649,1
1710,259.127,0,0,0,-7.58605e-009,7.31512e-009,0.981818,0,0,0,-0.00362638,0.0514559,-0.0327662,0.628605,0.496649,1
1720,213.821,0,0,0,-7.58605e-009,7.31512e-009,0.981818,0,0,0,-0.00370277,0.0508716,-0.0334371,0.628605,0.496649,1
1730,193.784,0,0,0,-7.58605e-009,7.31512e-009,0.981818,0,0,0,-0.00391311,0.0507942,-0.0341366,0.628605,0.496649,1
1740,207.715,0,0,0,-7.58605e-009,7.31512e-009,0.981818,0,0,0,-0.00406227,0.0508363,-0.0349372,0.628605,0.496649,1
1750,245.706,0,0,0,-7.58605e-009,7.31512e-009,0.981818,0,0,0,-0.00384235,0.0510811,-0.0356644,0.628605,0.496649,1
1760,282.754,0,0,0,-7.58605e-009,7.31512e-009,0.981818,0,0,0,-0.00361204,0.0517101,-0.0366122,0.628605,0.496649,1
1770,309.619,0,0,0,-7.58605e-009,7.31512e-009,0.981818,0,0,0,-0.00378953,0.0527115,-0.0380152,0.628605,0.496649,1
1780,322.003,0,0,0,-7.58605e-009,7.31512e-009,0.981818,0,0,0,-0.0040299,0.0538325,-0.0399599,0.628605,0.496649,1
1790,325.599,0,0,0,-7.58605e-009,7.31512e-009,0.981818,0,0,0,-0.00393612,0.0551024,-0.0419804,0.628605,0.496649,1
1800,316.759,0,0,0,-7.58605e-009,7.31512e-009,0.981818,0,0,0,-0.00403477,0.0561704,-0.0438587,0.628605,0.496649,1
1810,308.922,0,0,0,-7.58605e-009,7.31512e-009,0.981818,0,0,0,-0.00456949,0.0566285,-0.0455981,0.628605,0.496649,1
1820,294.396,0,0,0,-7.58605e-009,7.31512e-009,0.981818,0,0,0,-0.00494376,0.0565002,-0.0473593,0.628605,0.496649,1
1830,281.91,0,0,0,-7.58605e-009,7.31512e-009,0.981818,0,0,0,-0.00478408,0.0563138,-0.0489068,0.628605,0.496649,1
1840,268.802,0,0,0,-7.58605e-009,7.31512e-009,0.981818,0,0,0,-0.00452321,0.0561099,-0.0500985,0.628605,0.496649,1
1850,266.367,0,0,0,-7.58605e-009,7.31512e-009,0.981818,0,0,0,-0.00410129,0.0556931,-0.0509667,0.628605,0.496649,1
1860,274.816,0,0,0,-7.58605e-009,7.31512e-009,0.981818,0,0,0,-0.00312186,0.0550042,-0.0516608,0.628605,0.496649,1
1870,291.704,0,0,0,-7.58605e-009,7.31512e-009,0.981818,0,0,0,-0.00184916,0.0542894,-0.0521232,0.628662,0.496606,1
1880,309.692,0,0,0,-7.58605e-009,7.31512e-009,0.981818,0,0,0,-0.00104654,0.0537024,-0.0523425,0.628758,0.49655,1
1890,331.839,0,0,0,-7.58605e-009,7.31512e-009,0.981818,0,0,0,-0.000713068,0.0532344,-0.0524584,0.628758,0.49655,1
1900,353.758,0,0,0,-7.58605e-009,7.31512e-009,0.981818,0,0,0,-0.000668557,0.0527385,-0.0524237,0.628758,0.49655,1
1910,373.318,0,0,0,-7.58605e-009,7.31512e-009,0.981818,0,0,0,-0.00108032,0.0521807,-0.0519715,0.628758,0.49655,1
1920,381.011,0,0,0,-7.58605e-009,7.31512e-009,0.981818,0,0,0,-0.00189356,0.0516743,-0.0510181,0.628758,0.49655,1
1930,369.435,0,0,0,-7.58605e-009,7.31512e-009,0.981818,0,0,0,-0.0024756,0.05145,-0.0501689,0.628758,0.49655,1
1940,352.728,0,0,0,-7.58605e-009,7.31512e-009,0.981818,0,0,0,-0.00258574,0.0516895,-0.0497452,0.628758,0.49655,1
1950,337.694,0,0,0,-7.58605e-009,7.31512e-009,0.981818,0,0,0,-0.00254832,0.0520968,-0.0495405,0.628786,0.496526,1
1960,333.951,0,0,0,-7.58605e-009,7.31512e-009,0.981818,0,0,0,-0.00235881,0.0521933,-0.0491783,0.628915,0.496351,1
1970,332.502,0,0,0,-7.58605e-009,7.31512e-009,0.981818,0,0,0,-0.00176108,0.0521953,-0.0489209,0.62908,0.496061,1
1980,325.002,0,0,0,-7.58605e-009,7.31512e-009,0.981818,0,0,0,-0.00106059,0.0526697,-0.0489597,0.629233,0.495718,1
1990,319.254,0,0,0,-7.58605e-009,7.31512e-009,0.981818,0,0,0,-0.00078268,0.0533945,-0.0493919,0.629371,0.495343,1
2000,1692.17,0,0,-9.67999,-0.000749989,0.0538343,0.976968,0,0,0,-0.000743288,0.0538675,-0.0499185,0.62947,0.495101,1
2010,1615.39,0,0,-9.4832,-0.000749989,0.0538343,0.929014,0,0,0,-0.000683928,0.054062,-0.0504126,0.629671,0.494974,1
2020,1539.97,0,0,-9.29247,-0.000749989,0.0538343,0.882029,0,0,0,-0.00091764,0.0539889,-0.0507144,0.629952,0.494903,1
2030,1456.71,0,0,-9.10791,-0.000749989,0.0538343,0.835985,0,0,0,-0.00154445,0.0536352,-0.0510059,0.63022,0.494894,1
2040,1375.04,0,0,-8.92969,-0.000749989,0.0538343,0.790849,0,0,0,-0.00189716,0.0534203,-0.0514082,0.630478,0.494918,1
2050,1302.38,0,0,-8.75763,-0.000749989,0.0538343,0.74659,0,0,0,-0.00188065,0.0535494,-0.0520848,0.630819,0.494944,1
2060,1239.51,0,0,-8.59153,-0.000749989,0.0538343,0.703178,0,0,0,-0.00206784,0.0535068,-0.0526877,0.631209,0.494945,1
2070,1184.86,0,0,-8.43092,-0.000749989,0.0538343,0.660584,0,0,0,-0.00234692,0.0530362,-0.0529112,0.631547,0.494919,1
2080,1141.77,0,0,-8.27553,-0.000749989,0.0538343,0.618781,0,0,0,-0.00201676,0.0525408,-0.0525967,0.631678,0.494889,1
2090,1103.93,-3.34014e-007,9.53813e-009,-8.12488,-0.000749989,0.0538343,0.577744,0.0270109,-0.000771326,0.0374717,-0.00143484,0.0522589,-0.0520497,0.631678,0.494889,1
2100,1079.39,-9.30493e-006,2.7006e-007,-7.97847,-0.000750011,0.0538343,0.537451,0.0485407,-0.00150105,0.0608625,-0.00132393,0.0519504,-0.0513779,0.631678,0.494889,1
2110,1055.64,-2.75928e-005,1.02139e-006,-7.83592,-0.000750095,0.0538343,0.497881,0.235166,-0.0184109,0.548636,-0.00154885,0.0514861,-0.0506591,0.631769,0.494821,1
2120,1031.05,-0.000111068,6.73383e-006,-7.69735,-0.000750408,0.0538343,0.459014,0.904494,-0.0183901,1.58098,-0.00160499,0.0510901,-0.0498117,0.631864,0.49472,1
2130,1010.29,-0.000401638,1.18857e-005,-7.56275,-0.000751629,0.0538344,0.420832,1.50042,-0.0233542,2.52356,-0.00164052,0.0509879,-0.049025,0.63194,0.494609,1
2140,997.346,-0.000864466,1.6516e-005,-7.43172,-0.000754703,0.0538344,0.383314,2.67606,0.101089,3.84262,-0.00167576,0.0511851,-0.0483883,0.63206,0.494426,1
2150,988.116,-0.00159976,-1.45031e-005,-7.30377,-0.000760802,0.0538345,0.346444,3.69424,-0.00256334,5.25948,-0.00153047,0.0515963,-0.0480344,0.632184,0.494237,1
2160,981.326,-0.00221914,-2.38648e-005,-7.17826,-0.000770708,0.0538344,0.310208,0.172553,0.139625,1.12631,-0.00144585,0.0521756,-0.0478892,0.632223,0.494156,1
2170,970.328,0.000154245,-9.11322e-005,-7.05131,-0.000778594,0.0538341,0.274601,-27.9156,0.208713,-37.1634,-0.00188931,0.0526028,-0.0480003,0.632232,0.494133,1
2180,948.149,0.0207514,-0.000167987,-6.90345,-0.00074151,0.0538335,0.239665,-179.982,0.665414,-230.964,-0.00251785,0.0526449,-0.0481607,0.632276,0.49399,1
2190,899.477,0.136435,0.000151165,-6.651,-0.000426346,0.0538328,0.205669,-953.914,-5.55385,-1054.08,-0.00281051,0.0526158,-0.0481748,0.632303,0.493884,1
2200,798.316,0.649765,0.00535346,-6.0421,0.00126205,0.0538425,0.173686,-3608.91,-44.6148,-3209.57,-0.00295653,0.0529519,-0.0480455,0.632303,0.493884,1
2210,737.307,1.8447,0.0222127,-5.01229,0.00731673,0.0539077,0.145984,-5323.66,-78.573,-3671.05,-0.0033469,0.0533342,-0.0480776,0.632303,0.493884,1
2220,774.945,2.80833,0.0344834,-4.32273,0.0192716,0.0540565,0.122882,-2552.26,-15.8353,-1386.92,-0.00372637,0.0534568,-0.0481605,0.632303,0.493783,1
2230,771.877,3.13577,0.0285772,-4.06546,0.0343322,0.0542222,0.102,-761.542,59.7227,-393.109,-0.00377133,0.0536029,-0.0480554,0.632299,0.493759,1
2240,743.376,3.18653,0.00349116,-3.93728,0.0502143,0.0543107,0.081996,-134.185,139.036,-225.596,-0.00356246,0.0540021,-0.0479592,0.632299,0.493759,1
2250,703.358,3.12325,-0.0348797,-3.80431,0.066044,0.0542336,0.0626042,305.007,154.255,-474.395,-0.00314595,0.05435,-0.0483178,0.632299,0.493759,1
2260,638.72,2.88166,-0.0682859,-3.51758,0.0811931,0.0539734,0.0441656,1542.74,142.86,-1667.87,-0.0025531,0.0544967,-0.0491188,0.632299,0.493759,1
2270,531.939,2.26067,-0.116045,-2.85599,0.0942021,0.0535243,0.0280724,2963.18,260.105,-3137.07,-0.0019288,0.0544735,-0.0502215,0.632299,0.493759,1
2280,421.719,1.44406,-0.207662,-1.97245,0.103505,0.0527383,0.0159466,3353.5,462.343,-3638.38,-0.00133125,0.0544532,-0.0517687,0.632299,0.493759,1
2290,371.971,0.570274,-0.325444,-1.04426,0.108597,0.0514152,0.00836483,3933.9,581.129,-4060.58,-0.000784638,0.054553,-0.0536275,0.632299,0.493759,1
2300,396.873,-0.453549,-0.495382,-0.0259333,0.108855,0.049368,0.0057562,3670.34,641.651,-3511.03,-0.000101561,0.0545876,-0.0553131,0.632299,0.493759,1
2310,454.715,-1.19939,-0.626646,0.692292,0.104599,0.0465437,0.00753528,2485.04,451.476,-2402.9,0.000432166,0.0545969,-0.0567302,0.632299,0.493759,1
2320,514.149,-1.68054,-0.694618,1.16599,0.0973085,0.043211,0.0122636,1705.64,205.934,-1686.27,0.000218312,0.0548291,-0.0584812,0.632299,0.493759,1
2330,555.024,-2.03658,-0.724846,1.54164,0.0879499,0.0396436,0.0190771,1137.58,50.4443,-1295.19,-0.0004069,0.0547144,-0.0607928,0.632299,0.493759,1
2340,563.187,-2.18639,-0.708222,1.74355,0.0773089,0.0360463,0.0273708,406.628,-74.1935,-587.724,-0.00124746,0.0540023,-0.0634116,0.632299,0.493759,1
2350,540.707,-2.22955,-0.683102,1.82712,0.0662403,0.0325688,0.0363336,186.149,-52.0614,-289.786,-0.0017564,0.0533804,-0.0661722,0.632326,0.493651,1
2360,516.849,-2.2396,-0.668174,1.85982,0.0550529,0.0291929,0.0455699,99.0359,-15.7617,-152.102,-0.00145475,0.0532742,-0.068975,0.632328,0.493626,1
2370,509.285,-2.23342,-0.658973,1.86769,0.0438586,0.0258745,0.0549017,41.5306,-4.27003,-73.0943,-0.000644558,0.0532436,-0.0714398,0.632337,0.493425,1
2380,508.909,-2.21562,-0.651537,1.86092,0.0327263,0.0225967,0.0642322,2.73862,-2.24484,-33.6228,-2.33995e-005,0.0531879,-0.0735849,0.63234,0.4932,1
2390,498.224,-2.19093,-0.644235,1.8482,0.0217025,0.0193557,0.073511,-18.6231,-3.43397,-17.7209,0.000315772,0.0533642,-0.0755951,0.632337,0.493056,1
2400,469.819,-2.16384,-0.637218,1.83426,0.0108099,0.0161507,0.0827213,-31.5332,-3.45142,-12.4565,0.000680461,0.0536031,-0.0774589,0.632337,0.492918,1
2410,437.431,-2.13735,-0.630943,1.82161,5.32653e-005,0.0129792,0.0918642,-34.2922,-4.33717,-9.85911,0.00105443,0.0536629,-0.0789284,0.632343,0.492726,1
2420,414.044,-2.11304,-0.625227,1.81086,-0.0105759,0.0098379,0.100948,-35.1424,-4.86826,-11.2528,0.00107358,0.0539339,-0.0802975,0.632343,0.492726,1
2430,398.256,-2.09167,-0.619855,1.8016,-0.0210894,0.00672426,0.109982,-26.2324,-5.83552,-7.99042,0.00059324,0.0547216,-0.0820358,0.632343,0.492726,1
2440,376.664,-2.07398,-0.614959,1.7933,-0.0315051,0.00363672,0.118971,-21.6848,-4.90141,-7.33159,3.30976e-006,0.0557383,-0.0839908,0.632343,0.492726,1
2450,352.256,-2.0603,-0.611074,1.78707,-0.0418412,0.000571307,0.127923,-16.2292,-5.0143,-5.28166,-0.000273012,0.0565986,-0.0854204,0.632343,0.492726,1
2460,331.666,-2.05068,-0.60805,1.78304,-0.0521187,-0.0024766,0.136848,-12.009,-4.84316,-4.70313,-4.71952e-005,0.0571613,-0.0862272,0.632343,0.492726,1
2470,334.076,-2.04351,-0.605356,1.77959,-0.062355,-0.00551059,0.145757,-6.60981,-5.57766,-1.33696,0.000682179,0.0572652,-0.0872068,0.632343,0.492726,1
2480,360.003,-2.03526,-0.601932,1.77341,-0.0725547,-0.00852971,0.154642,-3.78907,-5.3053,2.02623,0.00169838,0.0568041,-0.088774,0.6324,0.49241,1
2490,386.148,-2.02443,-0.597697,1.76374,-0.0827074,-0.0115298,0.163489,-2.14952,-4.5725,4.47985,0.00257014,0.0560459,-0.090445,0.6324,0.49241,1
2500,398.71,-2.01168,-0.593011,1.75177,-0.0928012,-0.0145075,0.17228,-1.03242,-3.68092,5.10731,0.00327351,0.0554684,-0.091916,0.6324,0.49241,1
2510,383.17,-1.99969,-0.588678,1.74025,-0.102832,-0.0174624,0.181012,-0.848573,-3.56963,5.83761,0.00408279,0.0552963,-0.0936918,0.6324,0.49241,1
2520,367.56,-1.98963,-0.584924,1.73013,-0.112807,-0.0203969,0.18969,-0.141493,-3.37531,6.35467,0.00490399,0.0552489,-0.095901,0.6324,0.49241,1
2530,374.303,-1.98041,-0.581464,1.72032,-0.122734,-0.0233135,0.198319,0.891915,-2.0286,7.56078,0.00523172,0.0551049,-0.0978152,0.6324,0.49241,1
2540,395.675,-1.96975,-0.577873,1.70859,-0.132613,-0.0262127,0.206894,3.39408,-0.0066136,9.8136,0.00487116,0.0550069,-0.098964,0.6324,0.49241,1
2550,407.355,-1.95824,-0.574347,1.69503,-0.142437,-0.0290942,0.215406,4.53314,1.18555,11.8361,0.00401065,0.0550758,-0.0997831,0.6324,0.49241,1
2560,419.669,-1.94596,-0.570778,1.68016,-0.152201,-0.031958,0.223848,5.37056,1.94753,13.7672,0.00309892,0.0551679,-0.10056,0.6324,0.49241,1
2570,431.107,-1.93307,-0.567131,1.66427,-0.161902,-0.0348039,0.232212,5.79289,2.37722,15.0808,0.00267055,0.0555083,-0.101004,0.6324,0.49241,1
2580,450.738,-1.91903,-0.563199,1.64711,-0.171537,-0.037631,0.240495,6.26944,2.41429,15.4594,0.00305837,0.0563308,-0.101196,0.6324,0.49241,1
2590,469.788,-1.90384,-0.558897,1.62891,-0.181099,-0.0404376,0.248689,6.19129,2.71388,15.1012,0.00407948,0.0573094,-0.101882,0.632425,0.49236,1
2600,478.564,-1.88781,-0.554402,1.61017,-0.190582,-0.0432222,0.25679,5.93087,2.56168,15.1542,0.00531744,0.0579796,-0.103326,0.632457,0.492302,1
2610,481.901,-1.87159,-0.549822,1.59141,-0.199985,-0.0459841,0.264798,5.91616,2.08693,14.6364,0.00642054,0.0584929,-0.104779,0.632508,0.492213,1
2620,483.339,-1.85528,-0.545099,1.57276,-0.209307,-0.0487227,0.272712,5.63266,1.50484,14.1188,0.00728203,0.0589951,-0.105828,0.63256,0.492129,1
2630,468.041,-1.83956,-0.540436,1.55483,-0.218548,-0.0514377,0.280534,5.30535,1.34316,13.9322,0.00784677,0.0594004,-0.106906,0.63256,0.492129,1
2640,444.376,-1.82515,-0.536138,1.53817,-0.227713,-0.0541301,0.288269,5.0009,0.81713,13.3917,0.00811536,0.059633,-0.108266,0.63256,0.492129,1
2650,422.552,-1.81256,-0.532281,1.52325,-0.23681,-0.0568019,0.295925,4.6948,1.10363,12.9499,0.00821873,0.0598679,-0.109286,0.63256,0.492129,1
2660,416.133,-1.80092,-0.528789,1.50934,-0.245847,-0.0594555,0.303509,4.63735,0.749528,12.4924,0.00837297,0.0599199,-0.109659,0.63256,0.492129,1
2670,417.069,-1.78948,-0.525282,1.49575,-0.254826,-0.0620916,0.311025,4.33946,0.68855,12.392,0.00846843,0.0593521,-0.109888,0.63256,0.492129,1
2680,407.946,-1.7783,-0.521856,1.48251,-0.263748,-0.0647102,0.318472,4.02595,0.599857,12.1462,0.00841683,0.0579833,-0.110384,0.63256,0.492129,1
2690,392.288,-1.76826,-0.518766,1.47039,-0.272616,-0.0673125,0.325856,3.7034,0.49996,11.7686,0.00839578,0.0565442,-0.110865,0.63256,0.492129,1
2700,376.966,-1.75948,-0.516046,1.45951,-0.281438,-0.0699,0.333183,3.38265,0.405033,11.3034,0.00851512,0.0556664,-0.111128,0.63256,0.492129,1
2710,358.569,-1.75233,-0.513804,1.45018,-0.290218,-0.072475,0.340458,3.07309,0.324267,10.7972,0.00853071,0.0553552,-0.111455,0.63256,0.492129,1
2720,346.89,-1.74676,-0.51203,1.44237,-0.298967,-0.0750399,0.34769,2.77073,0.264228,10.2595,0.00851282,0.0553415,-0.111867,0.63256,0.492129,1
2730,360.346,-1.74091,-0.510186,1.43454,-0.307689,-0.0775962,0.354884,2.46768,0.218296,9.68941,0.00867943,0.0556727,-0.111929,0.63256,0.492129,1
2740,364.904,-1.7338,-0.507982,1.42589,-0.316378,-0.0801422,0.362037,2.35026,0.0755633,8.66019,0.00896671,0.0561381,-0.111523,0.63256,0.492129,1
2750,359.185,-1.72697,-0.505838,1.41776,-0.325031,-0.0826772,0.369147,2.03372,0.303262,7.70265,0.00921933,0.056666,-0.111172,0.63256,0.492129,1
2760,352.789,-1.72073,-0.503943,1.41041,-0.333652,-0.0852021,0.376219,1.81083,0.372624,6.7767,0.00962117,0.0574561,-0.110905,0.63256,0.492129,1
2770,350.585,-1.7149,-0.502201,1.40367,-0.342243,-0.0877179,0.383255,1.43682,0.582465,5.93824,0.0102116,0.0585588,-0.110377,0.63256,0.492129,1
2780,344.418,-1.70932,-0.500602,1.39741,-0.350804,-0.0902252,0.390259,1.23968,0.496591,5.56571,0.0106701,0.0593878,-0.109527,0.63256,0.492129,1
2790,327.097,-1.70511,-0.499398,1.39242,-0.359341,-0.0927253,0.397233,1.07373,0.192853,4.71476,0.0107825,0.0596647,-0.108972,0.63256,0.492129,1
2800,311.012,-1.70306,-0.498764,1.38942,-0.367861,-0.0952207,0.404188,0.781912,-0.0830559,3.91251,0.0108168,0.0596182,-0.108789,0.63256,0.492129,1
2810,312.704,-1.7018,-0.498319,1.38732,-0.376374,-0.0977136,0.41113,0.771019,-0.196374,3.06204,0.011122,0.0595727,-0.108727,0.63256,0.492129,1
2820,321.437,-1.69961,-0.49758,1.38467,-0.384878,-0.100204,0.418061,0.647747,-0.189286,2.81679,0.0117856,0.059533,-0.108521,0.63256,0.492129,1
2830,323.151,-1.69673,-0.496649,1.38154,-0.39337,-0.102689,0.424977,0.537242,-0.180143,2.59111,0.0126012,0.0593585,-0.108615,0.63256,0.492129,1
2840,323.214,-1.69377,-0.495705,1.37842,-0.401847,-0.105171,0.431878,0.282218,0.00638243,1.91343,0.0133016,0.0588742,-0.108849,0.63256,0.492129,1
2850,312.944,-1.69137,-0.494985,1.37596,-0.41031,-0.107647,0.438764,0.280306,0.037752,1.27042,0.0137274,0.0582609,-0.108918,0.63256,0.492129,1
2860,296.189,-1.69085,-0.494824,1.37519,-0.418765,-0.110122,0.445641,0.230685,0.0260674,1.17762,0.0139671,0.0578322,-0.10862,0.63256,0.492129,1
2870,281.094,-1.69274,-0.495366,1.37641,-0.427222,-0.112597,0.452519,0.0582584,-0.0627743,0.596629,0.0141936,0.0576082,-0.108616,0.63256,0.492129,1
2880,273.681,-1.69637,-0.496408,1.37921,-0.435694,-0.115076,0.459407,0.0415967,-0.0595947,0.546448,0.0144787,0.0573842,-0.108941,0.63256,0.492129,1
2890,271.673,-1.70054,-0.497614,1.38247,-0.444185,-0.11756,0.46631,0,0,0,0.0147838,0.0571686,-0.109406,0.63256,0.492129,1
2900,269.625,-1.70526,-0.498995,1.38631,-0.452698,-0.120052,0.473231,0,0,0,0.0150027,0.0571617,-0.109573,0.63256,0.492129,1
2910,281.008,-1.70918,-0.500141,1.38949,-0.461234,-0.122549,0.48017,0,0,0,0.0149412,0.0575788,-0.109835,0.63256,0.492129,1
2920,316.402,-1.70938,-0.500201,1.38966,-0.469783,-0.125051,0.48712,0,0,0,0.0148973,0.0584795,-0.110278,0.63256,0.492129,1
2930,354.124,-1.70452,-0.498777,1.3857,-0.47832,-0.127549,0.494061,0,0,0,0.0154293,0.0594662,-0.111049,0.632857,0.492018,1
2940,369.238,-1.69695,-0.496562,1.37955,-0.486826,-0.130038,0.500976,0,0,0,0.0163574,0.0600933,-0.111771,0.633346,0.491851,1
2950,363.383,-1.68911,-0.494268,1.37318,-0.495293,-0.132516,0.507859,0,0,0,0.0168473,0.0603062,-0.112643,0.63398,0.491659,1
2960,346.433,-1.68261,-0.492366,1.36789,-0.503723,-0.134983,0.514712,0,0,0,0.016812,0.0604545,-0.113623,0.634753,0.491449,1
2970,334.08,-1.67768,-0.490925,1.36389,-0.512125,-0.137441,0.521542,0,0,0,0.0168383,0.0607376,-0.11499,0.635642,0.491232,1
2980,325.61,-1.67388,-0.489812,1.3608,-0.520504,-0.139893,0.528354,0,0,0,0.0171255,0.0610691,-0.116464,0.636452,0.491058,1
2990,325.741,-1.6707,-0.488882,1.35821,-0.528866,-0.14234,0.535153,0,0,0,0.0174523,0.0609868,-0.118121,0.63709,0.49094,1
3000,337.791,-1.66659,-0.48768,1.35487,-0.537211,-0.144782,0.541937,0,0,0,0.0177465,0.0604272,-0.119556,0.637931,0.492188,1
3010,340.561,-1.66165,-0.486232,1.35085,-0.545533,-0.147217,0.548702,0,0,0,0.0179632,0.0598686,-0.120627,0.638638,0.492408,1
3020,335.513,-1.65689,-0.484842,1.34699,-0.55383,-0.149645,0.555447,0,0,0,0.017798,0.0598747,-0.121069,0.639295,0.492634,1
3030,317.43,-1.65347,-0.483841,1.34421,-0.562106,-0.152067,0.562175,0,0,0,0.0173261,0.0602973,-0.121365,0.639599,0.492854,1
3040,291.849,-1.65308,-0.483726,1.34389,-0.570371,-0.154485,0.568894,0,0,0,0.0171549,0.0606399,-0.121702,0.639869,0.493148,1
3050,279.121,-1.65555,-0.48445,1.3459,-0.578641,-0.156905,0.575618,0,0,0,0.0176663,0.0605343,-0.122345,0.640025,0.493397,1
3060,282.082,-1.65846,-0.485299,1.34826,-0.586926,-0.159329,0.582353,0,0,0,0.0183606,0.0603171,-0.123084,0.640283,0.493892,1
3070,289.534,-1.66057,-0.485917,1.34998,-0.595223,-0.161757,0.589098,0,0,0,0.018879,0.0604943,-0.123924,0.6406,0.494578,1
3080,303.608,-1.66092,-0.486018,1.35026,-0.603528,-0.164187,0.595849,0,0,0,0.0193529,0.0609651,-0.124568,0.640921,0.495308,1
3090,306.799,-1.66002,-0.485758,1.34953,-0.61183,-0.166617,0.602599,0,0,0,0.0199332,0.0611855,-0.125086,0.641189,0.495873,1
3100,304.449,-1.65938,-0.485569,1.34901,-0.620129,-0.169045,0.609345,0,0,0,0.0202764,0.06116,-0.12559,0.641445,0.496366,1
3110,309.267,-1.65849,-0.485309,1.34829,-0.628424,-0.171473,0.616089,0,0,0,0.0204652,0.0611577,-0.126269,0.641663,0.496768,1
3120,321.072,-1.65657,-0.484746,1.34672,-0.636713,-0.173898,0.622827,0,0,0,0.0206663,0.0613221,-0.1269,0.641795,0.496965,1
3130,340.203,-1.65274,-0.483626,1.34361,0.638601,-0.17632,0.629555,0,0,0,0.0207798,0.0617569,-0.127357,0.64198,0.497188,1
3140,353.204,-1.64697,-0.481939,1.33892,0.63035,-0.178734,0.636263,0,0,0,0.0205198,0.0624884,-0.127693,0.642072,0.497274,1
3150,352.847,-1.64088,-0.480155,1.33397,0.622129,-0.18114,0.642946,0,0,0,0.0202214,0.0630818,-0.128127,0.642206,0.497389,1
3160,363.276,-1.63428,-0.478226,1.32861,0.613939,-0.183536,0.649604,0,0,0,0.0202366,0.0632629,-0.128846,0.642357,0.497524,1
3170,366.6,-1.62688,-0.476058,1.32258,0.605784,-0.185923,0.656234,0,0,0,0.020703,0.0632229,-0.129929,0.642569,0.497695,1
3180,355.309,-1.62012,-0.474082,1.3171,0.597666,-0.188298,0.662834,0,0,0,0.0213709,0.0631645,-0.13138,0.642731,0.49781,1
3190,342.511,-1.61444,-0.47242,1.31248,0.589578,-0.190665,0.669409,0,0,0,0.0220415,0.0629454,-0.132996,0.64289,0.497907,1
3200,317.62,-1.6109,-0.471384,1.3096,0.581515,-0.193024,0.675964,0,0,0,0.0225,0.0623555,-0.134633,0.643108,0.498054,1
3210,298.017,-1.61024,-0.47119,1.30906,0.573463,-0.19538,0.68251,0,0,0,0.0226455,0.0615394,-0.136217,0.643306,0.498199,1
3220,291.382,-1.61105,-0.471427,1.30972,0.56541,-0.197737,0.689056,0,0,0,0.0225256,0.0610331,-0.137915,0.643396,0.498273,1
3230,287.335,-1.61265,-0.471896,1.31102,0.557352,-0.200095,0.695608,0,0,0,0.0224482,0.0612165,-0.139688,0.643463,0.49834,1
3240,283.643,-1.61475,-0.47251,1.31273,0.549284,-0.202456,0.702166,0,0,0,0.022676,0.0618041,-0.141508,0.643586,0.498484,1
3250,288.559,-1.61675,-0.473095,1.31435,0.541205,-0.20482,0.708734,0,0,0,0.023114,0.0623897,-0.143273,0.643638,0.49856,1
3260,291.453,-1.61806,-0.473479,1.31542,0.533118,-0.207186,0.715308,0,0,0,0.0237257,0.0628234,-0.145077,0.643697,0.498666,1
3270,292.97,-1.61919,-0.473809,1.31634,0.525025,-0.209554,0.721888,0,0,0,0.024639,0.0631014,-0.146857,0.643712,0.498695,1
3280,306.88,-1.61912,-0.47379,1.31628,0.516929,-0.211924,0.72847,0,0,0,0.0258058,0.0633,-0.148729,0.643712,0.498695,1
3290,313.696,-1.61768,-0.473366,1.31511,0.508836,-0.214292,0.735049,0,0,0,0.0265444,0.0636798,-0.150607,0.643712,0.498695,1
3300,324.514,-1.61519,-0.472638,1.31308,0.500753,-0.216657,0.74162,0,0,0,0.0264932,0.0639518,-0.152503,0.643712,0.498695,1
3310,339.973,-1.61118,-0.471464,1.30982,0.492685,-0.219018,0.748179,0,0,0,0.0257098,0.0637187,-0.154317,0.643712,0.498695,1
3320,340.824,-1.60614,-0.469991,1.30573,0.48464,-0.221372,0.754719,0,0,0,0.0248353,0.0631791,-0.156197,0.643758,0.498859,1
3330,319.302,-1.60236,-0.468884,1.30266,0.476619,-0.223719,0.76124,0,0,0,0.0242247,0.0629365,-0.158058,0.643763,0.498882,1
3340,291.181,-1.60199,-0.468775,1.30235,0.46861,-0.226063,0.767751,0,0,0,0.0241436,0.0629745,-0.159856,0.643763,0.498882,1
3350,282.203,-1.60411,-0.469397,1.30408,0.460596,-0.228408,0.774267,0,0,0,0.0243552,0.0631073,-0.16145,0.643763,0.498882,1
3360,293.922,-1.60571,-0.469865,1.30538,0.452571,-0.230756,0.78079,0,0,0,0.0248522,0.0633342,-0.162948,0.643763,0.498882,1
3370,294.723,-1.60621,-0.47001,1.30578,0.444541,-0.233106,0.787318,0,0,0,0.0253828,0.0637143,-0.164334,0.643763,0.498882,1
3380,278.391,-1.60803,-0.470543,1.30727,0.436507,-0.235457,0.79385,0,0,0,0.0261135,0.0641322,-0.16577,0.643763,0.498882,1
3390,274.025,-1.6118,-0.471646,1.31033,0.428459,-0.237812,0.800393,0,0,0,0.0269559,0.0646651,-0.167229,0.643763,0.498882,1
3400,288.104,-1.61457,-0.472455,1.31258,0.420392,-0.240172,0.80695,0,0,0,0.0278368,0.065172,-0.16864,0.643763,0.498882,1
3410,307.833,-1.61452,-0.472443,1.31254,0.412319,-0.242535,0.813514,0,0,0,0.0281832,0.0653532,-0.169805,0.643763,0.498882,1
3420,303.552,-1.61348,-0.472139,1.3117,0.404249,-0.244896,0.820074,0,0,0,0.0281391,0.0650016,-0.17086,0.643763,0.498882,1
3430,289.881,-1.61417,-0.47234,1.31226,0.396181,-0.247257,0.826633,0,0,0,0.0279905,0.0644704,-0.17171,0.643763,0.498882,1
3440,296.696,-1.61517,-0.472634,1.31307,0.388107,-0.249619,0.833197,0,0,0,0.0281785,0.0641981,-0.172133,0.643763,0.498882,1
3450,310.963,-1.6146,-0.472465,1.3126,0.380032,-0.251982,0.839762,0,0,0,0.0285708,0.0641867,-0.171947,0.643763,0.498882,1
3460,313.489,-1.61279,-0.471937,1.31114,0.371963,-0.254344,0.846321,0,0,0,0.0293116,0.0638905,-0.171506,0.643763,0.498882,1
3470,304.027,-1.61163,-0.471597,1.31019,0.363902,-0.256702,0.852874,0,0,0,0.0300026,0.0633204,-0.171067,0.643763,0.498882,1
3480,290.627,-1.61212,-0.471739,1.31059,0.355844,-0.25906,0.859426,0,0,0,0.0304077,0.0629173,-0.170734,0.643763,0.498882,1
3490,276.583,-1.61462,-0.472471,1.31262,0.347778,-0.26142,0.865982,0,0,0,0.0304554,0.0628347,-0.170475,0.643763,0.498882,1
3500,271.169,-1.61861,-0.473638,1.31586,0.339697,-0.263785,0.872553,0,0,0,0.0305904,0.0629229,-0.170391,0.64376,0.498911,1
3510,263.224,-1.62376,-0.475145,1.32005,0.331593,-0.266157,0.879141,0,0,0,0.0304988,0.0632629,-0.170283,0.643729,0.49909,1
3520,266.285,-1.6293,-0.476768,1.32456,0.323461,-0.268536,0.885751,0,0,0,0.0299637,0.0637401,-0.169872,0.643675,0.499406,1
3530,270.666,-1.6341,-0.478173,1.32846,0.315304,-0.270923,0.892383,0,0,0,0.0293155,0.0641683,-0.169175,0.643602,0.499781,1
3540,279.128,-1.63792,-0.47929,1.33156,0.307124,-0.273317,0.899033,0,0,0,0.0292919,0.064785,-0.168527,0.643506,0.500236,1
3550,289.176,-1.64012,-0.479932,1.33335,0.298929,-0.275715,0.905695,0,0,0,0.0298578,0.0659235,-0.168033,0.643405,0.500693,1
3560,298.841,-1.641,-0.48019,1.33406,0.290726,-0.278115,0.912364,0,0,0,0.0309264,0.0672787,-0.167546,0.643337,0.500962,1
3570,311.098,-1.64031,-0.479989,1.33351,0.282521,-0.280516,0.919034,0,0,0,0.0320984,0.0681348,-0.167229,0.643309,0.501062,1
3580,315.368,-1.63844,-0.479441,1.33198,0.274324,-0.282915,0.925698,0,0,0,0.0327644,0.0680998,-0.167334,0.643286,0.501139,1
3590,312.717,-1.63671,-0.478936,1.33058,0.266136,-0.285311,0.932355,0,0,0,0.0325886,0.0674785,-0.167801,0.643277,0.501166,1
3600,306.038,-1.63545,-0.478568,1.32956,0.257955,-0.287705,0.939005,0,0,0,0.0321614,0.0668824,-0.168196,0.643277,0.501166,1
3610,302.874,-1.63509,-0.478462,1.32926,0.249779,-0.290097,0.945652,0,0,0,0.0318524,0.0665835,-0.168502,0.643277,0.501166,1
3620,313.336,-1.63409,-0.478168,1.32845,0.241605,-0.292489,0.952297,0,0,0,0.0315659,0.0665188,-0.168781,0.643277,0.501166,1
3630,323.796,-1.63162,-0.477446,1.32644,0.23344,-0.294878,0.958935,0,0,0,0.031349,0.0666005,-0.169035,0.643214,0.501314,1
3640,336.126,-1.62791,-0.47636,1.32342,0.225289,-0.297263,0.965561,0,0,0,0.0315401,0.0665799,-0.169052,0.643034,0.501713,1
3650,341.669,-1.62309,-0.474951,1.31951,0.21716,-0.299642,0.97217,0,0,0,0.0320896,0.0659957,-0.16917,0.642903,0.501991,1
3660,334.211,-1.61848,-0.4736,1.31576,0.209056,-0.302014,0.978758,0,0,0,0.0325688,0.0650102,-0.169454,0.642846,0.502111,1
3670,317.601,-1.61532,-0.472677,1.31319,0.200971,-0.304379,0.985331,0,0,0,0.0330047,0.0642818,-0.169826,0.642846,0.502111,1
3680,298.449,-1.61442,-0.472412,1.31246,0.192898,-0.306742,0.991894,0,0,0,0.0335447,0.0640892,-0.16997,0.642846,0.502111,1
3690,288.121,-1.61553,-0.472738,1.31336,0.184823,-0.309104,0.998458,0,0,0,0.0339464,0.0642595,-0.170262,0.642846,0.502111,1
3700,289.404,-1.61725,-0.47324,1.31476,0.176742,-0.311469,-0.994972,0,0,0,0.0338355,0.0649028,-0.170626,0.642846,0.502111,1
3710,295.537,-1.61812,-0.473497,1.31547,0.168653,-0.313836,-0.988396,0,0,0,0.0337631,0.0660347,-0.170821,0.642845,0.502116,1
3720,298.931,-1.61852,-0.473613,1.31579,0.160562,-0.316204,-0.981818,0,0,0,0.0341346,0.0672867,-0.170448,0.64282,0.502178,1
3730,310.895,-1.61782,-0.473408,1.31522,0.15247,-0.318572,-0.975239,0,0,0,0.0346692,0.0682957,-0.170155,0.642803,0.502217,1
3740,314.687,-1.61586,-0.472835,1.31363,0.144385,-0.320938,-0.968667,0,0,0,0.0347179,0.0691034,-0.170334,0.642803,0.502217,1
3750,301.269,-1.61481,-0.472527,1.31278,0.136309,-0.323301,-0.962101,0,0,0,0.0345591,0.0696703,-0.171133,0.642803,0.502217,1
3760,279.524,-1.61611,-0.472906,1.31383,0.128233,-0.325664,-0.955536,0,0,0,0.0344425,0.0697377,-0.171971,0.642803,0.502217,1
3770,257.337,-1.62122,-0.474404,1.31799,0.120143,-0.328031,-0.948959,0,0,0,0.0345574,0.0692135,-0.172966,0.642803,0.502217,1
3780,261.847,-1.6279,-0.476358,1.32342,0.112021,-0.330408,-0.942356,0,0,0,0.0349787,0.0686327,-0.173993,0.642803,0.502217,1
3790,273.808,-1.63237,-0.477665,1.32705,0.103871,-0.332793,-0.93573,0,0,0,0.0360874,0.0683585,-0.174961,0.642803,0.502217,1
3800,263.821,-1.63684,-0.478974,1.33069,0.0956996,-0.335184,-0.929088,0,0,0,0.0374305,0.0682382,-0.175537,0.642803,0.502217,1
3810,245.432,-1.64449,-0.481211,1.3369,0.0874998,-0.337583,-0.922421,0,0,0,0.0384923,0.068011,-0.176331,0.642803,0.502217,1
3820,253.054,-1.65309,-0.483728,1.3439,0.0792573,-0.339995,-0.915721,0,0,0,0.0389364,0.0677876,-0.177639,0.642792,0.50226,1
3830,270.956,-1.65898,-0.485452,1.34869,0.0709773,-0.342418,-0.908989,0,0,0,0.0390717,0.0674986,-0.179429,0.642759,0.502355,1
3840,291.403,-1.66156,-0.486208,1.35078,0.0626753,-0.344848,-0.90224,0,0,0,0.0388648,0.0671775,-0.181157,0.642759,0.502355,1
3850,310.362,-1.66127,-0.486121,1.35054,0.0543672,-0.347279,-0.895486,0,0,0,0.0385547,0.0670592,-0.182971,0.642759,0.502355,1
3860,325.562,-1.65877,-0.485392,1.34852,0.0460657,-0.349708,-0.888737,0,0,0,0.0382765,0.0671484,-0.184954,0.642759,0.502355,1
3870,327.885,-1.65518,-0.48434,1.3456,0.0377799,-0.352132,-0.882001,0,0,0,0.0382926,0.0670045,-0.187088,0.642759,0.502355,1
3880,311.029,-1.65257,-0.483578,1.34348,0.0295108,-0.354552,-0.875279,0,0,0,0.0384812,0.0667491,-0.189103,0.642759,0.502355,1
3890,295.026,-1.65266,-0.483604,1.34355,0.0212487,-0.35697,-0.868562,0,0,0,0.0391024,0.0668942,-0.191274,0.642759,0.502355,1
3900,315.164,-1.65211,-0.483442,1.3431,0.0129854,-0.359388,-0.861844,0,0,0,0.0401415,0.0675248,-0.193609,0.642759,0.502355,1
3910,331.409,-1.64882,-0.48248,1.34043,0.00473154,-0.361803,-0.855134,0,0,0,0.041402,0.0683201,-0.195824,0.642729,0.502405,1
3920,317.253,-1.64566,-0.481555,1.33786,-0.00350466,-0.364213,-0.848438,0,0,0,0.0423377,0.0692961,-0.197734,0.642438,0.502869,1
3930,305.799,-1.64441,-0.481188,1.33684,-0.0117296,-0.36662,-0.841752,0,0,0,0.042811,0.0703639,-0.199767,0.642264,0.50313,1
3940,311.041,-1.64348,-0.480918,1.33609,-0.0199499,-0.369025,-0.835069,0,0,0,0.0427043,0.0710978,-0.202112,0.64212,0.503329,1
3950,322.011,-1.64125,-0.480265,1.33427,-0.0281628,-0.371429,-0.828392,0,0,0,0.0423095,0.0713151,-0.204496,0.642006,0.503473,1
3960,320.251,-1.63846,-0.479446,1.332,-0.0363626,-0.373828,-0.821726,0,0,0,0.0418345,0.0713209,-0.20672,0.642006,0.503473,1
3970,311.878,-1.63652,-0.478878,1.33043,-0.0445501,-0.376224,-0.81507,0.0402132,-0.123696,-0.330667,0.0413834,0.071145,-0.209026,0.642006,0.503473,1
3980,304.528,-1.63553,-0.478551,1.3297,-0.0527301,-0.378618,-0.80842,0.0423438,-0.146384,-0.371865,0.0408435,0.0705497,-0.211559,0.642006,0.503473,1
3990,300.741,-1.63531,-0.478448,1.32962,-0.0609071,-0.38101,-0.801772,0.0840305,0.0201307,-0.735732,0.0405645,0.0697966,-0.213934,0.642006,0.503473,1
4000,293.156,-1.63574,-0.478571,1.33014,-0.0690842,-0.383402,-0.795123,0.0833479,0.0165352,-0.826857,0.0408354,0.0696158,-0.215887,0.641481,0.502787,1
4010,279.811,-1.63782,-0.479178,1.33204,-0.0772668,-0.385796,-0.788468,0.0809411,0.0113553,-0.925319,0.0416382,0.0700101,-0.217487,0.640865,0.502167,1
4020,280.997,-1.64094,-0.480087,1.3348,-0.0854631,-0.388194,-0.781802,0.0763297,0.00426706,-1.02844,0.0427222,0.070146,-0.21893,0.63989,0.501253,1
4030,293.158,-1.64262,-0.480573,1.33642,-0.0936724,-0.390596,-0.775123,0.0688392,-0.00339929,-1.13671,0.0439244,0.0696165,-0.22007,0.639192,0.500663,1
4040,292.574,-1.64341,-0.4808,1.33735,-0.101887,-0.392999,-0.768439,0.0567998,-0.0134579,-1.23978,0.0448614,0.0689387,-0.221124,0.638483,0.500169,1
4050,279.191,-1.6455,-0.481401,1.33936,-0.110108,-0.395405,-0.761749,0.0393842,-0.0260907,-1.33629,0.0450681,0.0685467,-0.22246,0.637706,0.499726,1
4060,269.4,-1.64949,-0.482559,1.34294,-0.118344,-0.397814,-0.755044,0.0165289,-0.0411868,-1.43044,0.0445199,0.0684219,-0.224337,0.637001,0.499382,1
4070,261.989,-1.65492,-0.484134,1.34773,-0.126603,-0.40023,-0.748319,-0.0116307,-0.0578403,-1.53037,0.0438348,0.0687209,-0.22625,0.636349,0.499027,1
4080,274.001,-1.66014,-0.485647,1.35238,-0.134891,-0.402655,-0.741569,-0.0458481,-0.0740322,-1.64003,0.0437434,0.0693629,-0.227842,0.635804,0.498678,1
4090,297.018,-1.66201,-0.486181,1.35434,-0.143197,-0.405084,-0.734801,-0.0872692,-0.0878249,-1.74838,0.0442477,0.0697672,-0.229136,0.635501,0.498464,1
4100,311.211,-1.66111,-0.485903,1.35408,-0.151506,-0.407515,-0.728029,-0.135788,-0.0974711,-1.83729,0.0450042,0.069848,-0.230681,0.635336,0.498351,1
4110,312.017,-1.65956,-0.485434,1.3533,-0.159808,-0.409943,-0.721261,-0.19009,-0.100608,-1.90275,0.0457493,0.0703969,-0.232332,0.635124,0.498172,1
4120,321.424,-1.65718,-0.48473,1.35188,-0.168101,-0.412369,-0.714497,-0.249775,-0.0962006,-1.95684,0.0463994,0.0715923,-0.233833,0.634716,0.497805,1
4130,311.898,-1.65462,-0.483982,1.35036,-0.176381,-0.414791,-0.707741,-0.398485,-0.0748447,-2.54876,0.0467716,0.0725508,-0.235018,0.63415,0.497297,1
4140,273.719,-1.65555,-0.484269,1.35185,-0.184653,-0.417211,-0.700988,-0.491933,-0.0628608,-2.65201,0.0470912,0.0726586,-0.236199,0.633565,0.496796,1
4150,236.147,-1.66334,-0.486572,1.359,-0.192946,-0.419637,-0.694215,-0.559124,-0.0382416,-3.27633,0.0474554,0.0722647,-0.237263,0.633045,0.496378,1
4160,229.334,-1.67599,-0.490308,1.3703,-0.20129,-0.422078,-0.687394,-0.791286,-0.276695,-3.88183,0.0477775,0.0716834,-0.238191,0.632612,0.496055,1
4170,254.413,-1.68581,-0.493188,1.37951,-0.209695,-0.424536,-0.68052,-1.25202,0.148502,-4.94771,0.0478282,0.0709153,-0.238929,0.632303,0.495846,1
4180,271.375,-1.6907,-0.494759,1.38503,-0.218136,-0.427006,-0.673609,-1.44616,0.210332,-5.12076,0.0480133,0.0701489,-0.239761,0.632105,0.495736,1
4190,265.047,-1.69529,-0.496271,1.3904,-0.226599,-0.429483,-0.666672,-1.55998,0.120179,-5.79708,0.0484767,0.0697513,-0.240713,0.632084,0.495721,1
4200,266.624,-1.70043,-0.497932,1.39641,-0.235087,-0.431968,-0.659706,-1.76443,0.144471,-5.96001,0.0491742,0.0696007,-0.241951,0.632084,0.495721,1
4210,287.258,-1.7034,-0.498971,1.40074,-0.243597,-0.434461,-0.652713,-1.89972,0.00388271,-7.0768,0.0497169,0.0695598,-0.243385,0.632084,0.495721,1
4220,290.647,-1.70404,-0.499305,1.40347,-0.252116,-0.436956,-0.645702,-2.37067,-0.146856,-7.7396,0.0502265,0.069896,-0.244899,0.632084,0.495721,1
4230,274.868,-1.70606,-0.500042,1.40759,-0.260639,-0.439454,-0.638676,-2.61863,0.0855046,-8.40505,0.0505499,0.0705081,-0.246085,0.632084,0.495721,1
4240,281.63,-1.7091,-0.501154,1.41277,-0.269177,-0.441957,-0.631626,-2.85115,0.0912965,-8.63056,0.0507961,0.0704614,-0.246882,0.632084,0.495721,1
4250,301.686,-1.70931,-0.501453,1.41571,-0.277724,-0.444464,-0.624554,-3.08495,0.101112,-8.85774,0.0509352,0.0694375,-0.247512,0.632084,0.495721,1
4260,305.872,-1.70762,-0.501219,1.4172,-0.286266,-0.446971,-0.617471,-3.3304,0.115912,-9.08692,0.0512134,0.0683002,-0.248271,0.632084,0.495721,1
4270,297.12,-1.70669,-0.501228,1.41942,-0.294802,-0.449477,-0.61038,-3.42604,0.237343,-9.83489,0.0511612,0.0679189,-0.249084,0.632084,0.495721,1
4280,302.656,-1.70591,-0.501316,1.42197,-0.303333,-0.451983,-0.603276,-3.68428,0.255931,-10.1037,0.0507106,0.068212,-0.249872,0.631986,0.495734,1
4290,306.924,-1.70408,-0.50112,1.42377,-0.311859,-0.454489,-0.596162,-3.79384,0.0972137,-10.879,0.050091,0.0689689,-0.250723,0.631806,0.495773,1
4300,294.909,-1.70294,-0.501091,1.42637,-0.320376,-0.456995,-0.589037,-3.83754,0.0415442,-11.6905,0.0499545,0.0701122,-0.251832,0.631693,0.49581,1
4310,266.497,-1.70493,-0.501973,1.43179,-0.328892,-0.459501,-0.581894,-3.74822,0.181363,-11.6887,0.0501753,0.0713658,-0.253097,0.631516,0.495898,1
4320,238.951,-1.71264,-0.504572,1.44204,-0.337432,-0.462016,-0.574713,-4.01479,0.492346,-12.4842,0.0508491,0.0723942,-0.254137,0.631411,0.49592,1
4330,236.679,-1.72347,-0.508185,1.45518,-0.346019,-0.464547,-0.567473,-4.1898,0.551871,-13.0868,0.0517998,0.0732651,-0.254684,0.631411,0.49592,1
4340,244.017,-1.73286,-0.511406,1.46732,-0.354658,-0.467096,-0.560169,-4.43386,0.537833,-13.5738,0.0527145,0.074025,-0.254854,0.631411,0.49592,1
4350,245.602,-1.74174,-0.514496,1.47925,-0.363342,-0.46966,-0.552804,-4.70448,0.526037,-14.0813,0.0531365,0.0743362,-0.255014,0.631411,0.49592,1
4360,262.773,-1.74866,-0.517025,1.48971,-0.372067,-0.472238,-0.545382,-4.99773,0.520164,-14.5943,0.0534805,0.0740105,-0.255308,0.631411,0.49592,1
4370,295.187,-1.75059,-0.518103,1.49612,-0.380817,-0.474827,-0.537917,-5.13086,0.846814,-15.6266,0.053777,0.0734421,-0.255686,0.631411,0.49592,1
4380,321.743,-1.74788,-0.517896,1.49886,-0.389565,-0.477417,-0.530428,-5.27236,0.514757,-16.5345,0.0538453,0.0728719,-0.255999,0.631411,0.49592,1
4390,330.419,-1.74282,-0.516914,1.4998,-0.398293,-0.480005,-0.52293,-4.9264,0.960904,-17.0704,0.0536346,0.0720986,-0.256179,0.631411,0.49592,1
4400,324.738,-1.73801,-0.516077,1.50099,-0.406996,-0.482587,-0.515428,-4.76669,0.905041,-17.7188,0.0536915,0.0711517,-0.256219,0.631411,0.49592,1
4410,334.697,-1.7332,-0.515209,1.50226,-0.415675,-0.485166,-0.507918,-4.9408,0.724051,-17.6618,0.0540749,0.0705968,-0.256318,0.631411,0.49592,1
4420,365.216,-1.72573,-0.513508,1.50119,-0.424326,-0.487739,-0.500407,-4.80215,0.29415,-17.6561,0.0545782,0.0705683,-0.256541,0.631411,0.49592,1
4430,380.646,-1.7158,-0.510947,1.49788,-0.432932,-0.490301,-0.492907,-4.73008,-0.33092,-17.1734,0.0550491,0.0706321,-0.256939,0.631411,0.49592,1
4440,354.782,-1.70671,-0.508469,1.49505,-0.441489,-0.492849,-0.485424,-4.0141,-0.385611,-15.8669,0.055646,0.0705678,-0.257404,0.631411,0.49592,1
4450,330.084,-1.7008,-0.506882,1.49444,-0.450008,-0.495388,-0.477949,-3.80046,-0.520151,-14.1528,0.0561572,0.0705118,-0.257988,0.631411,0.49592,1
4460,312.229,-1.69722,-0.505956,1.49532,-0.458503,0.49392,-0.470475,-2.87259,-0.352752,-12.2759,0.0562531,0.0703214,-0.258619,0.631411,0.49592,1
4470,285.195,-1.69702,-0.506039,1.49833,-0.466987,0.49139,-0.462992,-2.18521,0.0216585,-8.6261,0.0561953,0.0699286,-0.259334,0.631411,0.49592,1
4480,270.537,-1.70036,-0.507241,1.50307,-0.475478,0.488858,-0.455489,-1.30163,0.595603,-2.02726,0.0564803,0.0698699,-0.259872,0.631404,0.49599,1
4490,273.329,-1.70485,-0.508858,1.50642,-0.483991,0.486318,-0.447965,0.577154,1.5987,8.75121,0.0569636,0.0706511,-0.260317,0.631353,0.49626,1
4500,283.097,-1.70843,-0.510253,1.50492,-0.492523,0.48377,-0.440435,3.47462,2.36241,27.6676,0.0572491,0.0719241,-0.260814,0.631283,0.49656,1
4510,290.022,-1.71162,-0.511394,1.49604,-0.501073,0.481216,-0.432929,7.97037,2.63016,59.9124,0.0576845,0.073046,-0.26169,0.631197,0.496937,1
4520,283.909,-1.71606,-0.512581,1.47675,-0.509641,0.478657,-0.425492,14.2785,3.14015,112.089,0.0583427,0.0738667,-0.262603,0.631085,0.497409,1
4530,265.871,-1.72454,-0.514819,1.44346,-0.518239,0.476089,-0.418185,21.2881,5.79916,190.003,0.0586883,0.074338,-0.263398,0.630983,0.497826,1
4540,268.095,-1.73603,-0.518423,1.38836,-0.526889,0.473507,-0.411095,24.6524,9.90241,298.909,0.0586836,0.0743815,-0.263826,0.630904,0.498203,1
4550,280.088,-1.74522,-0.522117,1.30038,-0.535593,0.470905,-0.404358,14.5348,9.34292,444.707,0.0590247,0.0742818,-0.26427,0.630821,0.498668,1
4560,285.481,-1.74655,-0.523229,1.16869,-0.544327,0.46829,-0.398164,-29.3456,-9.2275,646.428,0.059408,0.0745765,-0.264801,0.630759,0.499112,1
4570,281.462,-1.72995,-0.515833,0.976721,-0.553028,0.465687,-0.39277,-134.39,-61.003,934.334,0.0592256,0.0751543,-0.265585,0.630729,0.499411,1
4580,266.302,-1.67983,-0.491009,0.701444,-0.56157,0.463161,-0.388535,-314.667,-155.994,1321,0.0588677,0.0754612,-0.266124,0.630716,0.499639,1
4590,260.921,-1.5794,-0.436981,0.321496,-0.56974,0.460826,-0.38593,-541.494,-298.706,1760.27,0.0590912,0.0752079,-0.266591,0.63071,0.499953,1
4600,261.941,-1.4281,-0.346271,-0.156628,-0.577275,0.458854,-0.385486,-700.376,-432.207,2055.59,0.0593115,0.0746443,-0.267064,0.630717,0.500425,1
4610,276.447,-1.25755,-0.235141,-0.663594,-0.583986,0.457399,-0.387545,-673.829,-446.208,1963.36,0.0591355,0.0739518,-0.267917,0.630739,0.501037,1
4620,287.806,-1.11099,-0.134798,-1.10386,-0.58989,0.456484,-0.392007,-508.849,-354.359,1554.47,0.0590529,0.0732319,-0.26867,0.630761,0.501639,1
4630,283.975,-1.00982,-0.0619689,-1.42866,-0.595172,0.456005,-0.398389,-319.96,-233.335,1061,0.0594619,0.0725889,-0.269233,0.630774,0.501972,1
4640,266.42,-0.952004,-0.0176313,-1.64037,-0.60006,0.455817,-0.406103,-173.678,-130.688,642.168,0.0595503,0.0720809,-0.269463,0.630785,0.501997,1
4650,250.251,-0.92483,0.00606766,-1.76908,-0.604741,0.455795,-0.414653,-85.9643,-67.0278,361.099,0.0593379,0.0715027,-0.269884,0.630785,0.501997,1
4660,247.105,-0.914779,0.0181856,-1.84549,-0.609334,0.455859,-0.423704,-39.5498,-33.9486,192.699,0.0595309,0.071012,-0.270548,0.630785,0.501997,1
4670,253.682,-0.912609,0.0244303,-1.88917,-0.613899,0.455967,-0.433049,-16.5245,-17.5008,95.9658,0.0604917,0.0711221,-0.271657,0.630789,0.502024,1
4680,268.536,-0.913386,0.0277358,-1.91288,-0.618462,0.456099,-0.442559,-6.16423,-9.28105,43.523,0.0613869,0.0720157,-0.272648,0.630792,0.502059,1
4690,281.124,-0.914426,0.0294951,-1.92395,-0.623031,0.456242,-0.452154,-1.82948,-4.82639,15.4729,0.0619884,0.0731082,-0.273254,0.630793,0.502094,1
4700,297.186,-0.915054,0.0303685,-1.92743,-0.627605,0.456392,-0.461785,-0.0757636,-2.24218,-0.00130676,0.0623812,0.0740227,-0.273432,0.630801,0.502105,1
4710,321.527,-0.914418,0.0307153,-1.92476,0.629423,0.456545,-0.471418,1.03778,-1.14915,-8.05442,0.0626883,0.074799,-0.273957,0.630801,0.502105,1
4720,334.109,-0.912641,0.0308452,-1.9177,0.624854,0.456699,-0.481026,3.12117,-0.499318,-11.684,0.0625557,0.0754174,-0.274988,0.630906,0.502177,1
4730,330.629,-0.911224,0.0308541,-1.90965,0.620294,0.456853,-0.490596,3.5925,-0.211212,-15.027,0.0622371,0.0757263,-0.276261,0.631038,0.502258,1
4740,321.617,-0.910363,0.0308238,-1.90184,0.61574,0.457007,-0.500125,4.00613,-0.392906,-17.1369,0.0617958,0.0758759,-0.277168,0.631188,0.502338,1
4750,306.247,-0.910424,0.030855,-1.89539,0.611188,0.457162,-0.509618,4.38376,0.196799,-18.1797,0.0611335,0.0758732,-0.277833,0.631315,0.502394,1
4760,304.644,-0.911265,0.0307724,-1.89029,0.606634,0.457316,-0.519082,4.4509,0.397567,-18.5973,0.0601521,0.0754692,-0.278481,0.631437,0.502438,1
4770,303.984,-0.911984,0.0306403,-1.88491,0.602076,0.457469,-0.52852,4.23447,0.449779,-17.7662,0.0596864,0.0746952,-0.279285,0.631461,0.502445,1
4780,289.785,-0.913266,0.0305148,-1.88107,0.597513,0.457622,-0.537934,4.1959,0.933706,-16.9413,0.060043,0.0740768,-0.279991,0.631461,0.502445,1
4790,275.36,-0.915892,0.0303315,-1.88023,0.592941,0.457774,-0.547335,4.09639,0.968573,-16.2819,0.0609034,0.0738307,-0.280467,0.631467,0.502448,1
4800,273.679,-0.919175,0.030165,-1.88096,0.588354,0.457925,-0.556737,4.3748,0.969797,-15.1806,0.0619661,0.0736695,-0.280711,0.631467,0.502448,1
4810,276.753,-0.922252,0.029992,-1.8814,0.583751,0.458076,-0.566142,4.46678,0.726403,-14.5011,0.0633647,0.0732648,-0.280958,0.631467,0.502448,1
4820,269.438,-0.9257,0.0298888,-1.88272,0.579132,0.458226,-0.575551,4.36648,0.710846,-13.1594,0.0645145,0.0727369,-0.281447,0.631467,0.502448,1
4830,265.145,-0.929694,0.0298091,-1.88553,0.574495,0.458375,-0.584969,4.19244,0.692386,-12.26,0.064931,0.0721875,-0.282397,0.631467,0.502448,1
4840,273.77,-0.933474,0.0297289,-1.8882,0.569837,0.458524,-0.594403,4.00587,0.667565,-11.3413,0.0647644,0.0716751,-0.283759,0.631467,0.502448,1
4850,279.395,-0.936324,0.0296262,-1.88931,0.565163,0.458672,-0.603846,3.81029,0.644765,-10.4706,0.0643904,0.0713359,-0.28494,0.631467,0.502448,1
4860,271.633,-0.939325,0.0295319,-1.89101,0.560474,0.45882,-0.613295,3.65814,0.834247,-9.06034,0.0638011,0.0714696,-0.285549,0.631467,0.502448,1
4870,261.306,-0.943287,0.0294247,-1.89506,0.555769,0.458967,-0.622758,3.5768,1.01658,-7.5652,0.0633745,0.0720311,-0.285914,0.631533,0.502395,1
4880,262.906,-0.947834,0.0292983,-1.90067,0.551042,0.459114,-0.632246,3.52118,0.794629,-6.15461,0.063781,0.0728085,-0.286681,0.631533,0.502395,1
4890,288.253,-0.950725,0.0291738,-1.9033,0.546295,0.45926,-0.641756,3.2744,0.755246,-5.58447,0.0651107,0.0736783,-0.287703,0.631197,0.502467,1
4900,300.843,-0.95179,0.029007,-1.90254,0.541538,0.459406,-0.651272,3.00989,0.662601,-5.22588,0.0666098,0.0746392,-0.288598,0.630697,0.50252,1
4910,302.027,-0.952421,0.0288554,-1.90113,0.536778,0.45955,-0.660781,2.71315,0.204663,-4.00507,0.0673848,0.0753629,-0.289139,0.630086,0.502511,1
4920,317.815,-0.952277,0.0287822,-1.89861,0.532015,0.459694,-0.670282,2.28678,0.306483,-3.33179,0.0671284,0.0755523,-0.289797,0.629745,0.502471,1
4930,321.956,-0.951254,0.0286605,-1.89469,0.527256,0.459838,-0.679766,2.08563,0.296859,-3.15859,0.0660113,0.0755,-0.290698,0.6296,0.502439,1
4940,314.865,-0.950352,0.0285471,-1.89117,0.522502,0.459981,-0.689231,1.59947,0.158333,-2.12625,0.06457,0.0757117,-0.291732,0.629478,0.502378,1
4950,315.185,-0.949673,0.0284748,-1.88855,0.517751,0.460124,-0.698681,1.44757,0.168495,-2.02982,0.0634609,0.0759714,-0.29233,0.629152,0.50218,1
4960,326.755,-0.94847,0.0283883,-1.885,0.513005,0.460266,-0.708116,1.11959,0.0372161,-1.45648,0.0632928,0.0757927,-0.292451,0.628785,0.501921,1
4970,325.157,-0.946645,0.0283166,-1.8805,0.508267,0.460408,-0.717531,0.990499,0.0380702,-1.37899,0.0637326,0.0753182,-0.291989,0.628528,0.501739,1
4980,308.464,-0.945669,0.0282715,-1.87779,0.503536,0.460549,-0.726926,0.779133,0.0184057,-0.806465,0.064212,0.0748994,-0.291257,0.628244,0.501555,1
4990,294.623,-0.9459,0.0282683,-1.87769,0.498808,0.46069,-0.736314,0.685103,0.0200961,-0.750128,0.0646593,0.074468,-0.290347,0.627951,0.501356,1
