step,T,sn_vel[0],sn_vel[1],sn_vel[2],sn_crd[0],sn_crd[1],sn_crd[2],sn_f[0],sn_f[1],sn_f[2],target_crd[0],target_crd[1],target_crd[2],boundary[0],boundary[1],boundary[2]
0,0.00510262,0,0,0,-3.34599e-008,5.96046e-009,0.981818,0,0,0,0.000185085,0.0553667,-0.0488531,0.636548,0.501276,1
10,0.744914,0,0,0,-3.34599e-008,5.96046e-009,0.981818,0,0,0,0.000175027,0.0553722,-0.0487973,0.636548,0.501276,1
20,0.798763,0,0,0,-3.34599e-008,5.96046e-009,0.981818,0,0,0,0.000147093,0.0553615,-0.0486651,0.636548,0.501276,1
30,1.07459,0,0,0,-3.34599e-008,5.96046e-009,0.981818,0,0,0,0.000105323,0.0553158,-0.0485353,0.636548,0.501276,1
40,1.42763,0,0,0,-3.34599e-008,5.96046e-009,0.981818,0,0,0,0.000103572,0.0552928,-0.0484215,0.636548,0.501276,1
50,1.5393,0,0,0,-3.34599e-008,5.96046e-009,0.981818,0,0,0,0.000122735,0.055329,-0.048313,0.636548,0.501276,1
60,1.66633,0,0,0,-3.34599e-008,5.96046e-009,0.981818,0,0,0,0.000118879,0.0553826,-0.0481449,0.636548,0.501276,1
70,1.76295,0,0,0,-3.34599e-008,5.96046e-009,0.981818,0,0,0,8.10024e-005,0.0554001,-0.0479278,0.636548,0.501276,1
80,1.78449,0,0,0,-3.34599e-008,5.96046e-009,0.981818,0,0,0,5.77701e-005,0.0553934,-0.0477202,0.636548,0.501276,1
90,1.81772,0,0,0,-3.34599e-008,5.96046e-009,0.981818,0,0,0,5.81295e-005,0.0553786,-0.0475632,0.636548,0.501276,1
100,1.78537,0,0,0,-3.34599e-008,5.96046e-009,0.981818,0,0,0,6.33065e-005,0.0553581,-0.0474097,0.636548,0.501276,1
110,11.0631,0,0,0,-3.34599e-008,5.96046e-009,0.981818,0,0,0,5.51455e-005,0.0553328,-0.047065,0.636548,0.501276,1
120,18.2056,0,0,0,-3.34599e-008,5.96046e-009,0.981818,0,0,0,4.54688e-005,0.0553404,-0.0465091,0.636548,0.501276,1
130,23.1106,0,0,0,-3.34599e-008,5.96046e-009,0.981818,0,0,0,2.82467e-005,0.0553608,-0.0458564,0.636572,0.501276,1
140,26.0605,0,0,0,-3.34599e-008,5.96046e-009,0.981818,0,0,0,-5.19446e-006,0.0553537,-0.0451749,0.636627,0.501269,1
150,27.9106,0,0,0,-3.34599e-008,5.96046e-009,0.981818,0,0,0,-4.8791e-005,0.0553315,-0.0445146,0.636753,0.50124,1
160,28.8164,0,0,0,-3.34599e-008,5.96046e-009,0.981818,0,0,0,-8.85802e-005,0.0553076,-0.043858,0.636899,0.501195,1
170,29.064,0,0,0,-3.34599e-008,5.96046e-009,0.981818,0,0,0,-0.000147697,0.0552612,-0.043175,0.637042,0.501141,1
180,29.0186,0,0,0,-3.34599e-008,5.96046e-009,0.981818,0,0,0,-0.000235229,0.0551989,-0.0424645,0.637175,0.501081,1
190,28.5686,0,0,0,-3.34599e-008,5.96046e-009,0.981818,0,0,0,-0.000317198,0.0551544,-0.0417688,0.637353,0.500993,1
200,28.1959,0,0,0,-3.34599e-008,5.96046e-009,0.981818,0,0,0,-0.000363537,0.0551352,-0.0411267,0.637528,0.500899,1
210,37.0062,0,0,0,-3.34599e-008,5.96046e-009,0.981818,0,0,0,-0.000397754,0.055106,-0.0404771,0.63771,0.500793,1
220,42.809,0,0,0,-3.34599e-008,5.96046e-009,0.981818,0,0,0,-0.000445516,0.0550359,-0.0397504,0.637899,0.500675,1
230,46.6413,0,0,0,-3.34599e-008,5.96046e-009,0.981818,0,0,0,-0.00048712,0.0549471,-0.0389432,0.638089,0.500556,1
240,48.8563,0,0,0,-3.34599e-008,5.96046e-009,0.981818,0,0,0,-0.000529453,0.0548787,-0.0381302,0.638314,0.500417,1
250,50.0362,0,0,0,-3.34599e-008,5.96046e-009,0.981818,0,0,0,-0.000614234,0.0548262,-0.0373673,0.638567,0.500264,1
260,50.6298,0,0,0,-3.34599e-008,5.96046e-009,0.981818,0,0,0,-0.000730456,0.0547726,-0.0366723,0.638805,0.500123,1
270,50.6114,0,0,0,-3.34599e-008,5.96046e-009,0.981818,0,0,0,-0.00078597,0.0547254,-0.0360276,0.639041,0.499985,1
280,50.3731,0,0,0,-3.34599e-008,5.96046e-009,0.981818,0,0,0,-0.000769681,0.0546768,-0.0354329,0.639307,0.499832,1
290,49.9871,0,0,0,-3.34599e-008,5.96046e-009,0.981818,0,0,0,-0.00076016,0.0546188,-0.0348467,0.639604,0.499668,1
300,49.7713,0,0,0,-3.34599e-008,5.96046e-009,0.981818,0,0,0,-0.000823864,0.0545759,-0.0342897,0.639858,0.499533,1
310,58.3807,0,0,0,-3.34599e-008,5.96046e-009,0.981818,0,0,0,-0.000915312,0.0545439,-0.0337493,0.640097,0.499408,1
320,64.165,0,0,0,-3.34599e-008,5.96046e-009,0.981818,0,0,0,-0.000977438,0.0544738,-0.0332517,0.64036,0.499273,1
330,67.2024,0,0,0,-3.34599e-008,5.96046e-009,0.981818,0,0,0,-0.00100471,0.0543744,-0.0327688,0.6407,0.499101,1
340,68.7518,0,0,0,-3.34599e-008,5.96046e-009,0.981818,0,0,0,-0.00106672,0.0543181,-0.0323041,0.641023,0.498943,1
350,69.7135,0,0,0,-3.34599e-008,5.96046e-009,0.981818,0,0,0,-0.00113562,0.0543136,-0.031786,0.641253,0.498835,1
360,69.8049,0,0,0,-3.34599e-008,5.96046e-009,0.981818,0,0,0,-0.00115063,0.0542872,-0.0312168,0.641444,0.498751,1
370,69.7856,0,0,0,-3.34599e-008,5.96046e-009,0.981818,0,0,0,-0.00111369,0.0541792,-0.0305707,0.641628,0.498674,1
380,69.9256,0,0,0,-3.34599e-008,5.96046e-009,0.981818,0,0,0,-0.00109799,0.0540157,-0.0299114,0.641786,0.498612,1
390,69.8317,0,0,0,-3.34599e-008,5.96046e-009,0.981818,0,0,0,-0.00106491,0.053885,-0.0292373,0.641929,0.49856,1
400,70.4341,0,0,0,-3.34599e-008,5.96046e-009,0.981818,0,0,0,-0.00100272,0.0538521,-0.0285849,0.642053,0.498518,1
410,80.1664,0,0,0,-3.34599e-008,5.96046e-009,0.981818,0,0,0,-0.000928218,0.0538944,-0.0278176,0.642158,0.498486,1
420,87.0581,0,0,0,-3.34599e-008,5.96046e-009,0.981818,0,0,0,-0.00083869,0.0539358,-0.0269297,0.642164,0.498484,1
430,91.7164,0,0,0,-3.34599e-008,5.96046e-009,0.981818,0,0,0,-0.00068196,0.0539296,-0.0259545,0.642215,0.498472,1
440,94.5134,0,0,0,-3.34599e-008,5.96046e-009,0.981818,0,0,0,-0.000516292,0.0539309,-0.0250107,0.642324,0.498449,1
450,96.0936,0,0,0,-3.34599e-008,5.96046e-009,0.981818,0,0,0,-0.000369521,0.0540443,-0.0240415,0.642452,0.498426,1
460,96.3183,0,0,0,-3.34599e-008,5.96046e-009,0.981818,0,0,0,-0.000217132,0.0542725,-0.0230527,0.642494,0.498422,1
470,96.0889,0,0,0,-3.34599e-008,5.96046e-009,0.981818,0,0,0,5.10721e-006,0.0544905,-0.0219884,0.642514,0.498423,1
480,95.1581,0,0,0,-3.34599e-008,5.96046e-009,0.981818,0,0,0,0.000254723,0.0546113,-0.0209204,0.642653,0.498428,1
490,93.7324,0,0,0,-3.34599e-008,5.96046e-009,0.981818,0,0,0,0.000466518,0.0546883,-0.0198517,0.64282,0.498434,1
500,93.0839,0,0,0,-3.34599e-008,5.96046e-009,0.981818,0,0,0,0.000652975,0.0548059,-0.0188545,0.64296,0.498437,1
510,101.043,0,0,0,-3.34599e-008,5.96046e-009,0.981818,0,0,0,0.000929092,0.0549738,-0.0178411,0.643031,0.498437,1
520,107.531,0,0,0,-3.34599e-008,5.96046e-009,0.981818,0,0,0,0.00123218,0.0551189,-0.0167588,0.64322,0.498438,1
530,112.583,0,0,0,-3.34599e-008,5.96046e-009,0.981818,0,0,0,0.00145723,0.055202,-0.015546,0.643454,0.498441,1
540,117.726,0,0,0,-3.34599e-008,5.96046e-009,0.981818,0,0,0,0.00167362,0.0552418,-0.0143501,0.643644,0.498446,1
550,122.755,0,0,0,-3.34599e-008,5.96046e-009,0.981818,0,0,0,0.00195361,0.0552368,-0.0132654,0.643803,0.498455,1
560,125.892,0,0,0,-3.34599e-008,5.96046e-009,0.981818,0,0,0,0.00217133,0.0551548,-0.0122721,0.643948,0.498466,1
570,129.003,0,0,0,-3.34599e-008,5.96046e-009,0.981818,0,0,0,0.00233513,0.0550711,-0.0112701,0.644246,0.498491,1
580,131.005,0,0,0,-3.34599e-008,5.96046e-009,0.981818,0,0,0,0.00262009,0.0550551,-0.0103461,0.644484,0.498513,1
590,133.431,0,0,0,-3.34599e-008,5.96046e-009,0.981818,0,0,0,0.00303746,0.0550498,-0.00960889,0.644739,0.49854,1
600,136.848,0,0,0,-3.34599e-008,5.96046e-009,0.981818,0,0,0,0.00340751,0.0549917,-0.0090982,0.644968,0.498567,1
610,151.717,0,0,0,-3.34599e-008,5.96046e-009,0.981818,0,0,0,0.00363553,0.0549349,-0.00876943,0.645156,0.498591,1
620,164.892,0,0,0,-3.34599e-008,5.96046e-009,0.981818,0,0,0,0.00380519,0.0549143,-0.00860865,0.645347,0.498616,1
630,177.894,0,0,0,-3.34599e-008,5.96046e-009,0.981818,0,0,0,0.00402877,0.0549767,-0.00863663,0.645547,0.498645,1
640,189.402,0,0,0,-3.34599e-008,5.96046e-009,0.981818,0,0,0,0.00430165,0.0551917,-0.00887321,0.645712,0.498671,1
650,198.03,0,0,0,-3.34599e-008,5.96046e-009,0.981818,0,0,0,0.00443337,0.0554517,-0.00939264,0.645839,0.498692,1
660,204.301,0,0,0,-3.34599e-008,5.96046e-009,0.981818,0,0,0,0.00444751,0.0554882,-0.0102253,0.64597,0.498715,1
670,207.607,0,0,0,-3.34599e-008,5.96046e-009,0.981818,0,0,0,0.00456672,0.0552717,-0.0113245,0.646121,0.498743,1
680,208.993,0,0,0,-3.34599e-008,5.96046e-009,0.981818,0,0,0,0.00483451,0.0550558,-0.0125212,0.646278,0.498774,1
690,210.969,0,0,0,-3.34599e-008,5.96046e-009,0.981818,0,0,0,0.00497315,0.0549629,-0.0137943,0.646326,0.498785,1
700,212.188,0,0,0,-3.34599e-008,5.96046e-009,0.981818,0,0,0,0.00494635,0.0548204,-0.0152198,0.646326,0.498785,1
710,223.354,0,0,0,-3.34599e-008,5.96046e-009,0.981818,0,0,0,0.00484862,0.0544553,-0.016911,0.646326,0.498785,1
720,230.619,0,0,0,-3.34599e-008,5.96046e-009,0.981818,0,0,0,0.00475824,0.0539718,-0.0187366,0.646326,0.498785,1
730,232.715,0,0,0,-3.34599e-008,5.96046e-009,0.981818,0,0,0,0.00463651,0.0535904,-0.0205709,0.646326,0.498785,1
740,229.789,0,0,0,-3.34599e-008,5.96046e-009,0.981818,0,0,0,0.00454885,0.0533925,-0.0223225,0.646326,0.498785,1
750,222.627,0,0,0,-3.34599e-008,5.96046e-009,0.981818,0,0,0,0.00443635,0.0533401,-0.024074,0.646326,0.498785,1
760,212.488,0,0,0,-3.34599e-008,5.96046e-009,0.981818,0,0,0,0.00429947,0.0534316,-0.0258487,0.646326,0.498785,1
770,200.854,0,0,0,-3.34599e-008,5.96046e-009,0.981818,0,0,0,0.00407624,0.0536078,-0.0276344,0.646326,0.498785,1
780,189.975,0,0,0,-3.34599e-008,5.96046e-009,0.981818,0,0,0,0.00384036,0.0537998,-0.029251,0.646326,0.498785,1
790,180.717,0,0,0,-3.34599e-008,5.96046e-009,0.981818,0,0,0,0.00362235,0.0540951,-0.030687,0.646326,0.498785,1
800,172.592,0,0,0,-3.34599e-008,5.96046e-009,0.981818,0,0,0,0.00346465,0.0546233,-0.0319644,0.646326,0.498785,1
810,175.588,0,0,0,-3.34599e-008,5.96046e-009,0.981818,0,0,0,0.00320905,0.0552232,-0.0331687,0.646326,0.498785,1
820,176.367,0,0,0,-3.34599e-008,5.96046e-009,0.981818,0,0,0,0.00290064,0.0556696,-0.0342297,0.646326,0.498785,1
830,175.906,0,0,0,-3.34599e-008,5.96046e-009,0.981818,0,0,0,0.00260586,0.0560188,-0.0351338,0.646326,0.498785,1
840,174.554,0,0,0,-3.34599e-008,5.96046e-009,0.981818,0,0,0,0.00242115,0.0564605,-0.0358006,0.646326,0.498785,1
850,173.952,0,0,0,-3.34599e-008,5.96046e-009,0.981818,0,0,0,0.00227934,0.0569253,-0.0362702,0.646326,0.498785,1
860,172.201,0,0,0,-3.34599e-008,5.96046e-009,0.981818,0,0,0,0.00220096,0.057234,-0.0365322,0.646326,0.498785,1
870,171.592,0,0,0,-3.34599e-008,5.96046e-009,0.981818,0,0,0,0.00203631,0.0572536,-0.0367111,0.646326,0.498785,1
880,171.628,0,0,0,-3.34599e-008,5.96046e-009,0.981818,0,0,0,0.00182405,0.0570128,-0.0368296,0.646326,0.498785,1
890,173.492,0,0,0,-3.34599e-008,5.96046e-009,0.981818,0,0,0,0.00166477,0.0566211,-0.0368497,0.646326,0.498785,1
900,176.595,0,0,0,-3.34599e-008,5.96046e-009,0.981818,0,0,0,0.00162038,0.0561938,-0.0366131,0.646326,0.498785,1
910,190.865,0,0,0,-3.34599e-008,5.96046e-009,0.981818,0,0,0,0.00148417,0.0556948,-0.0361984,0.646326,0.498785,1
920,203.711,0,0,0,-3.34599e-008,5.96046e-009,0.981818,0,0,0,0.00122803,0.0551378,-0.0356388,0.646326,0.498785,1
930,213.499,0,0,0,-3.34599e-008,5.96046e-009,0.981818,0,0,0,0.00089399,0.0545259,-0.0349182,0.646326,0.498785,1
940,225.523,0,0,0,-3.34599e-008,5.96046e-009,0.981818,0,0,0,0.00062551,0.053928,-0.0339792,0.646326,0.498785,1
950,236.765,0,0,0,-3.34599e-008,5.96046e-009,0.981818,0,0,0,0.000524481,0.0535377,-0.0329231,0.646326,0.498785,1
960,251.926,0,0,0,-3.34599e-008,5.96046e-009,0.981818,0,0,0,0.00062521,0.0535134,-0.0318146,0.646326,0.498785,1
970,271.023,0,0,0,-3.34599e-008,5.96046e-009,0.981818,0,0,0,0.000779779,0.0536832,-0.0306416,0.646326,0.498785,1
980,287.771,0,0,0,-3.34599e-008,5.96046e-009,0.981818,0,0,0,0.00100625,0.053903,-0.0293035,0.646326,0.498785,1
990,304.771,0,0,0,-3.34599e-008,5.96046e-009,0.981818,0,0,0,0.00145754,0.0541999,-0.0277969,0.646326,0.498785,1
1000,318.156,0,0,0,-3.34599e-008,5.96046e-009,0.981818,0,0,0,0.00204917,0.0546275,-0.0262621,0.644372,0.498314,1
1010,352.892,0,0,0,-3.34599e-008,5.96046e-009,0.981818,0,0,0,0.00250319,0.0551619,-0.0248562,0.643202,0.498173,1
1020,378.098,0,0,0,-3.34599e-008,5.96046e-009,0.981818,0,0,0,0.00269763,0.0557361,-0.0237344,0.641592,0.497977,1
1030,399.906,0,0,0,-3.34599e-008,5.96046e-009,0.981818,0,0,0,0.00283745,0.0562363,-0.0228868,0.64104,0.49786,1
1040,410.942,0,0,0,-3.34599e-008,5.96046e-009,0.981818,0,0,0,0.00300922,0.0566729,-0.0221835,0.64023,0.497652,1
1050,418.811,0,0,0,-3.34599e-008,5.96046e-009,0.981818,0,0,0,0.0030849,0.0570825,-0.0214901,0.639634,0.497508,1
1060,416.475,0,0,0,-3.34599e-008,5.96046e-009,0.981818,0,0,0,0.00303373,0.0573509,-0.0209378,0.63943,0.497532,1
1070,407.546,0,0,0,-3.34599e-008,5.96046e-009,0.981818,0,0,0,0.00305086,0.0573929,-0.020577,0.639302,0.497599,1
1080,394.071,0,0,0,-3.34599e-008,5.96046e-009,0.981818,0,0,0,0.0029355,0.0572222,-0.0204355,0.639182,0.497718,1
1090,382.459,0,0,0,-3.34599e-008,5.96046e-009,0.981818,0,0,0,0.00254407,0.0567378,-0.0204408,0.63899,0.497916,1
1100,378.254,0,0,0,-3.34599e-008,5.96046e-009,0.981818,0,0,0,0.00214681,0.0559607,-0.0206411,0.63886,0.498013,1
1110,367.551,0,0,0,-3.34599e-008,5.96046e-009,0.981818,0,0,0,0.00206224,0.055308,-0.0208265,0.63871,0.498094,1
1120,355.984,0,0,0,-3.34599e-008,5.96046e-009,0.981818,0,0,0,0.00204451,0.0550269,-0.0209276,0.638504,0.498206,1
1130,346.768,0,0,0,-3.34599e-008,5.96046e-009,0.981818,0,0,0,0.00205964,0.0548608,-0.0209337,0.638408,0.498277,1
1140,330.807,0,0,0,-3.34599e-008,5.96046e-009,0.981818,0,0,0,0.00225526,0.0544807,-0.0210113,0.638386,0.498298,1
1150,315.86,0,0,0,-3.34599e-008,5.96046e-009,0.981818,0,0,0,0.00263208,0.0538698,-0.0210285,0.638266,0.498423,1
1160,300.416,0,0,0,-3.34599e-008,5.96046e-009,0.981818,0,0,0,0.00293471,0.0531776,-0.021005,0.63816,0.498544,1
1170,287.69,0,0,0,-3.34599e-008,5.96046e-009,0.981818,0,0,0,0.00328583,0.0526808,-0.0209581,0.638088,0.498637,1
1180,280.061,0,0,0,-3.34599e-008,5.96046e-009,0.981818,0,0,0,0.00367489,0.0525762,-0.0210785,0.637894,0.49891,1
1190,273.4,0,0,0,-3.34599e-008,5.96046e-009,0.981818,0,0,0,0.00397081,0.0528024,-0.0211882,0.637673,0.499228,1
1200,269.936,0,0,0,-3.34599e-008,5.96046e-009,0.981818,0,0,0,0.00401113,0.0530766,-0.0211695,0.637598,0.499339,1
1210,271.312,0,0,0,-3.34599e-008,5.96046e-009,0.981818,0,0,0,0.0040826,0.0531573,-0.0210315,0.637598,0.499339,1
1220,267.621,0,0,0,-3.34599e-008,5.96046e-009,0.981818,0,0,0,0.00430882,0.0529708,-0.021165,0.637598,0.499339,1
1230,261.456,0,0,0,-3.34599e-008,5.96046e-009,0.981818,0,0,0,0.00456563,0.052806,-0.0215506,0.637598,0.499339,1
1240,258.722,0,0,0,-3.34599e-008,5.96046e-009,0.981818,0,0,0,0.00448669,0.052994,-0.0220612,0.637598,0.499339,1
1250,254.233,0,0,0,-3.34599e-008,5.96046e-009,0.981818,0,0,0,0.00417916,0.0535692,-0.022574,0.637598,0.499339,1
1260,251.532,0,0,0,-3.34599e-008,5.96046e-009,0.981818,0,0,0,0.00385363,0.0543048,-0.023186,0.637598,0.499339,1
1270,248.129,0,0,0,-3.34599e-008,5.96046e-009,0.981818,0,0,0,0.00359866,0.0549693,-0.0237316,0.637598,0.499339,1
1280,250.765,0,0,0,-3.34599e-008,5.96046e-009,0.981818,0,0,0,0.00323155,0.0553837,-0.0242255,0.637598,0.499339,1
1290,253.656,0,0,0,-3.34599e-008,5.96046e-009,0.981818,0,0,0,0.00280698,0.0556243,-0.0247091,0.637598,0.499339,1
1300,254.303,0,0,0,-3.34599e-008,5.96046e-009,0.981818,0,0,0,0.00238591,0.0558976,-0.0252989,0.637598,0.499339,1
1310,258.338,0,0,0,-3.34599e-008,5.96046e-009,0.981818,0,0,0,0.00198551,0.0561298,-0.0258791,0.637598,0.499339,1
1320,261.287,0,0,0,-3.34599e-008,5.96046e-009,0.981818,0,0,0,0.00160944,0.0560264,-0.0264282,0.637598,0.499339,1
1330,267.962,0,0,0,-3.34599e-008,5.96046e-009,0.981818,0,0,0,0.00140751,0.0555735,-0.0269518,0.637552,0.499435,1
1340,275.517,0,0,0,-3.34599e-008,5.96046e-009,0.981818,0,0,0,0.00136446,0.0550217,-0.0275446,0.637388,0.499751,1
1350,280.043,0,0,0,-3.34599e-008,5.96046e-009,0.981818,0,0,0,0.00132056,0.0544782,-0.0280308,0.637244,0.500005,1
1360,288.658,0,0,0,-3.34599e-008,5.96046e-009,0.981818,0,0,0,0.00113439,0.0537791,-0.0283305,0.63715,0.500155,1
1370,295.724,0,0,0,-3.34599e-008,5.96046e-009,0.981818,0,0,0,0.000774393,0.0528189,-0.0286812,0.636986,0.500393,1
1380,305.678,0,0,0,-3.34599e-008,5.96046e-009,0.981818,0,0,0,0.000403562,0.0519512,-0.0294206,0.636707,0.500784,1
1390,320.986,0,0,0,-3.34599e-008,5.96046e-009,0.981818,0,0,0,0.0001362,0.0517072,-0.0303856,0.636559,0.500997,1
1400,334.95,0,0,0,-3.34599e-008,5.96046e-009,0.981818,0,0,0,-2.92164e-005,0.0520343,-0.0312875,0.636458,0.501159,1
1410,350.48,0,0,0,-3.34599e-008,5.96046e-009,0.981818,0,0,0,-0.000101795,0.0524057,-0.0321884,0.63631,0.501405,1
1420,358.634,0,0,0,-3.34599e-008,5.96046e-009,0.981818,0,0,0,8.82338e-005,0.0525517,-0.0333139,0.636273,0.501471,1
1430,365.722,0,0,0,-3.34599e-008,5.96046e-009,0.981818,0,0,0,0.00046973,0.0526252,-0.0346479,0.636273,0.501471,1
1440,367.329,0,0,0,-3.34599e-008,5.96046e-009,0.981818,0,0,0,0.000956422,0.0528443,-0.0359253,0.636273,0.501471,1
1450,360.094,0,0,0,-3.34599e-008,5.96046e-009,0.981818,0,0,0,0.0014211,0.0533743,-0.0370608,0.636273,0.501471,1
1460,351.924,0,0,0,-3.34599e-008,5.96046e-009,0.981818,0,0,0,0.00174657,0.0542087,-0.0381556,0.636273,0.501471,1
1470,334.704,0,0,0,-3.34599e-008,5.96046e-009,0.981818,0,0,0,0.00170659,0.0551002,-0.039408,0.636273,0.501471,1
1480,316.526,0,0,0,-3.34599e-008,5.96046e-009,0.981818,0,0,0,0.00154577,0.0557397,-0.0407713,0.636273,0.501471,1
1490,300.729,0,0,0,-3.34599e-008,5.96046e-009,0.981818,0,0,0,0.0015166,0.0560735,-0.0422718,0.636273,0.501471,1
1500,286.433,0,0,0,-3.34599e-008,5.96046e-009,0.981818,0,0,0,0.00163611,0.0563217,-0.0438112,0.636224,0.501549,1
1510,275.815,0,0,0,-3.34599e-008,5.96046e-009,0.981818,0,0,0,0.00166361,0.0566207,-0.0453217,0.636156,0.50165,1
1520,266.926,0,0,0,-3.34599e-008,5.96046e-009,0.981818,0,0,0,0.00179182,0.0567514,-0.0465999,0.636038,0.501817,1
1530,259.492,0,0,0,-3.34599e-008,5.96046e-009,0.981818,0,0,0,0.00205919,0.0565237,-0.0478248,0.635699,0.502286,1
1540,253.583,0,0,0,-3.34599e-008,5.96046e-009,0.981818,0,0,0,0.00230556,0.056202,-0.0490946,0.635231,0.502915,1
1550,252.736,0,0,0,-3.34599e-008,5.96046e-009,0.981818,0,0,0,0.00224444,0.0560008,-0.050531,0.634744,0.503555,1
1560,258.889,0,0,0,-3.34599e-008,5.96046e-009,0.981818,0,0,0,0.00198477,0.055676,-0.0518556,0.634273,0.50416,1
1570,280.557,0,0,0,-3.34599e-008,5.96046e-009,0.981818,0,0,0,0.00155174,0.0550897,-0.0529965,0.633971,0.504534,1
1580,302.747,0,0,0,-3.34599e-008,5.96046e-009,0.981818,0,0,0,0.0011215,0.0545403,-0.0539853,0.633833,0.504695,1
1590,325.635,0,0,0,-3.34599e-008,5.96046e-009,0.981818,0,0,0,0.000895172,0.0541512,-0.0551103,0.633753,0.504783,1
1600,340.27,0,0,0,-3.34599e-008,5.96046e-009,0.981818,0,0,0,0.00105708,0.0538795,-0.0561322,0.633753,0.504783,1
1610,342.021,0,0,0,-3.34599e-008,5.96046e-009,0.981818,0,0,0,0.00131217,0.0539207,-0.0568639,0.633753,0.504783,1
1620,340.842,0,0,0,-3.34599e-008,5.96046e-009,0.981818,0,0,0,0.00140956,0.0544672,-0.0572278,0.633753,0.504783,1
1630,336.129,0,0,0,-3.34599e-008,5.96046e-009,0.981818,0,0,0,0.001263,0.0552443,-0.0574447,0.633753,0.504783,1
1640,336.982,0,0,0,-3.34599e-008,5.96046e-009,0.981818,0,0,0,0.000972112,0.0559344,-0.0574461,0.633753,0.504783,1
1650,341.812,0,0,0,-3.34599e-008,5.96046e-009,0.981818,0,0,0,0.00046683,0.0564893,-0.0573986,0.633753,0.504783,1
1660,337.235,0,0,0,-3.34599e-008,5.96046e-009,0.981818,0,0,0,-0.000214769,0.0569193,-0.0573704,0.633753,0.504783,1
1670,322.474,0,0,0,-3.34599e-008,5.96046e-009,0.981818,0,0,0,-0.00094432,0.0570396,-0.0573838,0.633753,0.504783,1
1680,300.127,0,0,0,-3.34599e-008,5.96046e-009,0.981818,0,0,0,-0.00155621,0.0569365,-0.0572441,0.633753,0.504783,1
1690,272.186,0,0,0,-3.34599e-008,5.96046e-009,0.981818,0,0,0,-0.0020182,0.0569604,-0.0570337,0.633753,0.504783,1
1700,247.789,0,0,0,-3.34599e-008,5.96046e-009,0.981818,0,0,0,-0.00223137,0.0572212,-0.0567242,0.633753,0.504783,1
1710,230.755,0,0,0,-3.34599e-008,5.96046e-009,0.981818,0,0,0,-0.0020916,0.0572938,-0.0562362,0.633753,0.504783,1
1720,227.167,0,0,0,-3.34599e-008,5.96046e-009,0.981818,0,0,0,-0.00176124,0.0570514,-0.0553685,0.633753,0.504783,1
1730,238.185,0,0,0,-3.34599e-008,5.96046e-009,0.981818,0,0,0,-0.00144885,0.0567678,-0.0541702,0.633753,0.504783,1
1740,257.935,0,0,0,-3.34599e-008,5.96046e-009,0.981818,0,0,0,-0.00100763,0.0565634,-0.0528376,0.633753,0.504783,1
1750,274.751,0,0,0,-3.34599e-008,5.96046e-009,0.981818,0,0,0,-0.000289951,0.0562535,-0.0517232,0.633753,0.504783,1
1760,273.011,0,0,0,-3.34599e-008,5.96046e-009,0.981818,0,0,0,0.000230928,0.0559089,-0.0508322,0.633753,0.504783,1
1770,259.583,0,0,0,-3.34599e-008,5.96046e-009,0.981818,0,0,0,0.000179296,0.0555578,-0.0498827,0.633753,0.504783,1
1780,242.146,0,0,0,-3.34599e-008,5.96046e-009,0.981818,0,0,0,-0.000187975,0.0551229,-0.0487371,0.633753,0.504783,1
1790,234.061,0,0,0,-3.34599e-008,5.96046e-009,0.981818,0,0,0,-0.000424736,0.0547588,-0.0476375,0.633753,0.504783,1
1800,247.861,0,0,0,-3.34599e-008,5.96046e-009,0.981818,0,0,0,-0.000547918,0.0547324,-0.0467467,0.633753,0.504783,1
1810,275.02,0,0,0,-3.34599e-008,5.96046e-009,0.981818,0,0,0,-0.000508076,0.0548408,-0.0460237,0.633753,0.504783,1
1820,301.423,0,0,0,-3.34599e-008,5.96046e-009,0.981818,0,0,0,-0.000362897,0.0547373,-0.0453603,0.633753,0.504783,1
1830,330.582,0,0,0,-3.34599e-008,5.96046e-009,0.981818,0,0,0,-0.0002634,0.0544933,-0.0447773,0.633753,0.504783,1
1840,352.434,0,0,0,-3.34599e-008,5.96046e-009,0.981818,0,0,0,-0.000318156,0.0544324,-0.0443953,0.633753,0.504783,1
1850,360.274,0,0,0,-3.34599e-008,5.96046e-009,0.981818,0,0,0,-0.000242129,0.0546768,-0.0441853,0.633753,0.504783,1
1860,349.389,0,0,0,-3.34599e-008,5.96046e-009,0.981818,0,0,0,-7.39451e-005,0.0551142,-0.0440478,0.633753,0.504783,1
1870,328.459,0,0,0,-3.34599e-008,5.96046e-009,0.981818,0,0,0,7.85053e-005,0.0556451,-0.0439484,0.633753,0.504783,1
1880,323.61,0,0,0,-3.34599e-008,5.96046e-009,0.981818,0,0,0,8.67624e-005,0.0562078,-0.0438485,0.633753,0.504783,1
1890,342.096,0,0,0,-3.34599e-008,5.96046e-009,0.981818,0,0,0,-3.3096e-006,0.0566798,-0.0435507,0.633753,0.504783,1
1900,364.922,0,0,0,-3.34599e-008,5.96046e-009,0.981818,0,0,0,-0.00035796,0.0569611,-0.0431008,0.633753,0.504783,1
1910,378.036,0,0,0,-3.34599e-008,5.96046e-009,0.981818,0,0,0,-0.000924026,0.0572115,-0.0427951,0.633753,0.504783,1
1920,379.699,0,0,0,-3.34599e-008,5.96046e-009,0.981818,0,0,0,-0.00154379,0.0574038,-0.042781,0.633753,0.504783,1
1930,377.455,0,0,0,-3.34599e-008,5.96046e-009,0.981818,0,0,0,-0.00181771,0.057192,-0.0427669,0.633753,0.504783,1
1940,382.547,0,0,0,-3.34599e-008,5.96046e-009,0.981818,0,0,0,-0.001689,0.0564908,-0.0426525,0.633753,0.504783,1
1950,386.588,0,0,0,-3.34599e-008,5.96046e-009,0.981818,0,0,0,-0.00124967,0.0557592,-0.042664,0.633753,0.504783,1
1960,386.408,0,0,0,-3.34599e-008,5.96046e-009,0.981818,0,0,0,-0.000719838,0.0551764,-0.0431363,0.633753,0.504783,1
1970,380.126,0,0,0,-3.34599e-008,5.96046e-009,0.981818,0,0,0,-0.000233742,0.0546088,-0.0439494,0.633753,0.504783,1
1980,359.05,0,0,0,-3.34599e-008,5.96046e-009,0.981818,0,0,0,-0.000180076,0.0541617,-0.0447519,0.633753,0.504783,1
1990,335.451,0,0,0,-3.34599e-008,5.96046e-009,0.981818,0,0,0,-0.000600233,0.0541401,-0.0453043,0.633753,0.504783,1
2000,949.375,0,0,-6.58868,-0.00112073,0.054398,0.978518,0,0,0,-0.00117,0.0544314,-0.0457401,0.633786,0.504339,1
2010,923.998,0,0,-6.47749,-0.00112073,0.054398,0.945826,0,0,0,-0.00156291,0.0547156,-0.046057,0.633724,0.504171,1
2020,912.728,0,0,-6.36902,-0.00112073,0.054398,0.913684,0,0,0,-0.00192558,0.0548398,-0.0461753,0.633607,0.503806,1
2030,899.377,0,0,-6.26308,-0.00112073,0.054398,0.882078,0,0,0,-0.00232586,0.054747,-0.0460771,0.633411,0.503297,1
2040,868.396,0,0,-6.16008,-0.00112073,0.054398,0.850996,0,0,0,-0.00273113,0.0543407,-0.0458598,0.633115,0.502637,1
2050,813.028,0,0,-6.06159,-0.00112073,0.054398,0.820419,0,0,0,-0.0029578,0.0538485,-0.0455065,0.632773,0.501954,1
2060,747.4,0,0,-5.96903,-0.00112073,0.054398,0.790322,0,0,0,-0.0030141,0.0537897,-0.0451306,0.632434,0.501341,1
2070,690.427,0,0,-5.88281,-0.00112073,0.054398,0.760674,0,0,0,-0.00311022,0.0543337,-0.0448631,0.632113,0.500824,1
2080,654.269,0,0,-5.80208,-0.00112073,0.054398,0.731443,0,0,0,-0.00335458,0.054913,-0.0445953,0.631853,0.500463,1
2090,637.493,0,0,-5.72493,-0.00112073,0.054398,0.702608,0,0,0,-0.00347165,0.055081,-0.0441272,0.631599,0.500162,1
2100,630.303,0,0,-5.64994,-0.00112073,0.054398,0.674152,0,0,0,-0.00328833,0.0551222,-0.0435904,0.631275,0.499814,1
2110,634.648,0,0,-5.57604,-0.00112073,0.054398,0.646069,0,0,0,-0.00290633,0.0553491,-0.0433404,0.631047,0.499572,1
2120,646.592,0,0,-5.50222,-0.00112073,0.054398,0.618355,0,0,0,-0.00254808,0.0554736,-0.0435333,0.631047,0.499572,1
2130,653.604,0,0,-5.42829,-0.00112073,0.054398,0.59101,0,0,0,-0.00244158,0.0551546,-0.0440614,0.63105,0.499583,1
2140,649.253,-1.2154e-007,5.46508e-009,-5.35533,-0.00112073,0.054398,0.564034,0.00982392,-0.000441736,0.0765866,-0.00260775,0.0545532,-0.0446648,0.63105,0.499583,1
2150,634.622,-2.534e-006,1.04447e-007,-5.28431,-0.00112074,0.054398,0.537418,0.00949631,-0.000385371,0.102981,-0.00282409,0.0539174,-0.0452027,0.63105,0.499583,1
2160,611.583,-4.49191e-006,2.5947e-007,-5.21621,-0.00112075,0.054398,0.511151,0.0062535,-0.00112258,0.139462,-0.00285751,0.0533416,-0.0456041,0.63105,0.499583,1
2170,592.394,-5.52849e-006,7.96149e-007,-5.15125,-0.00112078,0.054398,0.485217,0.00272074,-0.00352778,0.190817,-0.00270901,0.0530236,-0.0459475,0.63105,0.499583,1
2180,584.782,-7.01027e-006,2.16581e-006,-5.08857,-0.00112081,0.054398,0.459602,0.117723,-0.0163449,0.674958,-0.00250663,0.0531486,-0.0462196,0.631052,0.499621,1
2190,578.716,-4.14662e-005,6.69784e-006,-5.02733,-0.00112092,0.0543981,0.434298,0.179113,-0.0101923,1.97865,-0.00248142,0.0534548,-0.046399,0.631051,0.49978,1
2200,560.834,-9.60491e-005,9.4433e-006,-4.96859,-0.00112126,0.0543981,0.409295,0.268802,-0.0239849,2.5744,-0.00254013,0.0536595,-0.0463532,0.631051,0.49978,1
2210,541.909,-0.000177597,1.53948e-005,-4.91308,-0.00112193,0.0543982,0.384578,0.400816,-0.00852886,3.3113,-0.00237813,0.0539338,-0.0462766,0.631052,0.499801,1
2220,528.796,-0.000287515,1.43363e-005,-4.86028,-0.00112309,0.0543982,0.360132,0.0190061,0.137315,4.96858,-0.00198269,0.054488,-0.0463549,0.631085,0.50006,1
2230,514.706,-0.000289514,-3.38028e-005,-4.81025,-0.00112454,0.0543982,0.335944,-0.0945031,0.773071,6.92681,-0.00172053,0.0550279,-0.0465782,0.631114,0.50018,1
2240,502.462,-0.000251373,-0.000255915,-4.76308,-0.0011259,0.0543975,0.311999,-0.144751,0.966042,10.2848,-0.00156734,0.0552621,-0.0465124,0.631157,0.500299,1
2250,493.185,-0.000186293,-0.000526044,-4.71874,-0.00112701,0.0543956,0.288284,0.0758549,0.774917,12.99,-0.00147632,0.0554001,-0.0460928,0.631257,0.500586,1
2260,488.313,-0.000151357,-0.000753166,-4.67626,-0.00112791,0.0543924,0.264785,-0.413043,1.89255,13.3808,-0.0014787,0.0557428,-0.045426,0.631366,0.500924,1
2270,481.314,6.87153e-005,-0.00127134,-4.63469,-0.00112823,0.0543874,0.241497,-1.49209,2.17997,9.3155,-0.00148995,0.0561753,-0.0447354,0.631454,0.501232,1
2280,470.511,0.000800178,-0.00187675,-4.59274,-0.00112643,0.0543796,0.218417,-5.1206,2.46304,-5.3114,-0.00134221,0.056519,-0.0439791,0.6315,0.501427,1
2290,457.271,0.00326144,-0.00263804,-4.54709,-0.00111751,0.0543685,0.195555,-17.1269,3.94472,-42.6121,-0.00133065,0.056853,-0.043361,0.631503,0.501441,1
2300,445.355,0.0117838,-0.0039794,-4.48956,-0.00108442,0.0543523,0.172946,-61.5901,7.51485,-127.542,-0.00153944,0.0572037,-0.0428852,0.631503,0.501441,1
2310,439.908,0.042156,-0.00654935,-4.40186,-0.000965142,0.0543267,0.150689,-213.835,14.2336,-316.657,-0.0017469,0.0573623,-0.042537,0.631503,0.501441,1
2320,437.142,0.139587,-0.0112161,-4.24413,-0.000555039,0.0542833,0.129023,-642.47,24.0952,-729.185,-0.00170691,0.0572269,-0.0421487,0.631503,0.501441,1
2330,428.399,0.396802,-0.0174907,-3.94836,0.000693986,0.0542114,0.10846,-1522.95,23.3954,-1440.97,-0.00148853,0.0567752,-0.0418579,0.631503,0.501441,1
2340,418.986,0.891198,-0.0191417,-3.48344,0.00382146,0.0541156,0.0898163,-2400.55,-16.8763,-1988.6,-0.0011588,0.0559404,-0.0415836,0.631503,0.501441,1
2350,427.653,1.46542,-0.0078671,-2.99074,0.0097537,0.0540426,0.0736616,-2062.4,-66.8749,-1664.1,-0.000892739,0.054861,-0.0411378,0.631503,0.501441,1
2360,437.416,1.8152,0.00954205,-2.63723,0.0180918,0.0540469,0.0596525,-828.62,-67.8309,-1052.97,-0.000792697,0.0540675,-0.040275,0.631503,0.501441,1
2370,424.736,1.86179,0.0250294,-2.39357,0.0274049,0.0541341,0.0470952,285.983,-61.1109,-830.557,-0.000950121,0.0537894,-0.0393994,0.631513,0.501504,1
2380,395.789,1.66888,0.041152,-2.16403,0.0363234,0.0542985,0.0356882,1148.29,-71.6941,-931.348,-0.00131448,0.0536354,-0.0389352,0.63157,0.501802,1
2390,373.882,1.27937,0.0595052,-1.90272,0.0437763,0.0545497,0.0255048,1923.96,-76.3213,-1072.33,-0.0016942,0.0532911,-0.0389264,0.631656,0.502193,1
2400,365.141,0.714938,0.0762573,-1.63078,0.0488274,0.0548913,0.0166759,2537.28,-56.9776,-1015.4,-0.00180019,0.0530532,-0.0390685,0.63178,0.502698,1
2410,369.957,0.0677402,0.0865149,-1.39943,0.0507845,0.0553012,0.00912339,2552.23,-29.0037,-785.805,-0.0016357,0.0531562,-0.0394415,0.631936,0.503287,1
2420,371.874,-0.51514,0.0882978,-1.23031,0.0496222,0.055743,0.00257538,2160.9,14.0445,-523.067,-0.00129295,0.0533792,-0.0401476,0.632098,0.50385,1
2430,366.103,-1.01528,0.0785841,-1.12934,0.0457719,0.0561653,-0.00329638,1943.64,62.177,-255.983,-0.000924286,0.0535603,-0.0412154,0.63223,0.504274,1
2440,364.698,-1.4676,0.0575696,-1.08365,0.0395385,0.0565095,-0.00881315,1711.88,96.6835,-95.4219,-0.000735125,0.0539261,-0.0426361,0.632313,0.504518,1
2450,367.967,-1.83315,0.0345472,-1.06442,0.0312388,0.0567383,-0.0141779,1287.04,83.9221,-31.0912,-0.000748685,0.0545512,-0.0443905,0.632345,0.504598,1
2460,370.981,-2.08825,0.0153008,-1.05451,0.0213868,0.0568618,-0.0194747,856.754,73.3885,-13.0963,-0.00074496,0.0551806,-0.0462055,0.632345,0.504598,1
2470,373.464,-2.24207,-0.00250373,-1.046,0.0105176,0.0568932,-0.0247278,470.4,67.4288,-18.0456,-0.00067822,0.0556607,-0.0479519,0.632345,0.504598,1
2480,367.246,-2.29623,-0.0160844,-1.03561,-0.000874881,0.0568438,-0.0299333,52.5554,39.5883,-20.4283,-0.000630139,0.0560058,-0.0497113,0.632345,0.504598,1
2490,349.454,-2.24797,-0.0214035,-1.02925,-0.0122809,0.0567464,-0.0350931,-369.642,5.36539,6.92138,-0.00038958,0.0560755,-0.0515679,0.632345,0.504598,1
2500,326.581,-2.09184,-0.0193739,-1.03542,-0.023182,0.0566416,-0.0402476,-860.103,-21.4277,75.5287,0.000225412,0.0557629,-0.0534794,0.632345,0.504598,1
2510,304.912,-1.80697,-0.0112268,-1.06673,-0.0329877,0.0565631,-0.0454905,-1422.81,-40.33,189.585,0.00101276,0.0553568,-0.0554255,0.632345,0.504598,1
2520,287.592,-1.3908,-8.3914e-005,-1.12829,-0.041033,0.0565337,-0.0509658,-1911.15,-50.8472,296.998,0.00150602,0.0551953,-0.0573994,0.632345,0.504598,1
2530,280.037,-0.888192,0.0133281,-1.20811,-0.0467501,0.0565664,-0.0568042,-2103,-55.9194,316.578,0.00162093,0.0551916,-0.0593341,0.632345,0.504598,1
2540,279.388,-0.371853,0.0298165,-1.28946,-0.0498941,0.0566713,-0.0630459,-2044.88,-82.0256,330.681,0.00148155,0.0550925,-0.0611774,0.632345,0.504598,1
2550,280.807,0.108379,0.0516652,-1.37695,-0.0505275,0.0568748,-0.0697093,-1804.21,-85.5267,351.041,0.00134499,0.0549693,-0.0629651,0.632345,0.504598,1
2560,274.273,0.515123,0.0722748,-1.46825,-0.0489339,0.0571851,-0.0768197,-1466.82,-78.9746,361.975,0.00130259,0.0550275,-0.0647109,0.632345,0.504598,1
2570,266.795,0.834967,0.0876041,-1.55925,-0.0455209,0.0575889,-0.0843902,-1101.28,-40.5953,331.855,0.00147635,0.0552187,-0.0662742,0.632345,0.504598,1
2580,259.457,1.07143,0.0955048,-1.64237,-0.0407237,0.0580483,-0.0923964,-788.469,-23.0574,290.681,0.00164326,0.0552732,-0.0675675,0.632345,0.504598,1
2590,248.391,1.23646,0.0996663,-1.71274,-0.0349265,0.0585376,-0.10079,-508.057,-9.25787,211.429,0.00153589,0.0551464,-0.0687326,0.632345,0.504598,1
2600,242.525,1.3424,0.102039,-1.76642,-0.02846,0.0590422,-0.109491,-300.228,-3.91488,146.402,0.000978026,0.0549341,-0.0699468,0.632345,0.504598,1
2610,241.678,1.40524,0.101836,-1.80692,-0.0215772,0.0595533,-0.118427,-149.366,10.3008,97.3492,0.000333525,0.0546742,-0.0711331,0.632345,0.504598,1
2620,239.169,1.4372,0.0983488,-1.83856,-0.0144623,0.0600549,-0.127541,-41.3836,23.489,69.018,-9.95154e-005,0.0544017,-0.0722256,0.632345,0.504598,1
2630,236.039,1.44477,0.0909877,-1.8648,-0.00724991,0.06053,-0.136798,54.2291,41.7043,45.4499,-5.81183e-005,0.054309,-0.0733171,0.632345,0.504598,1
2640,235.748,1.43096,0.078158,-1.88691,-5.44082e-005,0.0609556,-0.146176,136.31,68.9103,30.9734,0.000380687,0.0543397,-0.0743923,0.632345,0.504598,1
2650,243.882,1.39633,0.0563222,-1.90566,0.00702047,0.0612966,-0.155656,213.583,114.417,23.4975,0.00107704,0.0542443,-0.0751661,0.632345,0.504598,1
2660,267.717,1.34018,0.0198973,-1.91942,0.01387,0.0614947,-0.165219,290.409,185.907,23.025,0.00159282,0.0540549,-0.0755581,0.632345,0.504598,1
2670,296.566,1.25973,-0.0382328,-1.92863,0.0203794,0.0614597,-0.17484,371.312,288.51,28.1542,0.00180302,0.0541218,-0.0757766,0.632345,0.504598,1
2680,324.225,1.15813,-0.125502,-1.93461,0.0264325,0.0610642,-0.184499,438.976,420.938,36.2892,0.00164702,0.0544388,-0.075908,0.632345,0.504598,1
2690,340.76,1.04025,-0.247138,-1.9398,0.0319342,0.0601474,-0.194186,483.674,563.154,46.0655,0.00120462,0.0546445,-0.0757612,0.632345,0.504598,1
2700,342.361,0.914484,-0.399538,-1.94743,0.0368237,0.0585408,-0.203903,502.744,662.73,67.1346,0.000405893,0.0545726,-0.0753115,0.632345,0.504598,1
2710,344.301,0.790658,-0.564422,-1.96113,0.0410829,0.0561301,-0.213674,463.016,661.027,90.8314,-0.000560536,0.0544465,-0.0748008,0.632345,0.504598,1
2720,356.028,0.683869,-0.714354,-1.97861,0.0447604,0.0529208,-0.223524,373.037,554.499,105.303,-0.00147846,0.0544886,-0.0744494,0.632345,0.504598,1
2730,371.265,0.601799,-0.829327,-1.99568,0.0479642,0.0490438,-0.233463,267.796,398.784,100.522,-0.00211221,0.0547937,-0.0741996,0.632345,0.504598,1
2740,385.244,0.54354,-0.904621,-2.00873,0.0508193,0.0446916,-0.243479,182.015,249.708,88.8104,-0.00239834,0.0553679,-0.0740013,0.632514,0.504636,1
2750,396.067,0.503997,-0.945557,-2.01664,0.053432,0.0400519,-0.253548,115.505,130.086,69.4559,-0.00231583,0.0560139,-0.0739061,0.632706,0.504667,1
2760,396.073,0.478584,-0.960359,-2.01912,0.0558842,0.0352763,-0.263642,68.3813,41.2433,51.407,-0.00205222,0.0563695,-0.0738365,0.63289,0.504685,1
2770,383.608,0.462683,-0.956366,-2.01873,0.058235,0.0304763,-0.27374,41.0002,-25.7521,42.0008,-0.00189039,0.0564549,-0.0735111,0.633068,0.504693,1
2780,367.935,0.451695,-0.938214,-2.01931,0.0605204,0.0257332,-0.283837,32.0502,-81.63,45.7591,-0.0020078,0.0566939,-0.0729868,0.633068,0.504693,1
2790,366.142,0.441309,-0.907388,-2.02326,0.062754,0.0211128,-0.293944,37.7846,-133.365,61.3192,-0.0023023,0.0572214,-0.0726809,0.633068,0.504693,1
2800,372.336,0.427953,-0.863988,-2.03185,0.0649295,0.0166781,-0.304082,54.6791,-182.656,86.8573,-0.00263914,0.0576165,-0.0727134,0.633068,0.504693,1
2810,370.362,0.409432,-0.809126,-2.04723,0.067026,0.0124899,-0.314278,79.042,-225.771,117.826,-0.00304424,0.0575597,-0.0727001,0.633068,0.504693,1
2820,360.818,0.38498,-0.74581,-2.07109,0.0690149,0.00859897,-0.324573,103.238,-253.584,149.058,-0.00355333,0.0571081,-0.0724088,0.633068,0.504693,1
2830,338.777,0.355872,-0.67927,-2.10364,0.0708688,0.00503559,-0.335008,119.024,-258.757,171.624,-0.00406179,0.0563723,-0.0720686,0.633293,0.504566,1
2840,309.918,0.32536,-0.616145,-2.14363,0.0725717,0.00179962,-0.345625,119.673,-237.452,177.573,-0.00428835,0.0555271,-0.0719343,0.633492,0.504427,1
2850,293.99,0.297317,-0.562279,-2.18634,0.0741267,-0.00114163,-0.35645,104.545,-194.909,163.355,-0.00399196,0.0549583,-0.0719565,0.633792,0.504186,1
2860,296.063,0.274456,-0.520535,-2.22449,0.0755535,-0.00384328,-0.36748,80.5941,-143.824,133.987,-0.00319332,0.0548234,-0.0720202,0.634158,0.50386,1
2870,304.578,0.257597,-0.490827,-2.25314,0.0768811,-0.00636691,-0.378679,56.0238,-96.9328,98.4756,-0.00231258,0.0547316,-0.0721581,0.634582,0.503449,1
2880,314.812,0.246167,-0.47118,-2.27134,0.0781385,-0.00876833,-0.389995,35.5231,-60.3565,64.3877,-0.00173599,0.0544389,-0.0723687,0.634846,0.503162,1
2890,323.604,0.238909,-0.458859,-2.28024,0.0793498,-0.0110911,-0.401378,20.7496,-35.1201,37.1633,-0.00169152,0.054327,-0.0725084,0.634897,0.503098,1
2900,333.541,0.234443,-0.451224,-2.28179,0.0805325,-0.013365,-0.412787,11.8262,-19.7343,17.6197,-0.00214439,0.0547196,-0.0724928,0.634959,0.503006,1
2910,334.882,0.231601,-0.446349,-2.27851,0.0816972,-0.0156083,-0.424191,6.68792,-10.7124,5.93257,-0.00298226,0.055297,-0.0725192,0.635058,0.502833,1
2920,326.542,0.229798,-0.44333,-2.27365,0.0828505,-0.0178322,-0.435572,3.76458,-5.67422,-1.39984,-0.00378668,0.0556893,-0.0726793,0.635086,0.502772,1
2930,315.514,0.228725,-0.441625,-2.26917,0.0839966,-0.0200443,-0.44693,2.19113,-3.1632,-4.64798,-0.0042435,0.0559837,-0.0727898,0.635111,0.50271,1
2940,308.439,0.228095,-0.44069,-2.26567,0.0851386,-0.0222499,-0.458267,1.35913,-1.01335,-6.3588,-0.00428095,0.056283,-0.0727367,0.635177,0.502512,1
2950,300.76,0.227736,-0.440408,-2.26313,0.0862781,-0.0244524,-0.469589,1.03736,-0.19395,-6.29256,-0.00411381,0.0564509,-0.0727546,0.63524,0.502279,1
2960,291.798,0.227605,-0.440603,-2.2624,0.0874163,-0.0266547,-0.480902,0.533926,0.215284,-5.99851,-0.00372193,0.056488,-0.072869,0.635298,0.501983,1
2970,291.044,0.227675,-0.441064,-2.2628,0.0885544,-0.0288588,-0.492214,0.418038,0.561287,-5.72696,-0.00315319,0.0565666,-0.0728141,0.635355,0.501586,1
2980,301.844,0.227652,-0.441362,-2.26212,0.0896928,-0.0310649,-0.503527,0.194483,0.936508,-5.14579,-0.00250203,0.0566984,-0.0724208,0.635393,0.501258,1
2990,319.353,0.227405,-0.441207,-2.2589,0.0908306,-0.0332717,-0.514832,0.16182,0.972739,-4.63633,-0.00203229,0.0567808,-0.0719014,0.635427,0.501053,1
3000,334.456,0.226878,-0.440496,-2.25297,0.0919666,-0.0354764,-0.526114,0.15361,0.922612,-4.15053,-0.00183185,0.0568942,-0.071432,0.635507,0.501006,1
3010,344.985,0.226164,-0.439399,-2.24528,0.0930994,-0.0376766,-0.537361,0.150776,0.834879,-3.68855,-0.00197289,0.0572096,-0.0710725,0.635637,0.50107,1
3020,349.183,0.225352,-0.438088,-2.23671,0.0942284,-0.0398707,-0.548568,-0.0469823,1.04199,-2.83195,-0.00209611,0.057662,-0.0707789,0.635673,0.501134,1
3030,342.909,0.224601,-0.436852,-2.22853,0.0953534,-0.0420584,-0.559733,0.0603901,0.795915,-1.74409,-0.00199642,0.0579763,-0.0705147,0.635699,0.501309,1
3040,329.962,0.223983,-0.435863,-2.22214,0.096475,-0.0442403,-0.57086,0.0634288,0.691963,-1.57187,-0.00174726,0.0581079,-0.0701082,0.635705,0.501462,1
3050,317.278,0.223577,-0.435265,-2.2179,0.0975939,-0.0464182,-0.581961,0.0662717,0.594092,-1.37983,-0.00166334,0.0583238,-0.0694557,0.635737,0.501569,1
3060,306.51,0.223354,-0.434999,-2.21553,0.0987112,-0.0485938,-0.593044,0.06749,0.514183,-1.2474,-0.0017283,0.058782,-0.0686392,0.635741,0.501574,1
3070,299.784,0.223293,-0.435032,-2.2148,0.0998278,-0.0507688,-0.604119,0.0667479,0.446598,-1.13168,-0.00201552,0.0593272,-0.0680053,0.635741,0.501574,1
3080,290.768,0.223364,-0.435304,-2.21539,0.100944,-0.0529445,-0.615194,0.0655187,0.388836,-1.03007,-0.00229227,0.0597651,-0.0677378,0.635741,0.501574,1
3090,268.543,0.223751,-0.43618,-2.21914,0.102062,-0.0551226,-0.626277,0.0644762,0.337011,-0.936099,-0.00228211,0.0599838,-0.0677654,0.635741,0.501574,1
3100,240.601,0.22479,-0.43831,-2.22937,0.103183,-0.0573077,-0.637393,-0.0853608,0.217727,-0.539042,-0.00193312,0.0599134,-0.067799,0.635907,0.501631,1
3110,222.028,0.226552,-0.441758,-2.24653,0.10431,-0.0595065,-0.648576,-0.0719412,0.182774,-0.48143,-0.0016925,0.0596462,-0.0675979,0.636138,0.501675,1
3120,219.225,0.228663,-0.445883,-2.26718,0.105448,-0.0617246,-0.659854,-0.0605458,0.15293,-0.428806,-0.00155803,0.0594767,-0.0669577,0.636622,0.501733,1
3130,233.9,0.230548,-0.449566,-2.28563,0.106595,-0.0639627,-0.671234,-0.0510124,0.12784,-0.381571,-0.00140393,0.0594769,-0.0659778,0.63699,0.501743,1
3140,251.621,0.231887,-0.452183,-2.2987,0.107751,-0.0662168,-0.682693,-0.0428851,0.106362,-0.338568,-0.00126551,0.0593844,-0.0649145,0.637304,0.501723,1
3150,261.813,0.232843,-0.454052,-2.30801,0.108913,-0.0684821,-0.694209,0,0,0,-0.00120423,0.0590366,-0.0639714,0.637438,0.501697,1
3160,270.742,0.233579,-0.455488,-2.31531,0.110079,-0.0707558,-0.705766,0,0,0,-0.000903228,0.0586312,-0.0630421,0.637438,0.501697,1
3170,279.35,0.234097,-0.456498,-2.32044,0.111248,-0.0730357,-0.717355,0,0,0,-0.000471955,0.0584382,-0.062074,0.637438,0.501697,1
3180,291.032,0.234398,-0.457085,-2.32343,0.11242,-0.0753197,-0.728965,0,0,0,-0.000228734,0.0584521,-0.0610774,0.637512,0.501641,1
3190,305.658,0.23442,-0.457129,-2.32365,0.113592,-0.0776055,-0.740584,0,0,0,-0.000136416,0.0586009,-0.0601995,0.637752,0.501479,1
3200,316.882,0.234182,-0.456664,-2.32128,0.114763,-0.0798902,-0.752198,0,0,0,0.000111001,0.0589891,-0.0593741,0.638144,0.50124,1
3210,315.695,0.233861,-0.456038,-2.3181,0.115933,-0.0821721,-0.763797,0,0,0,0.000383228,0.0597527,-0.0585712,0.638731,0.500905,1
3220,305.518,0.233661,-0.455648,-2.31612,0.117102,-0.0844513,-0.775382,0,0,0,0.000471575,0.0606665,-0.0578319,0.639287,0.500612,1
3230,298.686,0.233641,-0.455609,-2.31592,0.11827,-0.0867293,-0.786962,0,0,0,0.000412439,0.0614221,-0.0573414,0.63973,0.500402,1
3240,302.303,0.23364,-0.455607,-2.31591,0.119439,-0.0890074,-0.798542,0,0,0,0.00036404,0.0618668,-0.0569976,0.640204,0.500193,1
3250,311.706,0.233503,-0.45534,-2.31456,0.120607,-0.091285,-0.810119,0,0,0,0.000287049,0.0619361,-0.056721,0.640865,0.499903,1
3260,324.568,0.233149,-0.454649,-2.31104,0.121773,-0.0935603,-0.821685,0,0,0,0.000167011,0.0616019,-0.0564125,0.641624,0.49956,1
3270,325.719,0.232673,-0.453721,-2.30633,0.122938,-0.0958315,-0.833229,0,0,0,0.000167839,0.0611809,-0.0560885,0.642328,0.499226,1
3280,312.635,0.232313,-0.45302,-2.30276,0.124101,-0.0980983,-0.844752,0,0,0,0.000329943,0.0608731,-0.0557295,0.642941,0.498922,1
3290,297.677,0.232241,-0.45288,-2.30205,0.125262,-0.100363,-0.856263,0,0,0,0.000417171,0.0604642,-0.055608,0.643475,0.498644,1
3300,291.51,0.232359,-0.45311,-2.30322,0.126423,-0.102628,-0.867775,0,0,0,0.000315695,0.0598712,-0.0559972,0.643951,0.498381,1
3310,286.708,0.232584,-0.453548,-2.30545,0.127586,-0.104894,-0.879296,0,0,0,0.000196154,0.0595274,-0.0569778,0.644306,0.498167,1
3320,285.038,0.232874,-0.454114,-2.30832,0.128749,-0.107163,-0.89083,0,0,0,-2.37793e-005,0.0595405,-0.0582237,0.644504,0.498034,1
3330,279.184,0.233237,-0.454822,-2.31192,0.129914,-0.109435,-0.902379,0,0,0,-0.000508349,0.0595305,-0.059345,0.644541,0.498024,1
3340,264.87,0.233839,-0.455995,-2.31788,0.131082,-0.111712,-0.91395,0,0,0,-0.00111302,0.0592946,-0.060028,0.644685,0.497994,1
3350,251.101,0.234834,-0.457936,-2.32775,0.132253,-0.113996,-0.925561,0,0,0,-0.00157831,0.0590657,-0.0601807,0.644685,0.497994,1
3360,248.726,0.236039,-0.460286,-2.3397,0.13343,-0.116291,-0.937226,0,0,0,-0.00208539,0.0588948,-0.0598978,0.644685,0.497994,1
3370,253.614,0.237194,-0.462538,-2.35114,0.134613,-0.118597,-0.948951,0,0,0,-0.00263454,0.0587279,-0.0593815,0.644685,0.497994,1
3380,265.945,0.238119,-0.464341,-2.36031,0.135801,-0.120914,-0.960728,0,0,0,-0.00286471,0.058756,-0.0588114,0.644685,0.497994,1
3390,287.687,0.238609,-0.465297,-2.36517,0.136993,-0.123239,-0.972543,0,0,0,-0.00254203,0.0591798,-0.0583001,0.644685,0.497994,1
3400,308.237,0.238615,-0.465309,-2.36523,0.138186,-0.125565,-0.984371,0,0,0,-0.00203405,0.0597518,-0.0580203,0.644685,0.497994,1
3410,314.824,0.238365,-0.464821,-2.36275,0.139379,-0.127891,-0.996192,0,0,0,-0.00153977,0.0602564,-0.0581564,0.644685,0.497994,1
3420,314.411,0.23809,-0.464286,-2.36003,0.14057,-0.130214,0.992001,0,0,0,-0.00107091,0.0608844,-0.0587914,0.644685,0.497994,1
3430,314.345,0.237815,-0.463749,-2.3573,0.14176,-0.132534,0.980207,0,0,0,-0.000695849,0.0617365,-0.0596973,0.644685,0.497994,1
3440,314.447,0.237546,-0.463225,-2.35463,0.142948,-0.134852,0.968426,0,0,0,-0.000630289,0.0623478,-0.0606193,0.644685,0.497994,1
3450,320.919,0.237224,-0.462597,-2.35144,0.144135,-0.137166,0.95666,0,0,0,-0.000676129,0.0624039,-0.0614019,0.644685,0.497994,1
3460,333.343,0.236721,-0.461616,-2.34646,0.14532,-0.139477,0.944913,0,0,0,-0.000797683,0.062294,-0.0621203,0.644685,0.497994,1
3470,336.338,0.236083,-0.46037,-2.34013,0.146502,-0.141783,0.933195,0,0,0,-0.001132,0.0624222,-0.0628769,0.644865,0.497932,1
3480,323.63,0.235537,-0.459307,-2.33472,0.147681,-0.144082,0.921507,0,0,0,-0.00170497,0.0625833,-0.0638713,0.644944,0.497895,1
3490,298.304,0.235344,-0.45893,-2.33281,0.148859,-0.146377,0.90984,0,0,0,-0.00218978,0.0625079,-0.0650397,0.644944,0.497895,1
3500,277.19,0.235647,-0.459521,-2.33581,0.150036,-0.148673,0.898171,0,0,0,-0.0025741,0.0623318,-0.0662043,0.644944,0.497895,1
3510,271.731,0.236224,-0.460646,-2.34153,0.151215,-0.150973,0.886479,0,0,0,-0.0027914,0.0621383,-0.0670925,0.644944,0.497895,1
3520,272.069,0.236838,-0.461844,-2.34762,0.152398,-0.153279,0.874758,0,0,0,-0.00267068,0.0618212,-0.067711,0.644944,0.497895,1
3530,270.662,0.237456,-0.463049,-2.35374,0.153583,-0.155591,0.863006,0,0,0,-0.00214811,0.0614615,-0.0681935,0.644944,0.497895,1
3540,266.121,0.238154,-0.464411,-2.36066,0.154772,-0.157909,0.851222,0,0,0,-0.00151135,0.0613045,-0.0687315,0.644944,0.497895,1
3550,258.127,0.239025,-0.466109,-2.36929,0.155965,-0.160235,0.839401,0,0,0,-0.000858877,0.061261,-0.0691617,0.644944,0.497895,1
3560,248.952,0.240131,-0.468266,-2.38026,0.157162,-0.16257,0.827531,0,0,0,-0.000411461,0.0611329,-0.0693938,0.644944,0.497895,1
3570,245.796,0.241447,-0.470831,-2.3933,0.158366,-0.164917,0.8156,0,0,0,-0.000496616,0.0610405,-0.0694301,0.644944,0.497895,1
3580,255.063,0.242663,-0.473203,-2.40536,0.159576,-0.167277,0.803606,0,0,0,-0.00119596,0.0613212,-0.0695033,0.644944,0.497895,1
3590,274.58,0.243456,-0.474748,-2.41321,0.160791,-0.169646,0.791559,0,0,0,-0.00209662,0.0618714,-0.0698263,0.644944,0.497895,1
3600,292.915,0.243779,-0.47538,-2.41642,0.162009,-0.172022,0.779484,0,0,0,-0.00277844,0.0622691,-0.0706135,0.644944,0.497895,1
3610,307.568,0.243756,-0.475333,-2.41618,0.163228,-0.174399,0.767401,0,0,0,-0.00296444,0.0623418,-0.0716038,0.644944,0.497895,1
3620,310.368,0.243544,-0.47492,-2.41408,0.164447,-0.176775,0.755325,0,0,0,-0.00276453,0.0623823,-0.0724402,0.644944,0.497895,1
3630,298.064,0.243461,-0.474759,-2.41327,0.165664,-0.179149,0.743257,0,0,0,-0.00253427,0.062541,-0.0728887,0.644944,0.497895,1
3640,283.88,0.243677,-0.47518,-2.4154,0.166882,-0.181523,0.731188,0,0,0,-0.00248314,0.0627408,-0.0730594,0.644944,0.497895,1
3650,278.929,0.244101,-0.476007,-2.41961,0.168101,-0.183901,0.719101,0,0,0,-0.0024509,0.0629186,-0.0729718,0.645053,0.497835,1
3660,280.896,0.244553,-0.476888,-2.42409,0.169323,-0.186283,0.706993,0,0,0,-0.00227784,0.0630303,-0.0727207,0.645053,0.497835,1
3670,288.815,0.244875,-0.477517,-2.42728,0.170546,-0.188669,0.694865,0,0,0,-0.00201392,0.0627615,-0.072349,0.645053,0.497835,1
3680,297.652,0.245006,-0.477772,-2.42858,0.171771,-0.191057,0.682725,0,0,0,-0.00186206,0.0620189,-0.0719517,0.645053,0.497835,1
3690,304.877,0.244972,-0.477705,-2.42824,0.172996,-0.193446,0.670582,0,0,0,-0.00190619,0.0611529,-0.0714073,0.645053,0.497835,1
3700,314.767,0.24478,-0.477332,-2.42634,0.17422,-0.195834,0.658444,0,0,0,-0.00188427,0.0605572,-0.0706069,0.645053,0.497835,1
3710,333.004,0.244325,-0.476443,-2.42182,0.175443,-0.198219,0.646321,0,0,0,-0.00153742,0.0602351,-0.0694578,0.645053,0.497835,1
3720,352.629,0.243544,-0.47492,-2.41408,0.176663,-0.200598,0.634228,0,0,0,-0.0010279,0.0602,-0.0680398,0.645053,0.497835,1
3730,364.267,0.24253,-0.472944,-2.40404,0.177879,-0.202968,0.62218,0,0,0,-0.000767846,0.060566,-0.0664542,0.645053,0.497835,1
3740,361.09,0.241467,-0.47087,-2.3935,0.179089,-0.205328,0.610184,0,0,0,-0.000869348,0.0613161,-0.0649297,0.645053,0.497835,1
3750,343.166,0.240575,-0.469131,-2.38466,0.180294,-0.207678,0.598237,0,0,0,-0.0012122,0.0621274,-0.0637754,0.645053,0.497835,1
3760,327.459,0.239977,-0.467966,-2.37873,0.181496,-0.210021,0.586328,0,0,0,-0.00152386,0.0626976,-0.0631685,0.645053,0.497835,1
3770,325.585,0.239497,-0.467029,-2.37397,0.182695,-0.212359,0.574445,0,0,0,-0.00160738,0.0630285,-0.0629029,0.645053,0.497835,1
3780,317.446,0.239086,-0.466227,-2.36989,0.183891,-0.214692,0.562585,0,0,0,-0.00143431,0.0633609,-0.062632,0.645053,0.497835,1
3790,302.995,0.238908,-0.46588,-2.36813,0.185086,-0.217022,0.550741,0,0,0,-0.00127896,0.0638324,-0.0622509,0.645053,0.497835,1
3800,294.303,0.238948,-0.465957,-2.36852,0.186281,-0.219352,0.5389,0,0,0,-0.00124982,0.0644468,-0.0618845,0.645053,0.497835,1
3810,278.856,0.239219,-0.466486,-2.37121,0.187476,-0.221682,0.527053,0,0,0,-0.00121411,0.0651734,-0.0617029,0.645053,0.497835,1
3820,252.203,0.24003,-0.468068,-2.37926,0.188673,-0.224018,0.515182,-0.00511475,-0.0332826,0.0684029,-0.00096732,0.0658244,-0.0617697,0.645053,0.497835,1
3830,234.909,0.241498,-0.470919,-2.39381,0.189877,-0.226364,0.503255,-0.00563298,-0.0372335,0.0745389,-0.000653793,0.066132,-0.0621365,0.645236,0.49784,1
3840,240.244,0.243151,-0.47413,-2.4102,0.191088,-0.228726,0.491248,-0.00611625,-0.0420145,0.0815212,-0.000419678,0.066069,-0.0627678,0.645719,0.49798,1
3850,266.751,0.244255,-0.476267,-2.42114,0.192307,-0.231102,0.479169,-0.00656908,-0.047103,0.0885247,-0.000414096,0.0658577,-0.0636275,0.646494,0.498188,1
3860,294.545,0.244629,-0.476982,-2.42486,0.193529,-0.233486,0.467052,-0.00713565,-0.0528193,0.0963542,-0.000621017,0.0655794,-0.0645901,0.647247,0.498316,1
3870,303.324,0.244592,-0.476891,-2.4245,0.194752,-0.235871,0.454928,-0.0077067,-0.059551,0.105881,-0.00094121,0.0651633,-0.0655486,0.647758,0.498336,1
3880,289.989,0.244661,-0.477001,-2.4252,0.195975,-0.238255,0.442806,-0.111041,-0.372256,0.987345,-0.00112723,0.064548,-0.0663226,0.648174,0.498306,1
3890,277.314,0.24507,-0.477639,-2.42921,0.197199,-0.240641,0.430672,-0.128351,-0.440948,1.12727,-0.00137685,0.063821,-0.0668823,0.648453,0.498258,1
3900,270.513,0.245706,-0.478686,-2.43548,0.198426,-0.243032,0.418512,-0.21236,-0.94617,2.27389,-0.00192511,0.0631917,-0.0673843,0.64856,0.498228,1
3910,264.941,0.246512,-0.479883,-2.44349,0.199656,-0.245428,0.406317,-0.602636,-1.24797,3.5677,-0.00266251,0.062931,-0.0681853,0.648645,0.498194,1
3920,262.332,0.247539,-0.481246,-2.45306,0.200891,-0.24783,0.394078,-0.519447,-1.37336,4.50745,-0.00307159,0.0630643,-0.069305,0.648681,0.498172,1
3930,263.584,0.248543,-0.482575,-2.46286,0.202131,-0.250239,0.381791,-0.605524,-1.12758,6.08417,-0.00299927,0.0633652,-0.0705012,0.648681,0.498172,1
3940,260.879,0.249584,-0.483995,-2.47321,0.203376,-0.252655,0.369453,-0.675599,-1.24723,6.83397,-0.0026493,0.0634989,-0.0715253,0.648745,0.498049,1
3950,251.373,0.250844,-0.485766,-2.48573,0.204627,-0.255079,0.35706,-0.738013,-1.38634,7.7232,-0.00254961,0.0633942,-0.0725161,0.64878,0.497899,1
3960,250.641,0.252315,-0.487867,-2.50037,0.205884,-0.257512,0.344598,-1.18431,-1.46225,9.17325,-0.00288374,0.0632415,-0.0736219,0.648789,0.497876,1
3970,268.231,0.253631,-0.489422,-2.5127,0.207149,-0.259955,0.332066,-1.37064,-1.58275,10.3337,-0.00340744,0.0632677,-0.0749459,0.648851,0.497687,1
3980,292.316,0.254417,-0.489827,-2.51958,0.208419,-0.262404,0.319484,-1.74726,-1.4921,12.8487,-0.00371351,0.0635133,-0.0763646,0.648933,0.497396,1
3990,307.46,0.254841,-0.489372,-2.52254,0.209693,-0.264852,0.306877,-1.982,-1.57693,14.19,-0.00387568,0.0640936,-0.0776853,0.649017,0.497058,1
4000,307.205,0.255178,-0.488627,-2.52443,0.210968,-0.267297,0.29426,-2.40704,-1.39876,16.192,-0.00399247,0.0650456,-0.078625,0.648439,0.496392,1
4010,298.307,0.255743,-0.488194,-2.52813,0.212245,-0.269739,0.281629,-2.46159,-1.43375,17.0142,-0.00405864,0.0661505,-0.0792241,0.64813,0.495903,1
4020,302.679,0.256337,-0.48785,-2.53242,0.213525,-0.272179,0.268977,-2.20553,-1.46327,16.7615,-0.00405697,0.0670688,-0.0797439,0.64777,0.49542,1
4030,311.37,0.256625,-0.48716,-2.53461,0.214808,-0.274617,0.256308,-1.61123,-0.975695,14.6173,-0.0041744,0.0676634,-0.0804236,0.647382,0.49495,1
4040,303.96,0.256654,-0.486584,-2.53572,0.216091,-0.277051,0.243632,-0.127726,-0.730252,7.52804,-0.00448756,0.0678118,-0.0811274,0.646758,0.494253,1
4050,303.005,0.256228,-0.48625,-2.53518,0.217374,-0.279483,0.230953,3.93032,-0.907257,-8.62819,-0.00495239,0.0674519,-0.0817006,0.64601,0.49349,1
4060,307.971,0.254339,-0.485551,-2.52794,0.218651,-0.281913,0.21829,11.455,-3.12481,-42.3993,-0.00530979,0.0668166,-0.0822435,0.645396,0.492921,1
4070,301.831,0.249856,-0.483798,-2.50891,0.219913,-0.284337,0.205692,25.5984,-10.2273,-108.513,-0.00539902,0.066334,-0.0830386,0.64498,0.492576,1
4080,294.646,0.24062,-0.479324,-2.46886,0.221142,-0.286747,0.193235,52.1895,-29.3732,-230.449,-0.00521057,0.066091,-0.0840958,0.644691,0.492396,1
4090,285.76,0.222197,-0.467817,-2.38959,0.222304,-0.289119,0.181068,103.733,-71.6808,-445.408,-0.00477752,0.065859,-0.0851349,0.64451,0.492308,1
4100,267.025,0.185992,-0.442386,-2.24312,0.223335,-0.291402,0.169451,201.816,-146.846,-805.079,-0.00424704,0.0655014,-0.0859203,0.64437,0.492255,1
4110,248.014,0.117321,-0.396255,-1.98924,0.224111,-0.293508,0.158817,371.03,-238.899,-1347.45,-0.00401688,0.0651512,-0.0865008,0.644142,0.492196,1
4120,224.22,-0.00371691,-0.332039,-1.584,0.224421,-0.295332,0.149815,620.642,-284.821,-2035.84,-0.00422655,0.0649233,-0.0871155,0.643816,0.492152,1
4130,209.358,-0.193094,-0.270482,-1.00855,0.223959,-0.29683,0.143268,891.069,-213.908,-2675.82,-0.00458876,0.0647681,-0.0879964,0.643452,0.492144,1
4140,211.287,-0.436897,-0.24008,-0.311997,0.222398,-0.298089,0.13994,1008.45,-47.1574,-2906.06,-0.00502359,0.0646658,-0.0892533,0.642975,0.492168,1
4150,221.631,-0.680284,-0.24795,0.374174,0.219593,-0.299295,0.140132,875.967,71.742,-2537.85,-0.0056998,0.0646686,-0.0906748,0.642426,0.492227,1
4160,232.085,-0.871553,-0.269007,0.921784,0.215687,-0.300588,0.143446,609.662,65.0778,-1814.73,-0.00642573,0.0647106,-0.0919019,0.64204,0.49229,1
4170,255.755,-0.996102,-0.280431,1.28889,0.210992,-0.301967,0.149045,363.183,15.2281,-1124.67,-0.00666474,0.0646823,-0.0928105,0.641811,0.492338,1
4180,281.782,-1.0667,-0.281017,1.50758,0.205818,-0.303374,0.156086,197.905,-11.7762,-646.894,-0.00633709,0.0647906,-0.0937865,0.641466,0.492426,1
4190,296.99,-1.10356,-0.277401,1.63028,0.200381,-0.30477,0.163962,102.066,-16.856,-359.204,-0.00569916,0.0652703,-0.0952313,0.64099,0.492569,1
4200,304.23,-1.12156,-0.273473,1.69659,0.194813,-0.306147,0.172297,49.5111,-14.1263,-192.635,-0.00497347,0.0660099,-0.0971276,0.640576,0.492715,1
4210,306.396,-1.12943,-0.270282,1.73053,0.189182,-0.307506,0.180875,22.013,-10.5383,-97.6486,-0.00417824,0.0666433,-0.0991593,0.640192,0.492875,1
4220,292.622,-1.13299,-0.268027,1.74747,0.183525,-0.308852,0.189575,8.22992,-7.84245,-44.1822,-0.00345561,0.0669948,-0.101316,0.639783,0.493076,1
4230,277.436,-1.13575,-0.266738,1.75691,0.177854,-0.310188,0.198337,1.56352,-5.76155,-14.195,-0.00293029,0.0669661,-0.103753,0.639421,0.493281,1
4240,277.465,-1.13817,-0.26612,1.76197,0.172169,-0.31152,0.207135,-1.46663,-3.83973,2.21415,-0.00271031,0.0666027,-0.106417,0.639073,0.493476,1
4250,290.585,-1.1392,-0.265746,1.76261,0.166476,-0.31285,0.215948,-2.65549,-2.1712,11.2728,-0.00272706,0.0662375,-0.10898,0.638667,0.493685,1
4260,301.04,-1.13877,-0.265443,1.75961,0.16078,-0.314178,0.224754,-2.53789,-0.734634,15.5151,-0.00308085,0.0662941,-0.111342,0.638238,0.49389,1
4270,298.459,-1.13806,-0.265352,1.75538,0.155088,-0.315504,0.233542,-2.07117,-0.15555,16.985,-0.0036328,0.0666867,-0.113698,0.637735,0.49412,1
4280,294.459,-1.13795,-0.265477,1.75172,0.149399,-0.316831,0.242309,-1.73974,0.253805,16.6965,-0.00395942,0.0670118,-0.116225,0.637068,0.49442,1
4290,298.661,-1.13785,-0.265656,1.74814,0.143709,-0.318159,0.251059,-1.72465,0.54635,16.1912,-0.00368748,0.0670105,-0.118905,0.636269,0.494787,1
4300,300.658,-1.13731,-0.265779,1.74407,0.138021,-0.319488,0.25979,-1.80577,0.450498,14.492,-0.0031642,0.0667679,-0.121601,0.635402,0.495195,1
4310,290.006,-1.13727,-0.265992,1.74123,0.132335,-0.320817,0.268502,-1.54813,0.863996,13.0307,-0.00269954,0.0664444,-0.124014,0.634614,0.495581,1
4320,283.789,-1.13833,-0.266533,1.74035,0.126647,-0.322148,0.277205,-1.41887,1.04164,11.5547,-0.00227928,0.0661682,-0.125763,0.633998,0.4959,1
4330,284.397,-1.13956,-0.267138,1.74002,0.120952,-0.323482,0.285905,-0.880089,0.949468,9.23193,-0.00174321,0.0659868,-0.126789,0.633364,0.496244,1
4340,284.65,-1.14082,-0.267696,1.7401,0.115252,-0.324819,0.294605,-0.797024,0.785227,8.19905,-0.00119378,0.0658569,-0.127464,0.632568,0.496693,1
4350,273.241,-1.14271,-0.268358,1.74137,0.109544,-0.326159,0.303306,-0.468368,0.406944,6.87073,-0.000581937,0.0656816,-0.128099,0.631781,0.497151,1
4360,258.793,-1.14631,-0.269319,1.74542,0.103823,-0.327503,0.312021,-0.637417,0.353885,5.19907,-6.02978e-005,0.0656325,-0.128588,0.631187,0.497507,1
4370,244.902,-1.15178,-0.270718,1.75277,0.0980802,-0.328853,0.320763,-0.414075,0.260845,3.69164,6.7617e-005,0.0660256,-0.128901,0.630796,0.497746,1
4380,243.72,-1.15851,-0.27238,1.76229,0.0923062,-0.33021,0.329548,-0.106414,0.238159,2.88054,-0.00041297,0.0668236,-0.129441,0.630552,0.49789,1
4390,253.609,-1.1644,-0.273826,1.77062,0.0864999,-0.331575,0.338379,-0.10971,0.191215,2.58447,-0.00113489,0.0676272,-0.130655,0.630341,0.498008,1
4400,265.153,-1.16888,-0.274926,1.77687,0.0806672,-0.332947,0.347247,0.0916638,0.0564698,1.83873,-0.0016144,0.0682651,-0.132371,0.630122,0.498138,1
4410,272.121,-1.17223,-0.275723,1.78152,0.0748149,-0.334324,0.356142,-0.0742544,0.0682257,1.12817,-0.0015702,0.06884,-0.13412,0.629974,0.498234,1
4420,277.444,-1.17483,-0.276353,1.78524,0.0689477,-0.335704,0.365058,0,0,0,-0.00110543,0.0693228,-0.135649,0.629929,0.498266,1
4430,280.5,-1.17707,-0.276879,1.78865,0.0630683,-0.337087,0.373992,0,0,0,-0.000317775,0.0695591,-0.137009,0.629929,0.498266,1
4440,287.243,-1.17873,-0.277269,1.79117,0.0571789,-0.338472,0.382941,0,0,0,0.000448781,0.0695222,-0.138189,0.629896,0.498294,1
4450,295.506,-1.17958,-0.277468,1.79245,0.051283,-0.339859,0.391901,0,0,0,0.00074325,0.0692662,-0.139274,0.629829,0.498347,1
4460,306.906,-1.17943,-0.277434,1.79223,0.045385,-0.341246,0.400863,0,0,0,0.000551669,0.0688394,-0.140346,0.629733,0.498413,1
4470,313.821,-1.17834,-0.277178,1.79058,0.0394901,-0.342633,0.409821,0,0,0,0.000433303,0.0683936,-0.141425,0.629686,0.498453,1
4480,306.268,-1.17729,-0.276931,1.78898,0.0336011,-0.344018,0.41877,0,0,0,0.000479744,0.0680391,-0.142467,0.629573,0.498559,1
4490,292.067,-1.17749,-0.276978,1.78928,0.0277147,-0.345403,0.427714,0,0,0,0.000405386,0.067769,-0.143547,0.629461,0.498672,1
4500,282.265,-1.17891,-0.277311,1.79143,0.0218245,-0.346788,0.436665,0,0,0,0.000257758,0.0674932,-0.144656,0.629396,0.498748,1
4510,278.507,-1.18102,-0.277809,1.79465,0.0159254,-0.348176,0.445629,0,0,0,0.000260775,0.0672548,-0.145636,0.629216,0.498954,1
4520,281.621,-1.18324,-0.27833,1.79802,0.0100151,-0.349566,0.45461,0,0,0,0.000237162,0.0671709,-0.146265,0.628858,0.499356,1
4530,296.01,-1.18431,-0.278582,1.79965,0.00409587,-0.350959,0.463605,0,0,0,8.45033e-005,0.067322,-0.146461,0.628516,0.499732,1
4540,300.741,-1.1843,-0.278579,1.79962,-0.0018258,-0.352352,0.472604,0,0,0,3.0477e-005,0.0675662,-0.146319,0.62827,0.500002,1
4550,290.833,-1.18471,-0.278676,1.80025,-0.00774776,-0.353745,0.481602,0,0,0,6.96206e-005,0.0678433,-0.146224,0.628079,0.500217,1
4560,282.581,-1.18623,-0.279035,1.80257,-0.0136744,-0.355139,0.490608,0,0,0,7.65361e-005,0.0682707,-0.146643,0.627985,0.50033,1
4570,295.231,-1.18751,-0.279335,1.80451,-0.019609,-0.356535,0.499626,0,0,0,0.000214432,0.0687799,-0.147693,0.627907,0.500425,1
4580,320.385,-1.18669,-0.279141,1.80326,-0.0255457,-0.357931,0.508648,0,0,0,0.000772126,0.0690765,-0.148957,0.62777,0.5006,1
4590,337.583,-1.18387,-0.278478,1.79898,-0.0314734,-0.359325,0.517655,0,0,0,0.00154021,0.0692143,-0.150093,0.627644,0.500768,1
4600,338.205,-1.18051,-0.277688,1.79387,-0.0373852,-0.360716,0.526639,0,0,0,0.00214124,0.0695704,-0.1512,0.627501,0.500965,1
4610,341.316,-1.17709,-0.276885,1.78868,-0.0432801,-0.362103,0.535596,0,0,0,0.00228522,0.0701321,-0.152461,0.627305,0.501243,1
4620,350.071,-1.17317,-0.275962,1.78272,-0.049157,-0.363485,0.544527,0,0,0,0.00203404,0.0705245,-0.153803,0.627203,0.501395,1
4630,349.112,-1.16891,-0.27496,1.77625,-0.0550133,-0.364863,0.553426,0,0,0,0.00149738,0.070536,-0.155202,0.627203,0.501395,1
4640,330.208,-1.16549,-0.274156,1.77105,-0.0608495,-0.366236,0.562294,0,0,0,0.000940809,0.0702034,-0.156782,0.627203,0.501395,1
4650,303.984,-1.16406,-0.273819,1.76888,-0.0666728,-0.367605,0.571143,0,0,0,0.000678009,0.0695503,-0.158619,0.627203,0.501395,1
4660,291.036,-1.16454,-0.273933,1.76961,-0.0724937,-0.368975,0.579989,0,0,0,0.00106794,0.0686856,-0.160573,0.627145,0.501467,1
4670,293.079,-1.16538,-0.27413,1.77088,-0.0783184,-0.370345,0.58884,0,0,0,0.0019008,0.0680181,-0.162577,0.626938,0.501717,1
4680,292.643,-1.16599,-0.274273,1.77181,-0.0841466,-0.371716,0.597696,0,0,0,0.00271803,0.067917,-0.164559,0.626687,0.502014,1
4690,288.357,-1.16701,-0.274513,1.77336,-0.0899787,-0.373088,0.606558,0,0,0,0.00320295,0.0681428,-0.166328,0.62655,0.502184,1
4700,289.746,-1.16814,-0.274779,1.77508,-0.0958164,-0.374461,0.615429,0,0,0,0.00334227,0.0681609,-0.167594,0.62649,0.502262,1
4710,294.833,-1.1689,-0.274958,1.77624,-0.101659,-0.375835,0.624307,0,0,0,0.00296843,0.0678977,-0.168455,0.62649,0.502262,1
4720,297.564,-1.16919,-0.275026,1.77667,-0.107504,-0.37721,0.63319,0,0,0,0.00227437,0.0675847,-0.169263,0.62649,0.502262,1
4730,289.382,-1.16983,-0.275176,1.77764,-0.113351,-0.378585,0.642075,0,0,0,0.00169794,0.0672612,-0.17018,0.62649,0.502262,1
4740,283.59,-1.17131,-0.275525,1.7799,-0.119204,-0.379962,0.650968,0,0,0,0.00163421,0.0670987,-0.17097,0.62649,0.502262,1
4750,291.243,-1.17267,-0.275844,1.78196,-0.125064,-0.38134,0.659872,0,0,0,0.00205563,0.0674717,-0.171535,0.62649,0.502262,1
4760,295.567,-1.1732,-0.275968,1.78276,-0.130928,-0.38272,0.668784,0,0,0,0.00293945,0.0682263,-0.172069,0.62649,0.502262,1
4770,297.204,-1.17357,-0.276055,1.78332,-0.136795,-0.3841,0.677699,0,0,0,0.00403962,0.0686471,-0.172824,0.626394,0.502381,1
4780,297.95,-1.17379,-0.276108,1.78366,-0.142663,-0.38548,0.686617,0,0,0,0.00500512,0.0685062,-0.173851,0.626362,0.502426,1
4790,300.351,-1.17389,-0.276132,1.78382,-0.148533,-0.386861,0.695536,0,0,0,0.00534343,0.06828,-0.175139,0.626315,0.502496,1
4800,308.951,-1.17345,-0.276028,1.78315,-0.154402,-0.388242,0.704454,0,0,0,0.00490517,0.0683793,-0.176691,0.626274,0.502561,1
4810,319.646,-1.17206,-0.2757,1.78103,-0.160266,-0.389621,0.713365,0,0,0,0.00394296,0.0688148,-0.178404,0.626274,0.502561,1
4820,319.319,-1.17017,-0.275256,1.77816,-0.166122,-0.390999,0.722264,0,0,0,0.00314242,0.0694078,-0.18009,0.626274,0.502561,1
4830,314.455,-1.16863,-0.274894,1.77582,-0.171969,-0.392374,0.731149,0,0,0,0.0027955,0.0698618,-0.181625,0.626274,0.502561,1
4840,305.396,-1.16774,-0.274684,1.77447,-0.17781,-0.393748,0.740025,0,0,0,0.00279705,0.0699576,-0.183105,0.626274,0.502561,1
4850,304.912,-1.16733,-0.274589,1.77385,-0.183648,-0.395121,0.748896,0,0,0,0.00301735,0.0699114,-0.184707,0.626274,0.502561,1
4860,310.349,-1.16659,-0.274414,1.77272,-0.189483,-0.396494,0.757763,0,0,0,0.00352156,0.0701949,-0.186428,0.626274,0.502561,1
4870,309.149,-1.16561,-0.274183,1.77123,-0.195314,-0.397865,0.766623,0,0,0,0.00419623,0.0708869,-0.18806,0.626274,0.502561,1
4880,313.395,-1.16469,-0.273967,1.76983,-0.20114,-0.399236,0.775476,0,0,0,0.00498591,0.071576,-0.189593,0.626274,0.502561,1
4890,332.748,-1.16256,-0.273466,1.76659,-0.206959,-0.400605,0.784319,0,0,0,0.00593438,0.0719034,-0.191205,0.626205,0.502699,1
4900,347.269,-1.15905,-0.272641,1.76126,-0.212765,-0.40197,0.793141,0,0,0,0.00688302,0.071912,-0.192902,0.626205,0.502699,1
4910,352.005,-1.15484,-0.27165,1.75487,-0.218551,-0.403331,0.801933,0,0,0,0.0074618,0.0716666,-0.194499,0.626205,0.502699,1
4920,346.457,-1.15079,-0.270696,1.7487,-0.224315,-0.404687,0.810693,0,0,0,0.00763792,0.0711694,-0.195875,0.626205,0.502699,1
4930,344.216,-1.14705,-0.269817,1.74302,-0.230061,-0.406039,0.819424,0,0,0,0.00770105,0.0705898,-0.197012,0.626205,0.502699,1
4940,341.163,-1.14347,-0.268975,1.73758,-0.235788,-0.407386,0.828126,0,0,0,0.00769532,0.0701687,-0.198062,0.626205,0.502699,1
4950,331.021,-1.14036,-0.268245,1.73287,-0.241498,-0.408729,0.836803,0,0,0,0.00747117,0.0699088,-0.199403,0.626205,0.502699,1
4960,309.698,-1.13861,-0.267832,1.7302,-0.247195,-0.410069,0.84546,0,0,0,0.00717002,0.0697357,-0.201303,0.626205,0.502699,1
4970,281.816,-1.13911,-0.26795,1.73096,-0.252888,-0.411408,0.854111,0,0,0,0.00722629,0.0695986,-0.203468,0.626205,0.502699,1
4980,257.079,-1.1427,-0.268793,1.73641,-0.258591,-0.41275,0.862776,0,0,0,0.00774561,0.0694622,-0.205363,0.626205,0.502699,1
4990,252.676,-1.14794,-0.270027,1.74438,-0.264316,-0.414096,0.871476,0,0,0,0.00850673,0.0693113,-0.206938,0.626205,0.502699,1
