step,T,sn_vel[0],sn_vel[1],sn_vel[2],sn_crd[0],sn_crd[1],sn_crd[2],sn_f[0],sn_f[1],sn_f[2],target_crd[0],target_crd[1],target_crd[2],boundary[0],boundary[1],boundary[2]
0,0.00939863,0,0,0,-4.26715e-008,7.31512e-009,0.981818,0,0,0,0.000146218,0.0555751,-0.0469243,0.636884,0.502149,1
10,1.2007,0,0,0,-4.26715e-008,7.31512e-009,0.981818,0,0,0,0.000134681,0.0555488,-0.046877,0.636884,0.502149,1
20,1.19903,0,0,0,-4.26715e-008,7.31512e-009,0.981818,0,0,0,7.27632e-005,0.0554924,-0.046727,0.636884,0.502149,1
30,1.51869,0,0,0,-4.26715e-008,7.31512e-009,0.981818,0,0,0,-3.03147e-005,0.0554121,-0.0465436,0.636884,0.502149,1
40,2.08455,0,0,0,-4.26715e-008,7.31512e-009,0.981818,0,0,0,-7.6372e-005,0.0553733,-0.0464285,0.636884,0.502149,1
50,2.18974,0,0,0,-4.26715e-008,7.31512e-009,0.981818,0,0,0,-6.17606e-005,0.0553911,-0.0463639,0.636884,0.502149,1
60,2.37492,0,0,0,-4.26715e-008,7.31512e-009,0.981818,0,0,0,-6.31373e-005,0.0554371,-0.0462069,0.636884,0.502149,1
70,2.54976,0,0,0,-4.26715e-008,7.31512e-009,0.981818,0,0,0,-0.000103719,0.0554486,-0.0459506,0.636884,0.502149,1
80,2.46474,0,0,0,-4.26715e-008,7.31512e-009,0.981818,0,0,0,-0.000126317,0.0554316,-0.0457282,0.636884,0.502149,1
90,2.46768,0,0,0,-4.26715e-008,7.31512e-009,0.981818,0,0,0,-0.000118907,0.0554073,-0.0456089,0.636884,0.502149,1
100,2.35577,0,0,0,-4.26715e-008,7.31512e-009,0.981818,0,0,0,-0.000118196,0.0553962,-0.0454967,0.636884,0.502149,1
110,11.5141,0,0,0,-4.26715e-008,7.31512e-009,0.981818,0,0,0,-0.000147147,0.0553955,-0.0451886,0.636884,0.502149,1
120,18.5297,0,0,0,-4.26715e-008,7.31512e-009,0.981818,0,0,0,-0.000168224,0.0554126,-0.0446908,0.636884,0.502149,1
130,23.1489,0,0,0,-4.26715e-008,7.31512e-009,0.981818,0,0,0,-0.000178715,0.0554153,-0.0441546,0.636884,0.502149,1
140,25.7696,0,0,0,-4.26715e-008,7.31512e-009,0.981818,0,0,0,-0.000223523,0.0553899,-0.0436172,0.636884,0.502149,1
150,27.2923,0,0,0,-4.26715e-008,7.31512e-009,0.981818,0,0,0,-0.000287374,0.0553593,-0.0430833,0.636896,0.502151,1
160,27.7607,0,0,0,-4.26715e-008,7.31512e-009,0.981818,0,0,0,-0.000324886,0.0553447,-0.0425661,0.636928,0.502156,1
170,27.7729,0,0,0,-4.26715e-008,7.31512e-009,0.981818,0,0,0,-0.000373628,0.0553231,-0.0420374,0.636931,0.502157,1
180,27.4132,0,0,0,-4.26715e-008,7.31512e-009,0.981818,0,0,0,-0.000469339,0.0552951,-0.0414487,0.637095,0.50216,1
190,26.846,0,0,0,-4.26715e-008,7.31512e-009,0.981818,0,0,0,-0.000555533,0.0552728,-0.040858,0.637138,0.502157,1
200,26.359,0,0,0,-4.26715e-008,7.31512e-009,0.981818,0,0,0,-0.000591263,0.0552444,-0.0403697,0.63728,0.502138,1
210,34.85,0,0,0,-4.26715e-008,7.31512e-009,0.981818,0,0,0,-0.000609849,0.0551959,-0.0399272,0.637403,0.502114,1
220,40.4348,0,0,0,-4.26715e-008,7.31512e-009,0.981818,0,0,0,-0.000623499,0.0551269,-0.0393839,0.637551,0.502076,1
230,43.873,0,0,0,-4.26715e-008,7.31512e-009,0.981818,0,0,0,-0.000610866,0.0550374,-0.0387179,0.637732,0.502021,1
240,45.7671,0,0,0,-4.26715e-008,7.31512e-009,0.981818,0,0,0,-0.000616196,0.0549381,-0.0380746,0.637954,0.501946,1
250,46.8167,0,0,0,-4.26715e-008,7.31512e-009,0.981818,0,0,0,-0.000694516,0.0548697,-0.0375621,0.638221,0.501846,1
260,47.042,0,0,0,-4.26715e-008,7.31512e-009,0.981818,0,0,0,-0.000816557,0.0548243,-0.0371293,0.638505,0.501733,1
270,46.955,0,0,0,-4.26715e-008,7.31512e-009,0.981818,0,0,0,-0.000875674,0.0547883,-0.0366888,0.638801,0.501607,1
280,46.6701,0,0,0,-4.26715e-008,7.31512e-009,0.981818,0,0,0,-0.000840134,0.0547513,-0.0362522,0.639139,0.501456,1
290,46.2598,0,0,0,-4.26715e-008,7.31512e-009,0.981818,0,0,0,-0.000800423,0.0547098,-0.0358452,0.639525,0.501282,1
300,46.3777,0,0,0,-4.26715e-008,7.31512e-009,0.981818,0,0,0,-0.000855097,0.0546377,-0.0354665,0.639869,0.501124,1
310,55.5895,0,0,0,-4.26715e-008,7.31512e-009,0.981818,0,0,0,-0.000947581,0.054554,-0.0350956,0.640154,0.500986,1
320,62.0297,0,0,0,-4.26715e-008,7.31512e-009,0.981818,0,0,0,-0.00100779,0.0544352,-0.0347812,0.640483,0.500824,1
330,66.1498,0,0,0,-4.26715e-008,7.31512e-009,0.981818,0,0,0,-0.00106062,0.0543002,-0.0345133,0.640881,0.500628,1
340,68.8738,0,0,0,-4.26715e-008,7.31512e-009,0.981818,0,0,0,-0.00114371,0.0542096,-0.0342321,0.641234,0.500455,1
350,71.3741,0,0,0,-4.26715e-008,7.31512e-009,0.981818,0,0,0,-0.00119437,0.0542088,-0.0338949,0.641488,0.500332,1
360,73.2567,0,0,0,-4.26715e-008,7.31512e-009,0.981818,0,0,0,-0.00122225,0.0541881,-0.0335634,0.641698,0.500232,1
370,74.5213,0,0,0,-4.26715e-008,7.31512e-009,0.981818,0,0,0,-0.00124854,0.0541015,-0.0332259,0.641882,0.500149,1
380,76.3442,0,0,0,-4.26715e-008,7.31512e-009,0.981818,0,0,0,-0.00126626,0.0539557,-0.0328515,0.642036,0.500085,1
390,77.6683,0,0,0,-4.26715e-008,7.31512e-009,0.981818,0,0,0,-0.00122236,0.0538287,-0.0324114,0.642159,0.500039,1
400,78.8132,0,0,0,-4.26715e-008,7.31512e-009,0.981818,0,0,0,-0.00114593,0.0537728,-0.0319744,0.642218,0.500015,1
410,89.7568,0,0,0,-4.26715e-008,7.31512e-009,0.981818,0,0,0,-0.00107774,0.053838,-0.0314938,0.642218,0.500014,1
420,96.1908,0,0,0,-4.26715e-008,7.31512e-009,0.981818,0,0,0,-0.00102484,0.0539397,-0.030907,0.642218,0.500014,1
430,100.883,0,0,0,-4.26715e-008,7.31512e-009,0.981818,0,0,0,-0.000875183,0.0540555,-0.0301974,0.642218,0.500014,1
440,103.084,0,0,0,-4.26715e-008,7.31512e-009,0.981818,0,0,0,-0.000666223,0.0541778,-0.0295104,0.642218,0.500014,1
450,103.194,0,0,0,-4.26715e-008,7.31512e-009,0.981818,0,0,0,-0.000517812,0.0543633,-0.0288373,0.642241,0.499959,1
460,103.008,0,0,0,-4.26715e-008,7.31512e-009,0.981818,0,0,0,-0.000396085,0.0546251,-0.0280906,0.642274,0.499874,1
470,101.662,0,0,0,-4.26715e-008,7.31512e-009,0.981818,0,0,0,-0.000225869,0.0549141,-0.0272327,0.642314,0.499761,1
480,100.088,0,0,0,-4.26715e-008,7.31512e-009,0.981818,0,0,0,-0.000145645,0.0550319,-0.0264113,0.642344,0.499667,1
490,98.8084,0,0,0,-4.26715e-008,7.31512e-009,0.981818,0,0,0,-0.00012099,0.0550231,-0.0256194,0.642395,0.499504,1
500,98.5091,0,0,0,-4.26715e-008,7.31512e-009,0.981818,0,0,0,9.61313e-005,0.0550771,-0.0247997,0.642455,0.499304,1
510,107.551,0,0,0,-4.26715e-008,7.31512e-009,0.981818,0,0,0,0.000473273,0.0551872,-0.0239064,0.642497,0.499168,1
520,115.289,0,0,0,-4.26715e-008,7.31512e-009,0.981818,0,0,0,0.000774813,0.0551675,-0.023058,0.642544,0.499027,1
530,120.645,0,0,0,-4.26715e-008,7.31512e-009,0.981818,0,0,0,0.00103674,0.0551116,-0.0222492,0.642596,0.498875,1
540,125.202,0,0,0,-4.26715e-008,7.31512e-009,0.981818,0,0,0,0.00138784,0.0551469,-0.0214493,0.642627,0.498793,1
550,128.993,0,0,0,-4.26715e-008,7.31512e-009,0.981818,0,0,0,0.0016926,0.0551286,-0.0206623,0.642637,0.49877,1
560,131.474,0,0,0,-4.26715e-008,7.31512e-009,0.981818,0,0,0,0.00189935,0.0549646,-0.0200102,0.642637,0.49877,1
570,133.886,0,0,0,-4.26715e-008,7.31512e-009,0.981818,0,0,0,0.00211222,0.0548213,-0.0194467,0.642637,0.49877,1
580,134.351,0,0,0,-4.26715e-008,7.31512e-009,0.981818,0,0,0,0.00237433,0.0548035,-0.0189551,0.642637,0.49877,1
590,136.031,0,0,0,-4.26715e-008,7.31512e-009,0.981818,0,0,0,0.00255043,0.0547856,-0.0186168,0.642637,0.49877,1
600,137.502,0,0,0,-4.26715e-008,7.31512e-009,0.981818,0,0,0,0.0026335,0.0547368,-0.018556,0.642637,0.49877,1
610,150.357,0,0,0,-4.26715e-008,7.31512e-009,0.981818,0,0,0,0.00267489,0.0546791,-0.018664,0.642637,0.49877,1
620,162.178,0,0,0,-4.26715e-008,7.31512e-009,0.981818,0,0,0,0.00277535,0.0546646,-0.0188701,0.642637,0.49877,1
630,171.013,0,0,0,-4.26715e-008,7.31512e-009,0.981818,0,0,0,0.00291208,0.0547555,-0.0192297,0.642637,0.49877,1
640,179.394,0,0,0,-4.26715e-008,7.31512e-009,0.981818,0,0,0,0.00308013,0.055089,-0.0198688,0.642637,0.49877,1
650,184.514,0,0,0,-4.26715e-008,7.31512e-009,0.981818,0,0,0,0.00315579,0.0554394,-0.0207645,0.642637,0.49877,1
660,185.596,0,0,0,-4.26715e-008,7.31512e-009,0.981818,0,0,0,0.00309561,0.0554798,-0.0218513,0.642637,0.49877,1
670,187.147,0,0,0,-4.26715e-008,7.31512e-009,0.981818,0,0,0,0.00296742,0.0551987,-0.0230488,0.642637,0.49877,1
680,186.349,0,0,0,-4.26715e-008,7.31512e-009,0.981818,0,0,0,0.00292357,0.054992,-0.0243125,0.642637,0.49877,1
690,187.62,0,0,0,-4.26715e-008,7.31512e-009,0.981818,0,0,0,0.00276324,0.0549527,-0.0256264,0.642637,0.49877,1
700,189.623,0,0,0,-4.26715e-008,7.31512e-009,0.981818,0,0,0,0.00235039,0.0548952,-0.0270292,0.642637,0.49877,1
710,200.684,0,0,0,-4.26715e-008,7.31512e-009,0.981818,0,0,0,0.00189756,0.0545956,-0.0286028,0.642637,0.49877,1
720,208.478,0,0,0,-4.26715e-008,7.31512e-009,0.981818,0,0,0,0.00166836,0.054085,-0.0303189,0.642637,0.49877,1
730,212.888,0,0,0,-4.26715e-008,7.31512e-009,0.981818,0,0,0,0.00152463,0.0534343,-0.0320417,0.642637,0.49877,1
740,213.559,0,0,0,-4.26715e-008,7.31512e-009,0.981818,0,0,0,0.00142561,0.0528855,-0.0336959,0.642637,0.49877,1
750,212.079,0,0,0,-4.26715e-008,7.31512e-009,0.981818,0,0,0,0.00142253,0.0526426,-0.0354411,0.642637,0.49877,1
760,207.337,0,0,0,-4.26715e-008,7.31512e-009,0.981818,0,0,0,0.00134734,0.0527287,-0.0373354,0.642637,0.49877,1
770,202.065,0,0,0,-4.26715e-008,7.31512e-009,0.981818,0,0,0,0.000998796,0.0528679,-0.0391771,0.642637,0.49877,1
780,199.4,0,0,0,-4.26715e-008,7.31512e-009,0.981818,0,0,0,0.000586882,0.052982,-0.0407135,0.642637,0.49877,1
790,197.785,0,0,0,-4.26715e-008,7.31512e-009,0.981818,0,0,0,0.000297912,0.0532074,-0.0421184,0.642637,0.49877,1
800,197.851,0,0,0,-4.26715e-008,7.31512e-009,0.981818,0,0,0,5.77906e-005,0.0536337,-0.0435959,0.642637,0.49877,1
810,207.048,0,0,0,-4.26715e-008,7.31512e-009,0.981818,0,0,0,-0.000243103,0.0540595,-0.0451546,0.642637,0.49877,1
820,209.289,0,0,0,-4.26715e-008,7.31512e-009,0.981818,0,0,0,-0.000547005,0.0543913,-0.0465573,0.642637,0.49877,1
830,209.911,0,0,0,-4.26715e-008,7.31512e-009,0.981818,0,0,0,-0.000746881,0.0546927,-0.0477577,0.642637,0.49877,1
840,207.442,0,0,0,-4.26715e-008,7.31512e-009,0.981818,0,0,0,-0.000753863,0.0550725,-0.0487021,0.642637,0.49877,1
850,205.366,0,0,0,-4.26715e-008,7.31512e-009,0.981818,0,0,0,-0.000549144,0.0555047,-0.0494571,0.642637,0.49877,1
860,204.271,0,0,0,-4.26715e-008,7.31512e-009,0.981818,0,0,0,-0.000178379,0.0558842,-0.0500489,0.642637,0.49877,1
870,204.299,0,0,0,-4.26715e-008,7.31512e-009,0.981818,0,0,0,0.000223406,0.0559712,-0.050577,0.642637,0.49877,1
880,206.631,0,0,0,-4.26715e-008,7.31512e-009,0.981818,0,0,0,0.000435174,0.0557237,-0.0508834,0.642637,0.49877,1
890,213.77,0,0,0,-4.26715e-008,7.31512e-009,0.981818,0,0,0,0.000526187,0.0554599,-0.0509007,0.642637,0.49877,1
900,221.032,0,0,0,-4.26715e-008,7.31512e-009,0.981818,0,0,0,0.000764833,0.0554162,-0.0506355,0.642637,0.49877,1
910,237.305,0,0,0,-4.26715e-008,7.31512e-009,0.981818,0,0,0,0.00108349,0.0553081,-0.0503724,0.642637,0.49877,1
920,247.263,0,0,0,-4.26715e-008,7.31512e-009,0.981818,0,0,0,0.00116495,0.0548124,-0.0501638,0.642637,0.49877,1
930,247.635,0,0,0,-4.26715e-008,7.31512e-009,0.981818,0,0,0,0.00115251,0.0541422,-0.0498674,0.642637,0.49877,1
940,245.325,0,0,0,-4.26715e-008,7.31512e-009,0.981818,0,0,0,0.00124336,0.0536568,-0.0492108,0.642637,0.49877,1
950,236.581,0,0,0,-4.26715e-008,7.31512e-009,0.981818,0,0,0,0.00142832,0.0534579,-0.0483191,0.642731,0.498567,1
960,226.418,0,0,0,-4.26715e-008,7.31512e-009,0.981818,0,0,0,0.00172521,0.0534517,-0.0473527,0.642798,0.49842,1
970,218.369,0,0,0,-4.26715e-008,7.31512e-009,0.981818,0,0,0,0.00216408,0.053655,-0.0464757,0.642828,0.498352,1
980,213.446,0,0,0,-4.26715e-008,7.31512e-009,0.981818,0,0,0,0.00239945,0.0539272,-0.0456931,0.642873,0.498247,1
990,221.291,0,0,0,-4.26715e-008,7.31512e-009,0.981818,0,0,0,0.0023627,0.0541127,-0.0449394,0.642924,0.498128,1
1000,240.193,0,0,0,-4.26715e-008,7.31512e-009,0.981818,0,0,0,0.00224561,0.0541499,-0.0440143,0.642436,0.497746,1
1010,263.621,0,0,0,-4.26715e-008,7.31512e-009,0.981818,0,0,0,0.00213607,0.0543065,-0.0430324,0.64209,0.497564,1
1020,297.675,0,0,0,-4.26715e-008,7.31512e-009,0.981818,0,0,0,0.0020071,0.0546184,-0.0422746,0.641685,0.497442,1
1030,328.965,0,0,0,-4.26715e-008,7.31512e-009,0.981818,0,0,0,0.00203463,0.0548565,-0.0418119,0.64138,0.497428,1
1040,352.197,0,0,0,-4.26715e-008,7.31512e-009,0.981818,0,0,0,0.0021064,0.0548686,-0.0414463,0.640879,0.497428,1
1050,365.954,0,0,0,-4.26715e-008,7.31512e-009,0.981818,0,0,0,0.00209161,0.0549565,-0.0410531,0.640396,0.497432,1
1060,368.721,0,0,0,-4.26715e-008,7.31512e-009,0.981818,0,0,0,0.00199271,0.0552255,-0.0406936,0.639932,0.497428,1
1070,369.841,0,0,0,-4.26715e-008,7.31512e-009,0.981818,0,0,0,0.00190225,0.0555189,-0.040467,0.639331,0.497403,1
1080,364.09,0,0,0,-4.26715e-008,7.31512e-009,0.981818,0,0,0,0.00179771,0.0556705,-0.0404365,0.638619,0.497353,1
1090,358.527,0,0,0,-4.26715e-008,7.31512e-009,0.981818,0,0,0,0.00175706,0.0556352,-0.0403691,0.637665,0.49728,1
1100,350.734,0,0,0,-4.26715e-008,7.31512e-009,0.981818,0,0,0,0.00175336,0.0553128,-0.0400025,0.636508,0.497188,1
1110,337.653,0,0,0,-4.26715e-008,7.31512e-009,0.981818,0,0,0,0.00185691,0.0548539,-0.0393728,0.635474,0.497109,1
1120,322.623,0,0,0,-4.26715e-008,7.31512e-009,0.981818,0,0,0,0.0020891,0.0545,-0.0388365,0.634536,0.497053,1
1130,304.131,0,0,0,-4.26715e-008,7.31512e-009,0.981818,0,0,0,0.0023178,0.0542422,-0.0383056,0.633527,0.497015,1
1140,283.858,0,0,0,-4.26715e-008,7.31512e-009,0.981818,0,0,0,0.00252602,0.0539145,-0.0375562,0.632638,0.497005,1
1150,269.388,0,0,0,-4.26715e-008,7.31512e-009,0.981818,0,0,0,0.002975,0.053461,-0.0364748,0.63204,0.497018,1
1160,252.607,0,0,0,-4.26715e-008,7.31512e-009,0.981818,0,0,0,0.00353609,0.0529655,-0.0353015,0.631662,0.497042,1
1170,238.632,0,0,0,-4.26715e-008,7.31512e-009,0.981818,0,0,0,0.00386776,0.0525737,-0.0341072,0.631495,0.49706,1
1180,227.441,0,0,0,-4.26715e-008,7.31512e-009,0.981818,0,0,0,0.00399325,0.0525118,-0.0330554,0.631495,0.49706,1
1190,217.67,0,0,0,-4.26715e-008,7.31512e-009,0.981818,0,0,0,0.00403742,0.0527297,-0.0320335,0.631495,0.49706,1
1200,215.465,0,0,0,-4.26715e-008,7.31512e-009,0.981818,0,0,0,0.00385641,0.0530044,-0.0310729,0.631495,0.49706,1
1210,214.076,0,0,0,-4.26715e-008,7.31512e-009,0.981818,0,0,0,0.00345565,0.0532071,-0.0300634,0.631495,0.49706,1
1220,212.993,0,0,0,-4.26715e-008,7.31512e-009,0.981818,0,0,0,0.00295814,0.0534729,-0.0290901,0.631495,0.49706,1
1230,217.461,0,0,0,-4.26715e-008,7.31512e-009,0.981818,0,0,0,0.00234123,0.0539312,-0.0281534,0.631495,0.49706,1
1240,218.879,0,0,0,-4.26715e-008,7.31512e-009,0.981818,0,0,0,0.00161581,0.0545709,-0.0275462,0.631495,0.49706,1
1250,224.187,0,0,0,-4.26715e-008,7.31512e-009,0.981818,0,0,0,0.0010354,0.0552494,-0.0271487,0.631495,0.49706,1
1260,235.165,0,0,0,-4.26715e-008,7.31512e-009,0.981818,0,0,0,0.000808428,0.0558142,-0.0268024,0.631495,0.49706,1
1270,249.227,0,0,0,-4.26715e-008,7.31512e-009,0.981818,0,0,0,0.000864885,0.0561816,-0.0264178,0.631495,0.49706,1
1280,266.662,0,0,0,-4.26715e-008,7.31512e-009,0.981818,0,0,0,0.00089888,0.056231,-0.0263382,0.631495,0.49706,1
1290,280.009,0,0,0,-4.26715e-008,7.31512e-009,0.981818,0,0,0,0.000738076,0.0560099,-0.0266131,0.631471,0.49708,1
1300,290.999,0,0,0,-4.26715e-008,7.31512e-009,0.981818,0,0,0,0.000602288,0.0556465,-0.0271445,0.631471,0.49708,1
1310,305.907,0,0,0,-4.26715e-008,7.31512e-009,0.981818,0,0,0,0.000609012,0.0551873,-0.0276521,0.631471,0.49708,1
1320,323.093,0,0,0,-4.26715e-008,7.31512e-009,0.981818,0,0,0,0.000510135,0.0545306,-0.0281884,0.631294,0.497106,1
1330,337.387,0,0,0,-4.26715e-008,7.31512e-009,0.981818,0,0,0,0.000157048,0.0538451,-0.028873,0.631216,0.497144,1
1340,349.719,0,0,0,-4.26715e-008,7.31512e-009,0.981818,0,0,0,-0.000171885,0.0533464,-0.0298555,0.631216,0.497144,1
1350,355.861,0,0,0,-4.26715e-008,7.31512e-009,0.981818,0,0,0,-0.000392493,0.0529747,-0.0309802,0.631216,0.497144,1
1360,359.954,0,0,0,-4.26715e-008,7.31512e-009,0.981818,0,0,0,-0.000639291,0.0524695,-0.0320968,0.631216,0.497144,1
1370,357.444,0,0,0,-4.26715e-008,7.31512e-009,0.981818,0,0,0,-0.000948765,0.0519958,-0.0331154,0.631216,0.497144,1
1380,346.851,0,0,0,-4.26715e-008,7.31512e-009,0.981818,0,0,0,-0.00120475,0.0517794,-0.0341913,0.631216,0.497144,1
1390,327.493,0,0,0,-4.26715e-008,7.31512e-009,0.981818,0,0,0,-0.00156516,0.0516735,-0.0353998,0.631216,0.497144,1
1400,301.92,0,0,0,-4.26715e-008,7.31512e-009,0.981818,0,0,0,-0.00209787,0.0513888,-0.0367123,0.631216,0.497144,1
1410,279.977,0,0,0,-4.26715e-008,7.31512e-009,0.981818,0,0,0,-0.00260747,0.0510463,-0.0381051,0.631216,0.497144,1
1420,263.721,0,0,0,-4.26715e-008,7.31512e-009,0.981818,0,0,0,-0.00281932,0.0508652,-0.0396206,0.631216,0.497144,1
1430,261.177,0,0,0,-4.26715e-008,7.31512e-009,0.981818,0,0,0,-0.00284373,0.0510318,-0.0411795,0.631216,0.497144,1
1440,270.52,0,0,0,-4.26715e-008,7.31512e-009,0.981818,0,0,0,-0.00273096,0.0514624,-0.0427479,0.631216,0.497144,1
1450,285.021,0,0,0,-4.26715e-008,7.31512e-009,0.981818,0,0,0,-0.00230107,0.0519068,-0.044519,0.631138,0.497273,1
1460,304.792,0,0,0,-4.26715e-008,7.31512e-009,0.981818,0,0,0,-0.00150429,0.052153,-0.0465549,0.631127,0.497303,1
1470,318.15,0,0,0,-4.26715e-008,7.31512e-009,0.981818,0,0,0,-0.000754636,0.0523248,-0.0486586,0.631124,0.497313,1
1480,323.377,0,0,0,-4.26715e-008,7.31512e-009,0.981818,0,0,0,-0.000189795,0.052382,-0.0506803,0.631076,0.497606,1
1490,319.299,0,0,0,-4.26715e-008,7.31512e-009,0.981818,0,0,0,0.000373077,0.0522647,-0.0526459,0.631063,0.497831,1
1500,305.543,0,0,0,-4.26715e-008,7.31512e-009,0.981818,0,0,0,0.000879151,0.0521151,-0.0544265,0.631065,0.498135,1
1510,295.874,0,0,0,-4.26715e-008,7.31512e-009,0.981818,0,0,0,0.00103088,0.0521741,-0.0560409,0.631088,0.498488,1
1520,290.082,0,0,0,-4.26715e-008,7.31512e-009,0.981818,0,0,0,0.000829429,0.0523342,-0.0576501,0.631109,0.498565,1
1530,281.889,0,0,0,-4.26715e-008,7.31512e-009,0.981818,0,0,0,0.000462901,0.0525577,-0.0592373,0.631119,0.498582,1
1540,265.912,0,0,0,-4.26715e-008,7.31512e-009,0.981818,0,0,0,3.80831e-005,0.0529164,-0.0604309,0.631119,0.498582,1
1550,235.357,0,0,0,-4.26715e-008,7.31512e-009,0.981818,0,0,0,-0.000319406,0.0533121,-0.0612328,0.631119,0.498582,1
1560,204.706,0,0,0,-4.26715e-008,7.31512e-009,0.981818,0,0,0,-0.000459616,0.0533926,-0.0618769,0.631119,0.498582,1
1570,194.072,0,0,0,-4.26715e-008,7.31512e-009,0.981818,0,0,0,-0.000350262,0.053206,-0.0623968,0.631119,0.498582,1
1580,196.917,0,0,0,-4.26715e-008,7.31512e-009,0.981818,0,0,0,-0.000225501,0.0531001,-0.0625204,0.631119,0.498582,1
1590,217.282,0,0,0,-4.26715e-008,7.31512e-009,0.981818,0,0,0,-0.00018458,0.0532044,-0.0623551,0.631119,0.498582,1
1600,249.415,0,0,0,-4.26715e-008,7.31512e-009,0.981818,0,0,0,-3.74839e-005,0.0532353,-0.0622125,0.631119,0.498582,1
1610,279.404,0,0,0,-4.26715e-008,7.31512e-009,0.981818,0,0,0,0.00038073,0.0531003,-0.0622484,0.631119,0.498582,1
1620,307.34,0,0,0,-4.26715e-008,7.31512e-009,0.981818,0,0,0,0.00076603,0.0529461,-0.0621443,0.631119,0.498582,1
1630,330.085,0,0,0,-4.26715e-008,7.31512e-009,0.981818,0,0,0,0.00092998,0.0527763,-0.0617604,0.631119,0.498582,1
1640,342.022,0,0,0,-4.26715e-008,7.31512e-009,0.981818,0,0,0,0.000972887,0.0524615,-0.0612275,0.631119,0.498582,1
1650,349.84,0,0,0,-4.26715e-008,7.31512e-009,0.981818,0,0,0,0.00103444,0.052187,-0.0607053,0.631288,0.498601,1
1660,347.279,0,0,0,-4.26715e-008,7.31512e-009,0.981818,0,0,0,0.00107342,0.0521584,-0.0600675,0.631276,0.498621,1
1670,343.902,0,0,0,-4.26715e-008,7.31512e-009,0.981818,0,0,0,0.00120411,0.0521569,-0.0593442,0.631155,0.498805,1
1680,344.197,0,0,0,-4.26715e-008,7.31512e-009,0.981818,0,0,0,0.00129635,0.0520189,-0.0585954,0.631063,0.498929,1
1690,344.226,0,0,0,-4.26715e-008,7.31512e-009,0.981818,0,0,0,0.00117114,0.0520248,-0.0578225,0.630961,0.499057,1
1700,345.315,0,0,0,-4.26715e-008,7.31512e-009,0.981818,0,0,0,0.000897239,0.0523274,-0.0569463,0.630838,0.499202,1
1710,335.88,0,0,0,-4.26715e-008,7.31512e-009,0.981818,0,0,0,0.000832639,0.0526454,-0.0560827,0.63081,0.499233,1
1720,316.994,0,0,0,-4.26715e-008,7.31512e-009,0.981818,0,0,0,0.000787261,0.0529883,-0.0552857,0.630802,0.499241,1
1730,296.776,0,0,0,-4.26715e-008,7.31512e-009,0.981818,0,0,0,0.000493915,0.0535504,-0.0545011,0.630802,0.499241,1
1740,279.634,0,0,0,-4.26715e-008,7.31512e-009,0.981818,0,0,0,-1.62975e-006,0.0541435,-0.0536059,0.630802,0.499241,1
1750,279.242,0,0,0,-4.26715e-008,7.31512e-009,0.981818,0,0,0,-0.000332292,0.0542961,-0.0526923,0.630802,0.499241,1
1760,286.353,0,0,0,-4.26715e-008,7.31512e-009,0.981818,0,0,0,-0.000443141,0.0541051,-0.051829,0.630802,0.499241,1
1770,293.484,0,0,0,-4.26715e-008,7.31512e-009,0.981818,0,0,0,-0.000290998,0.0539436,-0.0510521,0.630802,0.499241,1
1780,297.358,0,0,0,-4.26715e-008,7.31512e-009,0.981818,0,0,0,1.66061e-005,0.0539821,-0.0504181,0.630802,0.499241,1
1790,294.937,0,0,0,-4.26715e-008,7.31512e-009,0.981818,0,0,0,0.00035563,0.0541096,-0.0501007,0.630802,0.499241,1
1800,290.489,0,0,0,-4.26715e-008,7.31512e-009,0.981818,0,0,0,0.000485319,0.054384,-0.0500226,0.630802,0.499241,1
1810,292.261,0,0,0,-4.26715e-008,7.31512e-009,0.981818,0,0,0,0.000421798,0.0546398,-0.0499167,0.630802,0.499241,1
1820,298.535,0,0,0,-4.26715e-008,7.31512e-009,0.981818,0,0,0,0.000269366,0.0546221,-0.0497397,0.630754,0.499305,1
1830,315.837,0,0,0,-4.26715e-008,7.31512e-009,0.981818,0,0,0,0.000152776,0.0543414,-0.0498353,0.630703,0.499394,1
1840,334.218,0,0,0,-4.26715e-008,7.31512e-009,0.981818,0,0,0,-5.98484e-005,0.0542271,-0.0503658,0.630697,0.499418,1
1850,345.928,0,0,0,-4.26715e-008,7.31512e-009,0.981818,0,0,0,-0.000309999,0.0544436,-0.0509708,0.630697,0.499418,1
1860,349.154,0,0,0,-4.26715e-008,7.31512e-009,0.981818,0,0,0,-0.000427735,0.0548036,-0.0513976,0.630697,0.499418,1
1870,346.902,0,0,0,-4.26715e-008,7.31512e-009,0.981818,0,0,0,-0.000393611,0.0550716,-0.0518024,0.630697,0.499418,1
1880,342.599,0,0,0,-4.26715e-008,7.31512e-009,0.981818,0,0,0,-0.000371106,0.0552993,-0.0523102,0.630697,0.499418,1
1890,338.984,0,0,0,-4.26715e-008,7.31512e-009,0.981818,0,0,0,-0.000221852,0.0555304,-0.0527386,0.630697,0.499418,1
1900,336.727,0,0,0,-4.26715e-008,7.31512e-009,0.981818,0,0,0,0.000192942,0.055719,-0.053113,0.630697,0.499418,1
1910,343.156,0,0,0,-4.26715e-008,7.31512e-009,0.981818,0,0,0,0.000618355,0.0558914,-0.0534881,0.630697,0.499418,1
1920,349.724,0,0,0,-4.26715e-008,7.31512e-009,0.981818,0,0,0,0.000715247,0.0560609,-0.0537626,0.630844,0.499478,1
1930,347.671,0,0,0,-4.26715e-008,7.31512e-009,0.981818,0,0,0,0.000615891,0.0559418,-0.0537926,0.630963,0.499549,1
1940,340.589,0,0,0,-4.26715e-008,7.31512e-009,0.981818,0,0,0,0.000553929,0.0553208,-0.0538299,0.630993,0.499575,1
1950,322.699,0,0,0,-4.26715e-008,7.31512e-009,0.981818,0,0,0,0.000361912,0.0544797,-0.0539914,0.631059,0.499615,1
1960,304.692,0,0,0,-4.26715e-008,7.31512e-009,0.981818,0,0,0,-0.000159322,0.0537527,-0.0540437,0.631145,0.499657,1
1970,289.682,0,0,0,-4.26715e-008,7.31512e-009,0.981818,0,0,0,-0.000814644,0.0531644,-0.0536392,0.631145,0.499657,1
1980,275.588,0,0,0,-4.26715e-008,7.31512e-009,0.981818,0,0,0,-0.00135643,0.0526839,-0.0529094,0.631145,0.499657,1
1990,281.331,0,0,0,-4.26715e-008,7.31512e-009,0.981818,0,0,0,-0.00188443,0.0524871,-0.0520608,0.631169,0.499666,1
2000,1085.59,0,0,-7.28676,-0.00226382,0.0525802,0.978168,0,0,0,-0.00228752,0.0526024,-0.0510808,0.63142,0.499309,1
2010,1075.72,0,0,-7.15589,-0.00226382,0.0525802,0.94203,0,0,0,-0.00224596,0.0529388,-0.0498496,0.631732,0.499188,1
2020,1062.29,0,0,-7.02786,-0.00226382,0.0525802,0.90654,0,0,0,-0.00188712,0.0533342,-0.0484864,0.632255,0.499109,1
2030,1035,0,0,-6.90314,-0.00226382,0.0525802,0.871683,0,0,0,-0.00172473,0.0536722,-0.0471015,0.632745,0.499131,1
2040,994.303,0,0,-6.78226,-0.00226382,0.0525802,0.837441,0,0,0,-0.00166515,0.053814,-0.0458566,0.633215,0.499211,1
2050,947.25,0,0,-6.66583,-0.00226382,0.0525802,0.803793,0,0,0,-0.00133314,0.0539002,-0.0449471,0.633635,0.4993,1
2060,898.473,0,0,-6.55412,-0.00226382,0.0525802,0.770717,0,0,0,-0.000829424,0.0541151,-0.0444261,0.63397,0.49939,1
2070,858.186,0,0,-6.44691,-0.00226382,0.0525802,0.73819,0,0,0,-0.000631204,0.0545916,-0.0439973,0.63434,0.499497,1
2080,827.067,0,0,-6.3438,-0.00226382,0.0525802,0.706189,0,0,0,-0.000787118,0.0550956,-0.0434363,0.634735,0.49963,1
2090,799.104,0,0,-6.2443,-0.00226382,0.0525802,0.674695,0,0,0,-0.00109662,0.0553874,-0.0428311,0.634972,0.499737,1
2100,776.59,0,0,-6.1482,-0.00226382,0.0525802,0.643691,0,0,0,-0.00144467,0.05538,-0.0424307,0.635029,0.499774,1
2110,758.749,0,0,-6.05509,-0.00226382,0.0525802,0.613161,0,0,0,-0.00184188,0.0552858,-0.0422568,0.635165,0.499822,1
2120,737.659,0,0,-5.96484,-0.00226382,0.0525802,0.58309,0,0,0,-0.00208118,0.0551018,-0.0420598,0.635175,0.499813,1
2130,711.253,0,0,-5.87795,-0.00226382,0.0525802,0.553463,0,0,0,-0.00203832,0.0547821,-0.0416144,0.635219,0.499761,1
2140,684.947,-1.18153e-007,-2.03621e-008,-5.79469,-0.00226382,0.0525802,0.524262,0.00955075,0.00164594,0.0867695,-0.00187883,0.0542892,-0.0411455,0.635313,0.499636,1
2150,668.893,-2.84e-006,-5.33885e-007,-5.71452,-0.00226383,0.0525802,0.49547,0.0125306,0.00260592,0.125885,-0.00182933,0.0537366,-0.0410719,0.635385,0.499555,1
2160,664.77,-5.98131e-006,-1.29578e-006,-5.63645,-0.00226385,0.0525802,0.467073,0.0129401,0.00358247,0.182959,-0.00167925,0.0531554,-0.0414568,0.635502,0.499436,1
2170,670.131,-9.04284e-006,-1.99637e-006,-5.55923,-0.00226389,0.0525802,0.439065,0.00336687,-0.0143474,0.313245,-0.00128523,0.0527967,-0.0419934,0.635624,0.499322,1
2180,680.474,-7.55996e-006,2.67524e-006,-5.48241,-0.00226393,0.0525802,0.411442,-0.0536448,-0.0287221,1.56669,-0.00093259,0.0528296,-0.0423688,0.635634,0.499314,1
2190,685.019,1.76126e-005,1.17972e-005,-5.40623,-0.00226392,0.0525802,0.384201,-0.173,-0.0318793,2.22267,-0.000869939,0.0532098,-0.0424902,0.635634,0.499314,1
2200,672.446,9.38195e-005,2.63173e-005,-5.33168,-0.00226369,0.0525803,0.357339,-1.2079,-0.342957,4.60569,-0.000943139,0.0537145,-0.0424913,0.635634,0.499314,1
2210,639.49,0.000456502,0.000126133,-5.26105,-0.00226238,0.0525807,0.330841,-2.51413,-0.461845,7.92414,-0.00108323,0.0542988,-0.0427376,0.635634,0.499314,1
2220,603.9,0.00113363,0.00024911,-5.19565,-0.00225843,0.0525816,0.304684,-2.04488,-0.266852,10.9397,-0.00132064,0.0547951,-0.0433795,0.635634,0.499314,1
2230,576.784,0.00159665,0.00031035,-5.1352,-0.00225155,0.052583,0.278843,-1.21227,-0.269874,13.8764,-0.00154447,0.0549937,-0.0441935,0.635634,0.499314,1
2240,562.649,0.0016496,0.000355251,-5.07838,-0.0022432,0.0525847,0.253295,1.124,-0.120503,15.0476,-0.00164899,0.0548653,-0.0447224,0.635634,0.499314,1
2250,559.922,0.000790438,0.000339129,-5.0231,-0.00223654,0.0525865,0.228027,6.48226,0.254203,13.3167,-0.00165555,0.0547674,-0.0448478,0.635634,0.499314,1
2260,560.395,-0.00196132,0.000217927,-4.96775,-0.00223848,0.0525879,0.203035,15.6163,0.625066,9.27455,-0.00156142,0.054946,-0.044879,0.635634,0.499314,1
2270,559.658,-0.00658162,3.57152e-005,-4.9118,-0.00225929,0.0525886,0.178321,21.2944,0.86709,3.26846,-0.00138713,0.0552365,-0.0453048,0.635634,0.499314,1
2280,553.703,-0.0115638,-0.000208173,-4.85469,-0.00230504,0.0525882,0.15389,18.1472,1.08568,-10.0772,-0.00119756,0.0553283,-0.0460353,0.635634,0.499314,1
2290,537.694,-0.0154213,-0.000465519,-4.79439,-0.0023727,0.0525865,0.129751,17.4231,0.819798,-42.1183,-0.000998757,0.0553037,-0.0465656,0.635634,0.499314,1
2300,514.037,-0.0231271,-0.00042164,-4.72457,-0.00246508,0.052584,0.105935,57.3535,-1.40822,-120.947,-0.000873673,0.0554264,-0.0465245,0.635634,0.499314,1
2310,494.131,-0.0542295,0.000275401,-4.62583,-0.00264035,0.0525833,0.082527,236.131,-4.34399,-326.922,-0.000900636,0.0556963,-0.0461768,0.635634,0.499314,1
2320,473.446,-0.173048,0.00197382,-4.44794,-0.00314676,0.0525884,0.0597815,837.593,-9.95936,-826.804,-0.000890704,0.0559111,-0.0458684,0.635634,0.499314,1
2330,439.79,-0.532569,0.007247,-4.10367,-0.0047676,0.052608,0.0383052,2199.06,-44.1364,-1681.52,-0.000623153,0.0559478,-0.0457593,0.635634,0.499314,1
2340,419.682,-1.22064,0.0311142,-3.59535,-0.00905525,0.0526916,0.0190199,3091.19,-159.993,-1984.53,-0.000261696,0.0557251,-0.045713,0.635634,0.499314,1
2350,433.546,-1.8389,0.0864775,-3.16038,-0.0168603,0.0529729,0.00220374,1705.29,-281.17,-1264.81,5.36181e-005,0.0552419,-0.045638,0.635634,0.499314,1
2360,435.633,-2.00608,0.159185,-2.89606,-0.0266744,0.0535866,-0.0128903,-157.719,-292.316,-768.705,0.000454631,0.0548036,-0.0454248,0.635634,0.499314,1
2370,415.68,-1.77164,0.22153,-2.70025,-0.0362679,0.0545475,-0.0268763,-1559.34,-208.304,-683.675,0.000973503,0.0546927,-0.0452106,0.635634,0.499314,1
2380,394.936,-1.2382,0.251523,-2.51731,-0.0439026,0.0557485,-0.0399181,-2595.36,-40.6173,-632.381,0.00138025,0.0547697,-0.045227,0.635634,0.499314,1
2390,381.591,-0.525969,0.239559,-2.37631,-0.0483526,0.0569943,-0.0521258,-2973.51,130.792,-363.807,0.00159361,0.0547332,-0.0457403,0.635753,0.499262,1
2400,372.476,0.17132,0.180281,-2.31412,-0.0491917,0.0580658,-0.0638217,-2544.44,334.581,-57.2639,0.00172696,0.0546777,-0.046748,0.636048,0.499149,1
2410,369.348,0.71025,0.0766865,-2.31403,-0.0469103,0.0587247,-0.0753758,-1832.04,491.86,123.202,0.0018284,0.0547518,-0.0481413,0.636459,0.499003,1
2420,378.213,1.08752,-0.0561553,-2.34698,-0.0423561,0.0587819,-0.0870204,-1282.81,549.078,231.132,0.0017151,0.0547941,-0.0496767,0.63688,0.498857,1
2430,397.552,1.34444,-0.182698,-2.398,-0.0362284,0.0581754,-0.0988832,-853.084,466.568,269.046,0.00134763,0.0546139,-0.0512578,0.637281,0.498727,1
2440,421.188,1.49352,-0.278518,-2.4422,-0.0290858,0.0570049,-0.110995,-435.586,310.25,212.569,0.000966437,0.0543902,-0.0528209,0.63771,0.4986,1
2450,432.774,1.54665,-0.33357,-2.46683,-0.0214474,0.0554583,-0.123281,-106.674,162.18,136.553,0.000741407,0.0543076,-0.0544091,0.63807,0.498503,1
2460,428.29,1.53219,-0.358163,-2.47439,-0.0137245,0.0537182,-0.135644,112.862,66.7494,81.7273,0.000452672,0.0543805,-0.0560477,0.638249,0.498461,1
2470,411.808,1.4738,-0.365723,-2.47244,-0.00619158,0.0519032,-0.148019,264.172,21.7072,47.3396,2.94712e-005,0.054635,-0.0577875,0.638269,0.498457,1
2480,396.821,1.38446,-0.366068,-2.46562,0.000967685,0.0500713,-0.160369,377.88,2.65051,27.6934,-0.000415484,0.0551191,-0.05953,0.638269,0.498457,1
2490,382.158,1.27244,-0.363465,-2.45724,0.00761978,0.0482461,-0.17268,459.504,-5.95104,20.0308,-0.000954729,0.0556113,-0.0612625,0.638269,0.498457,1
2500,369.826,1.14618,-0.359409,-2.45002,0.013672,0.046438,-0.18495,504.625,-12.0701,22.2167,-0.00186709,0.0558583,-0.063004,0.638269,0.498457,1
2510,358.177,1.01494,-0.35411,-2.44567,0.0190761,0.0446532,-0.197191,510.265,-18.2004,29.2326,-0.00290931,0.0558725,-0.0647596,0.638269,0.498457,1
2520,344.902,0.888323,-0.347557,-2.44484,0.0238312,0.0428982,-0.209418,477.818,-24.203,35.8668,-0.00366414,0.0557743,-0.0663809,0.638269,0.498457,1
2530,327.438,0.775344,-0.340058,-2.4478,0.0279834,0.0411787,-0.221649,411.966,-28.772,38.6863,-0.00397606,0.0554858,-0.0677288,0.638302,0.498447,1
2540,320.48,0.682427,-0.331968,-2.45301,0.0316189,0.0394982,-0.233902,326.19,-31.5656,37.2425,-0.00396477,0.0549822,-0.0686967,0.638448,0.498395,1
2550,327.85,0.611298,-0.323358,-2.45724,0.0348445,0.0378596,-0.24618,239.962,-32.8565,32.544,-0.00353265,0.054482,-0.0693237,0.638499,0.498373,1
2560,339.566,0.559717,-0.31443,-2.45818,0.0377648,0.0362649,-0.258472,167.038,-32.227,26.1163,-0.00272016,0.0542751,-0.0697508,0.638558,0.498343,1
2570,342.744,0.523938,-0.305779,-2.45619,0.0404685,0.0347144,-0.27076,111.121,-29.5935,19.0768,-0.00175379,0.0542791,-0.0701198,0.638675,0.498274,1
2580,337.231,0.500168,-0.298024,-2.4528,0.0430248,0.0332051,-0.283035,69.896,-25.3749,13.2711,-0.00102028,0.0542504,-0.0703685,0.63881,0.49818,1
2590,322.49,0.485346,-0.291617,-2.44987,0.0454857,0.0317314,-0.295292,42.2528,-20.8467,8.0986,-0.000611775,0.0541341,-0.0704143,0.638927,0.498084,1
2600,310.642,0.47665,-0.286629,-2.44825,0.0478888,0.0302863,-0.307538,24.4482,-16.6018,3.18891,-0.000568829,0.0540089,-0.07041,0.639068,0.497977,1
2610,306.205,0.471827,-0.282832,-2.44708,0.0502588,0.028863,-0.319777,13.116,-12.7728,-0.818854,-0.000800672,0.0538049,-0.07061,0.639205,0.497866,1
2620,311.723,0.469169,-0.279893,-2.44472,0.0526108,0.0274565,-0.332008,6.23638,-9.06299,-3.80184,-0.00115599,0.0536639,-0.0709917,0.63932,0.497763,1
2630,322.017,0.46753,-0.277619,-2.4401,0.0549524,0.0260628,-0.344222,2.24437,-6.33648,-6.68731,-0.00142773,0.0538587,-0.0713152,0.639504,0.497589,1
2640,329.865,0.466322,-0.275762,-2.43317,0.0572872,0.0246794,-0.356407,0.0554821,-4.20901,-9.14961,-0.00180531,0.0543059,-0.0714491,0.639762,0.497332,1
2650,335.68,0.46529,-0.274222,-2.42453,0.0596164,0.0233044,-0.368553,-1.19316,-3.00418,-10.6721,-0.00243619,0.0547045,-0.0713887,0.640008,0.497077,1
2660,333.333,0.464442,-0.27291,-2.4154,0.061941,0.0219365,-0.380655,-1.47758,-1.63411,-11.6156,-0.00301491,0.0552193,-0.0712136,0.640271,0.496795,1
2670,324.944,0.463806,-0.271988,-2.40704,0.0642617,0.0205742,-0.392711,-1.70254,-0.953909,-12.4465,-0.00305633,0.0560501,-0.0709309,0.640613,0.496419,1
2680,310.34,0.463592,-0.271423,-2.40054,0.0665802,0.0192158,-0.40473,-2.1726,-0.838479,-12.0518,-0.00273222,0.0569415,-0.0704944,0.640962,0.496023,1
2690,288.254,0.464198,-0.271302,-2.39795,0.0688993,0.0178592,-0.416724,-1.99107,-0.133714,-11.2824,-0.00251221,0.0576035,-0.0697521,0.641283,0.495649,1
2700,273.919,0.465531,-0.271781,-2.39959,0.0712231,0.0165018,-0.428716,-1.89113,-0.0233839,-10.964,-0.002553,0.0580846,-0.0686582,0.641584,0.495288,1
2710,281.036,0.467018,-0.272379,-2.40226,0.0735544,0.0151414,-0.44072,-1.78713,-0.371949,-9.66547,-0.00274039,0.0582435,-0.0672622,0.641823,0.494987,1
2720,309.617,0.467628,-0.272403,-2.40089,0.0758915,0.0137792,-0.45273,-1.41916,-0.372681,-8.72954,-0.00296738,0.0578459,-0.0658241,0.642015,0.494734,1
2730,342.016,0.466967,-0.271738,-2.39365,0.0782287,0.0124185,-0.46472,-1.33791,-0.290209,-8.21618,-0.00308525,0.0570503,-0.0644972,0.642219,0.49448,1
2740,362.035,0.465516,-0.270645,-2.3826,0.0805606,0.0110622,-0.476664,-1.25926,-0.208463,-7.67959,-0.00307739,0.0562292,-0.0633096,0.642397,0.494265,1
2750,371.013,0.463674,-0.269361,-2.36981,0.0828842,0.0097118,-0.488548,-1.1225,0.148966,-6.75222,-0.00311176,0.0554018,-0.0620602,0.642534,0.494106,1
2760,372.386,0.461686,-0.26809,-2.35665,0.0851981,0.00836784,-0.500367,-1.30967,0.221368,-6.04496,-0.00322483,0.0545361,-0.0606606,0.642672,0.493951,1
2770,358.589,0.459929,-0.266948,-2.34466,0.0875025,0.00703004,-0.512122,-1.19071,0.244991,-5.62352,-0.0032908,0.0538882,-0.059094,0.642719,0.4939,1
2780,337.654,0.458631,-0.266095,-2.33528,0.0897991,0.00569735,-0.523823,-1.07136,0.263425,-5.23687,-0.0032698,0.0536984,-0.0575204,0.642719,0.4939,1
2790,314.351,0.458023,-0.265666,-2.32968,0.0920906,0.00436801,-0.535484,-0.74584,0.32656,-4.42351,-0.00333003,0.0537383,-0.0559727,0.642719,0.4939,1
2800,296.99,0.45805,-0.26566,-2.32787,0.0943806,0.00303982,-0.547127,-0.742404,0.26331,-3.3501,-0.00357699,0.0537488,-0.0545224,0.642719,0.4939,1
2810,292.094,0.458473,-0.26587,-2.32834,0.0966718,0.00171107,-0.558767,-0.644563,0.263983,-3.11367,-0.00397403,0.0538542,-0.0532316,0.642719,0.4939,1
2820,291.988,0.458953,-0.266125,-2.32927,0.0989653,0.000381129,-0.57041,-0.7016,0.183176,-2.62341,-0.00432714,0.0542074,-0.0522821,0.642719,0.4939,1
2830,293.87,0.459385,-0.266328,-2.33001,0.101261,-0.00094998,-0.582058,-0.601283,0.186055,-2.4727,-0.00459072,0.0546443,-0.0516181,0.642719,0.4939,1
2840,293.118,0.459751,-0.266506,-2.33057,0.103559,-0.00228202,-0.59371,-0.508231,0.181068,-2.31071,-0.00474903,0.055175,-0.0510884,0.642719,0.4939,1
2850,283.194,0.460348,-0.266829,-2.33247,0.105859,-0.00361519,-0.605366,-0.421145,0.169311,-2.13164,-0.00493217,0.0560062,-0.0505116,0.642719,0.4939,1
2860,269.558,0.461434,-0.267443,-2.33699,0.108163,-0.00495058,-0.617037,-0.340856,0.151607,-1.93224,-0.00521207,0.0569789,-0.0499514,0.642719,0.4939,1
2870,253.195,0.463264,-0.268497,-2.34542,0.110474,-0.00628997,-0.628739,-0.246975,0.298976,-1.43509,-0.0055229,0.0577479,-0.0494196,0.642939,0.493746,1
2880,240.399,0.465912,-0.270068,-2.35822,0.112796,-0.00763584,-0.640493,-0.192681,0.246933,-1.25066,-0.00551437,0.0584014,-0.0489834,0.64336,0.493461,1
2890,245.906,0.468739,-0.271738,-2.37203,0.115132,-0.00899004,-0.652316,-0.148072,0.199306,-1.06604,-0.00527277,0.0590548,-0.0486817,0.644053,0.493002,1
2900,269.498,0.470698,-0.2729,-2.38154,0.11748,-0.0103517,-0.6642,-0.0175474,0.20102,-0.589022,-0.00517341,0.0593742,-0.0485602,0.644568,0.492673,1
2910,295.687,0.471352,-0.273323,-2.38471,0.119836,-0.0117174,-0.676117,-0.0104301,0.162233,-0.479367,-0.00535341,0.0590918,-0.0483768,0.644935,0.492449,1
2920,320.509,0.470997,-0.273152,-2.38279,0.122192,-0.0130839,-0.688038,-0.00618956,0.131008,-0.389026,-0.00547161,0.0583153,-0.0479607,0.64508,0.492365,1
2930,334.824,0.469941,-0.272567,-2.37736,0.124545,-0.0144484,-0.699941,0,0,0,-0.00546969,0.0572329,-0.0474026,0.64508,0.492365,1
2940,335.404,0.468684,-0.271838,-2.371,0.126892,-0.0158096,-0.711813,0,0,0,-0.00531381,0.0561114,-0.0470701,0.64508,0.492365,1
2950,335.457,0.467463,-0.271129,-2.36482,0.129233,-0.0171672,-0.723654,0,0,0,-0.00495403,0.0553447,-0.0470347,0.64508,0.492365,1
2960,342.732,0.466126,-0.270354,-2.35806,0.131567,-0.0185212,-0.735464,0,0,0,-0.00446083,0.0550288,-0.0471735,0.64508,0.492365,1
2970,353.092,0.4645,-0.269411,-2.34984,0.133894,-0.0198709,-0.747236,0,0,0,-0.00430028,0.0549439,-0.0474487,0.64508,0.492365,1
2980,357.679,0.462667,-0.268347,-2.34056,0.136213,-0.0212156,-0.758965,0,0,0,-0.00454737,0.0549584,-0.0479995,0.64508,0.492365,1
2990,352.513,0.460864,-0.267302,-2.33144,0.138522,-0.0225549,-0.770647,0,0,0,-0.00491581,0.0551122,-0.048709,0.64508,0.492365,1
3000,345.268,0.459262,-0.266372,-2.32333,0.140822,-0.0238893,-0.782285,0,0,0,-0.00519184,0.0553683,-0.0494394,0.644597,0.49271,1
3010,337.486,0.457887,-0.265575,-2.31638,0.143115,-0.0252193,-0.793886,0,0,0,-0.00563736,0.0556707,-0.050326,0.644578,0.49279,1
3020,330.816,0.456726,-0.264902,-2.31051,0.145402,-0.0265456,-0.805454,0,0,0,-0.00619676,0.05608,-0.0515871,0.64449,0.493221,1
3030,322.769,0.455789,-0.264358,-2.30577,0.147684,-0.0278688,-0.816995,0,0,0,-0.0064653,0.0567974,-0.0530765,0.64445,0.493548,1
3040,308.826,0.45523,-0.264034,-2.30294,0.149961,-0.0291898,-0.828517,0,0,0,-0.00629508,0.0578231,-0.0545591,0.644411,0.493862,1
3050,291.738,0.455236,-0.264037,-2.30297,0.152237,-0.0305098,-0.84003,0,0,0,-0.00607696,0.058889,-0.0560361,0.644335,0.494336,1
3060,270.862,0.456039,-0.264503,-2.30703,0.154515,-0.0318308,-0.851552,0,0,0,-0.00588668,0.0596492,-0.0575051,0.644234,0.494848,1
3070,256.158,0.457695,-0.265464,-2.31541,0.156798,-0.0331553,-0.863105,0,0,0,-0.005597,0.0599908,-0.0587013,0.644103,0.495413,1
3080,252.623,0.45978,-0.266673,-2.32596,0.159091,-0.0344853,-0.874705,0,0,0,-0.0053683,0.0599761,-0.0593875,0.643925,0.496106,1
3090,252.012,0.461948,-0.267931,-2.33692,0.161395,-0.0358215,-0.886359,0,0,0,-0.00540512,0.0598399,-0.0597162,0.643729,0.496797,1
3100,252.356,0.464121,-0.269191,-2.34792,0.16371,-0.037164,-0.898069,0,0,0,-0.00535588,0.0597216,-0.0598854,0.643538,0.497401,1
3110,249.232,0.466381,-0.270502,-2.35935,0.166035,-0.0385129,-0.909834,0,0,0,-0.00503191,0.0594733,-0.0598531,0.643344,0.497964,1
3120,242.945,0.468953,-0.271993,-2.37236,0.168373,-0.0398686,-0.921659,0,0,0,-0.00475927,0.0588711,-0.0595231,0.643167,0.498428,1
3130,240.638,0.471812,-0.273651,-2.38682,0.170724,-0.0412323,-0.933553,0,0,0,-0.004881,0.0580636,-0.059112,0.643035,0.498738,1
3140,243.68,0.474651,-0.275298,-2.40119,0.17309,-0.0426043,-0.94552,0,0,0,-0.00530322,0.0573803,-0.0587635,0.642917,0.498988,1
3150,249.435,0.477222,-0.27679,-2.41419,0.175469,-0.0439842,-0.957556,0,0,0,-0.00595426,0.0570232,-0.0584511,0.642792,0.499227,1
3160,261.55,0.479306,-0.277998,-2.42473,0.17786,-0.045371,-0.969652,0,0,0,-0.00683707,0.0570803,-0.0581873,0.642716,0.49936,1
3170,275.525,0.480671,-0.27879,-2.43164,0.18026,-0.046763,-0.981792,0,0,0,-0.00780382,0.0574838,-0.0582066,0.642696,0.499388,1
3180,280.395,0.481564,-0.279308,-2.43616,0.182665,-0.0481581,-0.993961,0,0,0,-0.00857741,0.0579134,-0.0583956,0.642685,0.499416,1
3190,286.506,0.482315,-0.279744,-2.43996,0.185075,-0.0495557,0.993849,0,0,0,-0.00911433,0.0580649,-0.0585579,0.642655,0.499501,1
3200,304.365,0.482492,-0.279846,-2.44086,0.187487,-0.0509549,0.981645,0,0,0,-0.00940097,0.0579715,-0.0587896,0.642655,0.499501,1
3210,330.442,0.481816,-0.279454,-2.43743,0.189898,-0.0523534,0.969447,0,0,0,-0.00924553,0.0577971,-0.0594752,0.642655,0.499501,1
3220,358.28,0.480221,-0.278529,-2.42937,0.192304,-0.0537488,0.957276,0,0,0,-0.00862845,0.0575897,-0.0604887,0.642655,0.499501,1
3230,377.68,0.477958,-0.277216,-2.41791,0.1947,-0.0551386,0.945154,0,0,0,-0.00789998,0.0573972,-0.0614718,0.642655,0.499501,1
3240,386.776,0.475359,-0.275709,-2.40477,0.197084,-0.0565214,0.933094,0,0,0,-0.0073181,0.0574792,-0.0622159,0.642655,0.499501,1
3250,381.584,0.472739,-0.274189,-2.39151,0.199455,-0.0578965,0.9211,0,0,0,-0.00681119,0.0579497,-0.0629184,0.642655,0.499501,1
3260,365.261,0.470422,-0.272846,-2.37979,0.201814,-0.0592643,0.90917,0,0,0,-0.00640511,0.0585511,-0.0635482,0.642655,0.499501,1
3270,345.839,0.468621,-0.271801,-2.37068,0.204161,-0.060626,0.897292,0,0,0,-0.00621775,0.0589416,-0.0639535,0.642655,0.499501,1
3280,326.33,0.467395,-0.27109,-2.36448,0.206501,-0.0619833,0.885454,0,0,0,-0.00627865,0.0591539,-0.0640323,0.642611,0.499638,1
3290,307.538,0.466808,-0.27075,-2.36151,0.208837,-0.0633378,0.87364,0,0,0,-0.00653784,0.0593777,-0.063886,0.642539,0.499835,1
3300,295.127,0.466827,-0.27076,-2.36161,0.211171,-0.0646915,0.861833,0,0,0,-0.00703509,0.0597341,-0.0634385,0.642515,0.499896,1
3310,296.984,0.467022,-0.270873,-2.36259,0.213505,-0.0660456,0.850023,0,0,0,-0.00758848,0.0602035,-0.0627447,0.642483,0.499965,1
3320,311.285,0.466858,-0.270779,-2.36177,0.21584,-0.0673998,0.83821,0,0,0,-0.0080728,0.0606368,-0.0621495,0.642483,0.499965,1
3330,318.909,0.466238,-0.270419,-2.35863,0.218173,-0.068753,0.826408,0,0,0,-0.00854226,0.0608086,-0.0619834,0.642483,0.499965,1
3340,308.128,0.4657,-0.270107,-2.3559,0.220503,-0.0701043,0.814622,0,0,0,-0.0091288,0.0607617,-0.0620426,0.642483,0.499965,1
3350,287.602,0.465827,-0.27018,-2.35655,0.222832,-0.0714548,0.802843,0,0,0,-0.00959187,0.0606012,-0.06202,0.642481,0.499969,1
3360,270.076,0.466768,-0.270726,-2.36131,0.225163,-0.0728067,0.791051,0,0,0,-0.00980654,0.06033,-0.0620876,0.642481,0.499969,1
3370,254.769,0.468474,-0.271716,-2.36994,0.2275,-0.0741624,0.779226,0,0,0,-0.00972657,0.0599674,-0.062669,0.642481,0.499969,1
3380,238.462,0.471081,-0.273228,-2.38313,0.229848,-0.0755241,0.767349,0,0,0,-0.00949778,0.0595895,-0.0638272,0.642481,0.499969,1
3390,229.579,0.47447,-0.275193,-2.40027,0.232211,-0.0768946,0.755396,0,0,0,-0.00917123,0.0590954,-0.0652606,0.642481,0.499969,1
3400,225.222,0.47832,-0.277426,-2.41975,0.234591,-0.0782755,0.743352,0,0,0,-0.00898869,0.0585135,-0.066837,0.642481,0.499969,1
3410,236.937,0.481959,-0.279537,-2.43816,0.236992,-0.0796676,0.73121,0,0,0,-0.00897304,0.0581486,-0.068611,0.642481,0.499969,1
3420,260.454,0.484428,-0.280969,-2.45065,0.239407,-0.0810688,0.718988,0,0,0,-0.00918717,0.0581547,-0.0705793,0.642481,0.499969,1
3430,295.276,0.485371,-0.281516,-2.45542,0.241832,-0.0824753,0.70672,0,0,0,-0.00946068,0.0582901,-0.0726291,0.642481,0.499969,1
3440,334.011,0.484727,-0.281142,-2.45216,0.244258,-0.0838823,0.694448,0,0,0,-0.00981474,0.058357,-0.0749028,0.642481,0.499969,1
3450,351.477,0.483109,-0.280204,-2.44398,0.246679,-0.0852861,0.682204,0,0,0,-0.0101708,0.0584388,-0.077415,0.642481,0.499969,1
3460,340.941,0.481468,-0.279252,-2.43567,0.24909,-0.0866849,0.670004,0,0,0,-0.0105024,0.0586952,-0.07978,0.642481,0.499969,1
3470,323.916,0.48033,-0.278592,-2.42992,0.251495,-0.0880795,0.65784,0,0,0,-0.0105889,0.0590709,-0.0815023,0.642393,0.500151,1
3480,312.645,0.479687,-0.278219,-2.42666,0.253895,-0.0894715,0.645698,0,0,0,-0.0104316,0.0594218,-0.0827636,0.642238,0.50041,1
3490,308.745,0.479291,-0.27799,-2.42466,0.256292,-0.0908621,0.63357,0,0,0,-0.00992145,0.059779,-0.0839816,0.642167,0.500507,1
3500,310.231,0.478943,-0.277788,-2.4229,0.258688,-0.0922516,0.62145,0,0,0,-0.00909433,0.0602055,-0.0851894,0.642144,0.500534,1
3510,312.204,0.478497,-0.277529,-2.42064,0.261082,-0.0936399,0.609341,0,0,0,-0.008065,0.0605475,-0.086046,0.642144,0.500534,1
3520,313.665,0.477994,-0.277237,-2.4181,0.263473,-0.0950269,0.597243,0,0,0,-0.00724837,0.0607369,-0.0865496,0.642144,0.500534,1
3530,305.239,0.477607,-0.277013,-2.41614,0.265862,-0.0964125,0.585158,0,0,0,-0.00681867,0.0609557,-0.0868802,0.642144,0.500534,1
3540,289.972,0.477741,-0.27709,-2.41682,0.26825,-0.0977976,0.573077,0,0,0,-0.00681357,0.061027,-0.0871848,0.642144,0.500534,1
3550,285.221,0.478329,-0.277432,-2.41979,0.27064,-0.0991838,0.560987,0,0,0,-0.00708579,0.0605587,-0.0874747,0.642144,0.500534,1
3560,296.793,0.47873,-0.277664,-2.42182,0.273033,-0.100572,0.548882,0,0,0,-0.00758244,0.0597549,-0.0878255,0.642144,0.500534,1
3570,313.944,0.478478,-0.277518,-2.42055,0.275426,-0.10196,0.536774,0,0,0,-0.00815813,0.0592456,-0.0881504,0.642144,0.500534,1
3580,321.937,0.47775,-0.277096,-2.41687,0.277817,-0.103346,0.524679,0,0,0,-0.00884416,0.059136,-0.0883263,0.642144,0.500534,1
3590,314.895,0.477044,-0.276686,-2.41329,0.280204,-0.104731,0.512604,0,0,0,-0.00965146,0.0591584,-0.0884091,0.642133,0.500511,1
3600,298.995,0.476781,-0.276534,-2.41196,0.282589,-0.106114,0.500541,0,0,0,-0.0104363,0.0591652,-0.0887674,0.642063,0.500334,1
3610,286.049,0.477165,-0.276756,-2.4139,0.284973,-0.107497,0.488478,0,0,0,-0.0109163,0.0591271,-0.0895092,0.641932,0.500044,1
3620,282.968,0.477845,-0.277151,-2.41734,0.28736,-0.108882,0.476401,0,0,0,-0.0111632,0.0589884,-0.0902709,0.641706,0.499586,1
3630,285.87,0.478485,-0.277522,-2.42058,0.289751,-0.110268,0.464307,0,0,0,-0.0114134,0.0589055,-0.0907297,0.641449,0.499104,1
3640,280.418,0.479165,-0.277917,-2.42403,0.292145,-0.111657,0.452197,0.0176054,0.0860754,0.564538,-0.0116653,0.0591256,-0.0911176,0.641073,0.498428,1
3650,269.332,0.480275,-0.278589,-2.42983,0.294543,-0.113048,0.440065,-0.0924901,0.288423,1.72002,-0.0118322,0.0595841,-0.0916314,0.640635,0.497666,1
3660,271.605,0.481677,-0.279463,-2.43724,0.296948,-0.114443,0.427899,-0.508486,0.479814,2.9131,-0.0119326,0.0598642,-0.0920853,0.640307,0.497106,1
3670,285.378,0.482736,-0.280122,-2.44267,0.299359,-0.115842,0.415699,-0.887913,0.611654,3.8156,-0.0119072,0.0598102,-0.0923595,0.64006,0.496684,1
3680,298.12,0.483261,-0.280448,-2.44513,0.301774,-0.117243,0.403478,-1.04012,0.675963,4.40923,-0.0116473,0.0597061,-0.092624,0.639844,0.496306,1
3690,304.457,0.483458,-0.280576,-2.4459,0.304191,-0.118646,0.39125,-1.20842,0.736738,5.15893,-0.0113119,0.0597344,-0.0928637,0.639716,0.496065,1
3700,304.683,0.483586,-0.280651,-2.44628,0.306608,-0.120049,0.37902,-1.68444,0.627244,6.4329,-0.0109269,0.0597742,-0.0929205,0.639628,0.495896,1
3710,297.085,0.483979,-0.280786,-2.44773,0.309027,-0.121452,0.366786,-1.7048,0.945799,8.887,-0.010337,0.0598656,-0.0928426,0.639533,0.49573,1
3720,288.526,0.484778,-0.281232,-2.45182,0.311449,-0.122857,0.354538,-1.96122,1.04897,10.1605,-0.00957025,0.0601334,-0.0927537,0.639533,0.49573,1
3730,283.701,0.485902,-0.28186,-2.45756,0.313875,-0.124265,0.342266,-1.97274,1.36912,11.7914,-0.00907241,0.0603903,-0.0924971,0.639533,0.49573,1
3740,287.547,0.487066,-0.282593,-2.46388,0.316308,-0.125676,0.329963,-2.21751,1.52985,12.8596,-0.0090689,0.0605039,-0.0918655,0.639533,0.49573,1
3750,299.056,0.487925,-0.283147,-2.46858,0.318745,-0.12709,0.317631,-3.12375,1.19695,14.8745,-0.00953011,0.0606816,-0.0910274,0.639533,0.49573,1
3760,312.021,0.488448,-0.283304,-2.47094,0.321186,-0.128507,0.305281,-3.06991,1.63501,15.4823,-0.0101858,0.06091,-0.090307,0.639533,0.49573,1
3770,307.856,0.488741,-0.28345,-2.47238,0.323629,-0.129923,0.292922,-2.95607,1.67194,14.6327,-0.0107705,0.0608408,-0.0897458,0.639533,0.49573,1
3780,289.162,0.48952,-0.28391,-2.47622,0.326075,-0.131342,0.280552,-2.42771,1.52841,11.8803,-0.0109524,0.0605224,-0.0891305,0.639533,0.49573,1
3790,279.988,0.490727,-0.284674,-2.48222,0.328525,-0.132763,0.268157,-1.22949,1.15895,5.74059,-0.0107688,0.0602844,-0.0885132,0.639533,0.49573,1
3800,288.962,0.491514,-0.285328,-2.48599,0.330981,-0.134188,0.255735,0.646122,0.506272,-6.43632,-0.0104789,0.0601088,-0.0881409,0.639533,0.49573,1
3810,318.975,0.490758,-0.285346,-2.48092,0.333438,-0.135615,0.243313,4.50578,0.524899,-30.6826,-0.0104531,0.0597466,-0.0880018,0.639533,0.49573,1
3820,357.312,0.487504,-0.284804,-2.46099,0.335885,-0.137041,0.230949,10.6263,2.23543,-75.6198,-0.0106385,0.0592984,-0.0877751,0.639533,0.49573,1
3830,379.928,0.481493,-0.284691,-2.42131,0.338309,-0.138464,0.218731,19.4932,9.59918,-156.936,-0.0109966,0.0590646,-0.0874742,0.639533,0.49573,1
3840,370.827,0.472832,-0.287481,-2.35405,0.340696,-0.139893,0.206775,29.4919,27.8588,-297.851,-0.0115886,0.0591952,-0.0873595,0.639533,0.49573,1
3850,331.464,0.462336,-0.297136,-2.24563,0.343036,-0.141351,0.195252,41.7427,61.6526,-525.863,-0.0124551,0.0596257,-0.0874714,0.639375,0.495706,1
3860,283.29,0.450391,-0.318369,-2.07613,0.345318,-0.142884,0.184417,52.9256,113.013,-851.141,-0.0131936,0.0603788,-0.087513,0.639106,0.49567,1
3870,243.879,0.438316,-0.354927,-1.82382,0.347539,-0.14456,0.174629,55.6284,171.075,-1253.88,-0.0136367,0.0613795,-0.0873927,0.638717,0.495625,1
3880,214.409,0.429729,-0.406335,-1.47436,0.349705,-0.146457,0.166345,38.4437,214.84,-1664.5,-0.0138662,0.0622354,-0.0871314,0.638409,0.495596,1
3890,189.62,0.429014,-0.467511,-1.03637,0.351847,-0.148637,0.16004,10.411,230.019,-1967.49,-0.0138995,0.0625892,-0.0867676,0.638278,0.495589,1
3900,182.309,0.435835,-0.532047,-0.542118,0.354005,-0.151134,0.156082,-6.556,223.898,-2088.04,-0.0135618,0.0627102,-0.0863114,0.638278,0.495589,1
3910,202.41,0.44332,-0.593586,-0.0339878,0.356203,-0.153949,0.154647,0.292735,207.217,-2013.64,-0.013168,0.0628004,-0.0859826,0.638278,0.495589,1
3920,230.039,0.444314,-0.647706,0.440342,0.358425,-0.157054,0.155686,27.8294,180.351,-1777.88,-0.0130333,0.0626121,-0.0858657,0.638117,0.49559,1
3930,258.928,0.436068,-0.691951,0.845887,0.360629,-0.160407,0.158934,57.4887,145.592,-1459.91,-0.0129359,0.0619562,-0.0858631,0.638008,0.4956,1
3940,295.339,0.419979,-0.724688,1.16853,0.362772,-0.163953,0.164006,77.4296,107.43,-1131.16,-0.0124431,0.0611072,-0.0858025,0.637908,0.495614,1
3950,330.807,0.398951,-0.746051,1.40953,0.364821,-0.167635,0.170484,86.5105,73.6103,-835.876,-0.0117952,0.0602575,-0.0857796,0.637719,0.495646,1
3960,345.902,0.37642,-0.758702,1.58145,0.366759,-0.1714,0.177988,83.955,48.3441,-599.144,-0.0113686,0.0595996,-0.0858461,0.637358,0.495711,1
3970,322.51,0.355998,-0.766164,1.70204,0.368589,-0.175214,0.186216,71.6527,29.3966,-418.884,-0.0112765,0.059401,-0.0859497,0.63691,0.495796,1
3980,275.013,0.340354,-0.771885,1.78895,0.370327,-0.17906,0.194954,55.251,15.4866,-284.587,-0.0114609,0.0597956,-0.0859773,0.636429,0.495891,1
3990,246.545,0.330206,-0.777798,1.85462,0.372001,-0.182933,0.204069,38.4701,5.8985,-187.137,-0.0118775,0.0604814,-0.0860577,0.635934,0.495995,1
4000,254.658,0.324173,-0.782365,1.90133,0.373636,-0.186833,0.213465,24.2198,-0.369306,-116.93,-0.0122617,0.0610799,-0.0863607,0.635694,0.49704,1
4010,267.303,0.320618,-0.784636,1.93072,0.375246,-0.190751,0.22305,14.5723,-3.52704,-67.6205,-0.0125042,0.0614616,-0.0870487,0.63548,0.497508,1
4020,267.852,0.318765,-0.785968,1.94877,0.376844,-0.194677,0.23275,8.36119,-3.94033,-34.3756,-0.0127291,0.0617323,-0.0881087,0.635284,0.498095,1
4030,270.558,0.318196,-0.787401,1.9601,0.378436,-0.19861,0.242524,4.39024,-2.94449,-12.2758,-0.0130138,0.0619999,-0.0894118,0.63528,0.498305,1
4040,285.134,0.318162,-0.788393,1.9651,0.380026,-0.202549,0.252338,1.26718,-1.87598,2.75125,-0.0131846,0.0622764,-0.0907603,0.635335,0.498396,1
4050,303.91,0.31822,-0.788343,1.96396,0.381617,-0.206491,0.262163,-0.213261,-0.853848,11.267,-0.0132604,0.0625512,-0.0921682,0.6355,0.49856,1
4060,317.871,0.318081,-0.787413,1.95862,0.383208,-0.210431,0.271971,-0.998678,0.00296744,14.8669,-0.0135214,0.0627399,-0.0937816,0.635696,0.498811,1
4070,322.754,0.317843,-0.786097,1.95142,0.384798,-0.214366,0.281748,-1.31229,-0.0308085,16.4889,-0.014091,0.0628139,-0.095682,0.63601,0.499258,1
4080,315.4,0.317688,-0.784855,1.94431,0.386387,-0.218293,0.291487,-1.63231,-0.111469,15.9556,-0.0147141,0.0629199,-0.0976568,0.636452,0.499936,1
4090,301.649,0.317863,-0.78427,1.93914,0.387976,-0.222216,0.301195,-1.45575,-0.633235,14.3567,-0.0151748,0.0632864,-0.0994748,0.636801,0.500518,1
4100,278.148,0.318491,-0.784812,1.93746,0.389566,-0.226137,0.310884,-1.2985,-0.664002,13.1682,-0.0155141,0.0637955,-0.10114,0.637123,0.501091,1
4110,248.352,0.319954,-0.787503,1.94141,0.391162,-0.230066,0.320577,-1.32757,-0.674992,11.1799,-0.0157356,0.0642306,-0.102838,0.637338,0.501501,1
4120,225.294,0.322531,-0.792922,1.95254,0.392767,-0.234015,0.330306,-1.07875,-0.949865,9.72266,-0.0158484,0.0644966,-0.104599,0.637384,0.501611,1
4130,227.401,0.325515,-0.799414,1.96678,0.394387,-0.237994,0.3401,-0.96398,-0.816179,8.73706,-0.0160622,0.064619,-0.106325,0.637384,0.501611,1
4140,255.298,0.327734,-0.804131,1.97678,0.39602,-0.242003,0.349959,-0.712108,-0.421163,7.54433,-0.016602,0.0645228,-0.107909,0.637384,0.501625,1
4150,283.216,0.328763,-0.806154,1.9802,0.397661,-0.246029,0.359853,-0.627632,-0.343007,6.82578,-0.0172561,0.0643588,-0.109226,0.637363,0.501781,1
4160,299.05,0.329106,-0.806566,1.97981,0.399306,-0.250062,0.369753,-0.395923,-0.382727,5.31632,-0.0176637,0.0643672,-0.110203,0.637313,0.50202,1
4170,309.464,0.329069,-0.806162,1.97777,0.400951,-0.254094,0.379648,-0.426068,-0.123705,4.34042,-0.0174899,0.0646205,-0.110968,0.637229,0.502353,1
4180,319.052,0.32878,-0.805178,1.97441,0.402596,-0.258123,0.38953,-0.500018,-0.0307076,3.48222,-0.0166419,0.0649213,-0.111733,0.63714,0.502655,1
4190,317.95,0.32837,-0.803889,1.97045,0.404239,-0.262145,0.399392,-0.366407,0.16265,2.71991,-0.0153318,0.0650669,-0.11252,0.637064,0.502859,1
4200,298.39,0.328251,-0.803428,1.96859,0.405881,-0.266163,0.409239,-0.318531,0.133352,2.44471,-0.0140719,0.0649273,-0.113209,0.637025,0.502946,1
4210,281.136,0.328661,-0.804279,1.97003,0.407523,-0.270182,0.419084,-0.274741,0.105061,2.17384,-0.0131953,0.0646274,-0.11386,0.637025,0.502946,1
4220,279.854,0.329346,-0.805827,1.97327,0.409168,-0.274207,0.428941,-0.167211,0.131685,0.952792,-0.0130156,0.064472,-0.114799,0.637025,0.502946,1
4230,290.133,0.32981,-0.806898,1.9756,0.410815,-0.278239,0.438813,-0.140766,0.106905,0.825621,-0.013594,0.0646137,-0.116106,0.637025,0.502946,1
4240,295.455,0.330008,-0.807329,1.97641,0.412465,-0.282274,0.448693,-0.0690749,0.0305617,0.551523,-0.0144883,0.0648936,-0.117371,0.637015,0.50296,1
4250,296.688,0.330135,-0.807609,1.97696,0.414115,-0.286312,0.458577,0,0,0,-0.0151163,0.0650552,-0.118164,0.636938,0.503044,1
4260,296.391,0.330223,-0.807825,1.97748,0.415766,-0.29035,0.468463,0,0,0,-0.0155083,0.0651194,-0.118585,0.636906,0.503069,1
4270,299.774,0.330289,-0.807986,1.97788,0.417418,-0.29439,0.478351,0,0,0,-0.0158384,0.0653709,-0.119084,0.636906,0.503069,1
4280,314.287,0.33011,-0.807548,1.97681,0.419069,-0.298429,0.488239,0,0,0,-0.0160048,0.0659676,-0.119997,0.636906,0.503069,1
4290,326.349,0.329529,-0.806127,1.97333,0.420718,-0.302464,0.498116,0,0,0,-0.0158865,0.0666147,-0.121318,0.636841,0.503087,1
4300,316.057,0.328969,-0.804758,1.96998,0.422364,-0.306491,0.507974,0,0,0,-0.0156361,0.0670694,-0.122736,0.636817,0.503093,1
4310,300.855,0.328769,-0.804269,1.96878,0.424009,-0.310513,0.517821,0,0,0,-0.0153745,0.0673912,-0.123771,0.636817,0.503093,1
4320,295.496,0.328867,-0.804509,1.96937,0.425653,-0.314535,0.527665,0,0,0,-0.0153059,0.0677531,-0.124263,0.636817,0.503093,1
4330,305.115,0.32886,-0.804492,1.96933,0.427297,-0.318558,0.537513,0,0,0,-0.0156726,0.0681991,-0.124574,0.636714,0.503099,1
4340,308.758,0.328645,-0.803965,1.96803,0.428941,-0.322579,0.547357,0,0,0,-0.0164188,0.0688204,-0.125121,0.636457,0.503099,1
4350,310.83,0.328388,-0.803337,1.9665,0.430584,-0.326598,0.557194,0,0,0,-0.0171432,0.0694258,-0.125832,0.635891,0.503089,1
4360,312.022,0.328074,-0.802569,1.96462,0.432225,-0.330613,0.567022,0,0,0,-0.0177909,0.0696478,-0.126423,0.635162,0.503079,1
4370,312.731,0.327739,-0.80175,1.96261,0.433864,-0.334624,0.576841,0,0,0,-0.0185683,0.0693037,-0.126802,0.634626,0.503086,1
4380,308.051,0.327451,-0.801045,1.96089,0.435502,-0.338631,0.586649,0,0,0,-0.0192804,0.068591,-0.127078,0.633979,0.503099,1
4390,289.215,0.327476,-0.801105,1.96103,0.437139,-0.342636,0.596453,0,0,0,-0.0194633,0.0676508,-0.12748,0.633273,0.5031,1
4400,274.588,0.32808,-0.802584,1.96465,0.438778,-0.346644,0.606265,0,0,0,-0.019145,0.066661,-0.128207,0.632908,0.503089,1
4410,276.564,0.328828,-0.804413,1.96913,0.44042,-0.350661,0.616099,0,0,0,-0.018662,0.0657776,-0.129229,0.632908,0.503089,1
4420,278.627,0.329468,-0.805978,1.97296,0.442066,-0.354687,0.625953,0,0,0,-0.0182051,0.0652561,-0.130297,0.632908,0.503089,1
4430,271.483,0.330212,-0.807798,1.97742,0.443715,-0.358721,0.635827,0,0,0,-0.0178439,0.0651077,-0.131303,0.632908,0.503089,1
4440,264.751,0.331233,-0.810296,1.98353,0.445368,-0.362765,0.645728,0,0,0,-0.0176587,0.0651631,-0.132266,0.632908,0.503089,1
4450,271.963,0.33224,-0.812759,1.98956,0.447026,-0.366822,0.655659,0,0,0,-0.0174838,0.065149,-0.133319,0.632908,0.503089,1
4460,286.941,0.332839,-0.814224,1.99315,0.448689,-0.37089,0.665617,0,0,0,-0.0171977,0.0653084,-0.134486,0.632908,0.503089,1
4470,300.618,0.332985,-0.814582,1.99402,0.450354,-0.374962,0.675585,0,0,0,-0.0171813,0.0659813,-0.135714,0.632333,0.503087,1
4480,306.976,0.33284,-0.814228,1.99316,0.452019,-0.379034,0.685554,0,0,0,-0.0176768,0.0671231,-0.136875,0.631671,0.503079,1
4490,306.646,0.332667,-0.813804,1.99212,0.453682,-0.383105,0.695517,0,0,0,-0.0181761,0.0682184,-0.138162,0.631077,0.503056,1
4500,311.261,0.332399,-0.813148,1.99051,0.455345,-0.387172,0.705475,0,0,0,-0.0182065,0.0689325,-0.139686,0.630707,0.50303,1
4510,293.903,0.332299,-0.812905,1.98992,0.457007,-0.391237,0.715424,0,0,0,-0.0181126,0.0691548,-0.141315,0.630295,0.502988,1
4520,261.868,0.333011,-0.814646,1.99418,0.458669,-0.395304,0.725381,0,0,0,-0.0182678,0.0691153,-0.142704,0.630002,0.502951,1
4530,241.795,0.334745,-0.818887,2.00456,0.460338,-0.399386,0.735373,0,0,0,-0.0184942,0.069136,-0.143926,0.629977,0.502947,1
4540,255.079,0.336577,-0.823369,2.01553,0.462016,-0.403491,0.745422,0,0,0,-0.0184671,0.0693667,-0.145153,0.629734,0.502907,1
4550,290.573,0.337384,-0.825343,2.02037,0.463701,-0.407614,0.755514,0,0,0,-0.0181768,0.0696431,-0.14651,0.629386,0.502842,1
4560,309.268,0.337279,-0.825086,2.01974,0.465388,-0.411741,0.765616,0,0,0,-0.0176322,0.069804,-0.147852,0.62913,0.502789,1
4570,292.277,0.337224,-0.824951,2.01941,0.467074,-0.415865,0.775712,0,0,0,-0.0169727,0.069821,-0.149213,0.62913,0.502789,1
4580,269.171,0.337882,-0.826563,2.02335,0.468762,-0.419993,0.785816,0,0,0,-0.0166656,0.0698913,-0.15065,0.62913,0.502789,1
4590,263.089,0.339001,-0.829299,2.03005,0.470453,-0.424132,0.795948,0,0,0,-0.017107,0.0702179,-0.152293,0.629108,0.502776,1
4600,255.192,0.340336,-0.832565,2.03805,0.472151,-0.428285,0.806115,0,0,0,-0.0178846,0.0704948,-0.153924,0.628941,0.502683,1
4610,251.801,0.341954,-0.836523,2.04773,0.473857,-0.432457,0.816327,0,0,0,-0.0185373,0.0702198,-0.155377,0.628941,0.502683,1
4620,264.061,0.343361,-0.839966,2.05616,0.47557,-0.436648,0.826586,0,0,0,-0.0191828,0.0694836,-0.156513,0.628922,0.502666,1
4630,269.1,0.344367,-0.842427,2.06219,0.477289,-0.440853,0.836881,0,0,0,-0.0199719,0.0689247,-0.157458,0.628718,0.502483,1
4640,262.518,0.345487,-0.845167,2.06889,0.479013,-0.445071,0.847206,0,0,0,-0.0203813,0.0687971,-0.15833,0.628379,0.50217,1
4650,267.615,0.34667,-0.84806,2.07598,0.480743,-0.449304,0.857567,0,0,0,-0.0201236,0.0689485,-0.159385,0.62807,0.501876,1
4660,283.718,0.347412,-0.849874,2.08042,0.482479,-0.453549,0.867958,0,0,0,-0.0194811,0.0691016,-0.160547,0.627877,0.501688,1
4670,298.32,0.347651,-0.850459,2.08185,0.484216,-0.4578,0.878365,0,0,0,-0.0188562,0.0693086,-0.161634,0.627576,0.501387,1
4680,310.922,0.347498,-0.850085,2.08093,0.485954,-0.462052,0.888773,0,0,0,-0.0183501,0.0696289,-0.162511,0.627259,0.501059,1
4690,320.829,0.34702,-0.848915,2.07807,0.487691,-0.4663,0.899171,0,0,0,-0.0181263,0.0701226,-0.163396,0.627116,0.500904,1
4700,308.964,0.346579,-0.847836,2.07543,0.489425,-0.470541,0.909555,0,0,0,-0.0180849,0.0706742,-0.164284,0.627116,0.500904,1
4710,291.464,0.34662,-0.847938,2.07568,0.491158,-0.47478,0.919931,0,0,0,-0.0179877,0.0712412,-0.165125,0.627116,0.500904,1
4720,286.746,0.346977,-0.84881,2.07781,0.492891,-0.479022,0.930314,0,0,0,-0.0177478,0.0715943,-0.165857,0.627116,0.500904,1
4730,283.475,0.347428,-0.849915,2.08052,0.494627,-0.483268,0.940709,0,0,0,-0.0176762,0.071813,-0.166655,0.627116,0.500904,1
4740,280.565,0.347982,-0.851271,2.08383,0.496366,-0.487521,0.951119,0,0,0,-0.0179251,0.072169,-0.167564,0.626843,0.500623,1
4750,271.908,0.348705,-0.853038,2.08816,0.498107,-0.491781,0.961547,0,0,0,-0.0184559,0.0727601,-0.168612,0.6266,0.500363,1
4760,253.033,0.350006,-0.85622,2.09595,0.499853,-0.496052,0.972004,0,0,0,-0.0190521,0.0731105,-0.169617,0.626448,0.50019,1
4770,260.254,0.351578,-0.860067,2.10537,0.501607,-0.500343,0.982505,0,0,0,-0.0194858,0.0731718,-0.170536,0.626448,0.50019,1
4780,289.366,0.352384,-0.862039,2.11019,0.503367,0.495732,0.993046,0,0,0,-0.0195378,0.0731245,-0.171375,0.626434,0.50017,1
4790,320.532,0.352172,-0.86152,2.10892,0.505129,0.491422,-0.996404,0,0,0,-0.0192912,0.0729862,-0.172192,0.626434,0.50017,1
4800,333.163,0.351387,-0.859599,2.10422,0.506888,0.487119,-0.985869,0,0,0,-0.0189576,0.072515,-0.173062,0.626434,0.50017,1
4810,326.098,0.350599,-0.85767,2.0995,0.508643,0.482825,-0.975359,0,0,0,-0.0185875,0.0719171,-0.174264,0.626434,0.50017,1
4820,329.709,0.349871,-0.855891,2.09515,0.510395,0.478541,-0.964871,0,0,0,-0.0181586,0.0713616,-0.176068,0.626434,0.50017,1
4830,336.537,0.348994,-0.853745,2.08989,0.512142,0.474266,-0.954407,0,0,0,-0.0179994,0.0710651,-0.178438,0.626423,0.500147,1
4840,333.891,0.348047,-0.851428,2.08422,0.513885,0.470003,-0.943971,0,0,0,-0.0184983,0.0712654,-0.181008,0.626423,0.500147,1
4850,317.624,0.347369,-0.849769,2.08016,0.515623,0.46575,-0.93356,0,0,0,-0.0195182,0.0721391,-0.183348,0.626423,0.500147,1
4860,302.334,0.347133,-0.849194,2.07875,0.517359,0.461502,-0.923163,0,0,0,-0.0205591,0.0732338,-0.185278,0.626423,0.500147,1
4870,297.417,0.34717,-0.849282,2.07897,0.519095,0.457256,-0.912769,0,0,0,-0.0212866,0.0740378,-0.186824,0.626423,0.500147,1
4880,297.14,0.347243,-0.849461,2.07941,0.520831,0.45301,-0.902373,0,0,0,-0.0215518,0.0744655,-0.188199,0.626395,0.499959,1
4890,294.036,0.347383,-0.849805,2.08025,0.522568,0.448762,-0.891975,0,0,0,-0.02123,0.0748708,-0.189713,0.626361,0.499684,1
4900,291.55,0.347594,-0.85032,2.08151,0.524305,0.444511,-0.881571,0,0,0,-0.0206474,0.07539,-0.191741,0.626316,0.49926,1
4910,289.718,0.347884,-0.851031,2.08325,0.526044,0.440258,-0.871159,0,0,0,-0.0200467,0.0757975,-0.194045,0.626256,0.498639,1
4920,296.754,0.348116,-0.851598,2.08464,0.527784,0.436002,-0.86074,0,0,0,-0.0191734,0.075842,-0.195871,0.626202,0.49801,1
4930,320.745,0.347845,-0.850934,2.08301,0.529524,0.431744,-0.850318,0,0,0,-0.0180604,0.0756081,-0.196773,0.626162,0.497588,1
4940,326.338,0.347152,-0.84924,2.07886,0.531262,0.427494,-0.839912,0,0,0,-0.0175181,0.0753102,-0.197201,0.626136,0.497359,1
4950,314.743,0.346604,-0.847897,2.07558,0.532996,0.423251,-0.829526,0,0,0,-0.0177621,0.0750554,-0.197763,0.626117,0.497216,1
4960,311.061,0.34628,-0.847105,2.07364,0.534728,0.419013,-0.819153,0,0,0,-0.0183086,0.0749031,-0.198732,0.626095,0.497068,1
4970,297.431,0.346118,-0.846709,2.07267,0.536459,0.414779,-0.808788,0,0,0,-0.0189594,0.0746805,-0.199951,0.626067,0.496898,1
4980,271.092,0.346672,-0.848064,2.07598,0.538191,0.410543,-0.798419,0,0,0,-0.0196764,0.0742628,-0.201096,0.626034,0.496727,1
4990,265.832,0.347783,-0.850782,2.08264,0.539926,0.406297,-0.788025,0,0,0,-0.0199606,0.0739121,-0.201849,0.626,0.49657,1
