step,T,sn_vel[0],sn_vel[1],sn_vel[2],sn_crd[0],sn_crd[1],sn_crd[2],target_crd[0],target_crd[1],target_crd[2],boundary[0],boundary[1],boundary[2]
0,0.0031317,0,0,0,-2.88541e-008,-2.43837e-009,0.981818,0.000245263,0.055123,-0.05220860.635673,0.499302,1
10,0.444638,0,0,0,-2.88541e-008,-2.43837e-009,0.981818,0.000264389,0.055126,-0.0522020.635687,0.499306,1
20,0.51794,0,0,0,-2.88541e-008,-2.43837e-009,0.981818,0.000307209,0.0551304,-0.05213230.635694,0.499306,1
30,0.765458,0,0,0,-2.88541e-008,-2.43837e-009,0.981818,0.00035721,0.0551316,-0.05200620.635706,0.499304,1
40,0.953006,0,0,0,-2.88541e-008,-2.43837e-009,0.981818,0.000374535,0.055135,-0.05190340.635715,0.4993,1
50,1.05473,0,0,0,-2.88541e-008,-2.43837e-009,0.981818,0.000368248,0.0551509,-0.05184220.635715,0.4993,1
60,1.13906,0,0,0,-2.88541e-008,-2.43837e-009,0.981818,0.000369281,0.0551675,-0.05172020.635715,0.4993,1
70,1.22532,0,0,0,-2.88541e-008,-2.43837e-009,0.981818,0.000380478,0.0551699,-0.05151880.635715,0.4993,1
80,1.21742,0,0,0,-2.88541e-008,-2.43837e-009,0.981818,0.000365477,0.0551656,-0.05133530.635715,0.4993,1
90,1.27056,0,0,0,-2.88541e-008,-2.43837e-009,0.981818,0.000336718,0.0551655,-0.05122630.635715,0.4993,1
100,1.26747,0,0,0,-2.88541e-008,-2.43837e-009,0.981818,0.000328656,0.0551644,-0.05112020.635715,0.4993,1
110,10.4737,0,0,0,-2.88541e-008,-2.43837e-009,0.981818,0.000341496,0.0551536,-0.05079470.635715,0.4993,1
120,17.763,0,0,0,-2.88541e-008,-2.43837e-009,0.981818,0.000322452,0.0551439,-0.05026470.635715,0.4993,1
130,22.7859,0,0,0,-2.88541e-008,-2.43837e-009,0.981818,0.000291645,0.0551447,-0.04967120.635715,0.4993,1
140,26.1297,0,0,0,-2.88541e-008,-2.43837e-009,0.981818,0.000282042,0.0551434,-0.04902630.635715,0.4993,1
150,28.3205,0,0,0,-2.88541e-008,-2.43837e-009,0.981818,0.000236998,0.0551291,-0.04833320.635715,0.4993,1
160,29.5803,0,0,0,-2.88541e-008,-2.43837e-009,0.981818,0.000132482,0.0551098,-0.04765020.635715,0.4993,1
170,30.297,0,0,0,-2.88541e-008,-2.43837e-009,0.981818,5.33471e-005,0.0550979,-0.04699960.635715,0.4993,1
180,30.5903,0,0,0,-2.88541e-008,-2.43837e-009,0.981818,2.61846e-005,0.0550852,-0.04631210.635715,0.4993,1
190,30.6575,0,0,0,-2.88541e-008,-2.43837e-009,0.981818,-1.23963e-006,0.0550622,-0.04558550.635715,0.4993,1
200,30.5438,0,0,0,-2.88541e-008,-2.43837e-009,0.981818,-3.39808e-005,0.0550484,-0.04493020.635721,0.499276,1
210,39.7677,0,0,0,-2.88541e-008,-2.43837e-009,0.981818,-5.41738e-005,0.0550488,-0.04432610.635721,0.499276,1
220,46.0054,0,0,0,-2.88541e-008,-2.43837e-009,0.981818,-9.83684e-005,0.0550314,-0.04363230.635721,0.499276,1
230,50.1062,0,0,0,-2.88541e-008,-2.43837e-009,0.981818,-0.000187592,0.0549978,-0.04281750.635721,0.499276,1
240,52.7313,0,0,0,-2.88541e-008,-2.43837e-009,0.981818,-0.000277359,0.054988,-0.04202820.635721,0.499276,1
250,54.3484,0,0,0,-2.88541e-008,-2.43837e-009,0.981818,-0.000354483,0.0549801,-0.0413360.635721,0.499276,1
260,55.2436,0,0,0,-2.88541e-008,-2.43837e-009,0.981818,-0.00044856,0.054927,-0.04065460.635721,0.499276,1
270,55.6084,0,0,0,-2.88541e-008,-2.43837e-009,0.981818,-0.000546171,0.0548575,-0.03994360.635732,0.499253,1
280,55.4831,0,0,0,-2.88541e-008,-2.43837e-009,0.981818,-0.000578977,0.0548188,-0.03930070.635742,0.49923,1
290,54.9175,0,0,0,-2.88541e-008,-2.43837e-009,0.981818,-0.000548363,0.05479,-0.0387430.63578,0.499155,1
300,54.0035,0,0,0,-2.88541e-008,-2.43837e-009,0.981818,-0.000540629,0.0547536,-0.03819180.635812,0.499092,1
310,61.8972,0,0,0,-2.88541e-008,-2.43837e-009,0.981818,-0.000604504,0.054735,-0.03758910.635852,0.499019,1
320,66.3557,0,0,0,-2.88541e-008,-2.43837e-009,0.981818,-0.000669639,0.0547311,-0.03701460.63591,0.498915,1
330,68.1452,0,0,0,-2.88541e-008,-2.43837e-009,0.981818,-0.000700718,0.0546997,-0.03647610.635984,0.498785,1
340,68.3052,0,0,0,-2.88541e-008,-2.43837e-009,0.981818,-0.00073981,0.0546447,-0.03588980.63607,0.49864,1
350,67.4063,0,0,0,-2.88541e-008,-2.43837e-009,0.981818,-0.000771682,0.0546081,-0.03522660.63615,0.498507,1
360,65.6858,0,0,0,-2.88541e-008,-2.43837e-009,0.981818,-0.000727155,0.0545812,-0.03459830.636216,0.4984,1
370,63.8836,0,0,0,-2.88541e-008,-2.43837e-009,0.981818,-0.000661593,0.0545142,-0.03398240.636296,0.498274,1
380,62.2609,0,0,0,-2.88541e-008,-2.43837e-009,0.981818,-0.000633526,0.0544204,-0.03327530.636362,0.498173,1
390,61.0661,0,0,0,-2.88541e-008,-2.43837e-009,0.981818,-0.000587991,0.0543548,-0.0324670.636397,0.498119,1
400,60.9356,0,0,0,-2.88541e-008,-2.43837e-009,0.981818,-0.000510982,0.0543011,-0.03168930.636397,0.498119,1
410,70.323,0,0,0,-2.88541e-008,-2.43837e-009,0.981818,-0.000473387,0.05422,-0.03082720.636397,0.498119,1
420,77.7859,0,0,0,-2.88541e-008,-2.43837e-009,0.981818,-0.00042392,0.0541541,-0.0297260.636397,0.498119,1
430,84.0178,0,0,0,-2.88541e-008,-2.43837e-009,0.981818,-0.000309092,0.0541163,-0.02844640.636397,0.498119,1
440,89.6997,0,0,0,-2.88541e-008,-2.43837e-009,0.981818,-0.000211584,0.0540515,-0.0272280.636397,0.498119,1
450,94.9111,0,0,0,-2.88541e-008,-2.43837e-009,0.981818,-0.000140187,0.0539956,-0.02602340.636397,0.498119,1
460,100.258,0,0,0,-2.88541e-008,-2.43837e-009,0.981818,4.07936e-006,0.054008,-0.0247040.636397,0.498119,1
470,104.765,0,0,0,-2.88541e-008,-2.43837e-009,0.981818,0.00019888,0.0540163,-0.02330950.636397,0.498119,1
480,108.72,0,0,0,-2.88541e-008,-2.43837e-009,0.981818,0.000398795,0.0539883,-0.02204720.636397,0.498119,1
490,111.002,0,0,0,-2.88541e-008,-2.43837e-009,0.981818,0.000642984,0.0540303,-0.02087650.636441,0.498065,1
500,112.156,0,0,0,-2.88541e-008,-2.43837e-009,0.981818,0.000931712,0.0541343,-0.01969480.636549,0.497933,1
510,121.47,0,0,0,-2.88541e-008,-2.43837e-009,0.981818,0.00128855,0.0541992,-0.01849340.636653,0.497807,1
520,126.896,0,0,0,-2.88541e-008,-2.43837e-009,0.981818,0.00169282,0.0542369,-0.01739040.636755,0.497685,1
530,130.195,0,0,0,-2.88541e-008,-2.43837e-009,0.981818,0.00197301,0.0543287,-0.01634260.636917,0.497496,1
540,132.101,0,0,0,-2.88541e-008,-2.43837e-009,0.981818,0.00205294,0.0544252,-0.01529470.637073,0.497317,1
550,134.112,0,0,0,-2.88541e-008,-2.43837e-009,0.981818,0.00216615,0.0544813,-0.01431890.637166,0.497212,1
560,135.531,0,0,0,-2.88541e-008,-2.43837e-009,0.981818,0.00237125,0.054515,-0.01347520.637303,0.49706,1
570,136.442,0,0,0,-2.88541e-008,-2.43837e-009,0.981818,0.00247656,0.0545667,-0.01264490.637505,0.496839,1
580,136.79,0,0,0,-2.88541e-008,-2.43837e-009,0.981818,0.00253793,0.0546068,-0.01173640.637688,0.496642,1
590,136.637,0,0,0,-2.88541e-008,-2.43837e-009,0.981818,0.0028713,0.0546366,-0.01087590.637889,0.49643,1
600,135.533,0,0,0,-2.88541e-008,-2.43837e-009,0.981818,0.00338249,0.0546303,-0.01017910.63816,0.496148,1
610,143.118,0,0,0,-2.88541e-008,-2.43837e-009,0.981818,0.0037571,0.0545983,-0.009604170.638407,0.495895,1
620,146.435,0,0,0,-2.88541e-008,-2.43837e-009,0.981818,0.00407444,0.0545427,-0.009057960.638605,0.495696,1
630,147.284,0,0,0,-2.88541e-008,-2.43837e-009,0.981818,0.00457209,0.0544955,-0.008641130.638884,0.49542,1
640,147.782,0,0,0,-2.88541e-008,-2.43837e-009,0.981818,0.00506283,0.0544828,-0.008450820.639227,0.495084,1
650,149.231,0,0,0,-2.88541e-008,-2.43837e-009,0.981818,0.00533712,0.054564,-0.008528480.639512,0.494808,1
660,152.976,0,0,0,-2.88541e-008,-2.43837e-009,0.981818,0.00564685,0.0547086,-0.008818140.639808,0.494526,1
670,157.699,0,0,0,-2.88541e-008,-2.43837e-009,0.981818,0.00608994,0.054801,-0.009305060.640201,0.494154,1
680,163.4,0,0,0,-2.88541e-008,-2.43837e-009,0.981818,0.0064018,0.0547909,-0.0098920.640637,0.493746,1
690,169.72,0,0,0,-2.88541e-008,-2.43837e-009,0.981818,0.00654384,0.0547513,-0.01059050.641125,0.493292,1
700,175.532,0,0,0,-2.88541e-008,-2.43837e-009,0.981818,0.00676266,0.0546966,-0.01148520.641682,0.492777,1
710,191.487,0,0,0,-2.88541e-008,-2.43837e-009,0.981818,0.00688496,0.0545383,-0.01274850.642224,0.492279,1
720,203.553,0,0,0,-2.88541e-008,-2.43837e-009,0.981818,0.00671584,0.0542849,-0.01432260.642745,0.491802,1
730,213.061,0,0,0,-2.88541e-008,-2.43837e-009,0.981818,0.00646612,0.0540321,-0.01602430.643283,0.491312,1
740,220.898,0,0,0,-2.88541e-008,-2.43837e-009,0.981818,0.00642536,0.0538126,-0.01768070.643736,0.490901,1
750,225.93,0,0,0,-2.88541e-008,-2.43837e-009,0.981818,0.00630658,0.0535728,-0.01935510.644053,0.490615,1
760,229.142,0,0,0,-2.88541e-008,-2.43837e-009,0.981818,0.00590808,0.0533544,-0.0210220.644297,0.490395,1
770,229.92,0,0,0,-2.88541e-008,-2.43837e-009,0.981818,0.00539316,0.0532225,-0.02256520.644436,0.490271,1
780,230.406,0,0,0,-2.88541e-008,-2.43837e-009,0.981818,0.00503973,0.0531824,-0.02389570.644436,0.490271,1
790,229.274,0,0,0,-2.88541e-008,-2.43837e-009,0.981818,0.00468616,0.0531531,-0.02510460.644436,0.490271,1
800,226.296,0,0,0,-2.88541e-008,-2.43837e-009,0.981818,0.0042327,0.0531473,-0.02618960.644436,0.490271,1
810,228.904,0,0,0,-2.88541e-008,-2.43837e-009,0.981818,0.00375373,0.0532306,-0.02717620.644436,0.490271,1
820,223.729,0,0,0,-2.88541e-008,-2.43837e-009,0.981818,0.00338773,0.0534094,-0.02815220.644436,0.490271,1
830,211.854,0,0,0,-2.88541e-008,-2.43837e-009,0.981818,0.00299493,0.0535225,-0.02919370.644436,0.490271,1
840,197.555,0,0,0,-2.88541e-008,-2.43837e-009,0.981818,0.00265946,0.0535474,-0.03019460.644436,0.490271,1
850,185.242,0,0,0,-2.88541e-008,-2.43837e-009,0.981818,0.00251318,0.0536138,-0.03110120.644436,0.490271,1
860,179.917,0,0,0,-2.88541e-008,-2.43837e-009,0.981818,0.00250288,0.0537925,-0.03201650.644436,0.490271,1
870,183.765,0,0,0,-2.88541e-008,-2.43837e-009,0.981818,0.00241051,0.053949,-0.03304450.644436,0.490271,1
880,191.345,0,0,0,-2.88541e-008,-2.43837e-009,0.981818,0.00242779,0.05409,-0.03406910.644436,0.490271,1
890,199.612,0,0,0,-2.88541e-008,-2.43837e-009,0.981818,0.00260202,0.0542549,-0.03497070.644436,0.490271,1
900,207.092,0,0,0,-2.88541e-008,-2.43837e-009,0.981818,0.00270879,0.0544445,-0.03580490.644436,0.490271,1
910,222.935,0,0,0,-2.88541e-008,-2.43837e-009,0.981818,0.00262528,0.054611,-0.03662550.644436,0.490271,1
920,235.307,0,0,0,-2.88541e-008,-2.43837e-009,0.981818,0.00262748,0.054777,-0.03733340.644436,0.490271,1
930,241.78,0,0,0,-2.88541e-008,-2.43837e-009,0.981818,0.00262928,0.0548179,-0.03791260.644436,0.490271,1
940,240.618,0,0,0,-2.88541e-008,-2.43837e-009,0.981818,0.00253741,0.0547561,-0.03854690.644436,0.490271,1
950,234.009,0,0,0,-2.88541e-008,-2.43837e-009,0.981818,0.00258901,0.0546815,-0.03925010.644436,0.490271,1
960,224.338,0,0,0,-2.88541e-008,-2.43837e-009,0.981818,0.0030563,0.0546367,-0.03975730.644436,0.490271,1
970,217.949,0,0,0,-2.88541e-008,-2.43837e-009,0.981818,0.0035993,0.0544755,-0.03985630.644436,0.490271,1
980,217.776,0,0,0,-2.88541e-008,-2.43837e-009,0.981818,0.00406041,0.0541954,-0.03963810.644436,0.490271,1
990,224.67,0,0,0,-2.88541e-008,-2.43837e-009,0.981818,0.00466273,0.0537964,-0.03911880.644436,0.490271,1
1000,236.497,0,0,0,-2.88541e-008,-2.43837e-009,0.981818,0.00544159,0.0533444,-0.03814920.642685,0.489688,1
1010,246.683,0,0,0,-2.88541e-008,-2.43837e-009,0.981818,0.00590292,0.0529642,-0.03676810.641682,0.489532,1
1020,244.353,0,0,0,-2.88541e-008,-2.43837e-009,0.981818,0.00594089,0.0528323,-0.03533980.640168,0.489318,1
1030,242.425,0,0,0,-2.88541e-008,-2.43837e-009,0.981818,0.0058305,0.0528429,-0.03394750.63992,0.489328,1
1040,238.309,0,0,0,-2.88541e-008,-2.43837e-009,0.981818,0.0057,0.0529196,-0.032330.639423,0.489404,1
1050,242.242,0,0,0,-2.88541e-008,-2.43837e-009,0.981818,0.00556747,0.0531666,-0.03032760.638938,0.489543,1
1060,254.716,0,0,0,-2.88541e-008,-2.43837e-009,0.981818,0.00573781,0.0537173,-0.02829790.638737,0.489627,1
1070,272,0,0,0,-2.88541e-008,-2.43837e-009,0.981818,0.00625676,0.0543374,-0.02653990.638455,0.48978,1
1080,288.995,0,0,0,-2.88541e-008,-2.43837e-009,0.981818,0.0066053,0.0547464,-0.02500690.638048,0.490054,1
1090,307.631,0,0,0,-2.88541e-008,-2.43837e-009,0.981818,0.00655564,0.0549018,-0.0235350.637679,0.49036,1
1100,325.378,0,0,0,-2.88541e-008,-2.43837e-009,0.981818,0.00650928,0.0550153,-0.0223370.63734,0.490691,1
1110,337.998,0,0,0,-2.88541e-008,-2.43837e-009,0.981818,0.00662862,0.0551813,-0.02155760.636939,0.491082,1
1120,348.028,0,0,0,-2.88541e-008,-2.43837e-009,0.981818,0.00651516,0.0554182,-0.02107080.636516,0.49147,1
1130,359.691,0,0,0,-2.88541e-008,-2.43837e-009,0.981818,0.00621647,0.0557723,-0.02061850.636185,0.491747,1
1140,366.832,0,0,0,-2.88541e-008,-2.43837e-009,0.981818,0.0060906,0.056106,-0.02033140.635962,0.491946,1
1150,367.941,0,0,0,-2.88541e-008,-2.43837e-009,0.981818,0.00596799,0.055996,-0.02035860.63573,0.492183,1
1160,368.994,0,0,0,-2.88541e-008,-2.43837e-009,0.981818,0.00538485,0.0553565,-0.02058250.635466,0.492481,1
1170,368.011,0,0,0,-2.88541e-008,-2.43837e-009,0.981818,0.00477306,0.0547852,-0.02069040.635212,0.492798,1
1180,366.966,0,0,0,-2.88541e-008,-2.43837e-009,0.981818,0.00464936,0.0547097,-0.02077310.634933,0.493178,1
1190,362.393,0,0,0,-2.88541e-008,-2.43837e-009,0.981818,0.00474285,0.0548828,-0.02094510.634585,0.493684,1
1200,352.068,0,0,0,-2.88541e-008,-2.43837e-009,0.981818,0.00449817,0.0548636,-0.021010.63423,0.494232,1
1210,343.258,0,0,0,-2.88541e-008,-2.43837e-009,0.981818,0.00418883,0.0546324,-0.02071370.633953,0.494687,1
1220,336.489,0,0,0,-2.88541e-008,-2.43837e-009,0.981818,0.00401402,0.0541846,-0.02033050.633778,0.494995,1
1230,335.982,0,0,0,-2.88541e-008,-2.43837e-009,0.981818,0.00388688,0.0535263,-0.02012110.633663,0.495213,1
1240,336.112,0,0,0,-2.88541e-008,-2.43837e-009,0.981818,0.00374234,0.0528328,-0.01995890.633517,0.495511,1
1250,324.627,0,0,0,-2.88541e-008,-2.43837e-009,0.981818,0.00366095,0.0525657,-0.01962970.633309,0.495969,1
1260,299.197,0,0,0,-2.88541e-008,-2.43837e-009,0.981818,0.00339403,0.0528277,-0.01938190.633102,0.496463,1
1270,257.699,0,0,0,-2.88541e-008,-2.43837e-009,0.981818,0.00300552,0.0533601,-0.01953850.632912,0.496954,1
1280,237.978,0,0,0,-2.88541e-008,-2.43837e-009,0.981818,0.00280434,0.0537665,-0.02008510.632719,0.497492,1
1290,264.906,0,0,0,-2.88541e-008,-2.43837e-009,0.981818,0.00295474,0.0539175,-0.02083530.632543,0.498024,1
1300,297.012,0,0,0,-2.88541e-008,-2.43837e-009,0.981818,0.00307028,0.0538034,-0.0219920.632398,0.498499,1
1310,317.766,0,0,0,-2.88541e-008,-2.43837e-009,0.981818,0.00295543,0.0535709,-0.02378920.632279,0.498935,1
1320,336.089,0,0,0,-2.88541e-008,-2.43837e-009,0.981818,0.00274385,0.0533812,-0.02597620.632181,0.499345,1
1330,354.034,0,0,0,-2.88541e-008,-2.43837e-009,0.981818,0.00260508,0.0534673,-0.02820650.63208,0.499836,1
1340,363.937,0,0,0,-2.88541e-008,-2.43837e-009,0.981818,0.00239369,0.0538643,-0.03074420.631974,0.500418,1
1350,363.665,0,0,0,-2.88541e-008,-2.43837e-009,0.981818,0.00220669,0.0544934,-0.03379320.631894,0.500876,1
1360,352.061,0,0,0,-2.88541e-008,-2.43837e-009,0.981818,0.0022213,0.0550824,-0.03697640.631843,0.501111,1
1370,341.542,0,0,0,-2.88541e-008,-2.43837e-009,0.981818,0.002373,0.0553633,-0.0399570.631804,0.501251,1
1380,325.709,0,0,0,-2.88541e-008,-2.43837e-009,0.981818,0.00229291,0.0552794,-0.04299190.631771,0.501356,1
1390,304.452,0,0,0,-2.88541e-008,-2.43837e-009,0.981818,0.00193907,0.055175,-0.04613210.631757,0.501395,1
1400,281.779,0,0,0,-2.88541e-008,-2.43837e-009,0.981818,0.00155346,0.0552789,-0.04894170.631756,0.501398,1
1410,270.735,0,0,0,-2.88541e-008,-2.43837e-009,0.981818,0.00136856,0.0554907,-0.05118560.631756,0.501398,1
1420,274.313,0,0,0,-2.88541e-008,-2.43837e-009,0.981818,0.00133666,0.0555284,-0.05324420.631756,0.501398,1
1430,286.177,0,0,0,-2.88541e-008,-2.43837e-009,0.981818,0.00139203,0.0552103,-0.05529370.631756,0.501398,1
1440,297.155,0,0,0,-2.88541e-008,-2.43837e-009,0.981818,0.00160666,0.0545665,-0.0569580.631756,0.501398,1
1450,303.527,0,0,0,-2.88541e-008,-2.43837e-009,0.981818,0.00198721,0.0539296,-0.05795830.631756,0.501398,1
1460,298.089,0,0,0,-2.88541e-008,-2.43837e-009,0.981818,0.00244744,0.0535952,-0.05854770.631756,0.501398,1
1470,278.922,0,0,0,-2.88541e-008,-2.43837e-009,0.981818,0.00294509,0.0535069,-0.05896930.631756,0.501398,1
1480,251.796,0,0,0,-2.88541e-008,-2.43837e-009,0.981818,0.00346944,0.0534778,-0.05925240.63167,0.501513,1
1490,220.877,0,0,0,-2.88541e-008,-2.43837e-009,0.981818,0.00378576,0.0534704,-0.05966530.631473,0.501785,1
1500,204.064,0,0,0,-2.88541e-008,-2.43837e-009,0.981818,0.0039517,0.0535602,-0.06052340.631209,0.50214,1
1510,204.425,0,0,0,-2.88541e-008,-2.43837e-009,0.981818,0.00409144,0.0537462,-0.06161110.631028,0.502364,1
1520,217.836,0,0,0,-2.88541e-008,-2.43837e-009,0.981818,0.00406766,0.0540089,-0.06235430.630837,0.502583,1
1530,240.947,0,0,0,-2.88541e-008,-2.43837e-009,0.981818,0.00363775,0.0542634,-0.06276750.630574,0.502869,1
1540,265.66,0,0,0,-2.88541e-008,-2.43837e-009,0.981818,0.00320717,0.0546274,-0.06318570.630457,0.502986,1
1550,285.858,0,0,0,-2.88541e-008,-2.43837e-009,0.981818,0.00288606,0.0551307,-0.0637620.630421,0.503017,1
1560,294.386,0,0,0,-2.88541e-008,-2.43837e-009,0.981818,0.00237174,0.0556439,-0.06438210.630231,0.503177,1
1570,296.107,0,0,0,-2.88541e-008,-2.43837e-009,0.981818,0.00154474,0.0560387,-0.06512080.630003,0.50336,1
1580,298.769,0,0,0,-2.88541e-008,-2.43837e-009,0.981818,0.000999017,0.056419,-0.06586510.62983,0.503494,1
1590,306.399,0,0,0,-2.88541e-008,-2.43837e-009,0.981818,0.000916896,0.0566488,-0.06640480.629573,0.503685,1
1600,318.443,0,0,0,-2.88541e-008,-2.43837e-009,0.981818,0.00104731,0.0565792,-0.06644860.62921,0.503947,1
1610,333.635,0,0,0,-2.88541e-008,-2.43837e-009,0.981818,0.000949023,0.0563591,-0.06611510.628866,0.504183,1
1620,357.41,0,0,0,-2.88541e-008,-2.43837e-009,0.981818,0.000635159,0.0562663,-0.06561130.628671,0.504307,1
1630,386.462,0,0,0,-2.88541e-008,-2.43837e-009,0.981818,0.000133664,0.0562733,-0.0650120.628671,0.504307,1
1640,417.19,0,0,0,-2.88541e-008,-2.43837e-009,0.981818,-0.000354592,0.0563084,-0.06410260.628671,0.504307,1
1650,438.839,0,0,0,-2.88541e-008,-2.43837e-009,0.981818,-0.000624805,0.0563956,-0.06302890.628671,0.504307,1
1660,442.338,0,0,0,-2.88541e-008,-2.43837e-009,0.981818,-0.000532079,0.0565079,-0.06203550.628671,0.504307,1
1670,429.079,0,0,0,-2.88541e-008,-2.43837e-009,0.981818,-0.000326658,0.0564325,-0.06116910.628671,0.504307,1
1680,407.931,0,0,0,-2.88541e-008,-2.43837e-009,0.981818,-5.56629e-005,0.0560586,-0.06016310.628671,0.504307,1
1690,380.61,0,0,0,-2.88541e-008,-2.43837e-009,0.981818,0.000358987,0.0554734,-0.05902830.628671,0.504307,1
1700,353.12,0,0,0,-2.88541e-008,-2.43837e-009,0.981818,0.000689169,0.0548906,-0.05807650.628671,0.504307,1
1710,334.027,0,0,0,-2.88541e-008,-2.43837e-009,0.981818,0.000581492,0.0544108,-0.05757820.628671,0.504307,1
1720,322.434,0,0,0,-2.88541e-008,-2.43837e-009,0.981818,0.000249336,0.054143,-0.0573160.628671,0.504307,1
1730,319.825,0,0,0,-2.88541e-008,-2.43837e-009,0.981818,-4.7629e-005,0.0542377,-0.05708820.628671,0.504307,1
1740,325.746,0,0,0,-2.88541e-008,-2.43837e-009,0.981818,-0.000404123,0.0545991,-0.05702030.628671,0.504307,1
1750,330.71,0,0,0,-2.88541e-008,-2.43837e-009,0.981818,-0.000652422,0.0548705,-0.05719420.628671,0.504307,1
1760,319.287,0,0,0,-2.88541e-008,-2.43837e-009,0.981818,-0.000432616,0.0549701,-0.057310.628671,0.504307,1
1770,295.041,0,0,0,-2.88541e-008,-2.43837e-009,0.981818,1.92338e-005,0.055159,-0.05724120.628671,0.504307,1
1780,267.532,0,0,0,-2.88541e-008,-2.43837e-009,0.981818,7.019e-005,0.0555319,-0.05717010.628671,0.504307,1
1790,243.487,0,0,0,-2.88541e-008,-2.43837e-009,0.981818,-0.000311289,0.0559924,-0.05698050.628671,0.504307,1
1800,226.579,0,0,0,-2.88541e-008,-2.43837e-009,0.981818,-0.000692133,0.0563633,-0.05626030.628671,0.504307,1
1810,213.961,0,0,0,-2.88541e-008,-2.43837e-009,0.981818,-0.000765897,0.0564273,-0.05505360.628671,0.504307,1
1820,212.065,0,0,0,-2.88541e-008,-2.43837e-009,0.981818,-0.000621333,0.0561735,-0.05380230.628671,0.504307,1
1830,229.249,0,0,0,-2.88541e-008,-2.43837e-009,0.981818,-0.000278668,0.0559259,-0.0525510.628671,0.504307,1
1840,255.575,0,0,0,-2.88541e-008,-2.43837e-009,0.981818,0.000104148,0.0557919,-0.05103560.628671,0.504307,1
1850,274.388,0,0,0,-2.88541e-008,-2.43837e-009,0.981818,0.000307318,0.0556005,-0.04945880.628671,0.504307,1
1860,287.865,0,0,0,-2.88541e-008,-2.43837e-009,0.981818,0.000204538,0.0552687,-0.04835250.628671,0.504307,1
1870,291.444,0,0,0,-2.88541e-008,-2.43837e-009,0.981818,0.000130822,0.0549126,-0.04783650.628671,0.504307,1
1880,285.607,0,0,0,-2.88541e-008,-2.43837e-009,0.981818,8.93463e-005,0.0546019,-0.04759190.628671,0.504307,1
1890,269.997,0,0,0,-2.88541e-008,-2.43837e-009,0.981818,-8.97776e-005,0.0545821,-0.04744480.628671,0.504307,1
1900,252.397,0,0,0,-2.88541e-008,-2.43837e-009,0.981818,-0.000284204,0.054974,-0.04728420.628671,0.504307,1
1910,260.631,0,0,0,-2.88541e-008,-2.43837e-009,0.981818,-5.88503e-005,0.0554486,-0.04697640.628671,0.504307,1
1920,293.855,0,0,0,-2.88541e-008,-2.43837e-009,0.981818,0.000277291,0.0555865,-0.04653970.628671,0.504307,1
1930,334.22,0,0,0,-2.88541e-008,-2.43837e-009,0.981818,0.000279217,0.055705,-0.04630560.628671,0.504307,1
1940,360.422,0,0,0,-2.88541e-008,-2.43837e-009,0.981818,9.18261e-005,0.0562333,-0.0463170.628671,0.504307,1
1950,351.601,0,0,0,-2.88541e-008,-2.43837e-009,0.981818,0.000192157,0.0570341,-0.04625540.628671,0.504307,1
1960,318.221,0,0,0,-2.88541e-008,-2.43837e-009,0.981818,0.000398648,0.0576601,-0.0458810.628472,0.504123,1
1970,284.219,0,0,0,-2.88541e-008,-2.43837e-009,0.981818,0.000417781,0.0579968,-0.04546890.628369,0.504012,1
1980,269.125,0,0,0,-2.88541e-008,-2.43837e-009,0.981818,0.00023541,0.0578942,-0.04531830.628262,0.503873,1
1990,281.847,0,0,0,-2.88541e-008,-2.43837e-009,0.981818,-1.27802e-005,0.0571843,-0.04546880.628262,0.503873,1
2000,565.223,0,0,-4.29495,-0.000412248,0.0561068,0.979668,-0.000465262,0.0559836,-0.04577960.628334,0.503922,1
2010,556.24,0,0,-4.24516,-0.000412248,0.0561068,0.958306,-0.00102198,0.0549577,-0.04611430.628462,0.50405,1
2020,542.481,0,0,-4.19716,-0.000412248,0.0561068,0.937189,-0.00148692,0.0542626,-0.04636710.62857,0.504118,1
2030,517.246,0,0,-4.15185,-0.000412248,0.0561068,0.916307,-0.00185173,0.0535178,-0.04660940.628713,0.504184,1
2040,496.3,0,0,-4.10993,-0.000412248,0.0561068,0.895643,-0.00217164,0.052674,-0.04702080.628713,0.504184,1
2050,495.617,0,0,-4.06961,-0.000412248,0.0561068,0.875184,-0.0021822,0.0523965,-0.04752440.628713,0.504184,1
2060,501.151,0,0,-4.02922,-0.000412248,0.0561068,0.854927,-0.00179868,0.0527243,-0.04777140.628713,0.504184,1
2070,508.331,0,0,-3.98839,-0.000412248,0.0561068,0.834873,-0.00141655,0.0532212,-0.04754790.628713,0.504184,1
2080,502.636,0,0,-3.94788,-0.000412248,0.0561068,0.815022,-0.00146003,0.0536811,-0.04708650.628713,0.504184,1
2090,494.935,0,0,-3.90878,-0.000412248,0.0561068,0.795371,-0.00190879,0.0542976,-0.04676630.628713,0.504184,1
2100,487.072,0,0,-3.87083,-0.000412248,0.0561068,0.775913,-0.00246206,0.0548562,-0.0467440.628718,0.504185,1
2110,473.393,0,0,-3.8347,-0.000412248,0.0561068,0.756641,-0.0027949,0.0552367,-0.0469040.629053,0.504203,1
2120,460.103,0,0,-3.80063,-0.000412248,0.0561068,0.737546,-0.00268497,0.0555981,-0.04717390.629486,0.504187,1
2130,446.17,0,0,-3.76865,-0.000412248,0.0561068,0.718615,-0.00217251,0.0560825,-0.04756520.630194,0.504113,1
2140,432.502,0,0,-3.73898,-0.000412248,0.0561068,0.69984,-0.00149984,0.0564273,-0.04800080.630846,0.504001,1
2150,428.283,0,0,-3.7109,-0.000412248,0.0561068,0.681208,-0.000800801,0.0566298,-0.04832150.631472,0.50384,1
2160,427.113,0,0,-3.6831,-0.000412248,0.0561068,0.662717,-5.14257e-005,0.0568599,-0.04856370.632088,0.503649,1
2170,412.199,0,0,-3.65694,-0.000412248,0.0561068,0.644361,0.000549136,0.0570205,-0.0487560.632669,0.503501,1
2180,404.812,0,0,-3.63294,-0.000412248,0.0561068,0.626131,0.000702579,0.0568115,-0.04878330.633197,0.5034,1
2190,406.373,0,0,-3.60938,-0.000412248,0.0561068,0.608019,0.000331057,0.056423,-0.04859120.633711,0.503295,1
2200,411.261,0,0,-3.5854,-0.000412248,0.0561068,0.590026,-0.000319937,0.0562149,-0.04843120.634254,0.503152,1
2210,416.439,0,0,-3.56066,-0.000412248,0.0561068,0.572154,-0.000939974,0.0561733,-0.04836670.634824,0.502972,1
2220,413.452,0,0,-3.53601,-0.000412248,0.0561068,0.554407,-0.00113194,0.0560153,-0.04796570.6354,0.502759,1
2230,415.997,0,0,-3.51169,-0.000412248,0.0561068,0.536781,-0.000781668,0.0555995,-0.04686270.63585,0.502565,1
2240,411.225,-1.45764e-007,-1.95359e-007,-3.48741,-0.000412248,0.0561068,0.519278,-0.00031025,0.0549888,-0.04543220.63611,0.502438,1
2250,395.27,-3.57298e-006,-4.59352e-006,-3.46528,-0.000412257,0.0561068,0.501892,-0.000376407,0.0542569,-0.04424890.6363,0.502335,1
2260,379.722,-8.24197e-006,-9.98457e-006,-3.44598,-0.000412286,0.0561068,0.48461,-0.000893103,0.0535849,-0.04332510.636463,0.502236,1
2270,381.665,-1.23252e-005,-1.2675e-005,-3.42821,-0.000412337,0.0561067,0.46742,-0.00129759,0.0531019,-0.04228490.636529,0.502189,1
2280,407.304,-1.82046e-005,-1.61375e-005,-3.4078,-0.000412413,0.0561067,0.450323,-0.00142865,0.0528961,-0.04108240.636529,0.502189,1
2290,432.68,-2.62917e-005,-2.11227e-005,-3.38323,-0.000412523,0.0561066,0.433338,-0.00157062,0.0529234,-0.03999450.636529,0.502189,1
2300,438.675,-4.13935e-005,-2.89921e-005,-3.35683,-0.000412681,0.0561065,0.416481,-0.00167135,0.053257,-0.03915070.636577,0.502172,1
2310,437.439,-0.000138298,-4.65733e-005,-3.33071,-0.000413121,0.0561063,0.399755,-0.00154621,0.0537521,-0.03847920.636844,0.502101,1
2320,436.112,-0.000260022,-6.68428e-005,-3.30501,-0.000414111,0.056106,0.38316,-0.00122779,0.0542412,-0.03799540.637288,0.501988,1
2330,432.892,-0.000360503,-0.000164753,-3.27997,-0.000415669,0.0561054,0.366691,-0.000884261,0.0545423,-0.03774920.638074,0.501786,1
2340,421.727,-0.000357233,-0.00020103,-3.25642,-0.00041746,0.0561045,0.350345,-0.000595913,0.0548205,-0.0375140.638917,0.501562,1
2350,401.09,-0.000402526,-0.000167901,-3.23561,-0.000419338,0.0561036,0.334111,-0.00056804,0.0552301,-0.03708640.639654,0.501355,1
2360,377.939,-0.000592803,-8.49252e-005,-3.21896,-0.000421845,0.0561029,0.317972,-0.000907207,0.0558198,-0.03674280.640123,0.501211,1
2370,358.717,-0.000586755,1.8456e-005,-3.20652,-0.000424791,0.0561027,0.301906,-0.00144061,0.0561452,-0.03698240.640262,0.50115,1
2380,341.55,-0.000634013,0.000128285,-3.19823,-0.000427849,0.0561031,0.285893,-0.00172999,0.0558153,-0.03768560.640262,0.50115,1
2390,327.389,-0.000649185,0.000352051,-3.19376,-0.000431044,0.0561043,0.269912,-0.00155645,0.0546844,-0.03823240.640262,0.50115,1
2400,306.493,-0.000770671,0.000455269,-3.19391,-0.000434594,0.0561063,0.253944,-0.00105728,0.0532466,-0.03828720.640262,0.50115,1
2410,298.56,-0.000843569,0.000652907,-3.1986,-0.000438657,0.056109,0.237964,-0.000476489,0.0520663,-0.03815960.640262,0.50115,1
2420,312.936,-0.000792364,0.000906235,-3.20218,-0.000442831,0.0561129,0.22196,0.000151331,0.0515603,-0.03809650.640262,0.50115,1
2430,326.275,-0.000380247,0.00121837,-3.20165,-0.000445986,0.0561182,0.205948,0.000741165,0.0514898,-0.03815130.640262,0.50115,1
2440,328.126,0.000803834,0.00143336,-3.19905,-0.000445372,0.0561249,0.189944,0.0010181,0.0515136,-0.03830290.640262,0.50115,1
2450,333.332,0.00341811,0.00140407,-3.19447,-0.000435573,0.0561321,0.173957,0.000813673,0.0514366,-0.03861190.640316,0.501068,1
2460,350.935,0.00773817,0.000954806,-3.18524,-0.000408321,0.0561383,0.158002,0.000262482,0.0515253,-0.03880220.640395,0.500943,1
2470,368.115,0.0132028,-0.000152583,-3.16948,-0.000356201,0.0561406,0.14211,-0.000495762,0.0519152,-0.03877850.640437,0.500846,1
2480,369.539,0.0186493,-0.00223662,-3.14866,-0.000276485,0.0561351,0.126309,-0.00131053,0.0527274,-0.03882980.640482,0.500707,1
2490,366.779,0.0244237,-0.00490567,-3.12387,-0.000169153,0.0561172,0.110622,-0.00179108,0.0538207,-0.0394290.640547,0.500518,1
2500,363.891,0.0320025,-0.00727007,-3.09551,-2.91438e-005,0.0560865,0.0950688,-0.00161224,0.0550178,-0.04037630.64063,0.500316,1
2510,359.473,0.0411383,-0.00796817,-3.06341,0.000153755,0.0560473,0.0796666,-0.000941046,0.0559941,-0.04128230.640719,0.500128,1
2520,352.17,0.0498336,-0.00638894,-3.027,0.000381199,0.0560106,0.0644355,-0.000209759,0.0567194,-0.04205980.640798,0.499969,1
2530,340.412,0.0598264,-0.00319685,-2.9857,0.000654335,0.0559863,0.049399,0.000396721,0.057105,-0.04312460.640806,0.499945,1
2540,335.399,0.0741014,-0.00245815,-2.93894,0.000986522,0.0559742,0.0345832,0.000946846,0.0570622,-0.0444960.640806,0.499945,1
2550,344.701,0.0951399,-0.00459812,-2.88685,0.0014072,0.0559571,0.0200143,0.00135945,0.0565701,-0.04586960.640806,0.499945,1
2560,351.173,0.119027,-0.00719832,-2.83062,0.00194284,0.0559269,0.00571707,0.00119461,0.0560513,-0.04693460.640806,0.499945,1
2570,346.646,0.137165,-0.00585355,-2.7728,0.0025887,0.0558928,-0.00829441,0.000309311,0.0557886,-0.04781740.640806,0.499945,1
2580,332.203,0.135728,-0.00495777,-2.71393,0.00328219,0.0558669,-0.0220138,-0.000799283,0.0555926,-0.04856370.640806,0.499945,1
2590,317.823,0.102127,-0.00786244,-2.65247,0.00389283,0.0558378,-0.0354329,-0.0014802,0.0550727,-0.04930120.640806,0.499945,1
2600,306.922,0.0294991,-0.0197832,-2.58513,0.00423846,0.0557719,-0.0485302,-0.00157696,0.0543179,-0.050120.640806,0.499945,1
2610,294.496,-0.0786672,-0.0362044,-2.51454,0.00412864,0.0556335,-0.0612793,-0.0011438,0.0537703,-0.05096840.640788,0.499828,1
2620,287.254,-0.206802,-0.0551431,-2.44891,0.00341783,0.0554047,-0.0736831,-0.000256644,0.0536592,-0.0514190.640763,0.499705,1
2630,285.097,-0.327128,-0.0713393,-2.39784,0.00207414,0.0550878,-0.0857915,0.000950461,0.0538653,-0.05130830.640723,0.499527,1
2640,283.119,-0.416133,-0.084919,-2.36654,0.000199061,0.0546947,-0.097693,0.00204486,0.0540999,-0.05096370.640678,0.499345,1
2650,280.021,-0.463358,-0.0917585,-2.35394,-0.00201688,0.0542504,-0.109486,0.00263283,0.0541429,-0.05090730.640629,0.499166,1
2660,285.443,-0.473135,-0.090452,-2.35417,-0.00437216,0.0537901,-0.121252,0.00240876,0.0538534,-0.0512240.640563,0.498949,1
2670,300.119,-0.455167,-0.0756356,-2.35935,-0.00670218,0.0533685,-0.133034,0.00139499,0.0535058,-0.0516930.64049,0.498729,1
2680,307.667,-0.41865,-0.0423741,-2.36639,-0.00889358,0.0530639,-0.144848,-1.53143e-005,0.0534353,-0.05218880.640416,0.498532,1
2690,296.063,-0.367643,0.0157104,-2.37787,-0.010865,0.0529859,-0.156706,-0.000962172,0.0537087,-0.05278440.640333,0.49833,1
2700,283.022,-0.303104,0.102602,-2.39782,-0.0125476,0.0532686,-0.16864,-0.000928192,0.053935,-0.05356550.640322,0.498308,1
2710,274.877,-0.226583,0.218443,-2.4285,-0.0138759,0.0540602,-0.1807,-0.000124995,0.054014,-0.05448410.640322,0.498308,1
2720,271.008,-0.142446,0.354729,-2.47115,-0.0148005,0.0554869,-0.192943,0.000734374,0.0540142,-0.05544630.640322,0.498308,1
2730,275.111,-0.0570207,0.496754,-2.52255,-0.015298,0.0576166,-0.205423,0.00125841,0.0540965,-0.05634320.640322,0.498308,1
2740,286.109,0.0224772,0.628273,-2.57616,-0.0153804,0.0604363,-0.218169,0.00128836,0.0540522,-0.05722950.640322,0.498308,1
2750,295.202,0.0901394,0.737715,-2.62598,-0.015093,0.0638621,-0.231177,0.000926716,0.0537649,-0.05823610.640311,0.498285,1
2760,306.028,0.142695,0.819868,-2.66744,-0.0145041,0.0677681,-0.244415,0.000399355,0.0532228,-0.05943990.640186,0.498032,1
2770,320.475,0.179263,0.874373,-2.69708,-0.0136925,0.0720152,-0.257832,4.39135e-005,0.0528604,-0.0605880.640067,0.497808,1
2780,333.931,0.200822,0.904401,-2.71414,-0.0127362,0.076472,-0.271367,-0.00012731,0.0529164,-0.06133240.639892,0.497497,1
2790,342.977,0.20959,0.915063,-2.72135,-0.0117051,0.0810284,-0.284961,-0.000332217,0.0534018,-0.0614870.639685,0.497145,1
2800,354.16,0.208031,0.910965,-2.72199,-0.010657,0.0855997,-0.298574,-0.000670212,0.0538233,-0.06129940.63945,0.496765,1
2810,360.155,0.198747,0.896269,-2.71956,-0.00963713,0.0901223,-0.312181,-0.000800929,0.0538299,-0.0611110.639137,0.496275,1
2820,357.971,0.184696,0.875706,-2.71768,-0.008677,0.0945548,-0.325776,-0.000416978,0.0532177,-0.06096560.638704,0.495612,1
2830,348.509,0.169165,0.853738,-2.71794,-0.00779228,0.0988789,-0.339367,0.000353823,0.0523496,-0.06049860.638253,0.494924,1
2840,333.974,0.155153,0.834331,-2.72031,-0.00698255,0.103098,-0.352964,0.00118204,0.0515986,-0.05962820.63794,0.494431,1
2850,324.823,0.14461,0.819702,-2.72342,-0.00623465,0.107231,-0.366575,0.00180732,0.0512494,-0.05874180.637793,0.494186,1
2860,328.104,0.137641,0.809502,-2.72397,-0.00553041,0.111303,-0.380196,0.00198475,0.0510725,-0.05835150.637793,0.494186,1
2870,322.595,0.133674,0.802834,-2.72156,-0.00485315,0.115333,-0.393812,0.00159974,0.0508511,-0.05844710.637793,0.494186,1
2880,308.167,0.131849,0.799119,-2.7193,-0.00418998,0.119337,-0.407415,0.000894701,0.0505455,-0.05868960.637793,0.494186,1
2890,294.467,0.131249,0.797648,-2.71863,-0.00353259,0.123328,-0.421009,0.000208456,0.0505384,-0.05874880.637793,0.494186,1
2900,272.69,0.131323,0.798135,-2.7214,-0.00287644,0.127316,-0.434606,-0.0003352,0.0508739,-0.05856850.637793,0.494186,1
2910,263.72,0.131755,0.800468,-2.7288,-0.00221894,0.131312,-0.448228,-0.000779888,0.0512924,-0.05818230.637793,0.494186,1
2920,280.172,0.132139,0.802392,-2.73415,-0.00155919,0.135319,-0.461886,-0.00103007,0.0515621,-0.05769060.637793,0.494186,1
2930,295.251,0.132279,0.803183,-2.73523,-0.000898083,0.139333,-0.47556,-0.000979027,0.0518126,-0.05707460.637681,0.494015,1
2940,309.674,0.132209,0.803049,-2.73302,-0.000236766,0.143349,-0.489232,-0.000713297,0.0520197,-0.05626010.637519,0.493783,1
2950,316.672,0.131946,0.802147,-2.72843,0.000423699,0.147363,-0.502887,-0.00055532,0.052076,-0.05516670.637413,0.493634,1
2960,304.797,0.131703,0.801466,-2.72468,0.0010828,0.151371,-0.516519,-0.00073874,0.0518519,-0.05399090.637413,0.493634,1
2970,286.154,0.131644,0.801897,-2.72491,0.00174106,0.155379,-0.530141,-0.00136457,0.0513337,-0.05301650.637413,0.493634,1
2980,269.085,0.131843,0.803604,-2.72986,0.00239961,0.159392,-0.543774,-0.00212856,0.0506374,-0.05242220.637413,0.493634,1
2990,268.242,0.132171,0.8062,-2.73785,0.00305953,0.163416,-0.557441,-0.00252656,0.050112,-0.05198230.637413,0.493634,1
