step,T,sn_vel[0],sn_vel[1],sn_vel[2],sn_crd[0],sn_crd[1],sn_crd[2],target_crd[0],target_crd[1],target_crd[2],boundary[0],boundary[1],boundary[2]
0,0.0161295,0,0,0,-2.34355e-008,5.4186e-009,0.981818,-1.78566e-006,0.0554798,-0.04310830.635578,0.50175,1
10,1.95565,0,0,0,-2.34355e-008,5.4186e-009,0.981818,-3.48297e-005,0.0555039,-0.04309220.635579,0.50175,1
20,2.19289,0,0,0,-2.34355e-008,5.4186e-009,0.981818,-9.36305e-005,0.0555004,-0.04302680.635595,0.501757,1
30,3.07327,0,0,0,-2.34355e-008,5.4186e-009,0.981818,-0.000113245,0.0554587,-0.04299230.635595,0.501757,1
40,3.63943,0,0,0,-2.34355e-008,5.4186e-009,0.981818,-0.000130957,0.0554084,-0.04298950.635631,0.501768,1
50,3.64662,0,0,0,-2.34355e-008,5.4186e-009,0.981818,-0.000145943,0.0553901,-0.04300130.635799,0.501812,1
60,3.60933,0,0,0,-2.34355e-008,5.4186e-009,0.981818,-0.000168333,0.0553897,-0.04294730.635815,0.501815,1
70,3.52862,0,0,0,-2.34355e-008,5.4186e-009,0.981818,-0.000197637,0.0554056,-0.04286680.636,0.50185,1
80,3.21343,0,0,0,-2.34355e-008,5.4186e-009,0.981818,-0.000240082,0.0554033,-0.04279750.636158,0.501873,1
90,3.14535,0,0,0,-2.34355e-008,5.4186e-009,0.981818,-0.000260212,0.0553877,-0.04276330.636308,0.501888,1
100,2.94848,0,0,0,-2.34355e-008,5.4186e-009,0.981818,-0.000270002,0.0553712,-0.04271470.636439,0.501896,1
110,12.0081,0,0,0,-2.34355e-008,5.4186e-009,0.981818,-0.000295579,0.0553529,-0.04259270.636614,0.501901,1
120,18.8586,0,0,0,-2.34355e-008,5.4186e-009,0.981818,-0.000343368,0.0553338,-0.04236970.636861,0.5019,1
130,22.9593,0,0,0,-2.34355e-008,5.4186e-009,0.981818,-0.000390757,0.0553538,-0.04210120.637138,0.501892,1
140,25.3695,0,0,0,-2.34355e-008,5.4186e-009,0.981818,-0.000450316,0.0553807,-0.04182450.637337,0.50188,1
150,26.6742,0,0,0,-2.34355e-008,5.4186e-009,0.981818,-0.000499292,0.0553604,-0.04159250.637545,0.501861,1
160,27.0244,0,0,0,-2.34355e-008,5.4186e-009,0.981818,-0.000505143,0.0553209,-0.04137960.637826,0.50183,1
170,26.9254,0,0,0,-2.34355e-008,5.4186e-009,0.981818,-0.000481245,0.0553166,-0.04113770.638047,0.501799,1
180,26.7242,0,0,0,-2.34355e-008,5.4186e-009,0.981818,-0.000470262,0.0553118,-0.04086250.638166,0.501777,1
190,25.7736,0,0,0,-2.34355e-008,5.4186e-009,0.981818,-0.000486146,0.0552715,-0.04065260.638284,0.501751,1
200,25.1733,0,0,0,-2.34355e-008,5.4186e-009,0.981818,-0.000504035,0.0552145,-0.04056170.638409,0.501718,1
210,33.0214,0,0,0,-2.34355e-008,5.4186e-009,0.981818,-0.000473245,0.0551497,-0.04054030.638526,0.501683,1
220,37.9356,0,0,0,-2.34355e-008,5.4186e-009,0.981818,-0.000366314,0.0550867,-0.04052340.638581,0.501664,1
230,40.4417,0,0,0,-2.34355e-008,5.4186e-009,0.981818,-0.0002875,0.0550302,-0.04049830.638667,0.501631,1
240,41.293,0,0,0,-2.34355e-008,5.4186e-009,0.981818,-0.000305186,0.0549744,-0.04049170.638742,0.501599,1
250,41.3644,0,0,0,-2.34355e-008,5.4186e-009,0.981818,-0.000361305,0.0549091,-0.04053070.638846,0.501552,1
260,40.8033,0,0,0,-2.34355e-008,5.4186e-009,0.981818,-0.000375116,0.0548425,-0.04067920.63901,0.501472,1
270,39.9276,0,0,0,-2.34355e-008,5.4186e-009,0.981818,-0.000394423,0.0547688,-0.04088180.639151,0.501399,1
280,38.9067,0,0,0,-2.34355e-008,5.4186e-009,0.981818,-0.00039238,0.0547572,-0.04103320.639347,0.501292,1
290,38.2401,0,0,0,-2.34355e-008,5.4186e-009,0.981818,-0.000382311,0.054789,-0.04106730.639574,0.501162,1
300,37.8374,0,0,0,-2.34355e-008,5.4186e-009,0.981818,-0.00038296,0.0547156,-0.04114760.639692,0.50109,1
310,46.5909,0,0,0,-2.34355e-008,5.4186e-009,0.981818,-0.000402586,0.0544874,-0.04132910.639809,0.501015,1
320,52.6945,0,0,0,-2.34355e-008,5.4186e-009,0.981818,-0.000344484,0.0543559,-0.04159250.639917,0.500941,1
330,56.6666,0,0,0,-2.34355e-008,5.4186e-009,0.981818,-0.000324935,0.0543216,-0.0418380.63998,0.500894,1
340,60.4628,0,0,0,-2.34355e-008,5.4186e-009,0.981818,-0.000339889,0.0541826,-0.0422090.639986,0.50089,1
350,65.5252,0,0,0,-2.34355e-008,5.4186e-009,0.981818,-0.00035275,0.0539648,-0.04258960.639986,0.50089,1
360,70.4427,0,0,0,-2.34355e-008,5.4186e-009,0.981818,-0.000397365,0.0539312,-0.04292790.639986,0.50089,1
370,77.1228,0,0,0,-2.34355e-008,5.4186e-009,0.981818,-0.000618105,0.053944,-0.04325280.639986,0.50089,1
380,82.5707,0,0,0,-2.34355e-008,5.4186e-009,0.981818,-0.00076038,0.0538953,-0.04386160.639986,0.50089,1
390,88.5798,0,0,0,-2.34355e-008,5.4186e-009,0.981818,-0.000753583,0.0538429,-0.0444990.639986,0.50089,1
400,93.1331,0,0,0,-2.34355e-008,5.4186e-009,0.981818,-0.000749053,0.0539488,-0.04493810.639986,0.50089,1
410,106.97,0,0,0,-2.34355e-008,5.4186e-009,0.981818,-0.000857154,0.054067,-0.04516880.639986,0.50089,1
420,114.933,0,0,0,-2.34355e-008,5.4186e-009,0.981818,-0.000855569,0.0541881,-0.04554950.640082,0.500783,1
430,120.675,0,0,0,-2.34355e-008,5.4186e-009,0.981818,-0.000765675,0.0543338,-0.04587470.640122,0.500737,1
440,122.026,0,0,0,-2.34355e-008,5.4186e-009,0.981818,-0.000687902,0.0546068,-0.04597440.640293,0.500534,1
450,123.995,0,0,0,-2.34355e-008,5.4186e-009,0.981818,-0.000650597,0.0548069,-0.04588550.640494,0.500287,1
460,123.437,0,0,0,-2.34355e-008,5.4186e-009,0.981818,-0.000538346,0.0549207,-0.04587690.640592,0.50016,1
470,124.174,0,0,0,-2.34355e-008,5.4186e-009,0.981818,-0.000429967,0.0549676,-0.04569640.640672,0.500051,1
480,123.678,0,0,0,-2.34355e-008,5.4186e-009,0.981818,-0.00041281,0.0550216,-0.04524020.640766,0.499918,1
490,124.099,0,0,0,-2.34355e-008,5.4186e-009,0.981818,-0.000396307,0.0549731,-0.04467620.640794,0.499877,1
500,125.197,0,0,0,-2.34355e-008,5.4186e-009,0.981818,-0.000236419,0.0549939,-0.04422580.640794,0.499877,1
510,134.037,0,0,0,-2.34355e-008,5.4186e-009,0.981818,-7.99121e-005,0.0550466,-0.04363080.640794,0.499877,1
520,140.297,0,0,0,-2.34355e-008,5.4186e-009,0.981818,-9.44033e-005,0.0550456,-0.04283850.640794,0.499877,1
530,142.687,0,0,0,-2.34355e-008,5.4186e-009,0.981818,-3.70308e-005,0.0549594,-0.04209520.640819,0.499828,1
540,143.412,0,0,0,-2.34355e-008,5.4186e-009,0.981818,0.000216561,0.0549816,-0.04151070.64087,0.499722,1
550,143.433,0,0,0,-2.34355e-008,5.4186e-009,0.981818,0.000401424,0.0549145,-0.04082840.64087,0.499722,1
560,141.813,0,0,0,-2.34355e-008,5.4186e-009,0.981818,0.000414073,0.0547467,-0.04008250.64087,0.499722,1
570,141.776,0,0,0,-2.34355e-008,5.4186e-009,0.981818,0.000591628,0.0546773,-0.03961180.64087,0.499722,1
580,139.815,0,0,0,-2.34355e-008,5.4186e-009,0.981818,0.000802111,0.0548147,-0.039450.64087,0.499722,1
590,137.949,0,0,0,-2.34355e-008,5.4186e-009,0.981818,0.000717709,0.0548694,-0.03923890.64087,0.499722,1
600,136.103,0,0,0,-2.34355e-008,5.4186e-009,0.981818,0.000515318,0.0548299,-0.03890370.64087,0.499722,1
610,142.564,0,0,0,-2.34355e-008,5.4186e-009,0.981818,0.000645495,0.054808,-0.03882270.640906,0.49968,1
620,145.961,0,0,0,-2.34355e-008,5.4186e-009,0.981818,0.000814362,0.0548279,-0.03913670.640947,0.499637,1
630,149.87,0,0,0,-2.34355e-008,5.4186e-009,0.981818,0.000746498,0.0548349,-0.03947350.641043,0.49954,1
640,151.897,0,0,0,-2.34355e-008,5.4186e-009,0.981818,0.000715654,0.054967,-0.03960380.641222,0.499363,1
650,158.125,0,0,0,-2.34355e-008,5.4186e-009,0.981818,0.000975116,0.0552479,-0.03981170.641309,0.499283,1
660,163.274,0,0,0,-2.34355e-008,5.4186e-009,0.981818,0.00106764,0.0554574,-0.04023180.641314,0.49928,1
670,167.806,0,0,0,-2.34355e-008,5.4186e-009,0.981818,0.000896773,0.0554442,-0.0405670.641314,0.49928,1
680,171.967,0,0,0,-2.34355e-008,5.4186e-009,0.981818,0.000776763,0.0554181,-0.04074760.641314,0.49928,1
690,174.433,0,0,0,-2.34355e-008,5.4186e-009,0.981818,0.000748451,0.0555541,-0.04107460.641314,0.49928,1
700,177.252,0,0,0,-2.34355e-008,5.4186e-009,0.981818,0.000380098,0.0556277,-0.04154410.641314,0.49928,1
710,190.6,0,0,0,-2.34355e-008,5.4186e-009,0.981818,-0.000184403,0.0554684,-0.04176060.641314,0.49928,1
720,200.893,0,0,0,-2.34355e-008,5.4186e-009,0.981818,-0.000537148,0.0551941,-0.04176210.641314,0.49928,1
730,208.005,0,0,0,-2.34355e-008,5.4186e-009,0.981818,-0.000726579,0.0548264,-0.04198430.641314,0.49928,1
740,216.118,0,0,0,-2.34355e-008,5.4186e-009,0.981818,-0.00109543,0.0543082,-0.04253220.641314,0.49928,1
750,218.816,0,0,0,-2.34355e-008,5.4186e-009,0.981818,-0.00142744,0.0540382,-0.04298810.641314,0.49928,1
760,223.697,0,0,0,-2.34355e-008,5.4186e-009,0.981818,-0.00148954,0.0541861,-0.04330580.641314,0.49928,1
770,224.894,0,0,0,-2.34355e-008,5.4186e-009,0.981818,-0.00155666,0.0543205,-0.04379950.641314,0.49928,1
780,224.847,0,0,0,-2.34355e-008,5.4186e-009,0.981818,-0.00174641,0.0541972,-0.04454440.641314,0.49928,1
790,223.113,0,0,0,-2.34355e-008,5.4186e-009,0.981818,-0.00174139,0.0542637,-0.04512350.641314,0.49928,1
800,216.781,0,0,0,-2.34355e-008,5.4186e-009,0.981818,-0.00150595,0.0545254,-0.04544640.641314,0.49928,1
810,221.056,0,0,0,-2.34355e-008,5.4186e-009,0.981818,-0.00143236,0.0545752,-0.04577720.641326,0.499266,1
820,218.979,0,0,0,-2.34355e-008,5.4186e-009,0.981818,-0.00145957,0.0543095,-0.04620680.641491,0.499053,1
830,217.98,0,0,0,-2.34355e-008,5.4186e-009,0.981818,-0.00128952,0.054139,-0.04644730.64152,0.499013,1
840,214.513,0,0,0,-2.34355e-008,5.4186e-009,0.981818,-0.000939278,0.0540948,-0.04647980.641634,0.498841,1
850,210.659,0,0,0,-2.34355e-008,5.4186e-009,0.981818,-0.000785591,0.0541344,-0.04652620.641805,0.498584,1
860,205.494,0,0,0,-2.34355e-008,5.4186e-009,0.981818,-0.000788066,0.0542993,-0.04660130.64194,0.498373,1
870,198.024,0,0,0,-2.34355e-008,5.4186e-009,0.981818,-0.000732992,0.054739,-0.04644950.642087,0.498134,1
880,189.288,0,0,0,-2.34355e-008,5.4186e-009,0.981818,-0.000550649,0.055106,-0.04606010.642222,0.497902,1
890,186.615,0,0,0,-2.34355e-008,5.4186e-009,0.981818,-0.000482336,0.0552518,-0.04566330.64225,0.497849,1
900,186.621,0,0,0,-2.34355e-008,5.4186e-009,0.981818,-0.000410874,0.0554787,-0.04530430.642274,0.497803,1
910,199.586,0,0,0,-2.34355e-008,5.4186e-009,0.981818,-0.000204216,0.0561617,-0.04476240.642341,0.497662,1
920,203.958,0,0,0,-2.34355e-008,5.4186e-009,0.981818,8.29295e-006,0.0566539,-0.04400330.642352,0.49764,1
930,208.672,0,0,0,-2.34355e-008,5.4186e-009,0.981818,5.30993e-005,0.0565513,-0.04336210.642352,0.49764,1
940,213.736,0,0,0,-2.34355e-008,5.4186e-009,0.981818,0.000286051,0.0563412,-0.04296330.64239,0.497549,1
950,220.888,0,0,0,-2.34355e-008,5.4186e-009,0.981818,0.00070892,0.0565306,-0.04254990.642487,0.49731,1
960,231.085,0,0,0,-2.34355e-008,5.4186e-009,0.981818,0.000953086,0.0566505,-0.0419280.642626,0.496956,1
970,236.655,0,0,0,-2.34355e-008,5.4186e-009,0.981818,0.000959361,0.0565499,-0.04137970.6428,0.4965,1
980,244.392,0,0,0,-2.34355e-008,5.4186e-009,0.981818,0.00101384,0.0564075,-0.0409930.642905,0.496208,1
990,245.543,0,0,0,-2.34355e-008,5.4186e-009,0.981818,0.00098291,0.0561606,-0.04054140.642952,0.496065,1
1000,248.696,0,0,0,-2.34355e-008,5.4186e-009,0.981818,0.000748618,0.055555,-0.03994370.642967,0.495828,1
1010,243.472,0,0,0,-2.34355e-008,5.4186e-009,0.981818,0.000461761,0.0550189,-0.03951630.643099,0.495625,1
1020,242.95,0,0,0,-2.34355e-008,5.4186e-009,0.981818,4.88347e-005,0.0549816,-0.0392490.64309,0.495601,1
1030,242.248,0,0,0,-2.34355e-008,5.4186e-009,0.981818,-0.000596101,0.0551756,-0.03890170.643096,0.495577,1
1040,250.548,0,0,0,-2.34355e-008,5.4186e-009,0.981818,-0.00132497,0.0550478,-0.03845510.643096,0.495577,1
1050,256.321,0,0,0,-2.34355e-008,5.4186e-009,0.981818,-0.001874,0.0547937,-0.03817730.643096,0.495577,1
1060,282.419,0,0,0,-2.34355e-008,5.4186e-009,0.981818,-0.00224768,0.0548465,-0.03795270.643096,0.495577,1
1070,302.571,0,0,0,-2.34355e-008,5.4186e-009,0.981818,-0.00232237,0.0546949,-0.03737160.643096,0.495577,1
1080,336.48,0,0,0,-2.34355e-008,5.4186e-009,0.981818,-0.00243914,0.0539579,-0.03638010.643096,0.495577,1
1090,357.852,0,0,0,-2.34355e-008,5.4186e-009,0.981818,-0.00272372,0.0533283,-0.03549070.643096,0.495577,1
1100,378.46,0,0,0,-2.34355e-008,5.4186e-009,0.981818,-0.0030227,0.0533924,-0.0348760.643096,0.495577,1
1110,390.043,0,0,0,-2.34355e-008,5.4186e-009,0.981818,-0.00299204,0.0533399,-0.0343010.643096,0.495577,1
1120,396.803,0,0,0,-2.34355e-008,5.4186e-009,0.981818,-0.00297541,0.0529795,-0.03374090.643096,0.495577,1
1130,398.331,0,0,0,-2.34355e-008,5.4186e-009,0.981818,-0.00298604,0.0529327,-0.03346380.643096,0.495577,1
1140,403.025,0,0,0,-2.34355e-008,5.4186e-009,0.981818,-0.00303342,0.0532517,-0.0333090.643096,0.495577,1
1150,400.46,0,0,0,-2.34355e-008,5.4186e-009,0.981818,-0.00303537,0.0531811,-0.03313290.642831,0.495396,1
1160,393.456,0,0,0,-2.34355e-008,5.4186e-009,0.981818,-0.00300101,0.0529243,-0.0330520.642831,0.495396,1
1170,380.635,0,0,0,-2.34355e-008,5.4186e-009,0.981818,-0.00275057,0.0529366,-0.03324460.642622,0.4954,1
1180,361.565,0,0,0,-2.34355e-008,5.4186e-009,0.981818,-0.00266773,0.0530819,-0.03354970.64231,0.495418,1
1190,342.239,0,0,0,-2.34355e-008,5.4186e-009,0.981818,-0.00291991,0.0530981,-0.0338920.64231,0.495418,1
1200,321.774,0,0,0,-2.34355e-008,5.4186e-009,0.981818,-0.00334878,0.0533539,-0.03422320.642182,0.495259,1
1210,304.797,0,0,0,-2.34355e-008,5.4186e-009,0.981818,-0.00385385,0.0538367,-0.03469130.641968,0.495013,1
1220,289.915,0,0,0,-2.34355e-008,5.4186e-009,0.981818,-0.00450055,0.0541203,-0.03519640.641703,0.494723,1
1230,278.447,0,0,0,-2.34355e-008,5.4186e-009,0.981818,-0.00489754,0.0539711,-0.03565040.641504,0.494524,1
1240,269.73,0,0,0,-2.34355e-008,5.4186e-009,0.981818,-0.0049409,0.0537886,-0.03596250.641375,0.494414,1
1250,264.404,0,0,0,-2.34355e-008,5.4186e-009,0.981818,-0.00504467,0.0537126,-0.03643280.641201,0.49427,1
1260,263.586,0,0,0,-2.34355e-008,5.4186e-009,0.981818,-0.00531428,0.0537288,-0.03690340.640871,0.494007,1
1270,270.432,0,0,0,-2.34355e-008,5.4186e-009,0.981818,-0.00550005,0.0539001,-0.03720210.640516,0.493739,1
1280,276.073,0,0,0,-2.34355e-008,5.4186e-009,0.981818,-0.00564501,0.0544177,-0.03720110.640339,0.493617,1
1290,274.973,0,0,0,-2.34355e-008,5.4186e-009,0.981818,-0.00588736,0.054875,-0.03730530.640339,0.493617,1
1300,272.399,0,0,0,-2.34355e-008,5.4186e-009,0.981818,-0.00607862,0.0550464,-0.03746980.640317,0.493605,1
1310,259.335,0,0,0,-2.34355e-008,5.4186e-009,0.981818,-0.00622839,0.0551571,-0.03770620.640171,0.493533,1
1320,248.968,0,0,0,-2.34355e-008,5.4186e-009,0.981818,-0.00618785,0.0553274,-0.0377360.640149,0.493523,1
1330,236.115,0,0,0,-2.34355e-008,5.4186e-009,0.981818,-0.00578449,0.0551384,-0.03773090.640126,0.493513,1
1340,229.715,0,0,0,-2.34355e-008,5.4186e-009,0.981818,-0.0050985,0.0546735,-0.03757090.640126,0.493513,1
1350,237.036,0,0,0,-2.34355e-008,5.4186e-009,0.981818,-0.00468203,0.0545487,-0.0373720.640126,0.493513,1
1360,259.307,0,0,0,-2.34355e-008,5.4186e-009,0.981818,-0.00449738,0.0547576,-0.03679670.640126,0.493513,1
1370,286.993,0,0,0,-2.34355e-008,5.4186e-009,0.981818,-0.00451778,0.0547227,-0.03611110.640102,0.493505,1
1380,313.64,0,0,0,-2.34355e-008,5.4186e-009,0.981818,-0.00472173,0.0543492,-0.03527130.640102,0.493505,1
1390,320.387,0,0,0,-2.34355e-008,5.4186e-009,0.981818,-0.00515657,0.0540742,-0.03440160.640102,0.493505,1
1400,322.184,0,0,0,-2.34355e-008,5.4186e-009,0.981818,-0.00538997,0.0539132,-0.03326570.640102,0.493505,1
1410,336.735,0,0,0,-2.34355e-008,5.4186e-009,0.981818,-0.00547844,0.0537761,-0.03234120.639933,0.493466,1
1420,360.54,0,0,0,-2.34355e-008,5.4186e-009,0.981818,-0.00548713,0.0537195,-0.03160140.639497,0.493376,1
1430,377.737,0,0,0,-2.34355e-008,5.4186e-009,0.981818,-0.00551681,0.0538479,-0.03088270.638923,0.493266,1
1440,389.966,0,0,0,-2.34355e-008,5.4186e-009,0.981818,-0.00524668,0.0539158,-0.0298010.638572,0.493206,1
1450,397.373,0,0,0,-2.34355e-008,5.4186e-009,0.981818,-0.0048352,0.0538878,-0.02886730.638333,0.49316,1
1460,396.707,0,0,0,-2.34355e-008,5.4186e-009,0.981818,-0.00442036,0.0539199,-0.02841850.637912,0.493076,1
1470,385.891,0,0,0,-2.34355e-008,5.4186e-009,0.981818,-0.00417169,0.0540549,-0.02843950.637454,0.492989,1
1480,360.451,0,0,0,-2.34355e-008,5.4186e-009,0.981818,-0.00370908,0.0540267,-0.02834510.637087,0.492927,1
1490,325.724,0,0,0,-2.34355e-008,5.4186e-009,0.981818,-0.00315351,0.0538848,-0.02826180.636635,0.492858,1
1500,287.967,0,0,0,-2.34355e-008,5.4186e-009,0.981818,-0.00278991,0.0536981,-0.02844430.636097,0.492784,1
1510,255.09,0,0,0,-2.34355e-008,5.4186e-009,0.981818,-0.00280785,0.053336,-0.02880740.635566,0.492716,1
1520,238.095,0,0,0,-2.34355e-008,5.4186e-009,0.981818,-0.0028217,0.0527197,-0.02890690.634936,0.492637,1
1530,225.561,0,0,0,-2.34355e-008,5.4186e-009,0.981818,-0.00299236,0.0522388,-0.02889220.634228,0.492545,1
1540,215.805,0,0,0,-2.34355e-008,5.4186e-009,0.981818,-0.00340236,0.0519853,-0.02894370.633538,0.492449,1
1550,195.875,0,0,0,-2.34355e-008,5.4186e-009,0.981818,-0.00381989,0.0518403,-0.02882620.632863,0.492347,1
1560,176.465,0,0,0,-2.34355e-008,5.4186e-009,0.981818,-0.00388856,0.0519378,-0.02833660.632328,0.49226,1
1570,169.64,0,0,0,-2.34355e-008,5.4186e-009,0.981818,-0.00405737,0.0526849,-0.02790510.63187,0.49218,1
1580,179.18,0,0,0,-2.34355e-008,5.4186e-009,0.981818,-0.00443153,0.0538557,-0.02791760.631123,0.492045,1
1590,207.352,0,0,0,-2.34355e-008,5.4186e-009,0.981818,-0.00465977,0.0549795,-0.02798470.630232,0.491882,1
1600,246.957,0,0,0,-2.34355e-008,5.4186e-009,0.981818,-0.00472913,0.0559343,-0.02780020.629673,0.491778,1
1610,280.476,0,0,0,-2.34355e-008,5.4186e-009,0.981818,-0.00534272,0.0569395,-0.02760080.629362,0.491722,1
1620,301.575,0,0,0,-2.34355e-008,5.4186e-009,0.981818,-0.00620568,0.0577814,-0.02762070.629131,0.491686,1
1630,305.494,0,0,0,-2.34355e-008,5.4186e-009,0.981818,-0.00634906,0.0582209,-0.02736720.629131,0.491686,1
1640,303.331,0,0,0,-2.34355e-008,5.4186e-009,0.981818,-0.00575985,0.0582385,-0.02687110.629131,0.491686,1
1650,308.877,0,0,0,-2.34355e-008,5.4186e-009,0.981818,-0.00527904,0.0579604,-0.02658120.629131,0.491686,1
1660,310.033,0,0,0,-2.34355e-008,5.4186e-009,0.981818,-0.00486808,0.0571817,-0.02692110.629131,0.491686,1
1670,319.501,0,0,0,-2.34355e-008,5.4186e-009,0.981818,-0.00407282,0.0560964,-0.02743420.629131,0.491686,1
1680,321.632,0,0,0,-2.34355e-008,5.4186e-009,0.981818,-0.00339303,0.0550365,-0.02798840.629131,0.491686,1
1690,316.23,0,0,0,-2.34355e-008,5.4186e-009,0.981818,-0.00321753,0.0540822,-0.02849510.629131,0.491686,1
1700,297.185,0,0,0,-2.34355e-008,5.4186e-009,0.981818,-0.00312459,0.0529452,-0.02915840.629131,0.491686,1
1710,268.674,0,0,0,-2.34355e-008,5.4186e-009,0.981818,-0.00288107,0.0519263,-0.02972930.629131,0.491686,1
1720,241.414,0,0,0,-2.34355e-008,5.4186e-009,0.981818,-0.00303158,0.0514056,-0.03046240.629131,0.491686,1
1730,236.076,0,0,0,-2.34355e-008,5.4186e-009,0.981818,-0.00341386,0.0512708,-0.03126160.629131,0.491686,1
1740,248.531,0,0,0,-2.34355e-008,5.4186e-009,0.981818,-0.00356451,0.0510266,-0.0321710.629131,0.491686,1
1750,273.884,0,0,0,-2.34355e-008,5.4186e-009,0.981818,-0.00344468,0.0508451,-0.03298870.629131,0.491686,1
1760,297.205,0,0,0,-2.34355e-008,5.4186e-009,0.981818,-0.00374132,0.051213,-0.03416190.629131,0.491686,1
1770,313.273,0,0,0,-2.34355e-008,5.4186e-009,0.981818,-0.0043819,0.0521193,-0.03575960.629131,0.491686,1
1780,323.879,0,0,0,-2.34355e-008,5.4186e-009,0.981818,-0.0047258,0.05318,-0.03774270.629131,0.491686,1
1790,319.438,0,0,0,-2.34355e-008,5.4186e-009,0.981818,-0.00438525,0.0542378,-0.03962460.629131,0.491686,1
1800,303.337,0,0,0,-2.34355e-008,5.4186e-009,0.981818,-0.00430087,0.0552409,-0.041390.629131,0.491686,1
1810,286.683,0,0,0,-2.34355e-008,5.4186e-009,0.981818,-0.00474334,0.0556708,-0.04311970.629131,0.491686,1
1820,271.177,0,0,0,-2.34355e-008,5.4186e-009,0.981818,-0.00496898,0.055371,-0.04498710.629131,0.491686,1
1830,253.284,0,0,0,-2.34355e-008,5.4186e-009,0.981818,-0.00451432,0.0547935,-0.04671810.629131,0.491686,1
1840,236.079,0,0,0,-2.34355e-008,5.4186e-009,0.981818,-0.00415514,0.0544657,-0.04812330.629131,0.491686,1
1850,218.59,0,0,0,-2.34355e-008,5.4186e-009,0.981818,-0.00373785,0.0540548,-0.04910770.629131,0.491686,1
1860,212.379,0,0,0,-2.34355e-008,5.4186e-009,0.981818,-0.00283393,0.0534466,-0.04972990.629131,0.491686,1
1870,209.354,0,0,0,-2.34355e-008,5.4186e-009,0.981818,-0.00197937,0.0529516,-0.05018930.629006,0.491715,1
1880,221.008,0,0,0,-2.34355e-008,5.4186e-009,0.981818,-0.00192381,0.0528901,-0.05055860.629006,0.491715,1
1890,248.515,0,0,0,-2.34355e-008,5.4186e-009,0.981818,-0.00191597,0.0527048,-0.05079180.629006,0.491715,1
1900,294.14,0,0,0,-2.34355e-008,5.4186e-009,0.981818,-0.00173674,0.0521339,-0.05069420.628908,0.491743,1
1910,346.223,0,0,0,-2.34355e-008,5.4186e-009,0.981818,-0.00223766,0.0513453,-0.0503180.628666,0.491814,1
1920,383.577,0,0,0,-2.34355e-008,5.4186e-009,0.981818,-0.00354026,0.0507049,-0.04933920.628666,0.491814,1
1930,400.72,0,0,0,-2.34355e-008,5.4186e-009,0.981818,-0.0043621,0.0502172,-0.04792580.628555,0.491849,1
1940,401.832,0,0,0,-2.34355e-008,5.4186e-009,0.981818,-0.00426656,0.0501568,-0.04647940.62834,0.491923,1
1950,392.628,0,0,0,-2.34355e-008,5.4186e-009,0.981818,-0.00379638,0.0505387,-0.04542570.62834,0.491923,1
1960,378.467,0,0,0,-2.34355e-008,5.4186e-009,0.981818,-0.00313999,0.0510833,-0.04444290.62834,0.491923,1
1970,353.269,0,0,0,-2.34355e-008,5.4186e-009,0.981818,-0.00230032,0.0515984,-0.04378780.628193,0.491996,1
1980,321.079,0,0,0,-2.34355e-008,5.4186e-009,0.981818,-0.00177933,0.0523766,-0.0436640.627987,0.492091,1
1990,302.696,0,0,0,-2.34355e-008,5.4186e-009,0.981818,-0.00178559,0.0532912,-0.04407110.627928,0.492116,1
2000,1673.64,0,0,-9.68004,-0.00170909,0.0537253,0.976968,-0.00167743,0.0537291,-0.04437190.627971,0.492184,1
2010,1606.54,0,0,-9.48358,-0.00170909,0.0537253,0.929012,-0.00134361,0.053405,-0.04459110.628198,0.492561,1
2020,1534.68,0,0,-9.29305,-0.00170909,0.0537253,0.882026,-0.00145272,0.0528953,-0.04489370.62845,0.492938,1
2030,1453.87,0,0,-9.10856,-0.00170909,0.0537253,0.835978,-0.00216392,0.0527935,-0.04553440.628802,0.493438,1
2040,1382.75,0,0,-8.93027,-0.00170909,0.0537253,0.790839,-0.0025543,0.0530082,-0.04615880.629094,0.493878,1
2050,1321.96,0,0,-8.75764,-0.00170909,0.0537253,0.746578,-0.00236716,0.0533108,-0.04673730.62942,0.494392,1
2060,1271.65,0,0,-8.59048,-0.00170909,0.0537253,0.703168,-0.0021973,0.0535865,-0.04728860.629695,0.494805,1
2070,1227.98,0,0,-8.42826,-0.00170909,0.0537253,0.660583,-0.00221531,0.0535602,-0.04789570.62972,0.494807,1
2080,1191.79,0,0,-8.27081,-0.00170909,0.0537253,0.618798,-0.00189177,0.0529171,-0.0481290.62972,0.494807,1
2090,1154.03,-4.11185e-007,9.48959e-009,-8.11782,-0.00170909,0.0537253,0.57779,-0.00157568,0.0520217,-0.04809730.62972,0.494807,1
2100,1122.05,-1.297e-005,2.5179e-007,-7.96933,-0.00170912,0.0537253,0.537537,-0.00189558,0.0512937,-0.04801650.62972,0.494807,1
2110,1093.98,-8.23573e-005,1.58762e-006,-7.82508,-0.00170933,0.0537253,0.498016,-0.00260831,0.0508311,-0.0480.62972,0.494807,1
2120,1073.04,-0.000309698,3.7865e-006,-7.68482,-0.00171026,0.0537253,0.459208,-0.00307535,0.0505716,-0.04777720.62972,0.494807,1
2130,1045.18,-0.00067938,1.20534e-006,-7.54855,-0.00171267,0.0537253,0.421092,-0.003621,0.0507789,-0.04769290.629738,0.494797,1
2140,1019.65,-0.00121342,1.23701e-006,-7.4162,-0.00171733,0.0537253,0.383648,-0.00427692,0.051412,-0.04801210.629774,0.494762,1
2150,989.899,-0.0019242,-1.17187e-005,-7.28766,-0.00172527,0.0537253,0.346858,-0.00436254,0.0521232,-0.04862220.629958,0.494551,1
2160,966.437,-0.00151169,-0.000235326,-7.16073,-0.00173504,0.0537248,0.310705,-0.00367992,0.0525937,-0.0490250.630067,0.494384,1
2170,943.738,0.00655834,-0.000630168,-7.02705,-0.00172871,0.0537228,0.275198,-0.00312362,0.052928,-0.04936940.630106,0.494307,1
2180,920.872,0.0521175,-0.00221051,-6.85128,-0.00161191,0.0537167,0.240439,-0.00282052,0.0531266,-0.04990710.630153,0.494181,1
2190,871.209,0.261253,-0.00925202,-6.51206,-0.000952011,0.0536921,0.206886,-0.00232148,0.0532111,-0.05049970.630153,0.494181,1
2200,786.377,0.962254,-0.0319875,-5.7789,0.00182644,0.0535976,0.175938,-0.00182007,0.0533415,-0.05075350.630153,0.494181,1
2210,776.67,2.08614,-0.0659773,-4.86131,0.00946213,0.0533509,0.149403,-0.00201393,0.0535808,-0.05085060.630153,0.494181,1
2220,805.628,2.78722,-0.085254,-4.35325,0.0219199,0.0529646,0.126543,-0.00254593,0.0535774,-0.0510420.630153,0.494181,1
2230,788.533,3.01633,-0.0929137,-4.15181,0.0365692,0.0525172,0.105334,-0.00273009,0.0533686,-0.05110810.630153,0.494181,1
2240,746.23,3.05518,-0.104138,-4.04101,0.0518042,0.0520288,0.0848509,-0.00256685,0.053415,-0.05100170.630171,0.494053,1
2250,697.46,3.0237,-0.131293,-3.93607,0.0670326,0.0514485,0.0648859,-0.00234678,0.0537519,-0.05119920.630171,0.494053,1
2260,651.854,2.94938,-0.170051,-3.79289,0.0819942,0.0506897,0.0455252,-0.00192794,0.0538576,-0.05204860.630171,0.494053,1
2270,599.869,2.80534,-0.156324,-3.54678,0.0964382,0.0498388,0.0270938,-0.00140037,0.0536802,-0.05306120.630171,0.494053,1
2280,528.696,2.4391,-0.0961491,-3.01404,0.109705,0.0492104,0.0105039,-0.00120244,0.0536659,-0.0539370.630171,0.494053,1
2290,439.004,1.75912,-0.0630735,-2.16099,0.120302,0.0488221,-0.00249937,-0.00121548,0.053946,-0.05508060.630171,0.494053,1
2300,368.497,0.844087,-0.0519546,-1.16887,0.12692,0.048545,-0.0109085,-0.00110436,0.0542445,-0.05700540.630171,0.494053,1
2310,369.288,-0.22795,-0.068896,-0.0258191,0.128454,0.0482551,-0.0138997,-0.000574537,0.0543867,-0.05903370.630171,0.494053,1
2320,437.518,-1.04614,-0.0982581,0.84378,0.125096,0.0478355,-0.0116586,-0.000138806,0.0544978,-0.06064470.630171,0.494053,1
2330,485.893,-1.54556,-0.139023,1.38046,0.118522,0.0472561,-0.00601766,-0.000410551,0.0545757,-0.06251320.630171,0.494053,1
2340,507.946,-1.85974,-0.207918,1.7585,0.109918,0.0463909,0.00192114,-0.00121681,0.0543171,-0.06523080.630171,0.494053,1
2350,517.797,-1.97983,-0.2805,1.92012,0.100254,0.0451779,0.0111939,-0.00178259,0.0538324,-0.06822030.630294,0.493846,1
2360,511.898,-2.01832,-0.383565,1.98303,0.0902379,0.0435268,0.0209765,-0.00190125,0.0536119,-0.07110040.630409,0.493684,1
2370,506.298,-2.036,-0.482237,2.01682,0.0800915,0.041349,0.0309898,-0.0014656,0.0536191,-0.07381930.630604,0.493427,1
2380,498.698,-2.04153,-0.540731,2.03143,0.0698874,0.0387715,0.0411232,-0.00104421,0.0534982,-0.07638680.630755,0.493208,1
2390,487.513,-2.03689,-0.567979,2.03113,0.0596831,0.0359905,0.0512895,-0.000645188,0.0533321,-0.07849010.630835,0.493072,1
2400,447.693,-2.02723,-0.581,2.02272,0.049517,0.0331118,0.0614308,-0.000224455,0.053449,-0.08019970.630927,0.492935,1
2410,392.573,-2.0171,-0.585462,2.01226,0.0394032,0.0301922,0.0715217,0.000556509,0.0536495,-0.08172680.631067,0.492745,1
2420,351.71,-2.00872,-0.585973,2.0029,0.029337,0.0272618,0.0815612,0.000960702,0.0538584,-0.08325470.631218,0.492553,1
2430,329.787,-2.00262,-0.58516,1.99557,0.019308,0.0243333,0.0915582,0.000624969,0.054434,-0.0846440.631353,0.492393,1
2440,329.742,-1.99728,-0.584023,1.98854,0.00930691,0.0214099,0.10152,-0.000490029,0.0554106,-0.0860410.631412,0.492328,1
2450,341.106,-1.99085,-0.582286,1.98008,-0.000665336,0.0184935,0.111443,-0.00131481,0.0561515,-0.08754270.631445,0.492293,1
2460,345.678,-1.98362,-0.580302,1.97065,-0.0106033,0.0155865,0.121322,-0.0014499,0.0564953,-0.08902290.631537,0.492201,1
2470,361.426,-1.97538,-0.577938,1.95977,-0.0205032,0.0126901,0.131151,-0.00061745,0.0566871,-0.09018860.63174,0.492008,1
2480,376.265,-1.96589,-0.5751,1.94695,-0.0303592,0.00980669,0.140921,0.000411714,0.0566293,-0.09126530.632087,0.491693,1
2490,391.001,-1.95536,-0.57181,1.93257,-0.0401654,0.00693851,0.150623,0.00124913,0.0560732,-0.09259330.632459,0.491371,1
2500,404.794,-1.94375,-0.568248,1.91666,-0.0499166,0.0040874,0.160249,0.00164184,0.0554103,-0.09416640.6327,0.491174,1
2510,412.871,-1.93175,-0.564609,1.89993,-0.0596088,0.00125427,0.169794,0.00241954,0.0549629,-0.09571970.63287,0.491045,1
2520,423.813,-1.91922,-0.560868,1.88261,-0.0692399,-0.00156048,0.179254,0.00348595,0.0545482,-0.09714890.632974,0.490973,1
2530,440.265,-1.90575,-0.556935,1.86423,-0.0788065,-0.00435617,0.188625,0.00439782,0.0540176,-0.09851530.632974,0.490973,1
2540,451.519,-1.89161,-0.55292,1.84519,-0.088304,-0.00713201,0.197903,0.00431342,0.0538395,-0.09980170.632974,0.490973,1
2550,465.876,-1.87665,-0.548684,1.82531,-0.0977291,-0.00988731,0.207084,0.00347638,0.0542436,-0.1010010.632974,0.490973,1
2560,464.567,-1.86153,-0.544351,1.8052,-0.107079,-0.0126211,0.216164,0.00222918,0.0547963,-0.1020480.632974,0.490973,1
2570,451.557,-1.84727,-0.540338,1.78591,-0.116354,-0.0153338,0.225145,0.00143717,0.0550747,-0.1028690.632974,0.490973,1
2580,443.079,-1.83387,-0.536563,1.76755,-0.12556,-0.0180271,0.234032,0.00154672,0.0554018,-0.1033070.633091,0.490922,1
2590,445.14,-1.82063,-0.532822,1.74958,-0.134701,-0.0207017,0.242828,0.00264173,0.0559221,-0.1035950.633168,0.490891,1
2600,452.21,-1.8071,-0.528938,1.73152,-0.143774,-0.0233573,0.251535,0.00393932,0.056388,-0.1041820.633171,0.49089,1
2610,457.576,-1.79311,-0.52473,1.71335,-0.152778,-0.0259927,0.260151,0.00505256,0.056737,-0.1051830.633231,0.490871,1
2620,452.87,-1.77923,-0.520506,1.69565,-0.161713,-0.0286068,0.268677,0.00598931,0.0572373,-0.106020.633426,0.490817,1
2630,451.05,-1.76566,-0.516274,1.67848,-0.170579,-0.0311999,0.277115,0.00687196,0.0575754,-0.1064710.633702,0.49075,1
2640,449.854,-1.75227,-0.512108,1.66152,-0.179377,-0.0337719,0.285469,0.00728341,0.0575767,-0.1067740.633927,0.490702,1
2650,443.429,-1.73926,-0.508107,1.64498,-0.188109,-0.0363234,0.293738,0.00694243,0.0576516,-0.1071890.633982,0.490692,1
2660,437.468,-1.72669,-0.504246,1.62908,-0.196778,-0.0388552,0.301926,0.00622049,0.0580222,-0.107580.633982,0.490692,1
2670,428.377,-1.7146,-0.500542,1.61386,-0.205384,-0.0413681,0.310036,0.00583874,0.0580553,-0.1080570.633982,0.490692,1
2680,417.627,-1.70325,-0.497093,1.59975,-0.213931,-0.043863,0.318073,0.00614893,0.0574821,-0.1085970.633982,0.490692,1
2690,398.191,-1.69298,-0.493968,1.58686,-0.222424,-0.0463413,0.326041,0.00684463,0.0567492,-0.1091730.633982,0.490692,1
2700,376.76,-1.68445,-0.49136,1.57584,-0.230869,-0.0488051,0.333949,0.00752356,0.0563636,-0.1097220.633982,0.490692,1
2710,357.721,-1.67764,-0.489261,1.56664,-0.239276,-0.051257,0.341807,0.0077768,0.0563412,-0.1104230.633982,0.490692,1
2720,347.692,-1.67231,-0.487596,1.55903,-0.247652,-0.0536994,0.349622,0.00758998,0.056563,-0.1109520.633982,0.490692,1
2730,363.821,-1.66651,-0.485797,1.55121,-0.256001,-0.0561336,0.3574,0.00716005,0.0568209,-0.1110750.633982,0.490692,1
2740,383.646,-1.65865,-0.483331,1.54189,-0.264317,-0.0585572,0.365135,0.00708041,0.0569281,-0.1107330.633982,0.490692,1
2750,379.972,-1.65003,-0.480725,1.53217,-0.272591,-0.060968,0.372822,0.00732546,0.0569478,-0.1103290.633982,0.490692,1
2760,361.264,-1.64263,-0.478568,1.52398,-0.280824,-0.0633666,0.380463,0.00769571,0.0572073,-0.1098970.633982,0.490692,1
2770,340.991,-1.63701,-0.476881,1.51767,-0.289023,-0.0657554,0.388068,0.00787828,0.0577961,-0.1094160.633982,0.490692,1
2780,325.066,-1.63337,-0.475772,1.51329,-0.2972,-0.0681371,0.395646,0.00826434,0.0582199,-0.1088180.63417,0.490697,1
2790,310.046,-1.63134,-0.475123,1.51064,-0.305361,-0.0705143,0.403205,0.00882232,0.0579731,-0.1083370.634513,0.490713,1
2800,298.608,-1.63108,-0.474968,1.50982,-0.313517,-0.0728894,0.410756,0.00938447,0.0572658,-0.1078180.634849,0.490733,1
2810,307.475,-1.63092,-0.474898,1.50929,-0.321672,-0.0752642,0.418304,0.00957493,0.0567215,-0.1071740.635104,0.490753,1
2820,323.584,-1.62877,-0.474251,1.50697,-0.329823,-0.0776375,0.425846,0.0100025,0.0566218,-0.106540.635219,0.490764,1
2830,321.834,-1.6257,-0.473341,1.50395,-0.33796,-0.0800067,0.433374,0.0107422,0.0569075,-0.1062050.635403,0.490784,1
2840,304.894,-1.62406,-0.472849,1.50228,-0.346084,-0.082372,0.440889,0.0116345,0.0573164,-0.1059350.635798,0.490835,1
2850,286.492,-1.62477,-0.473056,1.50294,-0.354204,-0.0847364,0.448401,0.0122328,0.0574718,-0.1056150.636273,0.490903,1
2860,283.986,-1.62716,-0.473751,1.50515,-0.362334,-0.0871032,0.455921,0.012859,0.0573153,-0.1054690.636607,0.490959,1
2870,296.064,-1.62848,-0.474136,1.50637,-0.370473,-0.0894731,0.46345,0.0130521,0.0573752,-0.1056670.636853,0.491005,1
2880,304.762,-1.62825,-0.474069,1.50616,-0.378615,-0.0918437,0.470982,0.0127907,0.057839,-0.1059340.637249,0.491087,1
2890,308.28,-1.62727,-0.473785,1.50525,-0.386755,-0.0942135,0.47851,0.012431,0.0582877,-0.1059950.637835,0.491217,1
2900,306.813,-1.62616,-0.473461,1.50423,-0.394888,-0.0965816,0.486034,0.0127847,0.0584049,-0.1059250.638477,0.491369,1
2910,302.5,-1.6256,-0.473296,1.5037,-0.403018,-0.0989485,0.493554,0.0131857,0.0586484,-0.1059860.639094,0.491525,1
2920,314.058,-1.62455,-0.472991,1.50273,-0.411144,-0.101314,0.501071,0.0132132,0.0593564,-0.1062780.639722,0.491692,1
2930,327.236,-1.62176,-0.47218,1.50015,-0.419261,-0.103678,0.508579,0.0130694,0.0602193,-0.1067970.640446,0.491895,1
2940,340.241,-1.61757,-0.47096,1.49628,-0.427361,-0.106036,0.516072,0.0135771,0.0605749,-0.1076940.641287,0.492142,1
2950,347.1,-1.61223,-0.469405,1.49134,-0.435437,-0.108387,0.523542,0.014255,0.0603918,-0.1089010.642157,0.492404,1
2960,339.307,-1.60707,-0.467902,1.48656,-0.443486,-0.110731,0.530988,0.0146221,0.0599868,-0.1101520.643021,0.492667,1
2970,332.752,-1.60288,-0.466683,1.48269,-0.451512,-0.113068,0.538412,0.0145982,0.059651,-0.1113250.643907,0.492943,1
2980,332.689,-1.59883,-0.465503,1.47894,-0.459517,-0.115398,0.545817,0.0147306,0.0594907,-0.1127520.644701,0.493198,1
2990,323.373,-1.59548,-0.464528,1.47584,-0.467503,-0.117724,0.553204,0.0150352,0.0595316,-0.1143110.645247,0.493385,1
