step,T,sn_vel[0],sn_vel[1],sn_vel[2],sn_crd[0],sn_crd[1],sn_crd[2],target_crd[0],target_crd[1],target_crd[2],boundary[0],boundary[1],boundary[2]
0,0.0167949,0,0,0,-3.60337e-008,4.33488e-009,0.981818,-6.01709e-005,0.0557328,-0.03684360.63608,0.50321,1
10,2.20879,0,0,0,-3.60337e-008,4.33488e-009,0.981818,-8.65808e-005,0.0557083,-0.03685290.636203,0.503254,1
20,2.56694,0,0,0,-3.60337e-008,4.33488e-009,0.981818,-0.000101663,0.0556509,-0.03688390.636353,0.503298,1
30,3.2049,0,0,0,-3.60337e-008,4.33488e-009,0.981818,-6.79173e-005,0.0555879,-0.0369710.636358,0.503299,1
40,3.4,0,0,0,-3.60337e-008,4.33488e-009,0.981818,-0.000109129,0.0555919,-0.03705070.636528,0.503334,1
50,3.29358,0,0,0,-3.60337e-008,4.33488e-009,0.981818,-0.000184695,0.0556232,-0.03711690.63671,0.503364,1
60,3.01373,0,0,0,-3.60337e-008,4.33488e-009,0.981818,-0.000194804,0.0556445,-0.03717750.636968,0.503399,1
70,3.12922,0,0,0,-3.60337e-008,4.33488e-009,0.981818,-0.000151445,0.055647,-0.03726330.637144,0.503417,1
80,2.87445,0,0,0,-3.60337e-008,4.33488e-009,0.981818,-0.000167969,0.0556487,-0.03734930.637376,0.503432,1
90,2.80279,0,0,0,-3.60337e-008,4.33488e-009,0.981818,-0.000212941,0.0556392,-0.03743460.637572,0.503437,1
100,2.66171,0,0,0,-3.60337e-008,4.33488e-009,0.981818,-0.000227103,0.0556253,-0.03750910.637726,0.503435,1
110,11.5907,0,0,0,-3.60337e-008,4.33488e-009,0.981818,-0.000228693,0.0555932,-0.03762270.637988,0.503421,1
120,18.3598,0,0,0,-3.60337e-008,4.33488e-009,0.981818,-0.000278559,0.055565,-0.03774750.638292,0.503396,1
130,22.6547,0,0,0,-3.60337e-008,4.33488e-009,0.981818,-0.000287405,0.0555493,-0.03788430.63856,0.503365,1
140,25.3179,0,0,0,-3.60337e-008,4.33488e-009,0.981818,-0.000226487,0.0555298,-0.03806830.638869,0.50332,1
150,26.754,0,0,0,-3.60337e-008,4.33488e-009,0.981818,-0.00024267,0.0555127,-0.03830410.6392,0.503262,1
160,27.4065,0,0,0,-3.60337e-008,4.33488e-009,0.981818,-0.000361932,0.0555462,-0.03851080.639476,0.503206,1
170,27.4518,0,0,0,-3.60337e-008,4.33488e-009,0.981818,-0.000380709,0.05558,-0.03868580.639711,0.503151,1
180,27.3488,0,0,0,-3.60337e-008,4.33488e-009,0.981818,-0.000255079,0.0555365,-0.03891220.639922,0.503094,1
190,26.5993,0,0,0,-3.60337e-008,4.33488e-009,0.981818,-0.000139141,0.0554566,-0.03923230.640082,0.503046,1
200,25.9886,0,0,0,-3.60337e-008,4.33488e-009,0.981818,-5.66892e-005,0.055411,-0.03959540.640207,0.503004,1
210,34.1025,0,0,0,-3.60337e-008,4.33488e-009,0.981818,6.14997e-005,0.0553737,-0.04003830.640306,0.502968,1
220,39.2735,0,0,0,-3.60337e-008,4.33488e-009,0.981818,0.000149373,0.0553199,-0.04061580.640335,0.502956,1
230,42.266,0,0,0,-3.60337e-008,4.33488e-009,0.981818,0.000102772,0.0552982,-0.04127520.640335,0.502956,1
240,43.2925,0,0,0,-3.60337e-008,4.33488e-009,0.981818,1.35172e-005,0.0553129,-0.04196020.640335,0.502956,1
250,43.5846,0,0,0,-3.60337e-008,4.33488e-009,0.981818,-5.18151e-005,0.0553282,-0.04271470.640335,0.502956,1
260,43.2145,0,0,0,-3.60337e-008,4.33488e-009,0.981818,-0.000113219,0.0553085,-0.0436030.640343,0.502952,1
270,42.2879,0,0,0,-3.60337e-008,4.33488e-009,0.981818,-0.000172347,0.0552756,-0.04452460.64037,0.502936,1
280,41.8874,0,0,0,-3.60337e-008,4.33488e-009,0.981818,-5.61835e-005,0.0552485,-0.04537060.640384,0.502927,1
290,41.2775,0,0,0,-3.60337e-008,4.33488e-009,0.981818,0.000239825,0.0552334,-0.04618510.640384,0.502927,1
300,41.0966,0,0,0,-3.60337e-008,4.33488e-009,0.981818,0.000540544,0.055185,-0.04714840.640384,0.502927,1
310,50.7958,0,0,0,-3.60337e-008,4.33488e-009,0.981818,0.000678271,0.0551597,-0.04825160.640384,0.502927,1
320,56.4008,0,0,0,-3.60337e-008,4.33488e-009,0.981818,0.000792882,0.0551822,-0.04935880.640384,0.502927,1
330,60.396,0,0,0,-3.60337e-008,4.33488e-009,0.981818,0.000873655,0.0551893,-0.05047040.640384,0.502927,1
340,63.7788,0,0,0,-3.60337e-008,4.33488e-009,0.981818,0.000847328,0.0550928,-0.05176090.640384,0.502927,1
350,67.0174,0,0,0,-3.60337e-008,4.33488e-009,0.981818,0.00076089,0.0549962,-0.05304640.640384,0.502927,1
360,70.473,0,0,0,-3.60337e-008,4.33488e-009,0.981818,0.000820145,0.0549449,-0.05424660.640384,0.502927,1
370,75.5602,0,0,0,-3.60337e-008,4.33488e-009,0.981818,0.000808498,0.0549913,-0.055520.640384,0.502927,1
380,79.4457,0,0,0,-3.60337e-008,4.33488e-009,0.981818,0.000617286,0.0550993,-0.05696430.640384,0.502927,1
390,84.5567,0,0,0,-3.60337e-008,4.33488e-009,0.981818,0.000379789,0.0551983,-0.05818480.640384,0.502927,1
400,87.5975,0,0,0,-3.60337e-008,4.33488e-009,0.981818,0.000254116,0.0552083,-0.05909080.640384,0.502927,1
410,98.0301,0,0,0,-3.60337e-008,4.33488e-009,0.981818,0.000109022,0.055295,-0.05995290.640484,0.502835,1
420,105.412,0,0,0,-3.60337e-008,4.33488e-009,0.981818,4.72643e-005,0.0554642,-0.06095690.640563,0.50276,1
430,111.788,0,0,0,-3.60337e-008,4.33488e-009,0.981818,0.000107235,0.055591,-0.06171880.640641,0.502684,1
440,115.109,0,0,0,-3.60337e-008,4.33488e-009,0.981818,0.000176336,0.0555794,-0.06207230.640794,0.502529,1
450,119.463,0,0,0,-3.60337e-008,4.33488e-009,0.981818,0.000100408,0.0555527,-0.06224110.640911,0.502407,1
460,121.473,0,0,0,-3.60337e-008,4.33488e-009,0.981818,2.54246e-005,0.0554802,-0.062460.641013,0.502299,1
470,123.032,0,0,0,-3.60337e-008,4.33488e-009,0.981818,-4.23131e-005,0.0553539,-0.06242110.641148,0.50215,1
480,124.941,0,0,0,-3.60337e-008,4.33488e-009,0.981818,-0.00018416,0.055221,-0.06202050.641235,0.502051,1
490,124.532,0,0,0,-3.60337e-008,4.33488e-009,0.981818,-0.000376479,0.0552125,-0.06152430.641297,0.501977,1
500,124.389,0,0,0,-3.60337e-008,4.33488e-009,0.981818,-0.000362818,0.0552277,-0.06102860.641422,0.501825,1
510,132.931,0,0,0,-3.60337e-008,4.33488e-009,0.981818,-9.81938e-005,0.0551325,-0.0602190.641539,0.501675,1
520,137.533,0,0,0,-3.60337e-008,4.33488e-009,0.981818,0.000182496,0.0549559,-0.05922190.641634,0.501548,1
530,138.634,0,0,0,-3.60337e-008,4.33488e-009,0.981818,0.000307291,0.0549366,-0.05843590.6418,0.501316,1
540,137.68,0,0,0,-3.60337e-008,4.33488e-009,0.981818,0.000339841,0.0550286,-0.0577940.641978,0.501057,1
550,137.448,0,0,0,-3.60337e-008,4.33488e-009,0.981818,0.000230648,0.0550189,-0.05684740.642079,0.500896,1
560,137.188,0,0,0,-3.60337e-008,4.33488e-009,0.981818,-9.11961e-005,0.0549719,-0.05564020.642184,0.500718,1
570,137.834,0,0,0,-3.60337e-008,4.33488e-009,0.981818,-0.000346607,0.0550879,-0.05465470.642277,0.500547,1
580,139.123,0,0,0,-3.60337e-008,4.33488e-009,0.981818,-0.000297282,0.0552086,-0.05406750.642315,0.500462,1
590,140.132,0,0,0,-3.60337e-008,4.33488e-009,0.981818,-0.000176361,0.0551582,-0.05348290.642375,0.500319,1
600,141.656,0,0,0,-3.60337e-008,4.33488e-009,0.981818,-0.000167405,0.0551258,-0.05265960.642453,0.500116,1
610,151.884,0,0,0,-3.60337e-008,4.33488e-009,0.981818,-4.41393e-005,0.0551746,-0.05185620.642519,0.499943,1
620,157.367,0,0,0,-3.60337e-008,4.33488e-009,0.981818,0.000175898,0.0550965,-0.0512490.642592,0.499733,1
630,161.787,0,0,0,-3.60337e-008,4.33488e-009,0.981818,0.000162365,0.0549254,-0.05056490.642675,0.499481,1
640,165.881,0,0,0,-3.60337e-008,4.33488e-009,0.981818,-3.82432e-005,0.0550005,-0.04967310.642738,0.499271,1
650,170.144,0,0,0,-3.60337e-008,4.33488e-009,0.981818,-6.95179e-005,0.0552383,-0.04883190.642775,0.499133,1
660,171.842,0,0,0,-3.60337e-008,4.33488e-009,0.981818,-8.4231e-005,0.0553378,-0.04805880.642775,0.499133,1
670,173.764,0,0,0,-3.60337e-008,4.33488e-009,0.981818,-0.000300307,0.0552917,-0.04702880.642775,0.499133,1
680,170.361,0,0,0,-3.60337e-008,4.33488e-009,0.981818,-0.000423637,0.055359,-0.04575090.642775,0.499133,1
690,170.266,0,0,0,-3.60337e-008,4.33488e-009,0.981818,-0.000197857,0.055394,-0.04461260.642775,0.499133,1
700,169.924,0,0,0,-3.60337e-008,4.33488e-009,0.981818,-9.34515e-005,0.0552026,-0.04362170.642775,0.499133,1
710,179.114,0,0,0,-3.60337e-008,4.33488e-009,0.981818,-0.000323934,0.0548772,-0.04231140.642775,0.499133,1
720,187.992,0,0,0,-3.60337e-008,4.33488e-009,0.981818,-0.00047936,0.0547557,-0.04051910.642775,0.499133,1
730,194.138,0,0,0,-3.60337e-008,4.33488e-009,0.981818,-0.000346643,0.0546811,-0.03868330.642775,0.499133,1
740,198.783,0,0,0,-3.60337e-008,4.33488e-009,0.981818,-0.000339279,0.0545197,-0.03707340.642775,0.499133,1
750,203.933,0,0,0,-3.60337e-008,4.33488e-009,0.981818,-0.000515885,0.0544844,-0.03547690.642775,0.499133,1
760,210.178,0,0,0,-3.60337e-008,4.33488e-009,0.981818,-0.000631473,0.0547574,-0.0337540.642775,0.499133,1
770,215.01,0,0,0,-3.60337e-008,4.33488e-009,0.981818,-0.00075074,0.0548315,-0.03218170.642775,0.499133,1
780,220.72,0,0,0,-3.60337e-008,4.33488e-009,0.981818,-0.00113745,0.0546678,-0.03087870.642775,0.499133,1
790,224.96,0,0,0,-3.60337e-008,4.33488e-009,0.981818,-0.00155802,0.0547693,-0.02964470.642775,0.499133,1
800,226.066,0,0,0,-3.60337e-008,4.33488e-009,0.981818,-0.00173445,0.0551795,-0.02837830.642775,0.499133,1
810,236.021,0,0,0,-3.60337e-008,4.33488e-009,0.981818,-0.00184929,0.0552131,-0.02729280.642775,0.499133,1
820,240.484,0,0,0,-3.60337e-008,4.33488e-009,0.981818,-0.00215072,0.0549476,-0.02643570.642775,0.499133,1
830,238.583,0,0,0,-3.60337e-008,4.33488e-009,0.981818,-0.00235868,0.0548415,-0.02566740.642775,0.499133,1
840,234.841,0,0,0,-3.60337e-008,4.33488e-009,0.981818,-0.00223505,0.0548735,-0.02502770.642775,0.499133,1
850,223.392,0,0,0,-3.60337e-008,4.33488e-009,0.981818,-0.00199027,0.054653,-0.02476710.642775,0.499133,1
860,210.535,0,0,0,-3.60337e-008,4.33488e-009,0.981818,-0.00180611,0.0544239,-0.02477340.642775,0.499133,1
870,199.108,0,0,0,-3.60337e-008,4.33488e-009,0.981818,-0.00152833,0.0543737,-0.02474480.642725,0.498932,1
880,189.713,0,0,0,-3.60337e-008,4.33488e-009,0.981818,-0.00114061,0.0543777,-0.02468470.642651,0.498664,1
890,183.461,0,0,0,-3.60337e-008,4.33488e-009,0.981818,-0.000760161,0.0543426,-0.02487790.642582,0.498442,1
900,183.364,0,0,0,-3.60337e-008,4.33488e-009,0.981818,-0.000363201,0.0545446,-0.02534260.642512,0.49824,1
910,187.266,0,0,0,-3.60337e-008,4.33488e-009,0.981818,7.75346e-005,0.0549007,-0.02593790.642402,0.49793,1
920,189.494,0,0,0,-3.60337e-008,4.33488e-009,0.981818,0.000376258,0.0552598,-0.02661480.642351,0.49781,1
930,185.744,0,0,0,-3.60337e-008,4.33488e-009,0.981818,0.000292408,0.0555875,-0.02737860.642351,0.49781,1
940,187.383,0,0,0,-3.60337e-008,4.33488e-009,0.981818,-6.30236e-005,0.0559525,-0.0280720.642351,0.49781,1
950,194.459,0,0,0,-3.60337e-008,4.33488e-009,0.981818,-0.00028281,0.0562812,-0.02861640.642301,0.497589,1
960,212.829,0,0,0,-3.60337e-008,4.33488e-009,0.981818,-6.29299e-005,0.0565806,-0.02912070.642297,0.497565,1
970,229.808,0,0,0,-3.60337e-008,4.33488e-009,0.981818,0.000142571,0.0567547,-0.02963040.642252,0.497281,1
980,247.711,0,0,0,-3.60337e-008,4.33488e-009,0.981818,-2.97496e-005,0.0567561,-0.03001920.642247,0.497257,1
990,255.86,0,0,0,-3.60337e-008,4.33488e-009,0.981818,-0.000229621,0.0566603,-0.03021060.642247,0.497257,1
1000,257.38,0,0,0,-3.60337e-008,4.33488e-009,0.981818,-9.43668e-005,0.0565543,-0.03034320.642077,0.497382,1
1010,240.046,0,0,0,-3.60337e-008,4.33488e-009,0.981818,-7.02607e-005,0.0563642,-0.03043980.641772,0.497511,1
1020,224.462,0,0,0,-3.60337e-008,4.33488e-009,0.981818,-0.000423747,0.0559883,-0.03050420.641573,0.497615,1
1030,210.286,0,0,0,-3.60337e-008,4.33488e-009,0.981818,-0.000828973,0.0554946,-0.03043690.64139,0.497744,1
1040,203.754,0,0,0,-3.60337e-008,4.33488e-009,0.981818,-0.00112539,0.0549341,-0.03035860.641238,0.497836,1
1050,208.039,0,0,0,-3.60337e-008,4.33488e-009,0.981818,-0.00155633,0.0544702,-0.0302650.641234,0.497839,1
1060,222.703,0,0,0,-3.60337e-008,4.33488e-009,0.981818,-0.0019962,0.0542516,-0.03040150.641231,0.497846,1
1070,248.239,0,0,0,-3.60337e-008,4.33488e-009,0.981818,-0.00208571,0.0542774,-0.0307040.641191,0.497939,1
1080,281.724,0,0,0,-3.60337e-008,4.33488e-009,0.981818,-0.00205403,0.0542049,-0.03115320.64115,0.498081,1
1090,309.102,0,0,0,-3.60337e-008,4.33488e-009,0.981818,-0.00230689,0.0540464,-0.03136270.641148,0.498097,1
1100,316.018,0,0,0,-3.60337e-008,4.33488e-009,0.981818,-0.00241974,0.0539507,-0.03133260.641148,0.498097,1
1110,320.721,0,0,0,-3.60337e-008,4.33488e-009,0.981818,-0.00192357,0.0539388,-0.03085580.641148,0.498097,1
1120,305.511,0,0,0,-3.60337e-008,4.33488e-009,0.981818,-0.00145953,0.0537701,-0.03000920.641148,0.498097,1
1130,301.975,0,0,0,-3.60337e-008,4.33488e-009,0.981818,-0.00135847,0.0538429,-0.02868620.641148,0.498097,1
1140,299.171,0,0,0,-3.60337e-008,4.33488e-009,0.981818,-0.000975591,0.0542531,-0.02721050.641148,0.498097,1
1150,298.693,0,0,0,-3.60337e-008,4.33488e-009,0.981818,-0.000212918,0.0547085,-0.02558890.641148,0.498097,1
1160,295.444,0,0,0,-3.60337e-008,4.33488e-009,0.981818,0.000184222,0.0550353,-0.02395460.641148,0.498097,1
1170,292.939,0,0,0,-3.60337e-008,4.33488e-009,0.981818,0.000366831,0.0557175,-0.0223560.641148,0.498097,1
1180,283.797,0,0,0,-3.60337e-008,4.33488e-009,0.981818,0.000649486,0.0564359,-0.02103770.641148,0.498097,1
1190,279.505,0,0,0,-3.60337e-008,4.33488e-009,0.981818,0.000668075,0.0567681,-0.01985010.641143,0.498109,1
1200,278.786,0,0,0,-3.60337e-008,4.33488e-009,0.981818,0.000160716,0.056991,-0.01863260.641063,0.49821,1
1210,277.806,0,0,0,-3.60337e-008,4.33488e-009,0.981818,-0.000357806,0.0576096,-0.01751330.641038,0.498216,1
1220,286.5,0,0,0,-3.60337e-008,4.33488e-009,0.981818,-0.000912222,0.0580094,-0.016670.640908,0.498188,1
1230,299.332,0,0,0,-3.60337e-008,4.33488e-009,0.981818,-0.00186909,0.0578025,-0.01607760.640908,0.498188,1
1240,306.901,0,0,0,-3.60337e-008,4.33488e-009,0.981818,-0.00306047,0.0574465,-0.01551560.640908,0.498188,1
1250,303.114,0,0,0,-3.60337e-008,4.33488e-009,0.981818,-0.00379849,0.0572551,-0.01499470.640908,0.498188,1
1260,292.593,0,0,0,-3.60337e-008,4.33488e-009,0.981818,-0.00411992,0.0569734,-0.01452120.640908,0.498188,1
1270,282.042,0,0,0,-3.60337e-008,4.33488e-009,0.981818,-0.00456247,0.056699,-0.01437690.640908,0.498188,1
1280,284.432,0,0,0,-3.60337e-008,4.33488e-009,0.981818,-0.00512391,0.0567105,-0.01442450.640908,0.498188,1
1290,283.137,0,0,0,-3.60337e-008,4.33488e-009,0.981818,-0.00496487,0.0567503,-0.01463050.640897,0.498219,1
1300,285.814,0,0,0,-3.60337e-008,4.33488e-009,0.981818,-0.00405707,0.0563793,-0.01475040.64098,0.498435,1
1310,280.364,0,0,0,-3.60337e-008,4.33488e-009,0.981818,-0.00325339,0.0556883,-0.01470970.64088,0.498459,1
1320,272.741,0,0,0,-3.60337e-008,4.33488e-009,0.981818,-0.00287512,0.0553706,-0.01431670.640759,0.498379,1
1330,261.054,0,0,0,-3.60337e-008,4.33488e-009,0.981818,-0.00248377,0.0555593,-0.01399730.640743,0.49836,1
1340,254.26,0,0,0,-3.60337e-008,4.33488e-009,0.981818,-0.00228306,0.0559889,-0.0139560.640635,0.498259,1
1350,253.573,0,0,0,-3.60337e-008,4.33488e-009,0.981818,-0.0024773,0.0565569,-0.01424710.640635,0.498259,1
1360,264.65,0,0,0,-3.60337e-008,4.33488e-009,0.981818,-0.00272211,0.0575723,-0.01449040.640635,0.498259,1
1370,289.172,0,0,0,-3.60337e-008,4.33488e-009,0.981818,-0.00286174,0.0585919,-0.01478250.640635,0.498259,1
1380,313.793,0,0,0,-3.60337e-008,4.33488e-009,0.981818,-0.00327625,0.0592577,-0.01516960.640635,0.498259,1
1390,329.591,0,0,0,-3.60337e-008,4.33488e-009,0.981818,-0.00381911,0.059721,-0.01563060.640635,0.498259,1
1400,344.802,0,0,0,-3.60337e-008,4.33488e-009,0.981818,-0.00393185,0.0602223,-0.0158270.640635,0.498259,1
1410,363.863,0,0,0,-3.60337e-008,4.33488e-009,0.981818,-0.00371043,0.0602182,-0.01601070.640635,0.498259,1
1420,369.825,0,0,0,-3.60337e-008,4.33488e-009,0.981818,-0.00362401,0.0596257,-0.01635240.640635,0.498259,1
1430,375.917,0,0,0,-3.60337e-008,4.33488e-009,0.981818,-0.00370987,0.05858,-0.01709220.640635,0.498259,1
1440,365.483,0,0,0,-3.60337e-008,4.33488e-009,0.981818,-0.00367009,0.0571218,-0.01829440.640635,0.498259,1
1450,351.11,0,0,0,-3.60337e-008,4.33488e-009,0.981818,-0.0033839,0.055398,-0.02006350.640635,0.498259,1
1460,320.97,0,0,0,-3.60337e-008,4.33488e-009,0.981818,-0.00307463,0.0541882,-0.02213310.640559,0.498367,1
1470,296.964,0,0,0,-3.60337e-008,4.33488e-009,0.981818,-0.00299547,0.0535281,-0.0242160.640559,0.498367,1
1480,279.308,0,0,0,-3.60337e-008,4.33488e-009,0.981818,-0.00300867,0.0531122,-0.02611730.640559,0.498367,1
1490,277.177,0,0,0,-3.60337e-008,4.33488e-009,0.981818,-0.00279691,0.0529847,-0.02808250.640415,0.498131,1
1500,271.411,0,0,0,-3.60337e-008,4.33488e-009,0.981818,-0.00241411,0.0534376,-0.03023840.640334,0.497952,1
1510,272.027,0,0,0,-3.60337e-008,4.33488e-009,0.981818,-0.00217777,0.054018,-0.0324070.64014,0.49762,1
1520,290.114,0,0,0,-3.60337e-008,4.33488e-009,0.981818,-0.00217277,0.0544145,-0.03440690.639939,0.497321,1
1530,309.415,0,0,0,-3.60337e-008,4.33488e-009,0.981818,-0.00226449,0.0547519,-0.03653540.63977,0.497049,1
1540,322.659,0,0,0,-3.60337e-008,4.33488e-009,0.981818,-0.00249091,0.0552068,-0.03900990.639583,0.496759,1
1550,333.286,0,0,0,-3.60337e-008,4.33488e-009,0.981818,-0.00271838,0.055371,-0.0414250.639477,0.496605,1
1560,337.312,0,0,0,-3.60337e-008,4.33488e-009,0.981818,-0.00250643,0.0552858,-0.04347380.639468,0.496582,1
1570,339.103,0,0,0,-3.60337e-008,4.33488e-009,0.981818,-0.00203877,0.0553083,-0.04541550.639415,0.496423,1
1580,345.442,0,0,0,-3.60337e-008,4.33488e-009,0.981818,-0.00201906,0.0553403,-0.04736930.639404,0.496401,1
1590,352.647,0,0,0,-3.60337e-008,4.33488e-009,0.981818,-0.00221201,0.0549522,-0.04875290.639315,0.496242,1
1600,361.767,0,0,0,-3.60337e-008,4.33488e-009,0.981818,-0.00197492,0.0544798,-0.04944140.639231,0.496103,1
1610,376.445,0,0,0,-3.60337e-008,4.33488e-009,0.981818,-0.00181029,0.0542853,-0.04991690.639089,0.495881,1
1620,383.241,0,0,0,-3.60337e-008,4.33488e-009,0.981818,-0.00244058,0.0540295,-0.05043590.638913,0.495619,1
1630,373.869,0,0,0,-3.60337e-008,4.33488e-009,0.981818,-0.00340457,0.0536218,-0.05047130.638625,0.495213,1
1640,358.928,0,0,0,-3.60337e-008,4.33488e-009,0.981818,-0.0042668,0.0534502,-0.04994810.638367,0.494868,1
1650,341.905,0,0,0,-3.60337e-008,4.33488e-009,0.981818,-0.00521965,0.0535585,-0.0495460.638205,0.494674,1
1660,334.013,0,0,0,-3.60337e-008,4.33488e-009,0.981818,-0.00596949,0.0536443,-0.04981430.637968,0.494396,1
1670,329.022,0,0,0,-3.60337e-008,4.33488e-009,0.981818,-0.00574406,0.0539057,-0.05016830.637744,0.494132,1
1680,324.302,0,0,0,-3.60337e-008,4.33488e-009,0.981818,-0.00497312,0.0544041,-0.05023010.637729,0.494112,1
1690,308.828,0,0,0,-3.60337e-008,4.33488e-009,0.981818,-0.00461407,0.0549295,-0.05034190.637606,0.493927,1
1700,295.755,0,0,0,-3.60337e-008,4.33488e-009,0.981818,-0.00444297,0.055341,-0.05079160.637606,0.493927,1
1710,287.696,0,0,0,-3.60337e-008,4.33488e-009,0.981818,-0.00372677,0.0557522,-0.0510330.637606,0.493927,1
1720,277.121,0,0,0,-3.60337e-008,4.33488e-009,0.981818,-0.00288914,0.0558463,-0.05094230.637606,0.493927,1
1730,271.11,0,0,0,-3.60337e-008,4.33488e-009,0.981818,-0.00252788,0.0555353,-0.05110310.637606,0.493927,1
1740,269.6,0,0,0,-3.60337e-008,4.33488e-009,0.981818,-0.00227551,0.0550529,-0.05189540.637606,0.493927,1
1750,272.838,0,0,0,-3.60337e-008,4.33488e-009,0.981818,-0.00185313,0.0547567,-0.05256840.637606,0.493927,1
1760,287.165,0,0,0,-3.60337e-008,4.33488e-009,0.981818,-0.00160421,0.0547301,-0.05263490.637119,0.493663,1
1770,297.186,0,0,0,-3.60337e-008,4.33488e-009,0.981818,-0.00155826,0.0550291,-0.0528230.63665,0.493417,1
1780,305.386,0,0,0,-3.60337e-008,4.33488e-009,0.981818,-0.00138006,0.0552178,-0.05395390.636106,0.493145,1
1790,307.29,0,0,0,-3.60337e-008,4.33488e-009,0.981818,-0.00126422,0.0547403,-0.05528620.635428,0.492814,1
1800,301.581,0,0,0,-3.60337e-008,4.33488e-009,0.981818,-0.00140882,0.0536034,-0.05604250.634862,0.49254,1
1810,300.123,0,0,0,-3.60337e-008,4.33488e-009,0.981818,-0.00143244,0.0525561,-0.05656860.634311,0.49227,1
1820,315.532,0,0,0,-3.60337e-008,4.33488e-009,0.981818,-0.000961034,0.0522147,-0.05726260.633763,0.492001,1
1830,333.744,0,0,0,-3.60337e-008,4.33488e-009,0.981818,-0.000550246,0.0525005,-0.05749180.633501,0.491883,1
1840,349.804,0,0,0,-3.60337e-008,4.33488e-009,0.981818,-0.000579587,0.0530279,-0.057240.633478,0.491873,1
1850,339.264,0,0,0,-3.60337e-008,4.33488e-009,0.981818,-0.000758115,0.053464,-0.0573650.633233,0.491778,1
1860,311.797,0,0,0,-3.60337e-008,4.33488e-009,0.981818,-0.000864696,0.0535969,-0.05816370.633086,0.491723,1
1870,271.031,0,0,0,-3.60337e-008,4.33488e-009,0.981818,-0.00141083,0.0532167,-0.0588290.633062,0.491715,1
1880,235.256,0,0,0,-3.60337e-008,4.33488e-009,0.981818,-0.00226694,0.0525172,-0.05899070.633039,0.491708,1
1890,213.843,0,0,0,-3.60337e-008,4.33488e-009,0.981818,-0.00279536,0.0518443,-0.05903010.633039,0.491708,1
1900,220.618,0,0,0,-3.60337e-008,4.33488e-009,0.981818,-0.00287564,0.0513706,-0.05919690.633039,0.491708,1
1910,247.26,0,0,0,-3.60337e-008,4.33488e-009,0.981818,-0.00295151,0.0509724,-0.05894940.633039,0.491708,1
1920,278.073,0,0,0,-3.60337e-008,4.33488e-009,0.981818,-0.00284015,0.0508588,-0.0579420.633039,0.491708,1
1930,296.221,0,0,0,-3.60337e-008,4.33488e-009,0.981818,-0.00234354,0.0511347,-0.05661010.633039,0.491708,1
1940,313.421,0,0,0,-3.60337e-008,4.33488e-009,0.981818,-0.00168658,0.0514686,-0.0554990.633039,0.491708,1
1950,313.24,0,0,0,-3.60337e-008,4.33488e-009,0.981818,-0.00111285,0.0515983,-0.05438660.633039,0.491708,1
1960,294.095,0,0,0,-3.60337e-008,4.33488e-009,0.981818,-0.000562858,0.051973,-0.05317750.633039,0.491708,1
1970,267.633,0,0,0,-3.60337e-008,4.33488e-009,0.981818,-6.26614e-006,0.0528375,-0.05209120.633039,0.491708,1
1980,237.54,0,0,0,-3.60337e-008,4.33488e-009,0.981818,0.000295168,0.0538439,-0.05108110.633039,0.491708,1
1990,231.617,0,0,0,-3.60337e-008,4.33488e-009,0.981818,5.52685e-006,0.0546228,-0.04967690.633039,0.491708,1
2000,1552.11,0,0,-9.38098,-0.000657842,0.0551144,0.977118,-0.000732493,0.05516,-0.04799950.633141,0.492366,1
2010,1527.91,0,0,-9.19335,-0.000657842,0.0551144,0.930637,-0.00124327,0.0555317,-0.04653920.633329,0.492726,1
2020,1508.92,0,0,-9.01,-0.000657842,0.0551144,0.885085,-0.00145195,0.0557039,-0.0454420.63372,0.493523,1
2030,1468.35,0,0,-8.83123,-0.000657842,0.0551144,0.840439,-0.00173308,0.0557898,-0.04424770.633981,0.494199,1
2040,1400.1,0,0,-8.65769,-0.000657842,0.0551144,0.796676,-0.00217163,0.0558555,-0.04299530.634119,0.494699,1
2050,1317.52,0,0,-8.49016,-0.000657842,0.0551144,0.753767,-0.00246273,0.0558324,-0.04214980.634189,0.495032,1
2060,1242.03,0,0,-8.32884,-0.000657842,0.0551144,0.711681,-0.00270949,0.0554177,-0.04170370.634242,0.49518,1
2070,1195.84,0,0,-8.17293,-0.000657842,0.0551144,0.67039,-0.00291188,0.0547277,-0.04094490.634304,0.495263,1
2080,1169.6,0,0,-8.0214,-0.000657842,0.0551144,0.629868,-0.00282712,0.0540896,-0.03969930.634333,0.495261,1
2090,1155.51,-3.50433e-007,-1.76264e-008,-7.87353,-0.000657842,0.0551144,0.590095,-0.00252688,0.0534651,-0.03846960.634333,0.495261,1
2100,1141.18,-9.02347e-006,-4.78135e-007,-7.7289,-0.000657864,0.0551144,0.551054,-0.00254127,0.0526736,-0.03739330.634511,0.495106,1
2110,1104.19,-2.45538e-005,-1.52319e-006,-7.58813,-0.00065794,0.0551144,0.512728,-0.00269118,0.0521285,-0.03610560.634653,0.495005,1
2120,1054.14,-0.000116193,-1.29899e-005,-7.45223,-0.000658258,0.0551143,0.475095,-0.00251401,0.052237,-0.03480270.634723,0.494962,1
2130,1011.33,-0.000390091,-3.91499e-005,-7.32147,-0.000659471,0.0551142,0.43813,-0.00233049,0.0526251,-0.03413460.634875,0.494881,1
2140,979.614,-0.000774463,-7.86885e-005,-7.19508,-0.000662361,0.0551139,0.401809,-0.0027412,0.052905,-0.03394080.634994,0.494829,1
2150,955.854,-0.000891897,-5.75857e-005,-7.0718,-0.000666861,0.0551135,0.366112,-0.0034285,0.0530037,-0.03358480.634994,0.494829,1
2160,926.399,0.00173995,0.000468598,-6.9479,-0.000667286,0.0551141,0.33103,-0.00383082,0.0530904,-0.03299620.634994,0.494829,1
2170,884.304,0.0204526,0.0032825,-6.8081,-0.000625051,0.0551218,0.296598,-0.00414313,0.0532353,-0.03271590.635049,0.49484,1
2180,841.287,0.112569,0.0148744,-6.59939,-0.000348421,0.0551606,0.263001,-0.00461069,0.0537334,-0.03266790.635209,0.494825,1
2190,776.727,0.45631,0.0532581,-6.20056,0.000909362,0.0553147,0.230865,-0.00498534,0.054537,-0.0323540.635423,0.4948,1
2200,722.156,1.24224,0.130188,-5.57609,0.00499251,0.0557618,0.201352,-0.00530751,0.0554971,-0.03167240.635703,0.494781,1
2210,728.029,2.08854,0.202425,-5.04989,0.0134447,0.0566086,0.174884,-0.00617729,0.0561648,-0.03123410.635992,0.494774,1
2220,730.959,2.55076,0.236399,-4.78505,0.0252172,0.0577209,0.150366,-0.00749967,0.0564807,-0.03105760.636597,0.494773,1
2230,699.387,2.72211,0.24786,-4.64775,0.0384938,0.0589375,0.126792,-0.00838486,0.0564068,-0.03085210.637342,0.494783,1
2240,648.71,2.7318,0.253512,-4.51798,0.0522029,0.0601927,0.10384,-0.00845201,0.0560893,-0.03077010.638013,0.4948,1
2250,579.637,2.49783,0.255311,-4.23151,0.0654409,0.0614686,0.0818352,-0.00826245,0.0553916,-0.03138370.63883,0.494826,1
2260,497.77,1.83182,0.24235,-3.61948,0.0764548,0.0627234,0.0620575,-0.00762798,0.0546162,-0.03253280.639951,0.494866,1
2270,444.796,0.978445,0.208631,-2.84346,0.0834424,0.0638586,0.0459072,-0.00599737,0.0539777,-0.03390170.641177,0.494914,1
2280,443.07,0.276398,0.144274,-2.15677,0.0865349,0.0647597,0.0334361,-0.00433118,0.053508,-0.03546120.642366,0.494967,1
2290,503.182,-0.494624,0.0300628,-1.45001,0.086089,0.0652241,0.02437,-0.00367896,0.0528031,-0.03747380.64346,0.495024,1
2300,528.716,-1.32802,-0.161815,-0.794475,0.0814489,0.064917,0.0188535,-0.00331171,0.0522725,-0.0396640.644356,0.495083,1
2310,521.443,-1.83534,-0.353101,-0.378652,0.0733384,0.0636163,0.0160213,-0.00248072,0.0521776,-0.04198280.644986,0.495135,1
2320,502.649,-1.86306,-0.501466,-0.173232,0.0639007,0.0614547,0.0147111,-0.00188097,0.0522699,-0.04468360.645276,0.495165,1
2330,458.819,-1.47431,-0.604288,-0.0930752,0.0553789,0.0586749,0.0140838,-0.00212242,0.0522799,-0.04792950.6453,0.495169,1
2340,420.464,-0.706034,-0.669234,-0.0863817,0.0497975,0.0554737,0.0136587,-0.00259703,0.0526313,-0.05083010.6453,0.495169,1
2350,425.042,0.130392,-0.721065,-0.105064,0.0484352,0.0520006,0.013178,-0.00291681,0.0534315,-0.05276050.6453,0.495169,1
2360,441.204,0.665302,-0.778466,-0.107261,0.0505739,0.0482495,0.0126374,-0.00334217,0.0542723,-0.05424890.6453,0.495169,1
2370,462.173,0.914244,-0.829102,-0.0895981,0.0546143,0.0442233,0.0121389,-0.00375598,0.0547784,-0.0560870.6453,0.495169,1
2380,439.49,1.01642,-0.859026,-0.0644404,0.0594827,0.0399911,0.0117524,-0.00377434,0.0550948,-0.05778870.6453,0.495169,1
2390,391.16,1.05409,-0.869645,-0.0362825,0.0646782,0.0356611,0.0114995,-0.00366071,0.0554224,-0.05868080.6453,0.495169,1
2400,336.664,1.06468,-0.865841,-0.00704958,0.0699832,0.0313163,0.0113907,-0.00376757,0.0557279,-0.05926530.6453,0.495169,1
2410,296.983,1.06454,-0.851876,0.0244797,0.0753093,0.0270179,0.0114332,-0.00411408,0.0560745,-0.0604950.6453,0.495169,1
2420,295,1.05921,-0.82938,0.0579266,0.0806206,0.0228114,0.0116382,-0.00462025,0.0565688,-0.0622570.6453,0.495169,1
2430,306.52,1.04856,-0.799365,0.0948116,0.0858923,0.0187369,0.0120184,-0.00538822,0.0569242,-0.06392170.6453,0.495169,1
2440,311.96,1.03266,-0.764663,0.136001,0.0910979,0.014825,0.0125932,-0.0063267,0.0566289,-0.06538350.6453,0.495169,1
2450,335.704,1.01076,-0.726046,0.1829,0.0962098,0.0110963,0.0133883,-0.00710959,0.0558262,-0.06664320.645409,0.495162,1
2460,372.049,0.981169,-0.684318,0.234047,0.101194,0.00756887,0.0144291,-0.00743503,0.0548735,-0.06733710.645622,0.495141,1
2470,409.089,0.943286,-0.641555,0.289256,0.10601,0.00425285,0.0157364,-0.00739091,0.0537381,-0.06741890.645794,0.495116,1
2480,425.858,0.897466,-0.596983,0.347166,0.110617,0.00115411,0.0173268,-0.00710187,0.0525165,-0.06759640.645794,0.495116,1
2490,405.587,0.844231,-0.547803,0.409761,0.114976,-0.00171153,0.0192168,-0.00656962,0.0517976,-0.06813170.645794,0.495116,1
2500,365.101,0.780799,-0.491775,0.48339,0.119045,-0.00431411,0.0214436,-0.0058179,0.0515729,-0.06842130.645794,0.495116,1
2510,325.057,0.701464,-0.430371,0.577186,0.12276,-0.00662133,0.0240853,-0.00532377,0.0514408,-0.06806190.645794,0.495116,1
2520,294.875,0.60017,-0.367719,0.696166,0.126024,-0.00861636,0.027258,-0.00525415,0.0514103,-0.06762270.645794,0.495116,1
2530,294.545,0.478113,-0.305481,0.837234,0.128727,-0.0102995,0.031084,-0.00536272,0.0517604,-0.06733050.645794,0.495116,1
2540,311.322,0.344779,-0.241919,0.990111,0.130786,-0.0116687,0.0356495,-0.00545805,0.0522798,-0.06672650.645794,0.495116,1
2550,356.16,0.209605,-0.178446,1.14559,0.132172,-0.0127186,0.0409901,-0.00588217,0.0529887,-0.06546690.645794,0.495116,1
2560,412.49,0.0802303,-0.121507,1.2952,0.132892,-0.0134644,0.0470977,-0.00683724,0.0541506,-0.06414470.645794,0.495116,1
2570,441.148,-0.037061,-0.0767845,1.43493,0.132994,-0.0139544,0.0539297,-0.00824875,0.0556465,-0.06326620.645794,0.495116,1
2580,446.059,-0.138354,-0.0454578,1.56385,0.132548,-0.0142553,0.0614362,-0.00954029,0.0567164,-0.06290280.645794,0.495116,1
2590,423.498,-0.218058,-0.021249,1.66693,0.131646,-0.0144206,0.0695306,-0.0102328,0.0571542,-0.06290870.645794,0.495116,1
2600,380.447,-0.274961,-0.0010825,1.73971,0.130404,-0.0144743,0.0780608,-0.0102615,0.0572107,-0.06353120.64582,0.495102,1
2610,360.635,-0.313831,0.0131653,1.79133,0.128926,-0.0144412,0.0868975,-0.0098324,0.0571178,-0.06451210.6463,0.49482,1
2620,362.325,-0.340443,0.0204763,1.82945,0.127285,-0.0143544,0.0959565,-0.0090895,0.056756,-0.06543350.647106,0.494319,1
2630,374.47,-0.357862,0.0237238,1.85379,0.125536,-0.0142429,0.105173,-0.00820007,0.0562006,-0.06621540.647882,0.49381,1
2640,369.356,-0.3679,0.0252459,1.86556,0.123718,-0.01412,0.114478,-0.0073753,0.0553686,-0.06755120.648431,0.493429,1
2650,362.461,-0.372796,0.0259812,1.86863,0.121864,-0.0139915,0.123819,-0.00678127,0.0541985,-0.06942390.648748,0.493193,1
2660,377.314,-0.374483,0.0258269,1.86555,0.119995,-0.0138617,0.133159,-0.00638566,0.0528577,-0.0712180.648748,0.493193,1
2670,411.926,-0.373543,0.0251064,1.85602,0.118123,-0.0137341,0.142468,-0.00618353,0.052072,-0.07239680.648748,0.493193,1
2680,436.065,-0.370531,0.023919,1.84159,0.116261,-0.0136113,0.151717,-0.00625615,0.0520633,-0.07336650.648748,0.493193,1
2690,427.974,-0.36625,0.0226541,1.82553,0.114418,-0.0134948,0.160888,-0.0065318,0.0524132,-0.0741850.648748,0.493193,1
2700,407.843,-0.361546,0.0213603,1.81004,0.112598,-0.0133848,0.16998,-0.00678723,0.0526464,-0.07455160.648748,0.493193,1
2710,387.618,-0.357004,0.0200494,1.79585,0.110801,-0.0132812,0.178997,-0.00695812,0.0529416,-0.07424260.648748,0.493193,1
2720,371.287,-0.353106,0.0188508,1.78333,0.109026,-0.013184,0.187947,-0.00712032,0.053422,-0.07396510.648748,0.493193,1
2730,353.693,-0.349904,0.0177655,1.77206,0.107268,-0.0130925,0.196836,-0.00727687,0.0541974,-0.07420850.648748,0.493193,1
2740,337.029,-0.347636,0.0168439,1.76267,0.105525,-0.013006,0.205674,-0.00750155,0.0553875,-0.07477040.648748,0.493193,1
2750,344.55,-0.346004,0.0160255,1.75361,0.10379,-0.0129239,0.214466,-0.00780465,0.0569809,-0.07520930.648748,0.493193,1
2760,371.028,-0.344256,0.0152314,1.74259,0.102064,-0.0128458,0.22321,-0.00801037,0.058242,-0.07558620.648748,0.493193,1
2770,403.547,-0.341999,0.0145604,1.72867,0.100348,-0.0127713,0.231892,-0.00783581,0.0586849,-0.0760360.648748,0.493193,1
2780,396.339,-0.339668,0.0139495,1.71403,0.0986433,-0.0127,0.240501,-0.00752193,0.0586987,-0.0764620.648748,0.493193,1
2790,365.131,-0.337836,0.0134155,1.70156,0.0969493,-0.0126316,0.24904,-0.00736935,0.0588795,-0.07697230.648748,0.493193,1
2800,342.687,-0.336691,0.0129316,1.69257,0.0952629,-0.0125658,0.257526,-0.00747461,0.0589989,-0.07790850.648748,0.493193,1
2810,335.382,-0.335804,0.0124778,1.68515,0.0935814,-0.0125022,0.265971,-0.00769308,0.0587206,-0.07940370.649051,0.492922,1
2820,327.912,-0.335048,0.0119868,1.67871,0.0919042,-0.0124411,0.274382,-0.00807297,0.0582401,-0.08091370.649349,0.492694,1
2830,300.438,-0.334712,0.0115427,1.67467,0.09023,-0.0123823,0.282764,-0.00843759,0.0577442,-0.08216940.649815,0.492375,1
2840,287.841,-0.335021,0.0111534,1.67415,0.0885558,-0.0123256,0.291135,-0.00867097,0.0570298,-0.08336820.650062,0.492227,1
2850,301.355,-0.335152,0.0107392,1.67326,0.0868803,-0.0122708,0.299504,-0.00873323,0.0560324,-0.08476590.650097,0.49221,1
2860,321.201,-0.33481,0.0103538,1.67014,0.0852051,-0.0122181,0.307864,-0.00877806,0.0550106,-0.08573880.650191,0.492173,1
2870,324.328,-0.334141,0.0100622,1.66572,0.0835325,-0.0121671,0.316204,-0.00861435,0.0540941,-0.08603120.650207,0.492168,1
2880,316.379,-0.333566,0.00980661,1.66181,0.0818632,-0.0121174,0.324523,-0.00823134,0.0535352,-0.08608630.650207,0.492168,1
2890,299.396,-0.333352,0.00965596,1.65988,0.080196,-0.0120688,0.332827,-0.00773363,0.0536702,-0.08665770.650207,0.492168,1
2900,280.09,-0.333623,0.00957769,1.66072,0.0785289,-0.0120207,0.341127,-0.00730988,0.0543526,-0.08760570.650207,0.492168,1
2910,269.872,-0.334428,0.00951433,1.66409,0.0768592,-0.011973,0.349437,-0.00692441,0.0549296,-0.08881150.650207,0.492168,1
2920,267.621,-0.335498,0.00948826,1.66861,0.0751846,-0.0119255,0.357767,-0.00687599,0.0553355,-0.09026150.650207,0.492168,1
2930,276.815,-0.336499,0.00954474,1.67276,0.0735047,-0.011878,0.36612,-0.00720786,0.0558264,-0.09210220.650207,0.492168,1
2940,293.634,-0.337013,0.00958627,1.67454,0.0718208,-0.0118301,0.374489,-0.00759323,0.05649,-0.09395930.650207,0.492168,1
2950,313.437,-0.337017,0.00961237,1.67386,0.0701355,-0.0117821,0.382861,-0.00756926,0.0571125,-0.09580980.650207,0.492168,1
2960,332.353,-0.336463,0.00962226,1.67048,0.0684515,-0.011734,0.391224,-0.00728937,0.0577314,-0.09790810.650207,0.492168,1
2970,343.639,-0.335585,0.00962032,1.66556,0.066771,-0.0116859,0.399566,-0.00693567,0.0583026,-0.1005010.650207,0.492168,1
2980,347.488,-0.334523,0.00960708,1.6598,0.0650954,-0.0116378,0.407881,-0.00666851,0.0588833,-0.1029250.650207,0.492168,1
2990,337.294,-0.333544,0.00959448,1.6545,0.0634251,-0.0115898,0.416167,-0.00642397,0.059364,-0.104840.650207,0.492168,1
