step,T,sn_vel[0],sn_vel[1],sn_vel[2],sn_crd[0],sn_crd[1],sn_crd[2],target_crd[0],target_crd[1],target_crd[2],boundary[0],boundary[1],boundary[2]
0,0.0113415,0,0,0,-4.22651e-008,1.05663e-008,0.981818,8.6459e-005,0.0557396,-0.04269190.636825,0.502884,1
10,1.48855,0,0,0,-4.22651e-008,1.05663e-008,0.981818,5.8066e-005,0.0557262,-0.04268950.636825,0.502884,1
20,2.12029,0,0,0,-4.22651e-008,1.05663e-008,0.981818,-6.08892e-006,0.0556721,-0.04267090.636825,0.502884,1
30,2.86431,0,0,0,-4.22651e-008,1.05663e-008,0.981818,-7.38255e-005,0.0555896,-0.04265270.636852,0.502892,1
40,3.42157,0,0,0,-4.22651e-008,1.05663e-008,0.981818,-0.000106199,0.055523,-0.04261350.636852,0.502892,1
50,3.7014,0,0,0,-4.22651e-008,1.05663e-008,0.981818,-0.000117941,0.0555129,-0.04256990.636885,0.502897,1
60,3.63247,0,0,0,-4.22651e-008,1.05663e-008,0.981818,-0.000141225,0.0555273,-0.04251780.636934,0.502899,1
70,3.70438,0,0,0,-4.22651e-008,1.05663e-008,0.981818,-0.000187059,0.0555267,-0.04247390.637085,0.502897,1
80,3.57445,0,0,0,-4.22651e-008,1.05663e-008,0.981818,-0.000231566,0.0555067,-0.04243290.637242,0.502882,1
90,3.36434,0,0,0,-4.22651e-008,1.05663e-008,0.981818,-0.000255582,0.0554863,-0.04239220.637361,0.50286,1
100,3.1591,0,0,0,-4.22651e-008,1.05663e-008,0.981818,-0.00026679,0.0554649,-0.04232750.637481,0.502828,1
110,12.3312,0,0,0,-4.22651e-008,1.05663e-008,0.981818,-0.000299908,0.0554294,-0.04219660.637627,0.502776,1
120,18.9705,0,0,0,-4.22651e-008,1.05663e-008,0.981818,-0.000354801,0.0553906,-0.04200660.637863,0.502674,1
130,23.102,0,0,0,-4.22651e-008,1.05663e-008,0.981818,-0.000398996,0.0553743,-0.04180610.638085,0.502561,1
140,25.5677,0,0,0,-4.22651e-008,1.05663e-008,0.981818,-0.000439911,0.055384,-0.04160550.638297,0.502438,1
150,26.5373,0,0,0,-4.22651e-008,1.05663e-008,0.981818,-0.000503263,0.0554031,-0.04140590.638541,0.50228,1
160,27.0229,0,0,0,-4.22651e-008,1.05663e-008,0.981818,-0.000550385,0.0553972,-0.04116860.638792,0.502102,1
170,27.0094,0,0,0,-4.22651e-008,1.05663e-008,0.981818,-0.000551983,0.0553525,-0.04089510.638994,0.501944,1
180,26.7712,0,0,0,-4.22651e-008,1.05663e-008,0.981818,-0.000558421,0.0552841,-0.0406420.639174,0.501789,1
190,26.0445,0,0,0,-4.22651e-008,1.05663e-008,0.981818,-0.000592415,0.0552104,-0.04045820.639379,0.501598,1
200,25.5756,0,0,0,-4.22651e-008,1.05663e-008,0.981818,-0.000592962,0.0551397,-0.04031980.639576,0.501401,1
210,33.78,0,0,0,-4.22651e-008,1.05663e-008,0.981818,-0.000544198,0.0550657,-0.04018510.639744,0.501218,1
220,39.001,0,0,0,-4.22651e-008,1.05663e-008,0.981818,-0.000524192,0.0549859,-0.04005990.639899,0.501036,1
230,41.8713,0,0,0,-4.22651e-008,1.05663e-008,0.981818,-0.000574489,0.0549046,-0.03996450.640058,0.500835,1
240,42.9044,0,0,0,-4.22651e-008,1.05663e-008,0.981818,-0.000653958,0.0548352,-0.03991010.640226,0.500609,1
250,42.6489,0,0,0,-4.22651e-008,1.05663e-008,0.981818,-0.000746635,0.0547798,-0.03991490.640395,0.500369,1
260,42.0567,0,0,0,-4.22651e-008,1.05663e-008,0.981818,-0.000859913,0.0547464,-0.04000920.640561,0.500124,1
270,40.5351,0,0,0,-4.22651e-008,1.05663e-008,0.981818,-0.000929135,0.0547328,-0.04013510.640738,0.499852,1
280,39.127,0,0,0,-4.22651e-008,1.05663e-008,0.981818,-0.000874819,0.0547137,-0.04021010.640921,0.499563,1
290,38.2979,0,0,0,-4.22651e-008,1.05663e-008,0.981818,-0.000751642,0.0546399,-0.04021440.641082,0.499301,1
300,37.3417,0,0,0,-4.22651e-008,1.05663e-008,0.981818,-0.000682901,0.0545191,-0.04026130.641208,0.499091,1
310,45.7146,0,0,0,-4.22651e-008,1.05663e-008,0.981818,-0.000645033,0.054383,-0.04035590.641297,0.498931,1
320,51.2111,0,0,0,-4.22651e-008,1.05663e-008,0.981818,-0.000552348,0.054257,-0.04044310.641362,0.498806,1
330,54.8613,0,0,0,-4.22651e-008,1.05663e-008,0.981818,-0.000506028,0.0541008,-0.04052050.641414,0.498703,1
340,58.5478,0,0,0,-4.22651e-008,1.05663e-008,0.981818,-0.000599195,0.0539177,-0.0407610.641414,0.498703,1
350,64.3184,0,0,0,-4.22651e-008,1.05663e-008,0.981818,-0.00064393,0.0537629,-0.04106150.641414,0.498703,1
360,69.6954,0,0,0,-4.22651e-008,1.05663e-008,0.981818,-0.000595727,0.0536911,-0.041280.641414,0.498703,1
370,75.9932,0,0,0,-4.22651e-008,1.05663e-008,0.981818,-0.00074004,0.0536286,-0.04144470.641414,0.498703,1
380,81.6929,0,0,0,-4.22651e-008,1.05663e-008,0.981818,-0.00107784,0.053589,-0.04175970.641414,0.498703,1
390,87.8997,0,0,0,-4.22651e-008,1.05663e-008,0.981818,-0.00124861,0.0536283,-0.04203580.641414,0.498703,1
400,92.2915,0,0,0,-4.22651e-008,1.05663e-008,0.981818,-0.00126791,0.0537514,-0.04215250.641414,0.498703,1
410,106.129,0,0,0,-4.22651e-008,1.05663e-008,0.981818,-0.00140248,0.053898,-0.04216150.641414,0.498703,1
420,114.817,0,0,0,-4.22651e-008,1.05663e-008,0.981818,-0.00152922,0.05417,-0.04221710.641417,0.498678,1
430,119.821,0,0,0,-4.22651e-008,1.05663e-008,0.981818,-0.00140596,0.0545244,-0.04212440.641433,0.498509,1
440,121.945,0,0,0,-4.22651e-008,1.05663e-008,0.981818,-0.0012288,0.0547683,-0.04183740.641439,0.498389,1
450,123.726,0,0,0,-4.22651e-008,1.05663e-008,0.981818,-0.00119046,0.0548564,-0.04151290.641451,0.498181,1
460,122.569,0,0,0,-4.22651e-008,1.05663e-008,0.981818,-0.00111836,0.055026,-0.04132110.64146,0.497958,1
470,121.111,0,0,0,-4.22651e-008,1.05663e-008,0.981818,-0.000920735,0.0552176,-0.04099830.64146,0.497836,1
480,120.151,0,0,0,-4.22651e-008,1.05663e-008,0.981818,-0.000813982,0.0552055,-0.04042190.64146,0.497836,1
490,118.61,0,0,0,-4.22651e-008,1.05663e-008,0.981818,-0.000806006,0.0550263,-0.03977320.64146,0.497836,1
500,118.706,0,0,0,-4.22651e-008,1.05663e-008,0.981818,-0.000658886,0.0549466,-0.03921750.64146,0.497836,1
510,127.821,0,0,0,-4.22651e-008,1.05663e-008,0.981818,-0.000365128,0.0549155,-0.03857250.64146,0.497836,1
520,134.177,0,0,0,-4.22651e-008,1.05663e-008,0.981818,-0.000182083,0.0547955,-0.03782860.641456,0.497811,1
530,136.913,0,0,0,-4.22651e-008,1.05663e-008,0.981818,-7.70277e-005,0.0546499,-0.03715950.641456,0.497811,1
540,138.476,0,0,0,-4.22651e-008,1.05663e-008,0.981818,0.000136055,0.0545861,-0.03657740.641456,0.497811,1
550,137.46,0,0,0,-4.22651e-008,1.05663e-008,0.981818,0.000364996,0.0544572,-0.03591530.641456,0.497811,1
560,137.022,0,0,0,-4.22651e-008,1.05663e-008,0.981818,0.000468175,0.0542497,-0.03527120.641456,0.497811,1
570,136.918,0,0,0,-4.22651e-008,1.05663e-008,0.981818,0.000606057,0.0542287,-0.03490750.641456,0.497811,1
580,136.524,0,0,0,-4.22651e-008,1.05663e-008,0.981818,0.000814348,0.0544487,-0.03482880.641456,0.497811,1
590,135.54,0,0,0,-4.22651e-008,1.05663e-008,0.981818,0.000884359,0.0545786,-0.03478560.641456,0.497811,1
600,135.742,0,0,0,-4.22651e-008,1.05663e-008,0.981818,0.000839399,0.0545106,-0.034750.641456,0.497811,1
610,144.246,0,0,0,-4.22651e-008,1.05663e-008,0.981818,0.000932142,0.0544935,-0.03496960.641456,0.497811,1
620,149.286,0,0,0,-4.22651e-008,1.05663e-008,0.981818,0.00112941,0.0545752,-0.03554020.641456,0.497811,1
630,153.511,0,0,0,-4.22651e-008,1.05663e-008,0.981818,0.00122002,0.0546529,-0.03624310.641456,0.497811,1
640,159.344,0,0,0,-4.22651e-008,1.05663e-008,0.981818,0.00122165,0.0548582,-0.0369240.641456,0.497811,1
650,166.141,0,0,0,-4.22651e-008,1.05663e-008,0.981818,0.00124006,0.0552357,-0.03767830.641456,0.497811,1
660,173.714,0,0,0,-4.22651e-008,1.05663e-008,0.981818,0.00126211,0.0554084,-0.03848070.641456,0.497811,1
670,179.631,0,0,0,-4.22651e-008,1.05663e-008,0.981818,0.00127064,0.0552573,-0.03917460.641456,0.497811,1
680,181.237,0,0,0,-4.22651e-008,1.05663e-008,0.981818,0.00127529,0.0551509,-0.03988330.641456,0.497811,1
690,181.742,0,0,0,-4.22651e-008,1.05663e-008,0.981818,0.00111516,0.0552209,-0.04084790.641456,0.497811,1
700,182.287,0,0,0,-4.22651e-008,1.05663e-008,0.981818,0.000673826,0.0551516,-0.04189260.641456,0.497811,1
710,192.407,0,0,0,-4.22651e-008,1.05663e-008,0.981818,0.000134405,0.0548444,-0.04276570.641456,0.497811,1
720,201.008,0,0,0,-4.22651e-008,1.05663e-008,0.981818,-0.000236531,0.0545006,-0.04356590.641456,0.497811,1
730,205.912,0,0,0,-4.22651e-008,1.05663e-008,0.981818,-0.000526409,0.0541573,-0.04453860.641456,0.497811,1
740,208.13,0,0,0,-4.22651e-008,1.05663e-008,0.981818,-0.000887286,0.053734,-0.04561860.641456,0.497811,1
750,210.17,0,0,0,-4.22651e-008,1.05663e-008,0.981818,-0.00122984,0.0534375,-0.04661440.641456,0.497811,1
760,212.524,0,0,0,-4.22651e-008,1.05663e-008,0.981818,-0.0014218,0.0534843,-0.04755470.641456,0.497811,1
770,214.28,0,0,0,-4.22651e-008,1.05663e-008,0.981818,-0.00158259,0.05371,-0.0485970.641436,0.497694,1
780,217.362,0,0,0,-4.22651e-008,1.05663e-008,0.981818,-0.00172877,0.0538716,-0.04962650.641436,0.497694,1
790,221.073,0,0,0,-4.22651e-008,1.05663e-008,0.981818,-0.00174811,0.0541275,-0.05047850.641436,0.497694,1
800,222.114,0,0,0,-4.22651e-008,1.05663e-008,0.981818,-0.00166344,0.0545538,-0.05129270.641436,0.497694,1
810,231.854,0,0,0,-4.22651e-008,1.05663e-008,0.981818,-0.00172276,0.0548255,-0.05221540.641436,0.497694,1
820,236.716,0,0,0,-4.22651e-008,1.05663e-008,0.981818,-0.00179781,0.0547692,-0.05294590.6414,0.497575,1
830,236.996,0,0,0,-4.22651e-008,1.05663e-008,0.981818,-0.00159279,0.0547266,-0.05325230.641343,0.497404,1
840,233.699,0,0,0,-4.22651e-008,1.05663e-008,0.981818,-0.00120781,0.0547851,-0.05341630.64128,0.497233,1
850,229.798,0,0,0,-4.22651e-008,1.05663e-008,0.981818,-0.0010139,0.0547278,-0.05366910.6412,0.497017,1
860,222.902,0,0,0,-4.22651e-008,1.05663e-008,0.981818,-0.000872111,0.0546194,-0.05373730.641073,0.496687,1
870,215.566,0,0,0,-4.22651e-008,1.05663e-008,0.981818,-0.000539567,0.0547081,-0.05345320.640924,0.496303,1
880,206.82,0,0,0,-4.22651e-008,1.05663e-008,0.981818,-0.000159682,0.0547736,-0.05306990.640799,0.495995,1
890,198.174,0,0,0,-4.22651e-008,1.05663e-008,0.981818,6.85792e-005,0.0546576,-0.05274950.640702,0.495766,1
900,189.164,0,0,0,-4.22651e-008,1.05663e-008,0.981818,0.000316735,0.0546566,-0.05235520.640594,0.495522,1
910,192.303,0,0,0,-4.22651e-008,1.05663e-008,0.981818,0.00060597,0.0549358,-0.05184220.640457,0.495225,1
920,191.342,0,0,0,-4.22651e-008,1.05663e-008,0.981818,0.000730957,0.0550839,-0.05133870.640316,0.49493,1
930,191.162,0,0,0,-4.22651e-008,1.05663e-008,0.981818,0.000752755,0.0549508,-0.0508640.640176,0.494644,1
940,193.784,0,0,0,-4.22651e-008,1.05663e-008,0.981818,0.00093109,0.0549273,-0.05025260.639976,0.494245,1
950,195.809,0,0,0,-4.22651e-008,1.05663e-008,0.981818,0.00114713,0.0552239,-0.04953780.639702,0.49371,1
960,200.701,0,0,0,-4.22651e-008,1.05663e-008,0.981818,0.00111479,0.0554896,-0.04905730.639411,0.493148,1
970,209.962,0,0,0,-4.22651e-008,1.05663e-008,0.981818,0.000975311,0.0555971,-0.0488440.639148,0.492638,1
980,222.197,0,0,0,-4.22651e-008,1.05663e-008,0.981818,0.00107705,0.0557726,-0.04842360.638972,0.492293,1
990,236.055,0,0,0,-4.22651e-008,1.05663e-008,0.981818,0.00134876,0.0559167,-0.04760690.638961,0.492271,1
1000,252.504,0,0,0,-4.22651e-008,1.05663e-008,0.981818,0.00143446,0.0557406,-0.04680150.639059,0.492177,1
1010,263.992,0,0,0,-4.22651e-008,1.05663e-008,0.981818,0.00130695,0.0555852,-0.04624610.639178,0.492153,1
1020,273.677,0,0,0,-4.22651e-008,1.05663e-008,0.981818,0.00103497,0.0558261,-0.04575630.639388,0.492164,1
1030,281.245,0,0,0,-4.22651e-008,1.05663e-008,0.981818,0.00052623,0.0559857,-0.04516070.639566,0.492206,1
1040,280.709,0,0,0,-4.22651e-008,1.05663e-008,0.981818,-6.37719e-005,0.0555809,-0.04460430.639828,0.492308,1
1050,277.848,0,0,0,-4.22651e-008,1.05663e-008,0.981818,-0.000372897,0.0550037,-0.04424050.640219,0.492505,1
1060,281.633,0,0,0,-4.22651e-008,1.05663e-008,0.981818,-0.000561074,0.0545965,-0.04404950.640385,0.492607,1
1070,292.059,0,0,0,-4.22651e-008,1.05663e-008,0.981818,-0.000929748,0.0540838,-0.04381390.640498,0.492689,1
1080,311.118,0,0,0,-4.22651e-008,1.05663e-008,0.981818,-0.00131491,0.0534184,-0.04356080.640605,0.492785,1
1090,336.445,0,0,0,-4.22651e-008,1.05663e-008,0.981818,-0.00151841,0.0529098,-0.0433510.640698,0.492885,1
1100,358.528,0,0,0,-4.22651e-008,1.05663e-008,0.981818,-0.00176067,0.0525903,-0.04308460.64071,0.4929,1
1110,371.08,0,0,0,-4.22651e-008,1.05663e-008,0.981818,-0.00201726,0.0522888,-0.04269820.640866,0.49314,1
1120,373.22,0,0,0,-4.22651e-008,1.05663e-008,0.981818,-0.00208794,0.0521045,-0.04245530.641079,0.493517,1
1130,369.281,0,0,0,-4.22651e-008,1.05663e-008,0.981818,-0.00204617,0.0522359,-0.04240140.641244,0.493856,1
1140,366.676,0,0,0,-4.22651e-008,1.05663e-008,0.981818,-0.00196789,0.0526338,-0.04235560.641394,0.494235,1
1150,371.91,0,0,0,-4.22651e-008,1.05663e-008,0.981818,-0.00163354,0.053012,-0.04219880.641567,0.494769,1
1160,380.81,0,0,0,-4.22651e-008,1.05663e-008,0.981818,-0.00109548,0.053345,-0.04214140.641704,0.495304,1
1170,386.106,0,0,0,-4.22651e-008,1.05663e-008,0.981818,-0.000634624,0.0537958,-0.04230610.641809,0.495851,1
1180,383.604,0,0,0,-4.22651e-008,1.05663e-008,0.981818,-0.000427153,0.0542382,-0.04262580.641887,0.496423,1
1190,372.807,0,0,0,-4.22651e-008,1.05663e-008,0.981818,-0.00054456,0.0544552,-0.04283330.64191,0.496812,1
1200,346.972,0,0,0,-4.22651e-008,1.05663e-008,0.981818,-0.00101703,0.0546677,-0.0428360.641907,0.497168,1
1210,315.672,0,0,0,-4.22651e-008,1.05663e-008,0.981818,-0.00179939,0.0550512,-0.04267320.641879,0.497582,1
1220,281.421,0,0,0,-4.22651e-008,1.05663e-008,0.981818,-0.00266333,0.0553021,-0.04243820.641842,0.497805,1
1230,251.178,0,0,0,-4.22651e-008,1.05663e-008,0.981818,-0.00326755,0.0553059,-0.0421390.641789,0.497994,1
1240,234.735,0,0,0,-4.22651e-008,1.05663e-008,0.981818,-0.00343622,0.0552148,-0.04188630.641705,0.498218,1
1250,234.189,0,0,0,-4.22651e-008,1.05663e-008,0.981818,-0.00343682,0.05494,-0.04171690.641699,0.498231,1
1260,240.478,0,0,0,-4.22651e-008,1.05663e-008,0.981818,-0.00346483,0.0543628,-0.04149130.641698,0.498233,1
1270,250.175,0,0,0,-4.22651e-008,1.05663e-008,0.981818,-0.00347405,0.0538906,-0.04110270.641613,0.498355,1
1280,261.572,0,0,0,-4.22651e-008,1.05663e-008,0.981818,-0.0033955,0.0537329,-0.04061340.64155,0.498436,1
1290,264.661,0,0,0,-4.22651e-008,1.05663e-008,0.981818,-0.00340167,0.0536526,-0.04002140.641395,0.498611,1
1300,262.927,0,0,0,-4.22651e-008,1.05663e-008,0.981818,-0.00350827,0.0535107,-0.03923560.641077,0.498949,1
1310,258.42,0,0,0,-4.22651e-008,1.05663e-008,0.981818,-0.00373752,0.0536247,-0.03836060.64066,0.499379,1
1320,257.193,0,0,0,-4.22651e-008,1.05663e-008,0.981818,-0.00411529,0.0540118,-0.03750820.64009,0.49995,1
1330,250.235,0,0,0,-4.22651e-008,1.05663e-008,0.981818,-0.00455676,0.0543473,-0.03666760.639428,0.500604,1
1340,245.354,0,0,0,-4.22651e-008,1.05663e-008,0.981818,-0.0046495,0.0544408,-0.03567560.638799,0.501215,1
1350,236.589,0,0,0,-4.22651e-008,1.05663e-008,0.981818,-0.00444866,0.0546771,-0.03454270.638159,0.501832,1
1360,239.409,0,0,0,-4.22651e-008,1.05663e-008,0.981818,-0.00446969,0.055215,-0.0332560.637579,0.50239,1
1370,259.156,0,0,0,-4.22651e-008,1.05663e-008,0.981818,-0.00496573,0.0556666,-0.03175960.637136,0.502809,1
1380,290.07,0,0,0,-4.22651e-008,1.05663e-008,0.981818,-0.00541796,0.0557792,-0.02993750.636724,0.503192,1
1390,322.701,0,0,0,-4.22651e-008,1.05663e-008,0.981818,-0.00547181,0.0559301,-0.02802450.636374,0.503517,1
1400,353.988,0,0,0,-4.22651e-008,1.05663e-008,0.981818,-0.00537427,0.056086,-0.02625220.636137,0.503723,1
1410,370.262,0,0,0,-4.22651e-008,1.05663e-008,0.981818,-0.00552785,0.0559283,-0.02473670.635928,0.503892,1
1420,375.261,0,0,0,-4.22651e-008,1.05663e-008,0.981818,-0.00574564,0.0556512,-0.02336050.635843,0.503955,1
1430,365.99,0,0,0,-4.22651e-008,1.05663e-008,0.981818,-0.00577411,0.0556589,-0.02210720.635843,0.503955,1
1440,349.45,0,0,0,-4.22651e-008,1.05663e-008,0.981818,-0.00569451,0.0556411,-0.02099820.635843,0.503955,1
1450,332.954,0,0,0,-4.22651e-008,1.05663e-008,0.981818,-0.00556576,0.0553604,-0.02018160.635843,0.503955,1
1460,322.563,0,0,0,-4.22651e-008,1.05663e-008,0.981818,-0.00521845,0.0551169,-0.01972460.635843,0.503955,1
1470,323.871,0,0,0,-4.22651e-008,1.05663e-008,0.981818,-0.00487028,0.0551145,-0.01968870.635843,0.503955,1
1480,325.529,0,0,0,-4.22651e-008,1.05663e-008,0.981818,-0.00476104,0.0550665,-0.01985310.635843,0.503955,1
1490,324.474,0,0,0,-4.22651e-008,1.05663e-008,0.981818,-0.00448868,0.0548997,-0.02002310.635843,0.503955,1
1500,313.7,0,0,0,-4.22651e-008,1.05663e-008,0.981818,-0.00371411,0.0548155,-0.02025240.635843,0.503955,1
1510,291.126,0,0,0,-4.22651e-008,1.05663e-008,0.981818,-0.0029253,0.0547968,-0.02082020.635843,0.503955,1
1520,259.837,0,0,0,-4.22651e-008,1.05663e-008,0.981818,-0.00255382,0.0545926,-0.02163370.635843,0.503955,1
1530,232.068,0,0,0,-4.22651e-008,1.05663e-008,0.981818,-0.00235851,0.0542531,-0.02247450.635843,0.503955,1
1540,206.173,0,0,0,-4.22651e-008,1.05663e-008,0.981818,-0.00213223,0.0541019,-0.02312670.635736,0.504002,1
1550,192.851,0,0,0,-4.22651e-008,1.05663e-008,0.981818,-0.00209581,0.054021,-0.02360730.635647,0.504037,1
1560,193.663,0,0,0,-4.22651e-008,1.05663e-008,0.981818,-0.00238978,0.0536443,-0.02393660.635323,0.504157,1
1570,210.264,0,0,0,-4.22651e-008,1.05663e-008,0.981818,-0.00278778,0.0531719,-0.02433060.634934,0.504292,1
1580,236.777,0,0,0,-4.22651e-008,1.05663e-008,0.981818,-0.00316437,0.0531311,-0.02502010.63476,0.50435,1
1590,268.647,0,0,0,-4.22651e-008,1.05663e-008,0.981818,-0.00358876,0.0532646,-0.02607690.634571,0.504409,1
1600,300.278,0,0,0,-4.22651e-008,1.05663e-008,0.981818,-0.00395607,0.053265,-0.0271770.634336,0.504479,1
1610,328.486,0,0,0,-4.22651e-008,1.05663e-008,0.981818,-0.00393836,0.0534565,-0.02825990.63425,0.504503,1
1620,352.139,0,0,0,-4.22651e-008,1.05663e-008,0.981818,-0.00367356,0.0540959,-0.0294560.63425,0.504503,1
1630,365.153,0,0,0,-4.22651e-008,1.05663e-008,0.981818,-0.0034664,0.0547942,-0.03062010.63425,0.504503,1
1640,371.133,0,0,0,-4.22651e-008,1.05663e-008,0.981818,-0.00320703,0.0554909,-0.03134150.63425,0.504503,1
1650,364.564,0,0,0,-4.22651e-008,1.05663e-008,0.981818,-0.00264617,0.0562783,-0.03167230.63425,0.504503,1
1660,353.346,0,0,0,-4.22651e-008,1.05663e-008,0.981818,-0.0020854,0.0569169,-0.03197750.63425,0.504503,1
1670,334.171,0,0,0,-4.22651e-008,1.05663e-008,0.981818,-0.00167109,0.0570859,-0.03226850.63425,0.504503,1
1680,311.139,0,0,0,-4.22651e-008,1.05663e-008,0.981818,-0.00123337,0.05706,-0.03222970.634031,0.5045,1
1690,276.886,0,0,0,-4.22651e-008,1.05663e-008,0.981818,-0.000765426,0.0570765,-0.03187860.633463,0.504479,1
1700,244.209,0,0,0,-4.22651e-008,1.05663e-008,0.981818,-0.000609682,0.0569987,-0.03157360.632661,0.504436,1
1710,212.371,0,0,0,-4.22651e-008,1.05663e-008,0.981818,-0.000656047,0.0565747,-0.03138370.632021,0.504387,1
1720,186.079,0,0,0,-4.22651e-008,1.05663e-008,0.981818,-0.000642754,0.0560627,-0.03119320.631482,0.504333,1
1730,166.43,0,0,0,-4.22651e-008,1.05663e-008,0.981818,-0.000461004,0.0557952,-0.03105570.630925,0.504265,1
1740,166.559,0,0,0,-4.22651e-008,1.05663e-008,0.981818,-0.000124037,0.0555347,-0.03125980.630472,0.504219,1
1750,184.363,0,0,0,-4.22651e-008,1.05663e-008,0.981818,0.000433844,0.0547684,-0.03176360.630089,0.504191,1
1760,216.251,0,0,0,-4.22651e-008,1.05663e-008,0.981818,0.000840824,0.0537922,-0.03245560.629752,0.504179,1
1770,250.815,0,0,0,-4.22651e-008,1.05663e-008,0.981818,0.000806463,0.0530982,-0.03345070.629491,0.504181,1
1780,281.083,0,0,0,-4.22651e-008,1.05663e-008,0.981818,0.000461129,0.0526816,-0.03511440.629308,0.504194,1
1790,306.921,0,0,0,-4.22651e-008,1.05663e-008,0.981818,0.000156461,0.0525656,-0.03719480.62919,0.504209,1
1800,326.412,0,0,0,-4.22651e-008,1.05663e-008,0.981818,-0.000265431,0.0530923,-0.03916280.629121,0.504226,1
1810,334.73,0,0,0,-4.22651e-008,1.05663e-008,0.981818,-0.000924989,0.0540418,-0.0407750.629096,0.50423,1
1820,327.281,0,0,0,-4.22651e-008,1.05663e-008,0.981818,-0.00156723,0.0547953,-0.04238710.628976,0.504248,1
1830,312.737,0,0,0,-4.22651e-008,1.05663e-008,0.981818,-0.00177281,0.0553134,-0.04404720.628976,0.504248,1
1840,297.875,0,0,0,-4.22651e-008,1.05663e-008,0.981818,-0.00159418,0.0558744,-0.04549960.628976,0.504248,1
1850,292.285,0,0,0,-4.22651e-008,1.05663e-008,0.981818,-0.00125148,0.0563869,-0.04635280.628951,0.504249,1
1860,300.985,0,0,0,-4.22651e-008,1.05663e-008,0.981818,-0.000822228,0.0565928,-0.04671770.628951,0.504249,1
1870,323.809,0,0,0,-4.22651e-008,1.05663e-008,0.981818,-0.000298022,0.056631,-0.04673640.628951,0.504249,1
1880,345.673,0,0,0,-4.22651e-008,1.05663e-008,0.981818,0.000154085,0.0567376,-0.04645630.628951,0.504249,1
1890,370.825,0,0,0,-4.22651e-008,1.05663e-008,0.981818,0.000472408,0.0570088,-0.04581460.628951,0.504249,1
1900,387.633,0,0,0,-4.22651e-008,1.05663e-008,0.981818,0.000709249,0.0571694,-0.0451570.628951,0.504249,1
1910,397.812,0,0,0,-4.22651e-008,1.05663e-008,0.981818,0.000660988,0.0570738,-0.04450980.628951,0.504249,1
1920,396.049,0,0,0,-4.22651e-008,1.05663e-008,0.981818,0.000102414,0.0566991,-0.0436950.628951,0.504249,1
1930,389.15,0,0,0,-4.22651e-008,1.05663e-008,0.981818,-0.000718417,0.0561122,-0.04290790.628809,0.504162,1
1940,369.742,0,0,0,-4.22651e-008,1.05663e-008,0.981818,-0.0013421,0.055354,-0.04290680.628618,0.504039,1
1950,348.064,0,0,0,-4.22651e-008,1.05663e-008,0.981818,-0.0016649,0.0547198,-0.04366440.628407,0.503896,1
1960,329.771,0,0,0,-4.22651e-008,1.05663e-008,0.981818,-0.00167638,0.054161,-0.04453520.628241,0.503776,1
1970,323.288,0,0,0,-4.22651e-008,1.05663e-008,0.981818,-0.00135962,0.0536071,-0.04532850.627986,0.503587,1
1980,327.411,0,0,0,-4.22651e-008,1.05663e-008,0.981818,-0.000843532,0.0532848,-0.04653890.62778,0.503427,1
1990,337.321,0,0,0,-4.22651e-008,1.05663e-008,0.981818,-0.000494824,0.0535031,-0.04817290.62778,0.503427,1
2000,370.882,0,0,-1.49928,-0.000357302,0.0539362,0.981068,-0.000349028,0.0539928,-0.04979940.628183,0.503202,1
2010,378.015,0,0,-1.49178,-0.000357302,0.0539362,0.973588,-0.000352714,0.0546458,-0.05133030.62853,0.50316,1
2020,384.28,0,0,-1.48382,-0.000357302,0.0539362,0.966147,-0.000515004,0.0553036,-0.05311510.629126,0.503081,1
2030,387.825,0,0,-1.47552,-0.000357302,0.0539362,0.958747,-0.000882903,0.0556661,-0.05510630.629737,0.50297,1
2040,382.761,0,0,-1.46732,-0.000357302,0.0539362,0.951388,-0.00119871,0.0555823,-0.05686090.630315,0.502835,1
2050,367.322,0,0,-1.45993,-0.000357302,0.0539362,0.944068,-0.00136712,0.055548,-0.05835910.630908,0.502646,1
2060,346.775,0,0,-1.45427,-0.000357302,0.0539362,0.936782,-0.00144404,0.0557289,-0.05990320.631636,0.502364,1
2070,332.404,0,0,-1.4501,-0.000357302,0.0539362,0.929521,-0.00149099,0.0560302,-0.06129180.6325,0.501982,1
2080,328.666,0,0,-1.44677,-0.000357302,0.0539362,0.922278,-0.00125395,0.0563173,-0.06207480.633263,0.5016,1
2090,319.651,0,0,-1.44405,-0.000357302,0.0539362,0.915051,-0.00076401,0.0566821,-0.06256910.63376,0.501306,1
2100,300.009,0,0,-1.44291,-0.000357302,0.0539362,0.907834,-0.000259434,0.0569182,-0.06331380.634168,0.501023,1
2110,273.549,0,0,-1.44466,-0.000357302,0.0539362,0.900617,0.000166765,0.0567525,-0.06407770.634549,0.500717,1
2120,247.153,0,0,-1.45059,-0.000357302,0.0539362,0.893382,0.000713431,0.0559749,-0.06421560.634733,0.500542,1
2130,230.163,0,0,-1.46019,-0.000357302,0.0539362,0.886109,0.00115906,0.0549532,-0.0640710.634804,0.500461,1
2140,226.213,0,0,-1.47201,-0.000357302,0.0539362,0.878781,0.00122235,0.0540988,-0.06445060.634915,0.500314,1
2150,233.5,0,0,-1.48336,-0.000357302,0.0539362,0.871395,0.000908482,0.05349,-0.06534830.634989,0.500195,1
2160,249.86,0,0,-1.49229,-0.000357302,0.0539362,0.863957,0.000443202,0.0530243,-0.06603560.635035,0.500093,1
2170,269.793,0,0,-1.49792,-0.000357302,0.0539362,0.856482,-0.000235345,0.0529017,-0.06660480.635117,0.499856,1
2180,290.59,0,0,-1.50034,-0.000357302,0.0539362,0.848985,-0.000957979,0.0529871,-0.06748750.635162,0.499648,1
2190,290.503,0,0,-1.50133,-0.000357302,0.0539362,0.841482,-0.00140685,0.0530039,-0.06847330.635186,0.499434,1
2200,277.954,0,0,-1.50337,-0.000357302,0.0539362,0.833971,-0.00141445,0.0531171,-0.06897830.635235,0.498853,1
2210,262.17,0,0,-1.50763,-0.000357302,0.0539362,0.826446,-0.00113218,0.0536252,-0.06927670.635289,0.498074,1
2220,250.31,0,0,-1.51428,-0.000357302,0.0539362,0.818893,-0.000525797,0.054162,-0.0695380.635347,0.497186,1
2230,246.352,0,0,-1.52214,-0.000357302,0.0539362,0.811305,0.000363794,0.0542801,-0.06929950.635407,0.496163,1
2240,252.014,0,0,-1.52995,-0.000357302,0.0539362,0.803676,0.00116521,0.0541693,-0.0681260.635447,0.495264,1
2250,269.912,0,0,-1.5358,-0.000357302,0.0539362,0.796012,0.00131015,0.0543045,-0.06659060.63547,0.494477,1
2260,304.151,0,0,-1.53732,-0.000357302,0.0539362,0.788327,0.000804475,0.0547742,-0.06497570.635477,0.493723,1
2270,337.486,0,0,-1.53459,-0.000357302,0.0539362,0.780645,7.39834e-005,0.0553949,-0.06282130.635465,0.493314,1
2280,351.707,0,0,-1.5294,-0.000357302,0.0539362,0.772984,-0.000643399,0.0561746,-0.05979940.635465,0.493314,1
2290,344.725,0,0,-1.52398,-0.000357302,0.0539362,0.765349,-0.00137987,0.0569561,-0.0566820.635458,0.49329,1
2300,329.254,0,0,-1.51988,-0.000357302,0.0539362,0.757739,-0.00188989,0.0572742,-0.0539750.635458,0.49329,1
2310,315.625,0,0,-1.51744,-0.000357302,0.0539362,0.750146,-0.0019125,0.0568953,-0.05139140.635458,0.49329,1
2320,313.974,0,0,-1.51572,-0.000357302,0.0539362,0.742563,-0.00166081,0.0563237,-0.04869870.635458,0.49329,1
2330,319.961,0,0,-1.51367,-0.000357302,0.0539362,0.734988,-0.00147073,0.055771,-0.04643860.635458,0.49329,1
2340,317.255,0,0,-1.51145,-0.000357302,0.0539362,0.727425,-0.00134362,0.054916,-0.04484030.635458,0.49329,1
2350,307.759,0,0,-1.50988,-0.000357302,0.0539362,0.719872,-0.00121451,0.053703,-0.04345090.635458,0.49329,1
2360,295.596,0,0,-1.50974,-0.000357302,0.0539362,0.712323,-0.00123559,0.0527472,-0.04198750.635458,0.49329,1
2370,273.506,0,0,-1.51195,-0.000357302,0.0539362,0.704771,-0.00140057,0.0522703,-0.04084670.635458,0.49329,1
2380,261.36,0,0,-1.51681,-0.000357302,0.0539362,0.697201,-0.00139651,0.0521743,-0.0401170.635458,0.49329,1
2390,256.58,0,0,-1.52294,-0.000357302,0.0539362,0.689604,-0.000971731,0.0525098,-0.03930730.635458,0.49329,1
2400,254.325,0,0,-1.52968,-0.000357302,0.0539362,0.681974,-0.000351928,0.0533665,-0.03836260.635458,0.49329,1
2410,248.154,0,0,-1.53703,-0.000357302,0.0539362,0.674309,0.000192404,0.0542917,-0.03780280.635458,0.49329,1
2420,245.009,0,0,-1.54558,-0.000357302,0.0539362,0.666605,0.000630964,0.054951,-0.03766950.635458,0.49329,1
2430,242.497,0,0,-1.55455,-0.000357302,0.0539362,0.658857,0.000915944,0.0554502,-0.03731910.635458,0.49329,1
2440,249.968,0,0,-1.56316,-0.000357302,0.0539362,0.651065,0.000803482,0.0560207,-0.03657920.635458,0.49329,1
2450,260.323,0,0,-1.57002,-0.000357302,0.0539362,0.643233,0.000553092,0.0564092,-0.03587850.635458,0.49329,1
2460,278.398,0,0,-1.57436,-0.000357302,0.0539362,0.635371,0.000485205,0.0564835,-0.03543060.635458,0.49329,1
2470,285.049,0,0,-1.57679,-0.000357302,0.0539362,0.627494,0.000445385,0.0563754,-0.03476060.635458,0.49329,1
2480,288.436,0,0,-1.57846,-0.000357302,0.0539362,0.619606,0.000130671,0.056324,-0.03375940.635458,0.49329,1
2490,286.426,0,0,-1.58028,-0.000357302,0.0539362,0.61171,-0.000204906,0.0561435,-0.03286380.635458,0.49329,1
2500,290.474,0,0,-1.58188,-0.000357302,0.0539362,0.603804,-0.000518832,0.055803,-0.03262220.635458,0.49329,1
2510,293.369,0,0,-1.58289,-0.000357302,0.0539362,0.595892,-0.000943081,0.0553369,-0.03281960.635458,0.49329,1
2520,292.376,0,0,-1.58376,-0.000357302,0.0539362,0.587976,-0.00133028,0.0547324,-0.03319320.635458,0.49329,1
2530,287.18,0,0,-1.58531,-0.000357302,0.0539362,0.580054,-0.00144364,0.0537395,-0.03372670.635525,0.493211,1
2540,284.375,0,0,-1.58711,-0.000357302,0.0539362,0.572124,-0.00163557,0.0527698,-0.03476330.635713,0.493055,1
2550,279.112,0,0,-1.58979,-0.000357302,0.0539362,0.564182,-0.00208682,0.0522544,-0.03604110.636157,0.492794,1
2560,268.193,0,0,-1.59358,-0.000357302,0.0539362,0.556226,-0.00240786,0.0522764,-0.03740260.636468,0.492704,1
2570,258.075,0,0,-1.59925,-0.000357302,0.0539362,0.548246,-0.002178,0.0523968,-0.03885740.636468,0.492704,1
2580,254.648,0,0,-1.60628,-0.000357302,0.0539362,0.540234,-0.00165624,0.0525139,-0.04050630.636616,0.492737,1
2590,260.747,0,0,-1.61289,-0.000357302,0.0539362,0.532187,-0.00116306,0.0525594,-0.04194550.636798,0.492827,1
2600,261.125,0,0,-1.61861,-0.000357302,0.0539362,0.52411,-0.00068681,0.0527329,-0.04336840.637039,0.493025,1
2610,250.634,-1.08121e-007,-1.683e-007,-1.6256,-0.000357302,0.0539362,0.516002,-0.000246879,0.0529837,-0.04509070.637383,0.493349,1
2620,242.943,-2.4457e-006,-3.7898e-006,-1.63481,-0.000357308,0.0539362,0.507854,-0.00015176,0.0534507,-0.04714670.637632,0.493518,1
2630,260.224,-5.14924e-006,-8.03706e-006,-1.64268,-0.000357327,0.0539362,0.499661,-0.000353009,0.0541679,-0.0488270.637917,0.4937,1
2640,284.43,-8.32459e-006,-1.30681e-005,-1.64675,-0.00035736,0.0539361,0.491436,-0.00066539,0.0550649,-0.04985930.638429,0.494019,1
2650,297.96,-1.19903e-005,-1.90634e-005,-1.64765,-0.000357411,0.053936,0.4832,-0.00120597,0.0557344,-0.05039980.638924,0.49431,1
2660,296.666,-1.28295e-005,-2.62696e-005,-1.64784,-0.000357473,0.0539359,0.474961,-0.00199799,0.0562665,-0.0508160.639224,0.494479,1
2670,286.732,-1.25903e-005,-3.17051e-005,-1.64919,-0.000357537,0.0539358,0.46672,-0.00240322,0.0568107,-0.05089930.639512,0.494644,1
2680,285.215,-1.31954e-005,-3.89606e-005,-1.65141,-0.000357601,0.0539356,0.458469,-0.00211616,0.0571,-0.0507840.639683,0.494766,1
2690,294.403,-1.49281e-005,-4.81231e-005,-1.65291,-0.000357671,0.0539354,0.450208,-0.001699,0.0567042,-0.05078750.639696,0.494776,1
2700,303.263,-1.744e-005,-5.90447e-005,-1.65304,-0.000357751,0.0539351,0.441943,-0.00161033,0.0559942,-0.05104510.639705,0.494784,1
2710,311.151,-2.03752e-005,-7.18474e-005,-1.65211,-0.000357846,0.0539348,0.433679,-0.00160613,0.0553355,-0.05118460.639705,0.494784,1
2720,314.189,-2.40616e-005,-8.65499e-005,-1.65042,-0.000357956,0.0539344,0.425422,-0.00153915,0.0544162,-0.05140730.639705,0.494784,1
2730,313.652,-3.38269e-005,-0.000106216,-1.64866,-0.000358096,0.0539339,0.417174,-0.00155679,0.0531772,-0.05195890.639712,0.494807,1
2740,316.118,-7.83737e-005,-0.000194803,-1.64705,-0.000358376,0.0539332,0.408934,-0.00150182,0.0521757,-0.05264870.639767,0.494908,1
2750,322.93,-0.000124878,-0.000290295,-1.64473,-0.000358883,0.053932,0.400704,-0.00110004,0.0517226,-0.05306550.639821,0.495042,1
2760,336.088,-0.000174248,-0.000393541,-1.64129,-0.000359629,0.0539303,0.392487,-0.000719321,0.0515669,-0.05352360.639956,0.495383,1
2770,347.899,-0.00022686,-0.00050537,-1.63641,-0.000360631,0.053928,0.384291,-0.000786859,0.0516406,-0.05431660.640202,0.495987,1
2780,344.72,-0.000282537,-0.000627382,-1.63105,-0.000361903,0.0539252,0.376121,-0.000825399,0.0518211,-0.0551380.640423,0.496537,1
2790,333.57,-0.000343795,-0.000758605,-1.62674,-0.000363467,0.0539217,0.367976,-0.000276054,0.0520404,-0.0554070.640582,0.496938,1
2800,333.032,-0.000410327,-0.000904047,-1.62316,-0.00036535,0.0539176,0.35985,0.00043183,0.0520813,-0.05529570.640756,0.497365,1
2810,337.137,-0.000482581,-0.00106386,-1.61924,-0.00036758,0.0539127,0.351743,0.000576583,0.0520623,-0.05527220.640886,0.497711,1
2820,343.378,-0.000562582,-0.0012405,-1.61501,-0.000370191,0.0539069,0.343656,0.000195263,0.0521432,-0.05520260.640931,0.497849,1
2830,338.235,-0.00066521,-0.00143594,-1.61078,-0.000373222,0.0539002,0.335591,-0.000536495,0.0525824,-0.05459070.640941,0.49788,1
2840,316.305,-0.00105286,-0.00170693,-1.60866,-0.000377492,0.0538924,0.327542,-0.00159405,0.0532194,-0.05358450.640941,0.49788,1
2850,287.045,-0.00153558,-0.00187457,-1.61015,-0.000383936,0.0538834,0.319497,-0.00252754,0.0540918,-0.05272750.640941,0.49788,1
2860,261.252,-0.0020839,-0.0020701,-1.61604,-0.00039296,0.0538736,0.311434,-0.00243726,0.055027,-0.05200110.640941,0.49788,1
2870,248.009,-0.00263848,-0.00245564,-1.62577,-0.000404757,0.0538623,0.303333,-0.00139477,0.055867,-0.0511850.640941,0.49788,1
2880,247.436,-0.00307669,-0.00290991,-1.63683,-0.000419025,0.0538489,0.295179,-0.000229589,0.0563467,-0.05059170.640941,0.49788,1
2890,253.286,-0.00353595,-0.00348279,-1.64785,-0.000435536,0.0538329,0.286969,0.00063518,0.0567412,-0.0506020.640941,0.49788,1
2900,262.033,-0.0040471,-0.00397813,-1.65749,-0.000454473,0.0538143,0.278706,0.00142915,0.0569665,-0.05073220.640941,0.49788,1
2910,270.963,-0.00459849,-0.00447106,-1.66566,-0.000476072,0.0537932,0.270399,0.00182581,0.056974,-0.05060570.640941,0.49788,1
2920,274.894,-0.00513173,-0.00489053,-1.67321,-0.000500373,0.0537697,0.262053,0.00144543,0.056679,-0.05057610.640941,0.497894,1
2930,284.498,-0.00570721,-0.00519757,-1.67994,-0.000527438,0.0537445,0.25367,0.000532167,0.0560774,-0.05115660.640951,0.498246,1
2940,304.386,-0.00637534,-0.00544345,-1.68454,-0.000557618,0.0537179,0.245258,-0.000365896,0.0547569,-0.05191210.640961,0.498503,1
2950,327.335,-0.00710198,-0.00565339,-1.68637,-0.000591291,0.0536901,0.236829,-0.00120877,0.053075,-0.05246040.640969,0.498798,1
2960,336.509,-0.00787167,-0.00582779,-1.68629,-0.000628715,0.0536614,0.228396,-0.00166764,0.0516876,-0.05300670.640972,0.498859,1
2970,327.841,-0.00866162,-0.00597538,-1.68642,-0.000670052,0.0536319,0.219964,-0.00124561,0.0510459,-0.05407970.640972,0.498859,1
2980,297.779,-0.00944983,-0.00611949,-1.68928,-0.000715332,0.0536017,0.211526,-0.000190242,0.0508218,-0.05532660.640972,0.498859,1
2990,274.634,-0.0102393,-0.00633575,-1.69631,-0.000764595,0.0535706,0.203064,0.000483946,0.0510399,-0.05628340.640972,0.498859,1
