step,rz,Epot,Epot00,prob_atom_crd[2],prob_atom_f[2],target_crd[2],BondedTermsEnergy,NonBondedTermsEnergy,BondStretchEnergy,AngleStretchEnergy,TorsionEnergy,OutOfPlaneEnergy,DispersionEnergy,ElectrostaticEnergy,NonBondedEnergyC,NonBondedEnergyD
0,-0.704491,-3669.18,0,-0.63918,-0.0811869,0.0653108,-4070.58,401.401,62.2596,191.614,-4931.21,606.756,401.399,0.00271018,0,0
1,-0.691708,-3669.44,-0.257171,-0.626397,1.72035,0.0653108,-4070.57,401.136,62.247,191.598,-4931.17,606.757,401.133,0.00270153,0,0
2,-0.678924,-3669.39,-0.212949,-0.613613,5.05632,0.0653108,-4070.56,401.163,62.2525,191.587,-4931.15,606.756,401.16,0.0026953,0,0
3,-0.66614,-3669.31,-0.132028,-0.60083,7.41612,0.0653108,-4070.55,401.243,62.2527,191.588,-4931.15,606.756,401.24,0.00269449,0,0
4,-0.653357,-3669.21,-0.0284512,-0.588046,8.58223,0.0653108,-4070.55,401.345,62.253,191.591,-4931.15,606.755,401.343,0.00269312,0,0
5,-0.640573,-3668.71,0.466479,-0.575262,5.16941,0.0653108,-4070.55,401.839,62.2534,191.593,-4931.15,606.755,401.836,0.0026918,0,0
6,-0.62779,-3668.53,0.645582,-0.562479,3.35249,0.0653108,-4070.55,402.016,62.2539,191.596,-4931.15,606.755,402.013,0.00269002,0,0
7,-0.615006,-3668.5,0.679608,-0.549695,1.86446,0.0653108,-4070.55,402.048,62.2545,191.599,-4931.16,606.755,402.046,0.00268822,0,0
8,-0.602222,-3668.49,0.69142,-0.536912,-0.0515338,0.0653108,-4070.55,402.058,62.2552,191.602,-4931.16,606.755,402.056,0.0026865,0,0
9,-0.589439,-3668.5,0.678367,-0.524128,-1.94985,0.0653108,-4070.54,402.043,62.2558,191.604,-4931.16,606.754,402.041,0.00268492,0,0
10,-0.576655,-3668.54,0.643533,-0.511344,-3.38889,0.0653108,-4070.54,402.007,62.2564,191.607,-4931.16,606.754,402.004,0.00268352,0,0
11,-0.563872,-3668.85,0.328151,-0.498561,-6.33151,0.0653108,-4070.54,401.691,62.2568,191.608,-4931.16,606.754,401.688,0.00268267,0,0
12,-0.551088,-3669.21,-0.0277784,-0.485777,-8.4262,0.0653108,-4070.54,401.334,62.2569,191.608,-4931.16,606.754,401.332,0.00268235,0,0
13,-0.538304,-3669.31,-0.132036,-0.472994,-7.21294,0.0653108,-4070.53,401.216,62.2553,191.548,-4931.08,606.747,401.213,0.00267844,0,0
14,-0.525521,-3669.39,-0.210108,-0.46021,-4.82196,0.0653108,-4070.53,401.138,62.2553,191.548,-4931.08,606.747,401.135,0.00267845,0,0
15,-0.512737,-3669.43,-0.251286,-0.447426,-1.48868,0.0653108,-4070.53,401.097,62.2556,191.549,-4931.08,606.746,401.094,0.00267833,0,0
16,-0.499954,-3669.17,0.0127751,-0.434643,0.177531,0.0653108,-4070.53,401.361,62.2559,191.549,-4931.08,606.746,401.358,0.00267826,0,0
17,-0.48717,-3669.35,-0.171293,-0.421859,-1.68262,0.0653108,-4070.53,401.177,62.2564,191.55,-4931.08,606.745,401.174,0.00267811,0,0
18,-0.474386,-3669.35,-0.168171,-0.409076,2.07398,0.0653108,-4070.53,401.18,62.257,191.55,-4931.08,606.744,401.178,0.00267788,0,0
19,-0.461603,-3669.3,-0.12155,-0.396292,5.06426,0.0653108,-4070.53,401.227,62.2576,191.551,-4931.08,606.743,401.224,0.00267767,0,0
20,-0.448819,-3669.36,-0.183023,-0.383508,5.89394,0.0653108,-4070.53,401.166,62.2581,191.552,-4931.08,606.742,401.163,0.00267752,0,0
21,-0.436036,-3669.28,-0.102231,-0.370725,6.54492,0.0653108,-4070.53,401.246,62.2585,191.552,-4931.08,606.741,401.244,0.00267742,0,0
22,-0.423252,-3668.7,0.482287,-0.357941,1.6063,0.0653108,-4070.53,401.831,62.2588,191.553,-4931.08,606.741,401.828,0.00267737,0,0
23,-0.410468,-3668.68,0.497206,-0.345157,0.582729,0.0653108,-4070.53,401.846,62.2589,191.553,-4931.08,606.74,401.843,0.00267733,0,0
24,-0.397685,-3668.69,0.494209,-0.332374,-1.13624,0.0653108,-4070.53,401.843,62.2589,191.553,-4931.08,606.74,401.84,0.00267731,0,0
25,-0.384901,-3668.85,0.331048,-0.31959,-4.4558,0.0653108,-4070.53,401.68,62.2589,191.553,-4931.08,606.74,401.677,0.00267731,0,0
26,-0.372117,-3668.92,0.260639,-0.306807,-6.50314,0.0653108,-4070.53,401.609,62.259,191.553,-4931.08,606.74,401.607,0.0026773,0,0
27,-0.359334,-3669.01,0.167133,-0.294023,-7.99954,0.0653108,-4070.53,401.516,62.259,191.553,-4931.08,606.74,401.513,0.00267726,0,0
28,-0.34655,-3669.25,-0.0721027,-0.281239,-9.69173,0.0653108,-4070.53,401.277,62.2591,191.553,-4931.08,606.74,401.274,0.00267724,0,0
29,-0.333767,-3669.66,-0.479049,-0.268456,-11.478,0.0653108,-4070.53,400.87,62.2592,191.553,-4931.08,606.74,400.867,0.00267721,0,0
30,-0.320983,-3669.79,-0.614444,-0.255672,-9.39015,0.0653108,-4070.53,400.734,62.2592,191.553,-4931.08,606.74,400.732,0.0026772,0,0
31,-0.308199,-3669.89,-0.709885,-0.242889,-5.1214,0.0653108,-4070.53,400.639,62.2592,191.553,-4931.08,606.74,400.636,0.0026772,0,0
32,-0.295416,-3669.91,-0.732465,-0.230105,2.20497,0.0653108,-4070.53,400.616,62.2593,191.553,-4931.08,606.739,400.614,0.0026772,0,0
33,-0.282632,-3669.45,-0.266357,-0.217321,8.44609,0.0653108,-4070.57,401.124,62.158,191.734,-4931.23,606.765,401.121,0.00250203,0,0
34,-0.269849,-3669.64,-0.458602,-0.204538,24.5649,0.0653108,-4070.55,400.915,62.1254,191.952,-4931.45,606.817,400.912,0.00238027,0,0
35,-0.257065,-3669.13,0.0508109,-0.191754,58.2136,0.0653108,-4070.55,401.424,62.1283,191.959,-4931.46,606.815,401.421,0.00237822,0,0
36,-0.244281,-3668.05,1.12792,-0.178971,117.455,0.0653108,-4070.55,402.5,62.1368,191.979,-4931.48,606.809,402.498,0.00237228,0,0
37,-0.231498,-3665.94,3.24322,-0.166187,223.921,0.0653108,-4070.55,404.614,62.156,192.025,-4931.53,606.795,404.612,0.00235879,0,0
38,-0.218714,-3661.96,7.2173,-0.153403,416.89,0.0653108,-4070.55,408.583,62.1982,192.124,-4931.63,606.766,408.581,0.00233028,0,0
39,-0.205931,-3654.13,15.0476,-0.14062,762.432,0.0653108,-4070.53,416.394,62.292,192.332,-4931.85,606.704,416.392,0.00227125,0,0
40,-0.193147,-3640.75,28.4304,-0.127836,1391.71,0.0653108,-4070.45,429.703,62.5058,192.763,-4932.3,606.58,429.701,0.00215467,0,0
41,-0.180363,-3616.52,52.6568,-0.115052,2499.93,0.0653108,-4070.16,453.634,63.0345,193.671,-4933.2,606.334,453.632,0.00193165,0,0
42,-0.16758,-3573.57,95.6123,-0.102269,4375.83,0.0653108,-4069,495.43,64.46,195.603,-4934.93,605.867,495.428,0.00154282,0,0
43,-0.154796,-3500.39,168.787,-0.0894853,7320.82,0.0653108,-4064.71,564.316,68.5373,199.746,-4938.05,605.059,564.315,0.00100231,0,0
44,-0.142012,-3381.14,288.042,-0.0767017,11352.6,0.0653108,-4050.71,669.577,79.9301,208.465,-4943,603.89,669.576,0.000477095,0,0
45,-0.129229,-3208.39,460.792,-0.063918,15730.4,0.0653108,-4013.65,805.261,107.635,225.332,-4949.31,602.692,805.261,0.000113084,0,0
46,-0.116445,-2983.94,685.238,-0.0511344,18998.8,0.0653108,-3938.8,954.855,161.116,253.12,-4955.21,602.179,954.855,1.30015e-005,0,0
47,-0.103662,-2732.27,936.912,-0.0383508,19910.1,0.0653108,-3824.59,1092.32,240.816,290.54,-4958.83,602.892,1092.32,0,0,0
48,-0.090878,-2485.94,1183.24,-0.0255672,18185.2,0.0653108,-3688.12,1202.18,334.867,331.975,-4959.67,604.706,1202.18,0,0,0
49,-0.0780944,-2275.48,1393.7,-0.0127836,14306,0.0653108,-3555.4,1279.93,425.73,370.427,-4958.55,606.995,1279.93,0,0,0
50,-0.0653108,-2125.79,1543.39,0,9021.23,0.0653108,-3449.97,1324.18,497.656,400.112,-4956.79,609.051,1324.18,0,0,0
51,-0.0525272,-2048.52,1620.66,0.0127836,3075.42,0.0653108,-3387.63,1339.11,540.117,417.388,-4955.47,610.341,1339.11,0,0,0
52,-0.0397436,-2047.41,1621.77,0.0255672,-2892.59,0.0653108,-3375.45,1328.03,548.408,420.742,-4955.2,610.599,1328.03,0,0,0
53,-0.02696,-3531.72,137.458,0.0383508,-192.871,0.0653108,-4029.32,497.601,84.4784,255.55,-4961.78,592.429,497.601,0,0,0
54,-0.0141764,-3536.11,133.065,0.0511344,-431.618,0.0653108,-4032.81,496.692,83.6922,252.527,-4961.24,592.219,496.692,0,0,0
55,-0.00139278,-3461.98,207.203,0.063918,-2572.7,0.0653108,-4029.67,567.698,85.1263,254.615,-4962.51,593.09,567.698,0,0,0
56,0.0113908,-3553.14,116.038,0.0767017,-863.724,0.0653108,-4042.5,489.358,80.3608,242.886,-4958.77,593.024,489.358,0,0,0
57,0.0241744,-3521.07,148.107,0.0894853,-2766.85,0.0653108,-4042.81,521.734,79.6013,244.353,-4959.35,592.59,521.734,0,0,0
58,0.0369581,-3578.57,90.6129,0.102269,-1089.74,0.0653108,-4053.33,474.767,75.8394,230.692,-4954.89,595.025,474.767,9.46175e-005,0,0
59,0.0497417,-3592.51,76.6733,0.115052,-1106.32,0.0653108,-4058.38,465.871,73.526,224.482,-4952.66,596.278,465.871,0.000550464,0,0
60,0.0625253,-3596.28,72.9011,0.127836,-1624.75,0.0653108,-4058.38,462.101,73.5193,224.459,-4952.64,596.284,462.1,0.000547337,0,0
61,0.0753089,-3613.5,55.681,0.14062,-1028.86,0.0653108,-4058.36,444.86,73.4831,224.255,-4952.44,596.341,444.859,0.000519368,0,0
62,0.0880925,-3623.93,45.2458,0.153403,-632.128,0.0653108,-4058.32,434.384,73.4822,224.151,-4952.32,596.373,434.384,0.000504445,0,0
63,0.100876,-3630.28,38.9026,0.166187,-379.711,0.0653108,-4058.29,428.011,73.4872,224.097,-4952.26,596.391,428.011,0.000496558,0,0
64,0.11366,-3634.22,34.9625,0.178971,-222.767,0.0653108,-4058.27,424.052,73.4914,224.069,-4952.23,596.4,424.052,0.000492328,0,0
65,0.126443,-3636.15,33.0336,0.191754,-128.453,0.0653108,-4058.26,422.114,73.4939,224.055,-4952.21,596.405,422.113,0.00049022,0,0
66,0.139227,-3637.38,31.7999,0.204538,-71.4718,0.0653108,-4058.25,420.875,73.4953,224.048,-4952.21,596.407,420.874,0.000489159,0,0
67,0.152011,-3638.34,30.8407,0.217321,-39.7066,0.0653108,-4058.25,419.912,73.4962,224.044,-4952.2,596.409,419.912,0.0004885,0,0
68,0.164794,-3638.69,30.4868,0.230105,-17.471,0.0653108,-4058.25,419.557,73.4966,224.042,-4952.2,596.409,419.557,0.000488238,0,0
69,0.177578,-3638.7,30.4767,0.242889,-4.91551,0.0653108,-4058.25,419.546,73.4968,224.041,-4952.2,596.41,419.546,0.000488124,0,0
70,0.190361,-3638.71,30.4693,0.255672,2.99557,0.0653108,-4058.25,419.539,73.4968,224.041,-4952.2,596.41,419.538,0.000488054,0,0
71,0.203145,-3638.52,30.6625,0.268456,6.05009,0.0653108,-4058.25,419.732,73.4969,224.04,-4952.2,596.41,419.731,0.000488023,0,0
72,0.215929,-3638.18,30.9978,0.281239,5.53894,0.0653108,-4058.25,420.066,73.497,224.04,-4952.2,596.41,420.066,0.000487901,0,0
73,0.228712,-3638.11,31.0709,0.294023,5.67124,0.0653108,-4058.25,420.139,73.4971,224.039,-4952.19,596.41,420.139,0.000487837,0,0
74,0.241496,-3638.04,31.1382,0.306807,4.73271,0.0653108,-4058.25,420.206,73.4972,224.039,-4952.19,596.411,420.206,0.000487759,0,0
75,0.254279,-3637.99,31.1899,0.31959,3.32107,0.0653108,-4058.25,420.257,73.4974,224.038,-4952.19,596.411,420.257,0.000487678,0,0
76,0.267063,-3637.96,31.2234,0.332374,1.96903,0.0653108,-4058.25,420.29,73.4975,224.037,-4952.19,596.411,420.29,0.000487586,0,0
77,0.279847,-3638.07,31.1108,0.345157,-0.0447365,0.0653108,-4058.25,420.177,73.4976,224.037,-4952.19,596.411,420.177,0.000487518,0,0
78,0.29263,-3669.69,-0.510829,0.357941,-3.06054,0.0653108,-4070.61,400.918,62.3064,191.685,-4931.34,606.745,400.915,0.00272394,0,0
79,0.305414,-3669.73,-0.548388,0.370725,-2.64529,0.0653108,-4070.61,400.88,62.3062,191.684,-4931.34,606.746,400.878,0.00272415,0,0
80,0.318197,-3669.75,-0.573962,0.383508,-1.1801,0.0653108,-4070.61,400.855,62.3057,191.681,-4931.34,606.747,400.852,0.00272453,0,0
81,0.330981,-3669.75,-0.574309,0.396292,1.27719,0.0653108,-4070.61,400.855,62.3051,191.678,-4931.34,606.749,400.853,0.00272497,0,0
82,0.343765,-3669.59,-0.408257,0.409076,3.39645,0.0653108,-4070.61,401.022,62.3044,191.674,-4931.34,606.751,401.019,0.00272546,0,0
83,0.356548,-3669.54,-0.362663,0.421859,2.72635,0.0653108,-4070.61,401.068,62.3038,191.671,-4931.34,606.752,401.065,0.00272587,0,0
84,0.369332,-3669.77,-0.58632,0.434643,3.98325,0.0653108,-4070.61,400.845,62.3031,191.668,-4931.34,606.754,400.842,0.00272634,0,0
85,0.382116,-3669.57,-0.386825,0.447426,5.74816,0.0653108,-4070.61,401.045,62.3027,191.666,-4931.33,606.755,401.042,0.0027266,0,0
86,0.394899,-3669.48,-0.297462,0.46021,8.07017,0.0653108,-4070.61,401.134,62.3023,191.664,-4931.33,606.756,401.132,0.00272691,0,0
87,0.407683,-3669.36,-0.185053,0.472994,9.32745,0.0653108,-4070.61,401.247,62.3019,191.663,-4931.33,606.757,401.244,0.00272714,0,0
88,0.420466,-3669.08,0.103196,0.485777,7.88557,0.0653108,-4070.61,401.535,62.3018,191.662,-4931.33,606.757,401.533,0.00272724,0,0
89,0.43325,-3668.61,0.569494,0.498561,3.86612,0.0653108,-4070.61,402.002,62.3014,191.66,-4931.33,606.758,401.999,0.00272747,0,0
90,0.446034,-3668.57,0.611624,0.511344,2.60711,0.0653108,-4070.61,402.044,62.3013,191.66,-4931.33,606.758,402.042,0.00272757,0,0
91,0.458817,-3668.55,0.633943,0.524128,0.832755,0.0653108,-4070.61,402.067,62.3012,191.659,-4931.33,606.758,402.064,0.00272764,0,0
92,0.471601,-3668.55,0.632516,0.536912,-1.03466,0.0653108,-4070.61,402.065,62.3011,191.659,-4931.33,606.758,402.063,0.00272771,0,0
93,0.484384,-3668.57,0.608971,0.549695,-2.55584,0.0653108,-4070.61,402.042,62.301,191.659,-4931.33,606.759,402.039,0.00272776,0,0
94,0.497168,-3668.74,0.438443,0.562479,-4.49993,0.0653108,-4070.61,401.871,62.301,191.658,-4931.33,606.759,401.869,0.00272782,0,0
95,0.509952,-3669.22,-0.0396675,0.575262,-8.00532,0.0653108,-4070.61,401.393,62.3006,191.657,-4931.33,606.76,401.391,0.00272803,0,0
96,0.522735,-3669.32,-0.137055,0.588046,-7.02625,0.0653108,-4070.61,401.296,62.3005,191.656,-4931.33,606.76,401.293,0.00272815,0,0
97,0.535519,-3669.39,-0.214165,0.60083,-4.84564,0.0653108,-4070.61,401.219,62.3002,191.655,-4931.33,606.761,401.217,0.00272832,0,0
98,0.548302,-3669.44,-0.256493,0.613613,-1.62532,0.0653108,-4070.61,401.177,62.2999,191.654,-4931.33,606.761,401.174,0.0027285,0,0
99,0.561086,-3669.43,-0.252611,0.626397,2.32086,0.0653108,-4070.61,401.181,62.2995,191.653,-4931.33,606.762,401.178,0.00272869,0,0
