step,T,r,sn_vel[0],sn_vel[1],sn_vel[2],sn_crd[0],sn_crd[1],sn_crd[2],sn_f[0],sn_f[1],sn_f[2],target_crd[0],target_crd[1],target_crd[2],boundary[0],boundary[1],boundary[2]
0,0.00208508,1.03424,0,0,0,-3.50855e-008,4.87674e-009,0.981818,0,0,0,0.000242141,0.0551884,-0.0509485,0.63579,0.49994,1
10,0.339798,1.03422,0,0,0,-3.50855e-008,4.87674e-009,0.981818,0,0,0,0.000245104,0.0552,-0.0509274,0.635814,0.499948,1
20,0.487261,1.03416,0,0,0,-3.50855e-008,4.87674e-009,0.981818,0,0,0,0.00026774,0.0552193,-0.0508639,0.635819,0.499949,1
30,0.712527,1.03408,0,0,0,-3.50855e-008,4.87674e-009,0.981818,0,0,0,0.000309095,0.0552249,-0.0507894,0.63582,0.499949,1
40,0.891391,1.034,0,0,0,-3.50855e-008,4.87674e-009,0.981818,0,0,0,0.000324776,0.0552335,-0.0507035,0.635823,0.499948,1
50,1.00961,1.0339,0,0,0,-3.50855e-008,4.87674e-009,0.981818,0,0,0,0.000320012,0.0552435,-0.0506047,0.635843,0.499939,1
60,1.06754,1.03377,0,0,0,-3.50855e-008,4.87674e-009,0.981818,0,0,0,0.000318698,0.0552575,-0.0504748,0.635859,0.499926,1
70,1.12965,1.03363,0,0,0,-3.50855e-008,4.87674e-009,0.981818,0,0,0,0.000317672,0.0552674,-0.0503312,0.635882,0.499901,1
80,1.15466,1.03348,0,0,0,-3.50855e-008,4.87674e-009,0.981818,0,0,0,0.000297377,0.0552687,-0.0501838,0.635908,0.499859,1
90,1.21121,1.03334,0,0,0,-3.50855e-008,4.87674e-009,0.981818,0,0,0,0.000274249,0.0552561,-0.0500475,0.635916,0.499836,1
100,1.23864,1.03321,0,0,0,-3.50855e-008,4.87674e-009,0.981818,0,0,0,0.000267251,0.0552413,-0.0499111,0.635922,0.499811,1
110,10.4527,1.03289,0,0,0,-3.50855e-008,4.87674e-009,0.981818,0,0,0,0.000272182,0.0552107,-0.0495913,0.635944,0.499701,1
120,17.7744,1.03237,0,0,0,-3.50855e-008,4.87674e-009,0.981818,0,0,0,0.00025538,0.0551777,-0.0490754,0.635963,0.499614,1
130,22.8009,1.03178,0,0,0,-3.50855e-008,4.87674e-009,0.981818,0,0,0,0.000221478,0.0551652,-0.0484823,0.635989,0.499518,1
140,26.1118,1.03115,0,0,0,-3.50855e-008,4.87674e-009,0.981818,0,0,0,0.000193695,0.0551721,-0.047857,0.636022,0.499419,1
150,28.249,1.0305,0,0,0,-3.50855e-008,4.87674e-009,0.981818,0,0,0,0.00015312,0.0551693,-0.0472022,0.636067,0.499298,1
160,29.5078,1.02982,0,0,0,-3.50855e-008,4.87674e-009,0.981818,0,0,0,7.99144e-005,0.0551523,-0.0465261,0.636111,0.499196,1
170,30.2458,1.02916,0,0,0,-3.50855e-008,4.87674e-009,0.981818,0,0,0,1.39478e-005,0.0551179,-0.0458632,0.636143,0.499132,1
180,30.5487,1.02851,0,0,0,-3.50855e-008,4.87674e-009,0.981818,0,0,0,-2.38454e-005,0.0550625,-0.0452186,0.636182,0.499062,1
190,30.5384,1.02788,0,0,0,-3.50855e-008,4.87674e-009,0.981818,0,0,0,-6.30235e-005,0.0550135,-0.0445905,0.636237,0.498974,1
200,30.4095,1.02728,0,0,0,-3.50855e-008,4.87674e-009,0.981818,0,0,0,-0.000108137,0.0549985,-0.0439843,0.636287,0.4989,1
210,39.549,1.02664,0,0,0,-3.50855e-008,4.87674e-009,0.981818,0,0,0,-0.000141343,0.0549939,-0.0433446,0.63633,0.498844,1
220,45.6545,1.02593,0,0,0,-3.50855e-008,4.87674e-009,0.981818,0,0,0,-0.000185288,0.0549677,-0.0426428,0.636379,0.498784,1
230,49.6775,1.0252,0,0,0,-3.50855e-008,4.87674e-009,0.981818,0,0,0,-0.000273886,0.0549353,-0.0419059,0.636436,0.498722,1
240,52.1222,1.02448,0,0,0,-3.50855e-008,4.87674e-009,0.981818,0,0,0,-0.00038116,0.0549072,-0.0411872,0.636496,0.49866,1
250,53.5064,1.0238,0,0,0,-3.50855e-008,4.87674e-009,0.981818,0,0,0,-0.000474171,0.0548704,-0.0405067,0.636578,0.498579,1
260,54.1331,1.02313,0,0,0,-3.50855e-008,4.87674e-009,0.981818,0,0,0,-0.000552468,0.0548132,-0.0398471,0.636674,0.49849,1
270,54.1085,1.02246,0,0,0,-3.50855e-008,4.87674e-009,0.981818,0,0,0,-0.000611009,0.0547553,-0.0391757,0.636758,0.498415,1
280,53.6576,1.02182,0,0,0,-3.50855e-008,4.87674e-009,0.981818,0,0,0,-0.000620583,0.0547037,-0.0385388,0.636859,0.498329,1
290,52.7122,1.02124,0,0,0,-3.50855e-008,4.87674e-009,0.981818,0,0,0,-0.000612025,0.0546611,-0.037962,0.636991,0.49822,1
300,51.5348,1.02071,0,0,0,-3.50855e-008,4.87674e-009,0.981818,0,0,0,-0.000648848,0.0546205,-0.0374262,0.637117,0.498121,1
310,59.2862,1.02012,0,0,0,-3.50855e-008,4.87674e-009,0.981818,0,0,0,-0.000738212,0.054598,-0.03684,0.637253,0.498017,1
320,63.5509,1.0195,0,0,0,-3.50855e-008,4.87674e-009,0.981818,0,0,0,-0.000808419,0.0545833,-0.036217,0.637449,0.497873,1
330,65.4576,1.01885,0,0,0,-3.50855e-008,4.87674e-009,0.981818,0,0,0,-0.000851654,0.0545589,-0.0355683,0.637685,0.497703,1
340,65.838,1.01819,0,0,0,-3.50855e-008,4.87674e-009,0.981818,0,0,0,-0.000906746,0.0545102,-0.0349142,0.637923,0.497537,1
350,65.4903,1.01751,0,0,0,-3.50855e-008,4.87674e-009,0.981818,0,0,0,-0.00096544,0.0544636,-0.034237,0.638156,0.497378,1
360,64.5623,1.01683,0,0,0,-3.50855e-008,4.87674e-009,0.981818,0,0,0,-0.000973166,0.0544033,-0.0335588,0.638378,0.497231,1
370,63.7125,1.01607,0,0,0,-3.50855e-008,4.87674e-009,0.981818,0,0,0,-0.000937099,0.0543256,-0.0327971,0.638601,0.497088,1
380,63.1158,1.01521,0,0,0,-3.50855e-008,4.87674e-009,0.981818,0,0,0,-0.000868619,0.0542334,-0.0319374,0.63883,0.496945,1
390,63.0429,1.01426,0,0,0,-3.50855e-008,4.87674e-009,0.981818,0,0,0,-0.000788612,0.0541462,-0.0309915,0.639027,0.496824,1
400,63.7214,1.01332,0,0,0,-3.50855e-008,4.87674e-009,0.981818,0,0,0,-0.000721411,0.0540664,-0.0300571,0.639182,0.496732,1
410,74.231,1.01229,0,0,0,-3.50855e-008,4.87674e-009,0.981818,0,0,0,-0.000666872,0.0540311,-0.0290326,0.639317,0.496654,1
420,82.2583,1.01112,0,0,0,-3.50855e-008,4.87674e-009,0.981818,0,0,0,-0.000570675,0.0540052,-0.0278561,0.639401,0.496607,1
430,88.7727,1.00977,0,0,0,-3.50855e-008,4.87674e-009,0.981818,0,0,0,-0.000437257,0.0539288,-0.0265118,0.639436,0.496587,1
440,93.9219,1.00841,0,0,0,-3.50855e-008,4.87674e-009,0.981818,0,0,0,-0.000306923,0.0538272,-0.0251503,0.639484,0.496561,1
450,97.9602,1.00704,0,0,0,-3.50855e-008,4.87674e-009,0.981818,0,0,0,-0.000217479,0.0538162,-0.0237779,0.639571,0.496516,1
460,101.253,1.00567,0,0,0,-3.50855e-008,4.87674e-009,0.981818,0,0,0,-0.000145172,0.0538813,-0.0224056,0.639626,0.496488,1
470,103.277,1.00428,0,0,0,-3.50855e-008,4.87674e-009,0.981818,0,0,0,-7.54599e-006,0.0539281,-0.0210116,0.639716,0.496443,1
480,104.686,1.00295,0,0,0,-3.50855e-008,4.87674e-009,0.981818,0,0,0,0.0002452,0.0539483,-0.0196791,0.639828,0.496389,1
490,104.868,1.00163,0,0,0,-3.50855e-008,4.87674e-009,0.981818,0,0,0,0.000535128,0.0540101,-0.0183519,0.639961,0.496326,1
500,103.868,1.00032,0,0,0,-3.50855e-008,4.87674e-009,0.981818,0,0,0,0.000784449,0.0540943,-0.0170389,0.640112,0.496257,1
510,111.373,0.999003,0,0,0,-3.50855e-008,4.87674e-009,0.981818,0,0,0,0.00103837,0.0541615,-0.0157153,0.640295,0.496176,1
520,115.324,0.99773,0,0,0,-3.50855e-008,4.87674e-009,0.981818,0,0,0,0.00131492,0.0542612,-0.0144347,0.640525,0.496077,1
530,117.473,0.996466,0,0,0,-3.50855e-008,4.87674e-009,0.981818,0,0,0,0.00154052,0.0544139,-0.0131595,0.640787,0.495967,1
540,119.953,0.995212,0,0,0,-3.50855e-008,4.87674e-009,0.981818,0,0,0,0.0016937,0.0545277,-0.0118972,0.641041,0.495864,1
550,122.485,0.993986,0,0,0,-3.50855e-008,4.87674e-009,0.981818,0,0,0,0.00186645,0.0545657,-0.010667,0.641276,0.495771,1
560,125.91,0.992846,0,0,0,-3.50855e-008,4.87674e-009,0.981818,0,0,0,0.00204546,0.0546156,-0.00952207,0.641523,0.495677,1
570,129.97,0.991776,0,0,0,-3.50855e-008,4.87674e-009,0.981818,0,0,0,0.0021698,0.0546748,-0.00844705,0.641762,0.495588,1
580,134.142,0.99077,0,0,0,-3.50855e-008,4.87674e-009,0.981818,0,0,0,0.00235561,0.0546831,-0.00743916,0.641947,0.495521,1
590,139.036,0.989871,0,0,0,-3.50855e-008,4.87674e-009,0.981818,0,0,0,0.00281192,0.0546763,-0.00653762,0.642126,0.495458,1
600,143.315,0.989126,0,0,0,-3.50855e-008,4.87674e-009,0.981818,0,0,0,0.00342307,0.0547097,-0.00578787,0.642363,0.495377,1
610,156.238,0.988547,0,0,0,-3.50855e-008,4.87674e-009,0.981818,0,0,0,0.0039383,0.054692,-0.00520673,0.642599,0.495299,1
620,166.076,0.98812,0,0,0,-3.50855e-008,4.87674e-009,0.981818,0,0,0,0.00436741,0.0545882,-0.00478329,0.642778,0.495242,1
630,173.916,0.987911,0,0,0,-3.50855e-008,4.87674e-009,0.981818,0,0,0,0.00484899,0.0544774,-0.00457723,0.64297,0.495182,1
640,180.882,0.987947,0,0,0,-3.50855e-008,4.87674e-009,0.981818,0,0,0,0.00526312,0.0544533,-0.00461311,0.64321,0.495112,1
650,187.078,0.98826,0,0,0,-3.50855e-008,4.87674e-009,0.981818,0,0,0,0.00549059,0.0544912,-0.00492292,0.643426,0.495052,1
660,191.852,0.988763,0,0,0,-3.50855e-008,4.87674e-009,0.981818,0,0,0,0.00568653,0.0545435,-0.00542254,0.643613,0.495003,1
670,194.281,0.98943,0,0,0,-3.50855e-008,4.87674e-009,0.981818,0,0,0,0.00597305,0.0545696,-0.00608801,0.643829,0.49495,1
680,194.488,0.990226,0,0,0,-3.50855e-008,4.87674e-009,0.981818,0,0,0,0.0062826,0.0546103,-0.00688102,0.644083,0.494891,1
690,192.755,0.991229,0,0,0,-3.50855e-008,4.87674e-009,0.981818,0,0,0,0.00657733,0.0546221,-0.00788264,0.64434,0.49483,1
700,190.448,0.992418,0,0,0,-3.50855e-008,4.87674e-009,0.981818,0,0,0,0.00688414,0.0545326,-0.00907695,0.64457,0.494772,1
710,197.1,0.993852,0,0,0,-3.50855e-008,4.87674e-009,0.981818,0,0,0,0.00709024,0.0543825,-0.0105191,0.644794,0.494712,1
720,200.311,0.995455,0,0,0,-3.50855e-008,4.87674e-009,0.981818,0,0,0,0.00713028,0.0543117,-0.0121286,0.645055,0.49464,1
730,201.575,0.997175,0,0,0,-3.50855e-008,4.87674e-009,0.981818,0,0,0,0.00709427,0.0542992,-0.0138516,0.645313,0.494565,1
740,201.82,0.998892,0,0,0,-3.50855e-008,4.87674e-009,0.981818,0,0,0,0.00709767,0.0543106,-0.0155713,0.64546,0.49452,1
750,201.072,1.00065,0,0,0,-3.50855e-008,4.87674e-009,0.981818,0,0,0,0.00698904,0.0543734,-0.0173242,0.645482,0.494513,1
760,200.043,1.00235,0,0,0,-3.50855e-008,4.87674e-009,0.981818,0,0,0,0.00667218,0.0544881,-0.0190251,0.645482,0.494513,1
770,199.539,1.00395,0,0,0,-3.50855e-008,4.87674e-009,0.981818,0,0,0,0.00625153,0.0546166,-0.0206242,0.645482,0.494513,1
780,199.758,1.00537,0,0,0,-3.50855e-008,4.87674e-009,0.981818,0,0,0,0.00593945,0.0548106,-0.0220384,0.645482,0.494513,1
790,200.27,1.0067,0,0,0,-3.50855e-008,4.87674e-009,0.981818,0,0,0,0.00566191,0.0550314,-0.0233651,0.645482,0.494513,1
800,201.297,1.00795,0,0,0,-3.50855e-008,4.87674e-009,0.981818,0,0,0,0.00536658,0.0551943,-0.0246015,0.645482,0.494513,1
810,211.123,1.00913,0,0,0,-3.50855e-008,4.87674e-009,0.981818,0,0,0,0.00507933,0.0553093,-0.025785,0.645482,0.494513,1
820,215.653,1.01023,0,0,0,-3.50855e-008,4.87674e-009,0.981818,0,0,0,0.00486355,0.0553981,-0.0268771,0.645482,0.494513,1
830,215.293,1.01128,0,0,0,-3.50855e-008,4.87674e-009,0.981818,0,0,0,0.00459621,0.0554099,-0.0279294,0.645482,0.494513,1
840,210.38,1.01222,0,0,0,-3.50855e-008,4.87674e-009,0.981818,0,0,0,0.00431104,0.0553859,-0.0288804,0.645482,0.494513,1
850,202.237,1.01306,0,0,0,-3.50855e-008,4.87674e-009,0.981818,0,0,0,0.00403391,0.0553385,-0.029726,0.645482,0.494513,1
860,193.567,1.01383,0,0,0,-3.50855e-008,4.87674e-009,0.981818,0,0,0,0.00375088,0.0551607,-0.0304991,0.645482,0.494513,1
870,186.437,1.01464,0,0,0,-3.50855e-008,4.87674e-009,0.981818,0,0,0,0.0034068,0.0548234,-0.0313342,0.645482,0.494513,1
880,182.463,1.01547,0,0,0,-3.50855e-008,4.87674e-009,0.981818,0,0,0,0.00318289,0.0544569,-0.0321853,0.645482,0.494513,1
890,181.518,1.01623,0,0,0,-3.50855e-008,4.87674e-009,0.981818,0,0,0,0.00312073,0.0541387,-0.0329647,0.645482,0.494513,1
900,181.781,1.01689,0,0,0,-3.50855e-008,4.87674e-009,0.981818,0,0,0,0.00311266,0.0539197,-0.0336382,0.645482,0.494513,1
910,193.44,1.01751,0,0,0,-3.50855e-008,4.87674e-009,0.981818,0,0,0,0.00303172,0.0538411,-0.0342659,0.645482,0.494513,1
920,204.106,1.01805,0,0,0,-3.50855e-008,4.87674e-009,0.981818,0,0,0,0.00299035,0.0538479,-0.0347994,0.645482,0.494513,1
930,215.123,1.01848,0,0,0,-3.50855e-008,4.87674e-009,0.981818,0,0,0,0.00296676,0.0538728,-0.0352347,0.645482,0.494513,1
940,225.21,1.01892,0,0,0,-3.50855e-008,4.87674e-009,0.981818,0,0,0,0.00294205,0.053977,-0.0356711,0.645482,0.494513,1
950,231.394,1.01941,0,0,0,-3.50855e-008,4.87674e-009,0.981818,0,0,0,0.00297112,0.0541787,-0.0361457,0.645482,0.494513,1
960,233.886,1.01979,0,0,0,-3.50855e-008,4.87674e-009,0.981818,0,0,0,0.00313825,0.0543969,-0.036513,0.645482,0.494513,1
970,237.663,1.01989,0,0,0,-3.50855e-008,4.87674e-009,0.981818,0,0,0,0.00326296,0.0545516,-0.0366079,0.645482,0.494513,1
980,245.069,1.01965,0,0,0,-3.50855e-008,4.87674e-009,0.981818,0,0,0,0.00336919,0.0545375,-0.036371,0.645482,0.494513,1
990,256.708,1.01903,0,0,0,-3.50855e-008,4.87674e-009,0.981818,0,0,0,0.0036487,0.0543449,-0.0357524,0.645482,0.494513,1
1000,269.782,1.01805,0,0,0,-3.50855e-008,4.87674e-009,0.981818,0,0,0,0.00412153,0.0541192,-0.0347821,0.644017,0.494035,1
1010,290.67,1.01681,0,0,0,-3.50855e-008,4.87674e-009,0.981818,0,0,0,0.00448064,0.0539567,-0.0335519,0.643137,0.493884,1
1020,303.038,1.01551,0,0,0,-3.50855e-008,4.87674e-009,0.981818,0,0,0,0.00464951,0.0538021,-0.0322556,0.641741,0.493635,1
1030,315.611,1.01424,0,0,0,-3.50855e-008,4.87674e-009,0.981818,0,0,0,0.00470248,0.0536876,-0.0309883,0.641526,0.493478,1
1040,325.442,1.01295,0,0,0,-3.50855e-008,4.87674e-009,0.981818,0,0,0,0.00468706,0.0536421,-0.0297027,0.641181,0.493285,1
1050,335.323,1.01147,0,0,0,-3.50855e-008,4.87674e-009,0.981818,0,0,0,0.00470305,0.0536874,-0.0282144,0.640793,0.493129,1
1060,345.268,1.00989,0,0,0,-3.50855e-008,4.87674e-009,0.981818,0,0,0,0.00500724,0.0538373,-0.0266231,0.640681,0.493136,1
1070,356.413,1.0084,0,0,0,-3.50855e-008,4.87674e-009,0.981818,0,0,0,0.00556782,0.0540171,-0.0251218,0.640475,0.493166,1
1080,367.819,1.00714,0,0,0,-3.50855e-008,4.87674e-009,0.981818,0,0,0,0.00600005,0.0540543,-0.023853,0.639961,0.49325,1
1090,381.305,1.00606,0,0,0,-3.50855e-008,4.87674e-009,0.981818,0,0,0,0.00611503,0.0540205,-0.0227724,0.639382,0.493348,1
1100,394.6,1.00524,0,0,0,-3.50855e-008,4.87674e-009,0.981818,0,0,0,0.00609718,0.054024,-0.021946,0.638695,0.493464,1
1110,398.862,1.00465,0,0,0,-3.50855e-008,4.87674e-009,0.981818,0,0,0,0.00602606,0.054067,-0.0213627,0.637871,0.493604,1
1120,393.975,1.00432,0,0,0,-3.50855e-008,4.87674e-009,0.981818,0,0,0,0.00576178,0.0542259,-0.0210225,0.637009,0.493753,1
1130,385.669,1.00411,0,0,0,-3.50855e-008,4.87674e-009,0.981818,0,0,0,0.00546756,0.0546447,-0.020791,0.636344,0.493879,1
1140,374.083,1.00405,0,0,0,-3.50855e-008,4.87674e-009,0.981818,0,0,0,0.00532321,0.055038,-0.0207076,0.636015,0.493957,1
1150,361.438,1.00409,0,0,0,-3.50855e-008,4.87674e-009,0.981818,0,0,0,0.00510976,0.0550408,-0.0207496,0.636015,0.493957,1
1160,348.554,1.00421,0,0,0,-3.50855e-008,4.87674e-009,0.981818,0,0,0,0.00459549,0.0546625,-0.0208882,0.636015,0.493957,1
1170,334.213,1.00422,0,0,0,-3.50855e-008,4.87674e-009,0.981818,0,0,0,0.00417043,0.0542519,-0.0209272,0.636015,0.493957,1
1180,322.813,1.00423,0,0,0,-3.50855e-008,4.87674e-009,0.981818,0,0,0,0.00406755,0.0539955,-0.020955,0.636015,0.493957,1
1190,318.678,1.00429,0,0,0,-3.50855e-008,4.87674e-009,0.981818,0,0,0,0.00407391,0.0538627,-0.0210137,0.636015,0.493957,1
1200,324.884,1.00434,0,0,0,-3.50855e-008,4.87674e-009,0.981818,0,0,0,0.00397436,0.0537094,-0.0210747,0.636015,0.493957,1
1210,339.758,1.00418,0,0,0,-3.50855e-008,4.87674e-009,0.981818,0,0,0,0.0038632,0.0534984,-0.0209317,0.636015,0.493957,1
1220,354.682,1.00398,0,0,0,-3.50855e-008,4.87674e-009,0.981818,0,0,0,0.00367165,0.0531403,-0.0207439,0.636015,0.493957,1
1230,365.322,1.0039,0,0,0,-3.50855e-008,4.87674e-009,0.981818,0,0,0,0.00351641,0.052608,-0.0206931,0.636015,0.493957,1
1240,369.668,1.00407,0,0,0,-3.50855e-008,4.87674e-009,0.981818,0,0,0,0.00348736,0.0521454,-0.020891,0.636015,0.493957,1
1250,364.627,1.00438,0,0,0,-3.50855e-008,4.87674e-009,0.981818,0,0,0,0.00347782,0.0521433,-0.0211992,0.636015,0.493957,1
1260,357.567,1.00491,0,0,0,-3.50855e-008,4.87674e-009,0.981818,0,0,0,0.00324528,0.0525679,-0.021707,0.636015,0.493957,1
1270,347.818,1.00571,0,0,0,-3.50855e-008,4.87674e-009,0.981818,0,0,0,0.00295747,0.0532079,-0.0224827,0.636015,0.493957,1
1280,337.13,1.00682,0,0,0,-3.50855e-008,4.87674e-009,0.981818,0,0,0,0.0027533,0.0540353,-0.0235495,0.635889,0.494058,1
1290,329.24,1.00813,0,0,0,-3.50855e-008,4.87674e-009,0.981818,0,0,0,0.00266385,0.0550314,-0.0248045,0.635763,0.494166,1
1300,323.494,1.00975,0,0,0,-3.50855e-008,4.87674e-009,0.981818,0,0,0,0.00252942,0.0560349,-0.0263715,0.635507,0.494402,1
1310,316.256,1.01167,0,0,0,-3.50855e-008,4.87674e-009,0.981818,0,0,0,0.00227344,0.0569744,-0.0282424,0.635245,0.494666,1
1320,304.498,1.01377,0,0,0,-3.50855e-008,4.87674e-009,0.981818,0,0,0,0.00190728,0.0577416,-0.0303001,0.635052,0.494866,1
1330,286.724,1.01584,0,0,0,-3.50855e-008,4.87674e-009,0.981818,0,0,0,0.00161611,0.058101,-0.0323561,0.634785,0.495134,1
1340,266.569,1.0179,0,0,0,-3.50855e-008,4.87674e-009,0.981818,0,0,0,0.0014359,0.0580609,-0.0344201,0.63439,0.495512,1
1350,255.952,1.01985,0,0,0,-3.50855e-008,4.87674e-009,0.981818,0,0,0,0.00145196,0.0578519,-0.0363927,0.634012,0.495857,1
1360,265.737,1.02162,0,0,0,-3.50855e-008,4.87674e-009,0.981818,0,0,0,0.00167953,0.0575126,-0.0381763,0.633671,0.496151,1
1370,291.122,1.02314,0,0,0,-3.50855e-008,4.87674e-009,0.981818,0,0,0,0.00189813,0.0568641,-0.0397389,0.633252,0.496506,1
1380,319.122,1.02462,0,0,0,-3.50855e-008,4.87674e-009,0.981818,0,0,0,0.00183027,0.0559875,-0.0412645,0.63279,0.496906,1
1390,336.432,1.02598,0,0,0,-3.50855e-008,4.87674e-009,0.981818,0,0,0,0.00152448,0.0551457,-0.0426781,0.632331,0.497317,1
1400,339.22,1.02705,0,0,0,-3.50855e-008,4.87674e-009,0.981818,0,0,0,0.00124141,0.054488,-0.0437858,0.631897,0.497722,1
1410,336.199,1.02782,0,0,0,-3.50855e-008,4.87674e-009,0.981818,0,0,0,0.00110666,0.0537901,-0.0445882,0.631567,0.498045,1
1420,333.262,1.02851,0,0,0,-3.50855e-008,4.87674e-009,0.981818,0,0,0,0.00107774,0.0529541,-0.0453281,0.631324,0.498297,1
1430,334.07,1.0291,0,0,0,-3.50855e-008,4.87674e-009,0.981818,0,0,0,0.000981576,0.0522022,-0.0459515,0.631079,0.498559,1
1440,335.571,1.02943,0,0,0,-3.50855e-008,4.87674e-009,0.981818,0,0,0,0.000851015,0.0517473,-0.0463084,0.63084,0.498817,1
1450,333.483,1.02967,0,0,0,-3.50855e-008,4.87674e-009,0.981818,0,0,0,0.000788632,0.0515442,-0.0465634,0.630595,0.499074,1
1460,334.471,1.03017,0,0,0,-3.50855e-008,4.87674e-009,0.981818,0,0,0,0.000886136,0.0517185,-0.0470477,0.630283,0.499387,1
1470,337.212,1.03096,0,0,0,-3.50855e-008,4.87674e-009,0.981818,0,0,0,0.00104499,0.0523716,-0.0478101,0.629949,0.49971,1
1480,334.075,1.03186,0,0,0,-3.50855e-008,4.87674e-009,0.981818,0,0,0,0.00129074,0.0532681,-0.0486681,0.629615,0.500021,1
1490,323.498,1.03281,0,0,0,-3.50855e-008,4.87674e-009,0.981818,0,0,0,0.00161853,0.0541062,-0.0495688,0.629201,0.500394,1
1500,313.426,1.03368,0,0,0,-3.50855e-008,4.87674e-009,0.981818,0,0,0,0.00207686,0.0548162,-0.0504088,0.628708,0.500832,1
1510,304.198,1.03422,0,0,0,-3.50855e-008,4.87674e-009,0.981818,0,0,0,0.00254233,0.0553543,-0.050921,0.628208,0.501273,1
1520,295.179,1.03425,0,0,0,-3.50855e-008,4.87674e-009,0.981818,0,0,0,0.00289788,0.0556543,-0.0509298,0.627776,0.501655,1
1530,282.671,1.03416,0,0,0,-3.50855e-008,4.87674e-009,0.981818,0,0,0,0.00302884,0.0557408,-0.050839,0.627516,0.501894,1
1540,270.004,1.03438,0,0,0,-3.50855e-008,4.87674e-009,0.981818,0,0,0,0.00298715,0.0556876,-0.0510589,0.627443,0.501967,1
1550,262.774,1.03486,0,0,0,-3.50855e-008,4.87674e-009,0.981818,0,0,0,0.00268285,0.0556558,-0.0515416,0.627443,0.501967,1
1560,261.083,1.03526,0,0,0,-3.50855e-008,4.87674e-009,0.981818,0,0,0,0.00210875,0.0556801,-0.0519461,0.627443,0.501967,1
1570,259.659,1.03567,0,0,0,-3.50855e-008,4.87674e-009,0.981818,0,0,0,0.00145629,0.0555776,-0.0523582,0.627443,0.501967,1
1580,261.924,1.03617,0,0,0,-3.50855e-008,4.87674e-009,0.981818,0,0,0,0.0010129,0.0552201,-0.0528822,0.627443,0.501967,1
1590,266.272,1.03661,0,0,0,-3.50855e-008,4.87674e-009,0.981818,0,0,0,0.000781229,0.0547857,-0.053343,0.627443,0.501967,1
1600,266.486,1.03665,0,0,0,-3.50855e-008,4.87674e-009,0.981818,0,0,0,0.000656534,0.0543196,-0.0534081,0.627443,0.501967,1
1610,266.809,1.0364,0,0,0,-3.50855e-008,4.87674e-009,0.981818,0,0,0,0.000600923,0.0538178,-0.0531854,0.627443,0.501967,1
1620,269.984,1.03613,0,0,0,-3.50855e-008,4.87674e-009,0.981818,0,0,0,0.000651503,0.0534374,-0.0529286,0.627443,0.501967,1
1630,276.02,1.03598,0,0,0,-3.50855e-008,4.87674e-009,0.981818,0,0,0,0.000826286,0.0534109,-0.0527794,0.627443,0.501967,1
1640,285.868,1.03584,0,0,0,-3.50855e-008,4.87674e-009,0.981818,0,0,0,0.00114365,0.0536661,-0.0526323,0.627443,0.501967,1
1650,295.754,1.03584,0,0,0,-3.50855e-008,4.87674e-009,0.981818,0,0,0,0.00160539,0.0540914,-0.0526114,0.627443,0.501967,1
1660,298.531,1.0362,0,0,0,-3.50855e-008,4.87674e-009,0.981818,0,0,0,0.00207434,0.0545916,-0.052937,0.627443,0.501967,1
1670,292.963,1.03688,0,0,0,-3.50855e-008,4.87674e-009,0.981818,0,0,0,0.00235478,0.0551383,-0.0535879,0.627443,0.501967,1
1680,283.715,1.03762,0,0,0,-3.50855e-008,4.87674e-009,0.981818,0,0,0,0.00234029,0.0556624,-0.0543065,0.627443,0.501967,1
1690,269.1,1.0385,0,0,0,-3.50855e-008,4.87674e-009,0.981818,0,0,0,0.0021321,0.0560804,-0.0551625,0.627443,0.501967,1
1700,255.82,1.03973,0,0,0,-3.50855e-008,4.87674e-009,0.981818,0,0,0,0.00177627,0.0562425,-0.0563913,0.627443,0.501967,1
1710,244.697,1.0412,0,0,0,-3.50855e-008,4.87674e-009,0.981818,0,0,0,0.00133059,0.056156,-0.0578631,0.627443,0.501967,1
1720,232.912,1.04241,0,0,0,-3.50855e-008,4.87674e-009,0.981818,0,0,0,0.000837125,0.0558197,-0.0590949,0.627443,0.501967,1
1730,220.063,1.04322,0,0,0,-3.50855e-008,4.87674e-009,0.981818,0,0,0,0.000400664,0.0552916,-0.0599305,0.627443,0.501967,1
1740,212.932,1.04383,0,0,0,-3.50855e-008,4.87674e-009,0.981818,0,0,0,0.000105791,0.054813,-0.0605765,0.627443,0.501967,1
1750,216.459,1.04431,0,0,0,-3.50855e-008,4.87674e-009,0.981818,0,0,0,0.00022119,0.0546215,-0.0610597,0.627443,0.501967,1
1760,240.212,1.04433,0,0,0,-3.50855e-008,4.87674e-009,0.981818,0,0,0,0.000708753,0.0545288,-0.0610865,0.627443,0.501967,1
1770,280.231,1.0438,0,0,0,-3.50855e-008,4.87674e-009,0.981818,0,0,0,0.00118995,0.0543631,-0.0605634,0.627443,0.501967,1
1780,323.304,1.0429,0,0,0,-3.50855e-008,4.87674e-009,0.981818,0,0,0,0.00121749,0.0542244,-0.0596726,0.627443,0.501967,1
1790,354.131,1.04177,0,0,0,-3.50855e-008,4.87674e-009,0.981818,0,0,0,0.000884645,0.0541321,-0.0585451,0.627443,0.501967,1
1800,364.102,1.04037,0,0,0,-3.50855e-008,4.87674e-009,0.981818,0,0,0,0.000499299,0.0539606,-0.0571548,0.627443,0.501967,1
1810,358.471,1.03888,0,0,0,-3.50855e-008,4.87674e-009,0.981818,0,0,0,0.000402684,0.0537586,-0.0556705,0.627443,0.501967,1
1820,346.129,1.03754,0,0,0,-3.50855e-008,4.87674e-009,0.981818,0,0,0,0.000546578,0.053577,-0.0543403,0.627443,0.501967,1
1830,332.605,1.03639,0,0,0,-3.50855e-008,4.87674e-009,0.981818,0,0,0,0.00072645,0.0534172,-0.0531911,0.627443,0.501967,1
1840,316.558,1.03523,0,0,0,-3.50855e-008,4.87674e-009,0.981818,0,0,0,0.000699001,0.0533596,-0.0520365,0.627443,0.501967,1
1850,297.532,1.03423,0,0,0,-3.50855e-008,4.87674e-009,0.981818,0,0,0,0.000562981,0.0535021,-0.0510296,0.627443,0.501967,1
1860,279.186,1.0337,0,0,0,-3.50855e-008,4.87674e-009,0.981818,0,0,0,0.000441528,0.0538757,-0.0504723,0.627443,0.501967,1
1870,271.307,1.03367,0,0,0,-3.50855e-008,4.87674e-009,0.981818,0,0,0,0.0004661,0.0544152,-0.0504146,0.627443,0.501967,1
1880,277.34,1.03388,0,0,0,-3.50855e-008,4.87674e-009,0.981818,0,0,0,0.000474352,0.0549131,-0.0506001,0.627331,0.502061,1
1890,295.69,1.03429,0,0,0,-3.50855e-008,4.87674e-009,0.981818,0,0,0,0.000305252,0.0552728,-0.0509924,0.62718,0.502169,1
1900,318.051,1.03501,0,0,0,-3.50855e-008,4.87674e-009,0.981818,0,0,0,-9.61678e-005,0.0555829,-0.0517024,0.626887,0.502361,1
1910,331.594,1.03601,0,0,0,-3.50855e-008,4.87674e-009,0.981818,0,0,0,-0.000463831,0.0557771,-0.0526845,0.62647,0.502616,1
1920,331.424,1.03698,0,0,0,-3.50855e-008,4.87674e-009,0.981818,0,0,0,-0.000711347,0.055785,-0.0536586,0.626223,0.502753,1
1930,325.55,1.03787,0,0,0,-3.50855e-008,4.87674e-009,0.981818,0,0,0,-0.000815273,0.0558529,-0.0545472,0.6262,0.502764,1
1940,318.898,1.03874,0,0,0,-3.50855e-008,4.87674e-009,0.981818,0,0,0,-0.000782673,0.0561178,-0.0554088,0.6262,0.502764,1
1950,298.825,1.03952,0,0,0,-3.50855e-008,4.87674e-009,0.981818,0,0,0,-0.000549535,0.0562918,-0.0561715,0.6262,0.502764,1
1960,276.26,1.04,0,0,0,-3.50855e-008,4.87674e-009,0.981818,0,0,0,-0.000233751,0.0562141,-0.056665,0.6262,0.502764,1
1970,267.981,1.04024,0,0,0,-3.50855e-008,4.87674e-009,0.981818,0,0,0,0.000111796,0.0559229,-0.056915,0.6262,0.502764,1
1980,278.896,1.04033,0,0,0,-3.50855e-008,4.87674e-009,0.981818,0,0,0,0.000408393,0.0553343,-0.0570426,0.6262,0.502764,1
1990,299.17,1.04024,0,0,0,-3.50855e-008,4.87674e-009,0.981818,0,0,0,0.000483861,0.054424,-0.0569943,0.625964,0.502796,1
2000,326.347,1.03895,0,0,0.799838,0.000116036,0.0535827,0.982218,0,0,0,4.91511e-005,0.0534991,-0.0567308,0.625674,0.502762,1
2010,352.217,1.04266,0,0,0.797494,0.000116036,0.0535827,0.986213,0,0,0,-0.000841226,0.0528166,-0.0564425,0.62554,0.502703,1
2020,378.327,1.04653,0,0,0.793849,0.000116036,0.0535827,0.990192,0,0,0,-0.00178074,0.0524523,-0.0563358,0.625394,0.502591,1
2030,389.484,1.05054,0,0,0.789427,0.000116036,0.0535827,0.994152,0,0,0,-0.00243272,0.0524058,-0.056389,0.625205,0.502398,1
2040,376.38,1.0547,0,0,0.785102,0.000116036,0.0535827,0.998089,0,0,0,-0.00276334,0.052639,-0.056602,0.624981,0.502116,1
2050,341.922,0.940995,0,0,0.781905,0.000116036,0.0535827,-0.997993,0,0,0,-0.00281603,0.0530579,-0.0570028,0.624807,0.501888,1
2060,306.694,0.936591,0,0,0.780609,0.000116036,0.0535827,-0.994088,0,0,0,-0.0027303,0.053636,-0.0575013,0.624796,0.501866,1
2070,284.385,0.932277,0,0,0.781067,0.000116036,0.0535827,-0.990184,0,0,0,-0.00275803,0.0542742,-0.0579116,0.624742,0.501728,1
2080,280.261,0.928035,0,0,0.782415,0.000116036,0.0535827,-0.986276,0,0,0,-0.00294545,0.054837,-0.0582467,0.624701,0.501578,1
2090,286.442,0.923705,0,0,0.783552,0.000116036,0.0535827,-0.982361,0,0,0,-0.00300396,0.0552466,-0.0586632,0.624698,0.501553,1
2100,288.3,0.919199,0,0,0.784361,0.000116036,0.0535827,-0.978441,0,0,0,-0.00264155,0.0555429,-0.059249,0.624698,0.501553,1
2110,288.12,0.914646,0,0,0.78517,0.000116036,0.0535827,-0.974518,0,0,0,-0.00199485,0.0559054,-0.0598769,0.624704,0.501529,1
2120,281.724,0.910147,0,0,0.786153,0.000116036,0.0535827,-0.97059,0,0,0,-0.00132737,0.0565609,-0.0604489,0.624737,0.501334,1
2130,263.325,0.905672,0,0,0.788155,0.000116036,0.0535827,-0.966655,0,0,0,-0.00069692,0.0573424,-0.0609913,0.624772,0.501076,1
2140,246.4,0.901187,0,0,0.791827,0.000116036,0.0535827,-0.962707,0,0,0,-3.45344e-005,0.0577999,-0.06153,0.624806,0.500759,1
2150,244.496,0.896778,0,0,0.796348,0.000116036,0.0535827,-0.958738,0,0,0,0.000441215,0.0576626,-0.0619693,0.624828,0.500486,1
2160,252.678,0.892403,0,0,0.800492,0.000116036,0.0535827,-0.954746,0,0,0,0.000593014,0.0569775,-0.0623494,0.62483,0.500383,1
2170,266.659,0.888044,0,0,0.803567,0.000116036,0.0535827,-0.950736,0,0,0,0.000510776,0.0559203,-0.0626958,0.62483,0.500383,1
2180,270.646,0.883843,0,0,0.805742,0.000116036,0.0535827,-0.946713,0,0,0,0.000350174,0.0548338,-0.0628715,0.624828,0.500358,1
2190,254.912,0.879953,0,0,0.808594,0.000116036,0.0535827,-0.942679,0,0,0,0.000122448,0.0539617,-0.0627265,0.624826,0.500163,1
2200,237.728,0.876241,0,0,0.813148,0.000116036,0.0535827,-0.938626,0,0,0,7.4793e-005,0.0531803,-0.0623857,0.62483,0.500049,1
2210,225.728,0.872532,0,0,0.81926,0.000116036,0.0535827,-0.934548,0,0,0,0.000260333,0.0522908,-0.0620167,0.62483,0.500049,1
2220,216.228,0.868775,0,0,0.8267,0.000116036,0.0535827,-0.930435,0,0,0,0.000323873,0.0515508,-0.0616626,0.62483,0.500049,1
2230,212.499,0.865041,0,0,0.835102,0.000116036,0.0535827,-0.926283,0,0,0,-0.000107073,0.0514285,-0.0612449,0.62483,0.500049,1
2240,216.954,0.861384,0,0,0.843492,0.000116036,0.0535827,-0.922088,0,0,0,-0.000749327,0.052069,-0.0607057,0.62483,0.500049,1
2250,233.967,0.857778,0,0,0.850566,0.000116036,0.0535827,-0.917854,0,0,0,-0.00119813,0.0530485,-0.0600768,0.62483,0.500049,1
2260,270.093,0.854109,0,0,0.854651,0.000116036,0.0535827,-0.91359,0,0,0,-0.00120549,0.0537922,-0.059482,0.62483,0.500049,1
2270,321.025,0.850435,0,0,0.854879,0.000116036,0.0535827,-0.909315,0,0,0,-0.000779154,0.0541447,-0.0588805,0.62483,0.500049,1
2280,363.498,0.846982,0,0,0.852064,0.000116036,0.0535827,-0.905046,0,0,0,-3.03571e-005,0.0544236,-0.0580643,0.62483,0.500049,1
2290,386.965,0.843774,0,0,0.847681,0.000116036,0.0535827,-0.900795,0,0,0,0.000677901,0.0549496,-0.0570221,0.62483,0.500049,1
2300,385.38,0.840634,0,0,0.842871,0.000116036,0.0535827,-0.896568,0,0,0,0.00118097,0.0557734,-0.0559377,0.624819,0.499837,1
2310,366.788,0.83742,0,0,0.838636,0.000116036,0.0535827,-0.892363,0,0,0,0.00145063,0.056642,-0.0549501,0.624814,0.499647,1
2320,352.298,0.834045,0,0,0.835253,0.000116036,0.0535827,-0.888178,0,0,0,0.00150271,0.0572211,-0.0541422,0.624814,0.499647,1
2330,346.734,0.830443,0,0,0.83235,0.000116036,0.0535827,-0.884008,0,0,0,0.0011969,0.057464,-0.0535752,0.624814,0.499647,1
2340,356.279,0.826803,0,0,0.829361,0.000116036,0.0535827,-0.879853,0,0,0,0.000611387,0.0575126,-0.0530594,0.624814,0.499647,1
2350,381.365,0.823344,0,0,0.825489,0.000116036,0.0535827,-0.875715,0,0,0,-2.34943e-005,0.0572309,-0.0523782,0.624814,0.499647,1
2360,407.103,0.820063,0,0,0.820489,0.000116036,0.0535827,-0.871598,0,0,0,-0.00038102,0.0563302,-0.0515393,0.624814,0.499647,1
2370,419.802,0.816703,0,0,0.814797,0.000116036,0.0535827,-0.867508,0,0,0,-0.00045605,0.0549868,-0.0508068,0.624814,0.499647,1
2380,404.795,0.813152,0,0,0.809189,0.000116036,0.0535827,-0.863447,0,0,0,-0.000406978,0.0536965,-0.0502948,0.624814,0.499647,1
2390,360.165,0.809513,0,0,0.804871,0.000116036,0.0535827,-0.859412,0,0,0,-0.000370498,0.0528315,-0.0498994,0.624814,0.499647,1
2400,312.195,0.806027,0,0,0.802926,0.000116036,0.0535827,-0.855393,0,0,0,-0.000242404,0.0525615,-0.0493668,0.624814,0.499647,1
2410,277.126,0.802656,0,0,0.803496,0.000116036,0.0535827,-0.851378,0,0,0,0.000103017,0.052787,-0.0487222,0.624814,0.499647,1
2420,255.536,0.799224,0,0,0.806249,0.000116036,0.0535827,-0.847355,0,0,0,0.000713137,0.0529635,-0.0481311,0.624814,0.499647,1
2430,252.71,0.795609,0,0,0.810095,0.000116036,0.0535827,-0.843315,0,0,0,0.00138762,0.052647,-0.0477079,0.624814,0.499647,1
2440,268.792,0.791946,0,0,0.813149,0.000116036,0.0535827,-0.839257,0,0,0,0.00187868,0.0520555,-0.0473146,0.624814,0.499647,1
2450,292.865,0.788194,0,0,0.814508,0.000116036,0.0535827,-0.835188,0,0,0,0.00201641,0.0518449,-0.0469973,0.624814,0.499647,1
2460,320.184,0.784273,0,0,0.813999,0.000116036,0.0535827,-0.831115,0,0,0,0.00184678,0.0523081,-0.0468453,0.624814,0.499647,1
2470,344.059,0.780032,0,0,0.811915,0.000116036,0.0535827,-0.82705,0,0,0,0.00150605,0.0532262,-0.0470187,0.624814,0.499647,1
2480,351.399,0.7754,0,0,0.809056,0.000116036,0.0535827,-0.822996,0,0,0,0.00107118,0.0542821,-0.0475971,0.624814,0.499647,1
2490,348.668,0.770251,0,0,0.806145,0.000116036,0.0535827,-0.818958,0,0,0,0.00052944,0.0553132,-0.048709,0.624814,0.499647,1
2500,341.531,0.764795,0,0,0.803509,0.000116036,0.0535827,-0.814933,0,0,0,-5.66632e-005,0.0560644,-0.0501421,0.624814,0.499647,1
2510,330.132,0.759332,0,0,0.801396,0.000116036,0.0535827,-0.81092,0,0,0,-0.000481194,0.056441,-0.0515936,0.624906,0.499552,1
2520,313.917,0.754247,0,0,0.800024,0.000116036,0.0535827,-0.806917,0,0,0,-0.000569341,0.0567492,-0.0526773,0.625076,0.499385,1
2530,289.464,0.749586,0,0,0.799959,0.000116036,0.0535827,-0.802918,0,0,0,-0.000195599,0.0571523,-0.0533402,0.62527,0.499182,1
2540,259.67,0.745203,0,0,0.801975,0.000116036,0.0535827,-0.798914,0,0,0,0.00050081,0.057203,-0.0537199,0.625537,0.498886,1
2550,243.809,0.740775,0,0,0.806044,0.000116036,0.0535827,-0.794896,0,0,0,0.00122,0.0566366,-0.0541278,0.625913,0.498455,1
2560,252.115,0.736319,0,0,0.81044,0.000116036,0.0535827,-0.790855,0,0,0,0.00160338,0.0556791,-0.0545413,0.626265,0.498038,1
2570,274.772,0.731848,0,0,0.813183,0.000116036,0.0535827,-0.786796,0,0,0,0.0015221,0.0544117,-0.0549503,0.626553,0.497685,1
2580,287.967,0.727503,0,0,0.814314,0.000116036,0.0535827,-0.782727,0,0,0,0.00102733,0.0528288,-0.055225,0.626847,0.497323,1
2590,272.404,0.723352,0,0,0.815664,0.000116036,0.0535827,-0.778653,0,0,0,0.000538527,0.0513698,-0.0553051,0.627135,0.496983,1
2600,247.474,0.719421,0,0,0.818981,0.000116036,0.0535827,-0.774568,0,0,0,0.000385932,0.0504175,-0.0551547,0.627334,0.496759,1
2610,238.352,0.715468,0,0,0.824022,0.000116036,0.0535827,-0.770463,0,0,0,0.000606677,0.0499601,-0.055004,0.627392,0.496696,1
2620,242.106,0.711428,0,0,0.829195,0.000116036,0.0535827,-0.766331,0,0,0,0.00100717,0.0499959,-0.0549127,0.627392,0.496696,1
2630,246.144,0.707294,0,0,0.833887,0.000116036,0.0535827,-0.762174,0,0,0,0.00149147,0.0505599,-0.0548874,0.627392,0.496696,1
2640,244.346,0.703057,0,0,0.838506,0.000116036,0.0535827,-0.757994,0,0,0,0.00175821,0.0513984,-0.054943,0.627392,0.496696,1
2650,239.493,0.698602,0,0,0.843597,0.000116036,0.0535827,-0.753791,0,0,0,0.00168724,0.0521071,-0.055192,0.627392,0.496696,1
2660,244.93,0.694015,0,0,0.848763,0.000116036,0.0535827,-0.749561,0,0,0,0.00142387,0.0525567,-0.0555477,0.627392,0.496696,1
2670,264.833,0.689504,0,0,0.852519,0.000116036,0.0535827,-0.745308,0,0,0,0.00124227,0.0529785,-0.0558043,0.627392,0.496696,1
2680,291.238,0.685303,0,0,0.854142,0.000116036,0.0535827,-0.74104,0,0,0,0.00102351,0.0535978,-0.0557384,0.627392,0.496696,1
2690,311.466,0.681477,0,0,0.85387,0.000116036,0.0535827,-0.73677,0,0,0,0.000735551,0.0542747,-0.0552938,0.627392,0.496696,1
2700,307.601,0.67795,0,0,0.853115,0.000116036,0.0535827,-0.732502,0,0,0,0.000424993,0.0548081,-0.0545536,0.627392,0.496696,1
2710,291.523,0.674552,0,0,0.853163,0.000116036,0.0535827,-0.728237,0,0,0,0.000201783,0.0551024,-0.0536872,0.627392,0.496696,1
2720,268.361,0.671033,0,0,0.854768,0.000116036,0.0535827,-0.723968,0,0,0,6.80034e-005,0.0550707,-0.0529368,0.627392,0.496696,1
2730,241.9,0.667288,0,0,0.858688,0.000116036,0.0535827,-0.719687,0,0,0,0.000132103,0.0548204,-0.0523999,0.627492,0.496603,1
2740,227.134,0.663447,0,0,0.865004,0.000116036,0.0535827,-0.71538,0,0,0,0.000291575,0.0547638,-0.0519341,0.627785,0.496349,1
2750,239.031,0.659816,0,0,0.871458,0.000116036,0.0535827,-0.71104,0,0,0,0.000434874,0.054965,-0.0512248,0.628106,0.496082,1
2760,274.627,0.656405,0,0,0.875074,0.000116036,0.0535827,-0.706673,0,0,0,0.000610056,0.0550584,-0.0502695,0.628432,0.495822,1
2770,303.769,0.652924,0,0,0.875646,0.000116036,0.0535827,-0.702295,0,0,0,0.000898048,0.0548056,-0.0493727,0.628668,0.495642,1
2780,301.976,0.649094,0,0,0.875261,0.000116036,0.0535827,-0.697918,0,0,0,0.000973279,0.0541538,-0.0488251,0.628914,0.495463,1
2790,282.472,0.645023,0,0,0.875882,0.000116036,0.0535827,-0.693541,0,0,0,0.000485001,0.0530762,-0.0485186,0.629126,0.495323,1
2800,261.119,0.640924,0,0,0.8783,0.000116036,0.0535827,-0.689157,0,0,0,-0.000378753,0.0520097,-0.0482347,0.629216,0.495276,1
2810,251.531,0.63701,0,0,0.882254,0.000116036,0.0535827,-0.684757,0,0,0,-0.00103274,0.0515258,-0.0477515,0.629296,0.495238,1
2820,268.713,0.633317,0,0,0.885812,0.000116036,0.0535827,-0.680337,0,0,0,-0.00112969,0.0516108,-0.0470243,0.629446,0.495171,1
2830,298.405,0.629816,0,0,0.886945,0.000116036,0.0535827,-0.675904,0,0,0,-0.000735881,0.0519759,-0.0460904,0.629565,0.49512,1
2840,312.024,0.626336,0,0,0.886413,0.000116036,0.0535827,-0.67147,0,0,0,-0.000111493,0.0524816,-0.0451354,0.629565,0.49512,1
2850,314.922,0.622857,0,0,0.885425,0.000116036,0.0535827,-0.66704,0,0,0,0.000397393,0.0528325,-0.0441836,0.629565,0.49512,1
2860,309.69,0.619345,0,0,0.884512,0.000116036,0.0535827,-0.662615,0,0,0,0.000639608,0.0527223,-0.0432708,0.629565,0.49512,1
2870,297.581,0.615783,0,0,0.88427,0.000116036,0.0535827,-0.658194,0,0,0,0.00083658,0.0523721,-0.0424121,0.630118,0.49492,1
2880,287.966,0.611918,0,0,0.884861,0.000116036,0.0535827,-0.653771,0,0,0,0.00125757,0.0521797,-0.0418566,0.631078,0.494581,1
2890,276.333,0.607656,0,0,0.886177,0.000116036,0.0535827,-0.649345,0,0,0,0.00151826,0.0523106,-0.0416915,0.632491,0.494086,1
2900,270.003,0.603111,0,0,0.888398,0.000116036,0.0535827,-0.644909,0,0,0,0.00113622,0.0527144,-0.041799,0.633892,0.493599,1
2910,277.834,0.598619,0,0,0.89051,0.000116036,0.0535827,-0.640462,0,0,0,0.000136305,0.0533924,-0.0418424,0.634993,0.493222,1
2920,291.801,0.594159,0,0,0.891568,0.000116036,0.0535827,-0.636006,0,0,0,-0.000923859,0.0542436,-0.0418489,0.635784,0.492958,1
2930,290.467,0.589659,0,0,0.89211,0.000116036,0.0535827,-0.631547,0,0,0,-0.00166056,0.0550214,-0.0418933,0.636369,0.492772,1
2940,270.17,0.585148,1.08063e-006,-2.18995e-006,0.893663,0.000116036,0.0535827,-0.627084,-0.0872041,0.176724,-0.325254,-0.00176308,0.0554446,-0.0419423,0.636895,0.492615,1
2950,250.357,0.58092,2.40392e-005,-4.75784e-005,0.897354,0.000116098,0.0535826,-0.622608,-0.0979234,0.188705,-0.348703,-0.00134194,0.055543,-0.0416936,0.637509,0.492441,1
2960,243.705,0.576965,4.99771e-005,-9.61607e-005,0.90238,0.000116282,0.0535823,-0.618111,-0.109876,0.199913,-0.370527,-0.000872245,0.0554108,-0.0411497,0.638265,0.492236,1
2970,244.555,0.573224,7.90992e-005,-0.000147613,0.90764,0.000116603,0.0535816,-0.613587,-0.122164,0.209374,-0.388424,-0.000877305,0.0549899,-0.0403653,0.639046,0.492032,1
2980,256.105,0.569589,0.00011261,-0.000199464,0.912301,0.000117078,0.0535808,-0.609038,-0.236718,0.065335,-0.710027,-0.00111704,0.0542343,-0.0394507,0.639734,0.491863,1
2990,272.891,0.566035,0.000173304,-0.000216284,0.915406,0.000117791,0.0535797,-0.604468,-0.249133,0.0645979,-0.730494,-0.00119868,0.0534163,-0.0384346,0.640431,0.491699,1
3000,280.868,0.562272,0.000236724,-0.000232282,0.917346,0.000118815,0.0535786,-0.599887,-0.259251,0.0603889,-0.745745,-0.00109763,0.0527977,-0.0376166,0.641401,0.492308,1
3010,282.252,0.558117,0.000302471,-0.000246674,0.918992,0.000120162,0.0535774,-0.595296,-0.267838,0.0520724,-0.759219,-0.00121131,0.0525932,-0.0371814,0.642311,0.492784,1
3020,291.877,0.553455,0.000370277,-0.000258522,0.920203,0.000121843,0.0535761,-0.590698,-0.276708,0.0410963,-0.776159,-0.00143059,0.0529287,-0.0372459,0.643177,0.493328,1
3030,298.482,0.548363,0.000442886,-0.000267393,0.920614,0.000123868,0.0535748,-0.586096,-0.501932,0.0277698,-1.08331,-0.00142388,0.0537432,-0.0377352,0.643931,0.493938,1
3040,290.68,0.54271,0.000568453,-0.000273571,0.921277,0.000126399,0.0535735,-0.581492,-0.337407,0.0267995,-1.79624,-0.00100118,0.0546685,-0.0387837,0.644595,0.494582,1
3050,289.387,0.536491,0.00065385,-0.00028145,0.922598,0.000129454,0.0535721,-0.576882,-0.347849,0.0359568,-1.90245,-0.000389946,0.0552341,-0.0403941,0.645078,0.495136,1
3060,291.344,0.529974,0.000742303,-0.000292414,0.923791,0.000132942,0.0535707,-0.572266,-0.362646,0.0515238,-2.01703,0.000216783,0.055066,-0.0422944,0.645486,0.495658,1
3070,288.761,0.52372,0.000832008,-0.000307524,0.925074,0.000136884,0.0535692,-0.567644,-0.126615,0.0646582,-2.41841,0.000437301,0.0543844,-0.0439253,0.645823,0.496056,1
3080,283.829,0.517843,0.000864107,-0.000325766,0.926807,0.000141124,0.0535676,-0.563015,-0.124681,0.0786714,-2.58089,0.000145874,0.0538893,-0.0451725,0.645905,0.496106,1
3090,275.941,0.51219,0.000896513,-0.000347124,0.929184,0.000145525,0.0535659,-0.558376,-0.123439,0.0881097,-2.74384,-0.000462619,0.0539394,-0.0461866,0.645905,0.496106,1
3100,286.916,0.506588,0.000928243,-0.000370573,0.931589,0.000150087,0.0535641,-0.553724,-0.118199,0.095843,-2.89403,-0.000868241,0.0542243,-0.0471373,0.645905,0.496106,1
3110,306.974,0.500967,0.000956316,-0.000395333,0.932402,0.0001548,0.0535622,-0.549063,-0.106897,0.103813,-3.02554,-0.000916266,0.0545578,-0.0480981,0.645905,0.496106,1
3120,306.634,0.495227,0.00098036,-0.000421724,0.932537,0.000159644,0.0535601,-0.544401,-0.0922773,0.11122,-3.14296,-0.000739118,0.0550396,-0.0491772,0.645905,0.496106,1
3130,295.887,0.489597,0.00100129,-0.000449966,0.933249,0.000164599,0.053558,-0.539737,-0.0771949,0.116611,-3.25666,-0.000526568,0.0555273,-0.0501444,0.645905,0.496106,1
3140,283.396,0.484454,0.00101925,-0.00047969,0.934991,0.000169652,0.0535556,-0.535067,-0.0586641,0.119061,-3.37415,-0.000199807,0.0557055,-0.0506174,0.645471,0.496256,1
3150,285.404,0.479889,0.00103209,-0.000509938,0.937268,0.000174783,0.0535532,-0.530386,-0.0303622,0.118646,-3.49303,0.000246836,0.0555278,-0.0505016,0.644853,0.496145,1
3160,305.45,0.475362,0.00103529,-0.000539379,0.938502,0.000179956,0.0535505,-0.525696,0.00925112,0.117593,-3.6015,0.000640736,0.0551363,-0.0503369,0.644325,0.496171,1
3170,321.143,0.470302,0.00102625,-0.000567841,0.938249,0.000185115,0.0535478,-0.521004,0.0533902,0.117782,-3.69134,0.000720515,0.0545879,-0.0507031,0.643981,0.496253,1
3180,321.767,0.464824,0.00100631,-0.000595947,0.937547,0.000190201,0.0535449,-0.516314,0.0853374,0.128268,-3.80884,0.000382048,0.0540547,-0.0514904,0.64358,0.496274,1
3190,317.065,0.459559,0.0009797,-0.000625146,0.937096,0.000195169,0.0535418,-0.511627,0.116614,0.111278,-3.89629,-0.00038458,0.0538122,-0.052069,0.642973,0.496252,1
3200,316.059,0.454781,0.000945729,-0.000647282,0.93684,0.000199987,0.0535386,-0.506942,0.148467,0.070124,-3.99477,-0.00122627,0.0539981,-0.0521638,0.642485,0.496237,1
3210,308.899,0.450184,0.000902893,-0.000656964,0.936869,0.000204613,0.0535354,-0.502258,0.199583,0.0236792,-4.13264,-0.00152486,0.0543128,-0.052078,0.642011,0.496266,1
3220,292.604,0.445401,0.000847162,-0.000655352,0.937876,0.000208993,0.0535321,-0.497571,0.25018,-0.0351637,-4.22483,-0.00103473,0.054384,-0.0521734,0.641515,0.496335,1
3230,275.051,0.44027,0.000780816,-0.000641605,0.940348,0.000213066,0.0535288,-0.492877,0.292182,-0.0809615,-4.3027,-0.000271506,0.0541662,-0.0526075,0.640915,0.496434,1
3240,266.73,0.434892,0.000707639,-0.000619278,0.94411,0.000216789,0.0535257,-0.488167,0.318353,-0.124075,-4.41074,0.000213855,0.0539431,-0.0532745,0.640246,0.496535,1
3250,272.949,0.429519,0.000631031,-0.000588419,0.947923,0.000220135,0.0535227,-0.483437,0.311487,-0.134975,-4.49053,0.000312208,0.0537062,-0.0539183,0.639712,0.496593,1
3260,295.392,0.424352,0.000557846,-0.000557143,0.950369,0.000223104,0.0535198,-0.478691,0.269703,-0.119175,-4.6203,9.50281e-005,0.0534371,-0.0543386,0.639321,0.496608,1
3270,317.762,0.41922,0.000491159,-0.000531923,0.950869,0.000225733,0.0535171,-0.473937,0.570855,-0.0691689,-5.64521,-0.000285445,0.0533162,-0.054717,0.639009,0.496594,1
3280,313.314,0.41382,0.000351453,-0.000521346,0.950928,0.000227838,0.0535144,-0.469182,0.543383,-0.0204512,-5.87953,-0.00056971,0.053556,-0.0553626,0.638812,0.496564,1
3290,285.073,0.408144,0.000220267,-0.000525021,0.952541,0.000229264,0.0535118,-0.464425,0.515077,0.0509944,-6.07815,-0.000642219,0.0540686,-0.0562816,0.638651,0.49656,1
3300,262.685,0.40265,9.86964e-005,-0.000552564,0.956624,0.000230053,0.0535092,-0.459653,0.312387,0.427787,-6.7067,-0.000792238,0.0548575,-0.0570066,0.638391,0.496571,1
3310,259.477,0.397702,2.60473e-005,-0.000674934,0.962033,0.000230361,0.0535061,-0.454858,0.277074,0.542097,-6.91239,-0.00112282,0.0557687,-0.0571648,0.638032,0.496604,1
3320,267.487,0.393083,-3.90228e-005,-0.000826625,0.967082,0.000230326,0.0535024,-0.450035,0.248993,0.661636,-7.12203,-0.0013946,0.0565388,-0.0569674,0.637511,0.49667,1
3330,271.013,0.38821,-9.79548e-005,-0.00100752,0.971559,0.000229981,0.0534978,-0.445189,0.225416,0.776259,-7.3488,-0.00129406,0.0569153,-0.0569978,0.636831,0.496773,1
3340,270.978,0.382954,-0.000152835,-0.00121186,0.97595,0.000229356,0.0534922,-0.440321,0.342082,0.581088,-8.49959,-0.000946434,0.0569185,-0.0573843,0.63627,0.496874,1
3350,263.821,0.377741,-0.000230928,-0.00136691,0.981082,0.000228384,0.0534858,-0.43543,0.00480742,0.626084,-9.26487,-0.000503373,0.0564241,-0.0577008,0.636111,0.496912,1
3360,261.136,0.372938,-0.0002268,-0.0015322,0.98707,0.000227234,0.0534786,-0.43051,-0.0508775,0.660844,-9.55904,-0.000211552,0.0554189,-0.0575774,0.636111,0.496912,1
3370,277.425,0.368434,-0.000203013,-0.00170199,0.992345,0.000226148,0.0534705,-0.425562,-0.156822,0.665134,-9.76922,-0.000290023,0.0541048,-0.0571293,0.636029,0.496937,1
3380,292.518,0.363934,-0.000144283,-0.00186417,0.995891,0.000225262,0.0534616,-0.420591,-0.328818,0.617348,-9.87463,-0.000818984,0.0529399,-0.0566585,0.635448,0.497107,1
3390,285.545,0.359174,-3.72439e-005,-0.00200563,0.999106,0.000224786,0.0534519,-0.415604,-0.537356,0.501356,-9.92873,-0.00132873,0.0521631,-0.0564362,0.634695,0.497329,1
3400,255.228,0.354135,0.000121235,-0.00211503,1.00434,0.000224975,0.0534416,-0.410598,-0.737191,0.327866,-9.9812,-0.00159338,0.0517949,-0.0564712,0.633931,0.497566,1
3410,239.991,0.349082,0.000328434,-0.00218414,1.0127,0.000226078,0.0534308,-0.405557,-0.923076,0.126997,-9.98544,-0.00173517,0.051695,-0.0564845,0.633214,0.4978,1
3420,274.019,0.34437,0.000580297,-0.00220018,1.01956,0.000228333,0.0534198,-0.400476,-1.08503,-0.0738662,-9.88337,-0.00194937,0.0519092,-0.056116,0.632353,0.498092,1
3430,317.672,0.339916,0.00085747,-0.00215703,1.02208,0.000231924,0.0534089,-0.39537,-1.11858,-0.277563,-9.7702,-0.00188936,0.0524067,-0.0554621,0.631383,0.498426,1
3440,338.056,0.335389,0.00111003,-0.00205594,1.02204,0.000236868,0.0533983,-0.390259,-0.890876,-0.502857,-9.79677,-0.0014108,0.053155,-0.054874,0.630554,0.498709,1
3450,327.674,0.330605,0.00127055,-0.00189584,1.02185,0.000242873,0.0533884,-0.385149,-0.391306,-0.748027,-9.89907,-0.000746877,0.0541397,-0.0545464,0.630003,0.498893,1
3460,313.713,0.325848,0.00128281,-0.00168095,1.02279,0.00024933,0.0533795,-0.380037,0.319376,-0.950764,-9.82466,-0.000491711,0.055312,-0.0541962,0.62969,0.499007,1
3470,312.283,0.321486,0.00109697,-0.00142442,1.02413,0.000255375,0.0533717,-0.37492,1.27432,-1.48512,-9.57303,-0.000718958,0.0562953,-0.0534488,0.6295,0.499085,1
3480,300.617,0.317501,0.000644938,-0.00105314,1.02572,0.00025985,0.0533655,-0.369795,2.41488,-1.48426,-8.9576,-0.00116062,0.056839,-0.0523166,0.629336,0.499142,1
3490,270.327,0.313278,-0.000133298,-0.000702285,1.02911,0.00026129,0.0533611,-0.364659,3.94364,-1.32096,-6.84791,-0.00132696,0.0570267,-0.0514071,0.629099,0.499217,1
3500,247.045,0.308311,-0.00135848,-0.00042733,1.03493,0.000257783,0.0533583,-0.359501,6.02361,-0.848976,-3.82001,-0.00109287,0.0570604,-0.0512159,0.628769,0.499316,1
3510,247.451,0.302772,-0.00319162,-0.000328233,1.04111,0.000246705,0.0533566,-0.354312,8.77857,0.12942,0.331647,-0.00048338,0.0570467,-0.0515636,0.628482,0.499411,1
3520,261.336,0.297329,-0.00577706,-0.000549592,1.04508,0.000224624,0.0533545,-0.349096,11.8818,2.11006,5.37673,4.8476e-005,0.0569684,-0.0517892,0.628427,0.499431,1
3530,275.176,0.292421,-0.00911095,-0.0013218,1.04593,0.000187715,0.0533501,-0.343868,14.9945,3.92035,11.2108,0.00032086,0.0564688,-0.0514643,0.628427,0.499431,1
3540,273.621,0.287946,-0.0130645,-0.00258208,1.04467,0.000132431,0.0533406,-0.338642,16.1146,5.98651,16.7229,0.000520541,0.0552912,-0.050703,0.628232,0.499509,1
3550,259.981,0.283426,-0.0170589,-0.0043797,1.04334,5.70664e-005,0.0533234,-0.333423,15.3202,8.44234,20.7349,0.0010081,0.0538528,-0.0499988,0.627823,0.499679,1
3560,257.388,0.278563,-0.020587,-0.00680652,1.04225,-3.73529e-005,0.0532957,-0.32821,12.162,11.1893,20.8313,0.00150708,0.0528542,-0.0496515,0.627383,0.499855,1
3570,260.84,0.273535,-0.0231283,-0.00991635,1.04115,-0.00014712,0.0532542,-0.323002,7.15219,13.7453,20.6841,0.00176432,0.0525859,-0.0494753,0.626987,0.500006,1
3580,260.591,0.268676,-0.0243499,-0.0136457,1.03982,-0.00026634,0.0531955,-0.317801,1.93867,15.9624,21.5303,0.00180244,0.0528262,-0.049133,0.626653,0.500128,1
3590,258.872,0.264052,-0.0242482,-0.0179164,1.03821,-0.000388391,0.0531169,-0.312607,-3.57957,17.9872,24.2583,0.00174814,0.0531443,-0.0485633,0.626404,0.500211,1
3600,259.396,0.259322,-0.0227346,-0.0226939,1.03581,-0.000506441,0.0530156,-0.307422,-9.12217,20.0117,28.9726,0.00132952,0.053374,-0.0481064,0.626404,0.500211,1
3610,279.041,0.254128,-0.019787,-0.027935,1.03084,-0.000613386,0.0528892,-0.302254,-15.1308,21.6157,36.3135,0.000590053,0.0538942,-0.0481313,0.626404,0.500211,1
3620,308.51,0.248403,-0.0153947,-0.033441,1.02108,-0.000701881,0.0527358,-0.297123,-20.0771,22.6367,45.6241,-0.000141837,0.0549974,-0.0487303,0.626404,0.500211,1
3630,314.792,0.242641,-0.010045,-0.0390596,1.00725,-0.000765736,0.0525546,-0.29205,-22.4582,22.9297,57.4545,-0.000622618,0.0563759,-0.0494395,0.626404,0.500211,1
3640,304.112,0.237293,-0.00458144,-0.0446817,0.990316,-0.000802124,0.0523452,-0.287055,-20.7369,22.6412,74.0213,-0.000824517,0.0574385,-0.0498161,0.626404,0.500211,1
3650,287.659,0.232391,-0.000378841,-0.0502435,0.969535,-0.000813561,0.0521079,-0.282153,-11.4874,22.0959,97.9957,-0.000404713,0.0579682,-0.0498362,0.626404,0.500211,1
3660,262.719,0.22753,-8.46322e-006,-0.0557909,0.943699,-0.000812151,0.0518428,-0.277368,11.1587,21.6972,130.399,0.00066418,0.0580527,-0.0499277,0.626404,0.500211,1
3670,252.715,0.222613,-0.00731816,-0.0614207,0.910559,-0.000826312,0.0515499,-0.27273,50.3966,21.7543,171.234,0.00170798,0.0579389,-0.0502223,0.626404,0.500211,1
3680,259.299,0.217873,-0.0263082,-0.0671482,0.865786,-0.000904611,0.0512286,-0.268284,104.756,22.29,223.691,0.00188248,0.0576238,-0.0505221,0.626404,0.500211,1
3690,260.809,0.213741,-0.0608924,-0.0730288,0.804884,-0.00111497,0.0508783,-0.2641,176.557,23.0728,297.524,0.00105947,0.057009,-0.0504582,0.626404,0.500211,1
3700,257.106,0.210226,-0.116295,-0.0790787,0.721925,-0.00154772,0.0504981,-0.260273,271.562,22.9451,401.188,-0.000315029,0.0561445,-0.0501259,0.626404,0.500211,1
3710,248.235,0.207067,-0.197426,-0.0847103,0.610777,-0.00232059,0.0500883,-0.256929,375.164,18.2373,520.572,-0.00160536,0.0554121,-0.049932,0.626318,0.500259,1
3720,241.86,0.204005,-0.300413,-0.0883299,0.472655,-0.00355858,0.0496546,-0.254212,430.394,5.83482,609.674,-0.00223536,0.0549504,-0.0502795,0.625946,0.50046,1
3730,240.01,0.20127,-0.405099,-0.0884566,0.319809,-0.00532718,0.0492112,-0.252229,376.569,-8.61214,631.925,-0.00203159,0.0546537,-0.0510589,0.625499,0.500696,1
3740,241.926,0.199328,-0.482712,-0.0858034,0.167592,-0.00756325,0.0487749,-0.251013,212.288,-15.3471,604.064,-0.00124682,0.0541919,-0.0518593,0.6252,0.500862,1
3750,260.652,0.198769,-0.510219,-0.0828705,0.0229048,-0.0100696,0.0483539,-0.25054,-16.4489,-9.41294,569.129,-0.000222582,0.0534585,-0.0520814,0.62498,0.500988,1
3760,284.773,0.199714,-0.477359,-0.0829007,-0.115131,-0.0125639,0.0479415,-0.250773,-254.053,10.3712,545.413,0.000921912,0.0526091,-0.0515697,0.624907,0.501033,1
3770,287.612,0.201625,-0.391558,-0.0890906,-0.246771,-0.0147541,0.0475146,-0.251681,-423.402,39.3104,510.595,0.00188526,0.0519793,-0.050794,0.624907,0.501033,1
3780,276.225,0.203667,-0.280417,-0.10203,-0.365333,-0.0164369,0.0470393,-0.253219,-453.302,61.2498,435.219,0.0024772,0.0516764,-0.0504857,0.624907,0.501033,1
3790,261.829,0.205729,-0.177751,-0.118277,-0.461841,-0.0175732,0.046489,-0.255298,-369.034,64.0455,332.205,0.00269251,0.0518662,-0.0506399,0.624907,0.501033,1
3800,256.201,0.208165,-0.101001,-0.133442,-0.53412,-0.018258,0.0458586,-0.257797,-255.68,52.6921,238.07,0.0026819,0.0525675,-0.0507962,0.624907,0.501033,1
3810,261.121,0.211088,-0.0503367,-0.145109,-0.586262,-0.0186262,0.0451607,-0.260604,-159.581,36.8179,169.043,0.00231915,0.0534307,-0.0507207,0.624907,0.501033,1
3820,261.275,0.214069,-0.0203403,-0.152827,-0.624221,-0.0187953,0.0444144,-0.263635,-87.2058,21.3373,122.568,0.00182188,0.0540363,-0.0507778,0.624907,0.501033,1
3830,273.527,0.216825,-0.00555334,-0.156949,-0.652668,-0.0188546,0.0436386,-0.26683,-35.6239,8.33056,92.4365,0.00145744,0.0545114,-0.0512321,0.624907,0.501033,1
3840,305.062,0.219495,-0.00129975,-0.157829,-0.673575,-0.0188682,0.0428505,-0.270148,-1.20089,-1.71943,73.9141,0.00145981,0.0550304,-0.0519363,0.624907,0.501033,1
3850,322.477,0.222427,-0.00391166,-0.156214,-0.689593,-0.0188789,0.0420644,-0.273558,20.5591,-9.50464,63.0931,0.00158377,0.055496,-0.0524816,0.624907,0.501033,1
3860,335.662,0.225704,-0.0106598,-0.152648,-0.702761,-0.0189141,0.0412914,-0.27704,32.4575,-16.4402,56.3467,0.00168052,0.0558163,-0.0527479,0.624907,0.501033,1
3870,330.82,0.229224,-0.0190842,-0.147266,-0.714105,-0.0189883,0.0405407,-0.280583,34.0811,-23.9265,50.715,0.00149974,0.0560837,-0.0528066,0.624907,0.501033,1
3880,291.67,0.232747,-0.0266016,-0.140143,-0.725386,-0.0191034,0.0398214,-0.284182,25.1267,-32.8711,45.0017,0.0010691,0.056178,-0.0528887,0.624907,0.501033,1
3890,260.461,0.235953,-0.0309526,-0.131105,-0.737734,-0.019249,0.0391425,-0.287839,8.51243,-42.9375,39.7152,0.000328289,0.0559919,-0.053304,0.624907,0.501033,1
3900,258.014,0.2388,-0.0308191,-0.119778,-0.750171,-0.0194054,0.0385144,-0.291558,-10.3432,-52.1915,36.0969,-0.000371943,0.0556886,-0.0541385,0.624907,0.501033,1
3910,279.103,0.241785,-0.0261453,-0.106257,-0.761097,-0.0195497,0.0379486,-0.295337,-27.4084,-58.7628,34.2165,-0.000836655,0.0555262,-0.054918,0.624907,0.501033,1
3920,306.768,0.245297,-0.0176799,-0.0912593,-0.769774,-0.0196606,0.0374543,-0.299164,-40.2066,-62.0066,33.2229,-0.00100332,0.0556942,-0.0552586,0.624907,0.501033,1
3930,327.347,0.249002,-0.00665195,-0.0757952,-0.776776,-0.0197222,0.0370367,-0.303032,-47.7604,-61.1908,32.3065,-0.00102611,0.0562025,-0.0554738,0.624907,0.501033,1
3940,341.376,0.252375,0.0055143,-0.0609758,-0.782521,-0.0197252,0.0366952,-0.306931,-49.4741,-56.3762,30.2174,-0.000516677,0.0567564,-0.0560891,0.624907,0.501033,1
3950,359.304,0.255439,0.0173672,-0.0477898,-0.786694,-0.0196676,0.0364242,-0.310855,-45.5027,-47.8312,26.6918,0.000545347,0.0568611,-0.0570392,0.624907,0.501033,1
3960,360.043,0.258739,0.0277676,-0.0370559,-0.789341,-0.019554,0.0362132,-0.314797,-38.9964,-37.1599,21.723,0.00174998,0.0562671,-0.0577179,0.624907,0.501033,1
3970,342.355,0.262696,0.0364302,-0.0290935,-0.79121,-0.0193928,0.0360489,-0.318749,-31.6442,-26.7515,16.845,0.0025367,0.0551728,-0.0576701,0.624907,0.501033,1
3980,303.674,0.267172,0.043369,-0.0236484,-0.793469,-0.0191926,0.0359181,-0.322711,-24.9858,-17.1129,12.8296,0.00279187,0.0542421,-0.057076,0.624907,0.501033,1
3990,262.004,0.271641,0.0488599,-0.020457,-0.79785,-0.0189615,0.0358087,-0.326688,-18.6183,-9.27923,9.88645,0.00242795,0.053867,-0.056493,0.624907,0.501033,1
4000,267.231,0.27586,0.0529084,-0.0190312,-0.803055,-0.0187064,0.0357106,-0.33069,-12.3022,-3.27691,8.211,0.00180195,0.0539012,-0.0561953,0.625301,0.500838,1
4010,299.283,0.279918,0.0553636,-0.0188737,-0.806026,-0.0184352,0.0356164,-0.334713,-7.33662,1.80201,7.16781,0.00147764,0.053999,-0.0561104,0.625518,0.500908,1
4020,324.903,0.284036,0.0565919,-0.0197148,-0.806768,-0.0181548,0.0355202,-0.338746,-3.70037,5.11212,6.70828,0.00161569,0.054014,-0.0560033,0.625624,0.500998,1
4030,327.532,0.288428,0.0570423,-0.0210998,-0.806441,-0.0178704,0.0354183,-0.34278,-1.53569,6.28226,5.66336,0.00159732,0.053781,-0.055596,0.625707,0.501121,1
4040,278.438,0.293055,0.0572273,-0.0226145,-0.807396,-0.0175847,0.035309,-0.346813,-0.240081,5.8234,3.90421,0.00107519,0.0536371,-0.054928,0.625832,0.501315,1
4050,219.336,0.297415,0.0575391,-0.0240619,-0.812916,-0.017298,0.0351923,-0.35086,0.138268,4.44714,2.17369,0.000320283,0.0541126,-0.0545712,0.625841,0.501325,1
4060,199.07,0.301356,0.05813,-0.0252812,-0.822579,-0.017009,0.0350689,-0.354946,0.545789,3.10221,0.426301,-0.000236417,0.0550055,-0.0547188,0.625841,0.501325,1
4070,195.441,0.305584,0.0587833,-0.0262109,-0.833303,-0.016717,0.0349401,-0.359083,0.345397,1.6604,-2.01968,-0.000534976,0.0555429,-0.0546241,0.625841,0.501325,1
4080,209.92,0.310793,0.0594695,-0.0267809,-0.842756,-0.0164215,0.0348075,-0.363272,-0.0818568,0.36746,-4.0607,-0.000671811,0.0558419,-0.0535911,0.625841,0.501325,1
4090,236.5,0.316603,0.0600502,-0.0269624,-0.848693,-0.0161228,0.0346731,-0.3675,-0.528621,-0.703313,-5.53758,-0.000691268,0.0564164,-0.0520215,0.625841,0.501325,1
4100,265.134,0.322155,0.0605238,-0.0268023,-0.851334,-0.0158214,0.0345385,-0.37175,-0.912985,-1.62959,-6.49581,-0.000619078,0.0572281,-0.0507557,0.625841,0.501325,1
4110,303.567,0.327154,0.0608648,-0.0263262,-0.850666,-0.0155179,0.0344056,-0.376006,-1.25372,-2.44976,-6.98114,-0.000410377,0.0578842,-0.0500461,0.626117,0.50144,1
4120,306.311,0.331912,0.0611688,-0.0256116,-0.848262,-0.0152128,0.0342757,-0.380254,-1.58602,-3.1306,-7.00563,5.90793e-005,0.0583211,-0.0495665,0.626434,0.501538,1
4130,266.247,0.33662,0.0616819,-0.0247959,-0.847629,-0.0149058,0.0341497,-0.384492,-1.9311,-3.69564,-6.70376,0.000716588,0.0583816,-0.0491086,0.626882,0.501669,1
4140,237.285,0.341304,0.0625361,-0.0239392,-0.850544,-0.0145955,0.0340278,-0.388735,-2.34995,-4.58388,-5.85089,0.00104557,0.0578455,-0.0486227,0.627533,0.501875,1
4150,238.665,0.34596,0.0635841,-0.0229023,-0.854881,-0.0142803,0.0339107,-0.392997,-2.6743,-5.03284,-5.3766,0.000900104,0.0569191,-0.0481375,0.628074,0.502059,1
4160,261.036,0.350478,0.0645962,-0.0217378,-0.857956,-0.0139599,0.0337991,-0.397279,-2.80703,-5.22089,-5.16519,0.000665123,0.0561301,-0.0478197,0.628439,0.502161,1
4170,298.512,0.354604,0.0653837,-0.0205055,-0.858099,-0.0136349,0.0336935,-0.40157,-2.61021,-4.9312,-5.4361,0.000750191,0.0553926,-0.0479237,0.628715,0.502224,1
4180,320.279,0.358638,0.0659085,-0.0193455,-0.855795,-0.0133065,0.0335939,-0.405856,-2.14115,-4.22002,-6.1055,0.000755373,0.0543042,-0.048093,0.628896,0.50226,1
4190,317.46,0.363303,0.0662693,-0.0183771,-0.852869,-0.012976,0.0334997,-0.410128,-1.59558,-3.36004,-6.8879,0.000370254,0.0531154,-0.0476007,0.628926,0.502265,1
4200,322.615,0.36878,0.0665047,-0.0176202,-0.849818,-0.012644,0.0334098,-0.414385,-1.11328,-2.55247,-7.56407,-0.000286802,0.0526675,-0.0463155,0.628926,0.502265,1
4210,328.806,0.374185,0.0665923,-0.0170413,-0.846111,-0.0123112,0.0333232,-0.418626,-0.721939,-1.83387,-8.04703,-0.000759363,0.0530736,-0.0451411,0.628926,0.502265,1
4220,315.471,0.378941,0.0666113,-0.0166358,-0.842544,-0.0119781,0.0332391,-0.422847,-0.283594,-0.959956,-7.99389,-0.000861019,0.0536977,-0.0446226,0.628926,0.502265,1
4230,286.097,0.383506,0.06666,-0.0164589,-0.840583,-0.011645,0.0331564,-0.427054,-0.0873145,-0.494983,-8.22966,-0.000170673,0.0542202,-0.0442989,0.628926,0.502265,1
4240,261.662,0.388491,0.0668358,-0.0164252,-0.840692,-0.0113113,0.0330742,-0.431256,0.0551392,-0.145107,-8.33497,0.00106934,0.0546251,-0.0435611,0.628926,0.502265,1
4250,253.036,0.393695,0.0671138,-0.0165004,-0.842383,-0.0109766,0.032992,-0.435463,-0.132337,0.165815,-8.01614,0.00206849,0.0545951,-0.0425769,0.628926,0.502265,1
4260,276.791,0.398922,0.0673617,-0.0166284,-0.843256,-0.0106403,0.0329092,-0.439677,0.240625,0.424064,-7.65799,0.00211492,0.0542178,-0.0415284,0.628926,0.502265,1
4270,302.808,0.404288,0.0673437,-0.0167684,-0.84193,-0.0103035,0.0328257,-0.44389,0.276996,0.603251,-7.7235,0.00172778,0.0543591,-0.0403556,0.629355,0.502272,1
4280,316,0.40979,0.0672136,-0.016922,-0.839268,-0.00996709,0.0327415,-0.448094,0.154799,1.01309,-7.31456,0.00135016,0.0553169,-0.0390831,0.630113,0.502258,1
4290,333.42,0.415215,0.067043,-0.017144,-0.835865,-0.00963137,0.0326563,-0.452283,0.205661,1.03189,-7.26124,0.000953549,0.0565496,-0.0378911,0.630998,0.502219,1
4300,348.921,0.420682,0.0667716,-0.0173369,-0.831423,-0.00929675,0.0325701,-0.456452,0.405334,0.751693,-6.72026,0.000218118,0.0576758,-0.0366269,0.631513,0.502174,1
4310,346.113,0.42635,0.0664362,-0.0174536,-0.826913,-0.00896368,0.0324831,-0.460598,0.449362,0.668229,-6.5701,-0.000565032,0.058568,-0.0351299,0.63183,0.502128,1
4320,346.076,0.431869,0.0660989,-0.0175477,-0.82258,-0.00863228,0.0323955,-0.464723,0.502464,0.55743,-6.36315,-0.00128257,0.0587005,-0.033718,0.632243,0.502048,1
4330,338.775,0.436651,0.0657581,-0.017616,-0.818424,-0.00830259,0.0323076,-0.468826,0.556036,0.447651,-6.11892,-0.0016734,0.0577397,-0.0329662,0.632573,0.501967,1
4340,314.975,0.44086,0.0654842,-0.0176805,-0.81532,-0.0079745,0.0322194,-0.47291,0.597424,0.372641,-5.82343,-0.00167026,0.0562666,-0.0327508,0.632642,0.50196,1
4350,306.873,0.445389,0.0652845,-0.0177516,-0.813325,-0.00764757,0.0321308,-0.476981,0.633932,0.307136,-5.56253,-0.00151651,0.0550946,-0.0322272,0.632642,0.50196,1
4360,294.493,0.450623,0.0651152,-0.0178189,-0.811863,-0.0073216,0.0320418,-0.481044,0.654058,0.259351,-5.30062,-0.00193533,0.0542415,-0.0310006,0.632642,0.50196,1
4370,262.914,0.456073,0.0650816,-0.01791,-0.812169,-0.00699623,0.0319525,-0.485102,0.490593,-0.0398086,-4.59134,-0.00267099,0.0534344,-0.0295565,0.632642,0.50196,1
4380,230.139,0.46127,0.065346,-0.0180046,-0.815851,-0.00667037,0.0318628,-0.48917,0.467171,-0.0484229,-4.34005,-0.00280676,0.0529584,-0.028399,0.632885,0.501922,1
4390,228.703,0.466384,0.0657675,-0.0181386,-0.821448,-0.00634272,0.0317725,-0.493261,0.419747,-0.0529262,-4.10086,-0.00185794,0.0530205,-0.0273837,0.633283,0.501837,1
4400,259.182,0.471594,0.0660527,-0.0182305,-0.825224,-0.00601316,0.0316816,-0.497378,0.355189,-0.0544646,-3.88483,-0.000643671,0.0532109,-0.0263071,0.633602,0.501747,1
4410,291.899,0.476872,0.0661056,-0.0182536,-0.825931,-0.00568272,0.0315903,-0.501507,0.279135,-0.0511331,-3.68604,2.11034e-005,0.05341,-0.0251683,0.633817,0.501665,1
4420,306.97,0.48212,0.0660371,-0.0182393,-0.824922,-0.00535234,0.0314991,-0.505634,0.195284,-0.0420413,-3.49349,-0.000133848,0.0541032,-0.0240731,0.634199,0.501534,1
4430,307.967,0.487376,0.065953,-0.0182177,-0.8235,-0.00502236,0.031408,-0.509756,0.108986,-0.0279882,-3.29998,-0.000831734,0.0552326,-0.0229802,0.634946,0.501295,1
4440,297.522,0.492514,0.065916,-0.0182074,-0.822455,-0.00469272,0.0313169,-0.51387,0.0293203,-0.00980329,-3.10963,-0.00162494,0.0559887,-0.021984,0.635728,0.50106,1
4450,268.495,0.49756,0.0660192,-0.0182356,-0.822983,-0.00436299,0.0312258,-0.517982,-0.0337879,0.00890223,-2.92866,-0.00175672,0.0561842,-0.0210558,0.63616,0.50094,1
4460,253.163,0.502793,0.0663064,-0.0183151,-0.825682,-0.00403229,0.0311345,-0.522103,-0.0743616,0.0218099,-2.76354,-0.00109226,0.0562214,-0.0199445,0.636383,0.500862,1
4470,262.078,0.508638,0.0666067,-0.0183981,-0.82849,-0.00370005,0.0310427,-0.526238,-0.0940082,0.024847,-2.61577,-0.000196412,0.0561084,-0.0182295,0.636821,0.500693,1
4480,264.851,0.514793,0.0668436,-0.0184624,-0.8305,-0.00336647,0.0309506,-0.530385,-0.108121,0.00963468,-2.44989,0.000418117,0.0557895,-0.0162049,0.637472,0.500433,1
4490,258.227,0.520395,0.0671285,-0.0185354,-0.83311,-0.00303163,0.0308581,-0.534543,-0.109081,0.00397484,-2.33754,0.000861397,0.0558334,-0.0147617,0.638075,0.500198,1
4500,274.497,0.524871,0.067371,-0.0185949,-0.835216,-0.00269538,0.0307653,-0.538713,-0.109552,-0.00443182,-2.23887,0.00114427,0.0563327,-0.0144797,0.638617,0.499991,1
4510,293.583,0.528773,0.0674819,-0.0186156,-0.835709,-0.00235822,0.0306722,-0.542891,-0.108621,-0.014831,-2.1629,0.000897972,0.0565802,-0.0147632,0.639144,0.499788,1
4520,299.528,0.532785,0.0675184,-0.0186135,-0.835304,-0.00202071,0.0305792,-0.547069,-0.104811,-0.0245423,-2.11247,1.80593e-005,0.056214,-0.0149048,0.639422,0.499691,1
4530,286.177,0.536994,0.0675781,-0.0186161,-0.835211,-0.00168301,0.0304861,-0.551244,-0.0992054,-0.029677,-2.07638,-0.00112687,0.0557451,-0.0148446,0.639422,0.499691,1
4540,265.634,0.541053,0.0677669,-0.0186568,-0.836754,-0.00134475,0.0303929,-0.555423,-0.00929672,0.158018,-1.7534,-0.00210194,0.0554726,-0.0149524,0.639422,0.499691,1
4550,284.446,0.545116,0.0679419,-0.018743,-0.83844,-0.00100546,0.0302994,-0.559611,-0.148658,0.17164,-1.39614,-0.0025996,0.0552097,-0.0150667,0.63963,0.499644,1
4560,311.378,0.549455,0.0679735,-0.0187837,-0.838056,-0.000665611,0.0302056,-0.563803,-0.133401,0.163501,-1.3729,-0.00215433,0.0548591,-0.0149034,0.640068,0.499543,1
4570,333.323,0.554242,0.0678862,-0.0187923,-0.83625,-0.000325888,0.0301117,-0.56799,-0.213608,0.354713,-1.07608,-0.00102825,0.0546434,-0.0142918,0.640464,0.499442,1
4580,353.073,0.559315,0.0677116,-0.0188151,-0.83322,1.3199e-005,0.0300176,-0.572165,-0.191569,0.332731,-1.03986,-0.000178377,0.0545286,-0.013387,0.640623,0.499396,1
4590,338.962,0.564534,0.0675206,-0.0188279,-0.830086,0.000351314,0.0299235,-0.576323,-0.0801138,0.179031,-0.698155,-0.000277566,0.0544838,-0.0123236,0.640623,0.499396,1
4600,315.597,0.569452,0.0674092,-0.0188348,-0.828354,0.000688632,0.0298293,-0.580469,0.115452,0.181897,-0.392092,-0.000847809,0.0548935,-0.0115711,0.640623,0.499396,1
4610,299.976,0.573745,0.0673382,-0.0188657,-0.82773,0.00102548,0.0297351,-0.584609,0.109296,0.164758,-0.374088,-0.00149258,0.0559265,-0.0114681,0.640623,0.499396,1
4620,275.8,0.577507,0.0673929,-0.0189273,-0.828635,0.00136222,0.0296406,-0.588749,0.102684,0.149556,-0.353204,-0.00209626,0.0567086,-0.0118875,0.640623,0.499396,1
4630,258.325,0.581524,0.0675861,-0.019024,-0.831229,0.00169956,0.0295458,-0.592897,0.0965451,0.137115,-0.332337,-0.00249558,0.0565756,-0.0120174,0.640623,0.499396,1
4640,245.763,0.586198,0.067894,-0.0191481,-0.835212,0.00203813,0.0294504,-0.597062,0,0,0,-0.00225649,0.0561184,-0.0114868,0.64092,0.499311,1
4650,240.955,0.591126,0.0683025,-0.0192633,-0.840238,0.00237851,0.0293544,-0.601249,0,0,0,-0.0017464,0.0561642,-0.0107456,0.641258,0.499224,1
4660,257.92,0.59571,0.0686572,-0.0193633,-0.844601,0.00272088,0.0292578,-0.605461,0,0,0,-0.00146203,0.0564628,-0.0103871,0.641646,0.499134,1
4670,285.838,0.600136,0.0688266,-0.0194111,-0.846685,0.00306463,0.0291609,-0.60969,0,0,0,-0.00159554,0.056574,-0.0101976,0.641892,0.499083,1
4680,304.972,0.604764,0.0688422,-0.0194155,-0.846877,0.00340884,0.0290638,-0.613924,0,0,0,-0.00180693,0.0564144,-0.00980152,0.642089,0.499047,1
4690,317.14,0.609382,0.0687758,-0.0193968,-0.84606,0.00375293,0.0289668,-0.618157,0,0,0,-0.00193192,0.0559282,-0.00939827,0.642453,0.49898,1
4700,311.656,0.613441,0.0686849,-0.0193711,-0.844941,0.00409659,0.0288698,-0.622384,0,0,0,-0.00157254,0.0552303,-0.00953639,0.642839,0.498898,1
4710,288.464,0.616772,0.0686959,-0.0193742,-0.845077,0.00443998,0.028773,-0.626609,0,0,0,-0.000710616,0.0548899,-0.0104114,0.642953,0.49887,1
4720,289.253,0.619567,0.0687743,-0.0193963,-0.846041,0.00478364,0.0286761,-0.630836,0,0,0,0.000279403,0.0551089,-0.0118494,0.642953,0.49887,1
4730,299.509,0.622228,0.068805,-0.019405,-0.846419,0.00512761,0.0285791,-0.635068,0,0,0,0.000707765,0.0553893,-0.0134336,0.642953,0.49887,1
4740,313.267,0.625173,0.068768,-0.0193946,-0.845964,0.00547158,0.028482,-0.639299,0,0,0,0.000743408,0.0551481,-0.0147125,0.642953,0.49887,1
4750,331.551,0.628538,0.0686438,-0.0193595,-0.844436,0.00581518,0.0283851,-0.643526,0,0,0,0.000788067,0.0544123,-0.0155477,0.642953,0.49887,1
4760,333.864,0.631978,0.0684668,-0.0193096,-0.842259,0.006158,0.0282885,-0.647743,0,0,0,0.0010244,0.0537366,-0.0162983,0.642953,0.49887,1
4770,333.622,0.635104,0.0682975,-0.0192619,-0.840176,0.00649996,0.028192,-0.65195,0,0,0,0.000966837,0.0536547,-0.0173811,0.642953,0.49887,1
4780,333.655,0.638121,0.0681221,-0.0192124,-0.838019,0.00684105,0.0280958,-0.656146,0,0,0,0.000528632,0.0543023,-0.0185946,0.642953,0.49887,1
4790,312.284,0.641628,0.0679933,-0.0191761,-0.836434,0.00718132,0.0279998,-0.660332,0,0,0,-0.00027742,0.0555591,-0.019339,0.642953,0.49887,1
4800,267.167,0.645727,0.0680696,-0.0191976,-0.837372,0.00752134,0.027904,-0.664515,0,0,0,-0.00114339,0.0567633,-0.0194916,0.642953,0.49887,1
4810,250.573,0.649893,0.0683835,-0.0192861,-0.841234,0.00786235,0.0278078,-0.66871,0,0,0,-0.00173953,0.0569513,-0.0195414,0.642953,0.49887,1
4820,269.506,0.6539,0.0686413,-0.0193588,-0.844405,0.00820491,0.0277112,-0.672924,0,0,0,-0.00162704,0.056107,-0.0197144,0.642953,0.49887,1
4830,278.858,0.657907,0.068795,-0.0194022,-0.846295,0.00854849,0.0276143,-0.67715,0,0,0,-0.00124854,0.0551825,-0.0198947,0.642953,0.49887,1
4840,277.737,0.661995,0.0689226,-0.0194382,-0.847866,0.00889274,0.0275172,-0.681385,0,0,0,-0.00105922,0.0546552,-0.0200212,0.642953,0.49887,1
4850,257.804,0.666054,0.0691257,-0.0194955,-0.850364,0.00923775,0.0274199,-0.685629,0,0,0,-0.00101508,0.0545109,-0.0202057,0.642953,0.49887,1
4860,260.935,0.670185,0.0694427,-0.0195849,-0.854264,0.00958411,0.0273222,-0.68989,0,0,0,-0.000695875,0.0549159,-0.0203528,0.642953,0.49887,1
4870,307.974,0.674444,0.0695233,-0.0196076,-0.855256,0.00993163,0.0272242,-0.694165,0,0,0,-0.000426575,0.0558232,-0.0204079,0.642953,0.49887,1
4880,312.321,0.678852,0.0694373,-0.0195833,-0.854197,0.0102791,0.0271262,-0.698439,0,0,0,-0.000706607,0.0567704,-0.0203234,0.642953,0.49887,1
4890,275.571,0.683403,0.0694851,-0.0195968,-0.854786,0.0106263,0.0270283,-0.70271,0,0,0,-0.00149773,0.0576697,-0.0201021,0.642953,0.49887,1
4900,256.8,0.688218,0.069728,-0.0196653,-0.857773,0.0109742,0.0269302,-0.70699,0,0,0,-0.00192104,0.0585912,-0.0196224,0.642953,0.49887,1
4910,252.708,0.693031,0.0700436,-0.0197543,-0.861656,0.0113235,0.0268316,-0.711288,0,0,0,-0.00129695,0.0590721,-0.0191227,0.643066,0.498754,1
4920,256.418,0.697497,0.0703643,-0.0198448,-0.865601,0.0116745,0.0267327,-0.715605,0,0,0,0.000312878,0.0586213,-0.0189305,0.643316,0.498482,1
4930,259.326,0.701753,0.0706365,-0.0199215,-0.868949,0.0120269,0.0266333,-0.719941,0,0,0,0.00223298,0.0575558,-0.0189374,0.643462,0.498307,1
4940,251.073,0.706473,0.0709548,-0.0200113,-0.872866,0.0123808,0.0265335,-0.724294,0,0,0,0.0034681,0.0564921,-0.0185123,0.643663,0.498038,1
4950,258.344,0.711826,0.0712799,-0.020103,-0.876865,0.0127363,0.0264332,-0.728668,0,0,0,0.00329247,0.0556783,-0.0175054,0.643939,0.497634,1
4960,261.068,0.717469,0.0715329,-0.0201744,-0.879977,0.0130933,0.0263325,-0.733059,0,0,0,0.00206035,0.0549781,-0.0162469,0.644113,0.497349,1
4970,252.534,0.722938,0.0718599,-0.0202666,-0.884,0.0134517,0.0262314,-0.737468,0,0,0,0.000855359,0.0542861,-0.0151844,0.644113,0.497349,1
4980,288.603,0.72813,0.0720658,-0.0203246,-0.886532,0.0138115,0.0261299,-0.741895,0,0,0,-0.000123205,0.0537284,-0.014422,0.644113,0.497349,1
4990,328.181,0.733181,0.0720001,-0.0203061,-0.885725,0.0141718,0.0260283,-0.746327,0,0,0,-0.00114003,0.0534185,-0.0138172,0.644113,0.497349,1
5000,360.772,0.73849,0.0717619,-0.0202389,-0.882794,0.0145313,0.0259269,-0.75075,0,0,0,-0.00197046,0.053399,-0.0129548,0.643578,0.497508,1
5010,362.026,0.744097,0.0714364,-0.0201471,-0.87879,0.0148894,0.0258259,-0.755154,0,0,0,-0.00219652,0.0538093,-0.0117798,0.643246,0.49732,1
5020,309.543,0.749558,0.0712511,-0.0200949,-0.87651,0.0152461,0.0257254,-0.759542,0,0,0,-0.00211467,0.0544353,-0.0107347,0.643035,0.497074,1
5030,268.28,0.754496,0.0713592,-0.0201254,-0.87784,0.0156025,0.0256248,-0.763926,0,0,0,-0.00192536,0.0545829,-0.0101903,0.643194,0.497097,1
5040,265.129,0.759353,0.0716036,-0.0201943,-0.880847,0.0159598,0.0255241,-0.768322,0,0,0,-0.00171574,0.0542436,-0.00971842,0.643194,0.497097,1
5050,291.483,0.764748,0.0717452,-0.0202342,-0.882588,0.0163182,0.025423,-0.772731,0,0,0,-0.0017159,0.054202,-0.00873741,0.643194,0.497097,1
5060,299.671,0.770574,0.0717487,-0.0202352,-0.882632,0.016677,0.0253218,-0.777144,0,0,0,-0.00220596,0.0548072,-0.00736582,0.643194,0.497097,1
5070,282.437,0.776251,0.0718108,-0.0202527,-0.883395,0.0170358,0.0252206,-0.781559,0,0,0,-0.00268055,0.05567,-0.00615589,0.643194,0.497097,1
5080,286.025,0.781682,0.0719244,-0.0202848,-0.884793,0.0173951,0.0251193,-0.785979,0,0,0,-0.0025264,0.0564442,-0.00517928,0.643194,0.497097,1
5090,299.454,0.78727,0.0719649,-0.0202962,-0.885291,0.0177549,0.0250178,-0.790405,0,0,0,-0.00171879,0.0567776,-0.00401626,0.643194,0.497097,1
5100,320.177,0.793233,0.0719073,-0.0202799,-0.884582,0.0181146,0.0249163,-0.79483,0,0,0,-0.00109573,0.0564593,-0.00245754,0.643194,0.497097,1
5110,324.017,0.799297,0.0717644,-0.0202396,-0.882824,0.0184738,0.024815,-0.799249,0,0,0,-0.000806038,0.0557035,-0.000781606,0.643236,0.497365,1
5120,301.993,0.805089,0.0717032,-0.0202224,-0.882071,0.0188325,0.0247139,-0.803661,0,0,0,-0.000537814,0.055274,0.000615004,0.643472,0.497368,1
5130,318.538,0.810469,0.0716564,-0.0202092,-0.881496,0.0191909,0.0246128,-0.80807,0,0,0,-0.000236679,0.0554673,0.00157776,0.643709,0.497378,1
5140,334.26,0.815477,0.0714952,-0.0201637,-0.879513,0.0195489,0.0245118,-0.812474,0,0,0,-0.000381191,0.0560551,0.00214947,0.643709,0.497378,1
5150,328.737,0.820394,0.0713272,-0.0201163,-0.877446,0.019906,0.0244111,-0.816867,0,0,0,-0.00055039,0.0564103,0.00264825,0.643709,0.497378,1
5160,334.515,0.825497,0.0711567,-0.0200683,-0.875349,0.0202622,0.0243107,-0.821249,0,0,0,-0.000681685,0.0561756,0.00336619,0.643799,0.497438,1
5170,317.429,0.830818,0.0710054,-0.0200256,-0.873488,0.0206176,0.0242104,-0.825621,0,0,0,-0.00107625,0.0553629,0.00432912,0.643832,0.497468,1
5180,288.989,0.836205,0.0710033,-0.020025,-0.873462,0.0209726,0.0241103,-0.829988,0,0,0,-0.00171195,0.0543639,0.0053614,0.643832,0.497468,1
5190,279.368,0.841748,0.0711092,-0.0200549,-0.874765,0.0213278,0.0240101,-0.834358,0,0,0,-0.00174775,0.0535213,0.00655618,0.643832,0.497468,1
5200,262.649,0.847519,0.0713045,-0.0201099,-0.877167,0.0216837,0.0239097,-0.838736,0,0,0,-0.00151738,0.0532818,0.00795608,0.643832,0.497468,1
5210,272.654,0.853437,0.0715445,-0.0201776,-0.88012,0.0220408,0.023809,-0.843129,0,0,0,-0.00176134,0.0537379,0.00945006,0.643816,0.497725,1
5220,302.12,0.859053,0.071606,-0.020195,-0.880876,0.0223988,0.0237081,-0.847533,0,0,0,-0.00236802,0.0546952,0.010604,0.643822,0.497997,1
5230,303.566,0.864101,0.0715811,-0.0201879,-0.880569,0.0227568,0.0236071,-0.851936,0,0,0,-0.00233055,0.0558366,0.0111989,0.643839,0.498041,1
5240,310.969,0.8688,0.0715403,-0.0201764,-0.880068,0.0231146,0.0235062,-0.856338,0,0,0,-0.00159318,0.0567925,0.0114722,0.643949,0.498209,1
5250,308.043,0.873984,0.0714776,-0.0201588,-0.879297,0.0234721,0.0234054,-0.860737,0,0,0,-0.000600417,0.0572003,0.0122617,0.644231,0.498518,1
5260,296.218,0.879876,0.0714671,-0.0201558,-0.879167,0.0238295,0.0233046,-0.865133,0,0,0,0.00026539,0.0573202,0.0137697,0.644483,0.498854,1
5270,279.387,0.885836,0.0715445,-0.0201776,-0.88012,0.0241869,0.0232038,-0.86953,0,0,0,0.000779875,0.057557,0.0153302,0.644834,0.499366,1
5280,268.517,0.890844,0.0717287,-0.0202296,-0.882386,0.024545,0.0231028,-0.873935,0,0,0,0.000392412,0.0578282,0.0159039,0.644991,0.49966,1
5290,275.385,0.894841,0.0719214,-0.0202839,-0.884756,0.0249041,0.0230015,-0.878353,0,0,0,-0.000716584,0.0577098,0.0154477,0.645068,0.499854,1
5300,287.806,0.8985,0.0720289,-0.0203142,-0.886078,0.025264,0.0229,-0.88278,0,0,0,-0.00185766,0.0572369,0.0146536,0.645147,0.500129,1
5310,288.221,0.902567,0.0721003,-0.0203344,-0.886957,0.0256243,0.0227984,-0.887212,0,0,0,-0.00268214,0.0564273,0.0142841,0.645211,0.500443,1
5320,278.8,0.906922,0.0722006,-0.0203627,-0.88819,0.025985,0.0226967,-0.89165,0,0,0,-0.003234,0.0553776,0.014212,0.645243,0.500681,1
5330,276.168,0.911288,0.0723649,-0.020409,-0.890212,0.0263464,0.0225947,-0.896095,0,0,0,-0.00314866,0.0544845,0.0141571,0.645245,0.500712,1
5340,301.937,0.915384,0.0724375,-0.0204295,-0.891104,0.0267085,0.0224926,-0.900549,0,0,0,-0.00224637,0.0542167,0.0138272,0.645245,0.500712,1
5350,331.029,0.919328,0.0723307,-0.0203994,-0.889791,0.0270705,0.0223905,-0.905002,0,0,0,-0.00104021,0.0545332,0.013333,0.645245,0.500712,1
5360,337.102,0.923287,0.0721301,-0.0203428,-0.887323,0.0274317,0.0222887,-0.909446,0,0,0,-0.000183441,0.0551657,0.0128419,0.645245,0.500712,1
5370,299.206,0.927661,0.0720234,-0.0203127,-0.886011,0.027792,0.022187,-0.913878,0,0,0,0.000170207,0.0557382,0.0127638,0.645245,0.500712,1
5380,250.961,0.932303,0.0722172,-0.0203673,-0.888394,0.0281524,0.0220854,-0.918312,0,0,0,-3.70967e-005,0.0561013,0.0129435,0.645153,0.501165,1
5390,232.109,0.936825,0.0726879,-0.0205001,-0.894185,0.0285145,0.0219833,-0.922766,0,0,0,-0.000838715,0.0562538,0.0129715,0.645018,0.501676,1
5400,231.286,0.940951,0.0732364,-0.0206548,-0.900932,0.0288792,0.0218804,-0.927252,0,0,0,-0.00172455,0.05622,0.0125739,0.644905,0.501989,1
5410,259.884,0.945263,0.0736585,-0.0207738,-0.906126,0.0292464,0.0217769,-0.93177,0,0,0,-0.0019746,0.0562668,0.0123476,0.644789,0.502237,1
5420,302.77,0.950149,0.0737616,-0.0208029,-0.907393,0.029615,0.0216729,-0.936305,0,0,0,-0.00153003,0.0567258,0.0126863,0.644701,0.502372,1
5430,309.226,0.955526,0.0737031,-0.0207864,-0.906674,0.0299837,0.0215689,-0.94084,0,0,0,-0.00077411,0.0575377,0.0135126,0.64459,0.502508,1
5440,304.365,0.960863,0.0736684,-0.0207766,-0.906247,0.0303522,0.021465,-0.945373,0,0,0,0.000206871,0.0581818,0.0143148,0.644403,0.502711,1
5450,300.207,0.966275,0.0736536,-0.0207724,-0.906064,0.0307205,0.0213611,-0.949903,0,0,0,0.00130303,0.058513,0.0152087,0.64422,0.502894,1
5460,302.979,0.97194,0.073649,-0.0207712,-0.906009,0.0310887,0.0212573,-0.954434,0,0,0,0.00213443,0.0586568,0.0163547,0.643958,0.503137,1
5470,313.919,0.977636,0.0735938,-0.0207556,-0.905329,0.0314569,0.0211534,-0.958963,0,0,0,0.00239558,0.0585904,0.0175243,0.643606,0.503444,1
5480,302.912,0.982738,0.0735319,-0.0207381,-0.904568,0.0318247,0.0210497,-0.963487,0,0,0,0.00198233,0.0582511,0.0180932,0.643274,0.503714,1
5490,291.772,0.987405,0.0735672,-0.0207481,-0.905002,0.0321924,0.020946,-0.968011,0,0,0,0.000628408,0.0578854,0.0181982,0.642871,0.504021,1
5500,302.276,0.991982,0.0735798,-0.0207516,-0.905157,0.0325603,0.0208422,-0.972536,0,0,0,-0.00144377,0.057513,0.0181838,0.642365,0.504388,1
5510,291.893,0.996368,0.0735901,-0.0207545,-0.905283,0.0329282,0.0207385,-0.977062,0,0,0,-0.00319296,0.0568385,0.0179962,0.641984,0.504646,1
5520,283.532,1.00028,0.0736816,-0.0207803,-0.906409,0.0332963,0.0206347,-0.981591,0,0,0,-0.00371171,0.0556561,0.0173929,0.641869,0.504717,1
5530,283.623,1.0042,0.0737824,-0.0208088,-0.90765,0.0336649,0.0205307,-0.986126,0,0,0,-0.00343909,0.0543871,0.0168141,0.641869,0.504717,1
5540,261.528,1.00852,0.0739679,-0.0208611,-0.909932,0.0340342,0.0204266,-0.990668,0,0,0,-0.00272336,0.0536429,0.0166298,0.641869,0.504717,1
5550,251.709,1.01303,0.0743063,-0.0209565,-0.914095,0.0344048,0.020322,-0.995227,0,0,0,-0.00145144,0.0534195,0.0166247,0.641869,0.504717,1
5560,266.544,1.01735,0.0746075,-0.0210415,-0.9178,0.034777,0.0202171,-0.999806,0,0,0,0.000138282,0.053236,0.0164182,0.641846,0.504726,1
5570,285.45,0.980625,0.0747595,-0.0210843,-0.919669,0.0351505,0.0201117,0.9956,0,0,0,0.000909601,0.0532451,0.0161335,0.641434,0.504873,1
5580,309.778,0.976232,0.0747733,-0.0210882,-0.919839,0.0355244,0.0200063,0.991,0,0,0,0.000574719,0.0537228,0.0159774,0.640862,0.505061,1
5590,321.955,0.971925,0.0746592,-0.021056,-0.918435,0.035898,0.0199009,0.986404,0,0,0,-0.000376651,0.054267,0.0157647,0.640124,0.505287,1
5600,307.139,0.967832,0.0745708,-0.0210311,-0.917348,0.036271,0.0197957,0.981815,0,0,0,-0.00143823,0.054334,0.0153347,0.639555,0.505448,1
5610,284.37,0.963462,0.0745998,-0.0210393,-0.917705,0.0366439,0.0196905,0.977228,0,0,0,-0.0025789,0.0543708,0.0151897,0.639039,0.505582,1
5620,269.025,0.95828,0.0747859,-0.0210918,-0.919995,0.0370173,0.0195852,0.972635,0,0,0,-0.00323795,0.0548367,0.0158501,0.638589,0.505688,1
5630,293.287,0.952737,0.074915,-0.0211282,-0.921582,0.0373916,0.0194797,0.96803,0,0,0,-0.00306163,0.0555996,0.0168385,0.638297,0.505748,1
5640,305.294,0.947487,0.0749006,-0.0211241,-0.921405,0.0377661,0.019374,0.963423,0,0,0,-0.00222384,0.0564328,0.0175058,0.637979,0.505799,1
5650,302.456,0.942484,0.0748785,-0.0211179,-0.921134,0.0381406,0.0192684,0.958816,0,0,0,-0.00115187,0.0574984,0.017928,0.637453,0.505869,1
5660,291.705,0.937197,0.0748863,-0.0211201,-0.92123,0.038515,0.0191629,0.954211,0,0,0,0.000255985,0.0586749,0.0186287,0.636817,0.505939,1
5670,271.622,0.93171,0.0750253,-0.0211593,-0.922939,0.0388897,0.0190572,0.949601,0,0,0,0.0015399,0.059429,0.0195157,0.636296,0.505984,1
5680,281.636,0.926318,0.0752019,-0.0212091,-0.925112,0.0392652,0.0189513,0.944981,0,0,0,0.0018962,0.0593731,0.020301,0.635993,0.505998,1
5690,297.794,0.92132,0.0752458,-0.0212215,-0.925652,0.0396414,0.0188452,0.940354,0,0,0,0.00103424,0.0589093,0.0207161,0.635862,0.505998,1
5700,293.832,0.916746,0.0752823,-0.0212318,-0.926101,0.0400177,0.018739,0.935725,0,0,0,-0.000235984,0.0586647,0.0207337,0.635716,0.505992,1
5710,321.957,0.91278,0.0752409,-0.0212201,-0.925591,0.0403941,0.0186329,0.931095,0,0,0,-0.00158248,0.0586471,0.0201587,0.63547,0.505971,1
5720,345.154,0.909255,0.0750298,-0.0211606,-0.922995,0.0407698,0.0185269,0.926472,0,0,0,-0.00303343,0.0586417,0.0191592,0.635446,0.505965,1
5730,342.627,0.905732,0.0747945,-0.0210942,-0.9201,0.0411444,0.0184213,0.921864,0,0,0,-0.00423331,0.0587753,0.01817,0.635446,0.505965,1
5740,349.862,0.901526,0.07454,-0.0210224,-0.91697,0.0415179,0.0183159,0.91727,0,0,0,-0.00456501,0.0586061,0.0178246,0.635446,0.505965,1
5750,330.211,0.896913,0.0743098,-0.0209575,-0.914138,0.04189,0.018211,0.912692,0,0,0,-0.00422512,0.0573474,0.0178206,0.635446,0.505965,1
5760,283.856,0.892552,0.0742862,-0.0209509,-0.913847,0.0422614,0.0181063,0.908124,0,0,0,-0.003603,0.0552627,0.0175253,0.634949,0.5058,1
5770,259.612,0.888594,0.0745011,-0.0210115,-0.91649,0.0426332,0.0180014,0.903549,0,0,0,-0.0028226,0.0534362,0.0168259,0.634503,0.505642,1
5780,247.239,0.884332,0.0748599,-0.0211127,-0.920905,0.0430065,0.0178961,0.898957,0,0,0,-0.00196699,0.0524538,0.016446,0.633671,0.505333,1
5790,253.52,0.879682,0.0752291,-0.0212168,-0.925447,0.0433816,0.0177903,0.894342,0,0,0,-0.0015013,0.0522672,0.0164831,0.632967,0.50506,1
5800,250.573,0.874998,0.0755765,-0.0213148,-0.92972,0.0437586,0.017684,0.889706,0,0,0,-0.00182819,0.0527472,0.0165999,0.632396,0.504826,1
5810,247.114,0.870435,0.0759746,-0.021427,-0.934617,0.0441373,0.0175772,0.885046,0,0,0,-0.00268094,0.0535329,0.0166152,0.632129,0.504708,1
5820,256.248,0.865643,0.0763475,-0.0215322,-0.939205,0.0445181,0.0174698,0.880362,0,0,0,-0.00329904,0.0543798,0.0168293,0.632129,0.504708,1
5830,289.46,0.86065,0.0765431,-0.0215874,-0.94161,0.0449004,0.017362,0.87566,0,0,0,-0.00322998,0.0553782,0.0171976,0.631877,0.504623,1
5840,326.808,0.855722,0.0764724,-0.0215674,-0.940741,0.045283,0.0172541,0.870952,0,0,0,-0.00259215,0.0567053,0.0174818,0.631259,0.504403,1
5850,332.003,0.851039,0.0762826,-0.0215139,-0.938406,0.0456649,0.0171464,0.866254,0,0,0,-0.00163512,0.0580331,0.0175146,0.630768,0.504221,1
5860,286.089,0.846339,0.0762155,-0.021495,-0.937581,0.0460461,0.0170389,0.861565,0,0,0,-0.000647419,0.0589812,0.0175567,0.630604,0.504158,1
5870,228.725,0.841542,0.0765999,-0.0216034,-0.94231,0.0464278,0.0169312,0.856869,0,0,0,8.92123e-006,0.0593947,0.0176825,0.630604,0.504158,1
5880,232.011,0.836826,0.0772347,-0.0217824,-0.950119,0.0468123,0.0168228,0.85214,0,0,0,5.74381e-005,0.0595728,0.017715,0.630581,0.504148,1
5890,279.204,0.83219,0.0775703,-0.0218771,-0.954248,0.0471994,0.0167136,0.847378,0,0,0,-0.000413218,0.0596598,0.0176615,0.630419,0.504073,1
5900,309.794,0.827393,0.0775733,-0.0218779,-0.954284,0.0475873,0.0166042,0.842605,0,0,0,-0.00112844,0.0594374,0.0177596,0.63027,0.503998,1
5910,302.735,0.82261,0.0775327,-0.0218665,-0.953784,0.0479751,0.0164948,0.837835,0,0,0,-0.00178776,0.0587895,0.017822,0.63027,0.503998,1
5920,310.64,0.818177,0.0774945,-0.0218557,-0.953315,0.0483627,0.0163855,0.833067,0,0,0,-0.00232947,0.0580435,0.0175254,0.63027,0.503998,1
5930,317.433,0.813909,0.0774097,-0.0218318,-0.952272,0.04875,0.0162763,0.828303,0,0,0,-0.00274702,0.0573396,0.0170634,0.63027,0.503998,1
5940,326.03,0.809537,0.0772687,-0.021792,-0.950537,0.0491367,0.0161672,0.823545,0,0,0,-0.00295373,0.0567674,0.016707,0.63027,0.503998,1
5950,303.204,0.805247,0.0771735,-0.0217652,-0.949366,0.0495228,0.0160583,0.818796,0,0,0,-0.00292283,0.0562959,0.0162671,0.630074,0.503914,1
5960,269.078,0.80117,0.0772842,-0.0217964,-0.950728,0.0499088,0.0159495,0.814047,0,0,0,-0.00300776,0.0556936,0.0156157,0.62976,0.503773,1
5970,236.853,0.796786,0.0776653,-0.0219039,-0.955415,0.050296,0.0158403,0.809284,0,0,0,-0.00329692,0.0547003,0.0152534,0.629399,0.503605,1
5980,239.72,0.791565,0.0782214,-0.0220607,-0.962257,0.0506856,0.0157304,0.804492,0,0,0,-0.00349697,0.0537286,0.0156984,0.629142,0.503483,1
5990,278.791,0.785575,0.0785197,-0.0221448,-0.965927,0.0510775,0.0156199,0.79967,0,0,0,-0.00341504,0.0533949,0.0168982,0.628754,0.503292,1
6000,300.708,0.779379,0.0785656,-0.0221578,-0.966491,0.0514702,0.0155091,0.794839,0,0,0,-0.00320859,0.0539219,0.01833,0.628588,0.502689,1
6010,309.527,0.773288,0.0785343,-0.0221489,-0.966105,0.051863,0.0153983,0.790007,0,0,0,-0.00287548,0.0548272,0.0196668,0.628269,0.502755,1
6020,313.066,0.767384,0.0784512,-0.0221255,-0.965084,0.0522555,0.0152876,0.785179,0,0,0,-0.00257555,0.0555048,0.0208133,0.627968,0.503028,1
6030,301.354,0.761465,0.0784105,-0.022114,-0.964583,0.0526476,0.015177,0.780355,0,0,0,-0.0023959,0.0556375,0.0219604,0.627554,0.503357,1
6040,315.593,0.755545,0.0783711,-0.0221029,-0.964098,0.0530397,0.0150665,0.775532,0,0,0,-0.0023539,0.0557025,0.0231168,0.627309,0.503435,1
6050,345.857,0.749687,0.0781775,-0.0220483,-0.961717,0.0534311,0.0149561,0.770716,0,0,0,-0.0020777,0.0564114,0.0242376,0.627309,0.503435,1
6060,334.326,0.744146,0.0779256,-0.0219773,-0.958618,0.0538214,0.014846,0.765915,0,0,0,-0.00167297,0.0579069,0.0250914,0.627296,0.503414,1
6070,295.309,0.738893,0.0778494,-0.0219558,-0.957681,0.0542108,0.0147362,0.761125,0,0,0,-0.00153112,0.0593135,0.0256881,0.627282,0.503286,1
6080,243.626,0.733965,0.078077,-0.02202,-0.960481,0.0546004,0.0146263,0.756333,0,0,0,-0.00198505,0.0596697,0.0259397,0.627298,0.503089,1
6090,199.885,0.728997,0.078861,-0.0222411,-0.970125,0.0549923,0.0145158,0.751511,0,0,0,-0.00239646,0.0588226,0.0261288,0.627388,0.502468,1
6100,235.161,0.723852,0.0796657,-0.022468,-0.980024,0.0553886,0.014404,0.746636,0,0,0,-0.0025452,0.0575538,0.0263976,0.627569,0.501419,1
6110,288.287,0.718606,0.079909,-0.0225366,-0.983017,0.0557877,0.0142914,0.741727,0,0,0,-0.00266499,0.056331,0.0267368,0.627757,0.500517,1
6120,293.557,0.713768,0.0799447,-0.0225467,-0.983456,0.0561873,0.0141787,0.736811,0,0,0,-0.00280487,0.0550217,0.0266578,0.627866,0.500152,1
6130,275.724,0.709275,0.0800524,-0.0225771,-0.984781,0.0565872,0.014066,0.731891,0,0,0,-0.00225904,0.0537902,0.0261786,0.627889,0.500067,1
6140,243.261,0.704752,0.080367,-0.0226658,-0.988651,0.0569881,0.0139529,0.72696,0,0,0,-0.00125662,0.0530932,0.0257104,0.627921,0.499881,1
6150,225.681,0.699709,0.0809963,-0.0228433,-0.996392,0.0573912,0.0138392,0.722,0,0,0,-0.000454756,0.0527973,0.0257753,0.627928,0.499758,1
6160,278.485,0.694574,0.0814085,-0.0229595,-1.00146,0.0577974,0.0137247,0.717004,0,0,0,-0.000348968,0.0527243,0.025968,0.627928,0.499758,1
6170,334.879,0.689849,0.081322,-0.0229352,-1.0004,0.0582044,0.0136099,0.711998,0,0,0,-0.000898667,0.0530416,0.0258167,0.627928,0.499758,1
6180,317.572,0.685628,0.0811369,-0.0228829,-0.998122,0.0586105,0.0134953,0.707001,0,0,0,-0.00197528,0.053451,0.0252251,0.627928,0.499758,1
6190,292.079,0.681265,0.0811234,-0.0228792,-0.997957,0.0590161,0.0133809,0.702012,0,0,0,-0.00287135,0.0534208,0.0247463,0.627912,0.499489,1
6200,288.506,0.676514,0.0812102,-0.0229036,-0.999024,0.0594219,0.0132665,0.69702,0,0,0,-0.00340309,0.0533681,0.0246239,0.627888,0.499086,1
6210,310.532,0.6713,0.0812104,-0.0229037,-0.999027,0.059828,0.013152,0.692024,0,0,0,-0.00383848,0.0541787,0.02501,0.627887,0.498767,1
6220,321.746,0.665869,0.0810876,-0.022869,-0.997515,0.0602338,0.0130375,0.687032,0,0,0,-0.00445677,0.0557333,0.0256892,0.627894,0.498658,1
6230,298.808,0.660264,0.081019,-0.0228497,-0.996672,0.060639,0.0129232,0.682047,0,0,0,-0.00470883,0.0569897,0.0265041,0.627894,0.498658,1
6240,274.246,0.654664,0.0811242,-0.0228794,-0.997966,0.0610443,0.0128089,0.677062,0,0,0,-0.00414282,0.0575092,0.0271866,0.627894,0.498658,1
6250,262.68,0.649003,0.0813918,-0.0229548,-1.00126,0.0614505,0.0126944,0.672065,0,0,0,-0.00306573,0.0577556,0.0278503,0.627894,0.498658,1
6260,257.63,0.643294,0.081686,-0.0230378,-1.00488,0.0618581,0.0125794,0.667051,0,0,0,-0.00249568,0.058157,0.0286083,0.627894,0.498658,1
6270,250.368,0.637591,0.0820866,-0.0231508,-1.00981,0.0622674,0.012464,0.662016,0,0,0,-0.00249495,0.0586194,0.0294041,0.627958,0.498488,1
6280,274.811,0.632311,0.0823845,-0.0232348,-1.01347,0.0626786,0.012348,0.656957,0,0,0,-0.00240954,0.0591069,0.0297459,0.62811,0.498139,1
6290,300.495,0.62747,0.08246,-0.0232561,-1.0144,0.0630907,0.0122318,0.651887,0,0,0,-0.00211053,0.0596043,0.0296141,0.62811,0.498139,1
6300,320.064,0.622569,0.0823829,-0.0232344,-1.01345,0.0635029,0.0121155,0.646816,0,0,0,-0.00202648,0.0596519,0.0295335,0.62811,0.498139,1
6310,337.253,0.617325,0.0822049,-0.0231842,-1.01126,0.0639145,0.0119995,0.641753,0,0,0,-0.00220194,0.0589674,0.0297787,0.62811,0.498139,1
6320,338.342,0.612205,0.0819553,-0.0231138,-1.00819,0.0643249,0.0118837,0.636704,0,0,0,-0.00249,0.0582474,0.0299253,0.62811,0.498139,1
6330,325.264,0.607328,0.0817772,-0.0230635,-1.006,0.0647343,0.0117682,0.631668,0,0,0,-0.00275567,0.0578064,0.0298606,0.628322,0.497952,1
6340,325.265,0.602156,0.0816161,-0.0230181,-1.00402,0.0651428,0.011653,0.626643,0,0,0,-0.00251626,0.0569009,0.0300137,0.628591,0.497744,1
6350,315.797,0.596398,0.0814833,-0.0229806,-1.00238,0.0655506,0.011538,0.621627,0,0,0,-0.00152323,0.0551101,0.030617,0.628649,0.497715,1
6360,274.494,0.590506,0.0815151,-0.0229896,-1.00278,0.0659579,0.0114231,0.616616,0,0,0,-0.000386556,0.0531836,0.0313363,0.628649,0.497715,1
6370,241.008,0.584947,0.0819104,-0.0231011,-1.00764,0.0663663,0.011308,0.611592,0,0,0,8.42221e-006,0.0515952,0.0318198,0.628874,0.497481,1
6380,242.067,0.579554,0.0824212,-0.0232452,-1.01392,0.066777,0.0111921,0.60654,0,0,0,-0.000610019,0.0503531,0.0322504,0.629304,0.497047,1
6390,267.643,0.574089,0.0827961,-0.0233509,-1.01853,0.06719,0.0110757,0.601458,0,0,0,-0.00207484,0.0497722,0.0328791,0.62967,0.496709,1
6400,294.141,0.5685,0.0829266,-0.0233877,-1.02014,0.0676044,0.0109588,0.596361,0,0,0,-0.00362373,0.0504454,0.0337249,0.629861,0.496547,1
6410,313.383,0.562675,0.0828849,-0.023376,-1.01963,0.068019,0.0108419,0.591261,0,0,0,-0.00458509,0.052135,0.0348197,0.629882,0.496531,1
6420,319.956,0.556277,0.0827789,-0.023346,-1.01832,0.0684332,0.010725,0.586166,0,0,0,-0.00459571,0.054146,0.0364157,0.629882,0.496531,1
6430,335.259,0.549887,0.082601,-0.0232959,-1.01613,0.0688467,0.0106084,0.581078,0,0,0,-0.00406424,0.0560661,0.0379457,0.629882,0.496531,1
6440,326.312,0.544333,0.082392,-0.0232369,-1.01356,0.0692592,0.0104921,0.576004,0,0,0,-0.00339537,0.0578638,0.0386255,0.629882,0.496531,1
6450,285.524,0.539497,0.0823608,-0.0232281,-1.01318,0.069671,0.0103759,0.570938,0,0,0,-0.00298104,0.059209,0.038591,0.630173,0.496379,1
6460,242.761,0.534146,0.0826721,-0.0233159,-1.01701,0.0700834,0.0102597,0.565866,0,0,0,-0.00250748,0.0596427,0.0389846,0.630728,0.49609,1
6470,214.484,0.528241,0.0833531,-0.0235079,-1.02538,0.0704981,0.0101427,0.560764,-0.0100825,-0.00349191,0.0434112,-0.00213917,0.0592299,0.0398486,0.63151,0.495665,1
6480,245.464,0.52279,0.0840625,-0.0237063,-1.03409,0.0709167,0.0100246,0.555615,-0.0113556,-0.00386724,0.0494361,-0.00220048,0.05874,0.0402608,0.632169,0.495284,1
6490,304.567,0.518367,0.0842156,-0.0237478,-1.03595,0.0713375,0.00990596,0.550438,0.00155751,0.00455475,0.0925052,-0.00291493,0.0584378,0.0397173,0.632451,0.49511,1
6500,324.838,0.51403,0.084089,-0.0237132,-1.03442,0.0717584,0.00978729,0.545261,0.00172139,0.00371757,0.0966627,-0.0032599,0.0580923,0.0390342,0.632468,0.495101,1
6510,311.81,0.509539,0.0839676,-0.0236801,-1.03296,0.0721785,0.00966881,0.540092,1.21952e-005,0.013724,0.14314,-0.0029953,0.0575942,0.0384136,0.632468,0.495101,1
6520,310.774,0.505263,0.0838928,-0.0236626,-1.03208,0.0725982,0.00955044,0.53493,-0.000744427,0.0152521,0.153866,-0.00265035,0.056931,0.0375528,0.632468,0.495101,1
6530,299.514,0.501285,0.0838523,-0.0236547,-1.03162,0.0730175,0.00943216,0.529771,-0.000500927,-0.0113866,0.170624,-0.00284207,0.0557361,0.0364269,0.632468,0.495101,1
6540,292.325,0.496973,0.0838953,-0.0236637,-1.03218,0.0734368,0.00931387,0.524611,-0.00279891,-0.0124996,0.184864,-0.00302951,0.0543241,0.0356236,0.632468,0.495101,1
6550,293.718,0.49265,0.0839336,-0.0236714,-1.03269,0.0738564,0.00919553,0.519449,-0.00396518,-0.0015114,0.238706,-0.00308887,0.0534235,0.0348594,0.63253,0.495081,1
6560,284.841,0.488361,0.0840127,-0.0236933,-1.03372,0.0742762,0.00907714,0.514284,-0.00490773,0.000209154,0.259839,-0.0028814,0.053194,0.0340787,0.632703,0.495036,1
6570,273.144,0.483611,0.0841768,-0.0237379,-1.03576,0.0746966,0.00895858,0.509111,-0.238944,-0.0486154,0.819781,-0.0025175,0.0531375,0.0337527,0.632703,0.495036,1
6580,267.111,0.477843,0.0844826,-0.0237928,-1.03892,0.0751182,0.00883978,0.503926,-0.576087,0.0277612,1.3625,-0.00199521,0.0530219,0.0344201,0.632715,0.495031,1
6590,287.945,0.4719,0.0848169,-0.0238503,-1.04155,0.0755414,0.00872066,0.498724,-0.619796,0.013657,1.45649,-0.0019319,0.0528326,0.0353216,0.632715,0.495031,1
6600,314.197,0.466133,0.0849516,-0.0238455,-1.04163,0.0759659,0.0086014,0.493515,-0.659568,0.00324048,1.53003,-0.00192494,0.0526239,0.0360491,0.632715,0.495031,1
6610,340.4,0.460224,0.0849276,-0.0237922,-1.03967,0.0763907,0.00848227,0.488311,-0.697838,0.00212894,1.62159,-0.00151036,0.0526488,0.0368833,0.632715,0.495031,1
6620,323.811,0.453747,0.0848826,-0.02373,-1.03734,0.0768153,0.00836346,0.483118,-0.752468,0.00208365,1.72851,-0.000833202,0.0533705,0.0383353,0.632715,0.495031,1
6630,278.24,0.447334,0.0850858,-0.0237344,-1.03786,0.07724,0.00824485,0.477932,-1.04519,0.207562,2.36802,-0.00101185,0.0548069,0.0399639,0.632715,0.495031,1
6640,253.839,0.441222,0.0856769,-0.023876,-1.04237,0.0776668,0.00812587,0.472733,-1.13885,0.214452,2.54998,-0.0020861,0.0564893,0.0414823,0.632715,0.495031,1
6650,263.416,0.43521,0.0863204,-0.0240237,-1.04724,0.0780967,0.00800613,0.46751,-1.55456,0.0184448,3.17044,-0.00345463,0.0577067,0.0429077,0.632715,0.495031,1
6660,263.847,0.428854,0.0870115,-0.0241079,-1.05153,0.0785299,0.00788582,0.462264,-1.78199,0.218245,3.91379,-0.00436667,0.0581886,0.044516,0.632715,0.495031,1
6670,264.236,0.422532,0.0877754,-0.024249,-1.05621,0.0789668,0.00776496,0.456996,-1.70761,0.434412,4.70512,-0.00472793,0.0579307,0.0458854,0.633238,0.494758,1
6680,272.791,0.416254,0.0884757,-0.0244305,-1.0605,0.0794074,0.00764327,0.451704,-1.85844,0.461579,5.11654,-0.00434769,0.0571875,0.0469851,0.634131,0.494314,1
6690,285.051,0.409965,0.0891198,-0.0246,-1.06377,0.0798513,0.00752071,0.446394,-2.01677,0.869639,5.95844,-0.00374329,0.0564999,0.0480417,0.635091,0.493859,1
6700,312.286,0.403932,0.0896537,-0.0248315,-1.06543,0.0802983,0.00739712,0.44107,-2.20815,0.980067,6.4069,-0.00350881,0.0562701,0.0489611,0.635632,0.493617,1
6710,334.135,0.398805,0.0900505,-0.0250362,-1.06496,0.0807477,0.00727243,0.435743,-2.64824,0.773227,7.2938,-0.00369519,0.0560691,0.0490471,0.636054,0.493421,1
6720,342.215,0.394017,0.0904775,-0.0251741,-1.06377,0.081199,0.0071469,0.43042,-2.86298,1.21767,8.62086,-0.00349965,0.0554806,0.0486618,0.636381,0.493261,1
6730,325.14,0.388649,0.0909897,-0.025429,-1.06323,0.0816527,0.00702041,0.425102,-3.56608,1.43885,9.56431,-0.00286614,0.0548808,0.0487857,0.636381,0.493261,1
6740,301.872,0.382563,0.0918158,-0.0257791,-1.06464,0.0821096,0.00689242,0.419783,-3.789,1.58209,10.0532,-0.00240712,0.0545416,0.0497275,0.636381,0.493261,1
6750,266.309,0.376544,0.0929207,-0.0262237,-1.06891,0.0825713,0.00676246,0.414451,-3.97946,1.3716,10.8072,-0.00262515,0.0540183,0.0507288,0.636381,0.493261,1
6760,258.897,0.370626,0.0942965,-0.0266822,-1.07601,0.0830392,0.00663023,0.40909,-3.79506,1.18412,11.3947,-0.00299759,0.0532094,0.0516106,0.636381,0.493261,1
6770,294.124,0.364336,0.0954428,-0.0270525,-1.08124,0.0835136,0.00649589,0.403696,-3.77053,1.33665,11.5389,-0.00293664,0.0528864,0.0528184,0.636381,0.493261,1
6780,313.84,0.357518,0.0963128,-0.0273902,-1.08343,0.0839931,0.00635978,0.398284,-3.73528,1.53921,11.7472,-0.00228452,0.0535032,0.0545498,0.636381,0.493261,1
6790,298.822,0.350737,0.09718,-0.0277922,-1.08578,0.0844768,0.00622187,0.392861,-3.97469,2.15534,12.3245,-0.00141642,0.0547075,0.0562789,0.636381,0.493261,1
6800,279.834,0.344236,0.0982654,-0.0283945,-1.09005,0.0849653,0.00608147,0.387423,-3.89822,2.47766,12.6248,-0.00088514,0.0559424,0.0578138,0.636381,0.493261,1
6810,259.439,0.33778,0.0994916,-0.0291404,-1.09642,0.0854596,0.00593772,0.381958,-3.61873,2.84442,12.5729,-0.00121303,0.0568701,0.0594847,0.636381,0.493261,1
6820,251.998,0.33118,0.100801,-0.0300331,-1.10467,0.0859602,0.00578988,0.376457,-2.87723,3.39834,12.4374,-0.00211281,0.0572875,0.061384,0.636381,0.493261,1
6830,274.948,0.324614,0.101699,-0.0310779,-1.11147,0.0864667,0.00563718,0.370916,-1.34381,4.21665,10.5803,-0.0026158,0.0575093,0.0631054,0.636381,0.493261,1
6840,280.232,0.318281,0.101899,-0.0323235,-1.11564,0.0869759,0.00547882,0.365349,1.86796,5.51582,7.37803,-0.00266421,0.058115,0.0645216,0.636381,0.493261,1
6850,279.963,0.312079,0.101139,-0.0340131,-1.119,0.0874839,0.00531321,0.359762,5.26785,7.5124,2.82752,-0.00298682,0.0591618,0.0659786,0.636476,0.493206,1
6860,289.013,0.306065,0.0995785,-0.0361405,-1.12069,0.0879861,0.00513803,0.354162,8.79608,9.28701,-1.43642,-0.003553,0.0595302,0.0672164,0.636553,0.493167,1
6870,303.002,0.30028,0.0968266,-0.0387902,-1.11979,0.0884776,0.00495097,0.34856,13.8816,12.0175,-8.81895,-0.00332892,0.0585836,0.0677339,0.6367,0.493108,1
6880,312.175,0.294815,0.092241,-0.0422549,-1.1154,0.0889515,0.00474886,0.34297,24.7228,16.9018,-22.4269,-0.00254145,0.0570187,0.0676286,0.636811,0.493077,1
6890,322.865,0.289122,0.0839316,-0.0474367,-1.1056,0.0893937,0.00452548,0.337414,40.6805,25.466,-42.2387,-0.00215249,0.0560346,0.0680495,0.636811,0.493077,1
6900,328.529,0.283337,0.0720268,-0.0545548,-1.09086,0.0897851,0.00427133,0.331921,54.8043,33.8094,-59.9634,-0.00253761,0.0559606,0.069081,0.636811,0.493077,1
6910,306.606,0.278007,0.0567113,-0.064014,-1.07203,0.0901081,0.00397577,0.326512,66.4448,41.4543,-76.0823,-0.00311673,0.0565016,0.0699226,0.636811,0.493077,1
6920,276.483,0.27363,0.0389556,-0.0751804,-1.05247,0.0903486,0.00362874,0.3212,79.4988,49.6694,-92.7894,-0.00393804,0.0568614,0.0699048,0.636811,0.493077,1
6930,263.271,0.269274,0.0171084,-0.0888561,-1.03014,0.0904905,0.00321953,0.315993,96.7495,57.0457,-109.892,-0.00483859,0.0564062,0.0698389,0.636989,0.493091,1
6940,258.482,0.264345,-0.0106209,-0.104796,-1.00316,0.0905108,0.00273721,0.310907,135.058,72.9226,-148.744,-0.00528635,0.0552068,0.0701828,0.637445,0.493163,1
6950,265.199,0.258679,-0.0516012,-0.125958,-0.962287,0.0903611,0.00216222,0.305988,189.186,89.6894,-201.509,-0.00472201,0.0541429,0.0711008,0.638099,0.493245,1
6960,272.413,0.253015,-0.102408,-0.149182,-0.912141,0.0899792,0.00147514,0.3013,216.827,95.9141,-222.653,-0.00362048,0.0536651,0.0721018,0.638734,0.493298,1
6970,268.574,0.247449,-0.154769,-0.172656,-0.861765,0.0893338,0.000669538,0.29687,194.711,85.8391,-194.481,-0.00231811,0.0536297,0.0732043,0.63953,0.493382,1
6980,306.959,0.242551,-0.202627,-0.193718,-0.815644,0.088441,-0.000246379,0.292674,201.927,87.4242,-199.601,-0.00130981,0.0537634,0.0739079,0.640544,0.493514,1
6990,356.416,0.238575,-0.255676,-0.215627,-0.761031,0.0872972,-0.00126989,0.288729,226.501,90.7259,-216.242,-0.00116254,0.0543198,0.0742464,0.641421,0.493653,1
