step,T,r,sn_vel[0],sn_vel[1],sn_vel[2],sn_crd[0],sn_crd[1],sn_crd[2],sn_f[0],sn_f[1],sn_f[2],target_crd[0],target_crd[1],target_crd[2],boundary[0],boundary[1],boundary[2]
0,0.00170431,1.03169,0,0,0,-3.95558e-008,1.62558e-009,0.981818,0,0,0,0.000358966,0.0551545,-0.0483943,0.637534,0.498432,1
10,0.241571,1.03167,0,0,0,-3.95558e-008,1.62558e-009,0.981818,0,0,0,0.000359791,0.0551538,-0.0483808,0.637534,0.498432,1
20,0.34439,1.03163,0,0,0,-3.95558e-008,1.62558e-009,0.981818,0,0,0,0.000357737,0.0551551,-0.048338,0.637566,0.498452,1
30,0.497178,1.03157,0,0,0,-3.95558e-008,1.62558e-009,0.981818,0,0,0,0.000364173,0.0551547,-0.0482791,0.63758,0.498465,1
40,0.65417,1.03154,0,0,0,-3.95558e-008,1.62558e-009,0.981818,0,0,0,0.000380093,0.0551706,-0.0482409,0.637587,0.498474,1
50,0.754332,1.03151,0,0,0,-3.95558e-008,1.62558e-009,0.981818,0,0,0,0.000396011,0.055182,-0.0482142,0.637596,0.498493,1
60,0.823147,1.03146,0,0,0,-3.95558e-008,1.62558e-009,0.981818,0,0,0,0.000398021,0.0551752,-0.0481641,0.637598,0.498515,1
70,0.893014,1.03138,0,0,0,-3.95558e-008,1.62558e-009,0.981818,0,0,0,0.00039497,0.0551567,-0.0480892,0.637593,0.498553,1
80,0.901172,1.03131,0,0,0,-3.95558e-008,1.62558e-009,0.981818,0,0,0,0.000390006,0.0551576,-0.0480205,0.637584,0.498589,1
90,0.92091,1.03126,0,0,0,-3.95558e-008,1.62558e-009,0.981818,0,0,0,0.000380974,0.0551748,-0.0479624,0.637571,0.498616,1
100,0.910266,1.03119,0,0,0,-3.95558e-008,1.62558e-009,0.981818,0,0,0,0.000369999,0.0551888,-0.047896,0.637551,0.498655,1
110,9.84488,1.031,0,0,0,-3.95558e-008,1.62558e-009,0.981818,0,0,0,0.000359005,0.0551888,-0.047702,0.637501,0.498745,1
120,16.9134,1.03069,0,0,0,-3.95558e-008,1.62558e-009,0.981818,0,0,0,0.000343666,0.0551826,-0.0473958,0.637469,0.498811,1
130,21.6574,1.03032,0,0,0,-3.95558e-008,1.62558e-009,0.981818,0,0,0,0.000302039,0.0551675,-0.0470233,0.637436,0.498886,1
140,24.639,1.02989,0,0,0,-3.95558e-008,1.62558e-009,0.981818,0,0,0,0.00024135,0.055137,-0.04659,0.637401,0.498967,1
150,26.4919,1.02944,0,0,0,-3.95558e-008,1.62558e-009,0.981818,0,0,0,0.00021781,0.0551033,-0.0461418,0.637383,0.499016,1
160,27.5146,1.02901,0,0,0,-3.95558e-008,1.62558e-009,0.981818,0,0,0,0.000244119,0.0550979,-0.0457165,0.637373,0.499049,1
170,27.9737,1.02856,0,0,0,-3.95558e-008,1.62558e-009,0.981818,0,0,0,0.000272873,0.0551063,-0.0452633,0.637372,0.499053,1
180,28.2263,1.02803,0,0,0,-3.95558e-008,1.62558e-009,0.981818,0,0,0,0.000272569,0.0551005,-0.0447339,0.637372,0.499053,1
190,28.1862,1.02748,0,0,0,-3.95558e-008,1.62558e-009,0.981818,0,0,0,0.000251368,0.0550787,-0.0441803,0.637372,0.499053,1
200,28.1795,1.02695,0,0,0,-3.95558e-008,1.62558e-009,0.981818,0,0,0,0.000208774,0.0550506,-0.0436556,0.637372,0.499053,1
210,37.4477,1.02636,0,0,0,-3.95558e-008,1.62558e-009,0.981818,0,0,0,0.000147713,0.0550113,-0.04307,0.637372,0.499053,1
220,43.7214,1.02565,0,0,0,-3.95558e-008,1.62558e-009,0.981818,0,0,0,0.000108167,0.0549653,-0.0423542,0.637372,0.499053,1
230,47.795,1.02485,0,0,0,-3.95558e-008,1.62558e-009,0.981818,0,0,0,8.82733e-005,0.0549375,-0.0415626,0.637372,0.499053,1
240,50.3825,1.02403,0,0,0,-3.95558e-008,1.62558e-009,0.981818,0,0,0,3.40681e-005,0.0549368,-0.0407385,0.637372,0.499053,1
250,51.698,1.02316,0,0,0,-3.95558e-008,1.62558e-009,0.981818,0,0,0,-4.84458e-005,0.054954,-0.0398605,0.637372,0.499058,1
260,52.2963,1.02223,0,0,0,-3.95558e-008,1.62558e-009,0.981818,0,0,0,-8.53098e-005,0.0549529,-0.0389302,0.637376,0.499101,1
270,52.1694,1.0213,0,0,0,-3.95558e-008,1.62558e-009,0.981818,0,0,0,-9.0885e-005,0.0549222,-0.0380014,0.637379,0.499127,1
280,51.6877,1.02036,0,0,0,-3.95558e-008,1.62558e-009,0.981818,0,0,0,-0.000137922,0.0548748,-0.0370642,0.637383,0.499157,1
290,50.8202,1.01935,0,0,0,-3.95558e-008,1.62558e-009,0.981818,0,0,0,-0.000239569,0.0548438,-0.0360542,0.63739,0.499206,1
300,49.8309,1.01828,0,0,0,-3.95558e-008,1.62558e-009,0.981818,0,0,0,-0.000324348,0.0548309,-0.0349856,0.6374,0.499267,1
310,57.9226,1.0172,0,0,0,-3.95558e-008,1.62558e-009,0.981818,0,0,0,-0.000368947,0.0548507,-0.0339045,0.637414,0.499343,1
320,62.8577,1.01611,0,0,0,-3.95558e-008,1.62558e-009,0.981818,0,0,0,-0.000372227,0.0548787,-0.0328068,0.637437,0.499458,1
330,65.6412,1.01493,0,0,0,-3.95558e-008,1.62558e-009,0.981818,0,0,0,-0.000332129,0.0548837,-0.0316279,0.63747,0.499607,1
340,67.1916,1.01366,0,0,0,-3.95558e-008,1.62558e-009,0.981818,0,0,0,-0.000246156,0.0548418,-0.0303559,0.63751,0.499776,1
350,67.9804,1.01238,0,0,0,-3.95558e-008,1.62558e-009,0.981818,0,0,0,-0.000201646,0.0547997,-0.0290767,0.637565,0.499995,1
360,68.2861,1.01111,0,0,0,-3.95558e-008,1.62558e-009,0.981818,0,0,0,-0.000229729,0.0547628,-0.0278063,0.637637,0.500272,1
370,68.711,1.00981,0,0,0,-3.95558e-008,1.62558e-009,0.981818,0,0,0,-0.000264508,0.0547338,-0.0265075,0.637714,0.500554,1
380,69.0393,1.00851,0,0,0,-3.95558e-008,1.62558e-009,0.981818,0,0,0,-0.000234586,0.0546981,-0.025209,0.6378,0.500858,1
390,69.5896,1.00726,0,0,0,-3.95558e-008,1.62558e-009,0.981818,0,0,0,-0.000211548,0.0546857,-0.0239538,0.637898,0.501195,1
400,70.1482,1.00598,0,0,0,-3.95558e-008,1.62558e-009,0.981818,0,0,0,-0.000215441,0.0546824,-0.0226734,0.637994,0.501514,1
410,79.798,1.00458,0,0,0,-3.95558e-008,1.62558e-009,0.981818,0,0,0,-0.000218,0.0546779,-0.0212751,0.638104,0.50187,1
420,85.8761,1.00315,0,0,0,-3.95558e-008,1.62558e-009,0.981818,0,0,0,-0.000194745,0.0546359,-0.0198386,0.638231,0.502275,1
430,89.887,1.00179,0,0,0,-3.95558e-008,1.62558e-009,0.981818,0,0,0,-0.000165237,0.054601,-0.0184821,0.638339,0.502607,1
440,91.7881,1.00046,0,0,0,-3.95558e-008,1.62558e-009,0.981818,0,0,0,-7.24646e-005,0.0545753,-0.0171484,0.638439,0.502905,1
450,92.3045,0.999059,0,0,0,-3.95558e-008,1.62558e-009,0.981818,0,0,0,6.51521e-005,0.0545411,-0.0157504,0.638564,0.503272,1
460,91.6604,0.997633,0,0,0,-3.95558e-008,1.62558e-009,0.981818,0,0,0,0.000194398,0.0544928,-0.0143255,0.638685,0.503617,1
470,90.4081,0.99627,0,0,0,-3.95558e-008,1.62558e-009,0.981818,0,0,0,0.000281528,0.0545048,-0.01296,0.63879,0.503909,1
480,89.0002,0.994955,0,0,0,-3.95558e-008,1.62558e-009,0.981818,0,0,0,0.000385115,0.0545153,-0.0116417,0.638901,0.504208,1
490,88.0315,0.993651,0,0,0,-3.95558e-008,1.62558e-009,0.981818,0,0,0,0.000514691,0.0544382,-0.0103408,0.638989,0.504439,1
500,87.4978,0.992415,0,0,0,-3.95558e-008,1.62558e-009,0.981818,0,0,0,0.000639266,0.0542961,-0.00910985,0.639046,0.504584,1
510,97.4329,0.991251,0,0,0,-3.95558e-008,1.62558e-009,0.981818,0,0,0,0.000682976,0.0541943,-0.00794998,0.639112,0.504746,1
520,105.44,0.990086,0,0,0,-3.95558e-008,1.62558e-009,0.981818,0,0,0,0.000676996,0.0540916,-0.00678845,0.639167,0.504875,1
530,112.824,0.98897,0,0,0,-3.95558e-008,1.62558e-009,0.981818,0,0,0,0.000738222,0.0539394,-0.00567916,0.639185,0.504915,1
540,119.774,0.988088,0,0,0,-3.95558e-008,1.62558e-009,0.981818,0,0,0,0.000907839,0.0537614,-0.00480557,0.639202,0.504954,1
550,126.172,0.987509,0,0,0,-3.95558e-008,1.62558e-009,0.981818,0,0,0,0.00104873,0.0536136,-0.00423416,0.639216,0.504983,1
560,131.702,0.987113,0,0,0,-3.95558e-008,1.62558e-009,0.981818,0,0,0,0.00113686,0.0534973,-0.00384339,0.639217,0.504986,1
570,136.758,0.986835,0,0,0,-3.95558e-008,1.62558e-009,0.981818,0,0,0,0.00131165,0.0534526,-0.00356768,0.639229,0.50501,1
580,141.138,0.986721,0,0,0,-3.95558e-008,1.62558e-009,0.981818,0,0,0,0.00158662,0.0534691,-0.00345143,0.63924,0.505032,1
590,144.141,0.986827,0,0,0,-3.95558e-008,1.62558e-009,0.981818,0,0,0,0.00182891,0.05343,-0.00355926,0.639251,0.505055,1
600,146.487,0.987152,0,0,0,-3.95558e-008,1.62558e-009,0.981818,0,0,0,0.002051,0.0532766,-0.0038929,0.639251,0.505055,1
610,156.164,0.987655,0,0,0,-3.95558e-008,1.62558e-009,0.981818,0,0,0,0.00236118,0.0531601,-0.00440193,0.639251,0.505055,1
620,161.588,0.988264,0,0,0,-3.95558e-008,1.62558e-009,0.981818,0,0,0,0.00267299,0.053188,-0.00500943,0.639251,0.505055,1
630,163.465,0.98894,0,0,0,-3.95558e-008,1.62558e-009,0.981818,0,0,0,0.00294739,0.0531998,-0.00568593,0.639251,0.505055,1
640,163.039,0.989627,0,0,0,-3.95558e-008,1.62558e-009,0.981818,0,0,0,0.00329671,0.053076,-0.00637897,0.639251,0.505055,1
650,160.519,0.990273,0,0,0,-3.95558e-008,1.62558e-009,0.981818,0,0,0,0.00369534,0.0529338,-0.00703178,0.639251,0.505055,1
660,157.45,0.990928,0,0,0,-3.95558e-008,1.62558e-009,0.981818,0,0,0,0.00387009,0.0528482,-0.0076924,0.639251,0.505055,1
670,153.648,0.991692,0,0,0,-3.95558e-008,1.62558e-009,0.981818,0,0,0,0.00389514,0.0527263,-0.008463,0.639251,0.505055,1
680,150.897,0.99249,0,0,0,-3.95558e-008,1.62558e-009,0.981818,0,0,0,0.00399593,0.0526033,-0.0092692,0.639251,0.505055,1
690,148.936,0.99319,0,0,0,-3.95558e-008,1.62558e-009,0.981818,0,0,0,0.0041699,0.05256,-0.00997089,0.639251,0.505055,1
700,148.868,0.993842,0,0,0,-3.95558e-008,1.62558e-009,0.981818,0,0,0,0.0042397,0.0525312,-0.0106258,0.639251,0.505055,1
710,158.666,0.994641,0,0,0,-3.95558e-008,1.62558e-009,0.981818,0,0,0,0.00438054,0.0524483,-0.0114298,0.639251,0.505055,1
720,165.966,0.995496,0,0,0,-3.95558e-008,1.62558e-009,0.981818,0,0,0,0.0046104,0.0524662,-0.0122836,0.639251,0.505055,1
730,171.353,0.996181,0,0,0,-3.95558e-008,1.62558e-009,0.981818,0,0,0,0.00474423,0.0526498,-0.0129589,0.639251,0.505055,1
740,174.465,0.99674,0,0,0,-3.95558e-008,1.62558e-009,0.981818,0,0,0,0.00468809,0.0528867,-0.013507,0.639251,0.505055,1
750,178.419,0.997345,0,0,0,-3.95558e-008,1.62558e-009,0.981818,0,0,0,0.00468808,0.0530878,-0.0141015,0.639251,0.505055,1
760,182.353,0.997814,0,0,0,-3.95558e-008,1.62558e-009,0.981818,0,0,0,0.00463163,0.0533114,-0.0145596,0.639251,0.505055,1
770,188.123,0.997999,0,0,0,-3.95558e-008,1.62558e-009,0.981818,0,0,0,0.00437855,0.0534911,-0.0147369,0.639251,0.505055,1
780,195.299,0.998054,0,0,0,-3.95558e-008,1.62558e-009,0.981818,0,0,0,0.00410324,0.0535795,-0.0147877,0.639251,0.505055,1
790,202.005,0.998061,0,0,0,-3.95558e-008,1.62558e-009,0.981818,0,0,0,0.0041731,0.0536258,-0.0147919,0.639251,0.505055,1
800,204.83,0.997739,0,0,0,-3.95558e-008,1.62558e-009,0.981818,0,0,0,0.00435718,0.0536432,-0.0144684,0.639251,0.505055,1
810,213.587,0.997076,0,0,0,-3.95558e-008,1.62558e-009,0.981818,0,0,0,0.00441441,0.0534754,-0.013813,0.639251,0.505055,1
820,212.343,0.996377,0,0,0,-3.95558e-008,1.62558e-009,0.981818,0,0,0,0.00442955,0.0531562,-0.0131299,0.639251,0.505055,1
830,205.897,0.995795,0,0,0,-3.95558e-008,1.62558e-009,0.981818,0,0,0,0.0045179,0.0528878,-0.0125614,0.639251,0.505055,1
840,202.306,0.995069,0,0,0,-3.95558e-008,1.62558e-009,0.981818,0,0,0,0.00441245,0.0527553,-0.0118416,0.639251,0.505055,1
850,211.415,0.994123,0,0,0,-3.95558e-008,1.62558e-009,0.981818,0,0,0,0.00414762,0.0525807,-0.0109045,0.639251,0.505055,1
860,234.41,0.993137,0,0,0,-3.95558e-008,1.62558e-009,0.981818,0,0,0,0.0039546,0.052264,-0.00993484,0.639251,0.505055,1
870,251.77,0.992304,0,0,0,-3.95558e-008,1.62558e-009,0.981818,0,0,0,0.00371033,0.0518592,-0.0091229,0.639251,0.505055,1
880,250.582,0.991529,0,0,0,-3.95558e-008,1.62558e-009,0.981818,0,0,0,0.00313881,0.0514264,-0.00837163,0.639251,0.505055,1
890,234.421,0.99083,0,0,0,-3.95558e-008,1.62558e-009,0.981818,0,0,0,0.00253313,0.0509715,-0.00769641,0.639251,0.505055,1
900,218.307,0.990317,0,0,0,-3.95558e-008,1.62558e-009,0.981818,0,0,0,0.00223042,0.0506138,-0.00720164,0.639251,0.505055,1
910,224.838,0.990079,0,0,0,-3.95558e-008,1.62558e-009,0.981818,0,0,0,0.00201725,0.0505142,-0.00696922,0.639251,0.505055,1
920,244.591,0.989998,0,0,0,-3.95558e-008,1.62558e-009,0.981818,0,0,0,0.00177004,0.0507901,-0.00687476,0.639251,0.505055,1
930,259.27,0.989979,0,0,0,-3.95558e-008,1.62558e-009,0.981818,0,0,0,0.00186405,0.0513692,-0.00682566,0.639251,0.505055,1
940,257.931,0.989954,0,0,0,-3.95558e-008,1.62558e-009,0.981818,0,0,0,0.00231329,0.0520087,-0.0067659,0.639251,0.505055,1
950,249.871,0.989961,0,0,0,-3.95558e-008,1.62558e-009,0.981818,0,0,0,0.00253148,0.0525887,-0.00674168,0.639251,0.505055,1
960,246.298,0.990002,0,0,0,-3.95558e-008,1.62558e-009,0.981818,0,0,0,0.00247831,0.0531414,-0.00675353,0.639251,0.505055,1
970,256.027,0.99015,0,0,0,-3.95558e-008,1.62558e-009,0.981818,0,0,0,0.00257237,0.0536406,-0.00687412,0.639251,0.505055,1
980,274.697,0.990376,0,0,0,-3.95558e-008,1.62558e-009,0.981818,0,0,0,0.00267566,0.0540138,-0.00708013,0.639251,0.505055,1
990,290.777,0.990597,0,0,0,-3.95558e-008,1.62558e-009,0.981818,0,0,0,0.0023513,0.054321,-0.0072859,0.639251,0.505055,1
1000,293.851,0.99069,0,0,0,-3.95558e-008,1.62558e-009,0.981818,0,0,0,0.00192443,0.0545852,-0.00736484,0.638789,0.504145,1
1010,301.804,0.990731,0,0,0,-3.95558e-008,1.62558e-009,0.981818,0,0,0,0.00174552,0.0546845,-0.00740113,0.638461,0.503553,1
1020,302.578,0.990822,0,0,0,-3.95558e-008,1.62558e-009,0.981818,0,0,0,0.00160068,0.0543985,-0.00750832,0.637982,0.502531,1
1030,300.54,0.990991,0,0,0,-3.95558e-008,1.62558e-009,0.981818,0,0,0,0.00135905,0.0536919,-0.0077159,0.637594,0.501501,1
1040,299.015,0.991122,0,0,0,-3.95558e-008,1.62558e-009,0.981818,0,0,0,0.00140532,0.05265,-0.00790355,0.637295,0.500595,1
1050,297.78,0.991226,0,0,0,-3.95558e-008,1.62558e-009,0.981818,0,0,0,0.00166342,0.0514995,-0.0080673,0.637131,0.499963,1
1060,297.378,0.991337,0,0,0,-3.95558e-008,1.62558e-009,0.981818,0,0,0,0.00166766,0.0505175,-0.0082295,0.637068,0.499459,1
1070,295.243,0.991532,0,0,0,-3.95558e-008,1.62558e-009,0.981818,0,0,0,0.00133272,0.0499236,-0.00845578,0.637074,0.49902,1
1080,290.023,0.991921,0,0,0,-3.95558e-008,1.62558e-009,0.981818,0,0,0,0.00111978,0.0495056,-0.00886557,0.637121,0.49882,1
1090,287.881,0.992567,0,0,0,-3.95558e-008,1.62558e-009,0.981818,0,0,0,0.0011866,0.0490379,-0.00953639,0.637121,0.49882,1
1100,294.152,0.993219,0,0,0,-3.95558e-008,1.62558e-009,0.981818,0,0,0,0.00145006,0.0486314,-0.010208,0.637121,0.49882,1
1110,304.707,0.993705,0,0,0,-3.95558e-008,1.62558e-009,0.981818,0,0,0,0.00196053,0.0485832,-0.0106963,0.637122,0.498819,1
1120,314.356,0.994126,0,0,0,-3.95558e-008,1.62558e-009,0.981818,0,0,0,0.00286265,0.0488528,-0.011103,0.637286,0.498732,1
1130,320.28,0.994642,0,0,0,-3.95558e-008,1.62558e-009,0.981818,0,0,0,0.00373044,0.0494159,-0.0115886,0.637495,0.498666,1
1140,323.029,0.995331,0,0,0,-3.95558e-008,1.62558e-009,0.981818,0,0,0,0.00413378,0.0503122,-0.012232,0.637835,0.498609,1
1150,317.188,0.996334,0,0,0,-3.95558e-008,1.62558e-009,0.981818,0,0,0,0.00420389,0.0513447,-0.0131835,0.638248,0.498564,1
1160,312.433,0.997588,0,0,0,-3.95558e-008,1.62558e-009,0.981818,0,0,0,0.00423878,0.0520486,-0.0144025,0.638714,0.498525,1
1170,317.719,0.998877,0,0,0,-3.95558e-008,1.62558e-009,0.981818,0,0,0,0.00401713,0.0524078,-0.0156747,0.639283,0.498473,1
1180,328.216,1.00016,0,0,0,-3.95558e-008,1.62558e-009,0.981818,0,0,0,0.00347252,0.0526668,-0.0169458,0.639994,0.498388,1
1190,334.84,1.00157,0,0,0,-3.95558e-008,1.62558e-009,0.981818,0,0,0,0.00292992,0.0528493,-0.0183527,0.64081,0.498267,1
1200,334.823,1.00305,0,0,0,-3.95558e-008,1.62558e-009,0.981818,0,0,0,0.00248747,0.0528765,-0.019838,0.641659,0.498115,1
1210,329.72,1.00436,0,0,0,-3.95558e-008,1.62558e-009,0.981818,0,0,0,0.00184406,0.0528653,-0.0211466,0.642432,0.497953,1
1220,326.459,1.00539,0,0,0,-3.95558e-008,1.62558e-009,0.981818,0,0,0,0.00102834,0.0527273,-0.0221878,0.643125,0.497786,1
1230,322.645,1.00627,0,0,0,-3.95558e-008,1.62558e-009,0.981818,0,0,0,0.000615763,0.0522116,-0.0231006,0.643732,0.497618,1
1240,314.055,1.00707,0,0,0,-3.95558e-008,1.62558e-009,0.981818,0,0,0,0.000701124,0.0514316,-0.0239375,0.644055,0.497507,1
1250,303.015,1.00769,0,0,0,-3.95558e-008,1.62558e-009,0.981818,0,0,0,0.000845857,0.0507124,-0.0245947,0.644055,0.497507,1
1260,287.225,1.00815,0,0,0,-3.95558e-008,1.62558e-009,0.981818,0,0,0,0.000890831,0.0501696,-0.0250826,0.644055,0.497507,1
1270,271.424,1.00852,0,0,0,-3.95558e-008,1.62558e-009,0.981818,0,0,0,0.00110374,0.0499058,-0.0254662,0.644055,0.497507,1
1280,260.587,1.00885,0,0,0,-3.95558e-008,1.62558e-009,0.981818,0,0,0,0.0012431,0.0501132,-0.0257851,0.644055,0.497507,1
1290,258.861,1.00912,0,0,0,-3.95558e-008,1.62558e-009,0.981818,0,0,0,0.00101625,0.0506977,-0.0260309,0.644055,0.497507,1
1300,263.83,1.00941,0,0,0,-3.95558e-008,1.62558e-009,0.981818,0,0,0,0.000644795,0.0513893,-0.0262873,0.644055,0.497507,1
1310,271.638,1.00976,0,0,0,-3.95558e-008,1.62558e-009,0.981818,0,0,0,0.000625439,0.0521206,-0.0265992,0.644055,0.497507,1
1320,275.712,1.01023,0,0,0,-3.95558e-008,1.62558e-009,0.981818,0,0,0,0.00085784,0.0529235,-0.0270239,0.644055,0.497507,1
1330,277.811,1.0108,0,0,0,-3.95558e-008,1.62558e-009,0.981818,0,0,0,0.00110812,0.0536836,-0.0275498,0.644055,0.497507,1
1340,279.655,1.01153,0,0,0,-3.95558e-008,1.62558e-009,0.981818,0,0,0,0.00135413,0.0543195,-0.0282542,0.644055,0.497507,1
1350,284.625,1.01244,0,0,0,-3.95558e-008,1.62558e-009,0.981818,0,0,0,0.00161587,0.0548599,-0.0291287,0.644055,0.497507,1
1360,292.593,1.01338,0,0,0,-3.95558e-008,1.62558e-009,0.981818,0,0,0,0.00160564,0.0552367,-0.0300572,0.644055,0.497507,1
1370,301.319,1.01413,0,0,0,-3.95558e-008,1.62558e-009,0.981818,0,0,0,0.00127551,0.0553814,-0.0307999,0.644055,0.497507,1
1380,310.088,1.01471,0,0,0,-3.95558e-008,1.62558e-009,0.981818,0,0,0,0.00103968,0.0552668,-0.0313813,0.644055,0.497507,1
1390,319.147,1.01517,0,0,0,-3.95558e-008,1.62558e-009,0.981818,0,0,0,0.00110263,0.0548557,-0.0318661,0.644055,0.497507,1
1400,326.697,1.01545,0,0,0,-3.95558e-008,1.62558e-009,0.981818,0,0,0,0.00115746,0.0543422,-0.0321751,0.644121,0.497447,1
1410,342.05,1.0154,0,0,0,-3.95558e-008,1.62558e-009,0.981818,0,0,0,0.00107548,0.0539951,-0.0321495,0.644298,0.497362,1
1420,368.471,1.01515,0,0,0,-3.95558e-008,1.62558e-009,0.981818,0,0,0,0.00107004,0.0537511,-0.0319062,0.644439,0.49729,1
1430,397.06,1.01491,0,0,0,-3.95558e-008,1.62558e-009,0.981818,0,0,0,0.000960976,0.0535207,-0.0316749,0.644439,0.49729,1
1440,417.017,1.01488,0,0,0,-3.95558e-008,1.62558e-009,0.981818,0,0,0,0.000363293,0.0532118,-0.0316685,0.644439,0.49729,1
1450,414.987,1.01506,0,0,0,-3.95558e-008,1.62558e-009,0.981818,0,0,0,-0.000704843,0.0526826,-0.0318768,0.644439,0.49729,1
1460,394.493,1.01538,0,0,0,-3.95558e-008,1.62558e-009,0.981818,0,0,0,-0.00179665,0.0521311,-0.0322231,0.644439,0.49729,1
1470,365.833,1.01589,0,0,0,-3.95558e-008,1.62558e-009,0.981818,0,0,0,-0.00272053,0.051915,-0.0327362,0.644439,0.49729,1
1480,342.687,1.01657,0,0,0,-3.95558e-008,1.62558e-009,0.981818,0,0,0,-0.00331283,0.0519,-0.0334228,0.644439,0.49729,1
1490,323.802,1.01711,0,0,0,-3.95558e-008,1.62558e-009,0.981818,0,0,0,-0.00342826,0.0517554,-0.0339657,0.644439,0.49729,1
1500,307.617,1.01726,0,0,0,-3.95558e-008,1.62558e-009,0.981818,0,0,0,-0.00319555,0.0515473,-0.0341333,0.644439,0.49729,1
1510,290.863,1.01728,0,0,0,-3.95558e-008,1.62558e-009,0.981818,0,0,0,-0.00305848,0.0514496,-0.0341534,0.644439,0.49729,1
1520,284.734,1.01736,0,0,0,-3.95558e-008,1.62558e-009,0.981818,0,0,0,-0.00306792,0.0515699,-0.0342257,0.644439,0.49729,1
1530,289.721,1.01736,0,0,0,-3.95558e-008,1.62558e-009,0.981818,0,0,0,-0.00299875,0.0519991,-0.0342073,0.644446,0.497126,1
1540,287.893,1.01722,0,0,0,-3.95558e-008,1.62558e-009,0.981818,0,0,0,-0.00284921,0.0527246,-0.0340311,0.644422,0.496985,1
1550,271.847,1.01708,0,0,0,-3.95558e-008,1.62558e-009,0.981818,0,0,0,-0.00286792,0.0534873,-0.0338498,0.644362,0.496763,1
1560,248.985,1.01686,0,0,0,-3.95558e-008,1.62558e-009,0.981818,0,0,0,-0.00309077,0.0541262,-0.0335956,0.644284,0.496517,1
1570,234.874,1.0163,0,0,0,-3.95558e-008,1.62558e-009,0.981818,0,0,0,-0.00336175,0.0545502,-0.0330118,0.644223,0.496381,1
1580,235.42,1.01539,0,0,0,-3.95558e-008,1.62558e-009,0.981818,0,0,0,-0.00356221,0.0547725,-0.0320868,0.644129,0.49622,1
1590,238.727,1.01445,0,0,0,-3.95558e-008,1.62558e-009,0.981818,0,0,0,-0.00360984,0.0547933,-0.0311447,0.644,0.496029,1
1600,236.284,1.01365,0,0,0,-3.95558e-008,1.62558e-009,0.981818,0,0,0,-0.00346297,0.0545844,-0.0303525,0.643887,0.495881,1
1610,233.042,1.01281,0,0,0,-3.95558e-008,1.62558e-009,0.981818,0,0,0,-0.00329937,0.0539938,-0.0295492,0.643745,0.495711,1
1620,230.215,1.01184,0,0,0,-3.95558e-008,1.62558e-009,0.981818,0,0,0,-0.00341501,0.0532004,-0.0286212,0.643613,0.495566,1
1630,231.083,1.01111,0,0,0,-3.95558e-008,1.62558e-009,0.981818,0,0,0,-0.00364561,0.0524946,-0.0279199,0.643613,0.495566,1
1640,243.583,1.01092,0,0,0,-3.95558e-008,1.62558e-009,0.981818,0,0,0,-0.00353111,0.0519586,-0.0277593,0.643613,0.495566,1
1650,267.654,1.01112,0,0,0,-3.95558e-008,1.62558e-009,0.981818,0,0,0,-0.00301621,0.0514091,-0.0279936,0.643593,0.495552,1
1660,288.784,1.01143,0,0,0,-3.95558e-008,1.62558e-009,0.981818,0,0,0,-0.00252627,0.0509268,-0.0283243,0.643593,0.495552,1
1670,295.287,1.01192,0,0,0,-3.95558e-008,1.62558e-009,0.981818,0,0,0,-0.00211142,0.0505801,-0.0288358,0.643593,0.495552,1
1680,296.9,1.0127,0,0,0,-3.95558e-008,1.62558e-009,0.981818,0,0,0,-0.00156895,0.0503635,-0.0296259,0.643593,0.495552,1
1690,306.825,1.01364,0,0,0,-3.95558e-008,1.62558e-009,0.981818,0,0,0,-0.000975881,0.0502861,-0.0305702,0.643593,0.495552,1
1700,324.244,1.0145,0,0,0,-3.95558e-008,1.62558e-009,0.981818,0,0,0,-0.000595162,0.0505382,-0.0314184,0.643593,0.495552,1
1710,339.062,1.01528,0,0,0,-3.95558e-008,1.62558e-009,0.981818,0,0,0,-0.000314346,0.0510648,-0.0321808,0.643593,0.495552,1
1720,350.805,1.01603,0,0,0,-3.95558e-008,1.62558e-009,0.981818,0,0,0,-0.00015233,0.0516228,-0.0328991,0.643593,0.495552,1
1730,357.005,1.01663,0,0,0,-3.95558e-008,1.62558e-009,0.981818,0,0,0,-0.000291374,0.0520392,-0.0334777,0.643593,0.495552,1
1740,356.494,1.01697,0,0,0,-3.95558e-008,1.62558e-009,0.981818,0,0,0,-0.000636394,0.0523546,-0.0338049,0.643588,0.495527,1
1750,346.842,1.0174,0,0,0,-3.95558e-008,1.62558e-009,0.981818,0,0,0,-0.00066632,0.052498,-0.0342276,0.643521,0.495258,1
1760,339.662,1.01811,0,0,0,-3.95558e-008,1.62558e-009,0.981818,0,0,0,-0.000234663,0.0524101,-0.0349468,0.643423,0.494936,1
1770,337.859,1.01877,0,0,0,-3.95558e-008,1.62558e-009,0.981818,0,0,0,0.000457096,0.0522119,-0.0356108,0.643264,0.494493,1
1780,340.826,1.01894,0,0,0,-3.95558e-008,1.62558e-009,0.981818,0,0,0,0.00110589,0.0519556,-0.035798,0.643094,0.494085,1
1790,338.726,1.0189,0,0,0,-3.95558e-008,1.62558e-009,0.981818,0,0,0,0.0015173,0.0515163,-0.0357818,0.64298,0.493862,1
1800,330.515,1.01891,0,0,0,-3.95558e-008,1.62558e-009,0.981818,0,0,0,0.00162199,0.0510048,-0.0358137,0.642891,0.493721,1
1810,316.78,1.01889,0,0,0,-3.95558e-008,1.62558e-009,0.981818,0,0,0,0.00148776,0.0506545,-0.0358088,0.642796,0.493594,1
1820,296.785,1.01868,0,0,0,-3.95558e-008,1.62558e-009,0.981818,0,0,0,0.00118802,0.0502936,-0.0356146,0.642796,0.493594,1
1830,270.187,1.01836,0,0,0,-3.95558e-008,1.62558e-009,0.981818,0,0,0,0.000752008,0.0497521,-0.0353244,0.642796,0.493594,1
1840,239.507,1.01784,0,0,0,-3.95558e-008,1.62558e-009,0.981818,0,0,0,0.00028451,0.0492679,-0.0348281,0.642796,0.493594,1
1850,213.358,1.01699,0,0,0,-3.95558e-008,1.62558e-009,0.981818,0,0,0,-0.000219082,0.0490511,-0.0339911,0.642664,0.493509,1
1860,198.909,1.01593,0,0,0,-3.95558e-008,1.62558e-009,0.981818,0,0,0,-0.000711331,0.0489518,-0.0329293,0.642499,0.493415,1
1870,196.316,1.01509,0,0,0,-3.95558e-008,1.62558e-009,0.981818,0,0,0,-0.00107663,0.0490456,-0.0320814,0.642242,0.493285,1
1880,210.181,1.0146,0,0,0,-3.95558e-008,1.62558e-009,0.981818,0,0,0,-0.00110027,0.0495139,-0.0315772,0.642012,0.493181,1
1890,235.998,1.01431,0,0,0,-3.95558e-008,1.62558e-009,0.981818,0,0,0,-0.000866119,0.0502639,-0.031246,0.641989,0.493171,1
1900,267.637,1.01409,0,0,0,-3.95558e-008,1.62558e-009,0.981818,0,0,0,-0.000464755,0.0510347,-0.0309867,0.641966,0.493163,1
1910,288.259,1.01413,0,0,0,-3.95558e-008,1.62558e-009,0.981818,0,0,0,-0.00016659,0.0518418,-0.0309903,0.641966,0.493163,1
1920,297.438,1.01446,0,0,0,-3.95558e-008,1.62558e-009,0.981818,0,0,0,-0.000291853,0.052469,-0.03128,0.641941,0.493158,1
1930,303.79,1.01474,0,0,0,-3.95558e-008,1.62558e-009,0.981818,0,0,0,-0.000953785,0.0524798,-0.0315601,0.64183,0.493153,1
1940,304.641,1.01467,0,0,0,-3.95558e-008,1.62558e-009,0.981818,0,0,0,-0.00159109,0.0518282,-0.0315213,0.64183,0.493153,1
1950,295.277,1.0143,0,0,0,-3.95558e-008,1.62558e-009,0.981818,0,0,0,-0.00193436,0.0511141,-0.0311912,0.64183,0.493153,1
1960,298.254,1.01374,0,0,0,-3.95558e-008,1.62558e-009,0.981818,0,0,0,-0.00214612,0.0506254,-0.0306544,0.64183,0.493153,1
1970,325.506,1.01305,0,0,0,-3.95558e-008,1.62558e-009,0.981818,0,0,0,-0.0023016,0.0503146,-0.0299767,0.64183,0.493153,1
1980,359.801,1.01233,0,0,0,-3.95558e-008,1.62558e-009,0.981818,0,0,0,-0.00199857,0.0501778,-0.0292668,0.641542,0.493258,1
1990,377.645,1.01164,0,0,0,-3.95558e-008,1.62558e-009,0.981818,0,0,0,-0.00145754,0.0502405,-0.0285724,0.641108,0.493446,1
2000,364.588,1.00953,0,0,-0.0999557,-0.00117477,0.0501303,0.981768,0,0,0,-0.00116927,0.0500995,-0.027759,0.640564,0.494036,1
2010,338.39,1.00802,0,0,-0.0995893,-0.00117477,0.0501303,0.981269,0,0,0,-0.00135313,0.0496548,-0.0267507,0.640163,0.494486,1
2020,301.222,1.00658,0,0,-0.0994466,-0.00117477,0.0501303,0.980772,0,0,0,-0.00176083,0.0493091,-0.0258123,0.63975,0.495054,1
2030,272.257,1.00557,0,0,-0.0995911,-0.00117477,0.0501303,0.980274,0,0,0,-0.00241991,0.0493455,-0.0252909,0.639471,0.495512,1
2040,265.863,1.00493,0,0,-0.0998987,-0.00117477,0.0501303,0.979776,0,0,0,-0.00322114,0.0494406,-0.0251547,0.639425,0.495743,1
2050,273.687,1.00427,0,0,-0.100179,-0.00117477,0.0501303,0.979276,0,0,0,-0.00403795,0.04936,-0.0249939,0.63942,0.496044,1
2060,281.018,1.0034,0,0,-0.100375,-0.00117477,0.0501303,0.978774,0,0,0,-0.00467746,0.0491705,-0.0246211,0.639467,0.496334,1
2070,278.864,1.00255,0,0,-0.100546,-0.00117477,0.0501303,0.978272,0,0,0,-0.0052495,0.0490457,-0.0242655,0.639549,0.496571,1
2080,263.327,1.00202,0,0,-0.100807,-0.00117477,0.0501303,0.977769,0,0,0,-0.00572717,0.0490552,-0.024242,0.639722,0.496917,1
2090,228.607,1.0018,0,0,-0.101375,-0.00117477,0.0501303,0.977264,0,0,0,-0.00608568,0.0493995,-0.0245267,0.639916,0.497315,1
2100,197.915,1.00164,0,0,-0.10246,-0.00117477,0.0501303,0.976754,0,0,0,-0.0061459,0.0501818,-0.0248754,0.640205,0.497963,1
2110,188.924,1.00131,0,0,-0.103927,-0.00117477,0.0501303,0.976239,0,0,0,-0.00598394,0.0511259,-0.0250588,0.640534,0.498751,1
2120,207.206,1.00081,0,0,-0.105288,-0.00117477,0.0501303,0.975716,0,0,0,-0.00561205,0.0518092,-0.0250864,0.640747,0.49932,1
2130,236.042,1.00026,0,0,-0.106198,-0.00117477,0.0501303,0.975187,0,0,0,-0.00511434,0.0521423,-0.0250661,0.640823,0.499604,1
2140,260.145,0.999803,0,0,-0.106736,-0.00117477,0.0501303,0.974655,0,0,0,-0.00464995,0.0521598,-0.0251398,0.640821,0.49969,1
2150,269.933,0.999373,0,0,-0.107062,-0.00117477,0.0501303,0.974121,0,0,0,-0.00450987,0.0518246,-0.0252454,0.640821,0.49969,1
2160,263.74,0.998769,0,0,-0.107391,-0.00117477,0.0501303,0.973585,0,0,0,-0.00460871,0.0513955,-0.0251772,0.640821,0.49969,1
2170,255.827,0.997659,0,0,-0.107821,-0.00117477,0.0501303,0.973047,0,0,0,-0.00481067,0.0513364,-0.0246049,0.640821,0.49969,1
2180,261.877,0.996098,0,0,-0.108258,-0.00117477,0.0501303,0.972507,0,0,0,-0.00512358,0.0517247,-0.0235828,0.640821,0.49969,1
2190,279.142,0.994489,0,0,-0.108558,-0.00117477,0.0501303,0.971965,0,0,0,-0.00533143,0.0521824,-0.0225131,0.640821,0.49969,1
2200,308.715,0.993306,0,0,-0.108609,-0.00117477,0.0501303,0.971422,0,0,0,-0.00496266,0.0524727,-0.0218741,0.640821,0.49969,1
2210,338.044,0.992454,0,0,-0.108397,-0.00117477,0.0501303,0.970879,0,0,0,-0.00394472,0.0524465,-0.0215685,0.640821,0.49969,1
2220,355.927,0.991653,0,0,-0.108018,-0.00117477,0.0501303,0.970338,0,0,0,-0.00271309,0.0520528,-0.0213127,0.640809,0.499711,1
2230,354.606,0.990688,0,0,-0.107588,-0.00117477,0.0501303,0.969799,0,0,0,-0.00168456,0.0513606,-0.0208884,0.640665,0.499896,1
2240,346.944,0.98964,0,0,-0.107202,-0.00117477,0.0501303,0.969262,0,0,0,-0.00107148,0.0506516,-0.0203788,0.640452,0.500132,1
2250,338.044,0.988404,0,0,-0.106874,-0.00117477,0.0501303,0.968726,0,0,0,-0.000749771,0.0501069,-0.0196777,0.640346,0.500223,1
2260,331.262,0.986928,0,0,-0.1066,-0.00117477,0.0501303,0.968193,0,0,0,-0.000519934,0.0498071,-0.0187347,0.640346,0.500223,1
2270,331.691,0.985255,0,0,-0.106356,-0.00117477,0.0501303,0.96766,0,0,0,-0.000298757,0.0495708,-0.0175939,0.640346,0.500223,1
2280,345.792,0.983659,0,0,-0.106052,-0.00117477,0.0501303,0.967129,0,0,0,-0.000266407,0.0493018,-0.0165293,0.640346,0.500223,1
2290,351.687,0.982242,0,0,-0.105667,-0.00117477,0.0501303,0.9666,0,0,0,-0.00030683,0.049007,-0.0156414,0.640346,0.500223,1
2300,335.258,0.981101,0,0,-0.105328,-0.00117477,0.0501303,0.966072,0,0,0,-0.000241079,0.0488154,-0.0150279,0.640346,0.500223,1
2310,308.93,0.980221,0,0,-0.105163,-0.00117477,0.0501303,0.965546,0,0,0,-1.58964e-005,0.0486961,-0.0146736,0.640346,0.500223,1
2320,294.544,0.979427,0,0,-0.105161,-0.00117477,0.0501303,0.96502,0,0,0,0.000176403,0.0486796,-0.0144046,0.640346,0.500223,1
2330,286.448,0.978351,0,0,-0.105258,-0.00117477,0.0501303,0.964494,0,0,0,0.000425136,0.0488797,-0.0138546,0.640215,0.500132,1
2340,291.096,0.976968,0,0,-0.105371,-0.00117477,0.0501303,0.963968,0,0,0,0.000694606,0.0495122,-0.012999,0.640191,0.500123,1
2350,304.193,0.975812,0,0,-0.105383,-0.00117477,0.0501303,0.963441,0,0,0,0.000835696,0.0503997,-0.0123691,0.640191,0.500123,1
2360,307.767,0.975475,0,0,-0.105322,-0.00117477,0.0501303,0.962914,0,0,0,0.000765234,0.0510816,-0.012559,0.639947,0.500063,1
2370,293.924,0.9759,0,0,-0.105309,-0.00117477,0.0501303,0.962387,0,0,0,0.000851212,0.0513621,-0.0135103,0.639695,0.499997,1
2380,269.913,0.976572,0,0,-0.105486,-0.00117477,0.0501303,0.96186,0,0,0,0.00118479,0.051667,-0.0147072,0.63967,0.499993,1
2390,243.788,0.977186,0,0,-0.105951,-0.00117477,0.0501303,0.961332,0,0,0,0.00131363,0.052133,-0.0158491,0.639646,0.499988,1
2400,216.167,0.977758,0,0,-0.106784,-0.00117477,0.0501303,0.960801,0,0,0,0.000825751,0.052362,-0.0169532,0.639386,0.499917,1
2410,200.767,0.978357,0,0,-0.108012,-0.00117477,0.0501303,0.960264,0,0,0,-1.18602e-005,0.0520284,-0.01809,0.63885,0.499759,1
2420,216.036,0.9791,0,0,-0.109236,-0.00117477,0.0501303,0.959721,0,0,0,-0.00081458,0.0512632,-0.0193777,0.63795,0.499484,1
2430,248.612,0.980029,0,0,-0.11001,-0.00117477,0.0501303,0.959173,0,0,0,-0.00149926,0.0502925,-0.0208561,0.636778,0.499117,1
2440,279.777,0.980875,0,0,-0.110347,-0.00117477,0.0501303,0.958622,0,0,0,-0.00191043,0.0495209,-0.022252,0.635365,0.498665,1
2450,299.382,0.9814,0,0,-0.110424,-0.00117477,0.0501303,0.95807,0,0,0,-0.00187664,0.0493178,-0.0233295,0.633869,0.498186,1
2460,315.87,0.981824,0,0,-0.110335,-0.00117477,0.0501303,0.957518,0,0,0,-0.00153612,0.0495519,-0.0243058,0.63258,0.497779,1
2470,326.433,0.982513,0,0,-0.110141,-0.00117477,0.0501303,0.956967,0,0,0,-0.00119838,0.0497527,-0.0255458,0.631577,0.497473,1
2480,326.795,0.983331,0,0,-0.109908,-0.00117477,0.0501303,0.956417,0,0,0,-0.000819619,0.049763,-0.0269144,0.630691,0.49721,1
2490,325.446,0.983823,0,0,-0.109686,-0.00117477,0.0501303,0.955868,0,0,0,-0.000458999,0.0497995,-0.0279555,0.629909,0.496972,1
2500,326.368,0.983816,0,0,-0.109469,-0.00117477,0.0501303,0.95532,0,0,0,-0.000319839,0.0498511,-0.0284955,0.629288,0.496774,1
2510,329.711,0.983677,0,0,-0.109233,-0.00117477,0.0501303,0.954773,0,0,0,-0.000611939,0.0497483,-0.0289043,0.628748,0.496592,1
2520,331.141,0.983713,0,0,-0.108975,-0.00117477,0.0501303,0.954227,0,0,0,-0.00103009,0.0497034,-0.0294856,0.628264,0.496421,1
2530,321.337,0.983929,0,0,-0.108752,-0.00117477,0.0501303,0.953683,0,0,0,-0.00133945,0.0504523,-0.0302456,0.627896,0.496286,1
2540,298.016,0.98419,0,0,-0.108664,-0.00117477,0.0501303,0.953139,0,0,0,-0.00139926,0.0521364,-0.0310488,0.627554,0.496159,1
2550,264.584,0.984413,0,0,-0.108864,-0.00117477,0.0501303,0.952596,0,0,0,-0.00139403,0.0539898,-0.0318091,0.627201,0.496031,1
2560,239.327,0.98438,0,0,-0.109422,-0.00117477,0.0501303,0.95205,0,0,0,-0.00136237,0.0551415,-0.0323171,0.626995,0.495964,1
2570,237.995,0.984262,0,0,-0.110146,-0.00117477,0.0501303,0.951502,0,0,0,-0.00152729,0.0554978,-0.0327452,0.626995,0.495964,1
2580,241.349,0.984481,0,0,-0.110841,-0.00117477,0.0501303,0.950949,0,0,0,-0.00176905,0.0553243,-0.033518,0.626995,0.495964,1
2590,255.282,0.985282,0,0,-0.111425,-0.00117477,0.0501303,0.950394,0,0,0,-0.00188421,0.0552282,-0.0348746,0.626995,0.495964,1
2600,276.171,0.986228,0,0,-0.111769,-0.00117477,0.0501303,0.949836,0,0,0,-0.00165498,0.055574,-0.0363771,0.626995,0.495964,1
2610,287.306,0.986937,0,0,-0.111937,-0.00117477,0.0501303,0.949276,0,0,0,-0.00144897,0.0559398,-0.0376434,0.626995,0.495964,1
2620,288.886,0.987344,0,0,-0.112041,-0.00117477,0.0501303,0.948717,0,0,0,-0.00160501,0.0554881,-0.0386127,0.626995,0.495964,1
2630,280.768,0.987658,0,0,-0.112188,-0.00117477,0.0501303,0.948156,0,0,0,-0.00221898,0.0543487,-0.0394928,0.626995,0.495964,1
2640,267.547,0.987803,0,0,-0.112465,-0.00117477,0.0501303,0.947595,0,0,0,-0.00279459,0.0532115,-0.0402023,0.626995,0.495964,1
2650,268.711,0.987569,0,0,-0.112811,-0.00117477,0.0501303,0.947031,0,0,0,-0.0029066,0.0526117,-0.0405331,0.62697,0.495962,1
2660,275.909,0.986678,0,0,-0.113099,-0.00117477,0.0501303,0.946467,0,0,0,-0.00247259,0.0524823,-0.040208,0.62684,0.495948,1
2670,291.188,0.98506,0,0,-0.113267,-0.00117477,0.0501303,0.945901,0,0,0,-0.00202589,0.0524801,-0.0391559,0.62684,0.495948,1
2680,316.578,0.982828,0,0,-0.113223,-0.00117477,0.0501303,0.945334,0,0,0,-0.00189981,0.0523828,-0.0374907,0.62684,0.495948,1
2690,336.949,0.980578,0,0,-0.112978,-0.00117477,0.0501303,0.944769,0,0,0,-0.00209754,0.0525333,-0.0358055,0.62684,0.495948,1
2700,345.094,0.978867,0,0,-0.11263,-0.00117477,0.0501303,0.944205,0,0,0,-0.00244316,0.0532879,-0.0346569,0.62684,0.495948,1
2710,338.291,0.977649,0,0,-0.112273,-0.00117477,0.0501303,0.943642,0,0,0,-0.00290471,0.054553,-0.0339955,0.62684,0.495948,1
2720,308.275,0.976348,0,0,-0.112081,-0.00117477,0.0501303,0.943082,0,0,0,-0.00320551,0.0557967,-0.0332479,0.62684,0.495948,1
2730,289.731,0.974853,0,0,-0.112121,-0.00117477,0.0501303,0.942521,0,0,0,-0.00300632,0.0564891,-0.0323098,0.62684,0.495948,1
2740,298.96,0.973574,0,0,-0.112187,-0.00117477,0.0501303,0.94196,0,0,0,-0.00230779,0.056707,-0.0315909,0.626581,0.495921,1
2750,314.547,0.972762,0,0,-0.112119,-0.00117477,0.0501303,0.941399,0,0,0,-0.00151813,0.0571637,-0.0313373,0.626271,0.495895,1
2760,323.083,0.972111,0,0,-0.111943,-0.00117477,0.0501303,0.940839,0,0,0,-0.00101803,0.058169,-0.0312382,0.626116,0.495889,1
2770,325.69,0.971273,0,0,-0.111727,-0.00117477,0.0501303,0.94028,0,0,0,-0.00100163,0.0591609,-0.0309509,0.626091,0.49589,1
2780,316.784,0.970247,0,0,-0.111542,-0.00117477,0.0501303,0.939722,0,0,0,-0.00163407,0.0596224,-0.0304786,0.625904,0.495903,1
2790,298.129,0.969252,0,0,-0.111475,-0.00117477,0.0501303,0.939164,0,0,0,-0.00259684,0.0594865,-0.0300411,0.625641,0.495919,1
2800,285.9,0.968492,0,0,-0.111576,-0.00117477,0.0501303,0.938607,0,0,0,-0.00322881,0.058815,-0.0298441,0.625369,0.49593,1
2810,298.206,0.968151,0,0,-0.111668,-0.00117477,0.0501303,0.938049,0,0,0,-0.00295675,0.0578932,-0.0300693,0.625344,0.495931,1
2820,320.989,0.968213,0,0,-0.111566,-0.00117477,0.0501303,0.93749,0,0,0,-0.00193863,0.057247,-0.0306962,0.625344,0.495931,1
2830,328.864,0.968167,0,0,-0.11134,-0.00117477,0.0501303,0.936933,0,0,0,-0.00062541,0.0568773,-0.0312104,0.625344,0.495931,1
2840,318.676,0.967313,0,0,-0.11113,-0.00117477,0.0501303,0.936377,0,0,0,0.000378297,0.0563648,-0.0309143,0.625344,0.495931,1
2850,299.814,0.965557,0,0,-0.11105,-0.00117477,0.0501303,0.935821,0,0,0,0.000801464,0.0556669,-0.0297178,0.625344,0.495931,1
2860,280.189,0.963468,0,0,-0.111166,-0.00117477,0.0501303,0.935266,0,0,0,0.000461905,0.055368,-0.0281866,0.625344,0.495931,1
2870,266.069,0.961459,0,0,-0.111449,-0.00117477,0.0501303,0.93471,0,0,0,-0.000285307,0.0557979,-0.0267321,0.625344,0.495931,1
2880,256.567,0.959599,0,0,-0.111873,-0.00117477,0.0501303,0.934152,0,0,0,-0.000884801,0.0566034,-0.0254256,0.625235,0.495936,1
2890,259.638,0.958102,0,0,-0.112353,-0.00117477,0.0501303,0.933591,0,0,0,-0.000769992,0.057211,-0.0244847,0.62521,0.495938,1
2900,282.403,0.957186,0,0,-0.112649,-0.00117477,0.0501303,0.933029,0,0,0,-0.000243802,0.0576194,-0.024128,0.624808,0.495979,1
2910,301.824,0.956619,0,0,-0.112702,-0.00117477,0.0501303,0.932465,0,0,0,0.000329728,0.0580802,-0.02412,0.624462,0.49602,1
2920,302.774,0.955903,0,0,-0.11267,-0.00117477,0.0501303,0.931902,0,0,0,0.000711238,0.0585884,-0.0239617,0.624311,0.496042,1
2930,292.16,0.954913,0,0,-0.11269,-0.00117477,0.0501303,0.931338,0,0,0,0.000974107,0.0591955,-0.0235291,0.624311,0.496042,1
2940,280.452,0.953873,0,0,-0.112837,-0.00117477,0.0501303,0.930775,0,0,0,0.0010037,0.0600149,-0.0230444,0.624311,0.496042,1
2950,273.762,0.953006,0,0,-0.113078,-0.00117477,0.0501303,0.93021,0,0,0,0.00101761,0.0607473,-0.0227348,0.624311,0.496042,1
2960,268.939,0.952341,0,0,-0.113375,-0.00117477,0.0501303,0.929644,0,0,0,0.000980076,0.0610802,-0.0226315,0.624311,0.496042,1
2970,262.855,0.952025,0,0,-0.113743,-0.00117477,0.0501303,0.929076,0,0,0,0.000826818,0.0613138,-0.0228809,0.624311,0.496042,1
2980,256.453,0.952064,0,0,-0.114189,-0.00117477,0.0501303,0.928506,0,0,0,0.000477165,0.0615357,-0.0234877,0.624311,0.496042,1
2990,256.623,0.952105,0,0,-0.114685,-0.00117477,0.0501303,0.927934,0,0,0,0.000256629,0.0613205,-0.0241039,0.624311,0.496042,1
3000,276.079,0.951561,0,0,-0.115057,-0.00117477,0.0501303,0.92736,0,0,0,0.00017534,0.0605307,-0.0241435,0.624572,0.496834,1
3010,299.682,0.950369,0,0,-0.115156,-0.00117477,0.0501303,0.926784,0,0,0,0.000157534,0.0597391,-0.0235356,0.625042,0.497195,1
3020,315.349,0.948885,0,0,-0.115075,-0.00117477,0.0501303,0.926209,0,0,0,-0.000121402,0.0593034,-0.0226315,0.62582,0.497625,1
3030,335.663,0.947539,0,0,-0.114841,-0.00117477,0.0501303,0.925634,0,0,0,-0.000539912,0.0591787,-0.0218613,0.626629,0.49792,1
3040,345.254,0.946497,0,0,-0.114477,-0.00117477,0.0501303,0.92506,0,0,0,-0.000958437,0.0590529,-0.0213948,0.627696,0.498191,1
3050,330.215,0.945934,0,0,-0.114146,-0.00117477,0.0501303,0.924489,0,0,0,-0.00123796,0.0586888,-0.0214067,0.628597,0.498322,1
3060,300.879,0.945687,0,0,-0.114015,-0.00117477,0.0501303,0.923919,0,0,0,-0.00149148,0.0579427,-0.0217359,0.629267,0.498373,1
3070,276.037,0.945323,0,0,-0.114149,-0.00117477,0.0501303,0.923348,0,0,0,-0.00168495,0.0571838,-0.0219487,0.629932,0.498461,1
3080,270.006,0.944432,0,0,-0.114455,-0.00117477,0.0501303,0.922777,0,0,0,-0.00200407,0.0567858,-0.0216311,0.630524,0.498579,1
3090,273.619,0.943243,0,0,-0.114746,-0.00117477,0.0501303,0.922204,0,0,0,-0.00234519,0.0568234,-0.0210145,0.631097,0.49867,1
3100,279.172,0.942162,0,0,-0.114988,-0.00117477,0.0501303,0.92163,0,0,0,-0.0024657,0.0569285,-0.0205072,0.631811,0.498741,1
3110,289.076,0.941438,0,0,-0.115147,-0.00117477,0.0501303,0.921054,0,0,0,-0.00233621,0.0570008,-0.0203576,0.632385,0.498756,1
3120,298.863,0.940909,0,0,-0.115196,-0.00117477,0.0501303,0.920478,0,0,0,-0.0024924,0.0572344,-0.0204025,0.632685,0.498732,1
3130,306.124,0.940495,0,0,-0.115166,-0.00117477,0.0501303,0.919902,0,0,0,-0.00314678,0.057938,-0.0205576,0.63287,0.498696,1
3140,299.415,0.940147,0,0,-0.115131,-0.00117477,0.0501303,0.919327,0,0,0,-0.00413507,0.0589696,-0.0207741,0.633053,0.498643,1
3150,279.806,0.93987,0,0,-0.115234,-0.00117477,0.0501303,0.918751,0,0,0,-0.00517331,0.0601556,-0.0210573,0.63333,0.498541,1
3160,255.157,0.939549,0,0,-0.115604,-0.00117477,0.0501303,0.918174,0,0,0,-0.0061043,0.0611738,-0.0212976,0.633676,0.498383,1
3170,227.804,0.939164,0,0,-0.116329,-0.00117477,0.0501303,0.917595,0,0,0,-0.00671115,0.0617753,-0.0214813,0.633852,0.49827,1
3180,208.512,0.93848,0,0,-0.117467,-0.00117477,0.0501303,0.91701,0,0,0,-0.00685918,0.0618987,-0.0213784,0.633986,0.498214,1
3190,211.171,0.937157,0,0,-0.118783,-0.00117477,0.0501303,0.91642,0,0,0,-0.00655395,0.0618875,-0.0206477,0.634416,0.49806,1
3200,232.055,0.935156,0,0,-0.119827,-0.00117477,0.0501303,0.915824,0,0,0,-0.00591257,0.0617739,-0.0192476,0.635145,0.497822,1
3210,253.177,0.93309,0,0,-0.120504,-0.00117477,0.0501303,0.915223,0,0,0,-0.00512085,0.061417,-0.0177902,0.636025,0.497557,1
3220,258.089,0.931555,0,0,-0.121012,-0.00117477,0.0501303,0.914619,0,0,0,-0.00446188,0.0608676,-0.0168678,0.636933,0.497292,1
3230,258.461,0.930531,0,0,-0.121491,-0.00117477,0.0501303,0.914013,0,0,0,-0.00440267,0.0602739,-0.016457,0.6376,0.497098,1
3240,263.163,0.929624,0,0,-0.121961,-0.00117477,0.0501303,0.913405,0,0,0,-0.00488696,0.0593472,-0.0161661,0.637944,0.497017,1
3250,276.603,0.928807,0,0,-0.122304,-0.00117477,0.0501303,0.912794,0,0,0,-0.00528329,0.0579734,-0.015971,0.638298,0.496948,1
3260,286.801,0.928486,0,0,-0.122475,-0.00117477,0.0501303,0.912182,0,0,0,-0.00504089,0.056583,-0.0162735,0.63875,0.496875,1
3270,272.701,0.928848,0,0,-0.122693,-0.00117477,0.0501303,0.911569,0,0,0,-0.0045412,0.0555319,-0.0172573,0.639167,0.496823,1
3280,257.6,0.929598,0,0,-0.123121,-0.00117477,0.0501303,0.910955,0,0,0,-0.00412525,0.0548407,-0.0186269,0.639625,0.496776,1
3290,258.009,0.930332,0,0,-0.123638,-0.00117477,0.0501303,0.910338,0,0,0,-0.0039376,0.0545662,-0.0199792,0.640135,0.496721,1
3300,272.898,0.930959,0,0,-0.12405,-0.00117477,0.0501303,0.909719,0,0,0,-0.00391045,0.0548769,-0.0212238,0.64049,0.496696,1
3310,290.299,0.931331,0,0,-0.124236,-0.00117477,0.0501303,0.909098,0,0,0,-0.00410731,0.0556325,-0.0222118,0.640732,0.496692,1
3320,301.495,0.931493,0,0,-0.124265,-0.00117477,0.0501303,0.908477,0,0,0,-0.00416111,0.056558,-0.0229889,0.640928,0.496702,1
3330,302.53,0.931726,0,0,-0.124245,-0.00117477,0.0501303,0.907856,0,0,0,-0.00400452,0.0574673,-0.0238372,0.641082,0.4967,1
3340,314.396,0.932084,0,0,-0.124163,-0.00117477,0.0501303,0.907234,0,0,0,-0.00363632,0.058482,-0.0248084,0.641307,0.49669,1
3350,332.496,0.931961,0,0,-0.123927,-0.00117477,0.0501303,0.906614,0,0,0,-0.00312616,0.0594953,-0.0252979,0.641512,0.49667,1
3360,329.409,0.931322,0,0,-0.123619,-0.00117477,0.0501303,0.905995,0,0,0,-0.00233044,0.0602599,-0.0252706,0.641667,0.496662,1
3370,319.389,0.930867,0,0,-0.123399,-0.00117477,0.0501303,0.905378,0,0,0,-0.00170622,0.0606911,-0.0254291,0.641818,0.496658,1
3380,328.037,0.931265,0,0,-0.12318,-0.00117477,0.0501303,0.904761,0,0,0,-0.00156325,0.0609918,-0.0264408,0.642059,0.496656,1
3390,330.267,0.932118,0,0,-0.122888,-0.00117477,0.0501303,0.904146,0,0,0,-0.00176671,0.0609768,-0.0279091,0.642211,0.49666,1
3400,308.037,0.932849,0,0,-0.122698,-0.00117477,0.0501303,0.903532,0,0,0,-0.00147083,0.0605525,-0.0292587,0.642351,0.496668,1
3410,278.504,0.933099,0,0,-0.122791,-0.00117477,0.0501303,0.902918,0,0,0,-0.000459483,0.0599187,-0.0301294,0.642528,0.496684,1
3420,255.811,0.933141,0,0,-0.12319,-0.00117477,0.0501303,0.902304,0,0,0,0.000688881,0.0593917,-0.0307901,0.642528,0.496684,1
3430,247.428,0.933245,0,0,-0.123805,-0.00117477,0.0501303,0.901686,0,0,0,0.00114665,0.0588541,-0.0315148,0.642528,0.496684,1
3440,248.952,0.933799,0,0,-0.124461,-0.00117477,0.0501303,0.901066,0,0,0,0.00108606,0.0581751,-0.0326961,0.642528,0.496684,1
3450,254.868,0.93489,0,0,-0.125044,-0.00117477,0.0501303,0.900442,0,0,0,0.000737379,0.0572955,-0.0344189,0.642547,0.496691,1
3460,263.32,0.936414,0,0,-0.125537,-0.00117477,0.0501303,0.899816,0,0,0,0.000106721,0.0565066,-0.0365754,0.642643,0.496739,1
3470,269.296,0.937818,0,0,-0.125928,-0.00117477,0.0501303,0.899187,0,0,0,-0.000672256,0.0560473,-0.038612,0.642643,0.496739,1
3480,278.627,0.939003,0,0,-0.126216,-0.00117477,0.0501303,0.898557,0,0,0,-0.00101452,0.0560362,-0.0404278,0.642643,0.496739,1
3490,279.523,0.940325,0,0,-0.126442,-0.00117477,0.0501303,0.897925,0,0,0,-0.00105941,0.0562217,-0.0423803,0.642643,0.496739,1
3500,271.533,0.942027,0,0,-0.126726,-0.00117477,0.0501303,0.897292,0,0,0,-0.00122095,0.0563532,-0.0447139,0.642643,0.496739,1
3510,283.43,0.94343,0,0,-0.127009,-0.00117477,0.0501303,0.896658,0,0,0,-0.00154835,0.0561913,-0.0467528,0.642643,0.496739,1
3520,316.724,0.944074,0,0,-0.126996,-0.00117477,0.0501303,0.896023,0,0,0,-0.00178301,0.0559136,-0.0480332,0.642643,0.496739,1
3530,327.061,0.944184,0,0,-0.126751,-0.00117477,0.0501303,0.895388,0,0,0,-0.00199808,0.055884,-0.0487777,0.642643,0.496739,1
3540,328.073,0.944082,0,0,-0.126484,-0.00117477,0.0501303,0.894755,0,0,0,-0.00217435,0.0562089,-0.0493067,0.642643,0.496739,1
3550,321.413,0.943667,0,0,-0.126241,-0.00117477,0.0501303,0.894123,0,0,0,-0.00207324,0.0565496,-0.0495208,0.642643,0.496739,1
3560,296.994,0.943031,0,0,-0.126142,-0.00117477,0.0501303,0.893493,0,0,0,-0.00150069,0.0566991,-0.0495152,0.642643,0.496739,1
3570,276.448,0.942559,0,0,-0.126326,-0.00117477,0.0501303,0.892862,0,0,0,-0.000750904,0.0566419,-0.0496753,0.642643,0.496739,1
3580,277.883,0.942322,0,0,-0.12661,-0.00117477,0.0501303,0.892229,0,0,0,-0.000125846,0.0565009,-0.0500701,0.642643,0.496739,1
3590,292.495,0.941931,0,0,-0.126764,-0.00117477,0.0501303,0.891596,0,0,0,0.000129075,0.0564819,-0.0503124,0.642643,0.496739,1
3600,296.147,0.941314,0,0,-0.126812,-0.00117477,0.0501303,0.890962,0,0,0,4.25616e-005,0.0567044,-0.0503285,0.642643,0.496739,1
3610,297.207,0.940928,0,0,-0.126866,-0.00117477,0.0501303,0.890328,0,0,0,-0.000109998,0.0567796,-0.0505759,0.642783,0.496698,1
3620,314.835,0.940737,0,0,-0.12679,-0.00117477,0.0501303,0.889693,0,0,0,-2.48307e-005,0.056399,-0.0510219,0.643107,0.496572,1
3630,308.386,0.940052,0,0,-0.126655,-0.00117477,0.0501303,0.88906,0,0,0,3.66688e-005,0.0558152,-0.0509738,0.643278,0.4965,1
3640,286.43,0.938704,0,0,-0.126699,-0.00117477,0.0501303,0.888427,0,0,0,-0.000303132,0.0555625,-0.050261,0.643278,0.4965,1
3650,275.676,0.937549,0,0,-0.126932,-0.00117477,0.0501303,0.887793,0,0,0,-0.000994535,0.0558541,-0.0497392,0.643278,0.4965,1
3660,277.91,0.93721,0,0,-0.127214,-0.00117477,0.0501303,0.887157,0,0,0,-0.00164979,0.056377,-0.0500322,0.643407,0.496508,1
3670,286.165,0.93735,0,0,-0.127415,-0.00117477,0.0501303,0.886521,0,0,0,-0.00187989,0.0564243,-0.0508081,0.643596,0.496502,1
3680,293.286,0.937303,0,0,-0.127512,-0.00117477,0.0501303,0.885883,0,0,0,-0.00138695,0.0557292,-0.0514032,0.643845,0.496476,1
3690,289.047,0.936939,0,0,-0.127612,-0.00117477,0.0501303,0.885246,0,0,0,-0.000294004,0.0548657,-0.0516808,0.644287,0.496414,1
3700,289.19,0.936411,0,0,-0.127737,-0.00117477,0.0501303,0.884607,0,0,0,0.000799813,0.0542494,-0.0517925,0.644689,0.496342,1
3710,292.226,0.935825,0,0,-0.127833,-0.00117477,0.0501303,0.883968,0,0,0,0.00140592,0.0539272,-0.0518453,0.644882,0.4963,1
3720,294.825,0.935189,0,0,-0.127912,-0.00117477,0.0501303,0.883329,0,0,0,0.00155328,0.0538112,-0.0518485,0.64499,0.496273,1
3730,297.431,0.934632,0,0,-0.127938,-0.00117477,0.0501303,0.882689,0,0,0,0.00140379,0.0537011,-0.0519326,0.645094,0.496244,1
3740,291.133,0.934161,0,0,-0.128006,-0.00117477,0.0501303,0.88205,0,0,0,0.000863916,0.0533733,-0.0521039,0.645094,0.496244,1
3750,291.918,0.933463,0,0,-0.128106,-0.00117477,0.0501303,0.881409,0,0,0,0.000137001,0.0532487,-0.0520479,0.645094,0.496244,1
3760,293.938,0.932239,0,0,-0.128176,-0.00117477,0.0501303,0.880769,0,0,0,-0.000417962,0.0537116,-0.0514627,0.645094,0.496244,1
3770,291.264,0.930682,0,0,-0.128251,-0.00117477,0.0501303,0.880128,0,0,0,-0.00057836,0.0542349,-0.0505455,0.645094,0.496244,1
3780,286.037,0.929103,0,0,-0.128393,-0.00117477,0.0501303,0.879486,0,0,0,-0.000406789,0.0539882,-0.049609,0.645094,0.496244,1
3790,311.999,0.927466,0,0,-0.128421,-0.00117477,0.0501303,0.878844,0,0,0,0.000132838,0.0532287,-0.0486162,0.645094,0.496244,1
3800,355.35,0.925548,0,0,-0.128084,-0.00117477,0.0501303,0.878202,0,0,0,0.000646612,0.0527598,-0.0473396,0.645094,0.496244,1
3810,392.015,0.923491,0,0,-0.127432,-0.00117477,0.0501303,0.877563,0,0,0,0.00062005,0.0529969,-0.0459214,0.645094,0.496244,1
3820,401.008,0.92169,0,0,-0.126637,-0.00117477,0.0501303,0.876928,0,0,0,-6.39895e-005,0.0536337,-0.0447549,0.645094,0.496244,1
3830,383.963,0.920552,0,0,-0.125893,-0.00117477,0.0501303,0.876296,0,0,0,-0.000735108,0.054192,-0.0442465,0.645094,0.496244,1
3840,366.582,0.919995,0,0,-0.125266,-0.00117477,0.0501303,0.875668,0,0,0,-0.000903243,0.0541405,-0.0443177,0.645345,0.496085,1
3850,351.341,0.919481,0,0,-0.124767,-0.00117477,0.0501303,0.875043,0,0,0,-0.000535378,0.0534177,-0.0444317,0.645456,0.495995,1
3860,356.01,0.918472,0,0,-0.124299,-0.00117477,0.0501303,0.874421,0,0,0,2.52849e-005,0.0525719,-0.044047,0.645456,0.495995,1
3870,352.843,0.917177,0,0,-0.123806,-0.00117477,0.0501303,0.8738,0,0,0,0.000710141,0.0524669,-0.0433717,0.645456,0.495995,1
3880,330.988,0.916137,0,0,-0.123439,-0.00117477,0.0501303,0.873182,0,0,0,0.00145131,0.0530168,-0.0429462,0.645456,0.495995,1
3890,320.362,0.915751,0,0,-0.123201,-0.00117477,0.0501303,0.872565,0,0,0,0.00202008,0.0532564,-0.0431749,0.645456,0.495995,1
3900,308.581,0.915662,0,0,-0.123065,-0.00117477,0.0501303,0.87195,0,0,0,0.00205301,0.0526572,-0.0437035,0.645456,0.495995,1
3910,293.497,0.915246,0,0,-0.123058,-0.00117477,0.0501303,0.871335,0,0,0,0.00162169,0.051842,-0.0439057,0.645456,0.495995,1
3920,269.686,0.914229,0,0,-0.123256,-0.00117477,0.0501303,0.870719,0,0,0,0.000894589,0.0513414,-0.0435074,0.645456,0.495995,1
3930,235.875,0.913125,0,0,-0.123877,-0.00117477,0.0501303,0.870101,0,0,0,-8.61572e-006,0.0511154,-0.0430218,0.645456,0.495995,1
3940,223.733,0.91224,0,0,-0.124868,-0.00117477,0.0501303,0.86948,0,0,0,-0.000962074,0.0512041,-0.0427595,0.645456,0.495995,1
3950,219.177,0.911494,0,0,-0.125962,-0.00117477,0.0501303,0.868853,0,0,0,-0.00158138,0.0517416,-0.0426396,0.645277,0.496543,1
3960,205.212,0.910532,0,0,-0.127319,-0.00117477,0.0501303,0.86822,0,0,0,-0.00174312,0.0524268,-0.0423081,0.644957,0.496713,1
3970,237.642,0.909315,0,0,-0.128519,-0.00117477,0.0501303,0.867581,0,0,0,-0.00155407,0.0529137,-0.0417302,0.644463,0.496856,1
3980,301.671,0.907934,0,0,-0.128847,-0.00117477,0.0501303,0.866937,0,0,0,-0.00106164,0.0532752,-0.0409918,0.643802,0.497032,1
3990,323.977,0.906764,0,0,-0.12866,-0.00117477,0.0501303,0.866293,0,0,0,-0.000213441,0.0536226,-0.0404635,0.642981,0.497275,1
4000,308.543,0.905902,0,0,-0.128478,-0.00117477,0.0501303,0.86565,0,0,0,0.000714061,0.053848,-0.0402417,0.642362,0.4977,1
4010,281.52,0.90503,0,0,-0.128558,-0.00117477,0.0501303,0.865008,0,0,0,0.00131813,0.0539954,-0.0400102,0.641988,0.498067,1
4020,261.825,0.903692,0,0,-0.128913,-0.00117477,0.0501303,0.864365,0,0,0,0.00148054,0.0544723,-0.0393132,0.641691,0.498509,1
4030,251.763,0.902133,0,0,-0.129479,-0.00117477,0.0501303,0.863719,0,0,0,0.0013856,0.0554477,-0.0383945,0.641507,0.4989,1
4040,254.25,0.901071,0,0,-0.130099,-0.00117477,0.0501303,0.86307,0,0,0,0.00116549,0.0564468,-0.0379763,0.641328,0.499349,1
4050,273.151,0.900802,0,0,-0.130557,-0.00117477,0.0501303,0.862418,0,0,0,0.0007944,0.0567515,-0.0383572,0.641115,0.499947,1
4060,292.766,0.900663,0,0,-0.130717,-0.00117477,0.0501303,0.861765,0,0,0,0.000315895,0.0563234,-0.0388757,0.640965,0.500368,1
4070,284.886,0.900001,0,0,-0.130839,-0.00117477,0.0501303,0.861111,0,0,0,6.28198e-005,0.0556324,-0.0388721,0.640874,0.500508,1
4080,284.156,0.899085,0,0,-0.131039,-0.00117477,0.0501303,0.860457,0,0,0,0.00022255,0.0552079,-0.0386134,0.640827,0.500558,1
4090,302.837,0.898363,0,0,-0.131117,-0.00117477,0.0501303,0.859801,0,0,0,0.000521212,0.0550798,-0.0385467,0.640638,0.500721,1
4100,316.492,0.897689,0,0,-0.130984,-0.00117477,0.0501303,0.859146,0,0,0,0.000844742,0.0548712,-0.0385284,0.64011,0.501138,1
4110,295.766,0.896846,0,0,-0.130907,-0.00117477,0.0501303,0.858491,0,0,0,0.00148657,0.0540809,-0.0383423,0.63932,0.501743,1
4120,279.453,0.895938,0,0,-0.131081,-0.00117477,0.0501303,0.857836,0,0,0,0.00200898,0.0529492,-0.0380916,0.638576,0.50228,1
4130,287.399,0.894653,0,0,-0.131278,-0.00117477,0.0501303,0.85718,0,0,0,0.00166205,0.0520722,-0.037466,0.638,0.502664,1
4140,293.659,0.89282,0,0,-0.131376,-0.00117477,0.0501303,0.856524,0,0,0,0.000780227,0.0518948,-0.0362924,0.6375,0.502969,1
4150,304.637,0.891037,0,0,-0.131384,-0.00117477,0.0501303,0.855867,0,0,0,0.000212705,0.0524453,-0.0351665,0.637064,0.503204,1
4160,308.721,0.890105,0,0,-0.131296,-0.00117477,0.0501303,0.85521,0,0,0,-0.000101544,0.0536161,-0.0348873,0.63685,0.503338,1
4170,306.771,0.889469,0,0,-0.13122,-0.00117477,0.0501303,0.854554,0,0,0,-0.000360846,0.0548084,-0.0349022,0.63685,0.503338,1
4180,317.723,0.888204,0,0,-0.131097,-0.00117477,0.0501303,0.853898,0,0,0,-0.000223069,0.0555168,-0.0342893,0.63685,0.503338,1
4190,332.123,0.886311,0,0,-0.130831,-0.00117477,0.0501303,0.853243,0,0,0,0.000404857,0.0557548,-0.0330492,0.63685,0.503338,1
4200,335.456,0.884718,0,0,-0.130495,-0.00117477,0.0501303,0.85259,0,0,0,0.000892411,0.0559923,-0.0321069,0.63685,0.503338,1
4210,335.849,0.883524,0,0,-0.130141,-0.00117477,0.0501303,0.851938,0,0,0,0.000999525,0.0562605,-0.0315626,0.63685,0.503338,1
4220,315.107,0.882346,0,0,-0.129869,-0.00117477,0.0501303,0.851288,0,0,0,0.00103308,0.0563957,-0.0310336,0.63685,0.503338,1
4230,269.304,0.881069,0,0,-0.12999,-0.00117477,0.0501303,0.850638,0,0,0,0.00110654,0.0563493,-0.0304061,0.63685,0.503338,1
4240,257.493,0.880225,0,0,-0.130511,-0.00117477,0.0501303,0.849987,0,0,0,0.00082855,0.0563795,-0.030213,0.63685,0.503338,1
4250,279.121,0.87975,0,0,-0.13089,-0.00117477,0.0501303,0.849334,0,0,0,9.39971e-005,0.0563664,-0.0303929,0.63685,0.503338,1
4260,305.513,0.879416,0,0,-0.130972,-0.00117477,0.0501303,0.848679,0,0,0,-0.000791715,0.0560844,-0.030717,0.636846,0.503345,1
4270,332.378,0.879213,0,0,-0.130755,-0.00117477,0.0501303,0.848025,0,0,0,-0.00145099,0.055552,-0.0311712,0.636818,0.503402,1
4280,341.785,0.879347,0,0,-0.130371,-0.00117477,0.0501303,0.847372,0,0,0,-0.00187567,0.055144,-0.0319604,0.636818,0.503402,1
4290,318.454,0.879302,0,0,-0.130068,-0.00117477,0.0501303,0.846721,0,0,0,-0.00190597,0.0548876,-0.0325685,0.636818,0.503402,1
4300,284.482,0.8788,0,0,-0.130068,-0.00117477,0.0501303,0.84607,0,0,0,-0.00151708,0.054807,-0.0327175,0.636818,0.503402,1
4310,251.869,0.878422,0,0,-0.130488,-0.00117477,0.0501303,0.845419,0,0,0,-0.0009995,0.0550636,-0.0329887,0.636818,0.503402,1
4320,227.112,0.878993,0,0,-0.131361,-0.00117477,0.0501303,0.844765,0,0,0,-0.00070503,0.0555449,-0.0342115,0.636818,0.503402,1
4330,222.563,0.880113,0,0,-0.132488,-0.00117477,0.0501303,0.844106,0,0,0,-0.000441671,0.0556724,-0.0359892,0.636818,0.503402,1
4340,221.918,0.880866,0,0,-0.133647,-0.00117477,0.0501303,0.843441,0,0,0,-0.00021914,0.0553582,-0.0374089,0.636818,0.503402,1
4350,221.151,0.881059,0,0,-0.134852,-0.00117477,0.0501303,0.84277,0,0,0,-0.000413414,0.055104,-0.038275,0.636818,0.503402,1
4360,243.511,0.881292,0,0,-0.135855,-0.00117477,0.0501303,0.842093,0,0,0,-0.00113995,0.0552552,-0.0391841,0.636818,0.503402,1
4370,267.617,0.8817,0,0,-0.136412,-0.00117477,0.0501303,0.841412,0,0,0,-0.00173947,0.0557264,-0.0402698,0.636818,0.503402,1
4380,279.246,0.881917,0,0,-0.136734,-0.00117477,0.0501303,0.84073,0,0,0,-0.00181217,0.0564642,-0.0411645,0.636818,0.503402,1
4390,294.207,0.881777,0,0,-0.13688,-0.00117477,0.0501303,0.840046,0,0,0,-0.00153988,0.0573076,-0.0417024,0.636818,0.503402,1
4400,291.623,0.881525,0,0,-0.136951,-0.00117477,0.0501303,0.839361,0,0,0,-0.0012699,0.0577787,-0.0421307,0.636818,0.503402,1
4410,284.996,0.881126,0,0,-0.137093,-0.00117477,0.0501303,0.838676,0,0,0,-0.00104513,0.0576134,-0.0424183,0.636818,0.503402,1
4420,276.692,0.880465,0,0,-0.137334,-0.00117477,0.0501303,0.83799,0,0,0,-0.000919746,0.0572071,-0.0424461,0.636818,0.503402,1
4430,266.731,0.879904,0,0,-0.137703,-0.00117477,0.0501303,0.837303,0,0,0,-0.000850311,0.0571594,-0.0425731,0.636818,0.503402,1
4440,263.351,0.879817,0,0,-0.138166,-0.00117477,0.0501303,0.836613,0,0,0,-0.000812206,0.0573682,-0.0431744,0.636818,0.503402,1
4450,264.551,0.879862,0,0,-0.138648,-0.00117477,0.0501303,0.835921,0,0,0,-0.000919408,0.0574629,-0.0439105,0.636818,0.503402,1
4460,265.464,0.879533,0,0,-0.139103,-0.00117477,0.0501303,0.835227,0,0,0,-0.00146299,0.0574408,-0.0442762,0.636676,0.503375,1
4470,270.477,0.879101,0,0,-0.139521,-0.00117477,0.0501303,0.83453,0,0,0,-0.00237334,0.0575294,-0.0445386,0.636082,0.503275,1
4480,283.897,0.879062,0,0,-0.139811,-0.00117477,0.0501303,0.833832,0,0,0,-0.00319484,0.0575559,-0.0451968,0.635314,0.503199,1
4490,295.182,0.879521,0,0,-0.139918,-0.00117477,0.0501303,0.833133,0,0,0,-0.00343982,0.05749,-0.046355,0.634567,0.503178,1
4500,307.808,0.880069,0,0,-0.139893,-0.00117477,0.0501303,0.832433,0,0,0,-0.00293579,0.057514,-0.0476027,0.6342,0.503152,1
4510,302.792,0.880692,0,0,-0.139817,-0.00117477,0.0501303,0.831734,0,0,0,-0.00202212,0.0576369,-0.0489258,0.633963,0.503109,1
4520,302.757,0.881424,0,0,-0.13981,-0.00117477,0.0501303,0.831035,0,0,0,-0.00115402,0.0576834,-0.0503567,0.633695,0.503033,1
4530,317.003,0.88205,0,0,-0.139681,-0.00117477,0.0501303,0.830336,0,0,0,-0.000326859,0.0576379,-0.0516819,0.63345,0.502928,1
4540,310.481,0.882136,0,0,-0.139518,-0.00117477,0.0501303,0.829638,0,0,0,0.000621893,0.0573715,-0.052467,0.633431,0.502913,1
4550,297.212,0.882071,0,0,-0.139484,-0.00117477,0.0501303,0.82894,0,0,0,0.00137672,0.056752,-0.0531023,0.633212,0.502715,1
4560,287.146,0.882122,0,0,-0.139567,-0.00117477,0.0501303,0.828243,0,0,0,0.00173834,0.056007,-0.0538552,0.632794,0.502334,1
4570,260.478,0.881988,0,0,-0.13993,-0.00117477,0.0501303,0.827544,0,0,0,0.00190106,0.0557003,-0.0544205,0.632323,0.501898,1
4580,257.463,0.881237,0,0,-0.140507,-0.00117477,0.0501303,0.826843,0,0,0,0.00185657,0.0560343,-0.0543687,0.63209,0.501652,1
4590,268.906,0.880388,0,0,-0.141008,-0.00117477,0.0501303,0.82614,0,0,0,0.001454,0.056711,-0.0542195,0.631883,0.501404,1
4600,286.918,0.87949,0,0,-0.141281,-0.00117477,0.0501303,0.825434,0,0,0,0.00110512,0.0572662,-0.0540242,0.631671,0.501136,1
4610,308.713,0.878111,0,0,-0.141288,-0.00117477,0.0501303,0.824727,0,0,0,0.00107006,0.0576737,-0.0533484,0.631486,0.500894,1
4620,312.748,0.876026,0,0,-0.141136,-0.00117477,0.0501303,0.824021,0,0,0,0.00103793,0.0579322,-0.0519667,0.631226,0.500544,1
4630,293.831,0.873994,0,0,-0.141112,-0.00117477,0.0501303,0.823316,0,0,0,0.00080033,0.0578914,-0.050642,0.630943,0.50015,1
4640,294.968,0.872365,0,0,-0.14119,-0.00117477,0.0501303,0.82261,0,0,0,0.00054198,0.0576695,-0.0497202,0.630803,0.499933,1
4650,303.198,0.871032,0,0,-0.141205,-0.00117477,0.0501303,0.821904,0,0,0,0.000103392,0.0577619,-0.0490936,0.630803,0.499933,1
4660,303.519,0.869831,0,0,-0.141146,-0.00117477,0.0501303,0.821198,0,0,0,-0.000457198,0.0581255,-0.048596,0.630803,0.499933,1
4670,296.171,0.868995,0,0,-0.141146,-0.00117477,0.0501303,0.820492,0,0,0,-0.000561367,0.0582478,-0.0484644,0.630803,0.499933,1
4680,281.144,0.868236,0,0,-0.141307,-0.00117477,0.0501303,0.819786,0,0,0,0.000131224,0.057887,-0.0484141,0.630803,0.499933,1
4690,294.758,0.867303,0,0,-0.141477,-0.00117477,0.0501303,0.819079,0,0,0,0.00109421,0.0571005,-0.0481931,0.630803,0.499933,1
4700,315.504,0.866539,0,0,-0.141393,-0.00117477,0.0501303,0.818372,0,0,0,0.00182778,0.055885,-0.048143,0.630803,0.499933,1
4710,318.364,0.866679,0,0,-0.141195,-0.00117477,0.0501303,0.817666,0,0,0,0.00219026,0.0545458,-0.0489961,0.630509,0.499504,1
4720,311.462,0.867406,0,0,-0.141018,-0.00117477,0.0501303,0.81696,0,0,0,0.00226029,0.0536674,-0.0504319,0.630233,0.499103,1
4730,302.039,0.867774,0,0,-0.140946,-0.00117477,0.0501303,0.816255,0,0,0,0.00199832,0.0535034,-0.0515064,0.630141,0.498979,1
4740,274.908,0.867429,0,0,-0.141096,-0.00117477,0.0501303,0.81555,0,0,0,0.00143087,0.0537123,-0.0518673,0.630141,0.498979,1
4750,263.449,0.866715,0,0,-0.141532,-0.00117477,0.0501303,0.814844,0,0,0,0.000754315,0.0539096,-0.0518609,0.630141,0.498979,1
4760,256.062,0.865694,0,0,-0.142093,-0.00117477,0.0501303,0.814135,0,0,0,0.000355446,0.0540324,-0.0515485,0.630141,0.498979,1
4770,254.058,0.864366,0,0,-0.142732,-0.00117477,0.0501303,0.813423,0,0,0,0.000446338,0.054225,-0.0509318,0.629856,0.498683,1
4780,276.853,0.862998,0,0,-0.143223,-0.00117477,0.0501303,0.812708,0,0,0,0.000964967,0.054536,-0.0502764,0.629519,0.498328,1
4790,306.157,0.861681,0,0,-0.143294,-0.00117477,0.0501303,0.811992,0,0,0,0.00170058,0.0549409,-0.0496714,0.62919,0.497966,1
4800,324.59,0.860084,0,0,-0.143112,-0.00117477,0.0501303,0.811276,0,0,0,0.0023206,0.0554885,-0.0487843,0.629075,0.49783,1
4810,336.92,0.858215,0,0,-0.142754,-0.00117477,0.0501303,0.810561,0,0,0,0.00265668,0.0559617,-0.0476255,0.629075,0.49783,1
4820,332.313,0.856509,0,0,-0.14239,-0.00117477,0.0501303,0.809848,0,0,0,0.00274849,0.0561004,-0.0466311,0.629075,0.49783,1
4830,329.499,0.855302,0,0,-0.142054,-0.00117477,0.0501303,0.809137,0,0,0,0.00267951,0.05585,-0.0461371,0.629075,0.49783,1
4840,320.28,0.854456,0,0,-0.141779,-0.00117477,0.0501303,0.808427,0,0,0,0.00225749,0.0554144,-0.0460058,0.629075,0.49783,1
4850,295.21,0.853873,0,0,-0.1417,-0.00117477,0.0501303,0.807718,0,0,0,0.00173072,0.0547987,-0.0461367,0.629075,0.49783,1
4860,293.376,0.853547,0,0,-0.141807,-0.00117477,0.0501303,0.80701,0,0,0,0.00139197,0.0540205,-0.0465243,0.629075,0.49783,1
4870,305.378,0.853452,0,0,-0.141803,-0.00117477,0.0501303,0.806301,0,0,0,0.00125996,0.0531263,-0.0471424,0.629075,0.49783,1
4880,316.763,0.853344,0,0,-0.141671,-0.00117477,0.0501303,0.805592,0,0,0,0.00100899,0.0522168,-0.0477472,0.629075,0.49783,1
4890,320.114,0.853307,0,0,-0.141458,-0.00117477,0.0501303,0.804884,0,0,0,0.000937129,0.051354,-0.0484199,0.629075,0.49783,1
4900,329.645,0.85345,0,0,-0.141189,-0.00117477,0.0501303,0.804177,0,0,0,0.00112739,0.0507516,-0.0492696,0.629075,0.49783,1
4910,339.808,0.853724,0,0,-0.140817,-0.00117477,0.0501303,0.803472,0,0,0,0.00111387,0.05052,-0.0502487,0.629075,0.49783,1
4920,342.012,0.85397,0,0,-0.140379,-0.00117477,0.0501303,0.802769,0,0,0,0.00035794,0.0506364,-0.0511996,0.629075,0.49783,1
4930,326.815,0.85413,0,0,-0.140016,-0.00117477,0.0501303,0.802068,0,0,0,-0.00056217,0.05119,-0.0520607,0.629075,0.49783,1
4940,301.693,0.853929,0,0,-0.139862,-0.00117477,0.0501303,0.801368,0,0,0,-0.00132468,0.0523344,-0.0525579,0.629075,0.49783,1
4950,257.907,0.853458,0,0,-0.140123,-0.00117477,0.0501303,0.800669,0,0,0,-0.00195607,0.0536437,-0.0527821,0.629075,0.49783,1
4960,218.936,0.853122,0,0,-0.141144,-0.00117477,0.0501303,0.799966,0,0,0,-0.00238828,0.0544027,-0.0531447,0.629075,0.49783,1
4970,235.002,0.852968,0,0,-0.142346,-0.00117477,0.0501303,0.799258,0,0,0,-0.00200082,0.0543741,-0.0536998,0.629075,0.49783,1
4980,265.019,0.85241,0,0,-0.143019,-0.00117477,0.0501303,0.798544,0,0,0,-0.00122108,0.0540328,-0.0538568,0.629075,0.49783,1
4990,279.979,0.851104,0,0,-0.143348,-0.00117477,0.0501303,0.797828,0,0,0,-0.000601525,0.0537381,-0.0532684,0.629008,0.497662,1
5000,261.78,0.849268,0,0,-0.143694,-0.00117477,0.0501303,0.797111,0,0,0,-0.000250609,0.0534749,-0.0521506,0.629704,0.497688,1
5010,224.923,0.847274,0,0,-0.144587,-0.00117477,0.0501303,0.796391,0,0,0,0.000378867,0.0531762,-0.0508768,0.630414,0.497645,1
5020,210.944,0.84534,0,0,-0.146008,-0.00117477,0.0501303,0.795665,0,0,0,0.000909765,0.0529379,-0.049668,0.631149,0.497437,1
5030,208.577,0.843554,0,0,-0.147588,-0.00117477,0.0501303,0.794931,0,0,0,0.00104334,0.0527359,-0.0486158,0.631666,0.497154,1
5040,221.415,0.841793,0,0,-0.149087,-0.00117477,0.0501303,0.79419,0,0,0,0.000760115,0.0525907,-0.0475981,0.632275,0.496717,1
5050,251.363,0.84014,0,0,-0.150073,-0.00117477,0.0501303,0.793442,0,0,0,0.000568812,0.0526196,-0.0466927,0.632772,0.49639,1
5060,287.244,0.838965,0,0,-0.150481,-0.00117477,0.0501303,0.79269,0,0,0,0.000175281,0.052696,-0.0462701,0.633057,0.496246,1
5070,298.485,0.838464,0,0,-0.150516,-0.00117477,0.0501303,0.791938,0,0,0,-0.000513732,0.0525139,-0.0465222,0.633401,0.49613,1
5080,274.489,0.838115,0,0,-0.150691,-0.00117477,0.0501303,0.791185,0,0,0,-0.0011505,0.0521821,-0.0469281,0.633974,0.495976,1
5090,244.099,0.83714,0,0,-0.151325,-0.00117477,0.0501303,0.79043,0,0,0,-0.00160813,0.0518405,-0.0467083,0.634739,0.495807,1
5100,242.496,0.835381,0,0,-0.152261,-0.00117477,0.0501303,0.789671,0,0,0,-0.00249014,0.0514752,-0.0457071,0.635717,0.495633,1
5110,245.407,0.833496,0,0,-0.153089,-0.00117477,0.0501303,0.788908,0,0,0,-0.00329682,0.0509934,-0.0445851,0.636651,0.495494,1
5120,224.02,0.831892,0,0,-0.15415,-0.00117477,0.0501303,0.788141,0,0,0,-0.00337918,0.05025,-0.0437488,0.63734,0.49536,1
5130,203.559,0.830264,0,0,-0.155792,-0.00117477,0.0501303,0.787366,0,0,0,-0.00329897,0.0493798,-0.0428941,0.637747,0.495265,1
5140,216.626,0.828339,0,0,-0.157516,-0.00117477,0.0501303,0.786583,0,0,0,-0.0038599,0.0490972,-0.0417508,0.637957,0.495242,1
5150,248.874,0.826446,0,0,-0.158656,-0.00117477,0.0501303,0.785793,0,0,0,-0.00408621,0.0495894,-0.0406474,0.638111,0.495251,1
5160,278.681,0.824794,0,0,-0.159159,-0.00117477,0.0501303,0.784998,0,0,0,-0.0032035,0.0500899,-0.0397934,0.638111,0.495251,1
5170,296.707,0.823062,0,0,-0.159308,-0.00117477,0.0501303,0.784202,0,0,0,-0.00204037,0.0500878,-0.0388596,0.638111,0.495251,1
5180,290.313,0.821084,0,0,-0.159372,-0.00117477,0.0501303,0.783405,0,0,0,-0.00150399,0.0501415,-0.0376782,0.638111,0.495251,1
5190,278.035,0.818753,0,0,-0.159606,-0.00117477,0.0501303,0.782608,0,0,0,-0.00145762,0.0507151,-0.0361449,0.638111,0.495251,1
5200,249.806,0.81574,0,0,-0.16016,-0.00117477,0.0501303,0.781809,0,0,0,-0.00175162,0.051465,-0.0339294,0.638111,0.495251,1
5210,233.155,0.812358,0,0,-0.161198,-0.00117477,0.0501303,0.781006,0,0,0,-0.00253563,0.0520408,-0.0313483,0.63824,0.495193,1
5220,230.888,0.809709,0,0,-0.1624,-0.00117477,0.0501303,0.780197,0,0,0,-0.00320399,0.0524842,-0.0295054,0.638333,0.495177,1
5230,229.774,0.807998,0,0,-0.163621,-0.00117477,0.0501303,0.779383,0,0,0,-0.00334286,0.0526989,-0.0286088,0.638474,0.495186,1
5240,235.018,0.806247,0,0,-0.164866,-0.00117477,0.0501303,0.778562,0,0,0,-0.00336037,0.0524746,-0.0276785,0.638747,0.495291,1
5250,271.964,0.803768,0,0,-0.165621,-0.00117477,0.0501303,0.777735,0,0,0,-0.00369442,0.0520899,-0.0260259,0.638949,0.495441,1
5260,294.838,0.801168,0,0,-0.165812,-0.00117477,0.0501303,0.776907,0,0,0,-0.00357311,0.0520097,-0.0242557,0.639145,0.495529,1
5270,295.771,0.799334,0,0,-0.165861,-0.00117477,0.0501303,0.776078,0,0,0,-0.00277769,0.0519439,-0.0232525,0.639314,0.495647,1
5280,288.663,0.798229,0,0,-0.165968,-0.00117477,0.0501303,0.775248,0,0,0,-0.00207154,0.0516039,-0.0229791,0.639674,0.495943,1
5290,263.104,0.797039,0,0,-0.166329,-0.00117477,0.0501303,0.774418,0,0,0,-0.00207137,0.0514991,-0.0226196,0.63994,0.496201,1
5300,245.231,0.795399,0,0,-0.167141,-0.00117477,0.0501303,0.773584,0,0,0,-0.00221325,0.0517854,-0.0218121,0.63994,0.496201,1
5310,245.385,0.793181,0,0,-0.168089,-0.00117477,0.0501303,0.772746,0,0,0,-0.00223232,0.0516907,-0.0204327,0.63994,0.496201,1
5320,261.597,0.790276,0,0,-0.168891,-0.00117477,0.0501303,0.771904,0,0,0,-0.00204547,0.051037,-0.0183714,0.639994,0.496307,1
5330,284.66,0.787067,0,0,-0.16925,-0.00117477,0.0501303,0.771059,0,0,0,-0.00164002,0.050331,-0.0160082,0.640245,0.496733,1
5340,283.221,0.784507,0,0,-0.169481,-0.00117477,0.0501303,0.770212,0,0,0,-0.00117897,0.0497247,-0.0142955,0.640609,0.497289,1
5350,275.334,0.782604,0,0,-0.169768,-0.00117477,0.0501303,0.769364,0,0,0,-0.00137548,0.0492857,-0.0132402,0.641109,0.497997,1
5360,264.154,0.780802,0,0,-0.170278,-0.00117477,0.0501303,0.768514,0,0,0,-0.00171683,0.0496437,-0.0122877,0.641781,0.498896,1
5370,278.688,0.779006,0,0,-0.170715,-0.00117477,0.0501303,0.767661,0,0,0,-0.0013989,0.0506987,-0.0113447,0.642574,0.499909,1
5380,287.699,0.777917,0,0,-0.17094,-0.00117477,0.0501303,0.766807,0,0,0,-0.000551005,0.0513369,-0.0111089,0.643246,0.500729,1
5390,290.098,0.777564,0,0,-0.171068,-0.00117477,0.0501303,0.765952,0,0,0,-0.000392308,0.0512706,-0.0116108,0.643896,0.501514,1
5400,273.304,0.777309,0,0,-0.171349,-0.00117477,0.0501303,0.765096,0,0,0,-0.000984887,0.0514013,-0.0122117,0.64432,0.502051,1
5410,267.241,0.776728,0,0,-0.171842,-0.00117477,0.0501303,0.764239,0,0,0,-0.00170398,0.0520688,-0.0124866,0.644565,0.502399,1
5420,275.099,0.776281,0,0,-0.172303,-0.00117477,0.0501303,0.763378,0,0,0,-0.00189389,0.0527615,-0.0128982,0.644704,0.502625,1
5430,280.963,0.776354,0,0,-0.172627,-0.00117477,0.0501303,0.762516,0,0,0,-0.00196748,0.053318,-0.0138311,0.644825,0.502839,1
5440,284.631,0.776862,0,0,-0.172882,-0.00117477,0.0501303,0.761652,0,0,0,-0.00207544,0.0537469,-0.0152011,0.644825,0.502839,1
5450,295.765,0.777595,0,0,-0.173039,-0.00117477,0.0501303,0.760787,0,0,0,-0.0022308,0.0538678,-0.0167973,0.644825,0.502839,1
5460,295.109,0.778585,0,0,-0.173055,-0.00117477,0.0501303,0.759922,0,0,0,-0.00208101,0.0537698,-0.0186541,0.644825,0.502839,1
5470,265.235,0.779511,0,0,-0.173379,-0.00117477,0.0501303,0.759056,0,0,0,-0.00165773,0.0538297,-0.0204456,0.644825,0.502839,1
5480,235.39,0.779952,0,0,-0.174297,-0.00117477,0.0501303,0.758188,0,0,0,-0.000861068,0.0537798,-0.0217557,0.644825,0.502839,1
5490,239.972,0.780026,0,0,-0.175534,-0.00117477,0.0501303,0.757313,0,0,0,-0.000305037,0.053174,-0.0227062,0.644825,0.502839,1
5500,269.334,0.780411,0,0,-0.17629,-0.00117477,0.0501303,0.756434,0,0,0,-0.000480082,0.0524629,-0.023973,0.644825,0.502839,1
5510,280.505,0.78058,0,0,-0.176644,-0.00117477,0.0501303,0.755551,0,0,0,-0.00124955,0.0521709,-0.0250255,0.644825,0.502839,1
5520,278.205,0.779586,0,0,-0.17699,-0.00117477,0.0501303,0.754668,0,0,0,-0.00186105,0.0518131,-0.0249162,0.644825,0.502839,1
5530,283.787,0.777681,0,0,-0.177271,-0.00117477,0.0501303,0.753782,0,0,0,-0.0022544,0.050946,-0.0238979,0.644832,0.502863,1
5540,283.824,0.776288,0,0,-0.177546,-0.00117477,0.0501303,0.752895,0,0,0,-0.00250616,0.0501522,-0.0233916,0.644832,0.502863,1
5550,278.015,0.775885,0,0,-0.177814,-0.00117477,0.0501303,0.752007,0,0,0,-0.00252805,0.0496257,-0.0238767,0.644832,0.502863,1
5560,261.955,0.775809,0,0,-0.178345,-0.00117477,0.0501303,0.751116,0,0,0,-0.00230341,0.0489033,-0.0246906,0.644832,0.502863,1
5570,246.152,0.775375,0,0,-0.179174,-0.00117477,0.0501303,0.750223,0,0,0,-0.00210786,0.0485754,-0.0251494,0.644832,0.502863,1
5580,254.004,0.774754,0,0,-0.180112,-0.00117477,0.0501303,0.749325,0,0,0,-0.00211208,0.049583,-0.0254281,0.644832,0.502863,1
5590,256.021,0.774246,0,0,-0.180879,-0.00117477,0.0501303,0.748423,0,0,0,-0.00250161,0.0510726,-0.0258219,0.644832,0.502863,1
5600,265.073,0.774086,0,0,-0.181596,-0.00117477,0.0501303,0.747517,0,0,0,-0.00325242,0.0516452,-0.0265655,0.644832,0.502863,1
5610,279.276,0.774722,0,0,-0.182039,-0.00117477,0.0501303,0.746608,0,0,0,-0.00367787,0.0518211,-0.0281086,0.644832,0.502863,1
5620,294.176,0.776344,0,0,-0.182244,-0.00117477,0.0501303,0.745697,0,0,0,-0.0034396,0.0525375,-0.0306403,0.644832,0.502863,1
5630,307.055,0.778024,0,0,-0.18223,-0.00117477,0.0501303,0.744785,0,0,0,-0.00279423,0.0533509,-0.0332299,0.64483,0.502868,1
5640,318.345,0.778707,0,0,-0.182018,-0.00117477,0.0501303,0.743875,0,0,0,-0.00230565,0.0538646,-0.0348223,0.644819,0.502883,1
5650,323.823,0.778748,0,0,-0.181726,-0.00117477,0.0501303,0.742965,0,0,0,-0.00183353,0.0545847,-0.0357701,0.644725,0.502963,1
5660,306.13,0.779238,0,0,-0.181463,-0.00117477,0.0501303,0.742057,0,0,0,-0.00159849,0.0552145,-0.037164,0.64441,0.503172,1
5670,271.334,0.779896,0,0,-0.181696,-0.00117477,0.0501303,0.74115,0,0,0,-0.00152769,0.0548651,-0.0387322,0.644129,0.503324,1
5680,256.175,0.779573,0,0,-0.182368,-0.00117477,0.0501303,0.74024,0,0,0,-0.00143243,0.0537761,-0.0393245,0.644129,0.503324,1
5690,263.793,0.778076,0,0,-0.183109,-0.00117477,0.0501303,0.739326,0,0,0,-0.00121755,0.0528779,-0.0387446,0.644034,0.503359,1
5700,304.701,0.776378,0,0,-0.18336,-0.00117477,0.0501303,0.73841,0,0,0,-0.00169539,0.0520311,-0.037966,0.64334,0.503575,1
5710,339.181,0.775007,0,0,-0.183003,-0.00117477,0.0501303,0.737494,0,0,0,-0.00239726,0.0509798,-0.0375117,0.642456,0.503805,1
5720,339.22,0.773907,0,0,-0.18241,-0.00117477,0.0501303,0.73658,0,0,0,-0.00213538,0.0501691,-0.0373259,0.641783,0.503939,1
5730,285.118,0.772884,0,0,-0.182245,-0.00117477,0.0501303,0.735669,0,0,0,-0.000740294,0.0499788,-0.0372154,0.641284,0.504004,1
5740,222.748,0.771769,0,0,-0.183185,-0.00117477,0.0501303,0.734756,0,0,0,0.000153754,0.0496757,-0.0370113,0.640697,0.504036,1
5750,198.112,0.77013,0,0,-0.185315,-0.00117477,0.0501303,0.733835,0,0,0,-7.17822e-005,0.0487871,-0.036293,0.640002,0.504082,1
5760,213.131,0.767939,0,0,-0.187478,-0.00117477,0.0501303,0.732904,0,0,0,-0.000908529,0.0477506,-0.0350311,0.639298,0.504149,1
5770,241.843,0.765839,0,0,-0.188954,-0.00117477,0.0501303,0.731963,0,0,0,-0.00139546,0.0472445,-0.0338709,0.638774,0.504188,1
5780,250.172,0.764442,0,0,-0.189905,-0.00117477,0.0501303,0.731016,0,0,0,-0.00130737,0.0470511,-0.0334204,0.638339,0.504192,1
5790,261.393,0.763379,0,0,-0.190785,-0.00117477,0.0501303,0.730064,0,0,0,-0.00067491,0.0470275,-0.0333083,0.637851,0.50417,1
5800,285.149,0.762059,0,0,-0.191207,-0.00117477,0.0501303,0.729109,0,0,0,-0.000435043,0.0474687,-0.0329446,0.637143,0.504113,1
5810,296.334,0.76049,0,0,-0.191309,-0.00117477,0.0501303,0.728153,0,0,0,-0.000983641,0.0486792,-0.0323362,0.636363,0.504026,1
5820,272.637,0.759466,0,0,-0.191587,-0.00117477,0.0501303,0.727196,0,0,0,-0.00170099,0.0499873,-0.0322695,0.635942,0.50396,1
5830,276.971,0.759246,0,0,-0.192045,-0.00117477,0.0501303,0.726237,0,0,0,-0.00160114,0.0509015,-0.0330087,0.635942,0.50396,1
5840,268.585,0.759214,0,0,-0.192524,-0.00117477,0.0501303,0.725276,0,0,0,-0.001037,0.0515215,-0.0339367,0.635942,0.50396,1
5850,246.739,0.758783,0,0,-0.193308,-0.00117477,0.0501303,0.724311,0,0,0,-0.000780863,0.0521771,-0.0344688,0.635942,0.50396,1
5860,234.299,0.758016,0,0,-0.19458,-0.00117477,0.0501303,0.723342,0,0,0,-0.00112077,0.0525082,-0.0346704,0.635942,0.50396,1
5870,218.519,0.757053,0,0,-0.196177,-0.00117477,0.0501303,0.722366,0,0,0,-0.00162803,0.0521533,-0.0346839,0.635611,0.503814,1
5880,212.141,0.755835,0,0,-0.198175,-0.00117477,0.0501303,0.721381,0,0,0,-0.00186745,0.0515205,-0.0344526,0.635243,0.503625,1
5890,250.061,0.754487,0,0,-0.199788,-0.00117477,0.0501303,0.720386,0,0,0,-0.00172869,0.0514275,-0.0341004,0.634652,0.503294,1
5900,328.443,0.753054,0,0,-0.199934,-0.00117477,0.0501303,0.719386,0,0,0,-0.00141282,0.0515553,-0.0336671,0.634078,0.502945,1
5910,369.875,0.751375,0,0,-0.199144,-0.00117477,0.0501303,0.718388,0,0,0,-0.00147408,0.0510434,-0.0329863,0.633437,0.502529,1
5920,352.588,0.748994,0,0,-0.19826,-0.00117477,0.0501303,0.717394,0,0,0,-0.00207352,0.0501294,-0.0315995,0.63279,0.502096,1
5930,299.912,0.746457,0,0,-0.197923,-0.00117477,0.0501303,0.716404,0,0,0,-0.00238302,0.0495576,-0.030052,0.63234,0.501791,1
5940,283.023,0.744808,0,0,-0.198114,-0.00117477,0.0501303,0.715414,0,0,0,-0.00179152,0.0491176,-0.0293937,0.632196,0.501682,1
5950,279.749,0.744324,0,0,-0.198465,-0.00117477,0.0501303,0.714422,0,0,0,-0.0010064,0.0485893,-0.0299004,0.632196,0.501682,1
5960,260.71,0.743771,0,0,-0.199022,-0.00117477,0.0501303,0.713429,0,0,0,-0.000472342,0.0484751,-0.0303398,0.632196,0.501682,1
5970,284.661,0.742714,0,0,-0.199572,-0.00117477,0.0501303,0.712432,0,0,0,-0.000172777,0.0488432,-0.0302795,0.632196,0.501682,1
5980,311.319,0.741728,0,0,-0.199583,-0.00117477,0.0501303,0.711434,0,0,0,-0.000183144,0.0489232,-0.0302921,0.632196,0.501682,1
5990,327.965,0.740957,0,0,-0.199232,-0.00117477,0.0501303,0.710437,0,0,0,-0.000618093,0.0488438,-0.0305184,0.632196,0.501682,1
6000,343.435,0.739636,0,0,-0.198705,-0.00117477,0.0501303,0.709442,0,0,0,-0.000969458,0.0495199,-0.0301932,0.632278,0.501345,1
6010,346.161,0.737903,0,0,-0.198034,-0.00117477,0.0501303,0.70845,0,0,0,-0.00160351,0.0511498,-0.0294522,0.632452,0.501219,1
6020,332.864,0.736306,0,0,-0.197441,-0.00117477,0.0501303,0.707461,0,0,0,-0.0026905,0.0529371,-0.0288377,0.632875,0.500966,1
6030,312.785,0.734771,0,0,-0.197111,-0.00117477,0.0501303,0.706475,0,0,0,-0.00357481,0.0542751,-0.0282808,0.632929,0.500912,1
6040,295.651,0.732909,0,0,-0.197058,-0.00117477,0.0501303,0.70549,0,0,0,-0.00330274,0.0546969,-0.0274018,0.633069,0.500747,1
6050,273.898,0.731409,0,0,-0.1973,-0.00117477,0.0501303,0.704504,0,0,0,-0.00253788,0.0541674,-0.0268924,0.633431,0.500286,1
6060,245.879,0.730907,0,0,-0.198141,-0.00117477,0.0501303,0.703516,0,0,0,-0.0018821,0.0534936,-0.0273826,0.633935,0.499612,1
6070,247.14,0.73052,0,0,-0.199215,-0.00117477,0.0501303,0.702523,0,0,0,-0.00154915,0.0534285,-0.02799,0.63455,0.4988,1
6080,254.382,0.728752,0,0,-0.200193,-0.00117477,0.0501303,0.701524,0,0,0,-0.00131088,0.0533543,-0.0272204,0.635107,0.498093,1
6090,254.637,0.72576,0,0,-0.201028,-0.00117477,0.0501303,0.700522,0,0,0,-0.00151089,0.0528076,-0.0252338,0.635416,0.497731,1
6100,245.355,0.722857,0,0,-0.202075,-0.00117477,0.0501303,0.699514,0,0,0,-0.00192285,0.052285,-0.0233397,0.635579,0.497554,1
6110,245.41,0.72038,0,0,-0.203178,-0.00117477,0.0501303,0.698501,0,0,0,-0.00243806,0.0521523,-0.0218747,0.63576,0.497371,1
6120,229.579,0.717786,0,0,-0.204511,-0.00117477,0.0501303,0.697483,0,0,0,-0.00283364,0.051833,-0.0202997,0.636022,0.497119,1
6130,212.246,0.715062,0,0,-0.206408,-0.00117477,0.0501303,0.696456,0,0,0,-0.00331162,0.0513912,-0.0186015,0.636388,0.496795,1
6140,238.154,0.712902,0,0,-0.20825,-0.00117477,0.0501303,0.695419,0,0,0,-0.00371206,0.0512464,-0.0174775,0.636717,0.4965,1
6150,274.502,0.711363,0,0,-0.209027,-0.00117477,0.0501303,0.694376,0,0,0,-0.00401792,0.0511868,-0.0169807,0.636979,0.496246,1
6160,297.841,0.710104,0,0,-0.209282,-0.00117477,0.0501303,0.69333,0,0,0,-0.0037957,0.0504135,-0.0167689,0.637228,0.495986,1
6170,289.938,0.709163,0,0,-0.209304,-0.00117477,0.0501303,0.692284,0,0,0,-0.00323196,0.0496162,-0.0168762,0.637377,0.49581,1
6180,259.907,0.70889,0,0,-0.209843,-0.00117477,0.0501303,0.691236,0,0,0,-0.00284202,0.049635,-0.0176516,0.637377,0.49581,1
6190,241.605,0.708717,0,0,-0.210956,-0.00117477,0.0501303,0.690185,0,0,0,-0.00311858,0.0501441,-0.0185297,0.637377,0.49581,1
6200,260.753,0.707683,0,0,-0.212014,-0.00117477,0.0501303,0.689128,0,0,0,-0.00351552,0.0503431,-0.0185514,0.637377,0.49581,1
6210,266.205,0.705753,0,0,-0.212694,-0.00117477,0.0501303,0.688066,0,0,0,-0.00386756,0.0507599,-0.017682,0.637394,0.49579,1
6220,264.619,0.704124,0,0,-0.213416,-0.00117477,0.0501303,0.687001,0,0,0,-0.0042899,0.0513695,-0.0171147,0.637489,0.495656,1
6230,283.596,0.703118,0,0,-0.213949,-0.00117477,0.0501303,0.685932,0,0,0,-0.00460178,0.0516288,-0.0171758,0.637489,0.495656,1
6240,305.77,0.702132,0,0,-0.214,-0.00117477,0.0501303,0.684862,0,0,0,-0.00376993,0.0515839,-0.0172631,0.637489,0.495656,1
6250,308.361,0.70076,0,0,-0.213864,-0.00117477,0.0501303,0.683793,0,0,0,-0.00213334,0.0520224,-0.0169644,0.637489,0.495656,1
6260,311.707,0.699645,0,0,-0.213688,-0.00117477,0.0501303,0.682724,0,0,0,-0.00105801,0.0523827,-0.0169172,0.637489,0.495656,1
6270,298.39,0.698859,0,0,-0.213586,-0.00117477,0.0501303,0.681656,0,0,0,-0.00111045,0.0521909,-0.0172008,0.637541,0.495631,1
6280,294.78,0.697924,0,0,-0.213693,-0.00117477,0.0501303,0.680587,0,0,0,-0.00138642,0.0518954,-0.0173347,0.637689,0.495523,1
6290,288.643,0.69622,0,0,-0.213807,-0.00117477,0.0501303,0.679519,0,0,0,-0.00186157,0.0519623,-0.0166983,0.637689,0.495523,1
6300,266.118,0.694224,0,0,-0.214282,-0.00117477,0.0501303,0.678449,0,0,0,-0.00283379,0.0517229,-0.0157716,0.637689,0.495523,1
6310,270.179,0.692215,0,0,-0.214974,-0.00117477,0.0501303,0.677376,0,0,0,-0.00373141,0.0509755,-0.0148338,0.637689,0.495523,1
6320,294.363,0.690297,0,0,-0.215326,-0.00117477,0.0501303,0.6763,0,0,0,-0.00378818,0.0503551,-0.0139925,0.637689,0.495523,1
6330,332.012,0.688685,0,0,-0.215062,-0.00117477,0.0501303,0.675224,0,0,0,-0.00327853,0.049987,-0.0134582,0.637689,0.495523,1
6340,346.773,0.688201,0,0,-0.214409,-0.00117477,0.0501303,0.67415,0,0,0,-0.00266081,0.0493059,-0.014049,0.637932,0.495419,1
6350,338.881,0.688256,0,0,-0.213709,-0.00117477,0.0501303,0.673079,0,0,0,-0.00190089,0.0485722,-0.0151748,0.638186,0.495353,1
6360,314.362,0.687756,0,0,-0.213287,-0.00117477,0.0501303,0.672012,0,0,0,-0.00110129,0.0486169,-0.0157426,0.638709,0.495253,1
6370,269.929,0.686637,0,0,-0.213459,-0.00117477,0.0501303,0.670945,0,0,0,-0.000582333,0.0491032,-0.0156906,0.639265,0.495177,1
6380,247.45,0.686476,0,0,-0.214421,-0.00117477,0.0501303,0.669876,0,0,0,-0.000584305,0.049497,-0.0165989,0.639933,0.495118,1
6390,254.294,0.687491,0,0,-0.215482,-0.00117477,0.0501303,0.668802,0,0,0,-0.000886904,0.0499291,-0.0186895,0.640768,0.495059,1
6400,245.586,0.688419,0,0,-0.216519,-0.00117477,0.0501303,0.667722,0,0,0,-0.00133441,0.0503047,-0.0206972,0.641712,0.494984,1
6410,253.549,0.68824,0,0,-0.217658,-0.00117477,0.0501303,0.666637,0,0,0,-0.00179999,0.0498224,-0.0216032,0.642709,0.494902,1
6420,284.137,0.687633,0,0,-0.218298,-0.00117477,0.0501303,0.665547,0,0,0,-0.00213863,0.0492246,-0.0220852,0.643536,0.494848,1
6430,300.782,0.687306,0,0,-0.218333,-0.00117477,0.0501303,0.664455,0,0,0,-0.00195072,0.0494555,-0.0228501,0.64391,0.494847,1
6440,309.905,0.68755,0,0,-0.218288,-0.00117477,0.0501303,0.663363,0,0,0,-0.00121919,0.0499305,-0.0241867,0.64391,0.494847,1
6450,342.562,0.688286,0,0,-0.217836,-0.00117477,0.0501303,0.662273,0,0,0,-0.000197378,0.0494729,-0.0260123,0.64391,0.494847,1
6460,360.143,0.68949,0,0,-0.216968,-0.00117477,0.0501303,0.661185,0,0,0,0.000629008,0.0488224,-0.0283011,0.64391,0.494847,1
6470,309.695,0.690539,0,0,-0.216378,-0.00117477,0.0501303,0.660102,0,0,0,0.000870336,0.0485303,-0.0304319,0.64391,0.494847,1
6480,256.292,0.690749,0,0,-0.216871,-0.00117477,0.0501303,0.65902,0,0,0,0.00030801,0.0485661,-0.0317263,0.64391,0.494847,1
6490,253.268,0.690587,0,0,-0.217871,-0.00117477,0.0501303,0.657933,0,0,0,-0.000437379,0.0486326,-0.0326515,0.64391,0.494847,1
6500,280.115,0.691044,0,0,-0.218591,-0.00117477,0.0501303,0.656842,0,0,0,-0.00109717,0.0493276,-0.0342018,0.64391,0.494847,1
6510,297.226,0.69195,0,0,-0.218723,-0.00117477,0.0501303,0.655748,0,0,0,-0.00176241,0.0501235,-0.0362015,0.64391,0.494847,1
6520,294.882,0.692194,0,0,-0.218768,-0.00117477,0.0501303,0.654655,0,0,0,-0.00224501,0.0504505,-0.0375382,0.64391,0.494847,1
6530,295.133,0.691809,0,0,-0.21891,-0.00117477,0.0501303,0.653561,0,0,0,-0.00200713,0.0501534,-0.038248,0.64391,0.494847,1
6540,305.938,0.691543,0,0,-0.218839,-0.00117477,0.0501303,0.652466,0,0,0,-0.00161251,0.0500573,-0.0390764,0.64391,0.494847,1
6550,292.865,0.691627,0,0,-0.21884,-0.00117477,0.0501303,0.651372,0,0,0,-0.00168987,0.0498505,-0.0402549,0.64391,0.494847,1
6560,273.183,0.691322,0,0,-0.219193,-0.00117477,0.0501303,0.650277,0,0,0,-0.00184977,0.0494101,-0.0410442,0.643981,0.494938,1
6570,260.937,0.690418,0,0,-0.219874,-0.00117477,0.0501303,0.64918,0,0,0,-0.00163796,0.0487728,-0.0412372,0.644106,0.495043,1
6580,248.723,0.689115,0,0,-0.22087,-0.00117477,0.0501303,0.648078,0,0,0,-0.00160529,0.0490296,-0.0410354,0.644106,0.495043,1
6590,246.588,0.687984,0,0,-0.22208,-0.00117477,0.0501303,0.646971,0,0,0,-0.00185637,0.0500779,-0.0410121,0.644106,0.495043,1
6600,268.567,0.687223,0,0,-0.22301,-0.00117477,0.0501303,0.645859,0,0,0,-0.00154237,0.0513915,-0.0413629,0.644106,0.495043,1
6610,282.811,0.687021,0,0,-0.22342,-0.00117477,0.0501303,0.644743,0,0,0,-0.000629026,0.05188,-0.0422758,0.644106,0.495043,1
6620,275.953,0.686783,0,0,-0.223864,-0.00117477,0.0501303,0.643625,0,0,0,-9.86283e-005,0.0515781,-0.0431558,0.644242,0.495225,1
6630,270.175,0.686135,0,0,-0.224371,-0.00117477,0.0501303,0.642504,0,0,0,-4.74857e-005,0.0507038,-0.0436296,0.64436,0.495408,1
6640,265.517,0.684687,0,0,-0.225141,-0.00117477,0.0501303,0.641381,0,0,0,0.000242542,0.0499417,-0.0433049,0.64436,0.495408,1
6650,280.876,0.683116,0,0,-0.225659,-0.00117477,0.0501303,0.640254,0,0,0,0.000350575,0.0492697,-0.0428604,0.64436,0.495408,1
6660,269.021,0.682013,0,0,-0.226116,-0.00117477,0.0501303,0.639124,0,0,0,-0.000411961,0.0490438,-0.042887,0.64436,0.495408,1
6670,239.754,0.681528,0,0,-0.227264,-0.00117477,0.0501303,0.637992,0,0,0,-0.0013368,0.049487,-0.0435358,0.644431,0.495641,1
6680,249.387,0.68064,0,0,-0.228588,-0.00117477,0.0501303,0.636852,0,0,0,-0.00140726,0.0502368,-0.0437883,0.644452,0.495731,1
6690,269.964,0.679065,0,0,-0.229497,-0.00117477,0.0501303,0.635707,0,0,0,-0.00110832,0.0505301,-0.0433575,0.644454,0.495743,1
6700,287.535,0.677225,0,0,-0.229907,-0.00117477,0.0501303,0.634558,0,0,0,-0.00107602,0.0508763,-0.042666,0.644454,0.495743,1
6710,303.012,0.675628,0,0,-0.229988,-0.00117477,0.0501303,0.633408,0,0,0,-0.00120246,0.0519758,-0.0422174,0.644454,0.495743,1
6720,314.983,0.673846,0,0,-0.229812,-0.00117477,0.0501303,0.632259,0,0,0,-0.00117539,0.0530343,-0.041581,0.644454,0.495743,1
6730,291.373,0.671721,0,0,-0.229711,-0.00117477,0.0501303,0.63111,0,0,0,-0.00125543,0.053038,-0.0406048,0.644454,0.495743,1
6740,264.083,0.669295,0,0,-0.230283,-0.00117477,0.0501303,0.629961,0,0,0,-0.00136734,0.0524515,-0.0393306,0.644454,0.495743,1
6750,270.797,0.666639,0,0,-0.231062,-0.00117477,0.0501303,0.628807,0,0,0,-0.00142453,0.0520222,-0.0378288,0.644404,0.496069,1
6760,312.071,0.663659,0,0,-0.231252,-0.00117477,0.0501303,0.627651,0,0,0,-0.00157046,0.051435,-0.0360063,0.644324,0.496644,1
6770,355.278,0.660779,0,0,-0.230608,-0.00117477,0.0501303,0.626496,0,0,0,-0.00202803,0.0507543,-0.0342824,0.644285,0.497121,1
6780,367.024,0.658083,0,0,-0.229622,-0.00117477,0.0501303,0.625345,0,0,0,-0.00220405,0.0504455,-0.0327365,0.644289,0.49739,1
6790,370.153,0.654989,0,0,-0.228537,-0.00117477,0.0501303,0.6242,0,0,0,-0.00170995,0.0505304,-0.0307893,0.644292,0.497407,1
6800,362.188,0.651046,0,0,-0.227517,-0.00117477,0.0501303,0.623059,0,0,0,-0.00109129,0.0503532,-0.0279869,0.644292,0.497407,1
6810,338.573,0.646791,0,0,-0.226712,-0.00117477,0.0501303,0.621924,0,0,0,-0.00109527,0.0505124,-0.0248673,0.644289,0.497491,1
6820,318.406,0.643051,0,0,-0.226238,-0.00117477,0.0501303,0.620791,0,0,0,-0.00175722,0.0509975,-0.0222593,0.644262,0.497785,1
6830,285.849,0.640221,0,0,-0.226254,-0.00117477,0.0501303,0.61966,0,0,0,-0.0025555,0.0511603,-0.0205582,0.644245,0.497888,1
6840,258.779,0.638004,0,0,-0.226884,-0.00117477,0.0501303,0.618528,0,0,0,-0.00295107,0.0506528,-0.0194731,0.644233,0.497916,1
6850,264.477,0.636074,0,0,-0.227805,-0.00117477,0.0501303,0.617391,0,0,0,-0.00272687,0.0504826,-0.0186806,0.644192,0.498068,1
6860,278.998,0.634369,0,0,-0.228408,-0.00117477,0.0501303,0.616251,0,0,0,-0.00218688,0.0506189,-0.0181169,0.644093,0.498532,1
6870,314.083,0.632776,0,0,-0.228439,-0.00117477,0.0501303,0.615108,0,0,0,-0.00152328,0.0508756,-0.0176673,0.643997,0.499052,1
6880,325.021,0.631229,0,0,-0.22806,-0.00117477,0.0501303,0.613967,0,0,0,-0.000922647,0.0512838,-0.0172606,0.643883,0.499618,1
6890,321.164,0.629838,0,0,-0.227633,-0.00117477,0.0501303,0.612828,0,0,0,-0.000681591,0.052257,-0.0170066,0.643832,0.499882,1
6900,321.186,0.62858,0,0,-0.227266,-0.00117477,0.0501303,0.61169,0,0,0,-0.000886907,0.0533136,-0.0168816,0.643832,0.499882,1
6910,316.127,0.626863,0,0,-0.226915,-0.00117477,0.0501303,0.610555,0,0,0,-0.000779656,0.0541615,-0.0162953,0.643832,0.499882,1
6920,275.665,0.62467,0,0,-0.226969,-0.00117477,0.0501303,0.60942,0,0,0,-0.000341832,0.0541983,-0.0152361,0.643834,0.499943,1
6930,235.984,0.622649,0,0,-0.228054,-0.00117477,0.0501303,0.608283,0,0,0,-0.000119514,0.0534526,-0.0143553,0.643834,0.499943,1
6940,222.127,0.621472,0,0,-0.229934,-0.00117477,0.0501303,0.607139,0,0,0,-0.000361805,0.0522806,-0.0143288,0.643834,0.499943,1
6950,230.943,0.620793,0,0,-0.231751,-0.00117477,0.0501303,0.605985,0,0,0,-0.000706814,0.0516553,-0.0148059,0.643834,0.499943,1
6960,240.325,0.620083,0,0,-0.233315,-0.00117477,0.0501303,0.604823,0,0,0,-0.00138193,0.051437,-0.0152585,0.643893,0.500036,1
6970,245.488,0.619061,0,0,-0.23465,-0.00117477,0.0501303,0.603653,0,0,0,-0.00241432,0.051214,-0.015406,0.643942,0.500112,1
6980,252.013,0.617841,0,0,-0.235823,-0.00117477,0.0501303,0.602477,0,0,0,-0.00353395,0.0507232,-0.015359,0.644042,0.500307,1
6990,261.48,0.616313,0,0,-0.236821,-0.00117477,0.0501303,0.601296,0,0,0,-0.00384846,0.0504616,-0.0150114,0.64417,0.500511,1
