step,T,r,sn_vel[0],sn_vel[1],sn_vel[2],sn_crd[0],sn_crd[1],sn_crd[2],sn_f[0],sn_f[1],sn_f[2],target_crd[0],target_crd[1],target_crd[2],boundary[0],boundary[1],boundary[2]
0,0.00203729,1.03325,0,0,0,-1.50366e-008,5.14767e-009,0.981818,0,0,0,0.000289259,0.0551927,-0.0499613,0.636763,0.498807,1
10,0.297275,1.03324,0,0,0,-1.50366e-008,5.14767e-009,0.981818,0,0,0,0.00030694,0.0551862,-0.0499444,0.636763,0.498807,1
20,0.34576,1.03315,0,0,0,-1.50366e-008,5.14767e-009,0.981818,0,0,0,0.000351681,0.0551805,-0.049859,0.636739,0.4988,1
30,0.539386,1.03302,0,0,0,-1.50366e-008,5.14767e-009,0.981818,0,0,0,0.000409102,0.0551762,-0.0497289,0.636739,0.4988,1
40,0.689219,1.03295,0,0,0,-1.50366e-008,5.14767e-009,0.981818,0,0,0,0.000419669,0.0551744,-0.0496613,0.636714,0.498795,1
50,0.803562,1.03294,0,0,0,-1.50366e-008,5.14767e-009,0.981818,0,0,0,0.000405802,0.0551761,-0.0496487,0.636714,0.498795,1
60,0.886167,1.03286,0,0,0,-1.50366e-008,5.14767e-009,0.981818,0,0,0,0.000406391,0.055179,-0.0495636,0.636714,0.498795,1
70,0.982873,1.03268,0,0,0,-1.50366e-008,5.14767e-009,0.981818,0,0,0,0.000420556,0.05517,-0.0493855,0.636714,0.498795,1
80,0.997581,1.03253,0,0,0,-1.50366e-008,5.14767e-009,0.981818,0,0,0,0.000405118,0.0551581,-0.0492329,0.636689,0.498793,1
90,1.04562,1.03245,0,0,0,-1.50366e-008,5.14767e-009,0.981818,0,0,0,0.000373999,0.0551539,-0.0491592,0.636689,0.498793,1
100,1.04921,1.03238,0,0,0,-1.50366e-008,5.14767e-009,0.981818,0,0,0,0.000357969,0.0551535,-0.0490867,0.636689,0.498793,1
110,10.169,1.0321,0,0,0,-1.50366e-008,5.14767e-009,0.981818,0,0,0,0.000359063,0.0551414,-0.0488089,0.636689,0.498793,1
120,17.4277,1.03164,0,0,0,-1.50366e-008,5.14767e-009,0.981818,0,0,0,0.000334017,0.0551249,-0.0483472,0.636689,0.498793,1
130,22.4284,1.03111,0,0,0,-1.50366e-008,5.14767e-009,0.981818,0,0,0,0.000289316,0.0551185,-0.0478128,0.636689,0.498793,1
140,25.7371,1.0305,0,0,0,-1.50366e-008,5.14767e-009,0.981818,0,0,0,0.000255028,0.0551152,-0.0472034,0.636689,0.498793,1
150,27.8226,1.02985,0,0,0,-1.50366e-008,5.14767e-009,0.981818,0,0,0,0.000213343,0.0550924,-0.0465579,0.636689,0.498793,1
160,29.0142,1.02926,0,0,0,-1.50366e-008,5.14767e-009,0.981818,0,0,0,0.000135048,0.055062,-0.0459678,0.636689,0.498793,1
170,29.5855,1.02869,0,0,0,-1.50366e-008,5.14767e-009,0.981818,0,0,0,7.42367e-005,0.0550503,-0.0453967,0.636689,0.498793,1
180,29.8085,1.02801,0,0,0,-1.50366e-008,5.14767e-009,0.981818,0,0,0,6.34059e-005,0.0550473,-0.0447184,0.636689,0.498793,1
190,29.7437,1.02727,0,0,0,-1.50366e-008,5.14767e-009,0.981818,0,0,0,5.85879e-005,0.05503,-0.0439733,0.636689,0.498793,1
200,29.5744,1.02661,0,0,0,-1.50366e-008,5.14767e-009,0.981818,0,0,0,3.03658e-005,0.0550203,-0.0433204,0.636689,0.498793,1
210,38.6315,1.026,0,0,0,-1.50366e-008,5.14767e-009,0.981818,0,0,0,3.00217e-006,0.0550282,-0.0427047,0.636689,0.498793,1
220,44.7082,1.02525,0,0,0,-1.50366e-008,5.14767e-009,0.981818,0,0,0,-2.37247e-005,0.0550074,-0.0419583,0.636689,0.498793,1
230,48.5587,1.02438,0,0,0,-1.50366e-008,5.14767e-009,0.981818,0,0,0,-8.04085e-005,0.0549524,-0.0410903,0.636689,0.498793,1
240,50.9217,1.02354,0,0,0,-1.50366e-008,5.14767e-009,0.981818,0,0,0,-0.000154497,0.054916,-0.0402426,0.636689,0.498793,1
250,52.1676,1.02273,0,0,0,-1.50366e-008,5.14767e-009,0.981818,0,0,0,-0.000228881,0.0548847,-0.0394418,0.636689,0.498793,1
260,52.6784,1.0219,0,0,0,-1.50366e-008,5.14767e-009,0.981818,0,0,0,-0.000311781,0.0548044,-0.0386075,0.636689,0.498793,1
270,52.5316,1.02104,0,0,0,-1.50366e-008,5.14767e-009,0.981818,0,0,0,-0.00040445,0.0547224,-0.0377534,0.636689,0.498793,1
280,52.0683,1.02024,0,0,0,-1.50366e-008,5.14767e-009,0.981818,0,0,0,-0.000462528,0.054697,-0.0369551,0.636689,0.498793,1
290,51.1501,1.01946,0,0,0,-1.50366e-008,5.14767e-009,0.981818,0,0,0,-0.000492667,0.0546902,-0.0361756,0.636689,0.498793,1
300,50.2192,1.01863,0,0,0,-1.50366e-008,5.14767e-009,0.981818,0,0,0,-0.000536082,0.0546579,-0.0353395,0.636689,0.498793,1
310,58.1258,1.01775,0,0,0,-1.50366e-008,5.14767e-009,0.981818,0,0,0,-0.000613457,0.0546433,-0.0344619,0.636689,0.498793,1
320,62.785,1.01692,0,0,0,-1.50366e-008,5.14767e-009,0.981818,0,0,0,-0.000658745,0.0546557,-0.033635,0.636689,0.498793,1
330,65.077,1.01609,0,0,0,-1.50366e-008,5.14767e-009,0.981818,0,0,0,-0.000656204,0.0546453,-0.0328026,0.636689,0.498793,1
340,65.8675,1.01514,0,0,0,-1.50366e-008,5.14767e-009,0.981818,0,0,0,-0.000639898,0.0545996,-0.0318511,0.636689,0.498793,1
350,65.8544,1.01414,0,0,0,-1.50366e-008,5.14767e-009,0.981818,0,0,0,-0.000639994,0.0545929,-0.0308462,0.636689,0.498793,1
360,65.359,1.01321,0,0,0,-1.50366e-008,5.14767e-009,0.981818,0,0,0,-0.000623122,0.0546167,-0.0299156,0.636689,0.498793,1
370,64.7056,1.01228,0,0,0,-1.50366e-008,5.14767e-009,0.981818,0,0,0,-0.000602989,0.0545947,-0.0289856,0.636689,0.498793,1
380,64.3966,1.01124,0,0,0,-1.50366e-008,5.14767e-009,0.981818,0,0,0,-0.000557503,0.054516,-0.0279553,0.636689,0.498793,1
390,64.3064,1.01016,0,0,0,-1.50366e-008,5.14767e-009,0.981818,0,0,0,-0.000477719,0.0544656,-0.0268764,0.636689,0.498793,1
400,64.7936,1.00912,0,0,0,-1.50366e-008,5.14767e-009,0.981818,0,0,0,-0.00039443,0.0544062,-0.0258291,0.636689,0.498793,1
410,74.7722,1.00795,0,0,0,-1.50366e-008,5.14767e-009,0.981818,0,0,0,-0.000351898,0.0542916,-0.0246672,0.636689,0.498793,1
420,81.9044,1.00659,0,0,0,-1.50366e-008,5.14767e-009,0.981818,0,0,0,-0.000274778,0.0542098,-0.0233104,0.636689,0.498793,1
430,87.5442,1.00517,0,0,0,-1.50366e-008,5.14767e-009,0.981818,0,0,0,-0.00015951,0.0542232,-0.021892,0.636689,0.498793,1
440,91.6839,1.00384,0,0,0,-1.50366e-008,5.14767e-009,0.981818,0,0,0,-5.05463e-005,0.0541727,-0.0205636,0.636689,0.498793,1
450,94.6925,1.00249,0,0,0,-1.50366e-008,5.14767e-009,0.981818,0,0,0,5.44119e-005,0.0540546,-0.0192106,0.636689,0.498793,1
460,96.8991,1.00101,0,0,0,-1.50366e-008,5.14767e-009,0.981818,0,0,0,0.000200853,0.0540126,-0.0177356,0.636689,0.498793,1
470,97.7413,0.999537,0,0,0,-1.50366e-008,5.14767e-009,0.981818,0,0,0,0.000333755,0.0540342,-0.0162571,0.636689,0.498793,1
480,98.0185,0.99824,0,0,0,-1.50366e-008,5.14767e-009,0.981818,0,0,0,0.000461049,0.0539916,-0.0149601,0.636689,0.498793,1
490,97.2737,0.997039,0,0,0,-1.50366e-008,5.14767e-009,0.981818,0,0,0,0.000628746,0.0539758,-0.0137589,0.636689,0.498793,1
500,95.9022,0.995842,0,0,0,-1.50366e-008,5.14767e-009,0.981818,0,0,0,0.000844179,0.0540225,-0.0125567,0.636689,0.498793,1
510,104.326,0.994636,0,0,0,-1.50366e-008,5.14767e-009,0.981818,0,0,0,0.00106289,0.0540453,-0.0113481,0.636689,0.498793,1
520,110.226,0.993478,0,0,0,-1.50366e-008,5.14767e-009,0.981818,0,0,0,0.00126188,0.0540422,-0.0101883,0.636689,0.498793,1
530,116.281,0.992321,0,0,0,-1.50366e-008,5.14767e-009,0.981818,0,0,0,0.00140091,0.0541374,-0.00902357,0.636689,0.498793,1
540,122.694,0.991231,0,0,0,-1.50366e-008,5.14767e-009,0.981818,0,0,0,0.0014897,0.0542549,-0.00792618,0.636689,0.498793,1
550,129.816,0.990351,0,0,0,-1.50366e-008,5.14767e-009,0.981818,0,0,0,0.00161761,0.0542953,-0.00704197,0.636689,0.498793,1
560,135.789,0.989674,0,0,0,-1.50366e-008,5.14767e-009,0.981818,0,0,0,0.00180786,0.0542662,-0.0063652,0.636689,0.498793,1
570,140.808,0.988995,0,0,0,-1.50366e-008,5.14767e-009,0.981818,0,0,0,0.001976,0.0542496,-0.00568623,0.636689,0.498793,1
580,143.366,0.988313,0,0,0,-1.50366e-008,5.14767e-009,0.981818,0,0,0,0.00217613,0.0542377,-0.00500276,0.636689,0.498793,1
590,144.303,0.987867,0,0,0,-1.50366e-008,5.14767e-009,0.981818,0,0,0,0.00257853,0.0542158,-0.00455635,0.636689,0.498793,1
600,143.661,0.987768,0,0,0,-1.50366e-008,5.14767e-009,0.981818,0,0,0,0.00307553,0.0541714,-0.00445805,0.636689,0.498793,1
610,151.975,0.987844,0,0,0,-1.50366e-008,5.14767e-009,0.981818,0,0,0,0.0034125,0.0541552,-0.004534,0.636689,0.498793,1
620,156.898,0.987955,0,0,0,-1.50366e-008,5.14767e-009,0.981818,0,0,0,0.00364292,0.0541532,-0.00464437,0.636689,0.498793,1
630,160.352,0.988177,0,0,0,-1.50366e-008,5.14767e-009,0.981818,0,0,0,0.00397137,0.0541356,-0.00486643,0.636689,0.498793,1
640,163.536,0.988579,0,0,0,-1.50366e-008,5.14767e-009,0.981818,0,0,0,0.00432745,0.0541415,-0.00526793,0.636689,0.498793,1
650,166.197,0.989159,0,0,0,-1.50366e-008,5.14767e-009,0.981818,0,0,0,0.00454376,0.0542026,-0.0058443,0.636689,0.498793,1
660,168.779,0.98993,0,0,0,-1.50366e-008,5.14767e-009,0.981818,0,0,0,0.00470263,0.0542591,-0.00661237,0.636689,0.498793,1
670,171.098,0.990954,0,0,0,-1.50366e-008,5.14767e-009,0.981818,0,0,0,0.0049199,0.0543272,-0.00763321,0.636689,0.498793,1
680,171.792,0.992109,0,0,0,-1.50366e-008,5.14767e-009,0.981818,0,0,0,0.00514316,0.0544702,-0.008781,0.636689,0.498793,1
690,173.036,0.993224,0,0,0,-1.50366e-008,5.14767e-009,0.981818,0,0,0,0.00530919,0.0546015,-0.00989008,0.636689,0.498793,1
700,174.043,0.994327,0,0,0,-1.50366e-008,5.14767e-009,0.981818,0,0,0,0.00550336,0.0546838,-0.0109888,0.636689,0.498793,1
710,184.983,0.995671,0,0,0,-1.50366e-008,5.14767e-009,0.981818,0,0,0,0.00563892,0.0548011,-0.0123272,0.636689,0.498793,1
720,194.018,0.997213,0,0,0,-1.50366e-008,5.14767e-009,0.981818,0,0,0,0.0054979,0.055017,-0.013861,0.636689,0.498793,1
730,200.685,0.998741,0,0,0,-1.50366e-008,5.14767e-009,0.981818,0,0,0,0.00515424,0.0552685,-0.0153792,0.636689,0.498793,1
740,205.547,1.0002,0,0,0,-1.50366e-008,5.14767e-009,0.981818,0,0,0,0.00496932,0.0555378,-0.0168299,0.636689,0.498793,1
750,209.594,1.00172,0,0,0,-1.50366e-008,5.14767e-009,0.981818,0,0,0,0.00483793,0.0557641,-0.0183382,0.636689,0.498793,1
760,212.439,1.00318,0,0,0,-1.50366e-008,5.14767e-009,0.981818,0,0,0,0.00444226,0.056006,-0.0197835,0.636689,0.498793,1
770,214.522,1.00456,0,0,0,-1.50366e-008,5.14767e-009,0.981818,0,0,0,0.00394698,0.0563372,-0.0211576,0.636689,0.498793,1
780,216.405,1.00602,0,0,0,-1.50366e-008,5.14767e-009,0.981818,0,0,0,0.0037871,0.0567176,-0.0225924,0.636689,0.498793,1
790,217.041,1.00755,0,0,0,-1.50366e-008,5.14767e-009,0.981818,0,0,0,0.00383667,0.0569588,-0.0241171,0.636689,0.498793,1
800,216.581,1.00888,0,0,0,-1.50366e-008,5.14767e-009,0.981818,0,0,0,0.00385478,0.0571529,-0.0254336,0.636689,0.498793,1
810,224.018,1.01001,0,0,0,-1.50366e-008,5.14767e-009,0.981818,0,0,0,0.00392693,0.0573804,-0.0265483,0.636689,0.498793,1
820,227.013,1.0111,0,0,0,-1.50366e-008,5.14767e-009,0.981818,0,0,0,0.00414377,0.0575615,-0.0276315,0.636632,0.498835,1
830,228.878,1.01223,0,0,0,-1.50366e-008,5.14767e-009,0.981818,0,0,0,0.00427777,0.0575671,-0.0287631,0.636558,0.498888,1
840,231.286,1.01317,0,0,0,-1.50366e-008,5.14767e-009,0.981818,0,0,0,0.0042764,0.0575287,-0.0297063,0.636357,0.499031,1
850,232.513,1.01391,0,0,0,-1.50366e-008,5.14767e-009,0.981818,0,0,0,0.00423389,0.0574375,-0.0304566,0.636069,0.499234,1
860,231.56,1.01459,0,0,0,-1.50366e-008,5.14767e-009,0.981818,0,0,0,0.00410268,0.0572842,-0.0311427,0.635786,0.499432,1
870,228.209,1.01533,0,0,0,-1.50366e-008,5.14767e-009,0.981818,0,0,0,0.00376053,0.0571619,-0.0318927,0.635465,0.499654,1
880,224.79,1.016,0,0,0,-1.50366e-008,5.14767e-009,0.981818,0,0,0,0.00337121,0.0572417,-0.0325597,0.635051,0.499939,1
890,223.202,1.01667,0,0,0,-1.50366e-008,5.14767e-009,0.981818,0,0,0,0.00314757,0.0574038,-0.0332232,0.634554,0.500277,1
900,224.54,1.01746,0,0,0,-1.50366e-008,5.14767e-009,0.981818,0,0,0,0.00309227,0.0575399,-0.0340133,0.634065,0.500609,1
910,238.005,1.01845,0,0,0,-1.50366e-008,5.14767e-009,0.981818,0,0,0,0.00302845,0.057679,-0.0349951,0.633611,0.500914,1
920,247.055,1.01949,0,0,0,-1.50366e-008,5.14767e-009,0.981818,0,0,0,0.00296926,0.0579258,-0.0360161,0.633137,0.50123,1
930,249.097,1.02065,0,0,0,-1.50366e-008,5.14767e-009,0.981818,0,0,0,0.00304983,0.058142,-0.0371698,0.632664,0.501544,1
940,244.437,1.02199,0,0,0,-1.50366e-008,5.14767e-009,0.981818,0,0,0,0.00325639,0.0581702,-0.0385095,0.632247,0.501819,1
950,235.825,1.02341,0,0,0,-1.50366e-008,5.14767e-009,0.981818,0,0,0,0.00334811,0.0579949,-0.039942,0.631861,0.502072,1
960,229.775,1.02468,0,0,0,-1.50366e-008,5.14767e-009,0.981818,0,0,0,0.00327,0.0577234,-0.0412296,0.631511,0.502299,1
970,230.282,1.02583,0,0,0,-1.50366e-008,5.14767e-009,0.981818,0,0,0,0.00310414,0.0573465,-0.0423995,0.631195,0.502503,1
980,238.044,1.02692,0,0,0,-1.50366e-008,5.14767e-009,0.981818,0,0,0,0.00288762,0.056891,-0.0435185,0.630821,0.502744,1
990,252.582,1.02789,0,0,0,-1.50366e-008,5.14767e-009,0.981818,0,0,0,0.00260578,0.0564196,-0.0445145,0.630378,0.503027,1
1000,266.936,1.02851,0,0,0,-1.50366e-008,5.14767e-009,0.981818,0,0,0,0.00242266,0.0558722,-0.0451729,0.629417,0.502492,1
1010,282.115,1.02885,0,0,0,-1.50366e-008,5.14767e-009,0.981818,0,0,0,0.00238704,0.0551883,-0.0455456,0.628698,0.502483,1
1020,292.635,1.02911,0,0,0,-1.50366e-008,5.14767e-009,0.981818,0,0,0,0.0023741,0.0546053,-0.0458423,0.627861,0.502399,1
1030,298.317,1.02938,0,0,0,-1.50366e-008,5.14767e-009,0.981818,0,0,0,0.00227565,0.0543407,-0.0461205,0.627494,0.502236,1
1040,299.15,1.02954,0,0,0,-1.50366e-008,5.14767e-009,0.981818,0,0,0,0.00225238,0.0542713,-0.0462839,0.627248,0.502121,1
1050,294.574,1.02964,0,0,0,-1.50366e-008,5.14767e-009,0.981818,0,0,0,0.00242217,0.054304,-0.046385,0.627054,0.50203,1
1060,289.474,1.02989,0,0,0,-1.50366e-008,5.14767e-009,0.981818,0,0,0,0.00265984,0.0545075,-0.0466215,0.626937,0.501946,1
1070,286.007,1.03026,0,0,0,-1.50366e-008,5.14767e-009,0.981818,0,0,0,0.00269384,0.0548189,-0.0469785,0.626665,0.501711,1
1080,289.286,1.03055,0,0,0,-1.50366e-008,5.14767e-009,0.981818,0,0,0,0.00251691,0.0550292,-0.0472588,0.626388,0.501431,1
1090,302.393,1.03075,0,0,0,-1.50366e-008,5.14767e-009,0.981818,0,0,0,0.00227536,0.0551843,-0.0474537,0.626247,0.50125,1
1100,320.094,1.0312,0,0,0,-1.50366e-008,5.14767e-009,0.981818,0,0,0,0.00200426,0.0553853,-0.047896,0.626051,0.500988,1
1110,335.906,1.03196,0,0,0,-1.50366e-008,5.14767e-009,0.981818,0,0,0,0.00166187,0.0556203,-0.0486413,0.625755,0.50061,1
1120,344.829,1.03269,0,0,0,-1.50366e-008,5.14767e-009,0.981818,0,0,0,0.00141725,0.0557805,-0.0493638,0.62555,0.500378,1
1130,347.258,1.03326,0,0,0,-1.50366e-008,5.14767e-009,0.981818,0,0,0,0.00144015,0.0559756,-0.0499258,0.625531,0.500361,1
1140,344.956,1.03397,0,0,0,-1.50366e-008,5.14767e-009,0.981818,0,0,0,0.00165821,0.056179,-0.0506203,0.625511,0.500346,1
1150,339.743,1.03478,0,0,0,-1.50366e-008,5.14767e-009,0.981818,0,0,0,0.00184703,0.0562038,-0.0514344,0.625511,0.500346,1
1160,336.933,1.03531,0,0,0,-1.50366e-008,5.14767e-009,0.981818,0,0,0,0.00189623,0.0558117,-0.0519819,0.625511,0.500346,1
1170,339.912,1.0354,0,0,0,-1.50366e-008,5.14767e-009,0.981818,0,0,0,0.00185407,0.0552603,-0.0521009,0.625511,0.500346,1
1180,345.378,1.03537,0,0,0,-1.50366e-008,5.14767e-009,0.981818,0,0,0,0.00176479,0.0547489,-0.0520988,0.625511,0.500346,1
1190,348.185,1.03528,0,0,0,-1.50366e-008,5.14767e-009,0.981818,0,0,0,0.00159678,0.0542431,-0.0520403,0.625525,0.500325,1
1200,338.688,1.03491,0,0,0,-1.50366e-008,5.14767e-009,0.981818,0,0,0,0.00134132,0.0535683,-0.0517085,0.625559,0.500295,1
1210,321.337,1.03422,0,0,0,-1.50366e-008,5.14767e-009,0.981818,0,0,0,0.00114538,0.0530026,-0.0510437,0.62564,0.500215,1
1220,301.58,1.03348,0,0,0,-1.50366e-008,5.14767e-009,0.981818,0,0,0,0.00120587,0.0526358,-0.0503241,0.62574,0.500107,1
1230,289.25,1.0327,0,0,0,-1.50366e-008,5.14767e-009,0.981818,0,0,0,0.00161883,0.0523885,-0.0495515,0.625797,0.500051,1
1240,284.712,1.03174,0,0,0,-1.50366e-008,5.14767e-009,0.981818,0,0,0,0.00223773,0.0522068,-0.048593,0.625799,0.500049,1
1250,283.993,1.03065,0,0,0,-1.50366e-008,5.14767e-009,0.981818,0,0,0,0.0027852,0.0523798,-0.0474997,0.625799,0.500049,1
1260,281.524,1.02975,0,0,0,-1.50366e-008,5.14767e-009,0.981818,0,0,0,0.0031075,0.0528452,-0.0465733,0.625799,0.500049,1
1270,273.077,1.02893,0,0,0,-1.50366e-008,5.14767e-009,0.981818,0,0,0,0.00331307,0.0534101,-0.0457228,0.625829,0.500034,1
1280,260.288,1.02803,0,0,0,-1.50366e-008,5.14767e-009,0.981818,0,0,0,0.00350137,0.0540264,-0.0447844,0.625972,0.499972,1
1290,246.825,1.02711,0,0,0,-1.50366e-008,5.14767e-009,0.981818,0,0,0,0.00356529,0.0548874,-0.0438224,0.626121,0.499915,1
1300,233.088,1.02652,0,0,0,-1.50366e-008,5.14767e-009,0.981818,0,0,0,0.00341973,0.0557851,-0.0431829,0.626262,0.499867,1
1310,225.223,1.02627,0,0,0,-1.50366e-008,5.14767e-009,0.981818,0,0,0,0.00319129,0.0564273,-0.0428971,0.626299,0.49985,1
1320,223.88,1.02632,0,0,0,-1.50366e-008,5.14767e-009,0.981818,0,0,0,0.00298635,0.056801,-0.0429196,0.626299,0.49985,1
1330,227.743,1.02653,0,0,0,-1.50366e-008,5.14767e-009,0.981818,0,0,0,0.00282659,0.0571165,-0.0431162,0.626299,0.49985,1
1340,233.317,1.02688,0,0,0,-1.50366e-008,5.14767e-009,0.981818,0,0,0,0.0028451,0.0572453,-0.043465,0.626299,0.49985,1
1350,237.208,1.02728,0,0,0,-1.50366e-008,5.14767e-009,0.981818,0,0,0,0.00306215,0.0569806,-0.0438709,0.626311,0.499837,1
1360,243.368,1.02773,0,0,0,-1.50366e-008,5.14767e-009,0.981818,0,0,0,0.00314904,0.0563207,-0.0443672,0.626425,0.499707,1
1370,255.749,1.02819,0,0,0,-1.50366e-008,5.14767e-009,0.981818,0,0,0,0.00289123,0.0553679,-0.0448806,0.626649,0.499451,1
1380,266.336,1.02866,0,0,0,-1.50366e-008,5.14767e-009,0.981818,0,0,0,0.0025959,0.0541924,-0.0454087,0.626863,0.499206,1
1390,266.36,1.02895,0,0,0,-1.50366e-008,5.14767e-009,0.981818,0,0,0,0.00251914,0.0530293,-0.0457629,0.626984,0.499075,1
1400,258.68,1.02891,0,0,0,-1.50366e-008,5.14767e-009,0.981818,0,0,0,0.0024689,0.0522017,-0.0457656,0.627038,0.499019,1
1410,254.499,1.02849,0,0,0,-1.50366e-008,5.14767e-009,0.981818,0,0,0,0.00227203,0.0517776,-0.0453676,0.62705,0.499009,1
1420,253.185,1.02797,0,0,0,-1.50366e-008,5.14767e-009,0.981818,0,0,0,0.00206881,0.0516272,-0.044854,0.62705,0.499009,1
1430,256.214,1.02756,0,0,0,-1.50366e-008,5.14767e-009,0.981818,0,0,0,0.00188882,0.0516801,-0.0444418,0.62705,0.499009,1
1440,261.808,1.02732,0,0,0,-1.50366e-008,5.14767e-009,0.981818,0,0,0,0.00160867,0.0520404,-0.0441777,0.62705,0.499009,1
1450,268.374,1.02699,0,0,0,-1.50366e-008,5.14767e-009,0.981818,0,0,0,0.00132476,0.0527683,-0.0438179,0.62705,0.499009,1
1460,272.957,1.02643,0,0,0,-1.50366e-008,5.14767e-009,0.981818,0,0,0,0.00119802,0.0538715,-0.0431964,0.62705,0.499009,1
1470,271.89,1.02588,0,0,0,-1.50366e-008,5.14767e-009,0.981818,0,0,0,0.0010928,0.0551922,-0.0425731,0.62705,0.499009,1
1480,271.067,1.02582,0,0,0,-1.50366e-008,5.14767e-009,0.981818,0,0,0,0.000869071,0.0564816,-0.0424448,0.62705,0.499009,1
1490,274.412,1.02629,0,0,0,-1.50366e-008,5.14767e-009,0.981818,0,0,0,0.000699562,0.0574538,-0.0428664,0.62705,0.499009,1
1500,285.2,1.02694,0,0,0,-1.50366e-008,5.14767e-009,0.981818,0,0,0,0.000676349,0.0580321,-0.0434765,0.62705,0.499009,1
1510,298.687,1.02755,0,0,0,-1.50366e-008,5.14767e-009,0.981818,0,0,0,0.000621604,0.0581392,-0.0440846,0.62705,0.499009,1
1520,313.278,1.02812,0,0,0,-1.50366e-008,5.14767e-009,0.981818,0,0,0,0.000398003,0.0577797,-0.0446737,0.62705,0.499009,1
1530,320.98,1.02862,0,0,0,-1.50366e-008,5.14767e-009,0.981818,0,0,0,0.000141465,0.0570689,-0.0452208,0.62705,0.499009,1
1540,315.331,1.02917,0,0,0,-1.50366e-008,5.14767e-009,0.981818,0,0,0,-0.000119044,0.0563737,-0.0458022,0.627093,0.498981,1
1550,296.448,1.03001,0,0,0,-1.50366e-008,5.14767e-009,0.981818,0,0,0,-0.0003969,0.0558831,-0.046677,0.627258,0.498881,1
1560,274.578,1.03095,0,0,0,-1.50366e-008,5.14767e-009,0.981818,0,0,0,-0.000558025,0.0554513,-0.0476438,0.627358,0.498822,1
1570,252.576,1.03149,0,0,0,-1.50366e-008,5.14767e-009,0.981818,0,0,0,-0.000419417,0.054703,-0.0482212,0.627632,0.498665,1
1580,241.257,1.03144,0,0,0,-1.50366e-008,5.14767e-009,0.981818,0,0,0,-0.000114689,0.0536652,-0.0482199,0.627955,0.498485,1
1590,245.006,1.03112,0,0,0,-1.50366e-008,5.14767e-009,0.981818,0,0,0,0.000191263,0.0526506,-0.0479533,0.628226,0.498337,1
1600,262.093,1.03063,0,0,0,-1.50366e-008,5.14767e-009,0.981818,0,0,0,0.000381711,0.0519403,-0.0475035,0.62853,0.498174,1
1610,291.013,1.0299,0,0,0,-1.50366e-008,5.14767e-009,0.981818,0,0,0,0.000506416,0.0515508,-0.0467895,0.628948,0.497956,1
1620,323.697,1.02888,0,0,0,-1.50366e-008,5.14767e-009,0.981818,0,0,0,0.000618586,0.0514755,-0.0457767,0.629404,0.497722,1
1630,353.187,1.0279,0,0,0,-1.50366e-008,5.14767e-009,0.981818,0,0,0,0.000647641,0.0516545,-0.0447787,0.629889,0.497478,1
1640,379.026,1.02714,0,0,0,-1.50366e-008,5.14767e-009,0.981818,0,0,0,0.000331985,0.052004,-0.0440032,0.630255,0.4973,1
1650,401.025,1.02673,0,0,0,-1.50366e-008,5.14767e-009,0.981818,0,0,0,-0.00018996,0.0524108,-0.0435729,0.630487,0.497191,1
1660,408.677,1.02674,0,0,0,-1.50366e-008,5.14767e-009,0.981818,0,0,0,-0.000620715,0.0528533,-0.0435613,0.630664,0.497113,1
1670,400.533,1.02731,0,0,0,-1.50366e-008,5.14767e-009,0.981818,0,0,0,-0.000839908,0.0533074,-0.0441054,0.630802,0.497054,1
1680,377.46,1.02817,0,0,0,-1.50366e-008,5.14767e-009,0.981818,0,0,0,-0.000953666,0.0538125,-0.0449466,0.630864,0.497029,1
1690,350.674,1.02906,0,0,0,-1.50366e-008,5.14767e-009,0.981818,0,0,0,-0.000891909,0.0544163,-0.0457986,0.63089,0.497018,1
1700,329.172,1.02998,0,0,0,-1.50366e-008,5.14767e-009,0.981818,0,0,0,-0.000871038,0.0550678,-0.0466911,0.630956,0.496993,1
1710,314.561,1.03117,0,0,0,-1.50366e-008,5.14767e-009,0.981818,0,0,0,-0.00108803,0.0555143,-0.0478557,0.631139,0.496924,1
1720,309.253,1.03243,0,0,0,-1.50366e-008,5.14767e-009,0.981818,0,0,0,-0.00132299,0.0555472,-0.0491135,0.631501,0.496792,1
1730,309.352,1.03352,0,0,0,-1.50366e-008,5.14767e-009,0.981818,0,0,0,-0.00110067,0.0552125,-0.0502284,0.632005,0.496614,1
1740,315.065,1.03449,0,0,0,-1.50366e-008,5.14767e-009,0.981818,0,0,0,-0.000638561,0.0547544,-0.0512177,0.632547,0.496426,1
1750,327.433,1.03547,0,0,0,-1.50366e-008,5.14767e-009,0.981818,0,0,0,-0.000320394,0.0542633,-0.0522321,0.633064,0.496246,1
1760,341.559,1.03638,0,0,0,-1.50366e-008,5.14767e-009,0.981818,0,0,0,-0.000106439,0.0536762,-0.0531711,0.633526,0.496082,1
1770,350.748,1.03709,0,0,0,-1.50366e-008,5.14767e-009,0.981818,0,0,0,0.000304113,0.0530423,-0.0539124,0.633951,0.495927,1
1780,349.665,1.03762,0,0,0,-1.50366e-008,5.14767e-009,0.981818,0,0,0,0.000691887,0.0525129,-0.0544706,0.634385,0.495764,1
1790,341.285,1.03809,0,0,0,-1.50366e-008,5.14767e-009,0.981818,0,0,0,0.000766488,0.0521541,-0.0549631,0.634793,0.49561,1
1800,329.619,1.03849,0,0,0,-1.50366e-008,5.14767e-009,0.981818,0,0,0,0.000603829,0.0519688,-0.0553688,0.635158,0.495474,1
1810,318.366,1.03873,0,0,0,-1.50366e-008,5.14767e-009,0.981818,0,0,0,0.000509368,0.0520296,-0.0556127,0.635521,0.49534,1
1820,309.553,1.03887,0,0,0,-1.50366e-008,5.14767e-009,0.981818,0,0,0,0.000481781,0.0522292,-0.0557358,0.635839,0.495226,1
1830,306.408,1.03902,0,0,0,-1.50366e-008,5.14767e-009,0.981818,0,0,0,0.000601306,0.0524064,-0.0558773,0.636032,0.49516,1
1840,311.117,1.03919,0,0,0,-1.50366e-008,5.14767e-009,0.981818,0,0,0,0.00103305,0.0526675,-0.0560313,0.636138,0.495126,1
1850,318.491,1.03935,0,0,0,-1.50366e-008,5.14767e-009,0.981818,0,0,0,0.00151234,0.0533462,-0.0561638,0.636264,0.495088,1
1860,318.865,1.0397,0,0,0,-1.50366e-008,5.14767e-009,0.981818,0,0,0,0.00137983,0.054276,-0.0564674,0.636502,0.495021,1
1870,304.967,1.04041,0,0,0,-1.50366e-008,5.14767e-009,0.981818,0,0,0,0.000674808,0.0549922,-0.0571331,0.636778,0.494945,1
1880,281.419,1.04119,0,0,0,-1.50366e-008,5.14767e-009,0.981818,0,0,0,5.35417e-005,0.0553779,-0.0578987,0.63682,0.494936,1
1890,259.146,1.04172,0,0,0,-1.50366e-008,5.14767e-009,0.981818,0,0,0,-0.00032106,0.0558284,-0.0583997,0.63682,0.494936,1
1900,251.966,1.042,0,0,0,-1.50366e-008,5.14767e-009,0.981818,0,0,0,-0.000711119,0.0564147,-0.0586556,0.63682,0.494936,1
1910,258.213,1.04227,0,0,0,-1.50366e-008,5.14767e-009,0.981818,0,0,0,-0.00100335,0.0569092,-0.058897,0.63682,0.494936,1
1920,267.561,1.04252,0,0,0,-1.50366e-008,5.14767e-009,0.981818,0,0,0,-0.000972872,0.0571031,-0.0591349,0.63682,0.494936,1
1930,275.616,1.04265,0,0,0,-1.50366e-008,5.14767e-009,0.981818,0,0,0,-0.000855877,0.0569757,-0.0592738,0.63682,0.494936,1
1940,287.017,1.04259,0,0,0,-1.50366e-008,5.14767e-009,0.981818,0,0,0,-0.000750698,0.0564067,-0.0592445,0.63682,0.494936,1
1950,303.111,1.04227,0,0,0,-1.50366e-008,5.14767e-009,0.981818,0,0,0,-0.000423535,0.0556358,-0.0589651,0.63682,0.494936,1
1960,322.597,1.04156,0,0,0,-1.50366e-008,5.14767e-009,0.981818,0,0,0,3.43589e-005,0.0549924,-0.0582911,0.63682,0.494936,1
1970,335.81,1.0404,0,0,0,-1.50366e-008,5.14767e-009,0.981818,0,0,0,9.44725e-005,0.0544226,-0.0571609,0.63682,0.494936,1
1980,336.392,1.03892,0,0,0,-1.50366e-008,5.14767e-009,0.981818,0,0,0,-0.000217814,0.0534487,-0.0557293,0.63682,0.494936,1
1990,320.959,1.03737,0,0,0,-1.50366e-008,5.14767e-009,0.981818,0,0,0,-0.000423408,0.0522232,-0.05424,0.63682,0.494936,1
2000,292.271,1.03432,0,0,-0.60004,-0.000465846,0.0512899,0.981518,0,0,0,-0.000476582,0.0512082,-0.0528018,0.636779,0.494786,1
2010,254.574,1.02983,0,0,-0.601629,-0.000465846,0.0512899,0.978515,0,0,0,-0.000745491,0.0505749,-0.0513153,0.636758,0.494656,1
2020,224.344,1.02527,0,0,-0.6057,-0.000465846,0.0512899,0.975499,0,0,0,-0.00101159,0.0501402,-0.0497735,0.636758,0.494656,1
2030,219.443,1.02071,0,0,-0.611285,-0.000465846,0.0512899,0.972458,0,0,0,-0.000870968,0.0500301,-0.0482494,0.636758,0.494656,1
2040,237.033,1.01624,0,0,-0.616153,-0.000465846,0.0512899,0.96939,0,0,0,-0.000437309,0.0503178,-0.0468539,0.636758,0.494656,1
2050,263.817,1.01188,0,0,-0.61913,-0.000465846,0.0512899,0.966302,0,0,0,-3.31987e-005,0.0509641,-0.0455799,0.636758,0.494656,1
2060,289.236,1.00765,0,0,-0.620374,-0.000465846,0.0512899,0.963203,0,0,0,0.000419734,0.0518503,-0.0444491,0.636758,0.494656,1
2070,311.681,1.00351,0,0,-0.620278,-0.000465846,0.0512899,0.960101,0,0,0,0.000685032,0.0528436,-0.0434086,0.636758,0.494656,1
2080,332.763,0.999433,0,0,-0.619163,-0.000465846,0.0512899,0.957001,0,0,0,0.000360333,0.0535614,-0.0424283,0.636758,0.494656,1
2090,344.021,0.995329,0,0,-0.617335,-0.000465846,0.0512899,0.95391,0,0,0,-0.00031622,0.0538594,-0.041416,0.636758,0.494656,1
2100,340.699,0.991286,0,0,-0.615384,-0.000465846,0.0512899,0.950827,0,0,0,-0.000668512,0.0539935,-0.0404554,0.636758,0.494656,1
2110,325.904,0.987457,0,0,-0.613871,-0.000465846,0.0512899,0.947754,0,0,0,-0.000781241,0.0542305,-0.0396987,0.636758,0.494656,1
2120,314.561,0.984039,0,0,-0.612953,-0.000465846,0.0512899,0.944687,0,0,0,-0.000874908,0.0545189,-0.0393465,0.636758,0.494656,1
2130,313.651,0.980945,0,0,-0.612318,-0.000465846,0.0512899,0.941624,0,0,0,-0.000672555,0.0547971,-0.0393151,0.636758,0.494656,1
2140,315.965,0.977996,0,0,-0.611565,-0.000465846,0.0512899,0.938564,0,0,0,0.000116578,0.0549457,-0.0394253,0.636758,0.494656,1
2150,308.123,0.974987,0,0,-0.610953,-0.000465846,0.0512899,0.935507,0,0,0,0.00110567,0.0547714,-0.0394724,0.636853,0.494904,1
2160,294.779,0.971908,0,0,-0.610918,-0.000465846,0.0512899,0.932453,0,0,0,0.00193417,0.05431,-0.0394472,0.637048,0.495176,1
2170,286.262,0.968735,0,0,-0.611476,-0.000465846,0.0512899,0.929397,0,0,0,0.00240734,0.0538001,-0.0393298,0.63727,0.49556,1
2180,288.509,0.965543,0,0,-0.612183,-0.000465846,0.0512899,0.926338,0,0,0,0.00230874,0.0533298,-0.0391987,0.637525,0.496033,1
2190,299.002,0.962284,0,0,-0.612501,-0.000465846,0.0512899,0.923276,0,0,0,0.00158853,0.0527604,-0.0390046,0.637767,0.496467,1
2200,308.778,0.958801,0,0,-0.612255,-0.000465846,0.0512899,0.920214,0,0,0,0.000770654,0.0521272,-0.038586,0.637962,0.496803,1
2210,307.082,0.954921,0,0,-0.611787,-0.000465846,0.0512899,0.917154,0,0,0,0.000224149,0.0514899,-0.0377666,0.638152,0.497101,1
2220,288.216,0.950698,0,0,-0.611922,-0.000465846,0.0512899,0.914095,0,0,0,-0.000198977,0.0509373,-0.0366028,0.63836,0.497375,1
2230,265.535,0.946285,0,0,-0.613272,-0.000465846,0.0512899,0.911033,0,0,0,-0.000551589,0.0505029,-0.0352515,0.638619,0.497658,1
2240,245.957,0.941788,0,0,-0.616035,-0.000465846,0.0512899,0.907961,0,0,0,-0.000474471,0.0503445,-0.0338262,0.638775,0.497798,1
2250,234.65,0.937234,0,0,-0.620009,-0.000465846,0.0512899,0.904872,0,0,0,0.000132057,0.0504208,-0.0323614,0.638954,0.497928,1
2260,235.87,0.932749,0,0,-0.624327,-0.000465846,0.0512899,0.901763,0,0,0,0.000895526,0.0506361,-0.0309856,0.639105,0.498009,1
2270,241.889,0.928513,0,0,-0.628319,-0.000465846,0.0512899,0.898632,0,0,0,0.00159299,0.0507964,-0.0298791,0.639337,0.498125,1
2280,246.148,0.924464,0,0,-0.631887,-0.000465846,0.0512899,0.895482,0,0,0,0.00207562,0.0509436,-0.0289786,0.639519,0.498228,1
2290,246.609,0.920435,0,0,-0.635284,-0.000465846,0.0512899,0.892315,0,0,0,0.00213003,0.0510495,-0.0281158,0.639665,0.498328,1
2300,242.431,0.916428,0,0,-0.638907,-0.000465846,0.0512899,0.889131,0,0,0,0.00170354,0.0511581,-0.0272948,0.639818,0.498427,1
2310,244.055,0.912488,0,0,-0.642706,-0.000465846,0.0512899,0.885927,0,0,0,0.00121726,0.0512712,-0.0265592,0.639888,0.498467,1
2320,253.624,0.908503,0,0,-0.64598,-0.000465846,0.0512899,0.882706,0,0,0,0.000915963,0.0514879,-0.0257955,0.639888,0.498467,1
2330,260.454,0.904539,0,0,-0.64864,-0.000465846,0.0512899,0.87947,0,0,0,0.000758474,0.0517008,-0.0250682,0.639888,0.498467,1
2340,268.329,0.900776,0,0,-0.650827,-0.000465846,0.0512899,0.876222,0,0,0,0.000683162,0.0519146,-0.0245529,0.639888,0.498467,1
2350,281.442,0.897238,0,0,-0.652285,-0.000465846,0.0512899,0.872964,0,0,0,0.000957961,0.0521408,-0.0242725,0.639888,0.498467,1
2360,293.603,0.893742,0,0,-0.652946,-0.000465846,0.0512899,0.869701,0,0,0,0.00155,0.0524275,-0.0240382,0.639888,0.498467,1
2370,305.27,0.890192,0,0,-0.652942,-0.000465846,0.0512899,0.866436,0,0,0,0.00211836,0.0526055,-0.0237511,0.639888,0.498467,1
2380,309.672,0.886505,0,0,-0.652477,-0.000465846,0.0512899,0.863172,0,0,0,0.00234292,0.0525695,-0.0233276,0.639888,0.498467,1
2390,304.173,0.882718,0,0,-0.652097,-0.000465846,0.0512899,0.859911,0,0,0,0.00229904,0.0522001,-0.0228027,0.639888,0.498467,1
2400,294.194,0.878895,0,0,-0.652154,-0.000465846,0.0512899,0.85665,0,0,0,0.00200817,0.0516276,-0.0222413,0.639888,0.498467,1
2410,283.561,0.875083,0,0,-0.652825,-0.000465846,0.0512899,0.853388,0,0,0,0.00159796,0.0510372,-0.0216924,0.639888,0.498467,1
2420,280.131,0.871125,0,0,-0.65395,-0.000465846,0.0512899,0.850122,0,0,0,0.0012784,0.050607,-0.0210017,0.639888,0.498467,1
2430,289.148,0.866974,0,0,-0.654851,-0.000465846,0.0512899,0.84685,0,0,0,0.00117381,0.0501772,-0.0201224,0.639888,0.498467,1
2440,299.544,0.862691,0,0,-0.655116,-0.000465846,0.0512899,0.843575,0,0,0,0.00114977,0.0496478,-0.0191131,0.639913,0.49847,1
2450,300.513,0.858574,0,0,-0.655051,-0.000465846,0.0512899,0.840299,0,0,0,0.00119954,0.0490848,-0.0182703,0.640151,0.498493,1
2460,295.487,0.85479,0,0,-0.655183,-0.000465846,0.0512899,0.837024,0,0,0,0.00127792,0.0487148,-0.0177605,0.640551,0.498514,1
2470,288.642,0.851276,0,0,-0.655614,-0.000465846,0.0512899,0.833747,0,0,0,0.00123836,0.0485569,-0.0175226,0.641009,0.49852,1
2480,280.444,0.847643,0,0,-0.656547,-0.000465846,0.0512899,0.830467,0,0,0,0.00102351,0.0484937,-0.0171697,0.641536,0.49851,1
2490,275.446,0.843708,0,0,-0.657862,-0.000465846,0.0512899,0.827182,0,0,0,0.000834724,0.0483738,-0.0165202,0.642043,0.498484,1
2500,270.426,0.839518,0,0,-0.659522,-0.000465846,0.0512899,0.823889,0,0,0,0.0009091,0.048254,-0.0156233,0.642368,0.498451,1
2510,270.474,0.835398,0,0,-0.661371,-0.000465846,0.0512899,0.820587,0,0,0,0.00144211,0.0483669,-0.0148037,0.642508,0.498417,1
2520,281.375,0.831555,0,0,-0.662835,-0.000465846,0.0512899,0.817276,0,0,0,0.002437,0.0488586,-0.0142697,0.642508,0.498417,1
2530,287.648,0.828075,0,0,-0.663661,-0.000465846,0.0512899,0.81396,0,0,0,0.00363331,0.0495428,-0.0141033,0.642533,0.498382,1
2540,291.874,0.824804,0,0,-0.66425,-0.000465846,0.0512899,0.81064,0,0,0,0.00462319,0.0500249,-0.0141472,0.642569,0.498351,1
2550,290.926,0.821723,0,0,-0.664699,-0.000465846,0.0512899,0.807318,0,0,0,0.00525676,0.0502474,-0.0143838,0.642683,0.498267,1
2560,279.846,0.818912,0,0,-0.665532,-0.000465846,0.0512899,0.803993,0,0,0,0.00561944,0.0504214,-0.0148959,0.642941,0.498075,1
2570,266.133,0.816465,0,0,-0.667259,-0.000465846,0.0512899,0.800662,0,0,0,0.00558151,0.0507559,-0.0157799,0.643354,0.497775,1
2580,255.171,0.814231,0,0,-0.669791,-0.000465846,0.0512899,0.79732,0,0,0,0.00483205,0.0512566,-0.0168939,0.643796,0.497464,1
2590,238.807,0.812027,0,0,-0.673439,-0.000465846,0.0512899,0.793964,0,0,0,0.00356778,0.0518971,-0.0180533,0.644123,0.497242,1
2600,224.519,0.809634,0,0,-0.678528,-0.000465846,0.0512899,0.790586,0,0,0,0.00243084,0.0524713,-0.0190426,0.64431,0.49712,1
2610,207.783,0.806813,0,0,-0.685151,-0.000465846,0.0512899,0.787179,0,0,0,0.0017192,0.0528105,-0.0196296,0.64431,0.49712,1
2620,190.67,0.803403,0,0,-0.694116,-0.000465846,0.0512899,0.783734,0,0,0,0.0013334,0.0528188,-0.0196659,0.64431,0.49712,1
2630,192.496,0.799485,0,0,-0.704198,-0.000465846,0.0512899,0.780241,0,0,0,0.00138443,0.0525589,-0.0192415,0.64431,0.49712,1
2640,207.245,0.795231,0,0,-0.713048,-0.000465846,0.0512899,0.776699,0,0,0,0.00192365,0.0519751,-0.0185281,0.64431,0.49712,1
2650,231.011,0.790807,0,0,-0.719659,-0.000465846,0.0512899,0.773118,0,0,0,0.00246022,0.0510901,-0.0176843,0.644357,0.497033,1
2660,272.384,0.786401,0,0,-0.723104,-0.000465846,0.0512899,0.76951,0,0,0,0.00261659,0.0499281,-0.0168837,0.644357,0.497033,1
2670,315.881,0.782124,0,0,-0.723314,-0.000465846,0.0512899,0.765893,0,0,0,0.00264891,0.0487832,-0.0162207,0.644357,0.497033,1
2680,346.194,0.778071,0,0,-0.72147,-0.000465846,0.0512899,0.76228,0,0,0,0.00267887,0.0478175,-0.0157766,0.644357,0.497033,1
2690,348.978,0.774258,0,0,-0.718895,-0.000465846,0.0512899,0.758678,0,0,0,0.00235651,0.0470418,-0.0155624,0.644357,0.497033,1
2700,333.195,0.770608,0,0,-0.716738,-0.000465846,0.0512899,0.755089,0,0,0,0.00182958,0.0463364,-0.0154998,0.644357,0.497033,1
2710,322.898,0.766867,0,0,-0.715295,-0.000465846,0.0512899,0.751509,0,0,0,0.00179413,0.0459318,-0.0153362,0.644357,0.497033,1
2720,318.715,0.76298,0,0,-0.714132,-0.000465846,0.0512899,0.747935,0,0,0,0.0023343,0.045971,-0.0150215,0.644357,0.497033,1
2730,312.001,0.759074,0,0,-0.713268,-0.000465846,0.0512899,0.744367,0,0,0,0.00278675,0.0465166,-0.014685,0.644357,0.497033,1
2740,299.154,0.755428,0,0,-0.71294,-0.000465846,0.0512899,0.740801,0,0,0,0.00296705,0.0473872,-0.0146084,0.644398,0.496938,1
2750,280.952,0.752111,0,0,-0.713601,-0.000465846,0.0512899,0.737236,0,0,0,0.0029999,0.0483687,-0.0148615,0.64447,0.496762,1
2760,265.861,0.74914,0,0,-0.715453,-0.000465846,0.0512899,0.733664,0,0,0,0.00260935,0.0490692,-0.0154665,0.644526,0.496617,1
2770,267.344,0.746302,0,0,-0.717806,-0.000465846,0.0512899,0.730081,0,0,0,0.00153576,0.0495292,-0.0162159,0.644555,0.49653,1
2780,283.239,0.743352,0,0,-0.719425,-0.000465846,0.0512899,0.726488,0,0,0,0.000363288,0.0501549,-0.0168628,0.644555,0.49653,1
2790,303.813,0.740127,0,0,-0.719741,-0.000465846,0.0512899,0.72289,0,0,0,-0.000436402,0.0512571,-0.0172375,0.644576,0.496459,1
2800,311.451,0.736832,0,0,-0.719194,-0.000465846,0.0512899,0.719292,0,0,0,-0.000926494,0.0524264,-0.0175392,0.644576,0.496459,1
2810,311.607,0.733542,0,0,-0.718541,-0.000465846,0.0512899,0.715698,0,0,0,-0.00113499,0.0532092,-0.0178414,0.644576,0.496459,1
2820,323.605,0.73016,0,0,-0.717592,-0.000465846,0.0512899,0.712107,0,0,0,-0.000719866,0.0535441,-0.01805,0.644576,0.496459,1
2830,343.403,0.726516,0,0,-0.715725,-0.000465846,0.0512899,0.708523,0,0,0,0.000137592,0.0536431,-0.0179892,0.644649,0.496269,1
2840,349.802,0.722836,0,0,-0.713239,-0.000465846,0.0512899,0.704949,0,0,0,0.000962241,0.0534791,-0.017882,0.64479,0.495893,1
2850,336.549,0.719534,0,0,-0.710958,-0.000465846,0.0512899,0.701389,0,0,0,0.00160933,0.0530489,-0.0181405,0.644969,0.495396,1
2860,315.08,0.716896,0,0,-0.709602,-0.000465846,0.0512899,0.697837,0,0,0,0.00220546,0.0525063,-0.0190529,0.645145,0.494896,1
2870,294.773,0.71477,0,0,-0.709404,-0.000465846,0.0512899,0.69429,0,0,0,0.00240625,0.0519812,-0.0204736,0.645245,0.494597,1
2880,288.284,0.71301,0,0,-0.710038,-0.000465846,0.0512899,0.690742,0,0,0,0.00190627,0.0513618,-0.0222642,0.645265,0.494536,1
2890,292.543,0.711507,0,0,-0.710629,-0.000465846,0.0512899,0.68719,0,0,0,0.00109767,0.0507437,-0.0243144,0.645265,0.494536,1
2900,295.429,0.710094,0,0,-0.710955,-0.000465846,0.0512899,0.683636,0,0,0,0.000661064,0.0503758,-0.0264565,0.645265,0.494536,1
2910,290.686,0.708457,0,0,-0.71138,-0.000465846,0.0512899,0.680081,0,0,0,0.000670262,0.0502576,-0.0283742,0.645272,0.494512,1
2920,288.886,0.706505,0,0,-0.712026,-0.000465846,0.0512899,0.676523,0,0,0,0.00090393,0.0501943,-0.0299806,0.645345,0.494226,1
2930,288.526,0.704324,0,0,-0.712752,-0.000465846,0.0512899,0.672961,0,0,0,0.00136264,0.0502254,-0.0313599,0.64546,0.493755,1
2940,295.166,0.701904,0,0,-0.713241,-0.000465846,0.0512899,0.669396,0,0,0,0.0019625,0.0505316,-0.032504,0.645629,0.493062,1
2950,302.319,0.699112,0,0,-0.713258,-0.000465846,0.0512899,0.665829,0,0,0,0.00233194,0.0509623,-0.0332771,0.645807,0.492342,1
2960,298.598,0.696212,0,0,-0.713158,-0.000465846,0.0512899,0.662263,0,0,0,0.00229289,0.0511956,-0.0339433,0.645959,0.491738,1
2970,286.53,0.693644,0,0,-0.713661,-0.000465846,0.0512899,0.658697,0,0,0,0.00209651,0.0511816,-0.034942,0.646052,0.49139,1
2980,284.509,0.691382,0,0,-0.71464,-0.000465846,0.0512899,0.655126,0,0,0,0.00188986,0.0512442,-0.0362518,0.64609,0.491233,1
2990,297.89,0.688861,0,0,-0.715243,-0.000465846,0.0512899,0.651551,0,0,0,0.00164747,0.0515148,-0.037306,0.646119,0.491093,1
3000,323.373,0.685751,0,0,-0.714579,-0.000465846,0.0512899,0.647976,0,0,0,0.00144268,0.051942,-0.037772,0.646099,0.491078,1
3010,342.229,0.682232,0,0,-0.712706,-0.000465846,0.0512899,0.644407,0,0,0,0.00155074,0.052363,-0.0378207,0.645785,0.490924,1
3020,337.883,0.678623,0,0,-0.71054,-0.000465846,0.0512899,0.640848,0,0,0,0.00179119,0.0526805,-0.0377696,0.645334,0.490755,1
3030,326.666,0.674985,0,0,-0.708843,-0.000465846,0.0512899,0.6373,0,0,0,0.0017081,0.0527043,-0.0376799,0.64474,0.490581,1
3040,317.208,0.67123,0,0,-0.707638,-0.000465846,0.0512899,0.633758,0,0,0,0.00108128,0.0524703,-0.0374692,0.643968,0.490399,1
3050,302.279,0.667344,0,0,-0.70709,-0.000465846,0.0512899,0.630222,0,0,0,0.000234802,0.0521484,-0.0371216,0.643259,0.490266,1
3060,290.452,0.663518,0,0,-0.707384,-0.000465846,0.0512899,0.626686,0,0,0,-0.00048055,0.0521043,-0.0368311,0.642891,0.490231,1
3070,286.883,0.659852,0,0,-0.708105,-0.000465846,0.0512899,0.623148,0,0,0,-0.000713914,0.0523852,-0.0367031,0.642891,0.490231,1
3080,273.252,0.656334,0,0,-0.709291,-0.000465846,0.0512899,0.619605,0,0,0,-0.00033455,0.0527928,-0.0367274,0.642891,0.490231,1
3090,240.309,0.653064,0,0,-0.712377,-0.000465846,0.0512899,0.616053,0,0,0,0.00034482,0.0530882,-0.0370088,0.642891,0.490231,1
3100,210.419,0.650229,0,0,-0.718597,-0.000465846,0.0512899,0.612478,0,0,0,0.000907963,0.0532973,-0.0377469,0.642891,0.490231,1
3110,190.505,0.6477,0,0,-0.727768,-0.000465846,0.0512899,0.608866,0,0,0,0.00125474,0.0532142,-0.0388296,0.642891,0.490231,1
3120,182.473,0.645185,0,0,-0.73925,-0.000465846,0.0512899,0.605201,0,0,0,0.00152219,0.0527325,-0.0399787,0.642891,0.490231,1
3130,196.38,0.642676,0,0,-0.750229,-0.000465846,0.0512899,0.60148,0,0,0,0.00172391,0.0520039,-0.0411921,0.642891,0.490231,1
3140,222.528,0.640338,0,0,-0.758266,-0.000465846,0.0512899,0.597709,0,0,0,0.00183217,0.0515346,-0.0426247,0.642891,0.490231,1
3150,243.602,0.637951,0,0,-0.763555,-0.000465846,0.0512899,0.593905,0,0,0,0.00176858,0.0514267,-0.0440418,0.642653,0.490373,1
3160,261.286,0.63508,0,0,-0.767081,-0.000465846,0.0512899,0.590079,0,0,0,0.00162026,0.0515131,-0.0449984,0.642253,0.490654,1
3170,284.258,0.631787,0,0,-0.768963,-0.000465846,0.0512899,0.586238,0,0,0,0.00148746,0.0515893,-0.0455461,0.641858,0.490964,1
3180,319.04,0.628466,0,0,-0.768832,-0.000465846,0.0512899,0.582393,0,0,0,0.00151059,0.0517263,-0.04607,0.641521,0.491245,1
3190,358.406,0.625147,0,0,-0.766532,-0.000465846,0.0512899,0.578553,0,0,0,0.00145736,0.0519117,-0.046591,0.641109,0.491572,1
3200,386.397,0.621534,0,0,-0.762671,-0.000465846,0.0512899,0.574728,0,0,0,0.00117212,0.0523598,-0.0468021,0.640673,0.49189,1
3210,376.406,0.61776,1.16439e-007,-2.18107e-007,-0.7585,-0.000465846,0.0512899,0.570925,-0.00940377,0.0176145,0.0357158,0.000710638,0.0531979,-0.0468315,0.64028,0.492147,1
3220,348.024,0.61426,2.50493e-006,-4.72281e-006,-0.755324,-0.00046584,0.0512899,0.56714,-0.00992348,0.0187429,0.0381555,0.000399665,0.054165,-0.047113,0.639851,0.49241,1
3230,328.612,0.611055,5.02845e-006,-9.45156e-006,-0.753285,-0.000465821,0.0512899,0.563368,-0.0105457,0.0195787,0.0399345,0.000278823,0.0546826,-0.047677,0.639327,0.492742,1
3240,309.704,0.607787,7.68895e-006,-1.43613e-005,-0.752183,-0.000465789,0.0512898,0.559605,-0.0109218,0.0201047,0.0407714,0.000307602,0.054625,-0.0481729,0.638678,0.493171,1
3250,288.906,0.604388,1.04159e-005,-1.93874e-005,-0.752309,-0.000465744,0.0512898,0.555844,-0.0110957,0.0204533,0.0415803,0.000393879,0.054267,-0.0485356,0.637949,0.493671,1
3260,279.872,0.600925,1.32169e-005,-2.45116e-005,-0.753443,-0.000465685,0.0512896,0.55208,-0.0113795,0.0205733,0.0426858,0.000430182,0.0539108,-0.0488389,0.637218,0.494187,1
3270,274.216,0.597261,1.61108e-005,-2.96837e-005,-0.755002,-0.000465611,0.0512895,0.54831,-0.0117202,0.0208029,0.043884,0.000289316,0.0535258,-0.0489465,0.636549,0.49467,1
3280,270.646,0.593216,1.90576e-005,-3.49771e-005,-0.756935,-0.000465524,0.0512893,0.54453,-0.0115869,0.0212542,0.0446614,1.31031e-005,0.0530563,-0.0486829,0.635982,0.495084,1
3290,272.967,0.58909,2.1923e-005,-4.04083e-005,-0.758983,-0.000465421,0.0512892,0.540741,-0.0110896,0.0217508,0.0454914,-0.000371066,0.0527311,-0.0483469,0.63547,0.495462,1
3300,290.501,0.585373,2.46549e-005,-4.58819e-005,-0.760221,-0.000465305,0.0512889,0.536943,-0.0107073,0.0217841,0.0462238,-0.000895426,0.0527867,-0.0484285,0.634933,0.495861,1
3310,314.881,0.582016,2.72874e-005,-5.12561e-005,-0.76002,-0.000465175,0.0512887,0.533142,-0.0106214,0.0217359,0.047153,-0.00135568,0.0530496,-0.0488714,0.634494,0.496198,1
3320,350.017,0.578374,2.98148e-005,-5.64905e-005,-0.758154,-0.000465032,0.0512884,0.529345,-0.0102929,0.0215809,0.04767,-0.00156428,0.0531486,-0.0490256,0.634251,0.496402,1
3330,384.276,0.574279,3.21575e-005,-6.1538e-005,-0.7546,-0.000464877,0.0512881,0.525562,-0.0098065,0.0214003,0.0484538,-0.00165838,0.0529846,-0.0487134,0.634031,0.496601,1
3340,401.792,0.570217,3.43304e-005,-6.63933e-005,-0.750053,-0.00046471,0.0512878,0.521798,-0.00939929,0.0209221,0.0489416,-0.0018931,0.0526715,-0.048415,0.633761,0.496862,1
3350,395.667,0.566453,3.64101e-005,-7.1115e-005,-0.745395,-0.000464534,0.0512875,0.518059,-0.00918297,0.0207096,0.049666,-0.00211379,0.0525424,-0.04839,0.633554,0.497075,1
3360,380.667,0.562585,3.84333e-005,-7.57843e-005,-0.741185,-0.000464346,0.0512871,0.514342,-0.00885552,0.020289,0.0496223,-0.00210375,0.0528552,-0.0482392,0.633412,0.497224,1
3370,358.54,0.558513,4.04166e-005,-8.03604e-005,-0.737751,-0.000464149,0.0512867,0.510644,-0.00869336,0.0195317,0.0493381,-0.00173155,0.0534967,-0.0478636,0.633295,0.497352,1
3380,334.315,0.554555,4.22417e-005,-8.48204e-005,-0.735346,-0.000463942,0.0512863,0.506961,0.00761206,0.0196527,0.0860827,-0.00105516,0.0539655,-0.0475877,0.633193,0.49747,1
3390,307.821,0.550769,4.00535e-005,-8.94859e-005,-0.734223,-0.000463736,0.0512859,0.503287,0.00956293,0.0191948,0.0901209,-0.000189751,0.0541101,-0.0474743,0.633041,0.497658,1
3400,275.085,0.546858,3.74098e-005,-9.43029e-005,-0.734886,-0.000463542,0.0512854,0.499616,0.0122249,0.0190543,0.0941299,0.000420482,0.0541043,-0.0472349,0.632814,0.497953,1
3410,247.455,0.542926,3.4116e-005,-9.93915e-005,-0.737843,-0.000463363,0.0512849,0.495935,0.0155347,0.0188234,0.0987231,0.000550839,0.0542797,-0.0469816,0.632567,0.498283,1
3420,236.234,0.53932,3.0023e-005,-0.000104621,-0.742492,-0.000463202,0.0512844,0.492236,0.0191732,0.018201,0.104273,0.000253804,0.0545901,-0.0470728,0.632295,0.498651,1
3430,235.602,0.536032,2.50243e-005,-0.000109788,-0.747611,-0.000463065,0.0512839,0.488512,0.0225813,0.0176041,0.109945,-0.000234523,0.0548982,-0.0475077,0.631995,0.499062,1
3440,246.13,0.532554,1.91411e-005,-0.000114801,-0.752296,-0.000462954,0.0512833,0.484763,0.0261357,0.0172887,0.11551,-0.00090835,0.0549813,-0.0477779,0.631708,0.499467,1
3450,266.179,0.528751,1.22548e-005,-0.000119559,-0.755466,-0.000462875,0.0512827,0.480994,0.0299898,0.0171483,0.121417,-0.00149292,0.054923,-0.0477436,0.631433,0.499865,1
3460,283.032,0.52518,4.28291e-006,-0.000124033,-0.757156,-0.000462833,0.0512821,0.477212,0.0347265,0.0168091,0.128512,-0.0017055,0.0547957,-0.0479547,0.631181,0.500241,1
3470,295.519,0.522245,-4.94074e-006,-0.000128283,-0.757815,-0.000462834,0.0512815,0.473425,0.0396142,0.0167297,0.135151,-0.00141646,0.054732,-0.0488082,0.631004,0.500509,1
3480,308.246,0.519499,-1.53428e-005,-0.000132452,-0.757705,-0.000462884,0.0512808,0.469635,0.0443586,0.0172201,0.140266,-0.000943796,0.0545691,-0.0498533,0.630921,0.500639,1
3490,313.813,0.516528,-2.67697e-005,-0.00013666,-0.756993,-0.000462989,0.0512802,0.465848,0.0477784,0.0177393,0.142075,-0.000525044,0.0542378,-0.0506708,0.630893,0.500684,1
3500,313.955,0.513577,-3.89728e-005,-0.000140917,-0.756174,-0.000463153,0.0512795,0.462065,0.0511423,0.0178819,0.143839,-0.000479259,0.0538359,-0.0515054,0.63085,0.500759,1
3510,311.468,0.510947,-5.17931e-005,-0.000145212,-0.755458,-0.00046338,0.0512788,0.458286,0.0389054,0.0169254,0.184689,-0.000829758,0.0537438,-0.0526551,0.630751,0.500941,1
3520,310.314,0.508483,-6.19291e-005,-0.0001491,-0.754829,-0.000463664,0.051278,0.45451,0.0500508,0.00433515,0.154351,-0.00124078,0.0539837,-0.0539654,0.630658,0.501117,1
3530,314.081,0.506029,-7.50221e-005,-0.000150075,-0.754199,-0.000464006,0.0512773,0.450737,0.0566087,0.00455006,0.16358,-0.00112625,0.05433,-0.0552825,0.630658,0.501117,1
3540,331.397,0.50366,-9.00101e-005,-0.00015096,-0.752882,-0.000464417,0.0512765,0.446969,0.065582,0.00484273,0.176894,-0.000602473,0.0544075,-0.0566818,0.630658,0.501117,1
3550,338.807,0.501389,-0.000106775,-0.000151828,-0.75086,-0.000464909,0.0512758,0.443209,0.0713678,0.00564756,0.189819,-0.000189895,0.0542221,-0.0581712,0.630658,0.501117,1
3560,321.596,0.499037,-0.000124779,-0.000153018,-0.74913,-0.000465487,0.051275,0.439459,0.0761187,0.00677221,0.203514,-0.000141758,0.0540845,-0.0595706,0.630658,0.501117,1
3570,290.249,0.496426,-0.000144161,-0.000154633,-0.748924,-0.000466159,0.0512742,0.435714,0.0811611,0.00643151,0.215361,-0.000238349,0.0544688,-0.0607011,0.630658,0.501117,1
3580,262.222,0.493677,-0.000169375,-0.000156633,-0.750781,-0.000466932,0.0512735,0.431966,0.389397,0.0175831,0.705679,-0.000488202,0.0552196,-0.0616951,0.630603,0.501244,1
3590,254.324,0.490958,-0.000269213,-0.000162059,-0.754194,-0.000468026,0.0512727,0.428205,0.415654,0.0353207,0.765873,-0.00063405,0.0557637,-0.0627326,0.630597,0.501252,1
3600,262.117,0.488024,-0.000375539,-0.000172187,-0.757517,-0.000469636,0.0512718,0.424426,0.431106,0.0409378,0.786165,-7.85005e-005,0.0555974,-0.0635786,0.630597,0.501252,1
3610,286.255,0.484343,-0.000485015,-0.000183424,-0.759485,-0.000471786,0.0512709,0.420633,0.445261,0.0464274,0.807206,0.00114148,0.0548519,-0.0636937,0.630507,0.501372,1
3620,311.911,0.479976,-0.000597734,-0.000195552,-0.759663,-0.000474491,0.05127,0.416835,0.465719,0.0511988,0.842312,0.00211079,0.0538747,-0.0631269,0.630269,0.501672,1
3630,327.5,0.475461,-0.000715212,-0.000208115,-0.758578,-0.000477771,0.051269,0.413039,0.500665,0.0401468,0.926356,0.00256995,0.0531304,-0.062409,0.630005,0.501994,1
3640,330.833,0.471111,-0.000842177,-0.000217665,-0.757119,-0.000481661,0.0512679,0.409249,0.538971,0.0399238,0.983626,0.00293532,0.0528689,-0.0618471,0.62984,0.502188,1
3650,336.593,0.466769,-0.000977924,-0.0002263,-0.755458,-0.000486209,0.0512668,0.405467,0.574484,0.0332959,1.02995,0.00304164,0.0530413,-0.0612852,0.629794,0.50224,1
3660,340.641,0.462423,-0.00112042,-0.000232349,-0.753533,-0.000491453,0.0512657,0.401694,0.597073,0.0196092,1.05893,0.00239801,0.0534289,-0.0607149,0.629794,0.50224,1
3670,335.721,0.458149,-0.00126611,-0.000234161,-0.751632,-0.00049742,0.0512645,0.397931,0.599856,-0.0116928,1.11007,0.00129371,0.0540158,-0.0602072,0.629794,0.50224,1
3680,319.593,0.453816,-0.00141428,-0.000228508,-0.750355,-0.000504118,0.0512633,0.394176,0.620832,-0.0300645,1.14169,0.000375067,0.0546859,-0.0596268,0.629794,0.50224,1
3690,303.617,0.449095,-0.00157137,-0.000218827,-0.750004,-0.000511578,0.0512622,0.390425,0.661966,-0.0456829,1.20057,-0.000199497,0.0551743,-0.0586529,0.629794,0.50224,1
3700,283.869,0.44408,-0.00174388,-0.000206043,-0.750712,-0.000519858,0.0512611,0.386674,0.725487,-0.0582605,1.29919,-0.000292515,0.0553977,-0.0573866,0.629794,0.50224,1
3710,243.545,0.439149,-0.00193963,-0.00019083,-0.753754,-0.000529053,0.0512601,0.382915,0.802615,-0.070357,1.42647,0.000256233,0.0555252,-0.0562131,0.629768,0.502291,1
3720,212.516,0.434407,-0.00216568,-0.000173014,-0.76053,-0.000539299,0.0512592,0.379132,0.877237,-0.0868054,1.55492,0.00105084,0.0557614,-0.0552489,0.629723,0.502402,1
3730,206.482,0.429555,-0.00241547,-0.000151079,-0.769444,-0.000550739,0.0512584,0.375309,0.928462,-0.103873,1.64503,0.00122027,0.0562264,-0.0542135,0.629694,0.502485,1
3740,206.437,0.424524,-0.002678,-0.000125518,-0.77854,-0.000563461,0.0512577,0.371442,0.955465,-0.113304,1.70438,0.000717148,0.0567697,-0.0530442,0.629689,0.502496,1
3750,209.488,0.419397,-0.00296104,-0.000101386,-0.787775,-0.000577518,0.0512572,0.367528,1.94805,0.11719,2.97626,0.000253276,0.0569692,-0.051829,0.629689,0.502496,1
3760,227.848,0.414147,-0.00348335,-0.000130571,-0.795917,-0.000593618,0.0512566,0.36357,1.88839,-0.148622,4.01095,0.000324527,0.0567024,-0.05054,0.629689,0.502496,1
3770,248.409,0.40886,-0.00398457,-9.54574e-005,-0.801978,-0.000612277,0.051256,0.359575,1.96811,-0.139466,4.20488,0.000542835,0.0562182,-0.0492524,0.629689,0.502496,1
3780,265.694,0.40396,-0.00450266,-6.63641e-005,-0.806327,-0.000633476,0.0512556,0.355555,2.35639,0.148195,4.75328,0.000638975,0.0558679,-0.0483767,0.629689,0.502496,1
3790,284.62,0.399541,-0.00510591,-0.000107524,-0.80931,-0.00065749,0.0512552,0.351516,2.42525,0.181933,4.90364,0.0005736,0.0557136,-0.0479982,0.629689,0.502496,1
3800,300.319,0.395189,-0.00572048,-0.000153014,-0.810943,-0.000684543,0.0512545,0.347465,2.79417,-0.0697142,5.38556,0.000316471,0.0556085,-0.0476988,0.629689,0.502496,1
3810,310.252,0.390621,-0.00641958,-0.000138373,-0.811917,-0.000714887,0.0512538,0.343407,2.87448,-0.0471123,5.53525,-0.000140891,0.0551902,-0.0471934,0.629689,0.502496,1
3820,312.307,0.386021,-0.00713542,-0.000129465,-0.812484,-0.000748768,0.0512531,0.339346,2.95331,-0.0117469,5.74594,-0.000218386,0.0544326,-0.0466612,0.629597,0.50266,1
3830,297.682,0.381449,-0.00787603,-0.000129113,-0.813543,-0.000786283,0.0512525,0.335281,3.05606,0.00943008,5.95243,0.000177564,0.0535697,-0.0461591,0.629404,0.503024,1
3840,273.171,0.376734,-0.00865592,-0.000131122,-0.816227,-0.000827596,0.0512518,0.331208,2.99541,-0.25566,6.61986,0.000571938,0.0529462,-0.0455197,0.629286,0.503261,1
3850,260.087,0.371847,-0.00943642,-7.13555e-005,-0.820587,-0.000872807,0.0512513,0.327117,3.05817,-0.226515,6.88228,0.000759353,0.052652,-0.0447238,0.629286,0.503261,1
3860,257.98,0.367083,-0.0102385,-1.97024e-005,-0.825705,-0.00092198,0.0512511,0.323002,3.0846,-0.192452,7.14848,0.00123163,0.052653,-0.0440716,0.629286,0.503261,1
3870,272.377,0.362655,-0.0110412,2.47675e-005,-0.830265,-0.000975173,0.0512511,0.318862,3.11127,-0.1706,7.41978,0.00183105,0.0527764,-0.043779,0.629286,0.503261,1
3880,298.663,0.358507,-0.0118257,6.59553e-005,-0.833165,-0.00103236,0.0512514,0.314703,2.76857,-0.0531202,8.06545,0.00198798,0.0532096,-0.0437858,0.629286,0.503261,1
3890,314.936,0.354456,-0.0125054,7.70815e-005,-0.834508,-0.00109319,0.0512517,0.310534,2.64083,0.237271,8.83326,0.00152327,0.0540763,-0.0439019,0.629286,0.503261,1
3900,298.806,0.350475,-0.013154,1.62256e-005,-0.836237,-0.00115733,0.051252,0.306357,2.65198,0.255157,9.16006,0.000918819,0.0551026,-0.0440902,0.629286,0.503261,1
3910,293.083,0.346503,-0.0138138,-5.36522e-005,-0.839048,-0.00122476,0.0512519,0.302169,2.31379,0.543238,9.84035,0.000462328,0.0557936,-0.0442998,0.629286,0.503261,1
3920,324.98,0.342519,-0.0143714,-0.000204704,-0.841005,-0.00129525,0.0512513,0.297968,2.39729,1.46096,11.1497,0.000321585,0.05624,-0.0445113,0.629286,0.503261,1
3930,362.509,0.338754,-0.0149039,-0.000570429,-0.840984,-0.00136848,0.0512493,0.293762,1.86628,0.976536,12.0846,0.0004589,0.0566109,-0.0449446,0.629286,0.503261,1
3940,387.195,0.335359,-0.0152816,-0.000809483,-0.839697,-0.00144398,0.0512459,0.289558,1.87714,0.605047,12.6692,0.000683409,0.0567816,-0.0457479,0.629286,0.503261,1
3950,385.73,0.331935,-0.0156476,-0.000955486,-0.838088,-0.00152134,0.0512414,0.285363,1.47656,0.335352,13.2937,0.000640481,0.0565912,-0.0465222,0.629286,0.503261,1
3960,367.335,0.328086,-0.0159159,-0.00103865,-0.83716,-0.00160028,0.0512365,0.281174,1.33152,0.386815,13.6173,0.000374114,0.0562925,-0.046867,0.629269,0.50341,1
3970,342.843,0.324111,-0.0161643,-0.00114182,-0.837389,-0.0016805,0.051231,0.276987,1.16249,0.482018,13.9546,2.26974e-005,0.0559699,-0.0470849,0.629269,0.50341,1
3980,319.548,0.320565,-0.0163935,-0.00127073,-0.839006,-0.00176191,0.051225,0.272797,0.987438,0.579048,14.2398,-0.000520996,0.0555409,-0.0477373,0.629269,0.50341,1
3990,299.142,0.317575,-0.0166096,-0.00142241,-0.841994,-0.00184443,0.0512183,0.268595,0.848819,0.64439,14.4746,-0.00137764,0.0551372,-0.0489555,0.629269,0.50341,1
4000,283.337,0.314625,-0.0168168,-0.00159048,-0.846404,-0.001928,0.0512108,0.264374,0.6081,0.852592,15.0403,-0.00201939,0.0551041,-0.0502269,0.629953,0.502812,1
4010,282.57,0.311159,-0.0169715,-0.00181048,-0.851496,-0.00201248,0.0512023,0.26013,0.415431,0.896395,15.3868,-0.0019717,0.0553451,-0.0510014,0.630456,0.502654,1
4020,270.834,0.307242,-0.0170771,-0.0020405,-0.857046,-0.00209761,0.0511926,0.255859,0.16412,0.932156,15.8328,-0.00141324,0.0553269,-0.0513541,0.631128,0.502456,1
4030,250.401,0.303371,-0.0171571,-0.00228642,-0.86444,-0.00218319,0.0511818,0.251557,-0.0563201,0.987184,16.301,-0.000836946,0.0547816,-0.0517887,0.6315,0.502236,1
4040,241.26,0.29964,-0.0172238,-0.00255658,-0.873476,-0.00226912,0.0511697,0.247214,-0.170257,1.09181,16.6958,-0.000360407,0.0538967,-0.0524069,0.632169,0.501776,1
4050,252.912,0.295769,-0.0172733,-0.00285885,-0.882411,-0.00235535,0.0511562,0.242825,-0.176152,1.23109,17.0158,1.09304e-005,0.053028,-0.0529283,0.632816,0.501264,1
4060,275.842,0.291517,-0.0172907,-0.00319077,-0.889649,-0.00244176,0.0511411,0.238395,-0.150023,1.35821,17.2628,0.000220766,0.0524288,-0.0531073,0.633235,0.500853,1
4070,307.114,0.286694,-0.0172677,-0.00353563,-0.894441,-0.00252817,0.0511243,0.233934,-0.112336,1.38734,17.383,0.000324011,0.0523578,-0.0527429,0.63355,0.500468,1
4080,325.045,0.281331,-0.0172244,-0.00385938,-0.897475,-0.00261441,0.0511058,0.229453,-0.028644,1.23147,17.2767,0.000402219,0.0527478,-0.0518569,0.633684,0.500275,1
4090,330.967,0.276144,-0.0171939,-0.00411587,-0.899732,-0.00270045,0.0510858,0.22496,0.0925969,0.888399,17.004,0.000338746,0.0532781,-0.0511592,0.633794,0.500176,1
4100,327.73,0.271829,-0.0171993,-0.00426588,-0.901852,-0.00278642,0.0510648,0.220455,0.288429,0.353393,16.6094,-8.84658e-005,0.0536026,-0.0513487,0.634119,0.499917,1
4110,319.811,0.268059,-0.0172781,-0.00425029,-0.904275,-0.00287258,0.0510434,0.21594,0.620187,-0.459192,16.0821,-0.000681446,0.0539128,-0.052095,0.634708,0.499468,1
4120,317.432,0.263874,-0.017466,-0.0039852,-0.90686,-0.0029594,0.0510227,0.211411,1.15073,-1.77894,15.2369,-0.001047,0.0543745,-0.0524346,0.635401,0.498957,1
4130,309.849,0.259018,-0.0178417,-0.00325262,-0.909359,-0.00304756,0.0510043,0.206871,2.16784,-4.36305,13.6027,-0.00104947,0.0549531,-0.0521091,0.636057,0.498491,1
4140,283.188,0.254014,-0.0186217,-0.00162776,-0.912687,-0.00313847,0.0509916,0.202316,4.36623,-9.30335,10.351,-0.000932816,0.0554191,-0.05165,0.636529,0.498174,1
4150,247.13,0.249335,-0.0202449,0.0016626,-0.917706,-0.00323515,0.0509908,0.197742,8.46791,-17.7441,4.54058,-0.000552952,0.0558335,-0.0515317,0.636814,0.497995,1
4160,212.71,0.244934,-0.0231025,0.00732495,-0.925426,-0.00334294,0.0510122,0.193137,12.9242,-27.6965,-2.05684,0.000125604,0.0561106,-0.0517189,0.637016,0.497887,1
4170,197.217,0.240643,-0.0269925,0.0151371,-0.935669,-0.00346777,0.0510677,0.188488,15.6034,-32.9836,-5.04198,0.000775847,0.0562102,-0.0520628,0.637096,0.49786,1
4180,204.021,0.236412,-0.0313345,0.0235141,-0.94635,-0.00361343,0.0511644,0.183786,16.1269,-31.8285,-2.79218,0.000957507,0.0560789,-0.0525315,0.637096,0.49786,1
4190,218.472,0.232134,-0.0354947,0.0311767,-0.956175,-0.00378063,0.0513014,0.179031,14.2295,-27.853,0.87013,0.000840542,0.0558703,-0.0530119,0.637096,0.49786,1
4200,247.925,0.227611,-0.0392387,0.0383315,-0.963235,-0.00396743,0.0514751,0.174233,14.317,-28.9653,0.513075,0.000461496,0.0554033,-0.0533014,0.637096,0.49786,1
4210,275.035,0.223045,-0.04303,0.0460252,-0.966499,-0.00417305,0.0516857,0.169408,14.8352,-31.4021,-1.1091,-0.000305554,0.0547519,-0.0535826,0.637096,0.49786,1
4220,306.005,0.218818,-0.0466073,0.0537879,-0.966909,-0.00439734,0.0519354,0.164573,13.3951,-30.3165,-1.65698,-0.00129182,0.0540817,-0.0542123,0.637096,0.49786,1
4230,334.482,0.214649,-0.0494005,0.0605759,-0.964829,-0.00463783,0.052222,0.159743,9.56908,-24.8406,-1.25768,-0.00165514,0.0535967,-0.0548807,0.637096,0.49786,1
4240,350.645,0.209902,-0.0510935,0.0658537,-0.96136,-0.00488956,0.0525387,0.154926,5.54589,-19.6874,-2.29944,-0.00135052,0.0530622,-0.054945,0.637096,0.49786,1
4250,354.999,0.204736,-0.051934,0.0700083,-0.956721,-0.00514743,0.0528787,0.15013,3.28134,-16.6601,-5.6201,-0.000991612,0.0525251,-0.0545642,0.637096,0.49786,1
4260,341.684,0.199713,-0.0524425,0.073824,-0.951241,-0.00540846,0.0532384,0.145358,2.67309,-16.4729,-11.6858,-0.000975881,0.0520556,-0.0543023,0.637096,0.49786,1
4270,314.245,0.194649,-0.0532653,0.0778035,-0.945565,-0.00567243,0.0536174,0.140616,5.38126,-16.8596,-18.3502,-0.000872874,0.0518633,-0.0539661,0.637096,0.49786,1
4280,300.119,0.189014,-0.0550024,0.0820206,-0.939747,-0.00594271,0.0540169,0.135902,9.07547,-16.9472,-25.6647,-0.000656266,0.0518705,-0.0530255,0.637096,0.49786,1
4290,286.1,0.182917,-0.0580053,0.0860151,-0.932881,-0.00622456,0.0544371,0.13122,14.8394,-15.16,-34.1238,-0.000605848,0.0520485,-0.051595,0.637096,0.49786,1
4300,275.029,0.176765,-0.0621947,0.089892,-0.925136,-0.00652471,0.0548769,0.126575,17.7458,-14.6194,-42.5199,-0.000914818,0.052138,-0.0500795,0.637096,0.49786,1
4310,257.21,0.170634,-0.0670033,0.093808,-0.916252,-0.0068475,0.0553359,0.121972,18.3904,-15.529,-52.5191,-0.00123533,0.0520516,-0.0485382,0.637096,0.49786,1
4320,229.107,0.164554,-0.0712564,0.0985892,-0.907413,-0.00719362,0.0558163,0.117415,12.0861,-17.8692,-63.8037,-0.00137467,0.0519566,-0.0469912,0.637096,0.49786,1
4330,216.202,0.158874,-0.0741039,0.104307,-0.89818,-0.00755753,0.0563228,0.112902,4.81733,-22.0845,-76.6623,-0.00116492,0.0524316,-0.0457954,0.637096,0.49786,1
4340,214.233,0.153806,-0.0744963,0.111769,-0.886288,-0.00793017,0.0568619,0.108442,-7.4326,-28.9657,-91.0582,-0.000690842,0.0533308,-0.0451533,0.637096,0.49786,1
4350,221.947,0.148877,-0.0723434,0.120567,-0.869927,-0.00829798,0.0574421,0.104051,-15.9035,-32.816,-108.826,-2.69314e-005,0.0539674,-0.0445557,0.637393,0.498052,1
4360,239.64,0.143595,-0.0674511,0.129627,-0.846777,-0.00864856,0.0580676,0.0997574,-25.8119,-31.1842,-129.597,0.000530754,0.0541277,-0.0434899,0.637493,0.498117,1
4370,255.52,0.138171,-0.0621617,0.13736,-0.816714,-0.00897175,0.0587354,0.0955972,-18.9288,-27.3071,-147.071,0.000745094,0.0543611,-0.0421624,0.637586,0.498153,1
4380,279.559,0.133219,-0.0580775,0.144971,-0.78074,-0.00927201,0.0594409,0.0916016,-15.2311,-30.4601,-163.321,0.000434938,0.0547702,-0.0411811,0.637837,0.498231,1
4390,307.738,0.128857,-0.0545994,0.152914,-0.738262,-0.00955377,0.0601854,0.0878014,-15.5939,-34.0988,-182.251,-0.000170426,0.0551029,-0.0406126,0.638346,0.498369,1
4400,327.041,0.124902,-0.0495912,0.161842,-0.689774,-0.00981507,0.060972,0.0842287,-22.3913,-38.2905,-200.439,-0.000813798,0.055219,-0.0402159,0.638852,0.498488,1
4410,354.355,0.121234,-0.0440795,0.170626,-0.636314,-0.0100493,0.0618035,0.0809112,-22.7734,-37.6146,-214.009,-0.00115268,0.0549994,-0.0398042,0.639225,0.498559,1
4420,366.369,0.117948,-0.0368623,0.178841,-0.579256,-0.0102529,0.0626781,0.0778703,-34.1222,-31.1992,-225.462,-0.000858692,0.0541974,-0.0393968,0.63935,0.498574,1
4430,370.824,0.114958,-0.0266389,0.183332,-0.519529,-0.0104133,0.0635858,0.0751217,-48.9272,-12.4287,-235.494,0.000199827,0.0531502,-0.0388691,0.63935,0.498574,1
4440,362.383,0.112439,-0.0134393,0.183158,-0.458426,-0.0105136,0.0645044,0.0726762,-50.1888,9.44386,-237.898,0.00153379,0.0525556,-0.0384751,0.63935,0.498574,1
4450,332.284,0.110628,-0.00335968,0.177004,-0.398675,-0.0105535,0.0654072,0.0705343,-30.7596,31.5918,-230.749,0.00243127,0.0525432,-0.038573,0.63935,0.498574,1
4460,318.303,0.109513,0.00208163,0.167623,-0.342702,-0.010555,0.06627,0.0686824,-14.1713,43.2492,-216.458,0.00266076,0.0526885,-0.039179,0.63935,0.498574,1
4470,317.491,0.108347,0.00447715,0.154823,-0.290064,-0.0105378,0.0670776,0.0671016,-6.60218,57.1094,-204.608,0.0024713,0.052804,-0.0395098,0.63935,0.498574,1
4480,308.956,0.106592,0.00522963,0.138549,-0.240619,-0.0105127,0.0678129,0.0657762,0.589002,74.8001,-192.694,0.00214618,0.053083,-0.0390316,0.639553,0.498616,1
4490,275.582,0.104609,0.00485496,0.118337,-0.194054,-0.0104875,0.0684562,0.0646907,0.886479,86.499,-184.159,0.00169298,0.053418,-0.0381129,0.640226,0.498738,1
4500,237.35,0.103341,0.00414442,0.0957709,-0.150506,-0.0104643,0.0689928,0.0638309,7.86776,102.31,-173.335,0.0012796,0.0537459,-0.0377018,0.641184,0.498895,1
4510,229.463,0.102846,-0.000209547,0.0685369,-0.110176,-0.0104521,0.0694056,0.0631809,29.8771,122.216,-158.75,0.00109734,0.0541921,-0.0378756,0.642301,0.499064,1
4520,234.928,0.102488,-0.0121607,0.0344294,-0.0737295,-0.010479,0.069667,0.062723,66.9672,159.289,-141.416,0.00120479,0.0548433,-0.0380121,0.643238,0.499195,1
4530,243.807,0.101843,-0.0305013,-0.00718214,-0.03999,-0.0105852,0.0697361,0.0624392,71.0466,167.967,-135.673,0.00140882,0.0552025,-0.0376454,0.643913,0.499289,1
4540,263.517,0.101274,-0.0449154,-0.0466614,-0.00648598,-0.010777,0.0695994,0.0623229,40.1864,147.572,-136.953,0.00185205,0.0552529,-0.037131,0.644362,0.499349,1
4550,268.059,0.101193,-0.0499063,-0.0797235,0.028147,-0.0110182,0.0692804,0.0623765,1.35515,118.102,-140.825,0.00230458,0.0552313,-0.0369474,0.644764,0.499392,1
4560,265.663,0.101809,-0.0483392,-0.107116,0.062542,-0.011265,0.0688118,0.0626038,-11.4864,102.016,-134.893,0.00213987,0.0552968,-0.0374101,0.645225,0.499435,1
4570,264.092,0.102766,-0.0449755,-0.129899,0.0953339,-0.0114988,0.0682168,0.0629992,-16.2647,78.431,-127.155,0.001138,0.05518,-0.0381497,0.645478,0.499446,1
4580,255.302,0.103534,-0.0411282,-0.148109,0.126011,-0.0117141,0.0675205,0.0635534,-17.4043,63.4641,-117.446,0.000407626,0.0552686,-0.0385357,0.645478,0.499446,1
4590,248.476,0.103694,-0.0353719,-0.161121,0.155127,-0.0119067,0.0667447,0.0642565,-30.436,35.7659,-111.98,0.00047583,0.0556629,-0.0380974,0.645478,0.499446,1
4600,238.447,0.103601,-0.0276686,-0.169142,0.182983,-0.0120644,0.0659181,0.0651021,-32.515,22.3613,-105.591,0.000811076,0.0561142,-0.0372267,0.645478,0.499446,1
4610,234.164,0.103973,-0.019244,-0.174282,0.210321,-0.012182,0.0650587,0.066085,-34.7559,12.7471,-103.844,0.000817221,0.0562532,-0.0366961,0.645478,0.499446,1
4620,242.078,0.105272,-0.0125858,-0.180394,0.236942,-0.0122598,0.0641741,0.0672033,-19.1105,28.6745,-99.5818,0.00074468,0.0563082,-0.0369655,0.645478,0.499446,1
4630,245.624,0.106938,-0.00873571,-0.189618,0.262836,-0.0123126,0.0632501,0.0684526,-13.2363,37.2929,-97.8837,0.000465836,0.0560146,-0.0374722,0.645478,0.499446,1
4640,243.444,0.108336,-0.00534935,-0.200601,0.288351,-0.0123486,0.0622748,0.0698303,-21.6507,35.3347,-96.0457,3.37556e-005,0.055244,-0.0375662,0.645495,0.499443,1
4650,248.094,0.109569,0.00454502,-0.207265,0.313978,-0.0123543,0.0612529,0.0713356,-55.2272,12.894,-96.7535,-9.37242e-005,0.054158,-0.037314,0.645615,0.49942,1
4660,259.332,0.111399,0.0190433,-0.210965,0.338879,-0.0122955,0.0602072,0.0729681,-57.6294,9.28512,-91.2779,0.000379159,0.0532885,-0.0374906,0.64577,0.499379,1
4670,270.336,0.114042,0.0318866,-0.213253,0.36129,-0.0121666,0.0591462,0.0747196,-41.4585,5.28185,-79.5529,0.000751747,0.0526695,-0.0384032,0.645813,0.499382,1
4680,268.753,0.116932,0.0392476,-0.214953,0.380471,-0.0119865,0.0580754,0.0765749,-20.9352,0.316178,-67.9658,0.000837709,0.0523952,-0.039513,0.645813,0.499382,1
4690,276.827,0.119359,0.0440646,-0.213677,0.397469,-0.0117779,0.0570024,0.0785203,-17.301,-13.4591,-61.6643,0.00113769,0.0524526,-0.0400509,0.645813,0.499382,1
4700,296.49,0.121254,0.0482091,-0.209797,0.412998,-0.0115473,0.0559429,0.0805467,-17.9013,-20.2947,-61.2995,0.00182645,0.0528963,-0.0399293,0.645954,0.499384,1
4710,326.259,0.123025,0.0536549,-0.203563,0.428392,-0.0112934,0.0549085,0.0826501,-26.0784,-27.1867,-66.9735,0.00224774,0.0534157,-0.0396187,0.645983,0.499383,1
4720,354.656,0.125144,0.0610737,-0.195425,0.445041,-0.0110077,0.0539098,0.084833,-37.2743,-37.0454,-79.8166,0.00212974,0.0538799,-0.0396192,0.645983,0.499383,1
4730,345.225,0.127808,0.0718604,-0.182556,0.46492,-0.0106765,0.0529623,0.0871068,-48.9228,-59.2292,-93.0041,0.00162115,0.0542878,-0.0401011,0.645983,0.499383,1
4740,301.177,0.130845,0.0836576,-0.166537,0.487329,-0.0102876,0.052089,0.0894871,-46.8412,-67.2442,-91.8467,0.000893232,0.0548091,-0.0408511,0.645983,0.499383,1
4750,273.308,0.133932,0.0939549,-0.149294,0.50953,-0.00984201,0.0512991,0.0919798,-31.222,-71.6784,-80.0959,7.06448e-005,0.055236,-0.0415265,0.645983,0.499383,1
4760,270.738,0.136974,0.0995932,-0.132356,0.529184,-0.00935659,0.0505954,0.0945774,-15.7576,-68.744,-67.8947,-0.000481823,0.0554559,-0.0420226,0.645983,0.499383,1
4770,278.923,0.140277,0.10298,-0.116017,0.546201,-0.00884946,0.049975,0.0972666,-8.89809,-63.2559,-59.7221,-0.000646395,0.0555879,-0.0426576,0.645983,0.499383,1
4780,288.195,0.143965,0.104801,-0.102306,0.560823,-0.00832982,0.0494308,0.100035,-7.04354,-48.6774,-52.1002,-0.000659328,0.0557272,-0.0435878,0.645983,0.499383,1
4790,300.532,0.147603,0.107157,-0.0920532,0.573234,-0.00780033,0.0489464,0.102871,-11.3146,-34.155,-46.1628,-0.000655741,0.0557055,-0.0444044,0.645983,0.499383,1
4800,326.782,0.150601,0.11108,-0.0847033,0.583444,-0.00725595,0.0485052,0.105764,-23.8407,-26.7192,-41.8424,-0.000415211,0.0555586,-0.0445163,0.645983,0.499383,1
4810,346.945,0.153232,0.118487,-0.0780344,0.591981,-0.00668319,0.0480984,0.108703,-36.284,-24.9827,-41.1013,0.000148769,0.0554753,-0.0441988,0.645983,0.499383,1
4820,352.001,0.156266,0.127836,-0.0718329,0.599851,-0.00606798,0.0477239,0.111683,-43.086,-22.9258,-39.501,0.000613555,0.055387,-0.0442511,0.646018,0.499358,1
4830,353.158,0.160126,0.138019,-0.0665088,0.606905,-0.00540289,0.0473786,0.114701,-40.4683,-17.0728,-34.6605,0.00069504,0.055272,-0.0451132,0.646018,0.499358,1
4840,352.424,0.164347,0.146738,-0.0627415,0.611991,-0.0046903,0.0470559,0.11775,-34.934,-12.0397,-24.6678,0.000446756,0.0551423,-0.046317,0.646018,0.499358,1
4850,346.978,0.168459,0.153659,-0.0601588,0.614688,-0.00393798,0.0467492,0.120819,-23.857,-6.85096,-14.5237,0.000127426,0.0549349,-0.0473923,0.646018,0.499358,1
4860,340.181,0.172495,0.157883,-0.0586292,0.61509,-0.00315817,0.0464524,0.123894,-15.6085,-4.483,-5.34069,-0.000371115,0.0546267,-0.0483844,0.646071,0.499066,1
4870,330.274,0.176925,0.160754,-0.0576601,0.614211,-0.00236106,0.0461619,0.126968,-11.4549,-2.15139,-0.498971,-0.000991154,0.0546656,-0.0497467,0.646108,0.498786,1
4880,332.208,0.181776,0.163432,-0.0570756,0.612417,-0.00155082,0.0458751,0.130036,-14.4013,-1.56215,2.6105,-0.00173056,0.0550037,-0.0515112,0.646117,0.498551,1
4890,308.172,0.186777,0.167234,-0.056785,0.610596,-0.000724585,0.0455907,0.133093,-17.9999,0.0600395,3.98465,-0.00234292,0.0553059,-0.0534245,0.646114,0.498381,1
4900,272.741,0.191532,0.172161,-0.0569568,0.609961,0.000123402,0.0453065,0.136144,-20.0392,0.805696,6.07151,-0.00264633,0.0553274,-0.0551054,0.646112,0.498356,1
4910,244.092,0.19584,0.177681,-0.0575575,0.610892,0.000997823,0.0450205,0.139195,-17.8923,2.03015,7.72546,-0.00221642,0.055324,-0.056348,0.646073,0.498048,1
4920,220.824,0.199786,0.183251,-0.0585358,0.61324,0.00189968,0.0447304,0.142253,-16.6003,2.37036,9.50175,-0.00132585,0.0553288,-0.0572253,0.645993,0.497592,1
4930,206.16,0.20404,0.189063,-0.0597923,0.617241,0.00283006,0.0444348,0.145327,-13.9189,2.43493,11.3409,-0.000475126,0.0554029,-0.0583908,0.645925,0.497293,1
4940,217.065,0.209103,0.194107,-0.0608665,0.620529,0.00378798,0.0441332,0.148421,-10.4843,1.16445,14.3041,-0.000172262,0.0552389,-0.0603491,0.645882,0.497135,1
4950,231.102,0.214566,0.197836,-0.0615645,0.621858,0.004768,0.0438271,0.151526,-6.60253,0.382307,16.624,-0.000272311,0.054865,-0.0626964,0.645819,0.496926,1
4960,237.474,0.219434,0.200541,-0.0620131,0.621805,0.00576388,0.0435182,0.154635,-4.44716,-0.0747036,18.0008,-0.000797727,0.0544658,-0.0644279,0.64575,0.496727,1
4970,241.757,0.223317,0.202746,-0.0623744,0.621177,0.00677194,0.0432073,0.157741,-3.24876,-0.188195,18.5831,-0.00137793,0.0543589,-0.065148,0.645641,0.496453,1
4980,253.641,0.226862,0.204567,-0.0626298,0.619814,0.00779012,0.0428948,0.160844,-2.93824,-0.545639,18.6434,-0.00174509,0.0544104,-0.065525,0.645472,0.496083,1
4990,283.644,0.230809,0.205875,-0.0626702,0.617044,0.00881638,0.0425815,0.163936,-2.61455,-0.664555,18.8534,-0.00165064,0.0545792,-0.066323,0.645352,0.495867,1
5000,330.237,0.234989,0.206338,-0.0624521,0.611901,0.00984729,0.0422686,0.16701,-2.13295,-0.683968,18.7384,-0.00122634,0.0544583,-0.0674015,0.645,0.495975,1
5010,358.828,0.238681,0.206102,-0.0620776,0.605154,0.0108788,0.0419572,0.170053,-1.79107,-0.437224,18.6031,-0.000334965,0.0540039,-0.0680594,0.644647,0.495983,1
5020,369.821,0.241776,0.205577,-0.0617036,0.597835,0.0119083,0.0416477,0.173061,-1.46348,-0.336417,18.655,0.00050024,0.0535817,-0.0681505,0.644013,0.495959,1
5030,370.98,0.244887,0.204903,-0.0613317,0.59032,0.0129348,0.04134,0.176032,-1.15251,-0.249854,18.6912,0.000714506,0.0537582,-0.0682344,0.643316,0.495905,1
5040,345.977,0.248515,0.204293,-0.0610315,0.583261,0.0139579,0.0410341,0.178967,-0.697607,-0.117079,18.6385,0.00011737,0.0541776,-0.0688142,0.64243,0.495817,1
5050,300.198,0.252505,0.204017,-0.0609224,0.577667,0.0149785,0.0407293,0.181868,0.151919,0.0842985,18.63,-0.000669791,0.0545335,-0.0697725,0.641559,0.495744,1
5060,255.475,0.256405,0.204392,-0.0611247,0.574426,0.0159991,0.0404243,0.184747,0.65306,0.383352,18.5265,-0.00130968,0.0546768,-0.0706757,0.640773,0.495723,1
5070,237.94,0.259807,0.205393,-0.0616085,0.573184,0.0170231,0.0401177,0.187615,0.99839,0.630785,17.8705,-0.00157194,0.0547939,-0.0711097,0.639944,0.495742,1
5080,237.604,0.262578,0.206495,-0.0621887,0.572499,0.0180525,0.0398083,0.190478,0.953848,0.773027,17.7797,-0.00141398,0.0548963,-0.0709419,0.638953,0.49578,1
5090,227.509,0.264969,0.207684,-0.0628264,0.572108,0.0190875,0.0394959,0.193338,1.20649,0.831437,17.8123,-0.000748568,0.0550563,-0.0704287,0.637779,0.495822,1
5100,216.394,0.26747,0.20924,-0.0636115,0.572856,0.0201292,0.03918,0.196199,1.41426,0.896979,17.8317,1.25609e-005,0.0550072,-0.0700438,0.636574,0.495868,1
5110,226.53,0.270094,0.210748,-0.0644126,0.573551,0.0211789,0.0388601,0.199064,1.50346,0.953284,17.8616,0.000541623,0.0547109,-0.0697729,0.635533,0.495916,1
5120,255.104,0.272449,0.211678,-0.0650483,0.572644,0.0222349,0.0385364,0.20193,1.49573,0.961718,17.8374,0.000691501,0.0544297,-0.0692006,0.634823,0.495934,1
5130,287.992,0.274528,0.211775,-0.0654397,0.569597,0.0232938,0.0382101,0.204786,1.89086,0.921082,17.9113,0.000557724,0.0544612,-0.068316,0.63429,0.495918,1
5140,313.045,0.276926,0.211218,-0.0656515,0.56508,0.0243515,0.0378823,0.207623,2.38748,0.858024,17.9233,9.71777e-005,0.0546165,-0.067731,0.63371,0.495874,1
5150,340.242,0.279837,0.210119,-0.0657168,0.559423,0.0254051,0.0375538,0.210435,2.72563,0.840909,17.8447,-0.000491393,0.0545125,-0.0676843,0.633206,0.495838,1
5160,354.209,0.282843,0.208705,-0.0657017,0.55309,0.0264525,0.0372252,0.213217,2.77133,0.882852,17.6665,-0.00090031,0.0539939,-0.0678003,0.632897,0.495828,1
5170,354.528,0.285545,0.207207,-0.0656658,0.546562,0.0274924,0.0368967,0.215966,2.66877,0.923593,17.4647,-0.0010475,0.0534915,-0.0676638,0.632872,0.495828,1
5180,346.317,0.288084,0.205838,-0.0656636,0.540351,0.0285252,0.0365684,0.218684,2.65988,1.03581,17.5878,-0.00127868,0.0535352,-0.0673511,0.632872,0.495828,1
5190,354.502,0.290681,0.204465,-0.0656699,0.534102,0.0295511,0.0362399,0.221371,2.56019,0.8925,17.4453,-0.00178812,0.0540081,-0.0670689,0.632872,0.495828,1
5200,350.966,0.293334,0.203035,-0.0656111,0.527715,0.0305701,0.0359117,0.224026,2.51258,0.713571,17.267,-0.00226889,0.0546553,-0.0668607,0.632872,0.495828,1
5210,305.465,0.295908,0.201992,-0.0656312,0.522347,0.0315824,0.0355836,0.22665,2.437,0.5882,17.0528,-0.00232626,0.0554389,-0.0666365,0.632872,0.495828,1
5220,244.485,0.298427,0.201954,-0.0659465,0.519564,0.0325916,0.0352549,0.229254,2.29579,0.51088,16.8688,-0.0019621,0.0560234,-0.0664374,0.632872,0.495828,1
5230,207.342,0.300849,0.203223,-0.0666633,0.520068,0.0336036,0.0349236,0.23185,2.15618,0.478687,16.7093,-0.00150503,0.0557817,-0.0662141,0.632872,0.495828,1
5240,212.193,0.30296,0.205023,-0.0675452,0.521882,0.0346238,0.0345883,0.234454,1.94433,0.35195,16.2193,-0.00100196,0.0549624,-0.0657135,0.632872,0.495828,1
5250,232.415,0.304723,0.206252,-0.0682053,0.52222,0.0356518,0.034249,0.237064,1.78075,0.425963,16.3237,-0.000559181,0.054085,-0.0648487,0.632872,0.495828,1
5260,223.457,0.306524,0.2074,-0.0688484,0.522209,0.0366854,0.0339065,0.239673,1.75113,0.516911,16.1198,-0.000445847,0.0535344,-0.0639597,0.632872,0.495828,1
5270,208.142,0.308666,0.209073,-0.069686,0.523498,0.0377258,0.0335604,0.242286,1.67224,0.612404,15.9631,-0.000814079,0.0534204,-0.0633195,0.63244,0.495982,1
5280,213.37,0.310987,0.210934,-0.0706026,0.525212,0.0387753,0.0332099,0.244906,1.57417,0.674262,15.8112,-0.00128802,0.0538867,-0.062795,0.631884,0.496216,1
5290,251.506,0.313276,0.212126,-0.0712993,0.52522,0.0398331,0.0328551,0.247533,1.50669,0.680207,15.6355,-0.00176563,0.0544328,-0.0622187,0.631196,0.49655,1
5300,283.688,0.315656,0.212298,-0.0716408,0.52269,0.0408943,0.0324977,0.250153,1.21331,0.639875,15.1597,-0.00210235,0.0547572,-0.0617679,0.630627,0.496869,1
5310,279.253,0.318307,0.212324,-0.071901,0.519718,0.0419557,0.0321389,0.252759,0.764117,0.884394,14.7086,-0.00214287,0.054819,-0.0616623,0.630266,0.497113,1
5320,274.609,0.321088,0.212634,-0.0722835,0.517281,0.0430179,0.0317785,0.255351,0.644479,0.884083,14.5286,-0.00162154,0.0549975,-0.0617708,0.630029,0.497313,1
5330,291.593,0.323852,0.212809,-0.0726193,0.514481,0.0440816,0.0314162,0.25793,0.541436,0.951892,14.3534,-0.000918561,0.0551662,-0.0618997,0.629978,0.497377,1
5340,302.086,0.326706,0.212695,-0.0728676,0.510967,0.0451454,0.0310525,0.260494,0.44475,1.0321,14.1618,-0.000385876,0.0551971,-0.0621215,0.629978,0.497377,1
5350,296.097,0.329755,0.212614,-0.073143,0.507533,0.0462086,0.0306875,0.26304,0.381017,1.13603,13.9556,-0.000391476,0.0548778,-0.0625085,0.629978,0.497377,1
5360,285.454,0.332827,0.212687,-0.0734958,0.504481,0.0472717,0.030321,0.26557,0.177683,1.65391,13.4139,-0.000686683,0.0546512,-0.0628843,0.62995,0.497457,1
5370,275.039,0.335783,0.213064,-0.0740575,0.502154,0.0483359,0.0299522,0.268086,0.0893252,2.11644,12.8484,-0.000943074,0.0547619,-0.0631334,0.629937,0.497543,1
5380,274.279,0.338759,0.213561,-0.0747488,0.500176,0.0494023,0.0295802,0.270591,-0.276376,2.22015,11.9241,-0.000728287,0.055358,-0.0634446,0.629938,0.497737,1
5390,268.468,0.341903,0.214211,-0.07548,0.498548,0.0504715,0.0292047,0.273088,-0.894095,2.2569,11.3538,-0.000245695,0.0558993,-0.0639771,0.629958,0.498224,1
5400,270.628,0.34508,0.215099,-0.0762458,0.497254,0.0515446,0.0288254,0.275577,-1.32273,1.98942,11.1083,0.000254202,0.0559322,-0.0645923,0.630009,0.49895,1
5410,289.973,0.347986,0.215806,-0.0768516,0.495358,0.0526219,0.0284426,0.278058,-1.47053,1.86432,10.9034,0.000385779,0.05506,-0.0649538,0.630074,0.499573,1
5420,290.173,0.350603,0.216323,-0.0773422,0.492978,0.0537022,0.0280571,0.280529,-1.65676,1.72052,10.7215,0.000226955,0.0539623,-0.0650017,0.630127,0.499934,1
5430,278.184,0.353222,0.217092,-0.0778735,0.491101,0.0547855,0.0276691,0.282989,-1.84678,1.60398,10.5691,-0.000243121,0.0534553,-0.0649664,0.630203,0.500313,1
5440,279.553,0.356131,0.217996,-0.0784049,0.48945,0.0558731,0.0272784,0.28544,-2.17094,1.12524,10.078,-0.000856712,0.0539004,-0.0651338,0.630338,0.500893,1
5450,283.926,0.35931,0.218898,-0.0788092,0.487753,0.0569653,0.0268854,0.287883,-2.21078,1.40232,9.54006,-0.00153017,0.054731,-0.0655381,0.630509,0.501541,1
5460,295.809,0.362499,0.219652,-0.079219,0.485829,0.0580617,0.0264903,0.290317,-2.42206,1.25891,9.15621,-0.00187239,0.0556123,-0.0660045,0.630703,0.502212,1
5470,298.429,0.365501,0.220272,-0.0795349,0.483589,0.0591615,0.0260935,0.292741,-2.4789,1.25963,9.13537,-0.00178681,0.0562128,-0.0663822,0.630846,0.502748,1
5480,292.602,0.368369,0.220993,-0.0798801,0.481553,0.0602646,0.0256949,0.295153,-2.52754,0.900327,8.72275,-0.00118768,0.056545,-0.0667417,0.630875,0.502907,1
5490,294.196,0.371389,0.221774,-0.0801625,0.479713,0.0613715,0.0252948,0.297556,-3.14866,1.25646,7.91074,-0.000512775,0.0566358,-0.0672966,0.630875,0.502907,1
5500,312.195,0.374946,0.222511,-0.0804567,0.477671,0.0624823,0.0248932,0.29995,-3.13227,1.24164,7.83464,-0.000197393,0.0565052,-0.0683655,0.630875,0.502907,1
5510,339.991,0.379033,0.222807,-0.0805911,0.474725,0.0635959,0.0244905,0.302332,-3.08029,1.22712,7.76576,-0.0004902,0.0559417,-0.0699184,0.630875,0.502907,1
5520,347.263,0.383131,0.222826,-0.0806282,0.471253,0.0647102,0.0240874,0.304697,-2.9938,1.21712,7.69977,-0.00102133,0.0551796,-0.0714705,0.630875,0.502907,1
5530,337.923,0.386786,0.222843,-0.0806707,0.467849,0.0658245,0.0236841,0.307045,-2.90613,1.20855,7.62812,-0.00167285,0.0546926,-0.0725414,0.630875,0.502907,1
5540,314.052,0.390311,0.223138,-0.0808156,0.465103,0.0669394,0.0232804,0.309377,-2.82713,1.17192,7.50937,-0.0023144,0.0549736,-0.0734308,0.630875,0.502907,1
5550,296.172,0.394316,0.223749,-0.0810707,0.463103,0.0680566,0.0228757,0.311698,-2.72427,1.10487,7.33711,-0.00274004,0.0560475,-0.0747893,0.630875,0.502907,1
5560,273.074,0.398813,0.224727,-0.0814491,0.461964,0.0691775,0.0224695,0.31401,-2.591,1.02121,7.14581,-0.00268817,0.0572419,-0.0767302,0.630875,0.502907,1
5570,247.792,0.402954,0.226252,-0.0820214,0.462065,0.0703045,0.022061,0.316319,-2.44899,0.964374,6.93888,-0.002519,0.0576361,-0.0784005,0.630875,0.502907,1
5580,230.132,0.40615,0.228368,-0.0828063,0.463459,0.0714404,0.0216491,0.318631,-2.35906,0.923964,6.79822,-0.00264677,0.0570683,-0.0791305,0.630757,0.502537,1
5590,238.033,0.408684,0.230596,-0.0836299,0.465134,0.0725875,0.0212332,0.320952,-2.30082,0.881439,6.66226,-0.00317226,0.0560423,-0.079137,0.630651,0.502184,1
5600,252.345,0.411353,0.232452,-0.0843067,0.46609,0.073745,0.0208134,0.32328,-2.27704,0.803797,6.53982,-0.00371475,0.0549085,-0.0792731,0.630556,0.501771,1
5610,278.423,0.414334,0.233754,-0.0847633,0.465969,0.0749106,0.0203906,0.32561,-2.26294,0.71586,6.38077,-0.00388744,0.0540412,-0.0797679,0.630496,0.501376,1
5620,295.236,0.417271,0.23454,-0.0850131,0.46485,0.0760814,0.0199662,0.327938,-2.26345,0.650272,6.2572,-0.00355803,0.0536815,-0.0802735,0.630484,0.501121,1
5630,289.755,0.419822,0.235205,-0.0852073,0.463523,0.0772557,0.0195406,0.330258,-2.26327,0.611197,6.13936,-0.00290347,0.0537589,-0.0804169,0.630497,0.500854,1
5640,267.695,0.422047,0.236254,-0.0855295,0.462968,0.078434,0.0191139,0.332574,-2.20416,0.591714,5.74272,-0.00226871,0.0538972,-0.0802225,0.630518,0.500525,1
5650,263.841,0.424081,0.237619,-0.0859626,0.463142,0.0796185,0.0186853,0.334889,-2.24434,0.521481,5.70504,-0.00192812,0.0540505,-0.0797727,0.630523,0.500238,1
5660,270.302,0.426324,0.238902,-0.0863404,0.463134,0.0808096,0.0182545,0.337204,-2.51558,0.239308,5.24305,-0.00201958,0.0542219,-0.0794466,0.630519,0.499921,1
5670,272.526,0.429058,0.240135,-0.0866188,0.463026,0.0820071,0.0178222,0.339519,-2.48394,0.223145,5.20455,-0.00230817,0.0546327,-0.0795596,0.630511,0.499536,1
5680,259.396,0.432021,0.241493,-0.0869436,0.463176,0.0832108,0.0173884,0.341834,-2.44798,0.230128,5.1698,-0.00248386,0.0552306,-0.0799077,0.6305,0.499282,1
5690,246.082,0.434533,0.243291,-0.0874327,0.464184,0.0844224,0.0169526,0.344152,-2.4299,0.25112,5.13294,-0.00223213,0.055878,-0.0798709,0.6305,0.499282,1
5700,248.436,0.43669,0.245212,-0.0879718,0.465427,0.0856433,0.0165142,0.346475,-2.42229,0.277086,5.09939,-0.00189116,0.0562107,-0.0795065,0.6305,0.499282,1
5710,262.256,0.439191,0.246913,-0.0884392,0.466261,0.0868735,0.0160732,0.348804,-2.39652,0.300215,5.02703,-0.00189152,0.0562263,-0.0794454,0.6305,0.499282,1
5720,289.876,0.442384,0.247995,-0.0886902,0.465966,0.088111,0.0156303,0.351135,-2.27254,0.0900344,4.44436,-0.0023284,0.0558346,-0.0800356,0.6305,0.499282,1
5730,297.824,0.445848,0.248636,-0.0887467,0.465046,0.0893526,0.0151867,0.353463,-2.18441,0.109061,4.32248,-0.0026813,0.0554737,-0.0809189,0.630616,0.49911,1
5740,297.234,0.449326,0.249209,-0.0887914,0.464076,0.0905972,0.0147429,0.355785,-2.08123,0.122674,4.17589,-0.00286325,0.055513,-0.0818185,0.630894,0.498717,1
5750,305.383,0.452938,0.249711,-0.0888226,0.463061,0.0918446,0.0142988,0.358103,-1.97298,0.12883,4.0034,-0.00288076,0.0560662,-0.0828449,0.6312,0.498308,1
5760,332.04,0.456825,0.249806,-0.0887198,0.461389,0.0930937,0.0138549,0.360415,-1.87921,0.147365,3.78421,-0.00296961,0.0563944,-0.0841651,0.631416,0.498042,1
5770,350.704,0.46077,0.249465,-0.0884755,0.459012,0.0943422,0.0134118,0.362716,-1.77441,0.154866,3.60378,-0.00321289,0.0562503,-0.085566,0.631541,0.497906,1
5780,347.288,0.464526,0.248984,-0.088194,0.456472,0.0955885,0.01297,0.365006,-1.67327,0.171883,3.43817,-0.00372926,0.0556584,-0.0867662,0.631781,0.497662,1
5790,322.238,0.467895,0.248751,-0.0880135,0.454474,0.0968328,0.0125295,0.367283,-1.58275,0.186448,3.30326,-0.00396494,0.0551168,-0.0876368,0.632162,0.497294,1
5800,302.158,0.470898,0.24892,-0.0879851,0.45328,0.0980769,0.0120896,0.369552,-1.50615,0.191279,3.19391,-0.00383344,0.055002,-0.0881792,0.632612,0.496877,1
5810,271.773,0.473743,0.24957,-0.0881326,0.45302,0.0993228,0.0116494,0.371817,-1.43775,0.184111,3.09185,-0.00376651,0.0555758,-0.0884819,0.633019,0.49651,1
5820,248.133,0.476868,0.250987,-0.0885572,0.454217,0.100574,0.0112079,0.374084,-1.09612,0.344108,2.53193,-0.00432158,0.0561882,-0.0889238,0.633097,0.496433,1
5830,253.488,0.480381,0.252543,-0.0890956,0.455939,0.101832,0.0107638,0.376359,-1.05007,0.314664,2.38821,-0.00491257,0.0563879,-0.0897843,0.633097,0.496433,1
5840,281.438,0.483823,0.253564,-0.0894422,0.456744,0.103098,0.0103174,0.378641,-0.999515,0.295968,2.30315,-0.00499327,0.056186,-0.0907176,0.633097,0.496433,1
5850,301.568,0.486738,0.25393,-0.0895565,0.456401,0.104367,0.00986989,0.380924,-0.96402,0.275646,2.25726,-0.00443562,0.0562113,-0.0912286,0.633097,0.496433,1
5860,304.741,0.489329,0.254086,-0.0895938,0.455703,0.105637,0.009422,0.383204,-0.935982,0.25196,2.22229,-0.00372632,0.0565887,-0.0914088,0.633097,0.496433,1
5870,309.646,0.492124,0.254181,-0.089606,0.454918,0.106907,0.00897397,0.385481,-0.906949,0.224657,2.19192,-0.00310282,0.0570526,-0.0917741,0.633097,0.496433,1
5880,333.667,0.495232,0.253979,-0.0895078,0.453634,0.108178,0.00852607,0.387753,-0.683784,-0.0112745,1.68542,-0.00298255,0.0570951,-0.0923918,0.633097,0.496433,1
5890,349.888,0.498308,0.253319,-0.0892132,0.451747,0.109447,0.00807916,0.390017,-0.656998,-0.026245,1.62015,-0.00325507,0.0568621,-0.0929212,0.633097,0.496433,1
5900,333.158,0.500973,0.25268,-0.0889249,0.449929,0.110712,0.00763379,0.392271,-0.62428,-0.0340072,1.57263,-0.00361815,0.056565,-0.093021,0.633097,0.496433,1
5910,298.334,0.503295,0.252553,-0.0888174,0.449053,0.111975,0.0071895,0.394518,-0.588729,-0.0478802,1.51466,-0.00364659,0.0563522,-0.0928425,0.633168,0.496349,1
5920,273.021,0.505668,0.253087,-0.088942,0.449385,0.113238,0.00674522,0.396764,-0.553115,-0.0581916,1.43922,-0.00360996,0.0560781,-0.0927386,0.633274,0.496239,1
5930,271.891,0.508302,0.253892,-0.0891633,0.450241,0.114506,0.00630001,0.399013,-0.269226,-0.143134,0.896489,-0.00361369,0.0557185,-0.0928985,0.633274,0.496239,1
5940,269.949,0.511095,0.254621,-0.0893626,0.451204,0.115777,0.00585377,0.401266,-0.249078,-0.130724,0.833441,-0.00370782,0.0550512,-0.0932244,0.633274,0.496239,1
5950,263.256,0.513881,0.255489,-0.0896153,0.452438,0.117052,0.00540642,0.403525,-0.226285,-0.121127,0.770192,-0.00376618,0.0543456,-0.0935485,0.633274,0.496239,1
5960,257.764,0.516544,0.256515,-0.089929,0.453989,0.118331,0.00495767,0.40579,-0.0247802,-0.0509404,0.194735,-0.00396525,0.0541673,-0.0936492,0.633274,0.496239,1
5970,250.287,0.519183,0.257691,-0.0903269,0.456015,0.119617,0.00450717,0.408064,-0.0204443,-0.049047,0.178085,-0.00414165,0.0547121,-0.0936468,0.633274,0.496239,1
5980,233.538,0.522067,0.259232,-0.0908536,0.458691,0.120908,0.00405444,0.41035,-0.0150013,-0.044592,0.157007,-0.00415891,0.0552787,-0.0939198,0.633274,0.496239,1
5990,213.664,0.525233,0.261551,-0.0916547,0.462751,0.122209,0.00359848,0.412652,-0.0112294,-0.0396818,0.142717,-0.00406697,0.055268,-0.0945503,0.633274,0.496239,1
6000,218.306,0.528161,0.264205,-0.0925746,0.467409,0.123523,0.00313811,0.414976,-0.00907926,-0.0358535,0.131658,-0.00401792,0.0549474,-0.0949289,0.633108,0.496699,1
6010,253.489,0.530429,0.266028,-0.0932039,0.470598,0.124849,0.00267364,0.417322,-0.00791298,-0.0331477,0.123816,-0.00386706,0.0549893,-0.0945871,0.633083,0.496693,1
6020,289.959,0.532415,0.266636,-0.0934086,0.471642,0.126181,0.00220702,0.419678,-0.00642604,-0.0313968,0.115223,-0.00364574,0.0554722,-0.0939116,0.63297,0.496609,1
6030,297.324,0.534742,0.266727,-0.0934323,0.471772,0.127514,0.00173991,0.422036,-0.00517275,-0.0296679,0.108911,-0.00374533,0.0559533,-0.0935027,0.633065,0.496648,1
6040,299.249,0.537407,0.266788,-0.0934461,0.471851,0.128848,0.00127271,0.424395,-0.00386472,-0.0278663,0.102096,-0.00440329,0.056451,-0.0932978,0.633204,0.496757,1
6050,316.651,0.540006,0.266615,-0.0933788,0.47152,0.130182,0.000805576,0.426754,-0.00584446,-0.00761962,0.0593004,-0.005235,0.0571361,-0.0929528,0.633538,0.49711,1
6060,329.87,0.542417,0.266109,-0.0931995,0.47061,0.131514,0.000339052,0.42911,-0.00496643,-0.00746568,0.0540267,-0.00571817,0.0579032,-0.0924939,0.633718,0.497366,1
6070,339.657,0.544723,0.265408,-0.0929516,0.469355,0.132843,-0.000126413,0.43146,-0.00442419,-0.00727229,0.0510059,-0.00573621,0.0583374,-0.0920868,0.633802,0.497581,1
6080,349.817,0.546902,0.264553,-0.0926499,0.467828,0.134168,-0.000590516,0.433804,-0.0041388,-0.00676619,0.0474577,-0.00528047,0.0584911,-0.0917104,0.63398,0.497627,1
6090,359.094,0.548822,0.263502,-0.0922802,0.465958,0.135488,-0.00105295,0.436139,-0.00371417,-0.00629096,0.0437391,-0.0044772,0.0582064,-0.0912162,0.634334,0.497691,1
6100,334.17,0.55065,0.26259,-0.0919589,0.464333,0.136804,-0.00151357,0.438464,-0.00358348,-0.00569442,0.0409666,-0.00382347,0.0574143,-0.0906544,0.634711,0.497811,1
6110,290.829,0.552577,0.262387,-0.091886,0.463961,0.138116,-0.00197307,0.440785,-0.00363096,-0.00513399,0.0409776,-0.00394504,0.0564532,-0.0900133,0.635337,0.498059,1
6120,269.948,0.55449,0.262931,-0.0920751,0.464912,0.139429,-0.00243285,0.443106,0,0,0,-0.0046724,0.0561369,-0.0891189,0.636106,0.498389,1
6130,274.758,0.55631,0.263632,-0.0923205,0.466151,0.140745,-0.0028938,0.445434,0,0,0,-0.00554919,0.0562128,-0.0880315,0.636862,0.498687,1
6140,305.848,0.558374,0.263865,-0.0924022,0.466564,0.142064,-0.0033557,0.447766,0,0,0,-0.006207,0.056047,-0.0872747,0.637524,0.498911,1
6150,335.533,0.560907,0.263361,-0.0922257,0.465673,0.143382,-0.00381739,0.450097,0,0,0,-0.00645875,0.055383,-0.0871731,0.638121,0.499081,1
6160,336.482,0.563701,0.262626,-0.0919682,0.464373,0.144698,-0.00427794,0.452423,0,0,0,-0.00603799,0.0549653,-0.0875111,0.638534,0.499176,1
6170,325.323,0.56674,0.262015,-0.0917542,0.463292,0.146009,-0.00473726,0.454742,0,0,0,-0.00535441,0.0551086,-0.0881227,0.638712,0.499187,1
6180,314.711,0.570162,0.261611,-0.091613,0.462579,0.147318,-0.00519569,0.457056,0,0,0,-0.00493849,0.0556523,-0.0890209,0.63879,0.499169,1
6190,300.407,0.573893,0.261465,-0.0915616,0.46232,0.148626,-0.00565359,0.459369,0,0,0,-0.0049908,0.0558062,-0.0901565,0.63879,0.499169,1
6200,281.692,0.577373,0.261668,-0.091633,0.46268,0.149933,-0.0061115,0.461681,0,0,0,-0.00505999,0.055489,-0.0910782,0.63879,0.499169,1
6210,259.92,0.580353,0.262419,-0.091896,0.464008,0.151243,-0.00657017,0.463997,0,0,0,-0.00505592,0.0550734,-0.0915037,0.63879,0.499169,1
6220,244.234,0.583065,0.263701,-0.0923447,0.466273,0.152558,-0.00703059,0.466321,0,0,0,-0.00505985,0.0552717,-0.091567,0.63879,0.499169,1
6230,231.371,0.585929,0.265486,-0.09297,0.469431,0.15388,-0.00749365,0.46866,0,0,0,-0.00518954,0.0562177,-0.0916535,0.63879,0.499169,1
6240,239.667,0.588863,0.267348,-0.0936221,0.472723,0.155212,-0.00796001,0.471014,0,0,0,-0.00526065,0.0577036,-0.0917439,0.63879,0.499169,1
6250,263.794,0.591716,0.268661,-0.0940818,0.475045,0.156552,-0.00842927,0.473384,0,0,0,-0.00551541,0.0587385,-0.0917272,0.63879,0.499169,1
6260,310.565,0.594335,0.268944,-0.0941809,0.475545,0.157897,-0.00890007,0.475761,0,0,0,-0.00599664,0.0587608,-0.0915085,0.63879,0.499169,1
6270,354.906,0.596799,0.268225,-0.0939291,0.474274,0.15924,-0.00937052,0.478136,0,0,0,-0.0063593,0.058039,-0.0912507,0.63879,0.499169,1
6280,356.105,0.599129,0.267096,-0.0935336,0.472277,0.160579,-0.00983927,0.480503,0,0,0,-0.006106,0.0573344,-0.0910378,0.63879,0.499169,1
6290,302.514,0.601646,0.266522,-0.0933326,0.471262,0.161912,-0.0103063,0.482862,0,0,0,-0.00565585,0.0567006,-0.0910796,0.638932,0.499148,1
6300,255.787,0.604422,0.267171,-0.0935598,0.472409,0.163246,-0.0107733,0.48522,0,0,0,-0.00548878,0.0560349,-0.0913141,0.639208,0.499132,1
6310,242.797,0.607151,0.268632,-0.0940714,0.474992,0.164585,-0.0112422,0.487587,0,0,0,-0.00549444,0.0552958,-0.0914444,0.639509,0.499138,1
6320,239.241,0.609364,0.27026,-0.0946417,0.477872,0.165932,-0.0117138,0.489968,0,0,0,-0.00526677,0.054731,-0.0910656,0.639739,0.499127,1
6330,230.852,0.611371,0.272166,-0.0953091,0.481241,0.167287,-0.0121885,0.492365,0,0,0,-0.00519001,0.054422,-0.0903778,0.639905,0.499104,1
6340,234.837,0.61385,0.274185,-0.096016,0.484811,0.168653,-0.0126667,0.49478,0,0,0,-0.00570801,0.0545758,-0.0899329,0.639919,0.499101,1
6350,263.84,0.617108,0.275625,-0.0965203,0.487357,0.170027,-0.013148,0.49721,0,0,0,-0.00678746,0.0551986,-0.0900615,0.639919,0.499101,1
6360,303.655,0.620603,0.275948,-0.0966334,0.487928,0.171406,-0.013631,0.499649,0,0,0,-0.00793696,0.0561081,-0.0903687,0.639919,0.499101,1
6370,306.946,0.62396,0.275744,-0.096562,0.487568,0.172786,-0.014114,0.502088,0,0,0,-0.00870798,0.0571147,-0.0906283,0.639919,0.499101,1
6380,288.358,0.627341,0.275841,-0.0965961,0.48774,0.174164,-0.0145969,0.504526,0,0,0,-0.00859384,0.0582679,-0.0911644,0.639919,0.499101,1
6390,289.801,0.631113,0.276135,-0.0966988,0.488259,0.175544,-0.0150801,0.506966,0,0,0,-0.00758114,0.0593935,-0.092386,0.640024,0.499101,1
6400,300.588,0.635138,0.276242,-0.0967364,0.488449,0.176925,-0.0155637,0.509407,0,0,0,-0.00646623,0.059888,-0.0939784,0.640173,0.499091,1
6410,296.592,0.639058,0.276226,-0.0967308,0.48842,0.178306,-0.0160474,0.51185,0,0,0,-0.00613366,0.0594418,-0.0953394,0.640173,0.499091,1
6420,283.778,0.642603,0.276499,-0.0968265,0.488903,0.179688,-0.0165312,0.514292,0,0,0,-0.00644778,0.058613,-0.0961546,0.640173,0.499091,1
6430,283.607,0.645792,0.276914,-0.0969717,0.489637,0.181072,-0.0170156,0.516739,0,0,0,-0.00686918,0.0581582,-0.0965103,0.640173,0.499091,1
6440,279.976,0.648751,0.277333,-0.0971187,0.490379,0.182457,-0.0175008,0.519188,0,0,0,-0.00734707,0.0578548,-0.0965826,0.640173,0.499091,1
6450,253.693,0.651713,0.278164,-0.0974096,0.491848,0.183845,-0.0179869,0.521643,0,0,0,-0.00785539,0.0572104,-0.096682,0.640173,0.499091,1
6460,206.581,0.654628,0.280412,-0.0981966,0.495821,0.18524,-0.0184755,0.52411,0,0,0,-0.00798291,0.0561292,-0.0968873,0.640173,0.499091,1
6470,192.542,0.657348,0.284255,-0.0995425,0.502617,0.186651,-0.0189694,0.526604,0,0,0,-0.00760187,0.0550862,-0.0970052,0.640173,0.499091,1
6480,236.238,0.659843,0.287223,-0.100582,0.507865,0.18808,-0.0194698,0.52913,0,0,0,-0.0071706,0.0543547,-0.0968251,0.640173,0.499091,1
6490,297.166,0.662344,0.288001,-0.100854,0.509241,0.189518,-0.0199735,0.531674,0,0,0,-0.00715426,0.0542781,-0.0964238,0.640173,0.499091,1
6500,308.944,0.664916,0.287825,-0.100793,0.508929,0.190958,-0.0204777,0.53422,0,0,0,-0.00755946,0.0548784,-0.09588,0.640173,0.499091,1
6510,300.81,0.667432,0.287702,-0.10075,0.508712,0.192397,-0.0209815,0.536764,0,0,0,-0.00794557,0.055938,-0.0952272,0.640173,0.499091,1
6520,295.137,0.669568,0.287805,-0.100786,0.508895,0.193835,-0.0214854,0.539307,0,0,0,-0.0079637,0.0568278,-0.0943057,0.640173,0.499091,1
6530,317.156,0.671181,0.287673,-0.100739,0.508661,0.195274,-0.0219893,0.541852,0,0,0,-0.00780421,0.0574095,-0.0929234,0.640173,0.499091,1
6540,345.637,0.672459,0.286959,-0.10049,0.507399,0.196711,-0.0224925,0.544393,0,0,0,-0.00768023,0.0576765,-0.091216,0.640173,0.499091,1
6550,354.204,0.674039,0.285888,-0.100114,0.505504,0.198144,-0.0229941,0.546925,0,0,0,-0.00737888,0.0577271,-0.0899209,0.640178,0.49909,1
6560,338.255,0.676321,0.284926,-0.0997774,0.503803,0.199571,-0.0234939,0.549449,0,0,0,-0.00686802,0.0573406,-0.0895021,0.640473,0.499092,1
6570,318.162,0.679273,0.284337,-0.0995714,0.502763,0.200994,-0.0239922,0.551965,0,0,0,-0.00653367,0.0567321,-0.0897728,0.640823,0.499104,1
6580,291.906,0.682401,0.284243,-0.0995382,0.502595,0.202415,-0.0244899,0.554478,0,0,0,-0.00624266,0.056438,-0.0901796,0.641401,0.499117,1
6590,273.895,0.685371,0.284732,-0.0997094,0.50346,0.203837,-0.0249879,0.556993,0,0,0,-0.00556559,0.0568871,-0.0904482,0.641686,0.499149,1
6600,270.711,0.688352,0.285502,-0.0999793,0.504823,0.205263,-0.0254871,0.559513,0,0,0,-0.0050441,0.0576686,-0.0906292,0.642041,0.499218,1
6610,284.036,0.691847,0.286094,-0.100186,0.505869,0.206692,-0.0259875,0.56204,0,0,0,-0.00542987,0.0583227,-0.0910667,0.642619,0.499335,1
6620,305.499,0.695846,0.286201,-0.100224,0.506059,0.208123,-0.0264886,0.56457,0,0,0,-0.00628272,0.0585482,-0.0919367,0.643122,0.499417,1
6630,319.053,0.699969,0.285876,-0.10011,0.505483,0.209553,-0.0269895,0.567099,0,0,0,-0.00672906,0.0583991,-0.0931181,0.643276,0.499419,1
6640,315.472,0.70394,0.28547,-0.0999679,0.504765,0.210981,-0.0274897,0.569625,0,0,0,-0.00700504,0.0581778,-0.0942081,0.643276,0.499419,1
6650,315.124,0.70786,0.285164,-0.0998609,0.504225,0.212408,-0.0279893,0.572148,0,0,0,-0.00769381,0.0583137,-0.0950651,0.643276,0.499419,1
6660,334.359,0.711826,0.284613,-0.0996677,0.503249,0.213833,-0.0284882,0.574667,0,0,0,-0.00857453,0.0586636,-0.0958823,0.643276,0.499419,1
6670,340.909,0.715819,0.283792,-0.0993805,0.501799,0.215254,-0.0289859,0.57718,0,0,0,-0.00897112,0.0587299,-0.0969314,0.643276,0.499419,1
6680,346.139,0.719467,0.282891,-0.0990648,0.500205,0.216671,-0.0294821,0.579685,0,0,0,-0.00880383,0.0582199,-0.0978854,0.643276,0.499419,1
6690,327.857,0.722448,0.282082,-0.0987816,0.498775,0.218084,-0.0299768,0.582183,0,0,0,-0.00822402,0.0573947,-0.0983181,0.643276,0.499419,1
6700,303.754,0.724986,0.281798,-0.0986822,0.498273,0.219493,-0.0304704,0.584675,0,0,0,-0.00746862,0.0566256,-0.0983382,0.643276,0.499419,1
6710,297.396,0.727923,0.281811,-0.0986868,0.498296,0.220902,-0.0309638,0.587167,0,0,0,-0.00714749,0.0560421,-0.0986143,0.643276,0.499419,1
6720,302.411,0.731596,0.281837,-0.0986958,0.498342,0.222311,-0.0314573,0.589658,0,0,0,-0.00776331,0.0555465,-0.0993478,0.643276,0.499419,1
6730,300.803,0.735611,0.281759,-0.0986686,0.498204,0.22372,-0.0319507,0.59215,0,0,0,-0.0087108,0.0551816,-0.100315,0.643276,0.499419,1
6740,288.168,0.739305,0.281903,-0.0987188,0.498458,0.225129,-0.0324441,0.594641,0,0,0,-0.00905682,0.0551587,-0.101099,0.643276,0.499419,1
6750,262.418,0.742514,0.282555,-0.0989473,0.499612,0.22654,-0.0329381,0.597135,0,0,0,-0.00886141,0.0555849,-0.101489,0.643425,0.499225,1
6760,245.451,0.745431,0.283932,-0.0994295,0.502046,0.227956,-0.0334338,0.599639,0,0,0,-0.00866799,0.0562995,-0.101521,0.643591,0.499086,1
6770,250.176,0.74858,0.285467,-0.099967,0.504761,0.229379,-0.0339322,0.602155,0,0,0,-0.00835503,0.0567612,-0.101854,0.643597,0.499085,1
6780,266.328,0.752325,0.286658,-0.100384,0.506866,0.230809,-0.0344331,0.604684,0,0,0,-0.00762901,0.0565365,-0.103034,0.643597,0.499085,1
6790,298.573,0.75654,0.287051,-0.100522,0.507561,0.232243,-0.0349354,0.607221,0,0,0,-0.00678462,0.0561135,-0.104769,0.643307,0.498867,1
6800,319.544,0.760654,0.286822,-0.100441,0.507155,0.233678,-0.0354379,0.609758,0,0,0,-0.00619983,0.0565032,-0.106203,0.643105,0.49875,1
6810,340.466,0.764631,0.286141,-0.100203,0.505951,0.235111,-0.0359396,0.612291,0,0,0,-0.00596092,0.0575914,-0.10729,0.642862,0.498628,1
6820,354.372,0.769221,0.285144,-0.0998539,0.504189,0.23654,-0.0364399,0.614817,0,0,0,-0.00619337,0.0585469,-0.108895,0.642561,0.498444,1
6830,372.08,0.77495,0.283901,-0.0994187,0.501992,0.237963,-0.0369382,0.617333,0,0,0,-0.00718774,0.0590667,-0.111523,0.642068,0.498136,1
6840,379.347,0.780989,0.282427,-0.0989022,0.499384,0.239379,-0.0374342,0.619837,0,0,0,-0.00869454,0.0594664,-0.114338,0.641425,0.497741,1
6850,351.839,0.786127,0.281119,-0.0984444,0.497073,0.240788,-0.0379276,0.622329,0,0,0,-0.00994182,0.0596421,-0.116326,0.640771,0.497338,1
6860,278.224,0.790145,0.280841,-0.098347,0.496581,0.242192,-0.0384194,0.624812,0,0,0,-0.0103523,0.0596169,-0.117441,0.640212,0.49698,1
6870,220.857,0.79355,0.282527,-0.0989375,0.499563,0.243599,-0.0389121,0.6273,0,0,0,-0.0100529,0.0594318,-0.11816,0.639628,0.496585,1
6880,215.73,0.796709,0.285349,-0.0999257,0.504552,0.245018,-0.039409,0.629809,0,0,0,-0.00901405,0.0590096,-0.118875,0.638955,0.496112,1
6890,243.747,0.799931,0.287509,-0.100682,0.508371,0.24645,-0.0399105,0.632341,0,0,0,-0.00762123,0.0578874,-0.119837,0.638382,0.495711,1
6900,246.289,0.803276,0.288944,-0.101185,0.510908,0.247891,-0.0404151,0.634889,0,0,0,-0.00650568,0.0564483,-0.120857,0.637958,0.495425,1
6910,210.319,0.806223,0.291301,-0.10201,0.515076,0.249341,-0.0409226,0.637451,0,0,0,-0.0061321,0.0553411,-0.121141,0.63748,0.495089,1
6920,210.782,0.808358,0.294613,-0.10317,0.520932,0.250805,-0.0414353,0.64004,0,0,0,-0.0061509,0.0549272,-0.120309,0.63693,0.494691,1
6930,245.6,0.810359,0.296899,-0.10397,0.524974,0.252283,-0.0419532,0.642655,0,0,0,-0.00657786,0.0548057,-0.119126,0.636481,0.494383,1
6940,274.546,0.813433,0.297976,-0.104348,0.526879,0.253771,-0.042474,0.645285,0,0,0,-0.00758606,0.0551367,-0.118808,0.636164,0.494187,1
6950,304.678,0.817533,0.298193,-0.104424,0.527263,0.255261,-0.042996,0.647921,0,0,0,-0.00913431,0.0561224,-0.119302,0.635928,0.494061,1
6960,312.339,0.821371,0.297929,-0.104331,0.526795,0.256752,-0.0435179,0.650556,0,0,0,-0.010579,0.0575505,-0.11949,0.635907,0.494049,1
6970,311.466,0.824131,0.297666,-0.104239,0.52633,0.258241,-0.0440394,0.653189,0,0,0,-0.0114583,0.0584437,-0.11879,0.635907,0.494049,1
6980,317.985,0.826303,0.297279,-0.104103,0.525647,0.259728,-0.0445603,0.655819,0,0,0,-0.0113144,0.0586408,-0.117914,0.635907,0.494049,1
6990,289.206,0.828547,0.297188,-0.104072,0.525486,0.261214,-0.0450806,0.658446,0,0,0,-0.0102199,0.0583519,-0.117515,0.635907,0.494049,1
