step,T,r,sn_vel[0],sn_vel[1],sn_vel[2],sn_crd[0],sn_crd[1],sn_crd[2],sn_f[0],sn_f[1],sn_f[2],target_crd[0],target_crd[1],target_crd[2],boundary[0],boundary[1],boundary[2]
0,0.0154189,1.02021,0,0,0,-3.12924e-008,8.39884e-009,0.981818,0,0,0,-6.81107e-005,0.055774,-0.0368674,0.636621,0.503422,1
10,2.04677,1.02022,0,0,0,-3.12924e-008,8.39884e-009,0.981818,0,0,0,-8.85188e-005,0.0557477,-0.0368766,0.636793,0.503472,1
20,2.48431,1.02024,0,0,0,-3.12924e-008,8.39884e-009,0.981818,0,0,0,-0.00010143,0.0556826,-0.0369027,0.636845,0.503483,1
30,3.08546,1.02032,0,0,0,-3.12924e-008,8.39884e-009,0.981818,0,0,0,-6.17391e-005,0.0556137,-0.0369805,0.6369,0.503492,1
40,3.22403,1.02037,0,0,0,-3.12924e-008,8.39884e-009,0.981818,0,0,0,-0.000111823,0.0556218,-0.0370374,0.636955,0.503498,1
50,3.03535,1.02043,0,0,0,-3.12924e-008,8.39884e-009,0.981818,0,0,0,-0.000192861,0.055657,-0.0370899,0.637186,0.503516,1
60,2.81956,1.02049,0,0,0,-3.12924e-008,8.39884e-009,0.981818,0,0,0,-0.000212204,0.0556688,-0.0371556,0.637412,0.503526,1
70,2.94134,1.02059,0,0,0,-3.12924e-008,8.39884e-009,0.981818,0,0,0,-0.000169656,0.0556572,-0.0372544,0.637609,0.503527,1
80,2.71424,1.02068,0,0,0,-3.12924e-008,8.39884e-009,0.981818,0,0,0,-0.000178176,0.0556534,-0.0373399,0.637827,0.50352,1
90,2.65443,1.02075,0,0,0,-3.12924e-008,8.39884e-009,0.981818,0,0,0,-0.000213381,0.0556452,-0.0374145,0.638018,0.503505,1
100,2.53769,1.02081,0,0,0,-3.12924e-008,8.39884e-009,0.981818,0,0,0,-0.000240332,0.055632,-0.0374738,0.638173,0.503485,1
110,11.5196,1.0209,0,0,0,-3.12924e-008,8.39884e-009,0.981818,0,0,0,-0.000267921,0.0555958,-0.0375673,0.638429,0.503443,1
120,18.2503,1.02101,0,0,0,-3.12924e-008,8.39884e-009,0.981818,0,0,0,-0.000325497,0.0555561,-0.0376754,0.638726,0.503382,1
130,22.5627,1.02114,0,0,0,-3.12924e-008,8.39884e-009,0.981818,0,0,0,-0.000325415,0.0555253,-0.037808,0.639005,0.503315,1
140,25.1329,1.02131,0,0,0,-3.12924e-008,8.39884e-009,0.981818,0,0,0,-0.000264538,0.0554981,-0.0379813,0.63933,0.503227,1
150,26.4567,1.02151,0,0,0,-3.12924e-008,8.39884e-009,0.981818,0,0,0,-0.000265078,0.0554878,-0.0381855,0.639678,0.503123,1
160,27.1805,1.02168,0,0,0,-3.12924e-008,8.39884e-009,0.981818,0,0,0,-0.000371341,0.0555324,-0.0383494,0.639977,0.503024,1
170,27.1134,1.02183,0,0,0,-3.12924e-008,8.39884e-009,0.981818,0,0,0,-0.00041039,0.0555625,-0.0384962,0.640226,0.502932,1
180,27.0925,1.02204,0,0,0,-3.12924e-008,8.39884e-009,0.981818,0,0,0,-0.000307054,0.0555002,-0.0387129,0.640448,0.502842,1
190,26.3204,1.02234,0,0,0,-3.12924e-008,8.39884e-009,0.981818,0,0,0,-0.000181989,0.0554093,-0.0390201,0.640644,0.502754,1
200,25.55,1.02266,0,0,0,-3.12924e-008,8.39884e-009,0.981818,0,0,0,-0.000104004,0.0553689,-0.0393458,0.64081,0.502674,1
210,33.699,1.02305,0,0,0,-3.12924e-008,8.39884e-009,0.981818,0,0,0,-2.51608e-005,0.0553335,-0.03973,0.640934,0.50261,1
220,38.7903,1.02357,0,0,0,-3.12924e-008,8.39884e-009,0.981818,0,0,0,3.96474e-005,0.0552677,-0.040257,0.641019,0.502562,1
230,41.6439,1.0242,0,0,0,-3.12924e-008,8.39884e-009,0.981818,0,0,0,-6.04323e-006,0.0552332,-0.0408919,0.641047,0.502545,1
240,42.9144,1.02488,0,0,0,-3.12924e-008,8.39884e-009,0.981818,0,0,0,-0.000102072,0.0552412,-0.041576,0.641086,0.50252,1
250,42.9596,1.02565,0,0,0,-3.12924e-008,8.39884e-009,0.981818,0,0,0,-0.000169308,0.0552546,-0.0423388,0.641128,0.502491,1
260,42.7751,1.02653,0,0,0,-3.12924e-008,8.39884e-009,0.981818,0,0,0,-0.000196804,0.055246,-0.0432249,0.641213,0.502429,1
270,41.8941,1.02742,0,0,0,-3.12924e-008,8.39884e-009,0.981818,0,0,0,-0.000242859,0.0552238,-0.0441132,0.641283,0.502374,1
280,41.3448,1.02823,0,0,0,-3.12924e-008,8.39884e-009,0.981818,0,0,0,-0.000163697,0.055185,-0.0449302,0.641334,0.502332,1
290,40.9535,1.02905,0,0,0,-3.12924e-008,8.39884e-009,0.981818,0,0,0,7.74327e-005,0.0551479,-0.0457564,0.641403,0.502273,1
300,40.768,1.03005,0,0,0,-3.12924e-008,8.39884e-009,0.981818,0,0,0,0.000382292,0.0550851,-0.046755,0.641462,0.50222,1
310,50.5077,1.03115,0,0,0,-3.12924e-008,8.39884e-009,0.981818,0,0,0,0.000548548,0.055039,-0.0478658,0.641477,0.502206,1
320,56.839,1.03225,0,0,0,-3.12924e-008,8.39884e-009,0.981818,0,0,0,0.00066532,0.05504,-0.0489677,0.641477,0.502206,1
330,60.7369,1.03336,0,0,0,-3.12924e-008,8.39884e-009,0.981818,0,0,0,0.000696158,0.0550486,-0.0500752,0.641477,0.502206,1
340,64.6817,1.03465,0,0,0,-3.12924e-008,8.39884e-009,0.981818,0,0,0,0.000658741,0.0549645,-0.0513709,0.641477,0.502206,1
350,68.3249,1.03595,0,0,0,-3.12924e-008,8.39884e-009,0.981818,0,0,0,0.000580254,0.0548787,-0.0526802,0.641477,0.502206,1
360,71.9656,1.03722,0,0,0,-3.12924e-008,8.39884e-009,0.981818,0,0,0,0.000662409,0.0548538,-0.0539529,0.641477,0.502206,1
370,77.2569,1.03855,0,0,0,-3.12924e-008,8.39884e-009,0.981818,0,0,0,0.000663688,0.0549296,-0.055282,0.641477,0.502206,1
380,81.2516,1.03999,0,0,0,-3.12924e-008,8.39884e-009,0.981818,0,0,0,0.000493533,0.0550259,-0.0567127,0.641477,0.502206,1
390,85.8555,1.04115,0,0,0,-3.12924e-008,8.39884e-009,0.981818,0,0,0,0.000202514,0.0550775,-0.057878,0.641477,0.502206,1
400,89.0848,1.04205,0,0,0,-3.12924e-008,8.39884e-009,0.981818,0,0,0,3.95248e-005,0.0550474,-0.0587783,0.641477,0.502206,1
410,98.8311,1.04295,0,0,0,-3.12924e-008,8.39884e-009,0.981818,0,0,0,-8.0035e-005,0.0551335,-0.0596722,0.641595,0.502054,1
420,105.934,1.04398,0,0,0,-3.12924e-008,8.39884e-009,0.981818,0,0,0,-8.03038e-005,0.0553306,-0.0606933,0.64174,0.501862,1
430,111.834,1.04472,0,0,0,-3.12924e-008,8.39884e-009,0.981818,0,0,0,-4.44756e-005,0.0554751,-0.0614252,0.641847,0.501715,1
440,114.763,1.04506,0,0,0,-3.12924e-008,8.39884e-009,0.981818,0,0,0,1.20663e-005,0.0554419,-0.0617653,0.642039,0.501444,1
450,118.759,1.04524,0,0,0,-3.12924e-008,8.39884e-009,0.981818,0,0,0,-5.35738e-005,0.0553771,-0.0619575,0.642254,0.501131,1
460,120.266,1.04548,0,0,0,-3.12924e-008,8.39884e-009,0.981818,0,0,0,-0.000112457,0.0552751,-0.0621992,0.642415,0.500888,1
470,121.154,1.04543,0,0,0,-3.12924e-008,8.39884e-009,0.981818,0,0,0,-0.000188896,0.0551559,-0.0621561,0.64257,0.500648,1
480,122.661,1.04507,0,0,0,-3.12924e-008,8.39884e-009,0.981818,0,0,0,-0.000265604,0.0550692,-0.0618,0.642706,0.500426,1
490,122.156,1.04465,0,0,0,-3.12924e-008,8.39884e-009,0.981818,0,0,0,-0.00039026,0.0551058,-0.0613749,0.642803,0.500262,1
500,122.005,1.04417,0,0,0,-3.12924e-008,8.39884e-009,0.981818,0,0,0,-0.00036476,0.0551054,-0.0608983,0.642914,0.500067,1
510,130.986,1.04334,0,0,0,-3.12924e-008,8.39884e-009,0.981818,0,0,0,-0.000164546,0.0549646,-0.0600687,0.643028,0.499855,1
520,135.911,1.04237,0,0,0,-3.12924e-008,8.39884e-009,0.981818,0,0,0,8.00969e-005,0.0547606,-0.059115,0.643122,0.499671,1
530,137.82,1.04165,0,0,0,-3.12924e-008,8.39884e-009,0.981818,0,0,0,0.000189337,0.0547349,-0.0583912,0.643228,0.499452,1
540,137.219,1.04102,0,0,0,-3.12924e-008,8.39884e-009,0.981818,0,0,0,0.00021736,0.0548226,-0.0577584,0.643337,0.49921,1
550,136.328,1.04006,0,0,0,-3.12924e-008,8.39884e-009,0.981818,0,0,0,8.55371e-005,0.0548203,-0.0567958,0.643398,0.499058,1
560,136.146,1.03887,0,0,0,-3.12924e-008,8.39884e-009,0.981818,0,0,0,-0.000240552,0.0547663,-0.0556119,0.643431,0.498962,1
570,137.047,1.03791,0,0,0,-3.12924e-008,8.39884e-009,0.981818,0,0,0,-0.00048933,0.054855,-0.0546459,0.643437,0.498938,1
580,138.048,1.03732,0,0,0,-3.12924e-008,8.39884e-009,0.981818,0,0,0,-0.000401452,0.0549599,-0.0540397,0.643437,0.498938,1
590,139.854,1.03669,0,0,0,-3.12924e-008,8.39884e-009,0.981818,0,0,0,-0.000211013,0.0549241,-0.0534188,0.643437,0.498938,1
600,141.101,1.03586,0,0,0,-3.12924e-008,8.39884e-009,0.981818,0,0,0,-0.000138271,0.0549025,-0.0525819,0.643438,0.498913,1
610,151.491,1.03506,0,0,0,-3.12924e-008,8.39884e-009,0.981818,0,0,0,-5.10104e-006,0.0549601,-0.0517805,0.643438,0.498888,1
620,157.138,1.03442,0,0,0,-3.12924e-008,8.39884e-009,0.981818,0,0,0,0.000216388,0.054919,-0.0511459,0.643431,0.498764,1
630,160.475,1.03366,0,0,0,-3.12924e-008,8.39884e-009,0.981818,0,0,0,0.000260647,0.0548212,-0.0503909,0.643419,0.498634,1
640,164.989,1.03272,0,0,0,-3.12924e-008,8.39884e-009,0.981818,0,0,0,8.79628e-005,0.0549626,-0.0494421,0.643399,0.498473,1
650,169.542,1.03191,0,0,0,-3.12924e-008,8.39884e-009,0.981818,0,0,0,-1.04206e-005,0.0552369,-0.0486078,0.643381,0.498355,1
660,171.256,1.03113,0,0,0,-3.12924e-008,8.39884e-009,0.981818,0,0,0,-9.19846e-005,0.0553494,-0.0478229,0.643381,0.498355,1
670,174.658,1.03003,0,0,0,-3.12924e-008,8.39884e-009,0.981818,0,0,0,-0.000268006,0.0552935,-0.0467303,0.643381,0.498355,1
680,171.619,1.02871,0,0,0,-3.12924e-008,8.39884e-009,0.981818,0,0,0,-0.000359245,0.0553241,-0.0454055,0.643381,0.498355,1
690,171.985,1.02761,0,0,0,-3.12924e-008,8.39884e-009,0.981818,0,0,0,-0.000135146,0.0553271,-0.0442989,0.643375,0.498331,1
700,171.746,1.02662,0,0,0,-3.12924e-008,8.39884e-009,0.981818,0,0,0,-1.4106e-005,0.0551278,-0.0433238,0.643375,0.498331,1
710,179.749,1.02529,0,0,0,-3.12924e-008,8.39884e-009,0.981818,0,0,0,-0.000196559,0.0547699,-0.0420081,0.64334,0.498208,1
720,188.544,1.02348,0,0,0,-3.12924e-008,8.39884e-009,0.981818,0,0,0,-0.000380518,0.0545902,-0.0402059,0.6433,0.49808,1
730,194.843,1.02166,0,0,0,-3.12924e-008,8.39884e-009,0.981818,0,0,0,-0.000295704,0.0545001,-0.0383908,0.643292,0.498056,1
740,199.545,1.02006,0,0,0,-3.12924e-008,8.39884e-009,0.981818,0,0,0,-0.000348367,0.0543642,-0.0367887,0.643292,0.498056,1
750,206.785,1.01851,0,0,0,-3.12924e-008,8.39884e-009,0.981818,0,0,0,-0.000575948,0.0543015,-0.0352409,0.643292,0.498056,1
760,212.27,1.01686,0,0,0,-3.12924e-008,8.39884e-009,0.981818,0,0,0,-0.000733997,0.0545299,-0.0335797,0.643292,0.498056,1
770,217.66,1.0154,0,0,0,-3.12924e-008,8.39884e-009,0.981818,0,0,0,-0.000782794,0.0546316,-0.032112,0.643292,0.498056,1
780,223.866,1.01419,0,0,0,-3.12924e-008,8.39884e-009,0.981818,0,0,0,-0.00106106,0.0545384,-0.0308999,0.643292,0.498056,1
790,228.858,1.01303,0,0,0,-3.12924e-008,8.39884e-009,0.981818,0,0,0,-0.00139036,0.0546252,-0.0297419,0.643292,0.498056,1
800,230.822,1.01183,0,0,0,-3.12924e-008,8.39884e-009,0.981818,0,0,0,-0.00157216,0.0549614,-0.0285205,0.643292,0.498056,1
810,240.121,1.01086,0,0,0,-3.12924e-008,8.39884e-009,0.981818,0,0,0,-0.00168483,0.0549477,-0.0275447,0.643292,0.498056,1
820,242.577,1.01009,0,0,0,-3.12924e-008,8.39884e-009,0.981818,0,0,0,-0.00199574,0.0546771,-0.0267873,0.643292,0.498056,1
830,238.795,1.00937,0,0,0,-3.12924e-008,8.39884e-009,0.981818,0,0,0,-0.00222763,0.0545491,-0.0260744,0.643292,0.498056,1
840,231.944,1.00875,0,0,0,-3.12924e-008,8.39884e-009,0.981818,0,0,0,-0.00219648,0.0545919,-0.0254549,0.643292,0.498056,1
850,219.044,1.00856,0,0,0,-3.12924e-008,8.39884e-009,0.981818,0,0,0,-0.00197344,0.0544575,-0.0252716,0.643292,0.498056,1
860,206.398,1.00863,0,0,0,-3.12924e-008,8.39884e-009,0.981818,0,0,0,-0.0017893,0.0543272,-0.0253491,0.643292,0.498056,1
870,195.573,1.00864,0,0,0,-3.12924e-008,8.39884e-009,0.981818,0,0,0,-0.00150136,0.0542833,-0.0253545,0.643181,0.497873,1
880,186.57,1.00854,0,0,0,-3.12924e-008,8.39884e-009,0.981818,0,0,0,-0.0010977,0.0542648,-0.0252589,0.643049,0.497663,1
890,180.178,1.00867,0,0,0,-3.12924e-008,8.39884e-009,0.981818,0,0,0,-0.000620713,0.0542597,-0.0253939,0.642921,0.497471,1
900,178.307,1.00907,0,0,0,-3.12924e-008,8.39884e-009,0.981818,0,0,0,-0.000209696,0.0544986,-0.0257741,0.642906,0.497451,1
910,182.42,1.00964,0,0,0,-3.12924e-008,8.39884e-009,0.981818,0,0,0,0.000162764,0.0548333,-0.02633,0.642781,0.497281,1
920,184.981,1.01036,0,0,0,-3.12924e-008,8.39884e-009,0.981818,0,0,0,0.000398608,0.0551624,-0.0270317,0.642766,0.497261,1
930,182.33,1.01118,0,0,0,-3.12924e-008,8.39884e-009,0.981818,0,0,0,0.000323143,0.0554487,-0.0278427,0.642766,0.497261,1
940,186.491,1.01184,0,0,0,-3.12924e-008,8.39884e-009,0.981818,0,0,0,-1.91201e-005,0.0557366,-0.0284848,0.642766,0.497261,1
950,193.714,1.0123,0,0,0,-3.12924e-008,8.39884e-009,0.981818,0,0,0,-0.000233543,0.0559964,-0.0289335,0.64275,0.497241,1
960,209.855,1.01283,0,0,0,-3.12924e-008,8.39884e-009,0.981818,0,0,0,-1.81169e-006,0.0562677,-0.0294432,0.642619,0.497067,1
970,226.569,1.01345,0,0,0,-3.12924e-008,8.39884e-009,0.981818,0,0,0,0.000248275,0.0563912,-0.0300637,0.642605,0.497047,1
980,239.804,1.0139,0,0,0,-3.12924e-008,8.39884e-009,0.981818,0,0,0,0.000198322,0.0563115,-0.0305212,0.642435,0.496811,1
990,250.275,1.01413,0,0,0,-3.12924e-008,8.39884e-009,0.981818,0,0,0,7.06966e-005,0.056176,-0.030753,0.642435,0.496811,1
1000,254.392,1.01435,0,0,0,-3.12924e-008,8.39884e-009,0.981818,0,0,0,0.000186206,0.0560819,-0.0309756,0.642103,0.496797,1
1010,241.542,1.01451,0,0,0,-3.12924e-008,8.39884e-009,0.981818,0,0,0,5.10208e-005,0.0558808,-0.0311531,0.641878,0.496805,1
1020,231.143,1.01453,0,0,0,-3.12924e-008,8.39884e-009,0.981818,0,0,0,-0.000519203,0.0554274,-0.0311936,0.641536,0.496878,1
1030,219.358,1.01439,0,0,0,-3.12924e-008,8.39884e-009,0.981818,0,0,0,-0.00117705,0.0548955,-0.0310844,0.641326,0.496975,1
1040,211.795,1.01428,0,0,0,-3.12924e-008,8.39884e-009,0.981818,0,0,0,-0.00161889,0.0543868,-0.0310051,0.64123,0.497018,1
1050,215.954,1.01412,0,0,0,-3.12924e-008,8.39884e-009,0.981818,0,0,0,-0.00219853,0.0539878,-0.0308576,0.64123,0.497018,1
1060,228.352,1.01405,0,0,0,-3.12924e-008,8.39884e-009,0.981818,0,0,0,-0.00271517,0.0537774,-0.0307968,0.64123,0.497018,1
1070,253.75,1.01407,0,0,0,-3.12924e-008,8.39884e-009,0.981818,0,0,0,-0.00277805,0.0538796,-0.030816,0.641177,0.497082,1
1080,283.953,1.01427,0,0,0,-3.12924e-008,8.39884e-009,0.981818,0,0,0,-0.00259794,0.0538845,-0.031018,0.641168,0.497094,1
1090,310.95,1.01424,0,0,0,-3.12924e-008,8.39884e-009,0.981818,0,0,0,-0.00277767,0.0536506,-0.0309965,0.641168,0.497094,1
1100,319.93,1.0139,0,0,0,-3.12924e-008,8.39884e-009,0.981818,0,0,0,-0.00284344,0.053396,-0.0306745,0.641168,0.497094,1
1110,327.254,1.01307,0,0,0,-3.12924e-008,8.39884e-009,0.981818,0,0,0,-0.00243922,0.0533961,-0.0298403,0.641168,0.497094,1
1120,317.71,1.01198,0,0,0,-3.12924e-008,8.39884e-009,0.981818,0,0,0,-0.00217275,0.0533752,-0.0287469,0.641168,0.497094,1
1130,314.845,1.01047,0,0,0,-3.12924e-008,8.39884e-009,0.981818,0,0,0,-0.00213532,0.0536217,-0.0272214,0.641168,0.497094,1
1140,311.42,1.00881,0,0,0,-3.12924e-008,8.39884e-009,0.981818,0,0,0,-0.00156006,0.0540996,-0.0255359,0.641168,0.497094,1
1150,308.307,1.0071,0,0,0,-3.12924e-008,8.39884e-009,0.981818,0,0,0,-0.000645194,0.0544707,-0.0238093,0.641168,0.497094,1
1160,302.595,1.00561,0,0,0,-3.12924e-008,8.39884e-009,0.981818,0,0,0,-0.000210951,0.0546756,-0.0223064,0.641064,0.497187,1
1170,297.457,1.00416,0,0,0,-3.12924e-008,8.39884e-009,0.981818,0,0,0,4.77386e-005,0.0553363,-0.0208183,0.640925,0.497267,1
1180,283.629,1.00286,0,0,0,-3.12924e-008,8.39884e-009,0.981818,0,0,0,0.000362141,0.0560682,-0.0194737,0.640672,0.497364,1
1190,274.507,1.0016,0,0,0,-3.12924e-008,8.39884e-009,0.981818,0,0,0,0.000418872,0.0564307,-0.0181876,0.640149,0.49751,1
1200,270.305,1.00036,0,0,0,-3.12924e-008,8.39884e-009,0.981818,0,0,0,7.65018e-006,0.0567021,-0.0169286,0.639874,0.497537,1
1210,264.488,0.999265,0,0,0,-3.12924e-008,8.39884e-009,0.981818,0,0,0,-0.000476395,0.0572788,-0.0158038,0.640003,0.49754,1
1220,278.927,0.998497,0,0,0,-3.12924e-008,8.39884e-009,0.981818,0,0,0,-0.00114182,0.0575439,-0.0150188,0.6401,0.497507,1
1230,299.663,0.997969,0,0,0,-3.12924e-008,8.39884e-009,0.981818,0,0,0,-0.00206123,0.0572882,-0.0145034,0.640358,0.497435,1
1240,317.144,0.997438,0,0,0,-3.12924e-008,8.39884e-009,0.981818,0,0,0,-0.0031173,0.056882,-0.0139913,0.640688,0.497367,1
1250,319.941,0.996886,0,0,0,-3.12924e-008,8.39884e-009,0.981818,0,0,0,-0.00377702,0.0565424,-0.0134563,0.641159,0.49729,1
1260,311.376,0.99645,0,0,0,-3.12924e-008,8.39884e-009,0.981818,0,0,0,-0.00406771,0.0562533,-0.0130348,0.641563,0.497246,1
1270,304.099,0.996512,0,0,0,-3.12924e-008,8.39884e-009,0.981818,0,0,0,-0.00442298,0.0562285,-0.0130963,0.641909,0.497229,1
1280,304.949,0.99688,0,0,0,-3.12924e-008,8.39884e-009,0.981818,0,0,0,-0.00499326,0.0565023,-0.0134468,0.64238,0.497223,1
1290,300.776,0.997309,0,0,0,-3.12924e-008,8.39884e-009,0.981818,0,0,0,-0.00479709,0.0566875,-0.0138665,0.64282,0.497235,1
1300,299.766,0.997499,0,0,0,-3.12924e-008,8.39884e-009,0.981818,0,0,0,-0.00374562,0.0563918,-0.0140783,0.642948,0.497255,1
1310,288.933,0.997537,0,0,0,-3.12924e-008,8.39884e-009,0.981818,0,0,0,-0.00283227,0.0557293,-0.0141569,0.642958,0.497269,1
1320,273.444,0.997401,0,0,0,-3.12924e-008,8.39884e-009,0.981818,0,0,0,-0.00246968,0.0554209,-0.0140387,0.643043,0.497376,1
1330,255.807,0.997433,0,0,0,-3.12924e-008,8.39884e-009,0.981818,0,0,0,-0.00209582,0.0556584,-0.0140582,0.643261,0.497633,1
1340,243.244,0.997729,0,0,0,-3.12924e-008,8.39884e-009,0.981818,0,0,0,-0.00195922,0.0561295,-0.0143291,0.643413,0.497797,1
1350,240.684,0.998319,0,0,0,-3.12924e-008,8.39884e-009,0.981818,0,0,0,-0.00222524,0.0566666,-0.0148892,0.64379,0.498213,1
1360,248.393,0.998762,0,0,0,-3.12924e-008,8.39884e-009,0.981818,0,0,0,-0.00262707,0.0576298,-0.0152767,0.644209,0.498683,1
1370,275.11,0.9991,0,0,0,-3.12924e-008,8.39884e-009,0.981818,0,0,0,-0.00310074,0.0586591,-0.0155536,0.644569,0.499095,1
1380,304.996,0.999425,0,0,0,-3.12924e-008,8.39884e-009,0.981818,0,0,0,-0.00383605,0.0593249,-0.015837,0.644903,0.499485,1
1390,327.564,0.999886,0,0,0,-3.12924e-008,8.39884e-009,0.981818,0,0,0,-0.00428191,0.0596323,-0.0162784,0.64522,0.499866,1
1400,348.696,1.00018,0,0,0,-3.12924e-008,8.39884e-009,0.981818,0,0,0,-0.00410199,0.0597757,-0.0165647,0.645562,0.500288,1
1410,369.77,1.00048,0,0,0,-3.12924e-008,8.39884e-009,0.981818,0,0,0,-0.00373803,0.059419,-0.0168843,0.645914,0.500729,1
1420,377.756,1.00091,0,0,0,-3.12924e-008,8.39884e-009,0.981818,0,0,0,-0.00361907,0.0586747,-0.0173673,0.646056,0.500914,1
1430,385.402,1.00187,0,0,0,-3.12924e-008,8.39884e-009,0.981818,0,0,0,-0.00366032,0.0576591,-0.0183814,0.646138,0.501027,1
1440,377.583,1.00328,0,0,0,-3.12924e-008,8.39884e-009,0.981818,0,0,0,-0.00363817,0.0563388,-0.019874,0.64616,0.501065,1
1450,367.29,1.00508,0,0,0,-3.12924e-008,8.39884e-009,0.981818,0,0,0,-0.00328328,0.0547968,-0.0217623,0.64616,0.501065,1
1460,342.846,1.00705,0,0,0,-3.12924e-008,8.39884e-009,0.981818,0,0,0,-0.00276887,0.05365,-0.0237932,0.64616,0.501065,1
1470,323.02,1.00915,0,0,0,-3.12924e-008,8.39884e-009,0.981818,0,0,0,-0.00255999,0.0530624,-0.0259365,0.64616,0.501065,1
1480,298.962,1.01111,0,0,0,-3.12924e-008,8.39884e-009,0.981818,0,0,0,-0.0025608,0.052997,-0.0278955,0.64616,0.501065,1
1490,277.228,1.01298,0,0,0,-3.12924e-008,8.39884e-009,0.981818,0,0,0,-0.00220781,0.0533312,-0.0297498,0.64616,0.501065,1
1500,251.403,1.01507,0,0,0,-3.12924e-008,8.39884e-009,0.981818,0,0,0,-0.00163449,0.0539689,-0.0318114,0.64616,0.501065,1
1510,243.597,1.01752,0,0,0,-3.12924e-008,8.39884e-009,0.981818,0,0,0,-0.00142645,0.0545744,-0.0342336,0.64616,0.501065,1
1520,260.007,1.01991,0,0,0,-3.12924e-008,8.39884e-009,0.981818,0,0,0,-0.00157902,0.055146,-0.0365954,0.64616,0.501065,1
1530,288.473,1.02221,0,0,0,-3.12924e-008,8.39884e-009,0.981818,0,0,0,-0.00177325,0.0557942,-0.0388647,0.64616,0.501065,1
1540,309.391,1.02465,0,0,0,-3.12924e-008,8.39884e-009,0.981818,0,0,0,-0.00212389,0.0564428,-0.0412779,0.64616,0.501065,1
1550,329.453,1.02699,0,0,0,-3.12924e-008,8.39884e-009,0.981818,0,0,0,-0.00253137,0.056646,-0.0436054,0.64616,0.501065,1
1560,337.474,1.02872,0,0,0,-3.12924e-008,8.39884e-009,0.981818,0,0,0,-0.00240463,0.0565068,-0.0453501,0.64616,0.501065,1
1570,338.586,1.03013,0,0,0,-3.12924e-008,8.39884e-009,0.981818,0,0,0,-0.00185904,0.0565377,-0.0467599,0.64616,0.501065,1
1580,342.027,1.03165,0,0,0,-3.12924e-008,8.39884e-009,0.981818,0,0,0,-0.00169038,0.0566938,-0.0482753,0.64616,0.501065,1
1590,339.273,1.03288,0,0,0,-3.12924e-008,8.39884e-009,0.981818,0,0,0,-0.00185871,0.0563968,-0.0495204,0.64616,0.501065,1
1600,345.525,1.03328,0,0,0,-3.12924e-008,8.39884e-009,0.981818,0,0,0,-0.00175139,0.0557783,-0.0499565,0.64616,0.501065,1
1610,360.286,1.03325,0,0,0,-3.12924e-008,8.39884e-009,0.981818,0,0,0,-0.00163309,0.0552882,-0.0499471,0.64616,0.501065,1
1620,365.941,1.03338,0,0,0,-3.12924e-008,8.39884e-009,0.981818,0,0,0,-0.00214143,0.0548106,-0.0501026,0.64616,0.501065,1
1630,356.149,1.03331,0,0,0,-3.12924e-008,8.39884e-009,0.981818,0,0,0,-0.00298724,0.0542979,-0.0500604,0.64616,0.501065,1
1640,334.229,1.03252,0,0,0,-3.12924e-008,8.39884e-009,0.981818,0,0,0,-0.00363895,0.0540864,-0.0492812,0.64616,0.501065,1
1650,308.284,1.03155,0,0,0,-3.12924e-008,8.39884e-009,0.981818,0,0,0,-0.00414534,0.054141,-0.0482999,0.64616,0.501065,1
1660,305.118,1.03127,0,0,0,-3.12924e-008,8.39884e-009,0.981818,0,0,0,-0.00446623,0.0541107,-0.0480194,0.64616,0.501065,1
1670,311.297,1.03128,0,0,0,-3.12924e-008,8.39884e-009,0.981818,0,0,0,-0.00405517,0.0542293,-0.0480265,0.64616,0.501065,1
1680,313.82,1.0308,0,0,0,-3.12924e-008,8.39884e-009,0.981818,0,0,0,-0.00320395,0.0547421,-0.0475198,0.64616,0.501065,1
1690,300.812,1.03009,0,0,0,-3.12924e-008,8.39884e-009,0.981818,0,0,0,-0.00279638,0.0554505,-0.0467696,0.64616,0.501065,1
1700,288.036,1.02993,0,0,0,-3.12924e-008,8.39884e-009,0.981818,0,0,0,-0.00273503,0.0559472,-0.0465924,0.64616,0.501065,1
1710,282.905,1.0301,0,0,0,-3.12924e-008,8.39884e-009,0.981818,0,0,0,-0.00227356,0.0561335,-0.046752,0.646168,0.501079,1
1720,278.127,1.02999,0,0,0,-3.12924e-008,8.39884e-009,0.981818,0,0,0,-0.00171381,0.0559713,-0.0466442,0.646173,0.501087,1
1730,278.384,1.02975,0,0,0,-3.12924e-008,8.39884e-009,0.981818,0,0,0,-0.00164777,0.0557097,-0.0464189,0.646173,0.501087,1
1740,287.1,1.03003,0,0,0,-3.12924e-008,8.39884e-009,0.981818,0,0,0,-0.00177496,0.0555447,-0.0467114,0.646187,0.501105,1
1750,295.108,1.03044,0,0,0,-3.12924e-008,8.39884e-009,0.981818,0,0,0,-0.00164263,0.0555428,-0.0471257,0.646187,0.501105,1
1760,309.969,1.03022,0,0,0,-3.12924e-008,8.39884e-009,0.981818,0,0,0,-0.00129765,0.055796,-0.0468906,0.646187,0.501105,1
1770,323.863,1.02977,0,0,0,-3.12924e-008,8.39884e-009,0.981818,0,0,0,-0.00083367,0.0562973,-0.0464145,0.646187,0.501105,1
1780,330.217,1.03029,0,0,0,-3.12924e-008,8.39884e-009,0.981818,0,0,0,-0.000324062,0.0566007,-0.0469143,0.646187,0.501105,1
1790,340.596,1.03145,0,0,0,-3.12924e-008,8.39884e-009,0.981818,0,0,0,-1.36801e-005,0.0562846,-0.0480936,0.646187,0.501105,1
1800,348.092,1.03207,0,0,0,-3.12924e-008,8.39884e-009,0.981818,0,0,0,0.000129639,0.0555385,-0.0487573,0.646187,0.501105,1
1810,367.873,1.03207,0,0,0,-3.12924e-008,8.39884e-009,0.981818,0,0,0,0.000361508,0.0547369,-0.0487976,0.646187,0.501105,1
1820,403.786,1.03234,0,0,0,-3.12924e-008,8.39884e-009,0.981818,0,0,0,0.00069662,0.0541559,-0.0491044,0.646187,0.501105,1
1830,432.686,1.0328,0,0,0,-3.12924e-008,8.39884e-009,0.981818,0,0,0,0.00084954,0.0539449,-0.0495723,0.646187,0.501105,1
1840,429.539,1.03289,0,0,0,-3.12924e-008,8.39884e-009,0.981818,0,0,0,0.000792629,0.0541806,-0.0496524,0.646187,0.501105,1
1850,386.586,1.03278,0,0,0,-3.12924e-008,8.39884e-009,0.981818,0,0,0,0.000603531,0.0545267,-0.0495221,0.646187,0.501105,1
1860,317.743,1.03304,0,0,0,-3.12924e-008,8.39884e-009,0.981818,0,0,0,0.000251794,0.0544922,-0.0497795,0.646187,0.501105,1
1870,272.377,1.03336,0,0,0,-3.12924e-008,8.39884e-009,0.981818,0,0,0,-0.000289689,0.05388,-0.0501313,0.646187,0.501105,1
1880,276.784,1.03313,0,0,0,-3.12924e-008,8.39884e-009,0.981818,0,0,0,-0.000678769,0.0531831,-0.0499435,0.646187,0.501105,1
1890,309.775,1.03243,0,0,0,-3.12924e-008,8.39884e-009,0.981818,0,0,0,-0.000792357,0.0527617,-0.049267,0.646187,0.501105,1
1900,353.663,1.03195,0,0,0,-3.12924e-008,8.39884e-009,0.981818,0,0,0,-0.000846924,0.0525176,-0.0487899,0.646187,0.501105,1
1910,378.611,1.03165,0,0,0,-3.12924e-008,8.39884e-009,0.981818,0,0,0,-0.000863504,0.0521792,-0.0485126,0.646187,0.501105,1
1920,366.032,1.03087,0,0,0,-3.12924e-008,8.39884e-009,0.981818,0,0,0,-0.00049901,0.0519473,-0.0477454,0.646187,0.501105,1
1930,328.633,1.0296,0,0,0,-3.12924e-008,8.39884e-009,0.981818,0,0,0,0.000108318,0.0518372,-0.0464752,0.646187,0.501105,1
1940,292.679,1.02867,0,0,0,-3.12924e-008,8.39884e-009,0.981818,0,0,0,0.000567041,0.0519047,-0.0455433,0.646187,0.501105,1
1950,270.096,1.02821,0,0,0,-3.12924e-008,8.39884e-009,0.981818,0,0,0,0.000803387,0.0523057,-0.045056,0.646187,0.501105,1
1960,267.522,1.0274,0,0,0,-3.12924e-008,8.39884e-009,0.981818,0,0,0,0.001073,0.0533426,-0.044196,0.646187,0.501105,1
1970,280.114,1.02616,0,0,0,-3.12924e-008,8.39884e-009,0.981818,0,0,0,0.00114527,0.0546759,-0.042887,0.646187,0.501105,1
1980,309.666,1.02517,0,0,0,-3.12924e-008,8.39884e-009,0.981818,0,0,0,0.000884266,0.0559177,-0.041823,0.646187,0.501105,1
1990,334.632,1.02462,0,0,0,-3.12924e-008,8.39884e-009,0.981818,0,0,0,0.000460977,0.0567621,-0.0412291,0.646187,0.501105,1
2000,347.81,1.02194,0,0,-1.09962,0.000254825,0.0572213,0.981268,0,0,0,0.000239067,0.0572474,-0.0406723,0.645838,0.50098,1
2010,327.751,1.01597,0,0,-1.09658,0.000254825,0.0572213,0.975778,0,0,0,3.09107e-005,0.0571998,-0.0401902,0.645406,0.500958,1
2020,305.956,1.01039,0,0,-1.09515,0.000254825,0.0572213,0.970299,0,0,0,-0.000137625,0.05669,-0.0400919,0.644859,0.501013,1
2030,282.144,1.00491,0,0,-1.09587,0.000254825,0.0572213,0.964822,0,0,0,-5.46954e-005,0.0557975,-0.0400826,0.644386,0.501074,1
2040,275.704,0.998754,0,0,-1.09813,0.000254825,0.0572213,0.959338,0,0,0,0.00029396,0.0549275,-0.0394138,0.643971,0.501069,1
2050,286.564,0.992018,0,0,-1.10003,0.000254825,0.0572213,0.953843,0,0,0,0.000356607,0.0541318,-0.0381704,0.643641,0.501016,1
2060,303.139,0.985362,0,0,-1.10037,0.000254825,0.0572213,0.948341,0,0,0,0.000165344,0.0533807,-0.037013,0.643435,0.500959,1
2070,303.757,0.978896,0,0,-1.0999,0.000254825,0.0572213,0.94284,0,0,0,0.000342738,0.0525884,-0.0360442,0.64331,0.500914,1
2080,285.78,0.97211,0,0,-1.10036,0.000254825,0.0572213,0.937341,0,0,0,0.00105193,0.0518392,-0.0347544,0.642943,0.500748,1
2090,262.133,0.96518,0,0,-1.10315,0.000254825,0.0572213,0.931834,0,0,0,0.00145664,0.0510215,-0.0333255,0.642333,0.500425,1
2100,260.118,0.958838,0,0,-1.10754,0.000254825,0.0572213,0.926308,0,0,0,0.00121828,0.0504264,-0.0325056,0.641849,0.500124,1
2110,274.453,0.953207,0,0,-1.11099,0.000254825,0.0572213,0.920762,0,0,0,0.000906995,0.0503998,-0.0324202,0.641593,0.499926,1
2120,300.351,0.947593,0,0,-1.1121,0.000254825,0.0572213,0.915203,0,0,0,0.000975941,0.0509246,-0.0323689,0.641593,0.499926,1
2130,316.39,0.941767,0,0,-1.11117,0.000254825,0.0572213,0.909644,0,0,0,0.000928241,0.0516668,-0.0321057,0.641593,0.499926,1
2140,303.475,0.935982,0,0,-1.11017,0.000254825,0.0572213,0.904091,0,0,0,0.000423576,0.0525389,-0.0318788,0.641593,0.499926,1
2150,280.421,0.93011,0,0,-1.11102,0.000254825,0.0572213,0.89854,0,0,0,-0.000421206,0.0533643,-0.0315624,0.64153,0.499947,1
2160,254.259,0.923804,0,0,-1.1147,0.000254825,0.0572213,0.892977,0,0,0,-0.00141091,0.0538863,-0.0308189,0.64153,0.499947,1
2170,235.219,0.917384,0,0,-1.12131,0.000254825,0.0572213,0.88739,0,0,0,-0.00239886,0.054241,-0.0299854,0.64153,0.499947,1
2180,244.259,0.911489,0,0,-1.12875,0.000254825,0.0572213,0.881766,0,0,0,-0.00278285,0.054729,-0.0297144,0.64153,0.499947,1
2190,281.754,0.905962,0,0,-1.13288,0.000254825,0.0572213,0.876111,0,0,0,-0.00247296,0.0552512,-0.0298447,0.641506,0.499941,1
2200,317.247,0.900282,0,0,-1.13259,0.000254825,0.0572213,0.870446,0,0,0,-0.00212843,0.0555376,-0.0298307,0.641506,0.499941,1
2210,332.959,0.894468,0,0,-1.13024,0.000254825,0.0572213,0.864788,0,0,0,-0.00219599,0.055493,-0.0296746,0.641481,0.499945,1
2220,321.967,0.888978,0,0,-1.1278,0.000254825,0.0572213,0.859143,0,0,0,-0.00215802,0.0549105,-0.0298292,0.641356,0.499995,1
2230,296.272,0.883636,0,0,-1.12702,0.000254825,0.0572213,0.853506,0,0,0,-0.0015991,0.0538398,-0.0301212,0.641356,0.499995,1
2240,265.449,0.878058,0,0,-1.12917,0.000254825,0.0572213,0.847868,0,0,0,-0.000764362,0.0526671,-0.0301776,0.641356,0.499995,1
2250,244.684,0.872357,0,0,-1.13457,0.000254825,0.0572213,0.842211,0,0,0,-0.000133395,0.0517965,-0.030129,0.641233,0.500017,1
2260,244.08,0.866984,0,0,-1.14129,0.000254825,0.0572213,0.836523,0,0,0,0.000256076,0.0512952,-0.0304408,0.641233,0.500017,1
2270,263.864,0.861669,0,0,-1.14643,0.000254825,0.0572213,0.830804,0,0,0,0.000479904,0.0514109,-0.0308453,0.641233,0.500017,1
2280,277.055,0.856086,0,0,-1.14944,0.000254825,0.0572213,0.825064,0,0,0,0.000535276,0.05209,-0.0310063,0.641233,0.500017,1
2290,281.934,0.850378,0,0,-1.15144,0.000254825,0.0572213,0.819312,0,0,0,0.000302755,0.0528293,-0.0310545,0.641233,0.500017,1
2300,291.578,0.844875,0,0,-1.15275,0.000254825,0.0572213,0.813552,0,0,0,-0.000122775,0.0529289,-0.0313123,0.641233,0.500017,1
2310,301.926,0.839084,0,0,-1.15313,0.000254825,0.0572213,0.807787,0,0,0,-0.000774057,0.0526181,-0.0312842,0.641233,0.500017,1
2320,323.133,0.832616,0,0,-1.15182,0.000254825,0.0572213,0.802023,0,0,0,-0.0017223,0.0523158,-0.0305758,0.641233,0.500017,1
2330,335.466,0.82573,0,0,-1.1491,0.000254825,0.0572213,0.79627,0,0,0,-0.00259966,0.0522517,-0.02944,0.641233,0.500017,1
2340,319.72,0.819167,0,0,-1.1466,0.000254825,0.0572213,0.79053,0,0,0,-0.0025957,0.0522603,-0.0286171,0.641193,0.500164,1
2350,296.977,0.812992,0,0,-1.14586,0.000254825,0.0572213,0.7848,0,0,0,-0.00193555,0.0524955,-0.0281757,0.641204,0.500379,1
2360,280.435,0.807024,0,0,-1.14722,0.000254825,0.0572213,0.779068,0,0,0,-0.00146988,0.0526993,-0.0279414,0.641169,0.500634,1
2370,273.559,0.801348,0,0,-1.14966,0.000254825,0.0572213,0.773327,0,0,0,-0.00122225,0.0526429,-0.0280065,0.641089,0.500942,1
2380,271.164,0.796209,0,0,-1.1525,0.000254825,0.0572213,0.767572,0,0,0,-0.000437294,0.0523836,-0.0286216,0.641031,0.501088,1
2390,272.259,0.791115,0,0,-1.15572,0.000254825,0.0572213,0.761803,0,0,0,0.000806463,0.052578,-0.0292981,0.641009,0.501133,1
2400,289.089,0.7857,0,0,-1.15763,0.000254825,0.0572213,0.756019,0,0,0,0.00195775,0.0530493,-0.0296677,0.641004,0.501143,1
2410,304.711,0.780396,0,0,-1.15774,0.000254825,0.0572213,0.75023,0,0,0,0.0027253,0.0533194,-0.0301521,0.641004,0.501143,1
2420,292.732,0.775663,0,0,-1.15772,0.000254825,0.0572213,0.744442,0,0,0,0.00297246,0.053266,-0.0312067,0.641004,0.501143,1
2430,275.057,0.770923,0,0,-1.15949,0.000254825,0.0572213,0.73865,0,0,0,0.00245786,0.0532369,-0.0322593,0.641004,0.501143,1
2440,263.783,0.765434,0,0,-1.16301,0.000254825,0.0572213,0.732845,0,0,0,0.00163308,0.0529942,-0.0325756,0.641004,0.501143,1
2450,267.732,0.759152,0,0,-1.16679,0.000254825,0.0572213,0.727022,0,0,0,0.00115771,0.0524874,-0.032115,0.641004,0.501143,1
2460,275.761,0.752391,0,0,-1.16987,0.000254825,0.0572213,0.72118,0,0,0,0.00111594,0.0519502,-0.031192,0.641004,0.501143,1
2470,287.916,0.745289,0,0,-1.1717,0.000254825,0.0572213,0.715326,0,0,0,0.00114446,0.0516062,-0.0299406,0.641004,0.501143,1
2480,308.809,0.737986,0,0,-1.17187,0.000254825,0.0572213,0.709467,0,0,0,0.00136904,0.0511988,-0.0284942,0.641004,0.501143,1
2490,332.54,0.730829,0,0,-1.16985,0.000254825,0.0572213,0.703611,0,0,0,0.00198556,0.0507458,-0.027187,0.641345,0.500998,1
2500,339.307,0.72398,0,0,-1.16658,0.000254825,0.0572213,0.697769,0,0,0,0.00263087,0.0503149,-0.026174,0.641876,0.500915,1
2510,334.916,0.717318,0,0,-1.1633,0.000254825,0.0572213,0.691943,0,0,0,0.00288534,0.0498748,-0.0253319,0.642342,0.500759,1
2520,317.344,0.710747,0,0,-1.16104,0.000254825,0.0572213,0.686133,0,0,0,0.00277675,0.049351,-0.0245664,0.642594,0.500585,1
2530,293.542,0.704568,0,0,-1.16057,0.000254825,0.0572213,0.68033,0,0,0,0.00249254,0.0490432,-0.0241871,0.642812,0.500344,1
2540,289.844,0.698812,0,0,-1.16177,0.000254825,0.0572213,0.674524,0,0,0,0.00203006,0.04935,-0.024241,0.643002,0.500048,1
2550,301.359,0.693022,0,0,-1.16213,0.000254825,0.0572213,0.668714,0,0,0,0.00165705,0.0502859,-0.0242715,0.64312,0.499798,1
2560,307.74,0.686946,0,0,-1.16162,0.000254825,0.0572213,0.662904,0,0,0,0.00144372,0.0514946,-0.024017,0.643183,0.499601,1
2570,320.129,0.681285,0,0,-1.16036,0.000254825,0.0572213,0.657098,0,0,0,0.00113184,0.0525979,-0.02417,0.643238,0.49929,1
2580,322.13,0.676372,0,0,-1.15831,0.000254825,0.0572213,0.651301,0,0,0,0.000561928,0.0534587,-0.0250607,0.643252,0.498973,1
2590,311.74,0.671852,0,0,-1.15675,0.000254825,0.0572213,0.645514,0,0,0,0.000278591,0.053775,-0.0263292,0.643271,0.498572,1
2600,300.448,0.667133,0,0,-1.15624,0.000254825,0.0572213,0.639731,0,0,0,0.000452352,0.0535274,-0.027391,0.643318,0.497711,1
2610,283.325,0.662278,0,0,-1.15701,0.000254825,0.0572213,0.633949,0,0,0,0.000755898,0.0531056,-0.0283159,0.643386,0.496674,1
2620,265.864,0.657327,0,0,-1.15987,0.000254825,0.0572213,0.628159,0,0,0,0.000977237,0.0528495,-0.0291534,0.643454,0.49584,1
2630,266.219,0.652357,0,0,-1.16372,0.000254825,0.0572213,0.62235,0,0,0,0.00165137,0.0524492,-0.0299872,0.643523,0.495159,1
2640,268.749,0.647139,0,0,-1.16727,0.000254825,0.0572213,0.616524,0,0,0,0.00282739,0.0519867,-0.030589,0.643599,0.494647,1
2650,276.091,0.6417,0,0,-1.17017,0.000254825,0.0572213,0.610681,0,0,0,0.00392658,0.0516874,-0.0309847,0.643666,0.494345,1
2660,291.186,0.635832,0,0,-1.172,0.000254825,0.0572213,0.604825,0,0,0,0.00443486,0.0513584,-0.0309666,0.64369,0.494136,1
2670,320.313,0.629506,0,0,-1.17136,0.000254825,0.0572213,0.598965,0,0,0,0.00452545,0.0504771,-0.0304903,0.643707,0.493845,1
2680,339.414,0.622816,0,0,-1.1685,0.000254825,0.0572213,0.593114,0,0,0,0.00420061,0.0495371,-0.0296418,0.643701,0.493643,1
2690,337.647,0.616361,0,0,-1.16508,0.000254825,0.0572213,0.587279,0,0,0,0.00351787,0.0492347,-0.0290214,0.643679,0.493414,1
2700,321.268,0.610211,0,0,-1.16252,0.000254825,0.0572213,0.58146,0,0,0,0.00285543,0.0495052,-0.0286967,0.643659,0.493292,1
2710,312.089,0.604275,0,0,-1.16111,0.000254825,0.0572213,0.575651,0,0,0,0.00270843,0.0495224,-0.0285698,0.643659,0.493292,1
2720,306.775,0.598484,0,0,-1.16022,0.000254825,0.0572213,0.569848,0,0,0,0.00263716,0.0492733,-0.0285789,0.643659,0.493292,1
2730,290.097,0.592981,7.50757e-007,-1.20661e-006,-1.1604,0.000254825,0.0572213,0.564047,-0.0605959,0.0973893,0.323039,0.00214839,0.0492503,-0.0288772,0.643659,0.493292,1
2740,285.143,0.5874,1.68587e-005,-2.76581e-005,-1.16198,0.000254868,0.0572213,0.558242,-0.0695054,0.116418,0.369196,0.00152121,0.049593,-0.0291072,0.643659,0.493292,1
2750,290.825,0.581458,3.53347e-005,-5.91844e-005,-1.16318,0.000254998,0.057221,0.552429,-0.0796678,0.13817,0.419208,0.00133061,0.0498042,-0.0289806,0.643659,0.493292,1
2760,280.629,0.575186,5.64373e-005,-9.66657e-005,-1.16469,0.000255226,0.0572207,0.54661,-0.0821948,0.178092,0.509096,0.00130961,0.0497231,-0.0285263,0.643659,0.493292,1
2770,273.171,0.568976,7.87112e-005,-0.000144766,-1.1674,0.000255562,0.0572201,0.540781,-0.108716,0.228996,0.597845,0.00125371,0.0491922,-0.0281379,0.643659,0.493292,1
2780,278.595,0.563107,0.000107919,-0.000205721,-1.17023,0.000256027,0.0572192,0.534937,-0.125765,0.260582,0.666468,0.00127955,0.0481937,-0.0280962,0.643659,0.493292,1
2790,305.256,0.557815,0.000141688,-0.000274698,-1.17124,0.000256649,0.057218,0.529082,-0.147095,0.295144,0.742315,0.00144442,0.0472584,-0.0286429,0.643659,0.493292,1
2800,335.29,0.553095,0.000180957,-0.000351836,-1.16941,0.000257453,0.0572164,0.523229,-0.172592,0.332535,0.82246,0.00158172,0.0473639,-0.0297768,0.643659,0.493292,1
2810,350.44,0.548415,0.000226474,-0.000437579,-1.16574,0.000258469,0.0572144,0.51739,-0.200976,0.370331,0.904146,0.00177655,0.0484863,-0.0309535,0.643447,0.493175,1
2820,342.82,0.543109,0.000279163,-0.000532675,-1.16205,0.00025973,0.057212,0.51157,-0.23125,0.411237,0.99509,0.00187198,0.0495208,-0.0314824,0.642933,0.492916,1
2830,320.779,0.536889,0.000339458,-0.000638199,-1.15937,0.000261273,0.0572091,0.505766,-0.261766,0.451976,1.09002,0.00155393,0.0496958,-0.0310686,0.64291,0.492906,1
2840,266.334,0.530327,0.000408127,-0.000755602,-1.1605,0.000263139,0.0572056,0.499969,-0.289161,0.490898,1.17794,0.000812582,0.0494102,-0.0303003,0.642767,0.492846,1
2850,220.658,0.523871,0.000487668,-0.000890687,-1.16845,0.000265369,0.0572015,0.494152,-0.467911,0.809157,1.65411,0.000164237,0.049182,-0.0296576,0.64227,0.492649,1
2860,212.043,0.517549,0.000613554,-0.00110973,-1.18063,0.000268116,0.0571965,0.488282,-0.502279,0.877536,1.74304,-5.55986e-005,0.0489609,-0.029201,0.64153,0.492361,1
2870,232.844,0.511042,0.000747697,-0.0013461,-1.1916,0.000271515,0.0571904,0.482353,-0.530201,0.940853,1.8123,5.98831e-006,0.0485606,-0.0286158,0.640983,0.492155,1
2880,264.411,0.504549,0.00088535,-0.0015938,-1.19807,0.000275596,0.0571831,0.476378,-0.545617,0.998222,1.86883,-9.23411e-005,0.0480246,-0.0280879,0.640747,0.492071,1
2890,278.755,0.498031,0.00102363,-0.00185138,-1.20113,0.000280368,0.0571745,0.47038,-0.553449,1.05062,1.91613,-0.000286844,0.0474456,-0.0275549,0.640747,0.492071,1
2900,260.941,0.491585,0.00116455,-0.0021243,-1.20503,0.000285836,0.0571645,0.464367,-0.558362,1.10692,1.97176,3.51157e-006,0.0469141,-0.0271111,0.640747,0.492071,1
2910,241.543,0.485143,0.00131029,-0.00241675,-1.21162,0.000292018,0.0571532,0.458328,-0.586932,1.14868,2.10481,0.000743402,0.0467226,-0.0267025,0.640747,0.492071,1
2920,245.346,0.479047,0.00146508,-0.0027227,-1.2195,0.000298954,0.0571403,0.452252,-0.594347,1.19393,2.17917,0.0012601,0.0468323,-0.0266833,0.640747,0.492071,1
2930,270.447,0.473278,0.00161984,-0.00303531,-1.22518,0.000306665,0.0571259,0.44614,-0.590743,1.23112,2.28784,0.00132622,0.0469513,-0.0270274,0.640747,0.492071,1
2940,305.189,0.467709,0.00176956,-0.00334833,-1.22683,0.000315139,0.05711,0.440008,-0.607995,1.27529,2.38729,0.00144818,0.0469737,-0.0275894,0.640679,0.492097,1
2950,334.2,0.4619,0.00192089,-0.00366453,-1.22538,0.000324364,0.0570925,0.433876,-0.641391,1.32622,2.49377,0.00149762,0.0473038,-0.0279185,0.640679,0.492097,1
2960,357.478,0.456119,0.00207843,-0.00398719,-1.2219,0.000334361,0.0570733,0.427756,-0.686743,1.38242,2.61616,0.00113495,0.0482116,-0.0282757,0.640607,0.492128,1
2970,368.432,0.45057,0.00224529,-0.00431644,-1.21706,0.000345168,0.0570526,0.421657,-0.739361,1.42435,2.71526,0.000425382,0.049493,-0.0288491,0.640584,0.492138,1
2980,356.063,0.445226,0.00242467,-0.00465374,-1.21247,0.000356839,0.0570301,0.415583,-0.790766,1.4547,2.80912,-0.000186527,0.0505275,-0.0295954,0.640584,0.492138,1
2990,336.422,0.439548,0.00261946,-0.00500254,-1.20929,0.000369445,0.057006,0.409528,-0.848898,1.48952,2.88598,-0.00076641,0.051106,-0.0299795,0.640584,0.492138,1
3000,332.821,0.433788,0.0028335,-0.00536267,-1.20698,0.000383066,0.0569801,0.403487,-1.06631,1.30335,3.44013,-0.00115771,0.0513657,-0.0302618,0.640792,0.492166,1
3010,337.109,0.428162,0.00310324,-0.0056777,-1.20471,0.000397899,0.0569525,0.397456,-1.17608,1.35833,3.60292,-0.00106104,0.0515542,-0.0306688,0.640792,0.492166,1
3020,334.288,0.422561,0.00340032,-0.00600583,-1.20237,0.000414148,0.0569233,0.391438,-1.29335,1.41679,3.78924,-0.000164677,0.0517852,-0.0310916,0.640792,0.492166,1
3030,320.434,0.416316,0.00372942,-0.00635637,-1.20074,0.000431956,0.0568924,0.38543,-1.5695,1.97401,4.7282,0.000965804,0.0522235,-0.0308596,0.640579,0.491848,1
3040,283.464,0.409697,0.00413654,-0.00686155,-1.20183,0.000451599,0.0568594,0.379425,-1.78287,2.46805,5.31503,0.0017732,0.0528183,-0.0302499,0.640056,0.491945,1
3050,245.621,0.403142,0.00461485,-0.00751702,-1.20764,0.000473442,0.0568235,0.373405,-2.21848,2.60436,5.96188,0.00214943,0.0534021,-0.0297194,0.639578,0.491973,1
3060,219.886,0.396999,0.00521736,-0.00823395,-1.21834,0.000497992,0.0567841,0.367344,-2.3253,2.67205,6.14863,0.00251431,0.0537538,-0.029638,0.638684,0.491977,1
3070,242.119,0.390988,0.00584571,-0.00896355,-1.22964,0.000525639,0.0567411,0.361225,-2.38203,2.63831,6.12026,0.00255172,0.0537823,-0.0297471,0.638127,0.491931,1
3080,285.947,0.385156,0.00645792,-0.0096258,-1.23504,0.000556401,0.0566946,0.355062,-2.45691,2.35017,6.2664,0.00216564,0.0535384,-0.0300781,0.637459,0.491869,1
3090,326.38,0.379114,0.00705559,-0.0101659,-1.23569,0.000590201,0.0566451,0.348883,-2.40243,2.05035,5.96807,0.00163425,0.0532212,-0.0302143,0.63704,0.491878,1
3100,348.944,0.372568,0.00761927,-0.0105967,-1.23347,0.000626908,0.0565931,0.342709,-2.31516,1.6634,5.54067,0.00123287,0.0527867,-0.0298396,0.636929,0.4919,1
3110,346.684,0.365509,0.0081587,-0.0109054,-1.23039,0.00066635,0.0565393,0.336548,-2.9359,0.641234,5.9454,0.000523176,0.0521077,-0.0289341,0.636822,0.491932,1
3120,329.31,0.358741,0.00884993,-0.0109477,-1.22839,0.000708886,0.0564846,0.330401,-2.81638,-0.0950779,5.06732,-0.000148124,0.0515213,-0.0283046,0.636672,0.491991,1
3130,322.304,0.3527,0.00950363,-0.0107802,-1.22725,0.000754801,0.0564302,0.324261,-2.45021,-1.38872,4.18434,-0.000132385,0.0513875,-0.0284016,0.636602,0.492026,1
3140,312.293,0.34708,0.0100561,-0.0102481,-1.22641,0.000803734,0.0563774,0.318127,-2.29193,-2.97618,3.39114,0.000360363,0.051473,-0.028918,0.636509,0.492093,1
3150,316.951,0.341178,0.0105419,-0.00926538,-1.22567,0.000855299,0.0563284,0.311996,-1.67907,-4.9725,0.91419,0.000666826,0.0513418,-0.0291457,0.636312,0.492282,1
3160,305.443,0.334907,0.0108405,-0.00771382,-1.22432,0.000908851,0.0562857,0.305871,-0.747464,-7.59496,-2.34051,0.00100136,0.0512387,-0.0289982,0.636117,0.492516,1
3170,291.185,0.32861,0.0108624,-0.00542435,-1.22354,0.000963259,0.0562525,0.299751,0.950801,-11.282,-6.30926,0.00164013,0.05123,-0.0288197,0.636016,0.492666,1
3180,286.409,0.322267,0.0103879,-0.00207774,-1.22266,0.00101661,0.0562332,0.293635,3.14444,-16.055,-12.5603,0.00197168,0.0510358,-0.0285881,0.63596,0.492766,1
3190,270.502,0.315806,0.00922118,0.0027252,-1.22061,0.001066,0.0562341,0.287528,6.71751,-23.2242,-22.3591,0.00192552,0.0505486,-0.0282264,0.635957,0.492773,1
3200,253.77,0.309275,0.00689843,0.00983544,-1.21809,0.00110693,0.0562643,0.281431,12.8466,-34.9931,-38.6321,0.00209199,0.0503734,-0.0277867,0.635957,0.492773,1
3210,252.22,0.303033,0.00251432,0.0208716,-1.21089,0.00113161,0.0563388,0.275357,24.0522,-55.4261,-66.7056,0.0025399,0.0505204,-0.0276164,0.635957,0.492773,1
3220,226.125,0.297008,-0.00565211,0.0388937,-1.19619,0.00112585,0.0564843,0.269338,43.6418,-91.9473,-118.092,0.00228483,0.0507652,-0.0276134,0.63595,0.492905,1
3230,205.138,0.291332,-0.0204997,0.0693813,-1.16874,0.00106421,0.056748,0.26342,78.4486,-154.995,-208.14,0.00142019,0.051112,-0.0278571,0.635952,0.493205,1
3240,214.182,0.286155,-0.0465914,0.12021,-1.11369,0.000902347,0.0572113,0.257701,132.233,-252.319,-347.577,0.000660684,0.0517872,-0.0284018,0.635963,0.493546,1
3250,240.479,0.281895,-0.0878792,0.198488,-1.01528,0.000573202,0.0579952,0.252362,197.288,-370.145,-509.833,0.000440699,0.0522189,-0.0294742,0.635997,0.493896,1
3260,255.88,0.278035,-0.143942,0.303938,-0.87817,-1.13234e-006,0.0592413,0.247617,244.661,-460.87,-620.625,0.000237728,0.0521455,-0.0303279,0.636039,0.494089,1
3270,269.416,0.274244,-0.206461,0.422455,-0.725288,-0.000876773,0.061056,0.243609,247.154,-470.169,-613.64,0.00038973,0.0518982,-0.0304797,0.636067,0.494178,1
3280,278.67,0.27054,-0.263657,0.53227,-0.587154,-0.00205649,0.0634504,0.24034,204.771,-397.064,-500.314,0.000916946,0.0520019,-0.0299421,0.636069,0.494195,1
3290,282.734,0.267733,-0.307564,0.61807,-0.482642,-0.0034907,0.0663378,0.237681,145.618,-286.636,-349.856,0.00146752,0.052269,-0.0296358,0.636069,0.494195,1
3300,283.611,0.265666,-0.337302,0.677483,-0.413613,-0.00510832,0.0695867,0.235454,92.7147,-189.278,-218.803,0.00140858,0.0525131,-0.029582,0.636069,0.494195,1
3310,296.193,0.264057,-0.355718,0.715709,-0.371684,-0.00684475,0.0730771,0.233501,56.5606,-119.769,-128.88,0.00130419,0.0525198,-0.029629,0.636043,0.494636,1
3320,310.344,0.262537,-0.366671,0.739359,-0.346968,-0.00865319,0.0767197,0.231709,34.8918,-76.5612,-74.724,0.00122953,0.0522341,-0.029496,0.63601,0.495134,1
3330,307.199,0.261501,-0.37342,0.754091,-0.332194,-0.0105046,0.0804561,0.230015,23.4376,-50.3256,-44.7713,0.0011112,0.0516457,-0.0296346,0.635974,0.495545,1
3340,293.274,0.260627,-0.378408,0.764651,-0.3233,-0.0123846,0.0842541,0.228378,17.3706,-36.0723,-28.8174,0.000786787,0.0511824,-0.0298069,0.635918,0.496222,1
3350,278.092,0.259937,-0.382818,0.773439,-0.317653,-0.0142876,0.0880995,0.226776,14.7111,-27.8761,-20.9212,0.000980012,0.0510763,-0.0300574,0.635865,0.497019,1
3360,259.051,0.259341,-0.387439,0.782094,-0.313969,-0.0162128,0.0919875,0.225198,13.2816,-23.5453,-17.2274,0.00153148,0.0511745,-0.0302956,0.635834,0.49768,1
3370,248.354,0.259213,-0.392633,0.791039,-0.311415,-0.0181622,0.0959195,0.223636,13.8716,-18.5531,-15.4937,0.00185164,0.051141,-0.0308951,0.635815,0.498325,1
3380,263.177,0.259179,-0.397948,0.798689,-0.309203,-0.0201384,0.099894,0.222084,14.6063,-13.8412,-13.7466,0.00154715,0.0511419,-0.0315429,0.635806,0.498919,1
3390,279.08,0.259363,-0.402692,0.803297,-0.306758,-0.0221399,0.1039,0.220545,15.9112,-7.73871,-11.4004,0.00120576,0.0514811,-0.0323909,0.635813,0.499305,1
3400,298.977,0.259924,-0.406928,0.805538,-0.304728,-0.0241642,0.107922,0.219016,14.8406,-3.88567,-7.70786,0.00113128,0.0520958,-0.0335781,0.635829,0.499593,1
3410,323.819,0.261159,-0.410145,0.805058,-0.302954,-0.0262074,0.11195,0.217497,14.2486,0.907946,-4.08999,0.00130499,0.0525137,-0.0353161,0.635851,0.499785,1
3420,330.118,0.262449,-0.412576,0.802562,-0.301687,-0.0282646,0.11597,0.215986,13.5508,4.67367,-1.01276,0.00164034,0.0523614,-0.036876,0.635856,0.499797,1
3430,300.906,0.263176,-0.415692,0.799736,-0.301122,-0.0303348,0.119976,0.214479,15.4494,9.42098,-0.425038,0.00205798,0.0520247,-0.0377011,0.635856,0.499797,1
3440,270.593,0.263267,-0.420365,0.798337,-0.301603,-0.0324241,0.12397,0.212972,17.2251,13.1112,0.0873129,0.00216363,0.0521183,-0.0379264,0.635856,0.499797,1
3450,289.807,0.263295,-0.425938,0.796164,-0.302076,-0.0345397,0.127957,0.211463,20.2568,16.4692,-1.06862,0.0017885,0.0527656,-0.0382386,0.635856,0.499797,1
3460,344.445,0.263553,-0.430551,0.790816,-0.301388,-0.0366816,0.131927,0.209954,22.5193,18.7807,-1.8578,0.00128193,0.0532224,-0.0386918,0.635856,0.499797,1
3470,390.001,0.263988,-0.434722,0.781672,-0.298957,-0.0388452,0.13586,0.208452,27.753,22.7648,-5.18195,0.00084235,0.0530217,-0.0390407,0.635877,0.499834,1
3480,381.814,0.264701,-0.439215,0.771477,-0.2958,-0.0410304,0.139744,0.206964,29.4188,23.875,-6.83309,0.000462117,0.0521279,-0.0393457,0.636059,0.500124,1
3490,341.799,0.265511,-0.44482,0.762326,-0.292798,-0.0432405,0.143578,0.205493,29.5723,22.2823,-5.90964,4.2061e-005,0.0511667,-0.0396255,0.636159,0.500259,1
3500,291.607,0.266087,-0.451094,0.756418,-0.291474,-0.0454801,0.147374,0.204033,26.4129,19.0601,-3.28604,-0.000258939,0.0505788,-0.039664,0.6363,0.500456,1
3510,249.916,0.266356,-0.459144,0.754134,-0.291607,-0.0477545,0.151148,0.202576,26.2453,17.8842,-2.78856,-0.000366717,0.0505597,-0.0394606,0.636487,0.500714,1
3520,232.717,0.26693,-0.468623,0.75493,-0.292947,-0.0500727,0.154919,0.201115,26.9763,16.4862,-2.982,-0.000264226,0.0504244,-0.0394086,0.636635,0.500887,1
3530,254.139,0.267761,-0.478207,0.755419,-0.293855,-0.0524397,0.158694,0.199648,26.6542,14.3395,-2.66366,-0.000358432,0.0499102,-0.0394107,0.636635,0.500887,1
3540,288.7,0.268424,-0.485961,0.754155,-0.29402,-0.0548504,0.162469,0.198178,27.3426,12.6098,-3.24813,-0.00048346,0.0495052,-0.0391717,0.636644,0.5009,1
3550,323.578,0.268693,-0.492806,0.7504,-0.292561,-0.0572977,0.166231,0.196711,29.9686,13.2998,-6.07645,-0.000387386,0.0499904,-0.0387569,0.636873,0.501256,1
3560,337.826,0.26955,-0.499131,0.745136,-0.289911,-0.0597778,0.169971,0.195254,32.3872,13.805,-9.83708,2.15865e-005,0.0508688,-0.0390446,0.636977,0.501435,1
3570,317.821,0.271199,-0.506024,0.74032,-0.286623,-0.062291,0.173684,0.193813,29.7838,11.4596,-10.5349,0.00032538,0.0514887,-0.0400592,0.636978,0.501437,1
3580,292.784,0.273212,-0.512644,0.73766,-0.283962,-0.0648376,0.177378,0.192387,25.9518,8.33066,-10.6227,0.00101273,0.0514405,-0.0409544,0.636978,0.501437,1
3590,284.979,0.27488,-0.519002,0.736854,-0.281893,-0.0674172,0.181064,0.190973,19.3994,5.08053,-7.89799,0.00196401,0.0510717,-0.0410771,0.636978,0.501437,1
3600,307.976,0.276739,-0.523322,0.73622,-0.280487,-0.0700239,0.184747,0.189567,14.0286,3.47738,-4.98732,0.002512,0.0505709,-0.0413441,0.636978,0.501437,1
3610,339.006,0.279084,-0.525046,0.733897,-0.278967,-0.0726462,0.188423,0.188168,8.66949,2.73887,-2.6042,0.00232291,0.0503523,-0.0424916,0.636978,0.501437,1
3620,347.242,0.28225,-0.525029,0.730843,-0.277491,-0.0752722,0.192086,0.186777,5.35016,3.02113,-2.48483,0.00256135,0.0501941,-0.0444668,0.636978,0.501437,1
3630,323.928,0.285936,-0.524534,0.728042,-0.275971,-0.0778965,0.195733,0.185393,1.77637,3.15277,-4.04224,0.00338768,0.0496463,-0.0465789,0.636978,0.501437,1
3640,299.83,0.289939,-0.524134,0.72657,-0.274418,-0.0805182,0.199369,0.184017,-1.42991,4.05606,-6.96456,0.00408985,0.0484546,-0.0486437,0.636978,0.501437,1
3650,287.54,0.293137,-0.52384,0.726041,-0.272441,-0.0831381,0.203,0.182649,-4.1538,5.22133,-11.002,0.00406931,0.0477294,-0.0501919,0.637041,0.501491,1
3660,316.004,0.29518,-0.522623,0.724423,-0.268945,-0.0857549,0.206628,0.181295,-5.02071,7.81726,-17.579,0.00366647,0.048166,-0.0511384,0.63733,0.501737,1
3670,356.546,0.296587,-0.519927,0.720027,-0.262814,-0.0883622,0.21024,0.179964,-4.75441,10.9327,-25.896,0.00268355,0.0491428,-0.0518159,0.63761,0.501971,1
3680,371.525,0.298682,-0.516332,0.713694,-0.254117,-0.0909537,0.213826,0.17867,-5.7204,13.3047,-34.4891,0.00152059,0.0496651,-0.0530858,0.63761,0.501971,1
3690,360.499,0.3014,-0.511768,0.70683,-0.243428,-0.0935251,0.217378,0.177426,-12.7065,15.1125,-43.279,0.000839789,0.049913,-0.054723,0.63761,0.501971,1
3700,346.434,0.304138,-0.505651,0.699987,-0.230323,-0.0960699,0.220896,0.17624,-21.5656,19.4976,-56.4566,0.00113589,0.0501675,-0.0559305,0.63761,0.501971,1
3710,325.822,0.306432,-0.497809,0.692604,-0.213532,-0.0985796,0.224378,0.175128,-30.5991,25.1645,-75.4676,0.00166182,0.0503783,-0.0563379,0.63761,0.501971,1
3720,306.708,0.308816,-0.488385,0.68477,-0.191894,-0.101046,0.227822,0.174112,-41.0336,31.4137,-97.6023,0.00225656,0.0507437,-0.0568402,0.63761,0.501971,1
3730,315.938,0.311331,-0.476371,0.675829,-0.164543,-0.103459,0.231225,0.173218,-53.776,37.2609,-123.301,0.0030064,0.0515505,-0.0576695,0.63761,0.501971,1
3740,326.544,0.313927,-0.46039,0.66442,-0.12961,-0.105803,0.234576,0.172479,-68.3988,45.4979,-158.894,0.00391121,0.0520241,-0.0581451,0.63761,0.501971,1
3750,327.497,0.31654,-0.440208,0.650086,-0.0839043,-0.108057,0.237865,0.17194,-87.8755,60.4311,-212.041,0.00412944,0.0513363,-0.0578839,0.63761,0.501971,1
3760,329.882,0.319647,-0.414415,0.631086,-0.0219783,-0.110197,0.24107,0.171667,-114.478,83.3793,-291.825,0.00358125,0.0498679,-0.0578341,0.63761,0.501971,1
3770,337.194,0.323117,-0.38102,0.605331,0.0631601,-0.112189,0.244165,0.171758,-147.373,112.44,-400.01,0.00271363,0.0485282,-0.0583036,0.63761,0.501971,1
3780,339.273,0.326796,-0.339452,0.571823,0.176939,-0.113994,0.247112,0.172346,-178.421,144.065,-521.431,0.00213345,0.0474524,-0.0588388,0.63761,0.501971,1
3790,314.089,0.330568,-0.292092,0.531489,0.320093,-0.115574,0.249873,0.173577,-195.427,171.123,-636.107,0.0018187,0.0465471,-0.0591317,0.63761,0.501971,1
3800,284.384,0.334452,-0.243801,0.486818,0.49057,-0.116913,0.25242,0.175592,-191.312,188.277,-736.916,0.00179763,0.0461252,-0.0593734,0.63761,0.501971,1
3810,264.189,0.338277,-0.199184,0.440529,0.686122,-0.118018,0.254738,0.178523,-171.811,192.569,-825.256,0.00208133,0.0463439,-0.0593404,0.63761,0.501971,1
3820,266.014,0.342345,-0.160291,0.39574,0.898701,-0.118914,0.256827,0.182482,-146.947,176.917,-849.884,0.00245059,0.0467954,-0.0590911,0.63761,0.501971,1
3830,288.731,0.347247,-0.127056,0.35674,1.1019,-0.11963,0.258704,0.187494,-124.656,141.719,-756.205,0.00261192,0.0470495,-0.0591634,0.637754,0.502122,1
3840,316.888,0.353286,-0.0981434,0.326596,1.26921,-0.120192,0.260409,0.19344,-109.982,101.42,-595.562,0.00287179,0.047365,-0.0600923,0.637754,0.502122,1
3850,327.095,0.360101,-0.0714841,0.304811,1.3965,-0.120616,0.261984,0.200119,-105.68,72.0299,-459.689,0.00360135,0.0478485,-0.0613925,0.637754,0.502122,1
3860,333.28,0.366961,-0.0448609,0.288786,1.49454,-0.120907,0.263467,0.207358,-108.9,52.7867,-365.58,0.00442917,0.0483824,-0.0622523,0.637754,0.502122,1
3870,311.479,0.373446,-0.0172542,0.276879,1.57322,-0.121063,0.264879,0.215035,-112.691,39.9861,-293.324,0.00475457,0.0488789,-0.0624103,0.637754,0.502122,1
3880,272.034,0.38,0.0101163,0.268579,1.63887,-0.12108,0.266241,0.223069,-105.424,28.9103,-225.337,0.00445376,0.0493995,-0.0626243,0.637754,0.502122,1
3890,261.26,0.387268,0.0337478,0.263737,1.69227,-0.120968,0.267571,0.231402,-82.2664,17.9325,-157.879,0.00380668,0.0493215,-0.0631741,0.637754,0.502122,1
3900,284.64,0.394904,0.0504064,0.261137,1.72796,-0.120754,0.268882,0.23996,-50.8031,9.23041,-95.5462,0.00309244,0.0485582,-0.0634687,0.637754,0.502122,1
3910,325.455,0.402495,0.0595233,0.259427,1.74415,-0.120476,0.270183,0.248648,-24.5941,4.11927,-46.979,0.00286559,0.047718,-0.0632789,0.637754,0.502122,1
3920,347.752,0.410296,0.063259,0.258081,1.7465,-0.120168,0.271477,0.25738,-8.61917,1.05425,-15.4409,0.00335204,0.0474393,-0.0633892,0.637754,0.502122,1
3930,354.06,0.41856,0.0640554,0.257071,1.74149,-0.119848,0.272765,0.266104,-0.729232,-0.426318,1.88209,0.00434665,0.0474847,-0.0640733,0.637754,0.502122,1
3940,351.379,0.426772,0.0635119,0.256291,1.73321,-0.119529,0.274049,0.274793,2.65045,-1.08757,10.4954,0.00509559,0.0476199,-0.064815,0.637754,0.502122,1
3950,337.929,0.434887,0.0624677,0.255769,1.72444,-0.119214,0.275329,0.283438,3.79111,-1.44808,13.6239,0.00529118,0.047481,-0.065432,0.6379,0.502258,1
3960,299.37,0.442979,0.0613874,0.255801,1.71854,-0.118904,0.276607,0.292044,4.16739,-1.57101,14.9324,0.00468506,0.0471224,-0.0661355,0.638163,0.502401,1
3970,291.349,0.45088,0.0603883,0.256373,1.71604,-0.1186,0.277888,0.30063,4.19681,-1.54621,14.7196,0.00358034,0.0468301,-0.0667624,0.638321,0.502423,1
3980,303.482,0.458161,0.0593704,0.256822,1.71295,-0.118301,0.279171,0.309203,4.15573,-1.4408,14.3169,0.00227193,0.0470617,-0.0669601,0.63843,0.502483,1
3990,311.041,0.465381,0.0583018,0.256936,1.708,-0.118006,0.280455,0.317756,4.04624,-1.2747,13.637,0.00148537,0.0476053,-0.0670578,0.638557,0.50259,1
4000,289.406,0.473075,0.0573254,0.257238,1.70479,-0.117717,0.281741,0.326287,3.68784,-1.09037,11.7827,0.00132995,0.0482099,-0.0675297,0.638536,0.502576,1
4010,281.956,0.481412,0.0565335,0.257903,1.7047,-0.117433,0.283028,0.334809,3.43223,-0.952773,10.9965,0.00180315,0.0483718,-0.0682748,0.638257,0.502316,1
4020,298.312,0.489766,0.0557648,0.258319,1.70333,-0.117152,0.284319,0.34333,2.75497,-0.973539,9.93117,0.0024306,0.0481607,-0.0687383,0.637856,0.501867,1
4030,317.838,0.498095,0.0550794,0.258382,1.69985,-0.116875,0.285611,0.351839,2.47872,-0.896131,9.2002,0.00335509,0.0478881,-0.0690306,0.637465,0.50136,1
4040,331.839,0.506636,0.054392,0.258083,1.69428,-0.116601,0.286902,0.360326,2.18893,-0.831528,8.4525,0.00425071,0.0479676,-0.0697726,0.637206,0.500991,1
4050,354.431,0.515535,0.0537114,0.257453,1.68685,-0.116331,0.288192,0.368781,1.90467,-0.772512,7.69669,0.0046773,0.0480509,-0.071066,0.636922,0.500637,1
4060,360.023,0.524142,0.0530522,0.256578,1.6781,-0.116064,0.289477,0.377195,1.64477,-0.716711,6.9533,0.00415968,0.0479435,-0.0721745,0.636688,0.50039,1
4070,333.76,0.532385,0.0524898,0.255862,1.67066,-0.1158,0.290758,0.385567,1.42797,-0.664404,6.25069,0.00345046,0.0476633,-0.0728195,0.63653,0.500242,1
4080,288.174,0.540642,0.0521168,0.25583,1.66797,-0.115539,0.292037,0.393911,1.42951,-0.486454,5.20317,0.00294182,0.0474035,-0.0734329,0.636235,0.499998,1
4090,253.134,0.549185,0.0519549,0.256791,1.67228,-0.115279,0.293318,0.402258,1.14297,-0.189768,4.25397,0.00285062,0.0472092,-0.0742715,0.635768,0.499651,1
4100,255.28,0.557522,0.0519288,0.258036,1.67908,-0.115019,0.294605,0.410635,0.892423,-0.401745,3.45333,0.00286514,0.0472299,-0.074895,0.635251,0.499304,1
4110,279.781,0.565624,0.0518751,0.258913,1.68338,-0.114759,0.295897,0.419042,0.763378,-0.109052,2.24303,0.0032298,0.047311,-0.0751388,0.634701,0.498969,1
4120,295.047,0.573751,0.0517437,0.259168,1.68437,-0.1145,0.297193,0.427461,0.284896,0.0515747,0.755831,0.00348156,0.0473548,-0.0753818,0.634074,0.498575,1
4130,294.598,0.581866,0.0516885,0.25922,1.6846,-0.114242,0.298489,0.435884,0.262462,0.0442723,0.705357,0.00342936,0.0475601,-0.0757373,0.633396,0.49812,1
4140,286.368,0.589565,0.0516711,0.259432,1.68588,-0.113983,0.299785,0.444309,0.236572,0.03998,0.646899,0.00297777,0.0481339,-0.0758622,0.63288,0.497745,1
4150,262.934,0.597223,0.0517328,0.260011,1.68955,-0.113725,0.301083,0.452745,0.210886,0.0379035,0.584665,0.00281131,0.0486654,-0.0758193,0.63268,0.49757,1
4160,245.499,0.605374,0.0519314,0.261238,1.69745,-0.113466,0.302386,0.461209,0.0110797,0.0299735,0.0449635,0.002763,0.0486452,-0.0759913,0.63268,0.49757,1
4170,249.862,0.613868,0.0522228,0.26271,1.70705,-0.113206,0.303695,0.469718,0.010065,0.0272155,0.0418181,0.0027519,0.0479466,-0.0761573,0.63268,0.49757,1
4180,279.77,0.62213,0.0523875,0.263543,1.7125,-0.112944,0.305011,0.478268,0.00876746,0.0247757,0.0387152,0.00273681,0.0467612,-0.0757814,0.63268,0.49757,1
4190,302.685,0.630394,0.0524127,0.263674,1.71338,-0.112682,0.306329,0.486834,0.00730742,0.0216344,0.0344476,0.0030949,0.0455041,-0.0752715,0.63268,0.49757,1
4200,309.52,0.639227,0.0523826,0.263526,1.71244,-0.11242,0.307647,0.495399,0,0,0,0.00330919,0.0446475,-0.0756079,0.63268,0.49757,1
4210,305.604,0.648281,0.0523433,0.263329,1.71116,-0.112158,0.308965,0.503958,0,0,0,0.00319782,0.044531,-0.0765899,0.63268,0.49757,1
4220,304.684,0.656854,0.0523266,0.263244,1.71061,-0.111897,0.310281,0.512513,0,0,0,0.00286414,0.044828,-0.077252,0.63268,0.49757,1
4230,303.17,0.66508,0.0523123,0.263173,1.71014,-0.111635,0.311597,0.521065,0,0,0,0.0027697,0.0449675,-0.0773935,0.63268,0.49757,1
4240,319.541,0.67363,0.0522618,0.262918,1.70849,-0.111374,0.312913,0.529612,0,0,0,0.00284578,0.0446629,-0.077655,0.63268,0.49757,1
4250,331.274,0.682395,0.0521583,0.262398,1.70511,-0.111112,0.314226,0.538148,0,0,0,0.00328054,0.0444427,-0.0781264,0.63268,0.49757,1
4260,328.638,0.69123,0.0520335,0.26177,1.70103,-0.110852,0.315537,0.546664,0,0,0,0.00383954,0.0443345,-0.0787111,0.632495,0.497426,1
4270,317.287,0.700172,0.0519416,0.261308,1.69802,-0.110592,0.316844,0.555162,0,0,0,0.00422798,0.0443,-0.0794856,0.632286,0.497321,1
4280,317.622,0.709066,0.0518815,0.261006,1.69606,-0.110332,0.31815,0.563648,0,0,0,0.00402975,0.044657,-0.0804778,0.632262,0.497313,1
4290,325.491,0.71737,0.0517881,0.260536,1.69301,-0.110073,0.319454,0.572121,0,0,0,0.00347408,0.045895,-0.0812483,0.632262,0.497313,1
4300,328.285,0.725371,0.0516774,0.259978,1.68939,-0.109815,0.320756,0.580578,0,0,0,0.00291092,0.0472489,-0.0817287,0.632262,0.497313,1
4310,301.076,0.733694,0.0516204,0.259692,1.68752,-0.109556,0.322055,0.58902,0,0,0,0.00271495,0.0480831,-0.0822787,0.632262,0.497313,1
4320,286.749,0.742619,0.051657,0.259876,1.68872,-0.109298,0.323353,0.597459,0,0,0,0.0028459,0.0483028,-0.0831682,0.632144,0.497328,1
4330,294.449,0.75152,0.0517059,0.260122,1.69032,-0.10904,0.324653,0.605907,0,0,0,0.0033647,0.0482099,-0.0838227,0.63198,0.49736,1
4340,290.583,0.760172,0.0517318,0.260252,1.69117,-0.108781,0.325954,0.61436,0,0,0,0.00417019,0.047576,-0.08393,0.63198,0.49736,1
4350,286.699,0.768855,0.0517886,0.260538,1.69302,-0.108522,0.327256,0.62282,0,0,0,0.00466736,0.0467427,-0.0840312,0.63198,0.49736,1
4360,308.929,0.777812,0.0518077,0.260634,1.69365,-0.108263,0.328559,0.631288,0,0,0,0.00434193,0.0461006,-0.0846228,0.63198,0.49736,1
4370,332.073,0.786416,0.0517151,0.260168,1.69062,-0.108004,0.329862,0.63975,0,0,0,0.00351505,0.0460044,-0.0851215,0.63198,0.49736,1
4380,348.82,0.794721,0.0515555,0.259365,1.6854,-0.107746,0.331161,0.648192,0,0,0,0.002912,0.0460421,-0.0853222,0.63198,0.49736,1
4390,341.55,0.803253,0.0513854,0.258509,1.67984,-0.107489,0.332456,0.656607,0,0,0,0.00274434,0.0460036,-0.085693,0.63198,0.49736,1
4400,308.139,0.812377,0.0512818,0.257988,1.67645,-0.107232,0.333747,0.664996,0,0,0,0.00306831,0.0457095,-0.0865517,0.631831,0.497624,1
4410,278.485,0.821513,0.0513338,0.25825,1.67816,-0.106976,0.335037,0.673381,0,0,0,0.00371386,0.0452648,-0.087319,0.631639,0.498147,1
4420,269.09,0.830781,0.0514623,0.258896,1.68235,-0.106719,0.33633,0.68178,0,0,0,0.004365,0.0443606,-0.0880323,0.631398,0.498927,1
4430,262.094,0.840219,0.05162,0.25969,1.68751,-0.106461,0.337626,0.690203,0,0,0,0.00446225,0.0436219,-0.0890434,0.631195,0.499691,1
4440,251.247,0.84974,0.0518482,0.260838,1.69497,-0.106203,0.338927,0.698657,0,0,0,0.00403519,0.0437767,-0.0905154,0.631049,0.500408,1
4450,256.862,0.858861,0.0520931,0.26207,1.70297,-0.105943,0.340234,0.70715,0,0,0,0.00327039,0.0448181,-0.0918767,0.63094,0.501149,1
4460,280.792,0.868102,0.0522274,0.262745,1.70737,-0.105682,0.341546,0.715677,0,0,0,0.00258869,0.045714,-0.0932495,0.630896,0.50164,1
4470,293.183,0.877769,0.0522905,0.263063,1.70943,-0.105421,0.34286,0.724219,0,0,0,0.00183392,0.0462679,-0.0949319,0.630838,0.501835,1
4480,284.448,0.887822,0.0523197,0.26321,1.71038,-0.105159,0.344176,0.732768,0,0,0,0.00131625,0.0465234,-0.0968672,0.630773,0.501998,1
4490,265.219,0.897438,0.0524559,0.263895,1.71484,-0.104897,0.345493,0.741328,0,0,0,0.00130818,0.0463838,-0.0981052,0.630698,0.502148,1
4500,265.896,0.906752,0.0526325,0.264784,1.72061,-0.104635,0.346815,0.749916,0,0,0,0.00215021,0.0459456,-0.0987738,0.630617,0.50228,1
4510,271.561,0.916245,0.05278,0.265525,1.72543,-0.104371,0.34814,0.75853,0,0,0,0.00292901,0.0457849,-0.099708,0.630529,0.50239,1
4520,287.539,0.926389,0.0528745,0.266001,1.72852,-0.104107,0.349469,0.767165,0,0,0,0.00316209,0.0458104,-0.101443,0.630502,0.502418,1
4530,292.214,0.936374,0.0529161,0.26621,1.72988,-0.103842,0.3508,0.775811,0,0,0,0.00293614,0.0456426,-0.10298,0.630502,0.502418,1
4540,289.311,0.946052,0.0529474,0.266368,1.7309,-0.103578,0.352131,0.784462,0,0,0,0.00298323,0.0452812,-0.104077,0.630458,0.502452,1
4550,285.046,0.955596,0.0530127,0.266696,1.73304,-0.103313,0.353464,0.793121,0,0,0,0.00301797,0.0451988,-0.105116,0.630458,0.502452,1
4560,267.142,0.96508,0.0531224,0.267248,1.73662,-0.103048,0.354798,0.801793,0,0,0,0.00317561,0.0456412,-0.106237,0.630458,0.502452,1
4570,262.57,0.973812,0.0533097,0.26819,1.74275,-0.102782,0.356137,0.81049,0,0,0,0.00336584,0.046427,-0.106637,0.630458,0.502452,1
4580,279.64,0.982126,0.0534578,0.268935,1.74759,-0.102515,0.357479,0.819216,0,0,0,0.00348913,0.047227,-0.106569,0.630458,0.502452,1
4590,296.728,0.990388,0.0535007,0.269151,1.74899,-0.102247,0.358825,0.827958,0,0,0,0.00301508,0.0477514,-0.106399,0.63027,0.502668,1
4600,306.775,0.998716,0.0534858,0.269076,1.7485,-0.10198,0.36017,0.836702,0,0,0,0.00248308,0.0476732,-0.106095,0.630184,0.502803,1
4610,295.624,1.0069,0.0534778,0.269036,1.74824,-0.101712,0.361516,0.845443,0,0,0,0.00216636,0.0469511,-0.105402,0.6301,0.50289,1
4620,274.87,1.01553,0.0535522,0.26941,1.75068,-0.101445,0.362861,0.854189,0,0,0,0.00218332,0.0461533,-0.105108,0.6301,0.50289,1
4630,275.165,1.02481,0.0536831,0.270069,1.75495,-0.101177,0.36421,0.862952,0,0,0,0.00225148,0.0456208,-0.105577,0.629978,0.502979,1
4640,271.167,1.03436,0.0538171,0.270743,1.75934,-0.100908,0.365562,0.871736,0,0,0,0.0026567,0.0451239,-0.106273,0.62962,0.503215,1
4650,280.648,1.04353,0.053935,0.271336,1.76319,-0.100639,0.366917,0.880542,0,0,0,0.0031585,0.0445469,-0.106504,0.629474,0.503301,1
4660,291.922,1.05236,0.0540019,0.271673,1.76538,-0.100369,0.368274,0.889364,0,0,0,0.00353643,0.0444584,-0.106536,0.629474,0.503301,1
4670,307.79,1.06131,0.0540029,0.271678,1.76541,-0.100099,0.369633,0.898191,0,0,0,0.00362691,0.0447477,-0.106835,0.629474,0.503301,1
4680,318.523,1.07046,0.0539352,0.271337,1.7632,-0.099829,0.370991,0.907014,0,0,0,0.00378539,0.0448548,-0.107274,0.629088,0.503382,1
4690,303.093,1.0794,0.0538933,0.271126,1.76183,-0.0995595,0.372347,0.915826,0,0,0,0.00385786,0.0445553,-0.107381,0.628697,0.503466,1
4700,299.29,1.08806,0.0538974,0.271147,1.76196,-0.09929,0.373702,0.924635,0,0,0,0.00347218,0.0442055,-0.107227,0.628446,0.503539,1
4710,309.658,1.09682,0.0538751,0.271035,1.76123,-0.0990205,0.375058,0.933444,0,0,0,0.00268258,0.0439681,-0.107252,0.628446,0.503539,1
4720,298.335,1.10548,0.0538571,0.270944,1.76064,-0.0987512,0.376413,0.942248,0,0,0,0.002265,0.0442067,-0.107289,0.628446,0.503539,1
4730,278.099,1.11378,0.0539163,0.271242,1.76258,-0.0984819,0.377768,0.951054,0,0,0,0.00248532,0.0449667,-0.107039,0.628446,0.503539,1
4740,273.833,1.12188,0.0540505,0.271917,1.76697,-0.098212,0.379126,0.959877,0,0,0,0.00278794,0.0460326,-0.106641,0.628446,0.503539,1
4750,281.982,1.13021,0.0541615,0.272475,1.77059,-0.0979415,0.380487,0.968721,0,0,0,0.00292243,0.0467865,-0.106377,0.628446,0.503539,1
4760,290.622,1.13868,0.0542142,0.272741,1.77232,-0.0976705,0.38185,0.977578,0,0,0,0.00312685,0.0468223,-0.106025,0.628446,0.503539,1
4770,274.583,1.14756,0.054304,0.273193,1.77525,-0.0973993,0.383214,0.986445,0,0,0,0.0034001,0.0458316,-0.105754,0.628446,0.503539,1
4780,275.643,1.15674,0.0544385,0.273869,1.77965,-0.0971274,0.384582,0.995332,0,0,0,0.00331947,0.0445243,-0.105721,0.628446,0.503539,1
4790,297.475,0.958721,0.054497,0.274163,1.78156,-0.0968551,0.385952,-0.995764,0,0,0,0.00323333,0.0435373,-0.105888,0.628446,0.503539,1
4800,291.956,0.951142,0.0545099,0.274228,1.78198,-0.0965826,0.387323,-0.986856,0,0,0,0.00329354,0.043118,-0.105823,0.628446,0.503539,1
4810,274.6,0.94355,0.0546002,0.274683,1.78494,-0.0963099,0.388695,-0.977941,0,0,0,0.00326152,0.0429726,-0.105675,0.628446,0.503539,1
4820,287.758,0.935775,0.0546965,0.275167,1.78808,-0.0960366,0.39007,-0.969008,0,0,0,0.00274501,0.0429987,-0.105608,0.628446,0.503539,1
4830,295.527,0.927725,0.0547312,0.275341,1.78922,-0.095763,0.391446,-0.960064,0,0,0,0.00241577,0.0428007,-0.105967,0.628446,0.503539,1
4840,303.944,0.919584,0.0547239,0.275305,1.78898,-0.0954894,0.392823,-0.951118,0,0,0,0.00256285,0.0425484,-0.10653,0.628451,0.503515,1
4850,312.371,0.911234,0.0546906,0.275137,1.78789,-0.0952158,0.394199,-0.942175,0,0,0,0.00312584,0.042592,-0.10728,0.628585,0.502889,1
4860,316.947,0.902596,0.0546182,0.274773,1.78552,-0.0949425,0.395574,-0.933241,0,0,0,0.00345202,0.0432668,-0.108087,0.628713,0.502347,1
4870,311.59,0.893838,0.0545465,0.274413,1.78318,-0.0946696,0.396947,-0.924319,0,0,0,0.00356244,0.0441727,-0.108938,0.628936,0.501508,1
4880,287.773,0.885405,0.0545555,0.274458,1.78348,-0.0943969,0.398319,-0.915404,0,0,0,0.00304285,0.0449018,-0.109461,0.62909,0.501003,1
4890,285.688,0.877113,0.0546251,0.274808,1.78575,-0.094124,0.399692,-0.906481,0,0,0,0.00197243,0.045134,-0.11,0.629112,0.500943,1
4900,292.901,0.868741,0.0546692,0.27503,1.78719,-0.0938507,0.401066,-0.897549,0,0,0,0.001049,0.0450591,-0.110806,0.629188,0.500807,1
4910,279.63,0.860448,0.0547304,0.275338,1.78919,-0.0935773,0.402442,-0.888609,0,0,0,0.00146234,0.0447596,-0.11182,0.629256,0.500642,1
4920,265.43,0.852717,0.0548796,0.276088,1.79407,-0.0933033,0.40382,-0.879654,0,0,0,0.00259023,0.0441888,-0.112454,0.629256,0.500642,1
4930,290.482,0.845482,0.0549972,0.27668,1.79791,-0.0930286,0.405202,-0.870673,0,0,0,0.00365599,0.0433318,-0.112687,0.629299,0.500438,1
4940,310.706,0.83854,0.0549834,0.27661,1.79746,-0.0927536,0.406586,-0.861683,0,0,0,0.00450978,0.0426699,-0.112514,0.629355,0.50025,1
4950,326.705,0.831528,0.0548949,0.276165,1.79457,-0.0924789,0.407968,-0.852701,0,0,0,0.00546344,0.042344,-0.112319,0.629384,0.500169,1
4960,327.252,0.824194,0.0547796,0.275585,1.7908,-0.0922046,0.409347,-0.843737,0,0,0,0.00569908,0.042236,-0.112341,0.629463,0.499988,1
4970,322.282,0.81642,0.0546746,0.275057,1.78737,-0.091931,0.410724,-0.834791,0,0,0,0.00494522,0.0422292,-0.112733,0.62956,0.499803,1
4980,309.726,0.808782,0.0545999,0.274681,1.78492,-0.0916578,0.412098,-0.82586,0,0,0,0.00343556,0.0420819,-0.112998,0.62956,0.499803,1
4990,272.638,0.801735,0.0546508,0.274937,1.78659,-0.0913848,0.413472,-0.816935,0,0,0,0.00211672,0.0414718,-0.112909,0.629685,0.499622,1
5000,256.368,0.795022,0.0548607,0.275993,1.79345,-0.0911111,0.414849,-0.807988,0,0,0,0.00160881,0.0408644,-0.112575,0.630962,0.499547,1
5010,291.791,0.787866,0.0549913,0.27665,1.79772,-0.0908364,0.416231,-0.799008,0,0,0,0.00231213,0.0407997,-0.112634,0.632186,0.499473,1
5020,317.15,0.7801,0.0549572,0.276479,1.79661,-0.0905615,0.417614,-0.79002,0,0,0,0.00360711,0.0409971,-0.113376,0.633363,0.499464,1
5030,324.249,0.772034,0.0548578,0.275979,1.79336,-0.0902869,0.418995,-0.781044,0,0,0,0.00488063,0.0410038,-0.114635,0.634173,0.499507,1
5040,318.204,0.763942,0.0547676,0.275525,1.79041,-0.0900128,0.420374,-0.772085,0,0,0,0.00547996,0.0410138,-0.115903,0.634904,0.499627,1
5050,295.18,0.755749,0.0547353,0.275362,1.78935,-0.0897391,0.421751,-0.763136,0,0,0,0.00527146,0.0414193,-0.117012,0.635246,0.49978,1
5060,266.529,0.747325,0.0548449,0.275914,1.79293,-0.0894652,0.423129,-0.754184,0,0,0,0.00443205,0.0423532,-0.118033,0.635246,0.49978,1
5070,261.602,0.738512,0.055048,0.276935,1.79957,-0.0891906,0.424511,-0.745204,0,0,0,0.00339083,0.0436691,-0.119274,0.635246,0.49978,1
5080,273.554,0.729542,0.0552197,0.277799,1.80519,-0.0889149,0.425897,-0.736193,0,0,0,0.00233369,0.0445437,-0.120989,0.63519,0.500019,1
5090,287.923,0.720835,0.0553084,0.278235,1.80804,-0.0886386,0.427287,-0.727159,-0.12755,0.196809,-0.642935,0.00156146,0.0443808,-0.123131,0.635024,0.500134,1
5100,293.857,0.712706,0.055388,0.278407,1.80968,-0.0883619,0.428679,-0.718115,-0.153265,0.232396,-0.73219,0.00150526,0.04333,-0.125342,0.634867,0.500095,1
5110,295.522,0.704913,0.0554506,0.278453,1.81057,-0.0880848,0.430071,-0.709065,-0.179065,0.270758,-0.825702,0.0021905,0.0423725,-0.127306,0.634866,0.500147,1
5120,281.371,0.697119,0.0555489,0.278636,1.81245,-0.0878073,0.431464,-0.700008,-0.203601,0.311922,-0.923809,0.00314362,0.0420311,-0.129004,0.634866,0.500147,1
5130,250.999,0.689216,0.0557936,0.279511,1.81892,-0.0875291,0.432858,-0.690934,-0.229694,0.356643,-1.02952,0.00370433,0.0422536,-0.130467,0.634866,0.500147,1
5140,234.954,0.681519,0.0562028,0.281161,1.83054,-0.0872492,0.43426,-0.681815,-0.261943,0.403877,-1.14237,0.00373214,0.042284,-0.131773,0.634866,0.500147,1
5150,240.766,0.674164,0.0566515,0.282949,1.84318,-0.0869672,0.435669,-0.672633,-0.302276,0.450712,-1.2567,0.00345791,0.0421044,-0.132792,0.634866,0.500147,1
5160,266.929,0.667232,0.0570012,0.284175,1.85225,-0.086683,0.437087,-0.663394,-0.34911,0.49593,-1.36851,0.00336587,0.0419984,-0.133304,0.634866,0.500147,1
5170,306.592,0.66065,0.0571434,0.284293,1.85421,-0.0863976,0.438509,-0.654125,-0.400868,0.541773,-1.48035,0.00326405,0.0422009,-0.133204,0.634283,0.50028,1
5180,305.386,0.654259,0.0572062,0.283936,1.85318,-0.0861117,0.439929,-0.644857,-0.459379,0.591756,-1.59832,0.00307526,0.042313,-0.132996,0.633716,0.500381,1
5190,296.828,0.647778,0.057331,0.283795,1.85368,-0.0858254,0.441349,-0.63559,-0.527976,0.648017,-1.72512,0.00268867,0.0421999,-0.133134,0.633175,0.500449,1
5200,286.605,0.641438,0.057502,0.283778,1.85511,-0.0855384,0.442767,-0.626319,-0.606449,0.71144,-1.8572,0.00245979,0.0414601,-0.133722,0.632599,0.500525,1
5210,263.377,0.635421,0.0578057,0.284299,1.8602,-0.0852502,0.444187,-0.617033,-0.68866,0.782912,-1.98653,0.00249162,0.0405019,-0.13423,0.632139,0.500554,1
5220,273.905,0.629365,0.0581691,0.284994,1.86659,-0.0849603,0.44561,-0.607717,-0.766286,0.864551,-2.1065,0.00343719,0.0403183,-0.134405,0.631766,0.500543,1
5230,294.629,0.622792,0.0584382,0.285074,1.86915,-0.0846687,0.447036,-0.598377,-1.47583,0.940127,-3.95796,0.00476781,0.0415186,-0.134236,0.631288,0.500494,1
5240,287.314,0.616027,0.0588627,0.285022,1.87145,-0.0843755,0.448461,-0.589026,-1.62597,1.05526,-4.26349,0.00569327,0.0429573,-0.134115,0.630961,0.500446,1
5250,286.688,0.609546,0.0593477,0.285054,1.87459,-0.08408,0.449886,-0.579661,-1.72426,1.35718,-5.0313,0.00556913,0.0437313,-0.134075,0.630961,0.500446,1
5260,266.145,0.603447,0.0599117,0.285282,1.87972,-0.083782,0.451311,-0.570278,-1.79948,1.44602,-5.87912,0.00527002,0.0437129,-0.134295,0.630961,0.500446,1
5270,253.42,0.597516,0.0606175,0.28608,1.88898,-0.0834808,0.452739,-0.56086,-1.89053,1.60424,-6.19178,0.0048669,0.0433695,-0.134672,0.630727,0.500497,1
5280,273.607,0.591807,0.0613151,0.286696,1.89736,-0.0831759,0.454171,-0.551394,-1.99201,1.53026,-7.00541,0.00417677,0.0426956,-0.135109,0.630404,0.50054,1
5290,296.337,0.586208,0.0618833,0.286585,1.90102,-0.0828679,0.455605,-0.541897,-2.47246,1.33657,-8.31877,0.00267138,0.0420201,-0.135363,0.630404,0.50054,1
5300,295.26,0.580656,0.062527,0.286307,1.90358,-0.0825569,0.457037,-0.532386,-2.61318,1.42752,-8.88581,0.00124668,0.0414839,-0.135581,0.630404,0.50054,1
5310,304.029,0.575351,0.0632024,0.285982,1.90612,-0.0822426,0.458468,-0.522861,-2.77284,1.50721,-9.53773,0.000484875,0.0411129,-0.135564,0.630404,0.50054,1
5320,317.887,0.57062,0.0638458,0.285308,1.90661,-0.081925,0.459896,-0.513328,-2.95023,1.56434,-10.2548,0.000965603,0.04072,-0.135138,0.630404,0.50054,1
5330,319.217,0.566008,0.0644984,0.284481,1.90631,-0.0816041,0.461321,-0.503795,-2.92674,1.19869,-11.6911,0.00208583,0.0408337,-0.134267,0.630404,0.50054,1
5340,326.103,0.560978,0.0651326,0.283719,1.90617,-0.08128,0.462741,-0.494263,-2.85351,1.33077,-12.995,0.00327637,0.0417903,-0.133228,0.630404,0.50054,1
5350,328.928,0.555803,0.0657027,0.282758,1.90516,-0.0809529,0.464158,-0.484734,-2.94317,1.21913,-13.8458,0.003535,0.0428563,-0.132195,0.630404,0.50054,1
5360,325.191,0.551159,0.0663044,0.281903,1.90482,-0.0806228,0.46557,-0.475208,-2.98906,1.04195,-14.6467,0.00296837,0.0427548,-0.131672,0.630144,0.500465,1
5370,296.378,0.54675,0.066987,0.281428,1.90685,-0.0802897,0.466978,-0.46568,-2.88518,0.187814,-16.5509,0.00199544,0.0419718,-0.131712,0.62996,0.500439,1
5380,280.226,0.541891,0.0677893,0.281789,1.91354,-0.0799528,0.468385,-0.456131,-2.87946,-0.13655,-17.2653,0.00156888,0.0419342,-0.131879,0.62996,0.500439,1
5390,268.466,0.536796,0.0686591,0.282541,1.92244,-0.0796117,0.469796,-0.446543,-2.56916,-0.709606,-18.0947,0.00155158,0.0427207,-0.131632,0.62996,0.500439,1
5400,249.86,0.532194,0.0695611,0.283925,1.93471,-0.0792663,0.471211,-0.436904,-2.75997,-1.31364,-18.122,0.00164083,0.0431636,-0.131192,0.62996,0.500439,1
5410,252.796,0.528143,0.0705741,0.285851,1.94935,-0.078916,0.472635,-0.427196,-2.22395,-1.80602,-16.4806,0.00147906,0.0429768,-0.130775,0.62996,0.500439,1
5420,287.086,0.524324,0.071219,0.287197,1.95817,-0.0785614,0.474068,-0.417425,-1.1745,-3.32202,-12.8795,0.0013085,0.0425145,-0.13055,0.62996,0.500439,1
5430,288.75,0.520648,0.0714001,0.288489,1.96238,-0.0782047,0.475507,-0.407624,0.37366,-5.04309,-5.85657,0.00112958,0.0420074,-0.13039,0.62996,0.500439,1
5440,318.904,0.516942,0.071028,0.289946,1.96219,-0.0778483,0.476953,-0.397809,2.29086,-7.1063,4.85996,0.00102716,0.0417201,-0.130265,0.62996,0.500439,1
5450,334.004,0.512999,0.0699171,0.291392,1.95469,-0.0774955,0.478407,-0.388013,5.90774,-9.60341,21.6417,0.00106461,0.0419879,-0.130069,0.62996,0.500439,1
5460,317.519,0.509084,0.0677071,0.293609,1.94196,-0.0771509,0.479869,-0.378269,11.0865,-13.7186,49.1327,0.00116625,0.0423074,-0.130128,0.62996,0.500439,1
5470,286.727,0.505968,0.0640952,0.297772,1.92505,-0.0768207,0.481346,-0.368598,18.5171,-19.8487,93.2602,0.00122974,0.0417921,-0.130473,0.62996,0.500439,1
5480,246.131,0.503748,0.0585151,0.304612,1.89967,-0.0765132,0.48285,-0.359034,28.9564,-28.2447,164.308,0.00148514,0.0405274,-0.130937,0.62996,0.500439,1
5490,202.804,0.50156,0.050214,0.315817,1.86348,-0.0762402,0.484399,-0.349624,42.8054,-38.6686,280.104,0.00214476,0.0397775,-0.131152,0.62996,0.500439,1
5500,220.816,0.498719,0.0381923,0.330172,1.79368,-0.0760176,0.486012,-0.340464,57.2314,-47.6588,457.016,0.00272768,0.0402363,-0.13117,0.62996,0.500439,1
5510,248.17,0.495751,0.0231045,0.344374,1.66172,-0.0758636,0.487699,-0.331798,64.256,-46.0684,717.792,0.00274512,0.0412635,-0.131086,0.62996,0.500439,1
5520,260.434,0.493296,0.00779876,0.354804,1.44616,-0.0757871,0.489449,-0.323989,56.9456,-21.2307,1098.64,0.00200276,0.0420489,-0.131315,0.629768,0.500314,1
5530,269.061,0.491648,-0.00304726,0.354911,1.11665,-0.0757784,0.491229,-0.317528,25.6443,33.3507,1609.77,0.00113418,0.0424832,-0.131976,0.629633,0.500143,1
5540,246.962,0.491101,-0.00229143,0.33977,0.654491,-0.0757982,0.492971,-0.313047,-34.6637,95.1452,2116.99,0.00069071,0.042623,-0.132724,0.629633,0.500143,1
5550,229.794,0.491921,0.0131908,0.314728,0.100607,-0.0757761,0.494609,-0.31114,-82.6184,116.246,2294.33,0.00081466,0.0424223,-0.133244,0.629633,0.500143,1
5560,232.029,0.493527,0.0338755,0.290795,-0.441307,-0.0756576,0.49612,-0.312021,-73.5085,90.4558,2003.93,0.000886369,0.0422264,-0.134002,0.629659,0.500104,1
5570,265.288,0.495851,0.0469038,0.274353,-0.880131,-0.0754507,0.497529,-0.315377,-27.114,54.2214,1499.83,0.000942655,0.041998,-0.135034,0.630154,0.49988,1
5580,301.358,0.499433,0.0476317,0.264843,-1.19417,-0.0752093,0.498874,-0.320613,19.6562,24.7271,1037.19,0.00116506,0.0412641,-0.135698,0.630741,0.499858,1
5590,303.033,0.57779,0.0389536,0.261543,-1.4051,-0.07499,-0.499528,-0.327148,46.2658,2.33932,690.053,0.00184486,0.0401733,-0.135679,0.631756,0.499914,1
5600,297.183,0.578887,0.0264806,0.262944,-1.54447,-0.0748259,-0.498218,-0.334547,51.9164,-12.8717,451.424,0.00269302,0.0398185,-0.135505,0.632527,0.50007,1
5610,284.977,0.581172,0.0142379,0.267548,-1.63596,-0.0747246,-0.496893,-0.342514,46.2085,-21.8632,289.16,0.00371293,0.0404869,-0.135557,0.633185,0.500289,1
5620,256.536,0.583647,0.00413917,0.27405,-1.69743,-0.0746798,-0.49554,-0.350856,35.0795,-23.42,175.899,0.00421497,0.041274,-0.135798,0.633738,0.500401,1
5630,273.91,0.585518,-0.00314045,0.280469,-1.7368,-0.0746784,-0.494153,-0.35945,24.3226,-20.3675,97.6415,0.00374001,0.0414299,-0.136219,0.634119,0.500432,1
5640,295.064,0.587056,-0.00814985,0.285314,-1.75612,-0.0747075,-0.492738,-0.368188,16.7141,-16.5158,47.7401,0.00233162,0.0413,-0.136882,0.634359,0.500423,1
5650,292.794,0.589058,-0.0116804,0.289153,-1.7648,-0.0747575,-0.491302,-0.376993,12.0751,-13.5303,18.6567,0.00106086,0.0415469,-0.137591,0.634753,0.500345,1
5660,306.897,0.591849,-0.0142751,0.29223,-1.76739,-0.0748228,-0.489848,-0.385826,8.97681,-11.1234,2.37889,0.000157001,0.0423016,-0.137875,0.635272,0.500285,1
5670,311.461,0.594943,-0.0162109,0.294456,-1.76506,-0.0748992,-0.488381,-0.394659,6.87658,-9.22257,-6.26872,-0.000169425,0.042988,-0.137715,0.635828,0.500266,1
5680,298.647,0.597735,-0.0177225,0.296421,-1.76215,-0.0749842,-0.486904,-0.403476,5.4443,-7.644,-10.8535,0.000344706,0.043037,-0.137441,0.63632,0.500285,1
5690,274.435,0.599937,-0.0189421,0.298442,-1.76094,-0.0750759,-0.485417,-0.412282,4.58636,-6.36231,-13.3785,0.00204885,0.042191,-0.137316,0.63698,0.500326,1
5700,221.535,0.601876,-0.0200307,0.301542,-1.76741,-0.0751734,-0.483918,-0.421096,3.29676,-4.85302,-15.3833,0.00369231,0.0407674,-0.136948,0.637591,0.500364,1
5710,214.805,0.604218,-0.0208818,0.305661,-1.78149,-0.0752758,-0.482401,-0.429963,1.87918,-3.43447,-16.8814,0.00438081,0.0397097,-0.136476,0.637805,0.500346,1
5720,249.352,0.607463,-0.0213222,0.308641,-1.79043,-0.0753815,-0.480865,-0.438894,0.400513,-2.28051,-17.9306,0.00418499,0.03985,-0.136343,0.637805,0.500346,1
5730,280.868,0.611074,-0.0213069,0.310026,-1.79118,-0.0754882,-0.479318,-0.447849,-1.00043,-1.63664,-18.4852,0.00395003,0.0405954,-0.136735,0.637805,0.500346,1
5740,304.53,0.614526,-0.0209123,0.310554,-1.78746,-0.0755939,-0.477766,-0.456796,-2.89338,-1.67869,-17.3984,0.00326293,0.0409409,-0.136848,0.637805,0.500346,1
5750,292.112,0.61783,-0.0200996,0.310943,-1.78306,-0.0756965,-0.476213,-0.465722,-3.28669,-1.58646,-16.8589,0.00225357,0.0407358,-0.136477,0.637961,0.500301,1
5760,288.638,0.621431,-0.0192424,0.311681,-1.78102,-0.0757949,-0.474656,-0.474631,-3.95359,-1.21127,-16.0137,0.00154673,0.040516,-0.135821,0.638,0.500265,1
5770,316.538,0.625241,-0.0182325,0.311877,-1.77666,-0.0758886,-0.473097,-0.483527,-4.11285,-1.02926,-15.3233,0.0019208,0.0403952,-0.135392,0.638,0.500265,1
5780,335.194,0.629074,-0.0171855,0.311465,-1.76931,-0.0759772,-0.471538,-0.492394,-4.00678,-0.863701,-14.4115,0.00262546,0.0402962,-0.135209,0.638,0.500265,1
5790,348.387,0.632637,-0.0161724,0.310667,-1.76021,-0.0760605,-0.469983,-0.501219,-3.70126,-0.741708,-13.3116,0.00313012,0.0400483,-0.135395,0.638,0.500265,1
5800,342.808,0.636219,-0.0152459,0.309815,-1.75125,-0.0761391,-0.468431,-0.509999,-3.35709,-0.654278,-12.2403,0.00326157,0.0397339,-0.135515,0.638,0.500265,1
5810,327.736,0.640129,-0.0144178,0.309151,-1.74374,-0.0762132,-0.466884,-0.518737,-3.01317,-0.574694,-11.227,0.00315484,0.0395307,-0.135318,0.638,0.500265,1
5820,309.951,0.644586,-0.0136917,0.308838,-1.73855,-0.0762834,-0.465339,-0.527442,-2.73353,-0.73784,-9.85258,0.00256562,0.0397001,-0.134747,0.638158,0.499866,1
5830,268.934,0.649047,-0.013064,0.309332,-1.73808,-0.0763503,-0.463794,-0.53613,-2.67168,-0.355642,-8.16156,0.0017475,0.0400779,-0.134538,0.638306,0.499508,1
5840,263.432,0.653244,-0.0124885,0.310574,-1.74267,-0.0764141,-0.462244,-0.54483,-2.36181,-0.279479,-7.52243,0.0013419,0.0402424,-0.134722,0.638414,0.499309,1
5850,288.136,0.657019,-0.0119673,0.311273,-1.74447,-0.0764752,-0.46069,-0.553549,-1.66162,-0.189645,-6.21022,0.00161986,0.0397516,-0.135059,0.63857,0.499068,1
5860,302.682,0.660862,-0.0115843,0.311419,-1.7436,-0.0765341,-0.459133,-0.56227,-1.27834,-0.11959,-5.32511,0.00200366,0.0389003,-0.135031,0.63886,0.498634,1
5870,318.1,0.665124,-0.0112676,0.311126,-1.74056,-0.0765912,-0.457576,-0.570982,-1.18558,-0.0618969,-4.97335,0.00207682,0.0384824,-0.134945,0.639129,0.498209,1
5880,314.798,0.670196,-0.0109677,0.310722,-1.73705,-0.0766468,-0.456021,-0.579676,-1.11452,-0.0252528,-4.65548,0.00237473,0.0390043,-0.134852,0.639351,0.497825,1
5890,302.999,0.675529,-0.0106929,0.310494,-1.73465,-0.0767009,-0.454468,-0.588355,-0.902422,0.105476,-3.91379,0.00311195,0.0399324,-0.134993,0.639547,0.497451,1
5900,301.823,0.680673,-0.010476,0.310453,-1.73363,-0.0767538,-0.452916,-0.597026,-0.765707,-0.0304552,-2.69944,0.003937,0.0404481,-0.135077,0.639603,0.497308,1
5910,300.399,0.685219,-0.0102916,0.310396,-1.73265,-0.0768057,-0.451364,-0.605691,-0.670352,-0.038331,-1.57297,0.00446481,0.0400719,-0.135148,0.639603,0.497308,1
5920,299.745,0.689572,-0.0101333,0.310445,-1.73249,-0.0768568,-0.449812,-0.614354,-0.645312,-0.219836,-1.23621,0.0047266,0.0391043,-0.134965,0.639603,0.497308,1
5930,311.465,0.69394,-0.00997469,0.31032,-1.73124,-0.0769071,-0.44826,-0.623014,-0.607041,0.0185772,-0.88629,0.00419277,0.0383946,-0.135015,0.639603,0.497308,1
5940,303.799,0.69845,-0.00982458,0.310106,-1.72985,-0.0769565,-0.446709,-0.631667,-0.551209,0.0132769,-0.831253,0.00290012,0.0383668,-0.135525,0.639603,0.497308,1
5950,298.194,0.702663,-0.00969398,0.310088,-1.72957,-0.0770053,-0.445158,-0.640315,-0.499905,0.0063302,-0.772656,0.00132521,0.0385107,-0.136665,0.639603,0.497308,1
5960,293.701,0.706716,-0.00957964,0.310202,-1.73002,-0.0770535,-0.443608,-0.648963,-0.452003,-0.00135853,-0.711525,0.00033772,0.0381498,-0.137723,0.639603,0.497308,1
5970,283.663,0.710833,-0.00948252,0.310504,-1.73153,-0.0771012,-0.442056,-0.657616,-0.406913,-0.00910675,-0.649599,-0.000114085,0.0374451,-0.138544,0.639603,0.497308,1
5980,282.448,0.715234,-0.00940425,0.311022,-1.73424,-0.0771484,-0.440502,-0.66628,-0.222056,-0.202693,-0.359661,0.000133579,0.0368731,-0.139308,0.639753,0.497087,1
5990,283.227,0.719783,-0.00936466,0.311505,-1.73658,-0.0771953,-0.438946,-0.674956,-0.204015,-0.184209,-0.332719,0.000927042,0.0368159,-0.140509,0.639836,0.496966,1
6000,280.255,0.724771,-0.00933208,0.312085,-1.73949,-0.077242,-0.437387,-0.683645,-0.189253,-0.169241,-0.309739,0.00205193,0.0372305,-0.141665,0.639747,0.49669,1
6010,291.718,0.730073,-0.00929861,0.312518,-1.7416,-0.0772886,-0.435826,-0.692348,-0.175333,-0.155606,-0.288007,0.00261802,0.0377776,-0.14251,0.639561,0.49638,1
6020,305.357,0.735406,-0.00925729,0.312562,-1.74158,-0.077335,-0.434263,-0.701057,-0.159671,-0.140945,-0.264322,0.00227102,0.0381937,-0.143142,0.639187,0.495896,1
6030,296.575,0.740545,-0.00921864,0.312495,-1.74097,-0.0773812,-0.432701,-0.709763,0,0,0,0.0010636,0.0387225,-0.144066,0.639022,0.495795,1
6040,257.942,0.745654,-0.00923941,0.313199,-1.74489,-0.0774273,-0.431137,-0.718474,0,0,0,0.000153946,0.0391322,-0.145039,0.639022,0.495795,1
6050,239.212,0.750611,-0.00929331,0.315026,-1.75507,-0.0774736,-0.429567,-0.727219,0,0,0,8.18858e-005,0.0389366,-0.145922,0.63901,0.495806,1
6060,282.337,0.75531,-0.00933108,0.316307,-1.7622,-0.0775202,-0.427988,-0.736015,0,0,0,0.000859651,0.0380373,-0.146804,0.639004,0.49569,1
6070,305.984,0.760067,-0.00933051,0.316287,-1.76209,-0.0775668,-0.426407,-0.744827,0,0,0,0.00192064,0.0370383,-0.147665,0.639073,0.495503,1
6080,290.34,0.765553,-0.00933313,0.316376,-1.76259,-0.0776135,-0.424825,-0.753637,0,0,0,0.0032026,0.0362969,-0.147909,0.639073,0.495503,1
6090,294.626,0.771789,-0.0093407,0.316633,-1.76402,-0.0776602,-0.423243,-0.762454,0,0,0,0.00405228,0.0361366,-0.147675,0.639073,0.495503,1
6100,320.57,0.778063,-0.00933587,0.316469,-1.76311,-0.0777069,-0.42166,-0.771273,0,0,0,0.00405018,0.0366538,-0.147858,0.639145,0.495501,1
6110,336.515,0.784085,-0.00931233,0.315671,-1.75866,-0.0777535,-0.420079,-0.78008,0,0,0,0.0031177,0.0373431,-0.148403,0.639163,0.495517,1
6120,288.941,0.79021,-0.00930273,0.315346,-1.75685,-0.0778,-0.418502,-0.788866,0,0,0,0.00208761,0.0373387,-0.148351,0.639163,0.495517,1
6130,237.475,0.796721,-0.00934282,0.316704,-1.76442,-0.0778466,-0.416923,-0.797663,0,0,0,0.00154633,0.0366314,-0.147471,0.639163,0.495517,1
6140,250.333,0.803393,-0.00940192,0.318708,-1.77558,-0.0778935,-0.415335,-0.806512,0,0,0,0.00195666,0.0359913,-0.146687,0.639115,0.495137,1
6150,269.208,0.810187,-0.00943538,0.319842,-1.7819,-0.0779406,-0.413738,-0.815406,0,0,0,0.00305336,0.035958,-0.146364,0.63886,0.494878,1
6160,268.523,0.816947,-0.00946316,0.320784,-1.78715,-0.0779878,-0.412137,-0.824327,0,0,0,0.00414337,0.0360026,-0.14622,0.638649,0.494711,1
6170,284.482,0.8236,-0.00948349,0.321473,-1.79098,-0.0780352,-0.410531,-0.833272,0,0,0,0.00435717,0.0356729,-0.145936,0.638649,0.494711,1
6180,287.84,0.830139,-0.0094944,0.321843,-1.79305,-0.0780826,-0.408923,-0.842232,0,0,0,0.00341022,0.0355132,-0.145837,0.63857,0.494995,1
6190,298.075,0.837223,-0.0095003,0.322043,-1.79416,-0.0781301,-0.407313,-0.851201,0,0,0,0.00167613,0.036261,-0.145641,0.63857,0.495311,1
6200,316.187,0.844982,-0.00949433,0.321841,-1.79303,-0.0781776,-0.405703,-0.86017,0,0,0,0.000176677,0.0374867,-0.145021,0.638633,0.495707,1
6210,305.038,0.853029,-0.00948435,0.321502,-1.79115,-0.078225,-0.404095,-0.86913,0,0,0,-0.000346288,0.0386488,-0.144167,0.638773,0.496212,1
6220,297.028,0.860367,-0.00948584,0.321553,-1.79143,-0.0782725,-0.402487,-0.878086,0,0,0,-0.000128577,0.0395892,-0.144129,0.638973,0.496779,1
6230,306.571,0.866901,-0.00948388,0.321486,-1.79106,-0.0783199,-0.40088,-0.887043,0,0,0,0.00036874,0.0398848,-0.144714,0.639154,0.497213,1
6240,308.248,0.8732,-0.00947833,0.321298,-1.79001,-0.0783673,-0.399273,-0.895996,0,0,0,0.00111772,0.0390568,-0.144979,0.639245,0.497391,1
6250,317.829,0.879963,-0.00946675,0.320905,-1.78782,-0.0784147,-0.397667,-0.904942,0,0,0,0.00217058,0.0377299,-0.144501,0.639285,0.49751,1
6260,297.54,0.88685,-0.00946177,0.320737,-1.78688,-0.078462,-0.396063,-0.913878,0,0,0,0.00311477,0.0367386,-0.144117,0.639339,0.497605,1
6270,281.277,0.893749,-0.0094694,0.320996,-1.78832,-0.0785093,-0.394459,-0.922814,0,0,0,0.0038402,0.0361144,-0.143961,0.639352,0.497626,1
6280,267.082,0.900791,-0.00949548,0.32188,-1.79325,-0.0785567,-0.392852,-0.931766,0,0,0,0.00416024,0.0354924,-0.143665,0.639352,0.497626,1
6290,281.134,0.908201,-0.00951802,0.322644,-1.79751,-0.0786042,-0.391241,-0.940743,0,0,0,0.00395863,0.0349543,-0.143014,0.639378,0.497638,1
6300,299.764,0.91563,-0.00952462,0.322867,-1.79875,-0.0786518,-0.389627,-0.949735,0,0,0,0.00305879,0.0347338,-0.142504,0.639387,0.497644,1
6310,311.275,0.923192,-0.00951907,0.322679,-1.7977,-0.0786995,-0.388013,-0.958727,0,0,0,0.00224624,0.0348536,-0.142077,0.639428,0.497677,1
6320,311.189,0.930967,-0.00951084,0.3224,-1.79615,-0.078747,-0.3864,-0.967712,0,0,0,0.00183766,0.0351562,-0.141579,0.639595,0.497835,1
6330,318.171,0.938768,-0.00949762,0.321952,-1.79365,-0.0787946,-0.384789,-0.976687,0,0,0,0.00143401,0.0355563,-0.141128,0.639926,0.498166,1
6340,295.061,0.946283,-0.00949374,0.321821,-1.79292,-0.078842,-0.38318,-0.985652,0,0,0,0.000476451,0.0361766,-0.141081,0.640201,0.498407,1
6350,285.808,0.954032,-0.00950252,0.322118,-1.79458,-0.0788895,-0.38157,-0.99462,0,0,0,7.23222e-005,0.0370147,-0.140963,0.640395,0.498555,1
6360,295.478,1.21369,-0.00951085,0.322401,-1.79615,-0.0789371,-0.379959,0.996403,0,0,0,0.00106275,0.0376967,-0.140347,0.640473,0.49863,1
6370,300.483,1.20434,-0.00951202,0.32244,-1.79637,-0.0789846,-0.378347,0.987421,0,0,0,0.00304297,0.03803,-0.139666,0.640473,0.49863,1
6380,310.926,1.19564,-0.00950782,0.322298,-1.79558,-0.0790322,-0.376735,0.978441,0,0,0,0.00467492,0.038274,-0.139737,0.640473,0.49863,1
6390,318.366,1.1873,-0.00949476,0.321855,-1.79311,-0.0790797,-0.375124,0.969468,0,0,0,0.00544135,0.0384158,-0.140277,0.640473,0.49863,1
6400,293.966,1.17819,-0.00949193,0.321759,-1.79258,-0.0791271,-0.373515,0.960505,0,0,0,0.00496677,0.0382785,-0.140174,0.640473,0.49863,1
6410,293.584,1.16797,-0.0094969,0.321927,-1.79352,-0.0791746,-0.371906,0.95154,0,0,0,0.00355952,0.0376397,-0.139134,0.640774,0.498898,1
6420,286.662,1.15767,-0.00950609,0.322239,-1.79525,-0.0792221,-0.370296,0.942569,0,0,0,0.00217254,0.0366518,-0.138155,0.640844,0.498988,1
6430,287.758,1.14816,-0.00951814,0.322648,-1.79753,-0.0792697,-0.368684,0.933587,0,0,0,0.00185644,0.0355791,-0.137986,0.640844,0.498988,1
6440,320.087,1.13933,-0.00951554,0.32256,-1.79704,-0.0793173,-0.36707,0.924599,0,0,0,0.00230608,0.0348291,-0.138368,0.640844,0.498988,1
6450,333.316,1.13076,-0.00949364,0.321817,-1.7929,-0.0793648,-0.365459,0.915622,0,0,0,0.00266659,0.0343755,-0.138906,0.640918,0.499082,1
6460,311.79,1.12218,-0.00947743,0.321268,-1.78984,-0.0794122,-0.363851,0.906666,0,0,0,0.0023695,0.0343431,-0.139303,0.641159,0.499347,1
6470,295.902,1.11311,-0.00947543,0.3212,-1.78946,-0.0794596,-0.362245,0.897718,0,0,0,0.00171202,0.0345177,-0.139105,0.641179,0.499362,1
6480,294.404,1.10344,-0.00948243,0.321437,-1.79079,-0.079507,-0.360639,0.888768,0,0,0,0.00100235,0.0346277,-0.138298,0.641251,0.499429,1
6490,300.245,1.09406,-0.00948216,0.321428,-1.79073,-0.0795544,-0.359032,0.879814,0,0,0,0.000445995,0.0345518,-0.137858,0.641391,0.499571,1
6500,296.104,1.08587,-0.00948526,0.321533,-1.79132,-0.0796018,-0.357424,0.870859,0,0,0,0.000184464,0.0348419,-0.138533,0.641391,0.499571,1
6510,310.78,1.07825,-0.00948398,0.32149,-1.79108,-0.0796493,-0.355816,0.861902,0,0,0,0.000406273,0.0355293,-0.139629,0.641391,0.499571,1
6520,347.422,1.06982,-0.00946141,0.320725,-1.78682,-0.0796966,-0.35421,0.852954,0,0,0,0.00104401,0.0361874,-0.13981,0.641391,0.499571,1
6530,339.969,1.06043,-0.00942898,0.319625,-1.78069,-0.0797439,-0.352609,0.844034,0,0,0,0.00212527,0.0362621,-0.139114,0.641391,0.499571,1
6540,300.103,1.05131,-0.00941569,0.319175,-1.77818,-0.079791,-0.351013,0.835139,0,0,0,0.00365954,0.0360576,-0.138756,0.641391,0.499571,1
6550,286.455,1.04303,-0.00942357,0.319442,-1.77967,-0.0798381,-0.349416,0.826245,0,0,0,0.00484573,0.0360015,-0.139259,0.641391,0.499571,1
6560,293.422,1.03497,-0.00943238,0.319741,-1.78133,-0.0798852,-0.347818,0.817343,0,0,0,0.00481096,0.0364426,-0.139915,0.641391,0.499571,1
6570,315.354,1.02627,-0.00942859,0.319612,-1.78062,-0.0799324,-0.34622,0.808436,0,0,0,0.00378932,0.0368785,-0.139958,0.641391,0.499571,1
6580,332.669,1.01679,-0.0094081,0.318917,-1.77675,-0.0799795,-0.344623,0.799541,0,0,0,0.00302521,0.0369098,-0.139288,0.641391,0.499571,1
6590,303.612,1.0068,-0.00939427,0.318449,-1.77414,-0.0800265,-0.34303,0.790665,0,0,0,0.00275986,0.036386,-0.13823,0.641429,0.499806,1
6600,282.678,0.997026,-0.00940105,0.318678,-1.77542,-0.0800734,-0.341437,0.781793,0,0,0,0.00274537,0.0356902,-0.137434,0.641484,0.500308,1
6610,268.887,0.987791,-0.00942144,0.31937,-1.77927,-0.0801205,-0.339842,0.772908,0,0,0,0.00239097,0.0349473,-0.137288,0.641509,0.500825,1
6620,247.06,0.978871,-0.00946072,0.320701,-1.78669,-0.0801677,-0.338243,0.763997,0,0,0,0.00151232,0.0344502,-0.137456,0.641505,0.501255,1
6630,250.639,0.96953,-0.00951108,0.322408,-1.7962,-0.0802151,-0.336636,0.755041,0,0,0,0.000246805,0.0342378,-0.137129,0.641477,0.5014,1
6640,271.071,0.959747,-0.00954575,0.323584,-1.80274,-0.0802627,-0.335021,0.746044,0,0,0,-0.000331987,0.0343199,-0.136177,0.641477,0.5014,1
6650,283.249,0.950224,-0.00956318,0.324174,-1.80603,-0.0803105,-0.333401,0.737022,0,0,0,-0.000183498,0.034603,-0.135376,0.641477,0.5014,1
6660,294.198,0.941487,-0.00957189,0.32447,-1.80768,-0.0803583,-0.331779,0.727988,0,0,0,0.000338516,0.03508,-0.13532,0.64147,0.501417,1
6670,303.285,0.932815,-0.00957223,0.324481,-1.80774,-0.0804062,-0.330157,0.718949,0,0,0,0.000985666,0.0356064,-0.135297,0.641368,0.501621,1
6680,303.775,0.923189,-0.0095673,0.324314,-1.80681,-0.0804541,-0.328535,0.709912,0,0,0,0.00198285,0.0358061,-0.134326,0.641192,0.501921,1
6690,270.953,0.912655,-0.00957786,0.324672,-1.80881,-0.0805019,-0.326913,0.700876,0,0,0,0.002559,0.035495,-0.132611,0.640952,0.502306,1
6700,254.094,0.902384,-0.00961714,0.326003,-1.81622,-0.0805499,-0.325287,0.691817,0,0,0,0.00261483,0.0350443,-0.131313,0.640749,0.502635,1
6710,274.153,0.893157,-0.00964982,0.327111,-1.8224,-0.080598,-0.323654,0.68272,0,0,0,0.00231763,0.0352267,-0.130949,0.640562,0.502949,1
6720,277.809,0.884663,-0.00966842,0.327742,-1.82591,-0.0806463,-0.322017,0.6736,0,0,0,0.00180305,0.0359804,-0.131179,0.640458,0.5031,1
6730,277.739,0.876009,-0.00969042,0.328488,-1.83006,-0.0806947,-0.320377,0.664461,0,0,0,0.000675865,0.0365835,-0.131371,0.640458,0.5031,1
6740,297.206,0.86651,-0.00969985,0.328807,-1.83184,-0.0807432,-0.318733,0.655306,0,0,0,-0.000209684,0.0363897,-0.130978,0.640379,0.503192,1
6750,300.443,0.856093,-0.00970046,0.328828,-1.83196,-0.0807917,-0.317089,0.646146,0,0,0,-0.000136616,0.0356025,-0.129739,0.640009,0.503607,1
6760,293.795,0.845569,-0.00970309,0.328917,-1.83246,-0.0808402,-0.315445,0.636986,0,0,0,0.000744598,0.0346692,-0.128358,0.639836,0.503782,1
6770,299.771,0.835962,-0.00970712,0.329054,-1.83322,-0.0808887,-0.3138,0.627821,0,0,0,0.00144571,0.0344087,-0.127694,0.639836,0.503782,1
6780,288.045,0.827233,-0.00971107,0.329188,-1.83396,-0.0809373,-0.312155,0.618655,0,0,0,0.00190285,0.0348265,-0.127708,0.639836,0.503782,1
6790,279.347,0.818611,-0.00972909,0.329798,-1.83737,-0.0809859,-0.310508,0.609478,0,0,0,0.00223371,0.0354433,-0.127758,0.639836,0.503782,1
6800,290.133,0.809861,-0.00974101,0.330202,-1.83962,-0.0810345,-0.308857,0.600285,0,0,0,0.00253414,0.0355538,-0.127913,0.639731,0.503851,1
6810,286.312,0.801369,-0.00975311,0.330613,-1.8419,-0.0810833,-0.307206,0.591082,0,0,0,0.00289647,0.0355744,-0.128392,0.639208,0.504177,1
6820,310.286,0.792967,-0.00975451,0.33066,-1.84217,-0.0811321,-0.305552,0.58187,0,0,0,0.00360185,0.0355935,-0.12893,0.638547,0.504571,1
6830,335.055,0.784138,-0.00973724,0.330075,-1.83891,-0.0811808,-0.3039,0.572665,0,0,0,0.00406007,0.035724,-0.128949,0.63845,0.504622,1
6840,344.757,0.774689,-0.00970697,0.329048,-1.83319,-0.0812294,-0.302252,0.563483,0,0,0,0.00361862,0.0353798,-0.128579,0.63845,0.504622,1
6850,327.207,0.765111,-0.00968087,0.328164,-1.82826,-0.0812779,-0.300609,0.554329,0,0,0,0.00279906,0.0346724,-0.128249,0.63845,0.504622,1
6860,295.102,0.755841,-0.00967285,0.327892,-1.82675,-0.0813263,-0.298969,0.545193,0,0,0,0.00242593,0.033789,-0.128271,0.63845,0.504622,1
6870,252.25,0.747323,-0.00970005,0.328814,-1.83188,-0.0813747,-0.297328,0.536051,0,0,0,0.00228319,0.0336456,-0.128742,0.63845,0.504622,1
6880,249.534,0.739362,-0.00975145,0.330556,-1.84159,-0.0814233,-0.29568,0.526869,0,0,0,0.00186703,0.0340281,-0.129646,0.638297,0.50468,1
6890,282.223,0.73139,-0.00978505,0.331695,-1.84794,-0.0814721,-0.294024,0.517644,0,0,0,0.00191928,0.0344725,-0.130482,0.637899,0.504812,1
6900,316.804,0.722491,-0.0097807,0.331548,-1.84711,-0.0815211,-0.292365,0.508404,0,0,0,0.00281591,0.0340953,-0.130582,0.637874,0.504814,1
6910,314.704,0.712716,-0.00976728,0.331093,-1.84458,-0.0815699,-0.290709,0.499175,0,0,0,0.00369601,0.0332477,-0.129909,0.637874,0.504814,1
6920,304.712,0.702993,-0.00975983,0.330841,-1.84317,-0.0816188,-0.289054,0.489955,0,0,0,0.00349022,0.0323913,-0.129423,0.637572,0.504766,1
6930,302.584,0.694442,-0.00975589,0.330707,-1.84243,-0.0816675,-0.2874,0.480741,0,0,0,0.00267095,0.0325768,-0.129793,0.637142,0.504694,1
6940,272.881,0.686576,-0.00976366,0.33097,-1.8439,-0.0817163,-0.285746,0.471528,0,0,0,0.00160572,0.0335222,-0.130561,0.636673,0.504623,1
6950,241.905,0.678501,-0.00981184,0.332604,-1.853,-0.0817652,-0.284088,0.462291,0,0,0,0.00057576,0.0346158,-0.131015,0.636389,0.504574,1
6960,282.821,0.669879,-0.00984602,0.333762,-1.85945,-0.0818144,-0.282422,0.453008,0,0,0,-6.82072e-005,0.0348437,-0.131285,0.636203,0.504535,1
6970,325.405,0.661283,-0.0098409,0.333589,-1.85848,-0.0818636,-0.280753,0.44371,0,0,0,0.000445057,0.0344105,-0.131784,0.635929,0.50447,1
6980,334.689,0.652739,-0.00981343,0.332657,-1.85329,-0.0819128,-0.279087,0.434429,0,0,0,0.00147106,0.0335841,-0.13245,0.635544,0.504368,1
6990,314.831,0.644651,-0.00979537,0.332045,-1.84988,-0.0819618,-0.277425,0.425171,0,0,0,0.0023965,0.0334825,-0.133215,0.635278,0.504289,1
