step,T,sn_vel[0],sn_vel[1],sn_vel[2],sn_crd[0],sn_crd[1],sn_crd[2],sn_f[0],sn_f[1],sn_f[2],target_crd[0],target_crd[1],target_crd[2],boundary[0],boundary[1],boundary[2]
0,0.00146243,0,0,0,-1.7475e-008,4.87674e-009,0.981818,0,0,0,0.000443123,0.0551265,-0.052113,0.636088,0.498802,1
10,0.255132,0,0,0,-1.7475e-008,4.87674e-009,0.981818,0,0,0,0.000452818,0.0551402,-0.052107,0.636088,0.498802,1
20,0.381526,0,0,0,-1.7475e-008,4.87674e-009,0.981818,0,0,0,0.000475433,0.055164,-0.0520668,0.636088,0.498802,1
30,0.554538,0,0,0,-1.7475e-008,4.87674e-009,0.981818,0,0,0,0.000503914,0.0551715,-0.0519938,0.636088,0.498802,1
40,0.742087,0,0,0,-1.7475e-008,4.87674e-009,0.981818,0,0,0,0.000527816,0.0551709,-0.0519547,0.636064,0.498799,1
50,0.848081,0,0,0,-1.7475e-008,4.87674e-009,0.981818,0,0,0,0.000530063,0.0551608,-0.05194,0.636064,0.498799,1
60,0.962807,0,0,0,-1.7475e-008,4.87674e-009,0.981818,0,0,0,0.000517861,0.0551484,-0.0518773,0.636064,0.498799,1
70,1.06005,0,0,0,-1.7475e-008,4.87674e-009,0.981818,0,0,0,0.000507666,0.0551379,-0.0517576,0.636064,0.498799,1
80,1.0832,0,0,0,-1.7475e-008,4.87674e-009,0.981818,0,0,0,0.000496782,0.0551364,-0.0516627,0.636064,0.498799,1
90,1.12901,0,0,0,-1.7475e-008,4.87674e-009,0.981818,0,0,0,0.000480512,0.0551379,-0.0516213,0.636042,0.498815,1
100,1.12384,0,0,0,-1.7475e-008,4.87674e-009,0.981818,0,0,0,0.000474534,0.0551392,-0.0515776,0.63603,0.498827,1
110,10.2662,0,0,0,-1.7475e-008,4.87674e-009,0.981818,0,0,0,0.00048551,0.0551308,-0.051396,0.636009,0.49885,1
120,17.4765,0,0,0,-1.7475e-008,4.87674e-009,0.981818,0,0,0,0.000479262,0.0551173,-0.0510988,0.636007,0.498852,1
130,22.4122,0,0,0,-1.7475e-008,4.87674e-009,0.981818,0,0,0,0.000429589,0.0551074,-0.0507654,0.636006,0.498856,1
140,25.6403,0,0,0,-1.7475e-008,4.87674e-009,0.981818,0,0,0,0.000362715,0.0550959,-0.050394,0.636004,0.498863,1
150,27.6726,0,0,0,-1.7475e-008,4.87674e-009,0.981818,0,0,0,0.000306062,0.0550672,-0.0499876,0.636001,0.498884,1
160,28.7567,0,0,0,-1.7475e-008,4.87674e-009,0.981818,0,0,0,0.000270001,0.0550391,-0.0495834,0.636001,0.498887,1
170,29.2967,0,0,0,-1.7475e-008,4.87674e-009,0.981818,0,0,0,0.000255068,0.0550304,-0.0491555,0.636002,0.498933,1
180,29.521,0,0,0,-1.7475e-008,4.87674e-009,0.981818,0,0,0,0.000243438,0.0550349,-0.0486563,0.636004,0.498962,1
190,29.5798,0,0,0,-1.7475e-008,4.87674e-009,0.981818,0,0,0,0.000214458,0.0550379,-0.0481333,0.636006,0.498987,1
200,29.5963,0,0,0,-1.7475e-008,4.87674e-009,0.981818,0,0,0,0.000167881,0.0550338,-0.0476684,0.636011,0.499018,1
210,38.9354,0,0,0,-1.7475e-008,4.87674e-009,0.981818,0,0,0,0.000118629,0.0550162,-0.0471864,0.636016,0.499045,1
220,45.3413,0,0,0,-1.7475e-008,4.87674e-009,0.981818,0,0,0,8.71912e-005,0.054985,-0.046559,0.636018,0.499056,1
230,49.6494,0,0,0,-1.7475e-008,4.87674e-009,0.981818,0,0,0,6.8154e-005,0.0549547,-0.0457996,0.636021,0.499069,1
240,52.4747,0,0,0,-1.7475e-008,4.87674e-009,0.981818,0,0,0,1.52394e-005,0.0549312,-0.0450191,0.636029,0.499102,1
250,54.23,0,0,0,-1.7475e-008,4.87674e-009,0.981818,0,0,0,-7.5723e-005,0.0549133,-0.0442635,0.636038,0.499136,1
260,55.198,0,0,0,-1.7475e-008,4.87674e-009,0.981818,0,0,0,-0.000140536,0.0548844,-0.0434778,0.636049,0.499174,1
270,55.64,0,0,0,-1.7475e-008,4.87674e-009,0.981818,0,0,0,-0.000154748,0.0548436,-0.0426475,0.636065,0.499226,1
280,55.6824,0,0,0,-1.7475e-008,4.87674e-009,0.981818,0,0,0,-0.000179589,0.054805,-0.0418082,0.63608,0.499271,1
290,55.3484,0,0,0,-1.7475e-008,4.87674e-009,0.981818,0,0,0,-0.000245122,0.0547934,-0.0409777,0.636096,0.499318,1
300,54.8279,0,0,0,-1.7475e-008,4.87674e-009,0.981818,0,0,0,-0.000319559,0.0547945,-0.0401356,0.636124,0.499396,1
310,63.3681,0,0,0,-1.7475e-008,4.87674e-009,0.981818,0,0,0,-0.000385359,0.0548009,-0.0392741,0.636157,0.499484,1
320,68.6891,0,0,0,-1.7475e-008,4.87674e-009,0.981818,0,0,0,-0.000439806,0.0548062,-0.0384027,0.636191,0.499571,1
330,71.5819,0,0,0,-1.7475e-008,4.87674e-009,0.981818,0,0,0,-0.000451029,0.0548116,-0.037495,0.636236,0.499679,1
340,72.7224,0,0,0,-1.7475e-008,4.87674e-009,0.981818,0,0,0,-0.000418,0.0547969,-0.036495,0.636289,0.499803,1
350,72.8329,0,0,0,-1.7475e-008,4.87674e-009,0.981818,0,0,0,-0.000388013,0.0547785,-0.0354725,0.63635,0.499941,1
360,72.351,0,0,0,-1.7475e-008,4.87674e-009,0.981818,0,0,0,-0.000381301,0.0547608,-0.0345036,0.636432,0.500122,1
370,71.5688,0,0,0,-1.7475e-008,4.87674e-009,0.981818,0,0,0,-0.000352228,0.054742,-0.0335655,0.636535,0.500341,1
380,70.9453,0,0,0,-1.7475e-008,4.87674e-009,0.981818,0,0,0,-0.000271148,0.0546894,-0.0325715,0.636646,0.500573,1
390,70.4489,0,0,0,-1.7475e-008,4.87674e-009,0.981818,0,0,0,-0.000180662,0.0546244,-0.0315408,0.636769,0.500822,1
400,70.4626,0,0,0,-1.7475e-008,4.87674e-009,0.981818,0,0,0,-0.00016008,0.0545735,-0.0305058,0.636906,0.501095,1
410,79.9829,0,0,0,-1.7475e-008,4.87674e-009,0.981818,0,0,0,-0.00021774,0.0545412,-0.0294173,0.637066,0.501407,1
420,86.3771,0,0,0,-1.7475e-008,4.87674e-009,0.981818,0,0,0,-0.000268912,0.0544758,-0.0282014,0.637244,0.501752,1
430,90.9538,0,0,0,-1.7475e-008,4.87674e-009,0.981818,0,0,0,-0.000257203,0.0544044,-0.0268936,0.637424,0.502094,1
440,94.321,0,0,0,-1.7475e-008,4.87674e-009,0.981818,0,0,0,-0.00022689,0.0543619,-0.0255414,0.637601,0.502424,1
450,96.8974,0,0,0,-1.7475e-008,4.87674e-009,0.981818,0,0,0,-0.000188321,0.0543397,-0.0241918,0.637776,0.502748,1
460,99.1414,0,0,0,-1.7475e-008,4.87674e-009,0.981818,0,0,0,-8.00998e-005,0.0543048,-0.0228309,0.637947,0.503057,1
470,100.645,0,0,0,-1.7475e-008,4.87674e-009,0.981818,0,0,0,8.70945e-005,0.0543104,-0.021486,0.638113,0.503352,1
480,101.559,0,0,0,-1.7475e-008,4.87674e-009,0.981818,0,0,0,0.000276562,0.0543472,-0.0201815,0.63827,0.503627,1
490,101.844,0,0,0,-1.7475e-008,4.87674e-009,0.981818,0,0,0,0.000542347,0.0543482,-0.018925,0.638405,0.50386,1
500,101.294,0,0,0,-1.7475e-008,4.87674e-009,0.981818,0,0,0,0.000859214,0.0543015,-0.0176727,0.638534,0.504077,1
510,109.385,0,0,0,-1.7475e-008,4.87674e-009,0.981818,0,0,0,0.00105305,0.0542976,-0.0164278,0.638673,0.504307,1
520,113.882,0,0,0,-1.7475e-008,4.87674e-009,0.981818,0,0,0,0.00111042,0.0543542,-0.0152416,0.638787,0.504492,1
530,116.249,0,0,0,-1.7475e-008,4.87674e-009,0.981818,0,0,0,0.00123476,0.054412,-0.0141707,0.638866,0.504616,1
540,117.822,0,0,0,-1.7475e-008,4.87674e-009,0.981818,0,0,0,0.00148461,0.0544417,-0.0132005,0.638926,0.504709,1
550,119.347,0,0,0,-1.7475e-008,4.87674e-009,0.981818,0,0,0,0.00170411,0.0544715,-0.0123429,0.638944,0.504736,1
560,121.466,0,0,0,-1.7475e-008,4.87674e-009,0.981818,0,0,0,0.00184482,0.0544759,-0.0115962,0.638958,0.504757,1
570,123.644,0,0,0,-1.7475e-008,4.87674e-009,0.981818,0,0,0,0.00199117,0.0544189,-0.0109349,0.638958,0.504757,1
580,125.445,0,0,0,-1.7475e-008,4.87674e-009,0.981818,0,0,0,0.00217897,0.0543728,-0.0103403,0.638958,0.504757,1
590,125.989,0,0,0,-1.7475e-008,4.87674e-009,0.981818,0,0,0,0.00236869,0.0544083,-0.00987912,0.638958,0.504757,1
600,124.87,0,0,0,-1.7475e-008,4.87674e-009,0.981818,0,0,0,0.00252618,0.0544414,-0.00961609,0.638958,0.504757,1
610,131.313,0,0,0,-1.7475e-008,4.87674e-009,0.981818,0,0,0,0.00264876,0.0543956,-0.00951287,0.638958,0.504757,1
620,132.947,0,0,0,-1.7475e-008,4.87674e-009,0.981818,0,0,0,0.00278764,0.0543883,-0.00950592,0.638958,0.504757,1
630,132.217,0,0,0,-1.7475e-008,4.87674e-009,0.981818,0,0,0,0.00299793,0.0544804,-0.00961269,0.638958,0.504757,1
640,132.082,0,0,0,-1.7475e-008,4.87674e-009,0.981818,0,0,0,0.00329941,0.0545572,-0.00988565,0.638958,0.504757,1
650,133.428,0,0,0,-1.7475e-008,4.87674e-009,0.981818,0,0,0,0.00369492,0.0545773,-0.0102672,0.638958,0.504757,1
660,137.066,0,0,0,-1.7475e-008,4.87674e-009,0.981818,0,0,0,0.00413157,0.054662,-0.0106794,0.638958,0.504757,1
670,140.663,0,0,0,-1.7475e-008,4.87674e-009,0.981818,0,0,0,0.00451302,0.0547955,-0.0111158,0.638958,0.504757,1
680,142.9,0,0,0,-1.7475e-008,4.87674e-009,0.981818,0,0,0,0.00484117,0.054903,-0.0116542,0.638958,0.504757,1
690,144.156,0,0,0,-1.7475e-008,4.87674e-009,0.981818,0,0,0,0.00519375,0.0550102,-0.0122884,0.638958,0.504757,1
700,143.616,0,0,0,-1.7475e-008,4.87674e-009,0.981818,0,0,0,0.00549079,0.0551633,-0.013038,0.638958,0.504757,1
710,152.53,0,0,0,-1.7475e-008,4.87674e-009,0.981818,0,0,0,0.00561911,0.0552879,-0.0139674,0.638958,0.504757,1
720,161.571,0,0,0,-1.7475e-008,4.87674e-009,0.981818,0,0,0,0.00560847,0.0553775,-0.0151014,0.638958,0.504757,1
730,172.992,0,0,0,-1.7475e-008,4.87674e-009,0.981818,0,0,0,0.00556906,0.0554575,-0.0162721,0.638958,0.504757,1
740,188.273,0,0,0,-1.7475e-008,4.87674e-009,0.981818,0,0,0,0.00551662,0.0555545,-0.0174522,0.638958,0.504757,1
750,205.281,0,0,0,-1.7475e-008,4.87674e-009,0.981818,0,0,0,0.00545499,0.0556098,-0.0187457,0.638958,0.504757,1
760,221.158,0,0,0,-1.7475e-008,4.87674e-009,0.981818,0,0,0,0.00530506,0.0555958,-0.020193,0.638958,0.504757,1
770,235.307,0,0,0,-1.7475e-008,4.87674e-009,0.981818,0,0,0,0.00504451,0.0554932,-0.0216182,0.638958,0.504757,1
780,244.88,0,0,0,-1.7475e-008,4.87674e-009,0.981818,0,0,0,0.00477816,0.0553852,-0.0229548,0.638958,0.504757,1
790,251.024,0,0,0,-1.7475e-008,4.87674e-009,0.981818,0,0,0,0.00462411,0.0552873,-0.0241269,0.638958,0.504757,1
800,253.615,0,0,0,-1.7475e-008,4.87674e-009,0.981818,0,0,0,0.00449523,0.055203,-0.0250491,0.638958,0.504757,1
810,265.162,0,0,0,-1.7475e-008,4.87674e-009,0.981818,0,0,0,0.00437319,0.0551067,-0.0257423,0.638958,0.504757,1
820,273.569,0,0,0,-1.7475e-008,4.87674e-009,0.981818,0,0,0,0.004308,0.0550312,-0.0263963,0.638958,0.504757,1
830,279.244,0,0,0,-1.7475e-008,4.87674e-009,0.981818,0,0,0,0.00429639,0.0549935,-0.0269764,0.638958,0.504757,1
840,281.643,0,0,0,-1.7475e-008,4.87674e-009,0.981818,0,0,0,0.00426025,0.055104,-0.0273492,0.638958,0.504757,1
850,279.749,0,0,0,-1.7475e-008,4.87674e-009,0.981818,0,0,0,0.0042226,0.0553745,-0.0275426,0.638958,0.504757,1
860,273.728,0,0,0,-1.7475e-008,4.87674e-009,0.981818,0,0,0,0.00412537,0.0557299,-0.0277721,0.638958,0.504757,1
870,265.212,0,0,0,-1.7475e-008,4.87674e-009,0.981818,0,0,0,0.00387022,0.0560568,-0.0280857,0.638958,0.504757,1
880,256.995,0,0,0,-1.7475e-008,4.87674e-009,0.981818,0,0,0,0.00350559,0.056358,-0.0284254,0.638958,0.504757,1
890,253.114,0,0,0,-1.7475e-008,4.87674e-009,0.981818,0,0,0,0.00322979,0.0565938,-0.0287587,0.638958,0.504757,1
900,250.43,0,0,0,-1.7475e-008,4.87674e-009,0.981818,0,0,0,0.00305576,0.0567221,-0.0291846,0.638958,0.504757,1
910,254.651,0,0,0,-1.7475e-008,4.87674e-009,0.981818,0,0,0,0.00281735,0.0566765,-0.0298051,0.638958,0.504757,1
920,251.774,0,0,0,-1.7475e-008,4.87674e-009,0.981818,0,0,0,0.00242909,0.056435,-0.0306453,0.638958,0.504757,1
930,245.049,0,0,0,-1.7475e-008,4.87674e-009,0.981818,0,0,0,0.00201084,0.0560487,-0.031632,0.638958,0.504757,1
940,241.344,0,0,0,-1.7475e-008,4.87674e-009,0.981818,0,0,0,0.00168742,0.0556858,-0.0327118,0.638958,0.504757,1
950,241.306,0,0,0,-1.7475e-008,4.87674e-009,0.981818,0,0,0,0.00143455,0.0554149,-0.0338362,0.638958,0.504757,1
960,242.91,0,0,0,-1.7475e-008,4.87674e-009,0.981818,0,0,0,0.00114837,0.0551999,-0.0349845,0.638958,0.504757,1
970,244.989,0,0,0,-1.7475e-008,4.87674e-009,0.981818,0,0,0,0.000914618,0.0550261,-0.0361981,0.638958,0.504757,1
980,244.558,0,0,0,-1.7475e-008,4.87674e-009,0.981818,0,0,0,0.000872438,0.0549127,-0.0375339,0.638958,0.504757,1
990,242.935,0,0,0,-1.7475e-008,4.87674e-009,0.981818,0,0,0,0.000923143,0.0548529,-0.0388937,0.638958,0.504757,1
1000,244.969,0,0,0,-1.7475e-008,4.87674e-009,0.981818,0,0,0,0.000901898,0.0548845,-0.0400779,0.637903,0.5041,1
1010,251.511,0,0,0,-1.7475e-008,4.87674e-009,0.981818,0,0,0,0.000830934,0.0550743,-0.0410318,0.637148,0.503782,1
1020,266.407,0,0,0,-1.7475e-008,4.87674e-009,0.981818,0,0,0,0.000692641,0.0553419,-0.0418936,0.636205,0.503354,1
1030,286.796,0,0,0,-1.7475e-008,4.87674e-009,0.981818,0,0,0,0.000358603,0.0555066,-0.0427655,0.635751,0.503036,1
1040,303.844,0,0,0,-1.7475e-008,4.87674e-009,0.981818,0,0,0,-5.63864e-005,0.0555279,-0.0435582,0.635115,0.502591,1
1050,315.804,0,0,0,-1.7475e-008,4.87674e-009,0.981818,0,0,0,-0.000262078,0.0556047,-0.0441557,0.634561,0.502245,1
1060,325.355,0,0,0,-1.7475e-008,4.87674e-009,0.981818,0,0,0,-0.000296072,0.0558283,-0.0446273,0.634245,0.502028,1
1070,333.86,0,0,0,-1.7475e-008,4.87674e-009,0.981818,0,0,0,-0.000404761,0.0560383,-0.0452238,0.6338,0.501688,1
1080,341.266,0,0,0,-1.7475e-008,4.87674e-009,0.981818,0,0,0,-0.00057456,0.0560366,-0.0461045,0.633319,0.501316,1
1090,347.047,0,0,0,-1.7475e-008,4.87674e-009,0.981818,0,0,0,-0.000672294,0.0558594,-0.0472636,0.63292,0.501031,1
1100,345.684,0,0,0,-1.7475e-008,4.87674e-009,0.981818,0,0,0,-0.000772888,0.055503,-0.0486062,0.632415,0.500682,1
1110,334.276,0,0,0,-1.7475e-008,4.87674e-009,0.981818,0,0,0,-0.000924173,0.0549449,-0.0500137,0.631704,0.500201,1
1120,319.404,0,0,0,-1.7475e-008,4.87674e-009,0.981818,0,0,0,-0.00100235,0.0542785,-0.0513102,0.630974,0.499727,1
1130,314.097,0,0,0,-1.7475e-008,4.87674e-009,0.981818,0,0,0,-0.00096162,0.0536937,-0.0525159,0.630323,0.499332,1
1140,319.871,0,0,0,-1.7475e-008,4.87674e-009,0.981818,0,0,0,-0.000941186,0.0531618,-0.0538652,0.629699,0.49898,1
1150,331.275,0,0,0,-1.7475e-008,4.87674e-009,0.981818,0,0,0,-0.000982748,0.0526854,-0.0554527,0.629126,0.498682,1
1160,338.509,0,0,0,-1.7475e-008,4.87674e-009,0.981818,0,0,0,-0.000968345,0.0523567,-0.0569986,0.628654,0.498458,1
1170,336.439,0,0,0,-1.7475e-008,4.87674e-009,0.981818,0,0,0,-0.000786955,0.0522761,-0.0583226,0.628178,0.498244,1
1180,324.061,0,0,0,-1.7475e-008,4.87674e-009,0.981818,0,0,0,-0.000509919,0.052404,-0.0595652,0.627618,0.498002,1
1190,309.704,0,0,0,-1.7475e-008,4.87674e-009,0.981818,0,0,0,-0.000246464,0.0527326,-0.0608912,0.627122,0.497804,1
1200,299.684,0,0,0,-1.7475e-008,4.87674e-009,0.981818,0,0,0,1.09695e-006,0.0531454,-0.0621796,0.626798,0.497693,1
1210,295.471,0,0,0,-1.7475e-008,4.87674e-009,0.981818,0,0,0,0.00026881,0.0535362,-0.0632865,0.62656,0.497627,1
1220,291.82,0,0,0,-1.7475e-008,4.87674e-009,0.981818,0,0,0,0.000463226,0.0538472,-0.0641748,0.626317,0.497574,1
1230,288.538,0,0,0,-1.7475e-008,4.87674e-009,0.981818,0,0,0,0.000529902,0.054152,-0.0648252,0.626081,0.497537,1
1240,284.878,0,0,0,-1.7475e-008,4.87674e-009,0.981818,0,0,0,0.000481816,0.0544832,-0.0651206,0.625836,0.497508,1
1250,277.114,0,0,0,-1.7475e-008,4.87674e-009,0.981818,0,0,0,0.000326654,0.0548698,-0.0650828,0.625495,0.497481,1
1260,265.295,0,0,0,-1.7475e-008,4.87674e-009,0.981818,0,0,0,0.000134947,0.0551284,-0.0648818,0.625026,0.497455,1
1270,255.824,0,0,0,-1.7475e-008,4.87674e-009,0.981818,0,0,0,0.000177782,0.0550697,-0.0646856,0.624551,0.497443,1
1280,254.483,0,0,0,-1.7475e-008,4.87674e-009,0.981818,0,0,0,0.00059786,0.0547047,-0.0645212,0.62422,0.497445,1
1290,263.96,0,0,0,-1.7475e-008,4.87674e-009,0.981818,0,0,0,0.00129352,0.0542979,-0.064382,0.623936,0.497456,1
1300,275.014,0,0,0,-1.7475e-008,4.87674e-009,0.981818,0,0,0,0.00203101,0.0539539,-0.0642636,0.623532,0.49748,1
1310,285.681,0,0,0,-1.7475e-008,4.87674e-009,0.981818,0,0,0,0.00259611,0.0536554,-0.0641673,0.623096,0.497511,1
1320,291.743,0,0,0,-1.7475e-008,4.87674e-009,0.981818,0,0,0,0.00276508,0.0533269,-0.0640789,0.622762,0.497544,1
1330,284.504,0,0,0,-1.7475e-008,4.87674e-009,0.981818,0,0,0,0.00251527,0.0529894,-0.06399,0.622483,0.497578,1
1340,262.86,0,0,0,-1.7475e-008,4.87674e-009,0.981818,0,0,0,0.00206097,0.0527208,-0.0638493,0.622235,0.497617,1
1350,237.341,0,0,0,-1.7475e-008,4.87674e-009,0.981818,0,0,0,0.00171427,0.0526541,-0.0635429,0.622055,0.497654,1
1360,216.465,0,0,0,-1.7475e-008,4.87674e-009,0.981818,0,0,0,0.00161068,0.052785,-0.0629808,0.621932,0.497688,1
1370,204.582,0,0,0,-1.7475e-008,4.87674e-009,0.981818,0,0,0,0.0017958,0.0529983,-0.0622313,0.621932,0.497688,1
1380,193.973,0,0,0,-1.7475e-008,4.87674e-009,0.981818,0,0,0,0.00224508,0.0531694,-0.0614767,0.621932,0.497688,1
1390,185.615,0,0,0,-1.7475e-008,4.87674e-009,0.981818,0,0,0,0.00279868,0.0533293,-0.0607506,0.621932,0.497688,1
1400,185.57,0,0,0,-1.7475e-008,4.87674e-009,0.981818,0,0,0,0.00313176,0.053625,-0.0598978,0.621932,0.497688,1
1410,195.939,0,0,0,-1.7475e-008,4.87674e-009,0.981818,0,0,0,0.00311343,0.0540807,-0.0588953,0.621932,0.497688,1
1420,207.455,0,0,0,-1.7475e-008,4.87674e-009,0.981818,0,0,0,0.00284933,0.0544564,-0.0579656,0.621932,0.497688,1
1430,214.628,0,0,0,-1.7475e-008,4.87674e-009,0.981818,0,0,0,0.00250708,0.0545478,-0.0572289,0.621932,0.497688,1
1440,215.227,0,0,0,-1.7475e-008,4.87674e-009,0.981818,0,0,0,0.0022242,0.0544535,-0.0565752,0.621932,0.497688,1
1450,215.758,0,0,0,-1.7475e-008,4.87674e-009,0.981818,0,0,0,0.00220161,0.0543731,-0.055854,0.621932,0.497688,1
1460,217.87,0,0,0,-1.7475e-008,4.87674e-009,0.981818,0,0,0,0.00247927,0.0543746,-0.0549757,0.621932,0.497688,1
1470,222.101,0,0,0,-1.7475e-008,4.87674e-009,0.981818,0,0,0,0.0029137,0.0543992,-0.0539677,0.621932,0.497688,1
1480,234.61,0,0,0,-1.7475e-008,4.87674e-009,0.981818,0,0,0,0.00329788,0.0543704,-0.0530954,0.621932,0.497688,1
1490,251.421,0,0,0,-1.7475e-008,4.87674e-009,0.981818,0,0,0,0.00347659,0.0542113,-0.052612,0.621713,0.497722,1
1500,259.645,0,0,0,-1.7475e-008,4.87674e-009,0.981818,0,0,0,0.00332251,0.0539483,-0.0524072,0.621556,0.497754,1
1510,254.816,0,0,0,-1.7475e-008,4.87674e-009,0.981818,0,0,0,0.00292195,0.0536479,-0.0521427,0.621556,0.497754,1
1520,244.322,0,0,0,-1.7475e-008,4.87674e-009,0.981818,0,0,0,0.00247818,0.0533617,-0.0517275,0.621556,0.497754,1
1530,239.441,0,0,0,-1.7475e-008,4.87674e-009,0.981818,0,0,0,0.00210852,0.0530228,-0.0514129,0.621533,0.497765,1
1540,241.325,0,0,0,-1.7475e-008,4.87674e-009,0.981818,0,0,0,0.00175608,0.0525958,-0.0514039,0.621533,0.497765,1
1550,249.458,0,0,0,-1.7475e-008,4.87674e-009,0.981818,0,0,0,0.00136044,0.0521619,-0.0515354,0.621533,0.497765,1
1560,254.868,0,0,0,-1.7475e-008,4.87674e-009,0.981818,0,0,0,0.000924657,0.051931,-0.0514364,0.621533,0.497765,1
1570,263.032,0,0,0,-1.7475e-008,4.87674e-009,0.981818,0,0,0,0.000507854,0.0518922,-0.0509099,0.621533,0.497765,1
1580,276.468,0,0,0,-1.7475e-008,4.87674e-009,0.981818,0,0,0,0.00013567,0.0519078,-0.0500804,0.621533,0.497765,1
1590,289.731,0,0,0,-1.7475e-008,4.87674e-009,0.981818,0,0,0,-0.000174,0.051917,-0.0492583,0.621533,0.497765,1
1600,298.243,0,0,0,-1.7475e-008,4.87674e-009,0.981818,0,0,0,-0.00033787,0.0520066,-0.0486764,0.621533,0.497765,1
1610,292.557,0,0,0,-1.7475e-008,4.87674e-009,0.981818,0,0,0,-0.000318821,0.0521162,-0.0482251,0.621533,0.497765,1
1620,273.775,0,0,0,-1.7475e-008,4.87674e-009,0.981818,0,0,0,-0.000223896,0.0522175,-0.0475528,0.621533,0.497765,1
1630,253.385,0,0,0,-1.7475e-008,4.87674e-009,0.981818,0,0,0,-8.96859e-005,0.0523815,-0.046608,0.621533,0.497765,1
1640,240.843,0,0,0,-1.7475e-008,4.87674e-009,0.981818,0,0,0,0.000173723,0.0526504,-0.0458249,0.621533,0.497765,1
1650,246.382,0,0,0,-1.7475e-008,4.87674e-009,0.981818,0,0,0,0.000492422,0.0528764,-0.0455851,0.621533,0.497765,1
1660,259.717,0,0,0,-1.7475e-008,4.87674e-009,0.981818,0,0,0,0.000684803,0.0530075,-0.0457326,0.621533,0.497765,1
1670,262.252,0,0,0,-1.7475e-008,4.87674e-009,0.981818,0,0,0,0.000768743,0.0530833,-0.0457791,0.621533,0.497765,1
1680,252.241,0,0,0,-1.7475e-008,4.87674e-009,0.981818,0,0,0,0.000871759,0.0530894,-0.0454512,0.621533,0.497765,1
1690,235.247,0,0,0,-1.7475e-008,4.87674e-009,0.981818,0,0,0,0.000976291,0.0528539,-0.044934,0.621533,0.497765,1
1700,220.211,0,0,0,-1.7475e-008,4.87674e-009,0.981818,0,0,0,0.000994582,0.052323,-0.0446205,0.621533,0.497765,1
1710,208.615,0,0,0,-1.7475e-008,4.87674e-009,0.981818,0,0,0,0.000821125,0.0516539,-0.0446804,0.621533,0.497765,1
1720,195.647,0,0,0,-1.7475e-008,4.87674e-009,0.981818,0,0,0,0.000441087,0.0510752,-0.0449119,0.621533,0.497765,1
1730,184.409,0,0,0,-1.7475e-008,4.87674e-009,0.981818,0,0,0,-2.03817e-005,0.0506398,-0.0449838,0.621533,0.497765,1
1740,182.656,0,0,0,-1.7475e-008,4.87674e-009,0.981818,0,0,0,-0.000389132,0.0503812,-0.0448451,0.621533,0.497765,1
1750,197.329,0,0,0,-1.7475e-008,4.87674e-009,0.981818,0,0,0,-0.000687809,0.050397,-0.0447428,0.621533,0.497765,1
1760,222.151,0,0,0,-1.7475e-008,4.87674e-009,0.981818,0,0,0,-0.000944679,0.050715,-0.0448388,0.621533,0.497765,1
1770,247.255,0,0,0,-1.7475e-008,4.87674e-009,0.981818,0,0,0,-0.00107023,0.0511774,-0.0449628,0.621533,0.497765,1
1780,263.79,0,0,0,-1.7475e-008,4.87674e-009,0.981818,0,0,0,-0.000901391,0.0516567,-0.0448857,0.621533,0.497765,1
1790,275.299,0,0,0,-1.7475e-008,4.87674e-009,0.981818,0,0,0,-0.000461644,0.0521323,-0.0445366,0.621462,0.497903,1
1800,286.525,0,0,0,-1.7475e-008,4.87674e-009,0.981818,0,0,0,3.43221e-005,0.0525316,-0.0439895,0.621432,0.497965,1
1810,304.39,0,0,0,-1.7475e-008,4.87674e-009,0.981818,0,0,0,0.000271563,0.0527668,-0.0434262,0.621405,0.498023,1
1820,323.045,0,0,0,-1.7475e-008,4.87674e-009,0.981818,0,0,0,2.96424e-005,0.0529099,-0.0430772,0.621382,0.498074,1
1830,324.288,0,0,0,-1.7475e-008,4.87674e-009,0.981818,0,0,0,-0.000732805,0.0531323,-0.0429113,0.621382,0.498074,1
1840,304.663,0,0,0,-1.7475e-008,4.87674e-009,0.981818,0,0,0,-0.00172874,0.0533374,-0.0426823,0.621382,0.498074,1
1850,281.876,0,0,0,-1.7475e-008,4.87674e-009,0.981818,0,0,0,-0.00253383,0.053241,-0.0423222,0.621382,0.498074,1
1860,270.729,0,0,0,-1.7475e-008,4.87674e-009,0.981818,0,0,0,-0.00282768,0.0528592,-0.0421264,0.621382,0.498074,1
1870,286.766,0,0,0,-1.7475e-008,4.87674e-009,0.981818,0,0,0,-0.00259163,0.0525738,-0.0423574,0.621382,0.498074,1
1880,315.426,0,0,0,-1.7475e-008,4.87674e-009,0.981818,0,0,0,-0.00195475,0.0525428,-0.0429821,0.621382,0.498074,1
1890,335.097,0,0,0,-1.7475e-008,4.87674e-009,0.981818,0,0,0,-0.00113087,0.0526622,-0.0437702,0.621381,0.498078,1
1900,333.612,0,0,0,-1.7475e-008,4.87674e-009,0.981818,0,0,0,-0.000368363,0.0528677,-0.0445922,0.621338,0.498229,1
1910,310.389,0,0,0,-1.7475e-008,4.87674e-009,0.981818,0,0,0,9.75465e-005,0.0531472,-0.0454527,0.621273,0.498487,1
1920,274.352,0,0,0,-1.7475e-008,4.87674e-009,0.981818,0,0,0,0.00024093,0.0533532,-0.0463917,0.62116,0.498978,1
1930,237.418,0,0,0,-1.7475e-008,4.87674e-009,0.981818,0,0,0,0.000224814,0.053462,-0.0474023,0.62105,0.499505,1
1940,213.004,0,0,0,-1.7475e-008,4.87674e-009,0.981818,0,0,0,0.000260297,0.0535953,-0.0484307,0.620972,0.499932,1
1950,214.278,0,0,0,-1.7475e-008,4.87674e-009,0.981818,0,0,0,0.000430968,0.0537433,-0.0492939,0.620928,0.50022,1
1960,230.356,0,0,0,-1.7475e-008,4.87674e-009,0.981818,0,0,0,0.000761201,0.0537238,-0.0498307,0.620919,0.500305,1
1970,248.03,0,0,0,-1.7475e-008,4.87674e-009,0.981818,0,0,0,0.00120664,0.0536035,-0.0502094,0.620919,0.500305,1
1980,256.914,0,0,0,-1.7475e-008,4.87674e-009,0.981818,0,0,0,0.0015713,0.0536131,-0.0508056,0.620919,0.500305,1
1990,257.354,0,0,0,-1.7475e-008,4.87674e-009,0.981818,0,0,0,0.0017232,0.0537563,-0.0517074,0.620919,0.500305,1
2000,245.434,0,0,0.200111,0.00179162,0.0538,0.981918,0,0,0,0.00180069,0.0537954,-0.0526316,0.621853,0.500009,1
2010,225.706,0,0,0.201484,0.00179162,0.0538,0.982922,0,0,0,0.0019206,0.0536709,-0.0533415,0.622519,0.499905,1
2020,212.342,0,0,0.203435,0.00179162,0.0538,0.983933,0,0,0,0.002028,0.0535211,-0.0538173,0.62333,0.499818,1
2030,227.802,0,0,0.205333,0.00179162,0.0538,0.984955,0,0,0,0.0020805,0.053433,-0.0541802,0.623682,0.499782,1
2040,263.263,0,0,0.206455,0.00179162,0.0538,0.985984,0,0,0,0.00201291,0.0533745,-0.0545867,0.624369,0.499697,1
2050,292.489,0,0,0.206805,0.00179162,0.0538,0.987018,0,0,0,0.00170467,0.0533869,-0.055178,0.625033,0.499601,1
2060,299.551,0,0,0.206837,0.00179162,0.0538,0.988052,0,0,0,0.00127123,0.0535942,-0.0558683,0.625409,0.499537,1
2070,294.463,0,0,0.206889,0.00179162,0.0538,0.989086,0,0,0,0.00102713,0.0540133,-0.0565042,0.625706,0.499499,1
2080,297.976,0,0,0.206974,0.00179162,0.0538,0.990121,0,0,0,0.00108832,0.0545599,-0.0571384,0.625937,0.499502,1
2090,311.194,0,0,0.206893,0.00179162,0.0538,0.991156,0,0,0,0.00134996,0.0552574,-0.0580936,0.626079,0.499529,1
2100,329.257,0,0,0.206557,0.00179162,0.0538,0.992189,0,0,0,0.00171467,0.0561343,-0.0594305,0.626226,0.499582,1
2110,348.345,0,0,0.205957,0.00179162,0.0538,0.993221,0,0,0,0.00197532,0.0568839,-0.0608208,0.626387,0.499659,1
2120,372.343,0,0,0.205087,0.00179162,0.0538,0.994249,0,0,0,0.00182132,0.057105,-0.0619007,0.62655,0.499756,1
2130,394.324,0,0,0.203957,0.00179162,0.0538,0.995272,0,0,0,0.00126614,0.0568001,-0.0627084,0.626674,0.499848,1
2140,406.944,0,0,0.202666,0.00179162,0.0538,0.996289,0,0,0,0.000679963,0.0562937,-0.0634064,0.626689,0.49985,1
2150,408.464,0,0,0.201318,0.00179162,0.0538,0.997299,0,0,0,0.00033048,0.0557836,-0.0640691,0.626776,0.499848,1
2160,396.625,0,0,0.200037,0.00179162,0.0538,0.998303,0,0,0,0.000235526,0.0553339,-0.0646801,0.626968,0.49983,1
2170,377.933,0,0,0.19892,0.00179162,0.0538,0.9993,0,0,0,0.000351827,0.0550493,-0.0652604,0.627179,0.499795,1
2180,366.761,0,0,0.197972,0.00179162,0.0538,-0.999707,0,0,0,0.000530451,0.0549015,-0.0656877,0.627223,0.499781,1
2190,362.85,0,0,0.197098,0.00179162,0.0538,-0.998719,0,0,0,0.000601467,0.0546352,-0.0658572,0.627308,0.499748,1
2200,353.51,0,0,0.196292,0.00179162,0.0538,-0.997736,0,0,0,0.000571197,0.0540558,-0.0658436,0.627441,0.499689,1
2210,327.486,0,0,0.195706,0.00179162,0.0538,-0.996756,0,0,0,0.000577553,0.053255,-0.0657567,0.627543,0.499639,1
2220,282.684,0,0,0.195653,0.00179162,0.0538,-0.995778,0,0,0,0.000581961,0.0525102,-0.0654293,0.627563,0.499626,1
2230,238.619,0,0,0.196479,0.00179162,0.0538,-0.994798,0,0,0,0.000490502,0.0520669,-0.0647677,0.627563,0.499626,1
2240,219.411,0,0,0.198118,0.00179162,0.0538,-0.993812,0,0,0,0.000362443,0.0520287,-0.0639759,0.627563,0.499626,1
2250,241.367,0,0,0.199701,0.00179162,0.0538,-0.992818,0,0,0,0.000289583,0.0523538,-0.0632302,0.627563,0.499626,1
2260,295.907,0,0,0.200267,0.00179162,0.0538,-0.991817,0,0,0,0.000113639,0.0528925,-0.0623844,0.627563,0.499626,1
2270,340.676,0,0,0.19992,0.00179162,0.0538,-0.990817,0,0,0,-0.000268896,0.0534674,-0.0613724,0.627563,0.499626,1
2280,348.092,0,0,0.199229,0.00179162,0.0538,-0.989818,0,0,0,-0.000736308,0.053948,-0.0604063,0.627563,0.499626,1
2290,319.653,0,0,0.198717,0.00179162,0.0538,-0.988824,0,0,0,-0.00105181,0.0543264,-0.0597143,0.627811,0.499392,1
2300,281.277,0,0,0.198754,0.00179162,0.0538,-0.98783,0,0,0,-0.00114227,0.0546628,-0.0592653,0.628099,0.499138,1
2310,255.345,0,0,0.199403,0.00179162,0.0538,-0.986835,0,0,0,-0.000967156,0.055043,-0.0589222,0.62847,0.498829,1
2320,250.59,0,0,0.200371,0.00179162,0.0538,-0.985836,0,0,0,-0.000600679,0.0554258,-0.0586202,0.628848,0.49853,1
2330,261.382,0,0,0.201249,0.00179162,0.0538,-0.984832,0,0,0,-0.000274436,0.0556559,-0.0583867,0.629263,0.498216,1
2340,284.484,0,0,0.201733,0.00179162,0.0538,-0.983825,0,0,0,-0.000246156,0.0556075,-0.0581465,0.629827,0.497803,1
2350,304.566,0,0,0.201792,0.00179162,0.0538,-0.982816,0,0,0,-0.000314767,0.0553653,-0.0577873,0.63037,0.497423,1
2360,314.072,0,0,0.201618,0.00179162,0.0538,-0.981807,0,0,0,-9.51584e-005,0.0550548,-0.0573438,0.630785,0.497147,1
2370,312.004,0,0,0.201398,0.00179162,0.0538,-0.980799,0,0,0,0.000335907,0.0547281,-0.0569254,0.631197,0.496889,1
2380,314.652,0,0,0.201196,0.00179162,0.0538,-0.979793,0,0,0,0.000510275,0.0543851,-0.0564673,0.631509,0.496708,1
2390,321.577,0,0,0.200903,0.00179162,0.0538,-0.978788,0,0,0,0.000472787,0.0540988,-0.0558308,0.631509,0.496708,1
2400,323.938,0,0,0.200535,0.00179162,0.0538,-0.977784,0,0,0,0.000578069,0.0539248,-0.0550617,0.631515,0.496588,1
2410,317.722,0,0,0.20021,0.00179162,0.0538,-0.976782,0,0,0,0.000810382,0.0538647,-0.0542967,0.631515,0.496588,1
2420,308.089,0,0,0.200005,0.00179162,0.0538,-0.975781,0,0,0,0.000936515,0.0538991,-0.0535817,0.631515,0.496588,1
2430,292.897,0,0,0.200005,0.00179162,0.0538,-0.974781,0,0,0,0.00110108,0.054001,-0.0529722,0.631515,0.496588,1
2440,278.965,0,0,0.200274,0.00179162,0.0538,-0.973781,0,0,0,0.00136994,0.0540579,-0.0526695,0.631552,0.496511,1
2450,278.575,0,0,0.200694,0.00179162,0.0538,-0.972779,0,0,0,0.00149716,0.0539796,-0.0527141,0.631674,0.49628,1
2460,306.734,0,0,0.200837,0.00179162,0.0538,-0.971775,0,0,0,0.00141158,0.0537874,-0.0527666,0.631771,0.496112,1
2470,352.151,0,0,0.200374,0.00179162,0.0538,-0.970771,0,0,0,0.00128992,0.0536483,-0.0524919,0.631852,0.495981,1
2480,392.355,0,0,0.199369,0.00179162,0.0538,-0.969771,0,0,0,0.000958274,0.0536751,-0.0521422,0.631909,0.495896,1
2490,409.672,0,0,0.198089,0.00179162,0.0538,-0.968777,0,0,0,0.000167319,0.0538236,-0.0521963,0.631937,0.495857,1
2500,396.683,0,0,0.196804,0.00179162,0.0538,-0.96779,0,0,0,-0.000822278,0.0539533,-0.052688,0.632041,0.495721,1
2510,351.986,0,0,0.195835,0.00179162,0.0538,-0.966808,0,0,0,-0.00146054,0.0540969,-0.0531708,0.632203,0.495525,1
2520,293.399,0,0,0.195542,0.00179162,0.0538,-0.96583,0,0,0,-0.00163083,0.054499,-0.0533348,0.632311,0.495408,1
2530,244.422,0,0,0.196209,0.00179162,0.0538,-0.964851,0,0,0,-0.00158381,0.0554251,-0.0531082,0.632363,0.495369,1
2540,219.841,0,0,0.197739,0.00179162,0.0538,-0.963867,0,0,0,-0.00152862,0.0567966,-0.0524489,0.632363,0.495369,1
2550,209.164,0,0,0.199747,0.00179162,0.0538,-0.962874,0,0,0,-0.00162253,0.0580302,-0.0514035,0.632363,0.495369,1
2560,205.214,0,0,0.20204,0.00179162,0.0538,-0.96187,0,0,0,-0.00202764,0.0584911,-0.0503135,0.632363,0.495369,1
2570,227.514,0,0,0.204058,0.00179162,0.0538,-0.960855,0,0,0,-0.00254075,0.0581166,-0.0494047,0.632363,0.495369,1
2580,269.916,0,0,0.205081,0.00179162,0.0538,-0.959832,0,0,0,-0.00269371,0.0573418,-0.0485006,0.632363,0.495369,1
2590,305.335,0,0,0.205259,0.00179162,0.0538,-0.958806,0,0,0,-0.00249682,0.0565945,-0.0474152,0.632363,0.495369,1
2600,333.325,0,0,0.20492,0.00179162,0.0538,-0.95778,0,0,0,-0.00229866,0.0560225,-0.0463183,0.632554,0.495213,1
2610,345.272,0,0,0.204295,0.00179162,0.0538,-0.956757,0,0,0,-0.00193947,0.0554856,-0.0454141,0.632878,0.494963,1
2620,336.453,0,0,0.203668,0.00179162,0.0538,-0.955737,0,0,0,-0.000925498,0.0546084,-0.0446259,0.633333,0.494625,1
2630,312.146,0,0,0.203286,0.00179162,0.0538,-0.95472,0,0,0,0.000586926,0.0532095,-0.0439128,0.633937,0.494197,1
2640,275.954,0,0,0.203416,0.00179162,0.0538,-0.953703,0,0,0,0.00186995,0.0517006,-0.0435917,0.634552,0.49378,1
2650,251.957,0,0,0.204189,0.00179162,0.0538,-0.952685,0,0,0,0.00240016,0.0508116,-0.0438742,0.634983,0.493504,1
2660,259.736,0,0,0.205121,0.00179162,0.0538,-0.951662,0,0,0,0.00221042,0.0507938,-0.0444087,0.635116,0.493425,1
2670,291.313,0,0,0.205586,0.00179162,0.0538,-0.950635,0,0,0,0.00166586,0.0513278,-0.0447566,0.635116,0.493425,1
2680,333.584,0,0,0.205345,0.00179162,0.0538,-0.949607,0,0,0,0.0011657,0.0520962,-0.0449087,0.635116,0.493425,1
2690,342.25,0,0,0.204707,0.00179162,0.0538,-0.948582,0,0,0,0.000785601,0.0530197,-0.0450272,0.635116,0.493425,1
2700,307.493,0,0,0.204315,0.00179162,0.0538,-0.947559,0,0,0,0.00020714,0.0538936,-0.0450856,0.635116,0.493425,1
2710,268.165,0,0,0.204592,0.00179162,0.0538,-0.946537,0,0,0,-0.00088317,0.0544495,-0.0451578,0.635116,0.493425,1
2720,245.978,0,0,0.205529,0.00179162,0.0538,-0.945512,0,0,0,-0.00209931,0.0546664,-0.0454492,0.635116,0.493425,1
2730,258.177,0,0,0.206571,0.00179162,0.0538,-0.944482,0,0,0,-0.00256889,0.0547292,-0.0459627,0.635116,0.493425,1
2740,297.496,0,0,0.20697,0.00179162,0.0538,-0.943448,0,0,0,-0.00198196,0.0547302,-0.0463604,0.635116,0.493425,1
2750,327.887,0,0,0.206711,0.00179162,0.0538,-0.942414,0,0,0,-0.000954873,0.05481,-0.0465957,0.635116,0.493425,1
2760,331.416,0,0,0.206208,0.00179162,0.0538,-0.941381,0,0,0,-0.000159554,0.0549794,-0.0469977,0.635116,0.493425,1
2770,307,0,0,0.205891,0.00179162,0.0538,-0.940351,0,0,0,0.000162976,0.0549308,-0.0477591,0.635124,0.493423,1
2780,270.673,0,0,0.206133,0.00179162,0.0538,-0.939321,0,0,0,0.000126488,0.0543504,-0.0485149,0.635173,0.493413,1
2790,246.372,0,0,0.207032,0.00179162,0.0538,-0.938289,0,0,0,6.19672e-005,0.0534745,-0.0490452,0.635178,0.493412,1
2800,241.402,0,0,0.208266,0.00179162,0.0538,-0.937251,0,0,0,0.000138465,0.0527236,-0.0494764,0.635196,0.49341,1
2810,252.584,0,0,0.209416,0.00179162,0.0538,-0.936207,0,0,0,5.01783e-005,0.0522192,-0.0499186,0.635196,0.49341,1
2820,283.282,0,0,0.210036,0.00179162,0.0538,-0.935158,0,0,0,-0.000393585,0.0518891,-0.0501587,0.635196,0.49341,1
2830,307.541,0,0,0.210067,0.00179162,0.0538,-0.934108,0,0,0,-0.000878747,0.0517636,-0.0502684,0.635196,0.49341,1
2840,305.064,0,0,0.209918,0.00179162,0.0538,-0.933058,0,0,0,-0.00114098,0.0518156,-0.0505652,0.635196,0.49341,1
2850,273.492,0,0,0.210116,0.00179162,0.0538,-0.932008,0,0,0,-0.00124317,0.0519356,-0.0511959,0.635221,0.493421,1
2860,240.429,0,0,0.211078,0.00179162,0.0538,-0.930956,0,0,0,-0.00126596,0.0520607,-0.0519271,0.635242,0.493413,1
2870,238.132,0,0,0.212521,0.00179162,0.0538,-0.929897,0,0,0,-0.00122736,0.0521648,-0.0526774,0.635327,0.493515,1
2880,269.162,0,0,0.213506,0.00179162,0.0538,-0.928832,0,0,0,-0.00117276,0.0522129,-0.0533959,0.635374,0.493688,1
2890,315.532,0,0,0.213626,0.00179162,0.0538,-0.927764,0,0,0,-0.000975615,0.0522731,-0.0538974,0.635455,0.49399,1
2900,352.736,0,0,0.213029,0.00179162,0.0538,-0.926697,0,0,0,-0.000418337,0.0525229,-0.0540053,0.635578,0.494317,1
2910,356.11,0,0,0.212166,0.00179162,0.0538,-0.925634,0,0,0,0.000487595,0.0529966,-0.0538592,0.635757,0.494693,1
2920,330.998,0,0,0.211505,0.00179162,0.0538,-0.924574,0,0,0,0.00134933,0.0534399,-0.0535584,0.635968,0.495062,1
2930,317.485,0,0,0.211149,0.00179162,0.0538,-0.923518,0,0,0,0.00184976,0.0536529,-0.0530521,0.636128,0.495279,1
2940,323.879,0,0,0.210819,0.00179162,0.0538,-0.922463,0,0,0,0.00201433,0.0538505,-0.0522777,0.636318,0.495484,1
2950,333.094,0,0,0.210352,0.00179162,0.0538,-0.92141,0,0,0,0.0019278,0.0543879,-0.0513926,0.636611,0.495765,1
2960,337.933,0,0,0.209779,0.00179162,0.0538,-0.920359,0,0,0,0.00160422,0.0553824,-0.0505224,0.636976,0.496083,1
2970,328.223,0,0,0.209246,0.00179162,0.0538,-0.919311,0,0,0,0.00132214,0.0565982,-0.0497703,0.637359,0.496388,1
2980,304.455,0,0,0.208979,0.00179162,0.0538,-0.918266,0,0,0,0.00130373,0.0574607,-0.0492744,0.637819,0.496732,1
2990,275.702,0,0,0.20919,0.00179162,0.0538,-0.917221,0,0,0,0.00123184,0.0572928,-0.049221,0.638233,0.497033,1
3000,254.325,0,0,0.20993,0.00179162,0.0538,-0.916173,0,0,0,0.000739282,0.0561315,-0.0495967,0.638641,0.497229,1
3010,248.525,0,0,0.210985,0.00179162,0.0538,-0.915121,0,0,0,8.64357e-005,0.0548231,-0.0501939,0.639063,0.497325,1
3020,252.492,0,0,0.212021,0.00179162,0.0538,-0.914064,0,0,0,-0.00044744,0.0541423,-0.0509065,0.63941,0.497298,1
3030,250.135,0,0,0.213038,0.00179162,0.0538,-0.913002,0,0,0,-0.00100411,0.0540641,-0.0518267,0.639715,0.4972,1
3040,248.177,0,0,0.214142,0.00179162,0.0538,-0.911934,0,0,0,-0.00155254,0.0542403,-0.0529156,0.63994,0.497156,1
3050,259.582,0,0,0.215141,0.00179162,0.0538,-0.910861,0,0,0,-0.00173011,0.0543692,-0.0539154,0.640107,0.49715,1
3060,279.112,0,0,0.215727,0.00179162,0.0538,-0.909784,0,0,0,-0.00147514,0.0541802,-0.0546795,0.640107,0.49715,1
3070,290.251,0,0,0.21599,0.00179162,0.0538,-0.908705,0,0,0,-0.000983148,0.0534958,-0.0553871,0.640171,0.497163,1
3080,297.596,0,0,0.216108,0.00179162,0.0538,-0.907624,0,0,0,-0.000248656,0.0527046,-0.0562195,0.640178,0.497195,1
3090,322.757,0,0,0.215935,0.00179162,0.0538,-0.906544,0,0,0,0.000661849,0.0523347,-0.0569989,0.640178,0.497195,1
3100,345.002,0,0,0.215354,0.00179162,0.0538,-0.905465,0,0,0,0.00125995,0.052481,-0.0574666,0.640178,0.497195,1
3110,358.07,0,0,0.214558,0.00179162,0.0538,-0.90439,0,0,0,0.0012634,0.0529617,-0.057657,0.640227,0.497231,1
3120,374.757,0,0,0.213578,0.00179162,0.0538,-0.90332,0,0,0,0.00102785,0.05378,-0.0576559,0.640339,0.497193,1
3130,376.114,0,0,0.212482,0.00179162,0.0538,-0.902254,0,0,0,0.000931221,0.0548099,-0.0572743,0.640399,0.497122,1
3140,365.81,0,0,0.211478,0.00179162,0.0538,-0.901194,0,0,0,0.000937578,0.0557662,-0.056508,0.640442,0.497001,1
3150,360.721,0,0,0.210562,0.00179162,0.0538,-0.900139,0,0,0,0.000969241,0.0564872,-0.0558414,0.640442,0.497001,1
3160,351.949,0,0,0.20973,0.00179162,0.0538,-0.899088,0,0,0,0.00102302,0.0570449,-0.0556069,0.640438,0.496976,1
3170,340.907,0,0,0.209038,0.00179162,0.0538,-0.898041,0,0,0,0.000847586,0.057251,-0.0554511,0.640438,0.496976,1
3180,325.723,0,0,0.208513,0.00179162,0.0538,-0.896997,0,0,0,0.000255579,0.0567432,-0.0550093,0.640423,0.496956,1
3190,297.79,0,0,0.208331,0.00179162,0.0538,-0.895955,0,0,0,-0.00048461,0.0554474,-0.0544295,0.640265,0.496833,1
3200,274.296,0,0,0.208637,0.00179162,0.0538,-0.894913,0,0,0,-0.000981546,0.0539411,-0.05403,0.639989,0.496684,1
3210,269.692,0,0,0.209208,0.00179162,0.0538,-0.893869,0,0,0,-0.00121186,0.0528751,-0.0537412,0.639402,0.496396,1
3220,280.872,0,0,0.209686,0.00179162,0.0538,-0.892821,0,0,0,-0.00115145,0.0523893,-0.0534405,0.638953,0.49619,1
3230,304.749,0,0,0.209811,0.00179162,0.0538,-0.891772,0,0,0,-0.000749047,0.0521936,-0.0531449,0.638726,0.496092,1
3240,320.604,0,0,0.209549,0.00179162,0.0538,-0.890724,0,0,0,-8.62258e-005,0.0521107,-0.0528099,0.638573,0.49605,1
3250,305.896,0,0,0.209309,0.00179162,0.0538,-0.889677,0,0,0,0.000653778,0.0522074,-0.05227,0.63832,0.496002,1
3260,289.766,0,0,0.209391,0.00179162,0.0538,-0.88863,0,0,0,0.00136906,0.0526435,-0.0516662,0.637826,0.495925,1
3270,290.771,0,0,0.209573,0.00179162,0.0538,-0.887583,0,0,0,0.00181579,0.053345,-0.0511488,0.637117,0.495833,1
3280,291.124,0,0,0.209718,0.00179162,0.0538,-0.886535,0,0,0,0.00193067,0.0538111,-0.0504465,0.636361,0.495752,1
3290,280.427,0,0,0.209969,0.00179162,0.0538,-0.885485,0,0,0,0.00203469,0.0535484,-0.0490735,0.635653,0.495691,1
3300,262.42,0,0,0.210532,0.00179162,0.0538,-0.884435,0,0,0,0.00227396,0.0526914,-0.0471736,0.635053,0.495654,1
3310,250.945,0,0,0.211467,0.00179162,0.0538,-0.88338,0,0,0,0.00238643,0.0519659,-0.0454753,0.634624,0.495643,1
3320,252.605,0,0,0.212495,0.00179162,0.0538,-0.88232,0,0,0,0.00236323,0.0520256,-0.0444297,0.634385,0.495653,1
3330,260.177,0,0,0.213391,0.00179162,0.0538,-0.881256,0,0,0,0.00235047,0.052865,-0.0437027,0.634385,0.495653,1
3340,255.179,0,0,0.214235,0.00179162,0.0538,-0.880187,0,0,0,0.00227832,0.0539225,-0.0427964,0.634385,0.495653,1
3350,236.203,0,0,0.215439,0.00179162,0.0538,-0.879113,0,0,0,0.00227313,0.0545992,-0.0414769,0.634385,0.495653,1
3360,222.91,0,0,0.217149,0.00179162,0.0538,-0.878032,0,0,0,0.00255537,0.0546536,-0.0398213,0.634385,0.495653,1
3370,217.142,0,0,0.219143,0.00179162,0.0538,-0.876942,0,0,0,0.00266322,0.0543162,-0.0382031,0.634168,0.495752,1
3380,216.548,0,0,0.221284,0.00179162,0.0538,-0.875842,0,0,0,0.00214856,0.0540672,-0.0370716,0.63375,0.49596,1
3390,230.359,0,0,0.223189,0.00179162,0.0538,-0.874731,0,0,0,0.00150631,0.0542185,-0.036404,0.633104,0.496302,1
3400,248.834,0,0,0.224553,0.00179162,0.0538,-0.873612,0,0,0,0.00136538,0.0546017,-0.0357009,0.63258,0.496596,1
3410,254.455,0,0,0.225601,0.00179162,0.0538,-0.872486,0,0,0,0.00154895,0.0548609,-0.0346312,0.632168,0.496844,1
3420,257.369,0,0,0.22657,0.00179162,0.0538,-0.871356,0,0,0,0.00165036,0.0547477,-0.0335182,0.631745,0.497117,1
3430,268.39,0,0,0.227374,0.00179162,0.0538,-0.870221,0,0,0,0.00172856,0.0542793,-0.0330178,0.631526,0.49727,1
3440,261.808,0,0,0.228061,0.00179162,0.0538,-0.869083,0,0,0,0.0017091,0.0536815,-0.0332591,0.631526,0.49727,1
3450,245.763,0,0,0.229155,0.00179162,0.0538,-0.86794,0,0,0,0.00143846,0.053253,-0.0337215,0.631526,0.49727,1
3460,241.709,0,0,0.230516,0.00179162,0.0538,-0.866792,0,0,0,0.00120491,0.0530729,-0.0340281,0.631526,0.49727,1
3470,259.023,0,0,0.23169,0.00179162,0.0538,-0.865636,0,0,0,0.00117662,0.052945,-0.0343477,0.631526,0.49727,1
3480,286.402,0,0,0.232242,0.00179162,0.0538,-0.864476,0,0,0,0.000951546,0.0526535,-0.0349573,0.6315,0.497295,1
3490,298.407,0,0,0.232329,0.00179162,0.0538,-0.863315,0,0,0,0.000518226,0.0521426,-0.0358455,0.631357,0.497434,1
3500,281.413,0,0,0.232522,0.00179162,0.0538,-0.862153,0,0,0,0.000434908,0.0516116,-0.0367202,0.631216,0.497579,1
3510,268.573,0,0,0.233108,0.00179162,0.0538,-0.860989,0,0,0,0.000797304,0.0514542,-0.0372213,0.631108,0.497703,1
3520,274.359,0,0,0.233732,0.00179162,0.0538,-0.859822,0,0,0,0.0010967,0.0519274,-0.0372556,0.631083,0.497751,1
3530,292.66,0,0,0.2341,0.00179162,0.0538,-0.858652,0,0,0,0.0010373,0.0528196,-0.0372538,0.631077,0.497761,1
3540,327.885,0,0,0.233872,0.00179162,0.0538,-0.857482,0,0,0,0.000590188,0.0537675,-0.0376253,0.63101,0.497854,1
3550,338.071,0,0,0.233239,0.00179162,0.0538,-0.856314,0,0,0,-5.57014e-005,0.0546449,-0.0383065,0.630951,0.497953,1
3560,310.519,0,0,0.232788,0.00179162,0.0538,-0.855149,0,0,0,-0.000253632,0.0555674,-0.0390599,0.63093,0.497992,1
3570,281.073,0,0,0.232939,0.00179162,0.0538,-0.853985,0,0,0,0.000482006,0.0564004,-0.0399166,0.630924,0.498004,1
3580,276.893,0,0,0.233441,0.00179162,0.0538,-0.852819,0,0,0,0.00161218,0.056652,-0.0410565,0.63087,0.498115,1
3590,297.287,0,0,0.233702,0.00179162,0.0538,-0.851651,0,0,0,0.00216526,0.0562049,-0.0425087,0.630755,0.498359,1
3600,316.979,0,0,0.233544,0.00179162,0.0538,-0.850483,0,0,0,0.00202171,0.0556521,-0.0441016,0.630684,0.498516,1
3610,340.231,0,0,0.233028,0.00179162,0.0538,-0.849316,0,0,0,0.00176008,0.0553978,-0.0455798,0.630684,0.498516,1
3620,354.418,0,0,0.232197,0.00179162,0.0538,-0.848153,0,0,0,0.00162114,0.0552785,-0.0467769,0.630684,0.498516,1
3630,343.504,0,0,0.231368,0.00179162,0.0538,-0.846994,0,0,0,0.00139111,0.0550146,-0.04772,0.630684,0.498516,1
3640,331.587,0,0,0.230759,0.00179162,0.0538,-0.845839,0,0,0,0.00105903,0.0545157,-0.0485497,0.630684,0.498516,1
3650,324.891,0,0,0.23024,0.00179162,0.0538,-0.844686,0,0,0,0.0006181,0.0538336,-0.0494479,0.630684,0.498516,1
3660,289.85,0,0,0.230114,0.00179162,0.0538,-0.843535,0,0,0,4.5933e-005,0.0532372,-0.0503807,0.630684,0.498516,1
3670,261.636,0,0,0.230705,0.00179162,0.0538,-0.842384,0,0,0,-0.000334731,0.0530755,-0.0512577,0.630684,0.498516,1
3680,249.831,0,0,0.231724,0.00179162,0.0538,-0.841228,0,0,0,-0.000308516,0.0534708,-0.052114,0.630684,0.498516,1
3690,238.76,0,0,0.233092,0.00179162,0.0538,-0.840066,0,0,0,-0.000536597,0.0541444,-0.0530143,0.630684,0.498516,1
3700,241.003,0,0,0.234557,0.00179162,0.0538,-0.838898,0,0,0,-0.00149966,0.0547607,-0.0537153,0.630684,0.498516,1
3710,232.359,0,0,0.236113,0.00179162,0.0538,-0.837721,0,0,0,-0.00246459,0.0552413,-0.0541038,0.630684,0.498516,1
3720,233.224,0,0,0.237898,0.00179162,0.0538,-0.836537,0,0,0,-0.00251335,0.055584,-0.0542428,0.630684,0.498516,1
3730,254.545,0,0,0.239247,0.00179162,0.0538,-0.835344,0,0,0,-0.00185011,0.0556472,-0.0540975,0.630684,0.498516,1
3740,266.174,0,0,0.240125,0.00179162,0.0538,-0.834146,0,0,0,-0.00109425,0.0554422,-0.0535629,0.630684,0.498516,1
3750,287.78,0,0,0.240647,0.00179162,0.0538,-0.832944,0,0,0,-0.000548452,0.0554278,-0.0530231,0.630684,0.498516,1
3760,313.149,0,0,0.240578,0.00179162,0.0538,-0.83174,0,0,0,-0.000323019,0.0559508,-0.05301,0.630684,0.498516,1
3770,312.76,0,0,0.240313,0.00179162,0.0538,-0.830538,0,0,0,-0.000342434,0.0567354,-0.0537115,0.630684,0.498516,1
3780,317.425,0,0,0.240033,0.00179162,0.0538,-0.829337,0,0,0,-0.000112197,0.0571688,-0.0547339,0.630684,0.498516,1
3790,318.627,0,0,0.239675,0.00179162,0.0538,-0.828138,0,0,0,0.00065023,0.0569228,-0.0557313,0.630684,0.498516,1
3800,302.882,0,0,0.239455,0.00179162,0.0538,-0.82694,0,0,0,0.00143189,0.0559462,-0.0567396,0.630684,0.498516,1
3810,283.42,0,0,0.239636,0.00179162,0.0538,-0.825743,0,0,0,0.00164236,0.0547356,-0.0578591,0.630684,0.498516,1
3820,269.412,0,0,0.240165,0.00179162,0.0538,-0.824543,0,0,0,0.00152058,0.0540332,-0.0587457,0.630344,0.498841,1
3830,267.517,0,0,0.240926,0.00179162,0.0538,-0.823341,0,0,0,0.00161176,0.054143,-0.0591781,0.62995,0.499217,1
3840,303.135,0,0,0.241281,0.00179162,0.0538,-0.822135,0,0,0,0.00166189,0.0546521,-0.0593785,0.629751,0.49939,1
3850,353.519,0,0,0.240708,0.00179162,0.0538,-0.82093,0,0,0,0.00110301,0.0550433,-0.0593617,0.629751,0.49939,1
3860,376.009,0,0,0.239591,0.00179162,0.0538,-0.819728,0,0,0,9.76271e-005,0.0549946,-0.0588027,0.629692,0.499433,1
3870,365.765,0,0,0.238423,0.00179162,0.0538,-0.818533,0,0,0,-0.000795909,0.0547067,-0.0578923,0.629533,0.499538,1
3880,334.146,0,0,0.237588,0.00179162,0.0538,-0.817343,0,0,0,-0.00132553,0.0546553,-0.057424,0.629533,0.499538,1
3890,316.814,0,0,0.237191,0.00179162,0.0538,-0.816156,0,0,0,-0.00123309,0.0550942,-0.0577443,0.629533,0.499538,1
3900,323.92,0,0,0.23681,0.00179162,0.0538,-0.814971,0,0,0,-0.00044095,0.0556856,-0.0584204,0.629533,0.499538,1
3910,318.555,0,0,0.236396,0.00179162,0.0538,-0.813788,0,0,0,0.000398028,0.0560596,-0.0589611,0.629533,0.499538,1
3920,292.941,0,0,0.236285,0.00179162,0.0538,-0.812606,0,0,0,0.000558874,0.0560716,-0.0593784,0.629533,0.499538,1
3930,261.818,0,0,0.236822,0.00179162,0.0538,-0.811424,0,0,0,0.000406446,0.0558138,-0.0597042,0.629533,0.499538,1
3940,241.929,0,0,0.238021,0.00179162,0.0538,-0.810238,0,0,0,0.000537687,0.0553222,-0.059775,0.629533,0.499538,1
3950,241.368,0,0,0.239516,0.00179162,0.0538,-0.809044,0,0,0,0.000765706,0.0547707,-0.0595478,0.629533,0.499538,1
3960,255.082,0,0,0.240767,0.00179162,0.0538,-0.807843,0,0,0,0.000754458,0.0543408,-0.0592385,0.629533,0.499538,1
3970,278.057,0,0,0.241518,0.00179162,0.0538,-0.806638,0,0,0,0.000792345,0.0542446,-0.0587727,0.629533,0.499538,1
3980,306.878,0,0,0.241655,0.00179162,0.0538,-0.80543,0,0,0,0.000906394,0.0544186,-0.057918,0.629533,0.499538,1
3990,332.45,0,0,0.241237,0.00179162,0.0538,-0.804222,0,0,0,0.000772959,0.0548352,-0.0568888,0.629163,0.49986,1
4000,329.507,0,0,0.24063,0.00179162,0.0538,-0.803017,0,0,0,0.000473594,0.0554399,-0.0563298,0.628163,0.499827,1
4010,306.722,0,0,0.240281,0.00179162,0.0538,-0.801815,0,0,0,0.000480605,0.0559765,-0.0563493,0.627296,0.499827,1
4020,287.185,0,0,0.240409,0.00179162,0.0538,-0.800614,0,0,0,0.000762615,0.0560291,-0.0564622,0.626959,0.499779,1
4030,283.29,0,0,0.240704,0.00179162,0.0538,-0.799411,0,0,0,0.000988663,0.0558338,-0.0563526,0.626959,0.499779,1
4040,265.212,0,0,0.24129,0.00179162,0.0538,-0.798206,0,0,0,0.00115944,0.0557913,-0.0561707,0.626937,0.499965,1
4050,257.6,0,0,0.242228,0.00179162,0.0538,-0.796998,0,0,0,0.00150163,0.0558705,-0.0559919,0.627299,0.50034,1
4060,266.623,0,0,0.243108,0.00179162,0.0538,-0.795785,0,0,0,0.00187166,0.0556921,-0.0557129,0.627826,0.500628,1
4070,274.545,0,0,0.243748,0.00179162,0.0538,-0.794567,0,0,0,0.00199799,0.0551884,-0.0554405,0.628502,0.500856,1
4080,282.209,0,0,0.244208,0.00179162,0.0538,-0.793348,0,0,0,0.0016358,0.0544318,-0.0554224,0.628971,0.5009,1
4090,286.527,0,0,0.244523,0.00179162,0.0538,-0.792126,0,0,0,0.000832051,0.0537538,-0.055656,0.62945,0.500859,1
4100,287.393,0,0,0.24481,0.00179162,0.0538,-0.790903,0,0,0,-5.65469e-005,0.0535288,-0.0558168,0.629731,0.50078,1
4110,301.719,0,0,0.244938,0.00179162,0.0538,-0.789678,0,0,0,-0.000411863,0.0539346,-0.0559169,0.629958,0.500679,1
4120,328.068,0,0,0.244622,0.00179162,0.0538,-0.788454,0,0,0,-1.92922e-005,0.054556,-0.0562816,0.630229,0.500491,1
4130,333.045,0,0,0.244021,0.00179162,0.0538,-0.787232,0,0,0,0.000610797,0.0550592,-0.0570115,0.630413,0.500404,1
4140,332.08,0,0,0.243418,0.00179162,0.0538,-0.786013,0,0,0,0.000741777,0.0553847,-0.057785,0.630608,0.500346,1
4150,311.302,0,0,0.242994,0.00179162,0.0538,-0.784797,0,0,0,0.000184968,0.0556565,-0.0585291,0.630913,0.500292,1
4160,283.689,0,0,0.243079,0.00179162,0.0538,-0.783582,0,0,0,-0.000708628,0.0557381,-0.0593584,0.631461,0.50016,1
4170,261.331,0,0,0.243744,0.00179162,0.0538,-0.782366,0,0,0,-0.00147631,0.0556651,-0.0601624,0.632069,0.499976,1
4180,252.2,0,0,0.244794,0.00179162,0.0538,-0.781145,0,0,0,-0.001818,0.055695,-0.060563,0.632676,0.499757,1
4190,250.975,0,0,0.246004,0.00179162,0.0538,-0.779918,0,0,0,-0.00177124,0.0561474,-0.060579,0.633102,0.499582,1
4200,258.466,0,0,0.247091,0.00179162,0.0538,-0.778686,0,0,0,-0.00159966,0.0568498,-0.0603767,0.633314,0.499513,1
4210,279.635,0,0,0.247835,0.00179162,0.0538,-0.777448,0,0,0,-0.00156861,0.05743,-0.0600392,0.633447,0.499476,1
4220,311.781,0,0,0.247871,0.00179162,0.0538,-0.776209,0,0,0,-0.00157249,0.0574772,-0.0596583,0.633584,0.49942,1
4230,312.918,0,0,0.247569,0.00179162,0.0538,-0.77497,0,0,0,-0.0012244,0.0569299,-0.0595951,0.633832,0.499303,1
4240,289.606,0,0,0.24754,0.00179162,0.0538,-0.773732,0,0,0,-0.000432143,0.0560962,-0.059856,0.634219,0.499104,1
4250,264.541,0,0,0.24813,0.00179162,0.0538,-0.772494,0,0,0,0.000372038,0.0556155,-0.0597969,0.634468,0.498961,1
4260,262.802,0,0,0.249013,0.00179162,0.0538,-0.771251,0,0,0,0.000921592,0.0555918,-0.0588052,0.634468,0.498961,1
4270,267.897,0,0,0.249832,0.00179162,0.0538,-0.770004,0,0,0,0.00105032,0.0555505,-0.0572044,0.634468,0.498961,1
4280,272.54,0,0,0.250529,0.00179162,0.0538,-0.768753,0,0,0,0.0006566,0.0550532,-0.0557888,0.634468,0.498961,1
4290,302.002,0,0,0.250822,0.00179162,0.0538,-0.7675,0,0,0,-2.88585e-005,0.0541882,-0.0547579,0.634468,0.498961,1
4300,325.982,0,0,0.25049,0.00179162,0.0538,-0.766246,0,0,0,-0.000436807,0.0532671,-0.0535817,0.634468,0.498961,1
4310,329.618,0,0,0.249931,0.00179162,0.0538,-0.764995,0,0,0,-0.00067643,0.0528241,-0.051945,0.634468,0.498961,1
4320,334.055,0,0,0.24935,0.00179162,0.0538,-0.763747,0,0,0,-0.00106009,0.0532923,-0.0500573,0.634468,0.498961,1
4330,346.041,0,0,0.248609,0.00179162,0.0538,-0.762501,0,0,0,-0.0013502,0.054575,-0.0482089,0.634468,0.498961,1
4340,347.951,0,0,0.247736,0.00179162,0.0538,-0.76126,0,0,0,-0.00114564,0.0559295,-0.0466375,0.634702,0.498877,1
4350,327.375,0,0,0.247046,0.00179162,0.0538,-0.760023,0,0,0,-0.000807447,0.0566465,-0.0455505,0.635154,0.498709,1
4360,311.13,0,0,0.246719,0.00179162,0.0538,-0.758789,0,0,0,-0.000804724,0.0566937,-0.0446968,0.635837,0.498471,1
4370,318.554,0,0,0.246441,0.00179162,0.0538,-0.757556,0,0,0,-0.00119564,0.0564447,-0.043391,0.636458,0.498269,1
4380,328.72,0,0,0.245979,0.00179162,0.0538,-0.756325,0,0,0,-0.00162363,0.0561632,-0.041432,0.636886,0.498142,1
4390,340.752,0,0,0.245334,0.00179162,0.0538,-0.755096,0,0,0,-0.00174691,0.0557489,-0.0394543,0.637303,0.498032,1
4400,346.493,0,0,0.244525,0.00179162,0.0538,-0.753871,0,0,0,-0.00135691,0.0552444,-0.0379654,0.637909,0.497881,1
4410,312.4,0,0,0.243937,0.00179162,0.0538,-0.75265,0,0,0,-0.000483009,0.0547273,-0.0366592,0.638685,0.497683,1
4420,260.199,0,0,0.244341,0.00179162,0.0538,-0.75143,0,0,0,0.000609662,0.0542845,-0.0349824,0.639177,0.497555,1
4430,238.061,0,0,0.245711,0.00179162,0.0538,-0.750206,0,0,0,0.0012703,0.0540159,-0.0331936,0.639177,0.497555,1
4440,250.757,0,0,0.247168,0.00179162,0.0538,-0.748974,0,0,0,0.00101292,0.0542012,-0.0321502,0.639177,0.497555,1
4450,287.646,0,0,0.247893,0.00179162,0.0538,-0.747736,0,0,0,0.000118907,0.0545868,-0.0321651,0.639177,0.497555,1
4460,324.111,0,0,0.247683,0.00179162,0.0538,-0.746496,0,0,0,-0.000817618,0.0547469,-0.0326859,0.639561,0.497457,1
4470,313.986,0,0,0.247261,0.00179162,0.0538,-0.745259,0,0,0,-0.00174166,0.0546059,-0.0332246,0.640159,0.497319,1
4480,285.464,0,0,0.247301,0.00179162,0.0538,-0.744023,0,0,0,-0.00256117,0.0544984,-0.0336261,0.640998,0.49714,1
4490,270.349,0,0,0.247828,0.00179162,0.0538,-0.742785,0,0,0,-0.00272504,0.0543506,-0.0338397,0.641675,0.497008,1
4500,266.555,0,0,0.248589,0.00179162,0.0538,-0.741545,0,0,0,-0.00206597,0.0539904,-0.034045,0.641794,0.496988,1
4510,264.515,0,0,0.249379,0.00179162,0.0538,-0.7403,0,0,0,-0.00106385,0.0533025,-0.0348407,0.64195,0.496968,1
4520,260.198,0,0,0.250278,0.00179162,0.0538,-0.739051,0,0,0,-2.61337e-005,0.0528465,-0.0364019,0.642264,0.496926,1
4530,254.884,0,0,0.251331,0.00179162,0.0538,-0.737797,0,0,0,0.000966212,0.0529384,-0.0379328,0.642385,0.496901,1
4540,258.14,0,0,0.252397,0.00179162,0.0538,-0.736538,0,0,0,0.00152699,0.0535313,-0.0386365,0.642385,0.496901,1
4550,265.836,0,0,0.253332,0.00179162,0.0538,-0.735274,0,0,0,0.00157399,0.0543085,-0.0390731,0.642385,0.496901,1
4560,287.322,0,0,0.253856,0.00179162,0.0538,-0.734006,0,0,0,0.00149,0.0552867,-0.0403409,0.642385,0.496901,1
4570,295.497,0,0,0.253982,0.00179162,0.0538,-0.732736,0,0,0,0.00116552,0.0560661,-0.0423675,0.642385,0.496901,1
4580,282.958,0,0,0.254217,0.00179162,0.0538,-0.731466,0,0,0,0.000231438,0.0564241,-0.044046,0.642385,0.496901,1
4590,271.764,0,0,0.254775,0.00179162,0.0538,-0.730194,0,0,0,-0.000794165,0.0565567,-0.0447931,0.642385,0.496901,1
4600,281.68,0,0,0.255349,0.00179162,0.0538,-0.728919,0,0,0,-0.00104097,0.0568045,-0.0446715,0.642385,0.496901,1
4610,299.349,0,0,0.25553,0.00179162,0.0538,-0.727641,0,0,0,-0.000483722,0.0568312,-0.0439298,0.642385,0.496901,1
4620,318.749,0,0,0.255337,0.00179162,0.0538,-0.726364,0,0,0,0.00036007,0.0564076,-0.0430816,0.642385,0.496901,1
4630,332.969,0,0,0.254797,0.00179162,0.0538,-0.725088,0,0,0,0.00117684,0.0556652,-0.0429043,0.642385,0.496901,1
4640,324.581,0,0,0.254204,0.00179162,0.0538,-0.723816,0,0,0,0.00171499,0.054914,-0.0435445,0.642385,0.496901,1
4650,300.224,0,0,0.253989,0.00179162,0.0538,-0.722545,0,0,0,0.00176288,0.0541831,-0.0442983,0.642385,0.496901,1
4660,276.46,0,0,0.254263,0.00179162,0.0538,-0.721275,0,0,0,0.00134327,0.053556,-0.0446054,0.642385,0.496901,1
4670,250.703,0,0,0.25519,0.00179162,0.0538,-0.720002,0,0,0,0.000662578,0.053124,-0.0448247,0.642405,0.496906,1
4680,227.464,0,0,0.256905,0.00179162,0.0538,-0.718722,0,0,0,2.09845e-006,0.0529435,-0.0454951,0.642411,0.496905,1
4690,222.348,0,0,0.259093,0.00179162,0.0538,-0.717433,0,0,0,-7.6075e-005,0.0530701,-0.0465102,0.642411,0.496905,1
4700,216.362,0,0,0.261503,0.00179162,0.0538,-0.716132,0,0,0,0.000747388,0.0535271,-0.0474566,0.642411,0.496905,1
4710,225.554,0,0,0.263929,0.00179162,0.0538,-0.714819,0,0,0,0.00208991,0.0541974,-0.0483219,0.642411,0.496905,1
4720,254.792,0,0,0.265529,0.00179162,0.0538,-0.713495,0,0,0,0.00327359,0.0547295,-0.049242,0.642411,0.496905,1
4730,270.975,0,0,0.266426,0.00179162,0.0538,-0.712166,0,0,0,0.00419089,0.0548942,-0.0501175,0.642411,0.496905,1
4740,287.19,0,0,0.266912,0.00179162,0.0538,-0.710832,0,0,0,0.00462636,0.0546676,-0.0508829,0.642411,0.496905,1
4750,306.066,0,0,0.266958,0.00179162,0.0538,-0.709497,0,0,0,0.0041103,0.0546871,-0.051687,0.642411,0.496905,1
4760,305.02,0,0,0.266799,0.00179162,0.0538,-0.708163,0,0,0,0.0026478,0.0553404,-0.0523883,0.642411,0.496905,1
4770,302.838,0,0,0.266734,0.00179162,0.0538,-0.706829,0,0,0,0.000985191,0.0564179,-0.0525178,0.642411,0.496905,1
4780,306.169,0,0,0.266625,0.00179162,0.0538,-0.705496,0,0,0,-0.000476316,0.0571613,-0.0521648,0.642411,0.496905,1
4790,288.568,0,0,0.266644,0.00179162,0.0538,-0.704163,0,0,0,-0.00148092,0.0574367,-0.0520023,0.642411,0.496905,1
4800,271.276,0,0,0.267224,0.00179162,0.0538,-0.702828,0,0,0,-0.00163987,0.0573354,-0.0521216,0.642588,0.496761,1
4810,283.123,0,0,0.267779,0.00179162,0.0538,-0.701491,0,0,0,-0.000825422,0.0571273,-0.0518649,0.642661,0.49671,1
4820,295.054,0,0,0.267999,0.00179162,0.0538,-0.700151,0,0,0,0.000254562,0.0566529,-0.0510903,0.642784,0.496647,1
4830,278.276,0,0,0.268254,0.00179162,0.0538,-0.698811,0,0,0,0.000846734,0.0559305,-0.0503326,0.642784,0.496647,1
4840,256.577,0,0,0.269185,0.00179162,0.0538,-0.697468,0,0,0,0.000715182,0.0550903,-0.0498983,0.642784,0.496647,1
4850,271.904,0,0,0.270131,0.00179162,0.0538,-0.69612,0,0,0,0.000132931,0.0545108,-0.0495956,0.642784,0.496647,1
4860,295.25,0,0,0.270512,0.00179162,0.0538,-0.694768,0,0,0,-0.000408344,0.053886,-0.0493029,0.642784,0.496647,1
4870,329.433,0,0,0.270211,0.00179162,0.0538,-0.693416,0,0,0,-0.000583636,0.0530533,-0.0489998,0.642784,0.496647,1
4880,338.1,0,0,0.269467,0.00179162,0.0538,-0.692066,0,0,0,-0.000582278,0.0520087,-0.0486047,0.642784,0.496647,1
4890,314.445,0,0,0.268916,0.00179162,0.0538,-0.69072,0,0,0,-0.000923893,0.0511521,-0.0481043,0.642784,0.496647,1
4900,305.702,0,0,0.268778,0.00179162,0.0538,-0.689376,0,0,0,-0.0015706,0.0506943,-0.0478891,0.642946,0.496508,1
4910,313.827,0,0,0.268546,0.00179162,0.0538,-0.688033,0,0,0,-0.00178909,0.0510561,-0.0482398,0.643486,0.496013,1
4920,305.131,0,0,0.268295,0.00179162,0.0538,-0.686691,0,0,0,-0.00116996,0.0521823,-0.0486839,0.643831,0.495692,1
4930,290.189,0,0,0.268424,0.00179162,0.0538,-0.685349,0,0,0,-0.000287267,0.0536967,-0.0484185,0.643831,0.495692,1
4940,302.935,0,0,0.268502,0.00179162,0.0538,-0.684007,0,0,0,0.000263611,0.0547929,-0.0474989,0.643831,0.495692,1
4950,306.378,0,0,0.268372,0.00179162,0.0538,-0.682664,0,0,0,0.000428317,0.0552757,-0.0467743,0.643831,0.495692,1
4960,315.09,0,0,0.268176,0.00179162,0.0538,-0.681323,0,0,0,0.000305114,0.0554666,-0.046625,0.643831,0.495692,1
4970,334.064,0,0,0.267639,0.00179162,0.0538,-0.679983,0,0,0,-0.000325557,0.0558025,-0.0466722,0.643831,0.495692,1
4980,340.957,0,0,0.266867,0.00179162,0.0538,-0.678647,0,0,0,-0.00128474,0.0560385,-0.0465901,0.643831,0.495692,1
4990,331.235,0,0,0.266157,0.00179162,0.0538,-0.677314,0,0,0,-0.00209198,0.0559778,-0.0462899,0.643743,0.495529,1
