step,rz,Epot,Epot00,prob_atom_crd[2],prob_atom_f[2],target_crd[2],BondedTermsEnergy,NonBondedTermsEnergy,BondStretchEnergy,AngleStretchEnergy,TorsionEnergy,OutOfPlaneEnergy,DispersionEnergy,ElectrostaticEnergy,NonBondedEnergyC,NonBondedEnergyD
0,-0.704282,-3446.03,0,-0.638821,0.0954691,0.0654611,-3982.23,536.203,96.0804,253.334,-4941.52,609.87,536.028,0.175132,0,0
1,-0.691505,-3446.27,-0.241483,-0.626044,2.29007,0.0654611,-3982.23,535.956,96.0806,253.341,-4941.52,609.869,535.781,0.175144,0,0
2,-0.678729,-3446.22,-0.188525,-0.613268,5.84569,0.0654611,-3982.22,536.004,96.0809,253.347,-4941.52,609.867,535.828,0.175156,0,0
3,-0.665953,-3446.13,-0.0967413,-0.600491,8.319,0.0654611,-3982.22,536.089,96.0812,253.355,-4941.52,609.865,535.914,0.17517,0,0
4,-0.653176,-3445.88,0.15063,-0.587715,8.37437,0.0654611,-3982.21,536.33,96.0815,253.362,-4941.52,609.863,536.155,0.175182,0,0
5,-0.6404,-3445.52,0.515143,-0.574939,6.11351,0.0654611,-3982.2,536.689,96.0819,253.369,-4941.52,609.862,536.514,0.175193,0,0
6,-0.627623,-3445.32,0.711254,-0.562162,4.04824,0.0654611,-3982.2,536.88,96.0822,253.376,-4941.52,609.86,536.704,0.175203,0,0
7,-0.614847,-3445.28,0.752735,-0.549386,2.33056,0.0654611,-3982.19,536.917,96.0825,253.381,-4941.52,609.859,536.741,0.175211,0,0
8,-0.602071,-3445.26,0.768839,-0.536609,0.152949,0.0654611,-3982.19,536.929,96.0827,253.385,-4941.52,609.858,536.754,0.175217,0,0
9,-0.589294,-3445.27,0.756728,-0.523833,-2.0048,0.0654611,-3982.19,536.915,96.0829,253.387,-4941.52,609.857,536.74,0.175221,0,0
10,-0.576518,-3445.31,0.719731,-0.511057,-3.66668,0.0654611,-3982.19,536.877,96.0829,253.388,-4941.52,609.857,536.702,0.175222,0,0
11,-0.563741,-3445.64,0.39251,-0.49828,-6.84928,0.0654611,-3982.19,536.55,96.0829,253.389,-4941.52,609.857,536.374,0.175223,0,0
12,-0.550965,-3445.73,0.304786,-0.485504,-6.66928,0.0654611,-3982.19,536.462,96.0829,253.389,-4941.52,609.857,536.286,0.175224,0,0
13,-0.538188,-3446.09,-0.0564469,-0.472727,-7.52114,0.0654611,-3982.19,536.1,96.0829,253.389,-4941.52,609.857,535.925,0.175224,0,0
14,-0.525412,-3446.17,-0.137583,-0.459951,-4.98427,0.0654611,-3982.19,536.018,96.083,253.39,-4941.52,609.856,535.843,0.175224,0,0
15,-0.512636,-3446.22,-0.187675,-0.447175,-1.47987,0.0654611,-3982.2,535.985,96.0784,253.369,-4941.48,609.826,535.809,0.175288,0,0
16,-0.499859,-3445.96,0.0716923,-0.434398,0.534469,0.0654611,-3982.2,536.244,96.0786,253.37,-4941.48,609.825,536.069,0.175284,0,0
17,-0.487083,-3445.83,0.205058,-0.421622,1.63382,0.0654611,-3982.2,536.378,96.0795,253.374,-4941.48,609.824,536.202,0.175264,0,0
18,-0.474306,-3446.26,-0.226755,-0.408845,1.30742,0.0654611,-3982.2,535.946,96.081,253.38,-4941.49,609.821,535.771,0.175235,0,0
19,-0.46153,-3446.22,-0.190292,-0.396069,4.2247,0.0654611,-3982.2,535.983,96.0825,253.387,-4941.49,609.818,535.808,0.175203,0,0
20,-0.448754,-3446.15,-0.123868,-0.383292,5.95808,0.0654611,-3982.2,536.05,96.0841,253.394,-4941.5,609.815,535.875,0.175169,0,0
21,-0.435977,-3446.21,-0.180811,-0.370516,5.3406,0.0654611,-3982.21,535.994,96.0858,253.401,-4941.5,609.812,535.819,0.175135,0,0
22,-0.423201,-3445.78,0.253476,-0.35774,1.13393,0.0654611,-3982.21,536.429,96.0874,253.408,-4941.51,609.809,536.254,0.175105,0,0
23,-0.410424,-3445.65,0.377505,-0.344963,-1.6018,0.0654611,-3982.21,536.553,96.0886,253.413,-4941.51,609.807,536.378,0.175082,0,0
24,-0.397648,-3445.69,0.343331,-0.332187,-3.81904,0.0654611,-3982.21,536.519,96.0895,253.417,-4941.52,609.805,536.344,0.175064,0,0
25,-0.384872,-3445.75,0.279364,-0.31941,-6.16163,0.0654611,-3982.21,536.456,96.09,253.419,-4941.52,609.804,536.28,0.175053,0,0
26,-0.372095,-3445.84,0.188287,-0.306634,-7.93463,0.0654611,-3982.21,536.365,96.0903,253.42,-4941.52,609.804,536.189,0.175049,0,0
27,-0.359319,-3446.09,-0.0555535,-0.293858,-9.51881,0.0654611,-3982.21,536.121,96.0904,253.42,-4941.52,609.803,535.946,0.175048,0,0
28,-0.346542,-3446.34,-0.309279,-0.281081,-8.67054,0.0654611,-3982.21,535.867,96.0905,253.421,-4941.52,609.803,535.692,0.175044,0,0
29,-0.333766,-3446.55,-0.5217,-0.268305,-3.62544,0.0654611,-3982.21,535.655,96.0907,253.422,-4941.52,609.803,535.48,0.175041,0,0
30,-0.320989,-3446.67,-0.639265,-0.255528,8.08768,0.0654611,-3982.21,535.537,96.0908,253.422,-4941.52,609.803,535.362,0.17504,0,0
31,-0.308213,-3446.45,-0.419489,-0.242752,30.5977,0.0654611,-3981.64,535.187,95.9713,254.278,-4941.74,609.853,535.024,0.162954,0,0
32,-0.295437,-3445.82,0.214247,-0.229975,72.6307,0.0654611,-3981.64,535.82,95.9714,254.278,-4941.74,609.853,535.657,0.162954,0,0
33,-0.28266,-3444.08,1.94871,-0.217199,144.056,0.0654611,-3981.63,537.552,95.974,254.279,-4941.74,609.852,537.39,0.162927,0,0
34,-0.269884,-3441.63,4.3968,-0.204423,273.967,0.0654611,-3981.63,539.995,95.98,254.282,-4941.74,609.85,539.832,0.162862,0,0
35,-0.257107,-3437.04,8.99169,-0.191646,510.839,0.0654611,-3981.62,544.579,95.993,254.287,-4941.74,609.847,544.416,0.162721,0,0
36,-0.244331,-3428.02,18.0114,-0.17887,944.085,0.0654611,-3981.59,553.575,96.0195,254.297,-4941.75,609.84,553.412,0.162434,0,0
37,-0.231555,-3411.41,34.624,-0.166093,1736.03,0.0654611,-3981.55,570.139,96.0721,254.317,-4941.76,609.826,569.977,0.161875,0,0
38,-0.218778,-3381.08,64.9536,-0.153317,3192.65,0.0654611,-3981.44,600.366,96.1827,254.359,-4941.78,609.798,600.205,0.160749,0,0
39,-0.206002,-3324.45,121.583,-0.140541,5885.33,0.0654611,-3981.22,656.773,96.4106,254.444,-4941.82,609.748,656.615,0.158611,0,0
40,-0.193225,-3220.61,225.421,-0.127764,10878.2,0.0654611,-3980.68,760.074,96.9291,254.632,-4941.9,609.651,759.92,0.154399,0,0
41,-0.180449,-3028.73,417.304,-0.114988,20086.3,0.0654611,-3979.23,950.501,98.2318,255.086,-4942.02,609.473,950.355,0.146026,0,0
42,-0.167672,-2675.12,770.909,-0.102211,36849.8,0.0654611,-3974.79,1299.67,101.91,256.31,-4942.18,609.168,1299.54,0.129239,0,0
43,-0.154896,-2032.63,1413.4,-0.0894349,66515.5,0.0654611,-3959.91,1927.28,113.486,260.005,-4942.15,608.753,1927.18,0.0953632,0,0
44,-0.14212,-890.049,2555.98,-0.0766585,116155,0.0654611,-3907.55,3017.5,152.558,272.072,-4940.84,608.661,3017.48,0.0270034,0,0
45,-0.129343,1044.44,4490.47,-0.0638821,190646,0.0654611,-3724.91,4769.34,285.743,312.215,-4933.89,611.023,4769.45,-0.108503,0,0
46,-0.116567,4053.18,7499.21,-0.0511057,281278,0.0654611,-3152.56,7205.74,699.218,434.107,-4908.52,622.632,7206.09,-0.354277,0,0
47,-0.10379,8167.04,11613.1,-0.0383292,356765,0.0654611,-1765.9,9932.94,1701.34,721.454,-4843.84,655.142,9933.65,-0.702588,0,0
48,-0.091014,12974.5,16420.5,-0.0255528,386608,0.0654611,567.487,12407,3398.51,1190.28,-4733.79,712.478,12408.1,-1.03469,0,0
49,-0.0782376,17840.5,21286.5,-0.0127764,366991,0.0654611,3389.24,14451.3,5469.61,1738.07,-4601.17,782.727,14452.6,-1.33641,0,0
50,-0.0654611,22197.6,25643.6,0,307966,0.0654611,6060.45,16137.2,7448.18,2239.97,-4477.03,849.328,16138.7,-1.5583,0,0
51,-0.0526847,25599,29045,0.0127764,218686,0.0654611,8115.86,17483.1,8982.11,2616.25,-4382.93,900.433,17484.8,-1.6925,0,0
52,-0.0399083,-3040.13,405.904,0.0255528,1182.68,0.0654611,-3758.51,718.386,146.401,349.297,-4873.92,619.706,718.807,-0.421282,0,0
53,-0.0271319,-3028.26,417.767,0.0383292,641.93,0.0654611,-3761.25,732.986,151.507,343.172,-4872.22,616.286,733.368,-0.382361,0,0
54,-0.0143555,-3024.77,421.259,0.0511057,-278.639,0.0654611,-3776.43,751.657,159.981,331.119,-4877.15,609.625,752.037,-0.380251,0,0
55,-0.00157907,-3037.43,408.605,0.0638821,-1709.56,0.0654611,-3810.85,773.42,171.814,301.731,-4887.99,603.601,773.547,-0.127285,0,0
56,0.0111973,-3065.13,380.901,0.0766585,-2549.27,0.0654611,-3835.35,770.219,170.908,285.142,-4894.78,603.383,769.994,0.225492,0,0
57,0.0239738,-3111.41,334.622,0.0894349,-2690.66,0.0654611,-3822.42,711.011,164.256,292.109,-4883.18,604.393,710.183,0.827815,0,0
58,0.0367502,-3151.02,295.008,0.102211,-3006.47,0.0654611,-3855.47,704.448,157.263,280.268,-4898.02,605.02,703.708,0.739557,0,0
59,0.0495266,-3189.49,256.543,0.114988,-3044.4,0.0654611,-3879.65,690.164,149.152,271.712,-4905.1,604.589,689.428,0.735897,0,0
60,0.062303,-3228.05,217.98,0.127764,-2955.11,0.0654611,-3902.25,674.198,141.105,263.765,-4911.52,604.397,673.51,0.687952,0,0
61,0.0750794,-3264.5,181.529,0.140541,-2764.39,0.0654611,-3922.73,658.232,133.478,256.666,-4917.25,604.375,657.625,0.607153,0,0
62,0.0878558,-3107.88,338.147,0.153317,-11888.3,0.0654611,-3915.78,807.893,141.967,265.427,-4925.07,601.901,807.303,0.589912,0,0
63,0.100632,-3327.5,118.528,0.166093,-2219.92,0.0654611,-3955.96,628.455,120.75,245.551,-4926.98,604.723,628.048,0.407682,0,0
64,0.113409,-3353.87,92.1568,0.17887,-1913.81,0.0654611,-3967.75,613.879,115.628,242.298,-4930.82,605.139,613.553,0.325523,0,0
65,0.126185,-3376.32,69.7151,0.191646,-1611.25,0.0654611,-3975.92,599.601,111.193,240.888,-4933.76,605.762,599.318,0.283222,0,0
66,0.138961,-3395.97,50.0648,0.204423,-1333.24,0.0654611,-3981.61,585.647,107.391,240.694,-4936.18,606.486,585.371,0.276022,0,0
67,0.151738,-3411.58,34.4512,0.217199,-1078.41,0.0654611,-3985.06,573.478,104.305,241.398,-4938.03,607.272,573.21,0.267211,0,0
68,0.164514,-3424.02,22.0126,0.229975,-846.559,0.0654611,-3986.83,562.817,101.767,242.834,-4939.45,608.01,562.57,0.246925,0,0
69,0.177291,-3433.85,12.1769,0.242752,-577.935,0.0654611,-3986.7,552.85,99.7994,245.308,-4940.28,608.468,552.623,0.226399,0,0
70,0.190067,-3439.51,6.5206,0.255528,-371.768,0.0654611,-3985.8,546.293,98.4604,247.687,-4940.83,608.881,546.083,0.210341,0,0
71,0.202844,-3442.67,3.3593,0.268305,-226.799,0.0654611,-3984.75,542.074,97.5428,249.689,-4941.18,609.198,541.876,0.198441,0,0
72,0.21562,-3444.67,1.36524,0.281081,-118.249,0.0654611,-3984.75,540.08,97.5436,249.69,-4941.18,609.198,539.882,0.198442,0,0
73,0.228396,-3445.76,0.274329,0.293858,-58.6366,0.0654611,-3984.74,538.989,97.5455,249.693,-4941.18,609.196,538.79,0.198445,0,0
74,0.241173,-3446.28,-0.250557,0.306634,-26.9196,0.0654611,-3984.74,538.463,97.5478,249.697,-4941.18,609.194,538.265,0.198449,0,0
75,0.253949,-3446.51,-0.478328,0.31941,-10.5862,0.0654611,-3984.74,538.235,97.5499,249.7,-4941.19,609.193,538.037,0.198453,0,0
76,0.266726,-3446.59,-0.55579,0.332187,-2.50206,0.0654611,-3984.74,538.157,97.5518,249.703,-4941.19,609.191,537.959,0.198456,0,0
77,0.279502,-3446.59,-0.559517,0.344963,1.47569,0.0654611,-3984.74,538.153,97.5532,249.705,-4941.19,609.19,537.955,0.198459,0,0
78,0.292278,-3446.98,-0.950927,0.35774,0.0173026,0.0654611,-3984.74,537.762,97.5549,249.707,-4941.19,609.189,537.563,0.198463,0,0
79,0.305055,-3447.12,-1.08696,0.370516,0.36593,0.0654611,-3984.74,537.626,97.5554,249.708,-4941.2,609.189,537.427,0.198464,0,0
80,0.317831,-3447.1,-1.07092,0.383292,2.24597,0.0654611,-3984.74,537.642,97.5558,249.709,-4941.2,609.188,537.443,0.198464,0,0
81,0.330608,-3447.06,-1.02668,0.396069,4.79367,0.0654611,-3984.74,537.686,97.556,249.709,-4941.2,609.188,537.487,0.198465,0,0
82,0.343384,-3446.73,-0.699433,0.408845,5.88023,0.0654611,-3984.74,538.013,97.5563,249.709,-4941.2,609.188,537.814,0.198466,0,0
83,0.356161,-3446.64,-0.610063,0.421622,7.17055,0.0654611,-3984.74,538.102,97.5563,249.709,-4941.2,609.188,537.904,0.198466,0,0
84,0.368937,-3446.83,-0.799165,0.434398,6.00085,0.0654611,-3984.74,537.913,97.5565,249.71,-4941.2,609.188,537.715,0.198467,0,0
85,0.381713,-3446.73,-0.703457,0.447175,8.86086,0.0654611,-3984.74,538.009,97.5567,249.71,-4941.2,609.188,537.81,0.198467,0,0
86,0.39449,-3446.61,-0.576512,0.459951,10.8406,0.0654611,-3984.74,538.136,97.5571,249.711,-4941.2,609.187,537.937,0.198468,0,0
87,0.407266,-3446.46,-0.431199,0.472727,11.7104,0.0654611,-3984.74,538.281,97.5575,249.711,-4941.2,609.187,538.083,0.198469,0,0
88,0.420043,-3445.77,0.260811,0.485504,6.28061,0.0654611,-3984.74,538.973,97.5576,249.711,-4941.2,609.187,538.775,0.198469,0,0
89,0.432819,-3445.57,0.457543,0.49828,4.42413,0.0654611,-3984.74,539.17,97.5577,249.711,-4941.2,609.187,538.971,0.19847,0,0
90,0.445595,-3445.53,0.504809,0.511057,2.85438,0.0654611,-3984.74,539.217,97.558,249.712,-4941.2,609.187,539.019,0.198472,0,0
91,0.458372,-3445.69,0.34402,0.523833,0.768799,0.0654611,-3982.12,536.434,96.2237,253.283,-4941.44,609.817,536.258,0.175879,0,0
92,0.471148,-3445.69,0.340287,0.536609,-1.3259,0.0654611,-3982.12,536.431,96.2231,253.284,-4941.44,609.816,536.256,0.175878,0,0
93,0.483925,-3445.72,0.311822,0.549386,-3.02705,0.0654611,-3982.12,536.406,96.221,253.286,-4941.45,609.814,536.23,0.175868,0,0
94,0.496701,-3445.9,0.12753,0.562162,-5.16234,0.0654611,-3982.13,536.227,96.2177,253.289,-4941.45,609.811,536.051,0.175855,0,0
95,0.509478,-3446.25,-0.224411,0.574939,-7.53911,0.0654611,-3982.13,535.88,96.2146,253.291,-4941.45,609.808,535.704,0.175841,0,0
96,0.522254,-3446.49,-0.459641,0.587715,-7.65472,0.0654611,-3982.19,535.696,96.1355,253.313,-4941.49,609.851,535.521,0.175418,0,0
97,0.53503,-3446.57,-0.543869,0.600491,-5.32465,0.0654611,-3982.19,535.613,96.137,253.31,-4941.49,609.851,535.438,0.175402,0,0
98,0.547807,-3446.62,-0.590946,0.613268,-1.88343,0.0654611,-3982.19,535.568,96.1398,253.305,-4941.49,609.851,535.393,0.175374,0,0
99,0.560583,-3446.37,-0.338875,0.626044,0.202964,0.0654611,-3982.19,535.823,96.1431,253.299,-4941.49,609.851,535.648,0.175339,0,0
