step,rz,Epot,Epot00,prob_atom_crd[2],prob_atom_f[2],target_crd[2],BondedTermsEnergy,NonBondedTermsEnergy,BondStretchEnergy,AngleStretchEnergy,TorsionEnergy,OutOfPlaneEnergy,DispersionEnergy,ElectrostaticEnergy,NonBondedEnergyC,NonBondedEnergyD
0,-0.568941,-5197.25,0,-0.639433,0.246902,-0.0704918,-5421.9,224.651,105.955,325.86,-6586.99,733.277,455.105,-230.455,0,0
1,-0.556153,-5197.22,0.0296403,-0.626644,0.526022,-0.0704918,-5421.81,224.59,106.071,325.186,-6586.55,733.487,455.065,-230.476,0,0
2,-0.543364,-5197.21,0.038131,-0.613856,0.801394,-0.0704918,-5421.81,224.598,106.071,325.186,-6586.55,733.487,455.074,-230.476,0,0
3,-0.530575,-5197.2,0.0463111,-0.601067,1.03811,-0.0704918,-5421.81,224.606,106.071,325.186,-6586.55,733.487,455.082,-230.476,0,0
4,-0.517787,-5197.29,-0.0479002,-0.588278,0.488257,-0.0704918,-5421.81,224.512,106.071,325.186,-6586.55,733.487,454.988,-230.476,0,0
5,-0.504998,-5197.29,-0.0405169,-0.57549,0.66456,-0.0704918,-5421.81,224.519,106.071,325.186,-6586.55,733.487,454.995,-230.476,0,0
6,-0.492209,-5197.28,-0.0309465,-0.562701,0.830569,-0.0704918,-5421.81,224.529,106.071,325.186,-6586.55,733.487,455.005,-230.476,0,0
7,-0.479421,-5197.32,-0.0747379,-0.549912,0.54059,-0.0704918,-5421.81,224.485,106.071,325.186,-6586.55,733.487,454.961,-230.476,0,0
8,-0.466632,-5197.21,0.0350509,-0.537124,-0.11768,-0.0704918,-5421.81,224.595,106.071,325.186,-6586.55,733.487,455.071,-230.476,0,0
9,-0.453843,-5197.21,0.0346069,-0.524335,0.0461744,-0.0704918,-5421.81,224.595,106.071,325.186,-6586.55,733.487,455.07,-230.476,0,0
10,-0.441055,-5197.26,-0.0169777,-0.511546,-0.188666,-0.0704918,-5421.81,224.543,106.071,325.186,-6586.55,733.487,455.019,-230.476,0,0
11,-0.428266,-5197.27,-0.0186917,-0.498758,-0.0808746,-0.0704918,-5421.81,224.541,106.071,325.186,-6586.55,733.487,455.017,-230.476,0,0
12,-0.415477,-5197.27,-0.0190795,-0.485969,0.0190928,-0.0704918,-5421.81,224.541,106.071,325.186,-6586.55,733.487,455.017,-230.476,0,0
13,-0.402689,-5197.26,-0.0182297,-0.47318,0.112839,-0.0704918,-5421.81,224.542,106.071,325.186,-6586.55,733.487,455.018,-230.476,0,0
14,-0.3899,-5197.16,0.0827061,-0.460392,-0.535069,-0.0704918,-5421.81,224.643,106.071,325.186,-6586.55,733.487,455.119,-230.476,0,0
15,-0.377111,-5197.17,0.0768411,-0.447603,-0.384369,-0.0704918,-5421.81,224.637,106.071,325.186,-6586.55,733.487,455.113,-230.476,0,0
16,-0.364323,-5197.17,0.0728157,-0.434814,-0.247609,-0.0704918,-5421.81,224.633,106.071,325.186,-6586.55,733.487,455.109,-230.476,0,0
17,-0.351534,-5197.18,0.0704419,-0.422026,-0.126354,-0.0704918,-5421.81,224.63,106.071,325.186,-6586.55,733.487,455.106,-230.476,0,0
18,-0.338745,-5197.18,0.0695103,-0.409237,-0.0223472,-0.0704918,-5421.81,224.629,106.071,325.186,-6586.55,733.487,455.105,-230.476,0,0
19,-0.325957,-5197.18,0.0697905,-0.396448,0.0629574,-0.0704918,-5421.81,224.63,106.071,325.186,-6586.55,733.487,455.106,-230.476,0,0
20,-0.313168,-5197.18,0.0710377,-0.38366,0.128855,-0.0704918,-5421.81,224.631,106.071,325.186,-6586.55,733.487,455.107,-230.476,0,0
21,-0.300379,-5197.28,-0.0372633,-0.370871,-0.648179,-0.0704918,-5421.81,224.523,106.071,325.186,-6586.55,733.487,454.999,-230.476,0,0
22,-0.287591,-5197.29,-0.0458754,-0.358082,-0.702506,-0.0704918,-5421.81,224.514,106.071,325.186,-6586.55,733.487,454.99,-230.476,0,0
23,-0.274802,-5197.3,-0.0553224,-0.345294,-0.778094,-0.0704918,-5421.81,224.505,106.071,325.186,-6586.55,733.487,454.98,-230.476,0,0
24,-0.262013,-5197.31,-0.0658471,-0.332505,-0.870075,-0.0704918,-5421.81,224.494,106.071,325.186,-6586.55,733.487,454.97,-230.476,0,0
25,-0.249225,-5197.22,0.0228624,-0.319717,-1.72188,-0.0704918,-5421.81,224.583,106.071,325.186,-6586.55,733.487,455.059,-230.476,0,0
26,-0.236436,-5197.25,0.000636931,-0.306928,-1.75447,-0.0704918,-5421.81,224.561,106.071,325.186,-6586.55,733.487,455.036,-230.476,0,0
27,-0.223647,-5197.38,-0.134333,-0.294139,-2.6177,-0.0704918,-5421.81,224.426,106.071,325.186,-6586.55,733.487,454.901,-230.476,0,0
28,-0.210859,-5197.42,-0.16846,-0.281351,-2.71708,-0.0704918,-5421.81,224.391,106.071,325.186,-6586.55,733.487,454.867,-230.476,0,0
29,-0.19807,-5197.45,-0.203738,-0.268562,-2.79526,-0.0704918,-5421.81,224.356,106.071,325.186,-6586.55,733.487,454.832,-230.476,0,0
30,-0.185281,-5197.49,-0.2398,-0.255773,-2.83689,-0.0704918,-5421.81,224.32,106.071,325.186,-6586.55,733.487,454.796,-230.476,0,0
31,-0.172493,-5197.43,-0.179355,-0.242985,-3.54646,-0.0704918,-5421.81,224.381,106.071,325.186,-6586.55,733.487,454.856,-230.476,0,0
32,-0.159704,-5197.47,-0.22382,-0.230196,-3.39511,-0.0704918,-5421.81,224.336,106.071,325.186,-6586.55,733.487,454.812,-230.476,0,0
33,-0.146915,-5197.51,-0.265837,-0.217407,-3.16033,-0.0704918,-5421.81,224.294,106.071,325.186,-6586.55,733.487,454.77,-230.476,0,0
34,-0.134127,-5197.55,-0.304226,-0.204619,-2.82553,-0.0704918,-5421.81,224.256,106.071,325.186,-6586.55,733.487,454.732,-230.476,0,0
35,-0.121338,-5197.58,-0.33763,-0.19183,-2.37933,-0.0704918,-5421.81,224.222,106.071,325.186,-6586.55,733.487,454.698,-230.476,0,0
36,-0.108549,-5197.61,-0.364598,-0.179041,-1.81983,-0.0704918,-5421.81,224.195,106.071,325.186,-6586.55,733.487,454.671,-230.476,0,0
37,-0.0957608,-5197.63,-0.383743,-0.166253,-1.15931,-0.0704918,-5421.81,224.176,106.071,325.186,-6586.55,733.487,454.652,-230.476,0,0
38,-0.0829721,-5197.75,-0.506888,-0.153464,-1.26827,-0.0704918,-5421.81,224.053,106.071,325.186,-6586.55,733.487,454.529,-230.476,0,0
39,-0.0701835,-5197.77,-0.518816,-0.140675,-0.599543,-0.0704918,-5421.81,224.041,106.071,325.186,-6586.55,733.487,454.517,-230.476,0,0
40,-0.0573948,-5197.77,-0.522424,-0.127887,0.0217919,-0.0704918,-5421.81,224.038,106.071,325.186,-6586.55,733.487,454.513,-230.476,0,0
41,-0.0446061,-5197.77,-0.518737,-0.115098,0.531247,-0.0704918,-5421.81,224.041,106.071,325.186,-6586.55,733.487,454.517,-230.476,0,0
42,-0.0318175,-5197.66,-0.412793,-0.102309,0.158751,-0.0704918,-5421.81,224.147,106.071,325.186,-6586.55,733.487,454.623,-230.476,0,0
43,-0.0190288,-5197.76,-0.517354,-0.0895206,-0.412134,-0.0704918,-5421.81,224.043,106.071,325.186,-6586.55,733.487,454.518,-230.476,0,0
44,-0.00624016,-5197.77,-0.522504,-0.076732,-0.416265,-0.0704918,-5421.81,224.037,106.071,325.186,-6586.55,733.487,454.513,-230.476,0,0
45,0.0065485,-5197.78,-0.528416,-0.0639433,-0.516673,-0.0704918,-5421.81,224.032,106.071,325.186,-6586.55,733.487,454.507,-230.476,0,0
46,0.0193372,-5197.78,-0.535718,-0.0511546,-0.616696,-0.0704918,-5421.81,224.024,106.071,325.186,-6586.55,733.487,454.5,-230.476,0,0
47,0.0321258,-5197.69,-0.442622,-0.038366,-1.37039,-0.0704918,-5421.81,224.117,106.071,325.186,-6586.55,733.487,454.593,-230.476,0,0
48,0.0449145,-5197.71,-0.458812,-0.0255773,-1.12997,-0.0704918,-5421.81,224.101,106.071,325.186,-6586.55,733.487,454.577,-230.476,0,0
49,0.0577031,-5197.72,-0.470685,-0.0127887,-0.694465,-0.0704918,-5421.81,224.089,106.071,325.186,-6586.55,733.487,454.565,-230.476,0,0
50,0.0704918,-5197.72,-0.475807,0,-0.0802071,-0.0704918,-5421.81,224.084,106.071,325.186,-6586.55,733.487,454.56,-230.476,0,0
51,0.0832805,-5197.72,-0.472197,0.0127887,0.660145,-0.0704918,-5421.81,224.088,106.071,325.186,-6586.55,733.487,454.564,-230.476,0,0
52,0.0960691,-5197.71,-0.458687,0.0255773,1.45578,-0.0704918,-5421.81,224.101,106.071,325.186,-6586.55,733.487,454.577,-230.476,0,0
53,0.108858,-5197.68,-0.435027,0.038366,2.23652,-0.0704918,-5421.81,224.125,106.071,325.186,-6586.55,733.487,454.601,-230.476,0,0
54,0.121646,-5197.76,-0.510576,0.0511546,2.1328,-0.0704918,-5421.81,224.049,106.071,325.186,-6586.55,733.487,454.525,-230.476,0,0
55,0.134435,-5197.73,-0.479834,0.0639433,2.65447,-0.0704918,-5421.81,224.08,106.071,325.186,-6586.55,733.487,454.556,-230.476,0,0
56,0.147224,-5197.69,-0.443221,0.076732,3.05043,-0.0704918,-5421.81,224.117,106.071,325.186,-6586.55,733.487,454.593,-230.476,0,0
57,0.160012,-5197.65,-0.402331,0.0895206,3.32506,-0.0704918,-5421.81,224.158,106.071,325.186,-6586.55,733.487,454.633,-230.476,0,0
58,0.172801,-5197.51,-0.259286,0.102309,2.7614,-0.0704918,-5421.81,224.301,106.071,325.186,-6586.55,733.487,454.777,-230.476,0,0
59,0.18559,-5197.47,-0.222895,0.115098,2.91712,-0.0704918,-5421.81,224.337,106.071,325.186,-6586.55,733.487,454.813,-230.476,0