step,T,Epot,Efull,SolventMolsThroughZ,
0,0.010866,-2351.74,-2351.07,
5e-015,1.44372,-2454.98,-2366.58,
1e-014,2.79369,-2586.27,-2415.19,
1.5e-014,4.28417,-2759.16,-2496.82,
2e-014,5.4548,-2942.93,-2608.9,
2.5e-014,6.48345,-3145.14,-2748.12,
3e-014,7.29704,-3355.48,-2908.64,
3.5e-014,8.06334,-3581.6,-3087.83,
4e-014,8.62668,-3810.93,-3282.66,
4.5e-014,9.04794,-4043.22,-3489.16,
5e-014,9.31025,-4273.95,-3703.82,
5.5e-014,11.7043,-4524.29,-3807.56,
6e-014,13.5628,-4791.75,-3961.21,
6.5e-014,15.0614,-5076.6,-4154.3,
7e-014,16.1502,-5366.71,-4377.73,
7.5e-014,16.9316,-5660.19,-4623.36,
8e-014,17.4557,-5953.22,-4884.3,
8.5e-014,17.812,-6246.52,-5155.78,
9e-014,18.0309,-6538.06,-5433.91,
9.5e-014,18.1622,-6828.32,-5716.14,
1e-013,18.217,-7116.13,-6000.59,
1.05e-013,20.2783,-7410.58,-6168.81,
1.1e-013,21.8012,-7714.16,-6379.14,
1.15e-013,22.9154,-8023.68,-6620.42,
1.2e-013,23.702,-8335.46,-6884.03,
1.25e-013,24.2419,-8647.7,-7163.21,
1.3e-013,24.5987,-8959.27,-7452.93,
1.35e-013,24.8329,-9270.29,-7749.61,
1.4e-013,24.9719,-9579.93,-8050.74,
1.45e-013,25.0364,-9887.39,-8354.25,
1.5e-013,25.0419,-10192.1,-8658.61,
1.55e-013,27.022,-10500.5,-8845.79,
1.6e-013,28.4528,-10815.3,-9072.94,
1.65e-013,29.4709,-11133.5,-9328.77,
1.7e-013,30.1801,-11453,-9604.88,
1.75e-013,30.6613,-11772.5,-9894.92,
1.8e-013,30.9672,-12090.6,-10194.3,
1.85e-013,31.1397,-12406.1,-10499.2,
1.9e-013,31.2087,-12718.2,-10807.1,
1.95e-013,31.2105,-13027,-11115.8,
2e-013,31.1647,-13332.4,-11424,
2.05e-013,33.0784,-13639.7,-11614.1,
2.1e-013,34.4377,-13951.3,-11842.4,
2.15e-013,35.3762,-14264,-12097.7,
2.2e-013,36.0093,-14576.4,-12371.3,
2.25e-013,36.425,-14887.8,-12657.3,
2.3e-013,36.6803,-15197.3,-12951.1,
2.35e-013,36.8113,-15503.7,-13249.5,
2.4e-013,36.8652,-15807.6,-13550.1,
2.45e-013,36.8415,-16107.1,-13851.1,
2.5e-013,36.7701,-16402.6,-14150.9,
2.55e-013,38.6402,-16698.5,-14332.3,
2.6e-013,39.9443,-16996.7,-14550.7,
2.65e-013,40.8384,-17295.5,-14794.7,
2.7e-013,41.446,-17594.2,-15056.2,
2.75e-013,41.8416,-17891.8,-15329.6,
2.8e-013,42.0659,-18186.2,-15610.3,
2.85e-013,42.1651,-18476.7,-15894.7,
2.9e-013,42.1757,-18763.2,-16180.5,
2.95e-013,42.1184,-19044.9,-16465.7,
3e-013,42.0163,-19322.1,-16749.2,
3.05e-013,43.8373,-19597.9,-16913.5,
3.1e-013,45.0863,-19874.5,-17113.5,
3.15e-013,45.9153,-20149.5,-17337.9,
3.2e-013,46.4395,-20421.7,-17577.9,
3.25e-013,46.7668,-20691.8,-17828,
3.3e-013,46.9384,-20958.2,-18083.9,
3.35e-013,47.0026,-21220.9,-18342.6,
3.4e-013,47.0083,-21480.7,-18602.1,
3.45e-013,46.9586,-21736.7,-18861.1,
3.5e-013,46.8797,-21989.4,-19118.7,
3.55e-013,48.7224,-22241.4,-19257.8,
3.6e-013,49.9793,-22493.6,-19433,
3.65e-013,50.8173,-22744.5,-19632.6,
3.7e-013,51.3598,-22993.5,-19848.4,
3.75e-013,51.6972,-23240.1,-20074.3,
3.8e-013,51.9096,-23485.4,-20306.6,
3.85e-013,52.0292,-23729,-20542.9,
3.9e-013,52.0812,-23970.5,-20781.2,
3.95e-013,52.0679,-24208.4,-21020,
4e-013,52.0195,-24443.5,-21258.1,
4.05e-013,53.8763,-24677.7,-21378.5,
4.1e-013,55.1228,-24910.5,-21535,
4.15e-013,55.9311,-25140.4,-21715.4,
4.2e-013,56.4323,-25366.8,-21911.1,
4.25e-013,56.7043,-25588.2,-22115.9,
4.3e-013,56.8081,-25803.8,-22325,
4.35e-013,56.7869,-26012.7,-22535.3,
4.4e-013,56.6778,-26214.8,-22744,
4.45e-013,56.5218,-26410.9,-22949.7,
4.5e-013,56.3562,-26602.6,-23151.6,
4.55e-013,58.1243,-26792.9,-23233.6,
4.6e-013,59.3223,-26982.7,-23350.1,
4.65e-013,60.097,-27169.7,-23489.5,
4.7e-013,60.5537,-27351.4,-23643.3,
4.75e-013,60.7722,-27526.6,-23805.1,
4.8e-013,60.8177,-27694.3,-23970,
4.85e-013,60.7478,-27854.6,-24134.6,
4.9e-013,60.6229,-28009.3,-24297,
4.95e-013,60.4819,-28159.9,-24456.2,
5e-013,60.3491,-28307.7,-24612.2,
5.05e-013,62.151,-28455.2,-24649.3,
5.1e-013,63.3738,-28602.3,-24721.5,
5.15e-013,64.2067,-28749.3,-24817.5,
5.2e-013,64.7504,-28894.6,-24929.5,
5.25e-013,65.0791,-29037,-25051.8,
5.3e-013,65.2444,-29175.1,-25179.8,
5.35e-013,65.3146,-29310.1,-25310.5,
5.4e-013,65.3421,-29443.6,-25442.3,
5.45e-013,65.3368,-29575.4,-25574.4,
5.5e-013,65.2976,-29704.6,-25706,
5.55e-013,67.1393,-29831.7,-25720.3,
5.6e-013,68.3939,-29958.8,-25770.6,
5.65e-013,69.2194,-30083.6,-25844.9,
5.7e-013,69.7689,-30207.5,-25935.1,
5.75e-013,70.0936,-30327.9,-26035.6,
5.8e-013,70.2743,-30445.3,-26141.9,
5.85e-013,70.3361,-30558.3,-26251.2,
5.9e-013,70.3169,-30666.8,-26360.9,
5.95e-013,70.2633,-30772.4,-26469.7,
6e-013,70.1723,-30874.1,-26577,
6.05e-013,71.9874,-30974.4,-26566.2,
6.1e-013,73.2027,-31073.1,-26590.4,
6.15e-013,74.0206,-31170.9,-26638.1,
6.2e-013,74.5588,-31267.3,-26701.6,
6.25e-013,74.921,-31363.4,-26775.5,
6.3e-013,75.1408,-31457.6,-26856.2,
6.35e-013,75.2573,-31549.3,-26940.8,
6.4e-013,75.3059,-31638.7,-27027.3,
6.45e-013,75.3531,-31729.2,-27114.8,
6.5e-013,75.3552,-31817.6,-27203.1,
6.55e-013,77.2394,-31905,-27175.2,
6.6e-013,78.5204,-31992.1,-27183.8,
6.65e-013,79.4139,-32080.5,-27217.5,
6.7e-013,80.0237,-32169.1,-27268.7,
6.75e-013,80.4358,-32257.3,-27331.7,
6.8e-013,80.6904,-32343.8,-27402.6,
6.85e-013,80.7938,-32425.2,-27477.7,
6.9e-013,80.8465,-32505.2,-27554.4,
6.95e-013,80.8842,-32585.3,-27632.3,
7e-013,80.8676,-32662.4,-27710.4,
7.05e-013,82.7285,-32737.9,-27671.9,
7.1e-013,83.9706,-32811.4,-27669.4,
7.15e-013,84.8126,-32884.5,-27690.9,
7.2e-013,85.3255,-32953.2,-27728.2,
7.25e-013,85.6073,-33017,-27774.7,
7.3e-013,85.7402,-33076.6,-27826.1,
7.35e-013,85.7787,-33132.3,-27879.5,
7.4e-013,85.7767,-33185.9,-27933.3,
7.45e-013,85.7589,-33238.3,-27986.7,
7.5e-013,85.7263,-33289.2,-28039.6,
7.55e-013,87.6254,-33342.1,-27976.2,
7.6e-013,88.9248,-33395.4,-27950,
7.65e-013,89.7977,-33447.6,-27948.8,
7.7e-013,90.3553,-33497.4,-27964.4,
7.75e-013,90.6046,-33537.6,-27989.3,
7.8e-013,90.6955,-33571.9,-28018,
7.85e-013,90.8279,-33610.7,-28048.8,
7.9e-013,91.122,-33664.3,-28084.3,
7.95e-013,91.4572,-33727.9,-28127.4,
8e-013,91.6866,-33791.9,-28177.4,
8.05e-013,93.6887,-33852.5,-28115.3,
8.1e-013,95.0871,-33915,-28092.2,
8.15e-013,96.0714,-33980.1,-28097,
8.2e-013,96.6242,-34037,-28120.1,
8.25e-013,96.879,-34084.6,-28152.1,
8.3e-013,96.9906,-34127.7,-28188.3,
8.35e-013,97.0928,-34172.3,-28226.7,
8.4e-013,97.2666,-34224.6,-28268.3,
8.45e-013,97.4157,-34279.1,-28313.8,
8.5e-013,97.498,-34332.7,-28362.3,
8.55e-013,99.3583,-34379.6,-28295.2,
8.6e-013,100.649,-34427.7,-28264.3,
8.65e-013,101.559,-34478,-28258.9,
8.7e-013,102.151,-34526.4,-28271,
8.75e-013,102.539,-34573.9,-28294.8,
8.8e-013,102.752,-34617.3,-28325.2,
8.85e-013,102.895,-34660.4,-28359.5,
8.9e-013,103.015,-34705.3,-28397.1,
8.95e-013,103.141,-34753.3,-28437.3,
9e-013,103.213,-34800.5,-28480,
9.05e-013,105.285,-34856.3,-28409,
9.1e-013,106.903,-34927.2,-28380.9,
9.15e-013,108.105,-35005.5,-28385.5,
9.2e-013,108.746,-35071.4,-28412.2,
9.25e-013,108.969,-35121.7,-28448.8,
9.3e-013,108.876,-35154.3,-28487.1,
9.35e-013,108.537,-35167.1,-28520.7,
9.4e-013,107.974,-35155.7,-28543.8,
9.45e-013,107.511,-35138.4,-28554.8,
9.5e-013,107.383,-35133.7,-28557.9,
9.55e-013,109.482,-35150.6,-28446.3,
9.6e-013,111.017,-35175.1,-28376.9,
9.65e-013,112.142,-35204.9,-28337.7,
9.7e-013,113.087,-35247.6,-28322.6,
9.75e-013,113.893,-35301.5,-28327.1,
9.8e-013,114.692,-35374.2,-28350.8,
9.85e-013,115.126,-35439.1,-28389.2,
9.9e-013,115.332,-35497.5,-28435,
9.95e-013,115.281,-35542.4,-28483,
1e-012,115.174,-35581.5,-28528.6,
1.005e-012,116.874,-35612.1,-28455.2,
1.01e-012,117.829,-35628.5,-28413.1,
1.015e-012,118.401,-35638.3,-28387.9,
1.02e-012,118.764,-35646.5,-28373.8,
1.025e-012,118.927,-35647.9,-28365.3,
1.03e-012,119.253,-35664.8,-28362.2,
1.035e-012,119.446,-35680.4,-28366,
1.04e-012,119.473,-35687.7,-28371.7,
1.045e-012,119.369,-35686.3,-28376.6,
1.05e-012,119.269,-35683,-28379.4,
1.055e-012,120.971,-35670.8,-28263,
1.06e-012,122.177,-35661.8,-28180.1,
1.065e-012,123.031,-35655.1,-28121.1,
1.07e-012,123.486,-35640,-28078.2,
1.075e-012,123.623,-35612.1,-28041.8,
1.08e-012,123.723,-35583.7,-28007.4,
1.085e-012,123.716,-35550.6,-27974.6,
1.09e-012,123.443,-35498.4,-27939.2,
1.095e-012,123.254,-35444.8,-27897.2,
1.1e-012,123.108,-35391.2,-27852.5,
1.105e-012,124.891,-35336.3,-27688.4,
1.11e-012,126.458,-35305.4,-27561.6,
1.115e-012,127.821,-35296.8,-27469.5,
1.12e-012,128.839,-35294.7,-27405.1,
1.125e-012,129.416,-35280.1,-27355.1,
1.13e-012,129.818,-35265.9,-27316.3,
1.135e-012,130.282,-35269.3,-27291.3,
1.14e-012,130.828,-35288.7,-27277.3,
1.145e-012,131.357,-35320.7,-27276.9,
1.15e-012,131.597,-35343.3,-27284.8,
1.155e-012,133.566,-35359.9,-27180.7,
1.16e-012,134.635,-35357.2,-27112.6,
1.165e-012,134.951,-35324.6,-27060.7,
1.17e-012,135.015,-35280.6,-27012.7,
1.175e-012,134.876,-35223.2,-26963.9,
1.18e-012,134.912,-35174.8,-26913.3,
1.185e-012,134.914,-35125.6,-26864,
1.19e-012,134.659,-35058.3,-26812.3,
1.195e-012,134.117,-34964.1,-26751.3,
1.2e-012,133.837,-34874.8,-26679.2,
1.205e-012,135.804,-34805.7,-26489.5,
1.21e-012,137.572,-34766.9,-26342.5,
1.215e-012,138.95,-34741,-26232.2,
1.22e-012,139.927,-34717.1,-26148.5,
1.225e-012,140.708,-34701.9,-26085.4,
1.23e-012,141.125,-34676.6,-26034.6,
1.235e-012,140.844,-34614.3,-25989.6,
1.24e-012,140.264,-34479.9,-25890.7,
1.245e-012,140.01,-34397.2,-25823.5,
1.25e-012,140.269,-34345.3,-25755.7,
1.255e-012,142.704,-34320.1,-25581.5,
1.26e-012,144.702,-34319.1,-25458,
1.265e-012,146.126,-34324.1,-25375.9,
1.27e-012,146.528,-34288.4,-25315.5,
1.275e-012,146.468,-34227.9,-25258.7,
1.28e-012,146.24,-34153.6,-25198.4,
1.285e-012,145.848,-34061.8,-25130.6,
1.29e-012,145.923,-33993.7,-25057.9,
1.295e-012,146.381,-33955.4,-24991.6,
1.3e-012,147.141,-33948.9,-24938.5,
1.305e-012,149.893,-33967.9,-24789,
1.31e-012,151.981,-34001.3,-24694.5,
1.315e-012,153.801,-34064,-24645.8,
1.32e-012,154.636,-34099.9,-24630.5,
1.325e-012,154.346,-34073.2,-24621.6,
1.33e-012,154.092,-34039.7,-24603.6,
1.335e-012,153.937,-34009.3,-24582.8,
1.34e-012,153.562,-33959,-24555.4,
1.345e-012,153.24,-33904.3,-24520.5,
1.35e-012,153.229,-33862.9,-24479.7,
1.355e-012,155.256,-33832.1,-24324.8,
1.36e-012,156.903,-33821.3,-24213.2,
1.365e-012,157.837,-33797.2,-24131.8,
1.37e-012,158.413,-33762.2,-24061.5,
1.375e-012,158.809,-33733.9,-24009,
1.38e-012,158.444,-33660.6,-23958,
1.385e-012,157.87,-33561.4,-23894,
1.39e-012,157.598,-33472.1,-23821.3,
1.395e-012,157.593,-33388.5,-23738.1,
1.4e-012,157.812,-33324.6,-23660.8,
1.405e-012,159.868,-33264.7,-23475,
1.41e-012,161.113,-33194.6,-23328.6,
1.415e-012,162.013,-33126.2,-23205.1,
1.42e-012,163.328,-33108.1,-23106.4,
1.425e-012,164.734,-33127.3,-23039.5,
1.43e-012,166.139,-33178.3,-23004.6,
1.435e-012,167.019,-33226.5,-22998.9,
1.44e-012,167.154,-33239.9,-23004,
1.445e-012,167.011,-33243.5,-23016.3,
1.45e-012,167.01,-33245.9,-23018.9,
1.455e-012,168.778,-33242.7,-22907.3,
1.46e-012,169.202,-33182.5,-22821.2,
1.465e-012,169.326,-33106.9,-22738,
1.47e-012,169.929,-33069.6,-22663.7,
1.475e-012,170.535,-33044,-22601.1,
1.48e-012,171.796,-33081.3,-22561.1,
1.485e-012,172.139,-33084.1,-22542.9,
1.49e-012,171.796,-33042.9,-22522.8,
1.495e-012,171.905,-33024.8,-22497.9,
1.5e-012,172.491,-33045.9,-22483.2,
1.505e-012,173.653,-32988.9,-22355,
1.51e-012,173.813,-32885.9,-22242.2,
1.515e-012,173.123,-32723.7,-22122.3,
1.52e-012,173.992,-32650.5,-21995.8,
1.525e-012,175.895,-32628.3,-21857.1,
1.53e-012,177.941,-32707.4,-21811,
1.535e-012,178.837,-32755.7,-21804.4,
1.54e-012,178.48,-32732.2,-21802.7,
1.545e-012,178.515,-32725.5,-21793.9,
1.55e-012,179.285,-32773.7,-21794.9,
1.555e-012,181.602,-32817.8,-21697.1,
1.56e-012,181.855,-32691.4,-21555.2,
1.565e-012,181.244,-32581.4,-21482.7,
1.57e-012,181.208,-32501.2,-21404.7,
1.575e-012,182.304,-32494.9,-21331.3,
1.58e-012,183.772,-32543.7,-21290.2,
1.585e-012,183.986,-32537,-21270.4,
1.59e-012,183.938,-32540.3,-21276.6,
1.595e-012,183.215,-32472.4,-21253,
1.6e-012,182.4,-32377.1,-21207.6,
1.605e-012,184.36,-32327.2,-21037.6,
1.61e-012,186.546,-32338.2,-20914.8,
1.615e-012,188.407,-32380.3,-20843,
1.62e-012,188.251,-32319.8,-20792,
1.625e-012,187.724,-32224.5,-20728.9,
1.63e-012,187.062,-32108.8,-20653.8,
1.635e-012,186.338,-31968.9,-20558.2,
1.64e-012,187.825,-31970.1,-20468.4,
1.645e-012,188.79,-31975.8,-20415,
1.65e-012,188.241,-31892.4,-20365.2,
1.655e-012,189.608,-31796.9,-20186,
1.66e-012,190.662,-31713.1,-20037.6,
1.665e-012,190.191,-31542.5,-19895.9,
1.67e-012,190.501,-31407.8,-19742.2,
1.675e-012,191.617,-31346.2,-19612.2,
1.68e-012,192.894,-31322.2,-19510.1,
1.685e-012,192.569,-31214.4,-19422.2,
1.69e-012,191.908,-31072.4,-19320.6,
1.695e-012,191.789,-30950.4,-19205.9,
1.7e-012,192.893,-30916.5,-19104.4,
1.705e-012,194.792,-30829.2,-18900.8,
1.71e-012,196.925,-30799.9,-18741,
1.715e-012,199.165,-30828,-18631.8,
1.72e-012,201.227,-30898.9,-18576.5,
1.725e-012,200.677,-30830.3,-18541.5,
1.73e-012,200.264,-30756.9,-18493.5,
1.735e-012,198.77,-30597.4,-18425.4,
1.74e-012,199.584,-30562.7,-18340.9,
1.745e-012,200.53,-30563,-18283.2,
1.75e-012,200.776,-30533.8,-18239,
1.755e-012,201.966,-30440.7,-18073,
1.76e-012,203.611,-30405.7,-17937.3,
1.765e-012,203.924,-30314.1,-17826.6,
1.77e-012,204.806,-30267.7,-17726.2,
1.775e-012,205.087,-30201.1,-17642.3,
1.78e-012,205.202,-30129,-17563.2,
1.785e-012,205.926,-30099.7,-17489.6,
1.79e-012,208.044,-30190.7,-17450.8,
1.795e-012,209.17,-30264.3,-17455.5,
1.8e-012,207.45,-30160.3,-17456.8,
1.805e-012,207.733,-30015.5,-17294.7,
1.81e-012,208.68,-29925.3,-17146.5,
1.815e-012,210.413,-29912,-17027.1,
1.82e-012,212.894,-29991.6,-16954.8,
1.825e-012,213.942,-30021.7,-16920.7,
1.83e-012,212.167,-29879.8,-16887.5,
1.835e-012,210.768,-29725.4,-16818.7,
1.84e-012,211.12,-29662.6,-16734.4,
1.845e-012,90672.6,39419.6,5.59188e+006,
1.85e-012,1.#QNAN,1.#QNAN,1.#QNAN,
1.855e-012,1.#QNAN,1.#QNAN,1.#QNAN,
1.86e-012,1.#QNAN,1.#QNAN,1.#QNAN,
1.865e-012,1.#QNAN,1.#QNAN,1.#QNAN,
1.87e-012,1.#QNAN,1.#QNAN,1.#QNAN,
1.875e-012,1.#QNAN,1.#QNAN,1.#QNAN,
1.88e-012,1.#QNAN,1.#QNAN,1.#QNAN,
1.885e-012,1.#QNAN,1.#QNAN,1.#QNAN,
1.89e-012,1.#QNAN,1.#QNAN,1.#QNAN,
1.895e-012,1.#QNAN,1.#QNAN,1.#QNAN,
1.9e-012,1.#QNAN,1.#QNAN,1.#QNAN,
1.905e-012,1.#QNAN,1.#QNAN,1.#QNAN,
1.91e-012,1.#QNAN,1.#QNAN,1.#QNAN,
1.915e-012,1.#QNAN,1.#QNAN,1.#QNAN,
1.92e-012,1.#QNAN,1.#QNAN,1.#QNAN,
1.925e-012,1.#QNAN,1.#QNAN,1.#QNAN,
1.93e-012,1.#QNAN,1.#QNAN,1.#QNAN,
1.935e-012,1.#QNAN,1.#QNAN,1.#QNAN,
1.94e-012,1.#QNAN,1.#QNAN,1.#QNAN,
1.945e-012,1.#QNAN,1.#QNAN,1.#QNAN,
1.95e-012,1.#QNAN,1.#QNAN,1.#QNAN,
1.955e-012,1.#QNAN,1.#QNAN,1.#QNAN,
1.96e-012,1.#QNAN,1.#QNAN,1.#QNAN,
1.965e-012,1.#QNAN,1.#QNAN,1.#QNAN,
1.97e-012,1.#QNAN,1.#QNAN,1.#QNAN,
1.975e-012,1.#QNAN,1.#QNAN,1.#QNAN,
1.98e-012,1.#QNAN,1.#QNAN,1.#QNAN,
1.985e-012,1.#QNAN,1.#QNAN,1.#QNAN,
1.99e-012,1.#QNAN,1.#QNAN,1.#QNAN,
1.995e-012,1.#QNAN,1.#QNAN,1.#QNAN,
2e-012,1.#QNAN,1.#QNAN,1.#QNAN,
2.005e-012,1.#QNAN,1.#QNAN,1.#QNAN,
2.01e-012,1.#QNAN,1.#QNAN,1.#QNAN,
2.015e-012,1.#QNAN,1.#QNAN,1.#QNAN,
2.02e-012,1.#QNAN,1.#QNAN,1.#QNAN,
2.025e-012,1.#QNAN,1.#QNAN,1.#QNAN,
2.03e-012,1.#QNAN,1.#QNAN,1.#QNAN,
2.035e-012,1.#QNAN,1.#QNAN,1.#QNAN,
2.04e-012,1.#QNAN,1.#QNAN,1.#QNAN,
2.045e-012,1.#QNAN,1.#QNAN,1.#QNAN,
2.05e-012,1.#QNAN,1.#QNAN,1.#QNAN,
2.055e-012,1.#QNAN,1.#QNAN,1.#QNAN,
2.06e-012,1.#QNAN,1.#QNAN,1.#QNAN,
2.065e-012,1.#QNAN,1.#QNAN,1.#QNAN,
2.07e-012,1.#QNAN,1.#QNAN,1.#QNAN,
2.075e-012,1.#QNAN,1.#QNAN,1.#QNAN,
2.08e-012,1.#QNAN,1.#QNAN,1.#QNAN,
2.085e-012,1.#QNAN,1.#QNAN,1.#QNAN,
2.09e-012,1.#QNAN,1.#QNAN,1.#QNAN,
2.095e-012,1.#QNAN,1.#QNAN,1.#QNAN,
2.1e-012,1.#QNAN,1.#QNAN,1.#QNAN,
2.105e-012,1.#QNAN,1.#QNAN,1.#QNAN,
2.11e-012,1.#QNAN,1.#QNAN,1.#QNAN,
2.115e-012,1.#QNAN,1.#QNAN,1.#QNAN,
2.12e-012,1.#QNAN,1.#QNAN,1.#QNAN,
2.125e-012,1.#QNAN,1.#QNAN,1.#QNAN,
2.13e-012,1.#QNAN,1.#QNAN,1.#QNAN,
2.135e-012,1.#QNAN,1.#QNAN,1.#QNAN,
2.14e-012,1.#QNAN,1.#QNAN,1.#QNAN,
2.145e-012,1.#QNAN,1.#QNAN,1.#QNAN,
2.15e-012,1.#QNAN,1.#QNAN,1.#QNAN,
2.155e-012,1.#QNAN,1.#QNAN,1.#QNAN,
2.16e-012,1.#QNAN,1.#QNAN,1.#QNAN,
2.165e-012,1.#QNAN,1.#QNAN,1.#QNAN,
2.17e-012,1.#QNAN,1.#QNAN,1.#QNAN,
2.175e-012,1.#QNAN,1.#QNAN,1.#QNAN,
2.18e-012,1.#QNAN,1.#QNAN,1.#QNAN,
2.185e-012,1.#QNAN,1.#QNAN,1.#QNAN,
2.19e-012,1.#QNAN,1.#QNAN,1.#QNAN,
2.195e-012,1.#QNAN,1.#QNAN,1.#QNAN,
2.2e-012,1.#QNAN,1.#QNAN,1.#QNAN,
2.205e-012,1.#QNAN,1.#QNAN,1.#QNAN,
2.21e-012,1.#QNAN,1.#QNAN,1.#QNAN,
2.215e-012,1.#QNAN,1.#QNAN,1.#QNAN,
2.22e-012,1.#QNAN,1.#QNAN,1.#QNAN,
2.225e-012,1.#QNAN,1.#QNAN,1.#QNAN,
2.23e-012,1.#QNAN,1.#QNAN,1.#QNAN,
2.235e-012,1.#QNAN,1.#QNAN,1.#QNAN,
2.24e-012,1.#QNAN,1.#QNAN,1.#QNAN,
2.245e-012,1.#QNAN,1.#QNAN,1.#QNAN,
2.25e-012,1.#QNAN,1.#QNAN,1.#QNAN,
2.255e-012,1.#QNAN,1.#QNAN,1.#QNAN,
2.26e-012,1.#QNAN,1.#QNAN,1.#QNAN,
2.265e-012,1.#QNAN,1.#QNAN,1.#QNAN,
2.27e-012,1.#QNAN,1.#QNAN,1.#QNAN,
2.275e-012,1.#QNAN,1.#QNAN,1.#QNAN,
2.28e-012,1.#QNAN,1.#QNAN,1.#QNAN,
2.285e-012,1.#QNAN,1.#QNAN,1.#QNAN,
2.29e-012,1.#QNAN,1.#QNAN,1.#QNAN,
2.295e-012,1.#QNAN,1.#QNAN,1.#QNAN,
2.3e-012,1.#QNAN,1.#QNAN,1.#QNAN,
2.305e-012,1.#QNAN,1.#QNAN,1.#QNAN,
2.31e-012,1.#QNAN,1.#QNAN,1.#QNAN,
2.315e-012,1.#QNAN,1.#QNAN,1.#QNAN,
2.32e-012,1.#QNAN,1.#QNAN,1.#QNAN,
2.325e-012,1.#QNAN,1.#QNAN,1.#QNAN,
2.33e-012,1.#QNAN,1.#QNAN,1.#QNAN,
2.335e-012,1.#QNAN,1.#QNAN,1.#QNAN,
2.34e-012,1.#QNAN,1.#QNAN,1.#QNAN,
2.345e-012,1.#QNAN,1.#QNAN,1.#QNAN,
2.35e-012,1.#QNAN,1.#QNAN,1.#QNAN,
2.355e-012,1.#QNAN,1.#QNAN,1.#QNAN,
2.36e-012,1.#QNAN,1.#QNAN,1.#QNAN,
2.365e-012,1.#QNAN,1.#QNAN,1.#QNAN,
2.37e-012,1.#QNAN,1.#QNAN,1.#QNAN,
2.375e-012,1.#QNAN,1.#QNAN,1.#QNAN,
2.38e-012,1.#QNAN,1.#QNAN,1.#QNAN,
2.385e-012,1.#QNAN,1.#QNAN,1.#QNAN,
2.39e-012,1.#QNAN,1.#QNAN,1.#QNAN,
2.395e-012,1.#QNAN,1.#QNAN,1.#QNAN,
2.4e-012,1.#QNAN,1.#QNAN,1.#QNAN,
2.405e-012,1.#QNAN,1.#QNAN,1.#QNAN,
2.41e-012,1.#QNAN,1.#QNAN,1.#QNAN,
2.415e-012,1.#QNAN,1.#QNAN,1.#QNAN,
2.42e-012,1.#QNAN,1.#QNAN,1.#QNAN,
2.425e-012,1.#QNAN,1.#QNAN,1.#QNAN,
2.43e-012,1.#QNAN,1.#QNAN,1.#QNAN,
2.435e-012,1.#QNAN,1.#QNAN,1.#QNAN,
2.44e-012,1.#QNAN,1.#QNAN,1.#QNAN,
2.445e-012,1.#QNAN,1.#QNAN,1.#QNAN,
2.45e-012,1.#QNAN,1.#QNAN,1.#QNAN,
2.455e-012,1.#QNAN,1.#QNAN,1.#QNAN,
2.46e-012,1.#QNAN,1.#QNAN,1.#QNAN,
2.465e-012,1.#QNAN,1.#QNAN,1.#QNAN,
2.47e-012,1.#QNAN,1.#QNAN,1.#QNAN,
2.475e-012,1.#QNAN,1.#QNAN,1.#QNAN,
2.48e-012,1.#QNAN,1.#QNAN,1.#QNAN,
2.485e-012,1.#QNAN,1.#QNAN,1.#QNAN,
