step,rz,Epot,Epot00,prob_atom_z,prob_atom_fz,prob_atom_fz_integral,n_steps_of_optimization,BondedTermsEnergy,NonBondedTermsEnergy,BondStretchEnergy,AngleStretchEnergy,TorsionEnergy,OutOfPlaneEnergy,DispersionEnergy,ElectrostaticEnergy
0,-0.568328,-7192.19,0,-0.639372,-0.0136976,0,500,-7390.82,198.628,115.086,280.889,-8464.31,677.514,436.824,-238.196
1,-0.561934,-7192.19,0.000388054,-0.632978,0.130089,0.000372086,500,-7390.82,198.628,115.086,280.889,-8464.31,677.514,436.824,-238.196
2,-0.55554,-7192.19,0.001674,-0.626585,0.271842,0.001657,500,-7390.82,198.629,115.086,280.889,-8464.31,677.514,436.825,-238.196
3,-0.549147,-7192.05,0.143545,-0.620191,-0.431699,0.00114597,500,-7390.82,198.771,115.086,280.889,-8464.31,677.514,436.967,-238.196
4,-0.542753,-7191.91,0.279458,-0.613797,-1.11086,-0.00378539,500,-7390.82,198.907,115.086,280.889,-8464.31,677.514,437.103,-238.196
5,-0.536359,-7191.92,0.272973,-0.607403,-0.918259,-0.0102722,500,-7390.82,198.901,115.086,280.889,-8464.31,677.514,437.097,-238.196
6,-0.529965,-7191.95,0.243203,-0.60101,-0.945174,-0.0162293,500,-7390.82,198.871,115.086,280.889,-8464.31,677.514,437.067,-238.196
7,-0.523572,-7191.95,0.237712,-0.594616,-0.773089,-0.0217224,500,-7390.82,198.865,115.086,280.889,-8464.31,677.514,437.061,-238.196
8,-0.517178,-7191.96,0.233308,-0.588222,-0.605431,-0.0261293,500,-7390.82,198.861,115.086,280.889,-8464.31,677.514,437.057,-238.196
9,-0.510784,-7191.96,0.22996,-0.581829,-0.442411,-0.0294791,500,-7390.82,198.858,115.086,280.889,-8464.31,677.514,437.054,-238.196
10,-0.504391,-7191.97,0.222481,-0.575435,-0.328235,-0.0319428,500,-7390.82,198.85,115.086,280.889,-8464.31,677.514,437.046,-238.196
11,-0.497997,-7191.97,0.217312,-0.569041,-0.208204,-0.0336577,500,-7390.82,198.845,115.086,280.889,-8464.31,677.514,437.041,-238.196
12,-0.491603,-7191.97,0.21644,-0.562647,-0.0653471,-0.0345322,500,-7390.82,198.844,115.086,280.889,-8464.31,677.514,437.04,-238.196
13,-0.485209,-7191.97,0.216463,-0.556254,0.0715007,-0.0345125,500,-7390.82,198.844,115.086,280.889,-8464.31,677.514,437.04,-238.196
14,-0.478816,-7191.88,0.311307,-0.54986,-0.366047,-0.0354542,500,-7390.82,198.939,115.086,280.889,-8464.31,677.514,437.135,-238.196
15,-0.472422,-7191.7,0.495387,-0.543466,-1.36285,-0.0409812,500,-7390.82,199.123,115.086,280.889,-8464.31,677.514,437.319,-238.196
16,-0.466028,-7191.7,0.487236,-0.537072,-1.18825,-0.0491367,500,-7390.82,199.115,115.086,280.889,-8464.31,677.514,437.311,-238.196
17,-0.459635,-7191.71,0.480174,-0.530679,-1.02238,-0.0562038,500,-7390.82,199.108,115.086,280.889,-8464.31,677.514,437.304,-238.196
18,-0.453241,-7191.72,0.474143,-0.524285,-0.865706,-0.0622397,500,-7390.82,199.102,115.086,280.889,-8464.31,677.514,437.298,-238.196
19,-0.446847,-7191.82,0.372609,-0.517891,-1.31273,-0.0692039,500,-7390.82,199,115.086,280.889,-8464.31,677.514,437.196,-238.196
20,-0.440453,-7192.02,0.169556,-0.511498,-2.38127,-0.0810131,500,-7390.82,198.797,115.086,280.889,-8464.31,677.514,436.993,-238.196
21,-0.43406,-7192.04,0.154543,-0.505104,-2.31683,-0.0960322,500,-7390.82,198.782,115.086,280.889,-8464.31,677.514,436.978,-238.196
22,-0.427666,-7192.08,0.115169,-0.49871,-2.43993,-0.111239,500,-7390.82,198.743,115.086,280.889,-8464.31,677.514,436.939,-238.196
23,-0.421272,-7192.21,-0.0222866,-0.492316,-3.25816,-0.129455,500,-7390.82,198.605,115.086,280.889,-8464.31,677.514,436.801,-238.196
24,-0.414879,-7192.23,-0.0431693,-0.485923,-3.2764,-0.150345,500,-7390.82,198.584,115.086,280.889,-8464.31,677.514,436.781,-238.196
25,-0.408485,-7192.25,-0.0642131,-0.479529,-3.30855,-0.171396,500,-7390.82,198.563,115.086,280.889,-8464.31,677.514,436.76,-238.196
26,-0.402091,-7192.28,-0.085506,-0.473135,-3.35427,-0.192696,500,-7390.82,198.542,115.086,280.889,-8464.31,677.514,436.738,-238.196
27,-0.395697,-7192.3,-0.107133,-0.466742,-3.41293,-0.21433,500,-7390.82,198.52,115.086,280.889,-8464.31,677.514,436.717,-238.196
28,-0.389304,-7192.32,-0.129174,-0.460348,-3.48341,-0.236377,500,-7390.82,198.498,115.086,280.889,-8464.31,677.514,436.695,-238.196
29,-0.38291,-7192.34,-0.151699,-0.453954,-3.564,-0.258906,500,-7390.82,198.476,115.086,280.889,-8464.31,677.514,436.672,-238.196
30,-0.376516,-7192.37,-0.174765,-0.44756,-3.65219,-0.281975,500,-7390.82,198.453,115.086,280.889,-8464.31,677.514,436.649,-238.196
31,-0.370122,-7192.39,-0.19841,-0.441167,-3.74441,-0.305621,500,-7390.82,198.429,115.086,280.889,-8464.31,677.514,436.625,-238.196
32,-0.363729,-7192.46,-0.270659,-0.434773,-4.12214,-0.33077,500,-7390.82,198.357,115.086,280.889,-8464.31,677.514,436.553,-238.196
33,-0.357335,-7192.54,-0.346523,-0.428379,-4.50571,-0.358352,500,-7390.82,198.281,115.086,280.889,-8464.31,677.514,436.477,-238.196
34,-0.350941,-7192.62,-0.42482,-0.421986,-4.87668,-0.388346,500,-7390.82,198.203,115.086,280.889,-8464.31,677.514,436.399,-238.196
35,-0.344548,-7192.65,-0.456229,-0.415592,-4.94245,-0.419736,500,-7390.82,198.171,115.086,280.889,-8464.31,677.514,436.368,-238.196
36,-0.338154,-7192.63,-0.440375,-0.409198,-5.25117,-0.452324,500,-7390.82,198.187,115.086,280.889,-8464.31,677.514,436.383,-238.196
37,-0.33176,-7192.43,-0.238421,-0.402804,-6.64146,-0.490343,500,-7390.82,198.389,115.086,280.889,-8464.31,677.514,436.585,-238.196
38,-0.325366,-7192.47,-0.280307,-0.396411,-6.44216,-0.532169,500,-7390.82,198.347,115.086,280.889,-8464.31,677.514,436.543,-238.196
39,-0.318973,-7192.51,-0.320524,-0.390017,-6.11265,-0.572305,500,-7390.82,198.307,115.086,280.889,-8464.31,677.514,436.503,-238.196
40,-0.312579,-7192.55,-0.358092,-0.383623,-5.60464,-0.609764,500,-7390.82,198.269,115.086,280.889,-8464.31,677.514,436.466,-238.196
41,-0.306185,-7192.58,-0.391679,-0.377229,-4.85502,-0.643202,500,-7390.82,198.236,115.086,280.889,-8464.31,677.514,436.432,-238.196
42,-0.299792,-7192.61,-0.419487,-0.370836,-3.78139,-0.670811,500,-7390.82,198.208,115.086,280.889,-8464.31,677.514,436.404,-238.196
43,-0.293398,-7192.63,-0.439116,-0.364442,-2.27623,-0.690177,500,-7390.82,198.188,115.086,280.889,-8464.31,677.514,436.385,-238.196
44,-0.287004,-7192.64,-0.447378,-0.358048,-0.199316,-0.698091,500,-7390.82,198.18,115.086,280.889,-8464.31,677.514,436.376,-238.196
45,-0.28061,-7192.63,-0.44006,-0.351655,2.63223,-0.690313,500,-7390.82,198.187,115.086,280.889,-8464.31,677.514,436.384,-238.196
46,-0.274217,-7192.6,-0.411986,-0.345261,6.45635,-0.661258,500,-7390.82,198.216,115.086,280.889,-8464.31,677.513,436.412,-238.196
47,-0.267823,-7192.55,-0.355102,-0.338867,11.5852,-0.603582,500,-7390.82,198.272,115.086,280.888,-8464.31,677.513,436.468,-238.196
48,-0.261429,-7192.31,-0.120468,-0.332473,17.5715,-0.510372,500,-7390.82,198.507,115.086,280.888,-8464.31,677.513,436.703,-238.196
49,-0.255036,-7192.03,0.157673,-0.32608,25.8273,-0.371632,500,-7390.82,198.785,115.086,280.888,-8464.31,677.513,436.981,-238.196
50,-0.248642,-7191.83,0.35962,-0.319686,37.8999,-0.167905,500,-7390.82,198.987,115.086,280.888,-8464.31,677.513,437.183,-238.196
51,-0.242248,-7191.54,0.650477,-0.313292,53.811,0.125282,500,-7390.82,199.278,115.086,280.888,-8464.31,677.513,437.474,-238.196
52,-0.235854,-7191.2,0.98575,-0.306899,74.2872,0.534794,500,-7390.82,199.613,115.086,280.888,-8464.31,677.513,437.809,-238.196
53,-0.229461,-7190.72,1.47147,-0.300505,101.323,1.09619,500,-7390.82,200.099,115.086,280.888,-8464.31,677.513,438.295,-238.196
54,-0.223067,-7190.06,2.13332,-0.294111,136.819,1.8575,500,-7390.82,200.761,115.086,280.888,-8464.31,677.513,438.957,-238.196
55,-0.216673,-7189.09,3.10473,-0.287717,183.844,2.88262,500,-7390.82,201.732,115.086,280.888,-8464.31,677.513,439.928,-238.196
56,-0.210279,-7195,-2.80751,-0.281324,-4.52108,3.45588,500,-7390.61,195.617,114.005,280.432,-8462.79,677.733,434.303,-238.686
57,-0.203886,-7195.32,-3.1295,-0.27493,-4.91897,3.42571,500,-7390.68,195.358,115.374,281.2,-8464.45,677.198,433.431,-238.073
58,-0.197492,-7195.34,-3.15354,-0.268536,-4.3301,3.39614,500,-7390.96,195.611,114.144,281.25,-8463.91,677.565,434.597,-238.986
59,-0.191098,-7195.43,-3.23733,-0.262143,-3.42701,3.37134,500,-7390.84,195.416,115,281.665,-8464.68,677.175,433.61,-238.194
60,-0.184705,-7195.18,-2.98816,-0.255749,-2.13167,3.35357,500,-7390.96,195.781,114.411,279.702,-8463.06,677.985,434.992,-239.211
61,-0.178311,-7195.82,-3.62539,-0.249355,-0.621159,3.34477,500,-7391.02,195.202,114.953,281.442,-8464.59,677.18,433.707,-238.505
62,-0.171917,-7195.42,-3.22704,-0.242961,-0.269942,3.34192,500,-7391.02,195.603,114.522,279.966,-8463.18,677.669,434.78,-239.176
63,-0.165523,-7195.86,-3.6714,-0.236568,1.17979,3.34483,500,-7390.75,194.884,114.787,280.666,-8463.41,677.21,433.77,-238.886
64,-0.15913,-7196.1,-3.9073,-0.230174,6.35942,3.36893,500,-7390.84,194.739,115.179,280.992,-8464.29,677.285,433.381,-238.642
65,-0.152736,-7196.16,-3.97034,-0.22378,7.78798,3.41416,500,-7391.03,194.867,114.864,281.476,-8464.5,677.129,433.623,-238.756
66,-0.146342,-7195.93,-3.73615,-0.217386,11.9455,3.47724,500,-7391.17,195.244,114.88,281.598,-8464.7,677.055,434.02,-238.776
67,-0.139949,-7196.04,-3.84986,-0.210993,16.5709,3.56841,500,-7390.93,194.894,115.242,281.47,-8464.64,676.99,433.563,-238.669
68,-0.133555,-7195.84,-3.65213,-0.204599,16.9514,3.67557,500,-7391.04,195.194,114.717,281.076,-8463.69,676.86,434.238,-239.044
69,-0.127161,-7195.38,-3.1921,-0.198205,21.1545,3.79739,500,-7391.45,196.068,114.492,281.156,-8464.18,677.08,435.148,-239.08
70,-0.120767,-7195.54,-3.35071,-0.191812,27.0821,3.9516,500,-7391.09,195.547,115.003,282.926,-8465.6,676.588,434.127,-238.58
71,-0.114374,-7195.36,-3.17305,-0.185418,34.6981,4.1491,500,-7391.07,195.701,114.809,282.7,-8465.24,676.667,434.535,-238.834
72,-0.10798,-7194.99,-2.80054,-0.179024,38.8462,4.38421,500,-7391.37,196.379,114.651,281.868,-8464.52,676.636,435.514,-239.135
73,-0.101586,-7195.12,-2.92469,-0.17263,37.7238,4.62899,500,-7390.82,195.708,115.317,283.487,-8465.95,676.318,434.165,-238.457
74,-0.0951925,-7195,-2.81193,-0.166237,41.4553,4.88212,500,-7391.11,196.103,115.197,282.591,-8465.42,676.525,434.677,-238.575
75,-0.0887988,-7194.84,-2.64701,-0.159843,45.2119,5.15918,500,-7391.12,196.279,115.274,282.808,-8465.66,676.463,434.852,-238.572
76,-0.0824051,-7194.6,-2.40925,-0.153449,49.3594,5.46151,500,-7391.02,196.421,115.205,283.498,-8465.99,676.267,434.992,-238.571
77,-0.0760114,-7194.35,-2.16264,-0.147056,50.7522,5.78155,500,-7391.21,196.857,115.232,283.709,-8466.2,676.047,435.338,-238.482
78,-0.0696176,-7194.08,-1.88968,-0.140662,54.5501,6.11819,500,-7391.2,197.119,115.052,284.123,-8466.48,676.104,435.591,-238.473
79,-0.0632239,-7193.77,-1.58145,-0.134268,55.9195,6.47135,500,-7390.96,197.186,115.196,283.967,-8466.05,675.925,435.816,-238.63
80,-0.0568302,-7193.51,-1.32076,-0.127874,55.5796,6.82779,500,-7390.83,197.322,115.293,284.396,-8466.25,675.73,435.876,-238.554
81,-0.0504365,-7193.32,-1.12963,-0.121481,54.431,7.17948,500,-7390.9,197.583,115.087,284.661,-8466.46,675.812,436.032,-238.449
82,-0.0440428,-7192.99,-0.796524,-0.115087,51.7933,7.51907,500,-7390.91,197.927,115.196,284.684,-8466.48,675.687,436.395,-238.468
83,-0.037649,-7192.63,-0.439661,-0.108693,49.2306,7.84203,500,-7391.14,198.51,115.132,285.204,-8467.28,675.807,436.88,-238.371
84,-0.0312553,-7192.31,-0.117763,-0.1023,45.6271,8.14527,500,-7390.88,198.576,115.167,285.105,-8466.7,675.545,437.022,-238.447
85,-0.0248616,-7192.1,0.0898052,-0.0959058,39.8747,8.41861,500,-7391.1,199.003,114.991,285.789,-8467.42,675.54,437.303,-238.3
86,-0.0184679,-7192.03,0.159203,-0.0895121,34.0289,8.65487,500,-7391.01,198.979,115.209,285.383,-8467.06,675.461,437.393,-238.413
87,-0.0120742,-7191.73,0.463982,-0.0831184,27.0329,8.85008,500,-7391.14,199.415,114.98,286.024,-8467.77,675.625,437.674,-238.258
88,-0.00568044,-7191.75,0.436135,-0.0767246,18.235,8.99479,500,-7391.07,199.319,115.183,286.186,-8467.74,675.299,437.336,-238.018
89,0.000713277,-7193.17,-0.9821,-0.0703309,6.46616,9.07376,500,-7391.09,197.915,115.171,285.99,-8467.61,675.364,435.7,-237.785
90,0.007107,-7193.16,-0.965893,-0.0639372,-0.677861,9.09226,500,-7391.25,198.093,114.761,286.249,-8467.25,674.996,435.866,-237.773
91,0.0135007,-7192.25,-0.0563589,-0.0575435,-7.51166,9.06608,500,-7391.2,198.957,115.021,286.817,-8468.15,675.112,436.656,-237.699
92,0.0198944,-7192.05,0.145123,-0.0511498,-16.2953,8.98997,500,-7390.99,198.948,115.215,286.401,-8467.81,675.199,436.925,-237.977
93,0.0262882,-7192.5,-0.306828,-0.044756,-24.5373,8.85944,500,-7391.18,198.682,114.479,286.009,-8467.07,675.407,437.063,-238.381
94,0.0326819,-7192.31,-0.120722,-0.0383623,-33.3458,8.67439,500,-7390.94,198.632,114.311,286.014,-8466.96,675.693,436.942,-238.309
95,0.0390756,-7192.98,-0.786761,-0.0319686,-37.1515,8.44902,500,-7390.86,197.879,114.543,285.519,-8466.49,675.574,436.107,-238.228
96,0.0454693,-7193.32,-1.12873,-0.0255749,-43.0458,8.19264,500,-7390.57,197.255,115.117,284.935,-8466.28,675.65,435.276,-238.02
97,0.051863,-7193.26,-1.06563,-0.0191812,-49.8038,7.89582,500,-7391.15,197.89,114.172,285.375,-8466.49,675.794,436.081,-238.192
98,0.0582568,-7193.55,-1.36314,-0.0127874,-53.9224,7.56422,500,-7390.96,197.407,114.066,285.273,-8465.94,675.637,435.754,-238.347
99,0.0646505,-7194,-1.80779,-0.00639372,-56.3708,7.21163,500,-7390.88,196.885,114.281,285.331,-8465.83,675.338,435.312,-238.427
100,0.0710442,-7194.32,-2.12607,0,-57.8295,6.84655,500,-7390.94,196.625,114.148,284.443,-8465.34,675.809,435.01,-238.385
101,0.0774379,-7194.85,-2.65606,0.00639372,-55.727,6.48352,500,-7390.58,195.729,114.663,284.331,-8465.49,675.921,433.896,-238.167
102,0.0838316,-7195.03,-2.8426,0.0127874,-57.2242,6.12243,500,-7390.91,195.88,114.156,283.691,-8464.74,675.981,434.266,-238.387
103,0.0902254,-7195.32,-3.13244,0.0191812,-57.3881,5.75603,500,-7390.9,195.577,114.139,283.504,-8464.56,676.016,433.958,-238.38
104,0.0966191,-7195.76,-3.57422,0.0255749,-53.0984,5.40282,500,-7390.65,194.888,114.455,283.096,-8464.72,676.52,433.137,-238.249
105,0.103013,-7196.08,-3.88973,0.0319686,-49.8323,5.07377,500,-7390.9,194.823,114.203,282.557,-8463.95,676.284,433.258,-238.435
106,0.109407,-7196.35,-4.16011,0.0383623,-46.9201,4.76446,500,-7390.92,194.571,114.235,282.404,-8463.87,676.308,432.984,-238.414
107,0.1158,-7196.6,-4.40514,0.044756,-41.9885,4.48023,500,-7390.95,194.351,114.23,282.129,-8463.66,676.354,432.79,-238.439
108,0.122194,-7196.81,-4.62416,0.0511498,-35.3741,4.23292,500,-7390.95,194.136,114.189,281.778,-8463.22,676.298,432.613,-238.477
109,0.128588,-7197.05,-4.86215,0.0575435,-30.6643,4.0218,500,-7390.98,193.931,114.283,281.701,-8463.4,676.433,432.392,-238.461
110,0.134981,-7197.34,-5.14499,0.0639372,-25.4166,3.84252,500,-7391.02,193.685,114.375,281.546,-8463.44,676.496,432.044,-238.36
111,0.141375,-7197.58,-5.38648,0.0703309,-20.5987,3.69542,500,-7390.89,193.318,115.158,282.178,-8464.54,676.306,431.231,-237.913
112,0.147769,-7197.43,-5.2395,0.0767246,-15.1109,3.58126,500,-7391.05,193.616,114.343,280.965,-8462.8,676.445,432.174,-238.558
113,0.154163,-7197.79,-5.59918,0.0831184,-12.1065,3.49425,500,-7391.13,193.34,114.399,281.012,-8463.14,676.602,431.699,-238.358
114,0.160556,-7197.89,-5.70035,0.0895121,-8.87794,3.42716,500,-7390.9,193.006,115.057,281.231,-8463.66,676.476,431.211,-238.205
115,0.16695,-7198.01,-5.82024,0.0959058,-7.77417,3.37393,500,-7390.88,192.864,115.041,281.597,-8463.85,676.338,430.91,-238.046
116,0.173344,-7197.95,-5.75913,0.1023,-3.98386,3.33634,500,-7391.13,193.183,115.31,281.843,-8464.59,676.299,431.11,-237.927
117,0.179737,-7197.85,-5.66388,0.108693,-2.20564,3.31655,500,-7390.64,192.781,115.325,280.363,-8462.96,676.632,430.99,-238.209
118,0.186131,-7197.81,-5.62037,0.115087,-1.1462,3.30584,500,-7391,193.189,114.707,280.693,-8462.97,676.574,431.59,-238.401
119,0.192525,-7197.98,-5.78978,0.121481,-0.000911675,3.30217,500,-7391.06,193.076,115.109,280.761,-8463.31,676.386,431.189,-238.112
120,0.198919,-7197.99,-5.79752,0.127874,1.03542,3.30548,500,-7390.94,192.95,115.358,280.934,-8463.18,675.953,431.047,-238.097
121,0.205312,-7198.1,-5.91042,0.134268,1.67743,3.31415,500,-7390.91,192.812,115.423,281.252,-8464.04,676.451,430.65,-237.838
122,0.211706,-7198.16,-5.96441,0.140662,1.58277,3.32457,500,-7390.94,192.782,115.205,281.511,-8463.65,675.996,430.742,-237.961
123,0.2181,-7198.03,-5.84027,0.147056,-1.18069,3.32586,500,-7390.91,192.88,115.367,280.457,-8462.98,676.247,431.062,-238.182
124,0.224493,-7193.93,-1.7368,0.153449,-85.5248,3.04867,500,-7390.29,196.36,114.522,282.555,-8464.19,676.828,433.025,-236.665
125,0.230887,-7193.15,-0.958496,0.159843,-124.677,2.37669,500,-7390.29,197.138,114.522,282.555,-8464.19,676.828,433.803,-236.665
126,0.237281,-7193.84,-1.64567,0.166237,-91.7598,1.68477,500,-7390.29,196.451,114.522,282.555,-8464.19,676.828,433.116,-236.665
127,0.243675,-7194.41,-2.22232,0.17263,-66.9771,1.17731,500,-7390.52,196.11,115.113,282.108,-8464.41,676.667,432.822,-236.712
128,0.250068,-7195.06,-2.87217,0.179024,-58.4684,0.776279,500,-7390.78,195.715,114.963,281.785,-8463.98,676.455,433.108,-237.392
129,0.256462,-7195.27,-3.08297,0.185418,-47.4117,0.437795,500,-7390.78,195.505,114.963,281.785,-8463.98,676.455,432.897,-237.392
130,0.262856,-7195.53,-3.33738,0.191812,-32.8412,0.181238,500,-7390.78,195.25,114.963,281.785,-8463.98,676.455,432.643,-237.392
131,0.26925,-7195.99,-3.80041,0.198205,-23.5813,0.000863685,500,-7390.78,194.787,114.963,281.785,-8463.98,676.455,432.18,-237.392
132,0.275643,-7196.11,-3.92349,0.204599,-15.3119,-0.123473,500,-7390.78,194.664,114.963,281.785,-8463.98,676.455,432.056,-237.392
133,0.282037,-7196.19,-4.00059,0.210993,-9.10525,-0.201531,500,-7390.78,194.587,114.963,281.785,-8463.98,676.455,431.979,-237.392
134,0.288431,-7196.23,-4.04327,0.217386,-4.47165,-0.244934,500,-7390.78,194.544,114.963,281.785,-8463.98,676.455,431.937,-237.392
135,0.294824,-7196.25,-4.06032,0.22378,-1.03636,-0.262543,500,-7390.78,194.527,114.963,281.785,-8463.98,676.455,431.92,-237.392
136,0.301218,-7196.11,-3.91645,0.230174,0.623035,-0.263864,500,-7390.78,194.671,114.963,281.785,-8463.98,676.455,432.063,-237.392
137,0.307612,-7195.96,-3.76657,0.236568,1.62489,-0.256678,500,-7390.78,194.821,114.963,281.785,-8463.98,676.455,432.213,-237.392
138,0.314006,-7195.94,-3.75157,0.242961,2.99332,-0.241914,500,-7390.78,194.836,114.963,281.785,-8463.98,676.455,432.228,-237.392
139,0.320399,-7195.92,-3.72913,0.249355,3.96677,-0.219664,500,-7390.78,194.858,114.963,281.785,-8463.98,676.455,432.251,-237.392
140,0.326793,-7195.89,-3.70147,0.255749,4.64414,-0.192136,500,-7390.78,194.886,114.963,281.785,-8463.98,676.455,432.278,-237.392
141,0.333187,-7195.86,-3.67022,0.262143,5.10118,-0.160981,500,-7390.78,194.917,114.963,281.785,-8463.98,676.455,432.31,-237.392
142,0.33958,-7195.83,-3.63658,0.268536,5.39584,-0.127424,500,-7390.78,194.951,114.963,281.785,-8463.98,676.455,432.343,-237.392
143,0.345974,-7195.79,-3.60147,0.27493,5.57244,-0.0923599,500,-7390.78,194.986,114.963,281.785,-8463.98,676.455,432.378,-237.392
144,0.352368,-7195.76,-3.56551,0.281324,5.66476,-0.0564361,500,-7390.78,195.022,114.963,281.785,-8463.98,676.455,432.414,-237.392
145,0.358762,-7195.7,-3.50542,0.287717,5.5594,-0.020554,500,-7390.78,195.082,114.963,281.785,-8463.98,676.455,432.475,-237.392
146,0.365155,-7195.59,-3.40069,0.294111,5.14971,0.0136815,500,-7390.78,195.187,114.963,281.785,-8463.98,676.455,432.579,-237.392
147,0.371549,-7195.51,-3.32181,0.300505,4.86149,0.0456859,500,-7390.78,195.266,114.963,281.785,-8463.98,676.455,432.658,-237.392
148,0.377943,-7195.48,-3.29077,0.306899,4.84511,0.0767165,500,-7390.78,195.297,114.963,281.785,-8463.98,676.455,432.689,-237.392
149,0.384336,-7195.45,-3.25986,0.313292,4.8233,0.107625,500,-7390.78,195.328,114.963,281.785,-8463.98,676.455,432.72,-237.392
150,0.39073,-7195.42,-3.22909,0.319686,4.80213,0.138396,500,-7390.78,195.358,114.963,281.785,-8463.98,676.455,432.751,-237.392
151,0.397124,-7195.39,-3.19844,0.32608,4.78597,0.169048,500,-7390.78,195.389,114.963,281.785,-8463.98,676.455,432.781,-237.392
152,0.403518,-7195.36,-3.16787,0.332473,4.77797,0.199623,500,-7390.78,195.42,114.963,281.785,-8463.98,676.455,432.812,-237.392
153,0.409911,-7195.5,-3.30491,0.338867,3.75662,0.226907,500,-7390.78,195.283,114.963,281.785,-8463.98,676.455,432.675,-237.392
154,0.416305,-7195.59,-3.40409,0.345261,2.98932,0.248472,500,-7390.78,195.183,114.963,281.785,-8463.98,676.455,432.576,-237.392
155,0.422699,-7195.58,-3.38509,0.351655,2.95462,0.267474,500,-7390.78,195.202,114.963,281.785,-8463.98,676.455,432.595,-237.392
156,0.429093,-7195.49,-3.29545,0.358048,2.43865,0.284716,500,-7390.78,195.292,114.963,281.785,-8463.98,676.455,432.684,-237.392
157,0.435486,-7195.4,-3.21054,0.364442,1.9627,0.298786,500,-7390.78,195.377,114.963,281.785,-8463.98,676.455,432.769,-237.392
158,0.44188,-7195.39,-3.19785,0.370836,2.00682,0.311476,500,-7390.78,195.39,114.963,281.785,-8463.98,676.455,432.782,-237.392
159,0.448274,-7195.38,-3.18485,0.377229,2.06167,0.324483,500,-7390.78,195.403,114.963,281.785,-8463.98,676.455,432.795,-237.392
160,0.454667,-7195.36,-3.17147,0.383623,2.12703,0.337873,500,-7390.78,195.416,114.963,281.785,-8463.98,676.455,432.808,-237.392
161,0.461061,-7195.35,-3.15763,0.390017,2.20262,0.351715,500,-7390.78,195.43,114.963,281.785,-8463.98,676.455,432.822,-237.392
162,0.467455,-7195.33,-3.14328,0.396411,2.28809,0.366071,500,-7390.78,195.444,114.963,281.785,-8463.98,676.455,432.837,-237.392
163,0.473849,-7195.32,-3.12835,0.402804,2.38308,0.381004,500,-7390.78,195.459,114.963,281.785,-8463.98,676.455,432.852,-237.392
164,0.480242,-7195.3,-3.11279,0.409198,2.48719,0.396573,500,-7390.78,195.475,114.963,281.785,-8463.98,676.455,432.867,-237.392
165,0.486636,-7195.58,-3.38912,0.415592,0.829809,0.407177,500,-7390.78,195.198,114.963,281.785,-8463.98,676.455,432.591,-237.392
166,0.49303,-7195.57,-3.38363,0.421986,0.890977,0.412679,500,-7390.78,195.204,114.963,281.785,-8463.98,676.455,432.596,-237.392
167,0.499423,-7195.57,-3.37772,0.428379,0.959203,0.418593,500,-7390.78,195.21,114.963,281.785,-8463.98,676.455,432.602,-237.392
168,0.505817,-7195.54,-3.34756,0.434773,0.893115,0.424515,500,-7390.78,195.24,114.963,281.785,-8463.98,676.455,432.632,-237.392
169,0.512211,-7195.42,-3.22506,0.441167,0.280498,0.428267,500,-7390.78,195.363,114.963,281.785,-8463.98,676.455,432.755,-237.392
170,0.518605,-7195.41,-3.21444,0.44756,0.323968,0.430199,500,-7390.78,195.373,114.963,281.785,-8463.98,676.455,432.765,-237.392
171,0.524998,-7195.4,-3.21198,0.453954,0.449027,0.43267,500,-7390.78,195.376,114.963,281.785,-8463.98,676.455,432.768,-237.392
172,0.531392,-7195.28,-3.09019,0.460348,-0.163229,0.433584,500,-7390.78,195.497,114.963,281.785,-8463.98,676.455,432.89,-237.392
173,0.537786,-7195.26,-3.06727,0.466742,-0.150668,0.43258,500,-7390.78,195.52,114.963,281.785,-8463.98,676.455,432.913,-237.392
174,0.544179,-7195.24,-3.04481,0.473135,-0.179957,0.431524,500,-7390.78,195.543,114.963,281.785,-8463.98,676.455,432.935,-237.392
175,0.550573,-7195.24,-3.04537,0.479529,0.00700566,0.430971,500,-7390.78,195.542,114.963,281.785,-8463.98,676.455,432.935,-237.392
176,0.556967,-7195.24,-3.04472,0.485923,0.196801,0.431622,500,-7390.78,195.543,114.963,281.785,-8463.98,676.455,432.935,-237.392
177,0.563361,-7195.23,-3.04285,0.492316,0.389342,0.433496,500,-7390.78,195.545,114.963,281.785,-8463.98,676.455,432.937,-237.392
178,0.569754,-7195.23,-3.03973,0.49871,0.584559,0.436609,500,-7390.78,195.548,114.963,281.785,-8463.98,676.455,432.94,-237.392
179,0.576148,-7195.23,-3.03536,0.505104,0.782395,0.440979,500,-7390.78,195.552,114.963,281.785,-8463.98,676.455,432.945,-237.392
180,0.582542,-7195.22,-3.02972,0.511498,0.982805,0.446622,500,-7390.78,195.558,114.963,281.785,-8463.98,676.455,432.95,-237.392
181,0.588936,-7194.9,-2.7137,0.517891,-0.783679,0.447259,500,-7390.78,195.874,114.963,281.785,-8463.98,676.455,433.266,-237.392
182,0.595329,-7194.91,-2.71781,0.524285,-0.50306,0.443146,500,-7390.78,195.87,114.963,281.785,-8463.98,676.455,433.262,-237.392
183,0.601723,-7194.91,-2.72013,0.530679,-0.222367,0.440826,500,-7390.78,195.867,114.963,281.785,-8463.98,676.455,433.26,-237.392
184,0.608117,-7194.91,-2.72066,0.537072,0.0584116,0.440302,500,-7390.78,195.867,114.963,281.785,-8463.98,676.455,433.259,-237.392
185,0.61451,-7194.91,-2.71939,0.543466,0.339289,0.441574,500,-7390.78,195.868,114.963,281.785,-8463.98,676.455,433.261,-237.392
186,0.620904,-7194.91,-2.71632,0.54986,0.62028,0.444641,500,-7390.78,195.871,114.963,281.785,-8463.98,676.455,433.264,-237.392
187,0.627298,-7194.93,-2.7354,0.556254,0.756901,0.449044,500,-7390.78,195.852,114.963,281.785,-8463.98,676.455,433.245,-237.392
188,0.633692,-7195.19,-2.99963,0.562647,-0.578144,0.449615,500,-7390.78,195.588,114.963,281.785,-8463.98,676.455,432.98,-237.392
189,0.640085,-7195.19,-3.00261,0.569041,-0.354721,0.446633,500,-7390.78,195.585,114.963,281.785,-8463.98,676.455,432.977,-237.392
190,0.646479,-7195.19,-3.00417,0.575435,-0.131881,0.445078,500,-7390.78,195.583,114.963,281.785,-8463.98,676.455,432.976,-237.392
191,0.652873,-7195.2,-3.0043,0.581829,0.090474,0.444945,500,-7390.78,195.583,114.963,281.785,-8463.98,676.455,432.976,-237.392
192,0.659266,-7195.19,-3.00301,0.588222,0.312438,0.446233,500,-7390.78,195.585,114.963,281.785,-8463.98,676.455,432.977,-237.392
193,0.66566,-7195.19,-3.00031,0.594616,0.534105,0.44894,500,-7390.78,195.587,114.963,281.785,-8463.98,676.455,432.98,-237.392
194,0.672054,-7195.19,-2.99618,0.60101,0.75557,0.453062,500,-7390.78,195.591,114.963,281.785,-8463.98,676.455,432.984,-237.392
195,0.678448,-7195.18,-2.99065,0.607403,0.976922,0.458601,500,-7390.78,195.597,114.963,281.785,-8463.98,676.455,432.989,-237.392
196,0.684841,-7195.17,-2.98369,0.613797,1.19824,0.465555,500,-7390.78,195.604,114.963,281.785,-8463.98,676.455,432.996,-237.392
197,0.691235,-7195.17,-2.97532,0.620191,1.41961,0.473924,500,-7390.78,195.612,114.963,281.785,-8463.98,676.455,433.005,-237.392
198,0.697629,-7195.16,-2.96554,0.626585,1.6411,0.483708,500,-7390.78,195.622,114.963,281.785,-8463.98,676.455,433.014,-237.392
199,0.704022,-7195.47,-3.27789,0.632978,-0.174922,0.488395,500,-7390.78,195.31,114.963,281.785,-8463.98,676.455,432.702,-237.392
200,0.710416,-7195.47,-3.27854,0.639372,-0.031593,0.487735,500,-7390.78,195.309,114.963,281.785,-8463.98,676.455,432.701,-237.392
