step,rz,Epot,Epot00,prob_atom_z,prob_atom_fz,prob_atom_fz_integral,n_steps_of_optimization,BondedTermsEnergy,NonBondedTermsEnergy,BondStretchEnergy,AngleStretchEnergy,TorsionEnergy,OutOfPlaneEnergy,DispersionEnergy,ElectrostaticEnergy
0,0.710416,-7192.19,0,0.639372,0.0136815,0,500,-7390.82,198.629,115.087,280.881,-8464.3,677.513,436.824,-238.196
1,0.704022,-7192.09,0.10121,0.632978,-0.539167,-0.0016799,500,-7390.82,198.73,115.087,280.881,-8464.3,677.513,436.926,-238.196
2,0.697629,-7191.9,0.286735,0.626585,-1.48759,-0.00815915,500,-7390.82,198.915,115.087,280.881,-8464.3,677.513,437.111,-238.196
3,0.691235,-7191.89,0.30106,0.620191,-1.41063,-0.0174243,500,-7390.82,198.93,115.087,280.881,-8464.3,677.513,437.126,-238.196
4,0.684841,-7191.9,0.29275,0.613797,-1.1889,-0.0257347,500,-7390.82,198.921,115.087,280.881,-8464.3,677.513,437.117,-238.196
5,0.678448,-7191.9,0.285857,0.607403,-0.967241,-0.0326276,500,-7390.82,198.914,115.087,280.881,-8464.3,677.513,437.11,-238.196
6,0.672054,-7191.91,0.280381,0.60101,-0.745565,-0.0381032,500,-7390.82,198.909,115.087,280.881,-8464.3,677.513,437.105,-238.196
7,0.66566,-7191.91,0.276323,0.594616,-0.523789,-0.0421611,500,-7390.82,198.905,115.087,280.881,-8464.3,677.513,437.101,-238.196
8,0.659266,-7191.92,0.273684,0.588222,-0.301829,-0.0448005,500,-7390.82,198.902,115.087,280.881,-8464.3,677.513,437.098,-238.196
9,0.652873,-7191.92,0.272464,0.581829,-0.0795865,-0.0460198,500,-7390.82,198.901,115.087,280.881,-8464.3,677.513,437.097,-238.196
10,0.646479,-7191.92,0.272667,0.575435,0.143029,-0.045817,500,-7390.82,198.901,115.087,280.881,-8464.3,677.513,437.097,-238.196
11,0.640085,-7191.92,0.274294,0.569041,0.366113,-0.0441894,500,-7390.82,198.903,115.087,280.881,-8464.3,677.513,437.099,-238.196
12,0.633692,-7191.89,0.301159,0.562647,0.449215,-0.0415829,500,-7390.82,198.93,115.087,280.881,-8464.3,677.513,437.126,-238.196
13,0.627298,-7191.74,0.445629,0.556254,-0.165915,-0.0406772,500,-7390.82,199.074,115.087,280.881,-8464.3,677.513,437.27,-238.196
14,0.620904,-7191.63,0.560923,0.54986,-0.609303,-0.0431555,500,-7390.82,199.19,115.087,280.881,-8464.3,677.513,437.385,-238.196
15,0.61451,-7191.63,0.557926,0.543466,-0.328087,-0.0461522,500,-7390.82,199.187,115.087,280.881,-8464.3,677.513,437.382,-238.196
16,0.608117,-7191.63,0.556727,0.537072,-0.0470052,-0.0473513,500,-7390.82,199.185,115.087,280.881,-8464.3,677.513,437.381,-238.196
17,0.601723,-7191.63,0.557325,0.530679,0.233956,-0.0467536,500,-7390.82,199.186,115.087,280.881,-8464.3,677.513,437.382,-238.196
18,0.595329,-7191.63,0.559719,0.524285,0.51481,-0.0443599,500,-7390.82,199.188,115.087,280.881,-8464.3,677.513,437.384,-238.196
19,0.588936,-7191.68,0.508837,0.517891,0.352466,-0.0415874,500,-7390.82,199.137,115.087,280.881,-8464.3,677.513,437.333,-238.196
20,0.582542,-7191.87,0.316585,0.511498,-0.572493,-0.0422908,500,-7390.82,198.945,115.087,280.881,-8464.3,677.513,437.141,-238.196
21,0.576148,-7191.95,0.240027,0.505104,-0.797001,-0.0466688,500,-7390.82,198.869,115.087,280.881,-8464.3,677.513,437.065,-238.196
22,0.569754,-7191.95,0.235559,0.49871,-0.601305,-0.051139,500,-7390.82,198.864,115.087,280.881,-8464.3,677.513,437.06,-238.196
23,0.563361,-7191.96,0.232332,0.492316,-0.408447,-0.0543671,500,-7390.82,198.861,115.087,280.881,-8464.3,677.513,437.057,-238.196
24,0.556967,-7191.96,0.230329,0.485923,-0.218498,-0.0563713,500,-7390.82,198.859,115.087,280.881,-8464.3,677.513,437.055,-238.196
25,0.550573,-7191.96,0.229532,0.479529,-0.0315462,-0.0571707,500,-7390.82,198.858,115.087,280.881,-8464.3,677.513,437.054,-238.196
26,0.544179,-7191.96,0.229919,0.473135,0.152303,-0.0567846,500,-7390.82,198.858,115.087,280.881,-8464.3,677.513,437.054,-238.196
27,0.537786,-7191.98,0.206525,0.466742,0.112297,-0.0559388,500,-7390.82,198.835,115.087,280.881,-8464.3,677.513,437.031,-238.196
28,0.531392,-7192.06,0.135346,0.460348,-0.181292,-0.0561593,500,-7390.82,198.764,115.087,280.881,-8464.3,677.513,436.96,-238.196
29,0.524998,-7192.13,0.0615581,0.453954,-0.493872,-0.0583177,500,-7390.82,198.69,115.087,280.881,-8464.3,677.513,436.886,-238.196
30,0.518605,-7192.14,0.0553632,0.44756,-0.402901,-0.0611846,500,-7390.82,198.684,115.087,280.881,-8464.3,677.513,436.88,-238.196
31,0.512211,-7192.14,0.0478343,0.441167,-0.335518,-0.0635452,500,-7390.82,198.676,115.087,280.881,-8464.3,677.513,436.872,-238.196
32,0.505817,-7192.24,-0.0519354,0.434773,-0.818154,-0.0672333,500,-7390.82,198.577,115.087,280.881,-8464.3,677.513,436.773,-238.196
33,0.499423,-7192.3,-0.105585,0.428379,-1.02605,-0.073129,500,-7390.82,198.523,115.087,280.881,-8464.3,677.513,436.719,-238.196
34,0.49303,-7192.3,-0.111945,0.421986,-0.964505,-0.0794925,500,-7390.82,198.517,115.087,280.881,-8464.3,677.513,436.713,-238.196
35,0.486636,-7192.28,-0.0941815,0.415592,-1.05292,-0.085942,500,-7390.82,198.534,115.087,280.881,-8464.3,677.513,436.73,-238.196
36,0.480242,-7192.08,0.110234,0.409198,-2.28513,-0.0966133,500,-7390.82,198.739,115.087,280.881,-8464.3,677.513,436.935,-238.196
37,0.473849,-7192.05,0.141831,0.402804,-2.48093,-0.11185,500,-7390.82,198.77,115.087,280.881,-8464.3,677.513,436.966,-238.196
38,0.467455,-7192.06,0.126249,0.396411,-2.39466,-0.127436,500,-7390.82,198.755,115.087,280.881,-8464.3,677.513,436.951,-238.196
39,0.461061,-7192.08,0.111188,0.390017,-2.31842,-0.142503,500,-7390.82,198.74,115.087,280.881,-8464.3,677.513,436.936,-238.196
40,0.454667,-7192.09,0.0965806,0.383623,-2.25256,-0.157116,500,-7390.82,198.725,115.087,280.881,-8464.3,677.513,436.921,-238.196
41,0.448274,-7192.11,0.0823606,0.377229,-2.19734,-0.171342,500,-7390.82,198.711,115.087,280.881,-8464.3,677.513,436.907,-238.196
42,0.44188,-7192.12,0.068459,0.370836,-2.15298,-0.185249,500,-7390.82,198.697,115.087,280.881,-8464.3,677.513,436.893,-238.196
43,0.435486,-7192.14,0.0548062,0.364442,-2.11955,-0.198908,500,-7390.82,198.683,115.087,280.881,-8464.3,677.513,436.879,-238.196
44,0.429093,-7192.22,-0.0317858,0.358048,-2.61188,-0.214034,500,-7390.82,198.597,115.087,280.881,-8464.3,677.513,436.793,-238.196
45,0.422699,-7192.31,-0.122034,0.351655,-3.13365,-0.232401,500,-7390.82,198.507,115.087,280.881,-8464.3,677.513,436.702,-238.196
46,0.416305,-7192.33,-0.142206,0.345261,-3.17819,-0.252579,500,-7390.82,198.486,115.087,280.881,-8464.3,677.513,436.682,-238.196
47,0.409911,-7192.21,-0.0215667,0.338867,-4.09044,-0.275816,500,-7390.82,198.607,115.087,280.881,-8464.3,677.513,436.803,-238.196
48,0.403518,-7192.1,0.0916667,0.332473,-4.98397,-0.304826,500,-7390.82,198.72,115.087,280.881,-8464.3,677.513,436.916,-238.196
49,0.397124,-7192.13,0.0597653,0.32608,-4.99605,-0.33673,500,-7390.82,198.688,115.087,280.881,-8464.3,677.513,436.884,-238.196
50,0.39073,-7192.16,0.0277708,0.319686,-5.01239,-0.368726,500,-7390.82,198.656,115.087,280.881,-8464.3,677.513,436.852,-238.196
51,0.384336,-7192.19,-0.00432955,0.313292,-5.02831,-0.400825,500,-7390.82,198.624,115.087,280.881,-8464.3,677.513,436.82,-238.196
52,0.377943,-7192.23,-0.0365139,0.306899,-5.03736,-0.433003,500,-7390.82,198.592,115.087,280.881,-8464.3,677.513,436.788,-238.196
53,0.371549,-7192.26,-0.0687115,0.300505,-5.03081,-0.46519,500,-7390.82,198.56,115.087,280.881,-8464.3,677.513,436.756,-238.196
54,0.365155,-7192.34,-0.148479,0.294111,-5.28173,-0.498157,500,-7390.82,198.48,115.087,280.881,-8464.3,677.513,436.676,-238.196
55,0.358762,-7192.42,-0.230827,0.287717,-5.50272,-0.532634,500,-7390.82,198.398,115.087,280.881,-8464.3,677.513,436.594,-238.196
56,0.352368,-7192.5,-0.314401,0.281324,-5.66432,-0.568333,500,-7390.82,198.314,115.087,280.881,-8464.3,677.513,436.51,-238.196
57,0.345974,-7192.54,-0.350025,0.27493,-5.46122,-0.6039,500,-7390.82,198.279,115.087,280.881,-8464.3,677.513,436.474,-238.196
58,0.33958,-7192.57,-0.383968,0.268536,-5.13194,-0.637765,500,-7390.82,198.245,115.087,280.881,-8464.3,677.513,436.441,-238.196
59,0.333187,-7192.61,-0.415281,0.262143,-4.62959,-0.668971,500,-7390.82,198.213,115.087,280.881,-8464.3,677.513,436.409,-238.196
60,0.326793,-7192.63,-0.44267,0.255749,-3.89284,-0.696216,500,-7390.82,198.186,115.087,280.881,-8464.3,677.513,436.382,-238.196
61,0.320399,-7192.65,-0.464392,0.249355,-2.84153,-0.717745,500,-7390.82,198.164,115.087,280.881,-8464.3,677.513,436.36,-238.196
62,0.314006,-7192.67,-0.478115,0.242961,-1.37101,-0.731212,500,-7390.82,198.15,115.087,280.881,-8464.3,677.513,436.346,-238.196
63,0.307612,-7192.67,-0.480742,0.236568,0.655325,-0.7335,500,-7390.82,198.148,115.087,280.881,-8464.3,677.513,436.344,-238.196
64,0.301218,-7192.88,-0.685781,0.230174,2.08182,-0.72475,500,-7390.82,197.943,115.087,280.881,-8464.3,677.513,436.139,-238.196
65,0.294824,-7192.92,-0.733862,0.22378,5.32517,-0.701071,500,-7390.82,197.895,115.087,280.881,-8464.3,677.513,436.091,-238.196
66,0.288431,-7192.88,-0.684808,0.217386,10.2609,-0.651244,500,-7390.82,197.944,115.087,280.881,-8464.3,677.513,436.14,-238.196
67,0.282037,-7192.79,-0.599686,0.210993,16.8614,-0.564538,500,-7390.82,198.029,115.086,280.881,-8464.3,677.512,436.224,-238.196
68,0.275643,-7192.66,-0.465117,0.204599,25.6476,-0.428643,500,-7390.82,198.163,115.087,280.881,-8464.3,677.512,436.359,-238.196
69,0.26925,-7192.39,-0.19459,0.198205,36.8644,-0.228801,500,-7390.82,198.434,115.087,280.881,-8464.3,677.512,436.63,-238.196
70,0.262856,-7191.89,0.298703,0.191812,50.9792,0.0520228,500,-7390.82,198.927,115.087,280.881,-8464.3,677.512,437.123,-238.196
71,0.256462,-7191.5,0.686769,0.185418,71.3419,0.443066,500,-7390.82,199.315,115.087,280.881,-8464.3,677.512,437.511,-238.196
72,0.250068,-7190.97,1.22464,0.179024,98.1269,0.984834,500,-7390.82,199.853,115.087,280.881,-8464.3,677.512,438.049,-238.196
73,0.243675,-7190.23,1.95943,0.17263,133.318,1.72473,500,-7390.82,200.588,115.087,280.881,-8464.3,677.512,438.784,-238.196
74,0.237281,-7189.24,2.95284,0.166237,179.514,2.72481,500,-7390.82,201.581,115.087,280.881,-8464.3,677.512,439.777,-238.196
75,0.230887,-7195.15,-2.95584,0.159843,-1.56291,3.2937,500,-7391,195.852,115.252,281.218,-8464.76,677.291,434.518,-238.665
76,0.224493,-7195.21,-3.02295,0.153449,-1.58193,3.28364,500,-7391.03,195.821,115.634,281.569,-8465.16,676.92,433.836,-238.015
77,0.2181,-7195.34,-3.14782,0.147056,-2.83036,3.26954,500,-7390.98,195.646,115.06,281.255,-8464.18,676.88,434.659,-239.012
78,0.211706,-7195.36,-3.1656,0.140662,-2.28567,3.25318,500,-7390.75,195.396,115.552,280.378,-8463.5,676.818,434.369,-238.974
79,0.205312,-7195.61,-3.42214,0.134268,-1.90184,3.23979,500,-7391.04,195.424,114.989,280.694,-8463.67,676.95,434.477,-239.053
80,0.198919,-7195.64,-3.45388,0.127874,-0.523286,3.23204,500,-7391.22,195.574,114.68,279.842,-8463.45,677.706,434.788,-239.214
81,0.192525,-7195.77,-3.57853,0.121481,0.311238,3.23136,500,-7391.03,195.266,114.677,280.103,-8463.32,677.506,434.491,-239.225
82,0.186131,-7195.81,-3.62276,0.115087,1.16521,3.23608,500,-7391.07,195.254,114.811,280.099,-8463.42,677.446,434.405,-239.152
83,0.179737,-7195.66,-3.46777,0.108693,2.2931,3.24714,500,-7391.08,195.417,114.363,280.305,-8463.2,677.457,434.735,-239.318
84,0.173344,-7195.89,-3.6953,0.1023,3.65025,3.26614,500,-7390.99,195.109,114.393,280.61,-8463.42,677.425,434.304,-239.195
85,0.16695,-7195.9,-3.7109,0.0959058,6.50907,3.29862,500,-7390.64,194.743,114.451,280.557,-8462.9,677.244,434.108,-239.365
86,0.160556,-7195.84,-3.65388,0.0895121,11.7626,3.35703,500,-7391.05,195.208,114.267,280.708,-8463.3,677.27,434.428,-239.22
87,0.154163,-7195.61,-3.42222,0.0831184,15.339,3.44367,500,-7391.11,195.501,114.172,281.098,-8463.15,676.766,434.856,-239.355
88,0.147769,-7195.94,-3.74799,0.0767246,17.3041,3.54802,500,-7391.04,195.1,114.304,280.815,-8463.47,677.313,434.249,-239.149
89,0.141375,-7195.88,-3.69283,0.0703309,21.2399,3.67124,500,-7391.03,195.142,114.391,280.987,-8463.7,677.295,434.251,-239.109
90,0.134981,-7195.49,-3.30117,0.0639372,24.8967,3.81874,500,-7390.73,195.233,114.655,281.688,-8464.34,677.271,434.101,-238.867
91,0.128588,-7195.23,-3.03984,0.0575435,32.4004,4.00191,500,-7390.99,195.759,114.123,281.57,-8464.12,677.441,434.754,-238.995
92,0.122194,-7195.08,-2.88473,0.0511498,39.064,4.23037,500,-7391.02,195.945,114.386,281.379,-8464.25,677.466,434.959,-239.014
93,0.1158,-7194.82,-2.63081,0.044756,43.8761,4.49552,500,-7391.12,196.299,114.147,281.866,-8464,676.863,435.35,-239.052
94,0.109407,-7194.52,-2.331,0.0383623,49.1191,4.79281,500,-7391.05,196.524,114.387,282.392,-8464.09,676.264,435.535,-239.011
95,0.103013,-7194.31,-2.12267,0.0319686,53.4495,5.12071,500,-7391.13,196.816,114.133,282.633,-8465.29,677.393,435.753,-238.936
96,0.0966191,-7194.31,-2.11973,0.0255749,51.1358,5.45505,500,-7390.83,196.516,114.758,283.696,-8465.65,676.373,435.103,-238.587
97,0.0902254,-7193.82,-1.6327,0.0191812,59.0196,5.8072,500,-7391.3,197.473,114.055,283.293,-8465.15,676.503,436.276,-238.803
98,0.0838316,-7193.62,-1.4334,0.0127874,59.6426,6.18655,500,-7391.04,197.416,114.127,283.567,-8465.18,676.45,436.256,-238.84
99,0.0774379,-7193.46,-1.26466,0.00639372,55.8668,6.55582,500,-7390.76,197.302,115.14,285.145,-8466.28,675.242,435.884,-238.582
100,0.0710442,-7193.06,-0.87272,0,58.3442,6.92093,500,-7391.2,198.141,114.183,284.49,-8465.87,675.989,436.857,-238.716
101,0.0646505,-7192.76,-0.568277,-0.00639372,57.464,7.29116,500,-7391.08,198.317,114.1,284.662,-8465.97,676.138,437.101,-238.784
102,0.0582568,-7192.4,-0.205719,-0.0127874,53.9609,7.64737,500,-7391.25,198.849,114.154,285.005,-8466.69,676.29,437.497,-238.648
103,0.051863,-7192.05,0.136178,-0.0191812,51.5142,7.98455,500,-7391.07,199.011,114.159,285.443,-8466.48,675.81,437.79,-238.779
104,0.0454693,-7191.86,0.327731,-0.0255749,46.2377,8.29705,500,-7391.08,199.218,114.2,285.624,-8466.72,675.819,438.009,-238.791
105,0.0390756,-7191.57,0.623719,-0.0319686,41.1777,8.57651,500,-7390.92,199.353,114.182,285.305,-8466.63,676.221,438.177,-238.824
106,0.0326819,-7191.78,0.410282,-0.0383623,31.0245,8.80733,500,-7390.92,199.141,114.501,285.533,-8466.91,675.959,437.719,-238.577
107,0.0262882,-7191.23,0.956089,-0.044756,25.4412,8.98784,500,-7391.16,199.93,114.146,286.169,-8467.42,675.939,438.626,-238.695
108,0.0198944,-7191.47,0.717833,-0.0511498,15.3241,9.11816,500,-7390.98,199.51,114.865,286.013,-8467.45,675.593,437.949,-238.439
109,0.0135007,-7191.25,0.942305,-0.0575435,7.09301,9.18983,500,-7390.94,199.694,114.89,285.98,-8467.15,675.336,438.445,-238.751
110,0.007107,-7191.27,0.9174,-0.0639372,-1.63415,9.20728,500,-7390.97,199.696,114.73,285.791,-8467.2,675.714,438.354,-238.658
111,0.000713277,-7191.13,1.05633,-0.0703309,-11.0289,9.1668,500,-7390.96,199.829,114.864,285.98,-8467.14,675.335,438.741,-238.912
112,-0.00568044,-7191.13,1.05598,-0.0767246,-20.0056,9.06758,500,-7390.97,199.839,114.972,285.915,-8467.37,675.508,438.894,-239.055
113,-0.0120742,-7191.64,0.552339,-0.0831184,-25.3008,8.92274,500,-7391.12,199.484,114.916,286.714,-8468.1,675.352,437.646,-238.161
114,-0.0184679,-7191.88,0.310554,-0.0895121,-32.5626,8.73776,500,-7390.98,199.095,114.982,286.185,-8467.68,675.542,437.336,-238.24
115,-0.0248616,-7192.07,0.120195,-0.0959058,-38.6764,8.51002,500,-7390.83,198.759,115.039,285.741,-8467.22,675.609,437.116,-238.357
116,-0.0312553,-7192.3,-0.112571,-0.1023,-44.1619,8.2452,500,-7390.98,198.675,114.978,285.472,-8467.22,675.793,437.139,-238.464
117,-0.037649,-7192.73,-0.538356,-0.108693,-47.4195,7.95243,500,-7391.19,198.458,115.265,285.548,-8467.41,675.409,436.578,-238.12
118,-0.0440428,-7193.55,-1.35725,-0.115087,-47.3852,7.64935,500,-7391.08,197.537,115.526,284.578,-8466.85,675.664,435.458,-237.921
119,-0.0504365,-7193.51,-1.32385,-0.121481,-54.2594,7.32441,500,-7390.96,197.441,115.19,284.72,-8466.48,675.619,435.71,-238.269
120,-0.0568302,-7193.93,-1.73636,-0.127874,-54.8627,6.97556,500,-7391.06,197.132,115.082,284.269,-8466.45,676.044,435.426,-238.295
121,-0.0632239,-7194.13,-1.94252,-0.134268,-57.0703,6.61772,500,-7391.41,197.277,115.099,284.385,-8466.38,675.484,435.91,-238.633
122,-0.0696176,-7194.9,-2.70863,-0.140662,-52.4802,6.26751,500,-7391.15,196.248,115.277,283.71,-8466.01,675.872,434.421,-238.173
123,-0.0760114,-7196.05,-3.86103,-0.147056,-43.3088,5.96128,500,-7391.2,195.151,115.39,282.63,-8465.33,676.105,433.11,-237.96
124,-0.0824051,-7196.58,-4.38728,-0.153449,-39.3859,5.69692,500,-7391.13,194.555,115.349,283.345,-8465.77,675.945,432.374,-237.82
125,-0.0887988,-7196.38,-4.19215,-0.159843,-45.1829,5.42656,500,-7391.09,194.708,115.342,283.156,-8465.52,675.929,432.658,-237.95
126,-0.0951925,-7196.62,-4.43243,-0.166237,-41.4948,5.14947,500,-7391.08,194.459,115.304,283.324,-8465.61,675.896,432.406,-237.947
127,-0.101586,-7196.82,-4.62598,-0.17263,-38.9483,4.8923,500,-7391.06,194.246,115.245,282.946,-8465.29,676.041,432.293,-238.047
128,-0.10798,-7197.02,-4.83302,-0.179024,-35.2225,4.65519,500,-7390.87,193.845,115.113,282.615,-8464.66,676.062,432.007,-238.162
129,-0.114374,-7197.29,-5.09454,-0.185418,-29.732,4.44754,500,-7391.01,193.725,115.264,282.342,-8464.74,676.124,431.611,-237.886
130,-0.120767,-7197.35,-5.15674,-0.191812,-26.1208,4.26898,500,-7391.06,193.715,114.997,281.682,-8464.09,676.347,431.966,-238.251
131,-0.127161,-7197.58,-5.38665,-0.198205,-23.4654,4.11046,500,-7391.06,193.479,115.171,282.118,-8464.59,676.244,431.521,-238.041
132,-0.133555,-7197.6,-5.41116,-0.204599,-16.3776,3.98309,500,-7391.18,193.576,114.847,281.181,-8463.65,676.447,431.831,-238.256
133,-0.139949,-7197.93,-5.73957,-0.210993,-16.5765,3.87774,500,-7390.95,193.016,115.365,282.028,-8464.58,676.24,430.77,-237.754
134,-0.146342,-7198.04,-5.85053,-0.217386,-13.3964,3.78192,500,-7391,192.955,115.352,281.763,-8464.36,676.252,430.718,-237.763
135,-0.152736,-7197.85,-5.66326,-0.22378,-6.44067,3.71851,500,-7391.05,193.194,114.896,281.481,-8463.98,676.554,431.223,-238.029
136,-0.15913,-7198.21,-6.02354,-0.230174,-7.65808,3.67344,500,-7390.97,192.753,115.397,281.675,-8464.27,676.23,430.36,-237.607
137,-0.165523,-7198.15,-5.95756,-0.236568,-2.08961,3.64227,500,-7390.88,192.728,114.85,280.543,-8462.94,676.675,430.804,-238.076
138,-0.171917,-7197.96,-5.77372,-0.242961,0.52011,3.63726,500,-7391.13,193.162,115.111,280.386,-8463.19,676.57,431.346,-238.184
139,-0.178311,-7198.4,-6.21058,-0.249355,0.553411,3.64069,500,-7391.13,192.725,114.997,281.256,-8463.7,676.319,430.586,-237.861
140,-0.184705,-7198.46,-6.26865,-0.255749,1.99637,3.64884,500,-7390.89,192.43,115.37,281.431,-8464.09,676.397,429.961,-237.531
141,-0.191098,-7183.66,8.53245,-0.262143,-576.941,1.81082,500,-7390.89,207.234,115.368,281.44,-8464.09,676.393,444.766,-237.532
142,-0.197492,-7198.35,-6.15749,-0.268536,4.26505,-0.0199411,500,-7390.62,192.274,114.466,280.448,-8462.36,676.827,430.08,-237.806
143,-0.203886,-7194.05,-1.85877,-0.27493,-78.309,-0.256649,500,-7390.36,196.307,116.415,282.59,-8464.92,675.563,434.049,-237.742
144,-0.210279,-7193.26,-1.07317,-0.281324,-119.255,-0.888235,500,-7390.36,197.093,116.415,282.59,-8464.92,675.563,434.835,-237.742
145,-0.216673,-7193.92,-1.73005,-0.287717,-87.6397,-1.54965,500,-7390.36,196.436,116.415,282.59,-8464.92,675.563,434.178,-237.742
146,-0.223067,-7194.31,-2.11635,-0.294111,-64.0659,-2.03463,500,-7390.36,196.05,116.415,282.59,-8464.92,675.563,433.792,-237.742
147,-0.229461,-7194.61,-2.41802,-0.300505,-45.938,-2.3863,500,-7390.36,195.748,116.415,282.59,-8464.92,675.563,433.49,-237.742
148,-0.235854,-7194.78,-2.59398,-0.306899,-32.363,-2.63662,500,-7390.36,195.572,116.415,282.59,-8464.92,675.563,433.314,-237.742
149,-0.242248,-7194.89,-2.69648,-0.313292,-22.1329,-2.81083,500,-7390.36,195.469,116.415,282.59,-8464.92,675.563,433.212,-237.742
150,-0.248642,-7195,-2.81091,-0.319686,-14.0372,-2.92646,500,-7390.36,195.355,116.415,282.59,-8464.92,675.563,433.097,-237.742
151,-0.255036,-7195.07,-2.88019,-0.32608,-7.9195,-2.99665,500,-7390.36,195.286,116.415,282.59,-8464.92,675.563,433.028,-237.742
152,-0.261429,-7195.13,-2.93927,-0.332473,-3.46205,-3.03304,500,-7390.36,195.227,116.415,282.59,-8464.92,675.563,432.969,-237.742
153,-0.267823,-7195.41,-3.21961,-0.338867,-1.66468,-3.04943,500,-7390.36,194.946,116.415,282.59,-8464.92,675.563,432.689,-237.742
154,-0.274217,-7195.41,-3.22184,-0.345261,0.839289,-3.05207,500,-7390.36,194.944,116.415,282.59,-8464.92,675.563,432.686,-237.742
155,-0.28061,-7195.4,-3.21031,-0.351655,2.67102,-3.04085,500,-7390.36,194.956,116.415,282.59,-8464.92,675.563,432.698,-237.742
156,-0.287004,-7195.38,-3.18877,-0.358048,3.99267,-3.01954,500,-7390.36,194.977,116.415,282.59,-8464.92,675.563,432.719,-237.742
157,-0.293398,-7195.35,-3.16007,-0.364442,4.92891,-2.99102,500,-7390.36,195.006,116.415,282.59,-8464.92,675.563,432.748,-237.742
158,-0.299792,-7195.32,-3.12636,-0.370836,5.57556,-2.95744,500,-7390.36,195.04,116.415,282.59,-8464.92,675.563,432.782,-237.742
159,-0.306185,-7195.28,-3.08924,-0.377229,6.00628,-2.92041,500,-7390.36,195.077,116.415,282.59,-8464.92,675.563,432.819,-237.742
160,-0.312579,-7195.24,-3.04989,-0.383623,6.27759,-2.88114,500,-7390.36,195.116,116.415,282.59,-8464.92,675.563,432.858,-237.742
161,-0.318973,-7195.2,-3.00921,-0.390017,6.43284,-2.84051,500,-7390.36,195.157,116.415,282.59,-8464.92,675.563,432.899,-237.742
162,-0.325366,-7195.16,-2.96781,-0.396411,6.50521,-2.79915,500,-7390.36,195.198,116.415,282.59,-8464.92,675.563,432.94,-237.742
163,-0.33176,-7195.12,-2.92614,-0.402804,6.52002,-2.75751,500,-7390.36,195.24,116.415,282.59,-8464.92,675.563,432.982,-237.742
164,-0.338154,-7195.37,-3.17677,-0.409198,4.71319,-2.7216,500,-7390.36,194.989,116.415,282.59,-8464.92,675.563,432.731,-237.742
165,-0.344548,-7195.34,-3.14697,-0.415592,4.60447,-2.69181,500,-7390.36,195.019,116.415,282.59,-8464.92,675.563,432.761,-237.742
166,-0.350941,-7195.31,-3.11792,-0.421986,4.48206,-2.66276,500,-7390.36,195.048,116.415,282.59,-8464.92,675.563,432.79,-237.742
167,-0.357335,-7195.28,-3.08967,-0.428379,4.35425,-2.63452,500,-7390.36,195.076,116.415,282.59,-8464.92,675.563,432.818,-237.742
168,-0.363729,-7195.16,-2.96936,-0.434773,3.67935,-2.60883,500,-7390.36,195.197,116.415,282.59,-8464.92,675.563,432.939,-237.742
169,-0.370122,-7195.09,-2.89994,-0.441167,3.29781,-2.58653,500,-7390.36,195.266,116.415,282.59,-8464.92,675.563,433.008,-237.742
170,-0.376516,-7195.07,-2.87913,-0.44756,3.21101,-2.56572,500,-7390.36,195.287,116.415,282.59,-8464.92,675.563,433.029,-237.742
171,-0.38291,-7195.05,-2.85885,-0.453954,3.13461,-2.54543,500,-7390.36,195.307,116.415,282.59,-8464.92,675.563,433.049,-237.742
172,-0.389304,-7195.03,-2.83902,-0.460348,3.07014,-2.5256,500,-7390.36,195.327,116.415,282.59,-8464.92,675.563,433.069,-237.742
173,-0.395697,-7195.01,-2.81957,-0.466742,3.01858,-2.50613,500,-7390.36,195.346,116.415,282.59,-8464.92,675.563,433.089,-237.742
174,-0.402091,-7194.99,-2.8004,-0.473135,2.9805,-2.48696,500,-7390.36,195.366,116.415,282.59,-8464.92,675.563,433.108,-237.742
175,-0.408485,-7194.97,-2.78142,-0.479529,2.95615,-2.46798,500,-7390.36,195.384,116.415,282.59,-8464.92,675.563,433.127,-237.742
176,-0.414879,-7194.95,-2.76256,-0.485923,2.94558,-2.44911,500,-7390.36,195.403,116.415,282.59,-8464.92,675.563,433.146,-237.742
177,-0.421272,-7194.93,-2.74373,-0.492316,2.94864,-2.43027,500,-7390.36,195.422,116.415,282.59,-8464.92,675.563,433.164,-237.742
178,-0.427666,-7194.8,-2.60821,-0.49871,2.15131,-2.41396,500,-7390.36,195.558,116.415,282.59,-8464.92,675.563,433.3,-237.742
179,-0.43406,-7194.76,-2.57106,-0.505104,2.05184,-2.40053,500,-7390.36,195.595,116.415,282.59,-8464.92,675.563,433.337,-237.742
180,-0.440453,-7194.75,-2.55768,-0.511498,2.13508,-2.38714,500,-7390.36,195.608,116.415,282.59,-8464.92,675.563,433.35,-237.742
181,-0.446847,-7194.57,-2.37956,-0.517891,1.22714,-2.37639,500,-7390.36,195.786,116.415,282.59,-8464.92,675.563,433.529,-237.742
182,-0.453241,-7194.45,-2.25612,-0.524285,0.654702,-2.37038,500,-7390.36,195.91,116.415,282.59,-8464.92,675.563,433.652,-237.742
183,-0.459635,-7194.44,-2.25138,-0.530679,0.827049,-2.36564,500,-7390.36,195.915,116.415,282.59,-8464.92,675.563,433.657,-237.742
184,-0.466028,-7194.44,-2.24552,-0.537072,1.00756,-2.35977,500,-7390.36,195.92,116.415,282.59,-8464.92,675.563,433.663,-237.742
185,-0.472422,-7194.43,-2.23848,-0.543466,1.19576,-2.35273,500,-7390.36,195.927,116.415,282.59,-8464.92,675.563,433.67,-237.742
186,-0.478816,-7194.64,-2.44639,-0.54986,0.0748612,-2.34867,500,-7390.36,195.72,116.415,282.59,-8464.92,675.563,433.462,-237.742
187,-0.485209,-7194.71,-2.51913,-0.556254,-0.212202,-2.34911,500,-7390.36,195.647,116.415,282.59,-8464.92,675.563,433.389,-237.742
188,-0.491603,-7194.71,-2.52002,-0.562647,-0.0644426,-2.34999,500,-7390.36,195.646,116.415,282.59,-8464.92,675.563,433.388,-237.742
189,-0.497997,-7194.71,-2.51994,-0.569041,0.0884974,-2.34992,500,-7390.36,195.646,116.415,282.59,-8464.92,675.563,433.388,-237.742
190,-0.504391,-7194.71,-2.51719,-0.575435,0.232116,-2.34889,500,-7390.36,195.649,116.415,282.59,-8464.92,675.563,433.391,-237.742
191,-0.510784,-7194.7,-2.50872,-0.581829,0.340659,-2.34706,500,-7390.36,195.657,116.415,282.59,-8464.92,675.563,433.399,-237.742
192,-0.517178,-7194.7,-2.50599,-0.588222,0.511583,-2.34433,500,-7390.36,195.66,116.415,282.59,-8464.92,675.563,433.402,-237.742
193,-0.523572,-7194.69,-2.50216,-0.594616,0.686519,-2.3405,500,-7390.36,195.664,116.415,282.59,-8464.92,675.563,433.406,-237.742
194,-0.529965,-7194.66,-2.47416,-0.60101,0.663525,-2.33619,500,-7390.36,195.692,116.415,282.59,-8464.92,675.563,433.434,-237.742
195,-0.536359,-7194.66,-2.4693,-0.607403,0.858128,-2.33132,500,-7390.36,195.697,116.415,282.59,-8464.92,675.563,433.439,-237.742
196,-0.542753,-7194.65,-2.46318,-0.613797,1.05551,-2.32521,500,-7390.36,195.703,116.415,282.59,-8464.92,675.563,433.445,-237.742
197,-0.549147,-7194.65,-2.45579,-0.620191,1.25559,-2.31782,500,-7390.36,195.71,116.415,282.59,-8464.92,675.563,433.452,-237.742
198,-0.55554,-7194.93,-2.7412,-0.626585,-0.315392,-2.31481,500,-7390.36,195.425,116.415,282.59,-8464.92,675.563,433.167,-237.742
199,-0.561934,-7194.9,-2.71376,-0.632978,-0.443001,-2.31724,500,-7390.36,195.452,116.415,282.59,-8464.92,675.563,433.194,-237.742
200,-0.568328,-7194.91,-2.71606,-0.639372,-0.277666,-2.31954,500,-7390.36,195.45,116.415,282.59,-8464.92,675.563,433.192,-237.742
