step,rz,Epot,Epot00,prob_atom_crd[2],prob_atom_f[2],n_steps_of_optimization,BondedTermsEnergy,NonBondedTermsEnergy,BondStretchEnergy,AngleStretchEnergy,TorsionEnergy,OutOfPlaneEnergy,DispersionEnergy,ElectrostaticEnergy
0,0.738405,-4192.45,0,0.664813,6.80769,5,-4753.96,561.583,567.815,767.979,-6597.3,507.549,562.278,-0.695508
1,0.711794,-4188.88,3.56834,0.63822,1.47362,5,-4754,565.117,567.905,767.577,-6597.06,507.576,565.924,-0.807021
2,0.685166,-4188.61,3.84201,0.611628,12.7806,5,-4753.59,564.978,568.601,766.955,-6596.93,507.786,565.669,-0.691165
3,0.658543,-4188.18,4.26542,0.585035,18.1633,5,-4753.51,565.324,568.443,767.254,-6596.88,507.674,566.004,-0.679671
4,0.631942,-4185.08,7.37428,0.558443,2.05638,5,-4753.59,568.515,568.675,766.844,-6596.88,507.768,569.236,-0.721361
5,0.605352,-4188.14,4.30578,0.53185,-13.6297,5,-4753.65,565.507,568.639,766.874,-6596.92,507.758,566.25,-0.742692
6,0.578757,-4188.35,4.09597,0.505258,-6.52315,5,-4753.76,565.401,568.222,767.24,-6596.89,507.673,566.15,-0.748234
7,0.552147,-4188.85,3.60197,0.478665,2.9911,5,-4753.92,565.068,567.912,767.464,-6596.9,507.604,565.816,-0.748413
8,0.525537,-4192.1,0.353597,0.452073,-6.36712,5,-4754.14,562.046,567.806,767.528,-6597.07,507.593,562.785,-0.739077
9,0.49894,-4192.04,0.409437,0.42548,4.58135,5,-4754.31,562.335,567.65,767.592,-6597.2,507.653,563.073,-0.737044
10,0.472336,-4189.54,2.91172,0.398888,-6.09604,5,-4754.34,564.727,567.658,767.502,-6597.23,507.729,565.457,-0.729853
11,0.445727,-4189.73,2.72181,0.372295,-3.92191,5,-4754.26,564.531,568.051,767.204,-6597.29,507.773,565.233,-0.70223
12,0.419131,-4187.13,5.32425,0.345703,-24.4033,5,-4754.14,567.019,568.507,766.983,-6597.39,507.757,567.688,-0.669002
13,0.392546,-4189.28,3.1672,0.31911,-30.5192,5,-4754.01,564.725,568.829,766.921,-6597.45,507.695,565.359,-0.633764
14,0.365957,-4192.06,0.392747,0.292518,-26.7311,5,-4753.84,561.784,569.04,766.941,-6597.45,507.623,562.375,-0.59043
15,0.339361,-4192.29,0.155242,0.265925,21.8613,5,-4753.65,561.351,569.224,766.996,-6597.43,507.561,561.894,-0.543107
16,0.312762,-4190.43,2.02099,0.239333,135.866,5,-4752.78,562.139,568.968,768.667,-6597.63,507.219,562.958,-0.819225
17,0.286143,-4188.01,4.43637,0.21274,338.197,5,-4749.73,561.643,566.797,775.313,-6598.71,506.876,563.829,-2.18602
18,0.259801,-4170.75,21.6972,0.186148,745.831,5,-4747.07,576.454,565.918,777.863,-6597.69,506.847,580.151,-3.6978
19,0.233816,-4141.33,51.1163,0.159555,1442.4,5,-4734.74,593.411,570.691,789.347,-6597.51,502.725,600.26,-6.8494
20,0.20779,-4091.6,100.847,0.132963,2207.02,5,-4705.21,613.609,577.876,818.054,-6599.75,498.604,627.644,-14.0354
21,0.182468,-4015.61,176.839,0.10637,3091.95,5,-4663.97,648.361,592.798,847.108,-6601.38,497.498,669.69,-21.3296
22,0.157209,-3924.35,268.099,0.0797776,3638.01,5,-4587.98,663.633,608.675,913.495,-6602.05,491.894,694.778,-31.1457
23,0.131808,-3822.75,369.704,0.053185,4013.48,5,-4501.98,679.239,613.298,1002.98,-6602.11,483.845,719.904,-40.6647
24,0.106006,-3710.59,481.865,0.0265925,4138.43,5,-4418.93,708.342,620.028,1085.4,-6602.06,477.707,757.399,-49.0568
25,0.0800202,-3606.99,585.456,0,3672.67,5,-4331.35,724.359,634.478,1161.6,-6600.6,473.171,781.715,-57.3565
26,0.0540602,-3515.35,677.105,-0.0265925,2867.63,5,-4260.39,745.087,649.75,1218.63,-6598.6,469.833,808.902,-63.8143
27,0.0280318,-3451.92,740.533,-0.053185,1797.97,5,-4212.86,760.944,662.088,1254.95,-6597,467.103,829.046,-68.1023
28,0.00187986,-3420.99,771.46,-0.0797776,508.045,5,-4188.83,767.837,668.927,1273.21,-6596.16,465.194,838.181,-70.3433
29,-0.0244528,-3423.11,769.344,-0.10637,-851.691,5,-4186.68,763.522,669.548,1274.92,-6596.08,464.937,834.094,-70.5722
30,-0.0510164,-3463.35,729.101,-0.132963,-1885.53,5,-4186.68,723.326,669.548,1274.92,-6596.08,464.937,793.898,-70.5721
31,-0.0776089,-3520.15,672.296,-0.159555,-2276.52,5,-4186.68,666.521,669.548,1274.92,-6596.08,464.937,737.093,-70.5721
32,-0.104201,-3579.25,613.196,-0.186148,-2091.46,5,-4186.68,607.421,669.548,1274.92,-6596.08,464.937,677.993,-70.5721
33,-0.130794,-3958.23,234.223,-0.21274,-2007.44,5,-4647,689.336,591.734,825.493,-6563.75,499.525,712.014,-22.6784
34,-0.158671,-4125.29,67.1602,-0.239333,-1363.72,5,-4753.11,627.294,599.659,755.051,-6599.35,491.532,637.287,-9.99279
35,-0.193773,-4163.9,28.552,-0.265925,-824.469,5,-4762.83,599.068,572.835,757.611,-6596.83,503.564,603.465,-4.39681
36,-0.220361,-4181.78,10.6661,-0.292518,-404.326,5,-4758.42,576.285,567.206,763.008,-6597.4,508.763,577.508,-1.22304
37,-0.246262,-4187.82,4.63167,-0.31911,-164.544,5,-4755.54,567.437,567.688,767.747,-6597.41,506.439,568.442,-1.00473
38,-0.272225,-4193.82,-1.37267,-0.345703,-59.7956,5,-4754.58,560.757,568.088,767.364,-6597.51,507.475,561.611,-0.853894
39,-0.298735,-4194.67,-2.21565,-0.372295,-4.50566,5,-4753.43,558.693,568.421,768.263,-6597.42,507.301,559.279,-0.586517
40,-0.325277,-4194.52,-2.07461,-0.398888,23.9584,5,-4753.84,559.316,567.854,768.308,-6597.6,507.596,559.766,-0.449801
41,-0.351874,-4196.8,-4.34638,-0.42548,21.5726,5,-4754.36,557.561,567.69,767.912,-6597.43,507.467,558.057,-0.495742
42,-0.378429,-4195.99,-3.53817,-0.452073,33.5235,5,-4753.87,557.879,567.775,768.512,-6597.5,507.345,558.486,-0.60689
43,-0.405057,-4193.78,-1.33353,-0.478665,33.8434,5,-4754.13,560.342,568.029,767.97,-6597.5,507.378,560.932,-0.590366
44,-0.431658,-4192.81,-0.355301,-0.505258,38.8619,5,-4753.96,561.159,568.07,767.893,-6597.35,507.427,561.772,-0.613005
45,-0.458264,-4190.53,1.92207,-0.53185,30.7698,5,-4753.83,563.305,568.449,767.888,-6597.37,507.199,564.009,-0.70414
46,-0.484869,-4188.99,3.45667,-0.558443,-14.472,5,-4753.85,564.853,568.585,767.699,-6597.44,507.304,565.585,-0.731182
47,-0.511473,-4189.26,3.18855,-0.585035,-10.4457,5,-4753.91,564.651,568.354,767.616,-6597.31,507.429,565.406,-0.75513
48,-0.538071,-4189.29,3.15808,-0.611628,-1.55358,5,-4753.92,564.624,568.253,767.58,-6597.19,507.445,565.39,-0.765404
49,-0.564666,-4192.08,0.373581,-0.63822,-7.62082,5,-4753.85,561.849,568.376,767.257,-6597.01,507.522,562.626,-0.776787
