step,rz,Epot,Epot00,prob_atom_crd[2],prob_atom_f[2],n_steps_of_optimization,BondedTermsEnergy,NonBondedTermsEnergy,BondStretchEnergy,AngleStretchEnergy,TorsionEnergy,OutOfPlaneEnergy,DispersionEnergy,ElectrostaticEnergy
0,-0.569459,-8913.51,0,-0.639916,0.0853373,101,-9534.52,621.012,92.3826,201.891,-10267.5,438.68,471.569,149.442
1,-0.56306,-8913.48,0.0244788,-0.633517,0.221453,101,-9534.52,621.036,92.3826,201.891,-10267.5,438.68,471.594,149.442
2,-0.556661,-8913.48,0.0269469,-0.627118,0.548463,101,-9534.52,621.039,92.3826,201.891,-10267.5,438.68,471.596,149.442
3,-0.550262,-8913.47,0.031474,-0.620719,0.864144,101,-9534.52,621.043,92.3826,201.891,-10267.5,438.68,471.601,149.442
4,-0.543863,-8913.54,-0.0359104,-0.614319,0.671075,101,-9534.52,620.976,92.3826,201.891,-10267.5,438.68,471.533,149.442
5,-0.537464,-8913.66,-0.15159,-0.60792,0.125003,101,-9534.52,620.86,92.3826,201.891,-10267.5,438.68,471.418,149.442
6,-0.531064,-8913.66,-0.153702,-0.601521,0.284845,101,-9534.52,620.858,92.3826,201.891,-10267.5,438.68,471.416,149.442
7,-0.524665,-8913.66,-0.151344,-0.595122,0.447,101,-9534.52,620.86,92.3826,201.891,-10267.5,438.68,471.418,149.442
8,-0.518266,-8913.65,-0.148048,-0.588723,0.577743,101,-9534.52,620.864,92.3826,201.891,-10267.5,438.68,471.421,149.442
9,-0.511867,-8913.65,-0.144018,-0.582324,0.676366,101,-9534.52,620.868,92.3826,201.891,-10267.5,438.68,471.425,149.442
10,-0.505468,-8913.62,-0.115846,-0.575924,0.6913,101,-9534.52,620.896,92.3826,201.891,-10267.5,438.68,471.454,149.442
11,-0.499069,-8913.55,-0.0408561,-0.569525,0.34729,101,-9534.52,620.971,92.3826,201.891,-10267.5,438.68,471.529,149.442
12,-0.492669,-8913.7,-0.196684,-0.563126,-0.857159,101,-9534.52,620.815,92.3826,201.891,-10267.5,438.68,471.373,149.442
13,-0.48627,-8913.71,-0.202382,-0.556727,-0.928217,101,-9534.52,620.809,92.3826,201.891,-10267.5,438.68,471.367,149.442
14,-0.479871,-8913.71,-0.208616,-0.550328,-1.02386,101,-9534.52,620.803,92.3826,201.891,-10267.5,438.68,471.361,149.442
15,-0.473472,-8913.72,-0.215529,-0.543929,-1.13964,101,-9534.52,620.796,92.3826,201.891,-10267.5,438.68,471.354,149.442
16,-0.467073,-8913.68,-0.176494,-0.537529,-1.5643,101,-9534.52,620.835,92.3826,201.891,-10267.5,438.68,471.393,149.442
17,-0.460674,-8913.69,-0.186918,-0.53113,-1.69491,101,-9534.52,620.825,92.3826,201.891,-10267.5,438.68,471.382,149.442
18,-0.454275,-8913.73,-0.222422,-0.524731,-2.28466,101,-9534.52,620.789,92.3826,201.891,-10267.5,438.68,471.347,149.442
19,-0.447875,-8913.72,-0.214254,-0.518332,-2.53704,101,-9534.52,620.797,92.3826,201.891,-10267.5,438.68,471.355,149.442
20,-0.441476,-8913.72,-0.209086,-0.511933,-3.206,101,-9534.52,620.803,92.3826,201.891,-10267.5,438.68,471.36,149.442
21,-0.435077,-8913.76,-0.254881,-0.505534,-3.50417,101,-9534.52,620.757,92.3826,201.891,-10267.5,438.68,471.315,149.442
22,-0.428678,-8913.78,-0.277707,-0.499134,-3.62802,101,-9534.52,620.734,92.3826,201.891,-10267.5,438.68,471.292,149.442
23,-0.422279,-8913.78,-0.278158,-0.492735,-3.92644,101,-9534.52,620.733,92.3826,201.891,-10267.5,438.68,471.291,149.442
24,-0.41588,-8913.81,-0.303561,-0.486336,-4.01031,101,-9534.52,620.708,92.3826,201.891,-10267.5,438.68,471.266,149.442
25,-0.40948,-8913.84,-0.329448,-0.479937,-4.07757,101,-9534.52,620.682,92.3826,201.891,-10267.5,438.68,471.24,149.442
26,-0.403081,-8913.86,-0.355711,-0.473538,-4.12789,101,-9534.52,620.656,92.3826,201.891,-10267.5,438.68,471.214,149.442
27,-0.396682,-8913.89,-0.384095,-0.467139,-4.77416,101,-9534.52,620.627,92.3826,201.891,-10267.5,438.68,471.185,149.442
28,-0.390283,-8913.92,-0.414683,-0.46074,-4.78349,101,-9534.52,620.597,92.3826,201.891,-10267.5,438.68,471.155,149.442
29,-0.383884,-8913.95,-0.445291,-0.45434,-4.78125,101,-9534.52,620.566,92.3826,201.891,-10267.5,438.68,471.124,149.442
30,-0.377485,-8914.03,-0.524821,-0.447941,-5.07545,101,-9534.52,620.487,92.3826,201.891,-10267.5,438.68,471.045,149.442
31,-0.371085,-8914.06,-0.557444,-0.441542,-5.18165,101,-9534.52,620.454,92.3826,201.891,-10267.5,438.68,471.012,149.442
32,-0.364686,-8914.07,-0.566834,-0.435143,-5.22874,101,-9534.52,620.445,92.3826,201.891,-10267.5,438.68,471.003,149.442
33,-0.358287,-8914.08,-0.577121,-0.428744,-5.66478,101,-9534.52,620.434,92.3826,201.891,-10267.5,438.68,470.992,149.442
34,-0.351888,-8914.14,-0.637142,-0.422345,-5.84137,101,-9534.52,620.374,92.3826,201.891,-10267.5,438.68,470.932,149.442
35,-0.345489,-8914.21,-0.699569,-0.415945,-6.04997,101,-9534.52,620.312,92.3826,201.891,-10267.5,438.68,470.87,149.442
36,-0.33909,-8914.24,-0.738375,-0.409546,-6.08102,101,-9534.52,620.273,92.3826,201.891,-10267.5,438.68,470.831,149.442
37,-0.33269,-8914.28,-0.777427,-0.403147,-6.12693,101,-9534.52,620.234,92.3826,201.891,-10267.5,438.68,470.792,149.442
38,-0.326291,-8914.28,-0.770094,-0.396748,-6.47947,101,-9534.52,620.241,92.3826,201.891,-10267.5,438.68,470.799,149.442
39,-0.319892,-8914.32,-0.811743,-0.390349,-6.53893,101,-9534.52,620.2,92.3826,201.891,-10267.5,438.68,470.758,149.442
40,-0.313493,-8914.36,-0.85379,-0.38395,-6.60256,101,-9534.52,620.158,92.3826,201.891,-10267.5,438.68,470.716,149.442
41,-0.307094,-8914.41,-0.899555,-0.37755,-7.28329,101,-9534.52,620.112,92.3826,201.891,-10267.5,438.68,470.67,149.442
42,-0.300695,-8914.45,-0.946336,-0.371151,-7.33301,101,-9534.52,620.065,92.3826,201.891,-10267.5,438.68,470.623,149.442
43,-0.294296,-8914.5,-0.993324,-0.364752,-7.34441,101,-9534.52,620.018,92.3826,201.891,-10267.5,438.68,470.576,149.442
44,-0.287896,-8914.55,-1.0402,-0.358353,-7.29223,101,-9534.52,619.971,92.3826,201.891,-10267.5,438.68,470.529,149.442
45,-0.281497,-8914.62,-1.11112,-0.351954,-7.34579,101,-9534.52,619.9,92.3826,201.891,-10267.5,438.68,470.458,149.442
46,-0.275098,-8914.66,-1.15733,-0.345555,-7.07221,101,-9534.52,619.854,92.3826,201.891,-10267.5,438.68,470.412,149.442
47,-0.268699,-8914.74,-1.2323,-0.339155,-6.72418,101,-9534.52,619.779,92.3826,201.891,-10267.5,438.68,470.337,149.442
48,-0.2623,-8914.88,-1.37766,-0.332756,-6.6107,101,-9534.52,619.634,92.3826,201.891,-10267.5,438.68,470.192,149.442
49,-0.255901,-8914.9,-1.3939,-0.326357,-6.04576,101,-9534.52,619.618,92.3826,201.891,-10267.5,438.68,470.176,149.442
50,-0.249501,-8914.93,-1.42817,-0.319958,-4.5856,101,-9534.52,619.583,92.3826,201.891,-10267.5,438.68,470.141,149.442
51,-0.243102,-8914.98,-1.47558,-0.313559,-2.65215,101,-9534.52,619.536,92.3826,201.891,-10267.5,438.68,470.094,149.442
52,-0.236703,-8915.04,-1.53347,-0.30716,-0.27276,101,-9534.52,619.478,92.3826,201.891,-10267.5,438.68,470.036,149.442
53,-0.230304,-8915.05,-1.54836,-0.300761,3.19774,101,-9534.52,619.463,92.3826,201.891,-10267.5,438.68,470.021,149.442
54,-0.223905,-8915.02,-1.51381,-0.294361,7.79959,101,-9534.52,619.498,92.3826,201.891,-10267.5,438.68,470.056,149.442
55,-0.217506,-8914.88,-1.37451,-0.287962,13.1768,101,-9534.52,619.637,92.3826,201.891,-10267.5,438.68,470.195,149.442
56,-0.211106,-8914.75,-1.24403,-0.281563,20.6,101,-9534.52,619.768,92.3826,201.891,-10267.5,438.68,470.325,149.442
57,-0.204707,-8914.64,-1.13216,-0.275164,29.8435,101,-9534.52,619.879,92.3826,201.891,-10267.5,438.68,470.437,149.442
58,-0.198308,-8914.41,-0.904198,-0.268765,41.8528,101,-9534.52,620.107,92.3826,201.891,-10267.5,438.68,470.665,149.442
59,-0.191909,-8915.04,-1.53372,-0.262366,26.2281,101,-9534.32,619.279,92.5418,201.644,-10267.3,438.754,469.755,149.524
60,-0.185518,-8914,-0.490914,-0.255966,68.1824,101,-9534.32,620.321,92.5419,201.644,-10267.3,438.754,470.798,149.524
61,-0.179119,-8913.5,0.0105961,-0.249567,89.2893,101,-9534.32,620.823,92.5419,201.644,-10267.3,438.754,471.299,149.524
62,-0.17272,-8912.82,0.685562,-0.243168,115.092,101,-9534.32,621.498,92.5419,201.644,-10267.3,438.754,471.974,149.524
63,-0.166321,-8911.92,1.58975,-0.236769,146.36,101,-9534.32,622.402,92.5419,201.644,-10267.3,438.754,472.879,149.524
64,-0.159921,-8910.81,2.69219,-0.23037,184.393,101,-9534.32,623.505,92.5419,201.644,-10267.3,438.754,473.981,149.524
65,-0.153522,-8914.45,-0.945493,-0.223971,29.9776,110,-9534.66,620.204,92.8117,201.687,-10267.7,438.566,470.646,149.558
66,-0.147085,-8914.71,-1.2046,-0.217571,29.8535,102,-9534.28,619.565,92.7368,201.767,-10266.9,438.103,469.914,149.651
67,-0.140709,-8914.42,-0.910573,-0.211172,32.9863,101,-9534.57,620.151,93.0673,201.152,-10266.9,438.101,470.534,149.617
68,-0.134323,-8914.5,-0.995377,-0.204773,26.775,102,-9534.22,619.716,93.3624,201.664,-10267.3,438.018,469.975,149.74
69,-0.127909,-8914.28,-0.770603,-0.198374,30.2613,101,-9534.17,619.892,93.5533,201.495,-10266.9,437.72,470.124,149.768
70,-0.1215,-8913.96,-0.453188,-0.191975,32.9319,101,-9534.39,620.43,93.4762,201.451,-10266.9,437.623,470.553,149.876
71,-0.115116,-8913.73,-0.227235,-0.185576,34.4659,101,-9534.95,621.213,93.237,201.326,-10266.7,437.196,471.182,150.032
72,-0.108733,-8913.39,0.117617,-0.179176,38.6799,101,-9534.95,621.565,93.367,201.129,-10266.9,437.452,471.455,150.11
73,-0.10234,-8913.14,0.36305,-0.172777,36.7735,101,-9534.51,621.367,93.7423,200.92,-10266.8,437.61,471.196,150.17
74,-0.0959407,-8912.81,0.696802,-0.166378,41.324,101,-9534.69,621.881,93.5501,201.014,-10266.4,437.113,471.55,150.331
75,-0.0895456,-8912.8,0.70366,-0.159979,37.7854,101,-9534.16,621.354,93.4486,201.177,-10265.5,436.719,470.917,150.437
76,-0.0831401,-8912.32,1.18751,-0.15358,43.9205,101,-9534.4,622.083,93.8519,200.754,-10265.9,436.921,471.571,150.512
77,-0.0767335,-8911.9,1.61024,-0.147181,42.2896,101,-9534.62,622.722,93.8759,200.425,-10265.8,436.887,472.043,150.679
78,-0.0703505,-8911.51,1.99915,-0.140782,41.6905,101,-9534.32,622.814,94.4079,200.28,-10266.2,437.19,472.075,150.739
79,-0.0639521,-8911.21,2.29216,-0.134382,46.9058,101,-9534.5,623.282,93.9689,200.135,-10265.5,436.945,472.293,150.989
80,-0.0575524,-8911.11,2.39981,-0.127983,41.146,101,-9533.85,622.739,93.7034,201.169,-10265.4,436.669,471.76,150.979
81,-0.0511466,-8910.82,2.68321,-0.121584,44.5832,101,-9534.28,623.456,93.9052,200.985,-10265.4,436.249,472.56,150.896
82,-0.0447877,-8910.7,2.80806,-0.115185,48.5373,101,-9533.48,622.786,94.3232,200.481,-10265,436.76,471.96,150.826
83,-0.0383182,-8910.42,3.08948,-0.108786,50.5802,105,-9533.88,623.465,94.2628,200.339,-10265.3,436.796,472.648,150.817
84,-0.0319384,-8909.82,3.68915,-0.102387,48.2406,101,-9534.25,624.435,94.2623,199.922,-10265.3,436.869,473.297,151.138
85,-0.0255396,-8909.38,4.1237,-0.0959874,44.8181,101,-9534.21,624.824,94.1782,199.804,-10265.2,437.024,473.423,151.401
86,-0.0191326,-8908.94,4.5688,-0.0895882,45.0635,101,-9534.56,625.619,94.2087,199.321,-10264.8,436.702,473.977,151.642
87,-0.0127545,-8908.6,4.90675,-0.0831891,43.0128,101,-9534.44,625.845,94.3432,199.074,-10264.4,436.576,473.948,151.897
88,-0.00635385,-8908.07,5.43862,-0.0767899,42.2887,101,-9534.16,626.088,94.3906,198.836,-10264.3,436.967,474.021,152.066
89,4.27319e-005,-8908.21,5.29133,-0.0703908,37.0301,101,-9534.08,625.87,93.8076,200.495,-10264.5,436.092,474.136,151.734
90,0.0063862,-8907.97,5.5381,-0.0639916,30.7662,101,-9533.24,625.268,95.0606,199.994,-10264,435.752,473.568,151.7
91,0.0128265,-8907.25,6.25741,-0.0575924,36.4654,101,-9534.2,626.95,94.3985,198.933,-10264.4,436.869,474.726,152.224
92,0.0192337,-8906.76,6.74692,-0.0511933,34.2817,101,-9534.37,627.61,94.4205,198.366,-10263.5,436.374,474.991,152.619
93,0.0256364,-8907.02,6.49074,-0.0447941,24.9499,122,-9532.51,625.492,95.1862,199.7,-10263.3,435.92,473.336,152.156
94,0.0320729,-8906.38,7.1264,-0.038395,28.2834,103,-9533.26,626.879,94.9877,199.082,-10264.1,436.759,474.477,152.402
95,0.038431,-8907.06,6.4413,-0.0319958,23.5788,101,-9533.11,626.045,95.0558,199.394,-10263.8,436.243,474.211,151.835
96,0.0448292,-8906.55,6.95238,-0.0255966,22.5427,101,-9532.77,626.218,95.2599,199.065,-10263.4,436.29,474.195,152.023
97,0.0512488,-8906.77,6.73465,-0.0191975,24.6976,101,-9533.73,626.963,93.4465,200.813,-10263.8,435.836,475.07,151.893
98,0.0575703,-8906.39,7.11853,-0.0127983,23.87,101,-9534.6,628.215,94.2044,198.796,-10264.5,436.865,475.873,152.343
99,0.0640277,-8906.07,7.43487,-0.00639916,18.6936,101,-9533.02,626.951,95.2473,198.567,-10263.6,436.767,474.638,152.313
100,0.0704589,-8905.8,7.7076,0,18.5034,101,-9533.08,627.282,95.0922,198.309,-10263.3,436.77,474.743,152.539
101,0.0768477,-8905.47,8.03958,0.00639916,17.6673,101,-9532.55,627.084,95.2933,198.477,-10262.8,436.452,474.491,152.593
102,0.0832546,-8905.06,8.44162,0.0127983,17.8249,101,-9533.24,628.174,95.3919,197.755,-10262.8,436.384,475.311,152.863
103,0.0896473,-8904.8,8.70326,0.0191975,17.8586,101,-9532.03,627.229,95.7498,198.413,-10262.3,436.145,474.473,152.756
104,0.0960419,-8904.58,8.92215,0.0255966,16.6962,101,-9531.94,627.353,95.7271,198.398,-10262.2,436.122,474.576,152.777
105,0.10245,-8904.46,9.04593,0.0319958,15.4477,101,-9532.33,627.87,95.5827,198.115,-10262.2,436.129,474.937,152.933
106,0.10883,-8903.89,9.61954,0.038395,12.1997,101,-9534.07,630.18,94.7365,197.563,-10263.1,436.731,476.732,153.448
107,0.11521,-8904.22,9.29095,0.0447941,12.0931,101,-9532.23,628.015,95.132,198.393,-10261.9,436.175,474.989,153.026
108,0.121614,-8903.82,9.68508,0.0511933,6.99374,101,-9533.82,629.998,94.5705,197.873,-10263.1,436.887,476.541,153.457
109,0.128012,-8904.55,8.95301,0.0575924,2.77384,116,-9532.33,627.773,95.2705,199.737,-10262.6,435.231,475.338,152.435
110,0.134334,-8904.97,8.54091,0.0639916,-0.779407,101,-9532.82,627.856,95.1026,198.433,-10263,436.61,475.365,152.491
111,0.140812,-8904.79,8.71891,0.0703908,-7.52712,101,-9534.11,629.327,94.5169,197.718,-10263.7,437.382,476.431,152.896
112,0.147224,-8905.09,8.41928,0.0767899,-8.25802,101,-9532.96,627.873,94.8754,198.288,-10262.9,436.751,475.34,152.533
113,0.153615,-8905.3,8.21054,0.0831891,-13.3497,101,-9532.79,627.491,95.1091,198.418,-10263.1,436.788,475.107,152.384
114,0.160032,-8905.64,7.86914,0.0895882,-18.9897,101,-9533.24,627.602,94.8332,198.353,-10263.3,436.897,475.278,152.324
115,0.166424,-8905.97,7.53117,0.0959874,-24.5281,101,-9533.56,627.588,94.6644,198.378,-10263.7,437.062,475.343,152.245
116,0.172824,-8906.11,7.39733,0.102387,-27.4338,101,-9533.93,627.824,94.2802,198.155,-10263.8,437.41,475.505,152.319
117,0.179246,-8906.58,6.92279,0.108786,-31.1477,101,-9533.68,627.093,94.4689,198.38,-10263.8,437.311,475.005,152.088
118,0.185644,-8906.88,6.62527,0.115185,-37.2087,101,-9534.13,627.248,94.5191,197.855,-10264.3,437.812,475.184,152.064
119,0.19204,-8912.82,0.687222,0.121584,-32.075,101,-9534.25,621.43,91.7449,201.432,-10266.3,438.825,470.885,150.544
120,0.19836,-8913.74,-0.233917,0.127983,-40.8564,101,-9536.32,622.575,91.4959,200.006,-10268.5,440.717,472.341,150.234
121,0.204918,-8914.04,-0.536985,0.134382,-30.7259,101,-9535.41,621.364,91.5349,200.339,-10267.8,440.517,470.984,150.38
122,0.211198,-8913.03,0.472637,0.140782,-70.1269,101,-9535.41,622.373,91.5348,200.339,-10267.8,440.517,471.993,150.38
123,0.217597,-8913.45,0.0580416,0.147181,-52.7149,101,-9535.41,621.959,91.5348,200.339,-10267.8,440.517,471.579,150.38
124,0.223996,-8913.77,-0.258998,0.15358,-38.8309,101,-9535.41,621.641,91.5378,200.339,-10267.8,440.518,471.26,150.381
125,0.230395,-8913.93,-0.421584,0.159979,-27.6167,101,-9535.4,621.47,91.5692,200.332,-10267.8,440.526,471.084,150.386
126,0.236791,-8914.07,-0.567501,0.166378,-18.8049,101,-9535.4,621.324,91.5692,200.333,-10267.8,440.526,470.938,150.386
127,0.243191,-8914.17,-0.664579,0.172777,-11.8144,101,-9535.4,621.227,91.5692,200.333,-10267.8,440.526,470.841,150.386
128,0.24959,-8914.23,-0.724114,0.179176,-6.32791,101,-9535.4,621.171,91.5718,200.331,-10267.8,440.526,470.786,150.385
129,0.255989,-8914.26,-0.750088,0.185576,-2.04245,101,-9535.4,621.145,91.5717,200.331,-10267.8,440.526,470.76,150.385
130,0.262388,-8914.21,-0.705119,0.191975,1.03356,101,-9535.4,621.19,91.5717,200.331,-10267.8,440.526,470.805,150.385
131,0.268787,-8914.13,-0.620544,0.198374,3.14751,101,-9535.4,621.275,91.5717,200.331,-10267.8,440.526,470.89,150.385
132,0.275186,-8914.08,-0.570554,0.204773,5.03305,101,-9535.4,621.325,91.5717,200.331,-10267.8,440.526,470.94,150.385
133,0.281585,-8914.04,-0.53329,0.211172,6.54247,101,-9535.4,621.362,91.5717,200.331,-10267.8,440.526,470.977,150.385
134,0.287984,-8914,-0.489416,0.217571,7.27787,101,-9535.4,621.406,91.5717,200.331,-10267.8,440.526,471.021,150.385
135,0.294384,-8913.95,-0.440058,0.223971,8.1037,101,-9535.4,621.455,91.5717,200.331,-10267.8,440.526,471.07,150.385
136,0.300783,-8913.89,-0.386213,0.23037,8.68961,101,-9535.4,621.509,91.5717,200.331,-10267.8,440.526,471.124,150.385
137,0.307182,-8913.91,-0.402495,0.236769,8.59648,101,-9535.4,621.493,91.5717,200.331,-10267.8,440.526,471.108,150.385
138,0.313581,-8913.93,-0.41939,0.243168,8.45725,101,-9535.4,621.476,91.5717,200.331,-10267.8,440.526,471.091,150.385
139,0.31998,-8913.87,-0.364918,0.249567,8.54946,101,-9535.4,621.53,91.5717,200.331,-10267.8,440.526,471.146,150.385
140,0.326379,-8913.82,-0.310179,0.255966,8.54419,101,-9535.4,621.585,91.5717,200.331,-10267.8,440.526,471.2,150.385
141,0.332778,-8913.76,-0.255733,0.262366,8.46091,101,-9535.4,621.639,91.5717,200.331,-10267.8,440.526,471.255,150.385
142,0.339178,-8913.71,-0.202026,0.268765,8.31546,101,-9535.4,621.693,91.5717,200.331,-10267.8,440.526,471.308,150.385
143,0.345577,-8913.66,-0.149413,0.275164,8.12099,101,-9535.4,621.746,91.5717,200.331,-10267.8,440.526,471.361,150.385
144,0.351976,-8913.56,-0.0509476,0.281563,7.56231,101,-9535.4,621.844,91.5717,200.331,-10267.8,440.526,471.46,150.385
145,0.358375,-8913.56,-0.0510962,0.287962,6.95753,101,-9535.4,621.844,91.5717,200.331,-10267.8,440.526,471.459,150.385
146,0.364774,-8913.56,-0.0568497,0.294361,6.30367,101,-9535.4,621.838,91.5717,200.331,-10267.8,440.526,471.454,150.385
147,0.371173,-8913.5,0.00627817,0.300761,5.9263,101,-9535.4,621.901,91.5717,200.331,-10267.8,440.526,471.517,150.385
148,0.377573,-8913.46,0.0431713,0.30716,5.60394,101,-9535.4,621.938,91.5717,200.331,-10267.8,440.526,471.554,150.385
149,0.383972,-8913.38,0.125311,0.313559,4.9867,101,-9535.4,622.02,91.5717,200.331,-10267.8,440.526,471.636,150.385
150,0.390371,-8913.35,0.15625,0.319958,4.68473,101,-9535.4,622.051,91.5717,200.331,-10267.8,440.526,471.667,150.385
151,0.39677,-8913.25,0.255889,0.326357,4.00314,101,-9535.4,622.151,91.5717,200.331,-10267.8,440.526,471.766,150.385
152,0.403169,-8913.27,0.231287,0.332756,3.38144,101,-9535.4,622.126,91.5717,200.331,-10267.8,440.526,471.742,150.385
153,0.409568,-8913.18,0.322103,0.339155,2.66969,101,-9535.4,622.217,91.5717,200.331,-10267.8,440.526,471.833,150.385
154,0.415968,-8913.14,0.362239,0.345555,2.3657,101,-9535.4,622.257,91.5717,200.331,-10267.8,440.526,471.873,150.385
155,0.422367,-8913.13,0.376834,0.351954,2.20168,101,-9535.4,622.272,91.5717,200.331,-10267.8,440.526,471.887,150.385
156,0.428766,-8913.09,0.413743,0.358353,1.88461,101,-9535.4,622.309,91.5717,200.331,-10267.8,440.526,471.924,150.385
157,0.435165,-8913.08,0.425527,0.364752,1.80495,101,-9535.4,622.321,91.5717,200.331,-10267.8,440.526,471.936,150.385
158,0.441564,-8913.07,0.436927,0.371151,1.76441,101,-9535.4,622.332,91.5717,200.331,-10267.8,440.526,471.947,150.385
159,0.447963,-8913.06,0.448194,0.37755,1.76349,101,-9535.4,622.343,91.5717,200.331,-10267.8,440.526,471.959,150.385
160,0.454363,-8913.07,0.434945,0.38395,1.36817,101,-9535.4,622.33,91.5717,200.331,-10267.8,440.526,471.945,150.385
161,0.460762,-8913.04,0.466767,0.390349,1.27561,101,-9535.4,622.362,91.5717,200.331,-10267.8,440.526,471.977,150.385
162,0.467161,-8913.03,0.475297,0.396748,1.39578,101,-9535.4,622.37,91.5717,200.331,-10267.8,440.526,471.986,150.385
163,0.47356,-8913.07,0.436437,0.403147,1.24652,101,-9535.4,622.332,91.5717,200.331,-10267.8,440.526,471.947,150.385
164,0.479959,-8913.06,0.444935,0.409546,1.41362,101,-9535.4,622.34,91.5717,200.331,-10267.8,440.526,471.955,150.385
165,0.486358,-8913.05,0.454575,0.415945,1.60253,101,-9535.4,622.35,91.5717,200.331,-10267.8,440.526,471.965,150.385
166,0.492757,-8913,0.50569,0.422345,1.06586,101,-9535.49,622.49,91.5857,200.302,-10267.9,440.525,472.134,150.356
167,0.499162,-8912.94,0.567582,0.428744,1.08528,101,-9535.49,622.552,91.5858,200.302,-10267.9,440.525,472.196,150.356
168,0.505561,-8912.98,0.526075,0.435143,0.953516,101,-9535.49,622.51,91.5858,200.302,-10267.9,440.525,472.154,150.356
169,0.51196,-8912.97,0.532954,0.441542,1.19538,101,-9535.49,622.517,91.5858,200.302,-10267.9,440.525,472.161,150.356
170,0.51836,-8912.99,0.517442,0.447941,1.38102,101,-9535.49,622.502,91.5858,200.302,-10267.9,440.525,472.146,150.356
171,0.524759,-8912.96,0.550551,0.45434,1.53701,101,-9535.49,622.535,91.5858,200.302,-10267.9,440.525,472.179,150.356
172,0.531158,-8912.9,0.607067,0.46074,1.44984,101,-9535.49,622.591,91.5858,200.302,-10267.9,440.525,472.235,150.356
173,0.537557,-8912.89,0.616972,0.467139,1.64229,101,-9535.49,622.601,91.5858,200.302,-10267.9,440.525,472.245,150.356
174,0.543956,-8912.93,0.57904,0.473538,1.44693,101,-9535.49,622.563,91.5858,200.302,-10267.9,440.525,472.207,150.356
175,0.550355,-8912.87,0.635883,0.479937,1.31354,101,-9535.49,622.62,91.5858,200.302,-10267.9,440.525,472.264,150.356
176,0.556754,-8912.86,0.644644,0.486336,1.42015,101,-9535.49,622.629,91.5858,200.302,-10267.9,440.525,472.273,150.356
177,0.563154,-8912.81,0.700259,0.492735,1.07576,101,-9535.49,622.684,91.5858,200.302,-10267.9,440.525,472.329,150.356
178,0.569553,-8912.82,0.683273,0.499134,0.962584,101,-9535.49,622.667,91.5858,200.302,-10267.9,440.525,472.312,150.356
179,0.575952,-8912.82,0.689601,0.505534,1.01143,101,-9535.49,622.674,91.5858,200.302,-10267.9,440.525,472.318,150.356
180,0.582351,-8912.81,0.699514,0.511933,1.0074,101,-9535.49,622.684,91.5858,200.302,-10267.9,440.525,472.328,150.356
181,0.58875,-8912.82,0.681869,0.518332,0.831734,101,-9535.49,622.666,91.5858,200.302,-10267.9,440.525,472.31,150.356
182,0.595149,-8912.84,0.662139,0.524731,0.351491,101,-9535.49,622.646,91.5858,200.302,-10267.9,440.525,472.29,150.356
183,0.601549,-8912.84,0.663466,0.53113,0.0628904,101,-9535.49,622.648,91.5858,200.302,-10267.9,440.525,472.292,150.356
184,0.607948,-8912.84,0.663823,0.537529,0.0486717,101,-9535.49,622.648,91.5858,200.302,-10267.9,440.525,472.292,150.356
185,0.614347,-8912.89,0.61617,0.543929,-0.261237,101,-9535.49,622.6,91.5858,200.302,-10267.9,440.525,472.245,150.356
186,0.620746,-8912.89,0.614448,0.550328,-0.275203,101,-9535.49,622.599,91.5858,200.302,-10267.9,440.525,472.243,150.356
187,0.627145,-8912.89,0.612677,0.556727,-0.275878,101,-9535.49,622.597,91.5858,200.302,-10267.9,440.525,472.241,150.356
188,0.633544,-8912.87,0.634705,0.563126,-0.449419,101,-9535.49,622.619,91.5858,200.302,-10267.9,440.525,472.263,150.356
189,0.639944,-8912.83,0.677389,0.569525,-0.961204,101,-9535.49,622.662,91.5858,200.302,-10267.9,440.525,472.306,150.356
190,0.646343,-8912.88,0.623143,0.575924,-1.19508,101,-9535.49,622.607,91.5858,200.302,-10267.9,440.525,472.251,150.356
191,0.652742,-8912.89,0.61584,0.582324,-1.08278,101,-9535.49,622.6,91.5858,200.302,-10267.9,440.525,472.244,150.356
192,0.659141,-8912.9,0.609345,0.588723,-0.942588,101,-9535.49,622.594,91.5858,200.302,-10267.9,440.525,472.238,150.356
193,0.66554,-8912.93,0.579879,0.595122,-0.819219,101,-9535.49,622.564,91.5858,200.302,-10267.9,440.525,472.208,150.356
194,0.671939,-8912.93,0.575257,0.601521,-0.620668,101,-9535.49,622.559,91.5858,200.302,-10267.9,440.525,472.204,150.356
195,0.678339,-8912.93,0.571992,0.60792,-0.395493,101,-9535.49,622.556,91.5858,200.302,-10267.9,440.525,472.2,150.356
196,0.684738,-8912.91,0.594029,0.614319,-0.246959,101,-9535.49,622.578,91.5858,200.302,-10267.9,440.525,472.222,150.356
197,0.691137,-8912.84,0.663892,0.620719,-0.41694,101,-9535.49,622.648,91.5858,200.302,-10267.9,440.525,472.292,150.356
198,0.697536,-8912.8,0.708241,0.627118,-0.393232,101,-9535.49,622.692,91.5858,200.302,-10267.9,440.525,472.337,150.356
199,0.703935,-8912.8,0.703305,0.633517,-0.100332,101,-9535.49,622.687,91.5858,200.302,-10267.9,440.525,472.332,150.356
