step,rz,Epot,Epot00,prob_atom_crd[2],prob_atom_fz,prob_atom_fz_integral,n_steps_of_optimization,BondedTermsEnergy,NonBondedTermsEnergy,BondStretchEnergy,AngleStretchEnergy,TorsionEnergy,OutOfPlaneEnergy,DispersionEnergy,ElectrostaticEnergy
0,0.738375,-3341.22,0,0.664429,-0.568033,0,100,-4207.25,866.033,641.769,1134.19,-6432.96,449.748,1139.61,-273.574
1,0.725064,-3341.02,0.197999,0.65114,-0.31269,-0.440361,100,-4207.21,866.189,641.431,1134.41,-6432.91,449.86,1139.52,-273.333
2,0.711776,-3340.85,0.362552,0.637852,-1.28849,-1.24095,100,-4207.2,866.351,641.43,1134.41,-6432.91,449.861,1139.68,-273.332
3,0.698487,-3341.33,-0.116834,0.624563,-0.37704,-2.07372,100,-4206.95,865.615,641.39,1134.6,-6432.8,449.869,1139.11,-273.493
4,0.685296,-3340.88,0.337982,0.611275,-0.563742,-2.54411,100,-4207.2,866.326,641.424,1134.42,-6432.9,449.859,1139.66,-273.33
5,0.671911,-3341.1,0.112604,0.597986,-0.405067,-3.02852,100,-4206.72,865.618,642.29,1134.05,-6432.83,449.773,1139.09,-273.474
6,0.6586,-3340.96,0.253933,0.584698,0.138061,-3.16202,100,-4207.19,866.227,641.414,1134.43,-6432.89,449.863,1139.55,-273.327
7,0.645334,-3341.13,0.0895518,0.571409,-0.562424,-3.3742,100,-4207.05,865.927,641.596,1134.41,-6432.91,449.858,1139.46,-273.535
8,0.632051,-3340.79,0.425947,0.55812,-0.313044,-3.81193,100,-4207.18,866.392,641.416,1134.43,-6432.89,449.862,1139.71,-273.323
9,0.618758,-3341.13,0.0818236,0.544832,-0.442787,-4.18985,100,-4207.15,866.014,641.916,1134.03,-6432.86,449.764,1139.55,-273.532
10,0.605461,-3340.88,0.332355,0.531543,-0.476931,-4.64971,100,-4207.08,866.096,641.12,1134.71,-6432.83,449.921,1139.15,-273.058
11,0.592202,-3341,0.214102,0.518255,-0.486981,-5.13166,100,-4207.21,866.203,641.397,1134.45,-6432.9,449.852,1139.54,-273.333
12,0.578891,-3340.99,0.225893,0.504966,-0.113573,-5.43194,100,-4207.23,866.242,641.259,1134.49,-6432.89,449.907,1139.46,-273.214
13,0.565596,-3341.33,-0.10995,0.491677,-0.67242,-5.82494,100,-4206.81,865.488,641.797,1134.44,-6432.86,449.809,1138.98,-273.491
14,0.552323,-3341.02,0.191789,0.478389,0.56867,-5.87681,100,-4207.22,866.196,641.354,1134.45,-6432.89,449.868,1139.51,-273.315
15,0.53903,-3341.19,0.0216624,0.4651,-0.281579,-5.73327,100,-4207.21,866.014,641.359,1134.46,-6432.89,449.864,1139.34,-273.325
16,0.525738,-3340.98,0.232873,0.451812,-0.157319,-5.95272,100,-4207.39,866.407,640.51,1135.08,-6432.99,450.007,1139.49,-273.085
17,0.512442,-3341.43,-0.213314,0.438523,0.461739,-5.80051,100,-4207.41,865.983,641.515,1134.22,-6432.93,449.786,1139.51,-273.529
18,0.499161,-3341.09,0.122195,0.425235,-1.33837,-6.23882,100,-4207.22,866.131,641.335,1134.45,-6432.88,449.868,1139.45,-273.317
19,0.485872,-3341.39,-0.174742,0.411946,-0.411918,-7.11396,100,-4206.93,865.538,641.891,1134.19,-6432.81,449.803,1139.02,-273.484
20,0.472579,-3341.16,0.0600867,0.398657,-0.676811,-7.65833,100,-4207.23,866.074,641.29,1134.52,-6432.9,449.863,1139.37,-273.294
21,0.459298,-3341.13,0.0864719,0.385369,-0.461295,-8.22738,100,-4207.25,866.121,641.277,1134.47,-6432.87,449.874,1139.44,-273.315
22,0.446006,-3341.13,0.0824912,0.37208,-0.233949,-8.57501,100,-4207.24,866.105,641.304,1134.45,-6432.86,449.873,1139.42,-273.311
23,0.432718,-3341.12,0.0956793,0.358792,-0.550995,-8.96748,100,-4207.03,865.906,641.712,1134.2,-6432.81,449.872,1139.26,-273.351
24,0.419424,-3340.97,0.242132,0.345503,-1.07479,-9.78037,100,-4207.24,866.265,641.295,1134.44,-6432.85,449.88,1139.57,-273.304
25,0.406142,-3340.99,0.229728,0.332215,-0.822194,-10.7289,100,-4207.26,866.273,641.267,1134.44,-6432.86,449.886,1139.58,-273.31
26,0.392853,-3341.26,-0.0475286,0.318926,-1.32683,-11.8034,100,-4207.47,866.206,640.901,1134.54,-6432.87,449.956,1139.4,-273.196
27,0.379557,-3341.15,0.0675611,0.305637,-1.14406,-13.0388,100,-4207.37,866.221,641.093,1134.49,-6432.86,449.914,1139.55,-273.333
28,0.366274,-3341.26,-0.0449825,0.292349,-1.66556,-14.4436,100,-4207.4,866.137,641.009,1134.56,-6432.88,449.913,1139.44,-273.299
29,0.35299,-3341.23,-0.0134945,0.27906,-1.74242,-16.1476,100,-4207.28,866.049,641.241,1134.41,-6432.83,449.904,1139.32,-273.275
30,0.339695,-3341.26,-0.045408,0.265772,-1.74537,-17.8915,100,-4207.31,866.05,641.181,1134.42,-6432.83,449.911,1139.36,-273.305
31,0.326408,-3341.28,-0.064884,0.252483,-1.69655,-19.6125,100,-4207.29,866.005,641.23,1134.4,-6432.83,449.907,1139.27,-273.268
32,0.313118,-3341.45,-0.230226,0.239194,-1.95834,-21.4399,100,-4207.16,865.717,641.28,1134.38,-6432.76,449.938,1138.89,-273.175
33,0.299831,-3341.49,-0.276173,0.225906,-1.61501,-23.2266,100,-4209.02,867.523,639.526,1135.07,-6433.32,449.708,1141.33,-273.803
34,0.286538,-3341.5,-0.282223,0.212617,2.53398,-22.7671,100,-4207.25,865.753,641.146,1134.51,-6432.84,449.936,1138.97,-273.213
35,0.273258,-3341.39,-0.170497,0.199329,-1.99106,-22.4956,100,-4207.3,865.913,641.232,1134.4,-6432.83,449.902,1139.23,-273.32
36,0.259966,-3341.4,-0.184429,0.18604,-0.0735669,-23.5279,100,-4207.3,865.897,641.202,1134.42,-6432.84,449.92,1139.19,-273.294
37,0.246676,-3341.38,-0.166381,0.172752,3.07117,-22.0291,100,-4207.27,865.889,641.209,1134.46,-6432.85,449.91,1139.19,-273.304
38,0.233391,-3341.31,-0.0958691,0.159463,7.85949,-16.5638,100,-4207.26,865.952,641.236,1134.49,-6432.88,449.888,1139.29,-273.341
39,0.220105,-3341.16,0.0521816,0.146174,14.8412,-5.21349,100,-4207.24,866.072,641.288,1134.56,-6432.93,449.849,1139.48,-273.408
40,0.206822,-3340.79,0.426195,0.132886,23.3673,13.8908,100,-4207.21,866.418,641.387,1134.64,-6433.02,449.784,1139.94,-273.524
41,0.193543,-3340.32,0.89637,0.119597,36.5726,43.8607,100,-4207.19,866.87,641.524,1134.75,-6433.15,449.681,1140.56,-273.686
42,0.180266,-3339.73,1.4898,0.106309,53.3348,88.8144,100,-4207.19,867.467,641.729,1134.89,-6433.33,449.526,1141.39,-273.925
43,0.166993,-3338.89,2.32857,0.0930201,73.3958,152.18,100,-4207.24,868.348,642.037,1135.02,-6433.6,449.299,1142.61,-274.261
44,0.153724,-3337.77,3.45058,0.0797315,95.7103,236.733,100,-4207.33,869.568,642.449,1135.17,-6433.94,448.985,1144.28,-274.709
45,0.140457,-3336.53,4.68799,0.0664429,116.884,343.03,100,-4207.53,871.001,642.993,1135.28,-6434.37,448.57,1146.28,-275.276
46,0.127192,-3334.92,6.29387,0.0531543,136.463,469.703,100,-4207.81,872.892,643.689,1135.32,-6434.88,448.053,1148.85,-275.961
47,0.113928,-3333.01,8.20381,0.0398657,149.611,612.74,100,-4208.21,875.202,644.513,1135.26,-6435.44,447.449,1151.93,-276.728
48,0.100661,-3330.99,10.2256,0.0265772,152.738,763.914,100,-4208.74,877.752,645.422,1135.06,-6436.02,446.79,1155.28,-277.528
49,0.0873873,-3329.01,12.2067,0.0132886,143.17,911.868,100,-4209.38,880.367,646.375,1134.69,-6436.56,446.117,1158.67,-278.302
50,0.0741047,-3327.43,13.7874,0,118.58,1042.74,100,-4210.12,882.687,647.283,1134.14,-6437.03,445.489,1161.67,-278.98
51,0.0608104,-3325.92,15.2999,-0.0132886,81.4337,1142.75,100,-4210.89,884.977,648.079,1133.43,-6437.36,444.966,1164.47,-279.495
52,0.0475048,-3325.13,16.0836,-0.0265772,36.346,1201.64,100,-4211.66,886.531,648.664,1132.61,-6437.54,444.601,1166.32,-279.791
53,0.03419,-3324.9,16.3152,-0.0398657,-13.1653,1213.23,100,-4212.35,887.445,648.988,1131.78,-6437.54,444.432,1167.29,-279.842
54,0.0208678,-3325.39,15.8219,-0.0531543,-61.3932,1175.95,100,-4212.87,887.476,649.002,1131.02,-6437.37,444.476,1167.12,-279.647
55,0.00754219,-3326.57,14.6447,-0.0664429,-102.824,1093.84,100,-4213.16,886.593,648.697,1130.44,-6437.03,444.731,1165.81,-279.219
56,-0.00578263,-3327.98,13.2339,-0.0797315,-134.411,975.224,100,-4213.16,885.18,648.144,1130.1,-6436.57,445.166,1163.79,-278.607
57,-0.0191035,-3329.89,11.3217,-0.0930201,-151.05,832.494,100,-4212.88,882.987,647.364,1130.05,-6436.03,445.734,1160.86,-277.872
58,-0.0324162,-3331.94,9.28022,-0.106309,-154.031,679.953,100,-4212.35,880.418,646.46,1130.27,-6435.46,446.379,1157.5,-277.083
59,-0.0457203,-3333.94,7.28024,-0.119597,-145.263,530.306,100,-4211.65,877.712,645.517,1130.69,-6434.9,447.042,1154.01,-276.302
60,-0.0590159,-3335.69,5.52166,-0.132886,-128.191,393.579,100,-4210.85,875.16,644.614,1131.24,-6434.39,447.677,1150.74,-275.577
61,-0.0723047,-3337.43,3.78776,-0.146174,-107.564,275.701,100,-4210.06,872.627,643.818,1131.84,-6433.95,448.237,1147.58,-274.953
62,-0.0855889,-3338.7,2.51177,-0.159463,-84.5198,179.659,100,-4209.33,870.626,643.152,1132.42,-6433.6,448.701,1145.08,-274.452
63,-0.0988696,-3339.68,1.53539,-0.172752,-62.81,105.994,100,-4208.72,869.038,642.625,1132.93,-6433.34,449.066,1143.1,-274.06
64,-0.112149,-3340.34,0.87487,-0.18604,-44.2651,52.4569,100,-4208.22,867.877,642.241,1133.35,-6433.15,449.342,1141.66,-273.779
65,-0.12543,-3340.71,0.506505,-0.199329,-29.3393,15.6547,100,-4207.83,867.125,641.958,1133.67,-6433.01,449.545,1140.7,-273.571
66,-0.138712,-3341.08,0.135034,-0.212617,-19.7749,-8.90241,100,-4207.56,866.48,641.769,1133.91,-6432.92,449.681,1139.92,-273.436
67,-0.151995,-3341.23,-0.0183409,-0.225906,-11.4092,-24.4944,100,-4207.37,866.139,641.64,1134.08,-6432.87,449.772,1139.49,-273.35
68,-0.165279,-3341.34,-0.126222,-0.239194,-5.20504,-32.8015,100,-4207.25,865.91,641.552,1134.2,-6432.83,449.83,1139.21,-273.296
69,-0.178564,-3341.38,-0.165443,-0.252483,-0.982927,-35.8955,100,-4207.17,865.792,641.505,1134.27,-6432.82,449.864,1139.06,-273.269
70,-0.19185,-3341.37,-0.158825,-0.265772,1.77125,-35.5013,100,-4207.13,865.757,641.472,1134.32,-6432.81,449.884,1139.01,-273.254
71,-0.205137,-3341.47,-0.249741,-0.27906,2.97052,-33.1305,100,-4207.31,865.845,640.812,1134.14,-6432.53,450.273,1138.8,-272.954
72,-0.218462,-3341.29,-0.0693302,-0.292349,4.47386,-29.4083,100,-4207.09,865.808,641.465,1134.35,-6432.8,449.897,1139.06,-273.252
73,-0.231712,-3341.49,-0.277039,-0.305637,4.19199,-25.0754,100,-4208.41,866.917,640.993,1134.42,-6433.29,449.464,1140.95,-274.032
74,-0.24502,-3341.15,0.0656091,-0.318926,4.62186,-20.6684,100,-4207.1,865.95,641.462,1134.37,-6432.82,449.889,1139.22,-273.269
75,-0.258289,-3341.26,-0.04023,-0.332215,4.10348,-16.3058,100,-4207.59,866.335,640.914,1134.32,-6432.67,449.843,1139.31,-272.972
76,-0.271552,-3341.13,0.0879581,-0.345503,3.41613,-12.546,100,-4207.08,865.95,641.474,1134.36,-6432.82,449.901,1139.2,-273.252
77,-0.284868,-3341.09,0.123128,-0.358792,3.59327,-9.04125,100,-4207.67,866.575,640.74,1134.4,-6432.61,449.796,1139.23,-272.656
78,-0.298232,-3341.04,0.180705,-0.37208,3.09933,-5.69496,100,-4207.2,866.165,641.409,1134.37,-6432.86,449.882,1139.47,-273.302
79,-0.311446,-3340.92,0.299057,-0.385369,2.6131,-2.83875,100,-4206.93,866.016,642.977,1134.1,-6433.35,449.338,1139.62,-273.601
80,-0.324769,-3340.96,0.259565,-0.398657,2.90512,-0.079636,100,-4207.16,866.208,641.461,1134.36,-6432.86,449.877,1139.51,-273.302
81,-0.338022,-3341.03,0.190335,-0.411946,2.05121,2.39853,100,-4207.01,865.982,640.272,1134.48,-6432.34,450.58,1138.68,-272.7
82,-0.351274,-3341.07,0.143957,-0.425235,1.45188,4.15007,100,-4207.16,866.093,641.451,1134.37,-6432.87,449.882,1139.4,-273.305
83,-0.364597,-3341.08,0.135131,-0.438523,1.65713,5.70457,100,-4207.53,866.448,641.47,1134.69,-6433.14,449.446,1140.02,-273.574
84,-0.377874,-3341.04,0.180817,-0.451812,1.34377,7.20502,100,-4207.18,866.144,641.392,1134.39,-6432.86,449.895,1139.44,-273.292
85,-0.391178,-3341.18,0.0378884,-0.4651,1.17138,8.46259,100,-4208.28,867.104,639.678,1135.55,-6433.36,449.851,1140.49,-273.385
86,-0.404444,-3340.93,0.289816,-0.478389,0.822693,9.45963,100,-4207.2,866.277,641.447,1134.36,-6432.88,449.872,1139.6,-273.319
87,-0.417754,-3341.08,0.131885,-0.491677,0.874795,10.3084,100,-4207.98,866.896,640.228,1134.7,-6432.9,449.997,1140.13,-273.237
88,-0.43102,-3340.9,0.314555,-0.504966,1.05282,11.2722,100,-4207.18,866.282,641.47,1134.36,-6432.89,449.869,1139.61,-273.327
89,-0.444332,-3340.83,0.38498,-0.518255,0.249687,11.9234,100,-4207.02,866.191,640.432,1135.01,-6432.71,450.253,1139.12,-272.925
90,-0.4576,-3340.74,0.477662,-0.531543,0.225917,12.1612,100,-4207.22,866.484,641.467,1134.35,-6432.9,449.857,1139.83,-273.343
91,-0.470909,-3340.72,0.496873,-0.544832,-0.452852,12.0478,100,-4207.12,866.396,641.507,1134.48,-6432.96,449.856,1139.77,-273.377
92,-0.484181,-3340.74,0.47481,-0.55812,-1.74846,10.9471,100,-4207.21,866.47,641.458,1134.37,-6432.9,449.864,1139.81,-273.337
93,-0.497486,-3340.65,0.56326,-0.571409,-0.612138,9.76681,100,-4205.52,864.868,643.78,1133.6,-6432.64,449.739,1138.34,-273.469
94,-0.510876,-3340.78,0.437171,-0.584698,-1.08266,8.91941,100,-4207.2,866.424,641.451,1134.38,-6432.9,449.868,1139.75,-273.331
95,-0.524062,-3340.86,0.354892,-0.597986,-1.12776,7.8142,100,-4207.11,866.249,641.41,1134.65,-6433,449.826,1139.68,-273.428
96,-0.53732,-3340.8,0.417522,-0.611275,-0.386872,7.05688,100,-4207.21,866.414,641.444,1134.39,-6432.91,449.863,1139.75,-273.335
97,-0.55064,-3340.9,0.315129,-0.624563,-0.976692,6.3751,100,-4207.51,866.606,641.056,1134.51,-6432.95,449.878,1139.75,-273.143
98,-0.563969,-3340.99,0.225782,-0.637852,-1.07863,5.34744,100,-4207.2,866.212,641.443,1134.4,-6432.91,449.862,1139.55,-273.333
99,-0.577216,-3341.03,0.187732,-0.65114,-0.783559,4.41634,100,-4206.98,865.956,641.078,1134.58,-6432.72,450.072,1139.39,-273.434
