step,rz,Epot,Epot00,prob_atom_z,prob_atom_fz,prob_atom_fz_integral,n_steps_of_optimization,BondedTermsEnergy,NonBondedTermsEnergy,BondStretchEnergy,AngleStretchEnergy,TorsionEnergy,OutOfPlaneEnergy,DispersionEnergy,ElectrostaticEnergy
0,0.710416,-7189.03,0,0.639372,0.00218444,0,200,-7390.7,201.664,115.087,280.892,-8464.19,677.513,439.82,-238.156
1,0.697629,-7188.91,0.124628,0.626585,-0.653164,-0.00416218,200,-7390.7,201.789,115.087,280.892,-8464.19,677.513,439.945,-238.156
2,0.684841,-7188.9,0.127166,0.613797,-0.522631,-0.0116799,200,-7390.7,201.791,115.087,280.892,-8464.19,677.513,439.947,-238.156
3,0.672054,-7188.91,0.121721,0.60101,-0.328869,-0.0171241,200,-7390.7,201.786,115.087,280.892,-8464.19,677.513,439.942,-238.156
4,0.659266,-7188.91,0.118756,0.588222,-0.134788,-0.0200886,200,-7390.7,201.783,115.087,280.892,-8464.19,677.513,439.939,-238.156
5,0.646479,-7188.91,0.118277,0.575435,0.0599569,-0.0205671,200,-7390.7,201.782,115.087,280.892,-8464.19,677.513,439.938,-238.156
6,0.633692,-7188.9,0.130652,0.562647,0.19433,-0.0189412,200,-7390.7,201.795,115.087,280.892,-8464.19,677.513,439.951,-238.156
7,0.620904,-7188.79,0.243625,0.54986,-0.266731,-0.0194042,200,-7390.7,201.908,115.087,280.892,-8464.19,677.513,440.064,-238.156
8,0.608117,-7188.79,0.241793,0.537072,-0.0198977,-0.0212368,200,-7390.7,201.906,115.087,280.892,-8464.19,677.513,440.062,-238.156
9,0.595329,-7188.79,0.243115,0.524285,0.226725,-0.0199144,200,-7390.7,201.907,115.087,280.892,-8464.19,677.513,440.063,-238.156
10,0.582542,-7188.89,0.13748,0.511498,-0.24602,-0.0200377,200,-7390.7,201.801,115.087,280.892,-8464.19,677.513,439.958,-238.156
11,0.569754,-7188.93,0.102274,0.49871,-0.257923,-0.0232598,200,-7390.7,201.766,115.087,280.892,-8464.19,677.513,439.922,-238.156
12,0.556967,-7188.93,0.100053,0.485923,-0.0903878,-0.0254868,200,-7390.7,201.764,115.087,280.892,-8464.19,677.513,439.92,-238.156
13,0.544179,-7188.93,0.0999392,0.473135,0.071608,-0.0256069,200,-7390.7,201.764,115.087,280.892,-8464.19,677.513,439.92,-238.156
14,0.531392,-7188.97,0.0588834,0.460348,-0.0742113,-0.0256235,200,-7390.7,201.723,115.087,280.892,-8464.19,677.513,439.879,-238.156
15,0.518605,-7189.01,0.024245,0.44756,-0.170971,-0.0271912,200,-7390.7,201.688,115.087,280.892,-8464.19,677.513,439.844,-238.156
16,0.505817,-7189.05,-0.0221866,0.434773,-0.351936,-0.0305345,200,-7390.7,201.642,115.087,280.892,-8464.19,677.513,439.798,-238.156
17,0.49303,-7189.08,-0.0482567,0.421986,-0.417815,-0.0354561,200,-7390.7,201.616,115.087,280.892,-8464.19,677.513,439.772,-238.156
18,0.480242,-7188.98,0.048392,0.409198,-0.997114,-0.0445027,200,-7390.7,201.712,115.087,280.892,-8464.19,677.513,439.869,-238.156
19,0.467455,-7188.98,0.0552854,0.396411,-1.04832,-0.0575806,200,-7390.7,201.719,115.087,280.892,-8464.19,677.513,439.875,-238.156
20,0.454667,-7188.99,0.0422655,0.383623,-0.991381,-0.0706219,200,-7390.7,201.706,115.087,280.892,-8464.19,677.513,439.862,-238.156
21,0.44188,-7189,0.0298415,0.370836,-0.955403,-0.0830691,200,-7390.7,201.694,115.087,280.892,-8464.19,677.513,439.85,-238.156
22,0.429093,-7189.05,-0.0140572,0.358048,-1.16671,-0.0966373,200,-7390.7,201.65,115.087,280.892,-8464.19,677.513,439.806,-238.156
23,0.416305,-7189.09,-0.0625948,0.345261,-1.43075,-0.113245,200,-7390.7,201.601,115.087,280.892,-8464.19,677.513,439.758,-238.156
24,0.403518,-7188.99,0.0383413,0.332473,-2.24385,-0.136739,200,-7390.7,201.702,115.087,280.892,-8464.19,677.513,439.859,-238.156
25,0.39073,-7189.02,0.0093556,0.319686,-2.29341,-0.165749,200,-7390.7,201.673,115.087,280.892,-8464.19,677.513,439.83,-238.156
26,0.377943,-7189.05,-0.0203888,0.306899,-2.36061,-0.195506,200,-7390.7,201.644,115.087,280.892,-8464.19,677.513,439.8,-238.156
27,0.365155,-7189.1,-0.071768,0.294111,-2.55296,-0.226922,200,-7390.7,201.592,115.087,280.892,-8464.19,677.513,439.748,-238.156
28,0.352368,-7189.18,-0.147974,0.281324,-2.85096,-0.261473,200,-7390.7,201.516,115.087,280.892,-8464.19,677.513,439.672,-238.156
29,0.33958,-7189.22,-0.184376,0.268536,-2.82023,-0.297733,200,-7390.7,201.48,115.087,280.892,-8464.19,677.513,439.636,-238.156
30,0.326793,-7189.25,-0.219269,0.255749,-2.5918,-0.332336,200,-7390.7,201.445,115.087,280.892,-8464.19,677.513,439.601,-238.156
31,0.314006,-7189.28,-0.249042,0.242961,-1.97911,-0.361561,200,-7390.7,201.415,115.087,280.892,-8464.19,677.513,439.571,-238.156
32,0.301218,-7189.38,-0.351178,0.230174,-1.1778,-0.381745,200,-7390.7,201.313,115.087,280.892,-8464.19,677.513,439.469,-238.156
33,0.288431,-7189.43,-0.395717,0.217386,1.10463,-0.382213,200,-7390.7,201.268,115.087,280.892,-8464.19,677.513,439.424,-238.156
34,0.275643,-7189.39,-0.354284,0.204599,5.85616,-0.337708,200,-7390.7,201.31,115.087,280.892,-8464.19,677.513,439.466,-238.156
35,0.262856,-7189.14,-0.108309,0.191812,13.7286,-0.212488,200,-7390.7,201.556,115.087,280.892,-8464.19,677.513,439.712,-238.156
36,0.250068,-7188.88,0.156309,0.179024,29.1011,0.0613527,200,-7390.7,201.82,115.087,280.892,-8464.19,677.513,439.976,-238.156
37,0.237281,-7188.35,0.684774,0.166237,56.0407,0.605726,200,-7390.7,202.349,115.087,280.892,-8464.19,677.513,440.505,-238.156
38,0.224493,-7187.36,1.67366,0.153449,102.906,1.62199,200,-7390.7,203.338,115.087,280.892,-8464.19,677.513,441.494,-238.156
39,0.211706,-7185.57,3.46112,0.140662,184.005,3.45641,200,-7390.7,205.125,115.087,280.892,-8464.19,677.513,443.281,-238.156
40,0.198919,-7190.06,-1.03185,0.127874,1.41938,4.64196,200,-7390.69,200.627,115.575,280.353,-8463.83,677.21,439.157,-238.529
41,0.186131,-7190.34,-1.31232,0.115087,2.50119,4.66703,200,-7390.95,200.608,115.114,280.843,-8464.49,677.584,438.952,-238.344
42,0.173344,-7190.83,-1.79927,0.1023,0.37662,4.68543,200,-7390.84,200.008,115.298,280.913,-8464.45,677.398,438.458,-238.449
43,0.160556,-7190.5,-1.46752,0.0895121,5.4972,4.72299,200,-7391.13,200.626,114.645,280.594,-8463.85,677.484,439.484,-238.857
44,0.147769,-7190.56,-1.52835,0.0767246,6.02975,4.79669,200,-7391.17,200.613,114.426,280.611,-8463.67,677.461,439.512,-238.9
45,0.134981,-7190.56,-1.52422,0.0639372,6.4069,4.8762,200,-7391.08,200.529,114.587,281.031,-8463.86,677.156,439.507,-238.978
46,0.122194,-7190.46,-1.42753,0.0511498,8.69411,4.97276,200,-7391.22,200.762,114.173,280.717,-8463.62,677.507,439.759,-238.997
47,0.109407,-7190.51,-1.47552,0.0383623,11.0469,5.09897,200,-7391.29,200.785,114.444,280.737,-8463.76,677.292,439.824,-239.039
48,0.0966191,-7190.41,-1.37595,0.0255749,14.3766,5.26152,200,-7391.2,200.792,114.361,280.822,-8463.71,677.33,439.846,-239.054
49,0.0838316,-7190.25,-1.21769,0.0127874,16.6287,5.45976,200,-7391.26,201.012,114.478,281.944,-8464.83,677.142,439.832,-238.82
50,0.0710442,-7190.11,-1.0811,0,18.4849,5.68427,200,-7391.28,201.17,114.188,281.484,-8464.2,677.241,440.153,-238.983
51,0.0582568,-7189.79,-0.760265,-0.0127874,18.3664,5.91989,200,-7391.59,201.795,114.326,281.559,-8464.87,677.394,440.823,-239.028
52,0.0454693,-7189.67,-0.635449,-0.0255749,15.7301,6.13789,200,-7391.1,201.437,114.5,283.205,-8464.63,675.825,440.503,-239.066
53,0.0326819,-7189.21,-0.175397,-0.0383623,11.2751,6.31055,200,-7390.95,201.738,114.465,282.598,-8465.12,677.111,440.83,-239.092
54,0.0198944,-7189.36,-0.328333,-0.0511498,6.01013,6.42107,200,-7391.34,201.979,114.349,282.314,-8465.14,677.14,441.244,-239.265
55,0.007107,-7189.34,-0.304908,-0.0639372,-0.433118,6.45673,200,-7391.41,202.071,114.554,282.331,-8465.11,676.816,441.461,-239.39
56,-0.00568044,-7189.27,-0.236946,-0.0767246,-6.83241,6.41027,200,-7391.3,202.033,114.727,281.714,-8464.97,677.228,441.493,-239.46
57,-0.0184679,-7189.86,-0.82668,-0.0895121,-11.6566,6.29206,200,-7390.98,201.117,115.198,282.936,-8465.65,676.544,439.702,-238.585
58,-0.0312553,-7189.78,-0.745914,-0.1023,-15.7933,6.11655,200,-7391.2,201.425,115.023,281.661,-8464.56,676.678,440.804,-239.378
59,-0.0440428,-7190.14,-1.10578,-0.115087,-17.9371,5.90089,200,-7391.33,201.189,114.791,281.681,-8464.56,676.757,440.526,-239.337
60,-0.0568302,-7190.58,-1.54467,-0.127874,-18.0633,5.67072,200,-7390.9,200.32,114.875,281.333,-8464.14,677.039,439.52,-239.2
61,-0.0696176,-7190.87,-1.83776,-0.140662,-17.6888,5.44213,200,-7390.99,200.126,115.056,281.345,-8464.43,677.036,438.905,-238.779
62,-0.0824051,-7191.16,-2.126,-0.153449,-12.7406,5.24757,200,-7391.22,200.06,114.941,281.586,-8464.77,677.026,438.975,-238.915
63,-0.0951925,-7191.04,-2.01188,-0.166237,-10.3512,5.09993,200,-7390.99,199.949,114.962,280.744,-8463.93,677.235,439.029,-239.08
64,-0.10798,-7191.35,-2.322,-0.179024,-7.50347,4.98577,200,-7390.93,199.579,114.681,280.473,-8463.41,677.325,438.632,-239.052
65,-0.120767,-7191.46,-2.42416,-0.191812,-5.14654,4.90489,200,-7390.88,199.427,114.608,281,-8463.54,677.053,438.294,-238.867
66,-0.133555,-7191.08,-2.05034,-0.204599,-4.9458,4.84036,200,-7391.13,200.048,114.803,280.329,-8463.68,677.419,439.146,-239.098
67,-0.146342,-7191.28,-2.2533,-0.217386,-1.06146,4.80195,200,-7390.88,199.597,115.046,281.317,-8464.27,677.022,438.309,-238.712
68,-0.15913,-7190.84,-1.80877,-0.230174,-3.88147,4.77035,200,-7391.07,200.232,114.808,280.361,-8463.4,677.16,439.216,-238.984
69,-0.171917,-7191.23,-2.20234,-0.242961,-0.834454,4.7402,200,-7390.91,199.681,114.905,280.553,-8463.43,677.058,438.385,-238.704
70,-0.184705,-7191.26,-2.23267,-0.255749,0.0191364,4.73498,200,-7391.02,199.76,114.938,281.953,-8464.42,676.5,438.248,-238.488
71,-0.197492,-7187.77,1.25903,-0.268536,-143.729,3.81614,200,-7391.02,203.252,114.938,281.953,-8464.42,676.5,441.74,-238.488
72,-0.210279,-7189.16,-0.130956,-0.281324,-79.5073,2.38883,200,-7391.02,201.862,114.938,281.953,-8464.42,676.5,440.35,-238.488
73,-0.223067,-7189.88,-0.848329,-0.294111,-42.7164,1.60737,200,-7391.02,201.144,114.938,281.953,-8464.42,676.5,439.632,-238.488
74,-0.235854,-7190.21,-1.17513,-0.306899,-21.9115,1.19415,200,-7391.02,200.817,114.938,281.953,-8464.42,676.5,439.305,-238.488
75,-0.248642,-7190.39,-1.36078,-0.319686,-9.86232,0.991,200,-7391.02,200.632,114.938,281.953,-8464.42,676.5,439.12,-238.488
76,-0.261429,-7190.48,-1.4495,-0.332473,-3.11572,0.908022,200,-7391.02,200.543,114.938,281.953,-8464.42,676.5,439.031,-238.488
77,-0.274217,-7190.62,-1.58498,-0.345261,-0.111945,0.887385,200,-7391.02,200.408,114.938,281.953,-8464.42,676.5,438.896,-238.488
78,-0.287004,-7190.6,-1.5726,-0.358048,1.83268,0.898387,200,-7391.02,200.42,114.938,281.953,-8464.42,676.5,438.908,-238.488
79,-0.299792,-7190.57,-1.5423,-0.370836,2.78551,0.927915,200,-7391.02,200.45,114.938,281.953,-8464.42,676.5,438.938,-238.488
80,-0.312579,-7190.54,-1.50367,-0.383623,3.1893,0.966116,200,-7391.02,200.489,114.938,281.953,-8464.42,676.5,438.977,-238.488
81,-0.325366,-7190.49,-1.46196,-0.396411,3.3008,1.00761,200,-7391.02,200.531,114.938,281.953,-8464.42,676.5,439.019,-238.488
82,-0.338154,-7190.58,-1.54702,-0.409198,2.48907,1.04463,200,-7391.02,200.446,114.938,281.953,-8464.42,676.5,438.934,-238.488
83,-0.350941,-7190.55,-1.5161,-0.421986,2.34123,1.07551,200,-7391.02,200.476,114.938,281.953,-8464.42,676.5,438.964,-238.488
84,-0.363729,-7190.48,-1.44675,-0.434773,1.93874,1.10288,200,-7391.02,200.546,114.938,281.953,-8464.42,676.5,439.034,-238.488
85,-0.376516,-7190.43,-1.40353,-0.44756,1.68477,1.12605,200,-7391.02,200.589,114.938,281.953,-8464.42,676.5,439.077,-238.488
86,-0.389304,-7190.41,-1.38269,-0.460348,1.57821,1.14691,200,-7391.02,200.61,114.938,281.953,-8464.42,676.5,439.098,-238.488
87,-0.402091,-7190.39,-1.36305,-0.473135,1.49973,1.16659,200,-7391.02,200.63,114.938,281.953,-8464.42,676.5,439.118,-238.488
88,-0.414879,-7190.38,-1.34421,-0.485923,1.45093,1.18545,200,-7391.02,200.648,114.938,281.953,-8464.42,676.5,439.136,-238.488
89,-0.427666,-7190.31,-1.27511,-0.49871,1.07626,1.20161,200,-7391.02,200.717,114.938,281.953,-8464.42,676.5,439.205,-238.488
90,-0.440453,-7190.28,-1.2513,-0.511498,1.04442,1.21517,200,-7391.02,200.741,114.938,281.953,-8464.42,676.5,439.229,-238.488
91,-0.453241,-7190.15,-1.11875,-0.524285,0.379286,1.22427,200,-7391.02,200.874,114.938,281.953,-8464.42,676.5,439.362,-238.488
92,-0.466028,-7190.14,-1.11303,-0.537072,0.518224,1.23001,200,-7391.02,200.88,114.938,281.953,-8464.42,676.5,439.368,-238.488
93,-0.478816,-7190.24,-1.2099,-0.54986,0.0349508,1.23355,200,-7391.02,200.783,114.938,281.953,-8464.42,676.5,439.271,-238.488
94,-0.491603,-7190.26,-1.23082,-0.562647,0.026467,1.23394,200,-7391.02,200.762,114.938,281.953,-8464.42,676.5,439.25,-238.488
95,-0.504391,-7190.26,-1.229,-0.575435,0.147551,1.23506,200,-7391.02,200.764,114.938,281.953,-8464.42,676.5,439.252,-238.488
96,-0.517178,-7190.26,-1.22378,-0.588222,0.263813,1.23769,200,-7391.02,200.769,114.938,281.953,-8464.42,676.5,439.257,-238.488
97,-0.529965,-7190.25,-1.21947,-0.60101,0.411719,1.242,200,-7391.02,200.773,114.938,281.953,-8464.42,676.5,439.261,-238.488
98,-0.542753,-7190.24,-1.20368,-0.613797,0.483643,1.24773,200,-7391.02,200.789,114.938,281.953,-8464.42,676.5,439.277,-238.488
99,-0.55554,-7190.36,-1.3245,-0.626585,-0.120252,1.25005,200,-7391.02,200.668,114.938,281.953,-8464.42,676.5,439.156,-238.488
100,-0.568328,-7190.36,-1.32525,-0.639372,0.00377579,1.24931,200,-7391.02,200.667,114.938,281.953,-8464.42,676.5,439.155,-238.488
