step,rz,Epot,Epot00,prob_atom_z,prob_atom_fz,prob_atom_fz_integral,n_steps_of_optimization,BondedTermsEnergy,NonBondedTermsEnergy,BondStretchEnergy,AngleStretchEnergy,TorsionEnergy,OutOfPlaneEnergy,DispersionEnergy,ElectrostaticEnergy
0,0.710416,-7189.03,0,0.639372,0.00218444,0,500,-7390.7,201.664,115.087,280.892,-8464.19,677.513,439.82,-238.156
1,0.704022,-7188.99,0.0439675,0.632978,-0.239064,-0.00075727,500,-7390.7,201.708,115.087,280.892,-8464.19,677.513,439.864,-238.156
2,0.697629,-7188.91,0.124628,0.626585,-0.653164,-0.0036096,500,-7390.7,201.789,115.087,280.892,-8464.19,677.513,439.945,-238.156
3,0.691235,-7188.9,0.130817,0.620191,-0.619497,-0.00767812,500,-7390.7,201.795,115.087,280.892,-8464.19,677.513,439.951,-238.156
4,0.684841,-7188.9,0.127166,0.613797,-0.522631,-0.0113293,500,-7390.7,201.791,115.087,280.892,-8464.19,677.513,439.947,-238.156
5,0.678448,-7188.91,0.124134,0.607403,-0.425769,-0.0143612,500,-7390.7,201.788,115.087,280.892,-8464.19,677.513,439.944,-238.156
6,0.672054,-7188.91,0.121721,0.60101,-0.328869,-0.0167737,500,-7390.7,201.786,115.087,280.892,-8464.19,677.513,439.942,-238.156
7,0.66566,-7188.91,0.119929,0.594616,-0.23189,-0.0185664,500,-7390.7,201.784,115.087,280.892,-8464.19,677.513,439.94,-238.156
8,0.659266,-7188.91,0.118756,0.588222,-0.134788,-0.0197386,500,-7390.7,201.783,115.087,280.892,-8464.19,677.513,439.939,-238.156
9,0.652873,-7188.91,0.118205,0.581829,-0.0375198,-0.0202894,500,-7390.7,201.782,115.087,280.892,-8464.19,677.513,439.938,-238.156
10,0.646479,-7188.91,0.118277,0.575435,0.0599569,-0.0202177,500,-7390.7,201.782,115.087,280.892,-8464.19,677.513,439.938,-238.156
11,0.640085,-7188.91,0.118973,0.569041,0.157683,-0.0195219,500,-7390.7,201.783,115.087,280.892,-8464.19,677.513,439.939,-238.156
12,0.633692,-7188.9,0.130652,0.562647,0.19433,-0.0183966,500,-7390.7,201.795,115.087,280.892,-8464.19,677.513,439.951,-238.156
13,0.627298,-7188.84,0.193497,0.556254,-0.0738667,-0.0180115,500,-7390.7,201.857,115.087,280.892,-8464.19,677.513,440.014,-238.156
14,0.620904,-7188.79,0.243625,0.54986,-0.266731,-0.0191003,500,-7390.7,201.908,115.087,280.892,-8464.19,677.513,440.064,-238.156
15,0.61451,-7188.79,0.242314,0.543466,-0.143288,-0.0204111,500,-7390.7,201.906,115.087,280.892,-8464.19,677.513,440.062,-238.156
16,0.608117,-7188.79,0.241793,0.537072,-0.0198977,-0.0209328,500,-7390.7,201.906,115.087,280.892,-8464.19,677.513,440.062,-238.156
17,0.601723,-7188.79,0.24206,0.530679,0.103439,-0.0206657,500,-7390.7,201.906,115.087,280.892,-8464.19,677.513,440.062,-238.156
18,0.595329,-7188.79,0.243115,0.524285,0.226725,-0.0196102,500,-7390.7,201.907,115.087,280.892,-8464.19,677.513,440.063,-238.156
19,0.588936,-7188.81,0.221068,0.517891,0.157171,-0.018383,500,-7390.7,201.885,115.087,280.892,-8464.19,677.513,440.041,-238.156
20,0.582542,-7188.89,0.13748,0.511498,-0.24602,-0.018667,500,-7390.7,201.801,115.087,280.892,-8464.19,677.513,439.958,-238.156
21,0.576148,-7188.93,0.104197,0.505104,-0.343664,-0.0205522,500,-7390.7,201.768,115.087,280.892,-8464.19,677.513,439.924,-238.156
22,0.569754,-7188.93,0.102274,0.49871,-0.257923,-0.0224753,500,-7390.7,201.766,115.087,280.892,-8464.19,677.513,439.922,-238.156
23,0.563361,-7188.93,0.100896,0.492316,-0.173485,-0.0238545,500,-7390.7,201.765,115.087,280.892,-8464.19,677.513,439.921,-238.156
24,0.556967,-7188.93,0.100053,0.485923,-0.0903878,-0.0246981,500,-7390.7,201.764,115.087,280.892,-8464.19,677.513,439.92,-238.156
25,0.550573,-7188.93,0.0997373,0.479529,-0.00867341,-0.0250147,500,-7390.7,201.764,115.087,280.892,-8464.19,677.513,439.92,-238.156
26,0.544179,-7188.93,0.0999392,0.473135,0.071608,-0.0248136,500,-7390.7,201.764,115.087,280.892,-8464.19,677.513,439.92,-238.156
27,0.537786,-7188.94,0.0897995,0.466742,0.0540792,-0.0244117,500,-7390.7,201.754,115.087,280.892,-8464.19,677.513,439.91,-238.156
28,0.531392,-7188.97,0.0588834,0.460348,-0.0742113,-0.0244761,500,-7390.7,201.723,115.087,280.892,-8464.19,677.513,439.879,-238.156
29,0.524998,-7189,0.026804,0.453954,-0.211153,-0.0253884,500,-7390.7,201.691,115.087,280.892,-8464.19,677.513,439.847,-238.156
30,0.518605,-7189.01,0.024245,0.44756,-0.170971,-0.02661,500,-7390.7,201.688,115.087,280.892,-8464.19,677.513,439.844,-238.156
31,0.512211,-7189.01,0.0211704,0.441167,-0.140616,-0.0276061,500,-7390.7,201.685,115.087,280.892,-8464.19,677.513,439.841,-238.156
32,0.505817,-7189.05,-0.0221866,0.434773,-0.351936,-0.0291807,500,-7390.7,201.642,115.087,280.892,-8464.19,677.513,439.798,-238.156
33,0.499423,-7189.08,-0.0455047,0.428379,-0.443612,-0.0317239,500,-7390.7,201.618,115.087,280.892,-8464.19,677.513,439.775,-238.156
34,0.49303,-7189.08,-0.0482567,0.421986,-0.417815,-0.0344778,500,-7390.7,201.616,115.087,280.892,-8464.19,677.513,439.772,-238.156
35,0.486636,-7189.07,-0.0405237,0.415592,-0.457677,-0.0372766,500,-7390.7,201.623,115.087,280.892,-8464.19,677.513,439.78,-238.156
36,0.480242,-7188.98,0.048392,0.409198,-0.997114,-0.0419274,500,-7390.7,201.712,115.087,280.892,-8464.19,677.513,439.869,-238.156
37,0.473849,-7188.97,0.0620999,0.402804,-1.08408,-0.0485807,500,-7390.7,201.726,115.087,280.892,-8464.19,677.513,439.882,-238.156
38,0.467455,-7188.98,0.0552854,0.396411,-1.04832,-0.0553977,500,-7390.7,201.719,115.087,280.892,-8464.19,677.513,439.875,-238.156
39,0.461061,-7188.98,0.0486844,0.390017,-1.01734,-0.0620013,500,-7390.7,201.713,115.087,280.892,-8464.19,677.513,439.869,-238.156
40,0.454667,-7188.99,0.0422655,0.383623,-0.991381,-0.0684229,500,-7390.7,201.706,115.087,280.892,-8464.19,677.513,439.862,-238.156
41,0.448274,-7189,0.035996,0.377229,-0.970663,-0.0746953,500,-7390.7,201.7,115.087,280.892,-8464.19,677.513,439.856,-238.156
42,0.44188,-7189,0.0298415,0.370836,-0.955403,-0.0808527,500,-7390.7,201.694,115.087,280.892,-8464.19,677.513,439.85,-238.156
43,0.435486,-7189.01,0.0237668,0.364442,-0.945796,-0.0869305,500,-7390.7,201.688,115.087,280.892,-8464.19,677.513,439.844,-238.156
44,0.429093,-7189.05,-0.0140572,0.358048,-1.16671,-0.0936839,500,-7390.7,201.65,115.087,280.892,-8464.19,677.513,439.806,-238.156
45,0.422699,-7189.08,-0.0535421,0.351655,-1.4021,-0.101896,500,-7390.7,201.61,115.087,280.892,-8464.19,677.513,439.767,-238.156
46,0.416305,-7189.09,-0.0625948,0.345261,-1.43075,-0.110952,500,-7390.7,201.601,115.087,280.892,-8464.19,677.513,439.758,-238.156
47,0.409911,-7189.04,-0.0104561,0.338867,-1.84032,-0.121409,500,-7390.7,201.653,115.087,280.892,-8464.19,677.513,439.81,-238.156
48,0.403518,-7188.99,0.0383413,0.332473,-2.24385,-0.134466,500,-7390.7,201.702,115.087,280.892,-8464.19,677.513,439.859,-238.156
49,0.397124,-7189.01,0.0239279,0.32608,-2.26578,-0.148883,500,-7390.7,201.688,115.087,280.892,-8464.19,677.513,439.844,-238.156
50,0.39073,-7189.02,0.0093556,0.319686,-2.29341,-0.163458,500,-7390.7,201.673,115.087,280.892,-8464.19,677.513,439.83,-238.156
51,0.384336,-7189.04,-0.0054086,0.313292,-2.32559,-0.178224,500,-7390.7,201.659,115.087,280.892,-8464.19,677.513,439.815,-238.156
52,0.377943,-7189.05,-0.0203888,0.306899,-2.36061,-0.193205,500,-7390.7,201.644,115.087,280.892,-8464.19,677.513,439.8,-238.156
53,0.371549,-7189.07,-0.0355959,0.300505,-2.39608,-0.208412,500,-7390.7,201.628,115.087,280.892,-8464.19,677.513,439.785,-238.156
54,0.365155,-7189.1,-0.071768,0.294111,-2.55296,-0.224233,500,-7390.7,201.592,115.087,280.892,-8464.19,677.513,439.748,-238.156
55,0.358762,-7189.14,-0.109388,0.287717,-2.70789,-0.241051,500,-7390.7,201.555,115.087,280.892,-8464.19,677.513,439.711,-238.156
56,0.352368,-7189.18,-0.147974,0.281324,-2.85096,-0.258822,500,-7390.7,201.516,115.087,280.892,-8464.19,677.513,439.672,-238.156
57,0.345974,-7189.2,-0.16622,0.27493,-2.85225,-0.277054,500,-7390.7,201.498,115.087,280.892,-8464.19,677.513,439.654,-238.156
58,0.33958,-7189.22,-0.184376,0.268536,-2.82023,-0.295188,500,-7390.7,201.48,115.087,280.892,-8464.19,677.513,439.636,-238.156
59,0.333187,-7189.23,-0.202182,0.262143,-2.74,-0.312964,500,-7390.7,201.462,115.087,280.892,-8464.19,677.513,439.618,-238.156
60,0.326793,-7189.25,-0.219269,0.255749,-2.5918,-0.330009,500,-7390.7,201.445,115.087,280.892,-8464.19,677.513,439.601,-238.156
61,0.320399,-7189.27,-0.235124,0.249355,-2.34959,-0.345806,500,-7390.7,201.429,115.087,280.892,-8464.19,677.513,439.585,-238.156
62,0.314006,-7189.28,-0.249042,0.242961,-1.97911,-0.359644,500,-7390.7,201.415,115.087,280.892,-8464.19,677.513,439.571,-238.156
63,0.307612,-7189.29,-0.260064,0.236568,-1.43528,-0.370559,500,-7390.7,201.404,115.087,280.892,-8464.19,677.513,439.56,-238.156
64,0.301218,-7189.38,-0.351178,0.230174,-1.1778,-0.378913,500,-7390.7,201.313,115.087,280.892,-8464.19,677.513,439.469,-238.156
65,0.294824,-7189.43,-0.397826,0.22378,-0.366299,-0.383849,500,-7390.7,201.266,115.087,280.892,-8464.19,677.513,439.422,-238.156
66,0.288431,-7189.43,-0.395717,0.217386,1.10463,-0.381489,500,-7390.7,201.268,115.087,280.892,-8464.19,677.513,439.424,-238.156
67,0.282037,-7189.41,-0.382542,0.210993,3.12046,-0.367982,500,-7390.7,201.281,115.087,280.892,-8464.19,677.513,439.438,-238.156
68,0.275643,-7189.39,-0.354284,0.204599,5.85616,-0.339285,500,-7390.7,201.31,115.087,280.892,-8464.19,677.513,439.466,-238.156
69,0.26925,-7189.31,-0.274736,0.198205,9.35276,-0.290664,500,-7390.7,201.389,115.087,280.892,-8464.19,677.513,439.545,-238.156
70,0.262856,-7189.14,-0.108309,0.191812,13.7286,-0.216876,500,-7390.7,201.556,115.087,280.892,-8464.19,677.513,439.712,-238.156
71,0.256462,-7189.03,-0.000414995,0.185418,20.3343,-0.107982,500,-7390.7,201.664,115.087,280.892,-8464.19,677.513,439.82,-238.156
72,0.250068,-7188.88,0.156309,0.179024,29.1011,0.0500562,500,-7390.7,201.82,115.087,280.892,-8464.19,677.513,439.976,-238.156
73,0.243675,-7188.65,0.37775,0.17263,40.7071,0.273223,500,-7390.7,202.042,115.087,280.892,-8464.19,677.513,440.198,-238.156
74,0.237281,-7188.35,0.684774,0.166237,56.0407,0.582512,500,-7390.7,202.349,115.087,280.892,-8464.19,677.513,440.505,-238.156
75,0.230887,-7187.93,1.10477,0.159843,76.2659,1.00548,500,-7390.7,202.769,115.087,280.892,-8464.19,677.513,440.925,-238.156
76,0.224493,-7187.36,1.67366,0.153449,102.906,1.57827,500,-7390.7,203.338,115.087,280.892,-8464.19,677.513,441.494,-238.156
77,0.2181,-7186.59,2.43854,0.147056,137.953,2.34826,500,-7390.7,204.102,115.087,280.892,-8464.19,677.513,442.259,-238.156
78,0.211706,-7185.57,3.46112,0.140662,184.005,3.37751,500,-7390.7,205.125,115.087,280.892,-8464.19,677.513,443.281,-238.156
79,0.205312,-7190.25,-1.21524,0.134268,-0.119386,3.96537,500,-7391.01,200.759,115.092,281.657,-8464.85,677.096,439.076,-238.317
80,0.198919,-7189.96,-0.926485,0.127874,5.04214,3.9811,500,-7391.07,201.115,114.895,280.245,-8463.61,677.402,439.86,-238.745
81,0.192525,-7190.16,-1.12901,0.121481,3.87306,4.0096,500,-7391.11,200.951,114.846,280.595,-8463.87,677.321,439.66,-238.709
82,0.186131,-7190.28,-1.24543,0.115087,4.27338,4.03565,500,-7391.16,200.88,114.883,280.843,-8463.88,676.999,439.573,-238.692
83,0.179737,-7190.3,-1.27344,0.108693,4.89017,4.06494,500,-7391.1,200.799,114.328,280.831,-8463.99,677.725,439.427,-238.629
84,0.173344,-7190.38,-1.34569,0.1023,4.53071,4.09506,500,-7390.97,200.594,114.359,281.082,-8463.83,677.417,439.272,-238.678
85,0.16695,-7190.46,-1.42652,0.0959058,4.21551,4.12302,500,-7391.11,200.649,114.73,280.38,-8463.54,677.328,439.447,-238.799
86,0.160556,-7190.57,-1.53804,0.0895121,4.21239,4.14996,500,-7391.15,200.58,114.633,280.338,-8463.73,677.607,439.489,-238.909
87,0.154163,-7190.59,-1.55611,0.0831184,5.28966,4.18034,500,-7391.23,200.646,114.515,280.365,-8463.62,677.504,439.596,-238.95
88,0.147769,-7190.55,-1.52009,0.0767246,6.47826,4.21796,500,-7391.29,200.739,114.271,280.305,-8463.08,677.216,439.728,-238.989
89,0.141375,-7190.81,-1.78099,0.0703309,5.1821,4.25524,500,-7391.1,200.283,114.505,280.579,-8463.64,677.463,439.313,-239.03
90,0.134981,-7190.72,-1.68876,0.0639372,7.03431,4.29429,500,-7391.21,200.487,114.273,280.894,-8463.75,677.373,439.547,-239.06
91,0.128588,-7190.97,-1.93416,0.0575435,6.22583,4.33668,500,-7391.15,200.183,114.639,280.578,-8463.8,677.434,439.066,-238.883
92,0.122194,-7190.95,-1.92082,0.0511498,8.68767,4.38436,500,-7391.15,200.202,114.342,280.401,-8463.21,677.31,439.425,-239.223
93,0.1158,-7191.04,-2.01036,0.044756,9.85525,4.44364,500,-7390.88,199.842,114.92,281.277,-8464.05,676.97,438.656,-238.814
94,0.109407,-7190.86,-1.82428,0.0383623,11.2945,4.51125,500,-7391.36,200.5,114.211,280.741,-8463.41,677.102,439.523,-239.023
95,0.103013,-7191.09,-2.0614,0.0319686,12.4699,4.58722,500,-7391.18,200.082,114.351,280.711,-8463.49,677.254,439.244,-239.162
96,0.0966191,-7191.23,-2.19477,0.0255749,14.0423,4.67198,500,-7390.98,199.759,114.757,281.047,-8464.17,677.381,438.732,-238.973
97,0.0902254,-7191.18,-2.14411,0.0191812,15.4617,4.7663,500,-7391.18,200.006,114.36,280.976,-8463.83,677.308,439.072,-239.066
98,0.0838316,-7190.9,-1.86857,0.0127874,16.9723,4.86998,500,-7391.29,200.388,114.168,281.172,-8463.74,677.114,439.477,-239.089
99,0.0774379,-7190.62,-1.58473,0.00639372,17.0572,4.97877,500,-7390.98,200.36,114.636,281.02,-8464.1,677.468,439.492,-239.132
100,0.0710442,-7190.57,-1.53574,0,18.1547,5.09134,500,-7391.26,200.694,114.235,281.332,-8463.93,677.105,439.87,-239.176
101,0.0646505,-7190.68,-1.65269,-0.00639372,18.259,5.20775,500,-7391.02,200.339,114.418,282.15,-8464.38,676.791,439.336,-238.998
102,0.0582568,-7190.55,-1.52254,-0.0127874,18.4228,5.32502,500,-7391.34,200.786,114.22,281.528,-8464.03,676.943,439.933,-239.148
103,0.051863,-7190.61,-1.58348,-0.0191812,17.2774,5.43914,500,-7391.13,200.519,114.444,281.928,-8464.64,677.136,439.593,-239.074
104,0.0454693,-7190.46,-1.43254,-0.0255749,15.5639,5.54413,500,-7391.34,200.879,114.203,282.177,-8464.36,676.639,440.015,-239.136
105,0.0390756,-7190.07,-1.04248,-0.0319686,12.9869,5.63541,500,-7390.95,200.872,114.262,282.657,-8465.01,677.15,439.996,-239.123
106,0.0326819,-7189.74,-0.706198,-0.0383623,10.8653,5.71166,500,-7390.49,200.749,114.913,282.628,-8464.8,676.768,439.836,-239.087
107,0.0262882,-7189.97,-0.935393,-0.044756,8.21273,5.77265,500,-7391.09,201.124,114.356,282.516,-8464.87,676.908,440.357,-239.233
108,0.0198944,-7188.76,0.269443,-0.0511498,4.34589,5.8128,500,-7389.49,200.728,116.442,282.488,-8465.93,677.515,439.28,-238.552
109,0.0135007,-7189.86,-0.832818,-0.0575435,2.66664,5.83521,500,-7391.14,201.28,114.612,282.482,-8464.81,676.568,440.638,-239.358
110,0.007107,-7189.86,-0.829681,-0.0639372,-0.486372,5.84218,500,-7391.27,201.409,114.612,282.353,-8464.9,676.669,440.663,-239.254
111,0.000713277,-7189.82,-0.789735,-0.0703309,-3.47735,5.82951,500,-7391.15,201.327,115.224,282.193,-8465.19,676.622,439.866,-238.539
112,-0.00568044,-7190.08,-1.05113,-0.0767246,-6.54222,5.79748,500,-7390.69,200.608,114.996,283.291,-8465.16,676.186,439.28,-238.672
113,-0.0120742,-7190.24,-1.20977,-0.0831184,-9.50918,5.74617,500,-7390.93,200.685,114.921,283.008,-8465.31,676.455,439.451,-238.766
114,-0.0184679,-7190.4,-1.36775,-0.0895121,-12.0949,5.6771,500,-7390.97,200.574,115.075,282.934,-8465.5,676.514,439.097,-238.524
115,-0.0248616,-7190.3,-1.26605,-0.0959058,-14.1439,5.59322,500,-7391.36,201.066,115.001,282.136,-8464.9,676.4,440.191,-239.125
116,-0.0312553,-7190.19,-1.15429,-0.1023,-15.7067,5.49779,500,-7391.4,201.21,114.958,281.845,-8464.92,676.72,440.544,-239.334
117,-0.037649,-7190.76,-1.72514,-0.108693,-17.2973,5.39228,500,-7391.06,200.304,114.88,283.185,-8465.58,676.459,438.876,-238.572
118,-0.0440428,-7190.91,-1.88062,-0.115087,-17.8886,5.2798,500,-7390.97,200.054,115.264,282.576,-8465.47,676.665,438.616,-238.563
119,-0.0504365,-7191.05,-2.01959,-0.121481,-18.3679,5.16389,500,-7390.93,199.877,115.032,282.264,-8464.85,676.627,438.589,-238.712
120,-0.0568302,-7191.16,-2.12996,-0.127874,-18.0384,5.04751,500,-7390.92,199.756,114.963,281.769,-8464.29,676.637,438.596,-238.84
121,-0.0632239,-7191.27,-2.23533,-0.134268,-17.0071,4.93547,500,-7391.24,199.968,114.83,281.169,-8464.16,676.926,438.983,-239.015
122,-0.0696176,-7191.37,-2.33699,-0.140662,-15.9812,4.83001,500,-7391.31,199.946,114.729,281.271,-8463.95,676.637,439.003,-239.057
123,-0.0760114,-7191.7,-2.66465,-0.147056,-16.6166,4.7258,500,-7390.89,199.19,115.282,282.024,-8464.67,676.481,437.594,-238.405
124,-0.0824051,-7191.84,-2.81018,-0.153449,-14.221,4.62722,500,-7391.16,199.314,115.303,282.365,-8465.33,676.505,437.548,-238.233
125,-0.0887988,-7191.91,-2.881,-0.159843,-12.2245,4.54268,500,-7391.09,199.178,115.148,282.028,-8464.8,676.537,437.516,-238.338
126,-0.0951925,-7192.14,-3.10906,-0.166237,-13.1668,4.4615,500,-7390.82,198.682,115.467,281.817,-8464.58,676.475,436.806,-238.124
127,-0.101586,-7192.11,-3.0772,-0.17263,-9.12791,4.39023,500,-7390.97,198.859,114.923,281.556,-8464,676.558,437.288,-238.429
128,-0.10798,-7192.33,-3.29467,-0.179024,-7.86879,4.33589,500,-7390.86,198.532,115.216,281.675,-8464.4,676.648,436.773,-238.242
129,-0.114374,-7192.35,-3.3159,-0.185418,-6.43,4.29018,500,-7390.95,198.605,114.931,281.46,-8463.98,676.641,436.976,-238.371
130,-0.120767,-7192.42,-3.38493,-0.191812,-5.41628,4.25231,500,-7390.96,198.545,115.067,281.233,-8463.89,676.625,436.841,-238.296
131,-0.127161,-7192.66,-3.62392,-0.198205,-4.24249,4.22143,500,-7391.08,198.426,114.773,281.412,-8463.84,676.572,436.778,-238.352
132,-0.133555,-7192.78,-3.74971,-0.204599,-3.73089,4.19594,500,-7391.12,198.338,114.752,281.697,-8464.18,676.607,436.648,-238.31
133,-0.139949,-7192.73,-3.69413,-0.210993,-2.93352,4.17464,500,-7390.78,198.058,114.956,281.032,-8463.44,676.668,436.399,-238.341
134,-0.146342,-7192.78,-3.74898,-0.217386,-2.31887,4.15785,500,-7390.96,198.176,115.136,281.785,-8464.39,676.508,436.205,-238.029
135,-0.152736,-7192.91,-3.87875,-0.22378,-2.07813,4.14379,500,-7391,198.088,114.994,281.648,-8464.14,676.496,436.127,-238.039
136,-0.15913,-7193.03,-3.99958,-0.230174,-0.9838,4.134,500,-7390.97,197.94,115.024,281.743,-8464.13,676.39,435.92,-237.979
137,-0.165523,-7192.95,-3.92124,-0.236568,-1.47805,4.12613,500,-7391.09,198.139,115.25,281.296,-8464.23,676.597,436.144,-238.005
138,-0.171917,-7193.14,-4.1129,-0.242961,-0.270139,4.12054,500,-7391.03,197.888,115.31,281.527,-8464.31,676.441,435.792,-237.904
139,-0.178311,-7193,-3.96958,-0.249355,-1.42943,4.11511,500,-7390.87,197.874,115.151,281.467,-8463.97,676.479,435.765,-237.891
140,-0.184705,-7193.06,-4.0305,-0.255749,0.0624486,4.11074,500,-7390.94,197.88,115.23,281.668,-8464.25,676.409,435.637,-237.756
141,-0.191098,-7188.39,0.643424,-0.262143,-196.492,3.48278,500,-7390.94,202.554,115.23,281.668,-8464.25,676.409,440.31,-237.756
142,-0.197492,-7193.12,-4.09274,-0.268536,1.88297,2.86064,500,-7390.97,197.848,115.25,281.335,-8464.54,676.981,435.394,-237.546
143,-0.203886,-7192.29,-3.25902,-0.27493,-12.7981,2.82575,500,-7390.65,198.365,114.879,281.29,-8463.62,676.792,436.064,-237.699
144,-0.210279,-7190.75,-1.7234,-0.281324,-84.6956,2.51408,500,-7390.65,199.9,114.879,281.29,-8463.62,676.792,437.6,-237.699
145,-0.216673,-7191.22,-2.19025,-0.287717,-62.3645,2.04395,500,-7390.65,199.433,114.879,281.29,-8463.62,676.792,437.133,-237.699
146,-0.223067,-7191.52,-2.49152,-0.294111,-45.6735,1.69856,500,-7390.65,199.132,114.879,281.29,-8463.62,676.792,436.832,-237.699
147,-0.229461,-7191.75,-2.72047,-0.300505,-32.9641,1.44717,500,-7390.65,198.903,114.879,281.29,-8463.62,676.792,436.603,-237.699
148,-0.235854,-7191.88,-2.84718,-0.306899,-23.5842,1.26639,500,-7390.65,198.776,114.879,281.29,-8463.62,676.792,436.476,-237.699
149,-0.242248,-7191.99,-2.96317,-0.313292,-16.3174,1.13883,500,-7390.65,198.66,114.879,281.29,-8463.62,676.792,436.36,-237.699
150,-0.248642,-7192.08,-3.04901,-0.319686,-10.797,1.05215,500,-7390.65,198.575,114.879,281.29,-8463.62,676.792,436.274,-237.699
151,-0.255036,-7192.14,-3.10417,-0.32608,-6.65582,0.996357,500,-7390.65,198.519,114.879,281.29,-8463.62,676.792,436.219,-237.699
152,-0.261429,-7192.18,-3.14671,-0.332473,-3.62656,0.963486,500,-7390.65,198.477,114.879,281.29,-8463.62,676.792,436.176,-237.699
153,-0.267823,-7192.31,-3.27953,-0.338867,-2.04925,0.945341,500,-7390.65,198.344,114.879,281.29,-8463.62,676.792,436.044,-237.699
154,-0.274217,-7192.32,-3.28703,-0.345261,-0.380839,0.937573,500,-7390.65,198.337,114.879,281.29,-8463.62,676.792,436.036,-237.699
155,-0.28061,-7192.32,-3.28537,-0.351655,0.83177,0.939014,500,-7390.65,198.338,114.879,281.29,-8463.62,676.792,436.038,-237.699
156,-0.287004,-7192.31,-3.27712,-0.358048,1.70078,0.94711,500,-7390.65,198.346,114.879,281.29,-8463.62,676.792,436.046,-237.699
157,-0.293398,-7192.3,-3.26417,-0.364442,2.31177,0.959938,500,-7390.65,198.359,114.879,281.29,-8463.62,676.792,436.059,-237.699
158,-0.299792,-7192.28,-3.24797,-0.370836,2.72998,0.976056,500,-7390.65,198.376,114.879,281.29,-8463.62,676.792,436.075,-237.699
159,-0.306185,-7192.26,-3.22957,-0.377229,3.00517,0.99439,500,-7390.65,198.394,114.879,281.29,-8463.62,676.792,436.093,-237.699
160,-0.312579,-7192.24,-3.20976,-0.383623,3.17521,1.01415,500,-7390.65,198.414,114.879,281.29,-8463.62,676.792,436.113,-237.699
161,-0.318973,-7192.22,-3.18913,-0.390017,3.26891,1.03475,500,-7390.65,198.434,114.879,281.29,-8463.62,676.792,436.134,-237.699
162,-0.325366,-7192.2,-3.16808,-0.396411,3.30812,1.05577,500,-7390.65,198.455,114.879,281.29,-8463.62,676.792,436.155,-237.699
163,-0.33176,-7192.18,-3.14691,-0.402804,3.30941,1.07693,500,-7390.65,198.477,114.879,281.29,-8463.62,676.792,436.176,-237.699
164,-0.338154,-7192.28,-3.25294,-0.409198,2.50658,1.09552,500,-7390.65,198.371,114.879,281.29,-8463.62,676.792,436.07,-237.699
165,-0.344548,-7192.27,-3.23713,-0.415592,2.43927,1.11133,500,-7390.65,198.386,114.879,281.29,-8463.62,676.792,436.086,-237.699
166,-0.350941,-7192.25,-3.22177,-0.421986,2.36245,1.12668,500,-7390.65,198.402,114.879,281.29,-8463.62,676.792,436.101,-237.699
167,-0.357335,-7192.24,-3.20693,-0.428379,2.28136,1.14153,500,-7390.65,198.417,114.879,281.29,-8463.62,676.792,436.116,-237.699
168,-0.363729,-7192.18,-3.15213,-0.434773,1.96017,1.15509,500,-7390.65,198.471,114.879,281.29,-8463.62,676.792,436.171,-237.699
169,-0.370122,-7192.15,-3.11979,-0.441167,1.76827,1.16701,500,-7390.65,198.504,114.879,281.29,-8463.62,676.792,436.203,-237.699
170,-0.376516,-7192.14,-3.10869,-0.44756,1.7051,1.17811,500,-7390.65,198.515,114.879,281.29,-8463.62,676.792,436.214,-237.699
171,-0.38291,-7192.13,-3.09798,-0.453954,1.64747,1.18883,500,-7390.65,198.526,114.879,281.29,-8463.62,676.792,436.225,-237.699
172,-0.389304,-7192.12,-3.08761,-0.460348,1.59629,1.1992,500,-7390.65,198.536,114.879,281.29,-8463.62,676.792,436.235,-237.699
173,-0.395697,-7192.11,-3.07755,-0.466742,1.55213,1.20927,500,-7390.65,198.546,114.879,281.29,-8463.62,676.792,436.246,-237.699
174,-0.402091,-7192.1,-3.06775,-0.473135,1.5153,1.21907,500,-7390.65,198.556,114.879,281.29,-8463.62,676.792,436.255,-237.699
175,-0.408485,-7192.09,-3.05816,-0.479529,1.48594,1.22867,500,-7390.65,198.565,114.879,281.29,-8463.62,676.792,436.265,-237.699
176,-0.414879,-7192.08,-3.04873,-0.485923,1.46404,1.2381,500,-7390.65,198.575,114.879,281.29,-8463.62,676.792,436.274,-237.699
177,-0.421272,-7192.07,-3.03942,-0.492316,1.44949,1.24741,500,-7390.65,198.584,114.879,281.29,-8463.62,676.792,436.284,-237.699
178,-0.427666,-7192.01,-2.97946,-0.49871,1.08697,1.25552,500,-7390.65,198.644,114.879,281.29,-8463.62,676.792,436.344,-237.699
179,-0.43406,-7191.99,-2.96214,-0.505104,1.02841,1.26228,500,-7390.65,198.661,114.879,281.29,-8463.62,676.792,436.361,-237.699
180,-0.440453,-7191.99,-2.95549,-0.511498,1.05285,1.26894,500,-7390.65,198.668,114.879,281.29,-8463.62,676.792,436.368,-237.699
181,-0.446847,-7191.91,-2.87721,-0.517891,0.645323,1.27436,500,-7390.65,198.746,114.879,281.29,-8463.62,676.792,436.446,-237.699
182,-0.453241,-7191.85,-2.82291,-0.524285,0.386552,1.27766,500,-7390.65,198.801,114.879,281.29,-8463.62,676.792,436.5,-237.699
183,-0.459635,-7191.85,-2.82023,-0.530679,0.453054,1.28035,500,-7390.65,198.803,114.879,281.29,-8463.62,676.792,436.503,-237.699
184,-0.466028,-7191.85,-2.81711,-0.537072,0.523938,1.28347,500,-7390.65,198.806,114.879,281.29,-8463.62,676.792,436.506,-237.699
185,-0.472422,-7191.84,-2.81352,-0.543466,0.598935,1.28706,500,-7390.65,198.81,114.879,281.29,-8463.62,676.792,436.51,-237.699
186,-0.478816,-7191.93,-2.90351,-0.54986,0.102761,1.2893,500,-7390.65,198.72,114.879,281.29,-8463.62,676.792,436.42,-237.699
187,-0.485209,-7191.97,-2.93478,-0.556254,-0.0290805,1.28954,500,-7390.65,198.689,114.879,281.29,-8463.62,676.792,436.388,-237.699
188,-0.491603,-7191.97,-2.93478,-0.562647,0.0298248,1.28954,500,-7390.65,198.689,114.879,281.29,-8463.62,676.792,436.388,-237.699
189,-0.497997,-7191.97,-2.93439,-0.569041,0.0914761,1.28993,500,-7390.65,198.689,114.879,281.29,-8463.62,676.792,436.389,-237.699
190,-0.504391,-7191.96,-2.93292,-0.575435,0.149969,1.2907,500,-7390.65,198.691,114.879,281.29,-8463.62,676.792,436.39,-237.699
191,-0.510784,-7191.96,-2.92914,-0.581829,0.19487,1.2918,500,-7390.65,198.694,114.879,281.29,-8463.62,676.792,436.394,-237.699
192,-0.517178,-7191.96,-2.92767,-0.588222,0.265432,1.29328,500,-7390.65,198.696,114.879,281.29,-8463.62,676.792,436.395,-237.699
193,-0.523572,-7191.96,-2.92574,-0.594616,0.338077,1.2952,500,-7390.65,198.698,114.879,281.29,-8463.62,676.792,436.397,-237.699
194,-0.529965,-7191.95,-2.92334,-0.60101,0.412707,1.2976,500,-7390.65,198.7,114.879,281.29,-8463.62,676.792,436.4,-237.699
195,-0.536359,-7191.94,-2.91027,-0.607403,0.39932,1.3002,500,-7390.65,198.713,114.879,281.29,-8463.62,676.792,436.413,-237.699
196,-0.542753,-7191.94,-2.90745,-0.613797,0.483113,1.30302,500,-7390.65,198.716,114.879,281.29,-8463.62,676.792,436.416,-237.699
197,-0.549147,-7191.95,-2.91447,-0.620191,0.504843,1.30618,500,-7390.65,198.709,114.879,281.29,-8463.62,676.792,436.409,-237.699
198,-0.55554,-7192.06,-3.02827,-0.626585,-0.121072,1.30741,500,-7390.65,198.595,114.879,281.29,-8463.62,676.792,436.295,-237.699
199,-0.561934,-7192.06,-3.02885,-0.632978,-0.0596133,1.30683,500,-7390.65,198.595,114.879,281.29,-8463.62,676.792,436.294,-237.699
200,-0.568328,-7192.06,-3.02903,-0.639372,0.00272234,1.30665,500,-7390.65,198.595,114.879,281.29,-8463.62,676.792,436.294,-237.699
