step,T,r,sn_vel[0],sn_vel[1],sn_vel[2],sn_crd[0],sn_crd[1],sn_crd[2],sn_f[0],sn_f[1],sn_f[2],target_crd[0],target_crd[1],target_crd[2],boundary[0],boundary[1],boundary[2]
3510,298.325,0.494946,1.97745e-005,-0.000134076,1.00031,-0.0534573,-0.00469444,-0.432811,0.0788323,-1.12434,2.45879,-0.0542902,-0.00518943,0.0621344,0.61419,0.634988,1
3520,341.216,0.490538,2.07593e-005,-0.000264999,1.00064,-0.0534572,-0.00469544,-0.427808,-0.0191568,-0.987549,2.76035,-0.0553615,-0.0050668,0.062726,0.614541,0.633801,1
3530,367.262,0.486476,1.82693e-005,-0.000390424,1.00099,-0.0534571,-0.00469708,-0.422804,-0.022505,-1.01522,2.83064,-0.0560671,-0.00424399,0.0636648,0.614574,0.633217,1
3540,381.551,0.482834,2.21432e-005,-0.000509864,1.00136,-0.053457,-0.00469933,-0.417798,0.0351785,-0.946172,3.0457,-0.0565944,-0.00293769,0.0650222,0.614509,0.63289,1
3550,370.264,0.479328,3.38442e-005,-0.000631572,1.00176,-0.0534568,-0.00470218,-0.412791,0.0199196,-1.00985,3.31758,-0.0573758,-0.00163142,0.0665113,0.614499,0.632768,1
3560,364.029,0.47547,3.69916e-005,-0.000755971,1.00218,-0.0534566,-0.00470566,-0.407781,0.0896755,-0.942997,3.54843,-0.0581995,-0.000914479,0.0676508,0.614489,0.632745,1
3570,357.196,0.471011,4.92413e-005,-0.000874393,1.00263,-0.0534564,-0.00470973,-0.402769,0.130782,-1.03942,3.74417,-0.0584549,-0.000548101,0.0681977,0.614327,0.632434,1
3580,325.608,0.466239,6.72594e-005,-0.00100256,1.00311,-0.0534561,-0.00471442,-0.397754,0.159986,-1.00817,3.84349,-0.0581741,-0.00014575,0.0684384,0.614157,0.632185,1
3590,287.816,0.461436,8.49343e-005,-0.00112394,1.0036,-0.0534558,-0.00471974,-0.392738,0.113434,-0.925657,4.06533,-0.0574625,0.000396898,0.0686528,0.614157,0.632185,1
3600,272.103,0.456548,0.000108104,-0.00124991,1.00414,-0.0534553,-0.00472568,-0.387718,0.251471,-0.983754,4.35779,-0.05645,0.000893858,0.0687854,0.614157,0.632185,1
3610,270.89,0.451251,0.000134169,-0.00136373,1.0047,-0.0534547,-0.00473222,-0.382696,0.192858,-0.863415,4.56636,-0.0555621,0.00162488,0.0685046,0.614157,0.632185,1
3620,295.44,0.445378,0.000170784,-0.00146039,1.00529,-0.0534539,-0.00473929,-0.377671,0.327062,-0.750514,4.79624,-0.0554323,0.0024912,0.0676436,0.614157,0.632185,1
3630,320.701,0.439083,0.000213541,-0.00154239,1.00591,-0.053453,-0.0047468,-0.372643,0.327126,-0.510995,5.18177,-0.0558612,0.0029263,0.0663664,0.61391,0.632249,1
3640,347.991,0.433064,0.000256107,-0.00160645,1.00657,-0.0534518,-0.00475467,-0.367612,0.34928,-0.519779,5.40717,-0.056332,0.00266111,0.0653786,0.613756,0.632345,1
3650,373.644,0.427681,0.000285102,-0.0016686,1.00727,-0.0534504,-0.00476286,-0.362578,0.201955,-0.502285,5.74983,-0.0567045,0.00224454,0.0650337,0.613469,0.632502,1
3660,378.36,0.422548,0.000308311,-0.00173324,1.00801,-0.0534489,-0.00477136,-0.357539,0.165389,-0.53649,6.05185,-0.0572753,0.00186793,0.0649388,0.613184,0.632619,1
3670,380.035,0.417019,0.000326279,-0.00180057,1.00879,-0.0534474,-0.0047802,-0.352497,0.142116,-0.442872,6.45742,-0.0579319,0.00127436,0.0644536,0.613184,0.632619,1
3680,367.28,0.411205,0.000340238,-0.00185622,1.00962,-0.0534457,-0.00478934,-0.347451,0.0806321,-0.437712,6.77069,-0.0581294,0.000372536,0.0636946,0.613184,0.632619,1
3690,361.332,0.405556,0.000346628,-0.00190728,1.01048,-0.053444,-0.00479876,-0.342401,0.022986,-0.365042,7.03468,-0.0573339,-0.00058525,0.0631146,0.613184,0.632619,1
3700,388.549,0.400055,0.000346611,-0.00194434,1.01138,-0.0534422,-0.00480839,-0.337346,-0.0197651,-0.216038,7.24864,-0.0558957,-0.0012365,0.0626852,0.613048,0.632613,1
3710,401.873,0.394205,0.000342838,-0.00195938,1.0123,-0.0534405,-0.00481816,-0.332287,-0.0352922,-0.0202863,7.43999,-0.0548008,-0.00110892,0.0618981,0.612902,0.632588,1
3720,390.758,0.387808,0.00033891,-0.00194922,1.01324,-0.0534388,-0.00482795,-0.327223,-0.0248777,0.180787,7.63195,-0.0546834,3.84633e-005,0.0605523,0.612902,0.632588,1
3730,363.438,0.381385,0.00033662,-0.00191499,1.01421,-0.0534371,-0.00483762,-0.322155,-0.0140236,0.361965,7.83303,-0.0550261,0.0016344,0.0591718,0.61289,0.632578,1
3740,326.944,0.375654,0.000334436,-0.00185974,1.0152,-0.0534354,-0.00484706,-0.317081,-0.0255139,0.516379,8.04224,-0.0549765,0.00250497,0.0584972,0.61289,0.632578,1
3750,308.68,0.370553,0.000329091,-0.00178685,1.01622,-0.0534338,-0.00485618,-0.312003,-0.0636302,0.644148,8.27948,-0.0544204,0.00216242,0.058482,0.61289,0.632578,1
3760,316.811,0.365588,0.000317906,-0.00169942,1.01728,-0.0534322,-0.00486491,-0.306919,-0.115934,0.749798,8.57036,-0.0541644,0.00135898,0.0586157,0.61289,0.632578,1
3770,322.244,0.360679,0.000300166,-0.00159961,1.01837,-0.0534306,-0.00487316,-0.30183,-0.16659,0.845686,8.90789,-0.0547171,0.000837214,0.0588016,0.612713,0.632543,1
3780,318.769,0.355893,0.000276229,-0.00148666,1.01951,-0.0534292,-0.00488088,-0.296735,-0.217553,0.967458,9.2541,-0.0555497,0.000659303,0.059108,0.612344,0.632511,1
3790,318.432,0.350851,0.000244789,-0.00135436,1.02069,-0.0534279,-0.00488799,-0.291635,-0.289411,1.16147,9.57397,-0.0559274,0.000833466,0.0591606,0.612156,0.632539,1
3800,314.391,0.345158,0.000203059,-0.0011919,1.0219,-0.0534267,-0.00489437,-0.286528,-0.377005,1.4504,9.85894,-0.0559125,0.00131052,0.0585645,0.612094,0.632553,1
3810,324.914,0.339034,0.000153858,-0.000986035,1.02315,-0.0534258,-0.00489984,-0.281416,-0.312146,1.90683,10.1713,-0.0559166,0.00146417,0.057549,0.611899,0.632609,1
3820,337.27,0.333211,0.000113002,-0.000715828,1.02444,-0.0534252,-0.00490413,-0.276297,-0.335476,2.48173,10.5057,-0.055918,0.000975983,0.056853,0.611875,0.632609,1
3830,342.673,0.327633,6.99771e-005,-0.000375954,1.02577,-0.0534247,-0.00490688,-0.271171,-0.349545,2.94442,10.7024,-0.055827,0.00047373,0.0564089,0.611687,0.632624,1
3840,321.484,0.321773,2.26476e-005,2.19965e-005,1.02713,-0.0534245,-0.0049078,-0.266039,-0.478521,3.57471,11.1042,-0.0558647,0.000743306,0.0556748,0.61148,0.632647,1
3850,290.467,0.315689,-3.56327e-005,0.000492086,1.02853,-0.0534245,-0.00490653,-0.2609,-0.450344,3.92643,11.278,-0.0560217,0.00136263,0.0547166,0.611416,0.632664,1
3860,244.126,0.310014,-8.99389e-005,0.00100216,1.02995,-0.0534248,-0.00490281,-0.255754,-0.418135,4.21289,11.4783,-0.0558222,0.00165803,0.0541814,0.611346,0.632671,1
3870,227.386,0.305139,-0.000140475,0.00154398,1.0314,-0.0534254,-0.00489646,-0.2506,-0.389624,4.43587,11.7162,-0.0550325,0.00158505,0.0544652,0.611346,0.632671,1
3880,236.632,0.300918,-0.000187472,0.00211066,1.03288,-0.0534262,-0.00488733,-0.24544,-0.361213,4.61224,11.9986,-0.0542011,0.00135286,0.0554122,0.611346,0.632671,1
3890,245.229,0.296902,-0.000230619,0.00269627,1.03441,-0.0534273,-0.00487532,-0.240271,-0.325546,4.73384,12.2915,-0.0542202,0.000855913,0.0565738,0.611346,0.632671,1
3900,251.192,0.29275,-0.000267941,0.00329237,1.03596,-0.0534285,-0.00486035,-0.235096,-0.266933,4.77928,12.537,-0.0549906,0.000453664,0.0576023,0.611346,0.632671,1
3910,264.911,0.288502,-0.000297423,0.00390857,1.03755,-0.0534299,-0.00484235,-0.229912,-0.209131,4.92861,12.77,-0.0555059,0.000482956,0.058534,0.611346,0.632671,1
3920,283.371,0.284157,-0.000322181,0.0045247,1.03915,-0.0534315,-0.00482126,-0.22472,-0.191721,4.91562,12.8756,-0.0549076,0.000751465,0.0593786,0.611346,0.632671,1
3930,280.957,0.2795,-0.000344829,0.00513223,1.04077,-0.0534332,-0.00479711,-0.21952,-0.160321,4.74491,13.0092,-0.0536625,0.00075129,0.0599245,0.611346,0.632671,1
3940,281.862,0.274438,-0.000359033,0.00572343,1.0424,-0.0534349,-0.00476997,-0.214312,-0.0543517,4.69674,13.0526,-0.0529778,0.000555647,0.0600732,0.611346,0.632671,1
3950,297.173,0.269283,-0.000338717,0.0062966,1.04405,-0.0534367,-0.0047399,-0.209096,0.362638,4.46425,13.1886,-0.053549,0.000242911,0.0601407,0.611346,0.632671,1
3960,323.598,0.26419,-0.000281109,0.00684579,1.04569,-0.0534383,-0.00470704,-0.203872,0.562117,4.30182,13.1064,-0.0545845,-0.000122663,0.0602762,0.611346,0.632671,1
3970,330.751,0.259006,-0.00020558,0.00736793,1.04733,-0.0534395,-0.00467149,-0.198639,0.655186,4.04481,13.1238,-0.0549343,-0.000270844,0.0603249,0.611346,0.632671,1
3980,323.684,0.253698,-0.000126623,0.00785293,1.04898,-0.0534403,-0.00463342,-0.193398,0.724396,3.77311,13.1784,-0.0542986,0.000200082,0.0602521,0.611102,0.632688,1
3990,295.794,0.248718,-2.19619e-005,0.00831337,1.05064,-0.0534407,-0.004593,-0.188149,0.958419,3.58545,13.2718,-0.053592,0.000755492,0.0605113,0.611102,0.632688,1
4000,293.191,0.244402,0.000115759,0.0087409,1.05232,-0.0534405,-0.00455034,-0.182892,1.24824,3.25604,13.5396,-0.0536579,0.000595928,0.061456,0.611102,0.632688,1
4010,309.182,0.240388,0.000290289,0.00913478,1.05402,-0.0534395,-0.00450564,-0.177626,1.5337,3.02936,13.7503,-0.0547636,-6.99314e-005,0.0627174,0.610956,0.632709,1
4020,320.444,0.235835,0.000497842,0.0094966,1.05576,-0.0534375,-0.00445905,-0.172352,1.77771,2.74227,13.9418,-0.056484,-0.000308274,0.0634272,0.610355,0.632804,1
4030,312.263,0.230307,0.000733918,0.00981948,1.05751,-0.0534344,-0.00441074,-0.167069,1.98543,2.41396,14.0894,-0.058193,-8.54987e-005,0.0631487,0.609963,0.632858,1
4040,284.378,0.224364,0.000991293,0.0101009,1.05928,-0.0534301,-0.00436092,-0.161777,2.10985,2.08503,14.1888,-0.0593431,0.000209406,0.0624624,0.609963,0.632858,1
4050,279.424,0.218825,0.00125757,0.0103417,1.06106,-0.0534245,-0.0043098,-0.156476,2.12853,1.76202,14.2545,-0.0598913,0.000542669,0.0622002,0.609963,0.632858,1
4060,307.037,0.213568,0.0015209,0.0105411,1.06285,-0.0534176,-0.00425757,-0.151166,2.07067,1.4179,14.309,-0.0600695,0.00101666,0.0622332,0.609963,0.632858,1
4070,339.494,0.207885,0.00177392,0.0106948,1.06464,-0.0534093,-0.00420446,-0.145847,1.96293,1.02996,14.3315,-0.0601599,0.0012419,0.0618564,0.609963,0.632858,1
4080,366.102,0.201518,0.00200937,0.0107971,1.06643,-0.0533999,-0.00415071,-0.14052,1.78816,0.602506,14.2552,-0.0599843,0.00122365,0.060819,0.609963,0.632858,1
4090,364.403,0.195094,0.00221912,0.0108465,1.06821,-0.0533893,-0.00409658,-0.135183,1.55444,0.195584,14.102,-0.059301,0.00156922,0.0597391,0.609963,0.632858,1
4100,349.392,0.189127,0.00239602,0.0108494,1.06996,-0.0533777,-0.00404232,-0.129838,1.26277,-0.131178,13.9659,-0.0580291,0.00243281,0.0591215,0.609963,0.632858,1
4110,367.894,0.183667,0.00253373,0.0108194,1.0717,-0.0533654,-0.00398814,-0.124483,0.938695,-0.323126,13.8511,-0.056475,0.00298165,0.0590248,0.609963,0.632858,1
4120,385.345,0.178534,0.00263363,0.0107749,1.07343,-0.0533525,-0.00393415,-0.119121,0.674892,-0.368414,13.6739,-0.0549942,0.00283412,0.0592773,0.609963,0.632858,1
4130,401.295,0.173819,0.00270648,0.0107296,1.07512,-0.0533391,-0.00388039,-0.113749,0.496848,-0.357147,13.3444,-0.0537903,0.00242549,0.0599548,0.609963,0.632858,1
4140,414.024,0.169711,0.00275816,0.010682,1.07676,-0.0533254,-0.00382686,-0.108369,0.326111,-0.425447,12.8663,-0.0530826,0.00194906,0.0612433,0.609963,0.632858,1
4150,404.222,0.166101,0.00279315,0.0106035,1.07834,-0.0533115,-0.00377362,-0.102982,0.193846,-0.774344,12.3638,-0.0529206,0.00140992,0.0630377,0.609963,0.632858,1
4160,396.615,0.162363,0.00280202,0.0104896,1.07986,-0.0532975,-0.00372088,-0.0975861,-0.0623374,-1.04975,11.9146,-0.0528155,0.000848003,0.0647122,0.609963,0.632858,1
4170,386.493,0.157978,0.00277699,0.0103414,1.08132,-0.0532836,-0.00366879,-0.0921831,-0.328655,-1.3094,11.4839,-0.0523962,0.000170964,0.0657454,0.609676,0.632887,1
4180,379.224,0.153103,0.00272385,0.0101651,1.08273,-0.0532698,-0.00361751,-0.086773,-0.503327,-1.49444,11.0092,-0.0522053,-0.000942955,0.066303,0.609651,0.632888,1
4190,351.901,0.148366,0.00265158,0.0099748,1.08408,-0.0532564,-0.00356716,-0.0813559,-0.682345,-1.4661,10.5058,-0.0528225,-0.00220071,0.067003,0.609281,0.632887,1
4200,318.142,0.143738,0.00255739,0.00978555,1.08536,-0.0532433,-0.00351776,-0.0759323,-0.827626,-1.54837,10.0101,-0.0539035,-0.00279333,0.067802,0.608852,0.6329,1
4210,289.903,0.138705,0.00244604,0.00959161,1.08658,-0.0532308,-0.00346931,-0.0705024,-0.932001,-1.52912,9.53142,-0.0543587,-0.00232354,0.0681931,0.608358,0.632929,1
4220,271.571,0.133111,0.00233164,0.00940735,1.08775,-0.0532189,-0.00342182,-0.0650665,-0.862165,-1.40268,9.06366,-0.0539417,-0.0014992,0.0680285,0.607936,0.632964,1
4230,272.053,0.127551,0.00224506,0.00925316,1.08885,-0.0532075,-0.00337519,-0.059625,-0.52805,-1.09631,8.57555,-0.0533865,-0.000773924,0.0678993,0.607784,0.63298,1
4240,308.848,0.122467,0.00220103,0.00913291,1.0899,-0.0531964,-0.00332925,-0.0541781,-0.134138,-0.741844,8.11206,-0.0532087,-0.000141782,0.0682477,0.607711,0.632991,1
4250,336.269,0.117578,0.00220796,0.00905687,1.09088,-0.0531854,-0.00328379,-0.0487261,0.248747,-0.463686,7.63125,-0.053107,0.000254958,0.0687982,0.607504,0.633014,1
4260,334.488,0.112164,0.00226057,0.00901619,1.0918,-0.0531742,-0.00323862,-0.0432694,0.485659,-0.305548,7.03241,-0.0529084,-2.05808e-005,0.0688479,0.607432,0.633029,1
4270,319.351,0.106105,0.00232822,0.00898482,1.09264,-0.0531627,-0.00319362,-0.0378082,0.584398,-0.149978,6.30503,-0.0527781,-0.000640258,0.068265,0.607432,0.633029,1
4280,303.012,0.099821,0.00240282,0.00898426,1.09338,-0.0531509,-0.00314871,-0.0323432,0.584468,0.144626,5.59799,-0.0533001,-0.00125929,0.0674598,0.607432,0.633029,1
4290,289.519,0.093462,0.00246982,0.00902532,1.09404,-0.0531387,-0.00310371,-0.0268746,0.472456,0.529532,4.96192,-0.0545513,-0.0017378,0.0665667,0.607218,0.633068,1
4300,272.738,0.0865697,0.00251806,0.00911973,1.09463,-0.0531262,-0.00305837,-0.0214029,0.290261,0.99264,4.37484,-0.056056,-0.00222374,0.0651132,0.607218,0.633068,1
4310,275.892,0.0790706,0.00254283,0.00927658,1.09513,-0.0531136,-0.00301241,-0.0159284,0.110802,1.51022,3.73055,-0.0569611,-0.00252026,0.063047,0.607218,0.633068,1
4320,279.417,0.0718226,0.00254464,0.00949593,1.09556,-0.0531009,-0.0029655,-0.0104517,-0.0969285,1.9911,3.00147,-0.0570775,-0.0027261,0.0612604,0.607218,0.633068,1
4330,272.876,0.0653329,0.00251443,0.00976947,1.09589,-0.0530882,-0.00291736,-0.00497303,-0.401122,2.35278,2.33273,-0.0567186,-0.00298873,0.0602589,0.607218,0.633068,1
4340,253.122,0.0590991,0.00244053,0.0100828,1.09614,-0.0530758,-0.00286774,0.000507082,-0.788579,2.63818,1.79109,-0.0564818,-0.00344382,0.0595051,0.607218,0.633068,1
4350,254.616,0.052574,0.00231554,0.0104302,1.09634,-0.0530639,-0.00281648,0.00598832,-1.2182,2.987,1.35625,-0.0563409,-0.00362775,0.0584538,0.607218,0.633068,1
4360,293.53,0.0462019,0.00213588,0.0108594,1.09648,-0.0530527,-0.00276331,0.0114704,-1.6185,3.9689,0.760392,-0.056108,-0.00349924,0.0575653,0.607218,0.633068,1
4370,333.9,0.0406363,0.00192905,0.01144,1.09653,-0.0530426,-0.00270763,0.0169529,-1.59974,5.35685,0.0182165,-0.0555326,-0.00323011,0.0575095,0.607218,0.633068,1
4380,325.694,0.0359446,0.00175265,0.0121948,1.09648,-0.0530334,-0.00264861,0.0224355,-1.17137,6.54171,-0.782634,-0.0546916,-0.0029652,0.0583404,0.606484,0.633097,1
4390,297.338,0.0313284,0.00163953,0.0130243,1.09634,-0.0530249,-0.00258556,0.0279176,-0.664698,6.56304,-1.35684,-0.0539455,-0.00254674,0.0592324,0.605961,0.633103,1
4400,284.094,0.0263005,0.00157284,0.0138067,1.09614,-0.0530169,-0.00251845,0.0333988,-0.452433,5.82944,-1.88516,-0.0541613,-0.00224394,0.059673,0.605364,0.633099,1
4410,254.832,0.0211453,0.00152108,0.0144751,1.09587,-0.0530092,-0.00244769,0.0388789,-0.354621,4.90269,-2.41704,-0.0552373,-0.00201332,0.059902,0.604434,0.633084,1
4420,257.1,0.0159448,0.00150028,0.0150517,1.09553,-0.0530016,-0.00237385,0.0443574,0.11079,4.35746,-3.06065,-0.056059,-0.00158459,0.0599864,0.603636,0.633076,1
4430,283.003,0.0100233,0.00156039,0.0155778,1.09511,-0.052994,-0.00229726,0.049834,0.81325,4.11397,-3.70004,-0.0558944,-0.000790913,0.0593095,0.602944,0.633082,1
4440,289.958,0.00415914,0.00168064,0.0160815,1.0946,-0.0529859,-0.0022181,0.0553083,1.00587,3.84457,-4.25357,-0.0554999,-9.09112e-005,0.0578486,0.602587,0.633096,1
4450,276.186,0.00555769,0.00178839,0.016535,1.09405,-0.0529772,-0.00213654,0.06078,0.634299,3.49886,-4.63847,-0.0556838,0.000210709,0.0565311,0.602587,0.633096,1
4460,259.358,0.0109062,0.0018268,0.0169736,1.09344,-0.0529682,-0.00205277,0.0662487,-0.0181804,3.4927,-4.99105,-0.0564441,0.0001302,0.0561444,0.602587,0.633096,1
4470,238.511,0.0159617,0.00179505,0.0174236,1.09279,-0.0529591,-0.00196679,0.0717143,-0.458333,3.86404,-5.469,-0.0570809,-0.000217112,0.0563936,0.602587,0.633096,1
4480,245.162,0.0210838,0.00169356,0.0179627,1.09208,-0.0529503,-0.00187837,0.0771765,-1.31856,4.67701,-5.94441,-0.0571077,-0.000779907,0.0565358,0.602587,0.633096,1
4490,290.059,0.0263484,0.00144593,0.0185896,1.0913,-0.0529424,-0.00178703,0.082635,-2.52564,5.44459,-6.42108,-0.0563441,-0.000862089,0.0565235,0.602587,0.633096,1
4500,326.798,0.031115,0.0011228,0.0193226,1.09047,-0.052936,-0.00169229,0.0880895,-2.40289,6.11751,-6.90502,-0.0553491,3.02657e-005,0.0571161,0.602587,0.633096,1
4510,327.565,0.0352722,0.000893003,0.0201305,1.08957,-0.052931,-0.0015937,0.0935396,-1.17587,6.9555,-7.40319,-0.0549221,0.001447,0.0584552,0.602799,0.632574,1
4520,307.54,0.0395211,0.000808573,0.021039,1.08862,-0.0529268,-0.00149079,0.0989851,-0.323338,7.29064,-7.86568,-0.0553485,0.00272249,0.0597639,0.603015,0.631904,1
4530,296.943,0.0446707,0.000778527,0.0219388,1.08761,-0.0529228,-0.00138334,0.104426,-0.275418,7.13718,-8.23994,-0.0562034,0.00369386,0.0601658,0.603224,0.631116,1
4540,330.271,0.0504898,0.000712278,0.0227984,1.08656,-0.0529191,-0.00127146,0.109861,-0.862356,6.42227,-8.55667,-0.0571333,0.00395332,0.0598195,0.603382,0.630399,1
4550,371.879,0.0563061,0.000566951,0.0235385,1.08546,-0.0529159,-0.00115556,0.115291,-1.32825,5.41719,-8.98326,-0.0578111,0.00298384,0.0593513,0.603583,0.629784,1
4560,413.862,0.0617245,0.000414499,0.0241149,1.08431,-0.0529134,-0.00103633,0.120716,-1.02244,3.59564,-9.4385,-0.057692,0.00119482,0.0592169,0.603864,0.629141,1
4570,421.725,0.0668404,0.000317299,0.0244352,1.0831,-0.0529116,-0.000914848,0.126134,-0.566672,1.55212,-9.8027,-0.0565924,-0.000486953,0.0593966,0.604166,0.628592,1
4580,384.264,0.0715993,0.000259144,0.0244893,1.08186,-0.0529102,-0.000792415,0.131547,-0.4044,-0.712951,-10.0338,-0.0553391,-0.00167746,0.059994,0.604422,0.62825,1
4590,342.752,0.0759507,0.000216947,0.0242678,1.08059,-0.052909,-0.000670413,0.136953,-0.215743,-2.76351,-10.3539,-0.0548375,-0.00242816,0.0610469,0.604422,0.62825,1
4600,317.539,0.0800243,0.000214608,0.0238251,1.07927,-0.052908,-0.000550107,0.142352,0.163375,-4.13978,-10.7436,-0.054638,-0.00256749,0.0623723,0.604456,0.628228,1
4610,319.178,0.0842394,0.000250679,0.0232835,1.0779,-0.0529068,-0.000432326,0.147745,0.40332,-4.33319,-11.1477,-0.0537929,-0.00222813,0.0635297,0.604479,0.628217,1
4620,314.879,0.0887241,0.000314272,0.0227587,1.07648,-0.0529054,-0.000317234,0.153131,0.595328,-4.08194,-11.4995,-0.0525906,-0.00179686,0.06442,0.605409,0.627846,1
4630,312.961,0.0930713,0.000394233,0.0222384,1.07503,-0.0529036,-0.000204727,0.15851,0.677041,-4.36339,-11.6421,-0.0519917,-0.00125424,0.0654491,0.605802,0.627748,1
4640,286.529,0.0971267,0.000498231,0.0216362,1.07358,-0.0529014,-9.49928e-005,0.163882,0.908892,-5.22786,-11.4157,-0.0517757,-0.000392562,0.0667619,0.606229,0.627706,1
4650,271.017,0.10135,0.000616892,0.0209635,1.07216,-0.0528986,1.15103e-005,0.169246,1.02288,-5.29711,-11.3715,-0.0513555,0.000405061,0.0679089,0.606229,0.627706,1
4660,267.427,0.106402,0.000754194,0.020352,1.07072,-0.0528952,0.000114751,0.174603,1.09913,-4.4191,-11.7403,-0.0508691,0.00089898,0.0682234,0.606229,0.627706,1
4670,266.973,0.111989,0.000865352,0.0198506,1.06923,-0.0528911,0.000215211,0.179953,0.761517,-3.57411,-12.1207,-0.0509264,0.00127207,0.0679864,0.606304,0.627756,1
4680,262.971,0.117239,0.000944704,0.0194367,1.06769,-0.0528866,0.000313407,0.185295,0.476538,-3.15172,-12.4155,-0.0514892,0.00143039,0.0680697,0.60673,0.628043,1
4690,300.402,0.121747,0.000982432,0.019045,1.06612,-0.0528818,0.00040961,0.19063,0.152299,-3.10083,-12.6515,-0.0522153,0.0010957,0.0688869,0.607128,0.628332,1
4700,312.721,0.126082,0.000991542,0.0186708,1.06452,-0.0528768,0.000503885,0.195956,0.021177,-2.84238,-12.9888,-0.052902,0.00048616,0.069875,0.60731,0.628451,1
4710,292.403,0.130997,0.000993608,0.0183404,1.06287,-0.0528719,0.00059639,0.201275,0.0357051,-2.41515,-13.3856,-0.0538067,-2.49563e-005,0.070283,0.607593,0.628605,1
4720,280.345,0.136583,0.00100941,0.0180675,1.06117,-0.0528669,0.000687384,0.206585,0.323546,-1.92127,-13.6226,-0.0550915,-0.000324916,0.0700235,0.60797,0.628794,1
4730,250.05,0.142304,0.00106055,0.0178411,1.05946,-0.0528617,0.000777146,0.211887,0.492048,-1.73521,-13.7531,-0.0566826,-0.000435151,0.069639,0.608225,0.628887,1
4740,235.824,0.147905,0.00113292,0.0176257,1.05773,-0.0528562,0.000865813,0.21718,0.652617,-1.73399,-13.8551,-0.0577793,-0.000366794,0.0693621,0.608225,0.628887,1
4750,247.423,0.153346,0.00120698,0.0174031,1.056,-0.0528504,0.000953391,0.222464,0.462169,-1.91539,-13.8146,-0.057901,-0.000401237,0.0692067,0.608225,0.628887,1
4760,253.916,0.158846,0.00126824,0.017148,1.05427,-0.0528442,0.00103978,0.22774,0.553272,-2.20489,-13.7679,-0.0573428,-0.000538056,0.0689655,0.608356,0.628926,1
4770,265.283,0.16465,0.00133282,0.0168596,1.05255,-0.0528377,0.00112481,0.233007,0.481754,-2.40213,-13.6864,-0.0570047,-0.000485746,0.0684173,0.608814,0.629075,1
4780,273.435,0.170675,0.00140505,0.0165449,1.05085,-0.0528308,0.00120834,0.238265,0.612207,-2.60998,-13.4729,-0.0570854,4.20686e-005,0.0676475,0.609266,0.629198,1
4790,234.472,0.176586,0.00146951,0.0162032,1.04918,-0.0528236,0.00129022,0.243515,0.489166,-2.82348,-13.2874,-0.0573698,0.000782874,0.0669884,0.609579,0.629266,1
4800,235.819,0.182257,0.00153115,0.0158471,1.04752,-0.0528161,0.00137034,0.248757,0.468843,-2.74715,-13.2469,-0.0574996,0.00138854,0.0665599,0.609849,0.629303,1
4810,269.586,0.187814,0.00158166,0.0154807,1.04586,-0.0528084,0.00144868,0.25399,0.326066,-2.99784,-13.1894,-0.0574133,0.00179214,0.066233,0.609891,0.629302,1
4820,296.341,0.193454,0.0016099,0.0151128,1.04421,-0.0528004,0.00152516,0.259216,-0.00247749,-2.84657,-13.1956,-0.0569148,0.00221157,0.0658063,0.610055,0.629306,1
4830,295.278,0.199407,0.00159652,0.0147613,1.04255,-0.0527923,0.00159984,0.264432,-0.183465,-2.76961,-13.2062,-0.0562646,0.00226118,0.0650567,0.61036,0.629325,1
4840,291.486,0.205776,0.00157028,0.0144203,1.0409,-0.0527844,0.00167279,0.269641,-0.240272,-2.68578,-13.1393,-0.0560719,0.00160254,0.0638918,0.610614,0.629343,1
4850,293.016,0.212364,0.00152924,0.0140726,1.03928,-0.0527767,0.00174402,0.274842,-0.38557,-2.74316,-12.898,-0.0567097,0.000410237,0.062518,0.61095,0.629362,1
4860,256.777,0.218993,0.00148638,0.0137413,1.03768,-0.0527691,0.00181354,0.280034,-0.41683,-2.57232,-12.6745,-0.0573394,-0.00078818,0.0611036,0.611296,0.629395,1
4870,241.061,0.225429,0.00141899,0.0134287,1.0361,-0.0527618,0.00188146,0.285218,-0.64535,-2.41546,-12.614,-0.0571698,-0.0017082,0.059861,0.611401,0.629419,1
4880,240.818,0.231742,0.0013297,0.0131447,1.03453,-0.052755,0.00194788,0.290395,-0.783011,-2.11807,-12.4954,-0.0562262,-0.0019816,0.0587123,0.61141,0.629423,1
4890,257.379,0.238414,0.00121938,0.0129039,1.03298,-0.0527486,0.00201299,0.295564,-0.921266,-1.84361,-12.288,-0.055135,-0.00145957,0.057187,0.611684,0.629542,1
4900,286.091,0.24577,0.0011153,0.0126922,1.03147,-0.0527428,0.00207697,0.300725,-0.802735,-1.61304,-12.0084,-0.0543315,-0.000396812,0.0549721,0.611987,0.629681,1
4910,288.91,0.253093,0.00101355,0.012504,1.02998,-0.0527374,0.00213994,0.305878,-0.792547,-1.3977,-11.7495,-0.0541046,0.00067792,0.0527935,0.612353,0.629837,1
4920,279.887,0.259647,0.000922291,0.0123375,1.02852,-0.0527326,0.00220204,0.311025,-0.686157,-1.27237,-11.6415,-0.0543126,0.00148334,0.051383,0.612872,0.630051,1
4930,274.024,0.26565,0.000840039,0.012184,1.02707,-0.0527282,0.00226334,0.316164,-0.615957,-1.17509,-11.5438,-0.0544175,0.0018346,0.0505197,0.613294,0.630216,1
4940,278.65,0.271792,0.00076911,0.0120435,1.02563,-0.0527242,0.0023239,0.321295,-0.525598,-1.07587,-11.3206,-0.0542805,0.00175324,0.049508,0.613646,0.630342,1
4950,301.191,0.278181,0.000709268,0.0119162,1.02424,-0.0527205,0.00238379,0.32642,-0.415541,-0.940506,-10.9105,-0.0544281,0.00151386,0.0482452,0.61409,0.630505,1
4960,341.353,0.284262,0.000666764,0.01181,1.0229,-0.0527171,0.0024431,0.331538,-0.264451,-0.758946,-10.431,-0.0552598,0.00145066,0.0472887,0.614399,0.630621,1
4970,353.201,0.289532,0.000645283,0.0117275,1.02163,-0.0527138,0.00250193,0.336649,-0.0653715,-0.547002,-10.0152,-0.0564894,0.00145674,0.047144,0.614452,0.630637,1
4980,332.061,0.294085,0.000649806,0.0116734,1.02039,-0.0527106,0.00256042,0.341754,0.122875,-0.327562,-9.65588,-0.0575255,0.00122924,0.047712,0.614479,0.630661,1
4990,322.382,0.298359,0.000673681,0.0116434,1.01921,-0.0527073,0.00261871,0.346853,0.250714,-0.158271,-9.28508,-0.0576673,0.000771519,0.0485415,0.614664,0.630835,1
5000,320.071,0.302585,0.00070783,0.0116302,1.01807,-0.0527038,0.00267689,0.351946,0.273777,-0.0712009,-8.89096,-0.0568811,0.00034544,0.0493987,0.614833,0.631006,1
5010,339.61,0.306836,0.000740347,0.0116235,1.01698,-0.0527002,0.00273502,0.357034,0.248436,-0.0352964,-8.49245,-0.0559678,-5.81039e-005,0.0502284,0.615077,0.631264,1
5020,346.008,0.311389,0.000769979,0.0116212,1.01594,-0.0526964,0.00279313,0.362116,0.225235,-0.0040054,-8.12185,-0.055907,-0.000352767,0.0507592,0.615413,0.631631,1
5030,314.202,0.316359,0.000798796,0.0116227,1.01495,-0.0526925,0.00285124,0.367193,0.244115,0.0317184,-7.80791,-0.0564912,-0.000183586,0.0508716,0.615688,0.631932,1
5040,276.817,0.321167,0.000830775,0.0116288,1.01399,-0.0526884,0.00290936,0.372266,0.261522,0.062876,-7.54137,-0.0567408,0.000630331,0.0511324,0.615954,0.632219,1
5050,255.722,0.325311,0.000864176,0.0116388,1.01306,-0.0526842,0.00296753,0.377333,0.271958,0.0984228,-7.29746,-0.0561345,0.001435,0.0520442,0.616257,0.632551,1
5060,249.25,0.32908,0.000897494,0.0116533,1.01216,-0.0526798,0.00302576,0.382396,0.256134,0.133927,-7.05398,-0.055397,0.001447,0.0533319,0.616519,0.632844,1
5070,266.399,0.333096,0.000934637,0.0116746,1.0113,-0.0526752,0.00308407,0.387455,0.348598,0.212944,-6.68434,-0.0551283,0.000742003,0.0543758,0.616633,0.632979,1
5080,274.684,0.337522,0.000977399,0.0117055,1.01048,-0.0526704,0.00314252,0.39251,0.33876,0.281387,-6.44707,-0.0551769,-0.000102847,0.0550128,0.616738,0.633115,1
5090,295.474,0.341873,0.00102132,0.011746,1.00969,-0.0526654,0.00320115,0.39756,0.366039,0.369336,-6.22246,-0.055079,-0.000884284,0.0557199,0.61683,0.633241,1
5100,319.526,0.345871,0.0010726,0.0117973,1.00893,-0.0526602,0.00326,0.402606,0.479554,0.446166,-5.89757,-0.0550487,-0.00177638,0.0567804,0.61683,0.633241,1
5110,336.304,0.349858,0.00114566,0.0118686,1.00821,-0.0526547,0.00331915,0.407649,0.656717,0.69913,-5.48214,-0.0550837,-0.00253662,0.057849,0.61683,0.633241,1
5120,325.968,0.354212,0.00122455,0.0119627,1.00754,-0.0526487,0.00337872,0.412689,0.599822,0.803595,-5.24714,-0.05501,-0.00275006,0.0585372,0.61683,0.633241,1
5130,314.991,0.3589,0.00129247,0.0120822,1.00692,-0.0526424,0.00343882,0.417725,0.502251,1.06596,-4.78466,-0.0545251,-0.00239938,0.0588772,0.616856,0.633274,1
5140,312.795,0.363406,0.00134037,0.0122267,1.00634,-0.0526358,0.00349957,0.422758,0.188231,1.30148,-4.26886,-0.0540715,-0.00198288,0.0593959,0.616856,0.633274,1
5150,310.893,0.36764,0.00136165,0.0123908,1.00582,-0.0526291,0.00356112,0.427788,0.150283,1.31646,-4.13236,-0.0540395,-0.00186483,0.0601909,0.616856,0.633274,1
5160,309.152,0.371845,0.00137791,0.012555,1.00531,-0.0526222,0.00362348,0.432816,0.113726,1.30138,-4.01711,-0.0542734,-0.00217403,0.0610195,0.616882,0.6333,1
5170,303.462,0.376165,0.00138655,0.0127151,1.00482,-0.0526153,0.00368666,0.437841,-0.00509727,1.25042,-3.79167,-0.0542317,-0.00261696,0.0617324,0.616882,0.6333,1
5180,300.032,0.380258,0.00138549,0.0128694,1.00435,-0.0526084,0.00375062,0.442864,-0.00839266,1.21473,-3.67146,-0.0542992,-0.00277659,0.0626656,0.616882,0.6333,1
5190,264.47,0.384039,0.00139186,0.0130158,1.0039,-0.0526014,0.00381534,0.447885,0.11882,1.11968,-3.45982,-0.0549986,-0.00248043,0.0639046,0.616882,0.6333,1
5200,241.297,0.387854,0.00140622,0.013154,1.00348,-0.0525944,0.00388077,0.452903,0.112519,1.0874,-3.33676,-0.0561939,-0.00224896,0.0651144,0.616882,0.6333,1
5210,223.955,0.392103,0.00142026,0.013288,1.00307,-0.0525874,0.00394688,0.45792,0.110852,1.05323,-3.22922,-0.0571655,-0.00234845,0.0658942,0.616882,0.6333,1
5220,217.396,0.396749,0.00143411,0.0134171,1.00267,-0.0525802,0.00401364,0.462934,0.113071,1.00777,-3.12625,-0.0576614,-0.00242686,0.0662693,0.616882,0.6333,1
5230,207.376,0.401512,0.00144868,0.01354,1.00228,-0.052573,0.00408104,0.467946,0.117423,0.956012,-3.01114,-0.0577549,-0.00205582,0.0665143,0.616882,0.6333,1
5240,192.229,0.406242,0.00146323,0.013656,1.00192,-0.0525658,0.00414903,0.472957,0.115935,0.895338,-2.87207,-0.0578377,-0.00150655,0.0667886,0.616882,0.6333,1
5250,212.659,0.411095,0.00148405,0.0137571,1.00158,-0.0525584,0.00421757,0.477966,0.178514,0.760364,-2.61256,-0.0581312,-0.000886783,0.0669396,0.616882,0.6333,1
5260,245.602,0.416419,0.0014977,0.0138396,1.00127,-0.0525509,0.00428658,0.482973,0.0873495,0.55041,-2.27149,-0.058444,-0.00019673,0.0666199,0.616882,0.6333,1
5270,253.27,0.422369,0.00150377,0.0138865,1.00101,-0.0525434,0.00435591,0.487978,0.014009,0.303918,-1.96773,-0.0583449,0.000357512,0.0656683,0.616882,0.6333,1
5280,257.379,0.428699,0.00150441,0.0139205,1.00077,-0.0525359,0.00442543,0.492983,-0.0255161,0.171703,-1.75536,-0.057886,0.00045385,0.0643354,0.616882,0.6333,1
5290,267.61,0.435023,0.00150137,0.0139423,1.00056,-0.0525284,0.00449508,0.497986,-0.0195248,0.261974,-1.55423,-0.0573396,0.000104791,0.0630117,0.616895,0.633322,1
5300,288.221,0.441011,0.00149944,0.0139725,1.00037,-0.0525209,0.00456487,0.502988,-0.00957359,0.220938,-1.46333,-0.0568502,-0.00054668,0.0620279,0.61692,0.633379,1
5310,300.321,0.446493,0.00150818,0.0140036,1.00021,-0.0525134,0.00463481,0.50799,0.0869199,0.240185,-1.27528,-0.0565485,-0.00113455,0.0615522,0.617002,0.63359,1
5320,281.011,0.451547,0.00151941,0.0140319,1.00005,-0.0525058,0.0047049,0.51299,0.0920705,0.213437,-1.22984,-0.0566535,-0.00136555,0.0615032,0.617068,0.63378,1
5330,277.95,0.456713,0.00153096,0.0140573,0.999897,-0.0524982,0.00477513,0.51799,0.0914067,0.193109,-1.19428,-0.0571164,-0.00122542,0.0613398,0.617077,0.63382,1
5340,271.862,0.462258,0.00154081,0.0140812,0.999753,-0.0524905,0.00484547,0.522989,0.00896129,0.222199,-1.0238,-0.0574796,-0.000908829,0.0607945,0.617077,0.63382,1
5350,273.9,0.468075,0.0015425,0.0141077,0.999627,-0.0524828,0.00491594,0.527988,0.0174189,0.202256,-0.973551,-0.0575074,-0.000580804,0.0599723,0.617077,0.63382,1
5360,295.803,0.473897,0.00154507,0.0141319,0.999509,-0.0524751,0.00498654,0.532986,0.0234189,0.183727,-0.913956,-0.0575211,-0.000425988,0.0591465,0.617077,0.63382,1
5370,325.609,0.479616,0.00154817,0.0141538,0.999398,-0.0524673,0.00505726,0.537983,0.0249869,0.166836,-0.858796,-0.0576194,-0.000481032,0.058427,0.617077,0.63382,1
5380,348.378,0.485297,0.00155126,0.0141742,0.999295,-0.0524596,0.00512808,0.54298,0.0257347,0.239647,-0.675932,-0.0570254,-0.00058468,0.0577378,0.617077,0.63382,1
5390,345.821,0.491257,0.00156372,0.0141986,0.999228,-0.0524518,0.00519901,0.547976,0.100044,0.185218,-0.512944,-0.0554188,-0.000549676,0.0567614,0.6171,0.633909,1
5400,329.201,0.49754,0.0015759,0.0142209,0.999166,-0.0524439,0.00527006,0.552972,0.0951037,0.171532,-0.48133,-0.0536455,-0.000313507,0.0554646,0.617112,0.633966,1
5410,329.223,0.503907,0.00158289,0.0142391,0.999115,-0.052436,0.00534121,0.557968,0.00917153,0.115178,-0.324135,-0.052733,0.000194133,0.0540875,0.617116,0.633991,1
5420,320.719,0.509937,0.00158405,0.0142528,0.999075,-0.0524281,0.00541245,0.562963,0.009328,0.104977,-0.303365,-0.052711,0.000883186,0.0530461,0.61712,0.634016,1
5430,311.134,0.515283,0.00158506,0.014257,0.999051,-0.0524202,0.00548373,0.567958,0.00681103,0.00905354,-0.160523,-0.0532198,0.00132005,0.0526929,0.617117,0.634026,1
5440,313.135,0.520166,0.00158583,0.014258,0.999031,-0.0524123,0.00555501,0.572954,0.00566251,0.00666956,-0.154222,-0.0537316,0.00105402,0.0528091,0.617104,0.634102,1
5450,300.537,0.525211,0.00158643,0.0142586,0.999012,-0.0524043,0.0056263,0.577949,0.00391833,0.00322114,-0.146398,-0.0539959,0.000179146,0.0527685,0.617039,0.634508,1
5460,303.886,0.530866,0.0015869,0.0142588,0.998994,-0.0523964,0.0056976,0.582944,0.00394933,0.000599843,-0.138123,-0.0540659,-0.000759312,0.0521198,0.616996,0.634718,1
5470,282.069,0.536782,0.00158741,0.0142588,0.998978,-0.0523885,0.00576889,0.587939,0.00407558,-0.00127977,-0.129872,-0.0544622,-0.00120589,0.0512062,0.616996,0.634718,1
5480,248.396,0.542485,0.00158795,0.0142586,0.998962,-0.0523805,0.00584019,0.592934,0.00446663,-0.00207793,-0.122126,-0.0551867,-0.00103146,0.0504994,0.616996,0.634718,1
5490,246.864,0.54779,0.00158847,0.0142583,0.998947,-0.0523726,0.00591148,0.597928,0.00376564,-0.00282471,-0.114346,-0.0561099,-0.000729077,0.0501918,0.616996,0.634718,1
5500,262.203,0.552956,0.0015889,0.0142579,0.998933,-0.0523647,0.00598277,0.602923,0.00315675,-0.0036453,-0.107259,-0.0572249,-0.000914387,0.0500311,0.616881,0.635098,1
5510,287.956,0.558255,0.00158923,0.0142573,0.99892,-0.0523567,0.00605406,0.607918,0.00206777,-0.00499354,-0.10125,-0.0583646,-0.00164686,0.0497482,0.617118,0.635564,1
5520,314.813,0.563588,0.00158944,0.0142566,0.998908,-0.0523488,0.00612534,0.612912,0.00126581,-0.00609983,-0.0959381,-0.0585903,-0.00231039,0.0494217,0.617263,0.635986,1
5530,312.968,0.56868,0.00158952,0.0142558,0.998896,-0.0523408,0.00619662,0.617907,-3.10164e-005,-0.00698901,-0.0911661,-0.0578616,-0.00241947,0.0493186,0.617311,0.636134,1
5540,329.949,0.573434,0.00158946,0.0142549,0.998885,-0.0523329,0.0062679,0.622901,-0.000720483,-0.00696711,-0.0866999,-0.0571887,-0.0019921,0.0495473,0.617311,0.636134,1
5550,328.658,0.577905,0.00158935,0.014254,0.998874,-0.0523249,0.00633917,0.627896,-0.00100263,-0.0070958,-0.0826774,-0.057154,-0.00150752,0.0500641,0.617311,0.636134,1
5560,328.058,0.582198,0.00158924,0.0142531,0.998864,-0.052317,0.00641044,0.63289,-0.000835863,-0.00753748,-0.0792283,-0.05681,-0.00101328,0.0507566,0.617311,0.636134,1
5570,308.255,0.586463,0.001589,0.0142518,0.998856,-0.052309,0.0064817,0.637884,-0.000385721,-0.0133344,-0.0579054,-0.0556937,-0.000314891,0.05147,0.617329,0.636106,1
5580,295.427,0.59079,0.00158894,0.0142498,0.998849,-0.0523011,0.00655296,0.642879,-0.000493807,-0.0181437,-0.0465838,-0.0546125,0.000521738,0.0521235,0.617395,0.635989,1
5590,284.129,0.595134,0.00158887,0.0142475,0.998843,-0.0522931,0.0066242,0.647873,-0.000610444,-0.0183019,-0.0461007,-0.0544175,0.000942825,0.0527695,0.617562,0.63568,1
5600,238.512,0.599422,0.00158881,0.0142453,0.998838,-0.0522852,0.00669543,0.652867,-0.000254837,-0.0180727,-0.0450015,-0.0548354,0.00107084,0.0534772,0.617691,0.635429,1
5610,220.346,0.603621,0.00158878,0.014243,0.998832,-0.0522773,0.00676665,0.657861,-0.000490212,-0.0178868,-0.0441562,-0.055596,0.00122719,0.0542749,0.617849,0.635109,1
5620,206.702,0.60762,0.00158869,0.0142408,0.998827,-0.0522693,0.00683786,0.662855,-0.000825729,-0.0173177,-0.0424852,-0.0566221,0.00141383,0.0552754,0.618065,0.634655,1
5630,212.046,0.611496,0.00158856,0.0142387,0.998821,-0.0522614,0.00690906,0.667849,-0.00120269,-0.0166082,-0.0407302,-0.0575038,0.00142548,0.0564002,0.618231,0.634291,1
5640,222.97,0.61549,0.0015884,0.0142367,0.998816,-0.0522534,0.00698025,0.672843,-0.0013485,-0.0155494,-0.0381556,-0.0576106,0.00141556,0.057402,0.618279,0.634174,1
5650,225.033,0.619613,0.00158781,0.0142349,0.998813,-0.0522455,0.00705143,0.677838,-0.00652821,-0.0125495,-0.0265194,-0.0573273,0.00115269,0.058273,0.618279,0.634174,1
5660,229.214,0.623837,0.00158702,0.0142334,0.998809,-0.0522375,0.0071226,0.682832,-0.00591611,-0.0113705,-0.0244287,-0.057313,0.000431229,0.0590509,0.618279,0.634174,1
5670,237.731,0.628171,0.00158631,0.0142321,0.998806,-0.0522296,0.00719376,0.687826,-0.00554275,-0.0101904,-0.0226755,-0.0574822,-0.000373068,0.0597218,0.618279,0.634174,1
5680,228.428,0.632472,0.00158572,0.0142309,0.998804,-0.0522217,0.00726492,0.69282,-0.000387671,-0.00647299,-0.0114147,-0.0574767,-0.000604027,0.0604187,0.618328,0.633995,1
5690,224.137,0.636655,0.00158567,0.0142302,0.998803,-0.0522138,0.00733607,0.697814,-0.000478508,-0.00608405,-0.0105759,-0.0575641,-0.000363394,0.0612282,0.618363,0.633888,1
5700,266.873,0.640919,0.00158561,0.0142294,0.998801,-0.0522058,0.00740722,0.702808,-0.000330883,-0.00584104,-0.0100676,-0.0578399,5.49341e-005,0.0619557,0.618369,0.633864,1
5710,290.37,0.645331,0.00158559,0.0142288,0.9988,-0.0521979,0.00747837,0.707802,0,0,0,-0.0578794,0.000692448,0.0625319,0.618407,0.633693,1
5720,282.771,0.649814,0.00158559,0.0142288,0.9988,-0.05219,0.00754951,0.712796,0,0,0,-0.0576741,0.00157107,0.0630319,0.618436,0.63355,1
5730,262.165,0.654328,0.00158559,0.0142288,0.9988,-0.052182,0.00762065,0.71779,0,0,0,-0.0577693,0.00212881,0.0635083,0.618483,0.633299,1
5740,260.241,0.659021,0.00158559,0.0142288,0.9988,-0.0521741,0.0076918,0.722784,0,0,0,-0.0580475,0.00207415,0.0638127,0.618549,0.632929,1
5750,257.857,0.664106,0.00158559,0.0142288,0.9988,-0.0521662,0.00776294,0.727778,0,0,0,-0.057889,0.00156063,0.0637253,0.618611,0.632602,1
5760,276.249,0.669595,0.00158559,0.0142288,0.9988,-0.0521583,0.00783409,0.732772,0,0,0,-0.057333,0.000879512,0.0632332,0.618652,0.632384,1
5770,292.927,0.675151,0.00158559,0.0142288,0.9988,-0.0521503,0.00790523,0.737766,0,0,0,-0.0566978,0.000248921,0.0626735,0.618714,0.632033,1
5780,290.951,0.680517,0.00158559,0.0142288,0.9988,-0.0521424,0.00797637,0.74276,0,0,0,-0.05583,2.21051e-005,0.0622996,0.618782,0.631618,1
5790,290.716,0.685664,0.00158559,0.0142288,0.9988,-0.0521345,0.00804752,0.747754,0,0,0,-0.0548931,6.3122e-005,0.0621418,0.618814,0.631394,1
5800,272.256,0.690717,0.00158559,0.0142288,0.9988,-0.0521265,0.00811866,0.752748,0,0,0,-0.0545406,-0.000261704,0.0620861,0.618816,0.631369,1
5810,273.697,0.695629,0.00158559,0.0142288,0.9988,-0.0521186,0.00818981,0.757742,0,0,0,-0.0546516,-0.00101582,0.0621784,0.618822,0.631345,1
5820,284.063,0.700591,0.00158559,0.0142288,0.9988,-0.0521107,0.00826095,0.762736,0,0,0,-0.0544623,-0.00143239,0.0622153,0.618822,0.631345,1
5830,290.624,0.705933,0.00158559,0.0142288,0.9988,-0.0521028,0.00833209,0.76773,0,0,0,-0.0539803,-0.00113938,0.0618631,0.618822,0.631345,1
5840,305.766,0.711885,0.00158559,0.0142288,0.9988,-0.0520948,0.00840324,0.772724,0,0,0,-0.0541434,-0.000708721,0.0609001,0.618822,0.631345,1
5850,324.539,0.718049,0.00158559,0.0142288,0.9988,-0.0520869,0.00847438,0.777718,0,0,0,-0.0550535,-0.000416637,0.0597302,0.618822,0.631345,1
5860,307.341,0.723935,0.00158559,0.0142288,0.9988,-0.052079,0.00854553,0.782712,0,0,0,-0.0558831,6.17541e-005,0.058836,0.618828,0.631321,1
5870,291.506,0.729343,0.00158559,0.0142288,0.9988,-0.052071,0.00861667,0.787706,0,0,0,-0.0562947,0.00070902,0.0584179,0.618883,0.631112,1
5880,292.285,0.734614,0.00158559,0.0142288,0.9988,-0.0520631,0.00868781,0.7927,0,0,0,-0.0566544,0.000906481,0.0581408,0.618883,0.631112,1
5890,317.54,0.74007,0.00158559,0.0142288,0.9988,-0.0520552,0.00875896,0.797694,0,0,0,-0.0567066,0.000465033,0.0576847,0.618883,0.631112,1
5900,323.612,0.745481,0.00158559,0.0142288,0.9988,-0.0520473,0.0088301,0.802688,0,0,0,-0.0561417,-0.000391587,0.0572746,0.618883,0.631112,1
5910,311.373,0.750596,0.00158559,0.0142288,0.9988,-0.0520393,0.00890125,0.807682,0,0,0,-0.0555081,-0.00121441,0.0571616,0.618883,0.631112,1
5920,288.952,0.755519,0.00158559,0.0142288,0.9988,-0.0520314,0.00897239,0.812676,0,0,0,-0.0556118,-0.00161726,0.0572399,0.618883,0.631112,1
5930,272.502,0.760501,0.00158559,0.0142288,0.9988,-0.0520235,0.00904353,0.81767,0,0,0,-0.0562141,-0.00142536,0.0572527,0.618883,0.631112,1
5940,279.05,0.765447,0.00158559,0.0142288,0.9988,-0.0520156,0.00911468,0.822664,0,0,0,-0.0568872,-0.00115113,0.0573012,0.618883,0.631112,1
5950,288.524,0.77002,0.00158559,0.0142288,0.9988,-0.0520076,0.00918582,0.827658,0,0,0,-0.057243,-0.00107967,0.0577241,0.618883,0.631112,1
5960,308.47,0.774461,0.00158559,0.0142288,0.9988,-0.0519997,0.00925697,0.832652,0,0,0,-0.056866,-0.00109139,0.0582753,0.618888,0.631088,1
5970,322.403,0.779269,0.00158559,0.0142288,0.9988,-0.0519918,0.00932811,0.837646,0,0,0,-0.0559345,-0.000811041,0.0584527,0.618888,0.631088,1
5980,309.056,0.784593,0.00158559,0.0142288,0.9988,-0.0519838,0.00939925,0.84264,0,0,0,-0.0557778,-0.00058598,0.0581196,0.618888,0.631088,1
5990,304.741,0.789943,0.00158559,0.0142288,0.9988,-0.0519759,0.0094704,0.847634,0,0,0,-0.0567713,-0.000543127,0.0577686,0.618901,0.630984,1
6000,308.677,0.795103,0.00158559,0.0142288,0.9988,-0.051968,0.00954154,0.852628,0,0,0,-0.0576374,-0.000511463,0.0576083,0.618931,0.630743,1
6010,288.994,0.800236,0.00158559,0.0142288,0.9988,-0.0519601,0.00961269,0.857622,0,0,0,-0.0577967,-0.000270804,0.0574684,0.618952,0.63055,1
6020,277.133,0.805574,0.00158559,0.0142288,0.9988,-0.0519521,0.00968383,0.862616,0,0,0,-0.0583924,-0.000554308,0.0571324,0.618964,0.63045,1
6030,259.987,0.811035,0.00158559,0.0142288,0.9988,-0.0519442,0.00975497,0.86761,0,0,0,-0.0592135,-0.00178088,0.056689,0.618964,0.63045,1
6040,234.994,0.816329,0.00158559,0.0142288,0.9988,-0.0519363,0.00982612,0.872604,0,0,0,-0.0588893,-0.00367251,0.0564165,0.618964,0.63045,1
6050,202.795,0.821333,0.00158559,0.0142288,0.9988,-0.0519283,0.00989726,0.877598,0,0,0,-0.0574477,-0.00524541,0.056423,0.618964,0.63045,1
6060,173.63,0.826406,0.00158559,0.0142288,0.9988,-0.0519204,0.00996841,0.882592,0,0,0,-0.0561561,-0.00602801,0.0563516,0.618964,0.63045,1
6070,155.456,0.831638,0.00158559,0.0142288,0.9988,-0.0519125,0.0100395,0.887586,0,0,0,-0.0549917,-0.00597587,0.0561075,0.618964,0.63045,1
6080,171.247,0.836665,0.00158559,0.0142288,0.9988,-0.0519046,0.0101107,0.89258,0,0,0,-0.05373,-0.00539106,0.0560604,0.618967,0.630425,1
6090,222.919,0.841571,0.00158559,0.0142288,0.9988,-0.0518966,0.0101818,0.897574,0,0,0,-0.053305,-0.00457638,0.0561338,0.61898,0.630263,1
6100,274.862,0.846501,0.00158559,0.0142288,0.9988,-0.0518887,0.010253,0.902568,0,0,0,-0.0544349,-0.00367447,0.0561852,0.618988,0.630109,1
6110,292.082,0.851624,0.00158559,0.0142288,0.9988,-0.0518808,0.0103241,0.907562,0,0,0,-0.0559848,-0.00249939,0.0560444,0.618996,0.629937,1
6120,289.356,0.856854,0.00158559,0.0142288,0.9988,-0.0518728,0.0103953,0.912556,0,0,0,-0.0569414,-0.00119079,0.0557955,0.619004,0.629767,1
6130,287.312,0.862152,0.00158559,0.0142288,0.9988,-0.0518649,0.0104664,0.91755,0,0,0,-0.057538,-0.000134209,0.0554814,0.619008,0.629597,1
6140,267.605,0.867468,0.00158559,0.0142288,0.9988,-0.051857,0.0105376,0.922544,0,0,0,-0.0580995,0.000550959,0.0551562,0.619008,0.629597,1
6150,266.123,0.872589,0.00158559,0.0142288,0.9988,-0.0518491,0.0106087,0.927538,0,0,0,-0.0582567,0.00103582,0.0550253,0.619008,0.629597,1
6160,260.413,0.877278,0.00158559,0.0142288,0.9988,-0.0518411,0.0106798,0.932532,0,0,0,-0.0582803,0.00121997,0.055328,0.619008,0.629597,1
6170,249.452,0.881686,0.00158559,0.0142288,0.9988,-0.0518332,0.010751,0.937526,0,0,0,-0.0584539,0.00097568,0.0559189,0.619014,0.629458,1
6180,238.159,0.886271,0.00158559,0.0142288,0.9988,-0.0518253,0.0108221,0.94252,0,0,0,-0.0579623,0.000257323,0.0563329,0.619014,0.629433,1
6190,236.666,0.891177,0.00158559,0.0142288,0.9988,-0.0518174,0.0108933,0.947514,0,0,0,-0.0565738,-0.000770658,0.0564258,0.619014,0.629433,1
6200,222.305,0.896067,0.00158559,0.0142288,0.9988,-0.0518094,0.0109644,0.952508,0,0,0,-0.0555417,-0.00161775,0.0565364,0.619016,0.62931,1
6210,231.134,0.900651,0.00158559,0.0142288,0.9988,-0.0518015,0.0110356,0.957502,0,0,0,-0.0552788,-0.00187778,0.05695,0.619016,0.62931,1
6220,237.602,0.904993,0.00158559,0.0142288,0.9988,-0.0517936,0.0111067,0.962496,0,0,0,-0.0548009,-0.00150952,0.0575954,0.619016,0.62931,1
6230,232.109,0.909322,0.00158559,0.0142288,0.9988,-0.0517856,0.0111779,0.96749,0,0,0,-0.0541225,-0.000962578,0.0582517,0.619016,0.62931,1
6240,253.616,0.913729,0.00158559,0.0142288,0.9988,-0.0517777,0.011249,0.972484,0,0,0,-0.0542354,-0.000618899,0.0588349,0.619016,0.62931,1
6250,272.017,0.918319,0.00158559,0.0142288,0.9988,-0.0517698,0.0113201,0.977478,0,0,0,-0.0548332,-0.000798173,0.059244,0.619016,0.62931,1
6260,288.007,0.923143,0.00158559,0.0142288,0.9988,-0.0517619,0.0113913,0.982472,0,0,0,-0.0548782,-0.00131579,0.0594215,0.619016,0.62931,1
6270,285.842,0.92802,0.00158559,0.0142288,0.9988,-0.0517539,0.0114624,0.987466,0,0,0,-0.0549238,-0.00199111,0.0595488,0.619016,0.62931,1
6280,288.696,0.932449,0.00158559,0.0142288,0.9988,-0.051746,0.0115336,0.99246,0,0,0,-0.0556083,-0.00250002,0.0601245,0.619016,0.62931,1
6290,299.161,0.936377,0.00158559,0.0142288,0.9988,-0.0517381,0.0116047,0.997454,0,0,0,-0.0559496,-0.00280556,0.0611973,0.619016,0.62931,1
6300,321.663,1.05986,0.00158559,0.0142288,0.9988,-0.0517301,0.0116759,-0.997552,0,0,0,-0.0552329,-0.00286884,0.0622038,0.619016,0.62931,1
6310,317.487,1.055,0.00158559,0.0142288,0.9988,-0.0517222,0.011747,-0.992558,0,0,0,-0.0546993,-0.00283525,0.0623342,0.619016,0.62931,1
6320,302.301,1.04935,0.00158559,0.0142288,0.9988,-0.0517143,0.0118181,-0.987564,0,0,0,-0.0552266,-0.00252886,0.0616852,0.619022,0.629233,1
6330,301.018,1.04387,0.00158559,0.0142288,0.9988,-0.0517064,0.0118893,-0.98257,0,0,0,-0.0560091,-0.00194331,0.0612003,0.619037,0.629053,1
6340,301.074,1.03915,0.00158559,0.0142288,0.9988,-0.0516984,0.0119604,-0.977576,0,0,0,-0.056119,-0.0010942,0.0614819,0.61904,0.629028,1
6350,292.342,1.0349,0.00158559,0.0142288,0.9988,-0.0516905,0.0120316,-0.972582,0,0,0,-0.0558232,-0.000257338,0.0622364,0.61904,0.629028,1
6360,296.113,1.03048,0.00158559,0.0142288,0.9988,-0.0516826,0.0121027,-0.967588,0,0,0,-0.0555274,0.00030064,0.0628147,0.61904,0.629028,1
6370,323.105,1.02577,0.00158559,0.0142288,0.9988,-0.0516747,0.0121739,-0.962594,0,0,0,-0.0556997,0.000190479,0.0630991,0.61904,0.629028,1
6380,307.916,1.02096,0.00158559,0.0142288,0.9988,-0.0516667,0.012245,-0.9576,0,0,0,-0.0568813,-0.000438494,0.0632691,0.619034,0.628891,1
6390,287.686,1.01623,0.00158559,0.0142288,0.9988,-0.0516588,0.0123162,-0.952606,0,0,0,-0.0586957,-0.00108613,0.0635096,0.619029,0.628793,1
6400,275.411,1.01151,0.00158559,0.0142288,0.9988,-0.0516509,0.0123873,-0.947612,0,0,0,-0.0595478,-0.00108458,0.0637812,0.619029,0.628793,1
6410,300.948,1.00683,0.00158559,0.0142288,0.9988,-0.0516429,0.0124584,-0.942618,0,0,0,-0.0593182,-0.000593246,0.064094,0.619029,0.628793,1
6420,303.514,1.00191,0.00158559,0.0142288,0.9988,-0.051635,0.0125296,-0.937624,0,0,0,-0.0593665,-0.000131049,0.0641721,0.619029,0.628793,1
6430,306.108,0.996314,0.00158559,0.0142288,0.9988,-0.0516271,0.0126007,-0.93263,0,0,0,-0.0598047,-9.53153e-005,0.0635691,0.619029,0.628793,1
6440,317.691,0.990001,0.00158559,0.0142288,0.9988,-0.0516192,0.0126719,-0.927636,0,0,0,-0.0593499,-0.000277943,0.0622496,0.619029,0.628793,1
6450,305.772,0.983855,0.00158559,0.0142288,0.9988,-0.0516112,0.012743,-0.922642,0,0,0,-0.0581199,-0.000341002,0.0611042,0.619029,0.628793,1
6460,284.842,0.978563,0.00158559,0.0142288,0.9988,-0.0516033,0.0128142,-0.917648,0,0,0,-0.0570001,-4.22819e-005,0.0608152,0.619029,0.628793,1
6470,234.966,0.9738,0.00158559,0.0142288,0.9988,-0.0515954,0.0128853,-0.912654,0,0,0,-0.0558769,0.000163695,0.0610533,0.619029,0.628793,1
6480,219.213,0.968742,0.00158559,0.0142288,0.9988,-0.0515874,0.0129565,-0.90766,0,0,0,-0.0546065,-0.000202781,0.0609879,0.619029,0.628793,1
6490,207.571,0.963046,0.00158559,0.0142288,0.9988,-0.0515795,0.0130276,-0.902666,0,0,0,-0.0543618,-0.000946782,0.0602745,0.619029,0.628793,1
6500,243.264,0.956867,0.00158559,0.0142288,0.9988,-0.0515716,0.0130987,-0.897672,0,0,0,-0.0553865,-0.00134771,0.0590784,0.619029,0.628793,1
6510,256.963,0.950856,0.00158559,0.0142288,0.9988,-0.0515637,0.0131699,-0.892678,0,0,0,-0.0563035,-0.00105774,0.0580591,0.618994,0.628572,1
6520,254.967,0.945434,0.00158559,0.0142288,0.9988,-0.0515557,0.013241,-0.887684,0,0,0,-0.0564304,-0.000458184,0.0576382,0.619008,0.628267,1
6530,249.64,0.940733,0.00158559,0.0142288,0.9988,-0.0515478,0.0133122,-0.88269,0,0,0,-0.0565243,-2.36734e-005,0.0579353,0.61901,0.628012,1
6540,247.297,0.936254,0.00158559,0.0142288,0.9988,-0.0515399,0.0133833,-0.877696,0,0,0,-0.0566171,0.000250396,0.0584518,0.61898,0.627742,1
6550,260.426,0.93144,0.00158559,0.0142288,0.9988,-0.0515319,0.0134545,-0.872702,0,0,0,-0.0561861,0.000673969,0.0586382,0.61892,0.627512,1
6560,274.695,0.926004,0.00158559,0.0142288,0.9988,-0.051524,0.0135256,-0.867708,0,0,0,-0.0558758,0.00110228,0.0582021,0.61877,0.627053,1
6570,291.346,0.920568,0.00158559,0.0142288,0.9988,-0.0515161,0.0135967,-0.862714,0,0,0,-0.0565496,0.00116949,0.057756,0.618522,0.626319,1
6580,272.425,0.915517,0.00158559,0.0142288,0.9988,-0.0515082,0.0136679,-0.85772,0,0,0,-0.057364,0.000860293,0.0576884,0.618328,0.625756,1
6590,269.431,0.91063,0.00158559,0.0142288,0.9988,-0.0515002,0.013739,-0.852726,0,0,0,-0.0571249,0.000606922,0.0577917,0.618328,0.625756,1
6600,232.134,0.905334,0.00158559,0.0142288,0.9988,-0.0514923,0.0138102,-0.847732,0,0,0,-0.0562876,0.00075773,0.0574951,0.618328,0.625756,1
6610,206.197,0.899658,0.00158559,0.0142288,0.9988,-0.0514844,0.0138813,-0.842738,0,0,0,-0.0559218,0.00120581,0.0568197,0.618328,0.625756,1
6620,207.92,0.893915,0.00158559,0.0142288,0.9988,-0.0514765,0.0139525,-0.837744,0,0,0,-0.0560564,0.00134226,0.0560705,0.618328,0.625756,1
6630,204.549,0.888511,0.00158559,0.0142288,0.9988,-0.0514685,0.0140236,-0.83275,0,0,0,-0.0564997,0.000837192,0.0556483,0.618315,0.625735,1
6640,185.12,0.883397,0.00158559,0.0142288,0.9988,-0.0514606,0.0140948,-0.827756,0,0,0,-0.0573846,-0.000153797,0.0555064,0.618315,0.625735,1
6650,201.005,0.878403,0.00158559,0.0142288,0.9988,-0.0514527,0.0141659,-0.822762,0,0,0,-0.057906,-0.00106385,0.0554847,0.618315,0.625735,1
6660,212.944,0.873617,0.00158559,0.0142288,0.9988,-0.0514447,0.014237,-0.817768,0,0,0,-0.0573045,-0.00132322,0.0556904,0.618315,0.625735,1
6670,212.198,0.868998,0.00158559,0.0142288,0.9988,-0.0514368,0.0143082,-0.812774,0,0,0,-0.0563788,-0.000717001,0.0560797,0.618315,0.625735,1
6680,239.166,0.864167,0.00158559,0.0142288,0.9988,-0.0514289,0.0143793,-0.80778,0,0,0,-0.056,0.00033422,0.0562609,0.618104,0.625728,1
6690,258.865,0.858875,0.00158559,0.0142288,0.9988,-0.051421,0.0144505,-0.802786,0,0,0,-0.0552597,0.00110602,0.0559769,0.618009,0.625754,1
6700,270.613,0.85375,0.00158559,0.0142288,0.9988,-0.051413,0.0145216,-0.797792,0,0,0,-0.0538144,0.00102942,0.0558478,0.617742,0.625841,1
6710,282.384,0.84922,0.00158559,0.0142288,0.9988,-0.0514051,0.0145928,-0.792798,0,0,0,-0.052884,0.000319277,0.0563004,0.61726,0.626002,1
6720,296.432,0.845139,0.00158559,0.0142288,0.9988,-0.0513972,0.0146639,-0.787804,0,0,0,-0.0529356,-0.000205338,0.057203,0.616753,0.626189,1
6730,282.861,0.840804,0.00158559,0.0142288,0.9988,-0.0513892,0.0147351,-0.78281,0,0,0,-0.052846,-7.74972e-005,0.057862,0.616429,0.626328,1
6740,271.308,0.836027,0.00158559,0.0142288,0.9988,-0.0513813,0.0148062,-0.777816,0,0,0,-0.0526214,0.000183521,0.0580825,0.616129,0.626477,1
6750,245.512,0.831104,0.00158559,0.0142288,0.9988,-0.0513734,0.0148773,-0.772822,0,0,0,-0.0534004,0.00013483,0.0581485,0.615983,0.626553,1
6760,253.706,0.826526,0.00158559,0.0142288,0.9988,-0.0513655,0.0149485,-0.767828,0,0,0,-0.0552033,-0.000206186,0.0585498,0.615983,0.626553,1
6770,278.457,0.822303,0.00158559,0.0142288,0.9988,-0.0513575,0.0150196,-0.762834,0,0,0,-0.0567318,-0.000544015,0.0593039,0.615952,0.626587,1
6780,294.92,0.818013,0.00158559,0.0142288,0.9988,-0.0513496,0.0150908,-0.75784,0,0,0,-0.0575925,-0.000828723,0.0599936,0.615825,0.626747,1
6790,275.648,0.813425,0.00158559,0.0142288,0.9988,-0.0513417,0.0151619,-0.752846,0,0,0,-0.0583007,-0.000912361,0.0603903,0.615795,0.626793,1
6800,253.51,0.808837,0.00158559,0.0142288,0.9988,-0.0513337,0.0152331,-0.747852,0,0,0,-0.0590309,-0.000736146,0.0607903,0.615794,0.626795,1
6810,261.501,0.804345,0.00158559,0.0142288,0.9988,-0.0513258,0.0153042,-0.742858,0,0,0,-0.059658,-0.000419241,0.0612899,0.615791,0.626808,1
6820,296.731,0.800059,0.00158559,0.0142288,0.9988,-0.0513179,0.0153753,-0.737864,0,0,0,-0.0601671,-0.000482885,0.061989,0.615791,0.626808,1
6830,317.377,0.795916,0.00158559,0.0142288,0.9988,-0.05131,0.0154465,-0.73287,0,0,0,-0.060042,-0.000798088,0.062832,0.615744,0.626943,1
6840,310.323,0.791909,0.00158559,0.0142288,0.9988,-0.051302,0.0155176,-0.727876,0,0,0,-0.0588421,-0.00104287,0.0638239,0.615483,0.627659,1
6850,305.519,0.787759,0.00158559,0.0142288,0.9988,-0.0512941,0.0155888,-0.722882,0,0,0,-0.057094,-0.00134431,0.0646736,0.615179,0.628489,1
6860,300.653,0.78323,0.00158559,0.0142288,0.9988,-0.0512862,0.0156599,-0.717888,0,0,0,-0.0558002,-0.00214978,0.0651267,0.614899,0.629278,1
6870,292.597,0.778127,0.00158559,0.0142288,0.9988,-0.0512783,0.0157311,-0.712894,0,0,0,-0.0549781,-0.00305579,0.0649972,0.614737,0.629763,1
6880,279.626,0.77286,0.00158559,0.0142288,0.9988,-0.0512703,0.0158022,-0.7079,0,0,0,-0.0544581,-0.00336849,0.0647158,0.614629,0.630073,1
6890,284.588,0.767986,0.00158559,0.0142288,0.9988,-0.0512624,0.0158734,-0.702906,0,0,0,-0.054808,-0.00283239,0.0648438,0.614466,0.630536,1
6900,272.682,0.763619,0.00158559,0.0142288,0.9988,-0.0512545,0.0159445,-0.697912,0,0,0,-0.0559768,-0.00174628,0.0654874,0.614281,0.631053,1
6910,276.564,0.759274,0.00158559,0.0142288,0.9988,-0.0512465,0.0160156,-0.692918,0,0,0,-0.0566474,-0.000514422,0.066157,0.614179,0.631346,1
6920,267.57,0.754718,0.00158559,0.0142288,0.9988,-0.0512386,0.0160868,-0.687924,0,0,0,-0.0564302,0.000319214,0.0666111,0.614139,0.631496,1
6930,268.537,0.749873,0.00158559,0.0142288,0.9988,-0.0512307,0.0161579,-0.68293,0,0,0,-0.056394,0.000455517,0.0667602,0.614075,0.631744,1
6940,262.71,0.744784,0.00158559,0.0142288,0.9988,-0.0512228,0.0162291,-0.677936,0,0,0,-0.0565613,1.99122e-005,0.0666524,0.614048,0.631821,1
6950,256.674,0.739468,0.00158559,0.0142288,0.9988,-0.0512148,0.0163002,-0.672942,0,0,0,-0.055674,-0.000678322,0.0663175,0.614048,0.631821,1
6960,264.804,0.733942,0.00158559,0.0142288,0.9988,-0.0512069,0.0163714,-0.667948,0,0,0,-0.0541456,-0.0015728,0.0657684,0.614048,0.631821,1
6970,288.748,0.72846,0.00158559,0.0142288,0.9988,-0.051199,0.0164425,-0.662954,0,0,0,-0.0536777,-0.0024579,0.0652565,0.613981,0.631958,1
6980,288.224,0.722966,0.00158559,0.0142288,0.9988,-0.051191,0.0165137,-0.65796,0,0,0,-0.0542294,-0.00302571,0.064735,0.613981,0.631958,1
6990,257.041,0.717252,0.00158559,0.0142288,0.9988,-0.0511831,0.0165848,-0.652966,0,0,0,-0.0545654,-0.00350955,0.0639962,0.61395,0.631991,1
7000,241.642,0.711153,0.00158559,0.0142288,0.9988,-0.0511752,0.0166559,-0.647972,0,0,0,-0.0547787,-0.00415308,0.0628668,0.613822,0.632111,1
7010,230.712,0.705048,0.00158559,0.0142288,0.9988,-0.0511673,0.0167271,-0.642978,0,0,0,-0.0555215,-0.00475085,0.0617291,0.613822,0.632111,1
7020,238.342,0.699258,0.00158559,0.0142288,0.9988,-0.0511593,0.0167982,-0.637984,0,0,0,-0.0561271,-0.00484533,0.0609207,0.613822,0.632111,1
7030,246.271,0.693896,0.00158559,0.0142288,0.9988,-0.0511514,0.0168694,-0.63299,0,0,0,-0.0558402,-0.00425822,0.0605687,0.613809,0.632132,1
7040,238.003,0.688554,0.00158559,0.0142288,0.9988,-0.0511435,0.0169405,-0.627996,0,0,0,-0.0551862,-0.00301772,0.0602564,0.613745,0.632274,1
7050,213.858,0.682919,0.00158559,0.0142288,0.9988,-0.0511356,0.0170117,-0.623002,0,0,0,-0.0549548,-0.001453,0.0596565,0.613642,0.632507,1
7060,195.122,0.67675,0.00158559,0.0142288,0.9988,-0.0511276,0.0170828,-0.618008,0,0,0,-0.0550854,-0.000129554,0.0585112,0.613527,0.632765,1
7070,187.251,0.670449,0.00158559,0.0142288,0.9988,-0.0511197,0.0171539,-0.613014,0,0,0,-0.055429,0.000327174,0.05721,0.61349,0.632862,1
7080,192.008,0.664521,0.00158559,0.0142288,0.9988,-0.0511118,0.0172251,-0.60802,0,0,0,-0.0559675,0.000126686,0.0562631,0.613438,0.632991,1
7090,215.853,0.659227,0.00158559,0.0142288,0.9988,-0.0511038,0.0172962,-0.603026,0,0,0,-0.0561735,-0.000248685,0.055948,0.613404,0.633061,1
7100,251.295,0.654231,0.00158559,0.0142288,0.9988,-0.0510959,0.0173674,-0.598032,0,0,0,-0.0557345,-0.000450199,0.0559394,0.613404,0.633061,1
7110,248.357,0.649154,0.00158559,0.0142288,0.9988,-0.051088,0.0174385,-0.593038,0,0,0,-0.0552929,-0.000557944,0.0558531,0.613404,0.633061,1
7120,235.831,0.643897,0.00158559,0.0142288,0.9988,-0.0510801,0.0175097,-0.588044,0,0,0,-0.0551825,-0.000427837,0.0555897,0.61339,0.633082,1
7130,244.665,0.638609,0.00158559,0.0142288,0.9988,-0.0510721,0.0175808,-0.58305,0,0,0,-0.0548635,-0.000582551,0.0552893,0.613352,0.633134,1
7140,272.203,0.633326,0.00158559,0.0142288,0.9988,-0.0510642,0.017652,-0.578056,0,0,0,-0.0544857,-0.0014438,0.0549724,0.613352,0.633134,1
7150,291.227,0.627987,0.00158559,0.0142288,0.9988,-0.0510563,0.0177231,-0.573062,0,0,0,-0.055041,-0.00273436,0.054579,0.613352,0.633134,1
7160,287.104,0.6225,0.00158559,0.0142288,0.9988,-0.0510483,0.0177942,-0.568068,0,0,0,-0.0563085,-0.00327757,0.0540529,0.613352,0.633134,1
7170,296.481,0.617095,0.00158559,0.0142288,0.9988,-0.0510404,0.0178654,-0.563074,0,0,0,-0.0568452,-0.0030163,0.0536397,0.613332,0.633203,1
7180,272.152,0.611964,0.00158559,0.0142288,0.9988,-0.0510325,0.0179365,-0.55808,0,0,0,-0.0564301,-0.00254435,0.0535174,0.613271,0.633447,1
7190,245.002,0.60691,0.00158559,0.0142288,0.9988,-0.0510246,0.0180077,-0.553086,0,0,0,-0.0561376,-0.002404,0.0534587,0.613216,0.633702,1
7200,221.735,0.601635,0.00158559,0.0142288,0.9988,-0.0510166,0.0180788,-0.548092,0,0,0,-0.0560106,-0.00248069,0.0531704,0.613181,0.63392,1
7210,209.873,0.596431,0.00158559,0.0142288,0.9988,-0.0510087,0.01815,-0.543098,0,0,0,-0.055785,-0.00294966,0.0529409,0.613128,0.634299,1
7220,214.531,0.59193,0.00158559,0.0142288,0.9988,-0.0510008,0.0182211,-0.538104,0,0,0,-0.0559254,-0.0035325,0.053406,0.613063,0.634784,1
7230,209.65,0.587877,0.00159506,0.0142265,0.998812,-0.0509928,0.0182922,-0.53311,0.102474,-0.0244406,0.127054,-0.0566274,-0.00397901,0.054318,0.613029,0.635107,1
7240,211.749,0.583412,0.00160811,0.0142234,0.998828,-0.0509848,0.0183634,-0.528116,0.105907,-0.0248897,0.130537,-0.0568887,-0.00406369,0.0548345,0.613026,0.635162,1
7250,240.653,0.578267,0.00162467,0.0142208,0.998849,-0.0509767,0.0184345,-0.523122,0.209496,-0.00915315,0.258516,-0.0564857,-0.00412079,0.0546787,0.613026,0.635162,1
7260,268.286,0.573314,0.00165134,0.0142196,0.998881,-0.0509686,0.0185056,-0.518127,0.216664,-0.00971251,0.263691,-0.0564651,-0.00400593,0.0547182,0.613026,0.635162,1
7270,273.293,0.569211,0.00167892,0.0142183,0.998915,-0.0509602,0.0185767,-0.513133,0.224117,-0.0106782,0.268876,-0.0572245,-0.00370068,0.0556074,0.613026,0.635162,1
7280,287.775,0.565605,0.00170743,0.0142169,0.998949,-0.0509518,0.0186478,-0.508138,0.231368,-0.0118309,0.27495,-0.0579038,-0.00335713,0.0569953,0.613026,0.635162,1
7290,304.236,0.561495,0.00173678,0.0142154,0.998983,-0.0509432,0.0187188,-0.503144,0.237313,-0.0128139,0.280025,-0.0581697,-0.00307738,0.0578816,0.613026,0.635162,1
7300,320.527,0.556798,0.0017668,0.0142138,0.999019,-0.0509344,0.0187899,-0.498148,0.242341,-0.0130827,0.28384,-0.0584088,-0.00216705,0.0582045,0.613026,0.635162,1
7310,318.596,0.551976,0.00179171,0.0142207,0.999068,-0.0509255,0.018861,-0.493153,0.172538,0.251624,0.675812,-0.0585399,-0.000610356,0.058427,0.613026,0.635162,1
7320,302.845,0.547304,0.00181988,0.0142611,0.999167,-0.0509165,0.0189322,-0.488158,0.246294,0.358493,0.843898,-0.0583801,0.000913121,0.0587982,0.613026,0.635162,1
7330,283.364,0.54246,0.00184,0.0143097,0.999289,-0.0509073,0.0190036,-0.483162,0.146278,0.410147,1.02406,-0.0582584,0.00169063,0.0589725,0.613084,0.635355,1
7340,288.517,0.537393,0.00185843,0.0143635,0.999421,-0.0508981,0.0190753,-0.478165,0.148156,0.44885,1.07946,-0.0580488,0.00187445,0.0589057,0.613198,0.635695,1
7350,293.115,0.532469,0.0018723,0.0144208,0.999564,-0.0508887,0.0191473,-0.473167,0.0393752,0.456899,1.24978,-0.0567424,0.00152285,0.0589777,0.613346,0.636122,1
7360,284.796,0.52803,0.00187626,0.0144798,0.999724,-0.0508794,0.0192195,-0.468169,0.0225463,0.48536,1.29748,-0.0545285,0.000524721,0.0595174,0.613443,0.636379,1
7370,265.678,0.523783,0.00187772,0.014542,0.999889,-0.05087,0.0192921,-0.46317,0.000501741,0.506999,1.33534,-0.0529256,-0.000652257,0.0602287,0.613443,0.636379,1
7380,257.365,0.519326,0.00187791,0.0146074,1.00006,-0.0508606,0.0193649,-0.45817,0.0587392,0.56914,1.50383,-0.052524,-0.00123511,0.0607444,0.613443,0.636379,1
7390,249.119,0.514813,0.00188231,0.0146926,1.00028,-0.0508512,0.0194382,-0.453169,0.0582369,0.733194,1.79322,-0.0525887,-0.00148735,0.0612153,0.613443,0.636379,1
7400,264.164,0.510751,0.00188914,0.0147968,1.00052,-0.0508418,0.0195119,-0.448167,0.0522598,0.873136,2.00586,-0.0531518,-0.00169536,0.0621382,0.613481,0.636524,1
7410,287.324,0.506783,0.00189569,0.0149099,1.00078,-0.0508323,0.0195862,-0.443164,0.0533244,0.93483,2.08941,-0.0544502,-0.00137745,0.0631719,0.613481,0.636524,1
7420,284.945,0.502241,0.00189391,0.0150205,1.00106,-0.0508228,0.019661,-0.43816,-0.0187593,0.90815,2.30504,-0.0554192,-0.000441173,0.0636583,0.613481,0.636524,1
7430,261.498,0.497192,0.00188956,0.0151318,1.00136,-0.0508134,0.0197364,-0.433154,-0.0542231,0.863174,2.52857,-0.0551414,0.000336073,0.0636408,0.613481,0.636524,1
7440,240.644,0.492232,0.00188466,0.0152503,1.00169,-0.0508039,0.0198123,-0.428146,-0.0198629,1.04413,2.72177,-0.054878,0.000270214,0.0636809,0.613481,0.636524,1
7450,244.826,0.48773,0.00188257,0.0153847,1.00203,-0.0507945,0.0198889,-0.423137,-0.0135978,1.10288,2.82358,-0.0557495,-0.000522169,0.0641411,0.613481,0.636524,1
7460,243.081,0.483336,0.00188784,0.0155352,1.00242,-0.0507851,0.0199662,-0.418126,0.0916245,1.19335,3.22321,-0.0567387,-0.0016736,0.0646892,0.613481,0.636524,1
7470,219.511,0.478713,0.00188968,0.0156818,1.00284,-0.0507756,0.0200442,-0.413112,0.0115539,1.19089,3.45807,-0.0564767,-0.00241375,0.0650391,0.613481,0.636524,1
7480,187.816,0.473616,0.00189115,0.0158335,1.00328,-0.0507662,0.020123,-0.408097,0.0121939,1.23244,3.56943,-0.0555605,-0.00241007,0.0649585,0.613481,0.636524,1
7490,172.416,0.468168,0.00188533,0.0159924,1.00374,-0.0507567,0.0202026,-0.40308,-0.11874,1.31298,3.77287,-0.0550135,-0.0017613,0.0645532,0.613077,0.636403,1
7500,189.554,0.462359,0.00187032,0.0161625,1.00425,-0.0507474,0.020283,-0.39806,-0.114604,1.39141,4.13226,-0.0550513,-0.00120807,0.0637796,0.61307,0.636256,1
7510,204.607,0.456511,0.00185699,0.0163409,1.00477,-0.050738,0.0203642,-0.393037,-0.0976895,1.46048,4.28744,-0.0554519,-0.000766109,0.0629597,0.613286,0.636005,1
7520,222.064,0.450935,0.0018507,0.0165251,1.00533,-0.0507288,0.0204464,-0.388012,0.00700345,1.47577,4.59024,-0.0562153,-0.000349625,0.0624101,0.613496,0.63577,1
7530,227.079,0.446014,0.0018533,0.0167143,1.00591,-0.0507195,0.0205295,-0.382984,0.0313515,1.5502,4.79462,-0.056655,0.000126378,0.0625235,0.613626,0.63561,1
7540,252.325,0.441205,0.00185758,0.0169137,1.00653,-0.0507102,0.0206135,-0.377953,0.0303788,1.6402,5.01079,-0.0565038,0.000179009,0.0627404,0.613762,0.635447,1
7550,270.588,0.436016,0.00186095,0.0171251,1.00717,-0.0507009,0.0206986,-0.372919,0.0242696,1.73758,5.2412,-0.0565824,9.29857e-005,0.0625709,0.613973,0.635184,1
7560,278.67,0.430311,0.00186553,0.0173476,1.00784,-0.0506916,0.0207848,-0.367881,0.139585,1.69331,5.67494,-0.0574475,1.44708e-005,0.0618755,0.614038,0.635074,1
7570,279.481,0.424599,0.00187691,0.0175635,1.00857,-0.0506823,0.0208721,-0.36284,0.00244416,1.74397,5.99779,-0.0580176,-0.000255859,0.0611691,0.614038,0.635074,1
7580,277.782,0.418962,0.00187713,0.0177881,1.00934,-0.0506729,0.0209605,-0.357795,0.00377157,1.84647,6.25245,-0.0577484,-0.00118102,0.0605214,0.614038,0.635074,1
7590,275.322,0.413203,0.00187868,0.0180262,1.01014,-0.0506635,0.02105,-0.352747,0.0242856,1.96074,6.51642,-0.0574168,-0.00199819,0.0597575,0.614039,0.635049,1
7600,274.845,0.406929,0.00188372,0.0182793,1.01097,-0.0506541,0.0211407,-0.347694,0.0567117,2.08321,6.78414,-0.0570437,-0.00213132,0.0585194,0.614038,0.634807,1
7610,257.621,0.400535,0.00189275,0.0185467,1.01183,-0.0506447,0.0212328,-0.342637,0.0869166,2.18831,7.06206,-0.0559367,-0.00154489,0.0572145,0.614051,0.634535,1
7620,232.927,0.394495,0.00190426,0.0188216,1.01274,-0.0506352,0.0213262,-0.337575,0.0789632,2.13015,7.3994,-0.0548463,-0.000740939,0.0562794,0.614077,0.634123,1
7630,235.366,0.389197,0.00191812,0.0190816,1.01368,-0.0506256,0.021421,-0.332509,0.140245,2.03243,7.73421,-0.055023,0.000419399,0.0560958,0.614084,0.633905,1
7640,216.409,0.384026,0.00194187,0.0193323,1.01467,-0.050616,0.021517,-0.327439,0.268856,1.93643,8.07677,-0.0557815,0.00139183,0.0560254,0.614095,0.633756,1
7650,232.329,0.378752,0.00197027,0.0195663,1.01571,-0.0506062,0.0216143,-0.322363,0.19095,1.80768,8.42966,-0.0559616,0.00163412,0.0558239,0.614113,0.633628,1
7660,233.086,0.373138,0.00199414,0.0197897,1.01678,-0.0505963,0.0217127,-0.317281,0.185596,1.75887,8.7045,-0.0559498,0.00105175,0.0552456,0.614113,0.633628,1
7670,251.403,0.367503,0.00201562,0.020006,1.01788,-0.0505862,0.0218122,-0.312195,0.154527,1.69603,8.97119,-0.0563732,0.000313065,0.0546337,0.614109,0.633603,1
7680,217.126,0.36188,0.00203252,0.0202137,1.01902,-0.0505761,0.0219127,-0.307103,0.116105,1.62192,9.22345,-0.0566483,-0.000658727,0.0540219,0.614109,0.633603,1
7690,230.398,0.356659,0.00204502,0.0204121,1.02019,-0.0505659,0.0220143,-0.302004,0.0851682,1.54915,9.45462,-0.056543,-0.00153416,0.053826,0.614061,0.633488,1
7700,267.254,0.351603,0.00205425,0.0206022,1.02139,-0.0505557,0.0221168,-0.296901,0.0641767,1.49032,9.67525,-0.0568328,-0.00201775,0.0538167,0.614061,0.633488,1
7710,294.437,0.346644,0.00206171,0.0207854,1.02261,-0.0505454,0.0222203,-0.291791,0.0577649,1.43795,9.89142,-0.0575976,-0.0020166,0.0539334,0.614061,0.633488,1
7720,301.356,0.341574,0.00206919,0.0209623,1.02387,-0.0505351,0.0223247,-0.286674,0.0623642,1.39012,10.0916,-0.057902,-0.00201641,0.0539517,0.614061,0.633488,1
7730,303.973,0.336543,0.00207726,0.0211335,1.02514,-0.0505247,0.0224299,-0.281552,0.0666808,1.34335,10.2852,-0.0573004,-0.00209578,0.0540281,0.614061,0.633488,1
7740,315.469,0.331452,0.00208629,0.0213057,1.02644,-0.0505143,0.022536,-0.276423,0.0809452,1.41787,10.5611,-0.0563886,-0.00229892,0.0540451,0.614061,0.633488,1
7750,307.6,0.326617,0.00209857,0.021479,1.02778,-0.0505038,0.022643,-0.271287,0.117523,1.43065,10.8689,-0.0554401,-0.00243894,0.0543276,0.614061,0.633488,1
7760,306.778,0.321932,0.00211615,0.0216488,1.02915,-0.0504933,0.0227508,-0.266145,0.162328,1.27272,11.0603,-0.0544164,-0.00264863,0.0547592,0.614061,0.633488,1
7770,272.198,0.317179,0.00213512,0.0217978,1.03055,-0.0504827,0.0228594,-0.260996,0.187678,1.19626,11.3862,-0.05397,-0.00275333,0.0551279,0.614061,0.633488,1
7780,275.16,0.311992,0.00215905,0.0219325,1.03199,-0.0504719,0.0229688,-0.255839,0.19025,0.953478,11.5864,-0.0544263,-0.0027505,0.0550652,0.614061,0.633488,1
7790,254.965,0.306624,0.00218305,0.0220299,1.03346,-0.0504611,0.0230787,-0.250676,0.238644,0.73612,11.8576,-0.055095,-0.00302388,0.0548001,0.614002,0.633269,1
7800,216.572,0.30156,0.00222206,0.0221032,1.03496,-0.0504501,0.023189,-0.245505,0.302837,0.492322,12.1496,-0.0555381,-0.00369192,0.0548113,0.613965,0.633077,1
7810,206.738,0.297054,0.00225705,0.0221561,1.0365,-0.0504389,0.0232997,-0.240326,0.260868,0.359604,12.3319,-0.0561885,-0.00381067,0.0554326,0.613965,0.633077,1
7820,214.264,0.292659,0.0023024,0.0221864,1.03806,-0.0504275,0.0234105,-0.23514,0.377509,0.18566,12.5345,-0.0566341,-0.00301857,0.0562569,0.613965,0.633077,1
7830,223.062,0.287712,0.00235521,0.0222098,1.03964,-0.0504158,0.0235215,-0.229946,0.466658,0.22353,12.8624,-0.056124,-0.00224396,0.0565532,0.613965,0.633077,1
7840,237.823,0.282366,0.00241584,0.0222333,1.04126,-0.0504039,0.0236326,-0.224743,0.509612,0.151391,13.0135,-0.0554362,-0.00204866,0.0564071,0.613954,0.633055,1
7850,261.098,0.277333,0.00247737,0.0222445,1.04291,-0.0503917,0.0237439,-0.219533,0.465121,0.0239622,13.2975,-0.055663,-0.00189932,0.0565616,0.613875,0.632956,1
7860,273.763,0.272962,0.00252912,0.0222561,1.04459,-0.0503791,0.0238551,-0.214314,0.367128,0.168574,13.5701,-0.0556593,-0.0013352,0.0574322,0.613875,0.632956,1
7870,284.015,0.268863,0.00259392,0.0222628,1.04629,-0.0503663,0.0239664,-0.209087,0.680813,-0.0956069,13.6306,-0.0544498,-0.000765894,0.0586048,0.613732,0.632904,1
7880,283.143,0.264723,0.00267535,0.0222548,1.04801,-0.0503532,0.0240777,-0.203851,0.691273,-0.0590698,13.8129,-0.0534134,-0.000411078,0.0597187,0.613495,0.632843,1
7890,276.932,0.260279,0.00277158,0.0222477,1.04975,-0.0503396,0.024189,-0.198607,0.845599,-0.0511347,13.8872,-0.0538102,-0.000429272,0.0604826,0.613301,0.632775,1
7900,282.175,0.255813,0.00288653,0.0222419,1.05149,-0.0503254,0.0243002,-0.193354,0.988456,-0.0422504,13.9251,-0.0546158,-0.000934275,0.061175,0.612941,0.63263,1
7910,279.053,0.251271,0.00301791,0.0222378,1.05323,-0.0503107,0.0244114,-0.188092,1.10491,-0.016006,13.9266,-0.0548389,-0.00190467,0.0617563,0.612562,0.632457,1
7920,238.948,0.246748,0.00316178,0.022237,1.05497,-0.0502952,0.0245226,-0.182821,1.19043,-0.0991051,13.9767,-0.0549842,-0.00283581,0.0623599,0.612155,0.632264,1
7930,219.442,0.24212,0.00331657,0.0222294,1.05672,-0.050279,0.0246337,-0.177542,1.28839,-0.0230851,13.9944,-0.0553818,-0.0035663,0.0628756,0.611877,0.632114,1
7940,191.36,0.237802,0.00347773,0.0222492,1.05848,-0.0502621,0.0247449,-0.172254,1.35239,0.215595,14.0088,-0.0556762,-0.00383582,0.0637624,0.611703,0.632005,1
7950,180.827,0.233239,0.00365464,0.0222848,1.06023,-0.0502442,0.0248562,-0.166957,1.37936,0.470153,13.9637,-0.0559882,-0.00369056,0.0644572,0.611686,0.632083,1
7960,187.126,0.228106,0.00383171,0.0223513,1.06197,-0.0502255,0.0249678,-0.161652,1.44005,0.584367,13.8824,-0.0565394,-0.00331909,0.0646051,0.611629,0.632333,1
7970,210.973,0.222356,0.00401362,0.0224302,1.06371,-0.0502059,0.0250798,-0.156338,1.46665,0.676511,13.8313,-0.0566385,-0.0033733,0.0640967,0.611496,0.632789,1
7980,240.329,0.216993,0.00420006,0.0225206,1.06543,-0.0501854,0.0251921,-0.151015,1.51991,0.764564,13.7947,-0.0558716,-0.00367191,0.0639744,0.611373,0.633106,1
7990,227.499,0.212161,0.00439623,0.0226196,1.06716,-0.0501639,0.025305,-0.145683,1.62369,0.807775,13.7303,-0.0550084,-0.00360545,0.0644432,0.61134,0.633253,1
