step,T,r,sn_vel[0],sn_vel[1],sn_vel[2],sn_crd[0],sn_crd[1],sn_crd[2],sn_f[0],sn_f[1],sn_f[2],target_crd[0],target_crd[1],target_crd[2],boundary[0],boundary[1],boundary[2]
3510,392.589,0.493608,3.84774e-005,-0.000138038,1.30029,-0.055426,-0.00328758,-0.430788,0.327688,-0.867086,2.57639,-0.0565627,-0.00430991,0.0628185,0.613882,0.63437,1
3520,394.807,0.487652,8.7051e-005,-0.000241467,1.30062,-0.0554257,-0.00328853,-0.424285,0.428197,-0.806683,2.80531,-0.056679,-0.00430624,0.0633637,0.613733,0.633329,1
3530,392.766,0.481479,0.000132813,-0.00034816,1.301,-0.0554251,-0.00329001,-0.417781,0.363652,-0.863415,3.05422,-0.0559657,-0.00283566,0.0636976,0.613689,0.632334,1
3540,392.828,0.475462,0.000166196,-0.000460171,1.3014,-0.0554244,-0.00329202,-0.411275,0.280728,-0.862119,3.5372,-0.055524,-0.000881759,0.0641801,0.613937,0.632228,1
3550,385.008,0.469565,0.000199859,-0.00056705,1.30186,-0.0554234,-0.00329459,-0.404767,0.162813,-0.867704,3.77103,-0.0556062,0.000371623,0.0647839,0.614258,0.632279,1
3560,375.232,0.463488,0.000223047,-0.000672621,1.30234,-0.0554224,-0.0032977,-0.398257,0.304507,-0.78949,4.02381,-0.0558372,0.000681063,0.0652138,0.614366,0.632427,1
3570,356.716,0.456896,0.000261301,-0.000774454,1.30286,-0.0554212,-0.00330131,-0.391744,0.29786,-0.879894,4.29766,-0.0563333,0.000883554,0.0651317,0.614336,0.632524,1
3580,340.943,0.450064,0.00030058,-0.000883235,1.30341,-0.0554198,-0.00330545,-0.385228,0.330779,-0.860165,4.49594,-0.0570192,0.00138305,0.0648084,0.614208,0.632878,1
3590,329.674,0.443329,0.000333773,-0.000980664,1.304,-0.0554182,-0.00331011,-0.37871,0.297462,-0.877903,4.88128,-0.057096,0.0021267,0.0645829,0.614094,0.633233,1
3600,319.442,0.436619,0.000384105,-0.00106867,1.30464,-0.0554164,-0.00331525,-0.372188,0.428079,-0.659747,5.34829,-0.0565826,0.00275392,0.0643875,0.613962,0.633662,1
3610,319.517,0.429457,0.000427663,-0.00114517,1.30534,-0.0554144,-0.00332079,-0.365663,0.337143,-0.579032,5.69413,-0.0564306,0.00292348,0.0637475,0.613816,0.634091,1
3620,341.138,0.421699,0.000473786,-0.00121399,1.30607,-0.0554121,-0.00332669,-0.359135,0.402958,-0.51712,5.98714,-0.056862,0.00245522,0.062522,0.613677,0.634426,1
3630,369.281,0.413716,0.000528987,-0.00127421,1.30684,-0.0554096,-0.00333291,-0.352602,0.478772,-0.442143,6.29739,-0.0570525,0.00189835,0.0610771,0.613594,0.634558,1
3640,393.829,0.405995,0.000588657,-0.00130775,1.30766,-0.0554068,-0.00333937,-0.346066,0.501525,-0.210063,6.70484,-0.0570339,0.00181609,0.0598933,0.613516,0.634636,1
3650,410.716,0.398717,0.000657135,-0.00131048,1.30853,-0.0554037,-0.00334593,-0.339526,0.557283,0.0500429,7.12218,-0.0571883,0.00182825,0.0591539,0.613367,0.63475,1
3660,413.845,0.391601,0.000726417,-0.00129544,1.30944,-0.0554003,-0.00335245,-0.332981,0.544924,0.192559,7.4651,-0.0574663,0.00142856,0.0585853,0.613278,0.634805,1
3670,408.92,0.384519,0.000792729,-0.00126171,1.31039,-0.0553965,-0.00335885,-0.326431,0.513315,0.348782,7.82671,-0.0576018,0.000802161,0.058059,0.613248,0.634822,1
3680,391.582,0.377444,0.000854948,-0.0012075,1.3114,-0.0553923,-0.00336503,-0.319877,0.481652,0.519794,8.20504,-0.0578056,0.000139945,0.0575437,0.613164,0.634858,1
3690,374.643,0.370476,0.000913205,-0.00113116,1.31245,-0.0553879,-0.00337089,-0.313317,0.446929,0.700623,8.57917,-0.0576586,-0.000997542,0.0571446,0.613164,0.634858,1
3700,366.714,0.363682,0.00096574,-0.00103237,1.31354,-0.0553832,-0.00337631,-0.306752,0.387191,0.875572,8.91195,-0.0568308,-0.00238916,0.0569256,0.613067,0.634879,1
3710,342.285,0.357301,0.00100899,-0.000912577,1.31468,-0.0553783,-0.00338118,-0.300182,0.301243,1.03699,9.18635,-0.0557433,-0.00318647,0.0571193,0.612703,0.634931,1
3720,334.912,0.351103,0.00104092,-0.000772825,1.31584,-0.0553731,-0.0033854,-0.293605,0.209013,1.19808,9.41748,-0.0554744,-0.0029253,0.0574969,0.612539,0.634936,1
3730,333.243,0.344825,0.00106122,-0.000611534,1.31703,-0.0553679,-0.00338887,-0.287023,0.114138,1.38606,9.63006,-0.0558743,-0.00229026,0.0577995,0.612539,0.634936,1
3740,315.704,0.338161,0.00106902,-0.000422963,1.31825,-0.0553625,-0.00339147,-0.280435,0.0136729,1.74611,9.95284,-0.0563567,-0.00153916,0.0577199,0.612522,0.634972,1
3750,310.875,0.33156,0.00105599,-0.000181911,1.31952,-0.0553572,-0.00339301,-0.273841,-0.238375,2.12017,10.2414,-0.0567473,-0.0005228,0.0577039,0.612404,0.635252,1
3760,304.096,0.325462,0.00101833,0.000103178,1.32081,-0.055352,-0.00339322,-0.26724,-0.360009,2.4338,10.4714,-0.057199,0.000672252,0.0581919,0.612364,0.635324,1
3770,319.109,0.320091,0.000976301,0.000431537,1.32214,-0.055347,-0.0033919,-0.260632,-0.317945,2.79976,10.7503,-0.0569399,0.00155635,0.0594168,0.612151,0.63572,1
3780,330.286,0.314617,0.00092704,0.000800989,1.3235,-0.0553423,-0.00338884,-0.254018,-0.506656,3.11881,11.0678,-0.0558636,0.00235166,0.0605463,0.611904,0.636186,1
3790,322.204,0.308439,0.000858393,0.00120544,1.3249,-0.0553378,-0.00338384,-0.247397,-0.594701,3.339,11.298,-0.054717,0.0030123,0.0609749,0.611801,0.636356,1
3800,311.689,0.301287,0.000777115,0.00163581,1.32633,-0.0553337,-0.00337674,-0.240769,-0.706815,3.53485,11.5072,-0.0540719,0.00295598,0.0604487,0.611763,0.636411,1
3810,313.849,0.293737,0.000688226,0.00209404,1.32779,-0.0553301,-0.00336744,-0.234134,-0.697189,3.79469,11.7768,-0.0535338,0.0019876,0.0595491,0.611697,0.636491,1
3820,328.386,0.286108,0.000595615,0.0025804,1.32927,-0.0553268,-0.00335576,-0.227491,-0.777402,3.97693,11.9428,-0.0534319,0.00113122,0.0585754,0.611697,0.636491,1
3830,332.218,0.278971,0.000495,0.0030899,1.33078,-0.0553241,-0.00334159,-0.220841,-0.824815,4.16735,12.09,-0.0543241,0.000827725,0.0580966,0.611697,0.636491,1
3840,316.456,0.272384,0.000390278,0.00362586,1.3323,-0.0553219,-0.00332482,-0.214184,-0.845842,4.54061,12.2861,-0.055735,0.000809327,0.0581692,0.611697,0.636491,1
3850,294.78,0.265995,0.000283574,0.00419682,1.33385,-0.0553202,-0.00330527,-0.207518,-0.85973,4.6633,12.5133,-0.0563723,0.00104438,0.0584396,0.611697,0.636491,1
3860,276.94,0.259029,0.000161849,0.00479243,1.33544,-0.0553191,-0.00328281,-0.200845,-0.999708,4.89368,12.8256,-0.0561779,0.00176436,0.0581337,0.611697,0.636491,1
3870,273.568,0.251705,3.69598e-005,0.00540622,1.33708,-0.0553186,-0.00325732,-0.194164,-0.993795,4.99257,13.2075,-0.0557364,0.0022043,0.0574816,0.611697,0.636491,1
3880,271.381,0.244726,-9.19302e-005,0.00603651,1.33875,-0.0553187,-0.00322871,-0.187474,-1.10475,5.03335,13.5567,-0.0551906,0.00181257,0.0571997,0.611697,0.636491,1
3890,248.836,0.238708,-0.000207767,0.00665409,1.34047,-0.0553195,-0.00319697,-0.180776,-0.822058,4.8523,13.9085,-0.0546531,0.00113295,0.0578918,0.611697,0.636491,1
3900,232.599,0.233143,-0.000307467,0.00725001,1.34222,-0.0553208,-0.0031622,-0.174069,-0.767025,4.64643,13.9788,-0.0546885,0.000856894,0.0590382,0.611697,0.636491,1
3910,243.986,0.227296,-0.000398681,0.00781226,1.34397,-0.0553225,-0.00312453,-0.167354,-0.685941,4.32213,13.9429,-0.0550502,0.000661652,0.0599108,0.611697,0.636491,1
3920,284.987,0.220721,-0.000478174,0.00832893,1.34571,-0.0553247,-0.00308416,-0.16063,-0.581042,3.926,13.8616,-0.0549274,0.000473203,0.0600621,0.611697,0.636491,1
3930,323.867,0.213723,-0.000543047,0.00879377,1.34744,-0.0553273,-0.00304133,-0.153897,-0.449676,3.49877,13.7716,-0.0544494,0.000501685,0.0597954,0.611697,0.636491,1
3940,349.411,0.206697,-0.000589311,0.0092049,1.34915,-0.0553301,-0.00299631,-0.147155,-0.285932,3.07542,13.6442,-0.054441,0.00060114,0.0595085,0.611697,0.636491,1
3950,367.753,0.200014,-0.000614396,0.00956498,1.35085,-0.0553332,-0.00294936,-0.140405,-0.117152,2.68222,13.4278,-0.0546943,0.000564407,0.0595765,0.611697,0.636491,1
3960,365.334,0.193478,-0.000620121,0.00987714,1.35251,-0.0553363,-0.00290074,-0.133647,0.0174551,2.30918,13.1244,-0.0544969,0.00115665,0.0597863,0.611463,0.6367,1
3970,352.174,0.186617,-0.000612083,0.0101436,1.35413,-0.0553393,-0.00285067,-0.12688,0.103355,1.94908,12.8055,-0.0541339,0.00267905,0.0596513,0.610985,0.637151,1
3980,347.683,0.179118,-0.000596135,0.0103653,1.35572,-0.0553424,-0.00279937,-0.120106,0.145064,1.59487,12.5339,-0.0541326,0.00398739,0.0588801,0.610792,0.637348,1
3990,348.6,0.171466,-0.000576866,0.0105431,1.35727,-0.0553453,-0.00274709,-0.113323,0.15874,1.2478,12.2935,-0.0543228,0.00366992,0.0580195,0.610792,0.637348,1
4000,350.814,0.164452,-0.000557668,0.0106787,1.35879,-0.0553481,-0.00269401,-0.106533,0.144339,0.925576,12.0048,-0.0546347,0.0019152,0.0578532,0.610792,0.637348,1
4010,344.86,0.158347,-0.000540416,0.0107764,1.36027,-0.0553509,-0.00264036,-0.0997353,0.137975,0.640705,11.5996,-0.0557195,-0.000204952,0.058593,0.610786,0.637356,1
4020,346.244,0.152492,-0.00052048,0.0108406,1.36169,-0.0553535,-0.00258631,-0.0929304,0.192382,0.394107,11.1037,-0.0572502,-0.00191,0.0595483,0.610731,0.637463,1
4030,342.593,0.145986,-0.000490329,0.0108779,1.36305,-0.0553561,-0.002532,-0.0861185,0.290023,0.215639,10.5834,-0.0581944,-0.00276235,0.0598396,0.610731,0.637463,1
4040,351.806,0.138656,-0.00044915,0.010898,1.36434,-0.0553584,-0.00247755,-0.0793,0.360676,0.116748,10.0729,-0.0583695,-0.00263643,0.0593231,0.610731,0.637463,1
4050,359.552,0.131,-0.000401345,0.010909,1.36557,-0.0553605,-0.00242303,-0.0724752,0.402814,0.0632356,9.57967,-0.0585511,-0.00209767,0.0584852,0.610731,0.637463,1
4060,361.801,0.123559,-0.000347191,0.010915,1.36674,-0.0553624,-0.00236847,-0.0656444,0.466287,0.0377913,9.04919,-0.0585406,-0.00177287,0.0578728,0.610731,0.637463,1
4070,378.804,0.11643,-0.000285896,0.0109204,1.36783,-0.055364,-0.00231389,-0.0588079,0.499791,0.0556086,8.39868,-0.0579694,-0.00138052,0.0575896,0.610731,0.637463,1
4080,396.232,0.109707,-0.000226984,0.0109286,1.36884,-0.0553653,-0.00225926,-0.0519662,0.417684,0.0663314,7.68915,-0.0573773,-0.000749789,0.057712,0.610731,0.637463,1
4090,404.606,0.10308,-0.000186913,0.0109349,1.36976,-0.0553663,-0.0022046,-0.0451197,0.206974,0.0332605,7.03372,-0.0572969,-0.000310508,0.0579249,0.610731,0.637463,1
4100,406.232,0.0963799,-0.000176922,0.0109383,1.3706,-0.0553672,-0.00214992,-0.0382687,-0.04273,0.0378099,6.4408,-0.0568446,-0.000235161,0.0580808,0.610731,0.637463,1
4110,400.463,0.0895922,-0.000192652,0.0109534,1.37137,-0.0553681,-0.0020952,-0.0314138,-0.17694,0.244829,5.82414,-0.0557113,0.000122934,0.0581503,0.610731,0.637463,1
4120,397.719,0.083115,-0.000213132,0.0110056,1.37205,-0.0553691,-0.00204032,-0.0245552,-0.130095,0.592577,5.0236,-0.0547846,0.000586249,0.0585162,0.610731,0.637463,1
4130,415.159,0.0770546,-0.000225286,0.0110986,1.37263,-0.0553702,-0.00198508,-0.0176934,-0.0807019,0.857758,4.14916,-0.0544454,0.000517245,0.059315,0.610731,0.637463,1
4140,407.7,0.0714874,-0.000239216,0.0112066,1.37309,-0.0553714,-0.00192931,-0.0108291,-0.163378,0.828605,3.31869,-0.0540331,-7.12119e-005,0.0606216,0.610731,0.637463,1
4150,363.644,0.0658314,-0.000267316,0.0113081,1.37346,-0.0553727,-0.00187303,-0.00396268,-0.268695,0.829901,2.6118,-0.0536101,-0.000208277,0.0618241,0.610731,0.637463,1
4160,319.983,0.0597392,-0.000299439,0.0114233,1.37374,-0.0553741,-0.00181621,0.00290537,-0.220938,1.04927,1.89888,-0.0534292,2.32526e-005,0.0625846,0.610729,0.63757,1
4170,292.185,0.0531295,-0.000322476,0.0115782,1.37394,-0.0553756,-0.00175872,0.00977462,-0.175166,1.41182,1.20224,-0.0531874,0.000204623,0.0628227,0.610729,0.637624,1
4180,305.646,0.0465556,-0.000356947,0.011757,1.37404,-0.0553773,-0.00170038,0.0166446,-0.442765,1.34941,0.445602,-0.0526885,4.11295e-005,0.0630899,0.610708,0.637834,1
4190,324.973,0.0400789,-0.000445253,0.0119048,1.37405,-0.0553793,-0.00164121,0.0235149,-0.980484,1.01651,-0.289569,-0.0527398,-0.000327229,0.0634852,0.610691,0.637926,1
4200,321.916,0.0336708,-0.000598958,0.0120248,1.37397,-0.0553819,-0.00158139,0.030385,-1.44384,0.991696,-1.06265,-0.0534039,-0.00120634,0.0639956,0.610648,0.638102,1
4210,312.997,0.0269577,-0.000794352,0.0121686,1.3738,-0.0553853,-0.00152092,0.0372544,-1.62876,1.34952,-1.6447,-0.0537817,-0.00207387,0.0641587,0.61063,0.638154,1
4220,305.03,0.0200443,-0.00099898,0.0123775,1.37355,-0.0553898,-0.00145959,0.0441228,-1.62182,2.03721,-2.23382,-0.053846,-0.0023852,0.0640862,0.61063,0.638154,1
4230,302.362,0.0126465,-0.00119294,0.0126829,1.37324,-0.0553953,-0.00139698,0.0509898,-1.43542,2.86139,-2.83286,-0.0545111,-0.00227395,0.0635749,0.61063,0.638154,1
4240,306.316,0.00514928,-0.00134709,0.0131102,1.37284,-0.0554017,-0.00133256,0.0578551,-0.983411,3.99856,-3.57499,-0.0554824,-0.00254141,0.0628598,0.61063,0.638154,1
4250,302.362,0.00300153,-0.0014297,0.0136522,1.37235,-0.0554087,-0.00126568,0.0647181,-0.330341,4.54298,-4.1322,-0.0558914,-0.00264456,0.0620961,0.610612,0.638171,1
4260,267.356,0.00996485,-0.00143722,0.014251,1.3718,-0.0554159,-0.00119595,0.0715785,0.159074,4.99695,-4.70994,-0.0560472,-0.00228668,0.0616936,0.610612,0.638171,1
4270,246.935,0.0172242,-0.00140354,0.0148766,1.37118,-0.055423,-0.00112313,0.0784359,0.328034,5.02083,-5.20902,-0.0565183,-0.00191237,0.0612648,0.610612,0.638171,1
4280,249.599,0.0247394,-0.00136581,0.0155407,1.37049,-0.0554299,-0.00104712,0.0852901,0.263323,5.58975,-5.80179,-0.0566233,-0.00205251,0.0606,0.610612,0.638171,1
4290,263.078,0.0325979,-0.00133139,0.0162282,1.36973,-0.0554366,-0.000967683,0.0921407,0.29917,5.33204,-6.3464,-0.0556779,-0.00199749,0.0595599,0.610612,0.638171,1
4300,276.61,0.0404836,-0.00129885,0.0168911,1.3689,-0.0554432,-0.000884878,0.0989873,0.183577,5.14464,-6.89683,-0.0544358,-0.00159912,0.0585226,0.610612,0.638171,1
4310,283.491,0.0481376,-0.00128897,0.0174798,1.368,-0.0554497,-0.000798909,0.10583,-0.0355575,4.41658,-7.45439,-0.0536713,-0.00140502,0.0577287,0.610612,0.638171,1
4320,304.551,0.0552307,-0.0013105,0.0180605,1.36704,-0.0554562,-0.000710087,0.112667,-0.294994,4.89435,-7.86765,-0.0531665,-0.00166249,0.0574922,0.610338,0.63808,1
4330,325.088,0.0620458,-0.00135131,0.0186723,1.36603,-0.0554628,-0.000618252,0.1195,-0.310995,4.88618,-8.31522,-0.0528504,-0.00166876,0.0575181,0.610319,0.638064,1
4340,354.237,0.0689101,-0.0013811,0.0192842,1.36496,-0.0554696,-0.000523351,0.126327,-0.134008,4.65697,-8.89259,-0.0532519,-0.00125492,0.057457,0.6102,0.637903,1
4350,356.373,0.0760567,-0.00137994,0.0198058,1.3638,-0.0554766,-0.000425582,0.133149,0.128449,3.88138,-9.60955,-0.0540523,-0.000642976,0.0571064,0.61019,0.63788,1
4360,352.105,0.082969,-0.00135072,0.0203003,1.36256,-0.0554834,-0.000325323,0.139965,0.369751,3.95283,-10.1942,-0.054596,5.04636e-005,0.0570019,0.610075,0.637532,1
4370,348.783,0.0893182,-0.00127368,0.0207821,1.36125,-0.05549,-0.000222605,0.146775,0.740475,3.74525,-10.6965,-0.0551114,0.000555748,0.0574609,0.609914,0.637059,1
4380,350.702,0.0953104,-0.00116479,0.0212279,1.35988,-0.0554961,-0.00011755,0.153578,1.04292,3.18177,-11.2722,-0.056121,0.000369459,0.0582705,0.609691,0.636473,1
4390,340.642,0.101578,-0.00101672,0.021563,1.35843,-0.0555016,-1.0526e-005,0.160373,1.24116,2.31569,-11.9118,-0.0570584,-4.28845e-005,0.0588072,0.609526,0.636115,1
4400,308.026,0.108353,-0.000862172,0.0218319,1.3569,-0.0555063,9.79785e-005,0.167162,1.22633,1.98698,-12.5086,-0.0576087,0.000295745,0.0588295,0.609365,0.635819,1
4410,284.063,0.115449,-0.000725378,0.0220777,1.3553,-0.0555102,0.000207748,0.173942,0.911125,2.05884,-13.0243,-0.0582157,0.000977347,0.0585273,0.609148,0.63548,1
4420,290.464,0.122594,-0.000626892,0.0223518,1.35365,-0.0555136,0.000318812,0.180715,0.692361,2.22532,-13.3667,-0.0588553,0.000724703,0.0581668,0.609134,0.63546,1
4430,311.068,0.129637,-0.000553471,0.0226151,1.35195,-0.0555165,0.000431244,0.187479,0.491176,1.95367,-13.6965,-0.0585852,-0.000571842,0.0578817,0.608844,0.635106,1
4440,335.261,0.136694,-0.000511233,0.0228376,1.35022,-0.0555192,0.000544901,0.194234,0.279915,1.52019,-13.9648,-0.0576579,-0.00181246,0.057577,0.608844,0.635106,1
4450,351.502,0.143848,-0.000477597,0.0230045,1.34846,-0.0555216,0.000659522,0.200981,0.281563,1.22168,-14.3059,-0.0571972,-0.00262691,0.0571799,0.608844,0.635106,1
4460,364.448,0.151119,-0.000453524,0.0231453,1.34665,-0.055524,0.000774907,0.207719,0.116011,1.03334,-14.5064,-0.0573697,-0.00288059,0.0566549,0.608844,0.635106,1
4470,364.318,0.15811,-0.000447168,0.0232633,1.34482,-0.0555262,0.000890939,0.214447,-0.0196646,0.846968,-14.7213,-0.0572968,-0.00236701,0.0563806,0.608844,0.635106,1
4480,361.31,0.164705,-0.000450557,0.0233464,1.34298,-0.0555285,0.00100749,0.221167,-0.0383178,0.461528,-14.8063,-0.0570522,-0.00145234,0.0564874,0.608844,0.635106,1
4490,382.915,0.170832,-0.000457532,0.0233817,1.34111,-0.0555307,0.00112432,0.227877,-0.0607453,0.110464,-14.9303,-0.0570464,-0.00114329,0.0570671,0.608844,0.635106,1
4500,398.703,0.176823,-0.000488934,0.0233747,1.33926,-0.0555331,0.00124123,0.234578,-0.259549,-0.226863,-14.8089,-0.0571043,-0.00109291,0.0577779,0.608796,0.634901,1
4510,396.426,0.182937,-0.000526193,0.0233179,1.3374,-0.0555356,0.00135799,0.24127,-0.258698,-0.706129,-14.7228,-0.0569966,-0.000455276,0.0583472,0.609311,0.63429,1
4520,382.31,0.189506,-0.000565976,0.0232165,1.33557,-0.0555383,0.00147434,0.247952,-0.332913,-0.975854,-14.5471,-0.0571697,0.000692102,0.0584552,0.609671,0.633733,1
4530,371.833,0.196117,-0.000609914,0.0230764,1.33376,-0.0555413,0.00159009,0.254625,-0.353954,-1.25027,-14.3927,-0.0572136,0.00128131,0.058516,0.610011,0.633107,1
4540,368.078,0.202423,-0.000654378,0.022909,1.33197,-0.0555444,0.00170506,0.26129,-0.351439,-1.41303,-14.1884,-0.0564834,0.00133496,0.0588692,0.610302,0.632537,1
4550,367.209,0.208101,-0.000704827,0.0227144,1.33022,-0.0555478,0.00181913,0.267945,-0.41038,-1.63726,-13.8427,-0.0553703,0.00116847,0.0598458,0.610637,0.631847,1
4560,373.456,0.213805,-0.000762757,0.0225048,1.32852,-0.0555515,0.00193218,0.274592,-0.447871,-1.66552,-13.4188,-0.0549334,0.000761578,0.060791,0.610974,0.631176,1
4570,375.039,0.220044,-0.000813246,0.0222997,1.32686,-0.0555555,0.00204419,0.28123,-0.35736,-1.59786,-13.1098,-0.0548493,-0.000232059,0.0611992,0.611258,0.63074,1
4580,362.002,0.226897,-0.000856353,0.0220995,1.32525,-0.0555596,0.00215518,0.287861,-0.317428,-1.45402,-12.6124,-0.0544266,-0.00116967,0.0609909,0.611498,0.63047,1
4590,332.229,0.233416,-0.000884464,0.0219311,1.3237,-0.055564,0.00226525,0.294483,-0.152369,-1.31955,-12.1566,-0.0538272,-0.00153501,0.0611043,0.611659,0.630353,1
4600,311.113,0.239329,-0.000890379,0.0217711,1.32221,-0.0555684,0.0023745,0.301098,0.0481757,-1.25699,-11.6959,-0.0535451,-0.00125361,0.0618051,0.611659,0.630353,1
4610,282.544,0.244838,-0.000879013,0.0216074,1.32077,-0.0555729,0.00248295,0.307705,0.118598,-1.35782,-11.2951,-0.0534331,-0.000697453,0.0628973,0.611659,0.630353,1
4620,264.602,0.250682,-0.000862688,0.0214326,1.31938,-0.0555772,0.00259055,0.314306,0.14934,-1.44599,-10.9421,-0.0535099,4.59956e-005,0.0636447,0.611659,0.630353,1
4630,260.632,0.256947,-0.000839549,0.021242,1.31803,-0.0555815,0.00269725,0.320899,0.220382,-1.59521,-10.5936,-0.0540643,0.000335805,0.0639673,0.611659,0.630353,1
4640,259.995,0.26346,-0.000807087,0.0210364,1.31673,-0.0555856,0.00280295,0.327486,0.307837,-1.68893,-10.2555,-0.0547054,-5.73388e-006,0.0640429,0.611659,0.630353,1
4650,278.123,0.269765,-0.000761829,0.0208178,1.31547,-0.0555895,0.00290759,0.334067,0.40681,-1.80366,-9.89981,-0.0548733,-0.000117924,0.0643192,0.611659,0.630353,1
4660,289.94,0.275868,-0.000706232,0.0205852,1.31425,-0.0555932,0.0030111,0.340641,0.484336,-1.9192,-9.58313,-0.0549032,0.000682777,0.0647831,0.611659,0.630353,1
4670,292.687,0.281642,-0.000642241,0.0203364,1.31307,-0.0555966,0.00311341,0.347209,0.524154,-2.04942,-9.26793,-0.0553336,0.00137855,0.0655724,0.61178,0.630241,1
4680,285.261,0.287369,-0.000576049,0.0200747,1.31193,-0.0555996,0.00321445,0.353772,0.537422,-2.12877,-8.96152,-0.055551,0.00116323,0.0664102,0.612011,0.629804,1
4690,263.704,0.293543,-0.00050913,0.0198052,1.31083,-0.0556023,0.00331415,0.360328,0.519738,-2.15935,-8.61053,-0.0552132,0.000891754,0.0667952,0.612145,0.629319,1
4700,251.12,0.30069,-0.000445748,0.0195385,1.30977,-0.0556047,0.0034125,0.36688,0.503476,-2.09759,-8.21815,-0.0551764,0.00120131,0.0661986,0.612169,0.628892,1
4710,250.719,0.308337,-0.000382992,0.0192811,1.30877,-0.0556068,0.00350955,0.373426,0.491287,-2.00474,-7.8114,-0.0561337,0.00120451,0.0650987,0.612205,0.628309,1
4720,252.088,0.315655,-0.000323474,0.0190378,1.30782,-0.0556086,0.00360534,0.379968,0.459572,-1.89077,-7.44021,-0.0571984,0.000669724,0.06433,0.612298,0.627657,1
4730,252.232,0.322152,-0.000269969,0.0188063,1.30691,-0.05561,0.00369994,0.386505,0.38437,-1.80041,-7.11112,-0.0576112,0.000632788,0.0643733,0.612387,0.627318,1
4740,244.677,0.328284,-0.000234369,0.0185819,1.30605,-0.0556113,0.00379341,0.393037,0.191785,-1.8351,-6.53916,-0.0576989,0.00132894,0.0647686,0.612486,0.62707,1
4750,261.725,0.334773,-0.00021558,0.0183612,1.30525,-0.0556124,0.00388576,0.399565,0.107685,-1.68544,-6.20688,-0.0576763,0.00181226,0.0648047,0.612659,0.626757,1
4760,289.785,0.341752,-0.000213921,0.0181501,1.30451,-0.0556135,0.00397704,0.406089,-0.0109007,-1.66405,-5.668,-0.057005,0.00193779,0.0643466,0.612885,0.626456,1
4770,306.216,0.348719,-0.000215555,0.0179414,1.30383,-0.0556145,0.00406727,0.41261,-0.0360191,-1.59932,-5.27198,-0.0560949,0.00215165,0.0638972,0.613046,0.626216,1
4780,308.705,0.355193,-0.000208697,0.0177438,1.3032,-0.0556156,0.00415647,0.419128,0.0488609,-1.49929,-4.95009,-0.0558466,0.00228975,0.0639394,0.613145,0.626094,1
4790,302.614,0.361498,-0.000208207,0.0175651,1.3026,-0.0556166,0.00424474,0.425642,-0.0712388,-1.36,-4.63538,-0.0560089,0.00219866,0.0641507,0.613215,0.626041,1
4800,308.001,0.368258,-0.000217965,0.0174043,1.30203,-0.0556177,0.00433215,0.432154,-0.0872193,-1.21653,-4.44064,-0.0556215,0.00232121,0.0639015,0.613291,0.62601,1
4810,314.368,0.37565,-0.000226192,0.0172586,1.30151,-0.0556188,0.0044188,0.438663,-0.128837,-1.09688,-4.00294,-0.0548692,0.00242329,0.063019,0.613361,0.625965,1
4820,322.585,0.383081,-0.00024557,0.0171283,1.30102,-0.05562,0.00450476,0.445169,-0.181252,-0.987963,-3.79743,-0.0542589,0.00162624,0.0621011,0.613456,0.625889,1
4830,324.195,0.390474,-0.00027141,0.0170115,1.30056,-0.0556213,0.00459011,0.451673,-0.228524,-0.874593,-3.59648,-0.0537667,0.000148421,0.0612289,0.613521,0.625825,1
4840,314.152,0.397783,-0.000291186,0.0169207,1.30014,-0.0556227,0.00467491,0.458175,-0.110724,-0.510988,-3.06923,-0.0534651,-0.000934945,0.0604374,0.613537,0.625805,1
4850,314.914,0.405134,-0.000313372,0.0168768,1.29979,-0.0556242,0.00475939,0.464674,-0.202005,-0.268482,-2.66595,-0.0539518,-0.00141002,0.0595908,0.613537,0.625805,1
4860,311.971,0.412414,-0.000332525,0.0168515,1.29947,-0.0556258,0.00484371,0.471173,-0.111789,-0.148843,-2.39355,-0.0546865,-0.00176953,0.0588129,0.613537,0.625805,1
4870,311.571,0.419847,-0.000345595,0.0168346,1.29918,-0.0556275,0.00492792,0.477669,-0.0986112,-0.121483,-2.24908,-0.0546723,-0.00185696,0.0578782,0.613537,0.625805,1
4880,309.392,0.427479,-0.000366575,0.0168256,1.29892,-0.0556293,0.00501206,0.484164,-0.200648,-0.0420016,-2.00031,-0.0541564,-0.00160388,0.056739,0.613537,0.625805,1
4890,278.867,0.435423,-0.000390768,0.0168216,1.29867,-0.0556312,0.00509618,0.490658,-0.185424,-0.0209897,-1.86624,-0.054331,-0.00145707,0.0552872,0.613537,0.625805,1
4900,258.874,0.443199,-0.000403817,0.0168254,1.29846,-0.0556332,0.00518029,0.497151,-0.0591645,0.0598076,-1.65961,-0.0551641,-0.00166823,0.0540055,0.613537,0.625805,1
4910,265.592,0.450381,-0.000410675,0.0168335,1.29825,-0.0556352,0.00526444,0.503643,-0.0503541,0.0698979,-1.58169,-0.0561214,-0.00145273,0.0533125,0.613555,0.625788,1
4920,295.995,0.456699,-0.000416307,0.0168402,1.29806,-0.0556373,0.00534863,0.510134,-0.0347633,-0.0493012,-1.40227,-0.0569982,-0.000824732,0.0534782,0.613671,0.62569,1
4930,337.755,0.462684,-0.000420508,0.0168346,1.29789,-0.0556394,0.00543282,0.516624,-0.0324364,-0.0394068,-1.33996,-0.0575997,-0.000554933,0.0539828,0.613817,0.625578,1
4940,350.893,0.468635,-0.000424431,0.0168306,1.29773,-0.0556415,0.00551698,0.523113,-0.0303135,-0.0242259,-1.2744,-0.0574144,-0.000907006,0.0545249,0.613929,0.625497,1
4950,376.74,0.474693,-0.000431556,0.0168307,1.29758,-0.0556436,0.00560113,0.529601,-0.106362,0.0397692,-1.08282,-0.0570533,-0.000947232,0.0549551,0.613929,0.625497,1
4960,399.459,0.480559,-0.000444259,0.0168367,1.29744,-0.0556458,0.00568529,0.536088,-0.096583,0.056475,-1.02369,-0.0575766,-0.000820419,0.0555775,0.613929,0.625497,1
4970,382.688,0.486289,-0.000455696,0.0168448,1.29732,-0.0556481,0.0057695,0.542575,-0.0857552,0.0727195,-0.968911,-0.0584,-0.00120425,0.056344,0.613929,0.625497,1
4980,373.759,0.491677,-0.000457291,0.0168592,1.29721,-0.0556503,0.00585376,0.549062,0.00013122,0.124988,-0.800202,-0.0578505,-0.00185683,0.0574503,0.613929,0.625497,1
4990,367.798,0.496847,-0.000458863,0.0168803,1.29713,-0.0556526,0.0059381,0.555548,-0.0808914,0.171614,-0.505926,-0.0561288,-0.00173567,0.0587601,0.613929,0.625497,1
5000,346.472,0.502011,-0.000468686,0.0169014,1.29707,-0.055655,0.00602255,0.562033,-0.0760815,0.164525,-0.483742,-0.0551075,-0.00136654,0.0600765,0.613929,0.625497,1
5010,320.094,0.507575,-0.000469294,0.0169171,1.29702,-0.0556573,0.0061071,0.568518,0.00879346,0.11621,-0.329497,-0.0552362,-0.00160456,0.0610017,0.613929,0.625497,1
5020,305.25,0.513594,-0.000468166,0.0169312,1.29698,-0.0556596,0.00619172,0.575003,0.00854598,0.110611,-0.306429,-0.0555402,-0.00226278,0.0614788,0.613929,0.625497,1
5030,313.717,0.519947,-0.00046721,0.0169449,1.29694,-0.055662,0.00627641,0.581488,0.00681008,0.10729,-0.288609,-0.0556843,-0.00234035,0.0616124,0.613929,0.625497,1
5040,311.612,0.526087,-0.000466737,0.016953,1.29692,-0.0556643,0.00636116,0.587973,0.000469781,0.0135973,-0.143802,-0.055917,-0.00191876,0.061951,0.614178,0.625322,1
5050,296.392,0.53193,-0.000466683,0.0169547,1.2969,-0.0556666,0.00644593,0.594457,0.000596757,0.0145993,-0.136524,-0.0557413,-0.00130643,0.0625836,0.614191,0.625314,1
5060,288.291,0.53768,-0.00046662,0.0169566,1.29688,-0.055669,0.00653071,0.600942,0.0002669,0.0147356,-0.128405,-0.0549978,-0.000752805,0.0633113,0.614191,0.625314,1
5070,274.054,0.543686,-0.000466585,0.0169584,1.29687,-0.0556713,0.0066155,0.607426,0.000426557,0.0148657,-0.120877,-0.0542888,-0.000433426,0.063787,0.61421,0.625304,1
5080,276.219,0.549684,-0.00046653,0.0169603,1.29685,-0.0556736,0.0067003,0.61391,0.00035261,0.0150327,-0.113834,-0.0536915,-0.000800685,0.064281,0.614447,0.625193,1
5090,284.64,0.555305,-0.000466482,0.0169622,1.29684,-0.055676,0.0067851,0.620395,0.000519602,0.0157447,-0.108659,-0.0527033,-0.00126983,0.065156,0.614447,0.625193,1
5100,280.444,0.560577,-0.000466393,0.0169642,1.29682,-0.0556783,0.00686992,0.626879,0.000989268,0.015905,-0.104222,-0.0519529,-0.00124802,0.0663724,0.614447,0.625193,1
5110,271.912,0.566008,-0.000465883,0.0169664,1.29681,-0.0556806,0.00695474,0.633363,0.0064638,0.0181604,-0.0890152,-0.0521054,-0.000873966,0.06742,0.614447,0.625193,1
5120,269.675,0.572193,-0.000465113,0.0169686,1.2968,-0.055683,0.00703958,0.639847,0.00571137,0.0176211,-0.0835467,-0.0524754,-0.000759512,0.0677157,0.614447,0.625193,1
5130,263.308,0.57896,-0.000464919,0.0169712,1.29679,-0.0556853,0.00712443,0.646331,-0.00024891,0.0240408,-0.0597228,-0.0525657,-0.000622235,0.0674314,0.614447,0.625193,1
5140,254.948,0.585679,-0.00046503,0.0169741,1.29679,-0.0556876,0.00720929,0.652815,-0.0013552,0.0227321,-0.0567096,-0.0536111,-0.000357504,0.0671882,0.614447,0.625193,1
5150,260.005,0.592276,-0.000465216,0.0169769,1.29678,-0.0556899,0.00729417,0.659299,-0.0015783,0.0212688,-0.0538075,-0.0557902,-0.000334154,0.0670721,0.614447,0.625193,1
5160,251.697,0.598997,-0.000465417,0.0169795,1.29677,-0.0556923,0.00737906,0.665783,-0.00152645,0.019907,-0.0508245,-0.0572874,-0.000864219,0.0668442,0.614743,0.624948,1
5170,239.163,0.605723,-0.000465587,0.0169819,1.29677,-0.0556946,0.00746397,0.672266,-0.00129083,0.0181287,-0.0469792,-0.0572426,-0.00152956,0.0666117,0.615013,0.624694,1
5180,241.291,0.612356,-0.000465756,0.016984,1.29676,-0.0556969,0.00754888,0.67875,-0.00138002,0.0163883,-0.0436094,-0.0572123,-0.002161,0.0664733,0.615013,0.624694,1
5190,253.625,0.618944,-0.000465932,0.016986,1.29676,-0.0556993,0.00763381,0.685234,-0.0015011,0.0148323,-0.0404469,-0.0578464,-0.00292314,0.0663839,0.615013,0.624694,1
5200,258.157,0.62567,-0.000466134,0.0169877,1.29675,-0.0557016,0.00771874,0.691718,-0.00163697,0.0137019,-0.0381053,-0.0582033,-0.00356015,0.0661544,0.615013,0.624694,1
5210,252.763,0.63255,-0.000466523,0.0169893,1.29675,-0.0557039,0.00780368,0.698201,-0.00585132,0.0107403,-0.0254594,-0.0580065,-0.00362797,0.065759,0.615013,0.624694,1
5220,251.669,0.639579,-0.000466734,0.0169904,1.29674,-0.0557063,0.00788863,0.704685,-0.000278027,0.00770124,-0.0143695,-0.0580521,-0.00332566,0.0652091,0.615013,0.624694,1
5230,274.915,0.646615,-0.000466762,0.0169913,1.29674,-0.0557086,0.00797359,0.711169,-0.00019036,0.00699536,-0.0130208,-0.05808,-0.00309546,0.0646533,0.615013,0.624694,1
5240,309.797,0.653564,-0.000466788,0.0169921,1.29674,-0.0557109,0.00805855,0.717653,-0.000245561,0.00629786,-0.0118471,-0.0576595,-0.00256492,0.0641777,0.615136,0.624688,1
5250,311.016,0.660393,-0.000466823,0.0169929,1.29674,-0.0557133,0.00814351,0.724136,-0.000294985,0.00553858,-0.010668,-0.0572813,-0.00156918,0.0638167,0.615544,0.624725,1
5260,278.018,0.667408,-0.000466846,0.0169933,1.29674,-0.0557156,0.00822847,0.73062,0,0,0,-0.0573094,-0.00071946,0.0632736,0.6157,0.624788,1
5270,265.254,0.674716,-0.000466846,0.0169933,1.29674,-0.0557179,0.00831344,0.737104,0,0,0,-0.0568998,-0.000504723,0.0624465,0.6157,0.624788,1
5280,297.412,0.682391,-0.000466846,0.0169933,1.29674,-0.0557203,0.00839841,0.743587,0,0,0,-0.0561184,-0.000272823,0.0612516,0.615705,0.624823,1
5290,327.201,0.69026,-0.000466846,0.0169933,1.29674,-0.0557226,0.00848337,0.750071,0,0,0,-0.0560368,1.99978e-005,0.0598632,0.61574,0.624825,1
5300,338.078,0.698125,-0.000466846,0.0169933,1.29674,-0.0557249,0.00856834,0.756555,0,0,0,-0.0566493,-2.24822e-005,0.0584831,0.616299,0.624796,1
5310,346.626,0.705504,-0.000466846,0.0169933,1.29674,-0.0557273,0.00865331,0.763038,0,0,0,-0.056698,-0.000540454,0.0575953,0.616657,0.624923,1
5320,326.564,0.712275,-0.000466846,0.0169933,1.29674,-0.0557296,0.00873827,0.769522,0,0,0,-0.0561446,-0.00100044,0.0573138,0.61679,0.62509,1
5330,303.768,0.71879,-0.000466846,0.0169933,1.29674,-0.0557319,0.00882324,0.776006,0,0,0,-0.0558171,-0.00168302,0.0572923,0.616813,0.625273,1
5340,303.337,0.725807,-0.000466846,0.0169933,1.29674,-0.0557343,0.00890821,0.78249,0,0,0,-0.0556185,-0.00247167,0.0567719,0.616809,0.625403,1
5350,316.964,0.733397,-0.000466846,0.0169933,1.29674,-0.0557366,0.00899317,0.788973,0,0,0,-0.0552318,-0.00280828,0.0556712,0.616818,0.62542,1
5360,317.445,0.741009,-0.000466846,0.0169933,1.29674,-0.0557389,0.00907814,0.795457,0,0,0,-0.0553112,-0.00230057,0.0545353,0.616924,0.625558,1
5370,312.332,0.747959,-0.000466846,0.0169933,1.29674,-0.0557413,0.00916311,0.801941,0,0,0,-0.0559856,-0.00185727,0.0540631,0.617077,0.625758,1
5380,304.113,0.754319,-0.000466846,0.0169933,1.29674,-0.0557436,0.00924807,0.808424,0,0,0,-0.0561268,-0.00169346,0.054185,0.61724,0.62595,1
5390,314.74,0.760477,-0.000466846,0.0169933,1.29674,-0.0557459,0.00933304,0.814908,0,0,0,-0.0555285,-0.00159628,0.0545092,0.617488,0.62624,1
5400,332.932,0.766767,-0.000466846,0.0169933,1.29674,-0.0557483,0.00941801,0.821392,0,0,0,-0.0552496,-0.00148714,0.0547027,0.617761,0.626583,1
5410,322.788,0.77304,-0.000466846,0.0169933,1.29674,-0.0557506,0.00950297,0.827875,0,0,0,-0.0554739,-0.00200077,0.0549207,0.617898,0.626766,1
5420,314.417,0.779163,-0.000466846,0.0169933,1.29674,-0.0557529,0.00958794,0.834359,0,0,0,-0.0553687,-0.00282069,0.055295,0.618086,0.627033,1
5430,319.357,0.785183,-0.000466846,0.0169933,1.29674,-0.0557553,0.00967291,0.840843,0,0,0,-0.055242,-0.00324625,0.0557663,0.61835,0.627428,1
5440,331.264,0.791415,-0.000466846,0.0169933,1.29674,-0.0557576,0.00975787,0.847326,0,0,0,-0.0557992,-0.00282432,0.0560119,0.618636,0.627879,1
5450,325.11,0.797856,-0.000466846,0.0169933,1.29674,-0.0557599,0.00984284,0.85381,0,0,0,-0.0564217,-0.00197738,0.0560421,0.618874,0.628271,1
5460,339.365,0.804358,-0.000466846,0.0169933,1.29674,-0.0557623,0.00992781,0.860294,0,0,0,-0.0563355,-0.000958119,0.0560099,0.618988,0.62848,1
5470,359.777,0.810794,-0.000466846,0.0169933,1.29674,-0.0557646,0.0100128,0.866778,0,0,0,-0.0563258,-4.9274e-005,0.0560466,0.619027,0.628571,1
5480,348.825,0.81702,-0.000466846,0.0169933,1.29674,-0.0557669,0.0100977,0.873261,0,0,0,-0.0568775,0.000667408,0.0562961,0.619061,0.628679,1
5490,343.475,0.822809,-0.000466846,0.0169933,1.29674,-0.0557693,0.0101827,0.879745,0,0,0,-0.0572348,0.00118078,0.0569862,0.619167,0.629013,1
5500,338.13,0.828387,-0.000466846,0.0169933,1.29674,-0.0557716,0.0102677,0.886229,0,0,0,-0.056925,0.00178861,0.0578859,0.619317,0.629465,1
5510,328.724,0.834167,-0.000466846,0.0169933,1.29674,-0.0557739,0.0103526,0.892712,0,0,0,-0.0566267,0.0023607,0.0585838,0.619686,0.629761,1
5520,298.366,0.840236,-0.000466846,0.0169933,1.29674,-0.0557763,0.0104376,0.899196,0,0,0,-0.0563309,0.00252553,0.0589973,0.619686,0.629761,1
5530,271.628,0.846345,-0.000466846,0.0169933,1.29674,-0.0557786,0.0105226,0.90568,0,0,0,-0.0558769,0.00216254,0.0593759,0.619492,0.629712,1
5540,263.528,0.852265,-0.000466846,0.0169933,1.29674,-0.0557809,0.0106075,0.912163,0,0,0,-0.0557874,0.00158966,0.0599459,0.619256,0.629613,1
5550,268.678,0.857962,-0.000466846,0.0169933,1.29674,-0.0557833,0.0106925,0.918647,0,0,0,-0.0565356,0.000877698,0.0607413,0.619049,0.629518,1
5560,278.659,0.863692,-0.000466846,0.0169933,1.29674,-0.0557856,0.0107775,0.925131,0,0,0,-0.0569738,0.000260771,0.0615036,0.618879,0.62948,1
5570,281.19,0.869473,-0.000466846,0.0169933,1.29674,-0.055788,0.0108624,0.931614,0,0,0,-0.0564505,0.000375565,0.0622045,0.618667,0.629446,1
5580,271.171,0.874934,-0.000466846,0.0169933,1.29674,-0.0557903,0.0109474,0.938098,0,0,0,-0.0557648,0.00108898,0.0632196,0.618396,0.629424,1
5590,253.165,0.879999,-0.000466846,0.0169933,1.29674,-0.0557926,0.0110324,0.944582,0,0,0,-0.0557349,0.00143624,0.0646352,0.617974,0.629366,1
5600,227.825,0.885196,-0.000466846,0.0169933,1.29674,-0.055795,0.0111173,0.951066,0,0,0,-0.0557732,0.00106743,0.0659265,0.617397,0.629268,1
5610,242.636,0.891184,-0.000466846,0.0169933,1.29674,-0.0557973,0.0112023,0.957549,0,0,0,-0.0557686,0.000643598,0.0664276,0.616869,0.629158,1
5620,260.331,0.897724,-0.000466846,0.0169933,1.29674,-0.0557996,0.0112873,0.964033,0,0,0,-0.0561695,0.000468031,0.0663739,0.616374,0.629037,1
5630,261.688,0.904272,-0.000466846,0.0169933,1.29674,-0.055802,0.0113722,0.970517,0,0,0,-0.056797,0.000347703,0.0663127,0.6159,0.628901,1
5640,250.968,0.910572,-0.000466846,0.0169933,1.29674,-0.0558043,0.0114572,0.977,0,0,0,-0.0568991,0.000182383,0.0664983,0.615438,0.628787,1
5650,251.716,0.916987,-0.000466846,0.0169933,1.29674,-0.0558066,0.0115422,0.983484,0,0,0,-0.0568468,0.000172218,0.0665686,0.615,0.628694,1
5660,251.15,0.923649,-0.000466846,0.0169933,1.29674,-0.055809,0.0116271,0.989968,0,0,0,-0.0571907,8.33123e-005,0.0663915,0.614608,0.628624,1
5670,265.707,0.930724,-0.000466846,0.0169933,1.29674,-0.0558113,0.0117121,0.996451,0,0,0,-0.0574752,-0.000143819,0.065804,0.614276,0.628575,1
5680,269.86,1.06226,-0.000466846,0.0169933,1.29674,-0.0558136,0.0117971,-0.997065,0,0,0,-0.0571866,-0.000324335,0.0651203,0.61394,0.628538,1
5690,268.25,1.05518,-0.000466846,0.0169933,1.29674,-0.055816,0.011882,-0.990581,0,0,0,-0.0570993,-0.000308702,0.0645314,0.61366,0.628504,1
5700,290.749,1.04845,-0.000466846,0.0169933,1.29674,-0.0558183,0.011967,-0.984098,0,0,0,-0.0575484,-0.000469505,0.0642789,0.613413,0.628461,1
5710,296.54,1.04187,-0.000466846,0.0169933,1.29674,-0.0558206,0.012052,-0.977614,0,0,0,-0.0575293,-0.000521047,0.064176,0.61326,0.628428,1
5720,287.833,1.03517,-0.000466846,0.0169933,1.29674,-0.055823,0.0121369,-0.97113,0,0,0,-0.0566881,-0.000198904,0.0639678,0.613052,0.628368,1
5730,280.308,1.02799,-0.000466846,0.0169933,1.29674,-0.0558253,0.0122219,-0.964646,0,0,0,-0.0561126,9.84708e-005,0.0632717,0.612861,0.628299,1
5740,278.112,1.02053,-0.000466846,0.0169933,1.29674,-0.0558276,0.0123069,-0.958163,0,0,0,-0.0560309,-0.00038652,0.0622926,0.612683,0.628223,1
5750,282.728,1.01303,-0.000466846,0.0169933,1.29674,-0.05583,0.0123918,-0.951679,0,0,0,-0.0553966,-0.00115045,0.0612637,0.612661,0.628212,1
5760,296.844,1.00575,-0.000466846,0.0169933,1.29674,-0.0558323,0.0124768,-0.945195,0,0,0,-0.0540817,-0.00156214,0.0604568,0.612498,0.628141,1
5770,320.606,0.998459,-0.000466846,0.0169933,1.29674,-0.0558346,0.0125618,-0.938712,0,0,0,-0.0531134,-0.00142102,0.0596454,0.612346,0.628082,1
5780,341.264,0.991141,-0.000466846,0.0169933,1.29674,-0.055837,0.0126467,-0.932228,0,0,0,-0.0529536,-0.00118974,0.058812,0.612346,0.628082,1
5790,354.975,0.983878,-0.000466846,0.0169933,1.29674,-0.0558393,0.0127317,-0.925744,0,0,0,-0.0533608,-0.000916589,0.0580357,0.612346,0.628082,1
5800,330.074,0.976998,-0.000466846,0.0169933,1.29674,-0.0558416,0.0128167,-0.919261,0,0,0,-0.054454,-0.000920548,0.0576403,0.612346,0.628082,1
5810,307.949,0.97028,-0.000466846,0.0169933,1.29674,-0.055844,0.0129016,-0.912777,0,0,0,-0.0556774,-0.00131322,0.0573992,0.612346,0.628082,1
5820,322.03,0.963611,-0.000466846,0.0169933,1.29674,-0.0558463,0.0129866,-0.906293,0,0,0,-0.0559865,-0.0019467,0.0572015,0.612346,0.628082,1
5830,336.469,0.956876,-0.000466846,0.0169933,1.29674,-0.0558486,0.0130716,-0.89981,0,0,0,-0.0555519,-0.00204,0.0569469,0.612346,0.628082,1
5840,317.464,0.950282,-0.000466846,0.0169933,1.29674,-0.055851,0.0131565,-0.893326,0,0,0,-0.0556673,-0.00154674,0.0568423,0.612223,0.628059,1
5850,293.821,0.943772,-0.000466846,0.0169933,1.29674,-0.0558533,0.0132415,-0.886842,0,0,0,-0.0560853,-0.000761947,0.0568261,0.612199,0.628057,1
5860,290.909,0.937409,-0.000466846,0.0169933,1.29674,-0.0558556,0.0133265,-0.880358,0,0,0,-0.055941,-0.000101467,0.0569548,0.612199,0.628057,1
5870,285.661,0.9312,-0.000466846,0.0169933,1.29674,-0.055858,0.0134114,-0.873875,0,0,0,-0.0555554,0.000401758,0.0572343,0.612041,0.62806,1
5880,278.277,0.925182,-0.000466846,0.0169933,1.29674,-0.0558603,0.0134964,-0.867391,0,0,0,-0.0556866,0.000459386,0.057699,0.611638,0.62808,1
5890,259.232,0.919182,-0.000466846,0.0169933,1.29674,-0.0558626,0.0135814,-0.860907,0,0,0,-0.0554302,0.000236307,0.0581776,0.611295,0.628106,1
5900,272.703,0.913139,-0.000466846,0.0169933,1.29674,-0.055865,0.0136663,-0.854424,0,0,0,-0.0542525,3.34478e-005,0.058612,0.610979,0.628123,1
5910,295.333,0.906983,-0.000466846,0.0169933,1.29674,-0.0558673,0.0137513,-0.84794,0,0,0,-0.0532824,-9.16667e-005,0.0589335,0.610596,0.628151,1
5920,322.33,0.900811,-0.000466846,0.0169933,1.29674,-0.0558696,0.0138363,-0.841456,0,0,0,-0.0536138,-0.000632571,0.0592355,0.61033,0.628181,1
5930,334.985,0.894628,-0.000466846,0.0169933,1.29674,-0.055872,0.0139212,-0.834973,0,0,0,-0.0544279,-0.00129457,0.0595251,0.610126,0.62821,1
5940,340.425,0.888557,-0.000466846,0.0169933,1.29674,-0.0558743,0.0140062,-0.828489,0,0,0,-0.0548742,-0.00143282,0.0599328,0.609822,0.628264,1
5950,341.707,0.882453,-0.000466846,0.0169933,1.29674,-0.0558767,0.0140912,-0.822005,0,0,0,-0.0548296,-0.00102577,0.060318,0.609822,0.628264,1
5960,341.184,0.876272,-0.000466846,0.0169933,1.29674,-0.055879,0.0141761,-0.815522,0,0,0,-0.0545307,-0.000664032,0.0606242,0.609822,0.628264,1
5970,341.679,0.870061,-0.000466846,0.0169933,1.29674,-0.0558813,0.0142611,-0.809038,0,0,0,-0.0541583,-0.00035051,0.0608982,0.609822,0.628264,1
5980,336.97,0.863856,-0.000466846,0.0169933,1.29674,-0.0558837,0.0143461,-0.802554,0,0,0,-0.054364,-0.000139761,0.0611787,0.609822,0.628264,1
5990,312.391,0.857631,-0.000466846,0.0169933,1.29674,-0.055886,0.014431,-0.796071,0,0,0,-0.0549843,-0.000465688,0.0614307,0.609822,0.628264,1
6000,273.828,0.851236,-0.000466846,0.0169933,1.29674,-0.0558883,0.014516,-0.789587,0,0,0,-0.0550119,-0.0013207,0.061501,0.60959,0.628371,1
6010,247.415,0.844566,-0.000466846,0.0169933,1.29674,-0.0558907,0.014601,-0.783103,0,0,0,-0.0543352,-0.00200255,0.0612985,0.609521,0.628411,1
6020,233.217,0.837703,-0.000466846,0.0169933,1.29674,-0.055893,0.0146859,-0.776619,0,0,0,-0.0544176,-0.00211907,0.0609132,0.609521,0.628411,1
6030,224.052,0.831259,-0.000466846,0.0169933,1.29674,-0.0558953,0.0147709,-0.770136,0,0,0,-0.0556092,-0.0020344,0.0609537,0.609521,0.628411,1
6040,204.298,0.825626,-0.000466846,0.0169933,1.29674,-0.0558977,0.0148559,-0.763652,0,0,0,-0.0566778,-0.00202019,0.0618007,0.609521,0.628411,1
6050,204.805,0.820622,-0.000466846,0.0169933,1.29674,-0.0559,0.0149408,-0.757168,0,0,0,-0.0571077,-0.00216471,0.0632742,0.609521,0.628411,1
6060,230.578,0.815361,-0.000466846,0.0169933,1.29674,-0.0559023,0.0150258,-0.750685,0,0,0,-0.0574634,-0.00233295,0.0644896,0.609521,0.628411,1
6070,234.544,0.809412,-0.000466846,0.0169933,1.29674,-0.0559047,0.0151108,-0.744201,0,0,0,-0.0573843,-0.00244977,0.0650195,0.609383,0.628513,1
6080,237.745,0.802864,-0.000466846,0.0169933,1.29674,-0.055907,0.0151957,-0.737717,0,0,0,-0.0564423,-0.00211859,0.0649596,0.608877,0.628875,1
6090,251.147,0.796233,-0.000466846,0.0169933,1.29674,-0.0559093,0.0152807,-0.731234,0,0,0,-0.0557123,-0.00168,0.064819,0.608573,0.629085,1
6100,262.93,0.789676,-0.000466846,0.0169933,1.29674,-0.0559117,0.0153657,-0.72475,0,0,0,-0.0560941,-0.00172622,0.0647412,0.60846,0.629171,1
6110,278.665,0.783028,-0.000466846,0.0169933,1.29674,-0.055914,0.0154506,-0.718266,0,0,0,-0.0566671,-0.00254634,0.0645551,0.608362,0.629255,1
6120,282.365,0.776043,-0.000466846,0.0169933,1.29674,-0.0559163,0.0155356,-0.711783,0,0,0,-0.0564882,-0.00341007,0.0640293,0.608101,0.629487,1
6130,266.165,0.769033,-0.000466846,0.0169933,1.29674,-0.0559187,0.0156206,-0.705299,0,0,0,-0.0561286,-0.00402924,0.0634833,0.607747,0.629811,1
6140,264.599,0.762246,-0.000466846,0.0169933,1.29674,-0.055921,0.0157055,-0.698815,0,0,0,-0.0560885,-0.00424645,0.0631701,0.607549,0.629998,1
6150,255.009,0.755975,-0.000466846,0.0169933,1.29674,-0.0559233,0.0157905,-0.692331,0,0,0,-0.0559876,-0.00399701,0.0633845,0.607544,0.630004,1
6160,253.666,0.750127,-0.000466846,0.0169933,1.29674,-0.0559257,0.0158755,-0.685848,0,0,0,-0.0555779,-0.00303262,0.0640408,0.607544,0.630004,1
6170,261.901,0.744472,-0.000466846,0.0169933,1.29674,-0.055928,0.0159604,-0.679364,0,0,0,-0.0551692,-0.00229751,0.0648835,0.607544,0.630004,1
6180,279.35,0.738523,-0.000466846,0.0169933,1.29674,-0.0559303,0.0160454,-0.67288,0,0,0,-0.05459,-0.00238256,0.0654119,0.607544,0.630004,1
6190,269.138,0.732261,-0.000466846,0.0169933,1.29674,-0.0559327,0.0161304,-0.666397,0,0,0,-0.0538404,-0.00285106,0.0656153,0.607428,0.630148,1
6200,277.857,0.725785,-0.000466846,0.0169933,1.29674,-0.055935,0.0162153,-0.659913,0,0,0,-0.0534758,-0.00251038,0.0656266,0.607428,0.630148,1
6210,302.2,0.719368,-0.000466846,0.0169933,1.29674,-0.0559373,0.0163003,-0.653429,0,0,0,-0.053868,-0.00152419,0.0657146,0.607428,0.630148,1
6220,312.55,0.712884,-0.000466846,0.0169933,1.29674,-0.0559397,0.0163853,-0.646946,0,0,0,-0.0542758,-0.000422212,0.0657388,0.607428,0.630148,1
6230,299.85,0.706303,-0.000466846,0.0169933,1.29674,-0.055942,0.0164702,-0.640462,0,0,0,-0.0542921,0.000104829,0.0656499,0.607428,0.630148,1
6240,287.382,0.699337,-0.000466846,0.0169933,1.29674,-0.0559443,0.0165552,-0.633978,0,0,0,-0.0541759,-9.18531e-005,0.0651588,0.607256,0.630326,1
6250,291.703,0.692162,-0.000466846,0.0169933,1.29674,-0.0559467,0.0166402,-0.627495,0,0,0,-0.0541992,-0.00100532,0.0644398,0.607256,0.630326,1
6260,300.36,0.684721,-0.000466846,0.0169933,1.29674,-0.055949,0.0167251,-0.621011,0,0,0,-0.053996,-0.00163915,0.0634607,0.607256,0.630326,1
6270,325.799,0.677034,-0.000466846,0.0169933,1.29674,-0.0559513,0.0168101,-0.614527,0,0,0,-0.0538234,-0.00153213,0.0622554,0.60716,0.630443,1
6280,318.353,0.669188,-0.000466846,0.0169933,1.29674,-0.0559537,0.0168951,-0.608043,0,0,0,-0.0539849,-0.00115246,0.0608977,0.606878,0.630799,1
6290,306.103,0.661879,-0.000466846,0.0169933,1.29674,-0.055956,0.01698,-0.60156,0,0,0,-0.0542565,-0.00129744,0.0600645,0.606669,0.631069,1
6300,313.111,0.655451,-0.000466846,0.0169933,1.29674,-0.0559583,0.017065,-0.595076,0,0,0,-0.0541392,-0.00167486,0.0601045,0.606597,0.631163,1
6310,305.743,0.649495,-0.000466846,0.0169933,1.29674,-0.0559607,0.01715,-0.588592,0,0,0,-0.0542497,-0.00201749,0.0606172,0.606597,0.631163,1
6320,292.789,0.643009,-0.000466846,0.0169933,1.29674,-0.055963,0.0172349,-0.582109,0,0,0,-0.0550996,-0.00225201,0.0606041,0.606597,0.631163,1
6330,282.641,0.635909,-0.000466846,0.0169933,1.29674,-0.0559654,0.0173199,-0.575625,0,0,0,-0.0561766,-0.00220722,0.0599839,0.606597,0.631163,1
6340,295.411,0.62901,-0.000466846,0.0169933,1.29674,-0.0559677,0.0174049,-0.569141,0,0,0,-0.0564371,-0.00148269,0.0595851,0.606597,0.631163,1
6350,304.235,0.622942,-0.000466846,0.0169933,1.29674,-0.05597,0.0174898,-0.562658,0,0,0,-0.0559547,-0.000488954,0.0600252,0.606597,0.631163,1
6360,327.889,0.617181,-0.000466846,0.0169933,1.29674,-0.0559724,0.0175748,-0.556174,0,0,0,-0.0552219,-0.00014547,0.0607517,0.606597,0.631163,1
6370,335.98,0.61082,-0.000466846,0.0169933,1.29674,-0.0559747,0.0176598,-0.54969,0,0,0,-0.0546765,-0.000387507,0.0608613,0.606597,0.631163,1
6380,340.752,0.603785,-0.000466846,0.0169933,1.29674,-0.055977,0.0177447,-0.543207,0,0,0,-0.054608,-0.000412915,0.0603037,0.606597,0.631163,1
6390,338.754,0.596823,-0.000466846,0.0169933,1.29674,-0.0559794,0.0178297,-0.536723,0,0,0,-0.0551215,-0.000114281,0.0598294,0.606597,0.631163,1
6400,338.52,0.590668,-0.000466846,0.0169933,1.29674,-0.0559817,0.0179147,-0.530239,0,0,0,-0.0552994,1.32906e-005,0.0601571,0.606577,0.631203,1
6410,344.319,0.585222,-0.000466803,0.0169997,1.29675,-0.055984,0.0179996,-0.523755,0.00137927,0.147988,0.261438,-0.0545032,0.000108056,0.0611916,0.606577,0.631203,1
6420,335.026,0.579821,-0.000466415,0.017019,1.29678,-0.0559864,0.0180847,-0.517272,0.00524526,0.160527,0.278209,-0.0536507,0.000422222,0.0622754,0.606535,0.631317,1
6430,321.698,0.573766,-0.000455526,0.0170419,1.29683,-0.0559887,0.0181698,-0.510788,0.0903449,0.282688,0.557057,-0.0540092,0.000887851,0.0627142,0.606459,0.631547,1
6440,289.323,0.566935,-0.0004393,0.0170894,1.29692,-0.0559909,0.0182552,-0.504303,0.146438,0.412101,0.739448,-0.0550387,0.00128187,0.0623768,0.606368,0.631853,1
6450,259.487,0.559741,-0.000419537,0.0171434,1.29701,-0.0559931,0.0183407,-0.497818,0.168879,0.452037,0.799632,-0.055331,0.00185046,0.0616793,0.60627,0.632199,1
6460,239.916,0.552987,-0.000398064,0.017205,1.29713,-0.0559951,0.0184266,-0.491333,0.168497,0.550701,1.12749,-0.0547371,0.00232858,0.0614178,0.606188,0.632522,1
6470,220.985,0.547073,-0.000368155,0.0172753,1.29729,-0.055997,0.0185128,-0.484847,0.301377,0.574665,1.33312,-0.0542434,0.00244191,0.0619875,0.606145,0.632703,1
6480,215.364,0.541653,-0.000328164,0.0173504,1.29746,-0.0559988,0.0185994,-0.47836,0.338481,0.62567,1.41929,-0.0545272,0.00207205,0.0630389,0.606145,0.632703,1
6490,218.437,0.535773,-0.000282636,0.0174341,1.29764,-0.0560003,0.0186863,-0.471872,0.475192,0.850863,1.74155,-0.0553259,0.00152781,0.0636253,0.606145,0.632703,1
6500,208.498,0.529099,-0.000220016,0.0175449,1.29787,-0.0560016,0.0187738,-0.465384,0.525105,0.919787,1.84964,-0.0561652,0.000574885,0.0634018,0.606144,0.632716,1
6510,200.9,0.522342,-0.000150871,0.0176648,1.29811,-0.0560025,0.0188618,-0.458894,0.576035,0.997414,1.97859,-0.0565853,-0.000515949,0.0630888,0.606427,0.632712,1
6520,226.677,0.516275,-6.05039e-005,0.0177976,1.29837,-0.056003,0.0189504,-0.452403,0.752122,1.10051,2.18656,-0.0567272,-0.00129722,0.063475,0.606871,0.632573,1
6530,240.306,0.510639,2.64248e-005,0.0179379,1.29867,-0.0560031,0.0190398,-0.44591,0.685884,1.15067,2.432,-0.057097,-0.00142043,0.0643179,0.607397,0.632306,1
6540,231.597,0.50468,0.000105094,0.0180948,1.29899,-0.0560028,0.0191298,-0.439416,0.618791,1.31304,2.64977,-0.0579515,-0.00141215,0.0648422,0.607633,0.63211,1
6550,236.096,0.497607,0.000184393,0.0182637,1.29933,-0.056002,0.0192207,-0.43292,0.648524,1.38556,2.7761,-0.0586167,-0.00127686,0.0642575,0.607793,0.631911,1
6560,252.695,0.489899,0.000263677,0.0184445,1.29969,-0.0560009,0.0193125,-0.426423,0.619775,1.6295,3.13272,-0.0587346,-0.00105066,0.0630457,0.608,0.631611,1
6570,255.627,0.482523,0.000338307,0.0186489,1.3001,-0.0559994,0.0194052,-0.419923,0.561948,1.62668,3.39552,-0.058651,-0.000829283,0.0621684,0.608365,0.631077,1
6580,250.892,0.475883,0.000415806,0.0188478,1.30054,-0.0559975,0.019499,-0.413421,0.625786,1.60755,3.66565,-0.0585664,-0.000909763,0.0620166,0.608778,0.630476,1
6590,242.876,0.469209,0.000481371,0.0190636,1.30104,-0.0559953,0.0195937,-0.406918,0.513223,1.77738,4.13444,-0.0578521,-0.000760792,0.0618456,0.609054,0.630126,1
6600,258.259,0.462056,0.000537887,0.0192755,1.30159,-0.0559927,0.0196896,-0.400411,0.408774,1.68165,4.54654,-0.0567705,-0.000310081,0.0612117,0.609086,0.630093,1
6610,269.266,0.454819,0.000582232,0.0194806,1.30218,-0.0559899,0.0197865,-0.393902,0.307024,1.62767,4.85077,-0.0562908,-9.45486e-005,0.0604822,0.609086,0.630093,1
6620,280.527,0.448108,0.000615879,0.019688,1.3028,-0.0559869,0.0198844,-0.387389,0.2304,1.68893,5.05096,-0.0565927,-0.000737289,0.0602441,0.609086,0.630093,1
6630,269.767,0.441848,0.000629519,0.0199006,1.30346,-0.0559838,0.0199834,-0.380873,0.00485915,1.71326,5.38536,-0.0563666,-0.00143391,0.0604549,0.609086,0.630093,1
6640,260.953,0.435823,0.000636655,0.0201155,1.30416,-0.0559806,0.0200834,-0.374354,0.0447296,1.74298,5.72753,-0.0551824,-0.00156056,0.0609301,0.609086,0.630093,1
6650,270.826,0.429807,0.000641863,0.0203327,1.30489,-0.0559774,0.0201845,-0.367832,0.0494251,1.71625,6.08714,-0.0537962,-0.00123478,0.0614352,0.609086,0.630093,1
6660,276.211,0.423844,0.000642813,0.0205495,1.30568,-0.0559742,0.0202867,-0.361305,-0.0336751,1.67412,6.48676,-0.0530624,-0.000900939,0.0619989,0.609086,0.630093,1
6670,280.387,0.4177,0.000633424,0.0207614,1.30651,-0.055971,0.02039,-0.354775,-0.116836,1.70938,6.75592,-0.0527383,-0.000408907,0.0623948,0.609086,0.630093,1
6680,283.875,0.411299,0.00061324,0.0209771,1.30737,-0.0559679,0.0204944,-0.34824,-0.207703,1.7329,7.03629,-0.0524489,8.69165e-005,0.0625369,0.609086,0.630093,1
6690,301.162,0.404656,0.000582379,0.0211897,1.30827,-0.0559649,0.0205998,-0.341701,-0.276788,1.62199,7.40255,-0.0518187,0.00045414,0.0624316,0.609176,0.629946,1
6700,297.21,0.398045,0.000541704,0.0213934,1.30921,-0.0559621,0.0207063,-0.335158,-0.370562,1.6307,7.68335,-0.0509937,0.000682419,0.0623524,0.609186,0.629818,1
6710,305.76,0.391409,0.000490685,0.0215972,1.31019,-0.0559595,0.0208137,-0.328609,-0.439442,1.62275,7.93807,-0.050491,0.000722242,0.0622452,0.609234,0.62968,1
6720,312.244,0.384775,0.000433106,0.0217988,1.3112,-0.0559572,0.0209222,-0.322056,-0.475062,1.59478,8.16656,-0.0510472,0.0003854,0.0621392,0.609304,0.629545,1
6730,314.007,0.378234,0.00035099,0.0219797,1.31225,-0.0559552,0.0210317,-0.315497,-0.749261,1.36782,8.61499,-0.0522042,-0.000109903,0.0621275,0.609341,0.629491,1
6740,315.81,0.371927,0.000257624,0.0221466,1.31335,-0.0559537,0.021142,-0.308933,-0.737593,1.29937,8.84462,-0.0531387,-0.000339125,0.0623629,0.609341,0.629491,1
6750,310.127,0.365646,0.000155736,0.0223114,1.31448,-0.0559527,0.0212531,-0.302363,-0.808172,1.29285,9.20077,-0.0536893,-0.000398587,0.0626337,0.609341,0.629491,1
6760,290.451,0.35923,5.84698e-005,0.0224691,1.31565,-0.0559521,0.0213651,-0.295788,-0.743671,1.22635,9.44836,-0.0544929,-0.000566347,0.0627691,0.609546,0.629303,1
6770,300.408,0.352838,-3.03983e-005,0.022618,1.31685,-0.0559521,0.0214778,-0.289207,-0.678075,1.15092,9.6844,-0.0554352,-0.000704927,0.0629323,0.609884,0.629036,1
6780,312.005,0.346766,-0.000111767,0.0227561,1.31807,-0.0559524,0.0215913,-0.28262,-0.623145,1.049,9.93356,-0.0561472,-0.00030661,0.0634539,0.610042,0.628947,1
6790,300.511,0.341022,-0.000186143,0.0228785,1.31933,-0.0559532,0.0217054,-0.276026,-0.562328,0.897524,10.2217,-0.056733,0.00036523,0.0643265,0.610058,0.628934,1
6800,310.328,0.335367,-0.000251697,0.0229786,1.32063,-0.0559543,0.02182,-0.269426,-0.48334,0.696577,10.5562,-0.057599,0.000627275,0.0652662,0.610058,0.628934,1
6810,294.607,0.329477,-0.000291712,0.0230595,1.32199,-0.0559556,0.0219351,-0.26282,-0.277048,0.533574,10.9913,-0.0583716,0.000259939,0.0659342,0.610058,0.628934,1
6820,283.368,0.323127,-0.000323483,0.0231109,1.32338,-0.0559572,0.0220506,-0.256206,-0.237838,0.28466,11.3294,-0.0588373,-0.000144794,0.0661449,0.610058,0.628934,1
6830,295.076,0.316268,-0.000360346,0.0231616,1.32483,-0.0559589,0.0221662,-0.249586,-0.391605,0.452981,11.7449,-0.0592242,-0.000559555,0.0658482,0.610058,0.628934,1
6840,319.853,0.308948,-0.000411524,0.0232017,1.32633,-0.0559608,0.0222821,-0.242958,-0.4217,0.204246,12.127,-0.0594759,-0.00104183,0.0650887,0.610058,0.628934,1
6850,348.553,0.30137,-0.000469016,0.0232085,1.32787,-0.055963,0.0223982,-0.236322,-0.454959,-0.137538,12.5262,-0.0589406,-0.00149319,0.0640846,0.610161,0.628801,1
6860,346.213,0.293634,-0.000529655,0.0231833,1.32947,-0.0559655,0.0225142,-0.229679,-0.518099,-0.304964,12.9536,-0.0577022,-0.0016573,0.0629532,0.610191,0.628766,1
6870,319.925,0.285739,-0.000584519,0.0231284,1.33111,-0.0559683,0.02263,-0.223028,-0.478968,-0.489637,13.213,-0.0565461,-0.00201003,0.061646,0.610381,0.628565,1
6880,289.53,0.277928,-0.000650418,0.0230634,1.33278,-0.0559714,0.0227455,-0.216368,-0.571523,-0.545333,13.4033,-0.0556872,-0.00241912,0.0604179,0.610609,0.628339,1
6890,278.605,0.2709,-0.000726577,0.0229917,1.33447,-0.0559748,0.0228606,-0.2097,-0.641633,-0.604088,13.5798,-0.0547453,-0.00273123,0.0599854,0.61068,0.628273,1
6900,267.391,0.264725,-0.000808721,0.0229148,1.33618,-0.0559786,0.0229754,-0.203023,-0.639822,-0.561765,13.812,-0.0537345,-0.00280272,0.0604339,0.61068,0.628273,1
6910,250.425,0.258709,-0.000893338,0.0228361,1.33792,-0.0559829,0.0230897,-0.196338,-0.713587,-0.700841,14.0559,-0.0531046,-0.0030046,0.0610358,0.61068,0.628273,1
6920,237.13,0.252008,-0.000987067,0.022739,1.3397,-0.0559876,0.0232037,-0.189644,-0.780803,-0.844864,14.3037,-0.0531339,-0.00316256,0.0609647,0.61068,0.628273,1
6930,249.701,0.244716,-0.00107604,0.0226429,1.34151,-0.0559928,0.0233171,-0.182941,-0.722365,-0.788818,14.5287,-0.053761,-0.00343782,0.0602981,0.61068,0.628273,1
6940,256.382,0.237381,-0.00116826,0.0225438,1.34333,-0.0559984,0.0234301,-0.176229,-0.753988,-0.787194,14.6385,-0.0544941,-0.00368728,0.0595935,0.611029,0.628045,1
6950,245.676,0.230585,-0.00126626,0.0224465,1.34517,-0.0560044,0.0235426,-0.169508,-0.819932,-0.768107,14.6655,-0.054801,-0.00394791,0.0594299,0.611306,0.627847,1
6960,235.812,0.224206,-0.00137566,0.0223331,1.34701,-0.056011,0.0236545,-0.162777,-0.930199,-0.899062,14.6738,-0.0544698,-0.00380567,0.0597353,0.61142,0.627756,1
6970,237.731,0.217963,-0.00149846,0.0222241,1.34884,-0.0560182,0.0237659,-0.156037,-1.02342,-0.83743,14.6363,-0.0542261,-0.00350338,0.060206,0.611598,0.627599,1
6980,255.677,0.211629,-0.00162877,0.0221241,1.35067,-0.056026,0.0238768,-0.149289,-1.04493,-0.759698,14.5825,-0.0545843,-0.00322006,0.0605933,0.611938,0.627282,1
6990,255.378,0.205289,-0.00175646,0.0220347,1.35249,-0.0560345,0.0239872,-0.142531,-0.982835,-0.661065,14.454,-0.0551489,-0.00326337,0.06094,0.612233,0.626991,1
7000,236.313,0.198564,-0.00187245,0.0219613,1.35428,-0.0560436,0.0240972,-0.135764,-0.864016,-0.502089,14.1832,-0.0552764,-0.00324773,0.0609072,0.612433,0.626776,1
7010,234.414,0.191494,-0.00197153,0.0219096,1.35603,-0.0560532,0.0242068,-0.128988,-0.716197,-0.327267,13.804,-0.0554795,-0.00324858,0.0605271,0.612621,0.626566,1
7020,227.385,0.184365,-0.0020513,0.021879,1.35773,-0.0560633,0.0243163,-0.122204,-0.557157,-0.160484,13.3663,-0.0560449,-0.00317815,0.0601001,0.612819,0.62636,1
7030,227.55,0.177468,-0.00211101,0.0218694,1.35938,-0.0560737,0.0244257,-0.115411,-0.400271,0.00527363,12.9537,-0.056359,-0.00283044,0.059951,0.613111,0.626061,1
7040,226.366,0.170519,-0.00215309,0.0218806,1.36098,-0.0560843,0.024535,-0.10861,-0.278431,0.177276,12.5501,-0.055778,-0.00177207,0.0598671,0.61351,0.625661,1
7050,215.791,0.163361,-0.00218199,0.021916,1.36252,-0.0560952,0.0246445,-0.101801,-0.188943,0.401046,12.0929,-0.0551731,-0.000750803,0.059571,0.613802,0.625381,1
7060,207.864,0.15625,-0.00220299,0.0219835,1.364,-0.0561062,0.0247542,-0.0949848,-0.163154,0.677894,11.5406,-0.0552349,-0.000453377,0.0592159,0.613896,0.625296,1
7070,219.382,0.149989,-0.00222838,0.0220819,1.36541,-0.0561172,0.0248644,-0.0881612,-0.266877,0.869817,10.9941,-0.0558613,-0.000793695,0.0596166,0.613896,0.625296,1
7080,248.135,0.144581,-0.00227532,0.0221951,1.36676,-0.0561285,0.0249751,-0.0813308,-0.497661,0.916786,10.53,-0.0564652,-0.00117071,0.0608663,0.613896,0.625296,1
7090,266.273,0.139122,-0.00235302,0.0223065,1.36805,-0.05614,0.0250863,-0.0744938,-0.727749,0.848573,10.0949,-0.0567797,-0.00181641,0.0620003,0.613896,0.625296,1
7100,270.93,0.132538,-0.00245113,0.0224028,1.36928,-0.056152,0.0251981,-0.0676504,-0.816612,0.661534,9.50511,-0.0564082,-0.00291642,0.0618715,0.613896,0.625296,1
7110,279.688,0.12519,-0.00255439,0.0224644,1.37042,-0.0561646,0.0253103,-0.0608012,-0.832624,0.299677,8.73572,-0.0557106,-0.0040403,0.0608992,0.613896,0.625296,1
7120,302.842,0.118075,-0.00266148,0.0224723,1.37146,-0.0561776,0.0254227,-0.0539464,-0.888049,-0.199622,7.89529,-0.0553198,-0.00453302,0.0602626,0.614001,0.625218,1
7130,302.544,0.11175,-0.00277593,0.022408,1.3724,-0.0561912,0.0255349,-0.0470867,-0.923957,-0.846206,7.10537,-0.0553615,-0.00445971,0.060559,0.614198,0.625058,1
7140,276.157,0.105721,-0.00288722,0.0222551,1.37324,-0.0562053,0.0256466,-0.0402226,-0.830809,-1.62968,6.29458,-0.0549821,-0.0040782,0.0612259,0.614393,0.624893,1
7150,281.263,0.0991776,-0.00297873,0.0219903,1.37397,-0.05622,0.0257573,-0.0333546,-0.618598,-2.64545,5.31594,-0.0541852,-0.00342323,0.0614112,0.614689,0.624653,1
7160,298.007,0.0919233,-0.00304211,0.0215786,1.37456,-0.0562351,0.0258663,-0.0264832,-0.408917,-3.99005,4.21857,-0.0538683,-0.00258363,0.0608947,0.615044,0.624364,1
7170,297.487,0.0845424,-0.0030868,0.0209854,1.37503,-0.0562504,0.0259728,-0.0196091,-0.324922,-5.47543,3.1933,-0.0545362,-0.00172127,0.0602502,0.615262,0.624177,1
7180,258.616,0.0775035,-0.00312429,0.020208,1.37536,-0.0562659,0.0260758,-0.0127331,-0.254769,-6.99675,2.20792,-0.0552407,-0.000897278,0.0599181,0.615262,0.624177,1
7190,237.796,0.0706988,-0.00314052,0.0192096,1.37557,-0.0562816,0.0261745,-0.00585572,0.0434024,-9.07221,1.07187,-0.0551464,-4.14516e-005,0.059793,0.615262,0.624177,1
7200,257.41,0.0640268,-0.00310641,0.0179115,1.37563,-0.0562973,0.0262674,0.00102235,0.489828,-11.7287,-0.108206,-0.0545566,0.000391901,0.0595618,0.615262,0.624177,1
7210,290.639,0.0577938,-0.00303225,0.0162754,1.37555,-0.0563126,0.026353,0.00790035,0.611008,-14.3681,-1.17299,-0.054273,3.12525e-005,0.0593117,0.615262,0.624177,1
7220,307.528,0.0520594,-0.00297423,0.0143182,1.37535,-0.0563276,0.0264297,0.0147776,0.255092,-16.9532,-2.04195,-0.0544753,-0.000707708,0.0591658,0.615262,0.624177,1
7230,304.039,0.0467138,-0.00295855,0.0119933,1.37504,-0.0563424,0.0264956,0.0216536,-0.0347289,-20.2104,-2.9075,-0.0549356,-0.00118122,0.0592594,0.615262,0.624177,1
7240,311.26,0.0422348,-0.00296306,0.00923517,1.37462,-0.0563572,0.0265489,0.0285278,0.0350607,-23.8306,-3.8109,-0.055353,-0.00188681,0.0597397,0.615262,0.624177,1
7250,318.107,0.0387899,-0.00294272,0.00608262,1.37411,-0.056372,0.0265873,0.0353997,0.327899,-26.1285,-4.20982,-0.055738,-0.00279198,0.0607199,0.615262,0.624177,1
7260,343.099,0.0356067,-0.00288072,0.00280584,1.37358,-0.0563866,0.0266095,0.0422689,0.610945,-25.8615,-4.24209,-0.0566505,-0.00306223,0.0619503,0.615262,0.624177,1
7270,354.891,0.0320708,-0.0027951,-0.000314143,1.37305,-0.0564008,0.0266156,0.0491355,0.785165,-23.7998,-4.31332,-0.0581249,-0.00224208,0.0630207,0.615262,0.624177,1
7280,338.593,0.02916,-0.00267145,-0.00314921,1.37249,-0.0564145,0.0266068,0.0559993,1.23552,-21.7012,-4.6473,-0.0589432,-0.00139094,0.0637476,0.615262,0.624177,1
7290,334.339,0.02749,-0.00245697,-0.00581095,1.37187,-0.0564273,0.0265844,0.0628602,2.21283,-21.1757,-5.31784,-0.0582336,-0.000819268,0.0640742,0.615262,0.624177,1
7300,311.287,0.0275141,-0.00212273,-0.00848899,1.37116,-0.0564388,0.0265487,0.0697178,3.06631,-21.5046,-5.80366,-0.057127,-0.000400308,0.0642131,0.615262,0.624177,1
7310,273.872,0.0292249,-0.0017187,-0.0111247,1.37043,-0.0564485,0.0264996,0.0765718,3.27675,-20.3113,-5.87235,-0.0568942,-5.52229e-005,0.0643761,0.615282,0.624049,1
7320,235.628,0.0325355,-0.00132382,-0.0135274,1.36969,-0.056456,0.0264378,0.0834221,2.99112,-18.1102,-5.99345,-0.0572687,-0.000300718,0.0649033,0.61531,0.623796,1
7330,229.892,0.0365915,-0.00097333,-0.0157212,1.36892,-0.0564618,0.0263647,0.0902687,2.58553,-17.3159,-6.27646,-0.0572114,-0.000676683,0.0656284,0.61531,0.623796,1
7340,236.471,0.0411724,-0.00066552,-0.017943,1.36813,-0.0564658,0.0262806,0.0971113,2.2323,-18.5901,-6.29744,-0.0570046,-0.00100235,0.0662809,0.61531,0.623796,1
7350,248.429,0.0464635,-0.000425716,-0.0204614,1.36736,-0.0564685,0.0261848,0.10395,1.61384,-21.8048,-6.10282,-0.0572363,-0.00129215,0.0664895,0.61531,0.623796,1
7360,262.449,0.0524898,-0.000259734,-0.0233718,1.36661,-0.0564702,0.0260753,0.110785,1.16282,-24.3696,-5.78033,-0.0576308,-0.00174581,0.0662898,0.615307,0.623771,1
7370,253.94,0.058655,-0.000134033,-0.0264893,1.3659,-0.0564712,0.0259507,0.117616,0.853707,-24.9255,-5.70165,-0.0572332,-0.0018327,0.0659644,0.615303,0.623747,1
7380,256.701,0.0648255,-5.8556e-005,-0.0294559,1.36517,-0.0564717,0.0258107,0.124444,0.266443,-22.2615,-5.95476,-0.0561785,-0.00180169,0.0657939,0.615303,0.623747,1
7390,271.461,0.071029,-8.39277e-005,-0.0321402,1.36441,-0.056472,0.0256566,0.131268,-0.700624,-21.0874,-6.16696,-0.0551173,-0.00191081,0.0658207,0.615303,0.623747,1
7400,289.702,0.0770959,-0.000228172,-0.0348443,1.36365,-0.0564727,0.0254892,0.138088,-1.55488,-22.7523,-5.75929,-0.0547828,-0.00193758,0.0660554,0.615303,0.623747,1
7410,301.207,0.0832565,-0.000449118,-0.0379682,1.363,-0.0564744,0.0253074,0.144904,-1.8129,-26.7826,-4.65046,-0.0553701,-0.00110409,0.065956,0.615303,0.623747,1
7420,318.368,0.0900824,-0.00065679,-0.0412526,1.36244,-0.0564771,0.0251093,0.151718,-1.52094,-25.0555,-4.46036,-0.0563719,7.81e-006,0.0652037,0.615303,0.623747,1
7430,303.246,0.0975179,-0.000843476,-0.0442407,1.36187,-0.0564809,0.0248954,0.158529,-1.41619,-22.477,-4.7347,-0.0565857,0.000555957,0.0640973,0.615303,0.623747,1
7440,285.101,0.104753,-0.000993837,-0.0468479,1.36123,-0.0564855,0.0246675,0.165337,-0.981726,-19.8485,-5.26028,-0.0560722,0.0003964,0.0634354,0.615303,0.623747,1
7450,259.407,0.111508,-0.00107843,-0.0494709,1.36064,-0.0564907,0.0244269,0.172141,-0.45306,-22.2705,-4.12419,-0.0558897,0.000129087,0.0633143,0.615303,0.623747,1
7460,227.133,0.118312,-0.00112515,-0.052383,1.3602,-0.0564962,0.0241724,0.178943,-0.392886,-24.5648,-2.61389,-0.0563213,-0.000272722,0.0631842,0.615303,0.623747,1
7470,213.297,0.125985,-0.00116121,-0.0556105,1.35999,-0.056502,0.0239025,0.185744,-0.119051,-25.8338,-1.19794,-0.0563126,-0.000680387,0.0621802,0.615303,0.623747,1
7480,189.48,0.134161,-0.00115016,-0.0585848,1.35977,-0.0565078,0.0236168,0.192543,0.248319,-21.7825,-2.36277,-0.0556145,-0.000642898,0.0605965,0.615303,0.623747,1
7490,174.804,0.141812,-0.00111931,-0.0610777,1.35939,-0.0565134,0.0233174,0.199341,0.154487,-17.4508,-4.27527,-0.0550433,-0.000104908,0.0594845,0.615136,0.623501,1
7500,164.138,0.148436,-0.00111749,-0.0629035,1.35865,-0.056519,0.0230071,0.206136,-0.0842421,-12.2468,-7.24649,-0.0551438,-0.000142686,0.059523,0.614902,0.623186,1
7510,185.526,0.154815,-0.00112672,-0.0642402,1.35762,-0.0565246,0.0226891,0.212927,-0.031396,-9.14834,-9.31159,-0.055688,-0.000974167,0.0599341,0.614763,0.623009,1
7520,188.473,0.16169,-0.00111298,-0.0652294,1.35635,-0.0565302,0.0223653,0.219712,0.184677,-6.89718,-10.7858,-0.0565586,-0.00149758,0.059793,0.614481,0.622883,1
7530,216.546,0.169148,-0.00108668,-0.0659761,1.35492,-0.0565357,0.0220372,0.22649,0.21197,-4.89935,-12.0887,-0.0572656,-0.00118028,0.0589449,0.613983,0.622783,1
7540,242.082,0.176742,-0.00105659,-0.0664585,1.35332,-0.0565411,0.021706,0.233261,0.351996,-2.92923,-13.4146,-0.0570484,-0.000718497,0.0579484,0.613667,0.622815,1
7550,259.259,0.184144,-0.00100879,-0.0667515,1.35158,-0.0565463,0.0213729,0.240023,0.401379,-1.85958,-14.3078,-0.0560189,-0.000371171,0.0571687,0.613464,0.622888,1
7560,284.777,0.191254,-0.000966755,-0.0669493,1.34977,-0.0565512,0.0210386,0.246777,0.468819,-1.31365,-14.5756,-0.0552701,0.000363635,0.0566476,0.613264,0.623009,1
7570,291.074,0.198067,-0.000896473,-0.067112,1.34795,-0.0565559,0.0207035,0.253521,0.38877,-1.29249,-14.3847,-0.0553127,0.00119887,0.0564206,0.612985,0.623228,1
7580,289.126,0.204545,-0.000846785,-0.0672718,1.34616,-0.0565602,0.0203675,0.260256,0.412191,-1.25172,-14.2536,-0.0555278,0.00148069,0.0565882,0.612495,0.623671,1
7590,285.419,0.210918,-0.000786895,-0.0674195,1.34439,-0.0565643,0.0200308,0.266983,0.50406,-1.1587,-13.9481,-0.0554904,0.00112765,0.0569165,0.612175,0.624015,1
7600,281.466,0.217508,-0.0007222,-0.067565,1.34266,-0.0565681,0.0196933,0.2737,0.547252,-1.14992,-13.7412,-0.055406,0.000756007,0.0570219,0.612131,0.624114,1
7610,276.954,0.224052,-0.000652046,-0.0677249,1.34096,-0.0565715,0.0193551,0.280409,0.551806,-1.28771,-13.5149,-0.0555274,0.00038317,0.057165,0.612118,0.624201,1
7620,276.392,0.230055,-0.000584762,-0.0678713,1.33929,-0.0565746,0.0190161,0.28711,0.527216,-1.20921,-13.0329,-0.0556618,0.000139258,0.0578331,0.612108,0.624363,1
7630,260.904,0.23552,-0.000528091,-0.0680089,1.33768,-0.0565774,0.0186764,0.293802,0.420234,-1.04368,-12.7395,-0.0557337,2.09812e-005,0.059024,0.61211,0.624505,1
7640,246.778,0.241205,-0.000474968,-0.0681294,1.3361,-0.0565799,0.018336,0.300487,0.441692,-0.853601,-12.4277,-0.0556888,-0.00020241,0.0599973,0.61213,0.624747,1
7650,235.357,0.247538,-0.000418998,-0.0682214,1.33457,-0.0565821,0.0179952,0.307164,0.433614,-0.616565,-12,-0.0556054,-0.00101494,0.0603581,0.612142,0.625012,1
7660,218.901,0.254169,-0.000369326,-0.0682816,1.3331,-0.0565841,0.0176539,0.313833,0.352343,-0.353047,-11.5658,-0.0556664,-0.00154133,0.0603913,0.612136,0.625209,1
7670,225.177,0.260481,-0.000333827,-0.0683176,1.33168,-0.0565859,0.0173124,0.320495,0.212253,-0.243734,-11.1418,-0.0560603,-0.00117042,0.0606703,0.612117,0.625377,1
7680,256.688,0.266614,-0.000311892,-0.0683423,1.33031,-0.0565875,0.0169707,0.32715,0.159668,-0.151228,-10.7459,-0.0562227,-0.000342685,0.0610982,0.612074,0.625632,1
7690,266.014,0.272933,-0.000292828,-0.0683579,1.32899,-0.056589,0.016629,0.333798,0.143676,-0.0965722,-10.274,-0.055869,-0.000114232,0.0613796,0.612001,0.626067,1
7700,264.541,0.279808,-0.000273427,-0.0683627,1.32774,-0.0565904,0.0162872,0.34044,0.174706,0.025105,-9.77368,-0.0555333,-8.55831e-006,0.0611086,0.611912,0.626656,1
7710,281.261,0.286727,-0.00025062,-0.0683541,1.32655,-0.0565917,0.0159454,0.347075,0.182008,0.108262,-9.28274,-0.0557463,0.000216754,0.0607815,0.611844,0.627169,1
7720,306.935,0.293184,-0.000227749,-0.0683347,1.32541,-0.0565929,0.0156036,0.353705,0.183253,0.195218,-8.891,-0.0556793,0.000322796,0.0609213,0.61179,0.627659,1
7730,311.979,0.299268,-0.000206034,-0.0683083,1.32432,-0.056594,0.015262,0.360329,0.162483,0.227882,-8.53664,-0.0548563,-3.41738e-005,0.0614574,0.611752,0.628095,1
7740,301.164,0.305701,-0.000186047,-0.068276,1.32327,-0.056595,0.0149206,0.366948,0.157473,0.285735,-8.1897,-0.0541477,-0.000279477,0.0616351,0.611712,0.628646,1
7750,296.741,0.312502,-0.000167131,-0.0682374,1.32227,-0.0565958,0.0145793,0.373562,0.149377,0.341315,-7.80713,-0.0546289,-0.000490033,0.0614302,0.611688,0.629111,1
7760,293.354,0.319305,-0.000147094,-0.0681877,1.32132,-0.0565966,0.0142382,0.380171,0.168279,0.451022,-7.46426,-0.0556541,-0.000687926,0.0612162,0.611662,0.629655,1
7770,297.792,0.325724,-0.000126091,-0.0681258,1.3204,-0.0565973,0.0138974,0.386775,0.172644,0.5422,-7.15663,-0.0561143,-0.000800437,0.0613832,0.611634,0.630213,1
7780,288.339,0.3322,-0.000101816,-0.0680512,1.31952,-0.0565979,0.013557,0.393375,0.215498,0.642411,-6.90975,-0.0557873,-0.000560798,0.0614762,0.611614,0.630667,1
7790,252.973,0.338962,-7.2825e-005,-0.0679669,1.31867,-0.0565983,0.0132169,0.399971,0.250622,0.705821,-6.6403,-0.0556345,-0.000783952,0.061299,0.611614,0.630855,1
7800,236.21,0.345969,-3.88223e-005,-0.0678752,1.31786,-0.0565986,0.0128773,0.406562,0.284703,0.745968,-6.34413,-0.0560404,-0.00158923,0.0608964,0.611615,0.63088,1
7810,259.753,0.352719,-1.06147e-005,-0.0677711,1.3171,-0.0565987,0.0125382,0.413149,0.184675,0.897989,-5.76827,-0.0566048,-0.00231314,0.0607428,0.611617,0.630899,1
7820,276.314,0.359141,1.5742e-005,-0.0676572,1.31641,-0.0565987,0.0121996,0.419733,0.233116,0.92036,-5.33166,-0.0564754,-0.00251242,0.0608934,0.611623,0.631041,1
7830,273.965,0.365337,4.33541e-005,-0.0675284,1.31579,-0.0565986,0.0118616,0.426314,0.316195,1.01954,-4.62056,-0.0555116,-0.0029502,0.0612791,0.611629,0.631307,1
7840,268.706,0.371361,8.09299e-005,-0.0674042,1.31522,-0.0565983,0.0115243,0.432891,0.28288,0.966584,-4.42223,-0.0546554,-0.00360158,0.0618438,0.611638,0.631683,1
7850,280.119,0.377091,0.000123467,-0.06728,1.31469,-0.0565978,0.0111876,0.439466,0.366646,1.00087,-4.13695,-0.0550351,-0.0038042,0.0626763,0.611646,0.632019,1
7860,312.102,0.382956,0.000160223,-0.0671543,1.31419,-0.056597,0.0108515,0.446038,0.249841,0.997588,-3.8256,-0.0561266,-0.00334281,0.063345,0.611644,0.632081,1
7870,303.872,0.38924,0.000189764,-0.0670318,1.31373,-0.0565962,0.0105161,0.452608,0.2214,0.959838,-3.61876,-0.0565309,-0.00275446,0.0635945,0.611644,0.632081,1
7880,283.578,0.39585,0.000208244,-0.066916,1.3133,-0.0565952,0.0101812,0.459175,0.082361,0.887262,-3.30111,-0.0558131,-0.0019249,0.0635113,0.611644,0.632081,1
7890,273.293,0.402182,0.000211844,-0.0668141,1.3129,-0.0565941,0.00984687,0.465741,-0.0132487,0.75269,-3.01369,-0.0548719,-0.000856468,0.0637054,0.611644,0.632081,1
7900,281.623,0.408203,0.000205925,-0.0667315,1.31255,-0.0565931,0.00951301,0.472305,-0.065248,0.617235,-2.75644,-0.0545951,-0.000268833,0.0642239,0.611644,0.632081,1
7910,272.103,0.414269,0.000196065,-0.0666565,1.31221,-0.056592,0.00917955,0.478866,-0.19344,0.524717,-2.52406,-0.0548997,-0.000538786,0.0647144,0.611636,0.632122,1
7920,229.315,0.420781,0.000171944,-0.0666103,1.31192,-0.0565911,0.00884639,0.485427,-0.182886,0.278145,-2.16863,-0.0551466,-0.000891492,0.0647604,0.611582,0.632325,1
7930,201.677,0.427597,0.000150693,-0.0665791,1.31166,-0.0565903,0.00851342,0.491986,-0.131982,0.311377,-1.81557,-0.0547628,-0.000800869,0.0644943,0.61151,0.632623,1
7940,194.628,0.434347,0.000133372,-0.0665417,1.31144,-0.0565896,0.00818062,0.498543,-0.144002,0.28495,-1.70989,-0.0540695,-0.000617086,0.0642923,0.611441,0.632947,1
7950,198.4,0.44104,0.000125249,-0.0665014,1.31125,-0.056589,0.00784802,0.5051,-0.0605378,0.313378,-1.50243,-0.053782,-0.000382338,0.0641455,0.611425,0.633081,1
7960,184.306,0.448015,0.000128437,-0.0664688,1.31107,-0.0565883,0.0075156,0.511656,0.0517562,0.235029,-1.31913,-0.0541282,0.000144532,0.0637087,0.611424,0.633108,1
7970,199.447,0.455412,0.000132969,-0.0664395,1.31092,-0.0565877,0.00718332,0.518211,-0.038652,0.26764,-1.10589,-0.0542531,0.000689873,0.0628509,0.611427,0.633159,1
7980,217.757,0.46276,0.000127976,-0.0664072,1.31078,-0.056587,0.00685121,0.524765,-0.0418094,0.250543,-1.02828,-0.0536695,0.000495826,0.0620578,0.611427,0.633277,1
7990,235.384,0.469416,0.000122716,-0.0663765,1.31066,-0.0565864,0.00651925,0.531319,-0.0410571,0.240616,-0.966929,-0.0529255,-0.000358803,0.0619674,0.611424,0.633323,1
