step,T,r,sn_vel[0],sn_vel[1],sn_vel[2],sn_crd[0],sn_crd[1],sn_crd[2],sn_f[0],sn_f[1],sn_f[2],target_crd[0],target_crd[1],target_crd[2],boundary[0],boundary[1],boundary[2]
3510,385.365,0.492904,4.24627e-006,3.08448e-005,-1.10008,-0.0564455,-0.0053341,0.557247,0.0267074,0.24509,-0.650614,-0.0563254,-0.00631613,0.0643437,0.614362,0.6354,1
3520,401.67,0.486772,7.6416e-006,6.12985e-005,-1.10017,-0.0564455,-0.00533387,0.551747,0.0263852,0.160833,-0.80707,-0.0559731,-0.00633741,0.0649755,0.614213,0.634506,1
3530,393.36,0.480426,1.0743e-005,8.09193e-005,-1.10027,-0.0564454,-0.00533351,0.546245,0.0225406,0.15245,-0.835687,-0.0554423,-0.00527667,0.0658209,0.614028,0.633425,1
3540,361.091,0.473919,1.31297e-005,9.94991e-005,-1.10037,-0.0564454,-0.00533306,0.540744,0.0154515,0.145471,-0.863441,-0.0553108,-0.00387546,0.0668288,0.613999,0.633112,1
3550,336.624,0.467771,1.47206e-005,0.000117656,-1.10048,-0.0564453,-0.00533252,0.535242,0.010652,0.145357,-0.891993,-0.0556497,-0.0027101,0.067479,0.614053,0.632896,1
3560,330.669,0.462303,1.5891e-005,0.000135965,-1.1006,-0.0564452,-0.00533188,0.529739,0.0081459,0.14756,-0.926315,-0.0560448,-0.00187535,0.0674486,0.614165,0.632672,1
3570,338.172,0.456938,1.58324e-005,0.00015101,-1.10073,-0.0564451,-0.00533116,0.524236,0.00979772,0.0526118,-1.22615,-0.0562489,-0.000825742,0.0673195,0.614185,0.632658,1
3580,357.817,0.451191,1.68229e-005,0.000156838,-1.10088,-0.0564451,-0.00533039,0.518732,0.00618756,0.0397864,-1.30345,-0.0563845,0.000507113,0.0675782,0.614281,0.632615,1
3590,363.496,0.445291,1.75395e-005,0.000160771,-1.10105,-0.056445,-0.00532959,0.513227,0.00584901,0.0215817,-1.3954,-0.0564071,0.00183396,0.0679931,0.614412,0.632576,1
3600,354.609,0.439983,1.84281e-005,0.000162037,-1.10123,-0.0564449,-0.00532879,0.507721,0.00923444,-0.000609543,-1.4914,-0.056366,0.00269327,0.0678112,0.614553,0.632555,1
3610,358.988,0.435559,2.00599e-005,0.000160835,-1.10143,-0.0564448,-0.00532798,0.502214,0.0168066,-0.0183131,-1.57862,-0.0563383,0.00305445,0.0667363,0.614553,0.632555,1
3620,372.816,0.431829,2.23919e-005,0.000157778,-1.10163,-0.0564447,-0.00532718,0.496707,0.0194712,-0.02802,-1.65322,-0.0564735,0.00288913,0.0649563,0.614553,0.632555,1
3630,379.717,0.428327,2.48383e-005,0.000154116,-1.10184,-0.0564446,-0.0053264,0.491198,0.0195194,-0.0314503,-1.72107,-0.0567717,0.00232372,0.0629397,0.614553,0.632555,1
3640,372.973,0.424605,2.66773e-005,0.000135794,-1.10207,-0.0564444,-0.00532567,0.485688,0.0143819,-0.173217,-1.90119,-0.0573281,0.00167607,0.0611417,0.614553,0.632555,1
3650,373.995,0.420275,2.23086e-005,0.000109013,-1.10232,-0.0564443,-0.00532505,0.480177,-0.0975565,-0.265709,-2.09604,-0.0578155,0.00128094,0.0599563,0.614553,0.632555,1
3660,371.357,0.415421,2.31205e-005,6.88644e-005,-1.1026,-0.0564442,-0.00532461,0.474665,0.0248378,-0.23937,-2.41447,-0.0578094,0.00109376,0.0592958,0.614553,0.632555,1
3670,361.46,0.410325,2.66779e-005,3.6814e-005,-1.10291,-0.0564441,-0.00532434,0.469151,0.0311481,-0.273536,-2.55374,-0.0572317,0.000862403,0.0588737,0.614553,0.632555,1
3680,355.721,0.405463,4.26269e-005,-1.8217e-005,-1.10327,-0.0564439,-0.00532429,0.463636,0.145592,-0.48896,-2.94772,-0.0565017,0.000325314,0.0582122,0.614553,0.632555,1
3690,340.55,0.400748,6.21948e-005,-8.22152e-005,-1.10365,-0.0564436,-0.00532453,0.458119,0.169649,-0.535866,-3.09286,-0.0557694,-0.000355277,0.057402,0.614678,0.632497,1
3700,350.674,0.395678,8.57864e-005,-0.000152703,-1.10404,-0.0564433,-0.00532512,0.452599,0.2106,-0.591705,-3.24249,-0.055116,-0.000469405,0.0569537,0.614678,0.632497,1
3710,372.792,0.390075,0.00011568,-0.000231535,-1.10446,-0.0564428,-0.00532608,0.447078,0.268608,-0.675273,-3.40633,-0.054672,0.000435219,0.0570493,0.614678,0.632497,1
3720,375.938,0.38441,0.000156145,-0.000337832,-1.10492,-0.0564421,-0.00532749,0.441555,0.329929,-0.988565,-3.96435,-0.0546849,0.0020808,0.0572202,0.614678,0.632497,1
3730,341.645,0.378953,0.00020065,-0.000471062,-1.10543,-0.0564412,-0.0053295,0.436029,0.378479,-1.14503,-4.15524,-0.055011,0.00363009,0.0571843,0.614785,0.632425,1
3740,302.072,0.373507,0.00024988,-0.000624064,-1.10596,-0.0564401,-0.00533223,0.4305,0.404962,-1.294,-4.32561,-0.0554768,0.00444246,0.0571228,0.614903,0.632364,1
3750,280.033,0.367675,0.000298537,-0.000794709,-1.10652,-0.0564387,-0.00533577,0.424969,0.318373,-1.43923,-4.60818,-0.0558406,0.00443736,0.0574245,0.615062,0.632308,1
3760,266.425,0.361422,0.000341881,-0.000980474,-1.10711,-0.0564371,-0.0053402,0.419435,0.425966,-1.51269,-4.88339,-0.0559112,0.00430134,0.0581422,0.615238,0.632232,1
3770,267.721,0.355034,0.000391735,-0.00116462,-1.10774,-0.0564353,-0.00534556,0.413898,0.400243,-1.52687,-5.18382,-0.0554901,0.00463975,0.0590053,0.615457,0.632155,1
3780,285.881,0.348877,0.000441729,-0.00136413,-1.1084,-0.0564332,-0.00535188,0.408358,0.398195,-1.66365,-5.36192,-0.0548881,0.00538226,0.0596498,0.615889,0.632018,1
3790,288.555,0.343035,0.000492485,-0.0015828,-1.10909,-0.0564309,-0.00535923,0.402814,0.418002,-1.8334,-5.53808,-0.0546135,0.00575589,0.0599639,0.616437,0.631835,1
3800,282.914,0.337754,0.000547132,-0.00182099,-1.10979,-0.0564283,-0.00536774,0.397267,0.459327,-1.96311,-5.68378,-0.0549798,0.0051899,0.0596806,0.616917,0.631668,1
3810,288.512,0.333047,0.000607529,-0.0020723,-1.11051,-0.0564254,-0.00537747,0.391716,0.459006,-1.99578,-5.96432,-0.05566,0.00361988,0.0587914,0.617234,0.631568,1
3820,279.5,0.328388,0.00066716,-0.00232015,-1.11128,-0.0564222,-0.00538845,0.386162,0.415878,-1.93846,-6.38389,-0.0562899,0.00163636,0.0578483,0.617247,0.631565,1
3830,280.241,0.323057,0.000709961,-0.00255649,-1.11211,-0.0564188,-0.00540065,0.380603,0.346787,-1.88707,-6.85797,-0.0566935,-0.000137834,0.0575892,0.617247,0.631565,1
3840,295.673,0.317133,0.000755169,-0.00279587,-1.11299,-0.0564151,-0.00541403,0.37504,0.381564,-1.93715,-7.27809,-0.0568207,-0.00120276,0.0579353,0.617247,0.631565,1
3850,308.932,0.311363,0.00079634,-0.00304973,-1.11393,-0.0564112,-0.00542863,0.369473,0.269065,-2.12253,-7.66192,-0.0566391,-0.00153257,0.0581347,0.617247,0.631565,1
3860,302.251,0.306238,0.000820533,-0.00332523,-1.11491,-0.0564072,-0.00544456,0.363901,0.114805,-2.27633,-8.03328,-0.0562836,-0.00126864,0.0576914,0.617247,0.631565,1
3870,282.29,0.301398,0.000824834,-0.00362017,-1.11594,-0.056403,-0.00546192,0.358324,-0.0509913,-2.42977,-8.4068,-0.0558657,-0.000889316,0.0569612,0.617247,0.631565,1
3880,262.335,0.296046,0.000806735,-0.0039299,-1.11702,-0.056399,-0.00548079,0.352742,-0.235859,-2.51459,-8.78208,-0.0554313,-0.000659676,0.0567361,0.617259,0.631562,1
3890,242.785,0.289891,0.000766723,-0.00424983,-1.11814,-0.056395,-0.00550123,0.347154,-0.403169,-2.58984,-9.14446,-0.0550958,-0.000684915,0.0573054,0.617667,0.631445,1
3900,226.596,0.283441,0.000706877,-0.00457659,-1.1193,-0.0563913,-0.0055233,0.34156,-0.540842,-2.64234,-9.46886,-0.0548582,-0.000611326,0.0581654,0.618163,0.631293,1
3910,236.891,0.277428,0.000633192,-0.00491525,-1.12051,-0.056388,-0.00554702,0.335961,-0.640257,-2.77101,-9.75452,-0.0545059,-0.000189053,0.0585907,0.618533,0.631171,1
3920,271.909,0.271991,0.000545963,-0.00526848,-1.12174,-0.056385,-0.00557247,0.330355,-0.748713,-2.87203,-10.0113,-0.0540758,0.000535247,0.0584426,0.618533,0.631171,1
3930,306.898,0.266907,0.000446365,-0.0056324,-1.12301,-0.0563825,-0.00559972,0.324743,-0.846192,-2.91614,-10.2567,-0.0541411,0.000751914,0.0579214,0.618533,0.631171,1
3940,343.367,0.261783,0.000330489,-0.00600697,-1.12432,-0.0563806,-0.00562883,0.319125,-0.961071,-2.93969,-10.5852,-0.0549278,6.88405e-006,0.0574068,0.618533,0.631171,1
3950,355.408,0.256209,0.000201064,-0.00637071,-1.12567,-0.0563792,-0.00565977,0.3135,-1.09678,-2.84277,-10.8986,-0.0560189,-0.00119352,0.05733,0.618533,0.631171,1
3960,347.153,0.250146,6.35079e-005,-0.00671084,-1.12704,-0.0563786,-0.00569249,0.307868,-1.08628,-2.60445,-11.0927,-0.056891,-0.00158009,0.0577564,0.618533,0.631171,1
3970,336.014,0.244285,-6.88532e-005,-0.00702667,-1.12844,-0.0563786,-0.00572684,0.302229,-1.02702,-2.44739,-11.2633,-0.0575392,-0.000891739,0.0579946,0.618533,0.631171,1
3980,332.001,0.239192,-0.000191891,-0.00732487,-1.12986,-0.0563793,-0.00576273,0.296584,-0.931185,-2.33034,-11.4314,-0.0579695,1.76518e-005,0.0574671,0.618533,0.631171,1
3990,329.988,0.23453,-0.000299717,-0.00762225,-1.13131,-0.0563805,-0.00580009,0.290931,-0.816482,-2.33556,-11.7375,-0.0581366,0.000147131,0.0564827,0.618533,0.631171,1
4000,333.645,0.229323,-0.000386789,-0.00791083,-1.13281,-0.0563822,-0.00583893,0.28527,-0.635039,-2.2078,-12.1152,-0.057976,-0.000401726,0.0560171,0.61856,0.631164,1
4010,331.121,0.223159,-0.000460048,-0.0081719,-1.13435,-0.0563843,-0.00587915,0.279603,-0.535958,-1.9503,-12.4363,-0.0575923,-0.000951834,0.056501,0.61856,0.631164,1
4020,319.425,0.216785,-0.000519614,-0.00839853,-1.13592,-0.0563868,-0.00592059,0.273927,-0.411473,-1.68759,-12.7412,-0.0570408,-0.000822587,0.0572032,0.61856,0.631164,1
4030,335.285,0.211117,-0.000565219,-0.00859732,-1.13753,-0.0563895,-0.0059631,0.268243,-0.334313,-1.4858,-13.0213,-0.0566108,-4.7352e-005,0.0572098,0.61856,0.631164,1
4040,357.478,0.206037,-0.000606593,-0.00874032,-1.1392,-0.0563924,-0.00600646,0.262551,-0.348607,-1.01485,-13.4946,-0.0568115,0.000951287,0.0566329,0.618839,0.631145,1
4050,359.448,0.20074,-0.000655767,-0.0088545,-1.14091,-0.0563956,-0.00605046,0.256851,-0.441187,-0.806055,-13.8024,-0.0577676,0.00177366,0.0562687,0.61934,0.631084,1
4060,355.136,0.194923,-0.000726341,-0.00893127,-1.14267,-0.056399,-0.00609493,0.251142,-0.586206,-0.508681,-14.1519,-0.0586906,0.00239355,0.0564179,0.619784,0.631006,1
4070,343.531,0.188899,-0.000800073,-0.00899459,-1.14445,-0.0564029,-0.00613975,0.245425,-0.584478,-0.462112,-14.336,-0.0590829,0.0027892,0.0567558,0.620115,0.63093,1
4080,348.376,0.182907,-0.000876838,-0.00903777,-1.14625,-0.056407,-0.00618484,0.239698,-0.687022,-0.203152,-14.3798,-0.059258,0.00287026,0.0570372,0.620256,0.630883,1
4090,380.181,0.176811,-0.000980798,-0.00905395,-1.14805,-0.0564117,-0.00623008,0.233962,-0.77593,0.0279243,-14.4918,-0.0594311,0.00266273,0.0574002,0.620256,0.630883,1
4100,403.703,0.170394,-0.0010807,-0.00904337,-1.14987,-0.0564168,-0.00627533,0.228217,-0.693457,0.130918,-14.5528,-0.059068,0.00225789,0.0580576,0.620256,0.630883,1
4110,391.396,0.163676,-0.0011584,-0.0090175,-1.15169,-0.0564224,-0.00632049,0.222463,-0.546206,0.249984,-14.6134,-0.0580487,0.00187914,0.0590014,0.620394,0.630768,1
4120,380.735,0.1568,-0.00122031,-0.00897443,-1.15351,-0.0564284,-0.00636548,0.2167,-0.429762,0.490832,-14.4102,-0.0569173,0.001714,0.0601088,0.620676,0.630516,1
4130,386.996,0.14977,-0.00126576,-0.00890127,-1.1553,-0.0564346,-0.00641018,0.210928,-0.303293,0.623089,-14.1098,-0.0560533,0.00184454,0.0613868,0.620793,0.630398,1
4140,377.699,0.142651,-0.00129857,-0.0088128,-1.15704,-0.056441,-0.00645448,0.205147,-0.233405,0.830628,-13.6633,-0.055355,0.00201687,0.0627527,0.620793,0.630398,1
4150,350.097,0.135703,-0.00133876,-0.00869546,-1.15873,-0.0564476,-0.00649825,0.199358,-0.337801,0.963995,-13.3071,-0.0548104,0.00202099,0.0639326,0.620793,0.630398,1
4160,336.636,0.129181,-0.00136516,-0.00855646,-1.16037,-0.0564544,-0.0065414,0.19356,-0.118753,1.28451,-12.9106,-0.0542212,0.00188348,0.064674,0.620793,0.630398,1
4170,319.701,0.122856,-0.00137655,-0.00838845,-1.16196,-0.0564612,-0.00658377,0.187754,-0.0762071,1.35743,-12.4947,-0.0532934,0.0019864,0.0652389,0.620793,0.630398,1
4180,295.861,0.116458,-0.0013853,-0.008205,-1.1635,-0.0564681,-0.00662527,0.181941,-0.0660228,1.69741,-12.1206,-0.0523267,0.00196878,0.0658738,0.620793,0.630398,1
4190,286.495,0.110014,-0.00139374,-0.00799155,-1.16499,-0.0564751,-0.00666576,0.176119,-0.0673529,1.69534,-11.791,-0.052116,0.00126373,0.066478,0.620793,0.630398,1
4200,284.675,0.103652,-0.00140372,-0.00776906,-1.16644,-0.0564821,-0.00670517,0.170291,-0.105282,1.90408,-11.4098,-0.0526181,-0.000111497,0.0669213,0.620793,0.630398,1
4210,284.144,0.0974063,-0.00142078,-0.00751731,-1.16785,-0.0564891,-0.0067434,0.164455,-0.16374,2.13106,-11.0119,-0.053164,-0.0012478,0.0672608,0.620793,0.630398,1
4220,282.402,0.0914806,-0.00144536,-0.00721182,-1.1692,-0.0564963,-0.00678026,0.158612,-0.230107,2.8191,-10.5264,-0.0537316,-0.00188801,0.0673045,0.620793,0.630398,1
4230,303.394,0.0859755,-0.00147458,-0.00682415,-1.17049,-0.0565036,-0.00681538,0.152763,-0.218114,3.36528,-10.1289,-0.054573,-0.00218639,0.0669341,0.620793,0.630398,1
4240,342.052,0.0807992,-0.00149725,-0.00634622,-1.17173,-0.056511,-0.00684835,0.146908,-0.129059,4.28396,-9.65751,-0.0554068,-0.00241084,0.0662379,0.620846,0.630167,1
4250,342.678,0.0758311,-0.00151791,-0.00579212,-1.17292,-0.0565186,-0.00687872,0.141046,-0.0783909,4.62015,-9.30364,-0.0560055,-0.00260981,0.0653369,0.620909,0.629849,1
4260,298.509,0.0710495,-0.00152145,-0.00514904,-1.17405,-0.0565262,-0.00690613,0.135179,-0.0123117,5.68962,-8.74671,-0.0567671,-0.00302111,0.0642358,0.621014,0.629301,1
4270,254.069,0.0664115,-0.00152543,-0.00441233,-1.17511,-0.0565338,-0.00693005,0.129306,-0.0547337,6.09326,-8.30521,-0.0576539,-0.00342575,0.0629961,0.621121,0.628727,1
4280,241.783,0.0619103,-0.00151949,-0.00358466,-1.17613,-0.0565414,-0.00695011,0.123428,0.042624,7.17391,-7.8036,-0.0581006,-0.00366762,0.0616239,0.621246,0.628031,1
4290,251.437,0.0573699,-0.0015113,-0.00265536,-1.17707,-0.056549,-0.00696574,0.117544,0.0863412,7.86666,-7.22894,-0.0579465,-0.00360569,0.0602901,0.621357,0.627401,1
4300,248.506,0.0525244,-0.00150431,-0.00151066,-1.17792,-0.0565565,-0.0069763,0.111657,-0.0019773,10.4101,-6.36319,-0.0577842,-0.00336327,0.0592713,0.621454,0.626864,1
4310,233.785,0.0472851,-0.00151,-0.00015858,-1.17868,-0.0565641,-0.00698051,0.105765,-0.0702237,11.2516,-5.73777,-0.0577527,-0.00292846,0.0586693,0.621576,0.626217,1
4320,242.774,0.0418518,-0.001514,0.00137523,-1.17936,-0.0565716,-0.00697756,0.0998703,0.0670121,12.76,-5.30214,-0.0575489,-0.00269631,0.0582496,0.621718,0.625453,1
4330,271.982,0.0363661,-0.00148978,0.00287,-1.18002,-0.0565792,-0.00696686,0.0939719,0.288113,11.3547,-5.2814,-0.0572885,-0.00297216,0.0578328,0.621844,0.624751,1
4340,285.577,0.0307511,-0.00144742,0.00431423,-1.18068,-0.0565865,-0.00694891,0.0880701,0.362665,11.4826,-5.19977,-0.0574157,-0.00357013,0.0575164,0.621919,0.624301,1
4350,284.846,0.0248829,-0.00140391,0.0056696,-1.18133,-0.0565936,-0.00692389,0.0821651,0.334653,10.3956,-5.20659,-0.0574943,-0.00355646,0.0575275,0.621935,0.62416,1
4360,284.77,0.0187675,-0.00136289,0.00692659,-1.18198,-0.0566005,-0.00689234,0.0762568,0.317117,9.18597,-5.19792,-0.0570659,-0.0028648,0.0579325,0.621935,0.62416,1
4370,287.809,0.0126457,-0.00132009,0.00791976,-1.18261,-0.0566073,-0.00685511,0.0703453,0.416195,6.9765,-4.76599,-0.0565854,-0.00223315,0.0585745,0.621935,0.62416,1
4380,311.448,0.00680866,-0.00124512,0.008721,-1.18317,-0.0566137,-0.00681344,0.0644308,0.828728,5.84306,-4.26723,-0.0565176,-0.00247032,0.0591881,0.62194,0.623929,1
4390,305.917,0.00369006,-0.00110564,0.00938233,-1.18368,-0.0566196,-0.00676813,0.0585137,1.3948,4.72626,-3.85575,-0.0564802,-0.00319921,0.059441,0.621942,0.623785,1
4400,259.111,0.00747727,-0.000905884,0.009906,-1.18414,-0.0566246,-0.00671985,0.0525941,1.72988,3.67072,-3.4195,-0.0561302,-0.00342968,0.0592903,0.621942,0.623785,1
4410,230.983,0.0130665,-0.000694433,0.0103249,-1.18453,-0.0566286,-0.00666925,0.0466724,1.56036,3.17103,-2.81098,-0.0557271,-0.00261024,0.0590597,0.621942,0.623785,1
4420,253.033,0.0191812,-0.000530306,0.0107341,-1.18484,-0.0566317,-0.00661661,0.0407489,1.04339,3.4794,-2.10429,-0.0555226,-0.00133957,0.0591565,0.621942,0.623785,1
4430,273.66,0.0254614,-0.000430885,0.011217,-1.18506,-0.056634,-0.00656178,0.0348241,0.569379,4.27328,-1.44212,-0.0555009,-0.000367728,0.0594946,0.621942,0.623785,1
4440,307.302,0.0313764,-0.000379942,0.0118087,-1.18521,-0.0566361,-0.00650426,0.0288985,0.28063,5.20584,-0.94587,-0.055848,4.96424e-005,0.0595726,0.621942,0.623785,1
4450,314.398,0.0367315,-0.000352866,0.012527,-1.1853,-0.0566379,-0.00644348,0.0229722,0.171179,6.31181,-0.548483,-0.0565212,0.000154214,0.0591061,0.621942,0.623785,1
4460,318.895,0.0421749,-0.000333703,0.0134027,-1.18534,-0.0566396,-0.00637874,0.0170455,0.14618,7.73231,-0.137523,-0.0571182,0.000345472,0.0586782,0.621942,0.623785,1
4470,322.69,0.0483605,-0.000315045,0.0144714,-1.18533,-0.0566412,-0.00630914,0.0111188,0.150385,9.34805,0.287009,-0.0573898,0.000781355,0.0589509,0.621942,0.623785,1
4480,315.383,0.055126,-0.000296171,0.0157316,-1.18528,-0.0566428,-0.0062337,0.00519229,0.156196,10.6993,0.634493,-0.0576268,0.0012536,0.0597986,0.621942,0.623785,1
4490,326.64,0.0617291,-0.000273731,0.0171209,-1.18517,-0.0566442,-0.00615161,-0.000733857,0.211573,11.3873,0.977071,-0.0579893,0.00167019,0.0604829,0.621942,0.623785,1
4500,332.192,0.0678794,-0.00024016,0.01856,-1.18502,-0.0566455,-0.00606241,-0.00665938,0.339231,11.5558,1.46062,-0.0583028,0.00224882,0.0606889,0.621942,0.623785,1
4510,314.994,0.0737155,-0.00018725,0.0200016,-1.18481,-0.0566465,-0.005966,-0.012584,0.499511,11.4035,2.04335,-0.0583857,0.00292234,0.0605731,0.621818,0.623597,1
4520,328.496,0.0794094,-0.000118549,0.0213885,-1.18451,-0.0566473,-0.00586248,-0.0185073,0.585783,10.6287,2.66611,-0.0583907,0.00337754,0.0603434,0.621718,0.623434,1
4530,357.623,0.0849452,-4.59767e-005,0.022614,-1.18414,-0.0566477,-0.00575238,-0.024429,0.565523,8.80568,3.31054,-0.058286,0.00339535,0.0600063,0.621484,0.623018,1
4540,368.56,0.0904118,2.76256e-005,0.023593,-1.18368,-0.0566478,-0.00563676,-0.0303485,0.60808,6.87406,4.04136,-0.058033,0.00306001,0.0596333,0.621304,0.62264,1
4550,358.054,0.0961294,0.000103543,0.024347,-1.18312,-0.0566474,-0.00551682,-0.0362656,0.587938,5.218,4.84187,-0.0577925,0.0023744,0.0595325,0.621217,0.622377,1
4560,332.736,0.102042,0.000167089,0.0249004,-1.18246,-0.0566468,-0.00539361,-0.0421796,0.392725,3.56917,5.71285,-0.057506,0.00145203,0.0596287,0.621228,0.622275,1
4570,335.178,0.107895,0.000209575,0.0252384,-1.18168,-0.0566458,-0.00526817,-0.04809,0.286586,1.80343,6.7931,-0.0567517,0.000436697,0.0596539,0.621228,0.622275,1
4580,345.918,0.113713,0.000246112,0.0253709,-1.18076,-0.0566447,-0.00514157,-0.0539962,0.347696,0.525379,7.88853,-0.0556385,-0.000479124,0.0596167,0.621228,0.622275,1
4590,336.573,0.119968,0.000288375,0.0253641,-1.17972,-0.0566433,-0.00501468,-0.0598974,0.305124,-0.458685,8.74138,-0.0550666,-0.00109098,0.0599957,0.621228,0.622275,1
4600,315.386,0.12686,0.000318625,0.0252939,-1.17858,-0.0566418,-0.00488803,-0.0657932,0.175277,-0.558159,9.42109,-0.0553527,-0.000843845,0.0609959,0.621228,0.622275,1
4610,303.795,0.134008,0.000332893,0.0252431,-1.17736,-0.0566402,-0.00476171,-0.0716831,0.0626947,-0.212083,10.0289,-0.0556837,0.000410692,0.0622219,0.621228,0.622275,1
4620,282.272,0.140902,0.000338457,0.0252448,-1.17607,-0.0566385,-0.00463551,-0.0775667,0.0449806,0.237284,10.5669,-0.0553796,0.00209321,0.0631688,0.621228,0.622275,1
4630,284.541,0.147575,0.00035918,0.0252855,-1.17472,-0.0566368,-0.00450921,-0.0834438,0.201664,0.520487,11.0531,-0.0548536,0.00316495,0.0639213,0.621228,0.622275,1
4640,294.416,0.154295,0.000387462,0.0253752,-1.17331,-0.0566349,-0.00438258,-0.0893139,0.24494,0.914574,11.5085,-0.0545781,0.00337646,0.064772,0.621228,0.622275,1
4650,295.129,0.161195,0.000420168,0.0255147,-1.17184,-0.0566329,-0.00425537,-0.0951768,0.281643,1.31199,11.9118,-0.0544629,0.00299765,0.06584,0.621228,0.622275,1
4660,294.06,0.168156,0.000458004,0.0256985,-1.17033,-0.0566307,-0.00412735,-0.101032,0.299571,1.55406,12.2216,-0.0542988,0.00230683,0.0669847,0.621228,0.622275,1
4670,306.726,0.175198,0.00050353,0.0259181,-1.16879,-0.0566283,-0.00399833,-0.10688,0.430635,1.95473,12.4038,-0.0542326,0.00114809,0.0682263,0.621181,0.622158,1
4680,334.33,0.182161,0.000565172,0.0261872,-1.16723,-0.0566256,-0.00386809,-0.11272,0.549294,2.34071,12.4842,-0.054357,-0.000298384,0.0693913,0.621181,0.622158,1
4690,329.04,0.1887,0.000639822,0.0265013,-1.16567,-0.0566226,-0.00373638,-0.118552,0.639577,2.66165,12.4905,-0.0547746,-0.00166026,0.0701276,0.620981,0.621949,1
4700,295.361,0.194476,0.0007228,0.0268471,-1.16411,-0.0566192,-0.00360302,-0.124377,0.617273,2.76367,12.4637,-0.0556596,-0.00272408,0.0700947,0.620652,0.621665,1
4710,275.163,0.199974,0.000804627,0.027205,-1.16255,-0.0566154,-0.0034679,-0.130193,0.690628,2.95383,12.4287,-0.0570882,-0.00373274,0.0697798,0.620402,0.621487,1
4720,261.374,0.206041,0.000896802,0.0275877,-1.16099,-0.0566111,-0.00333093,-0.136002,0.898183,3.22753,12.3339,-0.0584615,-0.00444867,0.0700274,0.620272,0.621358,1
4730,251.648,0.212955,0.00101349,0.0280071,-1.15945,-0.0566064,-0.00319196,-0.141803,0.965346,3.47874,12.3146,-0.0593509,-0.00438231,0.0711308,0.620256,0.621338,1
4740,224.026,0.220027,0.00113658,0.0284644,-1.15791,-0.056601,-0.0030508,-0.147597,1.07929,3.96499,12.2353,-0.0598623,-0.00322131,0.0724057,0.620152,0.621188,1
4750,197.226,0.226553,0.00128288,0.0289868,-1.15638,-0.056595,-0.0029072,-0.153382,1.26832,4.39774,12.244,-0.0599971,-0.00151743,0.0731409,0.620079,0.621054,1
4760,201.345,0.232247,0.00144656,0.0295576,-1.15484,-0.0565881,-0.00276086,-0.159161,1.34004,4.72928,12.348,-0.0594037,0.000107011,0.0730522,0.620045,0.620981,1
4770,245.126,0.237464,0.00160807,0.0301879,-1.15329,-0.0565805,-0.00261151,-0.164931,1.29202,5.20421,12.5033,-0.0584873,0.000999192,0.0724981,0.620045,0.620981,1
4780,266.332,0.242345,0.0017591,0.0308487,-1.15171,-0.0565721,-0.00245893,-0.170693,1.12848,5.3226,12.7051,-0.0579214,0.00112452,0.0716213,0.620016,0.620859,1
4790,258.9,0.246916,0.00189709,0.0315133,-1.15012,-0.0565629,-0.00230302,-0.176448,1.07247,5.25923,12.7598,-0.057416,0.00102853,0.0704442,0.619988,0.620721,1
4800,259.408,0.251389,0.00203702,0.0321674,-1.14852,-0.0565531,-0.00214382,-0.182195,1.19395,5.27696,12.759,-0.0564274,0.0013583,0.0691702,0.619988,0.620721,1
4810,267.497,0.256276,0.00218138,0.0328129,-1.14691,-0.0565426,-0.00198135,-0.187933,1.11501,5.0299,12.9371,-0.0554375,0.00192716,0.0683109,0.619988,0.620721,1
4820,302.532,0.261396,0.00231665,0.0334388,-1.14529,-0.0565313,-0.00181571,-0.193664,1.04592,4.87089,13.054,-0.0550392,0.00203179,0.0676994,0.619988,0.620721,1
4830,294.168,0.266225,0.0024284,0.0340374,-1.14365,-0.0565194,-0.00164701,-0.199386,0.824642,4.64737,13.2025,-0.0550499,0.00116691,0.0668196,0.619988,0.620721,1
4840,263.341,0.27036,0.00251814,0.0345989,-1.14198,-0.056507,-0.0014754,-0.2051,0.566051,4.3079,13.479,-0.0553137,2.14793e-005,0.0652527,0.619988,0.620721,1
4850,252.162,0.274276,0.0025777,0.0351219,-1.14029,-0.0564943,-0.00130108,-0.210806,0.378889,4.05134,13.5896,-0.0559754,-0.000409791,0.0634687,0.619988,0.620721,1
4860,262.286,0.278386,0.00262092,0.0356188,-1.13859,-0.0564813,-0.00112422,-0.216503,0.274355,3.87232,13.5159,-0.0565906,0.000226467,0.0618802,0.619988,0.620721,1
4870,279.308,0.282644,0.00262917,0.0360949,-1.13691,-0.0564682,-0.00094493,-0.222192,-0.0572227,3.69456,13.3742,-0.0565911,0.00128337,0.0604439,0.619988,0.620721,1
4880,297.775,0.286624,0.00260971,0.0365428,-1.13524,-0.0564551,-0.000763324,-0.227872,-0.250382,3.46378,13.2775,-0.0563457,0.00196008,0.058739,0.619988,0.620721,1
4890,288.186,0.290286,0.00256725,0.0369626,-1.13359,-0.0564421,-0.000579549,-0.233544,-0.424449,3.24508,13.1746,-0.0564146,0.00206264,0.0567298,0.619988,0.620721,1
4900,285.905,0.294077,0.00250489,0.0373547,-1.13194,-0.0564294,-0.000393743,-0.239208,-0.564874,3.01674,13.0828,-0.0564946,0.00202122,0.0548588,0.619988,0.620721,1
4910,277.196,0.298656,0.00242757,0.0377167,-1.13031,-0.0564171,-0.000206052,-0.244864,-0.665349,2.765,12.9557,-0.0561484,0.00203969,0.0537836,0.619988,0.620721,1
4920,270.424,0.304128,0.00233909,0.0380348,-1.12869,-0.0564052,-1.66518e-005,-0.250511,-0.744464,2.38655,12.8775,-0.0557729,0.00192025,0.0536103,0.619988,0.620721,1
4930,280.606,0.310227,0.00224224,0.0383192,-1.1271,-0.0563937,0.000174245,-0.256151,-0.797553,2.16103,12.6611,-0.0557374,0.00159489,0.0540724,0.619988,0.620721,1
4940,292.067,0.316642,0.00213891,0.0385705,-1.12553,-0.0563827,0.00036649,-0.261782,-0.790556,1.81453,12.254,-0.0558776,0.00151613,0.0548573,0.619988,0.620721,1
4950,296.322,0.323037,0.00203895,0.0387838,-1.12402,-0.0563723,0.000559889,-0.267406,-0.894593,1.5455,11.9057,-0.0562033,0.00199963,0.0556275,0.619988,0.620721,1
4960,299.448,0.329149,0.00193278,0.0389589,-1.12255,-0.0563624,0.000754268,-0.273022,-0.745775,1.15169,11.4406,-0.0569459,0.00246363,0.0561215,0.61988,0.620611,1
4970,300.369,0.335339,0.0018399,0.039105,-1.12115,-0.0563529,0.000949433,-0.278632,-0.745986,1.09533,11.0008,-0.0574605,0.00231819,0.056703,0.619865,0.620592,1
4980,303.568,0.342078,0.00174456,0.0392254,-1.1198,-0.056344,0.00114528,-0.284234,-0.781739,0.792656,10.5153,-0.0571193,0.00180923,0.0578421,0.619865,0.620592,1
4990,305.996,0.349283,0.00164382,0.039314,-1.11851,-0.0563355,0.00134163,-0.28983,-0.826819,0.624639,10.1165,-0.0564208,0.00174208,0.0594527,0.619849,0.620572,1
5000,282.411,0.35634,0.00153831,0.0393882,-1.11727,-0.0563275,0.00153839,-0.295419,-0.855629,0.604325,9.63397,-0.0560918,0.00221039,0.0609205,0.619849,0.620572,1
5010,273.066,0.362677,0.00143043,0.0394547,-1.1161,-0.0563201,0.0017355,-0.301003,-0.866343,0.463835,9.20303,-0.0557757,0.00268527,0.0616728,0.619849,0.620572,1
5020,274.268,0.368306,0.00132176,0.0395059,-1.11497,-0.0563132,0.00193291,-0.30658,-0.86919,0.361446,8.76833,-0.0552592,0.00258756,0.0617239,0.619849,0.620572,1
5030,284.325,0.373843,0.00121318,0.0395464,-1.1139,-0.0563069,0.00213054,-0.312152,-0.864278,0.289711,8.3432,-0.0551736,0.00198204,0.061689,0.619849,0.620572,1
5040,283.962,0.379796,0.00110575,0.0395791,-1.11288,-0.0563011,0.00232836,-0.317719,-0.851166,0.234306,7.9399,-0.0557188,0.00124408,0.0620745,0.619849,0.620572,1
5050,279.79,0.386105,0.00100047,0.0396053,-1.11191,-0.0562958,0.00252632,-0.323281,-0.829474,0.185552,7.58944,-0.0561267,0.000997668,0.0628202,0.619849,0.620572,1
5060,280.315,0.39258,0.000898569,0.0396256,-1.11098,-0.0562911,0.0027244,-0.328838,-0.79693,0.138007,7.30362,-0.0561268,0.00102284,0.0637383,0.619849,0.620572,1
5070,277.906,0.399113,0.000801437,0.0396397,-1.11008,-0.0562869,0.00292257,-0.334391,-0.753525,0.0855664,7.07029,-0.0560237,0.000806961,0.0647165,0.619849,0.620572,1
5080,291.377,0.405508,0.000710339,0.0396466,-1.10921,-0.0562831,0.00312079,-0.339939,-0.700482,0.023339,6.87916,-0.0558244,-2.78324e-005,0.0655565,0.619849,0.620572,1
5090,316.341,0.411498,0.000626594,0.0396451,-1.10836,-0.0562797,0.00331902,-0.345483,-0.635395,-0.0495976,6.71104,-0.055377,-0.00109538,0.0659903,0.619542,0.620392,1
5100,333.8,0.417257,0.000551833,0.039634,-1.10753,-0.0562768,0.00351722,-0.351023,-0.557572,-0.12684,6.53906,-0.0551306,-0.00212661,0.0661943,0.619067,0.620139,1
5110,338.356,0.42303,0.000487213,0.0396136,-1.10672,-0.0562742,0.00371535,-0.356559,-0.475206,-0.19771,6.35492,-0.0552586,-0.00285251,0.0664192,0.61873,0.619984,1
5120,354.7,0.428911,0.000416755,0.0395804,-1.10595,-0.0562719,0.00391334,-0.36209,-0.528973,-0.295691,6.07374,-0.0553645,-0.00334541,0.0667579,0.618446,0.619875,1
5130,360.395,0.434529,0.000344017,0.0395296,-1.10521,-0.05627,0.00411111,-0.367618,-0.545741,-0.431136,5.79401,-0.0553606,-0.00338222,0.0668456,0.618234,0.619815,1
5140,328.343,0.439856,0.000298875,0.0394637,-1.10451,-0.0562685,0.0043086,-0.373142,-0.284029,-0.463144,5.34823,-0.0557536,-0.00315391,0.0666503,0.617989,0.619736,1
5150,310.107,0.445168,0.000266985,0.039403,-1.10385,-0.056267,0.00450577,-0.378663,-0.226933,-0.506719,5.17272,-0.0562712,-0.00281223,0.0664442,0.617405,0.619532,1
5160,319.822,0.451083,0.000241936,0.0393367,-1.10322,-0.0562658,0.00470262,-0.384181,-0.174483,-0.553209,4.98217,-0.056339,-0.00280762,0.0668392,0.616629,0.61927,1
5170,323.978,0.457564,0.000222726,0.0392649,-1.10261,-0.0562646,0.00489913,-0.389695,-0.133063,-0.591446,4.79178,-0.0562416,-0.00326114,0.0677957,0.615999,0.619072,1
5180,301.947,0.464315,0.000205781,0.0391736,-1.10205,-0.0562635,0.00509524,-0.395207,-0.13367,-0.826002,4.23697,-0.0566005,-0.00415013,0.0690158,0.615565,0.618951,1
5190,253.866,0.470894,0.000184301,0.0390717,-1.10153,-0.0562626,0.00529085,-0.400716,-0.223018,-0.798288,3.96277,-0.0569367,-0.00475899,0.0700705,0.615161,0.618852,1
5200,236.411,0.477099,0.000158832,0.0389714,-1.10105,-0.0562617,0.00548596,-0.406222,-0.184681,-0.80259,3.77304,-0.0566819,-0.00461121,0.0707692,0.614732,0.618759,1
5210,233.628,0.482623,0.000143849,0.0388688,-1.10061,-0.056261,0.00568056,-0.411727,-0.089593,-0.78689,3.40164,-0.0562076,-0.00390431,0.0708017,0.614429,0.618702,1
5220,232.17,0.48795,0.000144433,0.0387743,-1.1002,-0.0562602,0.00587466,-0.417229,0.0583776,-0.732401,3.13088,-0.0562248,-0.00350573,0.0706311,0.614429,0.618702,1
5230,240.342,0.493734,0.000157383,0.0386781,-1.09984,-0.0562595,0.00606829,-0.422729,0.152598,-0.739532,2.7114,-0.0566176,-0.00356632,0.0709113,0.614429,0.618702,1
5240,246.512,0.500345,0.000185624,0.0385857,-1.09952,-0.0562586,0.00626145,-0.428227,0.165175,-0.681135,2.34123,-0.0570804,-0.00346956,0.0720223,0.614429,0.618702,1
5250,246.41,0.507169,0.000199371,0.0385081,-1.09924,-0.0562577,0.00645417,-0.433724,0.0654835,-0.569422,2.15698,-0.0574832,-0.00265377,0.0733619,0.614429,0.618702,1
5260,254.38,0.513595,0.000207576,0.0384378,-1.09898,-0.0562567,0.00664654,-0.439219,0.065988,-0.555037,2.06868,-0.0576122,-0.00177019,0.0743048,0.614429,0.618702,1
5270,240.619,0.51946,0.000216475,0.0383657,-1.09875,-0.0562556,0.00683855,-0.444714,0.0654181,-0.610323,1.65722,-0.0572674,-0.00154962,0.0746778,0.614429,0.618702,1
5280,230.26,0.525392,0.000237566,0.0382888,-1.09856,-0.0562545,0.00703019,-0.450207,0.206439,-0.657815,1.36864,-0.0568545,-0.00183809,0.0751099,0.614429,0.618702,1
5290,249.681,0.531599,0.000263844,0.0382082,-1.09839,-0.0562532,0.00722143,-0.455699,0.274954,-0.692919,1.19088,-0.0567436,-0.00198332,0.0758195,0.614429,0.618702,1
5300,259.416,0.537572,0.000298188,0.038124,-1.09825,-0.0562518,0.00741226,-0.461191,0.273879,-0.652671,1.14773,-0.05655,-0.00181113,0.0763015,0.614429,0.618702,1
5310,266.029,0.542709,0.000332342,0.0380449,-1.09811,-0.0562502,0.00760268,-0.466682,0.271341,-0.609975,1.09975,-0.0558611,-0.00151848,0.0759504,0.614226,0.618625,1
5320,266.546,0.547244,0.000365931,0.0379714,-1.09797,-0.0562485,0.00779272,-0.472172,0.264605,-0.565508,1.04554,-0.0552056,-0.00120908,0.0749967,0.61379,0.618474,1
5330,258.024,0.551606,0.000398142,0.0379131,-1.09786,-0.0562466,0.00798243,-0.477662,0.251694,-0.443888,0.860704,-0.055195,-0.000697848,0.0738748,0.613316,0.618324,1
5340,262.785,0.556232,0.000428895,0.0378595,-1.09775,-0.0562445,0.00817186,-0.483151,0.239645,-0.414065,0.817523,-0.0554877,0.00041855,0.0730273,0.612986,0.618236,1
5350,269.175,0.561124,0.000455706,0.037814,-1.09767,-0.0562423,0.00836104,-0.488639,0.199102,-0.332386,0.543225,-0.0556619,0.00189719,0.072447,0.612962,0.618231,1
5360,252.983,0.566185,0.000480835,0.0377752,-1.09761,-0.05624,0.00855,-0.494127,0.226113,-0.220542,0.400821,-0.0560485,0.00278174,0.0720281,0.612962,0.618231,1
5370,257.49,0.570919,0.000508626,0.0377481,-1.09756,-0.0562375,0.00873881,-0.499615,0.217868,-0.212745,0.391959,-0.056884,0.00245459,0.0712685,0.612962,0.618231,1
5380,253.763,0.575192,0.000530948,0.0377228,-1.09752,-0.0562349,0.00892749,-0.505103,0.109872,-0.186805,0.262479,-0.0575245,0.00158663,0.0700409,0.612962,0.618231,1
5390,259.305,0.579167,0.000544593,0.0376996,-1.09748,-0.0562322,0.00911604,-0.510591,0.108317,-0.183841,0.260686,-0.0574381,0.000772402,0.0685148,0.612962,0.618231,1
5400,261.167,0.583308,0.000557483,0.0376785,-1.09745,-0.0562294,0.00930449,-0.516078,0.0750677,-0.0867581,0.136591,-0.0567958,-3.88049e-005,0.0671548,0.612962,0.618231,1
5410,260.107,0.587867,0.000566872,0.0376676,-1.09744,-0.0562266,0.00949285,-0.521565,0.0747968,-0.0870718,0.138633,-0.0560815,-0.00130617,0.0662032,0.612785,0.61823,1
5420,272.366,0.592693,0.000576148,0.0376568,-1.09742,-0.0562238,0.00968116,-0.527052,0.0731427,-0.0853924,0.137599,-0.0554923,-0.00266247,0.0655115,0.612375,0.618238,1
5430,266.326,0.597371,0.000585105,0.0376463,-1.0974,-0.0562209,0.00986942,-0.532539,0.069686,-0.0814964,0.133215,-0.0551207,-0.00355442,0.0646798,0.612257,0.618244,1
5440,240.44,0.601914,0.000593122,0.0376369,-1.09739,-0.0562179,0.0100576,-0.538026,0,0,0,-0.05482,-0.0034897,0.063734,0.612141,0.618256,1
5450,232.428,0.60656,0.000593122,0.0376369,-1.09739,-0.0562149,0.0102458,-0.543513,0,0,0,-0.054352,-0.00277291,0.062904,0.612052,0.61827,1
5460,240.804,0.611331,0.000593122,0.0376369,-1.09739,-0.056212,0.010434,-0.549,0,0,0,-0.0537298,-0.00206058,0.0621981,0.611946,0.618293,1
5470,249.456,0.616121,0.000593122,0.0376369,-1.09739,-0.056209,0.0106222,-0.554487,0,0,0,-0.0534777,-0.00212508,0.0614963,0.611722,0.618351,1
5480,280.069,0.62097,0.000593122,0.0376369,-1.09739,-0.056206,0.0108104,-0.559974,0,0,0,-0.0536014,-0.00258509,0.060846,0.61162,0.618384,1
5490,281.788,0.625917,0.000593122,0.0376369,-1.09739,-0.0562031,0.0109985,-0.565461,0,0,0,-0.0537094,-0.00267317,0.0603021,0.61162,0.618384,1
5500,274.97,0.630624,0.000593122,0.0376369,-1.09739,-0.0562001,0.0111867,-0.570948,0,0,0,-0.0537355,-0.00206877,0.0595321,0.61162,0.618384,1
5510,281.759,0.635017,0.000593122,0.0376369,-1.09739,-0.0561971,0.0113749,-0.576435,0,0,0,-0.0540733,-0.00152774,0.0584473,0.61259,0.619183,1
5520,290.327,0.639649,0.000593122,0.0376369,-1.09739,-0.0561942,0.0115631,-0.581922,0,0,0,-0.0545005,-0.00152751,0.0575907,0.613035,0.619983,1
5530,285.327,0.645213,0.000593122,0.0376369,-1.09739,-0.0561912,0.0117513,-0.587409,0,0,0,-0.054779,-0.00194187,0.0576572,0.613572,0.621293,1
5540,283.55,0.65126,0.000593122,0.0376369,-1.09739,-0.0561883,0.0119395,-0.592896,0,0,0,-0.0551453,-0.00211195,0.0582116,0.613843,0.622158,1
5550,278.097,0.656753,0.000593122,0.0376369,-1.09739,-0.0561853,0.0121277,-0.598383,0,0,0,-0.0558259,-0.0019772,0.0582185,0.614206,0.623297,1
5560,286.924,0.661429,0.000593122,0.0376369,-1.09739,-0.0561823,0.0123158,-0.603869,0,0,0,-0.0562362,-0.00159462,0.0574138,0.614585,0.624354,1
5570,278.847,0.666404,0.000593122,0.0376369,-1.09739,-0.0561794,0.012504,-0.609356,0,0,0,-0.0562664,-0.00122723,0.0569064,0.614873,0.624993,1
5580,244.585,0.672509,0.000593122,0.0376369,-1.09739,-0.0561764,0.0126922,-0.614843,0,0,0,-0.0564038,-0.000945295,0.0575276,0.615107,0.625367,1
5590,230.751,0.679514,0.000593122,0.0376369,-1.09739,-0.0561734,0.0128804,-0.62033,0,0,0,-0.056869,-0.000921184,0.0590432,0.615296,0.625598,1
5600,249.074,0.686568,0.000593122,0.0376369,-1.09739,-0.0561705,0.0130686,-0.625817,0,0,0,-0.0573538,-0.00101058,0.0606053,0.615592,0.625991,1
5610,273.802,0.693181,0.000593122,0.0376369,-1.09739,-0.0561675,0.0132568,-0.631304,0,0,0,-0.0579596,-0.00125595,0.0617227,0.615926,0.62648,1
5620,285.777,0.699399,0.000593122,0.0376369,-1.09739,-0.0561645,0.0134449,-0.636791,0,0,0,-0.0588063,-0.00155162,0.0624422,0.616244,0.626981,1
5630,272.812,0.705552,0.000593122,0.0376369,-1.09739,-0.0561616,0.0136331,-0.642278,0,0,0,-0.0594073,-0.00183387,0.0630969,0.616436,0.627342,1
5640,282.374,0.711742,0.000593122,0.0376369,-1.09739,-0.0561586,0.0138213,-0.647765,0,0,0,-0.0591883,-0.00204694,0.0637938,0.616579,0.627655,1
5650,303.621,0.718319,0.000593122,0.0376369,-1.09739,-0.0561556,0.0140095,-0.653252,0,0,0,-0.0583095,-0.00253987,0.0648731,0.61677,0.628134,1
5660,303.411,0.725235,0.000593122,0.0376369,-1.09739,-0.0561527,0.0141977,-0.658739,0,0,0,-0.0571786,-0.00346803,0.0662808,0.617039,0.628876,1
5670,298.473,0.731969,0.000593122,0.0376369,-1.09739,-0.0561497,0.0143859,-0.664226,0,0,0,-0.0561322,-0.00426669,0.0675058,0.617292,0.629647,1
5680,279.239,0.737832,0.000593122,0.0376369,-1.09739,-0.0561467,0.0145741,-0.669713,0,0,0,-0.0554188,-0.00407384,0.0678831,0.617487,0.630305,1
5690,274.433,0.743196,0.000593122,0.0376369,-1.09739,-0.0561438,0.0147622,-0.6752,0,0,0,-0.0549871,-0.00292195,0.0677847,0.617593,0.630708,1
5700,283.607,0.748859,0.000593122,0.0376369,-1.09739,-0.0561408,0.0149504,-0.680687,0,0,0,-0.0547038,-0.00172113,0.0679858,0.617605,0.630732,1
5710,271.761,0.755158,0.000593122,0.0376369,-1.09739,-0.0561378,0.0151386,-0.686173,0,0,0,-0.0547642,-0.000861056,0.0688135,0.617605,0.630732,1
5720,246.798,0.761201,0.000593122,0.0376369,-1.09739,-0.0561349,0.0153268,-0.69166,0,0,0,-0.0553177,4.96017e-005,0.0693868,0.617653,0.6308,1
5730,246.681,0.766322,0.000593122,0.0376369,-1.09739,-0.0561319,0.015515,-0.697147,0,0,0,-0.0558739,0.00131913,0.0690428,0.6178,0.631021,1
5740,248.529,0.770985,0.000593122,0.0376369,-1.09739,-0.0561289,0.0157032,-0.702634,0,0,0,-0.055772,0.00251834,0.0682378,0.617976,0.631201,1
5750,258.564,0.776225,0.000593122,0.0376369,-1.09739,-0.056126,0.0158913,-0.708121,0,0,0,-0.0550915,0.0030937,0.0679979,0.617981,0.631205,1
5760,257.652,0.782117,0.000593122,0.0376369,-1.09739,-0.056123,0.0160795,-0.713608,0,0,0,-0.0545841,0.00278847,0.0683946,0.617981,0.631205,1
5770,247.28,0.787973,0.000593122,0.0376369,-1.09739,-0.05612,0.0162677,-0.719095,0,0,0,-0.0545478,0.00214859,0.06875,0.617981,0.631205,1
5780,235.853,0.793448,0.000593122,0.0376369,-1.09739,-0.0561171,0.0164559,-0.724582,0,0,0,-0.0548338,0.00207982,0.0687351,0.617981,0.631205,1
5790,219.734,0.798822,0.000593122,0.0376369,-1.09739,-0.0561141,0.0166441,-0.730069,0,0,0,-0.0551864,0.00287971,0.0686336,0.617981,0.631205,1
5800,208.444,0.804306,0.000593122,0.0376369,-1.09739,-0.0561111,0.0168323,-0.735556,0,0,0,-0.0554294,0.0034654,0.068639,0.617981,0.631205,1
5810,199.591,0.809797,0.000593122,0.0376369,-1.09739,-0.0561082,0.0170205,-0.741043,0,0,0,-0.0555511,0.00277408,0.068629,0.617981,0.631205,1
5820,213.305,0.815206,0.000593122,0.0376369,-1.09739,-0.0561052,0.0172086,-0.74653,0,0,0,-0.0560306,0.00105336,0.0685161,0.617981,0.631205,1
5830,228.606,0.820614,0.000593122,0.0376369,-1.09739,-0.0561022,0.0173968,-0.752017,0,0,0,-0.0568859,-0.000175453,0.0684086,0.617981,0.631205,1
5840,234.605,0.825928,0.000593122,0.0376369,-1.09739,-0.0560993,0.017585,-0.757504,0,0,0,-0.0575559,-0.000305723,0.0682298,0.618126,0.63142,1
5850,230.552,0.830959,0.000593122,0.0376369,-1.09739,-0.0560963,0.0177732,-0.762991,0,0,0,-0.0575088,0.000127654,0.0677794,0.618297,0.631717,1
5860,231.038,0.83571,0.000593122,0.0376369,-1.09739,-0.0560934,0.0179614,-0.768477,0,0,0,-0.0570005,0.000227378,0.0670436,0.618349,0.631843,1
5870,226.695,0.840637,0.000593122,0.0376369,-1.09739,-0.0560904,0.0181496,-0.773964,0,0,0,-0.0564445,-0.000177218,0.0664726,0.618349,0.631843,1
5880,231.084,0.846252,0.000593122,0.0376369,-1.09739,-0.0560874,0.0183377,-0.779451,0,0,0,-0.0560352,-0.000897415,0.0665819,0.618349,0.63187,1
5890,262.866,0.852077,0.000593122,0.0376369,-1.09739,-0.0560845,0.0185259,-0.784938,0,0,0,-0.0555536,-0.00132717,0.0669069,0.618342,0.63197,1
5900,284.539,0.857313,0.000593122,0.0376369,-1.09739,-0.0560815,0.0187141,-0.790425,0,0,0,-0.0551545,-0.00137381,0.0666517,0.618342,0.63197,1
5910,292.081,0.861754,0.000593122,0.0376369,-1.09739,-0.0560785,0.0189023,-0.795912,0,0,0,-0.0550154,-0.00133379,0.0656039,0.618342,0.63197,1
5920,285.056,0.86585,0.000593122,0.0376369,-1.09739,-0.0560756,0.0190905,-0.801399,0,0,0,-0.0550546,-0.00148389,0.0642054,0.618342,0.63197,1
5930,274.597,0.86987,0.000593122,0.0376369,-1.09739,-0.0560726,0.0192787,-0.806886,0,0,0,-0.0550017,-0.00140635,0.0627378,0.618342,0.63197,1
5940,281.895,0.874034,0.000593122,0.0376369,-1.09739,-0.0560696,0.0194669,-0.812373,0,0,0,-0.0549016,-0.00125173,0.0614145,0.618197,0.632105,1
5950,291.222,0.878318,0.000593122,0.0376369,-1.09739,-0.0560667,0.019655,-0.81786,0,0,0,-0.0548802,-0.00149883,0.0602023,0.617992,0.632223,1
5960,301.797,0.882664,0.000593122,0.0376369,-1.09739,-0.0560637,0.0198432,-0.823347,0,0,0,-0.0551409,-0.00198201,0.0590466,0.617964,0.632252,1
5970,299.521,0.886769,0.000593122,0.0376369,-1.09739,-0.0560607,0.0200314,-0.828834,0,0,0,-0.0554181,-0.00191251,0.0576638,0.617892,0.632353,1
5980,291.229,0.890694,0.000593122,0.0376369,-1.09739,-0.0560578,0.0202196,-0.834321,0,0,0,-0.0554765,-0.00150657,0.056108,0.617793,0.632547,1
5990,265.822,0.894822,0.000593122,0.0376369,-1.09739,-0.0560548,0.0204078,-0.839808,0,0,0,-0.0554974,-0.00130076,0.0547513,0.617681,0.632851,1
6000,258.018,0.89974,0.000593122,0.0376369,-1.09739,-0.0560518,0.020596,-0.845295,0,0,0,-0.0561401,-0.00139839,0.054177,0.617631,0.633061,1
6010,251.517,0.905186,0.000593122,0.0376369,-1.09739,-0.0560489,0.0207842,-0.850781,0,0,0,-0.0574975,-0.00168627,0.054124,0.617625,0.633169,1
6020,230.966,0.910386,0.000593122,0.0376369,-1.09739,-0.0560459,0.0209723,-0.856268,0,0,0,-0.0590482,-0.00225506,0.0538164,0.617599,0.633198,1
6030,230.654,0.914771,0.000593122,0.0376369,-1.09739,-0.0560429,0.0211605,-0.861755,0,0,0,-0.0598732,-0.0028676,0.0526921,0.617599,0.633198,1
6040,222.061,0.919098,0.000593122,0.0376369,-1.09739,-0.05604,0.0213487,-0.867242,0,0,0,-0.059798,-0.00313674,0.0515223,0.617599,0.633198,1
6050,223.921,0.924321,0.000593122,0.0376369,-1.09739,-0.056037,0.0215369,-0.872729,0,0,0,-0.0592648,-0.00333862,0.0512516,0.617599,0.633198,1
6060,236.987,0.930601,0.000593122,0.0376369,-1.09739,-0.056034,0.0217251,-0.878216,0,0,0,-0.0587069,-0.00377538,0.0520313,0.617599,0.633198,1
6070,231.831,0.936952,0.000593122,0.0376369,-1.09739,-0.0560311,0.0219133,-0.883703,0,0,0,-0.0577855,-0.0041499,0.0528844,0.616725,0.633528,1
6080,249.883,0.942638,0.000593122,0.0376369,-1.09739,-0.0560281,0.0221014,-0.88919,0,0,0,-0.0563739,-0.00391556,0.053089,0.61563,0.633942,1
6090,282.012,0.947707,0.000593122,0.0376369,-1.09739,-0.0560251,0.0222896,-0.894677,0,0,0,-0.055035,-0.00324416,0.0526856,0.614516,0.634384,1
6100,283.666,0.952955,0.000593122,0.0376369,-1.09739,-0.0560222,0.0224778,-0.900164,0,0,0,-0.0546561,-0.00260626,0.0524597,0.613492,0.634805,1
6110,291.343,0.958859,0.000593122,0.0376369,-1.09739,-0.0560192,0.022666,-0.905651,0,0,0,-0.0552396,-0.00208633,0.0528885,0.612463,0.635234,1
6120,273.066,0.965529,0.000593122,0.0376369,-1.09739,-0.0560162,0.0228542,-0.911138,0,0,0,-0.0560655,-0.00127538,0.0540901,0.612039,0.635431,1
6130,277.281,0.972365,0.000593122,0.0376369,-1.09739,-0.0560133,0.0230424,-0.916625,0,0,0,-0.0565236,-0.000503634,0.0554551,0.612039,0.635431,1
6140,288.401,0.978926,0.000593122,0.0376369,-1.09739,-0.0560103,0.0232306,-0.922112,0,0,0,-0.056593,-0.000309178,0.0565312,0.612039,0.635431,1
6150,278.635,0.985378,0.000593122,0.0376369,-1.09739,-0.0560073,0.0234187,-0.927599,0,0,0,-0.0565383,-0.000720051,0.0574836,0.612039,0.635431,1
6160,269.519,0.992502,0.000593122,0.0376369,-1.09739,-0.0560044,0.0236069,-0.933085,0,0,0,-0.0564879,-0.0010858,0.0591092,0.612029,0.635449,1
6170,267.968,1.00036,0.000593122,0.0376369,-1.09739,-0.0560014,0.0237951,-0.938572,0,0,0,-0.0561871,-0.00135801,0.0614731,0.612029,0.635449,1
6180,263.779,1.00832,0.000593122,0.0376369,-1.09739,-0.0559985,0.0239833,-0.944059,0,0,0,-0.0553089,-0.00153602,0.0639349,0.612029,0.635449,1
6190,250.075,1.01575,0.000593122,0.0376369,-1.09739,-0.0559955,0.0241715,-0.949546,0,0,0,-0.0541657,-0.00177643,0.0658663,0.612029,0.635449,1
6200,228.847,1.02264,0.000593122,0.0376369,-1.09739,-0.0559925,0.0243597,-0.955033,0,0,0,-0.0533581,-0.00204978,0.0672603,0.612029,0.635449,1
6210,203.159,1.02935,0.000593122,0.0376369,-1.09739,-0.0559896,0.0245478,-0.96052,0,0,0,-0.0530154,-0.00221516,0.0684765,0.612029,0.635449,1
6220,211.769,1.03603,0.000593122,0.0376369,-1.09739,-0.0559866,0.024736,-0.966007,0,0,0,-0.0528619,-0.00138894,0.0696866,0.612029,0.635449,1
6230,210.067,1.04255,0.000593122,0.0376369,-1.09739,-0.0559836,0.0249242,-0.971494,0,0,0,-0.0530362,0.000292393,0.070756,0.611978,0.635482,1
6240,201.64,1.04878,0.000593122,0.0376369,-1.09739,-0.0559807,0.0251124,-0.976981,0,0,0,-0.0537521,0.00152218,0.0715307,0.611753,0.635604,1
6250,209.097,1.05484,0.000593122,0.0376369,-1.09739,-0.0559777,0.0253006,-0.982468,0,0,0,-0.0547298,0.00135462,0.0720986,0.611678,0.635661,1
6260,208.938,1.06049,0.000593122,0.0376369,-1.09739,-0.0559747,0.0254888,-0.987955,0,0,0,-0.0554325,0.000742637,0.0722472,0.611598,0.635729,1
6270,214.775,1.06562,0.000593122,0.0376369,-1.09739,-0.0559718,0.025677,-0.993442,0,0,0,-0.0558984,0.000390269,0.0718741,0.611598,0.635729,1
6280,219.136,1.07051,0.000593122,0.0376369,-1.09739,-0.0559688,0.0258651,-0.998929,0,0,0,-0.0560629,-2.52591e-005,0.0712719,0.611588,0.635742,1
6290,221.854,0.924818,0.000593122,0.0376369,-1.09739,-0.0559658,0.0260533,0.995584,0,0,0,-0.0556379,-0.0010881,0.0711652,0.611419,0.635987,1
6300,223.488,0.918943,0.000593122,0.0376369,-1.09739,-0.0559629,0.0262415,0.990097,0,0,0,-0.0547757,-0.00236133,0.0716,0.611386,0.636048,1
6310,218.027,0.913076,0.000593122,0.0376369,-1.09739,-0.0559599,0.0264297,0.984611,0,0,0,-0.0543442,-0.00341707,0.0720242,0.611386,0.636048,1
6320,230.476,0.90801,0.000593122,0.0376369,-1.09739,-0.0559569,0.0266179,0.979124,0,0,0,-0.0545159,-0.00402745,0.0716317,0.611386,0.636048,1
6330,240.068,0.903333,0.000593122,0.0376369,-1.09739,-0.055954,0.0268061,0.973637,0,0,0,-0.0549693,-0.0042109,0.0708372,0.611386,0.636048,1
6340,243.93,0.898411,0.000593122,0.0376369,-1.09739,-0.055951,0.0269942,0.96815,0,0,0,-0.0554585,-0.0040267,0.0702745,0.611386,0.636048,1
6350,233.542,0.893064,0.000593122,0.0376369,-1.09739,-0.055948,0.0271824,0.962663,0,0,0,-0.0560422,-0.00404435,0.0701445,0.611386,0.636048,1
6360,243.854,0.88789,0.000593122,0.0376369,-1.09739,-0.0559451,0.0273706,0.957176,0,0,0,-0.056411,-0.00430351,0.0698514,0.611188,0.636293,1
6370,248.061,0.882959,0.000593122,0.0376369,-1.09739,-0.0559421,0.0275588,0.951689,0,0,0,-0.0565015,-0.0041313,0.0692991,0.611188,0.636293,1
6380,272.981,0.878313,0.000593122,0.0376369,-1.09739,-0.0559391,0.027747,0.946202,0,0,0,-0.056573,-0.00346515,0.0684442,0.611188,0.636293,1
6390,269.774,0.873877,0.000593122,0.0376369,-1.09739,-0.0559362,0.0279352,0.940715,0,0,0,-0.0570071,-0.00327695,0.0673968,0.611167,0.636311,1
6400,277.605,0.869747,0.000593122,0.0376369,-1.09739,-0.0559332,0.0281234,0.935228,0,0,0,-0.0576022,-0.00378175,0.0660677,0.611014,0.636413,1
6410,300.543,0.865439,0.000593122,0.0376369,-1.09739,-0.0559302,0.0283115,0.929741,0,0,0,-0.0580937,-0.00417339,0.0649148,0.611014,0.636413,1
6420,290.04,0.860699,0.000593122,0.0376369,-1.09739,-0.0559273,0.0284997,0.924254,0,0,0,-0.0581549,-0.00408099,0.0641753,0.611014,0.636413,1
6430,279.211,0.85557,0.000593122,0.0376369,-1.09739,-0.0559243,0.0286879,0.918767,0,0,0,-0.0578004,-0.00374762,0.0638147,0.610983,0.636451,1
6440,268.373,0.850902,0.000593122,0.0376369,-1.09739,-0.0559213,0.0288761,0.91328,0,0,0,-0.0572598,-0.0031698,0.0629835,0.610919,0.636548,1
6450,270.572,0.846807,0.000593122,0.0376369,-1.09739,-0.0559184,0.0290643,0.907793,0,0,0,-0.0568207,-0.00228219,0.0615673,0.610907,0.63657,1
6460,266.874,0.84268,0.000593122,0.0376369,-1.09739,-0.0559154,0.0292525,0.902307,0,0,0,-0.0561994,-0.00160308,0.0601915,0.610775,0.636825,1
6470,249.435,0.837667,0.000593122,0.0376369,-1.09739,-0.0559124,0.0294406,0.89682,0,0,0,-0.0551788,-0.00136666,0.0597198,0.610775,0.636825,1
6480,223.177,0.832149,0.000593122,0.0376369,-1.09739,-0.0559095,0.0296288,0.891333,0,0,0,-0.0542149,-0.00117687,0.0597559,0.610765,0.636869,1
6490,244.327,0.826901,0.000593122,0.0376369,-1.09739,-0.0559065,0.029817,0.885846,0,0,0,-0.0540859,-0.000603692,0.0595062,0.610765,0.636869,1
6500,265.974,0.822427,0.000593122,0.0376369,-1.09739,-0.0559036,0.0300052,0.880359,0,0,0,-0.0547726,-0.000103566,0.0584842,0.610765,0.636869,1
6510,271.832,0.818195,0.000593122,0.0376369,-1.09739,-0.0559006,0.0301934,0.874872,0,0,0,-0.0554884,-5.28171e-005,0.0572361,0.610523,0.63684,1
6520,274.408,0.8138,0.000593122,0.0376369,-1.09739,-0.0558976,0.0303816,0.869385,0,0,0,-0.0558739,-0.00042113,0.056168,0.610523,0.63684,1
6530,273.555,0.809226,0.000593122,0.0376369,-1.09739,-0.0558947,0.0305698,0.863898,0,0,0,-0.0561983,-0.000905422,0.0552847,0.61059,0.636404,1
6540,277.869,0.804879,0.000593122,0.0376369,-1.09739,-0.0558917,0.0307579,0.858411,0,0,0,-0.0564071,-0.00154507,0.0541809,0.610869,0.636029,1
6550,266.011,0.800535,0.000593122,0.0376369,-1.09739,-0.0558887,0.0309461,0.852924,0,0,0,-0.0561784,-0.00177969,0.0530582,0.611194,0.635745,1
6560,238.695,0.795767,0.000593122,0.0376369,-1.09739,-0.0558858,0.0311343,0.847437,0,0,0,-0.0557708,-0.00138245,0.0523351,0.61144,0.635513,1
6570,238.969,0.790526,0.000593122,0.0376369,-1.09739,-0.0558828,0.0313225,0.84195,0,0,0,-0.0555909,-0.000814673,0.0520778,0.611864,0.635144,1
6580,252.312,0.785046,0.000593122,0.0376369,-1.09739,-0.0558798,0.0315107,0.836463,0,0,0,-0.0554534,-0.000861893,0.0520849,0.612407,0.634692,1
6590,220.622,0.779228,0.000593122,0.0376369,-1.09739,-0.0558769,0.0316989,0.830976,0,0,0,-0.0550897,-0.0010372,0.052437,0.612674,0.634468,1
6600,204.174,0.773084,0.000593122,0.0376369,-1.09739,-0.0558739,0.031887,0.825489,0,0,0,-0.0548053,-0.000900841,0.0531014,0.612674,0.634468,1
6610,184.349,0.767012,0.000593122,0.0376369,-1.09739,-0.0558709,0.0320752,0.820003,0,0,0,-0.0545492,-0.000768513,0.0536952,0.612673,0.634443,1
6620,190.418,0.761187,0.000593122,0.0376369,-1.09739,-0.055868,0.0322634,0.814516,0,0,0,-0.0539388,-0.00112316,0.0540632,0.612638,0.63409,1
6630,202.648,0.755396,0.000593122,0.0376369,-1.09739,-0.055865,0.0324516,0.809029,0,0,0,-0.0531893,-0.00149772,0.0544002,0.612591,0.633729,1
6640,204.015,0.749164,0.000593122,0.0376369,-1.09739,-0.055862,0.0326398,0.803542,0,0,0,-0.053216,-0.0016598,0.0551683,0.612593,0.63358,1
6650,184.331,0.742472,0.000593122,0.0376369,-1.09739,-0.0558591,0.032828,0.798055,0,0,0,-0.0540309,-0.00141835,0.0563753,0.612593,0.63358,1
6660,195.135,0.735517,0.000593122,0.0376369,-1.09739,-0.0558561,0.0330162,0.792568,0,0,0,-0.0550402,-0.000512613,0.0578158,0.612593,0.63358,1
6670,211.046,0.728736,0.000593122,0.0376369,-1.09739,-0.0558531,0.0332043,0.787081,0,0,0,-0.0558711,0.000830008,0.0590644,0.612563,0.633432,1
6680,213.434,0.721937,0.000593122,0.0376369,-1.09739,-0.0558502,0.0333925,0.781594,0,0,0,-0.0565334,0.00146389,0.0603639,0.612522,0.633353,1
6690,232.07,0.715019,0.000593122,0.0376369,-1.09739,-0.0558472,0.0335807,0.776107,0,0,0,-0.056805,0.00110514,0.0618268,0.61252,0.633304,1
6700,239.828,0.708021,0.000593122,0.0376369,-1.09739,-0.0558442,0.0337689,0.77062,0,0,0,-0.0567312,0.000766772,0.0633697,0.612513,0.633125,1
6710,246.77,0.701226,0.000593122,0.0376369,-1.09739,-0.0558413,0.0339571,0.765133,0,0,0,-0.0562507,0.00111647,0.0646765,0.612504,0.632928,1
6720,233.003,0.694325,0.000593122,0.0376369,-1.09739,-0.0558383,0.0341453,0.759646,0,0,0,-0.0553497,0.00137644,0.0660951,0.612499,0.63269,1
6730,225.144,0.687598,0.000593122,0.0376369,-1.09739,-0.0558353,0.0343334,0.754159,0,0,0,-0.0541805,0.000766416,0.0673832,0.612503,0.632569,1
6740,238.847,0.681224,0.000593122,0.0376369,-1.09739,-0.0558324,0.0345216,0.748672,0,0,0,-0.0537083,-0.000425347,0.0683489,0.612513,0.632424,1
6750,247.159,0.67532,0.000593122,0.0376369,-1.09739,-0.0558294,0.0347098,0.743185,0,0,0,-0.0542635,-0.00166845,0.0688477,0.612538,0.632175,1
6760,251.543,0.669117,0.000593122,0.0376369,-1.09739,-0.0558264,0.034898,0.737699,0,0,0,-0.0548839,-0.00264652,0.0696358,0.612582,0.631818,1
6770,255.015,0.662496,0.000593122,0.0376369,-1.09739,-0.0558235,0.0350862,0.732212,0,0,0,-0.0545848,-0.00303205,0.0708144,0.612598,0.631711,1
6780,240.657,0.655577,0.000593122,0.0376369,-1.09739,-0.0558205,0.0352744,0.726725,0,0,0,-0.0542582,-0.00304791,0.072271,0.612598,0.631711,1
6790,230.152,0.649147,0.000593122,0.0376369,-1.09739,-0.0558176,0.0354626,0.721238,0,0,0,-0.0548521,-0.0035715,0.0732662,0.612602,0.631573,1
6800,221.087,0.64309,0.000593122,0.0376369,-1.09739,-0.0558146,0.0356507,0.715751,0,0,0,-0.0558898,-0.0045535,0.0739186,0.612613,0.63102,1
6810,221.715,0.637414,0.000593122,0.0376369,-1.09739,-0.0558116,0.0358389,0.710264,0,0,0,-0.056464,-0.00487121,0.0741518,0.612619,0.630648,1
6820,214.39,0.631909,0.000593122,0.0376369,-1.09739,-0.0558087,0.0360271,0.704777,0,0,0,-0.0569056,-0.00434978,0.07416,0.612625,0.630374,1
6830,215.669,0.627026,0.000593122,0.0376369,-1.09739,-0.0558057,0.0362153,0.69929,0,0,0,-0.0575037,-0.00402631,0.0735586,0.612633,0.630106,1
6840,213.783,0.622431,0.000592543,0.0376365,-1.09739,-0.0558027,0.0364035,0.693803,-0.00498196,-0.00353665,-0.00993773,-0.0579931,-0.00407824,0.0726939,0.612638,0.629894,1
6850,216.946,0.61775,0.000591892,0.0376361,-1.09739,-0.0557998,0.0365917,0.688316,-0.00550786,-0.00558386,-0.0304597,-0.0581376,-0.00366585,0.0718838,0.612638,0.629894,1
6860,208.934,0.612762,0.000591119,0.0376355,-1.09739,-0.0557968,0.0367798,0.682829,-0.0104041,-0.00299865,-0.0416261,-0.0578737,-0.00273323,0.0713458,0.612638,0.629894,1
6870,231.301,0.608021,0.00058979,0.0376352,-1.0974,-0.0557939,0.036968,0.677342,-0.0107788,-0.0022826,-0.0440594,-0.0569635,-0.0022288,0.0705872,0.612638,0.629894,1
6880,260.276,0.603563,0.000588422,0.0376349,-1.0974,-0.0557909,0.0371562,0.671855,-0.0111405,-0.00131496,-0.0466441,-0.0559643,-0.00211857,0.0695716,0.612638,0.629894,1
6890,280.011,0.59903,0.000587199,0.0376349,-1.09741,-0.055788,0.0373444,0.666368,-0.0069049,0.00119841,-0.0594964,-0.0558046,-0.00201198,0.0686326,0.612638,0.629894,1
6900,293.741,0.59403,0.000586347,0.0376351,-1.09742,-0.055785,0.0375325,0.660881,-0.00680344,0.00178187,-0.0624494,-0.0564361,-0.00207187,0.0681729,0.612638,0.629894,1
6910,289.671,0.588871,0.000585463,0.0376353,-1.09743,-0.0557821,0.0377207,0.655394,-0.00739145,0.00216939,-0.0660217,-0.0570588,-0.00254063,0.0679022,0.612638,0.629894,1
6920,274.538,0.583858,0.000584691,0.0376355,-1.09744,-0.0557792,0.0379089,0.649907,-0.00358949,-0.000492125,-0.0798897,-0.0576226,-0.00272516,0.0674678,0.612638,0.629894,1
6930,288.915,0.579166,0.000584222,0.0376355,-1.09745,-0.0557763,0.0380971,0.64442,-0.00379502,1.2983e-005,-0.0844673,-0.0582573,-0.00240423,0.0666764,0.612638,0.629894,1
6940,296.292,0.57469,0.000583789,0.0376355,-1.09746,-0.0557733,0.0382852,0.638932,-0.00297968,0.00132842,-0.0891329,-0.0582687,-0.0021378,0.0656707,0.612657,0.629735,1
6950,294.382,0.570363,0.000583487,0.0376358,-1.09747,-0.0557704,0.0384734,0.633445,-0.00181484,0.00299196,-0.0943178,-0.0570687,-0.00203942,0.064524,0.612691,0.629448,1
6960,289.756,0.56588,0.000583347,0.0376363,-1.09748,-0.0557675,0.0386616,0.627958,-0.000438838,0.00470146,-0.100718,-0.055418,-0.0013282,0.0634922,0.61271,0.629239,1
6970,272.415,0.56076,0.000583353,0.037637,-1.09749,-0.0557646,0.0388498,0.62247,0.000458026,0.00597657,-0.107218,-0.0544639,-0.000370834,0.0630846,0.61271,0.629239,1
6980,274.614,0.555213,0.000583453,0.0376378,-1.09751,-0.0557617,0.039038,0.616983,0.00101191,0.00829969,-0.115379,-0.0541276,-0.000312012,0.0631678,0.61271,0.629239,1
6990,253.826,0.549925,0.000583561,0.037639,-1.09752,-0.0557588,0.0392262,0.611495,0.00070779,0.0107409,-0.122566,-0.0537216,-0.00121225,0.0630626,0.61271,0.629239,1
7000,235.02,0.545412,0.000584026,0.0376483,-1.09755,-0.0557558,0.0394144,0.606007,0.00509878,0.0986861,-0.275001,-0.053313,-0.00210274,0.0621835,0.61271,0.629239,1
7010,225.534,0.541174,0.000584719,0.0376612,-1.09759,-0.0557529,0.0396027,0.60052,0.00599318,0.106193,-0.287224,-0.0532755,-0.00285766,0.0610194,0.61271,0.629239,1
7020,217.926,0.536512,0.00058553,0.0376749,-1.09762,-0.05575,0.039791,0.595032,0.0068516,0.113629,-0.299435,-0.0534143,-0.00355526,0.0602789,0.612777,0.629044,1
7030,199.953,0.530999,0.000586421,0.0376896,-1.09766,-0.0557471,0.0399794,0.589543,0.00753584,0.119916,-0.309589,-0.0536466,-0.00362301,0.0603421,0.612859,0.628833,1
7040,195.2,0.525378,0.000587456,0.037705,-1.0977,-0.0557441,0.0401679,0.584055,0.00895709,0.126302,-0.323727,-0.0540401,-0.00297875,0.0604547,0.612859,0.628833,1
7050,194.853,0.520213,0.000589136,0.0377215,-1.09774,-0.0557412,0.0403565,0.578566,0.0914544,0.168164,-0.475616,-0.054223,-0.00254215,0.0601269,0.612859,0.628833,1
7060,194.14,0.515503,0.000597307,0.0377447,-1.09781,-0.0557382,0.0405451,0.573077,0.0126622,0.211843,-0.645585,-0.0539307,-0.00249144,0.0593768,0.612859,0.628833,1
7070,186.439,0.510446,0.000598735,0.0377723,-1.09789,-0.0557352,0.0407339,0.567588,0.0100629,0.230253,-0.68458,-0.0538057,-0.00205457,0.0589421,0.612859,0.628833,1
7080,186.467,0.505163,0.000599855,0.0378025,-1.09798,-0.0557322,0.0409228,0.562099,0.00791107,0.253117,-0.733091,-0.0543825,-0.00129158,0.0587043,0.612859,0.628833,1
7090,211.163,0.49968,0.000600742,0.0378358,-1.09808,-0.0557292,0.0411119,0.556608,0.00667356,0.280361,-0.788819,-0.0552509,-0.00108547,0.0587138,0.612916,0.628711,1
7100,223.732,0.494286,0.000601645,0.0378729,-1.09818,-0.0557262,0.0413012,0.551118,0.00795229,0.312134,-0.859149,-0.0558671,-0.00139746,0.0586797,0.612916,0.628711,1
7110,229.4,0.488879,0.000602774,0.0379139,-1.09829,-0.0557232,0.0414907,0.545627,0.01042,0.342597,-0.925664,-0.0563607,-0.00169162,0.0586585,0.612991,0.62851,1
7120,239.168,0.484021,0.000604274,0.0379586,-1.09841,-0.0557202,0.0416804,0.540135,0.013055,0.371226,-0.991346,-0.056572,-0.00251263,0.0581361,0.613113,0.628197,1
7130,223.87,0.479328,0.000605776,0.0380187,-1.09855,-0.0557172,0.0418703,0.534642,0.0106048,0.529397,-1.16247,-0.0563951,-0.0042109,0.057535,0.613258,0.627848,1
7140,203.831,0.474326,0.000610329,0.0380891,-1.0987,-0.0557141,0.0420606,0.529149,0.119345,0.621507,-1.34702,-0.0563327,-0.00549795,0.057214,0.613306,0.627741,1
7150,213.577,0.468513,0.000626707,0.0381748,-1.09889,-0.055711,0.0422512,0.523655,0.146096,0.758276,-1.56242,-0.0567892,-0.00546904,0.0575798,0.613306,0.627741,1
7160,217.821,0.462851,0.000644723,0.0382736,-1.09909,-0.0557079,0.0424423,0.51816,0.142201,0.818471,-1.65654,-0.0571199,-0.00499053,0.0577481,0.613306,0.627741,1
7170,207.32,0.457627,0.000667483,0.0383839,-1.09931,-0.0557046,0.042634,0.512664,0.217816,0.938501,-1.87207,-0.0569251,-0.00476864,0.0575007,0.613306,0.627741,1
7180,186.567,0.452651,0.000695215,0.0385061,-1.09955,-0.0557012,0.0428262,0.507167,0.202154,1.07015,-2.09079,-0.0566558,-0.00431248,0.0569784,0.613306,0.627741,1
7190,174.699,0.447025,0.000717947,0.0386446,-1.09982,-0.0556976,0.043019,0.501669,0.10083,1.17269,-2.27029,-0.0567419,-0.0035515,0.0570779,0.613306,0.627741,1
7200,166.104,0.440801,0.000728771,0.0387888,-1.10012,-0.055694,0.0432126,0.496169,0.0278912,1.07079,-2.63478,-0.0566383,-0.00328886,0.0578284,0.613426,0.627574,1
7210,180.265,0.433986,0.00073188,0.0389262,-1.10046,-0.0556904,0.0434069,0.490668,0.0215429,1.12783,-2.7745,-0.0561155,-0.00355295,0.05923,0.613533,0.627437,1
7220,200.086,0.426993,0.000728836,0.0390766,-1.10083,-0.0556867,0.0436019,0.485164,0.0180443,1.19904,-3.19427,-0.0558021,-0.00374115,0.0608044,0.613533,0.627437,1
7230,218.945,0.420125,0.000729993,0.0392306,-1.10124,-0.0556831,0.0437977,0.479659,0.000272575,1.26392,-3.36531,-0.05593,-0.00405902,0.0622685,0.613533,0.627437,1
7240,221.682,0.413972,0.000728435,0.0393932,-1.10168,-0.0556794,0.0439942,0.474152,-0.0274156,1.33313,-3.5317,-0.0559084,-0.00498125,0.0630867,0.613533,0.627437,1
7250,220.161,0.408175,0.00072322,0.0395643,-1.10213,-0.0556758,0.0441916,0.468642,-0.0541373,1.40337,-3.68058,-0.0556604,-0.00584628,0.0635456,0.613633,0.627232,1
7260,207.541,0.40206,0.00071508,0.0397448,-1.1026,-0.0556722,0.0443899,0.463131,-0.0743821,1.47861,-3.83927,-0.0557096,-0.00625526,0.064273,0.613716,0.627036,1
7270,209.568,0.395338,0.000705606,0.0399344,-1.10309,-0.0556686,0.0445891,0.457616,-0.07311,1.55338,-4.01231,-0.0560666,-0.00673751,0.0656249,0.613841,0.62672,1
7280,219.085,0.388513,0.000697365,0.0401334,-1.1036,-0.0556651,0.0447893,0.4521,-0.0555315,1.62326,-4.19623,-0.0562389,-0.00723646,0.0670864,0.613841,0.62672,1
7290,241.581,0.382004,0.000692824,0.0403402,-1.10414,-0.0556617,0.0449904,0.44658,-0.0148633,1.6794,-4.3669,-0.0560001,-0.00665487,0.0680831,0.613841,0.62672,1
7300,251.098,0.37588,0.000691002,0.0405516,-1.1047,-0.0556582,0.0451927,0.441058,-0.0933607,1.57228,-4.69912,-0.0556884,-0.00510483,0.0685587,0.613841,0.62672,1
7310,234.611,0.369949,0.000680259,0.0407501,-1.10529,-0.0556548,0.0453959,0.435533,-0.0798552,1.60691,-4.82705,-0.0556704,-0.00379652,0.0688698,0.613841,0.62672,1
7320,228.892,0.363739,0.000679261,0.0409563,-1.10592,-0.0556514,0.0456002,0.430005,0.0351617,1.69032,-5.12307,-0.0561815,-0.00321777,0.0695578,0.613841,0.62672,1
7330,231.368,0.357212,0.000685458,0.0411742,-1.10657,-0.055648,0.0458055,0.424474,0.0655809,1.79344,-5.3557,-0.0570321,-0.00270234,0.0705739,0.613841,0.62672,1
7340,245.176,0.350688,0.000696123,0.0414011,-1.10726,-0.0556445,0.0460119,0.418939,0.119379,1.77299,-5.71943,-0.0575295,-0.00237624,0.0716109,0.613841,0.62672,1
7350,258.906,0.344595,0.00072517,0.0416236,-1.10801,-0.055641,0.0462195,0.413401,0.250322,1.8109,-6.11604,-0.0570703,-0.00265608,0.0722928,0.613841,0.62672,1
7360,270.772,0.338756,0.000765616,0.0418433,-1.1088,-0.0556372,0.0464282,0.407859,0.337564,1.78204,-6.48681,-0.0561996,-0.00301129,0.0727304,0.613841,0.62672,1
7370,269.883,0.333201,0.000806742,0.0420583,-1.10965,-0.0556333,0.0466379,0.402313,0.357337,1.75943,-6.88574,-0.0557633,-0.00289349,0.0728138,0.613841,0.62672,1
7380,263.245,0.327629,0.000843393,0.0422796,-1.11054,-0.0556292,0.0468488,0.396763,0.24761,1.75193,-7.4114,-0.0557317,-0.00278727,0.0729154,0.613841,0.62672,1
7390,255.455,0.321875,0.000879727,0.0425077,-1.11149,-0.0556249,0.0470607,0.391208,0.331625,1.89083,-7.77348,-0.0554283,-0.00270896,0.0732039,0.613841,0.62672,1
7400,259.696,0.315606,0.000931965,0.0427392,-1.11249,-0.0556204,0.0472739,0.385648,0.375356,1.79382,-8.22958,-0.0549763,-0.00188572,0.0738946,0.613841,0.62672,1
7410,273.615,0.309858,0.000980498,0.042964,-1.11354,-0.0556156,0.0474881,0.380083,0.394882,1.78865,-8.4979,-0.0547664,-0.000546402,0.0739717,0.613841,0.62672,1
7420,282.749,0.305134,0.00102968,0.043185,-1.11462,-0.0556105,0.0477035,0.374512,0.396329,1.74417,-8.65493,-0.0548403,0.000130492,0.0731107,0.613915,0.626589,1
7430,273.667,0.301232,0.00108186,0.043402,-1.11571,-0.0556053,0.04792,0.368936,0.438851,1.7233,-8.83552,-0.055067,2.29833e-005,0.0715375,0.614058,0.626319,1
7440,239.029,0.296782,0.0011389,0.0436157,-1.11683,-0.0555997,0.0481375,0.363355,0.473371,1.69385,-9.01731,-0.0555691,-5.45552e-005,0.0705116,0.614201,0.626027,1
7450,227.402,0.291859,0.00120005,0.043827,-1.11797,-0.0555939,0.0483561,0.357768,0.492476,1.68266,-9.32141,-0.0558228,-0.000211352,0.0699784,0.614249,0.625952,1
7460,224.361,0.28689,0.00125648,0.0440454,-1.11917,-0.0555877,0.0485758,0.352175,0.40838,1.80418,-9.75626,-0.0552786,-0.000918774,0.0695868,0.614249,0.625952,1
7470,223.223,0.282651,0.0013035,0.0442866,-1.12042,-0.0555813,0.0487966,0.346576,0.332608,1.95079,-10.2407,-0.0544658,-0.0017146,0.0684778,0.614249,0.625952,1
7480,231.022,0.278399,0.00133841,0.0445303,-1.12172,-0.0555747,0.0490186,0.340971,0.23364,1.94506,-10.5612,-0.0543131,-0.00210403,0.0673094,0.614249,0.625952,1
7490,219.796,0.273901,0.0013679,0.0447867,-1.12308,-0.0555679,0.0492419,0.335359,0.209182,2.04484,-11.0279,-0.0543809,-0.00262176,0.0664157,0.614249,0.625952,1
7500,225.532,0.268899,0.00139117,0.0450424,-1.12448,-0.055561,0.0494665,0.32974,0.169875,2.03938,-11.3582,-0.0540079,-0.00345703,0.0661049,0.614249,0.625952,1
7510,236.169,0.263925,0.00140939,0.0452935,-1.12593,-0.055554,0.0496924,0.324114,0.104154,1.95993,-11.7173,-0.0536769,-0.00395822,0.0657068,0.614267,0.626029,1
7520,230.856,0.258529,0.00141534,0.045533,-1.12741,-0.055547,0.0499194,0.318481,-0.00558171,1.86444,-11.9867,-0.0541466,-0.00386302,0.0656116,0.614267,0.626029,1
7530,239.844,0.252933,0.00140649,0.0457568,-1.12893,-0.0555399,0.0501477,0.31284,-0.146715,1.70644,-12.2427,-0.0552059,-0.00365176,0.0656953,0.614321,0.626133,1
7540,252.253,0.247161,0.00138136,0.0459625,-1.13047,-0.0555329,0.050377,0.307191,-0.22923,1.57642,-12.4361,-0.0561371,-0.00297427,0.0658576,0.614321,0.626133,1
7550,262.66,0.241967,0.00135125,0.0461473,-1.13204,-0.0555261,0.0506072,0.301535,-0.258219,1.38531,-12.6002,-0.0567743,-0.00171548,0.0652963,0.614321,0.626133,1
7560,272.611,0.23717,0.00131811,0.0463158,-1.13363,-0.0555194,0.0508384,0.295871,-0.260117,1.30826,-12.779,-0.0572892,-0.000839576,0.0644064,0.614338,0.626134,1
7570,252.308,0.232522,0.00128392,0.0464731,-1.13524,-0.0555129,0.0510704,0.290199,-0.305296,1.23123,-12.9638,-0.0576573,-0.0012001,0.0636386,0.614338,0.626134,1
7580,232.416,0.227528,0.00123767,0.0466367,-1.13688,-0.0555066,0.0513032,0.284519,-0.419923,1.38733,-13.2792,-0.0576637,-0.00181583,0.0632883,0.614338,0.626134,1
7590,230.059,0.22279,0.00118688,0.0468121,-1.13855,-0.0555005,0.0515368,0.27883,-0.403665,1.43425,-13.427,-0.057391,-0.00189815,0.0625512,0.614375,0.626149,1
7600,219.182,0.218416,0.00114644,0.0470085,-1.14025,-0.0554947,0.0517713,0.273133,-0.304899,1.6313,-13.6515,-0.0568689,-0.0019193,0.0614231,0.614415,0.626178,1
7610,212.833,0.213892,0.00110629,0.0472148,-1.14197,-0.0554891,0.0520069,0.267427,-0.350325,1.68093,-13.7334,-0.0564006,-0.00245978,0.0605885,0.614453,0.626238,1
7620,197.573,0.208483,0.00105665,0.0474291,-1.14369,-0.0554837,0.0522435,0.261713,-0.491932,1.69099,-13.8491,-0.0564871,-0.00290668,0.0606598,0.614658,0.626573,1
7630,151.753,0.202651,0.000996032,0.0476158,-1.14541,-0.0554785,0.0524811,0.25599,-0.478018,1.25284,-13.5341,-0.0570083,-0.00315581,0.0611326,0.614954,0.626958,1
7640,136.231,0.197104,0.000944678,0.047721,-1.14707,-0.0554737,0.0527195,0.250259,-0.329172,0.245388,-12.8668,-0.0570531,-0.00352743,0.0613576,0.61505,0.627026,1
7650,137.338,0.19198,0.000899334,0.0476629,-1.14861,-0.0554691,0.052958,0.24452,-0.504487,-0.943977,-11.9457,-0.0566221,-0.00368431,0.0610893,0.61505,0.627026,1
7660,151.655,0.186809,0.000837085,0.0475175,-1.15009,-0.0554647,0.053196,0.238773,-0.42026,-1.45544,-11.6928,-0.0564795,-0.00292924,0.0605975,0.615069,0.627088,1
7670,164.934,0.181455,0.000783927,0.0473068,-1.15153,-0.0554607,0.0534331,0.233019,-0.408203,-1.62771,-11.614,-0.0570092,-0.00203413,0.0602567,0.615132,0.627379,1
7680,178.37,0.176227,0.000731293,0.0471178,-1.153,-0.0554569,0.0536691,0.227258,-0.486789,-1.68159,-11.6089,-0.057412,-0.0018368,0.060012,0.615226,0.62773,1
7690,198.961,0.17108,0.000674194,0.0468547,-1.15441,-0.0554534,0.0539041,0.221489,-0.390084,-2.44781,-11.0122,-0.0573713,-0.00186389,0.0597649,0.61537,0.628222,1
7700,206.864,0.165868,0.000613121,0.0464556,-1.15573,-0.0554502,0.0541375,0.215714,-0.578224,-4.41199,-9.63276,-0.0572494,-0.00148694,0.0594613,0.615519,0.628704,1
7710,211.149,0.160568,0.000547736,0.0456866,-1.15678,-0.0554473,0.054368,0.209933,-0.522533,-7.85433,-7.30564,-0.0573216,-0.00133359,0.0593474,0.615635,0.629027,1
7720,246.87,0.155606,0.000487887,0.0443834,-1.1575,-0.0554447,0.0545935,0.204147,-0.407498,-14.0065,-3.57779,-0.057021,-0.00163574,0.059064,0.615724,0.62919,1
7730,252.492,0.150775,0.000454754,0.0420704,-1.15764,-0.0554423,0.0548101,0.198359,-0.139168,-22.693,1.05649,-0.0563755,-0.00182713,0.0586288,0.615769,0.629252,1
7740,244.841,0.145902,0.000437494,0.0384065,-1.15709,-0.0554401,0.0550122,0.192571,-0.220748,-38.3875,8.95062,-0.0555639,-0.00199187,0.0582663,0.616021,0.629471,1
7750,219.123,0.140849,0.000375938,0.0322879,-1.15538,-0.055438,0.0551899,0.18679,-0.754079,-58.1018,17.6711,-0.054793,-0.00283263,0.0584482,0.61611,0.629577,1
7760,209.9,0.13609,0.000254957,0.0234401,-1.15247,-0.0554364,0.0553308,0.181019,-1.04659,-86.8505,30.3814,-0.0540561,-0.00373028,0.0584209,0.616222,0.62973,1
7770,227.708,0.131325,0.00017873,0.0109398,-1.14797,-0.0554354,0.0554179,0.175268,0.0562278,-108.996,39.7307,-0.0539369,-0.00370034,0.0580113,0.616232,0.629753,1
7780,227.221,0.126642,0.00035247,-0.0045464,-1.14225,-0.0554343,0.0554358,0.169541,3.27062,-143.144,53.3551,-0.0542591,-0.00323593,0.0573164,0.616284,0.629889,1
7790,203.891,0.121646,0.00102964,-0.023977,-1.13515,-0.055431,0.0553654,0.163848,7.09303,-163.044,57.5719,-0.0546149,-0.00330945,0.0572916,0.61637,0.630159,1
7800,198.028,0.116303,0.0020596,-0.0468526,-1.1275,-0.0554234,0.0551908,0.158191,8.96778,-207.833,65.3994,-0.0550861,-0.0034313,0.0577426,0.616433,0.630329,1
7810,203.684,0.110392,0.00307637,-0.0739292,-1.11969,-0.0554104,0.0548892,0.152573,7.18928,-217.476,56.6271,-0.0561763,-0.00299277,0.0585765,0.616515,0.630518,1
7820,227.836,0.104826,0.00402839,-0.102052,-1.11326,-0.0553928,0.0544501,0.146991,8.35373,-228.363,44.6477,-0.0570962,-0.00265718,0.0591036,0.616573,0.630682,1
7830,233.433,0.0993374,0.00497244,-0.127444,-1.10919,-0.0553701,0.0538731,0.141437,5.8886,-171.832,20.5821,-0.0571282,-0.00267785,0.0597861,0.616631,0.630867,1
7840,223.819,0.0935711,0.00544936,-0.145942,-1.10771,-0.0553438,0.0531872,0.135895,1.73428,-124.091,4.63806,-0.0566193,-0.00223816,0.0605165,0.616697,0.63111,1
7850,226.833,0.0872378,0.00547295,-0.158565,-1.1076,-0.0553164,0.0524237,0.130357,-0.94006,-82.7588,-1.74946,-0.0562432,-0.0012987,0.0616298,0.616772,0.631387,1
7860,267.569,0.0812733,0.00527148,-0.167939,-1.10802,-0.0552895,0.0516067,0.124818,-2.16857,-68.7959,-4.59799,-0.0558577,-0.000789107,0.0626919,0.616828,0.631564,1
7870,297.432,0.0753794,0.00496033,-0.175764,-1.10867,-0.0552639,0.0507468,0.119277,-2.65819,-56.6179,-5.69977,-0.0554833,-0.000508846,0.0640059,0.616856,0.631686,1
7880,294.044,0.0695101,0.00465081,-0.182231,-1.10943,-0.0552399,0.0498513,0.113732,-2.04174,-46.408,-6.13997,-0.0552432,1.04585e-005,0.06528,0.616886,0.631848,1
7890,275.577,0.0640048,0.00448008,-0.187397,-1.11015,-0.0552171,0.0489267,0.108183,-0.686722,-37.133,-5.51912,-0.0549235,0.00019834,0.0666847,0.616887,0.631873,1
7900,274.793,0.0597216,0.00448243,-0.191768,-1.11084,-0.0551948,0.0479786,0.10263,0.782152,-33.2138,-5.57675,-0.0542299,-0.000506819,0.0677745,0.616887,0.631873,1
7910,277.861,0.055856,0.00465087,-0.195752,-1.11156,-0.055172,0.0470096,0.097074,1.80534,-30.555,-5.85206,-0.053826,-0.0010634,0.0686652,0.616886,0.631965,1
7920,266.652,0.0519949,0.00489813,-0.19939,-1.1123,-0.0551481,0.0460216,0.0915144,1.94733,-27.1554,-6.00049,-0.0544869,-0.00102827,0.0693933,0.616879,0.63224,1
7930,268.32,0.0488086,0.00513724,-0.20253,-1.11302,-0.0551231,0.0450166,0.0859511,1.88928,-23.1141,-5.41363,-0.0557849,-0.00127727,0.0705005,0.616869,0.632413,1
7940,269.501,0.0470765,0.00536831,-0.205239,-1.11366,-0.0550968,0.043997,0.0803843,1.86026,-20.3591,-4.93802,-0.0567205,-0.00222507,0.0716048,0.616872,0.632473,1
7950,264.789,0.0458603,0.00561866,-0.207666,-1.11427,-0.0550693,0.0429647,0.0748145,2.17118,-18.4255,-4.75627,-0.0572597,-0.00277492,0.0723124,0.616879,0.63253,1
7960,263.817,0.0450057,0.00590096,-0.209846,-1.11486,-0.0550405,0.0419208,0.0692417,2.25409,-16.4437,-4.64569,-0.0578576,-0.00290222,0.0721533,0.616883,0.632545,1
7970,242.945,0.0451597,0.00617447,-0.211771,-1.11543,-0.0550103,0.0408666,0.0636659,2.0589,-14.387,-4.44125,-0.0581692,-0.00347449,0.0716213,0.616893,0.632571,1
7980,225.051,0.0462364,0.00642435,-0.213476,-1.11595,-0.0549788,0.0398034,0.0580875,1.96006,-12.9791,-3.93839,-0.057826,-0.00443188,0.0712378,0.616893,0.632571,1
7990,221.833,0.0474533,0.0066736,-0.215041,-1.11642,-0.0549461,0.0387321,0.0525065,2.04385,-12.0406,-3.46882,-0.0571269,-0.00468901,0.0715241,0.616893,0.632571,1
