step,T,r,sn_vel[0],sn_vel[1],sn_vel[2],sn_crd[0],sn_crd[1],sn_crd[2],sn_f[0],sn_f[1],sn_f[2],target_crd[0],target_crd[1],target_crd[2],boundary[0],boundary[1],boundary[2]
3510,279.215,0.494786,-5.90115e-005,2.21563e-005,0.900341,-0.0507121,0.00129628,-0.423976,-0.41583,0.0766167,2.73472,-0.0518201,0.000709142,0.0708078,0.610466,0.629944,1
3520,302.567,0.489377,-0.000115427,3.0993e-005,0.900686,-0.0507126,0.00129641,-0.419474,-0.575124,0.0906985,2.71639,-0.0526608,0.000415838,0.0698983,0.610039,0.629167,1
3530,351.508,0.484134,-0.000215638,3.34391e-005,0.901033,-0.0507134,0.00129658,-0.414969,-0.865627,-0.00660912,2.81699,-0.0535494,0.00042009,0.0691558,0.609565,0.628421,1
3540,365.735,0.479782,-0.00032442,3.11661e-005,0.901394,-0.0507147,0.00129674,-0.410463,-0.795906,-0.0692223,3.07008,-0.0544827,0.000405231,0.0693034,0.609082,0.628037,1
3550,378.87,0.475264,-0.000404819,2.84588e-005,0.901806,-0.0507166,0.00129689,-0.405955,-0.555168,-0.0082404,3.42489,-0.0553294,0.000483108,0.069286,0.608491,0.627633,1
3560,367.183,0.47031,-0.000466731,1.75267e-005,0.902262,-0.0507188,0.00129702,-0.401445,-0.465422,-0.167127,4.02407,-0.0556631,0.000977228,0.0688393,0.608242,0.627601,1
3570,324.755,0.465166,-0.000518574,-6.64941e-006,0.902778,-0.0507212,0.00129705,-0.396932,-0.274054,-0.30145,4.29707,-0.0558811,0.00132981,0.068205,0.608242,0.627601,1
3580,291.506,0.461041,-0.00054575,-4.71127e-005,0.903327,-0.0507239,0.00129691,-0.392417,-0.159701,-0.34167,4.46245,-0.0561338,0.000846077,0.068592,0.608242,0.627601,1
3590,296.716,0.45726,-0.00056241,-8.97449e-005,0.903898,-0.0507267,0.00129657,-0.387899,-0.16334,-0.296063,4.7211,-0.0564434,-0.00012854,0.0693229,0.60822,0.627624,1
3600,318.134,0.452958,-0.000578104,-0.000128772,0.904498,-0.0507295,0.00129602,-0.383378,-0.0089704,-0.24471,4.94864,-0.0564662,-0.000949016,0.069538,0.608331,0.627733,1
3610,362.642,0.447403,-0.0005763,-0.000162447,0.905126,-0.0507324,0.0012953,-0.378854,0.0399518,-0.295445,5.0823,-0.0567269,-0.00138309,0.0685007,0.608356,0.62773,1
3620,380.917,0.441921,-0.000569663,-0.000202336,0.905771,-0.0507353,0.00129439,-0.374327,0.0690636,-0.346052,5.20403,-0.0574904,-0.00162796,0.0675327,0.608215,0.627726,1
3630,367.178,0.437351,-0.000559899,-0.000267226,0.906443,-0.0507381,0.00129324,-0.369796,0.0573075,-0.554848,5.5993,-0.0585061,-0.00184155,0.0674743,0.608051,0.627858,1
3640,325.273,0.434055,-0.000549864,-0.000335154,0.907158,-0.0507409,0.00129173,-0.365262,0.110891,-0.51569,5.84564,-0.0591944,-0.00253133,0.0686938,0.607865,0.628151,1
3650,296.515,0.430415,-0.000533944,-0.000405582,0.907901,-0.0507436,0.00128988,-0.360725,0.144729,-0.612645,6.02639,-0.0593091,-0.00370016,0.0695756,0.607846,0.628381,1
3660,302.4,0.425841,-0.000513771,-0.000489129,0.90867,-0.0507462,0.00128765,-0.356183,0.182974,-0.727782,6.26469,-0.0584788,-0.00452397,0.0695478,0.607752,0.628451,1
3670,307.382,0.420176,-0.00048738,-0.000588659,0.90947,-0.0507487,0.00128496,-0.351638,0.241736,-0.865087,6.52126,-0.0569665,-0.00433315,0.0684539,0.607377,0.628763,1
3680,329.299,0.414652,-0.000452476,-0.000705986,0.910302,-0.0507511,0.00128173,-0.347089,0.319089,-1.00963,6.77527,-0.055565,-0.00374768,0.0675047,0.607019,0.629091,1
3690,327.08,0.409436,-0.000406719,-0.000841103,0.911165,-0.0507532,0.00127787,-0.342535,0.41516,-1.14735,7.01302,-0.0547388,-0.00320091,0.0668575,0.607019,0.629091,1
3700,329.641,0.404656,-0.000347788,-0.00099249,0.912057,-0.0507551,0.0012733,-0.337977,0.52905,-1.2685,7.23788,-0.0540533,-0.00242681,0.0666483,0.607019,0.629091,1
3710,322.732,0.399686,-0.00027394,-0.00115786,0.912977,-0.0507567,0.00126792,-0.333414,0.65068,-1.37135,7.44974,-0.053159,-0.00124353,0.0662562,0.607019,0.629091,1
3720,302.474,0.394341,-0.000185542,-0.00133535,0.913921,-0.0507578,0.0012617,-0.328847,0.757205,-1.46421,7.64077,-0.0523918,-0.000388263,0.0654867,0.607019,0.629091,1
3730,295.192,0.388325,-8.58626e-005,-0.00152446,0.914889,-0.0507585,0.00125455,-0.324275,0.829708,-1.55904,7.81874,-0.0520607,-0.000209217,0.0640451,0.607019,0.629091,1
3740,277.088,0.382138,2.10107e-005,-0.00172626,0.91588,-0.0507587,0.00124643,-0.319698,0.875539,-1.66891,8.01859,-0.0519046,-0.000188479,0.0624356,0.607019,0.629091,1
3750,259.738,0.376307,0.000133279,-0.0019432,0.916898,-0.0507583,0.00123726,-0.315116,0.920716,-1.80163,8.26405,-0.0519258,0.000339233,0.0611875,0.607019,0.629091,1
3760,281.446,0.371373,0.000252568,-0.0021782,0.917951,-0.0507573,0.00122697,-0.310529,0.991061,-1.9568,8.56333,-0.0527177,0.00122306,0.0608387,0.607019,0.629091,1
3770,275.817,0.367285,0.000392745,-0.00243979,0.919053,-0.0507557,0.00121544,-0.305937,1.33657,-2.27363,9.09147,-0.0542094,0.00184154,0.0613319,0.607019,0.629091,1
3780,249.533,0.363493,0.000568319,-0.00273639,0.920216,-0.0507533,0.00120251,-0.301338,1.46966,-2.46628,9.49205,-0.0556421,0.00152531,0.0621217,0.607019,0.629091,1
3790,276.441,0.359132,0.000760652,-0.00305666,0.921429,-0.05075,0.00118804,-0.296734,1.60466,-2.64683,9.89989,-0.0565802,0.000307107,0.0623492,0.607019,0.629091,1
3800,260.257,0.354126,0.000970856,-0.00339731,0.922693,-0.0507457,0.00117191,-0.292124,1.7597,-2.78856,10.2844,-0.0571623,-0.00101632,0.0619368,0.606617,0.629015,1
3810,259.658,0.349192,0.00120272,-0.00375667,0.924004,-0.0507403,0.00115404,-0.287507,1.95105,-3.01108,10.7018,-0.057142,-0.00152361,0.0616153,0.605855,0.628879,1
3820,235.445,0.344566,0.00145928,-0.00413715,0.925358,-0.0507336,0.00113431,-0.282884,2.14606,-3.06196,10.9167,-0.0565615,-0.00111116,0.0616249,0.60492,0.6287,1
3830,214.578,0.33972,0.0017389,-0.00452162,0.926734,-0.0507256,0.00111266,-0.278254,2.31748,-3.07643,11.0543,-0.0556849,-0.000572084,0.0614259,0.604395,0.628641,1
3840,216.129,0.333795,0.00203802,-0.00491646,0.928128,-0.0507162,0.00108907,-0.273617,2.45616,-3.21536,11.2162,-0.0549839,-0.000546833,0.0601473,0.604395,0.628641,1
3850,223.823,0.327198,0.00235221,-0.00531789,0.929538,-0.0507052,0.00106349,-0.268972,2.55918,-3.2,11.3222,-0.0544967,-0.000817249,0.0581979,0.604395,0.628641,1
3860,239.723,0.321043,0.00267761,-0.00571792,0.930964,-0.0506927,0.0010359,-0.264321,2.63644,-3.19383,11.4825,-0.0544751,-0.000824537,0.0566937,0.604395,0.628641,1
3870,232.334,0.31621,0.00301818,-0.0061132,0.932423,-0.0506784,0.00100632,-0.259663,2.78738,-3.12803,11.8264,-0.0549386,-0.000514382,0.0565145,0.604395,0.628641,1
3880,273.189,0.311971,0.00336701,-0.00650374,0.933921,-0.0506625,0.000974771,-0.254997,2.88515,-3.04469,12.1871,-0.0556064,-4.05936e-005,0.0569336,0.604395,0.628641,1
3890,278.597,0.307634,0.00372275,-0.00688402,0.935468,-0.0506447,0.000941301,-0.250323,2.79074,-3.03428,12.5355,-0.0558602,0.00066269,0.0572659,0.604395,0.628641,1
3900,281.212,0.302667,0.00406432,-0.00726409,0.937061,-0.0506253,0.000905931,-0.245642,2.66463,-3.04178,12.9284,-0.0560981,0.00153006,0.0569746,0.604395,0.628641,1
3910,269.283,0.297661,0.00437712,-0.00765309,0.93871,-0.0506042,0.000868644,-0.240953,2.396,-3.1376,13.3916,-0.0564607,0.00214741,0.0566474,0.604395,0.628641,1
3920,232.866,0.292521,0.00465959,-0.00805178,0.940418,-0.0505815,0.000829388,-0.236255,2.12547,-3.22324,13.8903,-0.056538,0.00230113,0.0562014,0.604395,0.628641,1
3930,229.568,0.287617,0.00491536,-0.00845165,0.942183,-0.0505576,0.000788123,-0.231548,1.96477,-3.06065,14.3591,-0.0559471,0.00203274,0.0560153,0.604395,0.628641,1
3940,242.358,0.282903,0.00515216,-0.00882328,0.943998,-0.0505324,0.00074492,-0.226833,1.82791,-2.78792,14.6475,-0.0550849,0.00143818,0.056032,0.604395,0.628641,1
3950,247.629,0.278701,0.00537646,-0.00916059,0.945839,-0.0505061,0.00069995,-0.222108,1.77336,-2.59364,14.7607,-0.0540425,0.000851361,0.0565703,0.6044,0.628666,1
3960,271.421,0.273958,0.0056054,-0.0094586,0.947695,-0.0504787,0.000653378,-0.217375,1.88001,-2.20371,14.9033,-0.0529149,0.000824662,0.0565724,0.604433,0.628827,1
3970,324.943,0.268583,0.00583687,-0.00971938,0.949575,-0.05045,0.000605423,-0.212631,1.7864,-1.99308,15.1482,-0.0519678,0.00120784,0.0559466,0.604451,0.628853,1
3980,328.884,0.26317,0.00605498,-0.00994355,0.951487,-0.0504203,0.000556243,-0.207879,1.70232,-1.5909,15.3949,-0.0517165,0.00124598,0.0552875,0.604784,0.629194,1
3990,324.173,0.259189,0.00626746,-0.0101201,0.953423,-0.0503895,0.000506064,-0.203117,1.67894,-1.22194,15.5273,-0.0518866,0.00055425,0.0560685,0.605309,0.629672,1
4000,334.44,0.255999,0.00647079,-0.0102482,0.955368,-0.0503576,0.000455122,-0.198345,1.54944,-0.82494,15.5321,-0.0521163,-0.000132039,0.0576474,0.606003,0.630264,1
4010,348.337,0.252788,0.00665014,-0.0103275,0.957307,-0.0503248,0.000403663,-0.193563,1.3002,-0.449019,15.4348,-0.052687,-0.000445797,0.0592125,0.606853,0.630944,1
4020,359.216,0.248521,0.00679421,-0.0103622,0.959229,-0.0502912,0.000351921,-0.188772,1.00302,-0.11057,15.2607,-0.0540943,-0.00085234,0.0597174,0.607621,0.631516,1
4030,364.436,0.244492,0.0069034,-0.010357,0.961125,-0.0502569,0.000300107,-0.183971,0.755833,0.18451,15.0312,-0.0558317,-0.00154423,0.0604511,0.608335,0.632028,1
4040,371.605,0.2415,0.00698786,-0.0103182,0.962989,-0.0502222,0.000248406,-0.17916,0.614801,0.428342,14.7367,-0.0573156,-0.00203989,0.0622244,0.608786,0.632388,1
4050,361.478,0.239537,0.00706311,-0.0102511,0.964814,-0.0501871,0.000196972,-0.174341,0.61003,0.64207,14.4239,-0.0582598,-0.00216301,0.0650485,0.609041,0.63263,1
4060,366.377,0.23693,0.00714483,-0.0101576,0.966599,-0.0501516,0.000145939,-0.169512,0.705211,0.852036,14.1133,-0.058361,-0.00201494,0.0672654,0.609387,0.633,1
4070,363.493,0.233475,0.0072404,-0.0100372,0.968347,-0.0501156,9.54401e-005,-0.164675,0.820583,1.07571,13.8143,-0.0575895,-0.00156879,0.0686748,0.609931,0.63362,1
4080,358.296,0.229419,0.00734972,-0.0098868,0.970059,-0.0500791,4.56163e-005,-0.159829,0.924519,1.33402,13.5523,-0.0566941,-0.000763425,0.0694934,0.610241,0.634015,1
4090,336.098,0.225473,0.00747071,-0.00970244,0.971743,-0.0500421,-3.37152e-006,-0.154974,0.999346,1.60971,13.3581,-0.0562983,-0.00027711,0.0704119,0.610292,0.634034,1
4100,290.242,0.221312,0.00759608,-0.00948612,0.973405,-0.0500044,-5.13549e-005,-0.150111,0.986298,1.83423,13.2135,-0.056071,-0.000394458,0.0711174,0.610804,0.634211,1
4110,278.434,0.217219,0.00771372,-0.00924604,0.975051,-0.0499661,-9.81937e-005,-0.14524,0.882114,1.99406,13.0826,-0.0557865,-0.000712627,0.0719,0.611161,0.634355,1
4120,303.174,0.213228,0.00781464,-0.00898856,0.976678,-0.0499273,-0.000143787,-0.140361,0.722041,2.11486,12.9086,-0.0557837,-0.000933363,0.0727856,0.611191,0.63437,1
4130,292.248,0.209306,0.00789152,-0.00871793,0.978279,-0.049888,-0.000188058,-0.135474,0.491992,2.20438,12.6664,-0.0563086,-0.00143603,0.0737299,0.611191,0.63437,1
4140,293.152,0.204635,0.00793459,-0.00843796,0.979848,-0.0498485,-0.000230951,-0.130578,0.189735,2.26636,12.4185,-0.0565642,-0.00159832,0.0739416,0.611191,0.63437,1
4150,291.17,0.199087,0.00793975,-0.00815096,0.981392,-0.0498088,-0.000272426,-0.125675,-0.0955023,2.31757,12.2546,-0.0562296,-0.0007026,0.0733073,0.611191,0.63437,1
4160,280.98,0.192929,0.00792013,-0.00785922,0.98292,-0.0497691,-0.000312452,-0.120764,-0.117302,2.33205,12.1811,-0.0560604,0.000559658,0.0720596,0.611191,0.63437,1
4170,278.183,0.187053,0.00788569,-0.00756402,0.984442,-0.0497296,-0.000351012,-0.115846,-0.335703,2.37345,12.1286,-0.0564259,0.000872502,0.0710835,0.611501,0.634593,1
4180,250.283,0.181447,0.00784398,-0.00726699,0.985952,-0.0496902,-0.000388089,-0.11092,-0.325696,2.36284,11.9663,-0.056407,0.000781953,0.0703986,0.61198,0.634907,1
4190,219.198,0.175564,0.00780361,-0.00697532,0.987431,-0.0496511,-0.000423691,-0.105986,-0.329683,2.29177,11.6551,-0.0556113,0.00130626,0.069468,0.612077,0.634965,1
4200,220.049,0.168881,0.00775755,-0.00669252,0.98887,-0.0496122,-0.000457858,-0.101046,-0.420766,2.23837,11.3572,-0.0545537,0.00248293,0.0677374,0.612077,0.634965,1
4210,254.783,0.161966,0.00769637,-0.00641113,0.99028,-0.0495736,-0.000490619,-0.0960978,-0.558806,2.27301,11.2069,-0.0538569,0.00336774,0.0657653,0.612077,0.634965,1
4220,265.385,0.155656,0.00761749,-0.00612336,0.99168,-0.0495353,-0.000521957,-0.0911429,-0.701563,2.29887,11.138,-0.053402,0.00358803,0.0644111,0.612077,0.634965,1
4230,265.343,0.149813,0.00752116,-0.00584671,0.993058,-0.0494974,-0.00055187,-0.0861811,-0.833977,2.0836,10.862,-0.0531968,0.00290894,0.0635464,0.612188,0.635038,1
4240,269.091,0.144025,0.0074116,-0.00560827,0.994391,-0.0494601,-0.000580488,-0.0812124,-0.898647,1.70901,10.391,-0.0531018,0.00161612,0.0627498,0.612193,0.635043,1
4250,287.823,0.137948,0.00729912,-0.00541927,0.995658,-0.0494233,-0.000608036,-0.0762373,-0.895693,1.32612,9.87814,-0.0529159,0.000276343,0.0616637,0.612193,0.635043,1
4260,294.574,0.13169,0.00718852,-0.00527296,0.99687,-0.0493871,-0.00063475,-0.0712559,-0.86342,1.01467,9.50203,-0.0526329,-0.000147777,0.0603936,0.612245,0.635101,1
4270,293.397,0.12516,0.00708477,-0.00516501,0.99804,-0.0493514,-0.000660829,-0.0662687,-0.787295,0.717875,9.20611,-0.0531283,5.92687e-005,0.0588318,0.612245,0.635101,1
4280,277.657,0.118844,0.00699419,-0.00509088,0.99917,-0.0493162,-0.000686456,-0.0612756,-0.654633,0.472408,8.80682,-0.0543599,0.000490675,0.0574552,0.612245,0.635101,1
4290,253.581,0.113294,0.00691723,-0.00504376,1.00024,-0.0492815,-0.000711783,-0.0562771,-0.597963,0.302769,8.24008,-0.0555722,0.00100255,0.0568289,0.612245,0.635101,1
4300,258.418,0.109195,0.00684122,-0.00501055,1.00123,-0.0492471,-0.000736916,-0.0512734,-0.628629,0.235101,7.5666,-0.0563731,0.00169181,0.0576613,0.612245,0.635101,1
4310,226.566,0.105257,0.00675605,-0.00498353,1.00214,-0.0492131,-0.000761899,-0.0462649,-0.733883,0.206039,6.97215,-0.0571278,0.00191932,0.05866,0.612245,0.635101,1
4320,241.959,0.100176,0.00666056,-0.00495658,1.00297,-0.0491795,-0.000786751,-0.0412521,-0.784683,0.230009,6.40203,-0.0576144,0.00178004,0.058535,0.612275,0.635173,1
4330,299.868,0.0932243,0.00656019,-0.00492421,1.00374,-0.0491465,-0.000811457,-0.0362353,-0.801527,0.301078,5.89895,-0.0575049,0.00189882,0.0565739,0.612282,0.635195,1
4340,347.608,0.0857227,0.00646948,-0.00487827,1.00445,-0.0491139,-0.00083597,-0.0312148,-0.610585,0.433381,5.34495,-0.0569312,0.00256523,0.0540829,0.612282,0.635195,1
4350,347.076,0.0789327,0.00641362,-0.0048168,1.00509,-0.0490817,-0.000860214,-0.026191,-0.264043,0.545708,4.89066,-0.0564131,0.00306594,0.0523024,0.612294,0.635427,1
4360,324.131,0.0736527,0.0064037,-0.0047472,1.00566,-0.0490497,-0.000884122,-0.0211641,0.087986,0.518991,4.31363,-0.05586,0.00300096,0.0520701,0.612332,0.635934,1
4370,330.708,0.0686388,0.00643015,-0.00469835,1.00616,-0.0490176,-0.000907721,-0.0161345,0.312693,0.233004,3.64736,-0.0550415,0.00222491,0.0521677,0.61238,0.636404,1
4380,325.002,0.0630922,0.00647458,-0.00469696,1.00657,-0.0489854,-0.000931183,-0.0111026,0.359068,-0.249149,2.79601,-0.0544089,0.000994,0.0517265,0.612432,0.636887,1
4390,328.962,0.0567729,0.00651145,-0.00475913,1.00687,-0.0489529,-0.0009548,-0.00606895,0.21056,-0.68018,2.14774,-0.0543152,-5.06183e-005,0.0504429,0.61245,0.636977,1
4400,304.099,0.0509267,0.00652463,-0.00485347,1.00711,-0.0489203,-0.000978826,-0.00103397,-0.0077341,-0.800021,1.56694,-0.0543482,-7.85375e-005,0.0495946,0.61245,0.636977,1
4410,260.969,0.0459249,0.00650894,-0.00495202,1.00727,-0.0488877,-0.00100334,0.00400199,-0.244411,-0.750811,0.975512,-0.0547301,0.000657325,0.0495234,0.61245,0.636977,1
4420,239.703,0.0415451,0.00646188,-0.0050391,1.00735,-0.0488552,-0.00102832,0.00903856,-0.512048,-0.675984,0.314359,-0.0560206,0.00101166,0.0499102,0.61245,0.636977,1
4430,234.891,0.0368565,0.00638303,-0.00513563,1.00735,-0.0488231,-0.00105375,0.0140753,-0.727922,-0.887931,-0.344925,-0.0574371,0.000347051,0.0498836,0.61245,0.636977,1
4440,260.669,0.0320281,0.00628535,-0.00525997,1.00726,-0.0487914,-0.00107973,0.0191119,-0.808739,-1.05854,-0.938461,-0.0578245,-0.000634276,0.0498365,0.61245,0.636977,1
4450,314.688,0.0270821,0.0061818,-0.00538049,1.00712,-0.0487603,-0.00110634,0.0241479,-0.877181,-0.806698,-1.27495,-0.0575635,-0.0010307,0.0497591,0.61245,0.636977,1
4460,344.119,0.0226775,0.00605429,-0.00545555,1.00694,-0.0487297,-0.00113346,0.029183,-1.18931,-0.3561,-1.68082,-0.057443,-0.000712247,0.0501155,0.612615,0.637295,1
4470,359.195,0.0183602,0.00588261,-0.00545887,1.00671,-0.0486998,-0.00116078,0.0342172,-1.53624,0.327545,-2.03138,-0.0571259,-0.000127935,0.0504969,0.612829,0.637717,1
4480,359.99,0.0144309,0.00568001,-0.00538595,1.00643,-0.0486709,-0.00118791,0.03925,-1.64322,0.728459,-2.43274,-0.056176,6.26409e-005,0.0515122,0.613022,0.638135,1
4490,320.15,0.0110036,0.00549142,-0.0052983,1.0061,-0.048643,-0.00121462,0.0442813,-1.29828,0.612227,-2.79074,-0.0551747,-0.000194743,0.0530778,0.613184,0.638527,1
4500,316.941,0.00806311,0.00535802,-0.00524498,1.00573,-0.0486159,-0.00124096,0.0493109,-0.901566,0.216785,-3.17379,-0.0546123,-0.000670264,0.0546711,0.613275,0.638781,1
4510,304.298,0.00562802,0.00522596,-0.00524239,1.0053,-0.0485894,-0.00126715,0.0543385,-1.40012,-0.163577,-3.61546,-0.0541592,-0.000824749,0.0550141,0.612689,0.638979,1
4520,264.245,0.00734223,0.00497599,-0.00528121,1.00482,-0.0485638,-0.00129345,0.0593639,-2.64028,-0.409425,-4.12556,-0.0540529,-0.0006433,0.0545311,0.612848,0.638791,1
4530,274.431,0.0116832,0.0045844,-0.00532899,1.00427,-0.0485399,-0.00131998,0.0643866,-3.3889,-0.319516,-4.53626,-0.0546726,-0.00035019,0.0544898,0.613018,0.638554,1
4540,289.96,0.0151961,0.00417746,-0.00536001,1.00368,-0.048518,-0.00134671,0.0694065,-3.03071,-0.192537,-4.89938,-0.0552835,-0.000502276,0.0558259,0.613193,0.638195,1
4550,286.958,0.0182208,0.00383345,-0.00538374,1.00305,-0.048498,-0.00137357,0.0744234,-2.48119,-0.208776,-5.29362,-0.055035,-0.00105383,0.0574186,0.613193,0.638195,1
4560,296.592,0.0223522,0.00353928,-0.00542161,1.00236,-0.0484796,-0.00140057,0.0794369,-2.3068,-0.450018,-5.7291,-0.0549268,-0.00183675,0.0580392,0.613193,0.638195,1
4570,300.876,0.0277698,0.00323669,-0.00550577,1.00161,-0.0484626,-0.00142786,0.0844469,-2.58148,-0.910847,-6.19187,-0.0557572,-0.00252234,0.0576746,0.613193,0.638195,1
4580,277.374,0.0328516,0.00289178,-0.00564403,1.00081,-0.0484473,-0.00145572,0.0894529,-2.86986,-1.20889,-6.68336,-0.0566373,-0.00291733,0.0576722,0.613193,0.638195,1
4590,272.204,0.0367118,0.0025584,-0.00577004,0.999941,-0.0484337,-0.00148429,0.0944548,-2.22579,-0.661318,-7.12771,-0.0566883,-0.00247904,0.0586969,0.613272,0.638067,1
4600,279.648,0.0400979,0.00236426,-0.00579998,0.999027,-0.0484215,-0.00151325,0.0994523,-0.909354,0.138027,-7.45174,-0.0565622,-0.00155626,0.0601894,0.61353,0.637629,1
4610,261.994,0.0437289,0.00230923,-0.00574734,0.998076,-0.0484098,-0.00154215,0.104445,-0.0762782,0.659431,-7.7544,-0.0564919,-0.000650114,0.0614787,0.613811,0.636976,1
4620,258.072,0.0475065,0.00232301,-0.00564495,0.997087,-0.0483983,-0.00157065,0.109433,0.249424,0.975055,-8.04763,-0.056009,-8.2304e-005,0.0625637,0.614007,0.636352,1
4630,278.219,0.0511206,0.00236216,-0.00548746,0.996062,-0.0483865,-0.00159851,0.114416,0.341142,1.63871,-8.33603,-0.0555313,0.000468498,0.0638392,0.614266,0.635525,1
4640,245.76,0.054616,0.00240563,-0.0052172,0.995005,-0.0483746,-0.00162533,0.119394,0.367036,2.69527,-8.51728,-0.0558555,0.00109814,0.0653609,0.614637,0.63441,1
4650,248.178,0.0583157,0.00246208,-0.00482837,0.99393,-0.0483625,-0.00165048,0.124366,0.564831,3.35399,-8.67773,-0.0563844,0.00196406,0.0667178,0.614976,0.633419,1
4660,242.471,0.0621964,0.00254571,-0.00442114,0.992828,-0.04835,-0.00167359,0.129333,0.753254,3.0875,-8.93183,-0.0564951,0.00274123,0.0678303,0.615318,0.632409,1
4670,210.749,0.0659558,0.00264577,-0.00405207,0.991698,-0.048337,-0.00169476,0.134294,0.813601,2.86016,-9.11182,-0.0569277,0.00301615,0.0690701,0.615661,0.631358,1
4680,199.747,0.0700862,0.00274299,-0.00368008,0.99055,-0.0483235,-0.00171411,0.13925,0.730135,3.21696,-9.23389,-0.0579169,0.00237438,0.0699437,0.616002,0.630294,1
4690,202.504,0.0748368,0.00284122,-0.00322722,0.989386,-0.0483095,-0.00173141,0.1442,0.751887,3.82293,-9.44521,-0.0584902,0.00134331,0.0701223,0.616237,0.629536,1
4700,210.817,0.0800534,0.00293357,-0.00278392,0.988171,-0.0482951,-0.0017464,0.149144,0.739734,3.12656,-9.99889,-0.0582048,0.000673971,0.0697427,0.616345,0.629122,1
4710,250.312,0.0848241,0.00302898,-0.00245082,0.986881,-0.0482802,-0.00175944,0.154081,0.792525,2.20396,-10.6095,-0.0577461,0.000527856,0.0698179,0.616348,0.628948,1
4720,284.69,0.0891107,0.00313195,-0.00221468,0.985524,-0.0482648,-0.00177107,0.159012,0.840307,1.70206,-11.0269,-0.0573546,0.000495076,0.0703953,0.616339,0.628895,1
4730,276.983,0.0936564,0.00323256,-0.00200013,0.984123,-0.0482489,-0.00178161,0.163936,0.737743,1.75686,-11.3801,-0.0567689,0.000607209,0.0706989,0.616339,0.628895,1
4740,272.884,0.0997436,0.0033157,-0.00177245,0.982672,-0.0482325,-0.00179105,0.168853,0.605922,1.89809,-11.8113,-0.0559823,0.000735465,0.0694434,0.616339,0.628895,1
4750,283.193,0.106846,0.00338664,-0.00152901,0.98116,-0.0482158,-0.00179931,0.173763,0.526023,1.92706,-12.3656,-0.0552029,0.000335183,0.0671671,0.616339,0.628895,1
4760,267.596,0.114095,0.00344413,-0.00130089,0.97958,-0.0481987,-0.00180637,0.178665,0.374824,1.73756,-12.8571,-0.0543735,-0.00050519,0.0647449,0.616339,0.628895,1
4770,249.479,0.120353,0.00348065,-0.00108466,0.977951,-0.0481813,-0.00181234,0.183559,0.226758,1.73807,-13.1395,-0.0537924,-0.000979519,0.0633389,0.6163,0.628508,1
4780,255.672,0.126039,0.00350656,-0.00085883,0.976298,-0.0481639,-0.00181721,0.188444,0.207131,1.92069,-13.2543,-0.053959,-0.000686925,0.0625432,0.616214,0.628005,1
4790,256.471,0.131279,0.00354647,-0.000605187,0.974635,-0.0481463,-0.00182087,0.193322,0.400961,2.11084,-13.3608,-0.0546952,-0.00012995,0.0622173,0.616159,0.627831,1
4800,265.651,0.136838,0.00359202,-0.000336628,0.972949,-0.0481284,-0.00182323,0.198191,0.357385,2.12402,-13.6203,-0.0554145,0.000384279,0.0615646,0.616159,0.627831,1
4810,282.656,0.1426,0.00364036,-8.52207e-005,0.971219,-0.0481103,-0.00182427,0.203051,0.425354,1.83877,-14.0403,-0.0562354,0.000571924,0.0607027,0.616159,0.627831,1
4820,291.329,0.149181,0.00370218,0.000112878,0.969437,-0.048092,-0.00182417,0.207903,0.581478,1.31749,-14.3938,-0.057022,0.000298532,0.0590045,0.616159,0.627831,1
4830,298.134,0.155751,0.00377388,0.000245123,0.967626,-0.0480733,-0.00182326,0.212745,0.634548,0.884597,-14.5844,-0.0572021,-0.000268042,0.0572703,0.616046,0.627648,1
4840,292.115,0.16167,0.00386057,0.000336234,0.965792,-0.0480542,-0.00182179,0.217579,0.866522,0.634977,-14.6295,-0.0568353,-0.000458587,0.0561538,0.616046,0.627648,1
4850,299.912,0.166424,0.0039841,0.000409982,0.963957,-0.0480346,-0.00181992,0.222403,1.1015,0.520968,-14.7112,-0.0566658,-0.000195653,0.0562115,0.615838,0.627352,1
4860,310.138,0.171056,0.00412981,0.000459796,0.962104,-0.0480143,-0.00181773,0.227218,1.21929,0.289025,-14.8934,-0.0567053,0.00027149,0.0563958,0.615758,0.627223,1
4870,285.595,0.176004,0.00427532,0.000492522,0.96024,-0.0479933,-0.00181535,0.232024,1.20634,0.213461,-14.9491,-0.0563412,0.000221973,0.0562298,0.615748,0.627205,1
4880,257.248,0.181425,0.00443463,0.000509333,0.958364,-0.0479716,-0.00181283,0.236821,1.3265,0.0617584,-14.9914,-0.0555147,-0.000190387,0.0555602,0.615748,0.627205,1
4890,243.967,0.186363,0.00460239,0.000515672,0.956492,-0.047949,-0.00181027,0.241608,1.34359,0.0354958,-14.9163,-0.0548717,-0.000765506,0.0553765,0.615748,0.627205,1
4900,225.973,0.190635,0.00477682,0.000506879,0.954642,-0.0479255,-0.0018077,0.246386,1.37356,-0.113478,-14.6623,-0.0547682,-0.00116144,0.0558749,0.615748,0.627205,1
4910,215.233,0.194827,0.0049453,0.000496017,0.952821,-0.0479012,-0.0018052,0.251154,1.35833,-0.0059268,-14.4187,-0.0552297,-0.00147996,0.0564655,0.615748,0.627205,1
4920,228.803,0.200438,0.00511124,0.00048621,0.951035,-0.0478761,-0.00180274,0.255914,1.39504,-0.116051,-14.191,-0.0565168,-0.00126581,0.0556627,0.615748,0.627205,1
4930,214.323,0.207261,0.00529975,0.000469183,0.949266,-0.0478501,-0.00180035,0.260665,1.62697,-0.164718,-14.0911,-0.0582407,-0.000695689,0.0536672,0.615748,0.627205,1
4940,204,0.214073,0.00552012,0.000437784,0.947518,-0.047823,-0.00179808,0.265407,1.86463,-0.274245,-13.8215,-0.0590904,-0.000124461,0.0516367,0.615748,0.627205,1
4950,194.687,0.219163,0.0057539,0.000401134,0.9458,-0.0477948,-0.00179598,0.27014,1.86447,-0.317005,-13.6315,-0.0585325,-0.000196259,0.0512462,0.615748,0.627205,1
4960,211.75,0.222886,0.00598184,0.000359526,0.944107,-0.0477655,-0.00179407,0.274865,1.75391,-0.348205,-13.4174,-0.0578068,-0.000401373,0.0522095,0.615748,0.627205,1
4970,222.612,0.226518,0.00618737,0.00028593,0.942457,-0.0477351,-0.00179245,0.279581,1.6187,-0.670481,-13.1283,-0.0577439,-0.00053771,0.0532881,0.615748,0.627205,1
4980,250.941,0.231196,0.00638666,0.000192344,0.940814,-0.0477036,-0.00179124,0.284289,1.53991,-0.840347,-13.1085,-0.0578057,-0.000344634,0.0533189,0.615748,0.627205,1
4990,268.558,0.236637,0.0065706,6.93562e-005,0.93918,-0.0476712,-0.00179057,0.288989,1.40354,-1.12646,-13.007,-0.0573543,-0.000176972,0.0525564,0.615748,0.627205,1
5000,282.778,0.242107,0.0067341,-8.4891e-005,0.937563,-0.047638,-0.0017906,0.293681,1.18789,-1.33,-12.7961,-0.0566329,-0.000161183,0.0517468,0.615748,0.627205,1
5010,272.035,0.246628,0.00686979,-0.000263425,0.93598,-0.0476039,-0.00179146,0.298365,0.985382,-1.58041,-12.4582,-0.0556458,-0.000689167,0.0518708,0.615748,0.627205,1
5020,234.366,0.249996,0.00698815,-0.000454085,0.934435,-0.0475693,-0.00179327,0.303041,0.919663,-1.43453,-12.1856,-0.0544256,-0.00105268,0.0531398,0.615432,0.626805,1
5030,189.798,0.252989,0.00710308,-0.000636773,0.93292,-0.0475341,-0.00179599,0.307709,0.943375,-1.48544,-12.0499,-0.0535545,-0.000672564,0.0547946,0.614997,0.626244,1
5040,197.913,0.256602,0.00721749,-0.000821528,0.931423,-0.0474983,-0.00179964,0.31237,0.877193,-1.5008,-11.8619,-0.0535294,0.000440319,0.0558489,0.614762,0.625952,1
5050,208.653,0.260996,0.00732673,-0.00102013,0.929946,-0.0474619,-0.00180423,0.317024,0.867392,-1.65967,-11.7501,-0.0535721,0.00134347,0.0561183,0.614613,0.625781,1
5060,216.475,0.265225,0.00743143,-0.00123604,0.928488,-0.047425,-0.00180987,0.32167,0.796398,-1.80085,-11.5166,-0.053353,0.00195717,0.0565376,0.614346,0.625487,1
5070,230.519,0.268843,0.007529,-0.0014683,0.927064,-0.0473876,-0.00181662,0.326309,0.777849,-1.87506,-11.2575,-0.0535441,0.00247887,0.0575705,0.613948,0.62506,1
5080,250.4,0.272097,0.00762319,-0.00168692,0.925682,-0.0473497,-0.00182452,0.33094,0.738729,-1.67742,-10.8487,-0.0545481,0.00321938,0.0589855,0.613634,0.624732,1
5090,260.701,0.275924,0.00771684,-0.00189042,0.924345,-0.0473114,-0.00183347,0.335566,0.761773,-1.55805,-10.5122,-0.0554758,0.00389396,0.0598215,0.613634,0.624732,1
5100,240.104,0.280419,0.00781095,-0.0020775,0.923053,-0.0472725,-0.0018434,0.340184,0.733423,-1.45558,-10.1286,-0.055985,0.00444843,0.0599707,0.613634,0.624732,1
5110,251.841,0.285141,0.00790171,-0.00225761,0.921808,-0.0472333,-0.00185424,0.344796,0.717095,-1.41607,-9.77976,-0.0563684,0.00449543,0.0598718,0.613634,0.624732,1
5120,245.832,0.289076,0.00798697,-0.00243149,0.920608,-0.0471935,-0.00186596,0.349402,0.635868,-1.36587,-9.38018,-0.0563916,0.00399598,0.0605317,0.613634,0.624732,1
5130,236.028,0.292255,0.00806254,-0.00259743,0.919456,-0.0471534,-0.00187854,0.354002,0.580081,-1.26651,-9.03646,-0.0553732,0.00330477,0.0619092,0.613634,0.624732,1
5140,241.561,0.295062,0.00813227,-0.00274636,0.918346,-0.0471129,-0.00189191,0.358597,0.538408,-1.11948,-8.70557,-0.0542037,0.00303516,0.0636613,0.613634,0.624732,1
5150,233.78,0.29828,0.00820059,-0.00287837,0.917273,-0.0470721,-0.00190598,0.363186,0.561236,-0.988332,-8.46094,-0.0541448,0.00293774,0.0650289,0.613634,0.624732,1
5160,240.959,0.301962,0.00827213,-0.00299607,0.916229,-0.0470309,-0.00192067,0.36777,0.580774,-0.908356,-8.20453,-0.0550792,0.00228662,0.0659442,0.613634,0.624732,1
5170,247.455,0.306425,0.00835185,-0.0031101,0.91522,-0.0469894,-0.00193593,0.372348,0.721948,-0.933277,-7.89969,-0.0558694,0.00118146,0.0660673,0.613634,0.624732,1
5180,254.995,0.311139,0.00843957,-0.00322623,0.914248,-0.0469474,-0.00195177,0.376922,0.675137,-0.936833,-7.62889,-0.0566442,0.000600181,0.0659442,0.613634,0.624732,1
5190,252.693,0.315508,0.00852067,-0.00334536,0.913306,-0.046905,-0.0019682,0.381491,0.61071,-0.961702,-7.4315,-0.0574249,0.000817974,0.0661706,0.613634,0.624732,1
5200,245.677,0.318642,0.0085891,-0.00346668,0.912388,-0.0468622,-0.00198523,0.386055,0.48047,-0.97802,-7.25169,-0.0576313,0.00117358,0.0676104,0.613634,0.624732,1
5210,243.317,0.321193,0.00864169,-0.00358857,0.911488,-0.0468191,-0.00200287,0.390615,0.357734,-0.959356,-7.13637,-0.0573013,0.00130969,0.0696098,0.613634,0.624732,1
5220,226.833,0.324225,0.00867869,-0.00370628,0.910605,-0.0467758,-0.0020211,0.39517,0.244083,-0.924425,-6.95488,-0.0575293,0.00135528,0.071141,0.613469,0.624558,1
5230,239.74,0.3288,0.00870526,-0.00381957,0.909747,-0.0467323,-0.00203992,0.399721,0.180547,-0.884026,-6.74885,-0.0578201,0.00154603,0.0711272,0.613453,0.624539,1
5240,230.523,0.334114,0.00872335,-0.00392879,0.908921,-0.0466888,-0.00205929,0.404267,0.110993,-0.867614,-6.44188,-0.0572717,0.00185412,0.0703435,0.613209,0.624221,1
5250,225.882,0.339591,0.0087329,-0.00403687,0.908132,-0.0466451,-0.00207921,0.40881,0.0341114,-0.856537,-6.17766,-0.0563463,0.00215938,0.0693837,0.613068,0.624027,1
5260,235.078,0.344398,0.00873091,-0.00414314,0.907375,-0.0466015,-0.00209966,0.413349,-0.0620529,-0.841867,-5.91908,-0.0559624,0.00208505,0.0691034,0.613068,0.624027,1
5270,246.016,0.348959,0.00871821,-0.00424626,0.906647,-0.0465578,-0.00212063,0.417884,-0.139243,-0.797135,-5.71305,-0.0555307,0.00131848,0.0690574,0.613068,0.624027,1
5280,256.098,0.353464,0.008701,-0.00435693,0.90597,-0.0465143,-0.00214213,0.422415,-0.194343,-0.966492,-5.11795,-0.0547215,-0.000163704,0.0690519,0.613068,0.624027,1
5290,246.773,0.358645,0.00868114,-0.0044809,0.905353,-0.0464708,-0.00216423,0.426944,-0.14,-0.966394,-4.80558,-0.0541686,-0.00155358,0.0683814,0.613068,0.624027,1
5300,217.795,0.364054,0.00865329,-0.00459917,0.904779,-0.0464275,-0.00218693,0.431469,-0.211719,-0.910709,-4.47674,-0.0542442,-0.00230325,0.0674987,0.613068,0.624027,1
5310,221.061,0.369518,0.00862636,-0.00470867,0.904231,-0.0463843,-0.0022102,0.435991,-0.293523,-0.823763,-4.1958,-0.0547068,-0.00240291,0.0665669,0.613068,0.624027,1
5320,234.982,0.374297,0.0085906,-0.0048074,0.903715,-0.0463412,-0.002234,0.440511,-0.274985,-0.752873,-4.05659,-0.0557038,-0.00227165,0.0663319,0.613043,0.623997,1
5330,215.695,0.378672,0.00855762,-0.00489629,0.903214,-0.0462984,-0.00225826,0.445029,-0.254285,-0.664643,-3.9469,-0.0569981,-0.00209043,0.0665073,0.613043,0.623997,1
5340,223.138,0.383038,0.00852695,-0.00495703,0.902727,-0.0462557,-0.0022829,0.449543,-0.235679,-0.437447,-3.83043,-0.057565,-0.00213195,0.066672,0.613043,0.623997,1
5350,230.311,0.388237,0.00852388,-0.004996,0.902291,-0.0462131,-0.0023078,0.454056,0.0873912,-0.205167,-3.24044,-0.0571201,-0.00220809,0.0659721,0.613043,0.623997,1
5360,220.779,0.393862,0.00853454,-0.00501852,0.901895,-0.0461704,-0.00233284,0.458566,0.000116822,-0.00534604,-2.86376,-0.0567841,-0.00195811,0.0648478,0.613043,0.623997,1
5370,238.807,0.399436,0.00853596,-0.00501925,0.901542,-0.0461277,-0.00235793,0.463075,0.0202325,-0.00824474,-2.7682,-0.0571448,-0.00111826,0.0637924,0.613043,0.623997,1
5380,260.645,0.404418,0.0085395,-0.00502098,0.901202,-0.046085,-0.00238303,0.467582,0.0366007,-0.0193216,-2.67512,-0.0570323,-0.000102011,0.0633188,0.613022,0.623985,1
5390,233.869,0.409247,0.0085418,-0.00505331,0.900904,-0.0460423,-0.00240821,0.472087,0.0354877,-0.280953,-2.29884,-0.0558777,0.000722229,0.0629705,0.612831,0.623861,1
5400,214.691,0.414429,0.00853737,-0.00508318,0.90063,-0.0459996,-0.00243356,0.476591,-0.0917079,-0.20085,-2.09645,-0.0547137,0.00111267,0.0622687,0.612831,0.623861,1
5410,238.061,0.4204,0.00852566,-0.00510411,0.900376,-0.045957,-0.00245903,0.481093,-0.0928684,-0.0427741,-1.88362,-0.0544416,0.000904848,0.060793,0.612831,0.623861,1
5420,234.45,0.426581,0.00851469,-0.00510773,0.900148,-0.0459144,-0.00248457,0.485595,-0.0787631,-0.0158954,-1.76892,-0.0546632,0.000249951,0.059112,0.612831,0.623861,1
5430,234.772,0.432219,0.008506,-0.00510835,0.899932,-0.0458718,-0.00251011,0.490095,-0.0615445,0.00417075,-1.67647,-0.0553727,-0.000112273,0.0579867,0.612831,0.623861,1
5440,251.749,0.436919,0.00849938,-0.00510713,0.899727,-0.0458293,-0.00253565,0.494594,-0.0439844,0.0147216,-1.60388,-0.0566709,5.83703e-005,0.0578171,0.612831,0.623861,1
5450,238.312,0.441275,0.00849432,-0.00510467,0.89953,-0.0457868,-0.00256118,0.499092,-0.0400216,0.0246571,-1.54663,-0.0578861,0.000209018,0.0579919,0.612831,0.623861,1
5460,239.495,0.445846,0.00848938,-0.00510081,0.89934,-0.0457444,-0.00258669,0.503589,-0.037614,0.0382333,-1.49207,-0.0580966,-0.000294556,0.0579202,0.612831,0.623861,1
5470,251.768,0.450686,0.00848483,-0.00509483,0.899157,-0.0457019,-0.00261218,0.508086,-0.0350557,0.0575699,-1.4371,-0.058056,-0.00134222,0.057571,0.612831,0.623861,1
5480,211.317,0.455471,0.00848107,-0.00508643,0.89898,-0.0456595,-0.00263763,0.512581,-0.0238992,0.0764081,-1.38444,-0.0582007,-0.00236726,0.0572825,0.612831,0.623861,1
5490,237.891,0.460041,0.00847859,-0.00507607,0.89881,-0.0456171,-0.00266304,0.517075,-0.0166511,0.0865788,-1.33634,-0.0581898,-0.00280953,0.0572063,0.612831,0.623861,1
5500,272.166,0.4645,0.00847705,-0.00506526,0.898646,-0.0455747,-0.00268839,0.521569,-0.00785949,0.085067,-1.2918,-0.0574664,-0.00244448,0.0572216,0.612831,0.623861,1
5510,278.447,0.468999,0.00847623,-0.00505491,0.898487,-0.0455324,-0.00271369,0.526062,-0.00651651,0.0803129,-1.24596,-0.0566459,-0.00138154,0.0571962,0.612831,0.623861,1
5520,252.507,0.473497,0.0084754,-0.00504487,0.898334,-0.04549,-0.00273894,0.530554,-0.00721018,0.0819437,-1.19887,-0.0557097,-0.000319221,0.0571737,0.612831,0.623861,1
5530,235.381,0.477778,0.00847421,-0.00503127,0.898191,-0.0454476,-0.00276414,0.535045,-0.0109328,0.179735,-1.01639,-0.0547401,0.000259716,0.0573672,0.612831,0.623861,1
5540,218.881,0.481906,0.0084673,-0.00500342,0.898081,-0.0454052,-0.00278923,0.539536,-0.00110636,0.272087,-0.722281,-0.0538859,0.000684465,0.0577174,0.612831,0.623861,1
5550,211.795,0.485936,0.0084673,-0.00496953,0.897992,-0.0453629,-0.00281416,0.544026,0.00157543,0.268185,-0.701324,-0.0538986,0.00129126,0.0581824,0.612831,0.623861,1
5560,230.294,0.490044,0.00846792,-0.00493643,0.897905,-0.0453206,-0.00283893,0.548516,0.00823499,0.260458,-0.683091,-0.0541481,0.00167707,0.058572,0.612602,0.623802,1
5570,236.197,0.494117,0.00847276,-0.00490641,0.897827,-0.0452782,-0.00286353,0.553005,0.0925919,0.206018,-0.526163,-0.0542418,0.00150667,0.058989,0.612577,0.623802,1
5580,254.953,0.498707,0.00848431,-0.00488117,0.897763,-0.0452358,-0.002888,0.557494,0.0918138,0.197862,-0.50465,-0.0542555,0.00130184,0.0588865,0.612403,0.623887,1
5590,252.896,0.5036,0.00849562,-0.00485693,0.897701,-0.0451934,-0.00291234,0.561983,0.0892673,0.189045,-0.482698,-0.0547563,0.00132735,0.0584914,0.612067,0.624122,1
5600,232.43,0.508403,0.00850677,-0.00483372,0.897641,-0.0451509,-0.00293657,0.566471,0.088447,0.18275,-0.470362,-0.0552908,0.00125615,0.0581866,0.61159,0.624511,1
5610,216.162,0.512234,0.00851761,-0.00481113,0.897583,-0.0451083,-0.00296068,0.570959,0.0850022,0.178053,-0.458472,-0.0558248,0.000950588,0.058852,0.611205,0.624876,1
5620,219.885,0.515486,0.00852813,-0.00478911,0.897526,-0.0450657,-0.00298468,0.575447,0.0825775,0.173984,-0.447613,-0.0561827,0.00096994,0.0600958,0.611058,0.625055,1
5630,239.526,0.518935,0.00853272,-0.00477065,0.89748,-0.045023,-0.00300858,0.579934,0.000266268,0.124989,-0.300912,-0.0560504,0.00143487,0.0611352,0.611035,0.625128,1
5640,251.877,0.523377,0.00853287,-0.00475546,0.897443,-0.0449804,-0.00303239,0.584422,0.00166611,0.117513,-0.288618,-0.054993,0.00171858,0.0611618,0.611005,0.625175,1
5650,258.303,0.527999,0.00853314,-0.00474418,0.897412,-0.0449377,-0.00305614,0.588909,0.0043801,0.0167964,-0.14456,-0.0542181,0.00133962,0.0610094,0.610872,0.625393,1
5660,237.613,0.532119,0.00853378,-0.00474212,0.897395,-0.044895,-0.00307985,0.593396,0.00544512,0.0166581,-0.139883,-0.0547409,0.000635239,0.0613805,0.610743,0.625616,1
5670,229.434,0.535365,0.00853442,-0.00474003,0.897377,-0.0448524,-0.00310356,0.597883,0.00510339,0.0165677,-0.133305,-0.0560148,-8.68785e-005,0.0626426,0.610682,0.625754,1
5680,206.645,0.538746,0.00853511,-0.00473794,0.897361,-0.0448097,-0.00312725,0.60237,0.00545499,0.0169074,-0.130503,-0.056648,-0.000749635,0.0637589,0.610643,0.625859,1
5690,212.883,0.542652,0.00853575,-0.00473589,0.897345,-0.044767,-0.00315094,0.606856,0.00531273,0.0153635,-0.123801,-0.0569012,-0.00148981,0.0643428,0.610553,0.62614,1
5700,218.1,0.547131,0.00853648,-0.0047341,0.89733,-0.0447243,-0.00317461,0.611343,0.00584866,0.0132951,-0.119661,-0.0574612,-0.00204524,0.0643611,0.61043,0.626541,1
5710,207.758,0.551208,0.00853715,-0.00473263,0.897315,-0.0446817,-0.00319828,0.61583,0.0052643,0.0101924,-0.11217,-0.0580553,-0.00250062,0.0647849,0.610341,0.626829,1
5720,209.827,0.554878,0.00853779,-0.00473145,0.897302,-0.044639,-0.00322194,0.620316,0.00432904,0.00897534,-0.108193,-0.0581148,-0.00300401,0.0656023,0.610298,0.626947,1
5730,203.852,0.558398,0.00853824,-0.00473031,0.897288,-0.0445963,-0.00324559,0.624803,0.00345082,0.00954251,-0.103829,-0.0578723,-0.00349032,0.0665624,0.610235,0.627113,1
5740,220.164,0.562571,0.00853869,-0.004729,0.897275,-0.0445536,-0.00326924,0.629289,0.00800088,0.0135614,-0.0927724,-0.0576372,-0.00355511,0.0668702,0.610094,0.627499,1
5750,204.855,0.5672,0.00853961,-0.00472736,0.897264,-0.0445109,-0.00329288,0.633776,0.00714851,0.0123695,-0.0875144,-0.057311,-0.00351887,0.06672,0.609943,0.627935,1
5760,201.91,0.57223,0.0085405,-0.00472591,0.897253,-0.0444682,-0.00331652,0.638262,0.00666708,0.0105879,-0.0834164,-0.0571267,-0.00338454,0.0661722,0.609857,0.628204,1
5770,207.718,0.576933,0.0085413,-0.00472475,0.897243,-0.0444255,-0.00334014,0.642748,0.00643482,0.00818066,-0.0777151,-0.0569878,-0.00291742,0.0659518,0.609803,0.628389,1
5780,221.877,0.581217,0.00854206,-0.00472381,0.897234,-0.0443828,-0.00336376,0.647234,0.00521225,0.00689193,-0.0738822,-0.0562908,-0.00202606,0.0661413,0.609663,0.628896,1
5790,225.223,0.58495,0.00854263,-0.00472299,0.897225,-0.0443401,-0.00338738,0.65172,0.00453912,0.00637577,-0.0698455,-0.054754,-0.00134455,0.0668664,0.609421,0.629758,1
5800,215.189,0.588848,0.00854321,-0.00472219,0.897216,-0.0442974,-0.00341099,0.656207,0.00451377,0.00641978,-0.0672458,-0.0535165,-0.00105902,0.0674352,0.609173,0.630617,1
5810,218.926,0.592963,0.00854382,-0.00472141,0.897208,-0.0442546,-0.0034346,0.660693,0.00551937,0.0060854,-0.0640178,-0.0529908,-0.00108913,0.0677982,0.608995,0.631213,1
5820,226.018,0.597571,0.00854454,-0.00472068,0.8972,-0.0442119,-0.00345821,0.665179,0.00553831,0.00541943,-0.0614625,-0.0527648,-0.000943475,0.0676737,0.608878,0.631581,1
5830,229.679,0.602577,0.00854529,-0.00472007,0.897194,-0.0441692,-0.00348181,0.669665,0.00998493,0.00227585,-0.0492702,-0.0524529,-0.000219586,0.0671534,0.608789,0.631859,1
5840,215.313,0.608163,0.00854612,-0.00471963,0.897189,-0.0441265,-0.00350541,0.674151,0.0046732,0.00403395,-0.0367328,-0.0527441,0.00111947,0.0660659,0.608737,0.632037,1
5850,225.923,0.613951,0.00854667,-0.00471914,0.897185,-0.0440837,-0.00352901,0.678636,0.00426534,0.00398288,-0.0349689,-0.0532634,0.00194129,0.0647781,0.608736,0.632042,1
5860,251.554,0.619385,0.00854717,-0.00471863,0.89718,-0.044041,-0.0035526,0.683122,0.00364856,0.00399177,-0.0336548,-0.0537287,0.00118939,0.0638317,0.608736,0.632042,1
5870,265.451,0.624084,0.00854708,-0.00471842,0.897177,-0.0439983,-0.00357619,0.687608,-0.000931518,0.00145864,-0.0231349,-0.0542116,-0.000617863,0.0636144,0.608696,0.632165,1
5880,283.384,0.628582,0.00854697,-0.00471827,0.897175,-0.0439555,-0.00359978,0.692094,-0.000768178,0.000843961,-0.0218535,-0.0551401,-0.00175483,0.063614,0.608634,0.632341,1
5890,278.326,0.633438,0.0085469,-0.00471799,0.897172,-0.0439128,-0.00362338,0.69658,-0.000325695,0.00505478,-0.0102515,-0.0553299,-0.00185807,0.0632469,0.608567,0.63255,1
5900,271.995,0.638649,0.00854689,-0.0047179,0.897172,-0.0438701,-0.00364697,0.701066,0,0,0,-0.0548656,-0.0014979,0.0625153,0.608482,0.632826,1
5910,255.692,0.643751,0.00854689,-0.0047179,0.897172,-0.0438273,-0.00367055,0.705552,0,0,0,-0.0544714,-0.000949026,0.0618942,0.608395,0.633127,1
5920,263.93,0.64871,0.00854689,-0.0047179,0.897172,-0.0437846,-0.00369414,0.710038,0,0,0,-0.0550916,-0.000218618,0.0614359,0.608319,0.63339,1
5930,277.794,0.653887,0.00854689,-0.0047179,0.897172,-0.0437419,-0.00371773,0.714523,0,0,0,-0.0558708,0.000252606,0.0607609,0.608262,0.63361,1
5940,272.295,0.659451,0.00854689,-0.0047179,0.897172,-0.0436991,-0.00374132,0.719009,0,0,0,-0.0568526,0.000546317,0.0597038,0.608238,0.633716,1
5950,257.072,0.665363,0.00854689,-0.0047179,0.897172,-0.0436564,-0.00376491,0.723495,0,0,0,-0.0580418,0.00121762,0.0583062,0.608238,0.633716,1
5960,231.715,0.67136,0.00854689,-0.0047179,0.897172,-0.0436136,-0.0037885,0.727981,0,0,0,-0.0591324,0.00253223,0.0568303,0.60823,0.63377,1
5970,216.319,0.676918,0.00854689,-0.0047179,0.897172,-0.0435709,-0.00381209,0.732467,0,0,0,-0.0587481,0.00378297,0.0557617,0.608177,0.634153,1
5980,230.079,0.681768,0.00854689,-0.0047179,0.897172,-0.0435282,-0.00383568,0.736953,0,0,0,-0.0577545,0.00433344,0.0553826,0.608108,0.634694,1
5990,228.948,0.685996,0.00854689,-0.0047179,0.897172,-0.0434854,-0.00385927,0.741439,0,0,0,-0.0571902,0.00401117,0.0556249,0.608056,0.635137,1
6000,241.316,0.690161,0.00854689,-0.0047179,0.897172,-0.0434427,-0.00388286,0.745924,0,0,0,-0.0573699,0.00316753,0.0559401,0.608047,0.635237,1
6010,245.979,0.694931,0.00854689,-0.0047179,0.897172,-0.0434,-0.00390645,0.75041,0,0,0,-0.0569073,0.00255302,0.055641,0.608047,0.635237,1
6020,256.811,0.700335,0.00854689,-0.0047179,0.897172,-0.0433572,-0.00393004,0.754896,0,0,0,-0.0558831,0.00261575,0.0547034,0.608047,0.635237,1
6030,249.362,0.705601,0.00854689,-0.0047179,0.897172,-0.0433145,-0.00395363,0.759382,0,0,0,-0.0545989,0.00288565,0.0539041,0.608047,0.635237,1
6040,228.982,0.709807,0.00854689,-0.0047179,0.897172,-0.0432718,-0.00397722,0.763868,0,0,0,-0.0537682,0.0025674,0.0541692,0.608047,0.635237,1
6050,209.353,0.713279,0.00854689,-0.0047179,0.897172,-0.043229,-0.00400081,0.768354,0,0,0,-0.0534167,0.00152425,0.0551692,0.608047,0.635237,1
6060,204.9,0.71705,0.00854689,-0.0047179,0.897172,-0.0431863,-0.0040244,0.77284,0,0,0,-0.0538859,0.000365553,0.0558832,0.608034,0.635399,1
6070,219.045,0.721673,0.00854689,-0.0047179,0.897172,-0.0431436,-0.00404799,0.777326,0,0,0,-0.054139,-5.85866e-005,0.055747,0.607996,0.635876,1
6080,190.964,0.726354,0.00854689,-0.0047179,0.897172,-0.0431008,-0.00407158,0.781811,0,0,0,-0.0538235,0.000258876,0.0555499,0.607959,0.636382,1
6090,186.192,0.730594,0.00854689,-0.0047179,0.897172,-0.0430581,-0.00409517,0.786297,0,0,0,-0.0535773,0.000533116,0.0557939,0.607948,0.636589,1
6100,181.046,0.734243,0.00854689,-0.0047179,0.897172,-0.0430154,-0.00411876,0.790783,0,0,0,-0.054494,0.000204389,0.0566426,0.607948,0.636589,1
6110,183.368,0.737938,0.00854689,-0.0047179,0.897172,-0.0429726,-0.00414234,0.795269,0,0,0,-0.055607,-0.000408788,0.0574481,0.607948,0.636589,1
6120,195.888,0.741683,0.00854689,-0.0047179,0.897172,-0.0429299,-0.00416593,0.799755,0,0,0,-0.0559071,-0.000335991,0.0581955,0.60795,0.636656,1
6130,200.711,0.745543,0.00854689,-0.0047179,0.897172,-0.0428872,-0.00418952,0.804241,0,0,0,-0.0557018,0.000926008,0.058825,0.607956,0.636774,1
6140,202.716,0.749421,0.00854689,-0.0047179,0.897172,-0.0428444,-0.00421311,0.808727,0,0,0,-0.0555857,0.00251027,0.0594441,0.607956,0.636784,1
6150,194.043,0.753674,0.00854689,-0.0047179,0.897172,-0.0428017,-0.0042367,0.813212,0,0,0,-0.0552371,0.00291492,0.0596752,0.607973,0.636986,1
6160,227.982,0.758125,0.00854689,-0.0047179,0.897172,-0.042759,-0.00426029,0.817698,0,0,0,-0.0546515,0.00163041,0.0596897,0.607974,0.636998,1
6170,201.221,0.762369,0.00854689,-0.0047179,0.897172,-0.0427162,-0.00428388,0.822184,0,0,0,-0.0546532,-0.000246949,0.0599191,0.607974,0.636998,1
6180,209.717,0.766292,0.00854689,-0.0047179,0.897172,-0.0426735,-0.00430747,0.82667,0,0,0,-0.0552921,-0.00164161,0.0604866,0.607974,0.636998,1
6190,201.305,0.77068,0.00854689,-0.0047179,0.897172,-0.0426308,-0.00433106,0.831156,0,0,0,-0.0559573,-0.00236755,0.0605935,0.607974,0.636998,1
6200,171.734,0.775627,0.00854689,-0.0047179,0.897172,-0.042588,-0.00435465,0.835642,0,0,0,-0.0564198,-0.00275192,0.0601393,0.607983,0.637034,1
6210,171.443,0.780729,0.00854689,-0.0047179,0.897172,-0.0425453,-0.00437824,0.840128,0,0,0,-0.0572461,-0.00274317,0.059539,0.607991,0.637066,1
6220,183.192,0.785108,0.00854689,-0.0047179,0.897172,-0.0425026,-0.00440183,0.844613,0,0,0,-0.057967,-0.00227295,0.0596605,0.607991,0.637066,1
6230,202.527,0.788904,0.00854689,-0.0047179,0.897172,-0.0424598,-0.00442542,0.849099,0,0,0,-0.0584642,-0.00133753,0.0603633,0.607991,0.637066,1
6240,213.936,0.792733,0.00854689,-0.0047179,0.897172,-0.0424171,-0.00444901,0.853585,0,0,0,-0.058812,-0.0002727,0.0610328,0.607996,0.637099,1
6250,254.084,0.79729,0.00854689,-0.0047179,0.897172,-0.0423743,-0.0044726,0.858071,0,0,0,-0.0591315,0.000491751,0.0609725,0.608007,0.637137,1
6260,247.187,0.802092,0.00854689,-0.0047179,0.897172,-0.0423316,-0.00449619,0.862557,0,0,0,-0.0585905,0.00066373,0.0606465,0.608048,0.637246,1
6270,245.643,0.806693,0.00854689,-0.0047179,0.897172,-0.0422889,-0.00451978,0.867043,0,0,0,-0.0577989,0.000650008,0.0605157,0.608048,0.637246,1
6280,254.237,0.810859,0.00854689,-0.0047179,0.897172,-0.0422461,-0.00454337,0.871529,0,0,0,-0.0571053,0.000760657,0.060823,0.608048,0.637246,1
6290,254.239,0.814947,0.00854689,-0.0047179,0.897172,-0.0422034,-0.00456696,0.876014,0,0,0,-0.0562074,0.000718463,0.0612046,0.608048,0.637246,1
6300,269.146,0.819159,0.00854689,-0.0047179,0.897172,-0.0421607,-0.00459055,0.8805,0,0,0,-0.0541855,0.000187818,0.0614433,0.608048,0.637246,1
6310,260.153,0.823716,0.00854689,-0.0047179,0.897172,-0.0421179,-0.00461414,0.884986,0,0,0,-0.0524203,-0.000336915,0.0613459,0.608206,0.637529,1
6320,263.69,0.82857,0.00854689,-0.0047179,0.897172,-0.0420752,-0.00463772,0.889472,0,0,0,-0.0517221,-0.00044381,0.0609685,0.608448,0.637953,1
6330,253.069,0.833502,0.00854689,-0.0047179,0.897172,-0.0420325,-0.00466131,0.893958,0,0,0,-0.0520965,-0.000240563,0.0605286,0.60865,0.638295,1
6340,258.002,0.838114,0.00854689,-0.0047179,0.897172,-0.0419897,-0.0046849,0.898444,0,0,0,-0.0524774,7.41503e-005,0.060409,0.60865,0.638295,1
6350,248.18,0.84206,0.00854689,-0.0047179,0.897172,-0.041947,-0.00470849,0.90293,0,0,0,-0.0532953,0.00075199,0.0609635,0.60865,0.638295,1
6360,239.336,0.845547,0.00854689,-0.0047179,0.897172,-0.0419043,-0.00473208,0.907415,0,0,0,-0.0539213,0.00159414,0.0619779,0.608699,0.638379,1
6370,243.86,0.849009,0.00854689,-0.0047179,0.897172,-0.0418615,-0.00475567,0.911901,0,0,0,-0.0539751,0.00206624,0.0630057,0.608811,0.63858,1
6380,243.851,0.852921,0.00854689,-0.0047179,0.897172,-0.0418188,-0.00477926,0.916387,0,0,0,-0.0537298,0.00194002,0.0635755,0.608841,0.638635,1
6390,252.029,0.857171,0.00854689,-0.0047179,0.897172,-0.0417761,-0.00480285,0.920873,0,0,0,-0.0546551,0.00149642,0.0638217,0.608858,0.638669,1
6400,257.669,0.861658,0.00854689,-0.0047179,0.897172,-0.0417333,-0.00482644,0.925359,0,0,0,-0.0559156,0.00116005,0.0638384,0.608858,0.638669,1
6410,267.129,0.866191,0.00854689,-0.0047179,0.897172,-0.0416906,-0.00485003,0.929845,0,0,0,-0.0565353,0.00128103,0.0638025,0.608858,0.638669,1
6420,264.792,0.871123,0.00854689,-0.0047179,0.897172,-0.0416479,-0.00487362,0.934331,0,0,0,-0.0564843,0.00178809,0.0633595,0.608858,0.638669,1
6430,243.201,0.876267,0.00854689,-0.0047179,0.897172,-0.0416051,-0.00489721,0.938817,0,0,0,-0.0567872,0.00208138,0.0627085,0.608858,0.638669,1
6440,232.7,0.881481,0.00854689,-0.0047179,0.897172,-0.0415624,-0.0049208,0.943302,0,0,0,-0.0570376,0.00172624,0.0619826,0.608858,0.638669,1
6450,233.232,0.886283,0.00854689,-0.0047179,0.897172,-0.0415197,-0.00494439,0.947788,0,0,0,-0.0572068,0.000955301,0.0616636,0.608888,0.638719,1
6460,210.959,0.891114,0.00854689,-0.0047179,0.897172,-0.0414769,-0.00496798,0.952274,0,0,0,-0.0574219,0.000442327,0.0613188,0.608921,0.638768,1
6470,192.772,0.896445,0.00854689,-0.0047179,0.897172,-0.0414342,-0.00499157,0.95676,0,0,0,-0.0576395,0.000209879,0.0604765,0.608968,0.638831,1
6480,192.747,0.902493,0.00854689,-0.0047179,0.897172,-0.0413915,-0.00501516,0.961246,0,0,0,-0.0573157,-0.000170573,0.0589067,0.609089,0.638994,1
6490,202.172,0.908512,0.00854689,-0.0047179,0.897172,-0.0413487,-0.00503875,0.965732,0,0,0,-0.057199,-0.000873176,0.0573675,0.609253,0.639212,1
6500,191.984,0.914106,0.00854689,-0.0047179,0.897172,-0.041306,-0.00506234,0.970218,0,0,0,-0.0577233,-0.00140118,0.0562663,0.609421,0.639425,1
6510,201.459,0.919113,0.00854689,-0.0047179,0.897172,-0.0412633,-0.00508593,0.974703,0,0,0,-0.0580959,-0.00142519,0.0557518,0.609763,0.639177,1
6520,195.184,0.92382,0.00854689,-0.0047179,0.897172,-0.0412205,-0.00510951,0.979189,0,0,0,-0.0575099,-0.000873776,0.0555228,0.609744,0.638962,1
6530,218.63,0.928286,0.00854689,-0.0047179,0.897172,-0.0411778,-0.0051331,0.983675,0,0,0,-0.0565378,-0.000231223,0.0555287,0.609565,0.638453,1
6540,224.563,0.932821,0.00854689,-0.0047179,0.897172,-0.0411351,-0.00515669,0.988161,0,0,0,-0.0557854,9.57842e-005,0.0554693,0.609358,0.638218,1
6550,202.431,0.937419,0.00854689,-0.0047179,0.897172,-0.0410923,-0.00518028,0.992647,0,0,0,-0.0548547,-7.38187e-005,0.0553427,0.609064,0.6379,1
6560,188.78,0.94242,0.00854689,-0.0047179,0.897172,-0.0410496,-0.00520387,0.997133,0,0,0,-0.0540467,1.39993e-005,0.0548168,0.608827,0.637612,1
6570,183.372,1.05258,0.00854689,-0.0047179,0.897172,-0.0410068,-0.00522746,-0.998381,0,0,0,-0.0538667,0.000653378,0.0541046,0.608695,0.637441,1
6580,172.366,1.04755,0.00854689,-0.0047179,0.897172,-0.0409641,-0.00525105,-0.993896,0,0,0,-0.0542707,0.00115843,0.0535521,0.608592,0.637273,1
6590,156.861,1.043,0.00854689,-0.0047179,0.897172,-0.0409214,-0.00527464,-0.98941,0,0,0,-0.0542952,0.000362271,0.0534889,0.608539,0.637135,1
6600,174.272,1.03856,0.00854689,-0.0047179,0.897172,-0.0408786,-0.00529823,-0.984924,0,0,0,-0.0543543,-0.00123046,0.0535412,0.608447,0.636861,1
6610,205.268,1.03419,0.00854689,-0.0047179,0.897172,-0.0408359,-0.00532182,-0.980438,0,0,0,-0.0546799,-0.00259116,0.0536521,0.608288,0.636427,1
6620,217.809,1.03006,0.00854689,-0.0047179,0.897172,-0.0407932,-0.00534541,-0.975952,0,0,0,-0.0552527,-0.00343998,0.0540025,0.608158,0.636133,1
6630,215.99,1.02668,0.00854689,-0.0047179,0.897172,-0.0407504,-0.005369,-0.971466,0,0,0,-0.0556478,-0.00413634,0.0551084,0.608158,0.636133,1
6640,200.231,1.02382,0.00854689,-0.0047179,0.897172,-0.0407077,-0.00539259,-0.96698,0,0,0,-0.0566311,-0.00431655,0.0567194,0.608158,0.636133,1
6650,209.833,1.0205,0.00854689,-0.0047179,0.897172,-0.040665,-0.00541618,-0.962495,0,0,0,-0.057462,-0.00373178,0.0578654,0.60813,0.636081,1
6660,214.869,1.01596,0.00854689,-0.0047179,0.897172,-0.0406222,-0.00543977,-0.958009,0,0,0,-0.0573131,-0.00263466,0.0578063,0.608047,0.635908,1
6670,252.609,1.01066,0.00854689,-0.0047179,0.897172,-0.0405795,-0.00546336,-0.953523,0,0,0,-0.0559992,-0.00161855,0.0570078,0.607938,0.635655,1
6680,243.436,1.00595,0.00854689,-0.0047179,0.897172,-0.0405368,-0.00548695,-0.949037,0,0,0,-0.0552534,-0.000857571,0.0567903,0.607938,0.635655,1
6690,241.897,1.00239,0.00854689,-0.0047179,0.897172,-0.040494,-0.00551054,-0.944551,0,0,0,-0.0549708,-0.00053588,0.0577216,0.607938,0.635655,1
6700,252.173,0.999691,0.00854689,-0.0047179,0.897172,-0.0404513,-0.00553413,-0.940065,0,0,0,-0.0547821,-0.000361331,0.0595098,0.607938,0.635655,1
6710,231.996,0.996939,0.00854689,-0.0047179,0.897172,-0.0404086,-0.00555772,-0.935579,0,0,0,-0.0542431,0.000426598,0.061246,0.607938,0.635655,1
6720,233.766,0.993568,0.00854689,-0.0047179,0.897172,-0.0403658,-0.0055813,-0.931094,0,0,0,-0.0544164,0.00192261,0.0623472,0.607938,0.635655,1
6730,231.49,0.989323,0.00854689,-0.0047179,0.897172,-0.0403231,-0.00560489,-0.926608,0,0,0,-0.0549505,0.00273295,0.0625725,0.607938,0.635655,1
6740,252.485,0.984734,0.00854689,-0.0047179,0.897172,-0.0402804,-0.00562848,-0.922122,0,0,0,-0.0558713,0.00225921,0.0624572,0.607907,0.635455,1
6750,244.905,0.980406,0.00854689,-0.0047179,0.897172,-0.0402376,-0.00565207,-0.917636,0,0,0,-0.0567282,0.0013693,0.0626062,0.607854,0.635093,1
6760,264.343,0.976881,0.00854689,-0.0047179,0.897172,-0.0401949,-0.00567566,-0.91315,0,0,0,-0.0576573,0.00102653,0.0635514,0.607779,0.634532,1
6770,252.184,0.97349,0.00854689,-0.0047179,0.897172,-0.0401522,-0.00569925,-0.908664,0,0,0,-0.0577036,0.00116099,0.0646436,0.607746,0.634245,1
6780,249.864,0.969516,0.00854689,-0.0047179,0.897172,-0.0401094,-0.00572284,-0.904178,0,0,0,-0.0574773,0.00139639,0.0651559,0.607746,0.634245,1
6790,260.04,0.96457,0.00854689,-0.0047179,0.897172,-0.0400667,-0.00574643,-0.899692,0,0,0,-0.057403,0.00169396,0.0646927,0.607746,0.634245,1
6800,243.09,0.959593,0.00854689,-0.0047179,0.897172,-0.040024,-0.00577002,-0.895207,0,0,0,-0.0574519,0.00178353,0.0641988,0.60774,0.634183,1
6810,237.381,0.955192,0.00854689,-0.0047179,0.897172,-0.0399812,-0.00579361,-0.890721,0,0,0,-0.0565261,0.00170571,0.0642988,0.60774,0.634183,1
6820,233.252,0.951319,0.00854689,-0.0047179,0.897172,-0.0399385,-0.0058172,-0.886235,0,0,0,-0.0554505,0.00180854,0.0649271,0.60774,0.634183,1
6830,232.085,0.946713,0.00854689,-0.0047179,0.897172,-0.0398958,-0.00584079,-0.881749,0,0,0,-0.0549376,0.00200774,0.0648123,0.60774,0.634183,1
6840,215.506,0.941126,0.00854689,-0.0047179,0.897172,-0.039853,-0.00586438,-0.877263,0,0,0,-0.0548488,0.00166493,0.0637135,0.60774,0.634183,1
6850,191.376,0.935137,0.00854689,-0.0047179,0.897172,-0.0398103,-0.00588797,-0.872777,0,0,0,-0.0541857,0.00118808,0.062222,0.60774,0.634183,1
6860,195.37,0.930039,0.00854689,-0.0047179,0.897172,-0.0397675,-0.00591156,-0.868291,0,0,0,-0.0536061,0.00129234,0.0616166,0.60774,0.634183,1
6870,194.281,0.925869,0.00854689,-0.0047179,0.897172,-0.0397248,-0.00593515,-0.863806,0,0,0,-0.053588,0.00177938,0.0619276,0.60774,0.634183,1
6880,209.656,0.922417,0.00854689,-0.0047179,0.897172,-0.0396821,-0.00595874,-0.85932,0,0,0,-0.0541484,0.0016933,0.0629517,0.607704,0.633963,1
6890,202.944,0.918947,0.00854689,-0.0047179,0.897172,-0.0396393,-0.00598233,-0.854834,0,0,0,-0.0550987,0.00130872,0.0639545,0.607665,0.633658,1
6900,222.168,0.915224,0.00854689,-0.0047179,0.897172,-0.0395966,-0.00600592,-0.850348,0,0,0,-0.0565746,0.00127817,0.0646899,0.607639,0.633382,1
6910,215.679,0.910798,0.00854689,-0.0047179,0.897172,-0.0395539,-0.00602951,-0.845862,0,0,0,-0.0578397,0.00146944,0.0647214,0.607615,0.633035,1
6920,197.61,0.906144,0.00854689,-0.0047179,0.897172,-0.0395111,-0.00605309,-0.841376,0,0,0,-0.0580804,0.00109313,0.0645493,0.607582,0.632411,1
6930,201.388,0.901524,0.00854689,-0.0047179,0.897172,-0.0394684,-0.00607668,-0.83689,0,0,0,-0.0575325,0.000416101,0.0644296,0.607559,0.631978,1
6940,198.171,0.897351,0.00854689,-0.0047179,0.897172,-0.0394257,-0.00610027,-0.832405,0,0,0,-0.0568455,0.000167263,0.0647554,0.607559,0.631978,1
6950,194.178,0.893095,0.00854689,-0.0047179,0.897172,-0.0393829,-0.00612386,-0.827919,0,0,0,-0.0562553,0.000564693,0.0649914,0.607559,0.631978,1
6960,204.527,0.888385,0.00854689,-0.0047179,0.897172,-0.0393402,-0.00614745,-0.823433,0,0,0,-0.0557536,0.000927912,0.0647725,0.607559,0.631978,1
6970,195.02,0.883119,0.00854689,-0.0047179,0.897172,-0.0392975,-0.00617104,-0.818947,0,0,0,-0.0560073,0.000851436,0.063986,0.607559,0.631978,1
6980,205.278,0.877876,0.00854689,-0.0047179,0.897172,-0.0392547,-0.00619463,-0.814461,0,0,0,-0.056766,4.95013e-006,0.0632179,0.607559,0.631978,1
6990,200.402,0.872962,0.00854689,-0.0047179,0.897172,-0.039212,-0.00621822,-0.809975,0,0,0,-0.057239,-0.00116397,0.062786,0.607559,0.631978,1
7000,178.778,0.868523,0.00854689,-0.0047179,0.897172,-0.0391693,-0.00624181,-0.805489,0,0,0,-0.0568087,-0.00156954,0.0628415,0.607554,0.631719,1
7010,169.171,0.864231,0.00854689,-0.0047179,0.897172,-0.0391265,-0.0062654,-0.801004,0,0,0,-0.0567067,-0.00060927,0.0630305,0.607555,0.631562,1
7020,182.636,0.859647,0.00854689,-0.0047179,0.897172,-0.0390838,-0.00628899,-0.796518,0,0,0,-0.0570708,0.000468136,0.0629144,0.607555,0.631562,1
7030,195.312,0.854472,0.00854689,-0.0047179,0.897172,-0.0390411,-0.00631258,-0.792032,0,0,0,-0.0573314,0.000544051,0.0622171,0.607555,0.631562,1
7040,199.431,0.848879,0.00854689,-0.0047179,0.897172,-0.0389983,-0.00633617,-0.787546,0,0,0,-0.056643,-0.000210593,0.0611279,0.607559,0.631537,1
7050,231.484,0.843583,0.00854689,-0.0047179,0.897172,-0.0389556,-0.00635976,-0.78306,0,0,0,-0.0560028,-0.000634771,0.0603313,0.607578,0.631436,1
7060,217.206,0.838749,0.00854689,-0.0047179,0.897172,-0.0389129,-0.00638335,-0.778574,0,0,0,-0.0555856,-0.000655127,0.0599895,0.607586,0.631412,1
7070,216.056,0.833971,0.00854689,-0.0047179,0.897172,-0.0388701,-0.00640694,-0.774088,0,0,0,-0.0558005,-0.00067467,0.0596906,0.607586,0.631412,1
7080,210.12,0.828481,0.00854689,-0.0047179,0.897172,-0.0388274,-0.00643053,-0.769603,0,0,0,-0.0561282,-0.000917293,0.0586795,0.607586,0.631412,1
7090,206.393,0.822555,0.00854689,-0.0047179,0.897172,-0.0387847,-0.00645412,-0.765117,0,0,0,-0.0563017,-0.00108961,0.057234,0.607586,0.631412,1
7100,193.993,0.816863,0.00854689,-0.0047179,0.897172,-0.0387419,-0.00647771,-0.760631,0,0,0,-0.0550978,-0.000909194,0.0560495,0.607586,0.631412,1
7110,214.516,0.811973,0.00854689,-0.0047179,0.897172,-0.0386992,-0.0065013,-0.756145,0,0,0,-0.0534084,6.27306e-005,0.0556685,0.607586,0.631412,1
7120,217.266,0.807242,0.00854689,-0.0047179,0.897172,-0.0386565,-0.00652488,-0.751659,0,0,0,-0.0524375,0.00134755,0.0554264,0.607586,0.631412,1
7130,218.723,0.802386,0.00854689,-0.0047179,0.897172,-0.0386137,-0.00654847,-0.747173,0,0,0,-0.0529423,0.00207568,0.055038,0.607586,0.631412,1
7140,241.774,0.797344,0.00854689,-0.0047179,0.897172,-0.038571,-0.00657206,-0.742687,0,0,0,-0.0534058,0.00219811,0.0544706,0.607586,0.631412,1
7150,207.901,0.792697,0.00854689,-0.0047179,0.897172,-0.0385282,-0.00659565,-0.738202,0,0,0,-0.0537797,0.00278584,0.0542931,0.607586,0.631412,1
7160,201.714,0.788201,0.00854689,-0.0047179,0.897172,-0.0384855,-0.00661924,-0.733716,0,0,0,-0.0543091,0.00388381,0.0542566,0.607586,0.631412,1
7170,202.517,0.783926,0.00854689,-0.0047179,0.897172,-0.0384428,-0.00664283,-0.72923,0,0,0,-0.0552027,0.00414459,0.0544426,0.607586,0.631412,1
7180,225.521,0.779955,0.00854689,-0.0047179,0.897172,-0.0384,-0.00666642,-0.724744,0,0,0,-0.0553908,0.00288117,0.0549677,0.607626,0.631346,1
7190,238.45,0.776756,0.00854689,-0.0047179,0.897172,-0.0383573,-0.00669001,-0.720258,0,0,0,-0.055473,0.00104408,0.0562713,0.607759,0.631136,1
7200,244.253,0.773711,0.00854689,-0.0047179,0.897172,-0.0383146,-0.0067136,-0.715772,0,0,0,-0.0556445,-0.000250519,0.0577175,0.607817,0.631052,1
7210,228.054,0.770381,0.00854689,-0.0047179,0.897172,-0.0382718,-0.00673719,-0.711286,0,0,0,-0.055784,-0.00077702,0.0588724,0.607817,0.631052,1
7220,209.332,0.766585,0.00854689,-0.0047179,0.897172,-0.0382291,-0.00676078,-0.7068,0,0,0,-0.055619,-0.000595885,0.0595623,0.607817,0.631052,1
7230,224.646,0.76302,0.00854689,-0.0047179,0.897172,-0.0381864,-0.00678437,-0.702315,0,0,0,-0.0561355,-9.31686e-005,0.0604652,0.607874,0.630973,1
7240,210.244,0.759458,0.00854689,-0.0047179,0.897172,-0.0381436,-0.00680796,-0.697829,0,0,0,-0.0569829,0.00035939,0.0613619,0.607962,0.630843,1
7250,224.815,0.755674,0.00854689,-0.0047179,0.897172,-0.0381009,-0.00683155,-0.693343,0,0,0,-0.0572061,0.00077519,0.062051,0.607962,0.630843,1
7260,228.032,0.751357,0.00854689,-0.0047179,0.897172,-0.0380582,-0.00685514,-0.688857,0,0,0,-0.0570074,0.001735,0.0622123,0.607962,0.630843,1
7270,234.231,0.747119,0.00854689,-0.0047179,0.897172,-0.0380154,-0.00687873,-0.684371,0,0,0,-0.0576255,0.00299469,0.0624256,0.607962,0.630843,1
7280,227.045,0.743084,0.00854689,-0.0047179,0.897172,-0.0379727,-0.00690232,-0.679885,0,0,0,-0.0583355,0.00376949,0.0628425,0.607962,0.630843,1
7290,194.811,0.739405,0.00854689,-0.0047179,0.897172,-0.03793,-0.00692591,-0.675399,0,0,0,-0.0580628,0.00386507,0.063653,0.607962,0.630843,1
7300,183.274,0.735614,0.00854689,-0.0047179,0.897172,-0.0378872,-0.0069495,-0.670914,0,0,0,-0.0576407,0.00373993,0.0643576,0.607962,0.630843,1
7310,193.936,0.731771,0.00854689,-0.0047179,0.897172,-0.0378445,-0.00697309,-0.666428,0,0,0,-0.0579109,0.00306178,0.0649989,0.607962,0.630843,1
7320,218.392,0.72766,0.00854689,-0.0047179,0.897172,-0.0378018,-0.00699667,-0.661942,0,0,0,-0.0578007,0.00149568,0.0653934,0.60801,0.630783,1
7330,226.54,0.723472,0.00854689,-0.0047179,0.897172,-0.037759,-0.00702026,-0.657456,0,0,0,-0.0564352,-0.000307114,0.0657437,0.608203,0.630553,1
7340,236.787,0.719371,0.00854689,-0.0047179,0.897172,-0.0377163,-0.00704385,-0.65297,0,0,0,-0.0549595,-0.00110103,0.06617,0.608416,0.630301,1
7350,229.947,0.715809,0.00854689,-0.0047179,0.897172,-0.0376736,-0.00706744,-0.648484,0,0,0,-0.0541042,-0.00123603,0.0671123,0.608448,0.630259,1
7360,211.528,0.712638,0.00854689,-0.0047179,0.897172,-0.0376308,-0.00709103,-0.643998,0,0,0,-0.0536565,-0.00158073,0.0684378,0.608448,0.630259,1
7370,200.644,0.709117,0.00854689,-0.0047179,0.897172,-0.0375881,-0.00711462,-0.639513,0,0,0,-0.0532926,-0.00252292,0.0694159,0.608448,0.630259,1
7380,182.525,0.704596,0.00854689,-0.0047179,0.897172,-0.0375454,-0.00713821,-0.635027,0,0,0,-0.0535612,-0.00320857,0.0693766,0.608448,0.630259,1
7390,177.536,0.699095,0.00854689,-0.0047179,0.897172,-0.0375026,-0.0071618,-0.630541,0,0,0,-0.053893,-0.00310484,0.0683502,0.608448,0.630259,1
7400,190.023,0.693457,0.00854689,-0.0047179,0.897172,-0.0374599,-0.00718539,-0.626055,0,0,0,-0.0543278,-0.00219801,0.0671792,0.608448,0.630259,1
7410,210.96,0.688148,0.00854689,-0.0047179,0.897172,-0.0374172,-0.00720898,-0.621569,0,0,0,-0.0551928,-0.00139141,0.0663245,0.608448,0.630259,1
7420,207.62,0.683038,0.00854689,-0.0047179,0.897172,-0.0373744,-0.00723257,-0.617083,0,0,0,-0.0566601,-0.00125123,0.0656563,0.608448,0.630259,1
7430,192.006,0.677429,0.00854689,-0.0047179,0.897172,-0.0373317,-0.00725616,-0.612597,0,0,0,-0.0568955,-0.00179474,0.0645269,0.60859,0.630074,1
7440,197.147,0.671738,0.00854689,-0.0047179,0.897172,-0.0372889,-0.00727975,-0.608112,0,0,0,-0.0557011,-0.00199096,0.0633534,0.608874,0.629711,1
7450,201.622,0.666282,0.00854689,-0.0047179,0.897172,-0.0372462,-0.00730334,-0.603626,0,0,0,-0.0542338,-0.00146229,0.062414,0.609007,0.629544,1
7460,209.077,0.661859,0.00854689,-0.0047179,0.897172,-0.0372035,-0.00732693,-0.59914,0,0,0,-0.054066,-0.000782408,0.0624722,0.609113,0.629415,1
7470,230.361,0.65826,0.00854689,-0.0047179,0.897172,-0.0371607,-0.00735052,-0.594654,0,0,0,-0.0544924,-0.000757194,0.0633453,0.609234,0.629275,1
7480,219.023,0.654939,0.00854689,-0.0047179,0.897172,-0.037118,-0.00737411,-0.590168,0,0,0,-0.0553147,-0.00108905,0.0644877,0.609293,0.629213,1
7490,208.368,0.650636,0.00854689,-0.0047179,0.897172,-0.0370753,-0.0073977,-0.585682,0,0,0,-0.0559922,-0.00131384,0.0646505,0.609293,0.629213,1
7500,194.303,0.645317,0.00854689,-0.0047179,0.897172,-0.0370325,-0.00742129,-0.581196,0,0,0,-0.0563749,-0.00144496,0.0638033,0.609293,0.629213,1
7510,189.507,0.639637,0.00854689,-0.0047179,0.897172,-0.0369898,-0.00744488,-0.576711,0,0,0,-0.0561334,-0.00156386,0.0626132,0.608817,0.628805,1
7520,193.635,0.634887,0.00854689,-0.0047179,0.897172,-0.0369471,-0.00746846,-0.572225,0,0,0,-0.0567588,-0.00157797,0.0623259,0.608651,0.62837,1
7530,205.864,0.630865,0.00854689,-0.0047179,0.897172,-0.0369043,-0.00749205,-0.567739,0,0,0,-0.0580346,-0.00154898,0.0627446,0.608521,0.627721,1
7540,210.495,0.626982,0.00854689,-0.0047179,0.897172,-0.0368616,-0.00751564,-0.563253,0,0,0,-0.0587674,-0.00137565,0.0633158,0.608496,0.627416,1
7550,216.739,0.622256,0.00854689,-0.0047179,0.897172,-0.0368189,-0.00753923,-0.558767,0,0,0,-0.0580713,-0.000549443,0.0630871,0.608413,0.627307,1
7560,222.417,0.617028,0.00854689,-0.0047179,0.897172,-0.0367761,-0.00756282,-0.554281,0,0,0,-0.0576108,0.00047371,0.0623423,0.608413,0.627307,1
7570,203.57,0.611475,0.00854689,-0.0047179,0.897172,-0.0367334,-0.00758641,-0.549795,0,0,0,-0.057688,0.000656095,0.0612647,0.608413,0.627307,1
7580,195.159,0.606195,0.00854689,-0.0047179,0.897172,-0.0366907,-0.00761,-0.545309,0,0,0,-0.0577905,0.000225324,0.0604678,0.608413,0.627307,1
7590,202.115,0.60117,0.00854689,-0.0047179,0.897172,-0.0366479,-0.00763359,-0.540824,0,0,0,-0.0572052,0.000503591,0.0599397,0.608413,0.627307,1
7600,218.8,0.596701,0.00854689,-0.0047179,0.897172,-0.0366052,-0.00765718,-0.536338,0,0,0,-0.0564768,0.00142979,0.0599633,0.608413,0.627307,1
7610,210.307,0.592198,0.00854689,-0.0047179,0.897172,-0.0365625,-0.00768077,-0.531852,0,0,0,-0.0552659,0.00195487,0.059972,0.608413,0.627307,1
7620,211.16,0.587384,0.00855284,-0.00472506,0.897184,-0.0365197,-0.00770437,-0.527366,0.0647091,-0.0782423,0.134517,-0.0537095,0.00168313,0.0596916,0.609161,0.627883,1
7630,201.635,0.582214,0.00856918,-0.00473714,0.897213,-0.0364769,-0.00772803,-0.52288,0.19322,-0.194138,0.400323,-0.0524566,0.00125273,0.0590453,0.609418,0.628285,1
7640,182.783,0.577593,0.00859388,-0.00476203,0.897264,-0.036434,-0.00775177,-0.518394,0.20143,-0.203772,0.415594,-0.0523245,0.00099943,0.058914,0.609675,0.628889,1
7650,177.858,0.573446,0.00861957,-0.00478823,0.897317,-0.036391,-0.00777565,-0.513907,0.208902,-0.21514,0.431188,-0.0527664,0.00105475,0.0592371,0.609655,0.629083,1
7660,168.126,0.56916,0.00864616,-0.00481595,0.897372,-0.0363478,-0.00779966,-0.509421,0.215993,-0.227963,0.447249,-0.0535944,0.00120177,0.0594068,0.609627,0.629358,1
7670,176.802,0.563904,0.00867366,-0.00484528,0.897429,-0.0363045,-0.00782381,-0.504934,0.223658,-0.240469,0.462902,-0.0548668,0.00156283,0.0585868,0.609648,0.629584,1
7680,184.771,0.55795,0.00870044,-0.0048867,0.897507,-0.0362611,-0.00784814,-0.500446,0.29052,-0.326059,0.73145,-0.055858,0.00188989,0.0570744,0.60971,0.629825,1
7690,203.813,0.552052,0.00873875,-0.00492655,0.897602,-0.0362175,-0.00787268,-0.495959,0.366817,-0.254174,0.877051,-0.0557248,0.00235476,0.0556536,0.609852,0.630251,1
7700,200.578,0.547076,0.008786,-0.00495828,0.897714,-0.0361737,-0.00789739,-0.49147,0.389545,-0.252359,0.906559,-0.0555094,0.00280553,0.0551589,0.61006,0.630825,1
7710,206.996,0.542823,0.00883661,-0.00498968,0.897829,-0.0361296,-0.00792226,-0.486981,0.420499,-0.249234,0.943512,-0.0565671,0.00298122,0.0553472,0.610285,0.631414,1
7720,210.918,0.538627,0.00889491,-0.00500843,0.897965,-0.0360853,-0.00794725,-0.482492,0.485046,-0.139138,1.11318,-0.0578559,0.00241988,0.055595,0.61054,0.632026,1
7730,190.034,0.534254,0.0089554,-0.00502732,0.898111,-0.0360407,-0.00797234,-0.478002,0.443496,-0.199391,1.28311,-0.0579774,0.00196747,0.0557096,0.610826,0.632644,1
7740,207.786,0.529762,0.00901278,-0.00505129,0.898275,-0.0359958,-0.00799754,-0.473511,0.472982,-0.183432,1.32738,-0.0575347,0.00226619,0.055714,0.611094,0.633164,1
7750,198.669,0.525278,0.00907367,-0.00507323,0.898443,-0.0359505,-0.00802285,-0.469019,0.499338,-0.167255,1.36174,-0.0579046,0.00295024,0.0556853,0.611343,0.633599,1
7760,193.279,0.520792,0.00912964,-0.00507611,0.898641,-0.035905,-0.00804824,-0.464526,0.480686,0.0793153,1.76993,-0.0583932,0.00259352,0.0556706,0.611569,0.633947,1
7770,200.81,0.516901,0.00919127,-0.00506455,0.898865,-0.0358592,-0.00807359,-0.460033,0.504376,0.105094,1.81886,-0.0585608,0.00124808,0.0562855,0.611641,0.634024,1
7780,214.966,0.513713,0.00925595,-0.00504989,0.899096,-0.0358131,-0.00809888,-0.455538,0.52918,0.128773,1.8701,-0.0585156,-0.000115127,0.0576112,0.611641,0.634024,1
7790,219.536,0.510585,0.00932363,-0.00503239,0.899333,-0.0357667,-0.00812409,-0.451042,0.551689,0.150652,1.91755,-0.0584244,-0.000799482,0.0589881,0.611656,0.634055,1
7800,205.386,0.50664,0.0093939,-0.00501222,0.899576,-0.0357199,-0.0081492,-0.446544,0.570707,0.171452,1.96518,-0.0578553,-0.00124799,0.0595645,0.611868,0.63454,1
7810,199.655,0.502484,0.00945498,-0.00498875,0.899845,-0.0356727,-0.00817421,-0.442046,0.429103,0.243831,2.51934,-0.0578838,-0.00157094,0.0599033,0.612043,0.634978,1
7820,196.195,0.498871,0.00950824,-0.00495675,0.900165,-0.0356253,-0.00819907,-0.437546,0.420341,0.268066,2.58688,-0.0582857,-0.00169151,0.0607674,0.612128,0.635249,1
7830,223.116,0.495936,0.00957321,-0.00491739,0.900502,-0.0355776,-0.00822376,-0.433044,0.53095,0.335435,2.74173,-0.0580021,-0.00128007,0.0623356,0.612163,0.635394,1
7840,215.19,0.492627,0.00964621,-0.00486531,0.900856,-0.0355296,-0.00824823,-0.428541,0.610377,0.469156,2.88504,-0.0564196,-0.000567725,0.063583,0.612183,0.635514,1
7850,216.988,0.488585,0.00972277,-0.00480377,0.901222,-0.0354812,-0.0082724,-0.424036,0.611351,0.512563,2.94607,-0.0555375,5.70446e-005,0.0640662,0.612183,0.63556,1
7860,223.266,0.483955,0.00979902,-0.00473723,0.901593,-0.0354324,-0.00829625,-0.419529,0.608251,0.555872,3.00116,-0.0556782,0.000107632,0.0639297,0.612183,0.63556,1
7870,204.637,0.479765,0.00987505,-0.00466523,0.901972,-0.0353832,-0.00831976,-0.41502,0.6054,0.593591,3.05567,-0.0557158,-0.000109262,0.064244,0.612183,0.63556,1
7880,192.377,0.475782,0.00995897,-0.00459777,0.902367,-0.0353336,-0.00834292,-0.410509,0.690162,0.528708,3.20837,-0.0545694,-9.71276e-005,0.0648131,0.61223,0.635782,1
7890,181.587,0.471843,0.0100414,-0.00452558,0.902794,-0.0352836,-0.00836572,-0.405996,0.718531,0.574026,3.51172,-0.0537534,0.000209996,0.0654071,0.612433,0.636119,1
7900,178.282,0.4674,0.0101269,-0.00445404,0.903245,-0.0352332,-0.00838817,-0.401481,0.620848,0.55539,3.73675,-0.0535089,8.12716e-005,0.0654848,0.612676,0.636287,1
7910,172.618,0.462922,0.0102039,-0.00438322,0.903719,-0.0351823,-0.00841027,-0.396963,0.610796,0.576744,3.84401,-0.053766,-0.000649581,0.0655203,0.612736,0.636284,1
7920,191.32,0.458114,0.0102797,-0.00430956,0.904207,-0.0351311,-0.008432,-0.392444,0.596652,0.598764,3.94895,-0.054372,-0.00132556,0.065211,0.612927,0.636198,1
7930,198.41,0.453287,0.0103535,-0.004233,0.90471,-0.0350796,-0.00845336,-0.387921,0.578669,0.625069,4.08774,-0.0557364,-0.00138618,0.0648393,0.613171,0.636001,1
7940,189.684,0.448321,0.0104243,-0.00416524,0.905246,-0.0350276,-0.00847435,-0.383396,0.560085,0.539841,4.36928,-0.0563668,-0.00107651,0.0643554,0.613361,0.635824,1
7950,179.596,0.443847,0.0104591,-0.00408861,0.905826,-0.0349754,-0.00849499,-0.378869,0.180729,0.649733,4.78057,-0.056209,-0.000580421,0.0643993,0.613439,0.635718,1
7960,184.864,0.439326,0.0104945,-0.00400335,0.906429,-0.034923,-0.00851523,-0.374338,0.319273,0.694316,4.88617,-0.056139,0.000131428,0.0643901,0.613439,0.635718,1
7970,194.965,0.434593,0.0105369,-0.00392528,0.907059,-0.0348704,-0.00853504,-0.369804,0.358458,0.562879,5.17867,-0.0565886,0.000794111,0.0641454,0.613439,0.635718,1
7980,216.115,0.428908,0.010581,-0.00386587,0.907728,-0.0348176,-0.00855451,-0.365267,0.361181,0.424411,5.48461,-0.056327,0.00137532,0.0629862,0.613506,0.6355,1
7990,205.938,0.423002,0.0106298,-0.00381373,0.908428,-0.0347646,-0.0085737,-0.360727,0.421673,0.405614,5.71304,-0.0558358,0.00231509,0.0616096,0.613605,0.635277,1
