step,T,Epot,Efull,SolventMolsThroughZ,
0,350.336,-2968.65,-2129.74,
5e-015,351.288,-2976.81,-2135.63,
1e-014,321.202,-2908.87,-2139.72,
1.5e-014,347.828,-2976.36,-2143.46,
2e-014,375.663,-3050.01,-2150.45,
2.5e-014,328.275,-2943.65,-2157.57,
3e-014,359.46,-3021.63,-2160.88,
3.5e-014,355.666,-3020.73,-2169.06,
4e-014,330.193,-2963.6,-2172.93,
4.5e-014,333.567,-2974.97,-2176.22,
5e-014,373.728,-3077.9,-2182.98,
5.5e-014,299.627,-2904.56,-2187.08,
6e-014,366.377,-3066.76,-2189.44,
6.5e-014,352.854,-3042.69,-2197.75,
7e-014,339.116,-3013.92,-2201.88,
7.5e-014,341.733,-3025.3,-2206.99,
8e-014,334.769,-3013.14,-2211.51,
8.5e-014,326.112,-2995.86,-2214.96,
9e-014,354.333,-3068.25,-2219.77,
9.5e-014,341.404,-3043.9,-2226.38,
1e-013,330.589,-3021.5,-2229.88,
1.05e-013,364.731,-3110.28,-2236.91,
1.1e-013,306.02,-2973.71,-2240.92,
1.15e-013,351.62,-3086.1,-2244.12,
1.2e-013,342.747,-3071.41,-2250.68,
1.25e-013,320.905,-3022.96,-2254.52,
1.3e-013,324.564,-3033.81,-2256.61,
1.35e-013,344.689,-3086.2,-2260.82,
1.4e-013,328.859,-3052.23,-2264.75,
1.45e-013,336.242,-3073.72,-2268.56,
1.5e-013,302.633,-2995.33,-2270.66,
1.55e-013,320.733,-3038.52,-2270.5,
1.6e-013,351.118,-3116.06,-2275.28,
1.65e-013,320.936,-3047.36,-2278.86,
1.7e-013,321.325,-3051.21,-2281.77,
1.75e-013,299.927,-3000.7,-2282.5,
1.8e-013,314.574,-3037.21,-2283.94,
1.85e-013,315.47,-3040.29,-2284.87,
1.9e-013,310.289,-3031.5,-2288.49,
1.95e-013,278.303,-2952.91,-2286.5,
2e-013,325.338,-3067.23,-2288.18,
2.05e-013,305.85,-3022.34,-2289.96,
2.1e-013,319.495,-3057.24,-2292.19,
2.15e-013,319.283,-3059.29,-2294.74,
2.2e-013,304.506,-3025.7,-2296.54,
2.25e-013,310.92,-3042.18,-2297.66,
2.3e-013,298.868,-3013.69,-2298.03,
2.35e-013,333.508,-3098.6,-2299.99,
2.4e-013,341.74,-3122.97,-2304.64,
2.45e-013,313.453,-3058.35,-2307.76,
2.5e-013,315.833,-3064.61,-2308.33,
2.55e-013,333.778,-3111.04,-2311.79,
2.6e-013,312.076,-3061.04,-2313.75,
2.65e-013,322.587,-3088.54,-2316.08,
2.7e-013,318.741,-3081.22,-2317.97,
2.75e-013,333.927,-3120.58,-2320.96,
2.8e-013,324.91,-3102.61,-2324.59,
2.85e-013,324.988,-3106.19,-2327.98,
2.9e-013,280.032,-2998.73,-2328.18,
2.95e-013,338.164,-3138.63,-2328.87,
3e-013,303.254,-3059.04,-2332.87,
3.05e-013,308.755,-3072.15,-2332.81,
3.1e-013,298.615,-3049.46,-2334.4,
3.15e-013,302.353,-3058.06,-2334.05,
3.2e-013,314.217,-3087.59,-2335.17,
3.25e-013,335.195,-3141.42,-2338.77,
3.3e-013,292.664,-3041.39,-2340.58,
3.35e-013,317.047,-3100.46,-2341.26,
3.4e-013,291.776,-3040.7,-2342.01,
3.45e-013,284.658,-3021.91,-2340.28,
3.5e-013,311.187,-3084.98,-2339.82,
3.55e-013,306.41,-3074.79,-2341.06,
3.6e-013,303.014,-3066.77,-2341.18,
3.65e-013,318.739,-3105.12,-2341.88,
3.7e-013,308.001,-3081.49,-2343.96,
3.75e-013,301.032,-3063.66,-2342.81,
3.8e-013,319.727,-3110.21,-2344.6,
3.85e-013,297.448,-3056.5,-2344.24,
3.9e-013,321.303,-3115.29,-2345.9,
3.95e-013,300.869,-3067.43,-2346.97,
4e-013,289.573,-3039.73,-2346.32,
4.05e-013,306.528,-3080.1,-2346.09,
4.1e-013,298.144,-3060.67,-2346.74,
4.15e-013,324.815,-3126.01,-2348.22,
4.2e-013,323.141,-3125.86,-2352.07,
4.25e-013,286.168,-3038.65,-2353.4,
4.3e-013,306.548,-3085.84,-2351.78,
4.35e-013,348.289,-3190.85,-2356.84,
4.4e-013,298.561,-3074.07,-2359.14,
4.45e-013,322.017,-3131.48,-2360.39,
4.5e-013,334.74,-3165.43,-2363.87,
4.55e-013,289.227,-3058,-2365.42,
4.6e-013,315.605,-3120.6,-2364.86,
4.65e-013,310.101,-3108.83,-2366.27,
4.7e-013,320.928,-3136.13,-2367.64,
4.75e-013,297.255,-3080.33,-2368.53,
4.8e-013,297.344,-3080.29,-2368.27,
4.85e-013,291.28,-3063.42,-2365.93,
4.9e-013,328.902,-3155.81,-2368.23,
4.95e-013,290.003,-3062.92,-2368.49,
5e-013,318.096,-3131.19,-2369.48,
5.05e-013,293.868,-3073.77,-2370.08,
5.1e-013,301.035,-3091.37,-2370.51,
5.15e-013,285.163,-3052.39,-2369.54,
5.2e-013,286.333,-3054.2,-2368.55,
5.25e-013,311.423,-3113.7,-2367.97,
5.3e-013,320.973,-3139.74,-2371.14,
5.35e-013,279.207,-3039.93,-2371.34,
5.4e-013,280.283,-3039.89,-2368.73,
5.45e-013,304.876,-3098.43,-2368.38,
5.5e-013,299.53,-3085.58,-2368.33,
5.55e-013,303.227,-3094.79,-2368.69,
5.6e-013,296.854,-3079.22,-2368.38,
5.65e-013,300.886,-3088.4,-2367.91,
5.7e-013,322.498,-3141.01,-2368.77,
5.75e-013,310.433,-3114.68,-2371.32,
5.8e-013,290.979,-3067.09,-2370.31,
5.85e-013,309.961,-3113.07,-2370.84,
5.9e-013,306.427,-3104.69,-2370.92,
5.95e-013,330.15,-3164.44,-2373.87,
6e-013,285.353,-3058.16,-2374.86,
6.05e-013,310.401,-3117.61,-2374.33,
6.1e-013,309.78,-3118.74,-2376.94,
6.15e-013,287.646,-3065.67,-2376.88,
6.2e-013,288.72,-3067.47,-2376.11,
6.25e-013,310.981,-3120.92,-2376.25,
6.3e-013,309.769,-3120.65,-2378.88,
6.35e-013,304.031,-3107.5,-2379.47,
6.4e-013,320.667,-3149.79,-2381.92,
6.45e-013,303.435,-3110.47,-2383.87,
6.5e-013,290.363,-3079.14,-2383.84,
6.55e-013,296.831,-3093.84,-2383.06,
6.6e-013,308.979,-3123.39,-2383.52,
6.65e-013,311.585,-3130.93,-2384.82,
6.7e-013,297.603,-3097.86,-2385.23,
6.75e-013,290.37,-3079.66,-2384.35,
6.8e-013,288.58,-3073.59,-2382.57,
6.85e-013,301.046,-3102.6,-2381.72,
6.9e-013,299.794,-3099.48,-2381.59,
6.95e-013,299.884,-3099.64,-2381.55,
7e-013,287.223,-3068.13,-2380.36,
7.05e-013,321.207,-3149.81,-2380.66,
7.1e-013,302.374,-3106.58,-2382.52,
7.15e-013,301.143,-3104.36,-2383.25,
7.2e-013,264.202,-3013.76,-2381.1,
7.25e-013,305.65,-3111.52,-2379.62,
7.3e-013,299.841,-3098.47,-2380.48,
7.35e-013,291.857,-3080,-2381.12,
7.4e-013,274.109,-3034.71,-2378.33,
7.45e-013,320.12,-3145.72,-2379.17,
7.5e-013,301.112,-3101.59,-2380.56,
7.55e-013,296.455,-3091.05,-2381.16,
7.6e-013,295.809,-3088.94,-2380.61,
7.65e-013,296.312,-3090.27,-2380.73,
7.7e-013,309.815,-3123.1,-2381.23,
7.75e-013,285.111,-3063.39,-2380.67,
7.8e-013,335.282,-3184.84,-2381.98,
7.85e-013,300.011,-3102.82,-2384.42,
7.9e-013,303.434,-3111.08,-2384.49,
7.95e-013,282.017,-3058.46,-2383.15,
8e-013,310.878,-3127.29,-2382.87,
8.05e-013,315.043,-3138.14,-2383.74,
8.1e-013,304.056,-3113.83,-2385.74,
8.15e-013,302.986,-3110.4,-2384.88,
8.2e-013,306.824,-3121.15,-2386.44,
8.25e-013,309.196,-3127.07,-2386.68,
8.3e-013,301.334,-3109.94,-2388.37,
8.35e-013,297.809,-3100.97,-2387.84,
8.4e-013,289.097,-3079.94,-2387.67,
8.45e-013,302.818,-3112.2,-2387.08,
8.5e-013,306.486,-3122.26,-2388.35,
8.55e-013,288.648,-3079.69,-2388.5,
8.6e-013,289.74,-3081.05,-2387.25,
8.65e-013,284.209,-3067.41,-2386.84,
8.7e-013,274.69,-3041.81,-2384.04,
8.75e-013,299.365,-3099.89,-2383.04,
8.8e-013,301.118,-3104.72,-2383.67,
8.85e-013,294.689,-3089.01,-2383.35,
8.9e-013,292.484,-3083.58,-2383.2,
8.95e-013,300.501,-3101.84,-2382.27,
9e-013,281.521,-3056.36,-2382.23,
9.05e-013,311.731,-3127.05,-2380.59,
9.1e-013,300.581,-3102.5,-2382.74,
9.15e-013,312.32,-3129.99,-2382.11,
9.2e-013,300.922,-3104.69,-2384.11,
9.25e-013,295.779,-3091.31,-2383.05,
9.3e-013,277.886,-3047.1,-2381.68,
9.35e-013,314.8,-3134.45,-2380.64,
9.4e-013,319.689,-3148.42,-2382.9,
9.45e-013,309.212,-3125.86,-2385.42,
9.5e-013,273.191,-3037.88,-2383.7,
9.55e-013,296.965,-3093.68,-2382.57,
9.6e-013,311.995,-3129.69,-2382.59,
9.65e-013,306.027,-3118.34,-2385.53,
9.7e-013,289.619,-3077.9,-2384.39,
9.75e-013,309.792,-3127.49,-2385.67,
9.8e-013,311.888,-3133.89,-2387.05,
9.85e-013,304.485,-3117.95,-2388.84,
9.9e-013,321.579,-3161.07,-2391.02,
9.95e-013,295.434,-3099.92,-2392.48,
1e-012,313.089,-3143.54,-2393.83,
1.005e-012,277.075,-3056.78,-2393.3,
1.01e-012,296.455,-3102.18,-2392.3,
1.015e-012,292.7,-3092.11,-2391.22,
1.02e-012,305.509,-3123.53,-2391.97,
1.025e-012,309.109,-3132.21,-2392.03,
1.03e-012,299.4,-3110.5,-2393.56,
1.035e-012,291.687,-3090.44,-2391.97,
1.04e-012,305.945,-3124.46,-2391.85,
1.045e-012,314.907,-3147.36,-2393.29,
1.05e-012,269.96,-3038.4,-2391.96,
1.055e-012,302.712,-3114.74,-2389.87,
1.06e-012,296.059,-3098.75,-2389.81,
1.065e-012,287.281,-3077.2,-2389.28,
1.07e-012,280.073,-3057.16,-2386.5,
1.075e-012,306.834,-3121.51,-2386.77,
1.08e-012,288.259,-3076.32,-2386.06,
1.085e-012,289.268,-3078.57,-2385.89,
1.09e-012,271.326,-3032.82,-2383.11,
1.095e-012,297.108,-3093.27,-2381.83,
1.1e-012,321.656,-3153.59,-2383.36,
1.105e-012,303.951,-3113.94,-2386.11,
1.11e-012,293.538,-3088.9,-2386,
1.115e-012,296.293,-3095.36,-2385.86,
1.12e-012,306.225,-3119.74,-2386.46,
1.125e-012,295.84,-3095.31,-2386.9,
1.13e-012,297.753,-3099.65,-2386.66,
1.135e-012,305.218,-3117.43,-2386.56,
1.14e-012,320.25,-3155.31,-2388.45,
1.145e-012,295.311,-3096.8,-2389.66,
1.15e-012,292.199,-3087.9,-2388.21,
1.155e-012,307.027,-3123.6,-2388.39,
1.16e-012,307.6,-3125.13,-2388.56,
1.165e-012,324.862,-3168.68,-2390.77,
1.17e-012,294.353,-3096.5,-2391.64,
1.175e-012,285.703,-3074.63,-2390.49,
1.18e-012,294.25,-3093.07,-2388.47,
1.185e-012,315.686,-3145.87,-2389.94,
1.19e-012,294.574,-3095.93,-2390.55,
1.195e-012,283.106,-3067.35,-2389.43,
1.2e-012,299.175,-3104.81,-2388.41,
1.205e-012,294.474,-3093.59,-2388.44,
1.21e-012,300.27,-3107.97,-2388.95,
1.215e-012,286.841,-3074.9,-2388.04,
1.22e-012,315.47,-3144.92,-2389.5,
1.225e-012,277.471,-3054,-2389.57,
1.23e-012,279.088,-3055.74,-2387.44,
1.235e-012,298.079,-3100.05,-2386.27,
1.24e-012,286.114,-3071.5,-2386.37,
1.245e-012,291.96,-3083.65,-2384.53,
1.25e-012,306.603,-3119.43,-2385.25,
1.255e-012,288.659,-3076.81,-2385.6,
1.26e-012,281.168,-3056.43,-2383.15,
1.265e-012,309.131,-3123.62,-2383.38,
1.27e-012,276.079,-3042.84,-2381.75,
1.275e-012,323.587,-3156.7,-2381.84,
1.28e-012,308.447,-3122.34,-2383.74,
1.285e-012,288.602,-3074.73,-2383.65,
1.29e-012,301.486,-3104.33,-2382.4,
1.295e-012,283.578,-3061.27,-2382.22,
1.3e-012,296.34,-3089.49,-2379.88,
1.305e-012,319.636,-3146.72,-2381.33,
1.31e-012,316.011,-3140.68,-2383.97,
1.315e-012,278.38,-3049.79,-2383.19,
1.32e-012,320.426,-3150.51,-2383.22,
1.325e-012,319.372,-3150.76,-2385.99,
1.33e-012,294.189,-3092.12,-2387.66,
1.335e-012,295.874,-3095.01,-2386.52,
1.34e-012,308.091,-3125.67,-2387.93,
1.345e-012,311.264,-3134.34,-2389,
1.35e-012,282.156,-3065.44,-2389.8,
1.355e-012,308.833,-3127.81,-2388.29,
1.36e-012,299.621,-3107.76,-2390.29,
1.365e-012,296.629,-3099.58,-2389.28,
1.37e-012,291.862,-3088.4,-2389.51,
1.375e-012,291.293,-3085.6,-2388.08,
1.38e-012,295.578,-3095.33,-2387.55,
1.385e-012,301.28,-3108.56,-2387.12,
1.39e-012,305.784,-3119.57,-2387.34,
1.395e-012,304.904,-3118.3,-2388.18,
1.4e-012,287.931,-3076.74,-2387.27,
1.405e-012,309.345,-3127.43,-2386.68,
1.41e-012,302.216,-3111.72,-2388.04,
1.415e-012,275.701,-3046.14,-2385.96,
1.42e-012,301.153,-3105.89,-2384.76,
1.425e-012,306.853,-3119.61,-2384.82,
1.43e-012,313.197,-3136.91,-2386.93,
1.435e-012,272.438,-3038.18,-2385.81,
1.44e-012,284.976,-3065.77,-2383.37,
1.445e-012,307.79,-3120.03,-2383,
1.45e-012,299.32,-3101.42,-2384.68,
1.455e-012,273.979,-3039.23,-2383.16,
1.46e-012,281.976,-3056.16,-2380.95,
1.465e-012,302.142,-3104.03,-2380.52,
1.47e-012,300.921,-3101.72,-2381.14,
1.475e-012,304.686,-3111.85,-2382.26,
1.48e-012,294.927,-3088.58,-2382.35,
1.485e-012,310.951,-3127.88,-2383.28,
1.49e-012,321.74,-3155.82,-2385.39,
1.495e-012,312.607,-3136.93,-2388.37,
1.5e-012,303.748,-3116.67,-2389.33,
1.505e-012,273.496,-3043.51,-2388.6,
1.51e-012,299.522,-3103.06,-2385.83,
1.515e-012,313.772,-3139.05,-2387.7,
1.52e-012,314.033,-3140.58,-2388.6,
1.525e-012,297.982,-3103.67,-2390.13,
1.53e-012,313.376,-3140.41,-2390,
1.535e-012,292.843,-3092.44,-2391.21,
1.54e-012,309.35,-3131.34,-2390.57,
1.545e-012,293.704,-3094.68,-2391.38,
1.55e-012,315.242,-3146.37,-2391.5,
1.555e-012,285.005,-3074.56,-2392.1,
1.56e-012,313.573,-3142.47,-2391.59,
1.565e-012,317.396,-3154.34,-2394.32,
1.57e-012,302.116,-3119.71,-2396.27,
1.575e-012,261.691,-3020.64,-2394,
1.58e-012,308.979,-3132.38,-2392.5,
1.585e-012,293.149,-3095.56,-2393.6,
1.59e-012,282.32,-3068.59,-2392.56,
1.595e-012,270.209,-3036.98,-2389.95,
1.6e-012,298.678,-3103.62,-2388.41,
1.605e-012,292.745,-3089.65,-2388.65,
1.61e-012,290.534,-3083.3,-2387.59,
1.615e-012,296.089,-3096.38,-2387.37,
1.62e-012,276.173,-3046.8,-2385.48,
1.625e-012,313.573,-3135.5,-2384.62,
1.63e-012,318.02,-3148.29,-2386.76,
1.635e-012,314.192,-3140.99,-2388.63,
1.64e-012,291.824,-3087.68,-2388.89,
1.645e-012,290.953,-3084.06,-2387.35,
1.65e-012,293.066,-3087.77,-2386,
1.655e-012,317.593,-3146.45,-2385.95,
1.66e-012,319.629,-3153.8,-2388.43,
1.665e-012,303.369,-3115.58,-2389.14,
1.67e-012,309.955,-3132.21,-2390,
1.675e-012,293.329,-3092.39,-2389.99,
1.68e-012,296.931,-3100.56,-2389.53,
1.685e-012,282.364,-3064.26,-2388.12,
1.69e-012,303.3,-3113.53,-2387.25,
1.695e-012,299.022,-3103.79,-2387.76,
1.7e-012,307.26,-3124.1,-2388.34,
1.705e-012,293.984,-3092.93,-2388.96,
1.71e-012,297.227,-3100.29,-2388.55,
1.715e-012,299.67,-3106.55,-2388.96,
1.72e-012,688.992,-1066.77,583.08,
1.725e-012,917.628,-1693.78,503.55,
1.73e-012,907.396,-1730.38,442.454,
1.735e-012,746.931,-1423.61,364.969,
1.74e-012,724.073,-1407.63,326.222,
1.745e-012,797.713,-1649.81,260.381,
1.75e-012,800.079,-1707.02,208.827,
1.755e-012,811.921,-1805.04,139.173,
1.76e-012,593.113,-1323.22,97.0391,
1.765e-012,736.286,-1713.3,49.7949,
1.77e-012,636.589,-1516.57,7.79449,
1.775e-012,849.77,-2084.78,-49.9349,
1.78e-012,578.641,-1482.56,-96.9573,
1.785e-012,736.167,-1904.6,-141.794,
1.79e-012,608.087,-1639.56,-183.442,
1.795e-012,800.149,-2151.25,-235.234,
1.8e-012,567.475,-1639.88,-281.013,
1.805e-012,630.762,-1827.69,-317.281,
1.81e-012,573.685,-1726.24,-352.503,
1.815e-012,707.826,-2089.06,-394.11,
1.82e-012,613.084,-1907.73,-439.653,
1.825e-012,596.061,-1902.03,-474.713,
1.83e-012,564.132,-1861.27,-510.409,
1.835e-012,658.222,-2121.1,-544.939,
1.84e-012,595.99,-2017.21,-590.065,
1.845e-012,581.503,-2011.54,-619.086,
1.85e-012,571.749,-2028.01,-658.912,
1.855e-012,544.015,-1986.49,-683.802,
1.86e-012,574.407,-2096.01,-720.55,
1.865e-012,564.196,-2099.04,-748.033,
1.87e-012,554.572,-2111.82,-783.848,
1.875e-012,534.363,-2088.59,-809.019,
1.88e-012,561.261,-2185.56,-841.576,
1.885e-012,535.518,-2152.03,-869.691,
1.89e-012,546.236,-2207.04,-899.034,
1.895e-012,499.471,-2121.97,-925.945,
1.9e-012,515.971,-2185.68,-950.151,
1.905e-012,468.563,-2095.08,-973.073,
1.91e-012,584.941,-2400.42,-999.734,
1.915e-012,455.164,-2117.39,-1027.46,
1.92e-012,546.185,-2357.87,-1049.99,
1.925e-012,457.423,-2170.48,-1075.15,
1.93e-012,549.976,-2416.08,-1099.11,
1.935e-012,436.247,-2167.68,-1123.05,
1.94e-012,493.942,-2325.26,-1142.47,
1.945e-012,422.626,-2173.89,-1161.88,
1.95e-012,487.209,-2346.42,-1179.76,
1.955e-012,443.782,-2263.67,-1201,
1.96e-012,467.99,-2338.71,-1218.07,
1.965e-012,458.066,-2336.55,-1239.68,
1.97e-012,466.024,-2372.79,-1256.86,
1.975e-012,453.026,-2363.92,-1279.12,
1.98e-012,420.301,-2298.72,-1292.28,
1.985e-012,429.41,-2338.73,-1310.48,
1.99e-012,431.188,-2354.89,-1322.37,
1.995e-012,442.218,-2401.61,-1342.69,
2e-012,415.236,-2348.36,-1354.05,
2.005e-012,432.738,-2408.65,-1372.42,
2.01e-012,419.445,-2388.3,-1383.9,
2.015e-012,453.493,-2488.77,-1402.85,
2.02e-012,427.81,-2442.31,-1417.89,
2.025e-012,391.235,-2369.37,-1432.53,
2.03e-012,402.034,-2404.5,-1441.8,
2.035e-012,446.264,-2526.57,-1457.96,
2.04e-012,399.889,-2429.94,-1472.37,
2.045e-012,395.553,-2431.19,-1484,
2.05e-012,381.178,-2406.73,-1493.97,
2.055e-012,426.668,-2528.41,-1506.72,
2.06e-012,383.021,-2436.08,-1518.9,
2.065e-012,437.222,-2579.49,-1532.53,
2.07e-012,353.068,-2389.32,-1543.87,
2.075e-012,415.795,-2549.32,-1553.67,
2.08e-012,390.525,-2500.94,-1565.8,
2.085e-012,407.721,-2555.38,-1579.06,
2.09e-012,346.131,-2415.6,-1586.77,
2.095e-012,397.022,-2547.23,-1596.53,
2.1e-012,383.201,-2523.54,-1605.93,
2.105e-012,399.815,-2576.28,-1618.89,
2.11e-012,344.647,-2451.39,-1626.1,
2.115e-012,373.958,-2529.16,-1633.68,
2.12e-012,376.741,-2544.44,-1642.31,
2.125e-012,371.733,-2541.35,-1651.2,
2.13e-012,375.612,-2559.54,-1660.11,
2.135e-012,337.524,-2474.79,-1666.56,
2.14e-012,373.142,-2566.39,-1672.87,
2.145e-012,377.893,-2586.2,-1681.31,
2.15e-012,373.728,-2586.56,-1691.64,
2.155e-012,336.516,-2502.24,-1696.43,
2.16e-012,376.994,-2607,-1704.25,
2.165e-012,340.606,-2525.86,-1710.25,
2.17e-012,363.504,-2587.11,-1716.67,
2.175e-012,372.819,-2617.08,-1724.34,
2.18e-012,349.418,-2569.01,-1732.3,
2.185e-012,348.884,-2572.69,-1737.26,
2.19e-012,360.203,-2606.55,-1744.02,
2.195e-012,335.714,-2554.28,-1750.39,
2.2e-012,328.745,-2540.02,-1752.82,
2.205e-012,370.077,-2645.87,-1759.7,
2.21e-012,353.767,-2613.64,-1766.52,
2.215e-012,313.321,-2521.89,-1771.62,
2.22e-012,349.841,-2610.81,-1773.08,
2.225e-012,363.083,-2651.34,-1781.91,
2.23e-012,345.469,-2614.44,-1787.19,
2.235e-012,329.739,-2581.66,-1792.07,
2.24e-012,358.446,-2655.03,-1796.71,
2.245e-012,328.64,-2589.19,-1802.23,
2.25e-012,348.874,-2641.56,-1806.16,
2.255e-012,340.683,-2627.18,-1811.39,
2.26e-012,340.162,-2630.67,-1816.12,
2.265e-012,334.157,-2620.26,-1820.1,
2.27e-012,331.847,-2618.29,-1823.65,
2.275e-012,343.193,-2650.05,-1828.25,
2.28e-012,302.401,-2554.19,-1830.07,
2.285e-012,363.372,-2703.85,-1833.73,
2.29e-012,315.701,-2594.12,-1838.15,
2.295e-012,343.098,-2663.2,-1841.63,
2.3e-012,304.404,-2572.33,-1843.41,
2.305e-012,351.579,-2688.96,-1847.08,
2.31e-012,316.05,-2606.99,-1850.18,
2.315e-012,338.012,-2663.44,-1854.05,
2.32e-012,309.442,-2596.53,-1855.54,
2.325e-012,349.118,-2695.7,-1859.71,
2.33e-012,312.532,-2611.64,-1863.25,
2.335e-012,309.285,-2604.64,-1864.04,
2.34e-012,325.691,-2646.43,-1866.54,
2.345e-012,318.78,-2631.71,-1868.37,
2.35e-012,334.219,-2673.13,-1872.82,
2.355e-012,310.737,-2618.06,-1873.98,
2.36e-012,328.774,-2665.32,-1878.04,
2.365e-012,321.251,-2648.31,-1879.05,
2.37e-012,322.566,-2656.16,-1883.75,
2.375e-012,320.994,-2652.78,-1884.13,
2.38e-012,321.117,-2657.41,-1888.47,
2.385e-012,330.923,-2682.2,-1889.78,
2.39e-012,321.948,-2664.93,-1894,
2.395e-012,334.605,-2697.78,-1896.54,
2.4e-012,291.749,-2597.05,-1898.43,
2.405e-012,322.39,-2670.16,-1898.17,
2.41e-012,333.566,-2700.34,-1901.59,
2.415e-012,315.508,-2660.29,-1904.78,
2.42e-012,307.299,-2640.96,-1905.11,
2.425e-012,300.544,-2625.6,-1905.92,
2.43e-012,337.388,-2714.9,-1907,
2.435e-012,305.595,-2642.4,-1910.63,
2.44e-012,324.77,-2688.81,-1911.13,
2.445e-012,294.638,-2618.66,-1913.13,
2.45e-012,318.564,-2675.66,-1912.84,
2.455e-012,320.561,-2682.94,-1915.33,
2.46e-012,338.178,-2728.96,-1919.17,
2.465e-012,302.105,-2644.72,-1921.31,
2.47e-012,314.468,-2675.48,-1922.46,
2.475e-012,316.243,-2681.18,-1923.91,
2.48e-012,308.348,-2664.11,-1925.74,
2.485e-012,331.896,-2722.4,-1927.65,
2.49e-012,302.009,-2653.33,-1930.14,
2.495e-012,326.261,-2712.74,-1931.48,
2.5e-012,296.063,-2641.56,-1932.62,
2.505e-012,333.218,-2732.51,-1934.59,
2.51e-012,289.881,-2629.58,-1935.43,
2.515e-012,317.731,-2696.95,-1936.12,
2.52e-012,300.225,-2655.29,-1936.38,
2.525e-012,309.263,-2677.87,-1937.31,
2.53e-012,313.594,-2688.67,-1937.74,
2.535e-012,298.174,-2652.89,-1938.88,
2.54e-012,319.911,-2704.89,-1938.84,
2.545e-012,321.348,-2710.91,-1941.42,
2.55e-012,332.073,-2739.79,-1944.61,
2.555e-012,291.302,-2643.15,-1945.6,
2.56e-012,301.73,-2667.51,-1944.99,
2.565e-012,319.045,-2709.34,-1945.36,
2.57e-012,306.31,-2681.76,-1948.28,
2.575e-012,295.506,-2653.96,-1946.35,
2.58e-012,323.151,-2722.77,-1948.96,
2.585e-012,311.922,-2696.69,-1949.77,
2.59e-012,307.593,-2688.56,-1952,
2.595e-012,318.672,-2715.67,-1952.58,
2.6e-012,302.866,-2680.07,-1954.84,
2.605e-012,302.497,-2678.98,-1954.63,
2.61e-012,301.017,-2675.64,-1954.83,
2.615e-012,317.893,-2717.59,-1956.37,
2.62e-012,287.427,-2644.77,-1956.51,
2.625e-012,306.696,-2690.1,-1955.69,
2.63e-012,323.337,-2732.32,-1958.06,
2.635e-012,290.574,-2654.32,-1958.51,
2.64e-012,328.591,-2746.38,-1959.54,
2.645e-012,289.843,-2654.94,-1960.89,
2.65e-012,319.77,-905.663,-139.949,
2.655e-012,624.921,-1660.04,-163.614,
2.66e-012,518.128,-1435.31,-194.616,
2.665e-012,558.752,-1563.1,-225.12,
2.67e-012,459.459,-1348.07,-247.856,
2.675e-012,553.767,-1599.55,-273.512,
2.68e-012,466.738,-1416.23,-298.587,
2.685e-012,539.976,-1614.08,-321.07,
2.69e-012,504.996,-1559.42,-350.167,
2.695e-012,492.586,-1550.94,-371.405,
2.7e-012,450.983,-1474.1,-394.187,
2.705e-012,504.962,-1621.49,-412.324,
2.71e-012,454.219,-1524.79,-437.129,
2.715e-012,486.83,-1619.76,-454.005,
2.72e-012,472.82,-1610.98,-478.776,
2.725e-012,470.275,-1622.88,-496.769,
2.73e-012,453.893,-1605.31,-518.428,
2.735e-012,454.343,-1622.51,-534.551,
2.74e-012,483.118,-1713.76,-556.898,
2.745e-012,400.646,-1531.89,-572.514,
2.75e-012,489.475,-1762.29,-590.204,
2.755e-012,396.906,-1558.07,-607.645,
2.76e-012,462.046,-1729.13,-622.727,
2.765e-012,411.937,-1625.06,-638.644,
2.77e-012,497.66,-1849.81,-658.129,
2.775e-012,374.598,-1570.67,-673.668,
2.78e-012,468.661,-1810.28,-688.037,
2.785e-012,415.149,-1699.07,-704.965,
2.79e-012,430.256,-1750.17,-719.888,
2.795e-012,404.498,-1701.63,-733.024,
2.8e-012,413.872,-1737.59,-746.538,
2.805e-012,403.69,-1725.66,-758.997,
2.81e-012,404.42,-1739.2,-770.783,
2.815e-012,427.357,-1809.11,-785.77,
2.82e-012,354.592,-1644.15,-795.054,
2.825e-012,445.165,-1873.79,-807.81,
2.83e-012,377.929,-1725.54,-820.56,
2.835e-012,391.489,-1769.56,-832.105,
2.84e-012,351.061,-1678.88,-838.231,
2.845e-012,437.822,-1899.89,-851.494,
2.85e-012,370.763,-1750.89,-863.071,
2.855e-012,399.293,-1829.95,-873.815,
2.86e-012,381.181,-1797.1,-884.334,
2.865e-012,379.078,-1802.03,-894.297,
2.87e-012,370.233,-1789.49,-902.94,
2.875e-012,409.942,-1894.86,-913.224,
2.88e-012,370.873,-1813.87,-925.782,
2.885e-012,360.033,-1794.02,-931.896,
2.89e-012,331.369,-1732.35,-938.858,
2.895e-012,384.614,-1864.36,-943.37,
2.9e-012,368.463,-1837.41,-955.099,
2.905e-012,375.562,-1860.65,-961.334,
2.91e-012,357.614,-1827.58,-971.245,
2.915e-012,363.954,-1848.27,-976.752,
2.92e-012,374.357,-1882.12,-985.69,
2.925e-012,381.465,-1908.46,-995.007,
2.93e-012,345.188,-1829,-1002.42,
2.935e-012,363.365,-1878.71,-1008.61,
2.94e-012,363.608,-1887.21,-1016.52,
2.945e-012,321.524,-1791.68,-1021.77,
2.95e-012,356.423,-1878.79,-1025.31,
2.955e-012,362.764,-1902.21,-1033.55,
2.96e-012,358.421,-1898.78,-1040.51,
2.965e-012,333.793,-1845.25,-1045.95,
2.97e-012,373.775,-1947.62,-1052.58,
2.975e-012,320.136,-1825.07,-1058.48,
2.98e-012,360.892,-1927.03,-1062.84,
2.985e-012,359.815,-1932.12,-1070.51,
2.99e-012,331.137,-1869.81,-1076.88,
2.995e-012,321.583,-1848.71,-1078.66,
3e-012,354.41,-1933.11,-1084.45,
3.005e-012,342.036,-1908.94,-1089.91,
3.01e-012,317.795,-1854.73,-1093.74,
3.015e-012,359.966,-1959.98,-1098.01,
3.02e-012,324.936,-1881.89,-1103.81,
3.025e-012,343.866,-1931.26,-1107.85,
3.03e-012,322.907,-1884.29,-1111.06,
3.035e-012,374.652,-2015.37,-1118.23,
3.04e-012,290.402,-1816.75,-1121.36,
3.045e-012,344.239,-1947.87,-1123.56,
3.05e-012,328.102,-1913.21,-1127.54,
3.055e-012,322.045,-1902.56,-1131.4,
3.06e-012,310.225,-1874.67,-1131.81,
3.065e-012,364.685,-2010.26,-1136.99,
3.07e-012,327.669,-1927.23,-1142.6,
3.075e-012,332.987,-1943.13,-1145.77,
3.08e-012,327.937,-1935.08,-1149.81,
3.085e-012,322.082,-1923.88,-1152.63,
3.09e-012,306.994,-1889.35,-1154.23,
3.095e-012,350.376,-1996.48,-1157.48,
3.1e-012,297.318,-1873.16,-1161.21,
3.105e-012,327.542,-1945.98,-1161.65,
3.11e-012,323.912,-1940.85,-1165.22,
3.115e-012,355.703,-2022.11,-1170.35,
3.12e-012,300.128,-1892.27,-1173.59,
3.125e-012,350.204,-2015.5,-1176.91,
3.13e-012,297.73,-1892.86,-1179.92,
3.135e-012,321.539,-1951.13,-1181.18,
3.14e-012,330.935,-1976.31,-1183.86,
3.145e-012,337.692,-1997.76,-1189.14,
3.15e-012,309.137,-1931.91,-1191.66,
3.155e-012,297.226,-1903.86,-1192.12,
3.16e-012,333.275,-1991.84,-1193.79,
3.165e-012,323.508,-1971.93,-1197.26,
3.17e-012,343.795,-2025.07,-1201.82,
3.175e-012,300.687,-1924.05,-1204.04,
3.18e-012,313.207,-1955.49,-1205.49,
3.185e-012,313.216,-1955.86,-1205.84,
3.19e-012,332.404,-2005.84,-1209.87,
3.195e-012,299.585,-1928.22,-1210.84,
3.2e-012,308.647,-1950.87,-1211.79,
3.205e-012,324.382,-1990.01,-1213.25,
3.21e-012,306.953,-1950.62,-1215.6,
3.215e-012,327.644,-2001.61,-1217.04,
3.22e-012,332.526,-2017.36,-1221.1,
3.225e-012,578.666,-696.491,689.17,
3.23e-012,415.242,-330.022,664.307,
3.235e-012,578.941,-744.179,642.142,
3.24e-012,427.663,-408.883,615.191,
3.245e-012,493.246,-583.086,598.031,
3.25e-012,445.069,-488.872,576.881,
3.255e-012,551.697,-766.824,554.258,
3.26e-012,444.699,-537.231,527.635,
3.265e-012,454.888,-575.852,513.413,
3.27e-012,480.693,-661.028,490.031,
3.275e-012,427.389,-549.191,474.225,
3.28e-012,472.187,-676.173,454.516,
3.285e-012,432.172,-597.512,437.358,
3.29e-012,434.194,-619.029,420.682,
3.295e-012,448.361,-668.143,405.493,
3.3e-012,508.11,-834.105,382.603,
3.305e-012,399.46,-592.461,364.076,
3.31e-012,441.643,-707.027,350.521,
3.315e-012,400.666,-623.771,335.656,
3.32e-012,485.15,-842.667,319.063,
3.325e-012,377.602,-602.328,301.87,
3.33e-012,442.239,-768.649,290.328,
3.335e-012,384.513,-645.27,275.476,
3.34e-012,446.229,-806.355,262.176,
3.345e-012,376.175,-652.317,248.465,
3.35e-012,451.591,-846.474,234.897,
3.355e-012,381.192,-692.291,220.504,
3.36e-012,438.512,-842.334,207.717,
3.365e-012,393.657,-750.13,192.513,
3.37e-012,364.477,-689.256,183.514,
3.375e-012,384.805,-746.557,174.888,
3.38e-012,415.769,-832.955,162.636,
3.385e-012,399.695,-808.2,148.9,
3.39e-012,357.022,-714.981,139.937,
3.395e-012,388.917,-800.053,131.241,
3.4e-012,380.301,-789.796,120.865,
3.405e-012,403.697,-856.392,110.293,
3.41e-012,402.8,-867.523,97.0125,
3.415e-012,364.252,-784.936,87.2941,
3.42e-012,360.762,-784.566,79.3063,
3.425e-012,379.327,-835.831,72.4981,
3.43e-012,404.946,-910.726,58.95,
3.435e-012,340.646,-763.537,52.1659,
3.44e-012,364.368,-828.172,44.3352,
3.445e-012,365.603,-836.889,38.5748,
3.45e-012,398.654,-927.478,27.131,
3.455e-012,363.302,-851.773,18.1817,
3.46e-012,355.065,-839.305,10.9247,
3.465e-012,353.929,-842.754,4.75659,
3.47e-012,369.93,-887.908,-2.08046,
3.475e-012,351.671,-852.505,-10.4018,
3.48e-012,343.118,-835.796,-14.1734,
3.485e-012,352.405,-865.062,-21.2013,
3.49e-012,357.875,-882.899,-25.9389,
3.495e-012,358.472,-892.561,-34.1727,
3.5e-012,378.563,-947.085,-40.5847,
3.505e-012,362.86,-919.575,-50.6796,
3.51e-012,341.589,-873.238,-55.2758,
3.515e-012,359.238,-922.223,-62.0002,
3.52e-012,340.481,-882.817,-67.5068,
3.525e-012,347.487,-905.079,-72.9946,
3.53e-012,311,-820.652,-75.938,
3.535e-012,378.387,-987.151,-81.0724,
3.54e-012,320.822,-855.623,-87.389,
3.545e-012,356.096,-944.141,-91.4403,
3.55e-012,328.668,-883.398,-96.376,
3.555e-012,364.99,-976.245,-102.248,
3.56e-012,322.488,-879.345,-107.121,
3.565e-012,351.954,-954.261,-111.481,
3.57e-012,336.162,-922.093,-117.127,
3.575e-012,319.886,-885.814,-119.823,
3.58e-012,343.763,-947.218,-124.051,
3.585e-012,315.206,-881.853,-127.067,
3.59e-012,335.868,-934.811,-130.549,
3.595e-012,332.087,-928.628,-133.42,
3.6e-012,358.899,-999.564,-140.152,
3.605e-012,325.088,-922.834,-144.385,
3.61e-012,321.543,-917.867,-147.906,
3.615e-012,324.223,-926.313,-149.936,
3.62e-012,310.64,-896.683,-152.831,
3.625e-012,337.788,-963.634,-154.774,
3.63e-012,336.339,-965.571,-160.181,
3.635e-012,324.409,-940.682,-163.859,
3.64e-012,301.371,-886.849,-165.194,
3.645e-012,337.263,-975.211,-167.609,
3.65e-012,324.669,-949.047,-171.601,
3.655e-012,343.007,-996.582,-175.223,
3.66e-012,339.96,-995.424,-181.364,
3.665e-012,291.521,-880.738,-182.667,
3.67e-012,316.867,-941.842,-183.078,
3.675e-012,331.723,-980.26,-185.922,
3.68e-012,318.59,-952.29,-189.401,
3.685e-012,327.352,-975.356,-191.485,
3.69e-012,296.942,-904.867,-193.816,
3.695e-012,312.593,-941.661,-193.133,
3.7e-012,321.807,-966.201,-195.61,
3.705e-012,343.249,-1021.11,-199.175,
3.71e-012,320.055,-969.629,-203.232,
3.715e-012,319.014,-969.397,-205.491,
3.72e-012,313.039,-956.382,-206.787,
3.725e-012,340.315,-1025.4,-210.486,
3.73e-012,306.753,-948.27,-213.725,
3.735e-012,277.876,-877.298,-211.902,
3.74e-012,341.17,-1030.55,-213.588,
3.745e-012,297.137,-926.697,-215.179,
3.75e-012,360.064,-1081.52,-219.318,
3.755e-012,281.025,-894.141,-221.204,
3.76e-012,337.167,-1029.93,-222.56,
3.765e-012,284.4,-904.236,-223.218,
3.77e-012,341.357,-1042.16,-224.753,
3.775e-012,308.189,-965.969,-227.986,
3.78e-012,298.118,-941.65,-227.784,
3.785e-012,301.665,-950.114,-227.754,
3.79e-012,318.436,-990.63,-228.109,
3.795e-012,321.474,-1001.28,-231.488,
3.8e-012,330.903,-1025.2,-232.826,
3.805e-012,321.76,-1008.93,-238.449,
3.81e-012,299.066,-952.886,-236.749,
3.815e-012,326.73,-1023.47,-241.088,
3.82e-012,294.308,-944.87,-240.125,
3.825e-012,309.259,-982.633,-242.088,
3.83e-012,302.429,-965.714,-241.523,
3.835e-012,313.158,-993.363,-243.482,
3.84e-012,300.685,-964.009,-243.995,
3.845e-012,316.421,-1002.79,-245.099,
3.85e-012,287.005,-933.27,-246.013,
3.855e-012,325.876,-1026,-245.663,
3.86e-012,301.288,-970.184,-248.726,
3.865e-012,329.672,-1039.05,-249.625,
3.87e-012,268.792,-894.24,-250.595,
3.875e-012,332.099,-1044.68,-249.444,
3.88e-012,285.06,-934.176,-251.578,
3.885e-012,326.871,-1034.19,-251.472,
3.89e-012,297.976,-967.165,-253.638,
3.895e-012,318.425,-1016.49,-254,
3.9e-012,323.191,-1031.12,-257.215,
3.905e-012,292.639,-958.674,-257.926,
3.91e-012,322.679,-1031.72,-259.035,
3.915e-012,295.085,-966.555,-259.95,
3.92e-012,317.788,-1022.26,-261.29,
3.925e-012,282.958,-938.225,-260.661,
3.93e-012,315.179,-1016.31,-261.592,
3.935e-012,278.914,-927.93,-260.049,
3.94e-012,318.497,-1023.61,-260.947,
3.945e-012,302.25,-985.272,-261.51,
3.95e-012,302.513,-986.868,-262.476,
3.955e-012,316.923,-1021.84,-262.942,
3.96e-012,307.378,-1001.22,-265.178,
3.965e-012,304.171,-994.019,-265.658,
3.97e-012,307.323,-1001.85,-265.937,
3.975e-012,309.585,-1009.3,-267.968,
3.98e-012,298.21,-981.553,-267.465,
3.985e-012,292.291,-967.874,-267.96,
3.99e-012,297.717,-979.134,-266.227,
3.995e-012,296.62,-977.157,-266.878,
4e-012,303.841,-993.524,-265.952,
4.005e-012,315.425,-1022.86,-267.547,
4.01e-012,306.152,-1002.05,-268.943,
4.015e-012,305.83,-1001.81,-269.472,
4.02e-012,294.929,-976.108,-269.877,
4.025e-012,312.677,-1018.8,-270.072,
4.03e-012,284.876,-952.427,-270.27,
4.035e-012,328.232,-1056.88,-270.906,
4.04e-012,276.064,-932.422,-271.365,
4.045e-012,348.003,-1105.96,-272.635,
4.05e-012,270.345,-922.054,-274.692,
4.055e-012,315.554,-1028.34,-272.725,
4.06e-012,294.688,-980.138,-274.484,
4.065e-012,313.649,-1024.96,-273.901,
4.07e-012,302.522,-1001.04,-276.624,
4.075e-012,263.614,-903.939,-272.694,
4.08e-012,326.142,-1054.5,-273.526,
4.085e-012,292.237,-973.046,-273.261,
4.09e-012,326.757,-1059.09,-276.642,
4.095e-012,275.98,-935.035,-274.179,
4.1e-012,354.351,-1127.61,-279.092,
4.105e-012,260.522,-901.858,-278.017,
4.11e-012,329.793,-1068.91,-279.196,
4.115e-012,279.339,-947.592,-278.692,
4.12e-012,316.19,-1037.15,-280.009,
4.125e-012,267.281,-918.192,-278.166,
4.13e-012,324.122,-1054.42,-278.28,
4.135e-012,279.697,-948.803,-279.047,
4.14e-012,324.415,-1055.62,-278.786,
4.145e-012,282.698,-957.293,-280.351,
4.15e-012,314.947,-1033.44,-279.274,
4.155e-012,286.266,-965.871,-280.384,
4.16e-012,309.238,-1020.28,-279.787,
4.165e-012,265.217,-913.619,-278.536,
4.17e-012,307.559,-1013.34,-276.869,
4.175e-012,290.244,-971.693,-276.68,
4.18e-012,309.761,-1018.88,-277.129,
4.185e-012,296.864,-988.295,-277.431,
4.19e-012,290.557,-972.701,-276.94,
4.195e-012,324.189,-1054.13,-277.835,
4.2e-012,290.555,-974.796,-279.04,
4.205e-012,334.721,-1082.55,-281.038,
4.21e-012,268.529,-924.12,-281.106,
4.215e-012,330.171,-1072.37,-281.751,
4.22e-012,270.292,-928.594,-281.359,
4.225e-012,312.994,-1030.89,-281.399,
4.23e-012,268.409,-922.081,-279.354,
4.235e-012,314.842,-1033.25,-279.337,
4.24e-012,298.983,-995.213,-279.274,
4.245e-012,318.609,-1044.41,-281.471,
4.25e-012,297.122,-993.156,-281.675,
4.255e-012,309.354,-1023.43,-282.658,
4.26e-012,289.825,-976.294,-282.285,
4.265e-012,322.969,-1056.11,-282.736,
4.27e-012,299.618,-1002.85,-285.389,
4.275e-012,274.009,-938.648,-282.512,
4.28e-012,298.208,-995.99,-281.908,
4.285e-012,301.173,-1001.94,-280.755,
4.29e-012,325.513,-1063.2,-283.731,
4.295e-012,286.535,-969.972,-283.841,
4.3e-012,314.144,-1036.49,-284.244,
4.305e-012,299.609,-1002.53,-285.092,
4.31e-012,305.384,-1017.37,-286.099,
4.315e-012,268.752,-927.561,-284.013,
4.32e-012,320.206,-1050.71,-283.953,
4.325e-012,267.219,-923.2,-283.323,
4.33e-012,327.173,-1066.27,-282.828,
4.335e-012,293.267,-986.923,-284.672,
4.34e-012,306.244,-1017.99,-284.663,
4.345e-012,292.926,-986.059,-284.625,
4.35e-012,306.045,-1017.71,-284.861,
4.355e-012,312.883,-1035.08,-285.854,
4.36e-012,294.568,-992.545,-287.178,
4.365e-012,283.53,-964.412,-285.477,
4.37e-012,275.314,-942.419,-283.156,
4.375e-012,314.74,-1035.95,-282.279,
4.38e-012,291.165,-980.251,-283.034,
4.385e-012,319.151,-1047.76,-283.53,
4.39e-012,296.663,-994.783,-284.401,
4.395e-012,321.204,-1055.06,-285.907,
4.4e-012,294.353,-991.539,-286.688,
4.405e-012,300.652,-1006.67,-286.74,
4.41e-012,295.408,-993.513,-286.134,
4.415e-012,297.093,-997.758,-286.345,
4.42e-012,290.219,-979.992,-285.04,
4.425e-012,306.602,-1019.64,-285.456,
4.43e-012,293.528,-988.135,-285.259,
4.435e-012,305.763,-1017.56,-285.387,
4.44e-012,312.979,-1035.72,-286.269,
4.445e-012,315.682,-1044.9,-288.975,
4.45e-012,282.743,-965.036,-287.987,
4.455e-012,295.042,-994.026,-287.525,
4.46e-012,294.834,-991.693,-285.69,
4.465e-012,308.861,-1026.88,-287.288,
4.47e-012,293.77,-989.93,-286.475,
4.475e-012,287.929,-975.618,-286.148,
4.48e-012,315.179,-1040.05,-285.33,
4.485e-012,303.692,-1014.61,-287.4,
4.49e-012,315.561,-1043.77,-288.136,
4.495e-012,275.212,-946.688,-287.67,
4.5e-012,318.69,-1049.84,-286.709,
4.505e-012,304.724,-1017.98,-288.298,
4.51e-012,306.464,-1023.03,-289.178,
4.515e-012,283.117,-965.822,-287.877,
4.52e-012,292.047,-986.031,-286.701,
4.525e-012,298.298,-999.445,-285.146,
4.53e-012,306.471,-1019.45,-285.578,
4.535e-012,316.378,-1044.29,-286.692,
4.54e-012,290.379,-982.008,-286.671,
4.545e-012,332.178,-1083.26,-287.829,
4.55e-012,279.443,-957.987,-288.839,
4.555e-012,307.798,-1024.36,-287.318,
4.56e-012,283.098,-965.059,-287.159,
4.565e-012,302.699,-1010.59,-285.748,
4.57e-012,288.281,-975.676,-285.364,
4.575e-012,319.949,-1051.53,-285.386,
4.58e-012,287.382,-974.522,-286.363,
4.585e-012,311.562,-1031.49,-285.431,
4.59e-012,289.18,-978.693,-286.228,
4.595e-012,325.696,-1065.86,-285.95,
4.6e-012,308.458,-1027.7,-289.069,
4.605e-012,309.097,-1029.62,-289.462,
4.61e-012,277.311,-952.889,-288.846,
4.615e-012,302.749,-1012.14,-287.185,
4.62e-012,294.759,-992.777,-286.953,
4.625e-012,307.333,-1023.02,-287.091,
4.63e-012,313.07,-1037.55,-287.885,
4.635e-012,292.606,-989.68,-289.011,
4.64e-012,304.745,-1016.96,-287.224,
4.645e-012,308.289,-1027.58,-289.359,
4.65e-012,311.381,-1034.67,-289.04,
4.655e-012,297.56,-1003.19,-290.662,
4.66e-012,309.406,-1030.64,-289.748,
4.665e-012,293.751,-994.524,-291.114,
4.67e-012,280.824,-960.84,-288.385,
4.675e-012,291.227,-984.474,-287.109,
4.68e-012,304.868,-1016.1,-286.073,
4.685e-012,329.196,-1076.78,-288.491,
4.69e-012,301.656,-1012.74,-290.397,
4.695e-012,296.113,-999.026,-289.96,
4.7e-012,287.619,-977.902,-289.177,
4.705e-012,281.412,-960.779,-286.915,
4.71e-012,307.779,-1023.09,-286.09,
4.715e-012,306.684,-1021.46,-287.077,
4.72e-012,307.801,-1025.08,-288.029,
4.725e-012,289.959,-982.022,-287.692,
4.73e-012,309.879,-1029.43,-287.398,
4.735e-012,303.186,-1014.39,-288.392,
4.74e-012,306.01,-1021.47,-288.708,
4.745e-012,309.827,-1031.29,-289.386,
4.75e-012,298.077,-1003.96,-290.188,
4.755e-012,300.438,-1008.96,-289.537,
