step	T	Epot	Efull	E_solute	E_solvent	E_solusolv	NThrouZ	NThrouZmin	NThrouZmax	
0	2.47694e-005	-836.433	-836.433	-836.433	0	0	0	1	1	
10	0.00385507	-836.436	-836.433	-836.436	0	0	0	0	0	
20	0.00490806	-836.439	-836.435	-836.439	0	0	0	0	0	
30	0.00524056	-836.441	-836.436	-836.441	0	0	0	0	0	
40	0.00574853	-836.443	-836.438	-836.443	0	0	0	0	0	
50	0.00523597	-836.444	-836.44	-836.444	0	0	0	0	0	
60	0.00487353	-836.445	-836.441	-836.445	0	0	0	0	0	
70	0.00464967	-836.447	-836.443	-836.447	0	0	0	0	0	
80	0.00420854	-836.448	-836.444	-836.448	0	0	0	0	0	
90	0.00385307	-836.449	-836.446	-836.449	0	0	0	0	0	
100	0.00377169	-836.45	-836.447	-836.45	0	0	0	0	0	
110	6.76154	-836.164	-830.598	-836.164	0	0	0	0	0	
120	13.0686	-835.405	-824.647	-835.405	0	0	0	0	0	
130	17.1262	-834.255	-820.158	-834.255	0	0	0	0	0	
140	19.315	-832.478	-816.579	-832.478	0	0	0	0	0	
150	20.5776	-830.425	-813.487	-830.425	0	0	0	0	0	
160	21.2598	-828.21	-810.71	-828.21	0	0	0	0	0	
170	21.232	-825.521	-808.045	-825.521	0	0	0	0	0	
180	20.9249	-822.538	-805.314	-822.538	0	0	0	0	0	
190	20.4204	-819.314	-802.506	-819.314	0	0	0	0	0	
200	18.9757	-815.032	-799.412	-815.032	0	0	0	0	0	
210	27.0081	-810.508	-788.277	-810.508	0	0	0	0	0	
220	32.5612	-805.917	-779.115	-805.917	0	0	0	0	0	
230	36.0056	-800.956	-771.318	-800.956	0	0	0	0	0	
240	38.2276	-795.699	-764.232	-795.699	0	0	0	0	0	
250	39.8486	-790.714	-757.913	-790.714	0	0	0	0	0	
260	40.7276	-785.295	-751.771	-785.295	0	0	0	0	0	
270	41.6485	-780.234	-745.951	-780.234	0	0	0	0	0	
280	42.2588	-775.114	-740.33	-775.114	0	0	0	0	0	
290	43.1872	-770.593	-735.044	-770.593	0	0	0	0	0	
300	45.0616	-767.123	-730.031	-767.123	0	0	0	0	0	
310	57.7122	-765.696	-718.191	-765.696	0	0	0	0	0	
320	68.4474	-766.166	-709.824	-766.166	0	0	0	0	0	
330	76.895	-767.812	-704.516	-767.812	0	0	0	0	0	
340	83.2623	-769.928	-701.392	-769.928	0	0	0	0	0	
350	84.2281	-768.817	-699.486	-768.817	0	0	0	0	0	
360	83.6073	-766.681	-697.86	-766.681	0	0	0	0	0	
370	81.8763	-762.964	-695.568	-762.964	0	0	0	0	0	
380	80.425	-759.211	-693.01	-759.211	0	0	0	0	0	
390	79.8098	-755.554	-689.859	-755.554	0	0	0	0	0	
400	80.3001	-752.809	-686.711	-752.809	0	0	0	0	0	
410	92.0741	-752.049	-676.259	-752.049	0	0	0	0	0	
420	99.6751	-750.825	-668.779	-750.825	0	0	0	0	0	
430	104.159	-748.975	-663.238	-748.975	0	0	0	0	0	
440	104.441	-744.208	-658.239	-744.208	0	0	0	0	0	
450	108.847	-743.674	-654.078	-743.674	0	0	0	0	0	
460	111.719	-743.078	-651.118	-743.078	0	0	0	0	0	
470	112.813	-741.639	-648.778	-741.639	0	0	0	0	0	
480	113.918	-740.507	-646.737	-740.507	0	0	0	0	0	
490	112.683	-737.561	-644.808	-737.561	0	0	0	0	0	
500	111.107	-733.721	-642.264	-733.721	0	0	0	0	0	
510	113.964	-725.02	-631.212	-725.02	0	0	0	0	0	
520	112.631	-712.925	-620.215	-712.925	0	0	0	0	0	
530	110.505	-699.317	-608.356	-699.317	0	0	0	0	0	
540	115.67	-692.249	-597.037	-692.249	0	0	0	0	0	
550	118.406	-684.027	-586.563	-684.027	0	0	0	0	0	
560	126.335	-681.809	-577.818	-681.809	0	0	0	0	0	
570	136.028	-683.901	-571.931	-683.901	0	0	0	0	0	
580	138.115	-681.552	-567.864	-681.552	0	0	0	0	0	
590	141.967	-681.675	-564.817	-681.675	0	0	0	0	0	
600	141.322	-678.835	-562.508	-678.835	0	0	0	0	0	
610	153.387	-678.07	-551.812	-678.07	0	0	0	0	0	
620	169.343	-685.258	-545.866	-685.258	0	0	0	0	0	
630	183.564	-695.939	-544.841	-695.939	0	0	0	0	0	
640	189.602	-702.6	-546.531	-702.6	0	0	0	0	0	
650	197.705	-713.577	-550.838	-713.577	0	0	0	0	0	
660	194.89	-716.375	-555.953	-716.375	0	0	0	0	0	
670	190.594	-716.563	-559.678	-716.563	0	0	0	0	0	
680	195.618	-724.774	-563.753	-724.774	0	0	0	0	0	
690	195.375	-729.387	-568.567	-729.387	0	0	0	0	0	
700	198.835	-737.117	-573.449	-737.117	0	0	0	0	0	
710	208.843	-743.663	-571.757	-743.663	0	0	0	0	0	
720	209.036	-743.457	-571.391	-743.457	0	0	0	0	0	
730	205.44	-739.891	-570.786	-739.891	0	0	0	0	0	
740	194.591	-728.419	-568.244	-728.419	0	0	0	0	0	
750	177.29	-706.948	-561.014	-706.948	0	0	0	0	0	
760	168.417	-688.43	-549.8	-688.43	0	0	0	0	0	
770	163.818	-671.101	-536.256	-671.101	0	0	0	0	0	
780	158.806	-652.335	-521.616	-652.335	0	0	0	0	0	
790	159.669	-637.282	-505.853	-637.282	0	0	0	0	0	
800	158.39	-620.69	-490.313	-620.69	0	0	0	0	0	
810	170.223	-607.021	-466.904	-607.021	0	0	0	0	0	
820	179.363	-594.555	-446.915	-594.555	0	0	0	0	0	
830	184.394	-580.962	-429.181	-580.962	0	0	0	0	0	
840	199.006	-577.481	-413.672	-577.481	0	0	0	0	0	
850	225.681	-590.479	-404.713	-590.479	0	0	0	0	0	
860	248.885	-608.274	-403.408	-608.274	0	0	0	0	0	
870	265.407	-627.406	-408.94	-627.406	0	0	0	0	0	
880	277.332	-646.408	-418.126	-646.408	0	0	0	0	0	
890	277.843	-658.984	-430.281	-658.984	0	0	0	0	0	
900	274.876	-667.745	-441.485	-667.745	0	0	0	0	0	
910	281.367	-675.528	-443.925	-675.528	0	0	0	0	0	
920	287.996	-685.575	-448.514	-685.575	0	0	0	0	0	
930	296.786	-699.239	-454.944	-699.239	0	0	0	0	0	
940	303.923	-714.727	-464.557	-714.727	0	0	0	0	0	
950	297.235	-718.822	-474.157	-718.822	0	0	0	0	0	
960	282.466	-713.309	-480.801	-713.309	0	0	0	0	0	
970	268.367	-703.299	-482.396	-703.299	0	0	0	0	0	
980	249.728	-685.227	-479.667	-685.227	0	0	0	0	0	
990	237.444	-666.698	-471.249	-666.698	0	0	0	0	0	
1000	232.971	-652.215	-460.448	-652.215	0	0	0	0	0	
1010	214.962	-634.516	-457.572	-634.516	0	0	0	0	0	
1020	199.76	-618.191	-453.761	-618.191	0	0	0	0	0	
1030	196.646	-611.379	-449.512	-611.379	0	0	0	0	0	
1040	188.65	-600.33	-445.045	-600.33	0	0	0	0	0	
1050	190.337	-597.128	-440.455	-597.128	0	0	0	0	0	
1060	193.384	-595.211	-436.03	-595.211	0	0	0	0	0	
1070	186.924	-585.378	-431.514	-585.378	0	0	0	0	0	
1080	191.785	-584.715	-426.849	-584.715	0	0	0	0	0	
1090	198.503	-585.867	-422.472	-585.867	0	0	0	0	0	
1100	203.831	-586.383	-418.602	-586.383	0	0	0	0	0	
1110	209.057	-586.841	-414.759	-586.841	0	0	0	0	0	
1120	211.91	-585.764	-411.333	-585.764	0	0	0	0	0	
1130	204.261	-575.831	-407.697	-575.831	0	0	0	0	0	
1140	203.205	-570.973	-403.707	-570.973	0	0	0	0	0	
1150	206.146	-569.36	-399.674	-569.36	0	0	0	0	0	
1160	224.567	-581.012	-396.163	-581.012	0	0	0	0	0	
1170	255.488	-603.81	-393.509	-603.81	0	0	0	0	0	
1180	272.645	-616.61	-392.186	-616.61	0	0	0	0	0	
1190	283.233	-624.444	-391.304	-624.444	0	0	0	0	0	
1200	281.655	-622.211	-390.371	-622.211	0	0	0	0	0	
1210	287.21	-626.096	-389.682	-626.096	0	0	0	0	0	
1220	293.621	-630.809	-389.118	-630.809	0	0	0	0	0	
1230	304.174	-639.488	-389.111	-639.488	0	0	0	0	0	
1240	321.826	-654.398	-389.491	-654.398	0	0	0	0	0	
1250	337.762	-668.789	-390.765	-668.789	0	0	0	0	0	
1260	346.058	-677.187	-392.334	-677.187	0	0	0	0	0	
1270	346.911	-679.67	-394.115	-679.67	0	0	0	0	0	
1280	341.582	-677.198	-396.03	-677.198	0	0	0	0	0	
1290	331.851	-670.791	-397.632	-670.791	0	0	0	0	0	
1300	335.575	-675.239	-399.014	-675.239	0	0	0	0	0	
1310	331.989	-673.654	-400.382	-673.654	0	0	0	0	0	
1320	325.841	-669.723	-401.512	-669.723	0	0	0	0	0	
1330	314.997	-661.81	-402.525	-661.81	0	0	0	0	0	
1340	288.762	-640.37	-402.68	-640.37	0	0	0	0	0	
1350	255.29	-611.565	-401.426	-611.565	0	0	0	0	0	
1360	212.545	-573.541	-398.588	-573.541	0	0	0	0	0	
1370	176.453	-539.572	-394.327	-539.572	0	0	0	0	0	
1380	154.089	-515.591	-388.755	-515.591	0	0	0	0	0	
1390	157.603	-512.321	-382.592	-512.321	0	0	0	0	0	
1400	175.567	-521.357	-376.841	-521.357	0	0	0	0	0	
1410	196.596	-534.056	-372.231	-534.056	0	0	0	0	0	
1420	206.199	-538.14	-368.41	-538.14	0	0	0	0	0	
1430	219.092	-545.304	-364.961	-545.304	0	0	0	0	0	
1440	239.21	-558.866	-361.964	-558.866	0	0	0	0	0	
1450	262.095	-575.52	-359.78	-575.52	0	0	0	0	0	
1460	303.593	-608.97	-359.071	-608.97	0	0	0	0	0	
1470	337.185	-637.558	-360.009	-637.558	0	0	0	0	0	
1480	367.633	-664.938	-362.326	-664.938	0	0	0	0	0	
1490	375.586	-674.369	-365.211	-674.369	0	0	0	0	0	
1500	362.378	-666.339	-368.053	-666.339	0	0	0	0	0	
1510	353.573	-661.378	-370.34	-661.378	0	0	0	0	0	
1520	357.093	-666.792	-372.855	-666.792	0	0	0	0	0	
1530	353.337	-665.908	-375.063	-665.908	0	0	0	0	0	
1540	352.135	-667.097	-377.242	-667.097	0	0	0	0	0	
1550	353.428	-670.578	-379.659	-670.578	0	0	0	0	0	
1560	332.619	-655.01	-381.219	-655.01	0	0	0	0	0	
1570	320.928	-646.441	-382.273	-646.441	0	0	0	0	0	
1580	296.682	-627.063	-382.854	-627.063	0	0	0	0	0	
1590	269.541	-604.128	-382.259	-604.128	0	0	0	0	0	
1600	260.088	-595.026	-380.938	-595.026	0	0	0	0	0	
1610	255.761	-589.724	-379.198	-589.724	0	0	0	0	0	
1620	254.999	-587.291	-377.392	-587.291	0	0	0	0	0	
1630	262.49	-591.888	-375.823	-591.888	0	0	0	0	0	
1640	266.447	-593.643	-374.321	-593.643	0	0	0	0	0	
1650	249.662	-578.011	-372.506	-578.011	0	0	0	0	0	
1660	245.162	-572.221	-370.42	-572.221	0	0	0	0	0	
1670	229.611	-556.923	-367.922	-556.923	0	0	0	0	0	
1680	224.965	-549.952	-364.775	-549.952	0	0	0	0	0	
1690	248.631	-566.54	-361.883	-566.54	0	0	0	0	0	
1700	278.802	-589.887	-360.395	-589.887	0	0	0	0	0	
1710	300.583	-607.34	-359.919	-607.34	0	0	0	0	0	
1720	306.735	-612.564	-360.079	-612.564	0	0	0	0	0	
1730	296.865	-604.34	-359.98	-604.34	0	0	0	0	0	
1740	281.128	-591.099	-359.692	-591.099	0	0	0	0	0	
1750	281.809	-590.93	-358.962	-590.93	0	0	0	0	0	
1760	279.658	-588.249	-358.052	-588.249	0	0	0	0	0	
1770	279.38	-587.244	-357.276	-587.244	0	0	0	0	0	
1780	269.16	-577.751	-356.196	-577.751	0	0	0	0	0	
1790	256.87	-566.141	-354.702	-566.141	0	0	0	0	0	
1800	244.372	-553.868	-352.717	-553.868	0	0	0	0	0	
1810	223.549	-533.989	-349.977	-533.989	0	0	0	0	0	
1820	217.66	-525.821	-346.658	-525.821	0	0	0	0	0	
1830	227.106	-530.371	-343.432	-530.371	0	0	0	0	0	
1840	241.512	-539.424	-340.627	-539.424	0	0	0	0	0	
1850	256.048	-549.262	-338.499	-549.262	0	0	0	0	0	
1860	282.942	-570.02	-337.119	-570.02	0	0	0	0	0	
1870	298.482	-582.572	-336.881	-582.572	0	0	0	0	0	
1880	306.46	-589.421	-337.163	-589.421	0	0	0	0	0	
1890	311.46	-593.868	-337.494	-593.868	0	0	0	0	0	
1900	307.467	-590.993	-337.906	-590.993	0	0	0	0	0	
1910	304.638	-588.847	-338.089	-588.847	0	0	0	0	0	
1920	313.256	-596.098	-338.246	-596.098	0	0	0	0	0	
1930	327.086	-608.262	-339.025	-608.262	0	0	0	0	0	
1940	345.532	-624.955	-340.535	-624.955	0	0	0	0	0	
1950	377.64	-653.936	-343.087	-653.936	0	0	0	0	0	
1960	392.496	-669.801	-346.724	-669.801	0	0	0	0	0	
1970	395.934	-676.635	-350.727	-676.635	0	0	0	0	0	
1980	388.903	-674.534	-354.413	-674.534	0	0	0	0	0	
1990	380.965	-671.417	-357.831	-671.417	0	0	0	0	0	
2000	381.27	-675.202	-361.365	-675.202	0	0	0	0	0	
2010	378.881	-676.567	-364.697	-676.567	0	0	0	0	0	
2020	359.351	-663.505	-367.71	-663.505	0	0	0	0	0	
2030	337.095	-647.171	-369.696	-647.171	0	0	0	0	0	
2040	313.348	-628.514	-370.585	-628.514	0	0	0	0	0	
2050	280.806	-601.564	-370.422	-601.564	0	0	0	0	0	
2060	278.46	-598.821	-369.61	-598.821	0	0	0	0	0	
2070	283.792	-602.397	-368.797	-602.397	0	0	0	0	0	
2080	288.204	-605.298	-368.067	-605.298	0	0	0	0	0	
2090	311.076	-624.047	-367.99	-624.047	0	0	0	0	0	
2100	319.237	-631.562	-368.787	-631.562	0	0	0	0	0	
2110	301.897	-617.896	-369.394	-617.896	0	0	0	0	0	
2120	282.18	-601.303	-369.031	-601.303	0	0	0	0	0	
2130	254.627	-577.175	-367.582	-577.175	0	0	0	0	0	
2140	231.458	-555.899	-365.378	-555.899	0	0	0	0	0	
2150	234.792	-555.836	-362.57	-555.836	0	0	0	0	0	
2160	218.516	-539.529	-359.661	-539.529	0	0	0	0	0	
2170	204.014	-523.862	-355.931	-523.862	0	0	0	0	0	
2180	193.813	-511.209	-351.675	-511.209	0	0	0	0	0	
2190	174.779	-491.068	-347.201	-491.068	0	0	0	0	0	
2200	169.824	-481.81	-342.022	-481.81	0	0	0	0	0	
2210	182.052	-486.956	-337.103	-486.956	0	0	0	0	0	
2220	203.581	-500.016	-332.441	-500.016	0	0	0	0	0	
2230	232.752	-520.503	-328.916	-520.503	0	0	0	0	0	
2240	271.44	-550.241	-326.809	-550.241	0	0	0	0	0	
2250	283.184	-558.842	-325.743	-558.842	0	0	0	0	0	
2260	289.169	-563.127	-325.102	-563.127	0	0	0	0	0	
2270	291.85	-565.031	-324.799	-565.031	0	0	0	0	0	
2280	303.319	-574.688	-325.016	-574.688	0	0	0	0	0	
2290	324.756	-592.756	-325.437	-592.756	0	0	0	0	0	
2300	349.454	-614.64	-326.992	-614.64	0	0	0	0	0	
2310	368.098	-632.451	-329.456	-632.451	0	0	0	0	0	
2320	359.023	-627.857	-332.332	-627.857	0	0	0	0	0	
2330	347.948	-621.068	-334.659	-621.068	0	0	0	0	0	
2340	346.196	-621.578	-336.612	-621.578	0	0	0	0	0	
2350	353.528	-629.49	-338.488	-629.49	0	0	0	0	0	
2360	368.86	-644.589	-340.967	-644.589	0	0	0	0	0	
2370	375.922	-653.409	-343.974	-653.409	0	0	0	0	0	
2380	369.38	-650.947	-346.897	-650.947	0	0	0	0	0	
2390	367.718	-652.614	-349.932	-652.614	0	0	0	0	0	
2400	363.975	-652.049	-352.448	-652.049	0	0	0	0	0	
2410	354.012	-646.442	-355.042	-646.442	0	0	0	0	0	
2420	349.061	-644.439	-357.114	-644.439	0	0	0	0	0	
2430	339.26	-637.857	-358.6	-637.857	0	0	0	0	0	
2440	344.59	-643.967	-360.322	-643.967	0	0	0	0	0	
2450	349.905	-650.334	-362.314	-650.334	0	0	0	0	0	
2460	336.946	-641.639	-364.286	-641.639	0	0	0	0	0	
2470	308.929	-619.509	-365.218	-619.509	0	0	0	0	0	
2480	284.381	-599.215	-365.13	-599.215	0	0	0	0	0	
2490	273.21	-589.114	-364.225	-589.114	0	0	0	0	0	
2500	263.793	-580.037	-362.9	-580.037	0	0	0	0	0	
2510	238.774	-557.479	-360.935	-557.479	0	0	0	0	0	
2520	214.05	-534.095	-357.902	-534.095	0	0	0	0	0	
2530	222.933	-537.935	-354.431	-537.935	0	0	0	0	0	
2540	224.788	-536.1	-351.069	-536.1	0	0	0	0	0	
2550	229.035	-536.522	-347.994	-536.522	0	0	0	0	0	
2560	239.813	-542.627	-345.228	-542.627	0	0	0	0	0	
2570	247.496	-546.68	-342.957	-546.68	0	0	0	0	0	
2580	264.989	-559.201	-341.079	-559.201	0	0	0	0	0	
2590	286.116	-575.7	-340.188	-575.7	0	0	0	0	0	
2600	300.619	-587.253	-339.802	-587.253	0	0	0	0	0	
2610	326.45	-609.208	-340.495	-609.208	0	0	0	0	0	
2620	337.762	-620.077	-342.052	-620.077	0	0	0	0	0	
2630	314.033	-601.789	-343.298	-601.789	0	0	0	0	0	
2640	289.17	-581.614	-343.587	-581.614	0	0	0	0	0	
2650	266.563	-562.169	-342.751	-562.169	0	0	0	0	0	
2660	273.226	-566.357	-341.455	-566.357	0	0	0	0	0	
2670	288.074	-577.664	-340.54	-577.664	0	0	0	0	0	
2680	298.768	-586.221	-340.295	-586.221	0	0	0	0	0	
2690	320.034	-603.765	-340.333	-603.765	0	0	0	0	0	
2700	348.235	-628.436	-341.79	-628.436	0	0	0	0	0	
2710	360.82	-641.122	-344.117	-641.122	0	0	0	0	0	
2720	337.146	-623.891	-346.374	-623.891	0	0	0	0	0	
2730	310.804	-603.21	-347.376	-603.21	0	0	0	0	0	
2740	283.758	-580.885	-347.313	-580.885	0	0	0	0	0	
2750	271.94	-570.36	-346.517	-570.36	0	0	0	0	0	
2760	251.07	-551.491	-344.827	-551.491	0	0	0	0	0	
2770	228.243	-530.065	-342.19	-530.065	0	0	0	0	0	
2780	239.803	-536.687	-339.296	-536.687	0	0	0	0	0	
2790	272.006	-561.37	-337.472	-561.37	0	0	0	0	0	
2800	314.803	-596.007	-336.882	-596.007	0	0	0	0	0	
2810	356.349	-631.749	-338.426	-631.749	0	0	0	0	0	
2820	371.217	-646.778	-341.216	-646.778	0	0	0	0	0	
2830	354.988	-635.8	-343.596	-635.8	0	0	0	0	0	
2840	340.224	-625.802	-345.751	-625.802	0	0	0	0	0	
2850	313.598	-605.061	-346.927	-605.061	0	0	0	0	0	
2860	312.829	-604.987	-347.486	-604.987	0	0	0	0	0	
2870	335.545	-624.772	-348.572	-624.772	0	0	0	0	0	
2880	346.679	-635.804	-350.44	-635.804	0	0	0	0	0	
2890	341.147	-632.874	-352.064	-632.874	0	0	0	0	0	
2900	335.932	-630.37	-353.852	-630.37	0	0	0	0	0	
2910	325.111	-622.406	-354.795	-622.406	0	0	0	0	0	
2920	302.572	-604.475	-355.417	-604.475	0	0	0	0	0	
2930	283.716	-588.596	-355.059	-588.596	0	0	0	0	0	
2940	256.943	-565.2	-353.7	-565.2	0	0	0	0	0	
2950	252.346	-559.605	-351.89	-559.605	0	0	0	0	0	
2960	248.508	-554.375	-349.819	-554.375	0	0	0	0	0	
2970	228.663	-535.431	-347.21	-535.431	0	0	0	0	0	
2980	221.422	-526.299	-344.038	-526.299	0	0	0	0	0	
2990	227.588	-528.243	-340.907	-528.243	0	0	0	0	0	
3000	242.597	-537.841	-338.15	-537.841	0	0	0	0	0	
3010	245.173	-537.658	-335.847	-537.658	0	0	0	0	0	
3020	257.222	-545.651	-333.922	-545.651	0	0	0	0	0	
3030	276.738	-560.433	-332.64	-560.433	0	0	0	0	0	
3040	324.848	-600.137	-332.743	-600.137	0	0	0	0	0	
3050	364.278	-634.487	-334.636	-634.487	0	0	0	0	0	
3060	361.414	-634.825	-337.333	-634.825	0	0	0	0	0	
3070	348.401	-626.322	-339.54	-626.322	0	0	0	0	0	
3080	339.164	-620.655	-341.477	-620.655	0	0	0	0	0	
3090	340.676	-623.43	-343.007	-623.43	0	0	0	0	0	
3100	340.771	-625.151	-344.65	-625.151	0	0	0	0	0	
3110	342.209	-628.123	-346.438	-628.123	0	0	0	0	0	
3120	328.701	-618.503	-347.937	-618.503	0	0	0	0	0	
3130	335.219	-625.11	-349.179	-625.11	0	0	0	0	0	
3140	341.871	-632.311	-350.905	-632.311	0	0	0	0	0	
3150	354.794	-644.924	-352.88	-644.924	0	0	0	0	0	
3160	355.815	-647.922	-355.038	-647.922	0	0	0	0	0	
3170	329.926	-628.524	-356.95	-628.524	0	0	0	0	0	
3180	300.227	-604.751	-357.624	-604.751	0	0	0	0	0	
3190	277.397	-585.599	-357.263	-585.599	0	0	0	0	0	
3200	263.996	-573.444	-356.139	-573.444	0	0	0	0	0	
3210	228.663	-542.187	-353.967	-542.187	0	0	0	0	0	
3220	223.492	-534.882	-350.917	-534.882	0	0	0	0	0	
3230	241.81	-546.976	-347.933	-546.976	0	0	0	0	0	
3240	264.953	-564.00