step,T,r,sn_vel[0],sn_vel[1],sn_vel[2],sn_crd[0],sn_crd[1],sn_crd[2],sn_f[0],sn_f[1],sn_f[2],target_crd[0],target_crd[1],target_crd[2],boundary[0],boundary[1],boundary[2]
3510,290.3,0.498243,2.37695e-006,-0.000131893,0.400299,-0.0557268,-2.14783e-005,-0.431869,-0.0305501,-0.937921,2.4002,-0.0560341,-0.000369356,0.0663736,0.613174,0.634785,1
3520,284.809,0.496611,3.57565e-006,-0.000240829,0.400613,-0.0557268,-2.24153e-005,-0.429867,0.0336217,-0.850815,2.55203,-0.0559956,-0.000524425,0.0667444,0.612664,0.634472,1
3530,279.964,0.494792,1.38596e-005,-0.000352036,0.400938,-0.0557268,-2.38902e-005,-0.427863,0.159093,-0.955227,2.67107,-0.0560975,-0.00027717,0.0669292,0.611791,0.634078,1
3540,260.56,0.49313,4.43926e-005,-0.000466725,0.401262,-0.0557266,-2.59385e-005,-0.425857,0.267631,-0.915039,2.59474,-0.0564884,0.000236418,0.0672725,0.610773,0.63373,1
3550,232.502,0.49182,8.64431e-005,-0.000584014,0.401595,-0.0557263,-2.8562e-005,-0.42385,0.417107,-0.961654,2.73653,-0.0571143,0.000278193,0.0679683,0.60994,0.63344,1
3560,217.644,0.491116,0.000139711,-0.000704623,0.40194,-0.0557258,-3.17834e-005,-0.421841,0.433491,-0.964657,2.78638,-0.0579919,-0.00025212,0.0692691,0.609447,0.633305,1
3570,196.414,0.49054,0.000194797,-0.000825441,0.402292,-0.0557249,-3.56085e-005,-0.419831,0.446191,-0.966146,2.83439,-0.0587728,-0.000433739,0.0706997,0.609125,0.633231,1
3580,192.411,0.489816,0.000251383,-0.000946439,0.40265,-0.0557238,-4.00382e-005,-0.417818,0.458465,-0.966449,2.87484,-0.0589868,-2.02412e-005,0.071987,0.608578,0.633058,1
3590,207.065,0.488655,0.000308363,-0.00106252,0.403016,-0.0557224,-4.50684e-005,-0.415804,0.442877,-0.854995,3.01676,-0.0587974,0.000366381,0.0728406,0.607869,0.632847,1
3600,225.133,0.486924,0.000364753,-0.00116824,0.403394,-0.0557207,-5.06464e-005,-0.413788,0.45838,-0.834229,3.02428,-0.0585951,0.000181389,0.0731275,0.607275,0.632684,1
3610,239.995,0.484363,0.000423121,-0.00127142,0.403773,-0.0557188,-5.67466e-005,-0.41177,0.474206,-0.814805,3.02818,-0.0582098,-0.000187236,0.0725861,0.606896,0.632545,1
3620,267.133,0.481183,0.000483931,-0.00137197,0.404153,-0.0557165,-6.33568e-005,-0.40975,0.573664,-0.752765,3.16466,-0.057035,-0.000497134,0.0714305,0.606744,0.632459,1
3630,301.986,0.477738,0.000564518,-0.00145733,0.404544,-0.0557139,-7.04378e-005,-0.407729,0.683025,-0.640527,3.10833,-0.0553593,-0.000755004,0.0700088,0.606698,0.63242,1
3640,331.488,0.474524,0.000634007,-0.00153951,0.404961,-0.0557109,-7.79333e-005,-0.405705,0.511243,-0.631528,3.43304,-0.0541215,-0.0010745,0.0688158,0.606698,0.63242,1
3650,358.031,0.471679,0.000697689,-0.00161773,0.405397,-0.0557076,-8.58272e-005,-0.403679,0.503229,-0.616575,3.53005,-0.0538912,-0.00134628,0.0679951,0.606698,0.63242,1
3660,360.46,0.468864,0.000745352,-0.00169767,0.405854,-0.0557039,-9.41151e-005,-0.401651,0.348545,-0.636959,3.71921,-0.054297,-0.00173353,0.0672084,0.606698,0.63242,1
3670,349.249,0.465709,0.000786916,-0.00177681,0.406327,-0.0557001,-0.000102802,-0.39962,0.31356,-0.628383,3.84588,-0.0548898,-0.00190315,0.0660842,0.606698,0.63242,1
3680,331.376,0.462409,0.000825845,-0.00184655,0.40683,-0.0556961,-0.000111869,-0.397588,0.39881,-0.4813,4.20389,-0.0549995,-0.00176502,0.0648181,0.606698,0.63242,1
3690,319.407,0.459366,0.000868524,-0.00190341,0.407368,-0.0556918,-0.000121248,-0.395552,0.217983,-0.406296,4.43966,-0.0545202,-0.00180669,0.0638093,0.606698,0.63242,1
3700,320.453,0.456496,0.000892443,-0.00195161,0.407933,-0.0556874,-0.000130888,-0.393514,0.167496,-0.360959,4.58923,-0.0539758,-0.00261237,0.0629723,0.606466,0.631874,1
3710,320.338,0.453605,0.000910828,-0.00199276,0.408517,-0.0556829,-0.000140753,-0.391473,0.127507,-0.297183,4.72263,-0.0540955,-0.00316346,0.0621197,0.606466,0.631874,1
3720,313.517,0.450543,0.000924044,-0.00202642,0.409115,-0.0556783,-0.000150803,-0.389429,-0.000438505,-0.321581,4.90115,-0.054475,-0.00243051,0.0611069,0.606628,0.631713,1
3730,298.995,0.447331,0.000923191,-0.00205724,0.409738,-0.0556737,-0.000161024,-0.387381,-0.00348327,-0.131209,5.0865,-0.0545615,-0.000831183,0.0599472,0.60705,0.631325,1
3740,275.942,0.443972,0.000915184,-0.00206374,0.410386,-0.0556691,-0.000171338,-0.385331,-0.133598,0.0408083,5.27589,-0.0544534,7.30549e-005,0.0586394,0.607479,0.630958,1
3750,274.945,0.44072,0.000896148,-0.00205307,0.411052,-0.0556646,-0.000181635,-0.383278,-0.170163,0.13121,5.36662,-0.0547568,0.000101143,0.0574418,0.607782,0.630733,1
3760,290.815,0.437748,0.000881971,-0.00202147,0.411738,-0.0556601,-0.000191833,-0.381221,-0.1014,0.329078,5.55684,-0.0551208,-2.73912e-005,0.056527,0.607817,0.630714,1
3770,306.116,0.435374,0.000868315,-0.00197321,0.412441,-0.0556558,-0.000201825,-0.37916,-0.114355,0.443904,5.67494,-0.0550784,0.00017056,0.0562128,0.607817,0.630714,1
3780,322.363,0.433423,0.000854971,-0.00191406,0.413162,-0.0556514,-0.000211542,-0.377096,-0.0805184,0.435878,5.89086,-0.0546832,0.000250725,0.0563251,0.607817,0.630714,1
3790,314.922,0.431328,0.000839652,-0.00183814,0.413912,-0.0556472,-0.000220945,-0.375029,-0.201584,0.785897,6.04193,-0.0544444,0.000181346,0.0562973,0.60782,0.630713,1
3800,305.435,0.428543,0.000814946,-0.00173183,0.414679,-0.0556431,-0.000229876,-0.372957,-0.194611,0.913956,6.20239,-0.0542642,-0.000213466,0.0555835,0.608023,0.630697,1
3810,273.207,0.425644,0.000793522,-0.00161217,0.415466,-0.0556391,-0.000238238,-0.370882,-0.100957,0.95021,6.42226,-0.0541538,-0.000843155,0.0547598,0.608035,0.630697,1
3820,248.692,0.422995,0.000780366,-0.0014854,0.416277,-0.0556351,-0.000245988,-0.368802,-0.110802,1.07432,6.51929,-0.0541057,-0.00130057,0.0541888,0.608066,0.6307,1
3830,244.807,0.420765,0.000768507,-0.00134062,0.417095,-0.0556313,-0.000253065,-0.366719,-0.0312735,1.28431,6.50172,-0.0542883,-0.000929678,0.0540435,0.608222,0.630724,1
3840,269.305,0.418728,0.000760024,-0.00117258,0.41791,-0.0556274,-0.000259354,-0.364631,-0.174056,1.35384,6.54817,-0.0546671,-0.000214816,0.0540951,0.60836,0.630767,1
3850,304.248,0.416869,0.000738071,-0.000997511,0.418732,-0.0556237,-0.000264784,-0.36254,-0.175214,1.44286,6.58536,-0.0553185,0.000381807,0.0543287,0.60865,0.630848,1
3860,325.962,0.414899,0.000716384,-0.000811523,0.419559,-0.05562,-0.000269311,-0.360444,-0.171069,1.52849,6.63091,-0.0558929,0.00103329,0.0544531,0.609223,0.631033,1
3870,313.243,0.413073,0.000692865,-0.000606337,0.420386,-0.0556165,-0.00027287,-0.358344,-0.201309,1.73514,6.58881,-0.055873,0.00228636,0.0547212,0.60962,0.63118,1
3880,277.797,0.411448,0.000668015,-0.000385056,0.421214,-0.0556131,-0.000275352,-0.35624,-0.194595,1.79882,6.64276,-0.0553509,0.00347089,0.0551906,0.610007,0.631307,1
3890,247.191,0.410316,0.000644654,-0.000156148,0.422048,-0.0556098,-0.000276708,-0.354132,-0.176394,1.85675,6.69171,-0.0552469,0.00380569,0.0561634,0.610872,0.63157,1
3900,216.467,0.409374,0.0006244,7.90014e-005,0.422889,-0.0556067,-0.000276903,-0.35202,-0.14562,1.89726,6.73059,-0.055738,0.0033496,0.0573384,0.611644,0.631785,1
3910,208.62,0.408297,0.000609435,0.00031387,0.423735,-0.0556036,-0.000275914,-0.349903,-0.0766979,1.78773,6.84224,-0.0559689,0.00272623,0.0583823,0.612213,0.631925,1
3920,211.558,0.406615,0.000601588,0.000537908,0.424593,-0.0556006,-0.000273785,-0.347782,-0.0503365,1.79119,6.86048,-0.0556586,0.00199268,0.0588262,0.612691,0.632027,1
3930,210.884,0.404821,0.000589793,0.000755871,0.425457,-0.0555976,-0.000270543,-0.345657,-0.129881,1.69978,6.9383,-0.0553983,0.00140944,0.0591599,0.613007,0.63208,1
3940,232.616,0.403403,0.000574326,0.000968475,0.426324,-0.0555947,-0.000266232,-0.343528,-0.118264,1.6977,6.90573,-0.0554994,0.00126724,0.0598722,0.613214,0.632104,1
3950,260.394,0.402635,0.000559911,0.00118098,0.427185,-0.0555918,-0.000260859,-0.341394,-0.112879,1.69876,6.85533,-0.0556804,0.00143973,0.0612374,0.613509,0.632125,1
3960,264.857,0.401979,0.000545981,0.00139338,0.428041,-0.0555891,-0.000254423,-0.339256,-0.108738,1.70246,6.81166,-0.0557223,0.00169463,0.0627186,0.613838,0.632163,1
3970,256.83,0.400906,0.000532906,0.00160655,0.428892,-0.0555864,-0.000246923,-0.337114,-0.0985435,1.70301,6.78411,-0.055441,0.00223506,0.0637848,0.614083,0.632201,1
3980,245.052,0.399115,0.000521863,0.00181939,0.429741,-0.0555837,-0.000238358,-0.334967,-0.0754671,1.69659,6.78616,-0.0549299,0.00292858,0.0641354,0.614302,0.632245,1
3990,232.771,0.397025,0.000514562,0.00203093,0.430592,-0.0555811,-0.000228731,-0.332816,-0.0395717,1.68256,6.81725,-0.054617,0.00292093,0.0641953,0.614709,0.632336,1
4000,253.304,0.395164,0.000512875,0.00223976,0.431448,-0.0555786,-0.000218052,-0.330661,0.10062,1.56795,6.95002,-0.0549421,0.00192191,0.0644967,0.614854,0.632382,1
4010,256.169,0.393874,0.000529056,0.00243449,0.432323,-0.055576,-0.000206365,-0.328502,0.159407,1.54465,7.02569,-0.0555965,0.000633739,0.0653716,0.614854,0.632382,1
4020,253.286,0.392968,0.000553023,0.00262688,0.433209,-0.0555733,-0.000193711,-0.326338,0.223509,1.53228,7.14409,-0.056184,-0.000383531,0.0666292,0.614854,0.632382,1
4030,247.492,0.391853,0.000584552,0.00281896,0.434112,-0.0555704,-0.000180097,-0.32417,0.276642,1.54113,7.29887,-0.0567739,-0.00126113,0.0676799,0.614854,0.632382,1
4040,244.131,0.389847,0.000621008,0.00301319,0.435038,-0.0555674,-0.000165518,-0.321997,0.300256,1.56879,7.48013,-0.057628,-0.00155484,0.0678423,0.614854,0.632382,1
4050,242.723,0.386931,0.000658356,0.00321243,0.435985,-0.0555642,-0.000149957,-0.319819,0.291708,1.61555,7.65162,-0.0583512,-0.000766061,0.0671012,0.614854,0.632382,1
4060,236.953,0.383962,0.000692904,0.00341718,0.436952,-0.0555608,-0.000133385,-0.317637,0.256129,1.65259,7.80301,-0.0587382,0.000748378,0.0663109,0.614854,0.632382,1
4070,257.991,0.381363,0.000721474,0.00362491,0.437937,-0.0555573,-0.00011578,-0.31545,0.197128,1.66093,7.93137,-0.05884,0.00198668,0.0658939,0.614854,0.632382,1
4080,271.771,0.378758,0.000741664,0.00383125,0.438937,-0.0555536,-9.71377e-005,-0.313257,0.123855,1.62903,8.0503,-0.0587089,0.00264285,0.0654771,0.61509,0.632464,1
4090,290.057,0.37569,0.000752139,0.00403091,0.439952,-0.0555499,-7.74784e-005,-0.31106,0.0426616,1.55476,8.15429,-0.0581611,0.00261362,0.0646114,0.615637,0.632637,1
4100,307.691,0.372379,0.000752374,0.00421897,0.440978,-0.0555461,-5.68479e-005,-0.308858,-0.0376875,1.44569,8.23942,-0.0574716,0.00205901,0.06351,0.615908,0.632708,1
4110,324.091,0.369191,0.000743245,0.00439186,0.442014,-0.0555424,-3.53137e-005,-0.30665,-0.105101,1.31377,8.3221,-0.0567687,0.00114917,0.0625362,0.616051,0.632728,1
4120,326.211,0.366542,0.000727061,0.0045472,0.44306,-0.0555387,-1.29583e-005,-0.304438,-0.14895,1.16698,8.39764,-0.0559359,0.000466152,0.0621039,0.616305,0.632751,1
4130,315.56,0.364242,0.000707097,0.00468399,0.444116,-0.0555351,1.01275e-005,-0.30222,-0.166371,1.02034,8.46407,-0.0549309,-0.000175174,0.0620221,0.616323,0.632756,1
4140,290.69,0.36213,0.000685929,0.00480344,0.44518,-0.0555316,3.38529e-005,-0.299997,-0.171463,0.893133,8.54178,-0.0541871,-0.00117258,0.0621289,0.616323,0.632756,1
4150,276.481,0.359976,0.000664005,0.00490894,0.446255,-0.0555283,5.81389e-005,-0.297768,-0.18039,0.797708,8.63613,-0.0536036,-0.00231237,0.0621946,0.616323,0.632756,1
4160,291.266,0.358,0.000640275,0.00500386,0.447342,-0.055525,8.29251e-005,-0.295534,-0.20058,0.71896,8.74694,-0.0529307,-0.00248045,0.0624472,0.616323,0.632756,1
4170,304.868,0.355931,0.000613624,0.00508793,0.448445,-0.0555219,0.00010816,-0.293295,-0.224763,0.617248,8.88202,-0.0524666,-0.00153863,0.0626193,0.616323,0.632756,1
4180,336.496,0.354138,0.000584274,0.00515616,0.449566,-0.0555189,0.000133778,-0.291049,-0.243141,0.464029,9.02786,-0.0527175,-0.000372951,0.063077,0.616323,0.632756,1
4190,350.813,0.352529,0.00055295,0.00520216,0.450704,-0.055516,0.000159685,-0.288799,-0.257141,0.265066,9.15153,-0.0534348,0.000214563,0.063724,0.616323,0.632756,1
4200,340.142,0.350897,0.000519914,0.00522146,0.451856,-0.0555133,0.000185756,-0.286542,-0.270142,0.040631,9.26056,-0.0542681,0.000480107,0.0643524,0.616323,0.632756,1
4210,325.943,0.348504,0.000485945,0.00521185,0.453022,-0.0555108,0.000211852,-0.28428,-0.26802,-0.195908,9.37095,-0.0552552,0.000638106,0.0642236,0.616323,0.632756,1
4220,315.328,0.345518,0.000454407,0.00517173,0.454202,-0.0555085,0.000237824,-0.282012,-0.229175,-0.449082,9.47605,-0.056523,0.000577841,0.0635043,0.616359,0.632777,1
4230,304.988,0.34207,0.000430034,0.00509811,0.455394,-0.0555063,0.000263514,-0.279738,-0.155877,-0.733162,9.57722,-0.0577569,8.26473e-005,0.0623241,0.616649,0.63296,1
4240,306.353,0.338789,0.000416325,0.00498708,0.4566,-0.0555042,0.000288743,-0.277458,-0.0598025,-1.04307,9.68189,-0.0585209,-0.00075851,0.0613158,0.61669,0.632994,1
4250,289.385,0.335627,0.000415762,0.00483712,0.457817,-0.0555021,0.00031332,-0.275172,0.0525084,-1.35076,9.77577,-0.0585178,-0.00166803,0.0604358,0.616771,0.633078,1
4260,277.281,0.332568,0.000431721,0.00464839,0.459049,-0.0555,0.000337052,-0.27288,0.281691,-1.70834,9.98059,-0.0577672,-0.00196767,0.0596722,0.616954,0.63328,1
4270,287.654,0.329239,0.000474347,0.00441674,0.460307,-0.0554977,0.00035973,-0.270582,0.398077,-1.99033,10.1247,-0.0566946,-0.00147315,0.0586502,0.617123,0.633441,1
4280,283.904,0.325932,0.000530627,0.00414704,0.461588,-0.0554952,0.000381161,-0.268277,0.495832,-2.38084,10.3899,-0.0560374,-0.00105292,0.0576517,0.617138,0.633443,1
4290,279.456,0.322697,0.000605859,0.00382819,0.462903,-0.0554924,0.000401118,-0.265966,0.686966,-2.70732,10.6181,-0.0559574,-0.00140439,0.0567262,0.617146,0.633441,1
4300,269.669,0.319825,0.000688519,0.00347004,0.464246,-0.0554891,0.000419383,-0.263648,0.592283,-3.03888,10.8779,-0.0558165,-0.00159148,0.056171,0.61739,0.633353,1
4310,281.56,0.317116,0.000755297,0.00306835,0.465621,-0.0554855,0.000435749,-0.261323,0.458841,-3.38824,11.0918,-0.0555749,-0.000630258,0.0557913,0.617551,0.633275,1
4320,278.77,0.314395,0.00081176,0.00262715,0.467018,-0.0554816,0.000450002,-0.258992,0.440575,-3.65903,11.2404,-0.0558826,0.000597854,0.0554026,0.617777,0.633147,1
4330,274.8,0.311187,0.000864867,0.00215362,0.468435,-0.0554774,0.000461967,-0.256653,0.405309,-3.90023,11.4027,-0.0567158,0.000638216,0.0545318,0.617954,0.633033,1
4340,263.693,0.307857,0.000912323,0.0016534,0.469873,-0.055473,0.000471494,-0.254307,0.348317,-4.08144,11.5718,-0.0573318,-0.000530123,0.0535421,0.617954,0.633033,1
4350,235.912,0.304865,0.000950644,0.00113438,0.471331,-0.0554683,0.00047847,-0.251954,0.258174,-4.20538,11.7259,-0.0576991,-0.00167612,0.052895,0.617954,0.633033,1
4360,221.627,0.302538,0.000975724,0.000601788,0.472808,-0.0554635,0.000482816,-0.249594,0.13977,-4.30173,11.8765,-0.0580465,-0.00193616,0.0529237,0.617954,0.633033,1
4370,210.501,0.300467,0.000985364,5.19341e-005,0.474307,-0.0554586,0.000484465,-0.247226,0.0136948,-4.52588,12.0882,-0.0581968,-0.00128887,0.0532229,0.617954,0.633033,1
4380,221.025,0.298233,0.000981065,-0.000516977,0.47583,-0.0554537,0.000483302,-0.244851,-0.00316614,-4.52039,12.3176,-0.0578521,-0.000531437,0.0533711,0.617984,0.633023,1
4390,217.976,0.295436,0.000972487,-0.00108471,0.477378,-0.0554488,0.0004793,-0.242468,-0.132729,-4.5499,12.4188,-0.0572264,-0.000312724,0.0529623,0.618064,0.632982,1
4400,209.653,0.292268,0.000948865,-0.00165561,0.478938,-0.055444,0.00047245,-0.240077,-0.237671,-4.57122,12.492,-0.0562313,-0.000653097,0.0521873,0.618085,0.632969,1
4410,185.72,0.289122,0.000905391,-0.00222275,0.480497,-0.0554393,0.00046275,-0.237678,-0.409343,-4.51059,12.4457,-0.05483,-0.000843925,0.0514405,0.618085,0.632969,1
4420,174.69,0.286461,0.000854012,-0.00278713,0.482056,-0.0554349,0.000450225,-0.235272,-0.403247,-4.50497,12.4531,-0.0536114,-0.000731473,0.0511812,0.618085,0.632969,1
4430,181.996,0.284453,0.000806655,-0.00334982,0.483614,-0.0554308,0.000434881,-0.232858,-0.345489,-4.48333,12.4575,-0.0534739,-0.000680998,0.0515858,0.618085,0.632969,1
4440,205.932,0.28295,0.000768881,-0.00390831,0.485174,-0.0554268,0.000416733,-0.230436,-0.256354,-4.43508,12.4576,-0.054215,-0.000886897,0.0525089,0.618085,0.632969,1
4450,234.805,0.281487,0.000745736,-0.00446073,0.486735,-0.0554231,0.00039581,-0.228006,-0.0569124,-4.4233,12.5419,-0.0550336,-0.00082991,0.0534778,0.618085,0.632969,1
4460,252.378,0.279585,0.000741725,-0.00500716,0.488307,-0.0554193,0.000372134,-0.225568,-0.0133105,-4.30274,12.5788,-0.05561,-0.000641254,0.0540144,0.618085,0.632969,1
4470,274.626,0.277543,0.000741055,-0.00553653,0.489885,-0.0554156,0.000345767,-0.223123,-0.00194112,-4.15117,12.6352,-0.0562575,-0.000736536,0.0544168,0.618085,0.632969,1
4480,289.259,0.276185,0.000732681,-0.00604118,0.491477,-0.0554119,0.000316809,-0.22067,-0.120503,-3.91898,12.789,-0.0567028,-0.000936504,0.0555097,0.618085,0.632969,1
4490,306.561,0.275792,0.000711956,-0.00652549,0.493076,-0.0554083,0.000285389,-0.218208,-0.213374,-3.83279,12.7597,-0.0566179,-0.000553475,0.0575797,0.618085,0.632969,1
4500,311.738,0.275217,0.00068741,-0.00699703,0.494679,-0.0554048,0.000251574,-0.215739,-0.262702,-3.6571,12.8992,-0.0562609,7.62488e-005,0.0594771,0.618085,0.632969,1
4510,321.1,0.273558,0.000660983,-0.00744921,0.496299,-0.0554015,0.000215454,-0.213261,-0.158205,-3.5679,12.9803,-0.0561967,0.000370064,0.060295,0.61794,0.632578,1
4520,312.768,0.270837,0.00064797,-0.00788073,0.497932,-0.0553982,0.000177111,-0.210776,-0.0488389,-3.30435,13.1191,-0.0564392,0.000253414,0.0600587,0.617785,0.631919,1
4530,276.754,0.26831,0.000648907,-0.00828027,0.499581,-0.0553949,0.000136692,-0.208282,0.0646379,-3.00092,13.274,-0.0569528,-0.000130956,0.0600229,0.617605,0.631124,1
4540,252.398,0.266705,0.000662706,-0.00864125,0.501243,-0.0553917,9.43752e-005,-0.20578,0.147742,-2.75651,13.2824,-0.0576568,-0.000993613,0.0609136,0.617422,0.63046,1
4550,240.966,0.265945,0.000683079,-0.00896838,0.502905,-0.0553883,5.03356e-005,-0.20327,0.165212,-2.46668,13.2777,-0.0582218,-0.00187548,0.0626534,0.617278,0.63002,1
4560,238.467,0.264953,0.000701246,-0.00925843,0.504568,-0.0553848,4.75278e-006,-0.200751,0.116608,-2.16886,13.3014,-0.0582679,-0.00227889,0.0641764,0.617277,0.629898,1
4570,236.177,0.263314,0.000710766,-0.00951137,0.506236,-0.0553813,-4.21875e-005,-0.198224,0.0312513,-1.87165,13.3426,-0.0581714,-0.00236853,0.0650651,0.617277,0.629898,1
4580,242.931,0.260908,0.000708175,-0.00972658,0.507908,-0.0553778,-9.02986e-005,-0.195689,-0.075578,-1.56736,13.3676,-0.0580485,-0.00279523,0.0651921,0.61713,0.629794,1
4590,272.17,0.258387,0.000691028,-0.0099043,0.509581,-0.0553743,-0.000139391,-0.193145,-0.202281,-1.27615,13.375,-0.0574286,-0.00331893,0.0652144,0.616929,0.629615,1
4600,301.47,0.256188,0.000656635,-0.0100471,0.511254,-0.0553709,-0.000189284,-0.190593,-0.350008,-1.00907,13.3559,-0.0561717,-0.00330953,0.0655748,0.61691,0.629599,1
4610,331.573,0.254606,0.000614284,-0.0101515,0.512928,-0.0553677,-0.000239799,-0.188032,-0.362635,-0.684423,13.3712,-0.0550057,-0.00247708,0.0665632,0.616889,0.629585,1
4620,344.621,0.253041,0.000562385,-0.0102219,0.514602,-0.0553648,-0.000290746,-0.185463,-0.345101,-0.378921,13.457,-0.0545211,-0.00119885,0.0675741,0.61675,0.629504,1
4630,338.867,0.250932,0.000515567,-0.010253,0.516289,-0.0553621,-0.000341947,-0.182886,-0.398051,-0.107766,13.5141,-0.0546094,0.000127426,0.0680446,0.616728,0.629493,1
4640,329.388,0.247682,0.000463103,-0.0102457,0.517985,-0.0553596,-0.000393212,-0.180301,-0.441281,0.233431,13.5933,-0.0546886,0.00102292,0.067376,0.616539,0.629406,1
4650,331.766,0.243903,0.000404915,-0.0101933,0.519693,-0.0553574,-0.00044433,-0.177706,-0.48697,0.606058,13.7009,-0.0543566,0.0014828,0.0661871,0.616332,0.629334,1
4660,354.973,0.240599,0.000342507,-0.0100944,0.521415,-0.0553556,-0.000495068,-0.175104,-0.502883,0.971144,13.8108,-0.0537635,0.00161015,0.0654807,0.615953,0.629184,1
4670,354.101,0.238539,0.000280728,-0.00995087,0.523149,-0.055354,-0.0005452,-0.172492,-0.478906,1.3192,13.893,-0.053411,0.00159693,0.0660297,0.615663,0.629053,1
4680,326.745,0.236768,0.000224026,-0.00976532,0.524892,-0.0553528,-0.000594507,-0.169872,-0.421036,1.63838,13.9555,-0.0535379,0.00126758,0.0668819,0.615641,0.629041,1
4690,281.918,0.234221,0.000176907,-0.00954308,0.526643,-0.0553518,-0.000642792,-0.167243,-0.32662,1.90351,14.0197,-0.0537601,0.000719613,0.0669682,0.61562,0.629028,1
4700,267.279,0.230472,0.000143202,-0.00929096,0.528401,-0.055351,-0.000689889,-0.164606,-0.20932,2.11781,14.0711,-0.053909,0.00039748,0.0658588,0.615487,0.628943,1
4710,272.956,0.226209,0.000125336,-0.00901418,0.530165,-0.0553503,-0.000735662,-0.161959,-0.0713155,2.30357,14.105,-0.0542817,0.000434702,0.0642437,0.615272,0.628808,1
4720,273.06,0.222189,0.000126794,-0.00871369,0.53193,-0.0553497,-0.000779992,-0.159304,0.0988163,2.50307,14.1021,-0.0552691,0.000190743,0.0628826,0.614986,0.628639,1
4730,257.702,0.218825,0.000150149,-0.00838656,0.533691,-0.055349,-0.000822754,-0.15664,0.271505,2.72528,14.0205,-0.0565042,-0.000292814,0.0621817,0.614839,0.62856,1
4740,232.67,0.215669,0.000194118,-0.0080321,0.535437,-0.0553481,-0.000863812,-0.153967,0.430985,2.93487,13.8801,-0.057294,-0.00013499,0.0616918,0.614839,0.62856,1
4750,249.512,0.212418,0.000256077,-0.00765901,0.537168,-0.055347,-0.00090304,-0.151286,0.54461,2.97968,13.7797,-0.0575475,0.000987155,0.0611121,0.614839,0.62856,1
4760,264.62,0.209101,0.000336469,-0.0072748,0.538887,-0.0553456,-0.000940384,-0.148595,0.737839,3.15891,13.6899,-0.0579552,0.00220671,0.0604653,0.614839,0.62856,1
4770,257.417,0.206035,0.000438732,-0.00686881,0.540595,-0.0553436,-0.000975751,-0.145897,0.883791,3.32297,13.6068,-0.0586761,0.00281322,0.0600765,0.614839,0.62856,1
4780,237.128,0.203315,0.000554193,-0.00644542,0.542293,-0.0553411,-0.00100904,-0.14319,0.948012,3.43013,13.5217,-0.059292,0.00274174,0.0600522,0.614839,0.62856,1
4790,225.989,0.200987,0.000673574,-0.00601352,0.543979,-0.0553381,-0.00104019,-0.140474,0.953739,3.45843,13.4249,-0.059617,0.00235542,0.0604389,0.614707,0.62845,1
4800,235.747,0.198797,0.000791659,-0.00558261,0.545653,-0.0553344,-0.00106918,-0.13775,0.926651,3.41581,13.3163,-0.0597541,0.00221957,0.0609706,0.614385,0.628165,1
4810,255.947,0.196132,0.000903201,-0.00516169,0.547313,-0.0553302,-0.00109603,-0.135017,0.844513,3.29884,13.2138,-0.0593885,0.00259081,0.0610377,0.613933,0.627752,1
4820,281.213,0.192753,0.00100013,-0.00475797,0.548961,-0.0553254,-0.00112083,-0.132277,0.692414,3.15379,13.1242,-0.058289,0.00293348,0.0604113,0.613537,0.627378,1
4830,270.171,0.188973,0.00107359,-0.00437179,0.550599,-0.0553202,-0.00114364,-0.129528,0.471757,3.01566,13.0403,-0.0569669,0.00250921,0.0594027,0.613211,0.627063,1
4840,232.42,0.185466,0.00111687,-0.00400419,0.552225,-0.0553147,-0.00116457,-0.126771,0.218992,2.85256,12.9522,-0.056176,0.00161098,0.0586723,0.613092,0.626962,1
4850,206.547,0.182476,0.00113566,-0.00364357,0.553838,-0.0553091,-0.00118369,-0.124006,0.0365957,2.80539,12.8143,-0.0558503,0.00102591,0.0584561,0.613092,0.626962,1
4860,199.332,0.179943,0.00113013,-0.00331505,0.555431,-0.0553034,-0.00120107,-0.121232,-0.146533,2.49875,12.6314,-0.0558014,0.000926518,0.0586977,0.613092,0.626962,1
4870,194.238,0.17702,0.00109525,-0.00301042,0.556998,-0.0552978,-0.00121687,-0.118451,-0.413446,2.36536,12.397,-0.0559921,0.000799091,0.0585557,0.613092,0.626962,1
4880,182.954,0.173487,0.00102704,-0.00272404,0.558536,-0.0552925,-0.0012312,-0.115662,-0.669559,2.20771,12.1826,-0.0560587,0.000660825,0.0578129,0.613092,0.626962,1
4890,171.814,0.169456,0.000930713,-0.00245983,0.560048,-0.0552876,-0.00124415,-0.112866,-0.852826,2.00095,11.9739,-0.0555298,0.000696453,0.0565783,0.613092,0.626962,1
4900,187.948,0.165657,0.00081882,-0.00222552,0.561534,-0.0552832,-0.00125585,-0.110062,-0.912032,1.73902,11.7802,-0.0546593,0.0009596,0.0555792,0.613092,0.626962,1
4910,209.073,0.162161,0.00070782,-0.0020245,0.562995,-0.0552794,-0.00126646,-0.107251,-0.844951,1.48503,11.5709,-0.0538442,0.00104166,0.0548876,0.613092,0.626962,1
4920,215.279,0.158873,0.000609747,-0.00184726,0.564431,-0.0552761,-0.00127613,-0.104432,-0.720118,1.36842,11.3785,-0.0529818,0.000920784,0.0544093,0.613092,0.626962,1
4930,224.911,0.155236,0.00052738,-0.00168246,0.565844,-0.0552733,-0.00128495,-0.101606,-0.592935,1.24858,11.184,-0.0520557,0.000881205,0.0535816,0.613092,0.626962,1
4940,246.735,0.151447,0.000464465,-0.00153832,0.567231,-0.0552708,-0.00129299,-0.0987737,-0.316119,0.934911,10.9834,-0.0516872,0.00143182,0.0526062,0.613092,0.626962,1
4950,257.111,0.14789,0.000437304,-0.00143183,0.568592,-0.0552686,-0.00130041,-0.0959341,-0.12374,0.788517,10.7861,-0.052178,0.00235344,0.051878,0.613092,0.626962,1
4960,265.181,0.145009,0.000431512,-0.00133246,0.569935,-0.0552664,-0.00130732,-0.0930878,0.0210225,0.820564,10.6778,-0.0530854,0.00297766,0.0518413,0.613092,0.626962,1
4970,279.291,0.142507,0.000440475,-0.00122889,0.571266,-0.0552642,-0.00131372,-0.0902348,0.123042,0.807513,10.6016,-0.0539758,0.00243724,0.052217,0.612926,0.626821,1
4980,278.322,0.140169,0.000464159,-0.00113627,0.572588,-0.055262,-0.00131963,-0.0873751,0.177463,0.759212,10.5019,-0.0548235,0.00104732,0.0527731,0.612731,0.626637,1
4990,261.816,0.137563,0.000494263,-0.00106161,0.573891,-0.0552596,-0.00132511,-0.0845089,0.219328,0.297995,10.3159,-0.0554674,-0.000137086,0.0530488,0.612585,0.626487,1
5000,246.154,0.134773,0.000517513,-0.00103681,0.57517,-0.0552571,-0.00133034,-0.0816363,0.114323,0.146879,10.1326,-0.0557979,-0.000292316,0.053132,0.612566,0.626471,1
5010,242.006,0.131953,0.000516115,-0.00101549,0.576431,-0.0552545,-0.00133548,-0.0787573,-0.14611,0.206545,10.0208,-0.0562646,3.03804e-005,0.0531851,0.612413,0.626341,1
5020,232.949,0.129634,0.000481977,-0.000988237,0.577676,-0.0552519,-0.00134049,-0.075872,-0.442716,0.321193,9.85541,-0.0573431,0.000100229,0.0537367,0.612395,0.626324,1
5030,233.942,0.127563,0.000411756,-0.000972481,0.578894,-0.0552497,-0.00134537,-0.0729805,-0.618906,-0.0442879,9.6056,-0.0584266,-0.000229144,0.0545385,0.612395,0.626324,1
5040,238.86,0.125422,0.000338864,-0.000988998,0.58008,-0.0552478,-0.00135026,-0.0700831,-0.524475,-0.1775,9.35059,-0.0585584,-0.00023632,0.0552899,0.612395,0.626324,1
5050,254.428,0.122843,0.000282459,-0.00100349,0.581235,-0.0552463,-0.00135525,-0.0671798,-0.381373,-0.000502969,9.10687,-0.0578463,0.000503044,0.0556215,0.612395,0.626324,1
5060,263.101,0.120315,0.000242012,-0.000982281,0.582361,-0.055245,-0.00136024,-0.0642708,-0.262847,0.326387,8.87864,-0.0570008,0.00179064,0.0559898,0.612395,0.626324,1
5070,270.308,0.118199,0.000229113,-0.000918811,0.583459,-0.0552438,-0.001365,-0.0613562,-0.00150199,0.546444,8.66139,-0.0560142,0.00252132,0.0567764,0.612395,0.626324,1
5080,290.481,0.116747,0.0002408,-0.000858597,0.584528,-0.0552426,-0.00136943,-0.0584362,0.18813,0.384546,8.43007,-0.0548497,0.00219034,0.0582562,0.612395,0.626324,1
5090,305.803,0.115437,0.000277428,-0.000821374,0.585567,-0.0552414,-0.00137363,-0.055511,0.421871,0.292421,8.16608,-0.0542173,0.00127249,0.0598913,0.612395,0.626324,1
5100,336.913,0.113902,0.000336527,-0.000794422,0.586571,-0.0552398,-0.00137766,-0.0525806,0.501923,0.150309,7.87902,-0.0543808,0.000399085,0.0613039,0.612395,0.626324,1
5110,341.323,0.112116,0.000397424,-0.000784759,0.587542,-0.055238,-0.0013816,-0.0496453,0.452496,-0.0139691,7.63809,-0.0546881,-0.00053788,0.0624663,0.612395,0.626324,1
5120,343.014,0.110461,0.000446682,-0.000804099,0.588484,-0.0552359,-0.00138556,-0.0467053,0.325796,-0.315237,7.41924,-0.0549142,-0.00158589,0.0637553,0.612395,0.626324,1
5130,345.313,0.108943,0.000475977,-0.000862547,0.589397,-0.0552336,-0.00138971,-0.0437605,0.125331,-0.582731,7.16211,-0.0553779,-0.00215307,0.06518,0.612395,0.626324,1
5140,336.547,0.107337,0.000472968,-0.00093572,0.590274,-0.0552312,-0.00139421,-0.0408114,-0.195291,-0.525249,6.84402,-0.0558448,-0.00158383,0.0665239,0.612033,0.626151,1
5150,311.857,0.105473,0.000421094,-0.000981541,0.591111,-0.0552289,-0.00139902,-0.0378579,-0.651263,-0.182201,6.5281,-0.0558995,-0.000350368,0.0676076,0.61201,0.626141,1
5160,284.78,0.103269,0.000313252,-0.000985908,0.591911,-0.0552271,-0.00140395,-0.0349003,-1.02289,0.057553,6.26696,-0.0557085,0.000439519,0.0683511,0.611652,0.625985,1
5170,253.598,0.100531,0.000179133,-0.000980588,0.592679,-0.0552258,-0.00140886,-0.0319388,-1.08152,-0.00261868,6.00065,-0.0555171,0.000386121,0.0685758,0.611361,0.625853,1
5180,243.84,0.0974011,4.61438e-005,-0.000986414,0.59341,-0.0552253,-0.00141378,-0.0289736,-1.05121,-0.0574748,5.66317,-0.0552567,0.000207731,0.068414,0.611123,0.625747,1
5190,252.92,0.0943958,-8.93132e-005,-0.000978992,0.594093,-0.0552254,-0.00141871,-0.0260048,-1.13076,0.253076,5.2465,-0.0552391,0.000523729,0.068371,0.611123,0.625747,1
5200,249.984,0.0919228,-0.000233793,-0.000908583,0.594725,-0.0552262,-0.00142346,-0.0230327,-1.13525,0.897563,4.87115,-0.0556364,0.000947388,0.0688586,0.611123,0.625747,1
5210,248.632,0.0895829,-0.00036027,-0.000754828,0.595315,-0.0552277,-0.00142765,-0.0200576,-0.838516,1.53658,4.54403,-0.0561283,0.000633273,0.069497,0.611123,0.625747,1
5220,244.468,0.0862101,-0.000444707,-0.000512582,0.595857,-0.0552297,-0.00143085,-0.0170797,-0.455715,2.20182,4.11236,-0.056423,-0.000338913,0.0691152,0.611123,0.625747,1
5230,254.17,0.0815055,-0.000480957,-0.000195035,0.596337,-0.055232,-0.00143266,-0.0140992,-0.15622,2.93433,3.53475,-0.0568333,-0.00108054,0.0673899,0.611123,0.625747,1
5240,254.678,0.0763854,-0.000487741,0.000238684,0.596739,-0.0552345,-0.00143261,-0.0111164,0.0478925,4.07055,2.89789,-0.0573304,-0.00110525,0.0652395,0.611123,0.625747,1
5250,258.386,0.072245,-0.00046845,0.000844034,0.597061,-0.0552369,-0.00142999,-0.00813189,0.258544,5.66612,2.25298,-0.057422,-0.000661818,0.064076,0.611123,0.625747,1
5260,263.453,0.0691537,-0.000425439,0.00166249,0.597307,-0.0552391,-0.00142382,-0.00514594,0.407024,7.37801,1.68811,-0.056859,-0.000140782,0.0639769,0.611123,0.625747,1
5270,264.288,0.0663558,-0.000369511,0.00266022,0.597491,-0.0552411,-0.00141307,-0.00215892,0.416636,8.58575,1.23459,-0.0562346,0.000276459,0.064168,0.611123,0.625747,1
5280,257.504,0.0630959,-0.000330562,0.00381197,0.59761,-0.0552428,-0.00139696,0.000828859,0.180691,9.81099,0.650332,-0.0558761,0.000326614,0.063898,0.61096,0.625746,1
5290,265.801,0.0595829,-0.000330908,0.00511256,0.597648,-0.0552445,-0.00137471,0.00381704,-0.211918,10.9676,-0.0702723,-0.0556715,-0.000191127,0.0633866,0.610526,0.625744,1
5300,254.817,0.0560575,-0.000391301,0.00656018,0.597592,-0.0552463,-0.00134559,0.00680518,-0.794978,12.1307,-0.784971,-0.0554694,-0.00125528,0.0628622,0.60985,0.625741,1
5310,221.614,0.0528005,-0.000540486,0.00811256,0.597467,-0.0552485,-0.00130892,0.00979285,-1.60439,12.4924,-1.15149,-0.0554905,-0.00241999,0.0625811,0.609216,0.625743,1
5320,218.286,0.0495221,-0.000784092,0.00965989,0.597313,-0.0552518,-0.00126448,0.0127798,-2.21303,12.2005,-1.29231,-0.0555264,-0.00311137,0.0622667,0.608881,0.625737,1
5330,206.489,0.0463693,-0.00107247,0.0111815,0.597142,-0.0552565,-0.00121238,0.015766,-2.31309,12.2624,-1.46566,-0.0552781,-0.00292626,0.0621035,0.608714,0.625728,1
5340,191.548,0.0430757,-0.00134934,0.0127624,0.596943,-0.0552625,-0.00115256,0.0187512,-2.09763,13.0113,-1.68995,-0.0548865,-0.00209647,0.0618149,0.608714,0.625728,1
5350,183.005,0.0393065,-0.00159983,0.0144059,0.596728,-0.0552699,-0.00108464,0.0217354,-1.90853,13.0523,-1.72853,-0.0547995,-0.0012957,0.0610385,0.608671,0.625737,1
5360,195.344,0.0349739,-0.00182378,0.0159806,0.596514,-0.0552785,-0.00100861,0.0247185,-1.65147,11.9468,-1.68927,-0.0545863,-0.00109595,0.0596854,0.608297,0.625812,1
5370,206.685,0.0311053,-0.0020083,0.0173863,0.596297,-0.0552881,-0.000925126,0.0277005,-1.2753,10.6395,-1.83429,-0.0538842,-0.00123232,0.0587726,0.607868,0.625904,1
5380,200.779,0.0280615,-0.00214071,0.0186816,0.596048,-0.0552985,-0.000834928,0.0306814,-0.851737,10.0708,-2.11881,-0.0529662,-0.00112815,0.0586442,0.607868,0.625904,1
5390,218.837,0.0252035,-0.00222454,0.0198809,0.595772,-0.0553094,-0.000738464,0.0336609,-0.487102,8.9963,-2.27915,-0.0523181,-0.00060951,0.058686,0.607868,0.625904,1
5400,227.342,0.0215005,-0.00225934,0.0209136,0.595483,-0.0553206,-0.000636394,0.0366391,-0.053229,7.44329,-2.32935,-0.0519174,-0.00020983,0.0578642,0.607868,0.625904,1
5410,239.079,0.0170318,-0.00223386,0.0217459,0.595182,-0.0553319,-0.000529664,0.0396157,0.48645,5.90883,-2.5181,-0.0518004,-0.000569908,0.0562774,0.607868,0.625904,1
5420,242.51,0.0126356,-0.00212839,0.0224101,0.594846,-0.0553428,-0.000419215,0.0425908,1.23471,4.80234,-2.87955,-0.0520127,-0.00180839,0.0547003,0.607868,0.625904,1
5430,239.848,0.00942555,-0.00192165,0.0229789,0.594461,-0.055353,-0.000305721,0.0455641,2.03882,4.39371,-3.25382,-0.0524913,-0.00314365,0.0540846,0.607868,0.625904,1
5440,227.813,0.00695572,-0.00163809,0.0235137,0.594036,-0.0553619,-0.000189473,0.0485354,2.36669,4.07098,-3.51471,-0.0531861,-0.00358565,0.0542023,0.607868,0.625904,1
5450,232.334,0.00425548,-0.00136614,0.0239787,0.593585,-0.0553694,-7.07019e-005,0.0515044,1.86513,3.33396,-3.6717,-0.0541742,-0.00294472,0.0544062,0.607868,0.625904,1
5460,240.762,0.00214381,-0.00118407,0.0243537,0.593116,-0.0553757,5.01623e-005,0.0544712,1.03515,2.70885,-3.85231,-0.0551212,-0.00207581,0.0543645,0.607868,0.625904,1
5470,232.211,0.00357631,-0.00110448,0.024668,0.592615,-0.0553814,0.000172736,0.0574355,0.250783,2.33579,-4.18393,-0.0555708,-0.00171411,0.0544034,0.607868,0.625904,1
5480,228.243,0.00630734,-0.00112503,0.0249437,0.592064,-0.0553869,0.000296778,0.0603973,-0.623664,2.10846,-4.6239,-0.0556063,-0.00173544,0.0544303,0.607868,0.625904,1
5490,221.271,0.00929675,-0.00128072,0.0252095,0.591461,-0.0553929,0.000422156,0.0633561,-2.0013,2.19678,-4.99039,-0.0556993,-0.00171863,0.0543144,0.607868,0.625904,1
5500,218.711,0.0126695,-0.00165023,0.0255013,0.590821,-0.0554001,0.000548919,0.0663118,-3.83342,2.45349,-5.19911,-0.0560683,-0.00169697,0.0538608,0.607677,0.625963,1
5510,224.878,0.0164707,-0.00221004,0.0258303,0.590164,-0.0554097,0.000677225,0.0692643,-5.07304,2.89126,-5.31021,-0.0567054,-0.00186979,0.0530433,0.607809,0.625993,1
5520,244.666,0.0203845,-0.00289875,0.0262329,0.589487,-0.0554224,0.000807351,0.0722134,-5.69445,3.46684,-5.50363,-0.057569,-0.00225759,0.0521753,0.608344,0.626043,1
5530,261.149,0.023794,-0.00359067,0.0266861,0.588784,-0.0554387,0.000939631,0.0751591,-5.33271,3.79629,-5.76034,-0.0583945,-0.00248215,0.0517987,0.60932,0.62609,1
5540,272,0.0266352,-0.00417519,0.0271546,0.588042,-0.0554582,0.00107425,0.0781012,-3.57289,3.45332,-6.09744,-0.0587452,-0.00220281,0.0518735,0.610363,0.626183,1
5550,269.148,0.0294586,-0.00444363,0.0275252,0.587253,-0.0554799,0.001211,0.0810395,-0.725422,2.44208,-6.53776,-0.0583097,-0.00159348,0.0518515,0.611193,0.62631,1
5560,261.141,0.0326882,-0.00435897,0.0277535,0.586408,-0.055502,0.00134927,0.0839736,1.86254,1.25593,-6.91416,-0.0573452,-0.00115217,0.0514334,0.611922,0.626462,1
5570,266.92,0.0361594,-0.00406215,0.0278755,0.585528,-0.0555231,0.00148836,0.0869035,2.63303,0.817796,-7.15356,-0.0562892,-0.000842979,0.0508275,0.612671,0.62666,1
5580,255.67,0.0393314,-0.00375151,0.0279935,0.584616,-0.0555426,0.00162801,0.0898289,2.19916,1.22874,-7.40861,-0.0554012,-8.16013e-005,0.0505349,0.613187,0.626839,1
5590,255.411,0.0420196,-0.00351216,0.0282119,0.583674,-0.0555608,0.00176847,0.0927496,1.6755,2.32507,-7.65195,-0.0546415,0.00122415,0.0507436,0.613716,0.627051,1
5600,258.119,0.044318,-0.00333106,0.0285854,0.582703,-0.0555779,0.00191039,0.0956655,1.18997,3.65423,-7.85906,-0.0540713,0.00208988,0.0513735,0.614418,0.627369,1
5610,265.311,0.0463609,-0.00321389,0.0291123,0.581706,-0.0555942,0.00205458,0.0985766,0.705293,4.64623,-8.07505,-0.0537357,0.00156697,0.0522555,0.61486,0.627605,1
5620,266.217,0.0481052,-0.00314858,0.0297117,0.580684,-0.0556101,0.00220163,0.101483,0.347018,4.77323,-8.24921,-0.0539345,0.00023129,0.0534469,0.615131,0.627784,1
5630,272.621,0.0498157,-0.00313028,0.0302764,0.579641,-0.0556258,0.00235163,0.104383,-0.0715058,4.19452,-8.40117,-0.0548461,-0.000290543,0.0546439,0.615502,0.62806,1
5640,295.534,0.0518575,-0.00316886,0.0307545,0.578582,-0.0556415,0.00250425,0.107279,-0.534366,3.47575,-8.52654,-0.0563102,0.000609928,0.0554604,0.615575,0.62809,1
5650,284.446,0.0542653,-0.00325922,0.0311689,0.57751,-0.0556575,0.00265907,0.110169,-0.899098,3.18867,-8.5718,-0.0575914,0.00183106,0.0559447,0.615674,0.628122,1
5660,274.334,0.0565368,-0.00338607,0.0315299,0.576437,-0.0556741,0.00281586,0.113054,-1.06463,2.37167,-8.59883,-0.0582511,0.00218453,0.0565795,0.616145,0.628255,1
5670,275,0.0586757,-0.00351251,0.0316954,0.575353,-0.0556914,0.00297405,0.115934,-0.915766,0.0344406,-8.7253,-0.0583353,0.00165073,0.0573323,0.617053,0.628512,1
5680,277.939,0.0607527,-0.0036037,0.0314932,0.574252,-0.0557092,0.0031322,0.118808,-0.508933,-3.25234,-8.86163,-0.0581153,0.00108153,0.0581372,0.61766,0.628689,1
5690,281.708,0.0628483,-0.00364125,0.0310101,0.573136,-0.0557273,0.00328849,0.121676,-0.118145,-3.85157,-8.97049,-0.0574729,0.000963901,0.058895,0.617886,0.628769,1
5700,266.47,0.0646388,-0.00363653,0.0305724,0.572006,-0.0557455,0.00344241,0.124539,0.192789,-3.18537,-9.08929,-0.0566919,0.00102247,0.0599523,0.617908,0.628778,1
5710,258.577,0.0660799,-0.00357918,0.0301853,0.570868,-0.0557636,0.0035943,0.127396,0.664458,-3.14457,-9.12096,-0.056189,0.000685937,0.0613816,0.617908,0.628778,1
5720,262.328,0.0675159,-0.00347641,0.0297094,0.569723,-0.0557813,0.00374413,0.130248,0.939698,-4.83904,-9.14423,-0.0561509,-9.496e-005,0.0628419,0.617908,0.628778,1
5730,270.491,0.0697213,-0.00335813,0.028946,0.56859,-0.0557983,0.00389089,0.133093,0.899019,-7.1946,-8.94275,-0.05622,-0.00089683,0.0635379,0.617908,0.628778,1
5740,260.71,0.0723619,-0.00325776,0.0279258,0.56748,-0.0558149,0.00403316,0.135933,0.709311,-8.82178,-8.85261,-0.0564386,-0.00120661,0.0637643,0.617908,0.628778,1
5750,244.697,0.0748617,-0.00317611,0.0269049,0.566354,-0.055831,0.00417015,0.138768,0.610508,-7.22292,-9.16322,-0.0569063,-0.00116874,0.0641047,0.617908,0.628778,1
5760,219.57,0.0770661,-0.0031025,0.0260736,0.565189,-0.0558466,0.00430254,0.141597,0.575185,-6.16178,-9.43678,-0.0574014,-0.00102009,0.0647306,0.617908,0.628778,1
5770,193.058,0.0797268,-0.00303531,0.025362,0.563993,-0.055862,0.00443108,0.14442,0.384954,-5.36962,-9.63222,-0.0574097,-0.000590253,0.0648665,0.618056,0.628931,1
5780,199.973,0.0829128,-0.00299956,0.0246902,0.562776,-0.0558771,0.00455622,0.147237,0.160074,-5.44281,-9.78867,-0.0570305,0.00045263,0.0644337,0.618136,0.629032,1
5790,193.451,0.0862856,-0.00299935,0.0240188,0.561546,-0.055892,0.00467798,0.150048,-0.167907,-5.31623,-9.86639,-0.0564625,0.00164196,0.0638174,0.618153,0.629057,1
5800,190.216,0.089324,-0.00304011,0.0233191,0.56031,-0.0559071,0.00479636,0.152852,-0.448431,-5.81189,-9.8923,-0.055724,0.00217941,0.0635668,0.618153,0.629057,1
5810,196.037,0.0923626,-0.00310148,0.0226227,0.559056,-0.0559225,0.00491118,0.155651,-0.517145,-5.30233,-10.1728,-0.0548387,0.00183354,0.0633458,0.618153,0.629057,1
5820,194.578,0.0958303,-0.00316635,0.021981,0.557762,-0.0559381,0.00502267,0.158443,-0.482196,-4.76724,-10.5498,-0.0542694,0.0012983,0.0626994,0.618153,0.629057,1
5830,201.045,0.0998724,-0.00321631,0.0214653,0.556406,-0.0559541,0.00513122,0.161228,-0.339565,-3.59844,-11.0977,-0.0541448,0.00100768,0.0614575,0.618153,0.629057,1
5840,222.238,0.10373,-0.00325859,0.021037,0.554992,-0.0559703,0.00523746,0.164007,-0.334005,-3.28702,-11.4668,-0.0542081,0.000907738,0.0603823,0.618153,0.629057,1
5850,233.521,0.107529,-0.00330087,0.0206478,0.553537,-0.0559867,0.00534165,0.166778,-0.410549,-2.98025,-11.7968,-0.0543163,0.000632753,0.0593654,0.618158,0.629084,1
5860,213.186,0.111724,-0.00333078,0.0202766,0.552055,-0.0560033,0.00544396,0.169542,-0.0323934,-2.89359,-11.9177,-0.054705,0.000288794,0.0579449,0.618158,0.629084,1
5870,217.959,0.116389,-0.00332114,0.0199516,0.550537,-0.0560199,0.0055445,0.172299,0.162695,-2.38049,-12.3095,-0.0551781,0.000119024,0.0560389,0.618158,0.629084,1
5880,236.704,0.120697,-0.0032946,0.0196697,0.548978,-0.0560365,0.00564354,0.175047,0.265092,-2.05204,-12.6244,-0.0554458,0.000155923,0.0544772,0.618164,0.629149,1
5890,232.203,0.124345,-0.00325722,0.0194332,0.547376,-0.0560529,0.00574129,0.177788,0.305985,-1.87691,-12.934,-0.0556165,0.00012113,0.0535714,0.618161,0.629255,1
5900,227.204,0.127679,-0.00321949,0.0191739,0.54575,-0.0560691,0.00583782,0.180521,0.315562,-2.21741,-13.0588,-0.0560202,5.79935e-005,0.0529732,0.618137,0.629262,1
5910,228.728,0.131192,-0.00317738,0.0188969,0.544104,-0.056085,0.005933,0.183246,0.34215,-2.20809,-13.2374,-0.0568596,0.000289452,0.0521777,0.618137,0.629262,1
5920,246.423,0.134945,-0.00313319,0.018638,0.542429,-0.0561008,0.00602681,0.185962,0.3768,-1.78536,-13.598,-0.057949,0.00100453,0.0511231,0.618113,0.629257,1
5930,270.523,0.138768,-0.00308581,0.0184494,0.540697,-0.0561164,0.00611951,0.18867,0.361029,-1.34561,-14.0285,-0.0588198,0.00176622,0.0499965,0.617875,0.629243,1
5940,288.764,0.142518,-0.00304264,0.0182852,0.538924,-0.0561317,0.00621134,0.191369,0.329839,-1.28054,-14.3051,-0.0587683,0.0019216,0.0489402,0.617811,0.62926,1
5950,274.24,0.146213,-0.00300815,0.0181233,0.53712,-0.0561468,0.00630237,0.194059,0.201204,-1.344,-14.508,-0.0577774,0.00124827,0.0479423,0.617811,0.62926,1
5960,260.892,0.149753,-0.0030084,0.0179578,0.5353,-0.0561618,0.00639257,0.19674,-0.0836125,-1.33526,-14.6283,-0.056659,0.000307544,0.0471119,0.617811,0.62926,1
5970,257.803,0.152876,-0.00302912,0.0177904,0.533459,-0.0561769,0.00648194,0.199412,-0.248501,-1.34747,-14.7574,-0.0562796,-0.000155233,0.0466802,0.617811,0.62926,1
5980,237.475,0.155804,-0.0030671,0.0176266,0.531606,-0.0561922,0.00657048,0.202075,-0.346304,-1.22863,-14.8598,-0.0563473,-4.55613e-005,0.0464111,0.617508,0.629333,1
5990,233.227,0.158842,-0.00312711,0.0174775,0.529737,-0.0562076,0.00665824,0.204728,-0.572592,-1.15036,-14.978,-0.0563521,0.000143424,0.0460202,0.617181,0.629464,1
6000,226.9,0.161846,-0.00320145,0.0173458,0.527861,-0.0562235,0.00674528,0.207372,-0.60343,-0.826285,-14.9775,-0.0561199,-1.79251e-005,0.0456678,0.61676,0.629676,1
6010,215.862,0.16456,-0.00327625,0.017258,0.525981,-0.0562396,0.00683178,0.210007,-0.582088,-0.569854,-15.0488,-0.0559106,-0.00052558,0.0456115,0.61629,0.629898,1
6020,199.745,0.167095,-0.00335883,0.0172081,0.524098,-0.0562562,0.00691792,0.212632,-0.671002,-0.248245,-15.0981,-0.0555196,-0.00104243,0.0457284,0.615755,0.630172,1
6030,195.26,0.169725,-0.00343942,0.0171904,0.522203,-0.0562732,0.00700391,0.215248,-0.617242,-0.0641416,-15.1549,-0.0550044,-0.0010811,0.0457199,0.615187,0.630497,1
6040,186.488,0.172466,-0.00351172,0.0171943,0.520304,-0.0562906,0.00708986,0.217854,-0.521089,0.170555,-15.2002,-0.0546473,-0.000571889,0.0455661,0.614855,0.630712,1
6050,191.178,0.175079,-0.00356689,0.0172328,0.518401,-0.0563083,0.00717591,0.220451,-0.352445,0.417619,-15.1958,-0.0547838,-0.000190381,0.0455339,0.61483,0.630715,1
6060,208.133,0.177647,-0.00359813,0.0172982,0.516498,-0.0563262,0.00726223,0.223038,-0.15162,0.628815,-15.2134,-0.055001,-0.0007062,0.0455752,0.61483,0.630715,1
6070,230.584,0.180207,-0.00359312,0.0173951,0.514603,-0.0563442,0.00734896,0.225616,0.219097,0.805081,-15.0443,-0.0551852,-0.00166241,0.0456376,0.61483,0.630715,1
6080,241.989,0.182732,-0.00356243,0.0175009,0.512719,-0.0563621,0.00743619,0.228184,0.255904,0.87451,-15.0714,-0.0555063,-0.00200786,0.0456979,0.614805,0.630719,1
6090,250.291,0.184863,-0.0035331,0.017607,0.510834,-0.0563799,0.00752397,0.230743,0.214659,0.80668,-15.0417,-0.056248,-0.00157312,0.0461041,0.61449,0.630785,1
6100,270.834,0.186874,-0.00350979,0.0177249,0.50896,-0.0563975,0.00761229,0.233292,0.173365,1.00236,-14.9556,-0.0569975,-0.000991894,0.0466176,0.614374,0.630818,1
6110,291.927,0.189194,-0.00347216,0.0178513,0.50709,-0.0564149,0.00770122,0.235833,0.38785,1.03249,-14.8711,-0.0575819,-0.000320952,0.0468126,0.614247,0.630863,1
6120,305.459,0.19185,-0.003419,0.0179718,0.505228,-0.0564322,0.00779079,0.238363,0.341927,0.8746,-14.8,-0.0578044,0.000678293,0.0466496,0.614247,0.630863,1
6130,324.419,0.194083,-0.00336978,0.0180984,0.503391,-0.0564491,0.00788096,0.240885,0.346667,1.11774,-14.589,-0.0577165,0.00161751,0.0469072,0.614232,0.630874,1
6140,317.106,0.195579,-0.00333236,0.0182383,0.501565,-0.0564659,0.00797179,0.243397,0.277601,1.24764,-14.6257,-0.0572739,0.00169636,0.0479204,0.614232,0.630874,1
6150,301.781,0.196657,-0.00330623,0.0184151,0.499744,-0.0564825,0.0080634,0.245901,0.169105,1.52833,-14.4902,-0.0569465,0.000886946,0.0493745,0.614232,0.630874,1
6160,287.616,0.198032,-0.00328304,0.0186278,0.497947,-0.0564989,0.008156,0.248395,0.14773,1.73299,-14.2821,-0.0569159,-8.74243e-005,0.0505344,0.614232,0.630874,1
6170,246.182,0.199697,-0.00326544,0.0188444,0.496176,-0.0565153,0.00824968,0.25088,0.122259,1.73584,-14.0259,-0.0569767,-0.000501166,0.0513755,0.6142,0.630966,1
6180,216.389,0.201398,-0.00326249,0.0190623,0.49443,-0.0565316,0.00834445,0.253357,-0.133601,1.70683,-13.8454,-0.0567158,-0.000463521,0.0521514,0.614126,0.631197,1
6190,209.56,0.202897,-0.003289,0.019284,0.492702,-0.056548,0.00844031,0.255824,-0.265674,1.84529,-13.7701,-0.0561161,-0.0008002,0.0531384,0.614103,0.631334,1
6200,218.433,0.204436,-0.00332724,0.019538,0.490994,-0.0565645,0.00853735,0.258284,-0.329684,2.16022,-13.5464,-0.0551931,-0.00205928,0.0541274,0.6141,0.631344,1
6210,223.701,0.205958,-0.00337077,0.0198224,0.489313,-0.0565813,0.00863574,0.260734,-0.353483,2.37563,-13.2968,-0.0540908,-0.00349372,0.0551485,0.6141,0.631344,1
6220,212.513,0.207244,-0.00341391,0.0201304,0.487666,-0.0565982,0.00873561,0.263177,-0.256774,2.62694,-13.1059,-0.0532007,-0.00361972,0.0563293,0.614081,0.631377,1
6230,228.572,0.208122,-0.00345829,0.0204723,0.48603,-0.0566154,0.00883711,0.265611,-0.336774,2.79801,-12.9835,-0.0530096,-0.00201551,0.0578033,0.613893,0.63169,1
6240,237.328,0.208943,-0.00348579,0.0208244,0.484417,-0.0566328,0.00894035,0.268037,-0.0932207,2.81901,-12.7917,-0.053311,-6.91644e-005,0.0593146,0.613814,0.631849,1
6250,245.944,0.209899,-0.00348966,0.0211808,0.482822,-0.0566502,0.00904536,0.270455,0.0372811,2.87905,-12.7037,-0.0535255,0.000686093,0.0607455,0.613658,0.632184,1
6260,253.989,0.211079,-0.00347814,0.0215475,0.48124,-0.0566677,0.00915218,0.272865,0.135665,2.99576,-12.548,-0.053615,5.55479e-005,0.0620046,0.61351,0.632478,1
6270,246.069,0.212502,-0.00345513,0.0219323,0.479685,-0.056685,0.00926087,0.275268,0.240122,3.14768,-12.2962,-0.053803,-0.00107715,0.0630368,0.613484,0.632523,1
6280,228.555,0.214351,-0.00341874,0.0223333,0.478163,-0.0567022,0.00937153,0.277662,0.334989,3.24864,-12.0274,-0.0540226,-0.00185369,0.0636219,0.613484,0.632523,1
6290,204.381,0.21645,-0.00336863,0.0227394,0.476674,-0.0567192,0.00948421,0.280049,0.53696,3.1534,-11.7229,-0.0542326,-0.00191239,0.0639136,0.613484,0.632523,1
6300,189.807,0.218512,-0.00329811,0.0231284,0.475215,-0.0567358,0.00959889,0.282429,0.56889,3.05695,-11.5904,-0.0548097,-0.00144807,0.0642046,0.613334,0.632732,1
6310,178.768,0.220541,-0.00322975,0.0235051,0.473771,-0.0567521,0.00971548,0.284801,0.511542,2.96756,-11.5005,-0.0556251,-0.0010673,0.0645268,0.613144,0.633015,1
6320,187.844,0.222883,-0.00317545,0.0238747,0.472336,-0.0567682,0.00983393,0.287167,0.339506,2.95952,-11.4105,-0.0562726,-0.0011757,0.0645565,0.6129,0.633366,1
6330,189.873,0.225659,-0.00314182,0.0242492,0.470915,-0.0567839,0.00995423,0.289525,0.222974,3.02384,-11.3079,-0.0566052,-0.00147753,0.0641552,0.612696,0.633638,1
6340,190.705,0.228443,-0.00311707,0.0246295,0.469505,-0.0567996,0.0100764,0.291876,0.176465,3.03905,-11.2279,-0.0568303,-0.00154942,0.063729,0.612696,0.633638,1
6350,188.234,0.230697,-0.00309408,0.0250056,0.468102,-0.0568151,0.0102005,0.29422,0.2006,2.95429,-11.1967,-0.0567234,-0.00149161,0.063819,0.612696,0.633638,1
6360,206.631,0.232689,-0.00306992,0.0253679,0.466699,-0.0568305,0.0103265,0.296557,0.167519,2.84143,-11.238,-0.0563325,-0.00135873,0.0641621,0.612696,0.633638,1
6370,220.362,0.235398,-0.00305266,0.0257173,0.465288,-0.0568458,0.0104542,0.298887,0.108232,2.7381,-11.3089,-0.0558936,-0.000848432,0.0637619,0.612696,0.633638,1
6380,220.641,0.23934,-0.00304617,0.0260538,0.463871,-0.0568611,0.0105836,0.30121,-0.0124691,2.64591,-11.315,-0.0556885,-0.000289781,0.0621202,0.612696,0.633638,1
6390,232.814,0.244017,-0.00305849,0.0263756,0.462464,-0.0568763,0.0107147,0.303526,-0.183931,2.49151,-11.1477,-0.0556662,-0.000772338,0.0597821,0.6125,0.633746,1
6400,254.154,0.248364,-0.00308433,0.0266767,0.461082,-0.0568917,0.0108473,0.305834,-0.231667,2.33298,-10.9504,-0.0560818,-0.00237296,0.0578241,0.612208,0.633889,1
6410,277.81,0.251914,-0.00311552,0.0269631,0.459715,-0.0569072,0.0109814,0.308136,-0.262127,2.22669,-10.9003,-0.0568872,-0.00372353,0.0566523,0.612208,0.633889,1
6420,292.405,0.255189,-0.00315251,0.0272288,0.458354,-0.0569228,0.0111169,0.310432,-0.343886,1.95487,-10.806,-0.0578112,-0.0036151,0.05567,0.612208,0.633889,1
6430,295.567,0.259164,-0.00319437,0.0274627,0.457001,-0.0569387,0.0112537,0.31272,-0.313292,1.77508,-10.8184,-0.0583188,-0.00239713,0.053919,0.612208,0.633889,1
6440,282.336,0.263774,-0.00323065,0.0276733,0.45565,-0.0569548,0.0113915,0.315002,-0.261778,1.59399,-10.7537,-0.0583733,-0.00123143,0.051534,0.612089,0.633918,1
6450,268.452,0.268242,-0.00325794,0.0278631,0.45431,-0.056971,0.0115304,0.317277,-0.177778,1.45237,-10.645,-0.057884,-0.000881242,0.0493229,0.611775,0.634013,1
6460,266.383,0.271846,-0.00327839,0.0280406,0.452986,-0.0569873,0.0116701,0.319545,-0.15524,1.38549,-10.5258,-0.0570275,-0.00111492,0.0479994,0.611775,0.634013,1
6470,265.224,0.274807,-0.00329688,0.0282061,0.451673,-0.0570038,0.0118108,0.321806,-0.147491,1.24062,-10.4484,-0.0558949,-0.00131072,0.0473156,0.611775,0.634013,1
6480,252.829,0.277695,-0.00331759,0.0283477,0.450371,-0.0570203,0.0119522,0.324062,-0.18053,1.00543,-10.3528,-0.0549283,-0.000996104,0.0466765,0.611775,0.634013,1
6490,237.242,0.281107,-0.00333987,0.0284536,0.449082,-0.057037,0.0120942,0.32631,-0.173527,0.684188,-10.2357,-0.0543538,-0.000490607,0.045498,0.611585,0.634185,1
6500,228.03,0.284812,-0.00336145,0.0285219,0.447811,-0.0570537,0.0122366,0.328552,-0.166504,0.419408,-10.084,-0.0543529,-0.00010728,0.0440206,0.611297,0.634468,1
6510,220.082,0.288075,-0.00338027,0.0285619,0.446557,-0.0570706,0.0123793,0.330788,-0.139008,0.240907,-9.96254,-0.0545897,0.000372918,0.0429744,0.611183,0.634567,1
6520,229.498,0.290223,-0.00339842,0.0285874,0.445317,-0.0570875,0.0125222,0.333018,-0.153633,0.175893,-9.85772,-0.0548098,0.00125926,0.0430227,0.611183,0.634567,1
6530,224.206,0.291809,-0.00341922,0.0286068,0.444086,-0.0571046,0.0126652,0.335241,-0.186647,0.141497,-9.80291,-0.0546848,0.00191518,0.0436402,0.611183,0.634567,1
6540,227.623,0.293563,-0.00344588,0.0286244,0.442864,-0.0571217,0.0128083,0.337459,-0.228105,0.137039,-9.72534,-0.0543715,0.00172689,0.0441179,0.611067,0.634623,1
6550,237.504,0.295815,-0.00347312,0.0286394,0.441654,-0.057139,0.0129515,0.33967,-0.203822,0.0998316,-9.58864,-0.0541423,0.0011296,0.0441071,0.610751,0.634766,1
6560,247.394,0.298312,-0.0034963,0.0286488,0.440467,-0.0571564,0.0130947,0.341875,-0.158245,0.0435707,-9.36755,-0.0542636,0.00110971,0.0438179,0.610374,0.634855,1
6570,253.406,0.300858,-0.00351201,0.0286491,0.43931,-0.057174,0.0132379,0.344075,-0.10269,-0.0312964,-9.11838,-0.0545343,0.00126866,0.043467,0.610154,0.634848,1
6580,263.056,0.303102,-0.0035243,0.0286443,0.438184,-0.0571916,0.0133812,0.346269,-0.0926466,-0.0366736,-8.89526,-0.0547687,0.000443222,0.0434523,0.610154,0.634848,1
6590,254.781,0.304919,-0.00353483,0.0286413,0.437082,-0.0572092,0.0135244,0.348457,-0.0787362,-0.00624213,-8.7199,-0.0547766,-0.00142371,0.0439145,0.610154,0.634848,1
6600,247.891,0.306247,-0.00354313,0.028642,0.436001,-0.0572269,0.0136676,0.350639,-0.0415581,0.00273034,-8.54942,-0.0548745,-0.00298601,0.0448547,0.610154,0.634848,1
6610,229,0.307429,-0.00354362,0.0286379,0.434943,-0.0572446,0.0138108,0.352817,0.0286903,-0.0805898,-8.34851,-0.0554353,-0.00315253,0.0458611,0.610154,0.634848,1
6620,218.599,0.308876,-0.00353713,0.0286182,0.433912,-0.0572623,0.0139539,0.354989,0.0751962,-0.250439,-8.12429,-0.0563308,-0.00212228,0.0465334,0.610154,0.634848,1
6630,214.468,0.310816,-0.00352611,0.0285743,0.432907,-0.05728,0.0140969,0.357156,0.0890865,-0.441123,-7.93578,-0.0568887,-0.000926315,0.0467034,0.61013,0.634855,1
6640,210.053,0.312716,-0.0035159,0.0285108,0.431923,-0.0572976,0.0142396,0.359318,0.0798635,-0.562212,-7.80085,-0.0568956,-0.000458595,0.0469481,0.609993,0.635052,1
6650,211.895,0.314074,-0.00350564,0.0284368,0.430952,-0.0573151,0.014382,0.361475,0.0798057,-0.60626,-7.71954,-0.0566642,-0.000619606,0.0477599,0.609964,0.635235,1
6660,208.967,0.314823,-0.00349518,0.0283603,0.429989,-0.0573326,0.014524,0.363628,0.0960014,-0.62194,-7.68532,-0.0564057,-0.000403549,0.0491597,0.609988,0.635435,1
6670,213.94,0.315325,-0.00348205,0.0282805,0.429028,-0.0573501,0.0146656,0.365775,0.103094,-0.650893,-7.6634,-0.0558985,0.000594439,0.0507674,0.610033,0.635556,1
6680,212.585,0.316105,-0.00347019,0.0281966,0.428071,-0.0573675,0.0148068,0.367918,0.088602,-0.697048,-7.63063,-0.0549158,0.00166693,0.0520955,0.610033,0.635556,1
6690,213.886,0.317589,-0.00346156,0.0281055,0.427119,-0.0573848,0.0149476,0.370056,0.0383495,-0.755545,-7.56837,-0.0537523,0.00186821,0.052757,0.610033,0.635556,1
6700,216.693,0.31959,-0.00346053,0.0280078,0.426178,-0.0574021,0.0150879,0.372189,-0.0145871,-0.804797,-7.4685,-0.0529238,0.00111695,0.0529357,0.610033,0.635556,1
6710,223.893,0.321372,-0.00346499,0.0279052,0.425252,-0.0574194,0.0152276,0.374318,-0.0584347,-0.829934,-7.32599,-0.0528388,0.000149463,0.0533326,0.61023,0.635507,1
6720,232.188,0.322581,-0.00347383,0.0278,0.424344,-0.0574368,0.0153669,0.376442,-0.0769677,-0.852677,-7.1849,-0.05326,-0.000372408,0.0542716,0.610368,0.635328,1
6730,227.241,0.32349,-0.00348523,0.0276922,0.423453,-0.0574541,0.0155056,0.378561,-0.11313,-0.86809,-7.04498,-0.0537527,-0.000387442,0.0554832,0.610454,0.635264,1
6740,246.625,0.324929,-0.0035024,0.0275834,0.422581,-0.0574716,0.0156438,0.380676,-0.158636,-0.864835,-6.89191,-0.0542774,-0.000169345,0.0561479,0.610494,0.635255,1
6750,247.682,0.327082,-0.00352516,0.0274773,0.421729,-0.0574892,0.0157815,0.382787,-0.205118,-0.826758,-6.71677,-0.0551177,0.000151234,0.0560875,0.610526,0.635265,1
6760,240.17,0.329304,-0.00355221,0.0273764,0.420898,-0.0575069,0.0159186,0.384893,-0.220672,-0.784314,-6.57331,-0.0558623,0.000313895,0.0559636,0.610526,0.635265,1
6770,229.921,0.330623,-0.00357999,0.0272821,0.420082,-0.0575247,0.0160552,0.386996,-0.222027,-0.719362,-6.47269,-0.056024,0.000258548,0.0567539,0.610526,0.635265,1
6780,201.9,0.331338,-0.00360679,0.0271965,0.419275,-0.0575427,0.0161914,0.389094,-0.203809,-0.648605,-6.42994,-0.055709,3.8149e-005,0.0581552,0.610555,0.6353,1
6790,186.625,0.332236,-0.00363122,0.0271199,0.418471,-0.0575608,0.0163272,0.391189,-0.185169,-0.576664,-6.40738,-0.0556769,-0.000466243,0.0593824,0.610543,0.635242,1
6800,178.442,0.333771,-0.00365194,0.0270506,0.417672,-0.057579,0.0164626,0.393279,-0.143496,-0.538177,-6.35952,-0.0561855,-0.00142081,0.0599902,0.610543,0.635242,1
6810,191.212,0.335618,-0.00368102,0.0269761,0.416893,-0.0575973,0.0165977,0.395365,-0.211991,-0.597139,-6.1654,-0.057056,-0.00196585,0.0602617,0.610564,0.635161,1
6820,186.653,0.337421,-0.00370355,0.0269006,0.416128,-0.0576158,0.0167324,0.397448,-0.15086,-0.607066,-6.05953,-0.0577371,-0.00150547,0.0605202,0.610675,0.634687,1
6830,174.124,0.338678,-0.00372083,0.0268265,0.415375,-0.0576343,0.0168667,0.399527,-0.131169,-0.566297,-5.96891,-0.0580422,-0.000768716,0.0613083,0.610771,0.634232,1
6840,193.532,0.33957,-0.00373695,0.0267611,0.414632,-0.057653,0.0170007,0.401602,-0.130217,-0.470155,-5.91422,-0.0578999,-0.000747303,0.0624963,0.610825,0.63395,1
6850,218.918,0.340507,-0.00375444,0.0267103,0.413895,-0.0576717,0.0171344,0.403673,-0.147553,-0.341129,-5.8674,-0.0575841,-0.000921986,0.063645,0.610879,0.63366,1
6860,232.558,0.342061,-0.00377234,0.0266745,0.413164,-0.0576905,0.0172678,0.405741,-0.134449,-0.234377,-5.79919,-0.0570462,-0.000570192,0.0641454,0.610899,0.63348,1
6870,263.096,0.344168,-0.0037881,0.0266512,0.412445,-0.0577094,0.0174011,0.407805,-0.116896,-0.141419,-5.69014,-0.056476,0.000215883,0.0640687,0.610899,0.63348,1
6880,270.221,0.34666,-0.00380153,0.0266374,0.411739,-0.0577284,0.0175343,0.409865,-0.101506,-0.0831937,-5.58904,-0.0558716,0.000666587,0.0636208,0.61089,0.633297,1
6890,286.477,0.349108,-0.00381484,0.0266303,0.411045,-0.0577474,0.0176675,0.411922,-0.113138,-0.0323455,-5.50139,-0.0551327,0.000270074,0.063258,0.610886,0.63297,1
6900,296.555,0.35192,-0.00382977,0.0266291,0.410362,-0.0577666,0.0178007,0.413976,-0.125628,0.015317,-5.42177,-0.0541847,-0.00106732,0.0625805,0.610892,0.632528,1
6910,275.963,0.355395,-0.0038429,0.0266413,0.40969,-0.0577857,0.0179338,0.416026,-0.104569,0.158173,-5.29254,-0.0536198,-0.00241366,0.0612381,0.61091,0.632263,1
6920,265.901,0.359539,-0.00384195,0.0266571,0.409043,-0.057805,0.0180671,0.418073,0.0354837,0.140464,-5.10778,-0.0538009,-0.00303176,0.0591757,0.61091,0.632263,1
6930,252.479,0.363353,-0.00384953,0.0266902,0.408454,-0.0578242,0.0182004,0.420116,-0.0320272,0.332896,-4.46672,-0.054393,-0.00308743,0.0574032,0.61091,0.632263,1
6940,245.61,0.366642,-0.0038692,0.0267485,0.407894,-0.0578435,0.018334,0.422157,-0.173658,0.5315,-4.42138,-0.0547263,-0.00306102,0.0561527,0.61091,0.632263,1
6950,246.358,0.369415,-0.003891,0.0268179,0.407341,-0.0578629,0.0184679,0.424195,-0.174298,0.578531,-4.42452,-0.0549498,-0.00248401,0.0553859,0.610945,0.63216,1
6960,252.763,0.372145,-0.00391278,0.0268935,0.406787,-0.0578824,0.0186022,0.426231,-0.175502,0.633092,-4.42039,-0.0552926,-0.00102597,0.0546127,0.610945,0.63216,1
6970,249.427,0.374998,-0.00393495,0.026977,0.406236,-0.057902,0.0187369,0.428263,-0.175685,0.699595,-4.3784,-0.0554117,0.000565101,0.0537135,0.610945,0.63216,1
6980,253.273,0.378258,-0.00395489,0.0270693,0.405694,-0.0579217,0.018872,0.430293,-0.0966333,0.830505,-4.19234,-0.0549663,0.00107983,0.0524648,0.611017,0.632048,1
6990,258.018,0.381654,-0.00396265,0.0271859,0.405186,-0.0579415,0.0190076,0.43232,-0.0477111,0.953395,-4.01631,-0.054497,0.000641266,0.0511235,0.611119,0.631865,1
7000,255.134,0.384942,-0.0039674,0.0273041,0.404686,-0.0579614,0.0191438,0.434345,-0.0297485,0.93117,-3.96593,-0.0544064,0.000135641,0.0498892,0.611154,0.631793,1
7010,268.573,0.387868,-0.00395658,0.0274262,0.404204,-0.0579812,0.0192807,0.436367,0.0994651,0.957639,-3.81807,-0.0543833,-0.000267828,0.0490083,0.611154,0.631793,1
7020,264.954,0.390564,-0.00394317,0.0275435,0.40373,-0.0580009,0.0194181,0.438387,0.113445,0.922866,-3.75362,-0.0542127,-0.00111355,0.0483808,0.611154,0.631793,1
7030,241.927,0.393515,-0.00392835,0.0276585,0.403265,-0.0580206,0.0195561,0.440404,0.123013,0.917966,-3.68804,-0.0541978,-0.00231173,0.0475158,0.611154,0.631793,1
7040,214.054,0.397098,-0.00391304,0.027774,0.402807,-0.0580402,0.0196947,0.44242,0.117482,0.930833,-3.62447,-0.0545909,-0.00323902,0.045999,0.611154,0.631793,1
7050,198.086,0.400665,-0.00389959,0.0278918,0.402357,-0.0580597,0.0198338,0.444432,0.0962905,0.949562,-3.56801,-0.0553592,-0.00339368,0.0444505,0.611154,0.631793,1
7060,200.826,0.403269,-0.00388905,0.0280117,0.401913,-0.0580792,0.0199736,0.446443,0.0734045,0.968156,-3.52959,-0.0563472,-0.00253551,0.0438065,0.611154,0.631793,1
7070,197.161,0.404715,-0.00388044,0.028134,0.401473,-0.0580986,0.020114,0.448452,0.0670007,0.98295,-3.4972,-0.0571123,-0.00105107,0.0442913,0.611154,0.631793,1
7080,202.691,0.405916,-0.00387205,0.0282575,0.401038,-0.058118,0.0202549,0.450458,0.0664783,0.991394,-3.4583,-0.0572743,2.77497e-005,0.045047,0.611154,0.631793,1
7090,208.181,0.407711,-0.00386401,0.0283823,0.400608,-0.0581373,0.0203965,0.452462,0.0602275,1.0015,-3.40723,-0.056836,0.0001183,0.0452579,0.611154,0.631793,1
7100,210.027,0.409987,-0.00385767,0.028508,0.400185,-0.0581567,0.0205388,0.454464,0.0393517,1.00912,-3.34533,-0.0563294,-0.00023185,0.0450074,0.611216,0.63172,1
7110,214.027,0.412001,-0.00385424,0.028635,0.39977,-0.0581759,0.0206816,0.456464,0.0155035,1.01785,-3.29289,-0.0559277,-0.000471138,0.0450123,0.611367,0.631559,1
7120,216.478,0.413409,-0.00385369,0.0287628,0.39936,-0.0581952,0.0208251,0.458462,-0.00519772,1.026,-3.25847,-0.0554234,-0.000936447,0.0456347,0.611468,0.631464,1
7130,233.677,0.414545,-0.00385503,0.0288919,0.398954,-0.0582145,0.0209693,0.460457,-0.0153293,1.03475,-3.23836,-0.0547131,-0.0018379,0.046555,0.611602,0.631332,1
7140,230.31,0.415692,-0.00385768,0.0290216,0.39855,-0.0582338,0.021114,0.462451,-0.0282989,1.03819,-3.20859,-0.0542196,-0.00274771,0.0474642,0.611758,0.63119,1
7150,202.594,0.417019,-0.00386239,0.0291605,0.398158,-0.0582531,0.0212595,0.464443,-0.0497863,1.16673,-3.06926,-0.0538831,-0.00346728,0.0481806,0.611951,0.631023,1
7160,184.841,0.418527,-0.00387071,0.0293064,0.397776,-0.0582724,0.0214057,0.466433,-0.0826495,1.1674,-3.03051,-0.053495,-0.00415764,0.0487149,0.612056,0.630943,1
7170,173.041,0.419978,-0.00389523,0.0294469,0.397409,-0.0582918,0.0215525,0.468421,-0.221437,1.11638,-2.91251,-0.0530558,-0.00458511,0.04929,0.61221,0.630835,1
7180,182.189,0.420807,-0.00392333,0.0295869,0.397045,-0.0583113,0.0217001,0.470407,-0.225496,1.12165,-2.89044,-0.053057,-0.00412763,0.0504258,0.612474,0.63066,1
7190,177.305,0.421255,-0.00395127,0.0297271,0.396685,-0.058331,0.0218484,0.472391,-0.220333,1.11386,-2.86576,-0.0536581,-0.00285522,0.0518875,0.612767,0.630457,1
7200,173.699,0.421941,-0.00397854,0.0298649,0.396329,-0.0583508,0.0219974,0.474374,-0.21596,1.08444,-2.81305,-0.0548304,-0.00157881,0.0531068,0.613153,0.630184,1
7210,166.737,0.423459,-0.00400672,0.0299964,0.395984,-0.0583708,0.022147,0.476354,-0.283654,0.966404,-2.61903,-0.0562183,-0.00103077,0.0535357,0.613584,0.62988,1
7220,183.986,0.42542,-0.0040418,0.0301156,0.395659,-0.0583909,0.0222973,0.478334,-0.213832,1.00659,-2.68491,-0.0573575,-0.00132991,0.053571,0.61399,0.629595,1
7230,219.087,0.427416,-0.00406838,0.0302407,0.395325,-0.0584112,0.0224482,0.480311,-0.210266,0.996296,-2.65495,-0.0577945,-0.00244649,0.0536216,0.614403,0.6293,1
7240,228.778,0.428993,-0.00408604,0.0303617,0.395001,-0.0584316,0.0225997,0.482287,-0.0842612,0.942552,-2.54417,-0.0578442,-0.00364041,0.0540974,0.614642,0.62912,1
7250,222.222,0.430356,-0.00409616,0.0304788,0.394684,-0.0584521,0.0227518,0.484261,-0.0772863,0.923345,-2.51418,-0.0578817,-0.00391202,0.0547321,0.614642,0.62912,1
7260,211.255,0.431713,-0.00409735,0.0305955,0.394366,-0.0584726,0.0229045,0.486234,0.0465628,0.931509,-2.55619,-0.0580038,-0.00306854,0.0553033,0.614642,0.62912,1
7270,197.326,0.433382,-0.00409281,0.0307066,0.394076,-0.058493,0.0230578,0.488205,0.0360454,0.856587,-2.24971,-0.0578625,-0.00235216,0.0555684,0.614642,0.62912,1
7280,209.313,0.435093,-0.00409839,0.0307912,0.39383,-0.0585135,0.0232115,0.490175,-0.111147,0.606492,-1.85283,-0.0575235,-0.0024053,0.0558372,0.61468,0.629093,1
7290,227.675,0.436938,-0.00411161,0.0308651,0.3936,-0.058534,0.0233657,0.492143,-0.0994669,0.574418,-1.82241,-0.0570739,-0.00262756,0.0559817,0.614715,0.62907,1
7300,218.061,0.438873,-0.00412734,0.0309245,0.393389,-0.0585546,0.0235202,0.494111,-0.120492,0.454578,-1.6576,-0.056676,-0.00219663,0.055996,0.614715,0.62907,1
7310,203.814,0.440755,-0.00414158,0.030979,0.393185,-0.0585753,0.0236749,0.496077,-0.108095,0.416822,-1.61145,-0.056283,-0.00143607,0.0560444,0.614715,0.62907,1
7320,206.691,0.442088,-0.0041547,0.0310293,0.392986,-0.058596,0.0238299,0.498042,-0.101599,0.387698,-1.56664,-0.0559329,-0.000802918,0.0566494,0.614715,0.62907,1
7330,240.861,0.443215,-0.0041668,0.0310764,0.392792,-0.0586168,0.0239852,0.500007,-0.090964,0.367704,-1.53724,-0.0554097,-0.000621731,0.0574867,0.614715,0.62907,1
7340,245.098,0.444604,-0.00417736,0.0311218,0.392601,-0.0586377,0.0241407,0.50197,-0.0770977,0.357399,-1.51581,-0.0546679,-0.000952954,0.0580929,0.614715,0.62907,1
7350,251.296,0.446739,-0.00418604,0.0311656,0.392412,-0.0586586,0.0242964,0.503933,-0.0628283,0.342852,-1.49041,-0.0539446,-0.00173133,0.0579775,0.614715,0.62907,1
7360,246.264,0.449171,-0.00419355,0.0312075,0.392228,-0.0586796,0.0244523,0.505894,-0.0583691,0.325465,-1.45208,-0.0536843,-0.00246561,0.0575589,0.614715,0.62907,1
7370,250.46,0.451316,-0.00420085,0.031247,0.392049,-0.0587005,0.0246085,0.507855,-0.0591388,0.305877,-1.41516,-0.0537695,-0.0030843,0.0574169,0.614715,0.62907,1
7380,259.694,0.452845,-0.00420837,0.0312842,0.391874,-0.0587216,0.0247648,0.509815,-0.0599403,0.289072,-1.38739,-0.0540631,-0.00362267,0.0578843,0.614715,0.62907,1
7390,263.71,0.45426,-0.0042151,0.0313188,0.391701,-0.0587426,0.0249213,0.511774,0.0298414,0.213162,-1.4867,-0.0545985,-0.00373406,0.0584377,0.614755,0.62902,1
7400,255.088,0.455936,-0.00421118,0.031344,0.391516,-0.0587637,0.025078,0.513732,0.0320227,0.188574,-1.45953,-0.0551924,-0.00286927,0.0586675,0.614872,0.628884,1
7410,254.988,0.458081,-0.00420739,0.0313661,0.391336,-0.0587847,0.0252348,0.515689,0.0269606,0.166513,-1.42396,-0.0553313,-0.00159938,0.0584077,0.614872,0.628884,1
7420,261.654,0.460366,-0.00420466,0.0313823,0.391163,-0.0588058,0.0253916,0.517645,0.016462,0.0332335,-1.27806,-0.0550064,-0.000792831,0.0580407,0.614872,0.628884,1
7430,252.275,0.462337,-0.00420289,0.0313863,0.391005,-0.0588268,0.0255486,0.519601,0.0126267,0.0313218,-1.25012,-0.0547496,-0.000416998,0.0580113,0.614872,0.628884,1
7440,255.017,0.463723,-0.00420127,0.0313899,0.39085,-0.0588478,0.0257055,0.521555,0.0142485,0.0241919,-1.2292,-0.0549828,0.00023465,0.0585487,0.614872,0.628884,1
7450,253.737,0.464896,-0.00419925,0.0313918,0.390697,-0.0588688,0.0258625,0.523509,0.0174894,0.00600871,-1.20935,-0.0553835,0.00101405,0.0592912,0.614872,0.628884,1
7460,228.584,0.466579,-0.00419705,0.0313913,0.390547,-0.0588898,0.0260194,0.525462,0.0169827,-0.0145638,-1.18941,-0.0554779,0.00120539,0.0595566,0.614903,0.628846,1
7470,213.037,0.469026,-0.00419577,0.0313882,0.390401,-0.0589108,0.0261764,0.527415,-0.0768075,-0.0728585,-1.03664,-0.0553734,0.000505344,0.059105,0.615003,0.628724,1
7480,210.639,0.47201,-0.0042049,0.031379,0.390273,-0.0589318,0.0263333,0.529366,0.00718862,-0.0270032,-0.887778,-0.0555107,-0.000717356,0.0581447,0.615131,0.62856,1
7490,223.66,0.474717,-0.00420395,0.0313753,0.390163,-0.0589528,0.0264902,0.531318,0.00817889,-0.030565,-0.86476,-0.0559835,-0.00195575,0.0574633,0.615367,0.62825,1
7500,225.532,0.476825,-0.00420273,0.0313714,0.390056,-0.0589738,0.026647,0.533268,0.0119617,-0.0324932,-0.846537,-0.0563929,-0.00262182,0.0573496,0.615493,0.62808,1
7510,223.38,0.478566,-0.00420358,0.0313656,0.389948,-0.0589948,0.0268039,0.535218,-0.0680833,-0.0865348,-0.956372,-0.0564031,-0.00237528,0.0575493,0.615534,0.628016,1
7520,228.775,0.480842,-0.00420364,0.0313504,0.389843,-0.0590158,0.0269607,0.537168,0.00748047,-0.12971,-0.814427,-0.0560801,-0.00167873,0.0571884,0.615534,0.628016,1
7530,238.522,0.483733,-0.00420336,0.0313338,0.389742,-0.0590369,0.0271174,0.539116,-0.00312791,-0.135719,-0.797146,-0.0558292,-0.00114097,0.0562204,0.615539,0.628014,1
7540,259.352,0.486957,-0.00420419,0.0313164,0.389643,-0.0590579,0.027274,0.541065,-0.00874482,-0.142124,-0.778946,-0.0556983,-0.000665703,0.0549221,0.615555,0.628015,1
7550,259.158,0.489764,-0.00420535,0.0312983,0.389547,-0.0590789,0.0274305,0.543013,-0.00956859,-0.146512,-0.755621,-0.055428,-1.3452e-005,0.054032,0.615555,0.628015,1
7560,246.203,0.492211,-0.00420812,0.0312808,0.389456,-0.0590999,0.027587,0.54496,-0.0929663,-0.0975653,-0.612371,-0.0548942,0.00038111,0.0535196,0.615555,0.628015,1
7570,255.949,0.494426,-0.00421973,0.0312677,0.389381,-0.059121,0.0277434,0.546908,-0.0937856,-0.184845,-0.462533,-0.0545785,0.000186012,0.0532713,0.615657,0.628218,1
7580,236.806,0.497043,-0.00423136,0.0312443,0.389323,-0.0591421,0.0278996,0.548854,-0.0914933,-0.189568,-0.462736,-0.0547653,-0.000195031,0.0526252,0.61583,0.628569,1
7590,202.847,0.499888,-0.00424266,0.0312202,0.389265,-0.0591633,0.0280558,0.550801,-0.0893846,-0.195033,-0.455946,-0.0552869,-0.000240239,0.0517291,0.616056,0.628848,1
7600,195.116,0.502903,-0.00425367,0.0311955,0.389209,-0.0591846,0.0282118,0.552747,-0.0864992,-0.198922,-0.449209,-0.0558855,-0.000180653,0.050657,0.616056,0.628848,1
7610,175.814,0.505748,-0.00426448,0.0311707,0.389153,-0.0592059,0.0283678,0.554693,-0.0867473,-0.196902,-0.439037,-0.0567505,-0.00025535,0.0497617,0.616056,0.628848,1
7620,168.955,0.508613,-0.00427542,0.0311463,0.389098,-0.0592272,0.0285236,0.556638,-0.0881329,-0.19148,-0.435363,-0.0575174,-0.000366499,0.0488498,0.616175,0.628853,1
7630,151.619,0.511144,-0.0042866,0.0311228,0.389044,-0.0592486,0.0286792,0.558584,-0.090461,-0.18408,-0.43045,-0.0576213,-0.000244124,0.0482618,0.616546,0.62881,1
7640,148.528,0.513613,-0.00429787,0.0311002,0.388991,-0.0592701,0.0288348,0.560529,-0.0888374,-0.178108,-0.424413,-0.057067,8.62259e-005,0.0477254,0.616733,0.628858,1
7650,156.264,0.516143,-0.00430641,0.0310902,0.388956,-0.0592916,0.0289903,0.562474,-0.00621141,-0.0257701,-0.159778,-0.0565482,0.000579356,0.0471207,0.616898,0.628947,1
7660,159.631,0.518855,-0.00430705,0.0310869,0.388936,-0.0593131,0.0291457,0.564418,-0.00399727,-0.0272189,-0.154446,-0.0562183,0.000772105,0.0463496,0.616989,0.629022,1
7670,167.594,0.521303,-0.00430751,0.0310835,0.388917,-0.0593347,0.0293011,0.566363,-0.00363163,-0.0272755,-0.148789,-0.0559529,0.000427383,0.0458717,0.61708,0.629127,1
7680,176.36,0.523447,-0.00430794,0.0310801,0.388898,-0.0593562,0.0294565,0.568308,-0.00339351,-0.0270268,-0.148147,-0.0556414,-0.000162809,0.0457123,0.617151,0.629273,1
7690,176.762,0.524984,-0.00430841,0.0310768,0.38888,-0.0593777,0.0296119,0.570252,-0.00370501,-0.0250349,-0.144676,-0.0557611,-0.000219064,0.0461291,0.617193,0.6294,1
7700,198.912,0.526361,-0.00430877,0.0310737,0.388862,-0.0593993,0.0297673,0.572196,-0.00210881,-0.0242564,-0.142347,-0.0563715,1.80141e-006,0.0466865,0.617253,0.629638,1
7710,208.487,0.527903,-0.00430901,0.0310709,0.388845,-0.0594208,0.0299227,0.574141,-0.00185253,-0.0215299,-0.135924,-0.0573368,1.3094e-005,0.0470902,0.617283,0.629783,1
7720,200.068,0.52992,-0.00430924,0.0310683,0.388828,-0.0594424,0.030078,0.576085,-0.00211594,-0.0196793,-0.133785,-0.0581347,-0.000261369,0.0470357,0.617309,0.629836,1
7730,195.186,0.531797,-0.00430958,0.031066,0.388811,-0.0594639,0.0302333,0.578029,-0.00292352,-0.0174398,-0.132192,-0.0585335,-0.00027114,0.0471085,0.617309,0.629836,1
7740,207.416,0.533317,-0.00430987,0.0310639,0.388795,-0.0594855,0.0303887,0.579973,-0.00172043,-0.0159562,-0.132665,-0.0582809,-0.000210723,0.0475362,0.617309,0.629836,1
7750,218.715,0.534486,-0.00431001,0.031062,0.388778,-0.059507,0.030544,0.581917,-0.000239681,-0.0142898,-0.130374,-0.0577391,-0.000472802,0.0483343,0.617309,0.629836,1
7760,223.756,0.535841,-0.00430988,0.0310602,0.388762,-0.0595286,0.0306993,0.583861,0.00204047,-0.0137624,-0.128131,-0.0568781,-0.00141787,0.0489902,0.617361,0.629983,1
7770,229.095,0.537478,-0.00430961,0.0310585,0.388746,-0.0595501,0.0308546,0.585805,0.00218911,-0.0137668,-0.125736,-0.0559122,-0.00261274,0.0493821,0.617423,0.630245,1
7780,224.542,0.538962,-0.00430932,0.0310568,0.388731,-0.0595717,0.0310099,0.587748,0.00232488,-0.0143472,-0.123544,-0.0550714,-0.00335977,0.0499021,0.617426,0.630319,1
7790,214.199,0.540026,-0.00430907,0.031055,0.388715,-0.0595932,0.0311652,0.589692,0.00192189,-0.0137461,-0.121765,-0.0546,-0.00308425,0.0507758,0.617423,0.63034,1
7800,205.232,0.541057,-0.00430876,0.0310534,0.3887,-0.0596147,0.0313204,0.591635,0.0029045,-0.0120181,-0.119428,-0.0541254,-0.00233494,0.051654,0.617388,0.630437,1
7810,197.913,0.54255,-0.00430835,0.031052,0.388685,-0.0596363,0.0314757,0.593579,0.00389594,-0.00958656,-0.117374,-0.0537262,-0.00185395,0.0520861,0.617291,0.630565,1
7820,198.197,0.54435,-0.00430779,0.0310509,0.388671,-0.0596578,0.0316309,0.595522,0.00460628,-0.00788418,-0.114248,-0.0537612,-0.00185619,0.0522355,0.617284,0.630588,1
7830,216.298,0.546267,-0.00430726,0.03105,0.388657,-0.0596794,0.0317862,0.597466,0.00406495,-0.00753803,-0.112468,-0.0543339,-0.00161086,0.0522467,0.617273,0.630692,1
7840,230.04,0.548005,-0.00430677,0.031049,0.388643,-0.0597009,0.0319414,0.599409,0.00357541,-0.00767302,-0.109368,-0.0548193,-0.00076737,0.0524031,0.617279,0.63072,1
7850,249.99,0.549673,-0.00430634,0.0310481,0.388629,-0.0597224,0.0320967,0.601352,0.00360467,-0.00746071,-0.108036,-0.0547925,0.000143999,0.0526305,0.617306,0.63087,1
7860,272.651,0.551162,-0.00430583,0.0310472,0.388616,-0.059744,0.0322519,0.603295,0.00427153,-0.00630974,-0.106066,-0.0544125,0.000384292,0.0530812,0.617359,0.631244,1
7870,284.026,0.552633,-0.00430528,0.0310465,0.388602,-0.0597655,0.0324072,0.605238,0.00481336,-0.00506034,-0.106244,-0.0542502,1.90774e-005,0.0535828,0.61741,0.631694,1
7880,289.723,0.55402,-0.00430467,0.031046,0.388589,-0.059787,0.0325624,0.607181,0.00444948,-0.0036649,-0.104569,-0.0545393,-0.000534,0.054175,0.617433,0.631986,1
7890,291.526,0.555795,-0.00430418,0.0310456,0.388576,-0.0598085,0.0327176,0.609124,0.00358028,-0.00247618,-0.104907,-0.0551572,-0.00105078,0.0543756,0.617439,0.632188,1
7900,260.056,0.557678,-0.00430378,0.0310453,0.388563,-0.0598301,0.0328728,0.611067,0.00259032,-0.00114692,-0.102511,-0.0558963,-0.00152228,0.0544649,0.617433,0.632312,1
7910,230.499,0.559437,-0.00430351,0.0310453,0.38855,-0.0598516,0.0330281,0.61301,0.00205946,-0.000413761,-0.101637,-0.0566641,-0.00203835,0.0546824,0.617433,0.632312,1
7920,216.44,0.56067,-0.00430331,0.0310453,0.388538,-0.0598731,0.0331833,0.614952,0.000739056,0.000437683,-0.099102,-0.0574014,-0.00264123,0.0554335,0.617433,0.632312,1
7930,219.678,0.561958,-0.00430331,0.0310454,0.388525,-0.0598946,0.0333385,0.616895,-0.000505084,0.00133749,-0.0996038,-0.05803,-0.00301147,0.0561171,0.617433,0.632312,1
7940,221.063,0.56336,-0.00430343,0.0310456,0.388513,-0.0599161,0.0334938,0.618838,-0.00149334,0.00272833,-0.0977485,-0.0584425,-0.0026997,0.0566438,0.617433,0.632312,1
7950,216.923,0.564997,-0.00430364,0.031046,0.388501,-0.0599376,0.033649,0.62078,-0.0016487,0.00389521,-0.097434,-0.0582823,-0.00189058,0.0569042,0.617364,0.63256,1
7960,241.165,0.566396,-0.00430383,0.0310466,0.388489,-0.0599592,0.0338042,0.622723,-0.00140471,0.00523245,-0.0949341,-0.0575711,-0.00124059,0.0574171,0.617299,0.632757,1
7970,258.686,0.567962,-0.00430396,0.0310473,0.388477,-0.0599807,0.0339594,0.624665,-0.000497479,0.00598883,-0.094834,-0.0566567,-0.00118259,0.0578008,0.617241,0.632902,1
7980,270.787,0.569762,-0.00430416,0.0310482,0.388466,-0.0600022,0.0341147,0.626607,-0.00543193,0.00985905,-0.0831263,-0.0559017,-0.00143727,0.0579709,0.617159,0.633081,1
7990,266.188,0.572122,-0.00430484,0.0310494,0.388455,-0.0600237,0.0342699,0.62855,-0.00534774,0.00973563,-0.0828008,-0.0552602,-0.00158179,0.057572,0.616983,0.633446,1
