step,T,r,sn_vel[0],sn_vel[1],sn_vel[2],sn_crd[0],sn_crd[1],sn_crd[2],sn_f[0],sn_f[1],sn_f[2],target_crd[0],target_crd[1],target_crd[2],boundary[0],boundary[1],boundary[2]
3510,371.995,0.497669,1.37354e-005,3.09033e-005,-0.200069,-0.0548728,-0.0018669,0.556191,0.101878,0.233015,-0.524853,-0.0554775,-0.00183676,0.0585219,0.614282,0.635186,1
3520,353.569,0.495452,2.60857e-005,5.99196e-005,-0.200135,-0.0548727,-0.00186667,0.55519,0.0956414,0.230043,-0.521416,-0.0557072,-0.00180507,0.0597392,0.614282,0.635186,1
3530,343.394,0.493821,3.78398e-005,8.83368e-005,-0.2002,-0.0548725,-0.0018663,0.554189,0.0922282,0.224874,-0.515298,-0.0551987,-0.00127937,0.0603687,0.61427,0.635309,1
3540,329.656,0.493076,4.89934e-005,0.000115874,-0.200265,-0.0548723,-0.00186579,0.553188,0.0853554,0.135582,-0.647322,-0.0545547,-7.50686e-006,0.0601161,0.614212,0.635481,1
3550,332.42,0.492575,5.56751e-005,0.000130311,-0.20034,-0.054872,-0.00186517,0.552186,-0.00292042,0.0832109,-0.521332,-0.0544487,0.00125095,0.0596211,0.61412,0.635649,1
3560,340.852,0.491776,5.51093e-005,0.000140085,-0.200406,-0.0548717,-0.0018645,0.551185,-0.00585213,0.0715527,-0.528561,-0.0547918,0.00203801,0.0594243,0.614049,0.635842,1
3570,306.743,0.490939,5.43787e-005,0.000148,-0.200472,-0.0548715,-0.00186377,0.550182,-0.0056023,0.0555325,-0.535255,-0.0549732,0.00237517,0.0592621,0.614013,0.636005,1
3580,295.946,0.490416,5.37232e-005,0.000154112,-0.20054,-0.0548712,-0.00186302,0.54918,-0.0043581,0.0416152,-0.545919,-0.055035,0.00270021,0.0587856,0.613979,0.636276,1
3590,289.546,0.489989,5.34076e-005,0.000158409,-0.200609,-0.0548709,-0.00186224,0.548177,-0.00095353,0.028039,-0.560091,-0.0551301,0.00324146,0.0582145,0.613883,0.636853,1
3600,294.713,0.489266,5.33405e-005,0.000161182,-0.20068,-0.0548707,-0.00186144,0.547174,-0.00026189,0.0151326,-0.574341,-0.0554357,0.00388695,0.0579418,0.613776,0.637346,1
3610,310.159,0.488371,5.33453e-005,0.000162048,-0.200753,-0.0548704,-0.00186063,0.54617,4.36865e-005,-0.000806911,-0.589777,-0.0561819,0.00382261,0.0578338,0.613703,0.637562,1
3620,326.155,0.487584,5.33303e-005,0.000150928,-0.200837,-0.0548701,-0.00185984,0.545166,-0.000345017,-0.140841,-0.709692,-0.0572808,0.00261838,0.0576086,0.613668,0.637633,1
3630,350.712,0.487136,5.32594e-005,0.000132328,-0.200926,-0.0548699,-0.00185913,0.544162,-0.000960024,-0.155133,-0.719058,-0.058009,0.00129791,0.0570461,0.613668,0.637633,1
3640,376.177,0.486673,5.30269e-005,0.000112225,-0.201016,-0.0548696,-0.00185851,0.543157,-0.00278012,-0.16638,-0.721309,-0.0581285,0.00123019,0.0565049,0.613668,0.637633,1
3650,365.155,0.486095,5.25801e-005,9.07812e-005,-0.201107,-0.0548693,-0.00185801,0.542152,-0.00447894,-0.175061,-0.721306,-0.0580344,0.00198823,0.0560821,0.613668,0.637633,1
3660,370.825,0.485434,5.45888e-005,7.75399e-005,-0.201192,-0.0548691,-0.00185759,0.541146,0.0798238,-0.0963407,-0.74888,-0.058114,0.00218899,0.0557401,0.613668,0.637633,1
3670,359.947,0.484735,6.47038e-005,6.49649e-005,-0.201287,-0.0548688,-0.00185724,0.54014,0.0815211,-0.103779,-0.757085,-0.0582362,0.00160093,0.0554284,0.613668,0.637633,1
3680,335.749,0.483668,7.49271e-005,5.15956e-005,-0.201382,-0.0548684,-0.00185694,0.539133,0.0818725,-0.11039,-0.760295,-0.0582823,0.000697336,0.0554837,0.613456,0.637827,1
3690,321.253,0.482218,8.53276e-005,3.95354e-005,-0.201479,-0.054868,-0.00185672,0.538126,0.0855245,0.00311274,-0.874357,-0.0581526,-0.000366054,0.0559211,0.613246,0.637979,1
3700,292.427,0.480558,9.39035e-005,3.76855e-005,-0.201593,-0.0548676,-0.00185652,0.537118,0.0100099,-0.057591,-1.01453,-0.0578057,-0.001526,0.0565688,0.613182,0.638043,1
3710,273.932,0.478991,9.55899e-005,2.86783e-005,-0.201721,-0.0548671,-0.00185636,0.53611,0.0169146,-0.0867568,-1.03103,-0.0572756,-0.00237117,0.0571254,0.613044,0.638167,1
3720,238.081,0.477527,9.79717e-005,1.52001e-005,-0.20185,-0.0548666,-0.00185624,0.535101,0.0156555,-0.236322,-0.929032,-0.0569055,-0.00301305,0.0575799,0.612929,0.638252,1
3730,221.997,0.476016,0.000100078,-1.56178e-005,-0.201967,-0.0548661,-0.00185624,0.534091,0.0177383,-0.254381,-0.935249,-0.0568022,-0.00362922,0.0580825,0.612929,0.638252,1
3740,235.212,0.47423,0.000102347,-4.82336e-005,-0.202084,-0.0548656,-0.0018564,0.533081,0.0190284,-0.266716,-0.939014,-0.0566469,-0.00371782,0.0588589,0.612929,0.638252,1
3750,282.073,0.472167,0.000105046,-8.23533e-005,-0.202202,-0.0548651,-0.00185673,0.532071,0.0242511,-0.278094,-0.950142,-0.0562671,-0.00248037,0.059906,0.612779,0.638362,1
3760,293.197,0.470057,0.000108362,-0.00011788,-0.202322,-0.0548645,-0.00185723,0.531059,0.0289409,-0.290038,-0.964796,-0.0560317,-0.000661209,0.0610052,0.612213,0.638763,1
3770,287.422,0.468192,0.000112254,-0.000156501,-0.202441,-0.054864,-0.00185791,0.530047,0.0307033,-0.387296,-0.843953,-0.0557987,0.000636799,0.0618633,0.611744,0.639108,1
3780,276.893,0.466729,0.000115809,-0.000205406,-0.202547,-0.0548634,-0.00185881,0.529035,0.0250573,-0.394887,-0.84987,-0.0549019,0.00116027,0.0623154,0.61149,0.639308,1
3790,257.065,0.465837,0.000118383,-0.000255429,-0.202654,-0.0548628,-0.00185997,0.528022,0.0154104,-0.404707,-0.857773,-0.0536429,0.00147563,0.0621985,0.611403,0.639371,1
3800,276.751,0.465159,0.000119758,-0.000306974,-0.202762,-0.0548622,-0.00186137,0.527008,0.00848899,-0.41985,-0.871404,-0.05311,0.00130958,0.0618638,0.611132,0.639554,1
3810,295.769,0.464352,0.000120899,-0.000360377,-0.202873,-0.0548616,-0.00186304,0.525994,0.00995182,-0.432212,-0.893826,-0.0535482,0.000875839,0.0616527,0.610985,0.639647,1
3820,294.071,0.463366,0.000122324,-0.000415092,-0.202986,-0.054861,-0.00186498,0.52498,0.0139661,-0.441954,-0.914524,-0.0540464,0.000666321,0.0616208,0.610985,0.639647,1
3830,293.84,0.462552,0.000124551,-0.00047067,-0.203102,-0.0548604,-0.00186719,0.523964,0.0211664,-0.44442,-0.931421,-0.0544529,0.000877821,0.0614212,0.610985,0.639647,1
3840,289.849,0.461936,0.000127565,-0.000526132,-0.203219,-0.0548598,-0.00186968,0.522949,0.0272139,-0.441354,-0.938325,-0.0551868,0.000823805,0.0610207,0.610985,0.639647,1
3850,264.958,0.461558,0.000131055,-0.00058095,-0.203336,-0.0548591,-0.00187245,0.521932,0.0258575,-0.434131,-0.941375,-0.0561997,0.000864438,0.0603839,0.610985,0.639647,1
3860,268.687,0.461232,0.000133571,-0.000634925,-0.203454,-0.0548585,-0.00187549,0.520915,0.0139367,-0.428729,-0.94435,-0.0568359,0.00130191,0.0596988,0.610985,0.639647,1
3870,253.683,0.460553,0.000141801,-0.000683407,-0.203585,-0.0548578,-0.00187879,0.519898,0.0788596,-0.368995,-1.08085,-0.0569425,0.00185939,0.0593641,0.610985,0.639647,1
3880,255.617,0.459498,0.000151028,-0.00072869,-0.20372,-0.0548571,-0.00188232,0.518879,0.0701126,-0.35412,-1.07837,-0.0566417,0.00179558,0.0593992,0.610985,0.639647,1
3890,258.832,0.458595,0.00015955,-0.000771936,-0.203855,-0.0548563,-0.00188607,0.517861,0.0662524,-0.337471,-1.0738,-0.0562306,0.00172228,0.0592815,0.610985,0.639647,1
3900,249.304,0.457948,0.000167806,-0.000810602,-0.203993,-0.0548555,-0.00189004,0.516841,0.0659226,-0.234425,-1.20269,-0.0558635,0.00195602,0.0589104,0.610985,0.639647,1
3910,255.343,0.457136,0.00017639,-0.000843628,-0.204138,-0.0548546,-0.00189417,0.515821,0.0710941,-0.322054,-1.07445,-0.0556236,0.00208715,0.0587026,0.610985,0.639647,1
3920,264.01,0.455885,0.000184777,-0.000880301,-0.204278,-0.0548537,-0.00189848,0.5148,-0.00978666,-0.170347,-1.34125,-0.055189,0.0018091,0.0589294,0.610547,0.639733,1
3930,285.4,0.454218,0.000182778,-0.000900772,-0.204447,-0.0548528,-0.00190294,0.513778,-0.0240994,-0.156256,-1.36024,-0.0543712,0.00175671,0.0595748,0.60993,0.63983,1
3940,305.081,0.452807,0.000178566,-0.000919444,-0.204619,-0.0548519,-0.00190749,0.512755,-0.0430008,-0.142362,-1.38663,-0.0535958,0.00181953,0.0599653,0.609653,0.63984,1
3950,326.139,0.452053,0.000172138,-0.00093649,-0.204794,-0.054851,-0.00191213,0.511732,-0.0585257,-0.130511,-1.40375,-0.0533762,0.00177701,0.0596959,0.609653,0.63984,1
3960,326.638,0.452015,0.000164413,-0.000952106,-0.20497,-0.0548502,-0.00191685,0.510707,-0.0631499,-0.118079,-1.40783,-0.0535424,0.00196311,0.0587102,0.609653,0.63984,1
3970,318.281,0.451996,0.000156527,-0.000965748,-0.205146,-0.0548494,-0.00192165,0.509682,-0.0625618,-0.0990068,-1.40016,-0.0537895,0.00267039,0.0577107,0.609653,0.63984,1
3980,308.426,0.451593,0.000148794,-0.000976633,-0.20532,-0.0548486,-0.0019265,0.508656,-0.0616007,-0.0736817,-1.39368,-0.0540842,0.00302175,0.0570905,0.609653,0.63984,1
3990,312.334,0.450684,0.000140761,-0.000984096,-0.205495,-0.0548479,-0.00193141,0.507629,-0.0678485,-0.0464972,-1.39859,-0.0545411,0.00230225,0.0569645,0.609653,0.63984,1
4000,316.519,0.44952,0.000131722,-0.000988521,-0.205671,-0.0548472,-0.00193634,0.506601,-0.0768415,-0.0248663,-1.41962,-0.0552397,0.000894408,0.0570899,0.609653,0.63984,1
4010,324.857,0.448226,0.000121594,-0.000990611,-0.20585,-0.0548466,-0.00194129,0.505572,-0.0834375,-0.00985351,-1.43571,-0.0563387,-0.000359059,0.0573516,0.609653,0.63984,1
4020,315.896,0.447206,0.00011135,-0.000990935,-0.20603,-0.054846,-0.00194624,0.504542,-0.0790338,0.00607646,-1.44044,-0.057471,-0.0012645,0.0573442,0.609499,0.639716,1
4030,312.45,0.446713,0.000101966,-0.000988788,-0.20621,-0.0548454,-0.00195119,0.503512,-0.0701137,0.0292859,-1.43919,-0.0579734,-0.00174769,0.0568097,0.609204,0.639459,1
4040,322.885,0.446782,9.38692e-005,-0.000983212,-0.206391,-0.054845,-0.00195612,0.50248,-0.0602499,0.0612517,-1.44854,-0.0576432,-0.00166351,0.0557074,0.609017,0.639274,1
4050,322.788,0.446682,8.66637e-005,-0.000973418,-0.206573,-0.0548445,-0.00196102,0.501448,-0.0550141,0.0942984,-1.46602,-0.0573294,-0.00130068,0.0547728,0.609017,0.639274,1
4060,335.95,0.446031,7.99386e-005,-0.00095967,-0.206758,-0.0548441,-0.00196585,0.500414,-0.053954,0.125556,-1.49268,-0.0572898,-0.00110673,0.0543907,0.609017,0.639274,1
4070,335.671,0.444886,7.28889e-005,-0.000942338,-0.206946,-0.0548437,-0.00197061,0.49938,-0.0589968,0.148951,-1.51394,-0.0568543,-0.000816647,0.0545006,0.609017,0.639274,1
4080,350.403,0.443815,6.5069e-005,-0.000922618,-0.207137,-0.0548434,-0.00197527,0.498345,-0.0663811,0.166092,-1.53851,-0.0555936,-0.000148837,0.0545339,0.609017,0.639274,1
4090,346.995,0.442676,4.54588e-005,-0.000894736,-0.207341,-0.0548431,-0.00197982,0.497309,-0.189825,0.245403,-1.66512,-0.0543853,0.000237005,0.0546381,0.608935,0.639144,1
4100,317.312,0.441263,2.13904e-005,-0.000863256,-0.207552,-0.0548429,-0.00198422,0.496271,-0.194104,0.257801,-1.7052,-0.0540132,-0.000218013,0.055013,0.608798,0.638897,1
4110,312.646,0.439246,-2.92895e-006,-0.00083072,-0.207767,-0.0548429,-0.00198845,0.495233,-0.193928,0.260243,-1.72967,-0.0541976,-0.00108968,0.0559884,0.608514,0.638356,1
4120,318.651,0.437188,-1.51999e-005,-0.000790824,-0.207996,-0.0548429,-0.00199251,0.494194,-0.0813344,0.335213,-1.86181,-0.0543856,-0.0016502,0.0570064,0.608344,0.638003,1
4130,312.386,0.435341,-2.55253e-005,-0.00074795,-0.208231,-0.054843,-0.00199636,0.493153,-0.0831721,0.350167,-1.88654,-0.0543998,-0.00199768,0.0578124,0.608224,0.637726,1
4140,300.1,0.433918,-3.59593e-005,-0.000702564,-0.208469,-0.0548432,-0.00199998,0.492111,-0.0828382,0.376908,-1.92196,-0.054156,-0.00226359,0.0581943,0.608036,0.637259,1
4150,276.468,0.432328,-4.56391e-005,-0.00065391,-0.208711,-0.0548434,-0.00200338,0.491069,-0.0691755,0.399011,-1.94547,-0.0536797,-0.00231885,0.0587417,0.607807,0.636665,1
4160,239.758,0.43063,-5.30248e-005,-0.000604895,-0.208958,-0.0548436,-0.00200652,0.490024,-0.0482115,0.295225,-2.07278,-0.0534091,-0.0018702,0.0593965,0.607675,0.636293,1
4170,230.865,0.428784,-5.77727e-005,-0.000567482,-0.209219,-0.0548439,-0.00200945,0.488979,-0.0280465,0.301504,-2.09364,-0.0536112,-0.00125219,0.0601971,0.607675,0.636293,1
4180,234.421,0.426966,-6.50602e-005,-0.000523205,-0.209491,-0.0548442,-0.00201218,0.487932,-0.0818305,0.400399,-2.25164,-0.0540665,-0.000790577,0.0609684,0.607675,0.636293,1
4190,248.598,0.425097,-7.64936e-005,-0.000464698,-0.209784,-0.0548445,-0.00201466,0.486884,-0.0971134,0.525982,-2.41116,-0.0544495,-0.000801612,0.0617893,0.60763,0.636112,1
4200,256.733,0.423782,-7.94465e-005,-0.000401012,-0.210082,-0.0548449,-0.00201682,0.485834,0.0360788,0.497916,-2.36046,-0.0549327,-0.00122505,0.0620528,0.607563,0.635909,1
4210,275.161,0.422979,-7.39737e-005,-0.0003377,-0.210379,-0.0548453,-0.00201867,0.484783,0.0516848,0.510813,-2.37824,-0.0553423,-0.00182037,0.061804,0.607512,0.635744,1
4220,273.028,0.422378,-6.67214e-005,-0.000270512,-0.210678,-0.0548457,-0.0020202,0.483731,0.0662353,0.659099,-2.47016,-0.055595,-0.00205177,0.0613533,0.607419,0.635397,1
4230,257.635,0.421338,-5.1198e-005,-0.000174741,-0.211005,-0.054846,-0.00202133,0.482676,0.18083,0.855289,-2.72827,-0.0559252,-0.0022286,0.0613398,0.607331,0.63502,1
4240,255.236,0.419838,-2.75475e-005,-6.41464e-005,-0.211349,-0.0548462,-0.00202193,0.48162,0.196671,0.916253,-2.77383,-0.0565421,-0.0027493,0.061787,0.607247,0.634638,1
4250,242.12,0.417864,-1.74804e-006,5.46118e-005,-0.211699,-0.0548463,-0.00202195,0.480563,0.215453,0.983101,-2.83124,-0.0566674,-0.0033509,0.0627052,0.607206,0.634401,1
4260,241.989,0.415863,2.51546e-005,0.000182014,-0.212057,-0.0548462,-0.00202136,0.479503,0.107718,0.989913,-2.7998,-0.0558633,-0.00314545,0.0636436,0.607186,0.634226,1
4270,223.152,0.41412,3.96984e-005,0.000307735,-0.21241,-0.054846,-0.00202014,0.478442,0.122989,1.01512,-2.83826,-0.0546745,-0.00234426,0.0643224,0.607162,0.633985,1
4280,223.182,0.412708,5.49903e-005,0.000435865,-0.212768,-0.0548458,-0.00201828,0.477379,0.119089,1.02629,-2.86741,-0.0538801,-0.00156283,0.0646725,0.60713,0.633579,1
4290,229.143,0.411584,6.92345e-005,0.000563059,-0.213127,-0.0548455,-0.00201578,0.476315,0.105822,1.0078,-2.88503,-0.0533506,-0.00115952,0.0647339,0.607101,0.633106,1
4300,240.454,0.410707,8.07437e-005,0.000688876,-0.213491,-0.0548451,-0.00201265,0.475248,0.0784672,0.998568,-2.91651,-0.0526616,-0.00103698,0.0645483,0.607087,0.632798,1
4310,265.696,0.409868,8.93756e-005,0.000811676,-0.213857,-0.0548447,-0.0020089,0.47418,0.0597461,0.965052,-2.94278,-0.0516854,-0.00134697,0.064324,0.607071,0.632586,1
4320,283.087,0.408781,9.57646e-005,0.00093072,-0.214228,-0.0548442,-0.00200454,0.473109,0.045229,0.93063,-2.97851,-0.0507603,-0.00147845,0.0643491,0.607056,0.632482,1
4330,292.261,0.407264,0.000101354,0.00104321,-0.214602,-0.0548437,-0.00199961,0.472037,0.0435942,0.869297,-3.00919,-0.0503597,-0.000835556,0.0648001,0.60704,0.632327,1
4340,300.42,0.405437,0.000106269,0.00114877,-0.214982,-0.0548432,-0.00199412,0.470963,0.0350511,0.812363,-3.05444,-0.0510068,0.000337522,0.0655508,0.607016,0.632043,1
4350,301.422,0.403615,0.000110378,0.00124588,-0.215367,-0.0548427,-0.00198813,0.469888,0.0303454,0.744642,-3.10398,-0.0524824,0.00114935,0.0662914,0.606992,0.631676,1
4360,295.641,0.402026,0.00011394,0.00133598,-0.215759,-0.0548421,-0.00198167,0.46881,0.0287018,0.690312,-3.14869,-0.0540246,0.00150887,0.0668002,0.606968,0.631418,1
4370,301.645,0.400942,0.000117703,0.00141822,-0.216154,-0.0548415,-0.00197479,0.46773,0.0291569,0.629734,-3.17422,-0.0549638,0.00169488,0.0668044,0.606968,0.631418,1
4380,295,0.400387,0.000123961,0.00148622,-0.216547,-0.0548409,-0.00196751,0.466648,0.0449054,0.411122,-3.16583,-0.0555759,0.00179924,0.0662798,0.606968,0.631418,1
4390,294.23,0.400356,0.000128693,0.00153398,-0.216943,-0.0548403,-0.00195996,0.465564,0.0306181,0.357168,-3.16243,-0.0563197,0.00180808,0.0652293,0.606968,0.631418,1
4400,289.929,0.400097,0.000135263,0.00156569,-0.217352,-0.0548396,-0.0019522,0.464479,0.0579479,0.207486,-3.28456,-0.057279,0.00178689,0.064407,0.606968,0.631418,1
4410,310.287,0.399322,0.00014342,0.00158694,-0.217763,-0.0548389,-0.00194432,0.463391,0.0725798,0.134996,-3.29664,-0.0581387,0.00168308,0.0640992,0.606968,0.631418,1
4420,331.046,0.398267,0.000145588,0.00159021,-0.218163,-0.0548382,-0.00193637,0.462301,0.0233321,-0.0153755,-3.19606,-0.058639,0.00103423,0.0640636,0.606968,0.631418,1
4430,335.905,0.397573,0.000149218,0.00158368,-0.218565,-0.0548375,-0.00192843,0.461209,0.0304969,-0.0834851,-3.24102,-0.0583343,-0.000416264,0.0636545,0.606968,0.631418,1
4440,332.167,0.397148,0.000155715,0.00155959,-0.21896,-0.0548367,-0.00192056,0.460116,0.0501668,-0.235157,-3.15194,-0.057348,-0.00199389,0.0629757,0.606968,0.631418,1
4450,322.548,0.396929,0.000161015,0.00152652,-0.219357,-0.0548359,-0.00191285,0.45902,0.0335399,-0.290566,-3.18747,-0.0566514,-0.00275726,0.0620958,0.606968,0.631418,1
4460,320.851,0.396457,0.000157603,0.00147905,-0.219768,-0.0548351,-0.00190532,0.457922,-0.0506022,-0.434265,-3.31451,-0.0569214,-0.00257737,0.0614706,0.606968,0.631418,1
4470,312.05,0.395901,0.000154847,0.00141591,-0.220191,-0.0548344,-0.00189808,0.456822,0.0139118,-0.578808,-3.45124,-0.0573943,-0.00184979,0.0609293,0.606968,0.631418,1
4480,316.177,0.395211,0.00015455,0.00133435,-0.220616,-0.0548336,-0.00189119,0.45572,-0.0213519,-0.734406,-3.32683,-0.0572647,-0.00124466,0.0605169,0.606968,0.631418,1
4490,334.745,0.394568,0.000152526,0.00123887,-0.221034,-0.0548328,-0.00188475,0.454616,0.0927803,-0.839019,-3.44767,-0.0569964,-0.00111319,0.0600545,0.606968,0.631393,1
4500,340.767,0.39356,0.000156763,0.0011278,-0.221472,-0.054832,-0.00187883,0.45351,-0.0389127,-0.94514,-3.56606,-0.0572475,-0.00111611,0.0599573,0.606968,0.631291,1
4510,341.662,0.392328,0.000151005,0.00100614,-0.221922,-0.0548313,-0.00187349,0.452401,-0.0551821,-0.998839,-3.61805,-0.0576325,-0.000343973,0.0600859,0.607802,0.631281,1
4520,332.063,0.390766,0.000142621,0.000877204,-0.222377,-0.0548305,-0.00186878,0.45129,-0.0780196,-1.06558,-3.67037,-0.0574637,0.000895881,0.060543,0.607622,0.631123,1
4530,310.975,0.389116,0.000131715,0.000739339,-0.222841,-0.0548298,-0.00186474,0.450177,-0.0960929,-1.13321,-3.73843,-0.0567683,0.00156735,0.0610811,0.607382,0.630976,1
4540,293.095,0.387486,0.000118833,0.000594169,-0.223312,-0.0548292,-0.0018614,0.449062,-0.107324,-1.18603,-3.77942,-0.0557921,0.0010373,0.0615882,0.607206,0.630787,1
4550,301.913,0.386529,0.0001052,0.000443467,-0.223787,-0.0548286,-0.0018588,0.447944,-0.110801,-1.21492,-3.80803,-0.0546673,5.93732e-005,0.0614205,0.607138,0.630676,1
4560,309.285,0.386146,9.13359e-005,0.000290939,-0.224263,-0.0548282,-0.00185697,0.446824,-0.107669,-1.2225,-3.80248,-0.0535754,-0.000652665,0.0606821,0.607128,0.630653,1
4570,285.313,0.385875,7.8907e-005,0.000137602,-0.224739,-0.0548277,-0.0018559,0.445702,-0.0897142,-1.22719,-3.80153,-0.0527447,-0.000802699,0.0598341,0.607128,0.630653,1
4580,251.059,0.384884,6.92956e-005,-1.71496e-005,-0.225216,-0.0548274,-0.00185559,0.444577,-0.0611811,-1.25053,-3.81505,-0.0520217,-0.000765801,0.0597042,0.607128,0.630653,1
4590,240.415,0.383127,5.95164e-005,-0.000176382,-0.225701,-0.054827,-0.00185607,0.443449,-0.127176,-1.29768,-3.98425,-0.0514709,-0.000524908,0.0603395,0.607128,0.630653,1
4600,224.779,0.381081,4.6741e-005,-0.000341329,-0.226205,-0.0548268,-0.00185737,0.44232,-0.00529148,-1.35519,-4.15,-0.0513862,-0.000180744,0.061258,0.607128,0.630653,1
4610,227.595,0.379562,4.72308e-005,-0.000513647,-0.226728,-0.0548265,-0.0018595,0.441187,0.00931509,-1.39775,-4.20696,-0.0519467,0.000381771,0.0616429,0.607128,0.630653,1
4620,250.078,0.378573,4.87417e-005,-0.000691602,-0.227257,-0.0548263,-0.00186251,0.440052,0.0180861,-1.44697,-4.25696,-0.0527676,0.000839324,0.0614949,0.607128,0.630653,1
4630,241.117,0.377861,5.25296e-005,-0.000875112,-0.227794,-0.054826,-0.00186643,0.438915,0.0429885,-1.48085,-4.3138,-0.0538816,0.00123493,0.0610673,0.606932,0.630745,1
4640,235.14,0.376914,6.00774e-005,-0.00106202,-0.228337,-0.0548258,-0.00187127,0.437774,0.0829914,-1.50668,-4.36093,-0.0552638,0.0013841,0.0608747,0.606953,0.630509,1
4650,235.456,0.375493,7.38508e-005,-0.00125218,-0.228887,-0.0548254,-0.00187705,0.436631,0.133476,-1.53212,-4.42569,-0.0565619,0.00158281,0.061158,0.607407,0.630076,1
4660,239.322,0.373579,9.25567e-005,-0.00144663,-0.229444,-0.054825,-0.0018838,0.435486,0.16473,-1.58072,-4.49213,-0.0570159,0.00190253,0.0619326,0.607922,0.629795,1
4670,237.804,0.371716,0.000114507,-0.0016485,-0.230012,-0.0548245,-0.00189153,0.434337,0.181205,-1.64525,-4.57669,-0.0569351,0.00223795,0.0626502,0.608123,0.629598,1
4680,218.983,0.370335,0.000144732,-0.00185702,-0.230598,-0.0548239,-0.00190029,0.433185,0.296119,-1.68594,-4.775,-0.0569561,0.00176709,0.0628751,0.608287,0.629385,1
4690,208.902,0.369468,0.00018283,-0.0020699,-0.231199,-0.054823,-0.00191011,0.432031,0.30739,-1.70842,-4.82364,-0.0572766,0.000679296,0.06258,0.608513,0.629028,1
4700,207.267,0.368721,0.000221252,-0.00228443,-0.231804,-0.054822,-0.00192099,0.430873,0.307525,-1.72226,-4.83703,-0.0572312,-0.000191031,0.0621639,0.608751,0.628584,1
4710,199.372,0.367719,0.000258966,-0.00250131,-0.23241,-0.0548208,-0.00193296,0.429713,0.289952,-1.74525,-4.85323,-0.0569061,-0.000105497,0.0620039,0.608955,0.62814,1
4720,187.68,0.366399,0.000293928,-0.00272248,-0.23302,-0.0548195,-0.00194601,0.428549,0.271929,-1.79128,-4.89234,-0.0565702,0.000492258,0.0621628,0.609285,0.627489,1
4730,172.68,0.365126,0.00032691,-0.00294878,-0.233635,-0.0548179,-0.00196019,0.427383,0.252619,-1.81896,-4.93651,-0.056519,0.00126993,0.0622753,0.609719,0.626701,1
4740,196.988,0.364186,0.000356569,-0.00317643,-0.234256,-0.0548162,-0.0019755,0.426213,0.1293,-1.79576,-5.08792,-0.0566531,0.00184472,0.0620512,0.610131,0.626017,1
4750,229.619,0.363189,0.000361383,-0.003392,-0.2349,-0.0548144,-0.00199193,0.42504,-0.0208833,-1.6627,-5.17514,-0.0568963,0.00219306,0.061881,0.610406,0.625616,1
4760,253.001,0.361808,0.000356608,-0.0035956,-0.235547,-0.0548126,-0.00200941,0.423864,-0.0551732,-1.59098,-5.16635,-0.0566299,0.00247406,0.0620887,0.610631,0.625334,1
4770,257.318,0.359871,0.000346832,-0.00378979,-0.236194,-0.0548108,-0.00202787,0.422685,-0.101803,-1.51223,-5.16259,-0.0558442,0.00308334,0.0628512,0.61097,0.624942,1
4780,263.86,0.357805,0.000332137,-0.00397447,-0.236842,-0.0548091,-0.00204729,0.421502,-0.130024,-1.43626,-5.20683,-0.0551929,0.00366953,0.0637431,0.611332,0.624549,1
4790,286.591,0.355852,0.000313968,-0.00414805,-0.237497,-0.0548075,-0.0020676,0.420316,-0.160658,-1.3357,-5.25492,-0.0551264,0.00374049,0.0645119,0.611607,0.624286,1
4800,292.818,0.354542,0.000292325,-0.00430912,-0.238158,-0.054806,-0.00208875,0.419127,-0.187834,-1.23784,-5.3116,-0.0548685,0.00312751,0.0646234,0.611762,0.624165,1
4810,310.575,0.353607,0.000267295,-0.00445495,-0.23883,-0.0548046,-0.00211067,0.417935,-0.142066,-0.976906,-5.59123,-0.0540846,0.00213284,0.0643534,0.611962,0.62403,1
4820,310.785,0.35259,0.000260488,-0.00456295,-0.239544,-0.0548033,-0.00213322,0.416739,-0.102395,-0.725009,-5.86236,-0.0532826,0.000886682,0.0641649,0.612223,0.623884,1
4830,293.764,0.350921,0.000241966,-0.00464517,-0.240286,-0.054802,-0.00215625,0.415539,-0.227549,-0.552037,-6.05569,-0.0529244,-0.00047798,0.0646275,0.612315,0.623807,1
4840,283.698,0.348984,0.00020989,-0.00470758,-0.24105,-0.0548009,-0.00217964,0.414336,-0.286848,-0.438999,-6.16575,-0.0528437,-0.00151865,0.0653582,0.612315,0.623807,1
4850,283.624,0.347225,0.000170494,-0.00475518,-0.241828,-0.0547999,-0.0022033,0.413129,-0.334948,-0.328735,-6.25196,-0.0530486,-0.00180533,0.0659083,0.612315,0.623807,1
4860,287.563,0.346148,0.000127526,-0.00479035,-0.242615,-0.0547992,-0.00222717,0.411917,-0.351923,-0.230797,-6.31059,-0.0535257,-0.00138837,0.0657729,0.612315,0.623807,1
4870,293.87,0.345355,8.28977e-005,-0.00481376,-0.243405,-0.0547987,-0.00225119,0.410702,-0.354515,-0.14953,-6.30773,-0.0539015,-0.00062956,0.0653527,0.612504,0.623717,1
4880,289.759,0.344646,3.94643e-005,-0.00482723,-0.244194,-0.0547983,-0.00227529,0.409483,-0.342049,-0.0590409,-6.31203,-0.0540477,-3.87452e-006,0.0648453,0.612864,0.623566,1
4890,272.911,0.343664,-2.15225e-006,-0.0048287,-0.244984,-0.0547983,-0.00229944,0.40826,-0.315484,0.0303058,-6.30515,-0.0546265,-8.66724e-007,0.0646046,0.613507,0.623303,1
4900,272.919,0.342728,-3.91026e-005,-0.00481994,-0.245776,-0.0547984,-0.00232357,0.407034,-0.278551,0.108464,-6.35777,-0.0558798,-0.000464935,0.0643123,0.614243,0.622996,1
4910,285.438,0.341694,-7.12589e-005,-0.00480429,-0.246575,-0.0547986,-0.00234763,0.405803,-0.229495,0.127799,-6.41906,-0.0570647,-0.000657396,0.0641207,0.614827,0.622772,1
4920,316.5,0.340715,-9.71534e-005,-0.00478879,-0.247385,-0.0547991,-0.00237161,0.404568,-0.190912,0.122425,-6.51779,-0.0577641,-0.000195801,0.0638726,0.615032,0.622701,1
4930,314.351,0.339561,-0.000118747,-0.00477371,-0.248205,-0.0547996,-0.00239552,0.403329,-0.149022,0.122351,-6.58299,-0.0583937,-6.63222e-006,0.0637952,0.615032,0.622701,1
4940,316.699,0.338444,-0.000134786,-0.00475411,-0.249035,-0.0548002,-0.00241934,0.402086,-0.11058,0.209598,-6.68188,-0.059019,-0.000698364,0.0636722,0.615032,0.622701,1
4950,326.065,0.336877,-0.00014552,-0.00471961,-0.249877,-0.0548009,-0.00244303,0.400838,-0.056577,0.343684,-6.77829,-0.0589639,-0.00178961,0.0639877,0.615038,0.622699,1
4960,330.37,0.334947,-0.000150002,-0.00466589,-0.250734,-0.0548017,-0.0024665,0.399587,-0.0201631,0.518977,-6.92309,-0.0584298,-0.00230315,0.0646601,0.615059,0.622697,1
4970,322.006,0.332735,-0.000149404,-0.00459221,-0.251608,-0.0548024,-0.00248966,0.398331,0.0358818,0.650473,-7.03301,-0.0581887,-0.00234219,0.0656132,0.615059,0.622697,1
4980,302.855,0.330752,-0.000141502,-0.00450181,-0.252495,-0.0548032,-0.0025124,0.397071,0.0884915,0.79698,-7.14579,-0.0581694,-0.00217371,0.0663364,0.615059,0.622697,1
4990,295.705,0.328595,-0.000126146,-0.00439468,-0.253394,-0.0548038,-0.00253465,0.395806,0.157432,0.913106,-7.21085,-0.0575048,-0.00199182,0.0672231,0.615059,0.622697,1
5000,285.772,0.326407,-9.03661e-005,-0.00426271,-0.254291,-0.0548044,-0.0025563,0.394537,0.298786,1.13776,-7.19509,-0.0565151,-0.00184649,0.0681352,0.615059,0.622697,1
5010,267.818,0.32433,-5.82123e-005,-0.00410899,-0.255188,-0.0548047,-0.00257724,0.393263,0.200671,1.3208,-7.13034,-0.0557911,-0.00206419,0.0689348,0.615059,0.622697,1
5020,250.397,0.322966,-3.49611e-005,-0.00393578,-0.256081,-0.054805,-0.00259736,0.391985,0.163829,1.43947,-7.1216,-0.0554454,-0.00237692,0.0690197,0.615059,0.622697,1
5030,248.674,0.32224,-1.65913e-005,-0.00375289,-0.256968,-0.0548051,-0.00261658,0.390702,0.128341,1.48077,-7.05188,-0.0552784,-0.00273528,0.0684632,0.615059,0.622697,1
5040,250.036,0.321873,-4.83105e-006,-0.00356321,-0.257847,-0.0548052,-0.00263488,0.389415,0.0583816,1.5473,-7.00147,-0.0554606,-0.00298902,0.0675433,0.615083,0.622701,1
5050,249.502,0.321203,-1.09346e-006,-0.00336675,-0.258721,-0.0548052,-0.0026522,0.388124,-0.00393368,1.6054,-6.98456,-0.0553433,-0.00300063,0.0669217,0.615673,0.622814,1
5060,249.113,0.32031,-7.90326e-006,-0.00315725,-0.2596,-0.0548052,-0.00266852,0.386828,-0.102345,1.73783,-7.05616,-0.0545445,-0.00223324,0.0665191,0.616294,0.622959,1
5070,229.882,0.319348,-2.47333e-005,-0.00293442,-0.260488,-0.0548053,-0.00268375,0.385528,-0.165885,1.82923,-7.14975,-0.0535376,-0.00117493,0.0661856,0.617034,0.623157,1
5080,193.375,0.318563,-4.94588e-005,-0.00269795,-0.26139,-0.0548054,-0.00269784,0.384223,-0.219162,1.93381,-7.24352,-0.0531706,-0.000471049,0.0656727,0.617743,0.623372,1
5090,177.151,0.317695,-7.70838e-005,-0.00245319,-0.262299,-0.0548058,-0.00271072,0.382914,-0.223562,1.9894,-7.28729,-0.0530078,-0.000254685,0.0652332,0.618194,0.62353,1
5100,180.563,0.316734,-0.000105349,-0.00219773,-0.263214,-0.0548062,-0.00272235,0.3816,-0.21493,2.08095,-7.31352,-0.052638,0.000105865,0.0648864,0.618323,0.623587,1
5110,168.72,0.315686,-0.000128244,-0.00193402,-0.26413,-0.0548068,-0.00273269,0.380282,-0.154461,2.14429,-7.34045,-0.0523848,0.000278474,0.0646196,0.618323,0.623587,1
5120,159.297,0.314689,-0.000144423,-0.00166007,-0.265052,-0.0548075,-0.00274168,0.378959,-0.0944145,2.21476,-7.39226,-0.0529437,-1.66196e-005,0.0642873,0.618323,0.623587,1
5130,163.499,0.313786,-0.000150257,-0.00139677,-0.266001,-0.0548082,-0.00274931,0.377631,-0.0069128,2.0996,-7.65916,-0.0539123,-0.000303225,0.0638558,0.618323,0.623587,1
5140,176.452,0.31296,-0.000146839,-0.00113081,-0.266965,-0.054809,-0.00275563,0.376299,0.0681586,2.13426,-7.73589,-0.0549136,1.27256e-005,0.0633513,0.618323,0.623587,1
5150,186.148,0.312262,-0.00013281,-0.000862761,-0.267937,-0.0548097,-0.00276062,0.374962,0.146631,2.16927,-7.80405,-0.0559637,0.000264135,0.0627161,0.618323,0.623587,1
5160,197.682,0.311413,-0.000110647,-0.000586309,-0.268919,-0.0548103,-0.00276425,0.37362,0.218315,2.23269,-7.87756,-0.0570512,-0.000130884,0.0622262,0.618323,0.623587,1
5170,210.464,0.310178,-7.71924e-005,-0.000304421,-0.269912,-0.0548108,-0.00276648,0.372272,0.307203,2.28653,-8.00097,-0.0576784,-0.00102083,0.0621129,0.618323,0.623587,1
5180,205.801,0.308753,-3.53299e-005,-1.43389e-005,-0.270921,-0.0548111,-0.00276728,0.37092,0.3636,2.32677,-8.11476,-0.0580437,-0.00196997,0.0621857,0.618361,0.623632,1
5190,210.688,0.308052,1.28973e-005,0.000276184,-0.271943,-0.0548111,-0.00276662,0.369563,0.39397,2.3247,-8.20476,-0.0584817,-0.00289936,0.0615335,0.618361,0.623632,1
5200,232.795,0.308261,6.25965e-005,0.00056569,-0.272972,-0.0548109,-0.00276451,0.368201,0.410487,2.27897,-8.22937,-0.0587245,-0.0034558,0.0599657,0.618438,0.623801,1
5210,233.013,0.308809,0.000116022,0.000845793,-0.274003,-0.0548105,-0.00276098,0.366833,0.433901,2.20667,-8.25007,-0.0582868,-0.00345898,0.0580452,0.618616,0.624281,1
5220,230.27,0.308636,0.000171419,0.0011164,-0.275036,-0.0548098,-0.00275607,0.365461,0.461832,2.10173,-8.26919,-0.0576856,-0.00317659,0.0568383,0.618761,0.624766,1
5230,243.944,0.307615,0.000231039,0.00137262,-0.276077,-0.0548088,-0.00274984,0.364083,0.476574,2.00487,-8.36504,-0.0573653,-0.00285764,0.056479,0.618888,0.625247,1
5240,246.364,0.305905,0.000289552,0.00161643,-0.27713,-0.0548075,-0.00274236,0.3627,0.461516,1.87213,-8.45583,-0.0569707,-0.00244114,0.0568032,0.618993,0.625681,1
5250,240.187,0.304314,0.000344426,0.0018411,-0.278195,-0.0548059,-0.00273371,0.361312,0.400242,1.72601,-8.55856,-0.0561747,-0.00191234,0.057002,0.619041,0.625987,1
5260,242.715,0.303121,0.000390227,0.00204653,-0.279269,-0.054804,-0.00272398,0.359918,0.343472,1.54471,-8.59815,-0.0554672,-0.00130038,0.0568011,0.619048,0.626109,1
5270,264.556,0.302549,0.000429617,0.00222942,-0.280348,-0.054802,-0.00271328,0.358519,0.276228,1.38877,-8.63879,-0.0552912,-0.000374954,0.0559796,0.619043,0.62619,1
5280,278.132,0.302024,0.000461099,0.00239205,-0.281429,-0.0547997,-0.00270172,0.357115,0.241486,1.19777,-8.6382,-0.0555547,0.000764545,0.0551117,0.619008,0.626417,1
5290,285.222,0.30126,0.000490453,0.00253099,-0.282514,-0.0547974,-0.0026894,0.355705,0.223894,1.03141,-8.70924,-0.0561254,0.00150834,0.0544766,0.618951,0.626726,1
5300,304.714,0.29989,0.000519471,0.00264839,-0.283608,-0.0547948,-0.00267644,0.35429,0.249968,0.837333,-8.79157,-0.0568438,0.00131274,0.0544331,0.61891,0.627065,1
5310,287.422,0.298428,0.000551076,0.00274244,-0.284718,-0.0547922,-0.00266296,0.352869,0.243217,0.671874,-8.93206,-0.0573278,0.000636568,0.0544702,0.618879,0.627456,1
5320,281.859,0.297054,0.000580882,0.00281427,-0.285841,-0.0547893,-0.00264906,0.351442,0.234791,0.470973,-9.01535,-0.0571932,-3.29093e-005,0.05441,0.618864,0.627857,1
5330,288.822,0.296022,0.000606321,0.00286409,-0.286977,-0.0547864,-0.00263485,0.35001,0.15757,0.341415,-9.12412,-0.0566878,-0.000564566,0.0540017,0.618858,0.628235,1
5340,300.134,0.29471,0.000620955,0.00290056,-0.288122,-0.0547833,-0.00262044,0.348573,0.0827996,0.249337,-9.18935,-0.0560215,-0.00118196,0.0538682,0.618841,0.628485,1
5350,291.144,0.293061,0.000626413,0.00293112,-0.289281,-0.0547802,-0.00260586,0.347129,0.00352263,0.246105,-9.33083,-0.0552815,-0.0016127,0.0540701,0.618821,0.628616,1
5360,275.159,0.290804,0.000624416,0.00295943,-0.290455,-0.054777,-0.00259113,0.34568,-0.0261126,0.200204,-9.42268,-0.0547349,-0.00183479,0.0548766,0.618777,0.628805,1
5370,273.274,0.288531,0.000619567,0.00298237,-0.291642,-0.0547739,-0.00257627,0.344224,-0.0496836,0.163278,-9.5399,-0.055042,-0.00186202,0.0556949,0.618703,0.629144,1
5380,270.752,0.286469,0.000614799,0.00299668,-0.292839,-0.0547708,-0.00256132,0.342763,-0.0217279,0.0609999,-9.59316,-0.0557084,-0.00194198,0.0562965,0.618654,0.629366,1
5390,285.632,0.284892,0.000612323,0.00299901,-0.294046,-0.0547678,-0.00254633,0.341296,-0.0233878,-0.0299157,-9.67878,-0.0558355,-0.00172431,0.0564068,0.618647,0.629384,1
5400,304.605,0.283297,0.0006096,0.002985,-0.295258,-0.0547647,-0.00253136,0.339823,-0.01766,-0.200989,-9.69349,-0.0555362,-0.00136428,0.0565297,0.618609,0.629452,1
5410,309.042,0.28134,0.000608065,0.00294819,-0.296477,-0.0547617,-0.00251651,0.338343,0.000542586,-0.400964,-9.77762,-0.0558846,-0.000998345,0.0570097,0.618519,0.629598,1
5420,318.724,0.27851,0.000612924,0.00287941,-0.297703,-0.0547586,-0.00250193,0.336858,0.0832451,-0.707996,-9.84713,-0.0567256,-0.000814738,0.0583598,0.618293,0.629964,1
5430,314.791,0.275273,0.000627026,0.00277071,-0.298945,-0.0547555,-0.00248778,0.335366,0.129603,-1.0327,-9.97111,-0.0573085,-0.000569634,0.0601123,0.617933,0.63056,1
5440,301.924,0.272372,0.000644214,0.00262067,-0.300196,-0.0547524,-0.00247429,0.333869,0.145152,-1.35068,-10.0268,-0.0571845,-0.000415172,0.0615153,0.617493,0.631303,1
5450,302.069,0.270204,0.000661971,0.00243796,-0.301454,-0.0547491,-0.00246163,0.332364,0.130702,-1.55687,-10.0553,-0.0565635,-0.000191516,0.0621761,0.617249,0.631725,1
5460,296.947,0.268123,0.000677088,0.00223215,-0.302709,-0.0547457,-0.00244995,0.330854,0.117862,-1.72137,-10.0098,-0.0557465,0.000123261,0.0627449,0.617216,0.631767,1
5470,299.766,0.26557,0.000691949,0.0020102,-0.303962,-0.0547423,-0.00243934,0.329337,0.120527,-1.82389,-10.0071,-0.055528,0.00059234,0.0637861,0.617216,0.631767,1
5480,297.76,0.262427,0.000709923,0.00177422,-0.305215,-0.0547388,-0.00242987,0.327814,0.177165,-1.94634,-10.0384,-0.0561725,0.000926488,0.0654124,0.617216,0.631767,1
5490,269.055,0.259043,0.000734931,0.00152411,-0.306477,-0.0547352,-0.00242162,0.326285,0.209279,-2.05262,-10.1146,-0.0569331,0.00128814,0.0672776,0.617216,0.631767,1
5500,238.672,0.255814,0.000761686,0.00125903,-0.307747,-0.0547315,-0.00241465,0.32475,0.220732,-2.18125,-10.1812,-0.0569254,0.00180169,0.0689796,0.617171,0.631806,1
5510,209.426,0.253112,0.000788577,0.000980011,-0.309025,-0.0547276,-0.00240905,0.323208,0.201755,-2.27501,-10.2118,-0.0566269,0.00233226,0.0701471,0.616885,0.631428,1
5520,196.959,0.251211,0.000812477,0.000689636,-0.3103,-0.0547236,-0.00240487,0.321659,0.177228,-2.35835,-10.177,-0.0567309,0.00235704,0.0705014,0.616675,0.631159,1
5530,192.342,0.249919,0.000829246,0.000390768,-0.311572,-0.0547195,-0.00240217,0.320105,0.0782242,-2.42584,-10.1337,-0.0570204,0.00197844,0.0702346,0.616404,0.63081,1
5540,174.575,0.248651,0.000831765,8.02672e-005,-0.312839,-0.0547153,-0.00240098,0.318544,-0.0402715,-2.53383,-10.1435,-0.0568095,0.00169391,0.0699353,0.616172,0.630595,1
5550,172.789,0.246767,0.000816657,-0.000243062,-0.314113,-0.0547112,-0.00240139,0.316976,-0.206164,-2.64051,-10.207,-0.0561761,0.00181658,0.07025,0.61605,0.630516,1
5560,162.9,0.244495,0.000781304,-0.000581318,-0.315395,-0.0547072,-0.00240344,0.315403,-0.356353,-2.75337,-10.2812,-0.0555022,0.00216532,0.0709518,0.616097,0.630538,1
5570,158.352,0.242432,0.000727993,-0.000930503,-0.316685,-0.0547034,-0.00240722,0.313822,-0.482235,-2.83159,-10.3227,-0.0551598,0.0025136,0.0714409,0.616231,0.630526,1
5580,178.63,0.240978,0.000664732,-0.00128858,-0.31798,-0.0546999,-0.00241276,0.312236,-0.523876,-2.86899,-10.3835,-0.0554047,0.00248265,0.0713081,0.616564,0.630451,1
5590,192.677,0.239529,0.000596809,-0.00164682,-0.319286,-0.0546968,-0.0024201,0.310642,-0.554107,-2.86674,-10.4782,-0.0560672,0.00191303,0.0711562,0.616802,0.630375,1
5600,189.854,0.237922,0.00053059,-0.00201532,-0.320614,-0.0546939,-0.00242924,0.309043,-0.510461,-2.99867,-10.765,-0.0564711,0.0014606,0.0711594,0.616918,0.630329,1
5610,193.026,0.236402,0.00045295,-0.00240232,-0.321985,-0.0546915,-0.00244029,0.307436,-0.646742,-3.11743,-11.0363,-0.0564864,0.00159946,0.0710756,0.617172,0.630211,1
5620,205.455,0.235609,0.000369531,-0.00279572,-0.323374,-0.0546894,-0.00245328,0.305823,-0.690596,-3.15273,-11.1638,-0.0565787,0.00180253,0.0702597,0.617373,0.630103,1
5630,216.972,0.235293,0.000289721,-0.00318193,-0.324766,-0.0546878,-0.00246823,0.304203,-0.615929,-3.07553,-11.1052,-0.0568421,0.0012866,0.0689497,0.617475,0.630035,1
5640,236.41,0.235246,0.000225937,-0.00357595,-0.326169,-0.0546865,-0.00248512,0.302575,-0.47622,-3.26876,-11.3794,-0.0568046,0.000323753,0.0673551,0.617596,0.629917,1
5650,266.746,0.235096,0.000171053,-0.00398022,-0.327603,-0.0546855,-0.00250401,0.300941,-0.398212,-3.18875,-11.5285,-0.0566386,-0.000380792,0.065862,0.617628,0.629897,1
5660,289.077,0.235013,0.000127765,-0.00436952,-0.329061,-0.0546848,-0.0025249,0.299299,-0.288867,-3.01066,-11.7877,-0.0570371,-0.000541441,0.0643061,0.617628,0.629897,1
5670,295.104,0.234716,0.000100586,-0.00473555,-0.330548,-0.0546842,-0.00254767,0.29765,-0.136188,-2.85792,-11.9444,-0.0576904,-0.000375825,0.0629632,0.617628,0.629897,1
5680,293.158,0.234152,9.41317e-005,-0.00508487,-0.332052,-0.0546837,-0.00257222,0.295994,0.0244718,-2.717,-12.0923,-0.0577888,0.000299978,0.06188,0.617628,0.629897,1
5690,286.898,0.233058,0.000104295,-0.0054179,-0.333569,-0.0546832,-0.00259849,0.29433,0.134434,-2.60816,-12.1409,-0.0574844,0.00105016,0.0613166,0.617628,0.629897,1
5700,280.559,0.232006,0.000127251,-0.00573245,-0.335097,-0.0546827,-0.00262637,0.292658,0.228005,-2.3975,-12.286,-0.0575366,0.00123366,0.0607017,0.617628,0.629897,1
5710,275.089,0.231158,0.000160078,-0.00601957,-0.336643,-0.054682,-0.00265577,0.290979,0.291524,-2.19905,-12.4416,-0.0575985,0.00078938,0.0598646,0.617775,0.629946,1
5720,276.486,0.230646,0.000198828,-0.00628033,-0.338218,-0.0546811,-0.00268653,0.289291,0.322621,-1.96167,-12.7145,-0.0572084,0.000351886,0.0586792,0.617781,0.629951,1
5730,271.362,0.229908,0.000240683,-0.00651368,-0.33982,-0.05468,-0.00271852,0.287596,0.347257,-1.77285,-12.8793,-0.056497,-5.03098e-005,0.0577113,0.617781,0.629951,1
5740,270.048,0.229077,0.000284551,-0.0067208,-0.341443,-0.0546786,-0.00275162,0.285893,0.342995,-1.52936,-13.041,-0.0558117,-0.000551565,0.0568295,0.617781,0.629951,1
5750,275.426,0.228007,0.000323001,-0.00689448,-0.343083,-0.0546771,-0.00278568,0.284182,0.250424,-1.17848,-13.2325,-0.0551613,-0.00115469,0.0561808,0.617781,0.629951,1
5760,285.612,0.226952,0.000349814,-0.00702391,-0.344753,-0.0546754,-0.00282049,0.282462,0.180649,-0.890878,-13.4406,-0.0549007,-0.00148969,0.0555139,0.61778,0.630145,1
5770,291.816,0.225763,0.000371299,-0.00712054,-0.346445,-0.0546736,-0.00285586,0.280734,0.179243,-0.660436,-13.6064,-0.0552938,-0.00164955,0.0549758,0.61771,0.630295,1
5780,295.723,0.225008,0.000392652,-0.00716937,-0.34816,-0.0546717,-0.00289162,0.278998,0.18277,-0.212471,-13.7567,-0.0558609,-0.00153006,0.0539967,0.617536,0.630595,1
5790,284.645,0.224672,0.000410786,-0.007195,-0.349895,-0.0546697,-0.00292753,0.277253,0.199849,-0.133366,-13.87,-0.0559941,-0.00113579,0.0525915,0.617412,0.630718,1
5800,269.187,0.22441,0.000447256,-0.00720008,-0.351634,-0.0546676,-0.00296353,0.275499,0.386641,0.0494745,-13.9081,-0.0561675,-0.000612012,0.0511059,0.617412,0.630718,1
5810,264.629,0.223336,0.000499887,-0.00719179,-0.353369,-0.0546652,-0.00299951,0.273736,0.445547,0.0817092,-13.8287,-0.0567999,-0.000329503,0.0504269,0.617407,0.630728,1
5820,261.722,0.221446,0.000556136,-0.00717967,-0.3551,-0.0546626,-0.00303544,0.271965,0.451492,0.105883,-13.8425,-0.057249,0.000155255,0.0505573,0.61737,0.630988,1
5830,257.142,0.219113,0.000612908,-0.00718029,-0.356843,-0.0546597,-0.00307134,0.270185,0.444033,-0.000772031,-13.9787,-0.0569551,0.000953795,0.0511209,0.617394,0.631263,1
5840,244.212,0.216888,0.000664912,-0.00717506,-0.358598,-0.0546565,-0.00310723,0.268397,0.395878,0.0789723,-14.0615,-0.0563881,0.00145594,0.051564,0.617396,0.631604,1
5850,237.212,0.214768,0.000715391,-0.00715914,-0.36036,-0.054653,-0.00314307,0.266599,0.410521,0.198949,-14.085,-0.055921,0.00113054,0.0518772,0.61736,0.631803,1
5860,238.483,0.212518,0.000757738,-0.00711403,-0.362133,-0.0546493,-0.00317877,0.264793,0.3265,0.465876,-14.1911,-0.0554458,0.000667708,0.0523115,0.617321,0.631886,1
5870,235.841,0.20978,0.000808072,-0.00703867,-0.363903,-0.0546454,-0.00321417,0.262978,0.480807,0.773221,-14.0945,-0.0549967,0.000460502,0.0532305,0.61726,0.631974,1
5880,217.025,0.206728,0.000871236,-0.00692429,-0.365669,-0.0546412,-0.00324909,0.261154,0.543184,1.04689,-14.1204,-0.0548682,0.000440493,0.0544595,0.617113,0.632139,1
5890,202.15,0.203776,0.000942884,-0.00677488,-0.367437,-0.0546367,-0.00328336,0.259321,0.569925,1.35904,-14.1475,-0.0548723,0.000429489,0.0555796,0.616855,0.632378,1
5900,227.507,0.201247,0.00100829,-0.00658802,-0.36921,-0.0546318,-0.00331678,0.25748,0.476492,1.59109,-14.1645,-0.0547068,0.000414355,0.0562674,0.616569,0.632653,1
5910,244.281,0.198956,0.00106302,-0.00637914,-0.370977,-0.0546266,-0.00334921,0.255629,0.394289,1.75613,-14.0564,-0.0546655,-0.000160633,0.0566993,0.616163,0.633025,1
5920,255.79,0.196406,0.00110905,-0.00615044,-0.372728,-0.0546212,-0.00338054,0.25377,0.363864,1.88038,-13.9097,-0.055128,-0.00127672,0.0573763,0.615709,0.633408,1
5930,267.901,0.193164,0.00116707,-0.00590421,-0.374468,-0.0546155,-0.00341068,0.251902,0.481697,2.05496,-13.8677,-0.0556862,-0.00200379,0.0587465,0.615295,0.633726,1
5940,270.346,0.189415,0.00122651,-0.00563766,-0.376196,-0.0546095,-0.00343954,0.250025,0.493958,2.18972,-13.7445,-0.055837,-0.00168814,0.0606227,0.615005,0.633917,1
5950,267.942,0.186077,0.00129316,-0.00535534,-0.377908,-0.0546032,-0.00346703,0.24814,0.563462,2.32811,-13.6082,-0.0557202,-0.00106776,0.0620819,0.614633,0.634156,1
5960,270.534,0.183443,0.0013687,-0.00505742,-0.379602,-0.0545966,-0.00349307,0.246246,0.653749,2.42486,-13.4546,-0.0555007,-0.000862614,0.0628246,0.614208,0.634445,1
5970,257.208,0.181123,0.00145332,-0.00473143,-0.381282,-0.0545895,-0.00351755,0.244344,0.673546,2.64704,-13.3507,-0.0551765,-0.000769495,0.0632424,0.61389,0.634677,1
5980,226.563,0.178512,0.00153725,-0.00439833,-0.382947,-0.054582,-0.00354037,0.242433,0.684894,2.66824,-13.2536,-0.0550299,-0.000471486,0.0639482,0.613718,0.634806,1
5990,205.744,0.175742,0.00161285,-0.00405798,-0.384611,-0.0545742,-0.00356152,0.240515,0.582614,2.75438,-13.304,-0.0552615,-0.000319532,0.0648043,0.613695,0.634817,1
6000,185.555,0.172905,0.00168894,-0.00371382,-0.386276,-0.0545659,-0.00358095,0.238587,0.641573,2.72894,-13.3022,-0.0552438,-0.000466815,0.0657117,0.61338,0.634952,1
6010,188.705,0.17003,0.00177128,-0.0033777,-0.38794,-0.0545573,-0.00359867,0.236652,0.658692,2.63108,-13.2961,-0.0547028,-0.000606843,0.0666481,0.612941,0.635132,1
6020,192.381,0.166664,0.00186461,-0.00307157,-0.389616,-0.0545482,-0.00361478,0.234708,0.849438,2.2897,-13.4782,-0.0544862,-0.000767397,0.0680687,0.612674,0.635227,1
6030,190.003,0.163078,0.00196441,-0.00279397,-0.391302,-0.0545386,-0.00362944,0.232756,0.733445,2.17577,-13.4587,-0.0550959,-0.00102499,0.0696996,0.612674,0.635227,1
6040,181.03,0.159422,0.00204934,-0.00252325,-0.392985,-0.0545286,-0.00364273,0.230795,0.634546,2.16654,-13.4394,-0.0557622,-0.00110566,0.0713982,0.612674,0.635227,1
6050,185.911,0.156141,0.0021097,-0.0022524,-0.394673,-0.0545182,-0.00365467,0.228826,0.419604,2.08613,-13.4405,-0.0561378,-0.000994122,0.0727155,0.612498,0.635274,1
6060,208.636,0.153123,0.00215714,-0.00198805,-0.396354,-0.0545075,-0.00366527,0.226848,0.33596,2.1306,-13.4144,-0.0566492,-0.0011708,0.0737602,0.612326,0.635315,1
6070,212.045,0.150791,0.00219184,-0.0017188,-0.398029,-0.0544966,-0.00367454,0.224862,0.214675,2.1485,-13.3531,-0.0572107,-0.00155122,0.0741108,0.612126,0.635359,1
6080,198.441,0.148854,0.00219739,-0.00145076,-0.399704,-0.0544856,-0.00368246,0.222868,-0.0333833,2.07182,-13.3694,-0.057191,-0.00164131,0.074053,0.612043,0.635375,1
6090,202.654,0.147295,0.00218533,-0.00119906,-0.401374,-0.0544747,-0.00368908,0.220865,-0.156215,1.95348,-13.3029,-0.0568721,-0.00155034,0.0736054,0.612043,0.635375,1
6100,217.358,0.145629,0.00216942,-0.000958659,-0.403041,-0.0544638,-0.00369447,0.218854,-0.163457,1.82946,-13.3971,-0.0567334,-0.00191631,0.0732536,0.612043,0.635375,1
6110,236.769,0.144202,0.00214819,-0.000730087,-0.404716,-0.054453,-0.00369869,0.216835,-0.179569,1.80855,-13.3764,-0.0564878,-0.00237322,0.0726533,0.612043,0.635375,1
6120,255.209,0.142929,0.00213719,-0.000522621,-0.406386,-0.0544423,-0.00370181,0.214807,-0.126687,1.57134,-13.3588,-0.0557032,-0.00243276,0.071889,0.612043,0.635375,1
6130,270.523,0.141923,0.0021137,-0.000335878,-0.40806,-0.0544316,-0.00370395,0.212771,-0.248254,1.39231,-13.3948,-0.0548819,-0.00204882,0.0708586,0.612043,0.635375,1
6140,279.81,0.14048,0.00206876,-0.00017037,-0.409743,-0.0544212,-0.00370521,0.210726,-0.445617,1.27479,-13.4877,-0.0544995,-0.00157436,0.0702628,0.612043,0.635375,1
6150,297.114,0.138686,0.00201126,-1.27321e-005,-0.411432,-0.054411,-0.00370566,0.208673,-0.466061,1.23784,-13.5122,-0.0545197,-0.000833453,0.0700169,0.612043,0.635375,1
6160,302.364,0.136736,0.00196238,0.000132828,-0.413123,-0.054401,-0.00370535,0.206612,-0.282042,1.09663,-13.5035,-0.0547778,-0.000106855,0.0699235,0.612043,0.635375,1
6170,295.41,0.135309,0.00193714,0.00026455,-0.41482,-0.0543913,-0.00370435,0.204542,-0.118924,0.950958,-13.6344,-0.0553759,0.000190963,0.069293,0.612043,0.635375,1
6180,298.61,0.133918,0.0019143,0.000373271,-0.416545,-0.0543817,-0.00370274,0.202464,-0.133842,0.732079,-13.8739,-0.0558402,2.27201e-005,0.0686058,0.612043,0.635375,1
6190,301.451,0.132309,0.00190336,0.000447936,-0.418292,-0.0543721,-0.00370067,0.200377,-0.132746,0.394264,-14.0797,-0.0557698,0.00021045,0.0681333,0.612043,0.635375,1
6200,305.775,0.130515,0.00189843,0.000482188,-0.420059,-0.0543626,-0.00369834,0.198281,0.161999,0.229243,-14.1235,-0.0555815,0.000770437,0.0678481,0.612043,0.635375,1
6210,307.598,0.129211,0.00193946,0.000493742,-0.421829,-0.0543531,-0.00369588,0.196176,0.455106,-0.0582049,-14.1508,-0.0558366,0.0010522,0.0670612,0.611916,0.635364,1
6220,288.183,0.128269,0.00199987,0.000470454,-0.423596,-0.0543432,-0.00369346,0.194063,0.499457,-0.294605,-14.0837,-0.0559877,0.000676091,0.0658783,0.611551,0.635322,1
6230,285.352,0.127421,0.00206327,0.000421688,-0.425356,-0.0543331,-0.00369122,0.19194,0.526635,-0.494404,-14.0432,-0.0556065,0.000308366,0.0645879,0.61104,0.635244,1
6240,273.444,0.126398,0.00213532,0.00034901,-0.427112,-0.0543226,-0.00368928,0.189809,0.61193,-0.647371,-14.0136,-0.0551319,0.000253981,0.0634756,0.61104,0.635244,1
6250,275.049,0.125415,0.00221092,0.000266025,-0.428859,-0.0543117,-0.00368774,0.187669,0.600041,-0.631563,-13.8944,-0.0548253,0.00046932,0.062324,0.61104,0.635244,1
6260,284.873,0.124465,0.00228421,0.000192631,-0.430589,-0.0543005,-0.0036866,0.18552,0.505851,-0.555414,-13.7367,-0.0544861,0.000833874,0.0611375,0.61104,0.635244,1
6270,272.921,0.123407,0.00232366,0.000124349,-0.432297,-0.0542889,-0.00368581,0.183363,0.153119,-0.567969,-13.5728,-0.0544526,0.00122998,0.0600542,0.61104,0.635244,1
6280,249.789,0.122071,0.00232608,4.47497e-005,-0.433989,-0.0542773,-0.00368538,0.181198,-0.189161,-0.673993,-13.4479,-0.0550715,0.00109036,0.0592223,0.61104,0.635244,1
6290,246.039,0.120716,0.00225193,-4.50666e-005,-0.435655,-0.0542658,-0.00368538,0.179023,-0.890077,-0.741849,-13.2075,-0.0557184,0.000537008,0.0583901,0.61104,0.635244,1
6300,248.8,0.119447,0.00211724,-0.00014197,-0.437297,-0.0542548,-0.00368584,0.176841,-1.39975,-0.803293,-12.9824,-0.0558392,0.000342394,0.0574728,0.61104,0.635244,1
6310,240.76,0.117805,0.0018637,-0.000225925,-0.438904,-0.0542448,-0.00368677,0.174651,-2.40017,-0.563612,-12.7117,-0.0559116,0.000716203,0.0569395,0.61104,0.635244,1
6320,243.631,0.115313,0.00152826,-0.000290983,-0.44048,-0.0542363,-0.00368807,0.172452,-3.26146,-0.413403,-12.3926,-0.056306,0.00117354,0.0572602,0.61104,0.635244,1
6330,236.078,0.11219,0.00101955,-0.000314515,-0.442005,-0.0542299,-0.00368961,0.170246,-4.52932,-0.0167572,-12.0693,-0.0563976,0.00164737,0.0582037,0.61104,0.635244,1
6340,231.869,0.109261,0.000411827,-0.000306295,-0.443502,-0.0542263,-0.00369117,0.168032,-5.46119,0.184101,-11.7919,-0.0558009,0.00229936,0.058947,0.611018,0.635231,1
6350,222.192,0.106756,-0.000308288,-0.000274639,-0.444966,-0.054226,-0.00369262,0.165811,-5.4025,0.190055,-11.6985,-0.055019,0.0026217,0.0592446,0.610681,0.635002,1
6360,212.359,0.104515,-0.000910128,-0.000284859,-0.446432,-0.0542291,-0.00369399,0.163582,-4.53392,-0.36576,-11.6873,-0.0546754,0.00226828,0.0592387,0.610116,0.63459,1
6370,211.619,0.102188,-0.0014414,-0.000352765,-0.447898,-0.054235,-0.00369557,0.161347,-3.70184,-0.678414,-11.7935,-0.0546431,0.00183166,0.0593094,0.60954,0.634143,1
6380,198.363,0.0997685,-0.00185091,-0.000463577,-0.449376,-0.0542433,-0.00369759,0.159103,-2.9564,-1.12366,-11.764,-0.0546525,0.00199798,0.0594984,0.609242,0.633884,1
6390,205.109,0.0969562,-0.00214939,-0.000625547,-0.450844,-0.0542533,-0.0037003,0.156853,-1.70839,-1.39436,-11.7049,-0.0545814,0.00208677,0.06007,0.609225,0.633866,1
6400,214.458,0.0939153,-0.00229668,-0.000817942,-0.452298,-0.0542645,-0.00370389,0.154595,-0.734372,-1.74433,-11.4955,-0.0542616,0.00143331,0.0608202,0.60917,0.633797,1
6410,223.06,0.0908782,-0.00234204,-0.00104007,-0.453729,-0.0542762,-0.00370854,0.15233,-0.0414736,-1.70878,-11.4074,-0.0536409,0.000539923,0.0615533,0.60917,0.633797,1
6420,215.813,0.0883404,-0.00233508,-0.00127262,-0.455143,-0.0542879,-0.0037143,0.150058,0.0865238,-2.08607,-11.1611,-0.05328,0.000402439,0.061819,0.60917,0.633797,1
6430,188.977,0.0859233,-0.00233074,-0.00152875,-0.456532,-0.0542995,-0.00372131,0.147778,-0.0433359,-1.90601,-11.0413,-0.0535431,0.000945995,0.0619853,0.60917,0.633797,1
6440,171.6,0.0834296,-0.00234218,-0.00176864,-0.457898,-0.0543112,-0.00372955,0.145492,-0.0861553,-1.9805,-10.7639,-0.0540296,0.00180307,0.062247,0.609176,0.633622,1
6450,176.118,0.0804668,-0.00234174,-0.00199926,-0.459231,-0.0543229,-0.00373899,0.1432,0.11357,-1.69632,-10.5496,-0.0543929,0.00261032,0.0629837,0.609196,0.633481,1
6460,178.83,0.0773774,-0.0023113,-0.00224462,-0.460527,-0.0543346,-0.00374956,0.1409,0.362559,-2.41628,-10.1115,-0.0550902,0.00293704,0.0638159,0.60923,0.633347,1
6470,183.106,0.0741813,-0.00225555,-0.00258128,-0.461767,-0.054346,-0.0037616,0.138594,0.547766,-2.97622,-9.68497,-0.0561887,0.00242433,0.0646944,0.609281,0.633203,1
6480,193.97,0.071197,-0.00219024,-0.00305711,-0.46294,-0.0543571,-0.00377559,0.136283,0.502367,-4.74403,-9.04359,-0.057185,0.00186309,0.0653656,0.609395,0.632916,1
6490,208.956,0.0679506,-0.0021271,-0.00364372,-0.464058,-0.0543679,-0.00379237,0.133965,0.532835,-4.50087,-8.83674,-0.0577735,0.00166896,0.06632,0.609501,0.632635,1
6500,214.58,0.0642165,-0.00204576,-0.00428554,-0.465135,-0.0543783,-0.00381211,0.131642,0.792173,-5.7579,-8.39347,-0.0581377,0.00137245,0.0677457,0.609588,0.632383,1
6510,211.57,0.0598352,-0.00192647,-0.00494904,-0.466181,-0.0543883,-0.00383525,0.129314,1.10262,-5.003,-8.27997,-0.0582341,0.000498361,0.0697597,0.609567,0.632079,1
6520,186.637,0.0556506,-0.00177581,-0.00570299,-0.467186,-0.0543976,-0.00386176,0.12698,1.27357,-7.1375,-7.78873,-0.0581663,-0.000113221,0.0715842,0.609558,0.631865,1
6530,181.183,0.0520558,-0.00161756,-0.00659121,-0.468148,-0.054406,-0.0038925,0.124642,1.16056,-7.19655,-7.62047,-0.0581599,-0.000238877,0.0728504,0.609498,0.631713,1
6540,197.507,0.0492884,-0.00146029,-0.00766203,-0.469087,-0.0544137,-0.00392799,0.122299,1.36477,-9.45648,-7.45382,-0.0582354,-0.000362057,0.0732884,0.609324,0.631391,1
6550,204.789,0.0468809,-0.00128561,-0.0087403,-0.470024,-0.0544206,-0.00396908,0.119951,1.43842,-8.26321,-7.49453,-0.0580877,-0.000742383,0.0733254,0.609071,0.630978,1
6560,226.426,0.0444653,-0.00109794,-0.00991177,-0.470965,-0.0544266,-0.00401559,0.117599,1.49001,-10.0952,-7.53098,-0.0577228,-0.000555558,0.0733909,0.608852,0.630585,1
6570,254.289,0.041549,-0.000931688,-0.0111135,-0.471896,-0.0544316,-0.0040682,0.115241,1.14777,-9.47809,-7.38685,-0.0574102,0.000262026,0.0740263,0.608732,0.630309,1
6580,275.792,0.0385423,-0.000816449,-0.0123608,-0.472829,-0.054436,-0.00412686,0.11288,0.651998,-9.64075,-7.46071,-0.0571285,0.00127279,0.0748126,0.608726,0.630252,1
6590,267.811,0.0358082,-0.000765316,-0.01336,-0.473746,-0.0544399,-0.00419133,0.110513,0.220384,-6.75293,-7.23855,-0.056538,0.00207809,0.0753206,0.608726,0.630252,1
6600,272.468,0.0334744,-0.000746613,-0.0141235,-0.474649,-0.0544437,-0.00426012,0.108142,0.139829,-5.1549,-7.12986,-0.0557375,0.00241556,0.0753658,0.608726,0.630252,1
6610,287.055,0.0309307,-0.000724298,-0.0146506,-0.475524,-0.0544474,-0.00433213,0.105767,0.196369,-3.67182,-6.90542,-0.05523,0.00160699,0.0754217,0.608726,0.630252,1
6620,287.281,0.0282703,-0.000704397,-0.015086,-0.476385,-0.0544509,-0.0044065,0.103387,0.0957289,-3.07982,-6.8126,-0.0548998,0.000152279,0.0754903,0.608726,0.630252,1
6630,288.026,0.0256581,-0.000704097,-0.0153816,-0.477223,-0.0544544,-0.00448275,0.101003,-0.0825877,-1.64393,-6.60113,-0.0540771,-0.000518585,0.0756558,0.608726,0.630252,1
6640,291.804,0.0232141,-0.000719817,-0.0154704,-0.478038,-0.054458,-0.00455999,0.0986148,-0.15251,0.452124,-6.3886,-0.0528805,0.000172655,0.075943,0.608726,0.630252,1
6650,292.989,0.0206155,-0.00073887,-0.0152513,-0.478827,-0.0544616,-0.00463693,0.0962226,-0.133907,2.9782,-6.26064,-0.052082,0.00101056,0.0765391,0.608726,0.630252,1
6660,288.547,0.0177378,-0.000748603,-0.0147517,-0.479608,-0.0544654,-0.00471204,0.0938265,-0.0076624,4.85527,-6.20455,-0.051876,0.00103687,0.0772472,0.608714,0.630017,1
6670,278.098,0.0148517,-0.000736878,-0.0140796,-0.480377,-0.0544691,-0.00478416,0.0914266,0.214693,5.70862,-6.06068,-0.051962,0.000551087,0.0777949,0.608721,0.629825,1
6680,272.368,0.0122504,-0.000691082,-0.0133637,-0.481112,-0.0544727,-0.00485277,0.0890228,0.534061,5.71016,-5.66993,-0.0521562,0.000272174,0.0781398,0.608734,0.62966,1
6690,286.241,0.0100598,-0.000596865,-0.0126107,-0.481803,-0.0544759,-0.00491775,0.0866155,0.987393,6.52637,-5.37886,-0.0523307,0.000492368,0.0784102,0.608733,0.629635,1
6700,294.488,0.0086719,-0.000448646,-0.0117022,-0.482461,-0.0544785,-0.00497861,0.0842049,1.32915,8.06339,-5.17059,-0.052587,0.00133796,0.0785724,0.60872,0.629489,1
6710,294.78,0.00825815,-0.000276534,-0.0105659,-0.483111,-0.0544804,-0.00503439,0.0817909,1.39373,10.0828,-5.23203,-0.0534337,0.00234078,0.0782261,0.60872,0.629489,1
6720,274.212,0.00787368,-0.000104895,-0.00924828,-0.483756,-0.0544813,-0.00508396,0.0793738,1.3403,10.6928,-5.03787,-0.0548906,0.00250388,0.0773117,0.608715,0.629476,1
6730,252.518,0.0069832,6.24297e-005,-0.00791404,-0.48437,-0.0544814,-0.00512685,0.0769534,1.35082,10.5117,-4.7279,-0.0559552,0.00166485,0.076271,0.608715,0.629476,1
6740,251,0.00639716,0.000232075,-0.00663993,-0.484931,-0.0544807,-0.00516321,0.0745301,1.33793,9.94924,-4.27019,-0.0559821,0.000928193,0.0757809,0.608715,0.629476,1
6750,235.693,0.00699895,0.000393825,-0.00538524,-0.485453,-0.0544791,-0.00519328,0.0721042,1.24191,10.1481,-4.09078,-0.055688,0.000799715,0.0755112,0.608715,0.629476,1
6760,239.735,0.00800257,0.000537881,-0.00409887,-0.485954,-0.0544768,-0.00521701,0.0696757,1.01921,10.5198,-3.94946,-0.0560087,0.000648565,0.0748996,0.608715,0.629476,1
6770,253.971,0.00886375,0.000638779,-0.00270081,-0.486453,-0.0544738,-0.00523408,0.0672446,0.581747,11.9084,-4.02619,-0.0568095,0.000395154,0.0736807,0.608715,0.629476,1
6780,254.858,0.0102181,0.000690771,-0.0011405,-0.486951,-0.0544705,-0.00524374,0.0648111,0.292317,13.0232,-3.92463,-0.0574812,0.000402149,0.0727778,0.608715,0.629476,1
6790,254.588,0.0118777,0.000717966,0.000581144,-0.487438,-0.0544669,-0.00524522,0.0623751,0.132529,14.3266,-3.80969,-0.0578035,0.000180193,0.0724007,0.608715,0.629476,1
6800,236.184,0.0135174,0.000716927,0.00236059,-0.487892,-0.0544633,-0.00523784,0.0599368,-0.177976,13.9651,-3.47637,-0.0579032,-0.00113135,0.0723475,0.608718,0.629451,1
6810,216.878,0.0148597,0.000672093,0.00404591,-0.488316,-0.0544598,-0.00522175,0.0574963,-0.498287,12.5862,-3.26379,-0.0578446,-0.00279587,0.0717606,0.60876,0.62924,1
6820,199.245,0.0162256,0.000605103,0.00545663,-0.488705,-0.0544567,-0.00519787,0.0550537,-0.532238,10.2118,-2.99186,-0.0578593,-0.00359874,0.0708377,0.608812,0.628994,1
6830,197.33,0.0173688,0.000549329,0.00669283,-0.489068,-0.0544538,-0.00516747,0.0526092,-0.323477,9.75642,-2.7604,-0.0579183,-0.00330347,0.0695266,0.60886,0.628743,1
6840,208.006,0.0186448,0.00052696,0.00796477,-0.489396,-0.0544511,-0.00513089,0.0501631,-0.0482853,10.9317,-2.54137,-0.0575276,-0.00267171,0.0683871,0.608924,0.628438,1
6850,212.894,0.0201317,0.000534088,0.009448,-0.489709,-0.0544485,-0.00508744,0.0477153,0.170662,12.3853,-2.40574,-0.0565917,-0.00191423,0.0674795,0.609007,0.628079,1
6860,203.506,0.0222004,0.000573433,0.0109569,-0.489992,-0.0544457,-0.00503638,0.045266,0.473553,11.4674,-2.13609,-0.0558091,-0.00144189,0.0671311,0.609088,0.627791,1
6870,179.244,0.0241211,0.000659706,0.012256,-0.490238,-0.0544426,-0.00497821,0.0428154,0.93744,9.10018,-1.7516,-0.0552466,-0.00155238,0.0666785,0.609128,0.627667,1
6880,154.515,0.0258043,0.000811882,0.0132653,-0.490434,-0.054439,-0.00491432,0.0403637,1.48209,7.36188,-1.42695,-0.0542673,-0.00194438,0.065996,0.609186,0.62751,1
6890,159.577,0.0272233,0.00102137,0.0141589,-0.490597,-0.0544344,-0.00484574,0.0379112,1.80962,7.01813,-1.1676,-0.0530917,-0.00181473,0.0649318,0.609262,0.627334,1
6900,156.789,0.0291451,0.00125016,0.0150546,-0.490732,-0.0544288,-0.00477273,0.0354578,1.80544,7.43863,-1.00657,-0.0525658,-0.0015935,0.064369,0.609342,0.627171,1
6910,152.027,0.0316019,0.00146967,0.0160078,-0.490846,-0.0544219,-0.00469508,0.0330039,1.70089,7.56081,-0.7835,-0.0525491,-0.00200594,0.0644354,0.609384,0.627099,1
6920,160.414,0.0348151,0.00167469,0.0169123,-0.490927,-0.0544141,-0.00461274,0.0305494,1.56581,6.84546,-0.518358,-0.0524905,-0.00295091,0.0652716,0.609384,0.627099,1
6930,172.651,0.0378699,0.00185735,0.0176953,-0.49097,-0.0544052,-0.00452616,0.0280947,1.32682,5.5873,-0.157549,-0.0525971,-0.00361066,0.0659103,0.609384,0.627099,1
6940,184.167,0.040468,0.00200228,0.0183313,-0.49097,-0.0543956,-0.00443604,0.0256398,0.978889,4.72715,0.155876,-0.0533078,-0.00394643,0.0660902,0.609558,0.626948,1
6950,174.394,0.0426955,0.00209705,0.0189042,-0.490929,-0.0543853,-0.00434294,0.023185,0.501536,4.51385,0.486492,-0.0543481,-0.00391808,0.0658784,0.60984,0.626714,1
6960,178.476,0.0454446,0.0021234,0.019495,-0.490854,-0.0543747,-0.00424697,0.0207306,-0.0631827,5.05893,0.695558,-0.0552255,-0.00317109,0.0661545,0.610113,0.626483,1
6970,186.839,0.0486083,0.00209256,0.0201859,-0.490759,-0.0543642,-0.00414782,0.0182765,-0.378256,5.99211,0.802235,-0.0557552,-0.00179352,0.0668079,0.610382,0.626257,1
6980,188.898,0.0518445,0.00204048,0.0210031,-0.490659,-0.0543538,-0.00404491,0.015823,-0.41881,7.06393,0.794357,-0.0559286,-0.000776353,0.0675404,0.610735,0.625969,1
6990,203.903,0.0545418,0.00198999,0.0219154,-0.49055,-0.0543437,-0.00393762,0.01337,-0.397556,7.31487,1.01263,-0.0558119,-0.000360972,0.0677746,0.611092,0.62569,1
7000,193.393,0.0568677,0.00193931,0.022819,-0.490401,-0.0543339,-0.00382578,0.0109176,-0.412452,7.1396,1.34054,-0.0559734,3.50451e-005,0.0676303,0.611379,0.625476,1
7010,182.54,0.058982,0.00188711,0.0237147,-0.490219,-0.0543244,-0.00370945,0.008466,-0.415145,7.29677,1.54486,-0.0567755,0.000606141,0.0672388,0.611716,0.62524,1
7020,178.911,0.0612614,0.00184186,0.0246915,-0.490028,-0.054315,-0.0035885,0.00601539,-0.264624,8.47549,1.4519,-0.057377,0.00109518,0.0670207,0.612142,0.624943,1
7030,175.372,0.0639492,0.0018293,0.0258373,-0.489852,-0.0543059,-0.00346224,0.00356569,0.0711198,9.67778,1.43658,-0.0569865,0.00160265,0.0672576,0.612515,0.624693,1
7040,195.159,0.0672674,0.0018567,0.0270613,-0.489653,-0.0542967,-0.00332999,0.00111691,0.338435,9.61144,1.81209,-0.0562419,0.00209884,0.0681367,0.612745,0.624548,1
7050,222.855,0.0707837,0.00190504,0.0281853,-0.489384,-0.0542873,-0.0031918,-0.00133072,0.402527,8.24972,2.48321,-0.0561589,0.00202441,0.0692357,0.612847,0.624486,1
7060,236.988,0.0739696,0.00194999,0.0291134,-0.489037,-0.0542776,-0.00304847,-0.0037768,0.291311,6.55972,3.04403,-0.056525,0.00110615,0.0700418,0.612899,0.624457,1
7070,251.676,0.0769325,0.00197458,0.0298406,-0.488626,-0.0542678,-0.00290101,-0.00622098,0.102016,5.1593,3.49635,-0.0567038,0.000128342,0.0706133,0.612976,0.624416,1
7080,276.459,0.0800613,0.00197962,0.0304301,-0.488163,-0.0542579,-0.00275029,-0.00866298,0.00226994,4.36327,3.90131,-0.0566282,-0.000182126,0.071322,0.613045,0.624383,1
7090,289.698,0.0835141,0.00197752,0.0309532,-0.48765,-0.054248,-0.00259681,-0.0111025,-0.0432218,4.0132,4.30668,-0.0563405,-0.000153088,0.0723496,0.613053,0.624379,1
7100,289.47,0.087129,0.0019664,0.0314223,-0.487083,-0.0542382,-0.00244084,-0.0135394,-0.139282,3.39814,4.76318,-0.0560057,-0.000370661,0.0735471,0.613127,0.624351,1
7110,283.339,0.0908256,0.00194251,0.0317847,-0.48646,-0.0542284,-0.00228277,-0.0159733,-0.235133,2.34103,5.17083,-0.0559783,-0.00069363,0.0748215,0.613419,0.624256,1
7120,274.364,0.094246,0.00191302,0.0320078,-0.485788,-0.0542188,-0.00212323,-0.0184039,-0.206008,1.28318,5.56827,-0.0560841,-0.000876625,0.0758154,0.613776,0.624134,1
7130,276.316,0.0973783,0.00189628,0.0321271,-0.485068,-0.0542092,-0.00196286,-0.0208311,-0.0523762,0.7014,5.93471,-0.0554725,-0.000983048,0.0765341,0.614095,0.624017,1
7140,295.734,0.100336,0.00190029,0.0322001,-0.484301,-0.0541998,-0.00180203,-0.0232545,0.110149,0.512813,6.32163,-0.0541655,-0.000704164,0.0770756,0.614228,0.623957,1
7150,295.555,0.103694,0.00192041,0.0322567,-0.483488,-0.0541902,-0.00164088,-0.025674,0.197457,0.359511,6.66088,-0.0532169,0.000294893,0.0779976,0.614262,0.623944,1
7160,275.723,0.107377,0.00194907,0.0322881,-0.482632,-0.0541805,-0.00147951,-0.0280893,0.303098,0.254437,7.00362,-0.0532313,0.0015094,0.0792422,0.614262,0.623944,1
7170,254.194,0.111201,0.00198989,0.0323089,-0.481737,-0.0541707,-0.00131801,-0.0305003,0.353144,0.0977606,7.28038,-0.0536693,0.00212291,0.0806465,0.614262,0.623944,1
7180,243.116,0.114432,0.00203923,0.0323195,-0.48081,-0.0541606,-0.00115644,-0.0329066,0.440983,0.0898465,7.54556,-0.0539464,0.00235666,0.0814716,0.614262,0.623944,1
7190,236.149,0.117279,0.00209655,0.0323234,-0.479849,-0.0541503,-0.000994821,-0.0353083,0.443626,-0.0866421,7.80051,-0.0541448,0.00254127,0.0819178,0.614262,0.623944,1
7200,252.345,0.12009,0.00215196,0.0323084,-0.478856,-0.0541397,-0.000833238,-0.0377051,0.430221,-0.154342,8.08178,-0.0544697,0.00252173,0.0823375,0.614262,0.623944,1
7210,262.646,0.12357,0.00220332,0.0322844,-0.477829,-0.0541288,-0.000671752,-0.0400968,0.397467,-0.215987,8.32085,-0.0549518,0.00217064,0.0834381,0.614262,0.623944,1
7220,263.639,0.127204,0.00225567,0.0322636,-0.476772,-0.0541176,-0.000510389,-0.0424833,0.461116,-0.0825012,8.5611,-0.0556418,0.0019803,0.0846869,0.614301,0.623937,1
7230,259.217,0.130803,0.00232321,0.0322652,-0.475691,-0.0541062,-0.000349077,-0.0448645,0.625842,0.104103,8.69529,-0.056527,0.00168478,0.0859008,0.614315,0.623934,1
7240,246.326,0.133857,0.00240971,0.0322857,-0.474595,-0.0540944,-0.000187701,-0.0472402,0.714057,0.137378,8.81922,-0.0572927,0.000703927,0.0865751,0.614315,0.623934,1
7250,232.589,0.136525,0.00250559,0.0323054,-0.473489,-0.0540821,-2.62242e-005,-0.0496104,0.810139,0.165753,8.83803,-0.0578156,-0.000757771,0.0868618,0.614315,0.623934,1
7260,208.552,0.138772,0.00261542,0.0323232,-0.47238,-0.0540693,0.000135351,-0.0519751,0.933809,0.156899,8.89334,-0.0583289,-0.00139999,0.0867232,0.614315,0.623934,1
7270,209.301,0.141061,0.0027352,0.0323578,-0.471264,-0.0540559,0.000297039,-0.0543342,0.981625,0.441598,8.95103,-0.0586152,-0.00106873,0.0866469,0.614315,0.623934,1
7280,207.874,0.143283,0.00286243,0.0324474,-0.470133,-0.0540419,0.000459022,-0.0566877,1.05786,0.998708,9.12192,-0.0583354,-0.000486882,0.0865276,0.614315,0.623934,1
7290,201.947,0.145387,0.00300319,0.0325958,-0.468987,-0.0540273,0.000621616,-0.0590355,1.23199,1.27943,9.18208,-0.0577486,-0.000314354,0.0863007,0.614459,0.623899,1
7300,182.726,0.146825,0.00315883,0.0327731,-0.467833,-0.0540119,0.000785026,-0.0613776,1.24174,1.5015,9.23761,-0.0574159,-0.000294847,0.0854042,0.614464,0.623899,1
7310,154.408,0.147798,0.00331079,0.0329582,-0.466677,-0.0539957,0.000949358,-0.0637138,1.17316,1.44677,9.24634,-0.0570867,-0.000404486,0.0840451,0.614464,0.623899,1
7320,152.289,0.148771,0.00344922,0.0331393,-0.46551,-0.0539788,0.0011146,-0.0660443,1.02942,1.44047,9.41106,-0.0563442,-0.000516807,0.0826984,0.614506,0.623886,1
7330,169.299,0.150378,0.00356755,0.0333134,-0.464323,-0.0539612,0.00128074,-0.0683689,0.862396,1.33915,9.57794,-0.0555795,-0.00034054,0.0819917,0.614757,0.623812,1
7340,196.448,0.152155,0.00367009,0.0334841,-0.46311,-0.0539431,0.00144773,-0.0706875,0.768653,1.34138,9.76775,-0.0555785,0.000318457,0.0814544,0.614757,0.623812,1
7350,206.212,0.153384,0.00375445,0.0336346,-0.461884,-0.0539246,0.00161554,-0.073,0.566172,1.07956,9.83167,-0.055998,0.000672809,0.0803674,0.614757,0.623812,1
7360,202.529,0.15375,0.00380858,0.0337589,-0.460647,-0.0539056,0.00178403,-0.0753063,0.291321,0.888208,9.92442,-0.0558759,0.000487043,0.0784253,0.614757,0.623812,1
7370,198.416,0.153876,0.00382757,0.0338531,-0.459402,-0.0538865,0.00195308,-0.0776065,0.0199197,0.644236,10.0013,-0.0550231,0.000232713,0.0762553,0.614757,0.623812,1
7380,199.862,0.154389,0.00381625,0.0339269,-0.458137,-0.0538674,0.00212253,-0.0799003,-0.190715,0.526652,10.1997,-0.0541734,0.000240978,0.0744764,0.61477,0.623812,1
7390,208.07,0.155378,0.00378144,0.0339883,-0.456847,-0.0538484,0.00229232,-0.0821878,-0.363773,0.522224,10.4477,-0.0539297,0.00027081,0.0731774,0.615128,0.623818,1
7400,218.314,0.156337,0.0037151,0.0340851,-0.455517,-0.0538297,0.00246248,-0.0844687,-0.625813,0.945232,10.7991,-0.0543884,0.000667078,0.0718569,0.615128,0.623818,1
7410,215.513,0.157101,0.00362867,0.0342252,-0.454146,-0.0538113,0.00263324,-0.0867429,-0.743729,1.3143,11.1269,-0.0551646,0.00151923,0.0703488,0.615128,0.623818,1
7420,217.473,0.157788,0.00352401,0.0344277,-0.452734,-0.0537934,0.00280486,-0.0890101,-0.858063,1.73565,11.3979,-0.0554938,0.00210183,0.0687675,0.615146,0.623821,1
7430,214.708,0.158527,0.00341663,0.0346497,-0.451296,-0.053776,0.00297754,-0.0912702,-0.853048,1.81195,11.6112,-0.0552096,0.00192382,0.0672465,0.615399,0.623875,1
7440,198.739,0.159434,0.0033103,0.0348783,-0.449825,-0.0537592,0.00315137,-0.093523,-0.850148,1.80985,11.8838,-0.0551321,0.00173842,0.0658991,0.615442,0.623886,1
7450,183.329,0.16075,0.00320447,0.0351045,-0.448321,-0.0537429,0.00332632,-0.0957684,-0.811729,1.89143,12.1565,-0.0557236,0.00195828,0.0649632,0.61555,0.623917,1
7460,159.033,0.162565,0.00310232,0.035339,-0.446785,-0.0537272,0.00350243,-0.0980062,-0.806053,1.84914,12.3601,-0.0561556,0.00206462,0.0645344,0.615635,0.623945,1
7470,164.629,0.164336,0.00300727,0.0355703,-0.44523,-0.0537119,0.0036797,-0.100236,-0.617387,1.97862,12.4985,-0.0559746,0.0018827,0.0640741,0.615746,0.623987,1
7480,165.43,0.165815,0.00293596,0.0358175,-0.443656,-0.0536971,0.00385817,-0.102458,-0.53533,1.95275,12.6469,-0.0558375,0.00181285,0.06333,0.615767,0.624003,1
7490,168.847,0.167259,0.00286829,0.036057,-0.44206,-0.0536825,0.00403786,-0.104673,-0.564885,1.87623,12.8647,-0.0563008,0.00164053,0.0625481,0.615768,0.624003,1
7500,171.689,0.169547,0.00278681,0.0362772,-0.440434,-0.0536684,0.00421872,-0.106879,-0.788344,1.53265,13.1277,-0.0569939,0.000781119,0.0626003,0.61581,0.624035,1
7510,172.937,0.172676,0.00268945,0.0364671,-0.438772,-0.0536547,0.00440058,-0.109077,-0.745453,1.51363,13.4259,-0.0576867,-3.66421e-005,0.0634946,0.615762,0.624391,1
7520,181.129,0.176054,0.00260512,0.0366583,-0.437077,-0.0536415,0.00458339,-0.111267,-0.589805,1.55184,13.6471,-0.0581891,0.000234817,0.0646746,0.615769,0.624678,1
7530,191.89,0.178738,0.00254281,0.0368592,-0.435359,-0.0536286,0.00476718,-0.113448,-0.40579,1.66928,13.7953,-0.0580829,0.00140576,0.0652026,0.615784,0.625149,1
7540,200.258,0.181045,0.00250348,0.0370765,-0.433626,-0.053616,0.00495201,-0.11562,-0.224934,1.79908,13.8853,-0.0573584,0.00226986,0.0653658,0.615815,0.625535,1
7550,207.335,0.183364,0.00248499,0.0373088,-0.431882,-0.0536035,0.00513797,-0.117784,-0.07879,1.9074,13.9938,-0.0566672,0.00260504,0.065537,0.61588,0.625883,1
7560,232.109,0.186312,0.00248177,0.0375512,-0.430123,-0.0535911,0.00532512,-0.119939,0.0211356,1.95251,14.1053,-0.0562361,0.00251798,0.0663333,0.616007,0.62636,1
7570,247.178,0.189528,0.00248888,0.037794,-0.428352,-0.0535787,0.00551348,-0.122085,0.0859709,1.91161,14.1886,-0.0558126,0.00201149,0.0673973,0.616135,0.626796,1
7580,264.164,0.192869,0.00250078,0.0380264,-0.426574,-0.0535662,0.00570304,-0.124223,0.0920289,1.79334,14.2015,-0.0554633,0.00141157,0.068589,0.616277,0.627277,1
7590,254.546,0.19589,0.00250944,0.0382416,-0.424799,-0.0535537,0.00589372,-0.126351,0.0405051,1.645,14.1731,-0.0555992,0.00158311,0.0694807,0.616407,0.627734,1
7600,246.477,0.198945,0.00250966,0.0384386,-0.423025,-0.0535412,0.00608542,-0.12847,-0.0428644,1.50271,14.1802,-0.0559391,0.00210236,0.07042,0.61649,0.628057,1
7610,245.675,0.201893,0.00249693,0.0386165,-0.421246,-0.0535286,0.00627807,-0.130581,-0.166546,1.33313,14.2552,-0.0559761,0.00192861,0.0712501,0.616548,0.628281,1
7620,248.266,0.20508,0.00246798,0.0387717,-0.419456,-0.0535162,0.00647155,-0.132683,-0.288364,1.14883,14.3483,-0.0557617,0.000878732,0.0723088,0.616596,0.628465,1
7630,256.411,0.20827,0.00242772,0.0389054,-0.417657,-0.053504,0.00666575,-0.134776,-0.343711,0.996603,14.3732,-0.0558349,-0.000244606,0.0733665,0.616709,0.628903,1
7640,261.33,0.211538,0.00238406,0.0390239,-0.415861,-0.0534919,0.00686058,-0.13686,-0.346903,0.905118,14.3265,-0.0560015,-0.00114795,0.074512,0.616819,0.629336,1
7650,267.829,0.2145,0.00234296,0.0391337,-0.414072,-0.0534801,0.00705598,-0.138934,-0.299594,0.855278,14.2537,-0.0558836,-0.00158645,0.0753779,0.616922,0.629749,1
7660,263.808,0.217449,0.00231213,0.0392381,-0.412292,-0.0534685,0.00725191,-0.141,-0.180454,0.805751,14.1963,-0.0556814,-0.00129125,0.07627,0.61698,0.630033,1
7670,265.212,0.220314,0.00230042,0.0393328,-0.410517,-0.053457,0.00744834,-0.143057,0.00107009,0.697504,14.1736,-0.0557346,-0.000659059,0.0770954,0.61701,0.630233,1
7680,258.711,0.223367,0.00231395,0.0394114,-0.408743,-0.0534455,0.00764521,-0.145105,0.219412,0.558199,14.1728,-0.0557695,-0.000912585,0.0780855,0.617042,0.630532,1
7690,257.297,0.226466,0.00235549,0.0394722,-0.406971,-0.0534338,0.00784243,-0.147145,0.440769,0.410508,14.1324,-0.0556613,-0.00188766,0.0791008,0.617081,0.631007,1
7700,266.302,0.229798,0.00242238,0.0395122,-0.405208,-0.0534219,0.0080399,-0.149175,0.616815,0.215655,14.0271,-0.0555937,-0.00246419,0.0803728,0.617103,0.631398,1
7710,266.216,0.232978,0.00250684,0.0395229,-0.403461,-0.0534095,0.0082375,-0.151197,0.722584,-0.054456,13.8763,-0.0555196,-0.00226144,0.0815348,0.617101,0.631529,1
7720,260.623,0.235899,0.00260134,0.0394966,-0.401734,-0.0533968,0.00843507,-0.15321,0.781244,-0.373347,13.7271,-0.0555555,-0.00230377,0.0824349,0.6171,0.631531,1
7730,241.249,0.23836,0.00269684,0.0394363,-0.400023,-0.0533835,0.00863241,-0.155214,0.729455,-0.576509,13.6245,-0.0562513,-0.00267437,0.0828603,0.617089,0.631553,1
7740,215.698,0.240941,0.00278686,0.0393443,-0.398323,-0.0533698,0.00882937,-0.15721,0.762236,-0.752726,13.5587,-0.0575598,-0.00268292,0.0834195,0.617057,0.631609,1
7750,190.011,0.243864,0.00287894,0.0392355,-0.396633,-0.0533556,0.00902583,-0.159197,0.709092,-0.962062,13.442,-0.0585036,-0.00227197,0.0843502,0.617012,0.631682,1
7760,186.964,0.247211,0.00296484,0.0391085,-0.39496,-0.053341,0.0092217,-0.161176,0.666207,-1.05359,13.2888,-0.0585795,-0.00236877,0.0857073,0.617005,0.631692,1
7770,180.556,0.250353,0.00305041,0.0389713,-0.393309,-0.053326,0.0094169,-0.163147,0.766112,-1.17181,13.0525,-0.0583637,-0.00269053,0.0868625,0.617005,0.631692,1
7780,176.386,0.253151,0.00315441,0.0387996,-0.39169,-0.0533105,0.00961135,-0.16511,0.839063,-1.45272,12.8667,-0.0584428,-0.00260019,0.0876951,0.617005,0.631692,1
7790,172.332,0.25545,0.00326197,0.0386071,-0.390086,-0.0532945,0.00980488,-0.167064,0.907961,-1.70442,12.7551,-0.0585151,-0.0021392,0.0880533,0.616936,0.63176,1
7800,175.316,0.257575,0.00337379,0.038385,-0.388494,-0.0532779,0.00999736,-0.16901,0.872044,-1.8471,12.6827,-0.0580638,-0.00182052,0.0882492,0.616874,0.631816,1
7810,168.113,0.259709,0.00347921,0.0381455,-0.386913,-0.0532607,0.0101887,-0.170949,0.810966,-1.97182,12.5879,-0.0571168,-0.00154422,0.0884665,0.616833,0.631848,1
7820,176.423,0.262092,0.00357678,0.0378931,-0.385345,-0.0532431,0.0103788,-0.17288,0.749065,-2.05965,12.4567,-0.0560317,-0.0016324,0.0889218,0.616811,0.631861,1
7830,186.095,0.264585,0.00366717,0.0376293,-0.383794,-0.053225,0.0105676,-0.174802,0.697696,-2.15879,12.3393,-0.0551539,-0.00236492,0.089459,0.616786,0.631873,1
7840,176.344,0.266543,0.00375203,0.0373524,-0.382254,-0.0532064,0.0107551,-0.176718,0.660417,-2.26319,12.28,-0.0547979,-0.00305386,0.0894629,0.616762,0.631879,1
7850,192.874,0.267414,0.00382613,0.0370864,-0.380722,-0.0531875,0.0109412,-0.178625,0.577911,-2.10602,12.2467,-0.0548349,-0.00259422,0.0884407,0.616762,0.631879,1
7860,200.202,0.267274,0.00389667,0.0368213,-0.379185,-0.0531682,0.0111259,-0.180525,0.548742,-2.12147,12.327,-0.0545177,-0.00138918,0.0864523,0.616762,0.631879,1
7870,189.475,0.267264,0.00396814,0.0365616,-0.377635,-0.0531485,0.0113094,-0.182417,0.625849,-2.1064,12.3503,-0.0537272,-0.000614166,0.0845806,0.616762,0.631879,1
7880,205.687,0.268015,0.00404863,0.0362996,-0.376085,-0.0531285,0.0114915,-0.184301,0.748544,-2.13399,12.4805,-0.0533777,-0.000468134,0.0834467,0.616616,0.631848,1
7890,219.377,0.269258,0.00414249,0.0360341,-0.374519,-0.053108,0.0116724,-0.186178,0.750116,-2.11494,12.5462,-0.053905,-0.000490595,0.0828044,0.616616,0.631848,1
7900,216.171,0.269832,0.00421913,0.0357639,-0.372935,-0.0530871,0.0118519,-0.188046,0.541107,-2.18215,12.747,-0.0547404,-0.000564577,0.081495,0.616616,0.631848,1
7910,227.258,0.26965,0.00428651,0.0354893,-0.371329,-0.0530658,0.01203,-0.189907,0.490471,-2.29959,12.9136,-0.0554409,-0.000406992,0.079446,0.616592,0.631841,1
7920,228.589,0.269093,0.00433911,0.0352101,-0.369695,-0.0530442,0.0122067,-0.19176,0.361911,-2.16592,13.1874,-0.0560363,0.000506229,0.0770625,0.616093,0.631705,1
7930,235.004,0.268899,0.00438555,0.0349435,-0.368032,-0.0530224,0.0123821,-0.193604,0.389536,-2.09134,13.3908,-0.0562209,0.00147607,0.0750546,0.615867,0.631666,1
7940,240.098,0.268861,0.00443973,0.0346875,-0.366345,-0.0530004,0.0125562,-0.19544,0.488172,-1.99816,13.5499,-0.0559344,0.00144966,0.0731756,0.615656,0.631627,1
7950,228.954,0.26901,0.00451027,0.0344542,-0.364632,-0.052978,0.012729,-0.197267,0.642224,-1.76936,13.7943,-0.0556701,0.000808676,0.0714653,0.615509,0.631602,1
7960,232.088,0.26921,0.0046008,0.0342385,-0.362896,-0.0529552,0.0129008,-0.199086,0.804556,-1.67657,13.958,-0.0556893,0.000661486,0.0698313,0.615485,0.631596,1
7970,228.688,0.269739,0.00471125,0.0340354,-0.361138,-0.052932,0.0130714,-0.200896,0.955811,-1.56469,14.1216,-0.0555602,0.000464221,0.0685354,0.61524,0.63154,1
7980,227.975,0.270126,0.00483792,0.033848,-0.359361,-0.0529081,0.0132411,-0.202697,1.05785,-1.4254,14.269,-0.0553493,-0.000690558,0.0670576,0.615215,0.631537,1
7990,207.491,0.270544,0.00497432,0.0336894,-0.357572,-0.0528836,0.01341,-0.20449,1.11855,-1.1233,14.328,-0.0554334,-0.0022625,0.0655874,0.61519,0.631533,1
