step,T,r,sn_vel[0],sn_vel[1],sn_vel[2],sn_crd[0],sn_crd[1],sn_crd[2],sn_f[0],sn_f[1],sn_f[2],target_crd[0],target_crd[1],target_crd[2],boundary[0],boundary[1],boundary[2]
3510,268.672,0.498207,-1.48646e-005,2.72476e-005,-0.500066,-0.0554361,-0.000279865,0.562726,-0.115836,0.206674,-0.509227,-0.0546006,-0.000527993,0.0645206,0.612809,0.634964,1
3520,259.222,0.496954,-2.96097e-005,5.30918e-005,-0.50013,-0.0554362,-0.000279664,0.560226,-0.119742,0.206837,-0.513445,-0.0540733,-0.000988876,0.0632741,0.612169,0.635044,1
3530,246.773,0.495313,-4.48506e-005,7.92195e-005,-0.500195,-0.0554364,-0.000279334,0.557725,-0.123717,0.211577,-0.522399,-0.054019,-0.00120434,0.0624146,0.611299,0.635124,1
3540,234.924,0.492821,-6.05898e-005,0.000106263,-0.500262,-0.0554367,-0.000278871,0.555224,-0.12812,0.221119,-0.538677,-0.0543853,-0.00109746,0.062405,0.610534,0.635087,1
3550,223.879,0.489642,-7.70034e-005,0.000134621,-0.50033,-0.055437,-0.000278269,0.552723,-0.13423,0.231815,-0.558828,-0.0550168,-0.000957043,0.0630811,0.609819,0.634996,1
3560,221.731,0.486361,-8.55755e-005,0.000168892,-0.500415,-0.0554374,-0.000277512,0.550221,-0.0577552,0.284159,-0.710193,-0.0557736,-0.00060331,0.0638602,0.6091,0.634934,1
3570,232.388,0.483416,-9.2799e-005,0.000204675,-0.500505,-0.0554379,-0.000276579,0.547718,-0.056879,0.286908,-0.721791,-0.0567809,4.73558e-006,0.0643043,0.608369,0.634836,1
3580,250.736,0.480847,-9.98032e-005,0.000232501,-0.500609,-0.0554383,-0.000275481,0.545216,-0.0540603,0.201512,-0.864488,-0.0580135,0.000432686,0.0643756,0.607823,0.634716,1
3590,276.041,0.478463,-0.00010625,0.000258043,-0.500718,-0.0554389,-0.000274255,0.542712,-0.0490539,0.207533,-0.878325,-0.0590455,0.000335062,0.0642634,0.607692,0.63465,1
3600,283.725,0.475975,-0.000112199,0.00028462,-0.500829,-0.0554394,-0.000272899,0.540208,-0.0466317,0.217413,-0.901308,-0.0594352,9.16198e-005,0.0642499,0.607692,0.63465,1
3610,304.415,0.473387,-0.000117993,0.000312404,-0.500943,-0.05544,-0.000271406,0.537704,-0.0457998,0.225826,-0.927836,-0.0592128,-1.21425e-005,0.0643319,0.607692,0.63465,1
3620,334.932,0.471017,-0.000123556,0.000340901,-0.501061,-0.0554406,-0.000269773,0.535199,-0.0424242,0.2285,-0.947192,-0.0585218,-2.88909e-005,0.0641918,0.607692,0.63465,1
3630,343.333,0.469157,-0.000136481,0.000364722,-0.501192,-0.0554412,-0.000268006,0.532693,-0.121703,0.176098,-1.08938,-0.0572436,-8.28729e-005,0.06354,0.607692,0.63465,1
3640,337.004,0.467591,-0.000151255,0.000386589,-0.501329,-0.0554419,-0.000266128,0.530187,-0.114111,0.174023,-1.10164,-0.0554649,-0.000237357,0.0625962,0.607692,0.63465,1
3650,313.532,0.465849,-0.000164966,0.000408511,-0.501468,-0.0554427,-0.00026414,0.52768,-0.104779,0.177134,-1.11891,-0.0537419,-0.000665385,0.0618339,0.607692,0.63465,1
3660,302.828,0.463688,-0.00017752,0.000431031,-0.50161,-0.0554436,-0.000262042,0.525172,-0.0960304,0.182458,-1.14057,-0.0526863,-0.00120842,0.0614935,0.607707,0.634584,1
3670,306.385,0.461262,-0.00018899,0.000453961,-0.501754,-0.0554445,-0.000259829,0.522664,-0.0872181,0.182619,-1.16111,-0.0522969,-0.00141527,0.0614146,0.607753,0.634473,1
3680,309.828,0.458807,-0.000194915,0.000473781,-0.501908,-0.0554455,-0.000257506,0.520155,0.000560706,0.127562,-1.30958,-0.0522554,-0.00116102,0.0613595,0.607869,0.634276,1
3690,314.639,0.456584,-0.00019447,0.000488609,-0.502073,-0.0554465,-0.000255099,0.517645,0.00599477,0.108264,-1.32694,-0.0524514,-0.000797215,0.0610712,0.60812,0.633922,1
3700,284.137,0.454648,-0.000193581,0.000500677,-0.50224,-0.0554474,-0.000252624,0.515134,0.00789505,0.0841541,-1.34508,-0.0530593,-0.00057515,0.0604923,0.608338,0.63367,1
3710,235.666,0.452954,-0.000192396,0.000509745,-0.502409,-0.0554484,-0.000250097,0.512622,0.0117083,0.0616116,-1.36689,-0.0540567,-0.000498514,0.0596711,0.608471,0.633512,1
3720,219.045,0.451391,-0.000190507,0.000516324,-0.502582,-0.0554493,-0.000247531,0.51011,0.019194,0.0443246,-1.39497,-0.055238,-0.000666487,0.0587193,0.608599,0.633372,1
3730,221.157,0.449722,-0.000187386,0.000521081,-0.502759,-0.0554503,-0.000244937,0.507597,0.0309756,0.0325419,-1.43425,-0.0562689,-0.000920987,0.0578762,0.608835,0.633131,1
3740,241.845,0.447695,-0.000182906,0.000524512,-0.502942,-0.0554512,-0.000242322,0.505082,0.0395334,0.0218096,-1.48549,-0.056748,-0.000768919,0.05739,0.609165,0.632807,1
3750,281.008,0.445464,-0.000177795,0.000526377,-0.503131,-0.0554521,-0.000239694,0.502567,0.0405148,0.00730397,-1.54257,-0.0564093,-5.68639e-005,0.057104,0.609431,0.632559,1
3760,313.386,0.443407,-0.000173215,0.000526129,-0.503328,-0.055453,-0.000237062,0.500051,0.0315609,-0.0119203,-1.59302,-0.0555869,0.000589348,0.0566453,0.609647,0.632377,1
3770,323.634,0.441653,-0.00016991,0.000523448,-0.503529,-0.0554539,-0.000234437,0.497534,0.0217682,-0.0301176,-1.6312,-0.0546913,0.000662548,0.0558823,0.609908,0.632175,1
3780,336.952,0.439852,-0.000167525,0.000518694,-0.503735,-0.0554547,-0.000231831,0.495016,0.0180569,-0.0458043,-1.65967,-0.0538529,0.000263494,0.0551667,0.610044,0.632087,1
3790,341.979,0.43762,-0.000164865,0.000511994,-0.503945,-0.0554555,-0.000229253,0.492497,0.0261796,-0.0616152,-1.68598,-0.0530943,-0.000210465,0.0548834,0.610044,0.632087,1
3800,321.189,0.43495,-0.000160122,0.000487856,-0.50417,-0.0554563,-0.000226752,0.489976,0.0481321,-0.0928052,-1.92148,-0.0528272,-0.000606049,0.0550341,0.610044,0.632087,1
3810,293.22,0.432085,-0.000152894,0.000474228,-0.504413,-0.0554571,-0.000224345,0.487455,0.0667599,-0.126133,-1.96193,-0.0532564,-0.000707861,0.0553759,0.610044,0.632087,1
3820,277.95,0.429116,-0.000143784,0.000455903,-0.504662,-0.0554579,-0.000222017,0.484932,0.0770691,-0.167629,-2.00403,-0.0542077,-0.000315903,0.0558181,0.610376,0.63201,1
3830,284.554,0.425934,-0.000134055,0.000432427,-0.504915,-0.0554586,-0.000219795,0.482408,0.0765184,-0.205883,-2.05078,-0.0552401,0.0004099,0.0564748,0.610525,0.631997,1
3840,308.398,0.422497,-0.000124966,0.000404759,-0.505175,-0.0554592,-0.0002177,0.479883,0.0684396,-0.234252,-2.11002,-0.056189,0.000948294,0.0573882,0.610525,0.631997,1
3850,328.472,0.41898,-0.000116606,0.000373891,-0.505445,-0.0554598,-0.000215751,0.477356,0.0959446,-0.344692,-2.30225,-0.0569912,0.00124906,0.0583816,0.610525,0.631997,1
3860,325.313,0.415616,-0.000104521,0.0003295,-0.505738,-0.0554604,-0.000213992,0.474828,0.0981528,-0.364734,-2.38381,-0.0576615,0.00155476,0.0592225,0.610525,0.631997,1
3870,314.081,0.412474,-8.32666e-005,0.000273011,-0.506056,-0.0554608,-0.000212483,0.472299,0.17927,-0.46951,-2.57913,-0.0579995,0.00195813,0.0598389,0.610698,0.631996,1
3880,307.333,0.409447,-6.02755e-005,0.000211653,-0.506382,-0.0554612,-0.000211269,0.469768,0.187658,-0.514103,-2.64086,-0.0577137,0.00234806,0.0603353,0.61123,0.631968,1
3890,309.731,0.406219,-3.6647e-005,0.000143262,-0.506717,-0.0554614,-0.000210377,0.467235,0.158631,-0.665848,-2.82381,-0.0567285,0.00267841,0.0610285,0.612082,0.631906,1
3900,300.748,0.402495,-1.69729e-005,5.55242e-005,-0.507075,-0.0554616,-0.000209876,0.464701,0.155153,-0.735463,-2.90013,-0.055544,0.00261018,0.0622157,0.612983,0.631823,1
3910,265.109,0.398341,1.98643e-006,-3.99361e-005,-0.507443,-0.0554616,-0.000209835,0.462164,0.146592,-0.785977,-2.97348,-0.0547531,0.00182213,0.0638292,0.613437,0.631797,1
3920,230.203,0.394384,1.96568e-005,-0.000140375,-0.507819,-0.0554616,-0.000210284,0.459626,0.136797,-0.814365,-3.03001,-0.0544256,0.000564466,0.0652439,0.613437,0.631797,1
3930,222.069,0.391181,4.04773e-005,-0.000244394,-0.508203,-0.0554614,-0.000211242,0.457086,0.260399,-0.874648,-3.1424,-0.0542495,-0.000315995,0.0659076,0.613437,0.631797,1
3940,243.162,0.388572,7.06073e-005,-0.000357766,-0.508603,-0.0554611,-0.000212742,0.454544,0.203017,-0.96167,-3.28616,-0.0541485,-0.000364601,0.0659745,0.613437,0.631797,1
3950,260.226,0.385736,8.25823e-005,-0.000487697,-0.509027,-0.0554607,-0.000214853,0.452,0.0903937,-1.05245,-3.42046,-0.0542999,0.000193578,0.0662663,0.613708,0.631896,1
3960,238.672,0.382246,9.37619e-005,-0.000620978,-0.50946,-0.0554603,-0.000217624,0.449454,0.0877039,-1.0745,-3.49622,-0.0546666,0.000833198,0.0672102,0.614221,0.632101,1
3970,207.269,0.378525,0.000104233,-0.000755334,-0.509903,-0.0554598,-0.000221065,0.446906,0.0779668,-1.06764,-3.5855,-0.0551419,0.00119896,0.068383,0.614533,0.632251,1
3980,178.106,0.375375,0.000113128,-0.00088723,-0.510357,-0.0554593,-0.000225173,0.444355,0.0647959,-1.03581,-3.67438,-0.055811,0.00099685,0.0689819,0.614694,0.63235,1
3990,192.816,0.373013,0.000120575,-0.00101418,-0.510822,-0.0554587,-0.000229929,0.441802,0.0544334,-0.995384,-3.75341,-0.0567061,0.000344127,0.0687915,0.614694,0.63235,1
4000,232.032,0.37097,0.000127671,-0.00113586,-0.5113,-0.0554581,-0.000235308,0.439247,0.0840169,-0.885846,-3.97117,-0.0574808,-0.000231129,0.068282,0.614694,0.63235,1
4010,261.502,0.368415,0.00013462,-0.00123845,-0.511816,-0.0554574,-0.000241249,0.436689,0.0421316,-0.80861,-4.2274,-0.0579382,-0.000449023,0.0682826,0.614694,0.63235,1
4020,280.048,0.365088,0.000130192,-0.00134432,-0.512366,-0.0554567,-0.000247701,0.434128,-0.0853169,-0.879569,-4.52159,-0.0581739,-0.000626169,0.0690504,0.614694,0.63235,1
4030,278.006,0.361624,0.000120247,-0.00145818,-0.512946,-0.0554561,-0.000254704,0.431565,-0.0235654,-0.948397,-4.80934,-0.0582587,-0.000830259,0.0699526,0.614694,0.63235,1
4040,281.489,0.359091,0.000114811,-0.00157842,-0.513556,-0.0554555,-0.000262295,0.428999,-0.0602367,-0.964414,-4.91647,-0.0581384,-0.000592266,0.0699182,0.614694,0.63235,1
4050,300.511,0.357878,0.000106108,-0.0016978,-0.514173,-0.055455,-0.000270486,0.42643,-0.074544,-0.939759,-4.93479,-0.0579372,0.000274212,0.0685607,0.614694,0.63235,1
4060,285.864,0.357364,9.74408e-005,-0.00181319,-0.51479,-0.0554545,-0.000279266,0.423857,-0.0596536,-0.903268,-4.91452,-0.0577907,0.00142784,0.0665053,0.614694,0.63235,1
4070,266.508,0.356595,9.82159e-005,-0.00192323,-0.515412,-0.055454,-0.00028861,0.421282,0.191852,-0.801877,-5.12444,-0.0577867,0.00268685,0.0647063,0.614694,0.63235,1
4080,290.293,0.355337,0.000129452,-0.00201923,-0.516064,-0.0554534,-0.000298471,0.418703,0.301702,-0.743257,-5.2917,-0.0579191,0.00391861,0.0633996,0.614746,0.632413,1
4090,323.922,0.353855,0.000169799,-0.00211454,-0.51673,-0.0554527,-0.000308804,0.416121,0.342118,-0.783852,-5.35482,-0.0581633,0.00451503,0.0623088,0.615038,0.632746,1
4100,349.11,0.35253,0.000215278,-0.00221529,-0.517404,-0.0554517,-0.000319626,0.413536,0.384912,-0.820399,-5.41669,-0.0582059,0.00399989,0.0610427,0.615389,0.633169,1
4110,344.408,0.351263,0.000265618,-0.00231846,-0.518086,-0.0554505,-0.000330961,0.410947,0.416875,-0.823671,-5.47649,-0.0577536,0.0027102,0.0597047,0.615792,0.633678,1
4120,313.298,0.349599,0.000307664,-0.00241311,-0.518785,-0.0554491,-0.000342796,0.408355,0.307968,-0.714476,-5.66646,-0.056769,0.00133924,0.0587625,0.616169,0.63416,1
4130,290.752,0.347268,0.00034517,-0.00249872,-0.519503,-0.0554474,-0.000355079,0.405759,0.287395,-0.655105,-5.81515,-0.055541,0.000461343,0.058492,0.616499,0.634585,1
4140,273.728,0.344665,0.000369277,-0.00257584,-0.520253,-0.0554456,-0.000367769,0.40316,0.146998,-0.587816,-6.1054,-0.054138,0.000537363,0.0584988,0.61666,0.634809,1
4150,280.375,0.342381,0.000377175,-0.00263867,-0.521041,-0.0554438,-0.00038081,0.400556,0.0246282,-0.470968,-6.38392,-0.0527242,0.00136363,0.0581903,0.61666,0.634809,1
4160,287.868,0.340573,0.000377062,-0.00269417,-0.521847,-0.0554419,-0.000394146,0.397949,-0.0257406,-0.407967,-6.48694,-0.0516084,0.00187698,0.0574052,0.61666,0.634809,1
4170,276.258,0.3388,0.000370613,-0.00273914,-0.522663,-0.05544,-0.000407734,0.395338,-0.0763938,-0.305738,-6.56374,-0.0510526,0.00133343,0.0565712,0.61666,0.634809,1
4180,262.923,0.336483,0.00035833,-0.00276941,-0.523491,-0.0554382,-0.000421513,0.392723,-0.120235,-0.174978,-6.66895,-0.050896,0.000284871,0.0562707,0.61666,0.634809,1
4190,265.402,0.333337,0.000340425,-0.00278345,-0.524335,-0.0554364,-0.000435401,0.390103,-0.162457,-0.0538905,-6.83056,-0.051233,-0.000347429,0.0567926,0.61666,0.634809,1
4200,292.159,0.329683,0.000319437,-0.00278379,-0.525201,-0.0554348,-0.000449325,0.387479,-0.165764,0.0456597,-6.99695,-0.0523712,-0.000353523,0.0578103,0.61666,0.634809,1
4210,314.129,0.326297,0.000300432,-0.00277288,-0.526085,-0.0554332,-0.000463221,0.384851,-0.132442,0.125985,-7.11701,-0.0543513,-8.00197e-005,0.0585556,0.61666,0.634809,1
4220,304.618,0.323763,0.000286746,-0.00275197,-0.526979,-0.0554318,-0.000477037,0.382218,-0.090392,0.212609,-7.16568,-0.0564935,0.0001913,0.0584579,0.61666,0.634809,1
4230,279.164,0.321969,0.000276067,-0.0027184,-0.527878,-0.0554304,-0.000490719,0.379581,-0.0861354,0.329633,-7.19318,-0.0582916,4.28475e-007,0.057625,0.61666,0.634809,1
4240,266.788,0.32022,0.000263943,-0.00266771,-0.528781,-0.055429,-0.000504193,0.37694,-0.112604,0.485617,-7.24594,-0.0595402,-0.000817487,0.0567458,0.616678,0.634941,1
4250,277.852,0.317999,0.00024737,-0.00259663,-0.529694,-0.0554277,-0.000517363,0.374293,-0.149197,0.647635,-7.3413,-0.0601205,-0.00160034,0.0563305,0.616744,0.635267,1
4260,300.56,0.315391,0.000227584,-0.0025065,-0.530618,-0.0554265,-0.000530128,0.371643,-0.165244,0.788071,-7.43187,-0.0599352,-0.00157939,0.0562856,0.61685,0.6357,1
4270,303.453,0.31293,0.000206586,-0.00240092,-0.531554,-0.0554255,-0.000542402,0.368987,-0.165423,0.892466,-7.52544,-0.0591318,-0.00122788,0.0560797,0.616998,0.636297,1
4280,300.499,0.310593,0.000186838,-0.00228402,-0.532503,-0.0554245,-0.000554119,0.366327,-0.152982,0.974557,-7.63454,-0.0578051,-0.00118172,0.0557442,0.617065,0.636629,1
4290,296.232,0.307947,0.000167198,-0.00215714,-0.533468,-0.0554236,-0.000565226,0.363662,-0.162902,1.05316,-7.80834,-0.0562236,-0.0012501,0.0557169,0.617064,0.636633,1
4300,290.542,0.304723,0.000145619,-0.00201956,-0.534459,-0.0554228,-0.000575673,0.360992,-0.184904,1.15035,-8.01735,-0.0550331,-0.001081,0.0562705,0.617064,0.636633,1
4310,284.894,0.301381,0.000120883,-0.00186829,-0.535475,-0.0554221,-0.000585399,0.358318,-0.206128,1.26666,-8.21076,-0.0548861,-0.00103513,0.0569377,0.617064,0.636633,1
4320,272.572,0.298414,9.47925e-005,-0.00170368,-0.536511,-0.0554216,-0.000594333,0.355638,-0.211392,1.35488,-8.33348,-0.055562,-0.00118334,0.0572237,0.617064,0.636633,1
4330,254.556,0.295938,6.79349e-005,-0.00153203,-0.53756,-0.0554212,-0.000602424,0.352952,-0.215645,1.37719,-8.43754,-0.0563738,-0.0012669,0.0570166,0.617059,0.63664,1
4340,249.89,0.293622,4.07372e-005,-0.00136013,-0.538624,-0.0554209,-0.000609654,0.350262,-0.222862,1.37078,-8.57739,-0.0570155,-0.00117313,0.0566445,0.617049,0.63665,1
4350,246.271,0.291245,1.18357e-005,-0.00118807,-0.53971,-0.0554208,-0.000616025,0.347566,-0.235827,1.38374,-8.7748,-0.0576113,-0.00100121,0.0563298,0.617049,0.63665,1
4360,245.412,0.288675,-1.79344e-005,-0.00101145,-0.540821,-0.0554208,-0.000621527,0.344865,-0.24073,1.44944,-8.97796,-0.0581291,-0.000489546,0.0562022,0.617049,0.63665,1
4370,247.357,0.285909,-4.72055e-005,-0.000823026,-0.541957,-0.055421,-0.00062612,0.342158,-0.216899,1.56731,-9.16507,-0.0582648,0.000109649,0.0562641,0.617049,0.63665,1
4380,236.13,0.282903,-7.12747e-005,-0.000618352,-0.543113,-0.0554213,-0.00062973,0.339445,-0.17224,1.70264,-9.30147,-0.057823,5.83018e-005,0.0565537,0.616863,0.636668,1
4390,228.297,0.279972,-9.12681e-005,-0.000397986,-0.544285,-0.0554217,-0.000632277,0.336727,-0.150038,1.81049,-9.43091,-0.0567801,-0.000678456,0.0567576,0.616539,0.636651,1
4400,234.888,0.277369,-0.000111359,-0.00016804,-0.545473,-0.0554222,-0.000633694,0.334002,-0.184488,1.84894,-9.5527,-0.0553897,-0.00115502,0.0566336,0.616515,0.636643,1
4410,241.55,0.274958,-0.000138392,6.07667e-005,-0.546677,-0.0554228,-0.000633959,0.331272,-0.242976,1.79374,-9.67392,-0.0540747,-0.00117968,0.0563177,0.616515,0.636643,1
4420,223.717,0.272169,-0.000171701,0.000278979,-0.547894,-0.0554236,-0.000633104,0.328536,-0.288175,1.68868,-9.78071,-0.0532303,-0.00139705,0.0563765,0.6165,0.636623,1
4430,205.496,0.268693,-0.000208359,0.000483123,-0.549126,-0.0554245,-0.000631193,0.325793,-0.286321,1.57776,-9.90558,-0.0528355,-0.00195873,0.057116,0.6165,0.636623,1
4440,203.044,0.264686,-0.000242536,0.000675801,-0.550374,-0.0554257,-0.000628292,0.323044,-0.260266,1.50653,-10.0368,-0.0527949,-0.00223813,0.0583764,0.616184,0.636605,1
4450,226.372,0.26055,-0.000271997,0.000861255,-0.551641,-0.0554269,-0.000624447,0.320289,-0.20258,1.46212,-10.2221,-0.0530673,-0.00210562,0.0597541,0.615915,0.636561,1
4460,268.721,0.256341,-0.000292909,0.00104279,-0.552935,-0.0554284,-0.000619685,0.317528,-0.131005,1.43642,-10.4624,-0.0537363,-0.00158744,0.0611945,0.615434,0.636452,1
4470,293.783,0.251968,-0.000302884,0.00121911,-0.554261,-0.0554299,-0.000614027,0.31476,-0.0219359,1.37449,-10.7262,-0.0546716,-0.000299651,0.0627933,0.614907,0.636299,1
4480,305.302,0.247545,-0.000299193,0.00138507,-0.555617,-0.0554314,-0.000607511,0.311985,0.0770993,1.26893,-10.9397,-0.0557444,0.00168485,0.0644513,0.614434,0.636165,1
4490,301.793,0.243395,-0.000282593,0.00153655,-0.556996,-0.0554328,-0.000600202,0.309204,0.190725,1.16275,-11.0736,-0.0567375,0.00310011,0.06584,0.613831,0.635983,1
4500,314.955,0.239519,-0.000253264,0.00167969,-0.558386,-0.0554342,-0.00059216,0.306415,0.269152,1.13501,-11.1343,-0.057434,0.00308536,0.0669328,0.613013,0.63571,1
4510,322.876,0.235918,-0.000215918,0.00182307,-0.559784,-0.0554353,-0.000583404,0.30362,0.325679,1.16529,-11.2055,-0.0575219,0.00225721,0.0677281,0.612539,0.635153,1
4520,295.383,0.232606,-0.000172115,0.00197164,-0.561193,-0.0554363,-0.000573919,0.300817,0.380375,1.19991,-11.3163,-0.0571281,0.00144793,0.0682258,0.612101,0.634697,1
4530,273.392,0.229465,-0.00011799,0.0021205,-0.562618,-0.0554371,-0.000563687,0.298008,0.489209,1.16701,-11.4491,-0.056521,0.00065038,0.0685486,0.611789,0.634226,1
4540,271.351,0.226085,-5.26731e-005,0.00227089,-0.564066,-0.0554375,-0.000552712,0.295191,0.562445,1.18413,-11.6658,-0.0559044,-5.36246e-005,0.0691069,0.611691,0.633948,1
4550,252.66,0.222262,2.28174e-005,0.00241231,-0.565535,-0.0554376,-0.000541,0.292367,0.656559,1.20767,-11.8816,-0.0553277,-0.000314275,0.0701051,0.611606,0.633659,1
4560,238.213,0.218425,0.000102136,0.00256304,-0.567029,-0.0554372,-0.000528563,0.289536,0.600155,1.21958,-12.0028,-0.0549305,-0.000479376,0.0711112,0.611481,0.633304,1
4570,241.822,0.215307,0.000172933,0.00272238,-0.568539,-0.0554366,-0.000515356,0.286697,0.533986,1.33892,-12.1139,-0.054551,-0.00104823,0.0713922,0.611336,0.632992,1
4580,249.23,0.213238,0.000238005,0.00289577,-0.570062,-0.0554355,-0.000501314,0.28385,0.522311,1.40235,-12.2367,-0.0541754,-0.00153883,0.0706187,0.611249,0.632804,1
4590,274.365,0.211765,0.000307242,0.00306598,-0.571602,-0.0554342,-0.000486403,0.280996,0.589467,1.28956,-12.3655,-0.0542431,-0.00114108,0.0692351,0.611189,0.632637,1
4600,303.105,0.210235,0.000386061,0.00320937,-0.573159,-0.0554324,-0.000470698,0.278134,0.672875,0.966127,-12.5146,-0.0550546,-5.92082e-005,0.0679001,0.611189,0.632637,1
4610,319.102,0.20823,0.000472939,0.00329609,-0.57474,-0.0554303,-0.000454401,0.275264,0.697587,0.403677,-12.7601,-0.0558668,0.000931856,0.0670392,0.611189,0.632637,1
4620,322.853,0.205942,0.000559032,0.00332011,-0.576348,-0.0554277,-0.000437838,0.272387,0.667742,-0.0093074,-12.9334,-0.0559015,0.00131367,0.0664523,0.611189,0.632637,1
4630,313.314,0.203745,0.00063663,0.00329802,-0.577978,-0.0554247,-0.000421274,0.269501,0.498512,-0.522964,-13.2807,-0.0555171,0.000895819,0.06576,0.611189,0.632637,1
4640,308.096,0.201889,0.000697928,0.00321178,-0.579663,-0.0554214,-0.000404984,0.266607,0.433407,-0.796116,-13.602,-0.0555709,-0.000182207,0.0647179,0.611189,0.632637,1
4650,312.413,0.200062,0.000751507,0.00311474,-0.581391,-0.0554177,-0.000389166,0.263704,0.34109,-0.818301,-13.9571,-0.0559677,-0.00102143,0.0636445,0.611266,0.632505,1
4660,328.265,0.197733,0.000778342,0.00300356,-0.583155,-0.0554139,-0.000373862,0.260793,0.0807447,-0.962308,-14.2098,-0.0559702,-0.000690358,0.0630612,0.611328,0.632361,1
4670,330.167,0.194611,0.000769409,0.00287656,-0.584943,-0.05541,-0.000359158,0.257873,-0.234239,-1.04269,-14.342,-0.0552478,0.000382768,0.0632631,0.61143,0.632081,1
4680,284.707,0.191265,0.000715963,0.00273581,-0.586747,-0.0554063,-0.000345121,0.254943,-0.669448,-1.13158,-14.4814,-0.0541304,0.000866232,0.0636865,0.611467,0.63195,1
4690,235.265,0.188651,0.000618359,0.00259444,-0.588559,-0.0554029,-0.000331793,0.252005,-0.869298,-1.17027,-14.484,-0.0531805,0.000465929,0.0633688,0.611519,0.631716,1
4700,213.886,0.187121,0.000505832,0.00243743,-0.590374,-0.0554001,-0.000319204,0.249058,-0.897373,-1.3492,-14.531,-0.0527896,-0.000101798,0.061955,0.611574,0.631402,1
4710,220.357,0.185744,0.000398477,0.00225647,-0.592198,-0.0553979,-0.000307459,0.246101,-0.809179,-1.53429,-14.6071,-0.0530861,-0.000558107,0.0603718,0.611601,0.631175,1
4720,241.39,0.183559,0.000305976,0.00205624,-0.594028,-0.0553961,-0.000296671,0.243136,-0.659901,-1.65081,-14.6165,-0.0537899,-0.000932836,0.0595847,0.611601,0.631175,1
4730,257.885,0.180586,0.00021912,0.00186336,-0.595867,-0.0553948,-0.00028688,0.240161,-0.638729,-1.5243,-14.6536,-0.054644,-0.000696724,0.0595773,0.611601,0.631175,1
4740,263.768,0.177632,0.000149688,0.0016703,-0.597689,-0.0553939,-0.000278043,0.237177,-0.46688,-1.56912,-14.4689,-0.0558628,0.000199278,0.0595465,0.611601,0.631175,1
4750,257.02,0.174947,0.000101272,0.00146838,-0.599492,-0.0553933,-0.000270192,0.234184,-0.30965,-1.6519,-14.3465,-0.057677,0.000762813,0.0592553,0.611601,0.631175,1
4760,259.802,0.172403,8.42353e-005,0.001256,-0.601291,-0.0553928,-0.000263377,0.231182,0.000917478,-1.72037,-14.4042,-0.059421,0.000594447,0.0588281,0.611601,0.631175,1
4770,276.513,0.169608,9.35088e-005,0.00103981,-0.603097,-0.0553924,-0.000257636,0.228171,0.139585,-1.7477,-14.4376,-0.0603118,0.000652888,0.0586373,0.611601,0.631175,1
4780,263.201,0.16645,0.000128255,0.000812419,-0.604897,-0.0553919,-0.000252997,0.225151,0.398862,-1.88287,-14.3307,-0.0600892,0.00123625,0.0587744,0.611601,0.631175,1
4790,257.528,0.162885,0.000184231,0.000570394,-0.606687,-0.0553911,-0.000249534,0.222122,0.485548,-1.95288,-14.3822,-0.0590029,0.00167322,0.0592888,0.611601,0.631175,1
4800,267.614,0.159223,0.000244744,0.000320913,-0.608481,-0.05539,-0.000247302,0.219084,0.468646,-2.0243,-14.2867,-0.0574038,0.00190433,0.0598885,0.61165,0.631034,1
4810,259.258,0.155666,0.000297999,6.18776e-005,-0.610265,-0.0553886,-0.000246339,0.216038,0.37671,-2.13679,-14.2203,-0.0560047,0.00234501,0.0603943,0.611698,0.630854,1
4820,243.006,0.152396,0.000337545,-0.000219681,-0.612052,-0.0553871,-0.000246724,0.212982,0.166949,-2.28981,-14.3606,-0.0552119,0.0023923,0.0606083,0.611731,0.630701,1
4830,225.184,0.149316,0.000351966,-0.000514004,-0.613843,-0.0553853,-0.000248551,0.209917,0.0502552,-2.43284,-14.249,-0.0549483,0.0014744,0.060612,0.611758,0.630532,1
4840,202.304,0.146272,0.000349575,-0.0008289,-0.615619,-0.0553836,-0.0002519,0.206843,-0.0701035,-2.57447,-14.1365,-0.055113,0.000460887,0.0605732,0.611781,0.630318,1
4850,200.969,0.142877,0.000341082,-0.00115904,-0.617382,-0.0553818,-0.000256862,0.203761,-0.0424439,-2.72646,-14.0202,-0.0560212,0.000399375,0.0608863,0.611816,0.629986,1
4860,220.501,0.139323,0.000344118,-0.0015086,-0.619127,-0.0553801,-0.000263526,0.20067,0.0930191,-2.81375,-13.8562,-0.0572998,0.000909295,0.061365,0.611876,0.629508,1
4870,222.882,0.135921,0.000357395,-0.0018622,-0.620847,-0.0553784,-0.00027195,0.19757,0.0953525,-2.87934,-13.6009,-0.0580953,0.00126461,0.061684,0.611943,0.629056,1
4880,208.137,0.132844,0.000369693,-0.0022324,-0.622529,-0.0553766,-0.00028218,0.194461,0.117363,-3.01111,-13.2956,-0.0580976,0.00155537,0.0616574,0.611998,0.628768,1
4890,187.443,0.129747,0.000385565,-0.00262073,-0.624176,-0.0553747,-0.0002943,0.191344,0.117163,-3.23166,-13.0263,-0.0578722,0.00167528,0.0616363,0.612031,0.628646,1
4900,198.564,0.126631,0.000398086,-0.00303012,-0.625797,-0.0553727,-0.000308428,0.18822,0.0908746,-3.22851,-12.9087,-0.0575172,0.001117,0.0616146,0.612031,0.628646,1
4910,228.939,0.123706,0.000405907,-0.00342828,-0.627408,-0.0553707,-0.000324577,0.185086,0.0168363,-3.16387,-12.8315,-0.0566781,0.000506446,0.0613898,0.612031,0.628646,1
4920,273.652,0.12107,0.000403571,-0.00381368,-0.62901,-0.0553687,-0.000342694,0.181945,-0.0416148,-2.95494,-12.7629,-0.0553812,0.000755969,0.0608802,0.612031,0.628646,1
4930,277.237,0.118171,0.00039484,-0.00417562,-0.6306,-0.0553667,-0.000362671,0.178796,-0.101628,-2.85857,-12.6395,-0.0540909,0.00144268,0.0606462,0.612031,0.628646,1
4940,260.015,0.114649,0.000378802,-0.0045161,-0.632176,-0.0553647,-0.00038442,0.175639,-0.158605,-2.51795,-12.542,-0.0529248,0.00188622,0.0610391,0.612031,0.628646,1
4950,240.398,0.110751,0.000353716,-0.0048078,-0.633739,-0.0553629,-0.000407748,0.172475,-0.233108,-2.15571,-12.4344,-0.0518465,0.00248062,0.0618167,0.612031,0.628646,1
4960,230.238,0.106881,0.000314189,-0.00503847,-0.635298,-0.0553612,-0.000432394,0.169302,-0.2743,-1.58194,-12.4369,-0.0510201,0.0032503,0.0625729,0.612031,0.628646,1
4970,241.853,0.102878,0.000304546,-0.00521391,-0.636854,-0.0553597,-0.000458038,0.166122,0.034185,-1.3151,-12.3736,-0.0507535,0.00321843,0.0634131,0.612031,0.628646,1
4980,264.634,0.0986769,0.000318769,-0.0053688,-0.638392,-0.0553581,-0.000484502,0.162934,0.163572,-1.18022,-12.1958,-0.0513449,0.00227294,0.0643769,0.612056,0.628546,1
4990,280.119,0.0946202,0.000336031,-0.00551646,-0.639905,-0.0553565,-0.000511715,0.159738,0.0792597,-1.16246,-11.9776,-0.0530095,0.00172545,0.0651732,0.612101,0.628321,1
5000,301.321,0.0909659,0.000330057,-0.00564393,-0.64139,-0.0553548,-0.000539635,0.156535,-0.198307,-0.825316,-11.745,-0.0553341,0.00180972,0.0655991,0.612129,0.628141,1
5010,296.641,0.0875051,0.000288151,-0.00571858,-0.642844,-0.0553533,-0.000568067,0.153324,-0.440644,-0.338441,-11.4815,-0.0571927,0.00145538,0.0658616,0.612155,0.627949,1
5020,295.706,0.0840733,0.000228088,-0.00572521,-0.644265,-0.055352,-0.000596704,0.150106,-0.493104,0.172832,-11.2363,-0.057806,0.000555784,0.0660766,0.612194,0.627742,1
5030,312.302,0.0805614,0.000168935,-0.005694,-0.645655,-0.055351,-0.000625258,0.146881,-0.447783,0.288031,-10.952,-0.0576527,0.000138449,0.0663564,0.612194,0.627742,1
5040,309.227,0.0768242,0.000111582,-0.00566232,-0.647004,-0.0553503,-0.000653643,0.14365,-0.493481,0.182253,-10.5989,-0.0576378,0.000242689,0.0668648,0.612194,0.627742,1
5050,292.358,0.0726749,4.48924e-005,-0.00564758,-0.648309,-0.0553499,-0.000681912,0.140411,-0.551087,0.0862333,-10.266,-0.0576461,0.000407422,0.0677809,0.612194,0.627742,1
5060,260.003,0.0682412,-1.25625e-005,-0.00562744,-0.649576,-0.0553498,-0.000710111,0.137167,-0.289063,0.289627,-9.98382,-0.0570183,0.000868393,0.0689641,0.612194,0.627742,1
5070,242.505,0.0638693,-1.90067e-005,-0.00556995,-0.650808,-0.0553499,-0.000738122,0.133916,0.169954,0.624837,-9.70106,-0.055768,0.00152513,0.0700878,0.612194,0.627742,1
5080,258.778,0.0596721,1.94573e-005,-0.00548297,-0.652003,-0.0553499,-0.000765758,0.130659,0.398013,0.675335,-9.39177,-0.0548561,0.00127619,0.0710235,0.612194,0.627742,1
5090,282.674,0.055663,7.4091e-005,-0.0054227,-0.653159,-0.0553497,-0.000792997,0.127396,0.458628,0.208292,-9.06899,-0.0549197,-5.56792e-005,0.0717393,0.612248,0.627647,1
5100,286.648,0.0516933,0.000127012,-0.00544683,-0.654272,-0.0553492,-0.000820126,0.124127,0.360004,-0.621936,-8.72761,-0.0558631,-0.00119183,0.0724378,0.612248,0.627647,1
5110,292.079,0.0477916,0.000161102,-0.00557567,-0.655343,-0.0553485,-0.000847642,0.120853,0.166758,-1.36927,-8.36912,-0.0568643,-0.0016119,0.0730917,0.612248,0.627647,1
5120,301.145,0.04397,0.000157781,-0.00575944,-0.656366,-0.0553476,-0.000875976,0.117574,-0.262477,-1.44934,-7.98373,-0.0573483,-0.00205666,0.0736652,0.612362,0.627551,1
5130,297.67,0.040359,9.09427e-005,-0.00591675,-0.65734,-0.055347,-0.00090519,0.11429,-0.808015,-1.02152,-7.56466,-0.0571217,-0.00257635,0.0740042,0.612523,0.627427,1
5140,267.075,0.0368063,-4.03097e-005,-0.00602282,-0.658262,-0.0553468,-0.000935053,0.111,-1.25797,-0.742315,-7.18685,-0.0567984,-0.00262928,0.0742618,0.612584,0.627396,1
5150,227.513,0.0334405,-0.000216066,-0.00611424,-0.659143,-0.0553475,-0.000965396,0.107707,-1.51718,-0.740992,-6.9129,-0.0568809,-0.00266833,0.074345,0.612584,0.627396,1
5160,212.24,0.0302698,-0.000411244,-0.00620863,-0.659995,-0.055349,-0.000996203,0.104409,-1.56918,-0.743678,-6.71843,-0.0571947,-0.00327278,0.0742815,0.612584,0.627396,1
5170,223.913,0.0274383,-0.00060161,-0.00629314,-0.660826,-0.0553516,-0.00102747,0.101107,-1.44875,-0.589623,-6.55263,-0.0569095,-0.0036657,0.0738403,0.612584,0.627396,1
5180,250.376,0.0248639,-0.000767436,-0.00635517,-0.661638,-0.055355,-0.0010591,0.0978009,-1.17491,-0.391033,-6.42817,-0.0561791,-0.00320038,0.0730431,0.61261,0.62738,1
5190,277.212,0.0226999,-0.000891724,-0.00638037,-0.662435,-0.0553592,-0.00109096,0.0944907,-0.810456,0.0534948,-6.3105,-0.0554925,-0.002551,0.0718382,0.612942,0.627177,1
5200,272.297,0.0206042,-0.000973249,-0.0063235,-0.663215,-0.0553639,-0.00112277,0.0911766,-0.500169,0.934346,-6.13949,-0.0550672,-0.00228235,0.0706072,0.613388,0.626913,1
5210,270.83,0.018319,-0.00101407,-0.00613495,-0.663967,-0.0553688,-0.00115397,0.0878586,-0.137545,2.0554,-5.85629,-0.0545978,-0.00194918,0.0695731,0.613724,0.626729,1
5220,288.53,0.015799,-0.00100716,-0.00581721,-0.664678,-0.0553739,-0.0011839,0.084537,0.246916,3.04974,-5.50335,-0.054397,-0.00135188,0.0687691,0.613903,0.626642,1
5230,290.487,0.0136778,-0.000955637,-0.00534955,-0.665347,-0.0553788,-0.0012119,0.0812119,0.530489,4.53039,-5.19629,-0.0545004,-0.00078367,0.0675691,0.614151,0.626533,1
5240,291.099,0.0120548,-0.000887517,-0.00463771,-0.665982,-0.0553834,-0.00123701,0.0778835,0.545524,7.17448,-4.96263,-0.0547744,2.00797e-005,0.0659099,0.61431,0.626477,1
5250,283.922,0.0105708,-0.000813572,-0.00346767,-0.666592,-0.0553877,-0.00125751,0.0745521,0.639469,11.6191,-4.77201,-0.0550097,0.00134857,0.0643145,0.614319,0.626474,1
5260,274.316,0.00851089,-0.000735591,-0.00175634,-0.667174,-0.0553916,-0.00127078,0.0712177,0.560051,15.5994,-4.56828,-0.0554275,0.00223667,0.0634632,0.614323,0.626473,1
5270,254.446,0.00544701,-0.000698183,0.000313016,-0.66774,-0.0553951,-0.00127444,0.0678804,-0.106073,16.4714,-4.43802,-0.0558058,0.00153786,0.0632336,0.614323,0.626473,1
5280,241.296,0.00186652,-0.000781525,0.00221707,-0.668282,-0.0553988,-0.00126798,0.0645403,-1.21645,14.085,-4.2591,-0.0561862,-0.000107582,0.0633085,0.614323,0.626473,1
5290,249.519,0.00241814,-0.000991635,0.00389268,-0.668808,-0.0554031,-0.00125264,0.0611976,-2.07987,12.7801,-4.09892,-0.05663,-0.00117137,0.0632798,0.614323,0.626473,1
5300,252.788,0.00550679,-0.00127985,0.00551449,-0.669306,-0.0554088,-0.00122918,0.0578523,-2.40533,13.8413,-3.90952,-0.056802,-0.00140925,0.0631769,0.614323,0.626473,1
5310,241.037,0.00857422,-0.00156803,0.00746205,-0.669793,-0.0554159,-0.00119692,0.0545045,-2.15811,17.1561,-3.84092,-0.0560236,-0.00147368,0.0630527,0.614323,0.626473,1
5320,221.244,0.0118931,-0.00181962,0.0097591,-0.670268,-0.0554244,-0.00115398,0.0511544,-1.88137,19.3754,-3.80502,-0.0548604,-0.00151024,0.0630288,0.614323,0.626473,1
5330,177.31,0.0151676,-0.00204679,0.012133,-0.670732,-0.0554341,-0.00109915,0.0478019,-1.75354,17.5735,-3.45024,-0.0543621,-0.00149348,0.0629263,0.614323,0.626473,1
5340,154.007,0.0182516,-0.00224982,0.0140964,-0.671117,-0.0554449,-0.00103339,0.0444472,-1.43902,14.1139,-2.71849,-0.0546052,-0.00156151,0.0626719,0.614323,0.626473,1
5350,175.065,0.0211298,-0.00239778,0.0157239,-0.671414,-0.0554565,-0.000958733,0.0410908,-0.923375,12.033,-2.05215,-0.0546828,-0.00137404,0.0622024,0.614323,0.626473,1
5360,190.724,0.0239537,-0.00248517,0.0171583,-0.671649,-0.0554687,-0.000876478,0.0377332,-0.500192,11.0957,-1.78759,-0.0544678,-0.000553034,0.0616637,0.614323,0.626473,1
5370,207.377,0.0269151,-0.0025363,0.0185176,-0.67187,-0.0554813,-0.000787259,0.0343744,-0.379743,10.5348,-1.72134,-0.054491,0.000226686,0.0612522,0.614323,0.626473,1
5380,225.69,0.0302272,-0.00258847,0.0197967,-0.672079,-0.0554941,-0.000691445,0.0310145,-0.44376,9.98215,-1.61988,-0.0549452,0.000251802,0.061222,0.614471,0.626408,1
5390,239.998,0.0339927,-0.00263653,0.0209806,-0.672261,-0.0555072,-0.000589432,0.0276536,-0.276782,8.70974,-1.21571,-0.0554811,0.000250902,0.0616359,0.614702,0.626322,1
5400,246.542,0.0380495,-0.00264689,0.0219794,-0.672377,-0.0555204,-0.000481961,0.024292,0.152915,7.35846,-0.656426,-0.0557288,0.000831556,0.0623182,0.614934,0.626256,1
5410,249.673,0.0417818,-0.00259368,0.0228311,-0.672431,-0.0555335,-0.000369876,0.0209299,0.68781,6.25734,-0.224219,-0.0553856,0.000924896,0.0626914,0.615101,0.626226,1
5420,233.57,0.0450572,-0.00248203,0.0235533,-0.672441,-0.0555462,-0.000253865,0.0175678,1.05169,5.32093,0.0490849,-0.0545352,-0.000196683,0.0626135,0.615312,0.626211,1
5430,218.23,0.0485054,-0.00234398,0.0241661,-0.672413,-0.0555583,-0.000134522,0.0142056,1.10425,4.476,0.436187,-0.053952,-0.00141625,0.0626675,0.615434,0.626228,1
5440,245.331,0.0523516,-0.00221466,0.0246895,-0.672325,-0.0555697,-1.23593e-005,0.0108437,0.925064,4.01431,0.984689,-0.0540503,-0.00185098,0.0631409,0.615434,0.626228,1
5450,272.98,0.0561881,-0.00210444,0.0251663,-0.672163,-0.0555805,0.000112301,0.00748247,0.84663,3.61936,1.58894,-0.0542509,-0.00198652,0.0636156,0.615434,0.626228,1
5460,271.325,0.0596148,-0.002,0.0255855,-0.671932,-0.0555908,0.000239213,0.00412221,0.820867,2.99741,2.07244,-0.0537352,-0.0020331,0.0636648,0.615434,0.626228,1
5470,251.34,0.0631191,-0.00190884,0.0258993,-0.671648,-0.0556005,0.00036798,0.000763237,0.57433,1.98471,2.47541,-0.0530687,-0.00174573,0.0637961,0.615457,0.626238,1
5480,230.51,0.0671221,-0.00186909,0.0260862,-0.67131,-0.0556099,0.000497993,-0.00259418,0.0181333,1.06555,2.92746,-0.0532105,-0.00148939,0.0644556,0.615457,0.626238,1
5490,245.932,0.0714949,-0.00191237,0.0261894,-0.670913,-0.0556193,0.000628703,-0.00594977,-0.708067,0.676332,3.41704,-0.0544562,-0.00179396,0.0654946,0.615457,0.626238,1
5500,285.268,0.0755212,-0.00203545,0.0262718,-0.670457,-0.0556292,0.000759856,-0.00930322,-1.19889,0.673573,3.85675,-0.0561313,-0.00211813,0.0661614,0.615457,0.626238,1
5510,297.054,0.0789473,-0.00219496,0.0263516,-0.669953,-0.0556398,0.000891421,-0.0126543,-1.31336,0.614637,4.17589,-0.0578327,-0.00192577,0.0662122,0.615619,0.625904,1
5520,283.867,0.0820278,-0.00236058,0.0264303,-0.669414,-0.0556511,0.00102337,-0.0160027,-1.329,0.629728,4.43747,-0.0591531,-0.00177213,0.0659026,0.615901,0.625623,1
5530,273.471,0.0852648,-0.00252976,0.0265089,-0.668841,-0.0556634,0.00115572,-0.0193483,-1.37016,0.627367,4.72832,-0.0600635,-0.00205825,0.0657422,0.615998,0.625533,1
5540,274.601,0.0885851,-0.0026949,0.0265873,-0.668226,-0.0556764,0.00128846,-0.022691,-1.21318,0.632645,5.1056,-0.0604624,-0.0020315,0.0657023,0.615998,0.625533,1
5550,271.944,0.0917682,-0.00281759,0.0266713,-0.667565,-0.0556902,0.0014216,-0.0260305,-0.683378,0.723876,5.45678,-0.0604747,-0.00144646,0.0655679,0.615998,0.625533,1
5560,251.569,0.0947426,-0.00285048,0.0267773,-0.666861,-0.0557045,0.00155521,-0.0293666,0.176942,0.977939,5.77393,-0.0596695,-0.00100428,0.0652584,0.615998,0.625533,1
5570,246.061,0.0980165,-0.00278342,0.0269016,-0.666119,-0.0557186,0.00168941,-0.0326991,0.852296,0.976081,6.1027,-0.0581197,-0.000859348,0.0652548,0.615998,0.625533,1
5580,248.325,0.101685,-0.00265006,0.0270125,-0.665329,-0.0557322,0.0018242,-0.0360277,1.22218,0.774906,6.5273,-0.0564738,-0.000448668,0.0656288,0.615998,0.625533,1
5590,229.765,0.105803,-0.00248982,0.0270967,-0.664485,-0.055745,0.00195949,-0.0393523,1.30763,0.591446,6.96552,-0.0554406,1.24168e-005,0.0664326,0.615998,0.625533,1
5600,236.914,0.110236,-0.00233091,0.027156,-0.663584,-0.0557571,0.00209513,-0.0426725,1.23286,0.388236,7.41415,-0.054715,-0.000210891,0.067534,0.615998,0.625533,1
5610,261.136,0.11495,-0.00217906,0.0272033,-0.662632,-0.0557684,0.00223103,-0.045988,1.18238,0.356091,7.81088,-0.0544017,-0.00110477,0.0689052,0.615998,0.625533,1
5620,263.142,0.119555,-0.00204002,0.0272398,-0.661629,-0.0557789,0.00236715,-0.0492987,1.01213,0.203575,8.20081,-0.0548884,-0.00199844,0.070173,0.615835,0.625631,1
5630,259.209,0.123787,-0.00193179,0.0272525,-0.66058,-0.0557888,0.00250339,-0.0526042,0.703772,0.0174683,8.57474,-0.0560882,-0.00254715,0.0710789,0.615835,0.625631,1
5640,272.861,0.127574,-0.00185986,0.0272425,-0.659482,-0.0557983,0.00263964,-0.0559044,0.445556,-0.12374,8.95688,-0.0569645,-0.00256328,0.0715583,0.615723,0.625415,1
5650,285.168,0.131183,-0.00182126,0.0272378,-0.658338,-0.0558075,0.00277583,-0.059199,0.184825,0.0654442,9.33293,-0.0572545,-0.00181085,0.0718959,0.615572,0.625114,1
5660,291.841,0.134594,-0.00180921,0.0272585,-0.657149,-0.0558165,0.00291206,-0.0624877,0.0282791,0.24995,9.63856,-0.0573852,-0.000829618,0.0720446,0.615395,0.624909,1
5670,304.957,0.137826,-0.00181057,0.0272997,-0.655929,-0.0558256,0.00304844,-0.0657704,-0.0819067,0.507712,9.86364,-0.0574595,-0.000562208,0.0719983,0.615395,0.624909,1
5680,298.499,0.141099,-0.00182128,0.0273719,-0.654682,-0.0558347,0.00318511,-0.069047,-0.0892535,0.665743,10.0626,-0.0568935,-0.000576613,0.0719976,0.615395,0.624909,1
5690,284.828,0.144865,-0.00183258,0.0274726,-0.653408,-0.0558438,0.00332221,-0.0723172,-0.0857458,0.959093,10.3037,-0.0558655,0.000292426,0.0725164,0.615395,0.624909,1
5700,285.753,0.149022,-0.00184099,0.0276101,-0.652102,-0.055853,0.0034599,-0.075581,-0.0456564,1.21094,10.5551,-0.0547305,0.00152859,0.0734248,0.615292,0.624985,1
5710,290.597,0.153183,-0.00184511,0.0277676,-0.650767,-0.0558622,0.00359834,-0.0788382,-0.029007,1.27648,10.7741,-0.0537728,0.0016434,0.0743181,0.615079,0.625128,1
5720,288.349,0.156853,-0.00184965,0.0279242,-0.649405,-0.0558714,0.00373758,-0.0820886,-0.042906,1.21545,10.9815,-0.0535221,0.000805055,0.0747189,0.614821,0.625305,1
5730,282.575,0.160011,-0.00185526,0.0280723,-0.648016,-0.0558807,0.00387757,-0.0853322,-0.0476909,1.16064,11.2191,-0.0544608,0.00035916,0.0746337,0.614728,0.625386,1
5740,256.165,0.162984,-0.00186326,0.0282168,-0.646597,-0.05589,0.00401829,-0.0885687,-0.0916446,1.15194,11.449,-0.0556623,0.000498477,0.0743775,0.614499,0.625614,1
5750,240.005,0.166037,-0.00188179,0.0283603,-0.645153,-0.0558993,0.00415974,-0.0917981,-0.217842,1.13444,11.6137,-0.0559956,0.000835195,0.0742055,0.614272,0.625867,1
5760,215.66,0.169003,-0.00191958,0.0285,-0.643693,-0.0559088,0.00430189,-0.0950202,-0.385963,1.10537,11.709,-0.0558408,0.00158452,0.073961,0.614099,0.62606,1
5770,204.255,0.171811,-0.00196743,0.0286615,-0.642222,-0.0559186,0.00444478,-0.098235,-0.468677,1.36608,11.8157,-0.0564392,0.00271281,0.0735668,0.613959,0.6262,1
5780,194.475,0.174685,-0.0020331,0.028852,-0.640733,-0.0559285,0.00458855,-0.101442,-0.571467,1.70941,11.9956,-0.0576319,0.00340692,0.0732298,0.613708,0.626468,1
5790,185.688,0.177668,-0.00211613,0.0290752,-0.639217,-0.0559389,0.00473334,-0.104642,-0.689963,1.98332,12.2155,-0.0582479,0.00362687,0.0730075,0.613463,0.626747,1
5800,206.921,0.180652,-0.00220419,0.0293454,-0.637676,-0.0559497,0.00487938,-0.107835,-0.714281,2.31575,12.4152,-0.0579513,0.00386415,0.0728031,0.613331,0.626913,1
5810,230.699,0.183385,-0.00229452,0.0296507,-0.636111,-0.055961,0.00502686,-0.111019,-0.726681,2.54956,12.5935,-0.0568729,0.00363904,0.0723583,0.613211,0.627083,1
5820,244.713,0.185866,-0.00238419,0.029982,-0.634524,-0.0559727,0.00517593,-0.114196,-0.693349,2.74644,12.7704,-0.0553102,0.00233695,0.0716478,0.613106,0.627251,1
5830,238.814,0.188041,-0.00246412,0.0303406,-0.632912,-0.0559848,0.00532672,-0.117364,-0.567207,2.9946,12.9743,-0.0540375,0.000922018,0.0706149,0.613068,0.627326,1
5840,225.135,0.190162,-0.00252224,0.0307325,-0.631278,-0.0559973,0.00547939,-0.120525,-0.349488,3.26341,13.1333,-0.0538862,0.00043305,0.0695584,0.613058,0.627349,1
5850,210.101,0.192347,-0.00255005,0.0311554,-0.629628,-0.05601,0.0056341,-0.123677,-0.0949784,3.48285,13.2143,-0.0540713,0.000475687,0.068591,0.613058,0.627349,1
5860,212.803,0.194676,-0.00254757,0.0316017,-0.627971,-0.0560227,0.00579098,-0.126821,0.122812,3.63838,13.2745,-0.0537447,0.000375152,0.0677662,0.613058,0.627349,1
5870,217.883,0.196812,-0.0025308,0.0320742,-0.626303,-0.0560354,0.00595016,-0.129957,0.160195,3.86388,13.3868,-0.053441,0.000356644,0.0667587,0.61301,0.627487,1
5880,231.877,0.198893,-0.00250525,0.0325621,-0.624618,-0.056048,0.00611174,-0.133084,0.244947,3.9355,13.5533,-0.0543428,0.000399726,0.0657194,0.612833,0.628008,1
5890,251.291,0.201159,-0.00246374,0.0330526,-0.622907,-0.0560604,0.00627578,-0.136203,0.402946,3.92408,13.7889,-0.0559757,0.000144005,0.0648627,0.6127,0.628385,1
5900,258.758,0.203782,-0.00241164,0.0335511,-0.621166,-0.0560726,0.00644229,-0.139313,0.422227,4.02952,14.0255,-0.0575115,-6.12617e-005,0.06436,0.612637,0.628572,1
5910,262.298,0.206371,-0.00235862,0.0340566,-0.619399,-0.0560846,0.00661131,-0.142414,0.429528,4.02812,14.1858,-0.0586915,0.000398922,0.0638469,0.612637,0.628572,1
5920,260.403,0.20896,-0.0023022,0.0345562,-0.617617,-0.0560962,0.00678284,-0.145507,0.476848,3.95199,14.2865,-0.0594691,0.000737708,0.0633381,0.612637,0.628572,1
5930,247.273,0.211611,-0.00223996,0.0350482,-0.615822,-0.0561076,0.00695686,-0.148591,0.50875,3.92621,14.3975,-0.0590995,7.70309e-005,0.0628876,0.612594,0.628779,1
5940,230.457,0.214457,-0.00217719,0.035543,-0.614013,-0.0561186,0.00713333,-0.151665,0.488629,3.99129,14.5107,-0.0579022,-0.000771484,0.0626384,0.612557,0.628978,1
5950,245.681,0.217338,-0.00211762,0.0360476,-0.612192,-0.0561293,0.0073123,-0.154731,0.467558,4.06548,14.57,-0.0569403,-0.000867178,0.0624517,0.612557,0.628978,1
5960,257.789,0.220542,-0.00205933,0.0365586,-0.610369,-0.0561398,0.00749382,-0.157787,0.46306,4.09101,14.5577,-0.0565501,-0.000842982,0.0625973,0.612557,0.628978,1
5970,262.772,0.223947,-0.00200261,0.0370697,-0.608549,-0.0561499,0.00767789,-0.160834,0.440089,4.06895,14.5189,-0.0557826,-0.00102051,0.0629433,0.612531,0.629185,1
5980,248.212,0.227573,-0.00194953,0.0375747,-0.606732,-0.0561598,0.0078645,-0.163873,0.406634,3.98939,14.5331,-0.0546967,-0.000662045,0.0635364,0.612454,0.629755,1
5990,228.768,0.231169,-0.00190165,0.0380652,-0.604908,-0.0561694,0.00805361,-0.166902,0.353233,3.83317,14.6263,-0.0538602,3.29084e-005,0.064117,0.61238,0.630263,1
6000,230.375,0.234707,-0.00186282,0.0385304,-0.603071,-0.0561789,0.00824511,-0.169922,0.259951,3.58516,14.718,-0.0533896,-0.000120156,0.0646194,0.612322,0.630693,1
6010,233.373,0.237943,-0.00183785,0.0389595,-0.601227,-0.0561881,0.00843886,-0.172932,0.137716,3.26641,14.7274,-0.0530956,-0.00110616,0.064799,0.612292,0.630927,1
6020,228.441,0.241087,-0.00182553,0.0393546,-0.599387,-0.0561973,0.00863465,-0.175934,0.0774976,3.09642,14.678,-0.0534969,-0.00186811,0.0649095,0.612268,0.631034,1
6030,238.286,0.244312,-0.0018241,0.0397247,-0.597557,-0.0562064,0.00883236,-0.178926,-0.0535153,2.82361,14.5504,-0.0541418,-0.0022133,0.0651274,0.612245,0.631149,1
6040,237.467,0.247775,-0.00184542,0.0400621,-0.595753,-0.0562155,0.00903184,-0.18191,-0.222648,2.59486,14.3368,-0.0543642,-0.00253732,0.0655881,0.612212,0.631335,1
6050,219.125,0.251103,-0.00187806,0.0403734,-0.593967,-0.0562248,0.00923294,-0.184884,-0.294643,2.38393,14.2038,-0.054666,-0.00272291,0.0659294,0.612171,0.63158,1
6060,252.196,0.254173,-0.0019184,0.0406592,-0.592196,-0.0562343,0.00943553,-0.187849,-0.346643,2.18176,14.0888,-0.0559718,-0.00269189,0.0660342,0.612126,0.631868,1
6070,264.847,0.257058,-0.00196292,0.0409188,-0.590439,-0.056244,0.00963948,-0.190806,-0.351768,1.96186,14.0046,-0.0572986,-0.00281949,0.0659483,0.612067,0.63228,1
6080,275.594,0.260206,-0.00200247,0.0411486,-0.588689,-0.056254,0.00984467,-0.193754,-0.264799,1.70373,13.9577,-0.0572995,-0.00285374,0.0661406,0.612012,0.632679,1
6090,295.059,0.263577,-0.00202587,0.0413437,-0.586945,-0.056264,0.0100509,-0.196693,-0.0987914,1.40754,13.9164,-0.056307,-0.00216439,0.0666007,0.611967,0.633003,1
6100,308.195,0.267086,-0.00202544,0.0414997,-0.585206,-0.0562742,0.010258,-0.199623,0.108897,1.07977,13.8611,-0.0553795,-0.00119804,0.0672152,0.611931,0.633268,1
6110,311.413,0.270488,-0.00199901,0.0416128,-0.583476,-0.0562842,0.0104658,-0.202545,0.305367,0.724795,13.7864,-0.0545351,-0.000804933,0.0677022,0.611915,0.633371,1
6120,305.662,0.273694,-0.00194418,0.0416861,-0.58176,-0.0562941,0.0106741,-0.205458,0.533564,0.439443,13.6325,-0.0541273,-0.0006458,0.0679933,0.611915,0.633371,1
6130,298.781,0.276639,-0.00187899,0.0417195,-0.580062,-0.0563037,0.0108826,-0.208362,0.486821,0.100545,13.4922,-0.0548309,0.000183157,0.0680661,0.611915,0.633371,1
6140,283.834,0.279483,-0.00182668,0.0417135,-0.578383,-0.0563129,0.0110912,-0.211259,0.335774,-0.185627,13.3236,-0.0560716,0.00120893,0.0680499,0.611915,0.633371,1
6150,282.937,0.282413,-0.00179819,0.0416752,-0.57673,-0.056322,0.0112997,-0.214146,0.1098,-0.418172,13.0965,-0.0566369,0.00135884,0.0680919,0.611915,0.633371,1
6160,280.088,0.285564,-0.00179982,0.0415873,-0.575116,-0.056331,0.0115079,-0.217026,-0.134124,-0.859339,12.7495,-0.0568556,0.000826678,0.0683381,0.611915,0.633371,1
6170,269.83,0.288996,-0.00182023,0.0414781,-0.573534,-0.05634,0.0117156,-0.219897,-0.225886,-0.906763,12.553,-0.0577164,0.000339491,0.0688717,0.611886,0.63366,1
6180,240.534,0.292614,-0.0018603,0.0413573,-0.57197,-0.0563492,0.0119227,-0.222761,-0.406009,-1.0225,12.4352,-0.0584505,-0.000151002,0.0695959,0.611846,0.634042,1
6190,217.446,0.296423,-0.00192131,0.0412237,-0.570423,-0.0563586,0.0121291,-0.225617,-0.636785,-1.0603,12.2245,-0.0578604,-0.000742077,0.0705228,0.611799,0.634461,1
6200,208.7,0.300253,-0.00200895,0.0410807,-0.5689,-0.0563685,0.0123349,-0.228466,-0.788531,-1.24823,12.1093,-0.0564733,-0.000765397,0.0715015,0.611764,0.634731,1
6210,227.977,0.303929,-0.0021121,0.0409227,-0.5674,-0.0563788,0.0125399,-0.231306,-0.862468,-1.266,11.8501,-0.0554495,-0.000255775,0.0723518,0.611764,0.634731,1
6220,236.164,0.307157,-0.00221447,0.0407592,-0.565931,-0.0563896,0.0127441,-0.23414,-0.771407,-1.34265,11.623,-0.0544692,7.50801e-005,0.0727498,0.611764,0.634731,1
6230,248.371,0.310106,-0.00232315,0.0405767,-0.564485,-0.0564009,0.0129474,-0.236966,-0.917668,-1.53886,11.3965,-0.053361,0.000207561,0.0728634,0.611764,0.634731,1
6240,249.031,0.312998,-0.00242369,0.0403767,-0.563079,-0.0564128,0.0131498,-0.239784,-0.730241,-1.63822,11.1002,-0.0525824,0.000741982,0.0729445,0.611746,0.634807,1
6250,243.385,0.31612,-0.00250522,0.0401656,-0.561706,-0.0564251,0.0133512,-0.242596,-0.565949,-1.73917,10.8419,-0.0519926,0.00109689,0.0732546,0.611726,0.634883,1
6260,233.231,0.319224,-0.0025753,0.0399522,-0.560366,-0.0564378,0.0135515,-0.245402,-0.555731,-1.63311,10.541,-0.0508982,0.000456367,0.0735057,0.611702,0.634952,1
6270,210.5,0.322037,-0.00264512,0.0397465,-0.559058,-0.0564509,0.0137507,-0.2482,-0.562154,-1.65325,10.3569,-0.0502695,-0.000563182,0.0734593,0.611684,0.635016,1
6280,212.897,0.324501,-0.00272694,0.0395329,-0.557777,-0.0564643,0.0139489,-0.250992,-0.706837,-1.73794,10.1426,-0.051326,-0.000788859,0.0731331,0.611626,0.635236,1
6290,216.351,0.326998,-0.00281628,0.0393146,-0.556515,-0.0564782,0.0141461,-0.253778,-0.718505,-1.75078,10.0268,-0.0534761,-0.000488862,0.072879,0.611502,0.635711,1
6300,218.195,0.329716,-0.00290581,0.0390946,-0.555266,-0.0564925,0.0143421,-0.256557,-0.706782,-1.76211,9.93161,-0.0551345,-0.000603065,0.0728167,0.611389,0.636143,1
6310,212.199,0.332795,-0.0029915,0.0388745,-0.554029,-0.0565072,0.014537,-0.259331,-0.654717,-1.74853,9.83392,-0.0563965,-0.00128296,0.0730882,0.611353,0.636263,1
6320,203.224,0.335902,-0.00306759,0.0386588,-0.552805,-0.0565224,0.0147308,-0.262098,-0.552361,-1.69185,9.72477,-0.0574841,-0.00225883,0.0733729,0.611353,0.636263,1
6330,190.793,0.338716,-0.00311588,0.0384606,-0.551604,-0.0565378,0.0149236,-0.264859,-0.291226,-1.52115,9.53871,-0.0579454,-0.00343607,0.0733565,0.611353,0.636263,1
6340,203.436,0.341074,-0.00314163,0.0382778,-0.550414,-0.0565535,0.0151155,-0.267614,-0.119454,-1.39532,9.48391,-0.0577012,-0.00427932,0.0729066,0.611353,0.636263,1
6350,208.493,0.343391,-0.00314618,0.0381121,-0.549229,-0.0565692,0.0153064,-0.270363,0.0435175,-1.24948,9.45269,-0.0577419,-0.0042798,0.0724673,0.611353,0.636263,1
6360,215.187,0.345805,-0.00313178,0.0379657,-0.548048,-0.0565849,0.0154966,-0.273106,0.181914,-1.08751,9.412,-0.0576133,-0.00394784,0.0721502,0.611353,0.636263,1
6370,229.519,0.348201,-0.00310198,0.0378404,-0.546874,-0.0566005,0.0156861,-0.275843,0.288343,-0.913673,9.34198,-0.056433,-0.00388711,0.0718068,0.611353,0.636263,1
6380,245.189,0.350087,-0.00305397,0.0377415,-0.545714,-0.0566159,0.0158751,-0.278575,0.484841,-0.660131,9.1886,-0.0550057,-0.00368164,0.0709616,0.611353,0.636263,1
6390,258.034,0.351488,-0.00299116,0.0376692,-0.544569,-0.056631,0.0160636,-0.281301,0.511308,-0.497802,9.10451,-0.0552285,-0.00315007,0.0696587,0.611353,0.636263,1
6400,263.413,0.352582,-0.00292831,0.037616,-0.543433,-0.0566458,0.0162518,-0.284021,0.482162,-0.35622,9.05468,-0.0565721,-0.00306683,0.0680317,0.611353,0.636263,1
6410,277.532,0.353936,-0.00287328,0.0375794,-0.542302,-0.0566603,0.0164398,-0.286735,0.387201,-0.229883,9.03221,-0.0576066,-0.00340628,0.0666426,0.61135,0.636273,1
6420,278.463,0.355745,-0.00283327,0.0375583,-0.541172,-0.0566746,0.0166276,-0.289444,0.247668,-0.106624,9.01949,-0.058147,-0.00309229,0.0657511,0.611276,0.636521,1
6430,294.275,0.357878,-0.00281187,0.0375527,-0.540044,-0.0566887,0.0168154,-0.292147,0.0931917,0.015647,9.00896,-0.0583779,-0.00214707,0.0652242,0.611188,0.636816,1
6440,288.779,0.360018,-0.00281,0.0375621,-0.538917,-0.0567027,0.0170032,-0.294844,-0.0626244,0.134736,8.99821,-0.0577128,-0.00164784,0.0646888,0.611069,0.63721,1
6450,262.826,0.362177,-0.00282703,0.0375864,-0.537791,-0.0567168,0.017191,-0.297536,-0.205895,0.253688,8.98323,-0.0567164,-0.00164101,0.0641517,0.610991,0.63746,1
6460,255.42,0.364313,-0.00286022,0.0376255,-0.536669,-0.056731,0.017379,-0.300222,-0.318262,0.370074,8.95521,-0.0565157,-0.00146683,0.0636033,0.610969,0.637525,1
6470,251.222,0.366247,-0.00290499,0.0376786,-0.535551,-0.0567454,0.0175673,-0.302902,-0.389878,0.476225,8.90612,-0.0566917,-0.00120264,0.062863,0.610921,0.637675,1
6480,245.628,0.367836,-0.00295435,0.0377501,-0.534444,-0.0567601,0.0177559,-0.305577,-0.380811,0.702406,8.75213,-0.0558754,-0.00112979,0.0617721,0.610895,0.63777,1
6490,245.086,0.369355,-0.00300173,0.0378419,-0.533356,-0.056775,0.0179448,-0.308247,-0.371913,0.760546,8.62865,-0.0542787,-0.00083393,0.0606223,0.610895,0.63777,1
6500,231.915,0.371559,-0.00304678,0.0379393,-0.532285,-0.0567901,0.0181343,-0.310911,-0.346807,0.792502,8.47887,-0.0530693,-0.000396209,0.0601671,0.610895,0.63777,1
6510,233.622,0.374705,-0.00308855,0.0380399,-0.531233,-0.0568054,0.0183242,-0.31357,-0.321595,0.815036,8.33265,-0.0523397,-0.000380102,0.0606417,0.61119,0.637538,1
6520,253.951,0.378285,-0.00312876,0.0381393,-0.530196,-0.056821,0.0185147,-0.316223,-0.340721,0.706137,8.28704,-0.0518197,-0.000655207,0.0615429,0.611293,0.63749,1
6530,261.185,0.381608,-0.00317127,0.0382297,-0.529165,-0.0568367,0.0187056,-0.318872,-0.341872,0.74012,8.18392,-0.051917,-0.000310249,0.0622301,0.611383,0.637404,1
6540,279.41,0.384732,-0.00321513,0.0383251,-0.528147,-0.0568527,0.018897,-0.321515,-0.361633,0.786139,8.0703,-0.0526392,0.000436786,0.0627503,0.611383,0.637404,1
6550,279.089,0.387926,-0.00326228,0.0384271,-0.527146,-0.0568689,0.0190889,-0.324153,-0.39293,0.846291,7.92424,-0.0531424,0.000747878,0.0633214,0.611388,0.637151,1
6560,261.311,0.391135,-0.00331349,0.0385373,-0.526165,-0.0568853,0.0192813,-0.326787,-0.423737,0.914096,7.75522,-0.0535587,0.000530346,0.0638849,0.611391,0.636697,1
6570,239.201,0.394015,-0.00336769,0.0386567,-0.525205,-0.056902,0.0194743,-0.329415,-0.467084,1.11717,7.50795,-0.0547897,0.000420311,0.0641334,0.611409,0.636405,1
6580,230.45,0.396776,-0.00341321,0.0388108,-0.524286,-0.056919,0.0196679,-0.332039,-0.340431,1.2538,7.26036,-0.0564254,0.00027178,0.0642628,0.611435,0.636253,1
6590,244.772,0.39971,-0.0034535,0.038971,-0.523389,-0.0569361,0.0198624,-0.334658,-0.36429,1.37512,7.00767,-0.0568711,-5.67553e-005,0.0645551,0.611441,0.636229,1
6600,250.817,0.402987,-0.00349262,0.0391436,-0.522524,-0.0569535,0.0200577,-0.337273,-0.257315,1.38133,6.81589,-0.0562686,-0.000319938,0.065198,0.611441,0.636229,1
6610,249.866,0.40655,-0.00351752,0.0393168,-0.521683,-0.056971,0.0202538,-0.339883,-0.140728,1.38791,6.62527,-0.0559285,-0.000404897,0.06614,0.611513,0.636075,1
6620,243.538,0.410513,-0.00352451,0.0395068,-0.520874,-0.0569887,0.0204509,-0.34249,-0.00282957,1.52735,6.38275,-0.0561463,-0.000688194,0.0674784,0.611635,0.635847,1
6630,246.266,0.414648,-0.00351927,0.0396986,-0.520083,-0.0570063,0.0206489,-0.345092,0.0823371,1.5436,6.24693,-0.0563636,-0.000823331,0.068999,0.611739,0.635625,1
6640,258.937,0.418538,-0.00350497,0.0398929,-0.519308,-0.0570238,0.0208479,-0.34769,0.141515,1.56193,6.14623,-0.0569284,-0.000133674,0.0703213,0.611783,0.635504,1
6650,253.677,0.421768,-0.00349548,0.0400935,-0.518551,-0.0570413,0.0210478,-0.350285,0.0466283,1.63171,5.97579,-0.0576126,0.00104301,0.0710084,0.611888,0.635205,1
6660,232.61,0.424671,-0.00348844,0.0402998,-0.517808,-0.0570588,0.0212488,-0.352876,0.0622136,1.66488,5.88859,-0.0575936,0.00176176,0.0713473,0.612027,0.634804,1
6670,209.568,0.427779,-0.00348081,0.0405103,-0.517077,-0.0570762,0.0214508,-0.355463,0.0563343,1.69843,5.79322,-0.0568455,0.00215727,0.0718803,0.6122,0.63429,1
6680,209.005,0.431216,-0.00347542,0.0407248,-0.516359,-0.0570936,0.0216539,-0.358047,0.0308482,1.72587,5.68318,-0.056483,0.00258341,0.072747,0.612344,0.633832,1
6690,224.631,0.434536,-0.00347294,0.040942,-0.515654,-0.057111,0.0218581,-0.360627,0.0100401,1.74537,5.58724,-0.056445,0.00252118,0.0734781,0.612437,0.633502,1
6700,226.007,0.437458,-0.0034723,0.0411734,-0.514975,-0.0571283,0.0220634,-0.363203,0.00578961,1.86557,5.37184,-0.056022,0.00142692,0.0737666,0.612488,0.633285,1
6710,211.981,0.439888,-0.00347112,0.0414079,-0.514307,-0.0571457,0.0222698,-0.365776,0.0160401,1.88105,5.29575,-0.0552327,4.93446e-005,0.0735461,0.612522,0.63313,1
6720,211.627,0.442352,-0.00346635,0.0416471,-0.513656,-0.057163,0.0224774,-0.368346,0.08245,1.98614,5.00384,-0.0548014,-0.000795682,0.0733868,0.612555,0.633008,1
6730,217.998,0.444995,-0.00345391,0.0418958,-0.513035,-0.0571803,0.0226863,-0.370913,0.117855,1.98788,4.92919,-0.054427,-0.000996221,0.0734431,0.612594,0.632883,1
6740,228.735,0.447632,-0.00343652,0.0421446,-0.512422,-0.0571976,0.0228964,-0.373477,0.16105,1.98828,4.87319,-0.054007,-0.000909908,0.0735102,0.612634,0.632781,1
6750,236.755,0.44981,-0.00341343,0.0423934,-0.511814,-0.0572147,0.0231078,-0.376037,0.207642,1.98691,4.84745,-0.054,-0.000716705,0.07313,0.612642,0.632758,1
6760,211.386,0.451781,-0.0033783,0.042646,-0.511218,-0.0572317,0.0233203,-0.378595,0.324454,2.02881,4.7106,-0.0543601,-0.000871122,0.0725284,0.612696,0.632612,1
6770,187.526,0.453904,-0.00333701,0.0428981,-0.51063,-0.0572485,0.0235342,-0.38115,0.330542,1.9957,4.67575,-0.0540956,-0.00145349,0.0720557,0.612801,0.632331,1
6780,164.257,0.456383,-0.00329667,0.0431444,-0.510049,-0.0572651,0.0237493,-0.383701,0.310462,1.93528,4.60162,-0.0536913,-0.00204888,0.0719383,0.612864,0.632143,1
6790,162.881,0.459127,-0.00325993,0.0433815,-0.509479,-0.0572814,0.0239656,-0.38625,0.274854,1.85102,4.50024,-0.0545166,-0.00245854,0.0721072,0.612864,0.632143,1
6800,204.843,0.461942,-0.00323103,0.0436157,-0.508932,-0.0572977,0.0241831,-0.388796,0.196959,1.85781,4.28037,-0.0564936,-0.00319586,0.0723332,0.61287,0.632119,1
6810,216.613,0.464499,-0.00320931,0.0438419,-0.508403,-0.0573138,0.0244018,-0.391339,0.149419,1.75785,4.17967,-0.0580543,-0.00413892,0.0722813,0.612926,0.631855,1
6820,203.253,0.466673,-0.00319366,0.0440559,-0.507886,-0.0573298,0.0246215,-0.39388,0.103677,1.66046,4.06389,-0.0588379,-0.00450949,0.0718808,0.612964,0.631652,1
6830,218.237,0.468647,-0.00318363,0.044258,-0.507384,-0.0573457,0.0248423,-0.396418,0.0584032,1.56979,3.95549,-0.0591687,-0.00411553,0.0713301,0.613005,0.631454,1
6840,248.467,0.470818,-0.00317839,0.0444493,-0.506895,-0.0573616,0.0250641,-0.398954,0.0284961,1.48857,3.85804,-0.0588756,-0.00357911,0.0709899,0.613025,0.631373,1
6850,278.739,0.473421,-0.00316363,0.0446285,-0.506426,-0.0573775,0.0252868,-0.401487,0.140086,1.39117,3.67941,-0.0580281,-0.00289796,0.0710932,0.613025,0.631373,1
6860,304.663,0.476254,-0.00314647,0.0447991,-0.50597,-0.0573933,0.0255104,-0.404018,0.135088,1.33483,3.6061,-0.0575079,-0.00172463,0.0714567,0.613025,0.631373,1
6870,300.341,0.478982,-0.00312876,0.0449575,-0.505518,-0.0574089,0.0257348,-0.406547,0.0837706,1.11462,3.77391,-0.057195,-0.000464446,0.0717179,0.613025,0.631373,1
6880,278.325,0.48136,-0.00311879,0.0450922,-0.50505,-0.0574246,0.0259599,-0.409073,0.0741169,1.0359,3.69418,-0.0560795,0.000186592,0.0715946,0.613025,0.631373,1
6890,267.461,0.483338,-0.00312247,0.0452143,-0.504603,-0.0574402,0.0261857,-0.411597,-0.0386122,1.02775,3.39922,-0.0544208,0.0003111,0.0710385,0.613025,0.631373,1
6900,270.536,0.485146,-0.00313749,0.0453292,-0.504192,-0.0574558,0.026412,-0.414119,-0.151751,0.849494,3.20787,-0.0536378,-3.7236e-005,0.0702896,0.613025,0.631373,1
6910,272.607,0.487109,-0.00316231,0.045428,-0.503803,-0.0574715,0.0266389,-0.416639,-0.253238,0.726727,2.99824,-0.0540522,-0.0011591,0.069664,0.613025,0.631373,1
6920,259.397,0.489211,-0.00319749,0.0455058,-0.503439,-0.0574874,0.0268663,-0.419158,-0.30615,0.529489,2.82508,-0.0547778,-0.002716,0.0691507,0.613025,0.631373,1
6930,226.19,0.491049,-0.00323519,0.0455628,-0.503095,-0.0575035,0.027094,-0.421674,-0.214279,0.396715,2.52984,-0.0552888,-0.00356017,0.0684125,0.613025,0.631373,1
6940,216.2,0.492566,-0.00325935,0.0456057,-0.502786,-0.0575198,0.0273219,-0.424189,-0.143559,0.265683,2.3828,-0.0553721,-0.00326433,0.0674223,0.613025,0.631373,1
6950,230.67,0.494301,-0.00327919,0.0456371,-0.50249,-0.0575361,0.02755,-0.426702,-0.173101,0.239803,2.33994,-0.0546824,-0.00237317,0.0666843,0.613025,0.631373,1
6960,243.599,0.496716,-0.00330233,0.0456657,-0.502201,-0.0575526,0.0277783,-0.429213,-0.192698,0.143983,2.16624,-0.0537308,-0.00136206,0.066632,0.613025,0.631373,1
6970,247.738,0.499654,-0.00332711,0.0456835,-0.501931,-0.0575691,0.0280066,-0.431724,-0.200546,0.14003,2.13879,-0.0537901,-0.00040309,0.0671072,0.613025,0.631373,1
6980,241.295,0.502406,-0.00335186,0.0457007,-0.501666,-0.0575858,0.0282351,-0.434233,-0.192393,0.134005,2.10249,-0.0546481,0.000206409,0.0673817,0.613025,0.631373,1
6990,241.39,0.504554,-0.0033771,0.0457096,-0.501397,-0.0576027,0.0284636,-0.43674,-0.206848,0.0164282,2.179,-0.0548477,0.00028974,0.0670186,0.613025,0.631373,1
7000,260.606,0.506221,-0.00340159,0.0457104,-0.501127,-0.0576196,0.0286922,-0.439247,-0.184112,-0.00338171,2.14052,-0.0540926,-8.6369e-005,0.066143,0.61303,0.631316,1
7010,279.467,0.508117,-0.00342311,0.0457085,-0.500861,-0.0576367,0.0289207,-0.441752,-0.159389,-0.027254,2.1027,-0.0534801,-0.000831006,0.0654766,0.61303,0.631316,1
7020,257.019,0.510693,-0.00344144,0.0457035,-0.5006,-0.0576538,0.0291493,-0.444255,-0.133466,-0.0525467,2.06612,-0.0534432,-0.00164362,0.0654906,0.613143,0.63101,1
7030,231.581,0.513712,-0.00345664,0.0456955,-0.500344,-0.0576711,0.0293778,-0.446758,-0.110503,-0.0749787,2.02812,-0.0538607,-0.00194142,0.0659848,0.613221,0.630808,1
7040,194.22,0.516329,-0.00346948,0.045685,-0.500093,-0.0576884,0.0296062,-0.449259,-0.0965029,-0.0912662,1.98231,-0.0548678,-0.00153631,0.0661226,0.613221,0.630808,1
7050,191.647,0.518201,-0.0034784,0.0456645,-0.499866,-0.0577058,0.0298346,-0.451759,-0.0525048,-0.223055,1.67178,-0.0564338,-0.00116037,0.065513,0.613221,0.630808,1
7060,206.496,0.519778,-0.0034853,0.0456364,-0.499659,-0.0577232,0.0300628,-0.454258,-0.0583639,-0.224921,1.62886,-0.0574205,-0.00109575,0.0645859,0.613221,0.630808,1
7070,192.992,0.522166,-0.00349305,0.0456082,-0.499458,-0.0577406,0.030291,-0.456755,-0.0651619,-0.225267,1.58871,-0.0575541,-0.000799574,0.0644843,0.613221,0.630808,1
7080,197.771,0.525582,-0.0035053,0.0455761,-0.499269,-0.0577581,0.0305189,-0.459252,-0.135442,-0.294059,1.42976,-0.0577564,-3.1316e-005,0.0654415,0.613146,0.63085,1
7090,211.483,0.529387,-0.00352192,0.0455394,-0.499091,-0.0577757,0.0307467,-0.461748,-0.129571,-0.293316,1.40433,-0.0584883,0.000365043,0.0667658,0.612764,0.631109,1
7100,241.392,0.532576,-0.00353782,0.0455033,-0.498918,-0.0577933,0.0309743,-0.464243,-0.154277,-0.188904,1.25695,-0.0585445,2.07427e-006,0.0674306,0.61236,0.631421,1
7110,278.43,0.534986,-0.00355497,0.0454757,-0.498768,-0.0578111,0.0312018,-0.466737,-0.109853,-0.278669,1.09687,-0.0574546,-0.000706283,0.0672966,0.611934,0.631788,1
7120,290.819,0.537154,-0.00356767,0.0454409,-0.498633,-0.0578289,0.0314291,-0.469231,-0.0926776,-0.277545,1.07148,-0.0561005,-0.00136331,0.0669183,0.611725,0.631976,1
7130,275.362,0.539998,-0.00357031,0.0454134,-0.49852,-0.0578467,0.0316562,-0.471724,0.123059,-0.250251,0.683714,-0.0550466,-0.00230919,0.0671981,0.611525,0.632118,1
7140,249.494,0.543637,-0.0035548,0.0453822,-0.498435,-0.0578645,0.0318832,-0.474216,0.124357,-0.247668,0.672829,-0.0539007,-0.00357877,0.0682485,0.611401,0.632176,1
7150,219.492,0.547546,-0.0035393,0.0453515,-0.498352,-0.0578823,0.03211,-0.476708,0.122809,-0.242567,0.656646,-0.053141,-0.00473375,0.0695764,0.611401,0.632176,1
7160,196.196,0.550997,-0.00352421,0.0453216,-0.498271,-0.0578999,0.0323367,-0.4792,0.117676,-0.234715,0.635773,-0.0533469,-0.00520269,0.0704988,0.611401,0.632176,1
7170,173.09,0.553793,-0.0035251,0.0452948,-0.498212,-0.0579175,0.0325632,-0.481691,-0.0584882,-0.155451,0.378344,-0.0537906,-0.00478639,0.0708262,0.611401,0.632176,1
7180,166.682,0.556251,-0.00352452,0.0452781,-0.498176,-0.0579352,0.0327897,-0.484182,0.0366131,-0.121193,0.243992,-0.0537271,-0.00359972,0.0708623,0.611391,0.632238,1
7190,158.644,0.559078,-0.00352991,0.0452655,-0.498157,-0.0579528,0.033016,-0.486672,-0.0688508,-0.0937153,0.122316,-0.054035,-0.00241796,0.0712677,0.611391,0.632238,1
7200,168.968,0.562338,-0.00353846,0.0452539,-0.498141,-0.0579705,0.0332423,-0.489163,-0.0677556,-0.0920617,0.121371,-0.0551994,-0.00217398,0.0720515,0.611407,0.632334,1
7210,203.354,0.565721,-0.00354687,0.0452425,-0.498126,-0.0579882,0.0334686,-0.491654,-0.0665602,-0.0892944,0.119949,-0.0563451,-0.00293407,0.0728925,0.61143,0.632442,1
7220,212.505,0.568833,-0.00355286,0.0452352,-0.498116,-0.0580059,0.0336948,-0.494144,-0.0998465,-0.0273272,0.122947,-0.0571357,-0.00377293,0.0734528,0.611463,0.632568,1
7230,225.091,0.571647,-0.00356349,0.0452322,-0.498103,-0.0580237,0.0339209,-0.496635,0,0,0,-0.0579979,-0.00424886,0.0737361,0.611491,0.632641,1
7240,241.109,0.574111,-0.00356349,0.0452322,-0.498103,-0.0580416,0.0341471,-0.499126,0,0,0,-0.0584158,-0.0046112,0.0736756,0.611491,0.632641,1
7250,256.457,0.57655,-0.00356349,0.0452322,-0.498103,-0.0580594,0.0343732,-0.501616,0,0,0,-0.0576595,-0.0051422,0.0735785,0.611491,0.632641,1
7260,244.104,0.579159,-0.00356349,0.0452322,-0.498103,-0.0580772,0.0345994,-0.504107,0,0,0,-0.0565323,-0.00552059,0.0736588,0.611491,0.632641,1
7270,215.377,0.582133,-0.00356349,0.0452322,-0.498103,-0.058095,0.0348256,-0.506597,0,0,0,-0.0559513,-0.00562993,0.0741247,0.611491,0.632641,1
7280,192.014,0.585039,-0.00356349,0.0452322,-0.498103,-0.0581128,0.0350517,-0.509088,0,0,0,-0.0553381,-0.00543421,0.0745421,0.611491,0.632641,1
7290,191.912,0.587395,-0.00356349,0.0452322,-0.498103,-0.0581306,0.0352779,-0.511578,0,0,0,-0.0540821,-0.00477444,0.0744358,0.611531,0.632712,1
7300,201.581,0.588875,-0.00356349,0.0452322,-0.498103,-0.0581485,0.0355041,-0.514069,0,0,0,-0.0532089,-0.00367856,0.073481,0.61157,0.632766,1
7310,225.821,0.589966,-0.00356349,0.0452322,-0.498103,-0.0581663,0.0357302,-0.516559,0,0,0,-0.0534651,-0.00287858,0.0721234,0.611706,0.632912,1
7320,261.749,0.591534,-0.00356349,0.0452322,-0.498103,-0.0581841,0.0359564,-0.51905,0,0,0,-0.0540956,-0.00244286,0.0712223,0.611729,0.632921,1
7330,278.112,0.594169,-0.00356349,0.0452322,-0.498103,-0.0582019,0.0361825,-0.52154,0,0,0,-0.0542444,-0.00179662,0.0714007,0.611941,0.633023,1
7340,275.116,0.597214,-0.00356349,0.0452322,-0.498103,-0.0582197,0.0364087,-0.524031,0,0,0,-0.0543768,-0.00105183,0.0719947,0.612105,0.63312,1
7350,268.859,0.599739,-0.00356349,0.0452322,-0.498103,-0.0582375,0.0366349,-0.526521,0,0,0,-0.0547379,-0.00105219,0.0720222,0.612365,0.633285,1
7360,281.483,0.601378,-0.00356349,0.0452322,-0.498103,-0.0582554,0.036861,-0.529012,0,0,0,-0.0550323,-0.00168888,0.0711204,0.612604,0.633439,1
7370,287.034,0.602663,-0.00356349,0.0452322,-0.498103,-0.0582732,0.0370872,-0.531502,0,0,0,-0.0550986,-0.00209351,0.0698774,0.612722,0.633503,1
7380,262.144,0.604245,-0.00356349,0.0452322,-0.498103,-0.058291,0.0373133,-0.533993,0,0,0,-0.0550605,-0.00210003,0.0689564,0.612827,0.633547,1
7390,246.953,0.606382,-0.00356349,0.0452322,-0.498103,-0.0583088,0.0375395,-0.536483,0,0,0,-0.0543161,-0.00203656,0.068593,0.612827,0.633547,1
7400,233.086,0.608662,-0.00356349,0.0452322,-0.498103,-0.0583266,0.0377657,-0.538974,0,0,0,-0.0530952,-0.00177789,0.0683797,0.612827,0.633547,1
7410,233.787,0.610679,-0.00356349,0.0452322,-0.498103,-0.0583445,0.0379918,-0.541464,0,0,0,-0.0526337,-0.0010532,0.0679381,0.612933,0.633584,1
7420,249.842,0.612533,-0.00356349,0.0452322,-0.498103,-0.0583623,0.038218,-0.543955,0,0,0,-0.0536796,-0.000186281,0.0673547,0.613199,0.633685,1
7430,244.194,0.614798,-0.00356349,0.0452322,-0.498103,-0.0583801,0.0384441,-0.546445,0,0,0,-0.0550843,0.000483284,0.0671712,0.613317,0.633742,1
7440,241.299,0.617592,-0.00356349,0.0452322,-0.498103,-0.0583979,0.0386703,-0.548936,0,0,0,-0.0560332,0.000923737,0.0674966,0.613337,0.633754,1
7450,248.126,0.620552,-0.00356349,0.0452322,-0.498103,-0.0584157,0.0388965,-0.551426,0,0,0,-0.056636,0.000936996,0.0679607,0.613337,0.633754,1
7460,254.787,0.623191,-0.00356349,0.0452322,-0.498103,-0.0584335,0.0391226,-0.553917,0,0,0,-0.0572155,0.000325284,0.0680643,0.613337,0.633754,1
7470,255.37,0.625398,-0.00356349,0.0452322,-0.498103,-0.0584514,0.0393488,-0.556407,0,0,0,-0.0575767,-0.00017374,0.0677401,0.613391,0.633797,1
7480,248.648,0.627472,-0.00356349,0.0452322,-0.498103,-0.0584692,0.039575,-0.558898,0,0,0,-0.0580496,-0.000178276,0.067313,0.613428,0.633821,1
7490,216.264,0.629921,-0.00356349,0.0452322,-0.498103,-0.058487,0.0398011,-0.561388,0,0,0,-0.0585925,-0.000480105,0.0672438,0.613548,0.633892,1
7500,204.998,0.633055,-0.00356349,0.0452322,-0.498103,-0.0585048,0.0400273,-0.563879,0,0,0,-0.0583552,-0.00176732,0.0677945,0.613689,0.633967,1
7510,220.279,0.636611,-0.00356349,0.0452322,-0.498103,-0.0585226,0.0402534,-0.566369,0,0,0,-0.0568614,-0.00312715,0.0687598,0.613893,0.633792,1
7520,216.931,0.640003,-0.00356349,0.0452322,-0.498103,-0.0585404,0.0404796,-0.56886,0,0,0,-0.0554133,-0.00365928,0.0696116,0.614011,0.633643,1
7530,220.85,0.642718,-0.00356349,0.0452322,-0.498103,-0.0585583,0.0407058,-0.57135,0,0,0,-0.0547421,-0.00355546,0.0698301,0.614011,0.633618,1
7540,236.798,0.644655,-0.00356349,0.0452322,-0.498103,-0.0585761,0.0409319,-0.573841,0,0,0,-0.0541918,-0.00316812,0.0692885,0.614011,0.633618,1
7550,234.824,0.646276,-0.00356349,0.0452322,-0.498103,-0.0585939,0.0411581,-0.576331,0,0,0,-0.0534339,-0.00203366,0.0684787,0.614011,0.633618,1
7560,236.428,0.64835,-0.00356349,0.0452322,-0.498103,-0.0586117,0.0413842,-0.578822,0,0,0,-0.0532538,-0.00048247,0.0681532,0.614011,0.633618,1
7570,235.941,0.651068,-0.00356349,0.0452322,-0.498103,-0.0586295,0.0416104,-0.581312,0,0,0,-0.053442,0.000367286,0.0684275,0.614011,0.633618,1
7580,239.156,0.653857,-0.00356349,0.0452322,-0.498103,-0.0586473,0.0418366,-0.583803,0,0,0,-0.0534143,8.17253e-005,0.0686982,0.614019,0.633523,1
7590,220.21,0.656141,-0.00356349,0.0452322,-0.498103,-0.0586652,0.0420627,-0.586294,0,0,0,-0.0536975,-0.00067947,0.0684348,0.614059,0.633152,1
7600,187.564,0.658275,-0.00356349,0.0452322,-0.498103,-0.058683,0.0422889,-0.588784,0,0,0,-0.0549392,-0.00150886,0.0680214,0.614091,0.632855,1
7610,183.091,0.66073,-0.00356349,0.0452322,-0.498103,-0.0587008,0.042515,-0.591275,0,0,0,-0.0561957,-0.00203584,0.067947,0.614127,0.632561,1
7620,195.071,0.663536,-0.00356349,0.0452322,-0.498103,-0.0587186,0.0427412,-0.593765,0,0,0,-0.056598,-0.00197475,0.0682595,0.614143,0.632386,1
7630,197.163,0.666212,-0.00356349,0.0452322,-0.498103,-0.0587364,0.0429674,-0.596256,0,0,0,-0.056685,-0.00154011,0.0684646,0.614144,0.632298,1
7640,202.905,0.668524,-0.00356349,0.0452322,-0.498103,-0.0587543,0.0431935,-0.598746,0,0,0,-0.0569277,-0.00158082,0.0682742,0.614144,0.632298,1
7650,212.457,0.670545,-0.00356349,0.0452322,-0.498103,-0.0587721,0.0434197,-0.601237,0,0,0,-0.0568317,-0.00206845,0.0677611,0.614124,0.632131,1
7660,196.3,0.672448,-0.00356349,0.0452322,-0.498103,-0.0587899,0.0436459,-0.603727,0,0,0,-0.0565859,-0.00205263,0.0671625,0.614099,0.63193,1
7670,199.382,0.674505,-0.00356349,0.0452322,-0.498103,-0.0588077,0.043872,-0.606218,0,0,0,-0.0568121,-0.00129611,0.0667708,0.614069,0.631754,1
7680,205.591,0.677084,-0.00356349,0.0452322,-0.498103,-0.0588255,0.0440982,-0.608708,0,0,0,-0.0570299,-0.000848756,0.0668803,0.614063,0.63173,1
7690,204.434,0.680167,-0.00356349,0.0452322,-0.498103,-0.0588433,0.0443243,-0.611199,0,0,0,-0.056772,-0.00111121,0.0674459,0.614063,0.63173,1
7700,207.704,0.683279,-0.00356349,0.0452322,-0.498103,-0.0588612,0.0445505,-0.613689,0,0,0,-0.0568601,-0.00159856,0.0680264,0.614063,0.63173,1
7710,209.008,0.685868,-0.00356349,0.0452322,-0.498103,-0.058879,0.0447767,-0.61618,0,0,0,-0.0577985,-0.00228543,0.0680714,0.614063,0.63173,1
7720,215.146,0.687984,-0.00356349,0.0452322,-0.498103,-0.0588968,0.0450028,-0.61867,0,0,0,-0.0583636,-0.00325071,0.0676191,0.614063,0.63173,1
7730,222.221,0.690335,-0.00356349,0.0452322,-0.498103,-0.0589146,0.045229,-0.621161,0,0,0,-0.0579688,-0.00386524,0.0674254,0.613986,0.631556,1
7740,242.854,0.693508,-0.00356349,0.0452322,-0.498103,-0.0589324,0.0454551,-0.623651,0,0,0,-0.0575301,-0.00391243,0.0680958,0.613934,0.631459,1
7750,249.476,0.697079,-0.00356349,0.0452322,-0.498103,-0.0589502,0.0456813,-0.626142,0,0,0,-0.0574576,-0.00393836,0.0691675,0.613921,0.631438,1
7760,255.172,0.700134,-0.00356349,0.0452322,-0.498103,-0.0589681,0.0459075,-0.628632,0,0,0,-0.0568214,-0.0038648,0.0697266,0.613907,0.631418,1
7770,261.393,0.702409,-0.00356349,0.0452322,-0.498103,-0.0589859,0.0461336,-0.631123,0,0,0,-0.0555777,-0.00310095,0.06955,0.613907,0.631418,1
7780,245.266,0.704657,-0.00356349,0.0452322,-0.498103,-0.0590037,0.0463598,-0.633613,0,0,0,-0.0543593,-0.00200058,0.0693673,0.613807,0.631309,1
7790,220.049,0.70744,-0.00356349,0.0452322,-0.498103,-0.0590215,0.0465859,-0.636104,0,0,0,-0.0529885,-0.00162977,0.0696659,0.613807,0.631309,1
7800,193.894,0.71041,-0.00356349,0.0452322,-0.498103,-0.0590393,0.0468121,-0.638594,0,0,0,-0.0512973,-0.0017789,0.0701092,0.613807,0.631309,1
7810,186.889,0.712853,-0.00356349,0.0452322,-0.498103,-0.0590572,0.0470383,-0.641085,0,0,0,-0.0505243,-0.00162887,0.0700538,0.613807,0.631309,1
7820,217.612,0.7149,-0.00356349,0.0452322,-0.498103,-0.059075,0.0472644,-0.643575,0,0,0,-0.0510575,-0.0012716,0.0696306,0.613807,0.631309,1
7830,252.626,0.717243,-0.00356349,0.0452322,-0.498103,-0.0590928,0.0474906,-0.646066,0,0,0,-0.0518058,-0.0013248,0.0694774,0.613807,0.631309,1
7840,287.122,0.720267,-0.00356349,0.0452322,-0.498103,-0.0591106,0.0477168,-0.648556,0,0,0,-0.0521112,-0.00149367,0.0699939,0.613807,0.631309,1
7850,307.124,0.723537,-0.00356349,0.0452322,-0.498103,-0.0591284,0.0479429,-0.651047,0,0,0,-0.0526992,-0.00137334,0.0707792,0.613783,0.631291,1
7860,294.088,0.726474,-0.00356349,0.0452322,-0.498103,-0.0591462,0.0481691,-0.653537,0,0,0,-0.053782,-0.000980303,0.0712524,0.613783,0.631291,1
7870,285.433,0.729097,-0.00356349,0.0452322,-0.498103,-0.0591641,0.0483952,-0.656028,0,0,0,-0.055043,-0.000618043,0.0714086,0.613783,0.631291,1
7880,285.493,0.731565,-0.00356349,0.0452322,-0.498103,-0.0591819,0.0486214,-0.658518,0,0,0,-0.0564825,-0.000351246,0.0714002,0.613783,0.631291,1
7890,275.636,0.733882,-0.00356349,0.0452322,-0.498103,-0.0591997,0.0488476,-0.661009,0,0,0,-0.0581592,-0.0004907,0.0712118,0.613783,0.631291,1
7900,262.994,0.736079,-0.00356349,0.0452322,-0.498103,-0.0592175,0.0490737,-0.663499,0,0,0,-0.0590966,-0.00114242,0.0708643,0.613761,0.631278,1
7910,223.767,0.738314,-0.00356349,0.0452322,-0.498103,-0.0592353,0.0492999,-0.66599,0,0,0,-0.059016,-0.00177487,0.0705548,0.613485,0.631101,1
7920,192.308,0.740765,-0.00356349,0.0452322,-0.498103,-0.0592531,0.049526,-0.66848,0,0,0,-0.0590544,-0.00177063,0.0705058,0.613332,0.630993,1
7930,181.235,0.743471,-0.00356349,0.0452322,-0.498103,-0.059271,0.0497522,-0.670971,0,0,0,-0.059768,-0.00165419,0.0707203,0.613169,0.630869,1
7940,181.593,0.746208,-0.00356349,0.0452322,-0.498103,-0.0592888,0.0499784,-0.673461,0,0,0,-0.0599078,-0.00198193,0.0709353,0.613014,0.630739,1
7950,196.712,0.748748,-0.00356349,0.0452322,-0.498103,-0.0593066,0.0502045,-0.675952,0,0,0,-0.0591242,-0.00238389,0.0709467,0.612866,0.630626,1
7960,232.177,0.751131,-0.00356349,0.0452322,-0.498103,-0.0593244,0.0504307,-0.678443,0,0,0,-0.0585622,-0.00265389,0.0708097,0.612866,0.630626,1
7970,248.059,0.753551,-0.00356349,0.0452322,-0.498103,-0.0593422,0.0506569,-0.680933,0,0,0,-0.0581949,-0.00341012,0.0706754,0.612866,0.630626,1
7980,246.53,0.755974,-0.00356349,0.0452322,-0.498103,-0.05936,0.050883,-0.683424,0,0,0,-0.0570284,-0.00430224,0.0705298,0.612866,0.630626,1
7990,254.981,0.758416,-0.00356349,0.0452322,-0.498103,-0.0593779,0.0511092,-0.685914,0,0,0,-0.0557503,-0.0043097,0.0704659,0.612866,0.630626,1
