step,rz,Epot,Epot00,prob_atom_crd[2],prob_atom_f[2],target_crd[2],BondedTermsEnergy,NonBondedTermsEnergy,BondStretchEnergy,AngleStretchEnergy,TorsionEnergy,OutOfPlaneEnergy,DispersionEnergy,ElectrostaticEnergy,NonBondedEnergyC,NonBondedEnergyD
0,-0.566223,-5131.32,0,-0.636768,4.3724,-0.0705454,-5425.77,294.454,90.6387,304.845,-6566.65,745.392,332.655,-38.2015,0,0
1,-0.553464,-5130.85,0.467321,-0.624033,-3.01677,-0.0705682,-5425.79,294.936,90.6338,304.829,-6566.63,745.381,333.144,-38.2084,0,0
2,-0.540723,-5130.3,1.0232,-0.611297,-4.30082,-0.0705746,-5425.77,295.473,90.6721,304.781,-6566.61,745.387,333.685,-38.2115,0,0
3,-0.527984,-5130.33,0.987921,-0.598562,-1.26035,-0.0705777,-5425.78,295.452,90.6533,304.816,-6566.63,745.377,333.664,-38.2114,0,0
4,-0.515251,-5130.33,0.989822,-0.585827,1.51106,-0.0705755,-5425.78,295.453,90.6568,304.814,-6566.63,745.376,333.665,-38.2125,0,0
5,-0.502516,-5130.29,1.02513,-0.573091,3.98416,-0.0705752,-5425.78,295.484,90.6627,304.811,-6566.63,745.375,333.698,-38.2137,0,0
6,-0.489781,-5130.08,1.23584,-0.560356,5.17234,-0.0705747,-5425.77,295.683,90.6743,304.801,-6566.62,745.375,333.898,-38.2149,0,0
7,-0.477046,-5129.32,1.99957,-0.54762,2.13169,-0.0705746,-5425.73,296.413,90.7019,304.783,-6566.6,745.378,334.63,-38.2166,0,0
8,-0.46431,-5128.78,2.54219,-0.534885,-0.269802,-0.070575,-5425.73,296.949,90.7175,304.756,-6566.58,745.381,335.169,-38.2194,0,0
9,-0.451574,-5128.77,2.55412,-0.52215,2.1336,-0.0705753,-5425.72,296.959,90.7182,304.751,-6566.58,745.383,335.18,-38.2207,0,0
10,-0.43884,-5129.34,1.98085,-0.509414,0.092782,-0.0705747,-5425.72,296.386,90.72,304.753,-6566.56,745.361,334.609,-38.2232,0,0
11,-0.426103,-5130.02,1.29689,-0.496679,-2.05354,-0.0705758,-5425.75,295.726,90.7195,304.731,-6566.53,745.336,333.956,-38.2301,0,0
12,-0.413367,-5130.51,0.811147,-0.483944,-3.50848,-0.0705769,-5425.75,295.24,90.7194,304.731,-6566.54,745.336,333.47,-38.2301,0,0
13,-0.400631,-5131.01,0.310561,-0.471208,-5.36488,-0.0705769,-5425.77,294.764,90.7045,304.607,-6566.44,745.352,333.008,-38.2433,0,0
14,-0.387894,-5131.23,0.0911433,-0.458473,-4.91408,-0.0705789,-5425.77,294.546,90.7059,304.559,-6566.4,745.364,332.793,-38.2473,0,0
15,-0.375159,-5131.28,0.0397102,-0.445738,-3.16248,-0.0705789,-5425.77,294.494,90.706,304.559,-6566.4,745.364,332.741,-38.2473,0,0
16,-0.362423,-5131.46,-0.141426,-0.433002,-2.38303,-0.0705789,-5425.78,294.32,90.7159,304.493,-6566.36,745.37,332.574,-38.2538,0,0
17,-0.349688,-5131.79,-0.469244,-0.420267,-2.6681,-0.070579,-5425.78,293.994,90.7351,304.454,-6566.35,745.373,332.251,-38.2573,0,0
18,-0.336951,-5131.27,0.0458956,-0.407532,-9.02773,-0.0705803,-5425.78,294.509,90.7351,304.454,-6566.35,745.373,332.767,-38.2573,0,0
19,-0.324216,-5130.81,0.511243,-0.394796,-11.2931,-0.0705803,-5425.79,294.978,90.7332,304.455,-6566.35,745.373,333.235,-38.2575,0,0
20,-0.31148,-5130.94,0.380805,-0.382061,-9.22365,-0.0705803,-5425.79,294.85,90.732,304.456,-6566.35,745.372,333.107,-38.2577,0,0
21,-0.298745,-5131.04,0.274733,-0.369325,-7.36702,-0.0705804,-5425.76,294.713,90.8283,304.236,-6566.22,745.399,332.987,-38.2743,0,0
22,-0.286007,-5131.13,0.19188,-0.35659,-5.66713,-0.0705827,-5425.76,294.628,90.8426,304.175,-6566.18,745.407,332.906,-38.2787,0,0
23,-0.273272,-5130.75,0.566702,-0.343855,-7.09798,-0.0705825,-5425.73,294.981,90.8713,304.112,-6566.14,745.418,333.264,-38.2825,0,0
24,-0.260537,-5130.12,1.20006,-0.331119,-10.3393,-0.0705823,-5425.73,295.615,90.8715,304.111,-6566.14,745.418,333.897,-38.2825,0,0
25,-0.247802,-5129.96,1.36178,-0.318384,-9.92116,-0.0705824,-5425.71,295.751,90.9232,303.99,-6566.06,745.438,334.042,-38.2908,0,0
26,-0.235067,-5130.21,1.10469,-0.305649,-8.00819,-0.0705812,-5425.71,295.492,90.9359,303.946,-6566.03,745.444,333.787,-38.2946,0,0
27,-0.222333,-5130.76,0.561633,-0.292913,-7.81096,-0.0705805,-5425.71,294.949,90.9363,303.946,-6566.03,745.444,333.244,-38.2946,0,0
28,-0.209597,-5131.46,-0.143537,-0.280178,-8.09536,-0.0705805,-5425.71,294.244,90.9434,303.945,-6566.04,745.44,332.539,-38.2952,0,0
29,-0.196862,-5131.85,-0.529581,-0.267443,-5.24525,-0.0705805,-5425.71,293.858,90.945,303.945,-6566.04,745.439,332.153,-38.2954,0,0
30,-0.184127,-5131.88,-0.558285,-0.254707,1.00632,-0.0705805,-5425.71,293.829,90.9479,303.945,-6566.04,745.437,332.125,-38.2956,0,0
31,-0.171391,-5131.82,-0.496459,-0.241972,9.02278,-0.0705805,-5425.71,293.891,90.9504,303.945,-6566.04,745.435,332.187,-38.2959,0,0
32,-0.158656,-5131.64,-0.319771,-0.229236,19.0878,-0.0705804,-5425.71,294.068,90.9523,303.945,-6566.04,745.434,332.364,-38.296,0,0
33,-0.145921,-5132.1,-0.780424,-0.216501,25.863,-0.0705804,-5425.71,293.607,90.9528,303.945,-6566.04,745.434,331.903,-38.2961,0,0
34,-0.133185,-5132.02,-0.697448,-0.203766,31.7262,-0.0705804,-5425.71,293.69,90.9601,303.946,-6566.04,745.429,331.987,-38.2967,0,0
35,-0.12045,-5130.95,0.371054,-0.19103,43.8225,-0.0705804,-5425.71,294.759,90.9604,303.947,-6566.04,745.429,333.056,-38.2967,0,0
36,-0.107715,-5129.86,1.45609,-0.178295,58.724,-0.0705804,-5425.71,295.844,90.9605,303.947,-6566.04,745.429,334.141,-38.2967,0,0
37,-0.0949793,-5129,2.32253,-0.16556,77.2765,-0.0705804,-5425.71,296.71,90.9606,303.947,-6566.04,745.428,335.007,-38.2967,0,0
38,-0.0822439,-5128.06,3.2645,-0.152824,85.5495,-0.0705804,-5425.19,297.139,91.8884,310.173,-6570.61,743.354,335.076,-37.937,0,0
39,-0.0695519,-5126.89,4.42541,-0.140089,95.9423,-0.070537,-5425,298.105,92.1001,311.868,-6571.76,742.794,335.945,-37.8396,0,0
40,-0.0568184,-5124.73,6.59434,-0.127354,97.6763,-0.0705352,-5425,300.274,92.1048,311.867,-6571.76,742.792,338.114,-37.8399,0,0
41,-0.0440831,-5122.9,8.41627,-0.114618,93.2113,-0.0705352,-5425,302.096,92.1053,311.867,-6571.76,742.792,339.936,-37.8399,0,0
42,-0.0313477,-5121.76,9.55583,-0.101883,84.1827,-0.0705352,-5425,303.236,92.106,311.867,-6571.76,742.792,341.076,-37.8399,0,0
43,-0.0186124,-5120.8,10.5215,-0.0891475,66.0194,-0.0705351,-5425,304.202,92.109,311.867,-6571.77,742.79,342.042,-37.8401,0,0
44,-0.00587705,-5120.9,10.422,-0.0764122,34.7284,-0.0705351,-5425,304.102,92.1147,311.866,-6571.77,742.788,341.943,-37.8404,0,0
45,0.00685824,-5121.43,9.89361,-0.0636768,-1.14464,-0.070535,-5425,303.574,92.1243,311.865,-6571.77,742.784,341.415,-37.8409,0,0
46,0.0195935,-5121.64,9.67885,-0.0509414,-32.2577,-0.0705349,-5425,303.36,92.1355,311.863,-6571.78,742.78,341.201,-37.8414,0,0
47,0.0323287,-5122.23,9.08956,-0.0382061,-59.2967,-0.0705348,-5425,302.77,92.147,311.861,-6571.78,742.775,340.612,-37.842,0,0
48,0.0450639,-5123.12,8.20067,-0.0254707,-78.8545,-0.0705346,-5425,301.882,92.1574,311.86,-6571.79,742.771,339.724,-37.8425,0,0
49,0.0577992,-5124.81,6.50971,-0.0127354,-93.4892,-0.0705345,-5425,300.191,92.1649,311.859,-6571.79,742.768,338.034,-37.8429,0,0
50,0.0705344,-5126.64,4.68313,0,-100.933,-0.0705344,-5425,298.364,92.1679,311.858,-6571.79,742.767,336.207,-37.8431,0,0
51,0.0832697,-5127.35,3.97205,0.0127354,-100.252,-0.0705344,-5425,297.653,92.1724,311.858,-6571.8,742.765,335.496,-37.8433,0,0
52,0.0960051,-5127.99,3.33145,0.0254707,-91.515,-0.0705343,-5425,297.012,92.176,311.857,-6571.8,742.764,334.856,-37.8435,0,0
53,0.10874,-5129.05,2.26844,0.0382061,-75.0718,-0.0705343,-5425,295.949,92.1764,311.857,-6571.8,742.764,333.793,-37.8435,0,0
54,0.121476,-5129.9,1.42379,0.0509414,-57.5585,-0.0705343,-5425,295.105,92.1769,311.857,-6571.8,742.764,332.948,-37.8435,0,0
55,0.134211,-5130.52,0.799562,0.0636768,-40.6883,-0.0705343,-5425,294.48,92.1775,311.857,-6571.8,742.764,332.324,-37.8435,0,0
56,0.146946,-5130.48,0.841974,0.0764122,-33.3552,-0.0705343,-5425.56,295.078,91.2476,305.408,-6567.21,745.001,333.275,-38.1979,0,0
57,0.15974,-5130.24,1.07775,0.0891475,-23.694,-0.0705928,-5425.61,295.368,91.1773,304.881,-6566.84,745.176,333.595,-38.2271,0,0
58,0.172468,-5130.46,0.856797,0.101883,-11.9394,-0.0705855,-5425.61,295.147,91.177,304.881,-6566.84,745.176,333.374,-38.2271,0,0
59,0.185204,-5130.55,0.768169,0.114618,-2.33175,-0.0705855,-5425.61,295.059,91.1745,304.883,-6566.84,745.176,333.286,-38.2271,0,0
60,0.197939,-5131.15,0.174052,0.127354,0.912756,-0.0705855,-5425.61,294.466,91.1692,304.887,-6566.84,745.174,332.693,-38.2272,0,0
61,0.210674,-5131.86,-0.543747,0.140089,1.41345,-0.0705854,-5425.61,293.749,91.166,304.89,-6566.84,745.174,331.976,-38.2272,0,0
62,0.22341,-5131.98,-0.65741,0.152824,4.7269,-0.0705853,-5425.61,293.635,91.1649,304.891,-6566.84,745.174,331.863,-38.2272,0,0
63,0.236145,-5131.89,-0.573506,0.16556,8.35834,-0.0705853,-5425.61,293.72,91.1621,304.893,-6566.84,745.173,331.947,-38.2273,0,0
64,0.24888,-5131.77,-0.446321,0.178295,11.5618,-0.0705853,-5425.61,293.847,91.1594,304.894,-6566.84,745.173,332.075,-38.2273,0,0
65,0.261616,-5131.9,-0.57769,0.19103,12.3388,-0.0705852,-5425.61,293.717,91.1555,304.896,-6566.84,745.173,331.944,-38.2274,0,0
66,0.274351,-5132.43,-1.11074,0.203766,10.5738,-0.0705852,-5425.8,293.373,90.827,304.142,-6566.23,745.454,331.64,-38.2672,0,0
67,0.287064,-5132.32,-1.00484,0.216501,4.39001,-0.0705625,-5425.8,293.479,90.8268,304.142,-6566.23,745.454,331.746,-38.2673,0,0
68,0.299799,-5131.68,-0.360756,0.229236,2.28635,-0.0705624,-5425.8,294.123,90.8262,304.141,-6566.23,745.454,332.391,-38.2674,0,0
69,0.312534,-5131.36,-0.0380851,0.241972,2.39408,-0.0705623,-5425.8,294.447,90.8251,304.141,-6566.22,745.454,332.714,-38.2675,0,0
70,0.325269,-5131.31,0.00610119,0.254707,4.50538,-0.0705621,-5425.8,294.491,90.8243,304.141,-6566.22,745.454,332.759,-38.2676,0,0
71,0.338005,-5131.24,0.0756483,0.267443,6.37632,-0.070562,-5425.8,294.561,90.8233,304.14,-6566.22,745.455,332.829,-38.2677,0,0
72,0.35074,-5130.87,0.448925,0.280178,6.12962,-0.0705619,-5425.81,294.934,90.8229,304.14,-6566.22,745.455,333.202,-38.2677,0,0
73,0.363475,-5130.5,0.819759,0.292913,5.75176,-0.0705619,-5425.81,295.307,90.8198,304.14,-6566.22,745.455,333.574,-38.2679,0,0
74,0.37621,-5130.28,1.04067,0.305649,6.3858,-0.0705617,-5425.81,295.528,90.8194,304.14,-6566.22,745.455,333.796,-38.2679,0,0
75,0.388946,-5130.19,1.13253,0.318384,8.04246,-0.0705616,-5425.81,295.62,90.8186,304.14,-6566.22,745.456,333.888,-38.2679,0,0
76,0.401681,-5130.07,1.24578,0.331119,9.76189,-0.0705616,-5425.81,295.733,90.8178,304.14,-6566.22,745.456,334.001,-38.268,0,0
77,0.414416,-5130.45,0.873111,0.343855,1.64958,-0.0705615,-5425.81,295.361,90.8175,304.14,-6566.22,745.456,333.629,-38.268,0,0
78,0.427152,-5130.59,0.73193,0.35659,-2.97228,-0.0705615,-5425.81,295.218,90.68,304.768,-6566.58,745.329,333.43,-38.2123,0,0
79,0.439898,-5130.61,0.706974,0.369325,-0.899735,-0.0705727,-5425.81,295.196,90.6735,304.782,-6566.59,745.33,333.407,-38.2108,0,0
80,0.452633,-5130.61,0.710237,0.382061,1.46192,-0.0705722,-5425.81,295.2,90.6684,304.795,-6566.6,745.331,333.409,-38.2092,0,0
81,0.465368,-5130.57,0.745609,0.394796,4.11443,-0.0705715,-5425.81,295.236,90.6672,304.792,-6566.6,745.335,333.445,-38.2092,0,0
82,0.478103,-5130.81,0.512262,0.407532,4.80338,-0.0705715,-5425.81,295.003,90.6661,304.79,-6566.61,745.339,333.212,-38.2092,0,0
83,0.490838,-5131.17,0.150406,0.420267,1.90778,-0.0705716,-5425.81,294.642,90.6648,304.786,-6566.61,745.345,332.851,-38.2092,0,0
84,0.503574,-5131.46,-0.136695,0.433002,-1.89144,-0.0705716,-5425.81,294.356,90.6618,304.777,-6566.61,745.357,332.565,-38.2093,0,0
85,0.516309,-5130.89,0.429236,0.445738,-3.47186,-0.0705717,-5425.81,294.917,90.6326,304.826,-6566.62,745.356,333.119,-38.2017,0,0
86,0.529046,-5130.63,0.68717,0.458473,-2.84932,-0.0705733,-5425.8,295.17,90.6436,304.83,-6566.64,745.367,333.37,-38.2006,0,0
87,0.541781,-5130.51,0.805575,0.471208,-1.23474,-0.0705731,-5425.8,295.288,90.6434,304.829,-6566.64,745.368,333.489,-38.2006,0,0
88,0.554517,-5130.51,0.805795,0.483944,1.22077,-0.0705731,-5425.8,295.288,90.642,304.824,-6566.64,745.37,333.489,-38.2005,0,0
89,0.567252,-5130.34,0.983334,0.496679,2.38611,-0.0705732,-5425.8,295.465,90.6393,304.815,-6566.63,745.376,333.666,-38.2004,0,0
90,0.579988,-5129.59,1.73024,0.509414,-0.506807,-0.0705734,-5425.8,296.212,90.6375,304.809,-6566.63,745.38,334.412,-38.2003,0,0
91,0.592723,-5129.02,2.30338,0.52215,-2.36199,-0.0705736,-5425.8,296.784,90.6355,304.801,-6566.62,745.385,334.984,-38.2001,0,0
92,0.605459,-5129.03,2.28917,0.534885,0.124881,-0.0705738,-5425.8,296.77,90.6343,304.795,-6566.62,745.388,334.97,-38.2001,0,0
93,0.618194,-5129.01,2.30665,0.54762,2.6353,-0.0705739,-5425.8,296.787,90.6332,304.79,-6566.61,745.391,334.986,-38.2,0,0
94,0.63093,-5129.51,1.80815,0.560356,0.760893,-0.0705741,-5425.75,296.238,90.6806,304.812,-6566.62,745.381,334.437,-38.1998,0,0
95,0.643662,-5130.42,0.89963,0.573091,-3.12673,-0.0705711,-5425.78,295.365,90.6461,304.82,-6566.64,745.387,333.567,-38.202,0,0
96,0.656398,-5130.45,0.874353,0.585827,-0.820749,-0.0705714,-5425.78,295.34,90.6461,304.82,-6566.64,745.388,333.542,-38.202,0,0
97,0.669133,-5130.44,0.879938,0.598562,1.77728,-0.0705714,-5425.8,295.356,90.6366,304.825,-6566.65,745.388,333.558,-38.2029,0,0
98,0.681868,-5130.4,0.920827,0.611297,4.66397,-0.0705707,-5425.8,295.396,90.6366,304.825,-6566.64,745.388,333.599,-38.2028,0,0
99,0.694603,-5130.62,0.69532,0.624033,5.60449,-0.0705707,-5425.79,295.171,90.6364,304.824,-6566.64,745.388,333.373,-38.2028,0,0
