step,T,Epot,Efull,SolventMolsThroughZ,
0,296.455,-14045,-6901.83,
2e-014,296.875,-14064.5,-6911.14,
4e-014,292.1,-13951.4,-6913.13,
6e-014,291.57,-13894.7,-6869.23,
8e-014,292.406,-13956.4,-6910.7,
1e-013,294.1,-14004.5,-6918.04,
1.2e-013,301.982,-14202.6,-6926.18,
1.4e-013,294.284,-13961.2,-6870.26,
1.6e-013,298.156,-14108.8,-6924.63,
1.8e-013,297.924,-14119.6,-6941.02,
2e-013,291.335,-13914.8,-6894.93,
2.2e-013,295.415,-14037.9,-6919.7,
2.4e-013,292.735,-13973.6,-6919.99,
2.6e-013,299.267,-14103.4,-6892.44,
2.8e-013,290.142,-13920.8,-6929.7,
3e-013,293.399,-13989.1,-6919.49,
3.2e-013,292.985,-13948.4,-6888.77,
3.4e-013,295.1,-14019.4,-6908.84,
3.6e-013,296.203,-14046.1,-6908.91,
3.8e-013,290.538,-13901.7,-6901.08,
4e-013,292.688,-13948.7,-6896.25,
4.2e-013,294.969,-13987.4,-6880.01,
4.4e-013,292.829,-13985.5,-6929.62,
4.6e-013,294.61,-14006.2,-6907.41,
4.8e-013,295.909,-14029.9,-6899.89,
5e-013,291.496,-13926.1,-6902.39,
5.2e-013,293.714,-13999.2,-6921.99,
5.4e-013,292.707,-13974.9,-6921.98,
5.6e-013,293.636,-13946.7,-6871.45,
5.8e-013,289.109,-13873,-6906.75,
6e-013,299.811,-14177.1,-6953.02,
6.2e-013,295.625,-13982.8,-6859.58,
6.4e-013,291.713,-13938.9,-6909.99,
6.6e-013,302.506,-14195.6,-6906.58,
6.8e-013,304.563,-14266.7,-6928.16,
7e-013,294.404,-13965.5,-6871.7,
7.2e-013,296.638,-14049.6,-6901.93,
7.4e-013,294.88,-14015,-6909.75,
7.6e-013,301.473,-14210.1,-6945.93,
7.8e-013,293.11,-13898.6,-6836,
8e-013,300.013,-14200,-6971.09,
8.2e-013,297.81,-14087.5,-6911.65,
8.4e-013,290.302,-13923.3,-6928.32,
8.6e-013,297.026,-14057.6,-6900.65,
8.8e-013,291.892,-13977.4,-6944.12,
9e-013,293.044,-13954.2,-6893.18,
9.2e-013,295.938,-14067.3,-6936.49,
9.4e-013,297.216,-14085.2,-6923.62,
9.6e-013,298.546,-14113.9,-6920.25,
9.8e-013,296.086,-14041.9,-6907.63,
1e-012,298.115,-14119.3,-6936.07,
1.02e-012,294.329,-14037.6,-6945.66,
1.04e-012,295.415,-14010.3,-6892.09,
1.06e-012,287.963,-13841.3,-6902.67,
1.08e-012,297.597,-14099.9,-6929.19,
1.1e-012,290.396,-13916.4,-6919.15,
1.12e-012,289.768,-13857.9,-6875.83,
1.14e-012,293.481,-14010.1,-6938.51,
1.16e-012,294.78,-14016,-6913.19,
1.18e-012,293.401,-13987.9,-6918.29,
1.2e-012,290.27,-13875.8,-6881.57,
1.22e-012,297.706,-14118.1,-6944.75,
1.24e-012,292.393,-13951.8,-6906.41,
1.26e-012,299.341,-14100.7,-6887.96,
1.28e-012,293.081,-13967.2,-6905.26,
1.3e-012,289.876,-13929,-6944.33,
1.32e-012,288.946,-13851.2,-6888.89,
1.34e-012,296.926,-14051.6,-6897.01,
1.36e-012,297.144,-14059.2,-6899.32,
1.38e-012,296.89,-14093.2,-6939.5,
1.4e-012,292.313,-13948.5,-6905.05,
1.42e-012,297.469,-14079.7,-6912.08,
1.44e-012,299.736,-14129.4,-6907.15,
1.46e-012,292.324,-13966.1,-6922.39,
1.48e-012,297.923,-14077.5,-6898.88,
1.5e-012,285.275,-13778.7,-6904.83,
1.52e-012,296.431,-14035.3,-6892.7,
1.54e-012,300.33,-14167.4,-6930.82,
1.56e-012,292.723,-13945.8,-6892.51,
1.58e-012,296.274,-14085.7,-6946.88,
1.6e-012,293.147,-13954.5,-6891.05,
1.62e-012,286.299,-13802.9,-6904.39,
1.64e-012,294.529,-14018,-6921.24,
1.66e-012,292.08,-13953.7,-6915.93,
1.68e-012,297.104,-14037.1,-6878.28,
1.7e-012,301.007,-14189.6,-6936.7,
1.72e-012,293.981,-13995.7,-6912.09,
1.74e-012,306.71,-14323.1,-6932.76,
1.76e-012,295.041,-14017.3,-6908.13,
1.78e-012,296.75,-14084.7,-6934.41,
1.8e-012,296.891,-14065.4,-6911.7,
1.82e-012,294.398,-14033.9,-6940.23,
1.84e-012,300.861,-14152.1,-6902.69,
1.86e-012,297.215,-14113.6,-6952.07,
1.88e-012,289.739,-13893.3,-6911.93,
1.9e-012,288.204,-13870.4,-6926.01,
1.92e-012,290.931,-13924.6,-6914.45,
1.94e-012,299.194,-14154.7,-6945.51,
1.96e-012,290.991,-13921.3,-6909.7,
1.98e-012,291.918,-13971.8,-6937.91,
2e-012,294.611,-14015.4,-6916.6,
2.02e-012,291.573,-13968.7,-6943.15,
2.04e-012,296.93,-14055.6,-6900.93,
2.06e-012,297.308,-14083.8,-6920.02,
2.08e-012,294.621,-14016.7,-6917.73,
2.1e-012,303.702,-14257.3,-6939.48,
2.12e-012,300.768,-14199.1,-6951.96,
2.14e-012,284.7,-13734,-6874.05,
2.16e-012,297.795,-14134.3,-6958.77,
2.18e-012,291.828,-13940.2,-6908.46,
2.2e-012,295.03,-14043.2,-6934.31,
2.22e-012,293.299,-13994.1,-6926.9,
2.24e-012,289.499,-13877.2,-6901.55,
2.26e-012,295.433,-14039.4,-6920.81,
2.28e-012,297.708,-14096.6,-6923.18,
2.3e-012,289.813,-13876.3,-6893.14,
2.32e-012,303.099,-14241.7,-6938.42,
2.34e-012,288.835,-13834.2,-6874.63,
2.36e-012,293.622,-14017.7,-6942.79,
2.38e-012,293.139,-13946.8,-6883.52,
2.4e-012,291.438,-13921.8,-6899.48,
2.42e-012,300.153,-14189.5,-6957.15,
2.44e-012,284.673,-13717.5,-6858.13,
2.46e-012,292.652,-13946,-6894.42,
2.48e-012,297.502,-14084.9,-6916.41,
2.5e-012,292.935,-13981.4,-6922.97,
2.52e-012,295.675,-14004.4,-6879.99,
2.54e-012,294.149,-13979.2,-6891.6,
2.56e-012,297.095,-14079.9,-6921.26,
2.58e-012,291.708,-13928.4,-6899.57,
2.6e-012,295.559,-14015,-6893.33,
2.62e-012,298.279,-14089.2,-6902.01,
2.64e-012,290.087,-13886,-6896.22,
2.66e-012,295.193,-14007.8,-6894.95,
2.68e-012,298.409,-14088.1,-6897.84,
2.7e-012,290.871,-13905.6,-6896.95,
2.72e-012,295.179,-14008.5,-6896.07,
2.74e-012,296.191,-14012,-6875.11,
2.76e-012,296.114,-14052,-6916.98,
2.78e-012,297.621,-14065.7,-6894.38,
2.8e-012,294.114,-13986.6,-6899.75,
2.82e-012,290.074,-13885.8,-6896.35,
2.84e-012,292.219,-13953.5,-6912.36,
2.86e-012,288.082,-13827.1,-6885.68,
2.88e-012,294.414,-13986.6,-6892.54,
2.9e-012,291.034,-13888.9,-6876.27,
2.92e-012,297.635,-14088.3,-6916.64,
2.94e-012,292.754,-13923.8,-6869.79,
2.96e-012,300.272,-14148.1,-6912.94,
2.98e-012,294.882,-13983.8,-6878.47,
3e-012,294.79,-13994.4,-6891.28,
3.02e-012,293.999,-13981.8,-6897.75,
3.04e-012,286.44,-13776,-6874.09,
3.06e-012,293.268,-13948.7,-6882.32,
3.08e-012,291.898,-13940.4,-6907.01,
3.1e-012,300.15,-14093.1,-6860.9,
3.12e-012,292.618,-13918.9,-6868.16,
3.14e-012,291.965,-13896.7,-6861.66,
3.16e-012,296.556,-14032.4,-6886.71,
3.18e-012,288.209,-13789.1,-6844.59,
3.2e-012,299.28,-14100.1,-6888.78,
3.22e-012,289.938,-13833.7,-6847.55,
3.24e-012,291.826,-13917.3,-6885.6,
3.26e-012,297.21,-14014.3,-6852.91,
3.28e-012,302.364,-14181.3,-6895.73,
3.3e-012,288.36,-13794.8,-6846.64,
3.32e-012,292.97,-13933.7,-6874.43,
3.34e-012,298.76,-14077,-6878.21,
3.36e-012,292.352,-13917.6,-6873.23,
3.38e-012,297.293,-14027.2,-6863.81,
3.4e-012,300.561,-14124.3,-6882.18,
3.42e-012,285.285,-13711.4,-6837.29,
3.44e-012,291.914,-13912.6,-6878.81,
3.46e-012,293.452,-13934.1,-6863.26,
3.48e-012,295.175,-13979.1,-6866.67,
3.5e-012,300.489,-14109.3,-6868.91,
3.52e-012,299.362,-14072.5,-6859.23,
3.54e-012,296.482,-14026.7,-6882.79,
3.56e-012,289.478,-13820,-6844.92,
3.58e-012,294.513,-13960.5,-6864.05,
3.6e-012,297.563,-14045,-6875.14,
3.62e-012,299.455,-14074.2,-6858.73,
3.64e-012,292.891,-13932.2,-6874.88,
3.66e-012,294.192,-13952.2,-6863.47,
3.68e-012,288.155,-13798.1,-6854.89,
3.7e-012,299.404,-14111.4,-6897.12,
3.72e-012,288.733,-13778.3,-6821.15,
3.74e-012,296.904,-14042.5,-6888.5,
3.76e-012,293.281,-13922.2,-6855.43,
3.78e-012,289.708,-13827,-6846.31,
3.8e-012,300.706,-14116.2,-6870.58,
3.82e-012,293.08,-13940.4,-6878.55,
3.84e-012,299.625,-14078.6,-6858.94,
3.86e-012,296.934,-14034.2,-6879.4,
3.88e-012,290.212,-13848.4,-6855.58,
3.9e-012,283.89,-13708.8,-6868.34,
3.92e-012,296.314,-13990,-6850.14,
3.94e-012,286.713,-13762.5,-6853.96,
3.96e-012,292.447,-13915.4,-6868.73,
3.98e-012,295.611,-13967.6,-6844.7,
4e-012,289.748,-13834.3,-6852.73,
4.02e-012,289.328,-13841.3,-6869.82,
4.04e-012,292.015,-13873.2,-6836.96,
4.06e-012,294.282,-13927.2,-6836.38,
4.08e-012,296.871,-14041.5,-6888.23,
4.1e-012,294.029,-13949.1,-6864.32,
4.12e-012,292.218,-13894.4,-6853.3,
4.14e-012,296.418,-13983.6,-6841.28,
4.16e-012,296.392,-14027.4,-6885.7,
4.18e-012,294.493,-13939.9,-6843.92,
4.2e-012,293.308,-13914.5,-6847.06,
4.22e-012,295.202,-13984.5,-6871.47,
4.24e-012,293.065,-13917.9,-6856.39,
4.26e-012,296.132,-14017.9,-6882.5,
4.28e-012,294.812,-13945.7,-6842.09,
4.3e-012,299.578,-14093.1,-6874.6,
4.32e-012,290.683,-13869.1,-6864.94,
4.34e-012,296.218,-13999.9,-6862.44,
4.36e-012,290.44,-13832.9,-6834.6,
4.38e-012,286.137,-13771.9,-6877.33,
4.4e-012,288.976,-13785.4,-6822.36,
4.42e-012,293.357,-13925,-6856.42,
4.44e-012,296.011,-13970.3,-6837.76,
4.46e-012,294.098,-13923,-6836.61,
4.48e-012,303.981,-14192.3,-6867.72,
4.5e-012,293.449,-13928.3,-6857.55,
4.52e-012,294.594,-13931.6,-6833.17,
4.54e-012,298.692,-14062.5,-6865.43,
4.56e-012,289.885,-13836.5,-6851.55,
4.58e-012,295.307,-13968.6,-6853.01,
4.6e-012,290.485,-13848.4,-6849.04,
4.62e-012,289.726,-13797.5,-6816.43,
4.64e-012,297.823,-14054.2,-6878.05,
4.66e-012,297.86,-14014.8,-6837.74,
4.68e-012,294.785,-13939.2,-6836.17,
4.7e-012,292.233,-13866.2,-6824.71,
4.72e-012,297.83,-14065.6,-6889.2,
4.74e-012,297.675,-14003.8,-6831.16,
4.76e-012,295.411,-13952.3,-6834.21,
4.78e-012,299.769,-14097.5,-6874.46,
4.8e-012,304.347,-14232.9,-6899.54,
4.82e-012,290.033,-13808.2,-6819.68,
4.84e-012,295.008,-13982,-6873.64,
4.86e-012,297.286,-14023.1,-6859.86,
4.88e-012,303.914,-14204.9,-6881.97,
4.9e-012,296.125,-13978,-6842.7,
4.92e-012,294.289,-13952,-6860.94,
4.94e-012,302.396,-14190.3,-6903.97,
4.96e-012,292.804,-13886.8,-6831.57,
4.98e-012,288.716,-13817.3,-6860.52,
5e-012,292.531,-13929,-6880.29,
5.02e-012,293.771,-13925.8,-6847.23,
5.04e-012,289.167,-13812,-6844.37,
5.06e-012,287.378,-13771.9,-6847.43,
5.08e-012,297.51,-14045.7,-6877.08,
5.1e-012,295.024,-13949.1,-6840.41,
5.12e-012,290.091,-13799,-6809.11,
5.14e-012,297.517,-14077.1,-6908.29,
5.16e-012,294.261,-13929.8,-6839.47,
5.18e-012,289.778,-13796.2,-6813.86,
5.2e-012,290.747,-13873.5,-6867.78,
5.22e-012,289.581,-13864.8,-6887.21,
5.24e-012,288.501,-13757.2,-6805.59,
5.26e-012,292.46,-13876.2,-6829.19,
5.28e-012,290.228,-13858.3,-6865.1,
5.3e-012,292.737,-13902.8,-6849.22,
5.32e-012,292.665,-13842.6,-6790.67,
5.34e-012,294.222,-13981.8,-6892.39,
5.36e-012,294.939,-13959.8,-6853.14,
5.38e-012,294.63,-13929.1,-6829.83,
5.4e-012,292.409,-13883.2,-6837.45,
5.42e-012,294.505,-13980.5,-6884.22,
5.44e-012,294.661,-13936.8,-6836.82,
5.46e-012,292.646,-13904,-6852.58,
5.48e-012,294.46,-13938.1,-6842.92,
5.5e-012,295.66,-14017.3,-6893.19,
5.52e-012,292.324,-13867.6,-6823.97,
5.54e-012,285.761,-13739.8,-6854.3,
5.56e-012,294.016,-13932.6,-6848.13,
5.58e-012,295.053,-13982.3,-6872.89,
5.6e-012,291.944,-13849.9,-6815.38,
5.62e-012,299.523,-14090,-6872.89,
5.64e-012,295.559,-13983,-6861.4,
5.66e-012,290.4,-13848.1,-6850.76,
5.68e-012,296.082,-13969.8,-6835.58,
5.7e-012,298.665,-14088.7,-6892.22,
5.72e-012,296.271,-13980.8,-6841.97,
5.74e-012,300.561,-14101.8,-6859.65,
5.76e-012,294.202,-13968,-6879.03,
5.78e-012,291.917,-13911.4,-6877.53,
5.8e-012,295.092,-13958.3,-6847.93,
5.82e-012,292.583,-13909.5,-6859.62,
5.84e-012,297.545,-14038.1,-6868.62,
5.86e-012,299.27,-14095.1,-6884.02,
5.88e-012,299.469,-14078.2,-6862.39,
5.9e-012,293.008,-13935,-6874.86,
5.92e-012,290.07,-13877.4,-6888.01,
5.94e-012,292.372,-13904.3,-6859.51,
5.96e-012,298.741,-14081.4,-6883.12,
5.98e-012,293.716,-13951.4,-6874.2,
6e-012,299.51,-14113.3,-6896.49,
6.02e-012,292.06,-13905.5,-6868.17,
6.04e-012,295.383,-13994.2,-6876.81,
6.06e-012,298.334,-14080,-6891.55,
6.08e-012,296.396,-14015.7,-6873.92,
6.1e-012,292.672,-13936.9,-6884.83,
6.12e-012,295.192,-14014.3,-6901.48,
6.14e-012,295.53,-13995.4,-6874.47,
6.16e-012,294.344,-13998.5,-6906.19,
6.18e-012,291.479,-13874.6,-6851.34,
6.2e-012,290.984,-13897.5,-6886.09,
6.22e-012,299.468,-14132.9,-6917.05,
6.24e-012,294.683,-13937.7,-6837.18,
6.26e-012,294.379,-13988.9,-6895.69,
6.28e-012,299.117,-14103.4,-6896.06,
6.3e-012,288.84,-13842.3,-6882.6,
6.32e-012,299.738,-14100.2,-6877.84,
6.34e-012,291.967,-13921.7,-6886.66,
6.36e-012,300.777,-14125.9,-6878.54,
6.38e-012,297.28,-14047.1,-6883.99,
6.4e-012,291.589,-13887.8,-6861.88,
6.42e-012,303.192,-14211.7,-6906.15,
6.44e-012,292.303,-13907.8,-6864.63,
6.46e-012,298.238,-14061.1,-6874.95,
6.48e-012,294.057,-13975.3,-6889.85,
6.5e-012,292.53,-13920.4,-6871.76,
6.52e-012,298.31,-14076.3,-6888.4,
6.54e-012,303.808,-14215.5,-6895.11,
6.56e-012,293.955,-13963.8,-6880.81,
6.58e-012,290.323,-13888.9,-6893.44,
6.6e-012,290.71,-13870.4,-6865.58,
6.62e-012,293.109,-13930.2,-6867.67,
6.64e-012,300.4,-14147.9,-6909.62,
6.66e-012,289.759,-13844.2,-6862.31,
6.68e-012,300.827,-14124.7,-6876.14,
6.7e-012,298.906,-14095,-6892.77,
6.72e-012,295.433,-14010.6,-6892.02,
6.74e-012,291.859,-13904.5,-6872.06,
6.76e-012,294.784,-13972,-6869.06,
6.78e-012,293.542,-13945.2,-6872.18,
6.8e-012,296.778,-14067.6,-6916.56,
6.82e-012,294.613,-13951.9,-6853.04,
6.84e-012,296.571,-14004.3,-6858.31,
6.86e-012,301.057,-14167.2,-6913.07,
6.88e-012,295.974,-14019.3,-6887.7,
6.9e-012,292.52,-13879.6,-6831.25,
6.92e-012,295.497,-14015.2,-6895.06,
6.94e-012,294.788,-13977.8,-6874.75,
6.96e-012,298.787,-14058.2,-6858.74,
6.98e-012,292.976,-13935.8,-6876.4,
7e-012,300.452,-14123.4,-6883.89,
7.02e-012,294.841,-13952,-6847.67,
7.04e-012,293.306,-13922.3,-6854.91,
7.06e-012,291.768,-13876.9,-6846.58,
7.08e-012,301.032,-14154.1,-6900.57,
7.1e-012,289.749,-13795.5,-6813.88,
7.12e-012,296.805,-14023.7,-6872.02,
7.14e-012,304.102,-14224.7,-6897.24,
7.16e-012,300.406,-14100,-6861.58,
7.18e-012,293.4,-13906,-6836.41,
7.2e-012,289.583,-13848.5,-6870.86,
7.22e-012,291.729,-13869.3,-6839.98,
7.24e-012,304.403,-14211.8,-6877.12,
7.26e-012,292.6,-13865.9,-6815.54,
7.28e-012,297.359,-14049.9,-6884.88,
7.3e-012,293.997,-13943.6,-6859.63,
7.32e-012,291.693,-13894.3,-6865.84,
7.34e-012,288.479,-13795.3,-6844.25,
7.36e-012,289.976,-13852,-6864.94,
7.38e-012,298.804,-14064.6,-6864.77,
7.4e-012,302.916,-14163.8,-6864.85,
7.42e-012,292.271,-13877.8,-6835.37,
7.44e-012,294.774,-14020.1,-6917.4,
7.46e-012,291.897,-13876.8,-6843.4,
7.48e-012,291.528,-13872,-6847.49,
7.5e-012,291.249,-13873.4,-6855.61,
7.52e-012,290.435,-13890.1,-6891.98,
7.54e-012,289.836,-13815.6,-6831.93,
7.56e-012,299.616,-14067.7,-6848.28,
7.58e-012,295.654,-13991.3,-6867.41,
7.6e-012,299.686,-14126,-6904.94,
7.62e-012,290.05,-13807.1,-6818.24,
7.64e-012,295.34,-13959.9,-6843.59,
7.66e-012,296.095,-14047.8,-6913.24,
7.68e-012,302.523,-14151,-6861.63,
7.7e-012,295.901,-13985.9,-6856.04,
7.72e-012,300.916,-14127.6,-6876.85,
7.74e-012,303.704,-14236.8,-6918.94,
7.76e-012,289.166,-13820.1,-6852.47,
7.78e-012,298.367,-14076.1,-6886.78,
7.8e-012,296.736,-14052.9,-6902.92,
7.82e-012,295.789,-14021.2,-6894.01,
7.84e-012,294.172,-13943.9,-6855.71,
7.86e-012,293.606,-13972.9,-6898.36,
7.88e-012,289.895,-13876,-6890.87,
7.9e-012,289.978,-13859.9,-6872.76,
7.92e-012,288.685,-13821.4,-6865.4,
7.94e-012,297.006,-14030,-6873.54,
7.96e-012,300.96,-14174,-6922.22,
7.98e-012,291.132,-13878,-6863.05,
8e-012,287.939,-13807.5,-6869.5,
8.02e-012,287.104,-13823.5,-6905.56,
8.04e-012,300.002,-14121.6,-6892.91,
8.06e-012,293.84,-13942.3,-6862.12,
8.08e-012,291.91,-13939,-6905.35,
8.1e-012,290.676,-13885.3,-6881.34,
8.12e-012,299.694,-14141.9,-6920.68,
8.14e-012,292.674,-13909.9,-6857.75,
8.16e-012,300.831,-14166.2,-6917.53,
8.18e-012,295.84,-14042.9,-6914.54,
8.2e-012,297.378,-14065.6,-6900.14,
8.22e-012,294.635,-14001.6,-6902.29,
8.24e-012,285.19,-13796.8,-6925.06,
8.26e-012,291.316,-13887.3,-6867.95,
8.28e-012,292.944,-13967.5,-6908.89,
8.3e-012,301.045,-14150.8,-6897.04,
8.32e-012,294.708,-14005.1,-6904.02,
8.34e-012,294.867,-14006.2,-6901.25,
8.36e-012,293.545,-13960.7,-6887.63,
8.38e-012,294.633,-14016.9,-6917.63,
8.4e-012,298.308,-14095.1,-6907.21,
8.42e-012,295.471,-13987.4,-6867.86,
8.44e-012,292.799,-13967.7,-6912.55,
8.46e-012,294.809,-14015.2,-6911.65,
8.48e-012,296.14,-14002,-6866.4,
8.5e-012,298.366,-14090.4,-6901.08,
8.52e-012,296.362,-14045.7,-6904.73,
8.54e-012,299.054,-14103.5,-6897.65,
8.56e-012,290.674,-13892.5,-6888.53,
8.58e-012,292.133,-13918.9,-6879.85,
8.6e-012,301.832,-14174.5,-6901.71,
8.62e-012,294.647,-14007.2,-6907.57,
8.64e-012,292.597,-13902,-6851.79,
8.66e-012,301.154,-14191.5,-6935.04,
8.68e-012,300.337,-14133.7,-6896.9,
8.7e-012,299.303,-14095.6,-6883.78,
8.72e-012,299.14,-14112,-6904.08,
8.74e-012,300.274,-14175.6,-6940.38,
8.76e-012,297.05,-14050.8,-6893.28,
8.78e-012,288.515,-13847,-6895.09,
8.8e-012,292.265,-13905.9,-6863.61,
8.82e-012,299.191,-14147.4,-6938.32,
8.84e-012,291.392,-13875.6,-6854.38,
8.86e-012,298.611,-14100.6,-6905.45,
8.88e-012,294.208,-13970.7,-6881.6,
8.9e-012,300.05,-14164.4,-6934.54,
8.92e-012,292.081,-13895.8,-6858.02,
8.94e-012,286.078,-13796.4,-6903.28,
8.96e-012,292.552,-13913.6,-6864.4,
8.98e-012,297.841,-14114.5,-6937.9,
9e-012,296.05,-13997.2,-6863.76,
9.02e-012,298,-14098.5,-6918.09,
9.04e-012,295.408,-13998.5,-6880.55,
9.06e-012,294.487,-14017.5,-6921.74,
9.08e-012,293.54,-13961.7,-6888.67,
9.1e-012,296.253,-14062.5,-6924.18,
9.12e-012,293.854,-13949,-6868.4,
9.14e-012,295.086,-14015.7,-6905.47,
9.16e-012,291.689,-13926.2,-6897.83,
9.18e-012,287.553,-13815.4,-6886.65,
9.2e-012,292.27,-13908.4,-6866.02,
9.22e-012,296.045,-14031,-6897.64,
9.24e-012,292.534,-13919.3,-6870.52,
9.26e-012,292.309,-13907.5,-6864.18,
9.28e-012,294.42,-13953.9,-6859.68,
9.3e-012,297.597,-14077,-6906.26,
9.32e-012,294.249,-13951.2,-6861.18,
9.34e-012,300.555,-14119.2,-6877.25,
9.36e-012,298.979,-14112.1,-6908.04,
9.38e-012,295.831,-14009,-6880.83,
9.4e-012,297.792,-14041,-6865.51,
9.42e-012,292.345,-13908.6,-6864.39,
9.44e-012,298.492,-14095.6,-6903.27,
9.46e-012,295.25,-13990.9,-6876.74,
9.48e-012,296.898,-13991.4,-6837.52,
9.5e-012,299.902,-14137.7,-6911.43,
9.52e-012,291.235,-13894.9,-6877.5,
9.54e-012,296.245,-13983.2,-6845.1,
9.56e-012,299.635,-14127.7,-6907.89,
9.58e-012,299.934,-14111.1,-6884,
9.6e-012,296.821,-14034.8,-6882.75,
9.62e-012,292.274,-13910,-6867.51,
9.64e-012,296.071,-13997.6,-6863.67,
9.66e-012,293.192,-13955.4,-6890.86,
9.68e-012,290.073,-13832.6,-6843.13,
9.7e-012,301.14,-14164.5,-6908.4,
9.72e-012,290.485,-13848.7,-6849.34,
9.74e-012,290.489,-13872.1,-6872.62,
9.76e-012,291.559,-13889,-6863.79,
9.78e-012,293.269,-13929.7,-6863.28,
9.8e-012,294.455,-13958.1,-6863.04,
9.82e-012,291.015,-13884.9,-6872.8,
9.84e-012,291.947,-13882.3,-6847.72,
9.86e-012,297.046,-14042.9,-6885.41,
9.88e-012,289.566,-13813.5,-6836.28,
9.9e-012,295.74,-14002.9,-6876.93,
9.92e-012,297.006,-14000.6,-6844.05,
9.94e-012,295.377,-13993.2,-6875.94,
9.96e-012,293.787,-13931.4,-6852.48,
9.98e-012,290.827,-13875.2,-6867.56,
1e-011,304.277,-14196.3,-6864.66,
1.002e-011,292.018,-13893,-6856.69,
1.004e-011,292.518,-13902.2,-6853.86,
1.006e-011,296.513,-14062.7,-6918.12,
1.008e-011,291.641,-13876.1,-6848.9,
1.01e-011,293.387,-13939.5,-6870.23,
1.012e-011,292.684,-13915.4,-6863,
1.014e-011,297.847,-14064.4,-6887.62,
1.016e-011,289.664,-13836.8,-6857.2,
1.018e-011,294.564,-13947.7,-6850.08,
1.02e-011,298.163,-14084.9,-6900.54,
1.022e-011,296.132,-14014.5,-6879.1,
1.024e-011,298.956,-14073.1,-6869.61,
1.026e-011,293.034,-13926.7,-6865.89,
1.028e-011,296.553,-14051.1,-6905.5,
1.03e-011,298.28,-14044.3,-6857.11,
1.032e-011,299.988,-14131.7,-6903.32,
1.034e-011,295.956,-14041.1,-6909.91,
1.036e-011,298.702,-14087.5,-6890.1,
1.038e-011,291.119,-13879.5,-6864.89,
1.04e-011,293.437,-13974.6,-6904.09,
1.042e-011,293.428,-13940.8,-6870.5,
1.044e-011,303.757,-14237.1,-6917.99,
1.046e-011,296.468,-14013.8,-6870.29,
1.048e-011,298.073,-14094.2,-6911.97,
1.05e-011,299.404,-14128.7,-6914.42,
1.052e-011,289.241,-13853.1,-6883.69,
1.054e-011,292.891,-13934.9,-6877.53,
1.056e-011,291.438,-13933.5,-6911.22,
1.058e-011,290.127,-13885.7,-6894.99,
1.06e-011,294.122,-13963.7,-6876.74,
1.062e-011,294.386,-13996.1,-6902.76,
1.064e-011,298.792,-14109.9,-6910.35,
1.066e-011,299.997,-14113.1,-6884.59,
1.068e-011,287.473,-13801.3,-6874.51,
1.07e-011,294.528,-14006.5,-6909.75,
1.072e-011,292.816,-13946.5,-6890.92,
1.074e-011,295.408,-14013.2,-6895.23,
1.076e-011,296.86,-14027.8,-6874.8,
1.078e-011,297.122,-14078.9,-6919.58,
1.08e-011,297.198,-14045.6,-6884.53,
1.082e-011,288.761,-13845.1,-6887.24,
1.084e-011,294.813,-14004.1,-6900.47,
1.086e-011,295.672,-14026.8,-6902.45,
1.088e-011,286.33,-13787.8,-6888.5,
1.09e-011,304.804,-14246.5,-6902.13,
1.092e-011,297.669,-14052.8,-6880.36,
1.094e-011,291.777,-13922.3,-6891.84,
1.096e-011,293.204,-13956.6,-6891.74,
1.098e-011,298.885,-14095.3,-6893.55,
1.1e-011,293.913,-13962.6,-6880.6,
1.102e-011,296.242,-14043.2,-6905.13,
1.104e-011,295.319,-14012.6,-6896.72,
1.106e-011,297.08,-14060.9,-6902.58,
1.108e-011,291.859,-13914.5,-6881.99,
1.11e-011,298.57,-14114.1,-6919.93,
1.112e-011,295.888,-14021.1,-6891.52,
1.114e-011,297.897,-14080.8,-6902.8,
1.116e-011,295.714,-14021.4,-6896.02,
1.118e-011,294.235,-13996.5,-6906.76,
1.12e-011,293.202,-13917.5,-6852.64,
1.122e-011,299.572,-14160,-6941.71,
1.124e-011,296.035,-14021,-6887.94,
1.126e-011,291.605,-13926,-6899.61,
1.128e-011,295.317,-13999.7,-6883.9,
1.13e-011,296.994,-14091.2,-6935.02,
1.132e-011,291.627,-13874.2,-6847.33,
1.134e-011,291.238,-13917.9,-6900.37,
1.136e-011,295.475,-14019.5,-6899.93,
1.138e-011,298.205,-14083.9,-6898.53,
1.14e-011,297.138,-14018.7,-6859,
1.142e-011,297.687,-14109.6,-6936.67,
1.144e-011,300.71,-14138.8,-6893.02,
1.146e-011,287.776,-13830.8,-6896.72,
1.148e-011,288.061,-13801.6,-6860.62,
1.15e-011,302.801,-14221.9,-6925.8,
1.152e-011,298.182,-14072.5,-6887.64,
1.154e-011,296.413,-14037.3,-6895.11,
1.156e-011,286.45,-13801.3,-6899.12,
1.158e-011,290.306,-13899.6,-6904.51,
1.16e-011,292.199,-13912.6,-6871.9,
1.162e-011,294.627,-13993.2,-6894.01,
1.164e-011,291.361,-13922.4,-6901.91,
1.166e-011,292.151,-13922.5,-6882.98,
1.168e-011,294.485,-13990,-6894.27,
1.17e-011,288.325,-13823.5,-6876.16,
1.172e-011,291.078,-13886.2,-6872.56,
1.174e-011,296.596,-14060.6,-6913.96,
1.176e-011,296.788,-14024,-6872.76,
1.178e-011,295.455,-13988.7,-6869.58,
1.18e-011,293.658,-13959.8,-6883.99,
1.182e-011,300.631,-14135.1,-6891.25,
1.184e-011,299.425,-14106.2,-6891.37,
1.186e-011,297.315,-14038.8,-6874.8,
1.188e-011,306.325,-14284.2,-6903.15,
1.19e-011,297.164,-14063.8,-6903.54,
1.192e-011,295.102,-13990.6,-6880.01,
1.194e-011,289.535,-13868.9,-6892.37,
1.196e-011,295.08,-14011.1,-6900.97,
1.198e-011,292.802,-13900.9,-6845.7,
1.2e-011,293.657,-13986.2,-6910.4,
1.202e-011,299.833,-14107.1,-6882.49,
1.204e-011,295.975,-14018.8,-6887.15,
1.206e-011,294.56,-13978.8,-6881.19,
1.208e-011,289.516,-13866.7,-6890.64,
1.21e-011,294.058,-13971.3,-6885.87,
1.212e-011,291.499,-13878.9,-6855.06,
1.214e-011,295.229,-14024.3,-6910.59,
1.216e-011,288.435,-13820.4,-6870.38,
1.218e-011,292.916,-13935.8,-6877.83,
1.22e-011,295.951,-14036.6,-6905.59,
1.222e-011,292.843,-13915.8,-6859.66,
1.224e-011,291.778,-13913.2,-6882.68,
1.226e-011,295.625,-14034.4,-6911.15,
1.228e-011,294.791,-13979.2,-6876.07,
1.23e-011,296.211,-14039.9,-6902.54,
1.232e-011,293.128,-13949,-6885.97,
1.234e-011,296.629,-14057.2,-6909.75,
1.236e-011,291.014,-13879.4,-6867.33,
1.238e-011,290.59,-13868.3,-6866.45,
1.24e-011,292.521,-13949.5,-6901.03,
1.242e-011,292.51,-13960.5,-6912.31,
1.244e-011,294.018,-13916.8,-6832.34,
1.246e-011,301.063,-14179.4,-6925.16,
1.248e-011,297.842,-14087.9,-6911.26,
1.25e-011,294.186,-13965.7,-6877.14,
1.252e-011,294.507,-13969.6,-6873.35,
1.254e-011,291.176,-13910.4,-6894.39,
1.256e-011,302.491,-14201.4,-6912.8,
1.258e-011,294.818,-13982.7,-6878.97,
1.26e-011,294.683,-13994.5,-6894.02,
1.262e-011,295.98,-14041.7,-6909.91,
1.264e-011,294.86,-14014.5,-6909.71,
1.266e-011,299.356,-14125.9,-6912.76,
1.268e-011,289.679,-13871.4,-6891.5,
1.27e-011,300.061,-14151.7,-6921.61,
1.272e-011,296.203,-14054.4,-6917.27,
1.274e-011,288.144,-13821.2,-6878.19,
1.276e-011,292.668,-13965.2,-6913.27,
1.278e-011,287.519,-13829.6,-6901.71,
1.28e-011,294.673,-14003.4,-6903.16,
1.282e-011,296.991,-14047.1,-6890.97,
1.284e-011,297.435,-14072.3,-6905.48,
1.286e-011,298.576,-14104.6,-6910.28,
1.288e-011,292.263,-13942.4,-6900.23,
1.29e-011,291.861,-13912.4,-6879.88,
1.292e-011,300.353,-14166.1,-6929,
1.294e-011,293.591,-13961,-6886.79,
1.296e-011,299.98,-14143.7,-6915.55,
1.298e-011,293.878,-13958.8,-6877.68,
1.3e-011,301.768,-14198.6,-6927.35,
1.302e-011,294.951,-13998.4,-6891.46,
