step,T,sn_vel[0],sn_vel[1],sn_vel[2],sn_crd[0],sn_crd[1],sn_crd[2],sn_f[0],sn_f[1],sn_f[2],target_crd[0],target_crd[1],target_crd[2],boundary[0],boundary[1],boundary[2]
0,0.0158888,0,0,0,-1.9507e-008,0,0.981818,0,0,0,0.000139984,0.0557671,-0.0424143,0.637016,0.503246,1
10,1.93585,0,0,0,-1.9507e-008,0,0.981818,0,0,0,7.13448e-005,0.0557548,-0.0424121,0.637016,0.503246,1
20,2.29203,0,0,0,-1.9507e-008,0,0.981818,0,0,0,-3.8803e-005,0.0556881,-0.0423873,0.637016,0.503246,1
30,2.63513,0,0,0,-1.9507e-008,0,0.981818,0,0,0,-0.000114421,0.0555975,-0.0423602,0.637016,0.503246,1
40,3.29218,0,0,0,-1.9507e-008,0,0.981818,0,0,0,-0.000113063,0.0555385,-0.0423254,0.637016,0.503246,1
50,3.5829,0,0,0,-1.9507e-008,0,0.981818,0,0,0,-0.000112259,0.055547,-0.0422966,0.637016,0.503246,1
60,3.44237,0,0,0,-1.9507e-008,0,0.981818,0,0,0,-0.000125615,0.0555773,-0.0422384,0.637016,0.503246,1
70,3.61393,0,0,0,-1.9507e-008,0,0.981818,0,0,0,-0.000160854,0.055592,-0.0421673,0.637016,0.503246,1
80,3.43007,0,0,0,-1.9507e-008,0,0.981818,0,0,0,-0.000209858,0.0555668,-0.0421184,0.637016,0.503246,1
90,3.20391,0,0,0,-1.9507e-008,0,0.981818,0,0,0,-0.000256044,0.0555295,-0.0421038,0.637016,0.503246,1
100,2.99079,0,0,0,-1.9507e-008,0,0.981818,0,0,0,-0.000264276,0.0555052,-0.0420648,0.637016,0.503246,1
110,12.0253,0,0,0,-1.9507e-008,0,0.981818,0,0,0,-0.000274571,0.0554947,-0.0419458,0.637016,0.503246,1
120,18.7075,0,0,0,-1.9507e-008,0,0.981818,0,0,0,-0.000318203,0.055486,-0.0417702,0.637016,0.503246,1
130,23.0264,0,0,0,-1.9507e-008,0,0.981818,0,0,0,-0.000361085,0.055491,-0.0416042,0.637041,0.503251,1
140,25.5368,0,0,0,-1.9507e-008,0,0.981818,0,0,0,-0.000387984,0.0555025,-0.0414556,0.637066,0.503255,1
150,26.5834,0,0,0,-1.9507e-008,0,0.981818,0,0,0,-0.000456319,0.0555027,-0.0413294,0.637071,0.503255,1
160,26.9545,0,0,0,-1.9507e-008,0,0.981818,0,0,0,-0.000518822,0.0554766,-0.0411868,0.637077,0.503256,1
170,26.893,0,0,0,-1.9507e-008,0,0.981818,0,0,0,-0.000517497,0.0554306,-0.0410077,0.637089,0.503256,1
180,26.4336,0,0,0,-1.9507e-008,0,0.981818,0,0,0,-0.000516961,0.0553856,-0.0408291,0.637113,0.503255,1
190,25.7843,0,0,0,-1.9507e-008,0,0.981818,0,0,0,-0.000570621,0.0553713,-0.0407126,0.637147,0.503253,1
200,25.4129,0,0,0,-1.9507e-008,0,0.981818,0,0,0,-0.000590918,0.0553707,-0.0406694,0.637211,0.503246,1
210,33.6711,0,0,0,-1.9507e-008,0,0.981818,0,0,0,-0.000502774,0.0553382,-0.0406691,0.637371,0.503221,1
220,38.934,0,0,0,-1.9507e-008,0,0.981818,0,0,0,-0.000386418,0.055277,-0.0406611,0.637439,0.503208,1
230,41.973,0,0,0,-1.9507e-008,0,0.981818,0,0,0,-0.000358453,0.0552067,-0.0406278,0.637581,0.503175,1
240,43.0476,0,0,0,-1.9507e-008,0,0.981818,0,0,0,-0.000438451,0.0551213,-0.0406371,0.637723,0.503135,1
250,42.9809,0,0,0,-1.9507e-008,0,0.981818,0,0,0,-0.000564724,0.0550455,-0.0407493,0.637948,0.503064,1
260,42.7236,0,0,0,-1.9507e-008,0,0.981818,0,0,0,-0.000706892,0.0550369,-0.0409595,0.638146,0.502994,1
270,41.2228,0,0,0,-1.9507e-008,0,0.981818,0,0,0,-0.000768972,0.0550582,-0.0411936,0.63838,0.502905,1
280,39.6483,0,0,0,-1.9507e-008,0,0.981818,0,0,0,-0.000658162,0.0550441,-0.0413966,0.638711,0.502772,1
290,38.7848,0,0,0,-1.9507e-008,0,0.981818,0,0,0,-0.000427627,0.0549786,-0.0415396,0.639049,0.502627,1
300,37.439,0,0,0,-1.9507e-008,0,0.981818,0,0,0,-0.000297775,0.0548947,-0.0417103,0.639316,0.502505,1
310,45.3307,0,0,0,-1.9507e-008,0,0.981818,0,0,0,-0.000247875,0.0547846,-0.0419536,0.63952,0.502406,1
320,50.9096,0,0,0,-1.9507e-008,0,0.981818,0,0,0,-0.000170537,0.0546422,-0.0422498,0.639696,0.502314,1
330,54.2428,0,0,0,-1.9507e-008,0,0.981818,0,0,0,-0.000123085,0.0544488,-0.0425541,0.639868,0.502217,1
340,56.8631,0,0,0,-1.9507e-008,0,0.981818,0,0,0,-0.000219945,0.05429,-0.0429679,0.639922,0.502184,1
350,61.7655,0,0,0,-1.9507e-008,0,0.981818,0,0,0,-0.000213701,0.0542111,-0.0433898,0.639922,0.502184,1
360,66.7007,0,0,0,-1.9507e-008,0,0.981818,0,0,0,-0.000123022,0.0541398,-0.0437347,0.639922,0.502184,1
370,72.4638,0,0,0,-1.9507e-008,0,0.981818,0,0,0,-0.000209305,0.0539988,-0.0440298,0.639922,0.502184,1
380,78.8359,0,0,0,-1.9507e-008,0,0.981818,0,0,0,-0.000462626,0.05398,-0.044415,0.639922,0.502184,1
390,86.3832,0,0,0,-1.9507e-008,0,0.981818,0,0,0,-0.000488094,0.0541158,-0.044732,0.639922,0.502184,1
400,91.3789,0,0,0,-1.9507e-008,0,0.981818,0,0,0,-0.000422283,0.054284,-0.044916,0.639922,0.502184,1
410,105.943,0,0,0,-1.9507e-008,0,0.981818,0,0,0,-0.000513589,0.0544616,-0.0449296,0.639922,0.502184,1
420,115.682,0,0,0,-1.9507e-008,0,0.981818,0,0,0,-0.000645425,0.0547712,-0.0448271,0.639922,0.502184,1
430,120.966,0,0,0,-1.9507e-008,0,0.981818,0,0,0,-0.000491507,0.0550327,-0.0445208,0.640001,0.5021,1
440,123.759,0,0,0,-1.9507e-008,0,0.981818,0,0,0,-0.000264547,0.0551398,-0.0440775,0.640082,0.502008,1
450,126.141,0,0,0,-1.9507e-008,0,0.981818,0,0,0,-0.000170272,0.0552332,-0.0436218,0.640199,0.50187,1
460,126.011,0,0,0,-1.9507e-008,0,0.981818,0,0,0,-0.000170957,0.0555268,-0.0432886,0.640348,0.501686,1
470,125.574,0,0,0,-1.9507e-008,0,0.981818,0,0,0,-0.000166976,0.0557733,-0.0428263,0.640484,0.501511,1
480,126.319,0,0,0,-1.9507e-008,0,0.981818,0,0,0,-0.000327708,0.055706,-0.042075,0.640578,0.501382,1
490,124.287,0,0,0,-1.9507e-008,0,0.981818,0,0,0,-0.000491237,0.0554137,-0.0412236,0.64063,0.501306,1
500,124.768,0,0,0,-1.9507e-008,0,0.981818,0,0,0,-0.000379562,0.0552669,-0.0405115,0.640697,0.501198,1
510,134.773,0,0,0,-1.9507e-008,0,0.981818,0,0,0,-5.73814e-005,0.0552111,-0.0397852,0.640783,0.501044,1
520,140.463,0,0,0,-1.9507e-008,0,0.981818,0,0,0,0.000146635,0.0550752,-0.0389718,0.640862,0.50089,1
530,142.744,0,0,0,-1.9507e-008,0,0.981818,0,0,0,0.000351576,0.0549074,-0.0381903,0.640965,0.500689,1
540,143.883,0,0,0,-1.9507e-008,0,0.981818,0,0,0,0.000648304,0.0548088,-0.0374781,0.641075,0.500486,1
550,141.784,0,0,0,-1.9507e-008,0,0.981818,0,0,0,0.000795153,0.0545668,-0.0367473,0.641104,0.500443,1
560,139.876,0,0,0,-1.9507e-008,0,0.981818,0,0,0,0.000724767,0.0542492,-0.0361134,0.64113,0.50041,1
570,138.001,0,0,0,-1.9507e-008,0,0.981818,0,0,0,0.000760874,0.0541971,-0.0357666,0.641208,0.500322,1
580,136.002,0,0,0,-1.9507e-008,0,0.981818,0,0,0,0.00091175,0.0544189,-0.0356357,0.641208,0.500322,1
590,132.967,0,0,0,-1.9507e-008,0,0.981818,0,0,0,0.000949852,0.0545333,-0.0354471,0.641253,0.50028,1
600,132.925,0,0,0,-1.9507e-008,0,0.981818,0,0,0,0.00093996,0.0544916,-0.0351777,0.641347,0.500199,1
610,141.367,0,0,0,-1.9507e-008,0,0.981818,0,0,0,0.00106446,0.0545046,-0.0351107,0.641347,0.500199,1
620,147.813,0,0,0,-1.9507e-008,0,0.981818,0,0,0,0.00123498,0.0546199,-0.0354167,0.641363,0.500189,1
630,152.859,0,0,0,-1.9507e-008,0,0.981818,0,0,0,0.00129609,0.0547685,-0.0358828,0.641538,0.500075,1
640,157.433,0,0,0,-1.9507e-008,0,0.981818,0,0,0,0.00129474,0.0550532,-0.0362666,0.641627,0.500021,1
650,161.091,0,0,0,-1.9507e-008,0,0.981818,0,0,0,0.00127852,0.0554657,-0.0366588,0.641804,0.499919,1
660,165.043,0,0,0,-1.9507e-008,0,0.981818,0,0,0,0.00129339,0.0556971,-0.0371791,0.642003,0.499806,1
670,169.009,0,0,0,-1.9507e-008,0,0.981818,0,0,0,0.00133755,0.0556203,-0.037743,0.642003,0.499806,1
680,171.646,0,0,0,-1.9507e-008,0,0.981818,0,0,0,0.00133164,0.0555552,-0.0383441,0.642003,0.499806,1
690,176.286,0,0,0,-1.9507e-008,0,0.981818,0,0,0,0.00104302,0.0557182,-0.0390742,0.642022,0.499803,1
700,180.72,0,0,0,-1.9507e-008,0,0.981818,0,0,0,0.000492862,0.055828,-0.0397819,0.642022,0.499803,1
710,193.444,0,0,0,-1.9507e-008,0,0.981818,0,0,0,-0.000120628,0.0556616,-0.0403157,0.642022,0.499803,1
720,203.305,0,0,0,-1.9507e-008,0,0.981818,0,0,0,-0.000547081,0.0553111,-0.0408665,0.642022,0.499803,1
730,208.871,0,0,0,-1.9507e-008,0,0.981818,0,0,0,-0.000846202,0.0548836,-0.0417269,0.642022,0.499803,1
740,209.909,0,0,0,-1.9507e-008,0,0.981818,0,0,0,-0.00102691,0.054348,-0.0427912,0.642022,0.499803,1
750,213.313,0,0,0,-1.9507e-008,0,0.981818,0,0,0,-0.00111024,0.0539758,-0.0437441,0.642022,0.499803,1
760,214.9,0,0,0,-1.9507e-008,0,0.981818,0,0,0,-0.00110582,0.0539434,-0.0445516,0.642022,0.499803,1
770,215.73,0,0,0,-1.9507e-008,0,0.981818,0,0,0,-0.00126268,0.0540758,-0.045449,0.642022,0.499803,1
780,219.655,0,0,0,-1.9507e-008,0,0.981818,0,0,0,-0.00152201,0.0541144,-0.0464099,0.642022,0.499803,1
790,220.583,0,0,0,-1.9507e-008,0,0.981818,0,0,0,-0.00171945,0.0542688,-0.0472486,0.642022,0.499803,1
800,218.726,0,0,0,-1.9507e-008,0,0.981818,0,0,0,-0.00172224,0.0545351,-0.0479834,0.642022,0.499803,1
810,227.782,0,0,0,-1.9507e-008,0,0.981818,0,0,0,-0.00171927,0.0546924,-0.0486887,0.642022,0.499803,1
820,227.856,0,0,0,-1.9507e-008,0,0.981818,0,0,0,-0.00158665,0.054633,-0.0490969,0.642022,0.499803,1
830,225.411,0,0,0,-1.9507e-008,0,0.981818,0,0,0,-0.0012788,0.054697,-0.0491206,0.642022,0.499803,1
840,221.603,0,0,0,-1.9507e-008,0,0.981818,0,0,0,-0.000929282,0.0548668,-0.0490833,0.642089,0.499781,1
850,215.28,0,0,0,-1.9507e-008,0,0.981818,0,0,0,-0.000761952,0.0550623,-0.0491983,0.642287,0.499712,1
860,208.93,0,0,0,-1.9507e-008,0,0.981818,0,0,0,-0.000573072,0.0552869,-0.0491277,0.642342,0.499692,1
870,203.681,0,0,0,-1.9507e-008,0,0.981818,0,0,0,-0.000388579,0.0556541,-0.0487236,0.64239,0.499673,1
880,197.101,0,0,0,-1.9507e-008,0,0.981818,0,0,0,-0.000286688,0.0558564,-0.0482399,0.64239,0.499673,1
890,195.07,0,0,0,-1.9507e-008,0,0.981818,0,0,0,-0.000226078,0.0559031,-0.0478515,0.64239,0.499673,1
900,195.668,0,0,0,-1.9507e-008,0,0.981818,0,0,0,-4.3864e-005,0.0560598,-0.0473434,0.64239,0.499673,1
910,204.281,0,0,0,-1.9507e-008,0,0.981818,0,0,0,1.19782e-005,0.0564148,-0.0467125,0.64239,0.499673,1
920,210.003,0,0,0,-1.9507e-008,0,0.981818,0,0,0,-0.000162654,0.0564891,-0.0461467,0.64239,0.499673,1
930,210.217,0,0,0,-1.9507e-008,0,0.981818,0,0,0,-0.000340585,0.0562478,-0.0457565,0.64239,0.499673,1
940,214.135,0,0,0,-1.9507e-008,0,0.981818,0,0,0,-0.00023887,0.0560631,-0.0453435,0.64239,0.499673,1
950,216.525,0,0,0,-1.9507e-008,0,0.981818,0,0,0,-1.54411e-005,0.0561141,-0.044859,0.64239,0.499673,1
960,224.926,0,0,0,-1.9507e-008,0,0.981818,0,0,0,9.6388e-005,0.0561771,-0.0444641,0.642402,0.499667,1
970,231.926,0,0,0,-1.9507e-008,0,0.981818,0,0,0,0.000160909,0.0563517,-0.0442631,0.642402,0.499667,1
980,240.099,0,0,0,-1.9507e-008,0,0.981818,0,0,0,0.000438304,0.0566703,-0.0439763,0.642418,0.499658,1
990,247.515,0,0,0,-1.9507e-008,0,0.981818,0,0,0,0.000744323,0.0567317,-0.0434944,0.642494,0.499616,1
1000,263.946,0,0,0,-1.9507e-008,0,0.981818,0,0,0,0.000619473,0.0563073,-0.0430538,0.641955,0.499212,1
1010,271.473,0,0,0,-1.9507e-008,0,0.981818,0,0,0,0.000172278,0.055886,-0.0428171,0.641818,0.499122,1
1020,279.784,0,0,0,-1.9507e-008,0,0.981818,0,0,0,-0.000245048,0.0558103,-0.0426053,0.641595,0.498928,1
1030,290.641,0,0,0,-1.9507e-008,0,0.981818,0,0,0,-0.000689826,0.0558184,-0.0422979,0.641375,0.49875,1
1040,296.964,0,0,0,-1.9507e-008,0,0.981818,0,0,0,-0.00126702,0.0557734,-0.0419572,0.641131,0.498575,1
1050,307.779,0,0,0,-1.9507e-008,0,0.981818,0,0,0,-0.0015635,0.0558286,-0.0416361,0.640912,0.498445,1
1060,322.162,0,0,0,-1.9507e-008,0,0.981818,0,0,0,-0.00160794,0.0558353,-0.0412936,0.640476,0.498212,1
1070,333.045,0,0,0,-1.9507e-008,0,0.981818,0,0,0,-0.00174003,0.0553931,-0.040813,0.639888,0.49792,1
1080,342.8,0,0,0,-1.9507e-008,0,0.981818,0,0,0,-0.0020246,0.0546143,-0.0403321,0.639287,0.497633,1
1090,344.568,0,0,0,-1.9507e-008,0,0.981818,0,0,0,-0.0022047,0.0538718,-0.0399862,0.638522,0.497283,1
1100,336.428,0,0,0,-1.9507e-008,0,0.981818,0,0,0,-0.00236591,0.0533948,-0.0396611,0.637721,0.496932,1
1110,331.003,0,0,0,-1.9507e-008,0,0.981818,0,0,0,-0.00233872,0.0531002,-0.0391913,0.637042,0.496653,1
1120,334.288,0,0,0,-1.9507e-008,0,0.981818,0,0,0,-0.00199029,0.0529887,-0.0388381,0.636409,0.496413,1
1130,349.612,0,0,0,-1.9507e-008,0,0.981818,0,0,0,-0.00148978,0.0529471,-0.0387418,0.635943,0.496254,1
1140,366.187,0,0,0,-1.9507e-008,0,0.981818,0,0,0,-0.00124311,0.0528703,-0.0388173,0.635727,0.496196,1
1150,376.854,0,0,0,-1.9507e-008,0,0.981818,0,0,0,-0.00121532,0.0526147,-0.0390073,0.635579,0.496166,1
1160,380.686,0,0,0,-1.9507e-008,0,0.981818,0,0,0,-0.00117181,0.0524478,-0.0395397,0.635579,0.496166,1
1170,372.196,0,0,0,-1.9507e-008,0,0.981818,0,0,0,-0.000915923,0.0526398,-0.0404121,0.635579,0.496166,1
1180,355.066,0,0,0,-1.9507e-008,0,0.981818,0,0,0,-0.000825201,0.0531318,-0.0414222,0.635579,0.496166,1
1190,338.708,0,0,0,-1.9507e-008,0,0.981818,0,0,0,-0.00120489,0.0535795,-0.0422847,0.635579,0.496166,1
1200,315.11,0,0,0,-1.9507e-008,0,0.981818,0,0,0,-0.00176679,0.0539443,-0.0429578,0.635579,0.496166,1
1210,295.265,0,0,0,-1.9507e-008,0,0.981818,0,0,0,-0.00221448,0.0542775,-0.0435289,0.635579,0.496166,1
1220,279.088,0,0,0,-1.9507e-008,0,0.981818,0,0,0,-0.00274596,0.0544495,-0.0440629,0.635396,0.496224,1
1230,266.069,0,0,0,-1.9507e-008,0,0.981818,0,0,0,-0.00334849,0.0545358,-0.0443534,0.635338,0.496262,1
1240,256.188,0,0,0,-1.9507e-008,0,0.981818,0,0,0,-0.00366159,0.0546971,-0.0444305,0.635099,0.496432,1
1250,248.144,0,0,0,-1.9507e-008,0,0.981818,0,0,0,-0.0037742,0.0547959,-0.0444704,0.634795,0.496647,1
1260,238.189,0,0,0,-1.9507e-008,0,0.981818,0,0,0,-0.00396434,0.054593,-0.0444225,0.634517,0.49684,1
1270,231.414,0,0,0,-1.9507e-008,0,0.981818,0,0,0,-0.00415326,0.0544238,-0.0442088,0.634182,0.497082,1
1280,231.832,0,0,0,-1.9507e-008,0,0.981818,0,0,0,-0.0041035,0.0544512,-0.0440647,0.633902,0.49729,1
1290,226.517,0,0,0,-1.9507e-008,0,0.981818,0,0,0,-0.0041099,0.0545021,-0.0440049,0.633754,0.497414,1
1300,218.037,0,0,0,-1.9507e-008,0,0.981818,0,0,0,-0.00446212,0.0543768,-0.0438204,0.6336,0.49755,1
1310,209.375,0,0,0,-1.9507e-008,0,0.981818,0,0,0,-0.00494551,0.054411,-0.0435022,0.633377,0.49776,1
1320,199.105,0,0,0,-1.9507e-008,0,0.981818,0,0,0,-0.00510411,0.0546291,-0.0432259,0.633151,0.497987,1
1330,188.094,0,0,0,-1.9507e-008,0,0.981818,0,0,0,-0.00499903,0.0547514,-0.0430212,0.632982,0.498164,1
1340,191.659,0,0,0,-1.9507e-008,0,0.981818,0,0,0,-0.00467614,0.0545255,-0.0428218,0.632779,0.498387,1
1350,202.562,0,0,0,-1.9507e-008,0,0.981818,0,0,0,-0.00411676,0.0543872,-0.042575,0.632489,0.498718,1
1360,228.967,0,0,0,-1.9507e-008,0,0.981818,0,0,0,-0.0036619,0.0545093,-0.0422224,0.63224,0.499014,1
1370,268.879,0,0,0,-1.9507e-008,0,0.981818,0,0,0,-0.00381515,0.0545713,-0.041732,0.632026,0.499282,1
1380,313.881,0,0,0,-1.9507e-008,0,0.981818,0,0,0,-0.00417403,0.0543504,-0.0411538,0.631763,0.499614,1
1390,348.276,0,0,0,-1.9507e-008,0,0.981818,0,0,0,-0.00424639,0.0543984,-0.0405729,0.631601,0.499825,1
1400,376.463,0,0,0,-1.9507e-008,0,0.981818,0,0,0,-0.00432601,0.0545973,-0.0398974,0.631541,0.499894,1
1410,390.621,0,0,0,-1.9507e-008,0,0.981818,0,0,0,-0.00481179,0.0544204,-0.0390492,0.63138,0.500071,1
1420,388.85,0,0,0,-1.9507e-008,0,0.981818,0,0,0,-0.00509766,0.0539649,-0.0381444,0.631237,0.500221,1
1430,390.375,0,0,0,-1.9507e-008,0,0.981818,0,0,0,-0.00479216,0.0537968,-0.037318,0.631237,0.500221,1
1440,397.037,0,0,0,-1.9507e-008,0,0.981818,0,0,0,-0.00435922,0.0536094,-0.0365261,0.631237,0.500221,1
1450,397.011,0,0,0,-1.9507e-008,0,0.981818,0,0,0,-0.00417593,0.0532179,-0.035787,0.631237,0.500221,1
1460,392.578,0,0,0,-1.9507e-008,0,0.981818,0,0,0,-0.00386656,0.0529904,-0.0352703,0.631237,0.500221,1
1470,381.792,0,0,0,-1.9507e-008,0,0.981818,0,0,0,-0.00341509,0.0531081,-0.0350782,0.631237,0.500221,1
1480,349.91,0,0,0,-1.9507e-008,0,0.981818,0,0,0,-0.00312038,0.0531018,-0.0348924,0.631237,0.500221,1
1490,311.375,0,0,0,-1.9507e-008,0,0.981818,0,0,0,-0.00288666,0.0528659,-0.0345314,0.631237,0.500221,1
1500,262.77,0,0,0,-1.9507e-008,0,0.981818,0,0,0,-0.00241007,0.0526472,-0.0343034,0.631237,0.500221,1
1510,218.209,0,0,0,-1.9507e-008,0,0.981818,0,0,0,-0.00194312,0.0524946,-0.0344375,0.631237,0.500221,1
1520,190.308,0,0,0,-1.9507e-008,0,0.981818,0,0,0,-0.00175046,0.0521167,-0.034565,0.631237,0.500221,1
1530,184.563,0,0,0,-1.9507e-008,0,0.981818,0,0,0,-0.00166352,0.0515021,-0.0344341,0.631237,0.500221,1
1540,182.331,0,0,0,-1.9507e-008,0,0.981818,0,0,0,-0.00154111,0.0509809,-0.0340999,0.631185,0.500251,1
1550,191.983,0,0,0,-1.9507e-008,0,0.981818,0,0,0,-0.00174259,0.0506825,-0.0337124,0.631185,0.500251,1
1560,193.703,0,0,0,-1.9507e-008,0,0.981818,0,0,0,-0.00241655,0.0504754,-0.0332171,0.631185,0.500251,1
1570,201.307,0,0,0,-1.9507e-008,0,0.981818,0,0,0,-0.00308837,0.0505571,-0.0326834,0.631185,0.500251,1
1580,227.21,0,0,0,-1.9507e-008,0,0.981818,0,0,0,-0.00343502,0.051193,-0.0324273,0.631185,0.500251,1
1590,269.008,0,0,0,-1.9507e-008,0,0.981818,0,0,0,-0.00372812,0.0519671,-0.0326652,0.631185,0.500251,1
1600,313.379,0,0,0,-1.9507e-008,0,0.981818,0,0,0,-0.00411424,0.0526337,-0.0329658,0.631064,0.500311,1
1610,361.667,0,0,0,-1.9507e-008,0,0.981818,0,0,0,-0.00435377,0.0536286,-0.0330781,0.631064,0.500311,1
1620,393.085,0,0,0,-1.9507e-008,0,0.981818,0,0,0,-0.0044164,0.0551207,-0.0332259,0.630874,0.500394,1
1630,404.953,0,0,0,-1.9507e-008,0,0.981818,0,0,0,-0.00439577,0.0565216,-0.0334309,0.630627,0.500494,1
1640,403.446,0,0,0,-1.9507e-008,0,0.981818,0,0,0,-0.0041191,0.0576617,-0.0333444,0.630498,0.500537,1
1650,385.973,0,0,0,-1.9507e-008,0,0.981818,0,0,0,-0.00361328,0.0586016,-0.0331097,0.630498,0.500537,1
1660,365.811,0,0,0,-1.9507e-008,0,0.981818,0,0,0,-0.00343246,0.0592289,-0.0332043,0.630498,0.500537,1
1670,349.399,0,0,0,-1.9507e-008,0,0.981818,0,0,0,-0.00361191,0.0593211,-0.0335892,0.630498,0.500537,1
1680,338.514,0,0,0,-1.9507e-008,0,0.981818,0,0,0,-0.00364233,0.058991,-0.0337543,0.630498,0.500537,1
1690,325.475,0,0,0,-1.9507e-008,0,0.981818,0,0,0,-0.0035035,0.058176,-0.033685,0.630498,0.500537,1
1700,314.763,0,0,0,-1.9507e-008,0,0.981818,0,0,0,-0.00350865,0.0570204,-0.033855,0.630498,0.500537,1
1710,305.657,0,0,0,-1.9507e-008,0,0.981818,0,0,0,-0.00347921,0.0558293,-0.0343301,0.630498,0.500537,1
1720,295.301,0,0,0,-1.9507e-008,0,0.981818,0,0,0,-0.00344456,0.054928,-0.0347682,0.630498,0.500537,1
1730,276.698,0,0,0,-1.9507e-008,0,0.981818,0,0,0,-0.00348139,0.0542281,-0.0349616,0.630498,0.500537,1
1740,261.984,0,0,0,-1.9507e-008,0,0.981818,0,0,0,-0.00326549,0.0535272,-0.0352511,0.630297,0.500707,1
1750,247.569,0,0,0,-1.9507e-008,0,0.981818,0,0,0,-0.00274717,0.0526076,-0.0359737,0.630127,0.500858,1
1760,238.493,0,0,0,-1.9507e-008,0,0.981818,0,0,0,-0.00263004,0.0518703,-0.037091,0.629881,0.501091,1
1770,236.078,0,0,0,-1.9507e-008,0,0.981818,0,0,0,-0.00307383,0.051664,-0.0384415,0.629581,0.501386,1
1780,238.047,0,0,0,-1.9507e-008,0,0.981818,0,0,0,-0.00362951,0.0519068,-0.0402177,0.629424,0.501553,1
1790,241.825,0,0,0,-1.9507e-008,0,0.981818,0,0,0,-0.00396004,0.0522196,-0.0421423,0.629415,0.501564,1
1800,246.104,0,0,0,-1.9507e-008,0,0.981818,0,0,0,-0.00418532,0.0525767,-0.043703,0.629415,0.501564,1
1810,237.41,0,0,0,-1.9507e-008,0,0.981818,0,0,0,-0.00435646,0.0528955,-0.0448108,0.629415,0.501564,1
1820,220.535,0,0,0,-1.9507e-008,0,0.981818,0,0,0,-0.00433779,0.0532355,-0.0459213,0.629415,0.501564,1
1830,202.447,0,0,0,-1.9507e-008,0,0.981818,0,0,0,-0.0039045,0.0538004,-0.0470801,0.629415,0.501564,1
1840,189.966,0,0,0,-1.9507e-008,0,0.981818,0,0,0,-0.0032772,0.0545686,-0.0480979,0.629415,0.501564,1
1850,195.784,0,0,0,-1.9507e-008,0,0.981818,0,0,0,-0.00279335,0.0550995,-0.0487017,0.629415,0.501564,1
1860,212.531,0,0,0,-1.9507e-008,0,0.981818,0,0,0,-0.0025682,0.0552104,-0.0490144,0.629415,0.501564,1
1870,237.438,0,0,0,-1.9507e-008,0,0.981818,0,0,0,-0.00264712,0.0551269,-0.0492723,0.629415,0.501564,1
1880,259.429,0,0,0,-1.9507e-008,0,0.981818,0,0,0,-0.00311084,0.0551698,-0.0494969,0.629415,0.501564,1
1890,277.267,0,0,0,-1.9507e-008,0,0.981818,0,0,0,-0.0034452,0.0553337,-0.049307,0.629415,0.501564,1
1900,300.225,0,0,0,-1.9507e-008,0,0.981818,0,0,0,-0.00311628,0.0551975,-0.0487079,0.629415,0.501564,1
1910,333.484,0,0,0,-1.9507e-008,0,0.981818,0,0,0,-0.00248775,0.0546774,-0.0477785,0.629325,0.501703,1
1920,369.164,0,0,0,-1.9507e-008,0,0.981818,0,0,0,-0.00210889,0.0542453,-0.0464933,0.629144,0.502012,1
1930,408.617,0,0,0,-1.9507e-008,0,0.981818,0,0,0,-0.00183946,0.0542181,-0.0450726,0.629109,0.502094,1
1940,430.693,0,0,0,-1.9507e-008,0,0.981818,0,0,0,-0.0013776,0.0541191,-0.0441935,0.629095,0.502165,1
1950,431.893,0,0,0,-1.9507e-008,0,0.981818,0,0,0,-0.000899867,0.0537834,-0.0439427,0.629085,0.5023,1
1960,420.279,0,0,0,-1.9507e-008,0,0.981818,0,0,0,-0.000683719,0.0534919,-0.0438139,0.629087,0.502317,1
1970,401.054,0,0,0,-1.9507e-008,0,0.981818,0,0,0,-0.000850592,0.0535229,-0.0434056,0.629087,0.502317,1
1980,375.594,0,0,0,-1.9507e-008,0,0.981818,0,0,0,-0.00125982,0.0538108,-0.0430709,0.629087,0.502317,1
1990,349.193,0,0,0,-1.9507e-008,0,0.981818,0,0,0,-0.00163489,0.0545229,-0.0431705,0.629087,0.502317,1
2000,1548.63,0,0,-9.1814,-0.00159358,0.055293,0.977218,0,0,0,-0.00156222,0.0553727,-0.0435677,0.628969,0.502187,1
2010,1461.27,0,0,-8.99885,-0.00159358,0.055293,0.931725,0,0,0,-0.00106988,0.0559254,-0.0438173,0.62909,0.502248,1
2020,1392.87,0,0,-8.82242,-0.00159358,0.055293,0.88713,0,0,0,-0.000678103,0.0559871,-0.0440936,0.629418,0.502249,1
2030,1338.45,0,0,-8.65147,-0.00159358,0.055293,0.843404,0,0,0,-0.000936165,0.055997,-0.0446926,0.629555,0.502191,1
2040,1292.96,0,0,-8.48553,-0.00159358,0.055293,0.800522,0,0,0,-0.00160724,0.0561682,-0.0453885,0.629731,0.502103,1
2050,1249.45,0,0,-8.32447,-0.00159358,0.055293,0.758459,0,0,0,-0.00208098,0.0564045,-0.0458536,0.629959,0.501958,1
2060,1205.81,0,0,-8.16824,-0.00159358,0.055293,0.71719,0,0,0,-0.00218435,0.0562225,-0.0464306,0.63006,0.501869,1
2070,1157.72,0,0,-8.01675,-0.00159358,0.055293,0.676692,0,0,0,-0.0023239,0.0556781,-0.047226,0.630283,0.50164,1
2080,1109.88,0,0,-7.87035,-0.00159358,0.055293,0.63694,0,0,0,-0.00272003,0.0551789,-0.047904,0.63063,0.501249,1
2090,1067.7,0,0,-7.72869,-0.00159358,0.055293,0.597909,0,0,0,-0.00326437,0.0549061,-0.0484379,0.630843,0.500974,1
2100,1034.26,-2.93094e-007,1.18076e-008,-7.59149,-0.00159358,0.055293,0.559576,0.0237007,-0.000954809,0.0468384,-0.00370196,0.0545375,-0.0491946,0.631031,0.500699,1
2110,1005.1,-7.99107e-006,2.56263e-007,-7.45836,-0.0015936,0.055293,0.521919,0.0407954,-0.000936578,0.0745243,-0.00370327,0.0541038,-0.0501205,0.631219,0.500391,1
2120,984.868,-2.13733e-005,4.42139e-007,-7.32892,-0.00159367,0.055293,0.48492,0.0720752,-0.000674981,0.120977,-0.00312974,0.0538382,-0.0509005,0.631219,0.500391,1
2130,962.235,-4.83754e-005,8.83576e-007,-7.20292,-0.00159383,0.055293,0.44856,0.419271,-0.0177987,0.766677,-0.00231084,0.0537743,-0.0516599,0.631219,0.500391,1
2140,951.111,-0.0001794,6.80902e-006,-7.08027,-0.00159437,0.055293,0.412823,0.673299,-0.000893047,1.21817,-0.00184215,0.0539013,-0.0527498,0.631219,0.500391,1
2150,942.448,-0.000386877,8.2515e-006,-6.96037,-0.00159574,0.055293,0.377692,1.21501,-0.0120573,2.19035,-0.00178057,0.0542189,-0.0540546,0.631219,0.500391,1
2160,934.61,-0.000748355,1.12223e-005,-6.84329,-0.00159853,0.0552931,0.343155,1.64806,0.0642401,5.63654,-0.00166154,0.0546056,-0.0552179,0.631214,0.500366,1
2170,920.21,-0.00121343,-1.47928e-005,-6.72973,-0.00160337,0.0552931,0.309195,2.6179,0.71863,8.86201,-0.00122435,0.0548675,-0.0562072,0.631151,0.500069,1
2180,903.983,-0.00184742,-0.000211111,-6.61985,-0.00161106,0.0552925,0.275794,1.83617,0.17104,12.5124,-0.000882941,0.055061,-0.0571644,0.631145,0.500045,1
2190,874.414,-0.00200504,-0.000235836,-6.51401,-0.00162099,0.0552914,0.242934,-0.925458,-0.0723808,14.2279,-0.000797893,0.0552426,-0.057932,0.631138,0.500021,1
2200,841.34,-0.000751985,-0.000158478,-6.41193,-0.00162888,0.0552904,0.210594,-10.515,-0.585147,11.5798,-0.000787204,0.0555054,-0.0584301,0.631035,0.499656,1
2210,805.299,0.00422535,8.02648e-005,-6.31266,-0.00162246,0.0552901,0.178758,-32.6422,-1.16194,3.30208,-0.000693285,0.0555584,-0.0588929,0.630922,0.499285,1
2220,779.575,0.0162139,0.000380698,-6.21382,-0.00157486,0.0552913,0.147417,-66.8015,-0.786346,-16.5095,-0.000531352,0.0552431,-0.0593332,0.630783,0.498851,1
2230,752.538,0.0382427,-1.95793e-005,-6.11051,-0.00144395,0.0552928,0.116579,-119.278,5.4355,-65.8893,-0.000125911,0.0547777,-0.0594049,0.63058,0.498235,1
2240,717.83,0.0779387,-0.00358888,-5.99232,-0.00116353,0.055286,0.0862898,-219.854,27.2206,-177.349,0.000241792,0.0546265,-0.0591619,0.630367,0.4976,1
2250,676.829,0.153881,-0.0144662,-5.84079,-0.000605336,0.0552444,0.056667,-432.596,60.8299,-380.436,8.44328e-005,0.0545734,-0.0589499,0.630211,0.497154,1
2260,639.909,0.30032,-0.0325959,-5.63618,0.000493469,0.0551291,0.02793,-792.874,84.0919,-641.17,-0.000503717,0.0543561,-0.0586779,0.630109,0.496851,1
2270,616.081,0.534952,-0.0503992,-5.38232,0.00255049,0.0549181,0.000352176,-1107.31,53.0351,-789.976,-0.000906241,0.0539395,-0.0579834,0.630056,0.496678,1
2280,602.673,0.801596,-0.0535009,-5.13123,0.00590342,0.0546492,-0.0259317,-1028.73,-33.6144,-651.369,-0.00111918,0.0535501,-0.0571156,0.630056,0.496678,1
2290,605.474,0.987859,-0.0283604,-4.9455,0.0104338,0.0544313,-0.051104,-535.258,-154.593,-327.209,-0.00142508,0.0532262,-0.0565865,0.630056,0.496678,1
2300,614.929,1.04178,0.0128316,-4.8399,0.015566,0.0543926,-0.0755524,-21.1192,-156.387,-38.6939,-0.00171469,0.0531741,-0.0563724,0.630056,0.496678,1
2310,620.469,0.991779,0.0411222,-4.79181,0.0206828,0.0545373,-0.0996295,263.218,-66.4562,129.396,-0.00176433,0.0533669,-0.0560911,0.630056,0.496678,1
2320,619.863,0.904784,0.0428225,-4.77088,0.0254325,0.0547596,-0.123545,318.498,49.9628,187.731,-0.00172368,0.0537282,-0.0558449,0.630056,0.496678,1
2330,609.341,0.819169,0.0165147,-4.75482,0.0297399,0.0549187,-0.147377,276.352,151.427,168.382,-0.00174559,0.0539997,-0.0558999,0.630056,0.496678,1
2340,589.195,0.74744,-0.0270413,-4.73331,0.0336529,0.0548961,-0.171114,224.803,189.01,137.732,-0.00163426,0.0540936,-0.0561875,0.630056,0.496678,1
2350,573.784,0.689962,-0.0713008,-4.70634,0.0372423,0.0546474,-0.19473,168.931,165.959,106.028,-0.00139862,0.053993,-0.0563265,0.630056,0.496678,1
2360,557.681,0.64673,-0.105494,-4.67366,0.0405804,0.0541998,-0.218196,118.449,117.045,75.9127,-0.0014156,0.0539625,-0.0563314,0.630056,0.496678,1
2370,533.795,0.615428,-0.126912,-4.63665,0.0437331,0.0536132,-0.241486,79.057,68.0261,49.5693,-0.00194047,0.0539814,-0.0564854,0.630056,0.496678,1
2380,502.582,0.593155,-0.137645,-4.59767,0.0467529,0.0529477,-0.264585,51.2163,32.7835,28.9,-0.00259176,0.0540031,-0.0567669,0.630056,0.496678,1
2390,473.185,0.577363,-0.141779,-4.55895,0.0496783,0.0522469,-0.287487,32.3183,13.7694,13.4048,-0.00307456,0.054103,-0.0567243,0.630056,0.496678,1
2400,449.735,0.566077,-0.142779,-4.52142,0.0525365,0.0515344,-0.310197,18.4427,5.52599,3.41888,-0.00347802,0.0545137,-0.0563947,0.630056,0.496678,1
2410,437.365,0.558037,-0.142558,-4.485,0.055347,0.0508205,-0.332722,10.4231,3.12429,-3.46825,-0.00397483,0.055057,-0.0561322,0.630056,0.496678,1
2420,435.805,0.551778,-0.142048,-4.44866,0.0581221,0.0501085,-0.355065,5.66025,1.87908,-7.39328,-0.00424103,0.0555366,-0.0559917,0.630056,0.496678,1
2430,435.455,0.546485,-0.141338,-4.41198,0.0608685,0.0493997,-0.377226,3.03963,1.18576,-9.03512,-0.0041225,0.0558142,-0.0557078,0.630056,0.496678,1
2440,429.093,0.541788,-0.140513,-4.37586,0.0635899,0.0486948,-0.399203,1.29993,0.901582,-9.94698,-0.00374752,0.0559722,-0.055434,0.630056,0.496678,1
2450,421.363,0.53762,-0.139671,-4.34129,0.0662893,0.0479941,-0.421003,0.745563,0.373085,-9.21758,-0.00327283,0.0560449,-0.0553499,0.630056,0.496678,1
2460,412.865,0.53379,-0.138783,-4.3089,0.0689686,0.0472977,-0.442635,-0.386909,0.518786,-8.0452,-0.00264965,0.0561226,-0.0552689,0.630056,0.496678,1
2470,411.369,0.530299,-0.137958,-4.27784,0.0716297,0.0466057,-0.464109,-0.678678,0.423361,-6.61604,-0.00226318,0.056206,-0.0549202,0.630056,0.496678,1
2480,421.821,0.526765,-0.137092,-4.24646,0.0742733,0.0459178,-0.485428,-0.646088,0.376388,-5.82068,-0.00243194,0.056344,-0.0545476,0.630056,0.496678,1
2490,431.103,0.523008,-0.136162,-4.21368,0.0768988,0.0452343,-0.506587,-0.531562,0.155141,-3.96263,-0.00298358,0.0562942,-0.0544109,0.630056,0.496678,1
2500,435.48,0.519083,-0.13515,-4.18022,0.0795051,0.0445558,-0.52758,-0.422938,0.158036,-3.30994,-0.00352498,0.0557993,-0.0545082,0.630056,0.496678,1
2510,434.031,0.515156,-0.134144,-4.14713,0.0820917,0.0438823,-0.548406,-0.305748,0.155486,-2.77375,-0.00405707,0.0549753,-0.054692,0.630056,0.496678,1
2520,425.229,0.511348,-0.133174,-4.11533,0.0846588,0.0432138,-0.569069,-0.339102,0.292497,-2.09919,-0.00443132,0.0542855,-0.0550541,0.630056,0.496678,1
2530,413.116,0.507797,-0.132297,-4.0857,0.0872075,0.0425499,-0.589578,-0.245058,0.246122,-1.73988,-0.00447618,0.0538457,-0.0556928,0.630056,0.496678,1
2540,398.3,0.504561,-0.131496,-4.05885,0.089739,0.0418902,-0.609945,-0.289433,0.217141,-0.895126,-0.0043289,0.0536096,-0.056554,0.630056,0.496678,1
2550,379.673,0.501774,-0.130801,-4.03573,0.0922554,0.0412344,-0.630185,-0.219857,0.172222,-0.72969,-0.00431439,0.0536346,-0.0574061,0.630056,0.496678,1
2560,363.718,0.49943,-0.130214,-4.01635,0.0947588,0.0405817,-0.650319,-0.125708,0.00945338,-0.339804,-0.00434623,0.0538505,-0.0581822,0.630056,0.496678,1
2570,356.405,0.497423,-0.129686,-3.99992,0.0972514,0.0399318,-0.670363,0,0,0,-0.00436456,0.0540025,-0.0588663,0.630077,0.496646,1
2580,358.151,0.495441,-0.129169,-3.98399,0.0997341,0.0392846,-0.690327,0,0,0,-0.004461,0.0541287,-0.059353,0.63025,0.496405,1
2590,364.364,0.493345,-0.128623,-3.96713,0.102207,0.0386399,-0.710209,0,0,0,-0.00467805,0.0545136,-0.0596938,0.630434,0.496168,1
2600,373.061,0.491038,-0.128021,-3.94858,0.104668,0.0379981,-0.730004,0,0,0,-0.00480083,0.0551203,-0.0601812,0.630548,0.496035,1
2610,379.862,0.488533,-0.127368,-3.92844,0.107118,0.0373595,-0.749702,0,0,0,-0.00475455,0.0556482,-0.060828,0.630786,0.49577,1
2620,382.106,0.485929,-0.126689,-3.9075,0.109555,0.0367242,-0.769297,0,0,0,-0.00461093,0.0559959,-0.0613449,0.631091,0.495449,1
2630,383.419,0.483303,-0.126005,-3.88638,0.111978,0.0360923,-0.788787,0,0,0,-0.00448701,0.056368,-0.0616742,0.631279,0.495265,1
2640,381.705,0.480694,-0.125324,-3.8654,0.114389,0.0354638,-0.808172,0,0,0,-0.00437806,0.0566834,-0.0620021,0.631416,0.495146,1
2650,380.126,0.478156,-0.124663,-3.84499,0.116787,0.0348386,-0.827453,0,0,0,-0.00435562,0.0568111,-0.0624859,0.631498,0.495086,1
2660,379.281,0.475651,-0.12401,-3.82485,0.119172,0.0342168,-0.846632,0,0,0,-0.00453206,0.0568882,-0.0630386,0.631507,0.495081,1
2670,380.277,0.473152,-0.123358,-3.80476,0.121545,0.0335982,-0.865711,0,0,0,-0.00486477,0.0571437,-0.0634619,0.631536,0.495074,1
2680,375.809,0.470716,-0.122723,-3.78517,0.123905,0.0329829,-0.884691,0,0,0,-0.00514294,0.0570677,-0.0635934,0.631561,0.495071,1
2690,369.929,0.468417,-0.122124,-3.76668,0.126253,0.0323706,-0.903574,0,0,0,-0.0054205,0.0563269,-0.0635159,0.631561,0.495071,1
2700,359.633,0.466346,-0.121584,-3.75002,0.12859,0.0317613,-0.922369,0,0,0,-0.00586798,0.0553651,-0.0633459,0.631588,0.495068,1
2710,348.725,0.464589,-0.121126,-3.7359,0.130918,0.0311544,-0.941087,0,0,0,-0.00631601,0.0547817,-0.0631988,0.631729,0.49506,1
2720,338.844,0.463124,-0.120744,-3.72412,0.133238,0.0305497,-0.959739,0,0,0,-0.00653262,0.0541872,-0.0630478,0.631875,0.495056,1
2730,334.575,0.461878,-0.120419,-3.71409,0.13555,0.0299467,-0.978336,0,0,0,-0.0065562,0.0534391,-0.0628302,0.632105,0.495057,1
2740,330.979,0.460761,-0.120128,-3.70512,0.137857,0.0293453,-0.996886,0,0,0,-0.0064095,0.0530068,-0.0625125,0.632338,0.495067,1
2750,329.621,0.459681,-0.119846,-3.69643,0.140159,0.0287453,0.984608,0,0,0,-0.00596998,0.0532931,-0.0622863,0.632339,0.495067,1
2760,322.983,0.458772,-0.119609,-3.68912,0.142455,0.0281466,0.966143,0,0,0,-0.00552766,0.0537767,-0.0621448,0.632339,0.495067,1
2770,321.754,0.457995,-0.119406,-3.68287,0.144747,0.027549,0.947711,0,0,0,-0.00541769,0.0542477,-0.0619223,0.632349,0.495068,1
2780,324.766,0.457166,-0.11919,-3.67621,0.147035,0.0269524,0.929312,0,0,0,-0.00556624,0.0547341,-0.0615074,0.632487,0.495089,1
2790,324.293,0.456273,-0.118958,-3.66903,0.149319,0.026357,0.910947,0,0,0,-0.00558977,0.0551865,-0.0610466,0.632497,0.495091,1
2800,315.808,0.455572,-0.118775,-3.66339,0.151599,0.0257627,0.892616,0,0,0,-0.00550965,0.0552083,-0.060603,0.632649,0.495122,1
2810,309.44,0.455121,-0.118657,-3.65976,0.153875,0.0251691,0.874307,0,0,0,-0.00542954,0.0552276,-0.0602304,0.632811,0.49516,1
2820,310.612,0.454787,-0.11857,-3.65708,0.15615,0.024576,0.856014,0,0,0,-0.00551467,0.0556902,-0.0598771,0.633047,0.495219,1
2830,317.246,0.454261,-0.118433,-3.65284,0.158423,0.0239834,0.837738,0,0,0,-0.00575618,0.0563878,-0.0595715,0.633298,0.495288,1
2840,323.346,0.453532,-0.118243,-3.64698,0.160693,0.0233917,0.819486,0,0,0,-0.00614543,0.0564777,-0.0593142,0.633575,0.495371,1
2850,327.846,0.452623,-0.118006,-3.63967,0.162958,0.022801,0.801267,0,0,0,-0.00647975,0.0560512,-0.0591272,0.633939,0.495487,1
2860,336.294,0.451526,-0.11772,-3.63085,0.165219,0.0222116,0.783088,0,0,0,-0.0067866,0.0554726,-0.0588983,0.634355,0.495621,1
2870,339.923,0.450228,-0.117381,-3.62041,0.167474,0.0216237,0.764957,0,0,0,-0.00703675,0.0548429,-0.0586173,0.63471,0.495736,1
2880,343.483,0.448852,-0.117023,-3.60935,0.169722,0.0210376,0.746879,0,0,0,-0.00722233,0.0540754,-0.0582264,0.635024,0.495836,1
2890,347.674,0.44737,-0.116636,-3.59743,0.171963,0.0204534,0.728859,0,0,0,-0.00708674,0.0537283,-0.0577339,0.635429,0.495967,1
2900,356.842,0.445709,-0.116203,-3.58408,0.174196,0.0198711,0.710901,0,0,0,-0.00657795,0.0539071,-0.0572012,0.635898,0.496124,1
2910,364.824,0.443808,-0.115708,-3.56879,0.176421,0.0192912,0.693015,0,0,0,-0.0057781,0.0542177,-0.0568574,0.636311,0.496268,1
2920,368.075,0.441778,-0.115178,-3.55247,0.178635,0.0187138,0.675207,0,0,0,-0.00508994,0.0544228,-0.0566943,0.636665,0.496398,1
2930,363.557,0.439799,-0.114662,-3.53655,0.180839,0.0181391,0.657481,0,0,0,-0.00475579,0.05485,-0.056593,0.637021,0.496533,1
2940,358.903,0.437933,-0.114176,-3.52155,0.183034,0.0175669,0.639833,0,0,0,-0.00488378,0.0553422,-0.0564105,0.637331,0.496658,1
2950,351.31,0.436243,-0.113735,-3.50796,0.18522,0.0169971,0.622256,0,0,0,-0.00525277,0.0554939,-0.0562251,0.637523,0.49674,1
2960,341.992,0.4348,-0.113359,-3.49636,0.187398,0.0164293,0.604743,0,0,0,-0.00562202,0.0554113,-0.0561244,0.637624,0.496786,1
2970,333.234,0.433601,-0.113047,-3.48671,0.189569,0.0158632,0.587284,0,0,0,-0.00579444,0.0556207,-0.0562292,0.637763,0.496839,1
2980,332.496,0.432561,-0.112775,-3.47835,0.191735,0.0152986,0.569869,0,0,0,-0.00593526,0.0561403,-0.0564842,0.637791,0.496847,1
2990,335.075,0.431482,-0.112494,-3.46967,0.193895,0.0147353,0.552497,0,0,0,-0.00623809,0.0566183,-0.0567117,0.637831,0.496859,1
3000,338.727,0.430274,-0.112179,-3.45996,0.19605,0.0141735,0.53517,0,0,0,-0.00671867,0.0569555,-0.056726,0.637842,0.49692,1
3010,335.253,0.429097,-0.111872,-3.4505,0.198199,0.0136133,0.517892,0,0,0,-0.007143,0.0571676,-0.056553,0.63788,0.497054,1
3020,327.253,0.428102,-0.111613,-3.44249,0.200342,0.0130546,0.500658,0,0,0,-0.00732524,0.0571718,-0.0563291,0.63793,0.497196,1
3030,321.919,0.427304,-0.111405,-3.43608,0.20248,0.012497,0.483461,0,0,0,-0.00718707,0.0569193,-0.0561243,0.637992,0.497345,1
3040,320.207,0.426621,-0.111227,-3.43058,0.204615,0.0119404,0.466293,0,0,0,-0.00690931,0.0566639,-0.0558934,0.638099,0.497614,1
3050,317.436,0.425999,-0.111064,-3.42558,0.206747,0.0113846,0.449151,0.0103175,-0.0216242,0.0761023,-0.0068073,0.0563954,-0.0555287,0.638159,0.497796,1
3060,313.56,0.425464,-0.11092,-3.42132,0.208876,0.0108297,0.432033,-0.123404,0.0657972,0.629302,-0.00700813,0.0559872,-0.0550702,0.638159,0.497796,1
3070,307.271,0.425169,-0.110855,-3.41884,0.211002,0.0102752,0.414933,-0.235399,0.295921,1.26979,-0.00734341,0.0554627,-0.0546236,0.638159,0.497796,1
3080,301.616,0.425086,-0.110895,-3.41796,0.213128,0.00972086,0.397841,-0.857597,0.172903,3.11145,-0.00766269,0.055236,-0.0542818,0.638159,0.497796,1
3090,289.651,0.425488,-0.110989,-3.42015,0.215254,0.00916622,0.380748,-0.99276,0.44157,4.3255,-0.00796956,0.0553061,-0.0539756,0.638176,0.497834,1
3100,275.968,0.426445,-0.111283,-3.42678,0.217383,0.00861064,0.363634,-1.61625,0.053777,6.12779,-0.00816466,0.0555464,-0.0537557,0.638248,0.497959,1
3110,267.648,0.428074,-0.111611,-3.4379,0.219519,0.00805353,0.346476,-2.59253,0.406112,8.27214,-0.00809899,0.0557072,-0.0535806,0.638312,0.498073,1
3120,267.866,0.430084,-0.11206,-3.45055,0.221664,0.00749444,0.329257,-3.4262,0.35768,10.6698,-0.00776889,0.0557891,-0.0534099,0.638407,0.498218,1
3130,269.407,0.432252,-0.112481,-3.46339,0.22382,0.00693318,0.311975,-3.80325,0.700784,12.7553,-0.00744663,0.0556261,-0.0531585,0.638503,0.498366,1
3140,269.742,0.434485,-0.112975,-3.47658,0.225986,0.00636962,0.294628,-4.47078,0.977638,14.1623,-0.00731435,0.0554521,-0.0529541,0.638571,0.498492,1
3150,272.022,0.43675,-0.113478,-3.48937,0.228164,0.0058035,0.277215,-4.23671,0.504264,13.6656,-0.00748071,0.0553532,-0.0526962,0.638628,0.498621,1
3160,283.333,0.43848,-0.113675,-3.49923,0.230352,0.00523546,0.259743,-2.12243,-1.03426,7.68133,-0.00793504,0.0553592,-0.0522717,0.63867,0.498742,1
3170,299.307,0.438607,-0.113066,-3.50162,0.232546,0.00466814,0.242237,4.79655,-5.02909,-10.905,-0.00865337,0.0551705,-0.0516488,0.638674,0.498772,1
3180,307.692,0.435325,-0.110708,-3.49228,0.234733,0.00410761,0.224746,22.4313,-15.2974,-58.7613,-0.0093234,0.0550921,-0.0511298,0.63868,0.498787,1
3190,314.909,0.424742,-0.104384,-3.46246,0.236888,0.00356749,0.207346,66.0619,-37.1729,-170.264,-0.00969958,0.0552968,-0.0507713,0.638746,0.498926,1
3200,321.044,0.397365,-0.0896802,-3.38911,0.238953,0.00307714,0.19019,161.873,-86.5802,-410.7,-0.00968274,0.0557487,-0.0504961,0.638804,0.49904,1
3210,318.31,0.334347,-0.0568489,-3.22734,0.240804,0.00270007,0.173596,366.223,-189.363,-907.65,-0.00942157,0.0559342,-0.0501157,0.638884,0.499181,1
3220,294.603,0.199269,0.0115637,-2.89512,0.242179,0.00256696,0.158193,759.312,-378.604,-1842.9,-0.00897804,0.0559855,-0.0497814,0.638995,0.499362,1
3230,255.651,-0.0565403,0.13543,-2.28499,0.242595,0.00290895,0.145109,1313.17,-613.692,-3147.83,-0.00862583,0.0559985,-0.0496599,0.639049,0.499445,1
3240,223.783,-0.434751,0.303385,-1.39283,0.241405,0.00399723,0.13583,1645.61,-683.232,-3973.93,-0.00843084,0.056098,-0.0498844,0.639116,0.499541,1
3250,220.948,-0.834469,0.458921,-0.441859,0.238214,0.00591878,0.131285,1458.28,-524.21,-3575.4,-0.00819809,0.0561346,-0.0503976,0.639266,0.499748,1
3260,231.226,-1.15123,0.571428,0.314403,0.233206,0.00851084,0.131078,1022.95,-360.295,-2498.93,-0.00766104,0.0563207,-0.0513629,0.639409,0.499934,1
3270,240.79,-1.36263,0.650379,0.811516,0.226882,0.011576,0.133993,634.441,-250.235,-1532.42,-0.00711137,0.0564027,-0.0527652,0.639544,0.50011,1
3280,247.674,-1.4922,0.705598,1.11058,0.219719,0.0149736,0.138865,365.302,-168.905,-886.376,-0.00676243,0.0562619,-0.0544592,0.639679,0.500293,1
3290,251.416,-1.56805,0.743418,1.28302,0.212053,0.0186015,0.144889,199.529,-110.225,-489.515,-0.00658549,0.0559443,-0.0562374,0.639697,0.50032,1
3300,253.907,-1.61202,0.768606,1.37884,0.204094,0.0223852,0.151566,105.675,-67.0868,-255.96,-0.00645494,0.0559105,-0.0581898,0.639697,0.50032,1
3310,247.779,-1.63916,0.785089,1.43169,0.195964,0.0262713,0.158603,54.73,-37.7842,-128.821,-0.006476,0.0560018,-0.0602348,0.639697,0.50032,1
3320,244.191,-1.65819,0.796536,1.46254,0.18772,0.0302259,0.165844,27.9519,-21.0345,-61.3361,-0.00647927,0.0559619,-0.0621125,0.639697,0.50032,1
3330,250.203,-1.67215,0.804704,1.48075,0.179394,0.0342292,0.173204,13.1575,-10.5977,-24.4974,-0.00633647,0.0556065,-0.0635427,0.639697,0.50032,1
3340,270.213,-1.68069,0.809536,1.48959,0.171012,0.0382655,0.180632,5.37719,-4.53951,-3.33258,-0.00609744,0.055205,-0.0646978,0.639697,0.50032,1
3350,289.841,-1.68418,0.811558,1.49129,0.162598,0.0423188,0.188086,0.470571,-1.27024,8.52391,-0.00599864,0.0547027,-0.065829,0.639697,0.50032,1
3360,299.495,-1.68444,0.811936,1.48879,0.154176,0.0463779,0.195537,-1.75368,0.102478,14.4424,-0.00590501,0.0539964,-0.0668619,0.639697,0.50032,1
3370,300.775,-1.68376,0.811851,1.4848,0.145755,0.0504374,0.202972,-3.48493,-0.212262,17.3161,-0.00564243,0.0532142,-0.0675578,0.639697,0.50032,1
3380,302.922,-1.68251,0.811756,1.48012,0.137339,0.0544965,0.210384,-4.29833,-0.130842,18.3048,-0.00525022,0.0527484,-0.067988,0.639697,0.50032,1
3390,302.1,-1.68104,0.811619,1.47526,0.12893,0.058555,0.217773,-4.60768,-0.0137237,18.0483,-0.00506295,0.0525126,-0.0683518,0.639697,0.50032,1
3400,292.699,-1.68024,0.8118,1.47114,0.120528,0.0626132,0.225138,-4.36146,-0.436502,17.355,-0.00510598,0.0524093,-0.0686648,0.639763,0.500461,1
3410,285.479,-1.68098,0.812767,1.4685,0.112126,0.0666742,0.232486,-3.58031,-0.388725,16.104,-0.00520278,0.0527796,-0.06881,0.639915,0.500796,1
3420,285.667,-1.68236,0.81393,1.46656,0.103718,0.0707407,0.239823,-3.34714,-0.256431,15.3363,-0.00518871,0.0536584,-0.0687754,0.640056,0.5011,1
3430,293.299,-1.6831,0.814715,1.46419,0.0953043,0.0748124,0.24715,-2.82032,-0.281153,13.6808,-0.00508803,0.0544272,-0.0686983,0.640178,0.501355,1
3440,294.336,-1.68319,0.815125,1.46155,0.0868888,0.0788869,0.254464,-2.23659,0.0542953,12.3717,-0.00495347,0.0547671,-0.0687739,0.640245,0.501481,1
3450,288.958,-1.68398,0.815738,1.45972,0.0784715,0.0829638,0.261767,-1.72534,-0.0584544,10.9723,-0.00499461,0.055072,-0.0692282,0.640245,0.501481,1
3460,284.762,-1.68555,0.816692,1.45879,0.0700485,0.0870445,0.269062,-1.3998,-0.018402,10.1726,-0.00524803,0.0552931,-0.0700388,0.640245,0.501481,1
3470,282.17,-1.68778,0.817923,1.45856,0.061616,0.0911307,0.276355,-1.07766,0.0118582,9.40698,-0.00543718,0.0551241,-0.0710007,0.640245,0.501481,1
3480,274.718,-1.69077,0.819476,1.4591,0.053171,0.0952235,0.283648,-0.755771,0.0482577,8.68373,-0.00525612,0.0546021,-0.0718669,0.640245,0.501481,1
3490,265.094,-1.69552,0.821827,1.46126,0.0447072,0.0993259,0.290947,-0.420244,0.423216,7.63709,-0.00478727,0.054267,-0.0726401,0.640245,0.501481,1
3500,258.258,-1.70171,0.824759,1.46483,0.0362162,0.103441,0.29826,0.516729,0.0536086,7.0308,-0.00426685,0.0540304,-0.0733677,0.640245,0.501481,1
3510,250.001,-1.70967,0.828519,1.46985,0.0276904,0.107573,0.305595,0.724938,0.09649,6.56529,-0.00370715,0.0536148,-0.0741254,0.640245,0.501481,1
3520,243.069,-1.71931,0.833067,1.4764,0.0191209,0.111726,0.312958,1.54871,-0.161822,5.08583,-0.00295642,0.0528728,-0.0747626,0.640245,0.501481,1
3530,243.344,-1.72987,0.838019,1.4839,0.0105005,0.115902,0.320356,2.17831,-0.0924013,4.10949,-0.00204137,0.052159,-0.0753201,0.640245,0.501481,1
3540,247.767,-1.74004,0.842705,1.49116,0.0018277,0.120103,0.327792,2.07714,-0.0264238,4.00129,-0.00127142,0.0513957,-0.0758312,0.640245,0.501481,1
3550,254.368,-1.74893,0.846766,1.49738,-0.00689321,0.124326,0.335262,1.80361,0.205238,3.42372,-0.00078338,0.0506188,-0.0763679,0.640245,0.501481,1
3560,257.673,-1.75679,0.850311,1.5029,-0.0156559,0.128568,0.342762,1.69144,0.228249,3.29303,-0.000510442,0.0500695,-0.0769148,0.640245,0.501481,1
3570,261.497,-1.76402,0.853551,1.50794,-0.0244566,0.132827,0.350288,1.73705,0.402504,2.74105,-0.000331226,0.0501618,-0.0778071,0.640245,0.501481,1
3580,269.697,-1.77021,0.856242,1.51221,-0.0332914,0.137101,0.357837,1.61014,0.393458,2.61946,-0.000142398,0.0504993,-0.0789428,0.640245,0.501481,1
3590,281.503,-1.77437,0.85797,1.5148,-0.0421528,0.141387,0.365405,1.49324,0.399197,2.50525,0.00039978,0.0509005,-0.0799071,0.640245,0.501481,1
3600,300.076,-1.77615,0.858559,1.5154,-0.05103,0.145678,0.372981,1.36612,0.389305,2.3811,0.00127557,0.0513515,-0.08045,0.640245,0.501481,1
3610,324.467,-1.77457,0.857544,1.51321,-0.0599086,0.14997,0.380554,1.13322,0.322615,1.96338,0.0020349,0.0518706,-0.0811557,0.640245,0.501481,1
3620,342.713,-1.77014,0.855196,1.50873,-0.0687724,0.154252,0.388111,1.00628,0.320918,1.88109,0.00226221,0.0521855,-0.0823499,0.640245,0.501481,1
3630,356.376,-1.764,0.852042,1.50285,-0.07761,0.158522,0.395641,0.869416,0.305635,1.76587,0.00220773,0.0524799,-0.0838797,0.640245,0.501481,1
3640,361.614,-1.75685,0.848419,1.49617,-0.0864141,0.162774,0.403141,0.737095,0.283524,1.61913,0.00205928,0.0526343,-0.0852163,0.640245,0.501481,1
3650,355,-1.74973,0.844835,1.48958,-0.0951821,0.167007,0.410606,0.618844,0.25804,1.47033,0.00193381,0.0524682,-0.0863634,0.640245,0.501481,1
3660,338.662,-1.74409,0.841979,1.48431,-0.103917,0.171225,0.418042,0.521625,0.234094,1.33571,0.00190642,0.0519624,-0.0873487,0.640245,0.501481,1
3670,331.8,-1.73978,0.839792,1.48024,-0.112628,0.17543,0.425454,0.208145,0.210969,0.774365,0.00219789,0.0515156,-0.0883078,0.640245,0.501481,1
3680,331.574,-1.73564,0.837724,1.47651,-0.121317,0.179624,0.432846,0.0173704,0.0513666,0.179926,0.00264981,0.0512613,-0.0892058,0.640245,0.501481,1
3690,335.471,-1.73131,0.835619,1.47278,-0.129986,0.183808,0.440221,0.0246712,0.0463287,0.118547,0.00313916,0.0513428,-0.0902176,0.640245,0.501481,1
3700,332.552,-1.72678,0.833418,1.46889,-0.138632,0.187981,0.447576,0.0182526,0.038818,0.0993114,0.00346217,0.0515762,-0.0911701,0.640245,0.501481,1
3710,314.529,-1.7236,0.831872,1.46616,-0.147258,0.192144,0.454913,0.0139351,0.0324546,0.0826351,0.00362985,0.0516933,-0.0919416,0.640245,0.501481,1
3720,291.957,-1.72334,0.831741,1.46592,-0.155874,0.196303,0.462242,0.0104201,0.0269882,0.0681077,0.00350549,0.0514185,-0.0925869,0.640245,0.501481,1
3730,272.545,-1.72634,0.83318,1.46845,-0.164496,0.200464,0.469576,0.00753198,0.0222371,0.0565169,0.00332563,0.0507912,-0.0934997,0.640245,0.501481,1
3740,268.793,-1.73131,0.835573,1.47266,-0.173139,0.204635,0.476928,0.0053973,0.0186648,0.0483509,0.00333613,0.0498972,-0.0945909,0.640245,0.501481,1
3750,282.564,-1.73522,0.837457,1.47598,-0.181805,0.208818,0.4843,0.00376349,0.015812,0.0414757,0.00359688,0.0490374,-0.0955179,0.640245,0.501481,1
3760,303.423,-1.73612,0.837887,1.47674,-0.190485,0.213006,0.491682,0.00242597,0.0135992,0.035744,0.00362789,0.0483382,-0.096037,0.640245,0.501481,1
3770,313.887,-1.73466,0.837178,1.47548,-0.199162,0.217195,0.499064,0,0,0,0.00347551,0.0478411,-0.0963756,0.640245,0.501481,1
3780,314.292,-1.7326,0.836185,1.47373,-0.207831,0.221378,0.506437,0,0,0,0.0035295,0.047643,-0.0967412,0.640245,0.501481,1
3790,303.654,-1.7314,0.835604,1.47271,-0.216491,0.225557,0.513803,0,0,0,0.004089,0.04782,-0.0973125,0.640256,0.501491,1
3800,297.441,-1.73149,0.835647,1.47279,-0.225148,0.229735,0.521166,0,0,0,0.00502259,0.0481662,-0.0981501,0.640308,0.501533,1
3810,303.559,-1.73146,0.835636,1.47277,-0.233805,0.233914,0.52853,0,0,0,0.0062958,0.048511,-0.0992702,0.640308,0.501533,1
3820,303.889,-1.73083,0.83533,1.47223,-0.242461,0.238091,0.535893,0,0,0,0.00752905,0.0487566,-0.100495,0.640308,0.501533,1
3830,294.695,-1.73091,0.835371,1.4723,-0.251115,0.242268,0.543254,0,0,0,0.00831597,0.0487612,-0.101647,0.640308,0.501533,1
3840,284.03,-1.73267,0.836216,1.47379,-0.259773,0.246446,0.550618,0,0,0,0.00862597,0.0487363,-0.102699,0.640308,0.501533,1
3850,280.874,-1.73555,0.837606,1.47624,-0.268442,0.25063,0.557992,0,0,0,0.0087918,0.0490415,-0.103864,0.640308,0.501533,1
3860,278.409,-1.73869,0.839122,1.47891,-0.277127,0.254822,0.565379,0,0,0,0.0088654,0.0496555,-0.105254,0.640308,0.501533,1
3870,278.412,-1.74211,0.840775,1.48182,-0.285828,0.259021,0.572781,0,0,0,0.00888881,0.0501521,-0.106647,0.640308,0.501533,1
3880,278.602,-1.74559,0.842451,1.48478,-0.294547,0.263229,0.580196,0,0,0,0.00903835,0.0503817,-0.107881,0.640308,0.501533,1
3890,285.854,-1.74836,0.843791,1.48714,-0.303281,0.267444,0.587626,0,0,0,0.00941958,0.050262,-0.10911,0.640308,0.501533,1
3900,295.858,-1.74965,0.844413,1.48824,-0.312027,0.271665,0.595065,0,0,0,0.00990805,0.0499128,-0.110552,0.64044,0.501411,1
3910,299.202,-1.74992,0.844542,1.48846,-0.320776,0.275887,0.602507,0,0,0,0.0104159,0.0495426,-0.11206,0.640443,0.501386,1
3920,296.414,-1.75029,0.84472,1.48878,-0.329526,0.28011,0.609949,0,0,0,0.010882,0.0493171,-0.113494,0.640443,0.501386,1
3930,297.465,-1.75069,0.844914,1.48912,-0.338278,0.284334,0.617394,0,0,0,0.0110577,0.0489151,-0.114828,0.640433,0.501363,1
3940,294.421,-1.75137,0.845243,1.4897,-0.347033,0.28856,0.624841,0,0,0,0.0107977,0.0481904,-0.116191,0.640424,0.50134,1
3950,290.812,-1.75248,0.845781,1.49065,-0.355792,0.292787,0.632291,0,0,0,0.0103661,0.0471613,-0.117449,0.640416,0.501316,1
3960,296.734,-1.75351,0.846276,1.49152,-0.364558,0.297017,0.639747,0,0,0,0.0102939,0.0462048,-0.118605,0.640368,0.501141,1
3970,301.385,-1.75356,0.846299,1.49156,-0.373325,0.301249,0.647205,0,0,0,0.0106947,0.0455729,-0.119702,0.640339,0.501013,1
3980,307.539,-1.75295,0.846004,1.49104,-0.382092,0.30548,0.654662,0,0,0,0.0113121,0.0454081,-0.120891,0.640314,0.500883,1
3990,317.986,-1.75107,0.845099,1.48944,-0.390853,0.309708,0.662114,0,0,0,0.011851,0.0454838,-0.121954,0.640278,0.50071,1
4000,327.445,-1.74794,0.843587,1.48678,-0.399602,0.31393,0.669556,0,0,0,0.012285,0.0458748,-0.122985,0.640215,0.500481,1
4010,329.408,-1.74398,0.841678,1.48342,-0.408333,0.318144,0.676982,0,0,0,0.0125348,0.0465014,-0.124245,0.640063,0.500144,1
4020,318.109,-1.74067,0.840081,1.4806,-0.417045,0.322349,0.684392,0,0,0,0.012735,0.0472193,-0.125985,0.639783,0.499578,1
4030,291.679,-1.74005,0.839781,1.48007,-0.425745,0.326548,0.691793,0,0,0,0.0130082,0.0477781,-0.127732,0.639477,0.498902,1
4040,269.013,-1.74338,0.841387,1.4829,-0.434451,0.330749,0.699198,0,0,0,0.0133858,0.04814,-0.129225,0.639215,0.498305,1
4050,257.144,-1.74983,0.844502,1.48839,-0.443182,0.334963,0.706624,0,0,0,0.0136247,0.0480795,-0.130532,0.638972,0.497809,1
4060,264.057,-1.75657,0.847752,1.49412,-0.451947,0.339193,0.71408,0,0,0,0.0137749,0.0478238,-0.132105,0.638758,0.497369,1
4070,282.657,-1.76085,0.849818,1.49776,-0.460741,0.343437,0.72156,0,0,0,0.0138779,0.0477869,-0.133886,0.638564,0.49697,1
4080,302.587,-1.76165,0.850203,1.49844,-0.469548,0.347688,0.729051,0,0,0,0.0140988,0.0480769,-0.135791,0.638347,0.496591,1
4090,315.401,-1.76021,0.849511,1.49722,-0.478354,0.351937,0.736541,0,0,0,0.0143852,0.0482554,-0.137506,0.638154,0.496309,1
4100,320.901,-1.75755,0.848227,1.49496,-0.487149,0.356182,0.744022,0,0,0,0.0147952,0.0480789,-0.139029,0.638006,0.496125,1
4110,319.38,-1.75473,0.846866,1.49256,-0.49593,0.36042,0.751492,0,0,0,0.0151765,0.0473847,-0.140298,0.637803,0.495903,1
4120,319.483,-1.75208,0.845585,1.4903,-0.504698,0.364652,0.758949,0,0,0,0.015561,0.0462169,-0.141595,0.637601,0.495712,1
4130,320.179,-1.74932,0.844253,1.48795,-0.513452,0.368877,0.766396,0,0,0,0.0158296,0.044874,-0.142943,0.637438,0.495591,1
4140,309.386,-1.74715,0.843206,1.48611,-0.522193,0.373095,0.773831,0,0,0,0.0160062,0.0437791,-0.144172,0.637285,0.495503,1
4150,293.193,-1.74708,0.843174,1.48605,-0.530928,0.377311,0.78126,0,0,0,0.0158764,0.0429363,-0.144723,0.637285,0.495503,1
4160,274.677,-1.74969,0.844431,1.48827,-0.539668,0.381529,0.788694,0,0,0,0.0154676,0.0422109,-0.144758,0.637285,0.495503,1
4170,255.885,-1.75566,0.847315,1.49335,-0.548428,0.385757,0.796146,0,0,0,0.014982,0.0415562,-0.144899,0.637285,0.495503,1
4180,254.89,-1.76377,0.851228,1.50025,-0.557225,0.390002,0.803628,0,0,0,0.0149996,0.0411185,-0.145665,0.637285,0.495503,1
4190,267.7,-1.77021,0.854337,1.50573,-0.566059,0.394266,0.811143,0,0,0,0.0157295,0.0409629,-0.14669,0.637285,0.495503,1
4200,273.557,-1.77482,0.856561,1.50965,-0.574921,0.398543,0.81868,0,0,0,0.0170995,0.0410735,-0.147564,0.637285,0.495503,1
4210,274.829,-1.77895,0.858553,1.51316,-0.583805,0.40283,0.826236,0,0,0,0.0186198,0.0413963,-0.148129,0.637285,0.495503,1
4220,272.7,-1.78322,0.860615,1.51679,-0.592709,0.407127,0.83381,0,0,0,0.0198309,0.0419452,-0.148677,0.637285,0.495503,1
4230,269.383,-1.78803,0.862938,1.52088,-0.601635,0.411435,0.841403,0,0,0,0.0203099,0.0427002,-0.149396,0.637285,0.495503,1
4240,271.499,-1.79302,0.865344,1.52513,-0.610587,0.415756,0.849017,0,0,0,0.0203035,0.043574,-0.150307,0.637285,0.495503,1
4250,276.301,-1.79727,0.867394,1.52874,-0.619562,0.420087,0.856651,0,0,0,0.0202085,0.044488,-0.151198,0.63726,0.495498,1
4260,281.07,-1.80072,0.86906,1.53168,-0.628556,0.424428,0.864302,0,0,0,0.020196,0.0452243,-0.151991,0.637115,0.49549,1
4270,290.045,-1.80298,0.87015,1.5336,-0.637566,0.428776,0.871965,0,0,0,0.0201005,0.0456626,-0.1526,0.637115,0.49549,1
4280,292.23,-1.80413,0.870708,1.53458,0.627647,0.433128,0.879635,0,0,0,0.0200415,0.0459303,-0.153204,0.637115,0.49549,1
4290,283.077,-1.8062,0.871703,1.53633,0.618622,0.437483,0.887312,0,0,0,0.0200744,0.0461383,-0.154244,0.637115,0.49549,1
4300,283.861,-1.80903,0.87307,1.53874,0.609585,0.441845,0.894999,0,0,0,0.020132,0.0459148,-0.155934,0.637115,0.49549,1
4310,297.197,-1.81054,0.8738,1.54003,0.600535,0.446213,0.902696,0,0,0,0.0202315,0.045158,-0.157815,0.637117,0.495465,1
4320,319.726,-1.80936,0.873229,1.53902,0.591484,0.450581,0.910395,0,0,0,0.0206912,0.0439858,-0.159315,0.637117,0.495465,1
4330,351.272,-1.80439,0.870832,1.5348,0.582447,0.454942,0.918082,0,0,0,0.0215715,0.0424345,-0.160581,0.637141,0.495443,1
4340,363.444,-1.79682,0.867176,1.52835,0.573441,0.459289,0.925742,0,0,0,0.0225765,0.0405719,-0.162105,0.637205,0.495404,1
4350,349.628,-1.78972,0.86375,1.52232,0.564474,0.463616,0.93337,0,0,0,0.0234317,0.0390964,-0.163901,0.637309,0.495364,1
4360,330.807,-1.78451,0.861236,1.51789,0.555538,0.467929,0.940971,0,0,0,0.023978,0.0382981,-0.165406,0.637583,0.495308,1
4370,310.844,-1.78174,0.8599,1.51553,0.546623,0.472232,0.948554,0,0,0,0.0239951,0.0378218,-0.166496,0.637724,0.495323,1
4380,292.154,-1.78187,0.859963,1.51564,0.537715,0.476531,0.956131,0,0,0,0.0233197,0.037281,-0.167414,0.637724,0.495323,1
4390,283.093,-1.7838,0.860894,1.51728,0.528802,0.480832,0.963712,0,0,0,0.022312,0.0369036,-0.168367,0.637724,0.495323,1
4400,266.283,-1.78799,0.862917,1.52085,0.519875,0.485141,0.971306,0,0,0,0.0215514,0.036791,-0.169292,0.637724,0.495323,1
4410,253.974,-1.79535,0.86647,1.52711,0.510919,0.489463,0.978923,0,0,0,0.0214322,0.0370122,-0.170348,0.637728,0.495327,1
4420,259.124,-1.80301,0.870166,1.53362,0.501925,0.493804,0.986574,0,0,0,0.0218605,0.0375475,-0.171451,0.637776,0.495458,1
4430,271.104,-1.80898,0.873048,1.5387,0.492895,-0.492755,0.994254,0,0,0,0.0227427,0.0385678,-0.172339,0.637769,0.495551,1
4440,292.521,-1.81195,0.874479,1.54123,0.483842,-0.488386,-0.998045,0,0,0,0.0239034,0.0397862,-0.172785,0.637715,0.495704,1
4450,316.347,-1.81094,0.873995,1.54037,0.474783,-0.484014,-0.99034,0,0,0,0.0251061,0.0408387,-0.173142,0.637599,0.495917,1
4460,324.176,-1.80785,0.872504,1.53774,0.465735,-0.479647,-0.982644,0,0,0,0.0259815,0.0416577,-0.17348,0.637545,0.496077,1
4470,316.198,-1.80496,0.871105,1.53528,0.456703,-0.475288,-0.974961,0,0,0,0.0266268,0.0427046,-0.173607,0.637521,0.496219,1
4480,305.685,-1.80343,0.870369,1.53398,0.447682,-0.470934,-0.967288,0,0,0,0.0270785,0.0437291,-0.173333,0.637535,0.496287,1
4490,302.112,-1.803,0.870162,1.53362,0.438666,-0.466583,-0.959619,0,0,0,0.0273736,0.0441401,-0.173028,0.637585,0.496399,1
4500,302.327,-1.80263,0.869982,1.5333,0.429652,-0.462233,-0.951952,0,0,0,0.0275621,0.0437506,-0.172853,0.637699,0.496656,1
4510,299.781,-1.80242,0.869882,1.53312,0.420639,-0.457883,-0.944286,0,0,0,0.0278294,0.042992,-0.172833,0.637881,0.497089,1
4520,302.927,-1.8023,0.869825,1.53302,0.411627,-0.453534,-0.93662,0,0,0,0.0278853,0.0418535,-0.172886,0.638123,0.497682,1
4530,315.787,-1.80086,0.869127,1.53179,0.402618,-0.449186,-0.928957,0,0,0,0.0276491,0.0404617,-0.173267,0.638292,0.498113,1
4540,323.835,-1.79789,0.867694,1.52927,0.39362,-0.444843,-0.921303,0,0,0,0.0273856,0.0391002,-0.173863,0.638388,0.498393,1
4550,325.678,-1.79438,0.866,1.52628,0.384638,-0.440509,-0.913664,0,0,0,0.0275488,0.0379478,-0.174381,0.63847,0.49867,1
4560,320.701,-1.79106,0.864399,1.52346,0.375674,-0.436182,-0.906039,0,0,0,0.0280192,0.0366425,-0.174664,0.638524,0.498808,1
4570,303.042,-1.78933,0.863566,1.52199,0.366724,-0.431863,-0.898426,0,0,0,0.0287172,0.0353955,-0.175064,0.638588,0.498938,1
4580,278.202,-1.79097,0.864354,1.52338,0.357775,-0.427544,-0.890814,0,0,0,0.0294507,0.0345484,-0.175653,0.63871,0.499184,1
4590,265.199,-1.79599,0.866777,1.52765,0.34881,-0.423217,-0.883188,0,0,0,0.0301251,0.0341464,-0.176278,0.638839,0.499442,1
4600,263.218,-1.80229,0.869817,1.53301,0.339816,-0.418876,-0.875538,0,0,0,0.0304205,0.0338104,-0.176877,0.638998,0.499772,1
4610,276.327,-1.80727,0.872219,1.53724,0.330792,-0.414521,-0.867863,0,0,0,0.0303225,0.0337134,-0.177731,0.639234,0.500271,1
4620,288.351,-1.80991,0.873494,1.53949,0.321749,-0.410157,-0.860171,0,0,0,0.0299228,0.034178,-0.178905,0.639417,0.50064,1
4630,292.32,-1.81131,0.87417,1.54068,0.312696,-0.405788,-0.852471,0,0,0,0.0296894,0.0353139,-0.180271,0.639509,0.500811,1
4640,301.209,-1.81183,0.874422,1.54112,0.303638,-0.401416,-0.844766,0,0,0,0.0298402,0.0367967,-0.181713,0.639615,0.500991,1
4650,314.585,-1.81054,0.873801,1.54003,0.294581,-0.397045,-0.837062,0,0,0,0.0304232,0.038408,-0.183186,0.639736,0.501184,1
4660,316.51,-1.80821,0.872674,1.53804,0.285534,-0.392679,-0.829366,0,0,0,0.0310307,0.0398586,-0.184494,0.63981,0.501315,1
4670,314.975,-1.80586,0.871543,1.53605,0.276498,-0.388318,-0.821681,0,0,0,0.0312655,0.0407435,-0.185631,0.639827,0.501348,1
4680,305.346,-1.80446,0.870866,1.53486,0.267472,-0.383962,-0.814003,0,0,0,0.030893,0.040848,-0.186916,0.639827,0.501348,1
4690,295.629,-1.80452,0.870896,1.53491,0.258451,-0.379608,-0.80633,0,0,0,0.0303667,0.0404792,-0.18853,0.639827,0.501348,1
4700,295.334,-1.80534,0.871293,1.53561,0.249426,-0.375253,-0.798653,0.067042,-0.128283,-0.320128,0.0301396,0.0398731,-0.190191,0.639827,0.501348,1
4710,302.437,-1.80561,0.871447,1.53591,0.240398,-0.370896,-0.790974,0.0728084,-0.159601,-0.392082,0.0304217,0.0388749,-0.191537,0.639827,0.501348,1
4720,313.137,-1.80442,0.87091,1.53499,0.231372,-0.366539,-0.783296,0.0768654,-0.199747,-0.483547,0.0311427,0.037579,-0.192612,0.639827,0.501348,1
4730,312.933,-1.80232,0.869942,1.53332,0.222355,-0.362187,-0.775625,0.0769591,-0.24766,-0.594325,0.0321803,0.0363396,-0.193745,0.639827,0.501348,1
4740,299.465,-1.8016,0.869653,1.53286,0.213346,-0.357838,-0.76796,0.070483,-0.298863,-0.71958,0.0331452,0.0353207,-0.195073,0.639827,0.501348,1
4750,292.704,-1.80241,0.870118,1.53373,0.204336,-0.353489,-0.760294,0.055758,-0.347927,-0.854355,0.0338202,0.0344312,-0.196298,0.639827,0.501348,1
4760,298.807,-1.80319,0.870579,1.53461,0.195322,-0.349137,-0.752623,0.0320961,-0.392471,-0.999281,0.0343501,0.0338335,-0.197109,0.639827,0.501348,1
4770,312.301,-1.80239,0.870292,1.53419,0.186307,-0.344785,-0.74495,-0.00170453,-0.431725,-1.15636,0.0349004,0.0335034,-0.197476,0.639827,0.501348,1
4780,322.429,-1.79975,0.869132,1.53225,0.177301,-0.340435,-0.737283,-0.0471623,-0.460753,-1.31592,0.0354427,0.0332712,-0.197681,0.639827,0.501348,1
4790,325.617,-1.79636,0.867621,1.52973,0.168309,-0.336093,-0.729627,0.0924544,-0.563561,-1.72128,0.0359072,0.0330847,-0.198039,0.639827,0.501348,1
4800,323.983,-1.79292,0.866092,1.52723,0.159335,-0.331758,-0.721984,0.0750963,-0.576578,-1.89195,0.0362444,0.0332689,-0.19881,0.639827,0.501348,1
4810,314.113,-1.79024,0.864934,1.52543,0.150377,-0.327431,-0.714353,0.0335325,-0.694136,-2.5616,0.0363013,0.0337771,-0.199775,0.639827,0.501348,1
4820,300.286,-1.78937,0.86468,1.52534,0.141429,-0.323107,-0.706726,0.025866,-0.699535,-2.75103,0.0360875,0.0343555,-0.200544,0.639827,0.501348,1
4830,290.385,-1.79018,0.865241,1.52672,0.132481,-0.318783,-0.699097,0.0410524,-0.692034,-2.88966,0.0356295,0.0347149,-0.201097,0.639826,0.501363,1
4840,277.074,-1.79284,0.866691,1.52971,0.123525,-0.314454,-0.691457,0.0903141,-0.66995,-2.95498,0.0350651,0.0350323,-0.201916,0.639816,0.501513,1
4850,264.153,-1.79794,0.8693,1.53477,0.11455,-0.310115,-0.683798,0.195061,-0.626134,-3.50802,0.0346234,0.0354124,-0.203089,0.639795,0.501715,1
4860,255.683,-1.80511,0.87289,1.54171,0.105545,-0.30576,-0.676109,0.31279,-0.592253,-3.51522,0.0347777,0.0359439,-0.204277,0.639795,0.501715,1
4870,251.1,-1.81363,0.877103,1.54978,0.0965006,-0.301387,-0.668382,0.867824,-0.601476,-4.47118,0.0354382,0.0365883,-0.205124,0.639795,0.501715,1
4880,249.889,-1.82292,0.881616,1.5586,0.0874116,-0.296991,-0.660613,1.19497,-0.540603,-4.3219,0.0362002,0.0371858,-0.205772,0.639795,0.501715,1
4890,247.781,-1.8327,0.886295,1.56767,0.0782752,-0.292572,-0.6528,1.712,-0.442316,-3.75243,0.0365854,0.0368902,-0.206531,0.639795,0.501715,1
4900,263.245,-1.84149,0.890393,1.57555,0.0690904,-0.288131,-0.644942,2.33059,-0.537256,-2.84891,0.0366527,0.0354424,-0.207614,0.639795,0.501715,1
4910,293.473,-1.84569,0.892195,1.57904,0.0598712,-0.283674,-0.637054,3.38557,-0.336334,-1.04683,0.0365352,0.0336307,-0.208876,0.639794,0.501716,1
4920,327.036,-1.8448,0.89133,1.57739,0.0506426,-0.279214,-0.629161,4.54985,0.178642,1.08658,0.0366964,0.0325767,-0.210166,0.639794,0.501716,1
4930,340.695,-1.84112,0.888818,1.57244,0.0414261,-0.274762,-0.621284,5.97693,0.705692,4.72032,0.0372564,0.0322018,-0.211281,0.639714,0.501752,1
4940,328.66,-1.83776,0.88614,1.56645,0.0322284,-0.270325,-0.613436,7.15082,1.73276,9.04104,0.0380463,0.0320903,-0.212063,0.63933,0.501943,1
4950,298.257,-1.83763,0.884663,1.5619,0.0230413,-0.265898,-0.605616,6.4253,2.99632,15.0203,0.0386601,0.0319093,-0.212648,0.638865,0.502195,1
4960,276.013,-1.8414,0.884951,1.55945,0.0138454,-0.261475,-0.597813,2.31993,4.94976,23.2109,0.0392055,0.0315781,-0.213479,0.638427,0.502453,1
4970,280.945,-1.84474,0.885167,1.55534,0.00462961,-0.257049,-0.590025,-6.33558,7.94549,36.3449,0.0396051,0.0311016,-0.214526,0.638227,0.502549,1
4980,289.111,-1.84347,0.883579,1.54514,-0.00459267,-0.252627,-0.582271,-23.2333,14.2446,64.0128,0.0397999,0.030965,-0.215294,0.638125,0.502594,1
4990,288.773,-1.83578,0.879504,1.52416,-0.0137937,-0.248218,-0.574592,-55.7813,26.5677,124.246,0.0397373,0.0312637,-0.215543,0.63791,0.502683,1
