step,T,Epot,Efull,SolventMolsThroughZ,
0,7.40706e-005,-12067.9,-12067.9,
5e-015,0.012251,-12068.2,-12068,
1e-014,0.0196835,-12068.4,-12068.1,
1.5e-014,0.0264367,-12068.6,-12068.2,
2e-014,0.0316705,-12068.8,-12068.3,
2.5e-014,0.0391475,-12069,-12068.3,
3e-014,0.0486386,-12069.1,-12068.3,
3.5e-014,0.0611763,-12069.3,-12068.3,
4e-014,0.0749951,-12069.5,-12068.2,
4.5e-014,0.0896787,-12069.6,-12068.2,
5e-014,0.103205,-12069.8,-12068.1,
5.5e-014,2.3398,-12070,-12031.6,
6e-014,4.20114,-12070.2,-12001.2,
6.5e-014,5.51957,-12070.2,-11979.6,
7e-014,6.41738,-12069.9,-11964.6,
7.5e-014,7.00779,-12069.5,-11954.5,
8e-014,7.3744,-12068.8,-11947.8,
8.5e-014,7.57889,-12068,-11943.7,
9e-014,7.66397,-12067.1,-11941.3,
9.5e-014,7.66506,-12066,-11940.2,
1e-013,7.61258,-12064.9,-11939.9,
1.05e-013,9.90982,-12063.8,-11901.2,
1.1e-013,11.4206,-12062.7,-11875.2,
1.15e-013,12.3833,-12061.3,-11858.1,
1.2e-013,12.9847,-12060.1,-11847,
1.25e-013,13.3361,-12058.9,-11840,
1.3e-013,13.5232,-12057.6,-11835.7,
1.35e-013,13.621,-12056.5,-11832.9,
1.4e-013,13.6715,-12055.7,-11831.3,
1.45e-013,13.7117,-12055.3,-11830.2,
1.5e-013,13.7447,-12055.1,-11829.5,
1.55e-013,16.1513,-12055.2,-11790.1,
1.6e-013,17.8135,-12055.6,-11763.2,
1.65e-013,18.9699,-12056.1,-11744.8,
1.7e-013,19.784,-12056.5,-11731.8,
1.75e-013,20.3841,-12056.9,-11722.4,
1.8e-013,20.8492,-12057.4,-11715.2,
1.85e-013,21.2075,-12057.4,-11709.3,
1.9e-013,21.5079,-12057.1,-11704,
1.95e-013,21.777,-12056.6,-11699.1,
2e-013,22.0307,-12055.9,-11694.3,
2.05e-013,24.6829,-12055.2,-11650.1,
2.1e-013,26.5699,-12054.1,-11618,
2.15e-013,27.9469,-12053,-11594.3,
2.2e-013,28.9682,-12051.8,-11576.4,
2.25e-013,29.7393,-12050.5,-11562.4,
2.3e-013,30.3515,-12049.4,-11551.2,
2.35e-013,30.8528,-12048.7,-11542.3,
2.4e-013,31.245,-12048,-11535.2,
2.45e-013,31.5424,-12047.2,-11529.5,
2.5e-013,31.7913,-12046.9,-11525.1,
2.55e-013,34.4089,-12046.9,-11482.1,
2.6e-013,36.2267,-12047.4,-11452.8,
2.65e-013,37.4645,-12048.1,-11433.2,
2.7e-013,38.2866,-12049.2,-11420.8,
2.75e-013,38.8023,-12050.6,-11413.7,
2.8e-013,39.0644,-12051.7,-11410.5,
2.85e-013,39.1561,-12052.8,-11410.1,
2.9e-013,39.1227,-12054,-11411.9,
2.95e-013,38.9843,-12055.1,-11415.2,
3e-013,38.7424,-12055.5,-11419.6,
3.05e-013,40.8487,-12055.4,-11384.9,
3.1e-013,42.1548,-12054.9,-11363,
3.15e-013,42.9063,-12054,-11349.7,
3.2e-013,43.2873,-12052.5,-11342,
3.25e-013,43.4464,-12051,-11337.9,
3.3e-013,43.4865,-12049.8,-11336,
3.35e-013,43.4388,-12048.4,-11335.5,
3.4e-013,43.3559,-12047.1,-11335.5,
3.45e-013,43.2993,-12046.5,-11335.8,
3.5e-013,43.2778,-12046.4,-11336.1,
3.55e-013,45.6807,-12046.9,-11297.1,
3.6e-013,47.3592,-12047.9,-11270.6,
3.65e-013,48.5559,-12049.2,-11252.3,
3.7e-013,49.4453,-12050.9,-11239.4,
3.75e-013,50.1109,-12052.4,-11230,
3.8e-013,50.6553,-12054,-11222.6,
3.85e-013,51.1454,-12055.9,-11216.4,
3.9e-013,51.5962,-12057.9,-11211,
3.95e-013,51.9985,-12059.4,-11205.9,
4e-013,52.4097,-12061.1,-11200.9,
4.05e-013,55.232,-12062.9,-11156.4,
4.1e-013,57.2967,-12064.8,-11124.4,
4.15e-013,58.8394,-12066.7,-11101,
4.2e-013,60.0034,-12068.4,-11083.5,
4.25e-013,60.9171,-12070.1,-11070.3,
4.3e-013,61.6056,-12071.1,-11060,
4.35e-013,62.1159,-12071.3,-11051.8,
4.4e-013,62.5249,-12071.2,-11045,
4.45e-013,62.8364,-12070.9,-11039.6,
4.5e-013,63.0321,-12069.8,-11035.2,
4.55e-013,65.5656,-12068.1,-10992,
4.6e-013,67.2623,-12065.9,-10961.9,
4.65e-013,68.3697,-12063.3,-10941.2,
4.7e-013,69.0655,-12060.8,-10927.3,
4.75e-013,69.4595,-12058.4,-10918.3,
4.8e-013,69.6356,-12056.2,-10913.2,
4.85e-013,69.6499,-12054.3,-10911.1,
4.9e-013,69.5294,-12052.5,-10911.3,
4.95e-013,69.3541,-12051.7,-10913.4,
5e-013,69.1392,-12052,-10917.2,
5.05e-013,71.267,-12052.6,-10882.9,
5.1e-013,72.6092,-12054.1,-10862.3,
5.15e-013,73.3964,-12055.8,-10851.2,
5.2e-013,73.8029,-12057.8,-10846.5,
5.25e-013,73.9554,-12059.7,-10845.8,
5.3e-013,73.951,-12061.5,-10847.7,
5.35e-013,73.8609,-12063.2,-10850.9,
5.4e-013,73.768,-12065.5,-10854.8,
5.45e-013,73.6454,-12067.4,-10858.7,
5.5e-013,73.5341,-12069.1,-10862.2,
5.55e-013,75.8631,-12070.8,-10825.6,
5.6e-013,77.4018,-12071,-10800.7,
5.65e-013,78.4597,-12070.5,-10782.8,
5.7e-013,79.2398,-12069.8,-10769.2,
5.75e-013,79.8603,-12069,-10758.3,
5.8e-013,80.3783,-12068,-10748.8,
5.85e-013,80.8618,-12067.1,-10739.9,
5.9e-013,81.3017,-12065.8,-10731.4,
5.95e-013,81.7355,-12064.3,-10722.8,
6e-013,82.1637,-12062.5,-10713.9,
6.05e-013,85.037,-12061,-10665.3,
6.1e-013,87.2202,-12060.8,-10629.3,
6.15e-013,88.8915,-12061.3,-10602.3,
6.2e-013,90.1852,-12061.9,-10581.7,
6.25e-013,91.2256,-12062.9,-10565.6,
6.3e-013,92.0711,-12064.3,-10553.2,
6.35e-013,92.7448,-12065.6,-10543.4,
6.4e-013,93.2691,-12066.7,-10535.9,
6.45e-013,93.6571,-12067.2,-10530,
6.5e-013,93.9627,-12067.9,-10525.7,
6.55e-013,96.5796,-12068.2,-10483.1,
6.6e-013,98.3097,-12067.7,-10454.1,
6.65e-013,99.4137,-12066.4,-10434.7,
6.7e-013,100.068,-12064.6,-10422.2,
6.75e-013,100.375,-12061.9,-10414.5,
6.8e-013,100.475,-12059.5,-10410.4,
6.85e-013,100.435,-12057.7,-10409.3,
6.9e-013,100.259,-12056.1,-10410.5,
6.95e-013,99.9728,-12054.5,-10413.6,
7e-013,99.5915,-12052.7,-10418.1,
7.05e-013,101.555,-12050.7,-10383.9,
7.1e-013,102.725,-12048.9,-10362.9,
7.15e-013,103.354,-12047.1,-10350.8,
7.2e-013,103.654,-12045.9,-10344.7,
7.25e-013,103.764,-12045.7,-10342.6,
7.3e-013,103.725,-12045.7,-10343.3,
7.35e-013,103.603,-12045.8,-10345.4,
7.4e-013,103.483,-12046.7,-10348.3,
7.45e-013,103.389,-12048.4,-10351.5,
7.5e-013,103.33,-12050.6,-10354.6,
7.55e-013,105.723,-12053.3,-10318.1,
7.6e-013,107.372,-12055.8,-10293.5,
7.65e-013,108.546,-12058.3,-10276.8,
7.7e-013,109.39,-12060.1,-10264.7,
7.75e-013,110.02,-12060.8,-10255.1,
7.8e-013,110.543,-12060.9,-10246.6,
7.85e-013,110.989,-12059.9,-10238.2,
7.9e-013,111.41,-12058,-10229.5,
7.95e-013,111.821,-12055.2,-10219.9,
8e-013,112.258,-12052,-10209.5,
8.05e-013,115.109,-12047.9,-10158.6,
8.1e-013,117.25,-12043.9,-10119.5,
8.15e-013,118.908,-12040.2,-10088.6,
8.2e-013,120.236,-12037,-10063.6,
8.25e-013,121.296,-12033.6,-10042.8,
8.3e-013,122.149,-12030,-10025.2,
8.35e-013,122.862,-12026.6,-10010.1,
8.4e-013,123.432,-12023,-9997.16,
8.45e-013,123.885,-12019.3,-9986.03,
8.5e-013,124.258,-12016.2,-9976.78,
8.55e-013,126.963,-12013.5,-9929.69,
8.6e-013,128.805,-12011.1,-9897.05,
8.65e-013,130.034,-12009.2,-9874.96,
8.7e-013,130.822,-12008,-9860.8,
8.75e-013,131.298,-12007.9,-9852.88,
8.8e-013,131.511,-12008.4,-9849.94,
8.85e-013,131.492,-12009,-9850.88,
8.9e-013,131.29,-12009.6,-9854.75,
8.95e-013,130.949,-12010,-9860.8,
9e-013,130.468,-12009.6,-9868.29,
9.05e-013,132.329,-12008.9,-9837.01,
9.1e-013,133.371,-12007.7,-9818.67,
9.15e-013,133.851,-12005.8,-9808.9,
9.2e-013,133.961,-12003.2,-9804.52,
9.25e-013,133.813,-11999.5,-9803.23,
9.3e-013,133.571,-11995.7,-9803.47,
9.35e-013,133.271,-11991.7,-9804.31,
9.4e-013,132.988,-11987.7,-9805.02,
9.45e-013,132.762,-11984.2,-9805.25,
9.5e-013,132.62,-11981.5,-9804.85,
9.55e-013,134.941,-11979,-9764.23,
9.6e-013,136.57,-11976.8,-9735.28,
9.65e-013,137.774,-11975.1,-9713.88,
9.7e-013,138.705,-11973.8,-9697.27,
9.75e-013,139.494,-11973.1,-9683.62,
9.8e-013,140.169,-11972.3,-9671.71,
9.85e-013,140.806,-11971.6,-9660.59,
9.9e-013,141.45,-11971.5,-9649.92,
9.95e-013,142.061,-11971,-9639.33,
1e-012,142.713,-11971,-9628.7,
1.005e-012,145.796,-11971.5,-9578.58,
1.01e-012,148.12,-11972.3,-9541.19,
1.015e-012,149.893,-11972.8,-9512.59,
1.02e-012,151.257,-11972.6,-9490,
1.025e-012,152.337,-11971.8,-9471.54,
1.03e-012,153.231,-11971.1,-9456.15,
1.035e-012,153.966,-11970.3,-9443.28,
1.04e-012,154.531,-11968.7,-9432.43,
1.045e-012,154.992,-11967.2,-9423.33,
1.05e-012,155.277,-11964.3,-9415.79,
1.055e-012,157.857,-11960.6,-9369.74,
1.06e-012,159.598,-11956.9,-9337.47,
1.065e-012,160.7,-11952.7,-9315.19,
1.07e-012,161.35,-11948.4,-9300.18,
1.075e-012,161.699,-11944.7,-9290.73,
1.08e-012,161.822,-11941.8,-9285.82,
1.085e-012,161.76,-11939.6,-9284.65,
1.09e-012,161.582,-11938.7,-9286.68,
1.095e-012,161.297,-11938.9,-9291.54,
1.1e-012,160.95,-11940.5,-9298.84,
1.105e-012,162.95,-11943.1,-9268.66,
1.11e-012,164.115,-11946.3,-9252.75,
1.115e-012,164.727,-11950.3,-9246.63,
1.12e-012,164.924,-11954,-9247.11,
1.125e-012,164.815,-11956.5,-9251.45,
1.13e-012,164.531,-11958.2,-9257.77,
1.135e-012,164.107,-11957.9,-9264.45,
1.14e-012,163.655,-11956.4,-9270.37,
1.145e-012,163.233,-11954,-9274.88,
1.15e-012,162.856,-11950.5,-9277.54,
1.155e-012,164.976,-11946.3,-9238.59,
1.16e-012,166.39,-11940.9,-9209.96,
1.165e-012,167.354,-11934.1,-9187.37,
1.17e-012,168.063,-11926.3,-9167.88,
1.175e-012,168.673,-11918.3,-9149.87,
1.18e-012,169.207,-11909.4,-9132.21,
1.185e-012,169.813,-11901.5,-9114.35,
1.19e-012,170.494,-11894.8,-9096.5,
1.195e-012,171.226,-11889,-9078.69,
1.2e-012,172.008,-11884.2,-9061.1,
1.205e-012,175.207,-11879.9,-9004.26,
1.21e-012,177.674,-11876.5,-8960.32,
1.215e-012,179.677,-11874.8,-8925.74,
1.22e-012,181.34,-11874.6,-8898.31,
1.225e-012,182.724,-11875.5,-8876.45,
1.23e-012,183.909,-11877.6,-8859.18,
1.235e-012,184.862,-11879.9,-8845.75,
1.24e-012,185.595,-11881.5,-8835.31,
1.245e-012,186.182,-11883.2,-8827.45,
1.25e-012,186.636,-11885.2,-8822.01,
1.255e-012,189.401,-11887.9,-8779.29,
1.26e-012,191.243,-11890.3,-8751.49,
1.265e-012,192.361,-11891.4,-8734.24,
1.27e-012,193.001,-11892.3,-8724.58,
1.275e-012,193.247,-11892.2,-8720.5,
1.28e-012,193.223,-11891.9,-8720.54,
1.285e-012,193.002,-11891.5,-8723.78,
1.29e-012,192.584,-11890.3,-8729.42,
1.295e-012,191.98,-11887.5,-8736.58,
1.3e-012,191.22,-11882.8,-8744.28,
1.305e-012,192.794,-11876.6,-8712.32,
1.31e-012,193.56,-11869.2,-8692.37,
1.315e-012,193.863,-11862.2,-8680.36,
1.32e-012,193.844,-11855.1,-8673.54,
1.325e-012,193.731,-11849.8,-8670.12,
1.33e-012,193.583,-11846.5,-8669.29,
1.335e-012,193.445,-11845.3,-8670.3,
1.34e-012,193.377,-11846.6,-8672.75,
1.345e-012,193.373,-11850.2,-8676.38,
1.35e-012,193.405,-11855,-8680.7,
1.355e-012,195.898,-11861,-8645.81,
1.36e-012,197.649,-11867.3,-8623.35,
1.365e-012,198.874,-11872.7,-8608.65,
1.37e-012,199.798,-11877.6,-8598.37,
1.375e-012,200.488,-11880.9,-8590.3,
1.38e-012,201.054,-11882.5,-8582.66,
1.385e-012,201.59,-11883.2,-8574.55,
1.39e-012,202.114,-11882.7,-8565.44,
1.395e-012,202.692,-11881.9,-8555.12,
1.4e-012,203.343,-11881.3,-8543.88,
1.405e-012,206.419,-11880.2,-8492.26,
1.41e-012,208.778,-11879.2,-8452.57,
1.415e-012,210.645,-11878.5,-8421.24,
1.42e-012,212.134,-11877.6,-8395.86,
1.425e-012,213.345,-11876.3,-8374.72,
1.43e-012,214.344,-11874.8,-8356.79,
1.435e-012,215.192,-11873.4,-8341.5,
1.44e-012,215.917,-11872.5,-8328.68,
1.445e-012,216.523,-11872.1,-8318.33,
1.45e-012,216.963,-11871.3,-8310.36,
1.455e-012,219.695,-11870.7,-8264.92,
1.46e-012,221.462,-11868.9,-8234.05,
1.465e-012,222.605,-11867.2,-8213.6,
1.47e-012,223.308,-11866.3,-8201.14,
1.475e-012,223.689,-11866.4,-8195.07,
1.48e-012,223.812,-11867.6,-8194.24,
1.485e-012,223.69,-11869.1,-8197.71,
1.49e-012,223.369,-11870.6,-8204.45,
1.495e-012,222.901,-11872.2,-8213.79,
1.5e-012,222.317,-11873.8,-8225,
1.505e-012,224.027,-11874.8,-8197.92,
1.51e-012,224.897,-11875.2,-8183.97,
1.515e-012,225.186,-11874.6,-8178.62,
1.52e-012,225.076,-11872.6,-8178.43,
1.525e-012,224.778,-11870.4,-8181.13,
1.53e-012,224.379,-11868,-8185.28,
1.535e-012,223.983,-11866.1,-8189.91,
1.54e-012,223.588,-11864.1,-8194.36,
1.545e-012,223.227,-11861.7,-8197.92,
1.55e-012,222.957,-11859.5,-8200.19,
1.555e-012,225.198,-11857.7,-8161.52,
1.56e-012,226.79,-11856.2,-8133.93,
1.565e-012,227.988,-11855.3,-8113.36,
1.57e-012,228.954,-11854.9,-8097.11,
1.575e-012,229.77,-11854.5,-8083.35,
1.58e-012,230.533,-11854.5,-8070.79,
1.585e-012,231.273,-11854.6,-8058.71,
1.59e-012,232.038,-11855.1,-8046.67,
1.595e-012,232.813,-11855.6,-8034.52,
1.6e-012,233.548,-11855.2,-8021.99,
1.605e-012,236.692,-11854,-7969.21,
1.61e-012,239.023,-11851.3,-7928.29,
1.615e-012,240.779,-11846.9,-7895.08,
1.62e-012,242.125,-11840.7,-7866.72,
1.625e-012,243.218,-11833.5,-7841.61,
1.63e-012,244.139,-11826,-7818.93,
1.635e-012,244.953,-11818.8,-7798.46,
1.64e-012,245.658,-11812.1,-7780.19,
1.645e-012,246.258,-11806.1,-7764.28,
1.65e-012,246.763,-11800.9,-7750.83,
1.655e-012,249.59,-11796.9,-7700.47,
1.66e-012,251.537,-11794,-7665.52,
1.665e-012,252.849,-11792.2,-7642.25,
1.67e-012,253.618,-11790.4,-7627.85,
1.675e-012,253.988,-11788.8,-7620.11,
1.68e-012,254.074,-11787.7,-7617.63,
1.685e-012,253.901,-11786.5,-7619.31,
1.69e-012,253.56,-11785.9,-7624.27,
1.695e-012,253.041,-11785,-7631.83,
1.7e-012,252.386,-11783.5,-7641.17,
1.705e-012,254.054,-11781.7,-7611.98,
1.71e-012,254.939,-11780.4,-7596.12,
1.715e-012,255.3,-11779.5,-7589.31,
1.72e-012,255.358,-11779.8,-7588.67,
1.725e-012,255.206,-11780.8,-7592.16,
1.73e-012,254.908,-11781.8,-7598.05,
1.735e-012,254.559,-11783.1,-7605.06,
1.74e-012,254.191,-11784.2,-7612.23,
1.745e-012,253.898,-11786.1,-7618.88,
1.75e-012,253.694,-11788.6,-7624.75,
1.755e-012,255.971,-11791.2,-7590,
1.76e-012,257.54,-11793.3,-7566.33,
1.765e-012,258.636,-11794.2,-7549.28,
1.77e-012,259.416,-11793.3,-7535.54,
1.775e-012,260.04,-11791,-7522.97,
1.78e-012,260.564,-11786.7,-7510.13,
1.785e-012,261.072,-11781,-7496.05,
1.79e-012,261.635,-11774.6,-7480.41,
1.795e-012,262.262,-11767.8,-7463.32,
1.8e-012,262.928,-11760.2,-7444.83,
1.805e-012,266.069,-11752.6,-7385.61,
1.81e-012,268.479,-11744.6,-7338.1,
1.815e-012,270.391,-11736.5,-7298.63,
1.82e-012,271.963,-11728.6,-7264.96,
1.825e-012,273.192,-11719.3,-7235.39,
1.83e-012,274.209,-11709.3,-7208.7,
1.835e-012,275.029,-11698.3,-7184.33,
1.84e-012,275.695,-11686.8,-7161.85,
1.845e-012,276.299,-11676.2,-7141.35,
1.85e-012,276.872,-11667.8,-7123.54,
1.855e-012,279.756,-11660.7,-7069.15,
1.86e-012,281.744,-11654.8,-7030.62,
1.865e-012,283.025,-11649.2,-7003.91,
1.87e-012,283.75,-11643.1,-6985.97,
1.875e-012,284.113,-11637.9,-6974.75,
1.88e-012,284.168,-11633,-6969,
1.885e-012,283.981,-11628.5,-6967.54,
1.89e-012,283.653,-11625.3,-6969.71,
1.895e-012,283.183,-11622.8,-6974.95,
1.9e-012,282.66,-11622.1,-6982.83,
1.905e-012,284.521,-11623.4,-6953.57,
1.91e-012,285.533,-11625.4,-6938.99,
1.915e-012,285.976,-11628.1,-6934.4,
1.92e-012,286.005,-11630.6,-6936.4,
1.925e-012,285.792,-11633,-6942.38,
1.93e-012,285.472,-11636,-6950.63,
1.935e-012,285.106,-11639.4,-6960.01,
1.94e-012,284.677,-11641.7,-6969.38,
1.945e-012,284.224,-11642.6,-6977.64,
1.95e-012,283.766,-11641.2,-6983.8,
1.955e-012,285.737,-11637.3,-6947.51,
1.96e-012,287.091,-11632.5,-6920.56,
1.965e-012,288.046,-11626.6,-6898.98,
1.97e-012,288.888,-11621.8,-6880.29,
1.975e-012,289.668,-11617.6,-6863.31,
1.98e-012,290.396,-11613.2,-6846.99,
1.985e-012,291.164,-11609.5,-6830.7,
1.99e-012,291.966,-11606.3,-6814.33,
1.995e-012,292.744,-11602.3,-6797.51,
2e-012,293.503,-11597.2,-6779.95,
2.005e-012,296.631,-11590.3,-6721.71,
2.01e-012,298.905,-11580.5,-6674.64,
2.015e-012,300.623,-11568.5,-6634.4,
2.02e-012,301.972,-11554.8,-6598.54,
2.025e-012,303.113,-11540.5,-6565.52,
2.03e-012,304.218,-11528.3,-6535.2,
2.035e-012,305.272,-11518.4,-6507.99,
2.04e-012,306.27,-11511.1,-6484.32,
2.045e-012,307.162,-11506,-6464.59,
2.05e-012,307.842,-11501.3,-6448.73,
2.055e-012,310.764,-11497.2,-6396.7,
2.06e-012,312.742,-11493.5,-6360.55,
2.065e-012,314.046,-11490.7,-6336.28,
2.07e-012,314.858,-11488.9,-6321.18,
2.075e-012,315.256,-11487.6,-6313.37,
2.08e-012,315.288,-11485.9,-6311.17,
2.085e-012,315.049,-11484.1,-6313.21,
2.09e-012,314.62,-11482.4,-6318.61,
2.095e-012,314.022,-11480.6,-6326.6,
2.1e-012,313.337,-11479.4,-6336.65,
2.105e-012,314.907,-11477,-6308.5,
2.11e-012,315.631,-11473.8,-6293.42,
2.115e-012,315.842,-11470.9,-6287.03,
2.12e-012,315.783,-11469.3,-6286.42,
2.125e-012,315.64,-11470.6,-6290.05,
2.13e-012,315.446,-11474.3,-6296.9,
2.135e-012,315.195,-11479.1,-6305.86,
2.14e-012,314.902,-11484.2,-6315.8,
2.145e-012,314.587,-11488.8,-6325.58,
2.15e-012,314.269,-11492.3,-6334.26,
2.155e-012,316.377,-11494,-6301.37,
2.16e-012,317.743,-11493.5,-6278.41,
2.165e-012,318.59,-11489.3,-6260.38,
2.17e-012,319.22,-11483.4,-6244.13,
2.175e-012,319.818,-11477.1,-6228.02,
2.18e-012,320.566,-11473.1,-6211.74,
2.185e-012,321.496,-11472.4,-6195.77,
2.19e-012,322.511,-11473.8,-6180.49,
2.195e-012,323.617,-11477.5,-6166.01,
2.2e-012,324.699,-11481.7,-6152.45,
2.205e-012,328.093,-11484.6,-6099.7,
2.21e-012,330.583,-11485,-6059.18,
2.215e-012,332.518,-11484.1,-6026.53,
2.22e-012,334.036,-11481.6,-5999.11,
2.225e-012,335.274,-11478,-5975.19,
2.23e-012,336.322,-11474,-5953.98,
2.235e-012,337.198,-11469.4,-5935,
2.24e-012,337.959,-11465.1,-5918.25,
2.245e-012,338.54,-11460.1,-5903.71,
2.25e-012,338.994,-11455.1,-5891.25,
2.255e-012,341.745,-11450.5,-5841.53,
2.26e-012,343.578,-11445.9,-5806.8,
2.265e-012,344.699,-11440.6,-5783.14,
2.27e-012,345.264,-11434.3,-5767.51,
2.275e-012,345.451,-11427.7,-5757.83,
2.28e-012,345.388,-11421.8,-5752.98,
2.285e-012,345.148,-11417.1,-5752.29,
2.29e-012,344.763,-11413.9,-5755.33,
2.295e-012,344.284,-11412.4,-5761.67,
2.3e-012,343.725,-11412.6,-5771.14,
2.305e-012,345.483,-11413.8,-5743.45,
2.31e-012,346.493,-11417.6,-5730.62,
2.315e-012,346.916,-11422.1,-5728.26,
2.32e-012,346.944,-11427.3,-5732.92,
2.325e-012,346.661,-11431.6,-5741.92,
2.33e-012,346.1,-11433.2,-5752.66,
2.335e-012,345.466,-11433.3,-5763.25,
2.34e-012,344.833,-11432.3,-5772.59,
2.345e-012,344.283,-11430.7,-5780.05,
2.35e-012,343.885,-11429.5,-5785.37,
2.355e-012,346.09,-11429.5,-5749.16,
2.36e-012,347.671,-11429.9,-5723.65,
2.365e-012,348.911,-11431.5,-5704.86,
2.37e-012,349.963,-11434.2,-5690.31,
2.375e-012,350.915,-11437.8,-5678.27,
2.38e-012,351.835,-11442.3,-5667.64,
2.385e-012,352.665,-11445.7,-5657.46,
2.39e-012,353.434,-11447.5,-5646.68,
2.395e-012,354.142,-11447.2,-5634.69,
2.4e-012,354.731,-11442.8,-5620.62,
2.405e-012,357.689,-11434.9,-5564.25,
2.41e-012,359.931,-11425.2,-5517.74,
2.415e-012,361.764,-11415.3,-5477.76,
2.42e-012,363.419,-11407.6,-5442.82,
2.425e-012,364.999,-11403.3,-5412.65,
2.43e-012,366.449,-11401.8,-5387.31,
2.435e-012,367.78,-11403,-5366.68,
2.44e-012,368.945,-11406.3,-5350.81,
2.445e-012,369.836,-11409.3,-5339.26,
2.45e-012,370.449,-11411.4,-5331.32,
2.455e-012,373.108,-11410,-5286.29,
2.46e-012,374.792,-11406.9,-5255.51,
2.465e-012,375.815,-11403.2,-5234.98,
2.47e-012,376.382,-11399.7,-5222.19,
2.475e-012,376.683,-11398.3,-5215.84,
2.48e-012,376.73,-11398.4,-5215.23,
2.485e-012,376.572,-11400.2,-5219.61,
2.49e-012,376.213,-11403,-5228.3,
2.495e-012,375.717,-11407.3,-5240.67,
2.5e-012,374.965,-11410.1,-5255.83,
2.505e-012,375.1,-11411.5,-5255.07,
2.51e-012,374.715,-11410.9,-5260.76,
2.515e-012,373.919,-11409.3,-5272.23,
2.52e-012,372.918,-11409.4,-5288.77,
2.525e-012,371.716,-11410.6,-5309.68,
2.53e-012,370.32,-11412.1,-5334.07,
2.535e-012,368.696,-11412.3,-5360.93,
2.54e-012,366.845,-11410.1,-5389.16,
2.545e-012,364.781,-11404.7,-5417.61,
2.55e-012,362.521,-11395.1,-5445.12,
2.555e-012,360.266,-11383.6,-5470.59,
2.56e-012,358.221,-11372.5,-5493.11,
2.565e-012,356.532,-11363.7,-5511.97,
2.57e-012,355.286,-11357.9,-5526.61,
2.575e-012,354.562,-11356,-5536.61,
2.58e-012,354.255,-11356,-5541.66,
2.585e-012,354.199,-11354.8,-5541.43,
2.59e-012,354.369,-11351.8,-5535.63,
2.595e-012,354.748,-11346.5,-5524.07,
2.6e-012,355.364,-11339.2,-5506.7,
2.605e-012,356.279,-11331.2,-5483.65,
2.61e-012,357.539,-11323.5,-5455.26,
2.615e-012,359.176,-11317.1,-5422,
2.62e-012,361.149,-11312,-5384.53,
2.625e-012,363.47,-11309.2,-5343.59,
2.63e-012,366.133,-11309.3,-5300.07,
2.635e-012,369.158,-11313.9,-5254.96,
2.64e-012,372.415,-11321.7,-5209.36,
2.645e-012,375.822,-11332.6,-5164.32,
2.65e-012,379.19,-11344.5,-5120.88,
2.655e-012,382.317,-11354.8,-5079.94,
2.66e-012,385.116,-11363.1,-5042.3,
2.665e-012,387.372,-11366.5,-5008.64,
2.67e-012,389.013,-11364.3,-4979.47,
2.675e-012,390.026,-11356.6,-4955.21,
2.68e-012,390.497,-11345.4,-4936.18,
2.685e-012,390.665,-11334.7,-4922.73,
2.69e-012,390.635,-11326.7,-4915.26,
2.695e-012,390.383,-11321.3,-4914.01,
2.7e-012,389.861,-11317.8,-4919.03,
2.705e-012,389.114,-11316.6,-4930.18,
2.71e-012,388.114,-11317.2,-4947.17,
2.715e-012,386.873,-11319.2,-4969.52,
2.72e-012,385.351,-11321.3,-4996.57,
2.725e-012,383.502,-11321.8,-5027.47,
2.73e-012,381.472,-11322.4,-5061.31,
2.735e-012,379.28,-11322.2,-5097.1,
2.74e-012,376.962,-11320.8,-5133.8,
2.745e-012,374.623,-11319,-5170.39,
2.75e-012,372.377,-11317.6,-5205.88,
2.755e-012,370.263,-11316.5,-5239.38,
2.76e-012,368.307,-11315,-5270,
2.765e-012,366.661,-11314.9,-5297,
2.77e-012,365.448,-11317.8,-5319.78,
2.775e-012,364.703,-11323.8,-5337.94,
2.78e-012,364.306,-11330.4,-5351.12,
2.785e-012,364.215,-11336.8,-5358.97,
2.79e-012,364.396,-11342,-5361.28,
2.795e-012,364.764,-11344.7,-5357.87,
2.8e-012,365.337,-11344.9,-5348.67,
2.805e-012,366.091,-11342.4,-5333.79,
2.81e-012,366.896,-11335.2,-5313.36,
2.815e-012,367.867,-11325.4,-5287.69,
2.82e-012,369.105,-11315.3,-5257.24,
2.825e-012,370.798,-11308.6,-5222.79,
2.83e-012,372.914,-11305.9,-5185.32,
2.835e-012,375.326,-11306,-5145.8,
2.84e-012,377.861,-11307.1,-5105.28,
2.845e-012,380.388,-11307.9,-5064.68,
2.85e-012,382.754,-11307,-5024.93,
2.855e-012,384.974,-11305.4,-4986.86,
2.86e-012,386.956,-11302.4,-4951.37,
2.865e-012,388.578,-11296.9,-4919.24,
2.87e-012,389.932,-11291.1,-4891.17,
2.875e-012,391.037,-11285.9,-4867.87,
2.88e-012,391.891,-11282,-4849.96,
2.885e-012,392.579,-11281.3,-4837.99,
2.89e-012,393.13,-11284.8,-4832.4,
2.895e-012,393.493,-11291.8,-4833.49,
2.9e-012,393.543,-11300.4,-4841.3,
2.905e-012,393.268,-11310.3,-4855.64,
2.91e-012,392.634,-11320.4,-4876.13,
2.915e-012,391.534,-11328.4,-4902.18,
2.92e-012,389.842,-11331.3,-4932.88,
2.925e-012,387.684,-11330.2,-4967.21,
2.93e-012,385.243,-11327.1,-5004.13,
2.935e-012,382.7,-11323.8,-5042.64,
2.94e-012,380.253,-11322.8,-5081.8,
2.945e-012,377.953,-11324,-5120.76,
2.95e-012,375.775,-11326.2,-5158.63,
2.955e-012,373.748,-11328.8,-5194.53,
2.96e-012,371.868,-11331,-5227.58,
2.965e-012,370.24,-11333.7,-5257.04,
2.97e-012,368.853,-11336.2,-5282.28,
2.975e-012,367.635,-11336.6,-5302.64,
2.98e-012,366.602,-11334.6,-5317.6,
2.985e-012,365.821,-11330.9,-5326.74,
2.99e-012,365.245,-11324.5,-5329.8,
2.995e-012,365.03,-11317.9,-5326.69,
3e-012,365.338,-11313.8,-5317.53,
3.005e-012,366.072,-11311,-5302.69,
3.01e-012,367.11,-11307.9,-5282.52,
3.015e-012,368.336,-11302.9,-5257.44,
3.02e-012,369.719,-11296,-5227.9,
3.025e-012,371.428,-11290.7,-5194.55,
3.03e-012,373.46,-11287.8,-5158.26,
3.035e-012,375.92,-11289.9,-5119.98,
3.04e-012,378.805,-11298.2,-5080.9,
3.045e-012,381.904,-11310.3,-5042.13,
3.05e-012,385.014,-11323.9,-5004.73,
3.055e-012,387.915,-11336.4,-4969.6,
3.06e-012,390.393,-11345,-4937.53,
3.065e-012,392.327,-11348.3,-4909.11,
3.07e-012,393.569,-11344.4,-4884.78,
3.075e-012,394.071,-11332.7,-4864.86,
3.08e-012,394.012,-11316.5,-4849.61,
3.085e-012,393.62,-11299.8,-4839.38,
3.09e-012,393.121,-11286.7,-4834.51,
3.095e-012,392.512,-11277.6,-4835.39,
3.1e-012,391.642,-11270.1,-4842.11,
3.105e-012,390.485,-11263.5,-4854.49,
3.11e-012,389.163,-11259.6,-4872.28,
3.115e-012,387.695,-11258.3,-4895.09,
3.12e-012,386.13,-11259.9,-4922.37,
3.125e-012,384.51,-11264.4,-4953.49,
3.13e-012,382.719,-11269.2,-4987.69,
3.135e-012,380.559,-11270,-5023.93,
3.14e-012,378.155,-11267.6,-5061.04,
3.145e-012,375.709,-11264.4,-5097.95,
3.15e-012,373.497,-11263.9,-5133.73,
3.155e-012,371.749,-11269.1,-5167.67,
3.16e-012,370.4,-11278.5,-5199.18,
3.165e-012,369.219,-11287.5,-5227.57,
3.17e-012,368.051,-11292.8,-5252.04,
3.175e-012,367.011,-11295.5,-5271.82,
3.18e-012,366.334,-11299,-5286.44,
3.185e-012,365.952,-11301.9,-5295.61,
3.19e-012,365.756,-11302.1,-5299.02,
3.195e-012,365.756,-11299.6,-5296.48,
3.2e-012,365.947,-11294.2,-5287.92,
3.205e-012,366.464,-11288.2,-5273.48,
3.21e-012,367.563,-11286.3,-5253.54,
3.215e-012,369.199,-11288.4,-5228.78,
3.22e-012,371.131,-11291.2,-5199.87,
3.225e-012,373.039,-11290,-5167.4,
3.23e-012,374.681,-11281.4,-5131.85,
3.235e-012,376.274,-11269.5,-5093.75,
3.24e-012,378.051,-11258.9,-5053.96,
3.245e-012,380.162,-11253.1,-5013.59,
3.25e-012,382.628,-11253.9,-4973.88,
3.255e-012,385.299,-11259.9,-4936.08,
3.26e-012,387.989,-11269.3,-4901.34,
3.265e-012,390.445,-11278.9,-4870.57,
3.27e-012,392.576,-11287.8,-4844.5,
3.275e-012,394.364,-11296.5,-4823.83,
3.28e-012,395.843,-11306,-4809.05,
3.285e-012,396.881,-11314.6,-4800.6,
3.29e-012,397.398,-11321.1,-4798.65,
3.295e-012,397.367,-11325.1,-4803.17,
3.3e-012,396.695,-11324.8,-4813.95,
3.305e-012,395.507,-11321.9,-4830.51,
3.31e-012,394.004,-11319.2,-4852.42,
3.315e-012,392.226,-11316.7,-4879.14,
3.32e-012,390.296,-11315.9,-4910.03,
3.325e-012,388.319,-11317.9,-4944.43,
3.33e-012,386.218,-11320.5,-4981.55,
3.335e-012,383.955,-11322.3,-5020.46,
3.34e-012,381.56,-11322.6,-5060.11,
3.345e-012,379.129,-11322.1,-5099.5,
3.35e-012,376.906,-11323.8,-5137.69,
3.355e-012,375.036,-11329.4,-5173.96,
3.36e-012,373.779,-11342.5,-5207.75,
3.365e-012,373.112,-11362.5,-5238.65,
3.37e-012,372.719,-11383.6,-5266.19,
3.375e-012,372.368,-11401.3,-5289.7,
3.38e-012,371.771,-11410.3,-5308.43,
3.385e-012,370.812,-11407.6,-5321.55,
3.39e-012,369.728,-11396.7,-5328.4,
3.395e-012,368.922,-11383.7,-5328.64,
3.4e-012,368.684,-11373.6,-5322.45,
3.405e-012,369.096,-11368.2,-5310.25,
3.41e-012,370.101,-11367,-5292.59,
3.415e-012,371.709,-11371,-5270.18,
3.42e-012,373.876,-11380.2,-5243.82,
3.425e-012,376.195,-11388.7,-5214.25,
3.43e-012,378.391,-11392.5,-5182.07,
3.435e-012,380.427,-11391.7,-5147.83,
3.44e-012,382.198,-11385.1,-5112.12,
3.445e-012,383.792,-11374.7,-5075.62,
3.45e-012,385.521,-11366.7,-5039.25,
3.455e-012,387.483,-11363.9,-5004.17,
3.46e-012,389.438,-11363.3,-4971.48,
3.465e-012,391.328,-11365,-4942.18,
3.47e-012,393.023,-11367.8,-4917.14,
3.475e-012,394.312,-11368.8,-4897.05,
3.48e-012,395.04,-11366,-4882.32,
3.485e-012,395.075,-11357.4,-4873.12,
3.49e-012,394.625,-11346.4,-4869.52,
3.495e-012,393.809,-11335.1,-4871.58,
3.5e-012,392.9,-11327.9,-4879.33,
3.505e-012,392.036,-11327.3,-4892.84,
3.51e-012,391.027,-11329.9,-4912,
3.515e-012,389.79,-11333.9,-4936.36,
3.52e-012,388.151,-11335.9,-4965.27,
3.525e-012,385.958,-11332.4,-4997.75,
3.53e-012,383.422,-11325.7,-5032.7,
3.535e-012,380.943,-11321.6,-5069.2,
3.54e-012,378.76,-11323,-5106.51,
3.545e-012,376.842,-11329,-5143.93,
3.55e-012,375.139,-11337.8,-5180.67,
3.555e-012,373.573,-11347.3,-5215.87,
3.56e-012,372.085,-11355.7,-5248.68,
3.565e-012,370.602,-11360.8,-5278.2,
3.57e-012,369.238,-11363.8,-5303.59,
3.575e-012,368.071,-11365.3,-5324.17,
3.58e-012,367.183,-11366,-5339.46,
3.585e-012,366.72,-11368,-5349.13,
3.59e-012,366.66,-11371,-5353.09,
3.595e-012,366.891,-11373,-5351.29,
3.6e-012,367.426,-11374.2,-5343.74,
3.605e-012,368.499,-11378.8,-5330.72,
3.61e-012,370.216,-11389.1,-5312.8,
3.615e-012,372.252,-11400.3,-5290.59,
3.62e-012,374.206,-11406.3,-5264.53,
3.625e-012,375.941,-11405.2,-5234.91,
3.63e-012,377.693,-11401.3,-5202.24,
3.635e-012,379.534,-11396.5,-5167.24,
3.64e-012,381.531,-11392.8,-5130.81,
3.645e-012,383.693,-11391.5,-5094,
3.65e-012,385.557,-11385.8,-5057.72,
3.655e-012,387.059,-11375.4,-5022.67,
3.66e-012,388.226,-11361.5,-4989.61,
3.665e-012,389.283,-11348.5,-4959.28,
3.67e-012,390.442,-11340.9,-4932.65,
3.675e-012,391.782,-11341,-4910.72,
3.68e-012,393.073,-11345.8,-4894.39,
3.685e-012,393.979,-11350.5,-4884.16,
3.69e-012,394.374,-11353,-4880.15,
3.695e-012,394.537,-11357.9,-4882.48,
3.7e-012,394.614,-11368,-4891.26,
3.705e-012,394.345,-11378.7,-4906.37,
3.71e-012,393.697,-11389.1,-4927.43,
3.715e-012,392.604,-11397.6,-4953.86,
3.72e-012,391.134,-11404.5,-4984.85,
3.725e-012,389.516,-11412.7,-5019.63,
3.73e-012,387.848,-11423.1,-5057.4,
3.735e-012,386.125,-11434.8,-5097.36,
3.74e-012,384.24,-11445,-5138.54,
3.745e-012,381.959,-11448.8,-5179.79,
3.75e-012,379.063,-11441.2,-5219.69,
3.755e-012,375.722,-11423.5,-5256.82,
3.76e-012,372.289,-11400.3,-5290.01,
3.765e-012,369.024,-11375.1,-5318.35,
3.77e-012,366.308,-11353.4,-5341.28,
3.775e-012,364.42,-11339.8,-5358.61,
3.78e-012,363.592,-11338,-5370.4,
3.785e-012,363.883,-11349.4,-5377.04,
3.79e-012,364.726,-11365,-5378.78,
3.795e-012,365.783,-11379.1,-5375.56,
3.8e-012,366.964,-11390.3,-5367.32,
3.805e-012,368.012,-11394.2,-5354.03,
3.81e-012,368.648,-11386.1,-5335.5,
3.815e-012,368.931,-11366.8,-5311.58,
3.82e-012,369.13,-11340.8,-5282.36,
3.825e-012,369.774,-11317.5,-5248.45,
3.83e-012,371.184,-11303.1,-5210.88,
3.835e-012,373.55,-11302.1,-5171.06,
3.84e-012,376.584,-11311.3,-5130.52,
3.845e-012,379.449,-11318.2,-5090.34,
3.85e-012,381.824,-11318,-5051.15,
3.855e-012,383.779,-11312.5,-5013.58,
3.86e-012,385.366,-11303.2,-4978.25,
3.865e-012,387.035,-11298.4,-4946.02,
3.87e-012,389.002,-11302.6,-4918.01,
3.875e-012,391.058,-11313.7,-4895.32,
3.88e-012,393.037,-11329.6,-4878.7,
3.885e-012,394.978,-11351.5,-4868.81,
3.89e-012,396.781,-11378.5,-4866.16,
3.895e-012,398.029,-11403.7,-4870.93,
3.9e-012,398.226,-11418.7,-4882.66,
3.905e-012,397.437,-11423.7,-4900.58,
3.91e-012,395.961,-11422.7,-4923.88,
3.915e-012,393.992,-11418.3,-4951.77,
3.92e-012,391.662,-11411.8,-4983.51,
3.925e-012,388.986,-11402.5,-5018.17,
3.93e-012,386.192,-11393.3,-5054.84,
3.935e-012,383.583,-11388.4,-5092.73,
3.94e-012,381.219,-11388.1,-5131.16,
3.945e-012,379.016,-11390.1,-5169.39,
3.95e-012,376.974,-11393.8,-5206.56,
3.955e-012,375.265,-11401.1,-5241.94,
3.96e-012,373.757,-11409.3,-5274.86,
3.965e-012,372.243,-11414.1,-5304.51,
3.97e-012,370.734,-11414.9,-5330.05,
3.975e-012,369.292,-11411.9,-5350.78,
3.98e-012,368.096,-11407.6,-5366.13,
3.985e-012,367.088,-11400.7,-5375.77,
3.99e-012,366.335,-11391.9,-5379.34,
3.995e-012,366.103,-11385.6,-5376.84,
4e-012,366.384,-11381.9,-5368.46,
4.005e-012,367.285,-11382.8,-5354.59,
4.01e-012,368.585,-11385.3,-5335.75,
4.015e-012,369.844,-11382.4,-5312.23,
4.02e-012,371.198,-11376.7,-5284.3,
4.025e-012,372.91,-11373.1,-5252.63,
4.03e-012,375.057,-11373.9,-5218.09,
4.035e-012,377.345,-11375,-5181.69,
4.04e-012,379.317,-11369.8,-5144.13,
4.045e-012,380.949,-11358.4,-5105.95,
4.05e-012,382.525,-11346.3,-5067.94,
4.055e-012,384.159,-11336.2,-5031.06,
4.06e-012,386.124,-11333.9,-4996.47,
4.065e-012,388.312,-11338.7,-4965.37,
4.07e-012,390.664,-11350.8,-4938.86,
4.075e-012,392.986,-11367.9,-4917.89,
4.08e-012,394.879,-11384.2,-4903.11,
4.085e-012,395.982,-11393.9,-4894.69,
4.09e-012,396.149,-11394.4,-4892.43,
4.095e-012,395.513,-11387.5,-4896.05,
4.1e-012,394.546,-11380.9,-4905.25,
4.105e-012,393.539,-11379.1,-4919.99,
4.11e-012,392.56,-11383.2,-4940.17,
4.115e-012,391.288,-11387.6,-4965.46,
4.12e-012,389.568,-11389.1,-4995.13,
4.125e-012,387.21,-11383.4,-5028.16,
4.13e-012,384.501,-11374.1,-5063.39,
4.135e-012,382.038,-11370.3,-5099.97,
4.14e-012,379.877,-11372.1,-5137.28,
4.145e-012,377.816,-11375.6,-5174.58,
4.15e-012,375.86,-11379.9,-5210.97,
4.155e-012,373.909,-11382.4,-5245.54,
4.16e-012,371.931,-11381.8,-5277.34,
4.165e-012,369.957,-11377.5,-5305.48,
4.17e-012,367.948,-11368.2,-5329.08,
4.175e-012,366.069,-11355.7,-5347.42,
4.18e-012,364.542,-11343.2,-5360.03,
4.185e-012,363.257,-11328.7,-5366.6,
4.19e-012,362.455,-11315.9,-5366.95,
4.195e-012,362.251,-11306.8,-5361.23,
4.2e-012,362.688,-11302.5,-5349.74,
4.205e-012,363.645,-11301.4,-5332.93,
4.21e-012,364.853,-11299.4,-5311.12,
4.215e-012,366.487,-11299.9,-5284.78,
4.22e-012,368.716,-11306.3,-5254.62,
4.225e-012,371.597,-11320.5,-5221.59,
4.23e-012,375.251,-11345.8,-5186.87,
4.235e-012,379.149,-11374.5,-5151.61,
4.24e-012,382.615,-11396.3,-5116.47,
4.245e-012,385.504,-11409.1,-5081.9,
4.25e-012,387.674,-11411.1,-5048.29,
4.255e-012,389.252,-11404.8,-5016.09,
4.26e-012,390.59,-11396.6,-4985.89,
4.265e-012,391.922,-11391.1,-4958.57,
4.27e-012,393.347,-11391.1,-4935.11,
4.275e-012,394.753,-11395.4,-4916.41,
4.28e-012,395.785,-11399.1,-4903.1,
4.285e-012,396.407,-11401.7,-4895.5,
4.29e-012,396.897,-11408.1,-4893.91,
4.295e-012,397.014,-11414.7,-4898.56,
4.3e-012,396.411,-11415.4,-4909.22,
4.305e-012,395.381,-11414.8,-4925.43,
4.31e-012,394.184,-11416.6,-4946.91,
4.315e-012,392.591,-11416.7,-4973.13,
4.32e-012,390.551,-11413.4,-5003.34,
4.325e-012,388.041,-11405.4,-5036.58,
4.33e-012,385.139,-11393.1,-5071.88,
4.335e-012,381.816,-11374.7,-5108.03,
4.34e-012,378.711,-11359.8,-5144.07,
4.345e-012,376.393,-11357.2,-5179.53,
4.35e-012,374.499,-11360.6,-5214.03,
4.355e-012,372.957,-11368.2,-5246.89,
4.36e-012,371.926,-11381.9,-5277.56,
4.365e-012,370.952,-11393.8,-5305.44,
4.37e-012,369.875,-11400.4,-5329.67,
4.375e-012,368.63,-11399.7,-5349.39,
4.38e-012,367.166,-11390,-5363.78,
4.385e-012,365.85,-11376.8,-5372.18,
4.39e-012,365.106,-11366.9,-5374.48,
4.395e-012,365.399,-11368.2,-5370.96,
4.4e-012,366.75,-11381.8,-5362.36,
4.405e-012,368.356,-11394.9,-5349.18,
4.41e-012,369.563,-11397,-5331.4,
4.415e-012,370.413,-11388.4,-5308.83,
4.42e-012,371.285,-11375.5,-5281.63,
4.425e-012,372.728,-11368,-5250.48,
4.43e-012,374.617,-11365,-5216.44,
4.435e-012,376.408,-11358.2,-5180.28,
4.44e-012,378.232,-11350.5,-5142.69,
4.445e-012,380.01,-11341.6,-5104.57,
4.45e-012,381.816,-11333.5,-5066.77,
4.455e-012,384.049,-11333.7,-5030.38,
4.46e-012,386.668,-11343.1,-4996.75,
4.465e-012,389.369,-11357.7,-4967.06,
4.47e-012,391.894,-11374.3,-4942.16,
4.475e-012,393.936,-11388.3,-4922.69,
4.48e-012,395.317,-11397.2,-4908.95,
4.485e-012,396.066,-11401.7,-4901.1,
4.49e-012,396.212,-11402.1,-4899.15,
4.495e-012,395.609,-11396,-4902.98,
4.5e-012,394.519,-11387.5,-4912.29,
4.505e-012,393.334,-11382.6,-4926.85,
4.51e-012,392.254,-11384.7,-4946.66,
4.515e-012,391.141,-11391.2,-4971.47,
4.52e-012,389.752,-11397.7,-5000.72,
4.525e-012,387.825,-11398.8,-5033.52,
4.53e-012,385.287,-11392.4,-5068.69,
4.535e-012,382.735,-11386.9,-5105.13,
4.54e-012,380.757,-11391.5,-5142.19,
4.545e-012,378.992,-11399.7,-5179.39,
4.55e-012,377.46,-11411.1,-5215.89,
4.555e-012,376.014,-11422.5,-5251.01,
4.56e-012,373.996,-11422,-5283.63,
4.565e-012,371.615,-11411.7,-5312.4,
4.57e-012,369.743,-11405.2,-5336.61,
4.575e-012,368.161,-11398.4,-5355.86,
4.58e-012,366.789,-11389.4,-5369.35,
4.585e-012,365.964,-11384,-5377.47,
4.59e-012,365.498,-11378.8,-5379.92,
4.595e-012,364.95,-11366.3,-5376.42,
4.6e-012,364.685,-11352.3,-5366.81,
4.605e-012,365.451,-11349.6,-5351.56,
4.61e-012,366.987,-11354.8,-5331.54,
4.615e-012,368.904,-11362.1,-5307.34,
4.62e-012,371.647,-11379.5,-5279.73,
4.625e-012,375.363,-11410.7,-5249.95,
4.63e-012,378.966,-11438.9,-5219,
4.635e-012,381.553,-11449.4,-5187,
4.64e-012,383.198,-11443.2,-5153.85,
4.645e-012,384.32,-11427.5,-5119.76,
4.65e-012,385.285,-11408.9,-5085.29,
4.655e-012,386.344,-11392.4,-5051.4,
4.66e-012,387.345,-11376.5,-5019.09,
4.665e-012,388.587,-11367.1,-4989.31,
4.67e-012,390.3,-11369.3,-4963.38,
4.675e-012,392.281,-11380.9,-4942.48,
4.68e-012,393.899,-11392.4,-4927.44,
4.685e-012,394.5,-11393.2,-4918.37,
4.69e-012,394.192,-11384.8,-4914.96,
4.695e-012,393.5,-11375.5,-4917.08,
4.7e-012,392.404,-11365.1,-4924.65,
4.705e-012,391.371,-11361,-4937.53,
4.71e-012,390.792,-11369.9,-4955.86,
4.715e-012,390.297,-11385.6,-4979.67,
4.72e-012,389.404,-11399.6,-5008.36,
4.725e-012,388.129,-11411.4,-5041.09,
4.73e-012,386.402,-11418.8,-5076.82,
4.735e-012,384.343,-11422.6,-5114.43,
4.74e-012,381.77,-11418.7,-5152.73,
4.745e-012,379.106,-11412.7,-5190.52,
4.75e-012,376.781,-11411,-5226.97,
4.755e-012,374.878,-11414.2,-5261.43,
4.76e-012,373.642,-11426,-5293.44,
4.765e-012,372.872,-11442.5,-5322.61,
4.77e-012,372.076,-11455.2,-5348.35,
4.775e-012,371.113,-11460.8,-5369.8,
4.78e-012,369.931,-11457.8,-5386.15,
4.785e-012,368.633,-11447,-5396.71,
4.79e-012,367.592,-11434.3,-5401.04,
4.795e-012,367.294,-11427.6,-5399.26,
4.8e-012,367.62,-11425.5,-5391.81,
4.805e-012,368.463,-11426.6,-5379.04,
4.81e-012,369.834,-11431.4,-5361.42,
4.815e-012,371.684,-11440,-5339.58,
4.82e-012,373.869,-11450.4,-5314.15,
4.825e-012,375.973,-11456.5,-5285.71,
4.83e-012,377.475,-11449.9,-5254.47,
4.835e-012,378.615,-11434.8,-5220.7,
4.84e-012,379.635,-11415.8,-5184.94,
4.845e-012,380.856,-11398.9,-5147.98,
4.85e-012,382.91,-11395.8,-5111.16,
4.855e-012,385.409,-11401.7,-5076.05,
4.86e-012,387.863,-11409.7,-5043.74,
4.865e-012,390.241,-11420.1,-5015.15,
4.87e-012,392.375,-11431,-4991.06,
4.875e-012,394.364,-11445.9,-4973.29,
4.88e-012,396.065,-11460.8,-4960.28,
4.885e-012,396.834,-11466.4,-4953.27,
4.89e-012,396.326,-11456.8,-4951.94,
4.895e-012,394.341,-11427.8,-4955.49,
4.9e-012,391.774,-11393.3,-4963.21,
4.905e-012,389.513,-11368.1,-4975.09,
4.91e-012,387.792,-11356.2,-4991.42,
4.915e-012,386.907,-11362.7,-5012.45,
4.92e-012,386.977,-11390,-5038.61,
4.925e-012,387.068,-11422.7,-5069.82,
4.93e-012,386.282,-11445,-5105.02,
4.935e-012,384.719,-11457.1,-5142.72,
4.94e-012,382.881,-11465.8,-5181.61,
4.945e-012,380.34,-11463,-5220.51,
4.95e-012,376.999,-11445.3,-5257.71,
4.955e-012,373.953,-11429.7,-5292.04,
4.96e-012,371.719,-11424,-5323.05,
4.965e-012,369.957,-11422.5,-5350.49,
4.97e-012,368.171,-11416.4,-5373.65,
4.975e-012,366.335,-11404.3,-5391.74,
4.98e-012,365.155,-11397.5,-5404.31,
4.985e-012,364.796,-11398.8,-5411.48,
4.99e-012,364.62,-11397.6,-5413.2,
4.995e-012,364.68,-11394.7,-5409.29,
5e-012,365.102,-11392.1,-5399.79,
5.005e-012,365.763,-